22:11:37 DWARVEN_MINES
22:13:31 NONE
22:13:32 PRIVATE_ISLAND
22:15:02 NONE
22:15:03 HUB
22:15:26 NONE
22:15:27 PRIVATE_ISLAND
22:48:29 NONE
22:48:30 DWARVEN_MINES
22:52:21 NONE
22:52:22 CRYSTAL_HOLLOWS
22:52:51 NONE
22:52:52 HUB
22:52:56 NONE
22:52:56 CRYSTAL_HOLLOWS
23:05:30 NONE
23:05:30 HUB
23:23:48 NONE
23:23:48 CRYSTAL_HOLLOWS
23:54:24 NONE
23:54:24 HUB
23:54:29 NONE
23:54:29 CRYSTAL_HOLLOWS
00:06:34 NONE
00:06:35 PRIVATE_ISLAND
00:43:59 NONE
00:43:59 CRYSTAL_HOLLOWS
01:03:41 NONE
01:03:42 PRIVATE_ISLAND
01:03:56 NONE
01:03:56 CRYSTAL_HOLLOWS
03:59:21 NONE
03:59:22 PRIVATE_ISLAND
04:42:36 NONE
04:42:37 CRYSTAL_HOLLOWS
05:00:35 NONE
05:00:37 PRIVATE_ISLAND
05:05:46 NONE
05:05:47 CRYSTAL_HOLLOWS
05:57:13 NONE
05:57:13 HUB
05:58:02 NONE
05:58:02 PRIVATE_ISLAND
06:14:33 NONE
06:14:33 DWARVEN_MINES
06:29:37 NONE
06:29:38 CRYSTAL_HOLLOWS
07:07:23 NONE
07:07:23 PRIVATE_ISLAND
07:08:37 NONE
07:08:38 HUB
07:36:23 NONE
