23:13:36 PRIVATE_ISLAND
23:14:59 NONE
23:15:00 HUB
23:15:05 NONE
23:15:06 HUB
23:15:09 NONE
23:15:10 HUB
23:15:13 NONE
23:15:14 HUB
23:15:18 NONE
23:15:19 HUB
23:15:22 NONE
23:15:23 HUB
23:15:27 NONE
23:15:28 HUB
23:15:30 NONE
23:15:31 HUB
23:15:34 NONE
23:15:36 HUB
23:15:38 NONE
23:15:40 HUB
23:15:42 NONE
23:15:43 HUB
23:16:21 NONE
23:16:21 DWARVEN_MINES
23:23:50 NONE
23:23:51 HUB
23:25:45 NONE
23:25:45 PRIVATE_ISLAND
23:26:06 NONE
23:26:08 HUB
23:26:11 NONE
23:26:11 PRIVATE_ISLAND
23:26:29 NONE
23:26:29 HUB
23:27:48 NONE
23:27:49 PRIVATE_ISLAND
23:28:05 NONE
23:34:10 PRIVATE_ISLAND
23:35:42 NONE
23:35:42 PRIVATE_ISLAND
23:36:55 NONE
23:36:55 HUB
23:39:10 NONE
23:39:10 PRIVATE_ISLAND
23:43:04 NONE
23:43:04 HUB
23:47:29 NONE
23:47:29 PRIVATE_ISLAND_GUEST
23:58:08 NONE
23:58:09 PRIVATE_ISLAND
00:12:18 NONE
00:12:19 HUB
00:18:40 NONE
00:18:40 DWARVEN_MINES
01:24:14 NONE
01:24:15 MINESHAFT
01:25:14 NONE
01:25:14 DWARVEN_MINES
01:26:07 NONE
01:26:07 MINESHAFT
01:29:05 NONE
01:29:05 DWARVEN_MINES
01:30:08 NONE
01:30:08 MINESHAFT
01:31:46 NONE
01:31:46 DWARVEN_MINES
01:32:48 NONE
01:32:49 GARDEN
01:33:38 NONE
01:33:39 PRIVATE_ISLAND
01:33:56 NONE
01:33:56 HUB
01:34:21 NONE
01:34:21 GARDEN
03:10:58 NONE
03:10:59 DWARVEN_MINES
03:21:04 NONE
03:21:05 PRIVATE_ISLAND
