20:34:47 `Enderman`1196071 missed {
 is already Found: false).
 Position: LorenzVec{x=-0.5, y=100.0, z=52.5}
 DistanceC: 15.560758118408486
Relative Position: LorenzVec{x=4.726567703691961, y=0.0, z=15.560758118408486}
 }
20:34:47 `Chicken`1198266 missed {
 is already Found: false).
 Position: LorenzVec{x=-0.07291666666666667, y=104.0, z=52.291666666666664}
 DistanceC: 15.35242478507515
Relative Position: LorenzVec{x=5.153651037025294, y=4.0, z=15.35242478507515}
 }
20:34:47 `Cow`1197999 missed {
 is already Found: false).
 Position: LorenzVec{x=0.5, y=104.875, z=53.5}
 DistanceC: 16.560758118408486
Relative Position: LorenzVec{x=5.726567703691961, y=4.875, z=16.560758118408486}
 }
20:34:47 `Rabbit`1198317 missed {
 is already Found: false).
 Position: LorenzVec{x=-1.5, y=104.0, z=53.5}
 DistanceC: 16.560758118408486
Relative Position: LorenzVec{x=3.726567703691961, y=4.0, z=16.560758118408486}
 }
20:34:47 `Cow`1195683 missed {
 is already Found: false).
 Position: LorenzVec{x=-1.5, y=104.0, z=56.96875}
 DistanceC: 20.029508118408486
Relative Position: LorenzVec{x=3.726567703691961, y=4.0, z=20.029508118408486}
 }
20:34:47 `Cow`1194546 missed {
 is already Found: false).
 Position: LorenzVec{x=0.375, y=104.875, z=54.78125}
 DistanceC: 17.842008118408486
Relative Position: LorenzVec{x=5.601567703691961, y=4.875, z=17.842008118408486}
 }
20:34:47 `Chicken`1195079 missed {
 is already Found: false).
 Position: LorenzVec{x=-1.5, y=104.0, z=55.5}
 DistanceC: 18.560758118408486
Relative Position: LorenzVec{x=3.726567703691961, y=4.0, z=18.560758118408486}
 }
20:34:47 `Rabbit`1196109 missed {
 is already Found: false).
 Position: LorenzVec{x=-0.5, y=104.0, z=55.5}
 DistanceC: 18.560758118408486
Relative Position: LorenzVec{x=4.726567703691961, y=4.0, z=18.560758118408486}
 }
20:34:47 `Cow`1196673 missed {
 is already Found: false).
 Position: LorenzVec{x=-1.5, y=104.0, z=55.5}
 DistanceC: 18.560758118408486
Relative Position: LorenzVec{x=3.726567703691961, y=4.0, z=18.560758118408486}
 }
20:34:47 `Enderman`1197512 missed {
 is already Found: false).
 Position: LorenzVec{x=-0.41666666666666663, y=100.0, z=56.375}
 DistanceC: 19.435758118408486
Relative Position: LorenzVec{x=4.809901037025294, y=0.0, z=19.435758118408486}
 }
20:34:47 `Enderman`1196447 missed {
 is already Found: false).
 Position: LorenzVec{x=-1.0, y=100.0, z=52.4375}
 DistanceC: 15.498258118408486
Relative Position: LorenzVec{x=4.226567703691961, y=0.0, z=15.498258118408486}
 }
20:34:49 `Enderman`1199027 missed {
 is already Found: false).
 Position: LorenzVec{x=0.34375, y=100.0, z=56.96875}
 DistanceC: 20.029508118408486
Relative Position: LorenzVec{x=5.570317703691961, y=0.0, z=20.029508118408486}
 }
20:34:52 `Cow`1199447 missed {
 is already Found: false).
 Position: LorenzVec{x=-0.5, y=104.0, z=57.5}
 DistanceC: 20.560758118408486
Relative Position: LorenzVec{x=4.726567703691961, y=4.0, z=20.560758118408486}
 }
20:37:39 `Rabbit`1227587 missed {
 is already Found: false).
 Position: LorenzVec{x=2.5, y=104.0, z=52.5}
 DistanceC: 19.565545573446464
Relative Position: LorenzVec{x=-4.904758745966304, y=-0.6769322131301294, z=19.565545573446464}
 }
20:37:56 `§bSam `1188650 missed {
 is already Found: false).
 Position: LorenzVec{x=6.5, y=99.0, z=20.5}
 DistanceC: 11.735472023589992
Relative Position: LorenzVec{x=-6.85514215909247, y=-6.970441480937453, z=-11.735472023589992}
 }
20:39:59 `§bSam `1188650 missed {
 is already Found: false).
 Position: LorenzVec{x=6.5, y=99.0, z=20.5}
 DistanceC: 20.012842662205856
Relative Position: LorenzVec{x=18.66458634709268, y=-7.09935711385296, z=-20.012842662205856}
 }
20:40:42 `§bSam `1188650 missed {
 is already Found: false).
 Position: LorenzVec{x=6.5, y=99.0, z=20.5}
 DistanceC: 5.2925462504693055
Relative Position: LorenzVec{x=-5.2925462504693055, y=-7.1315633992116005, z=-3.2919628181338467}
 }
20:42:29 `Blaze`1255993 missed {
 is already Found: false).
 Position: LorenzVec{x=31.65625, y=106.0, z=6.46875}
 DistanceC: 19.590779761553232
Relative Position: LorenzVec{x=19.590779761553232, y=0.01698264870825028, z=6.299964126600638}
 }
20:42:29 `Blaze`1248453 missed {
 is already Found: false).
 Position: LorenzVec{x=32.625, y=106.0, z=7.5625}
 DistanceC: 20.928027836892877
Relative Position: LorenzVec{x=20.928027836892877, y=6.0, z=12.427930037186599}
 }
20:43:28 `§bSam `1188650 missed {
 is already Found: false).
 Position: LorenzVec{x=6.5, y=99.0, z=20.5}
 DistanceC: 9.655291435332806
Relative Position: LorenzVec{x=-9.655291435332806, y=-1.8222582798288585, z=-7.767730248541735}
 }
20:44:20 `§bSam `1188650 missed {
 is already Found: false).
 Position: LorenzVec{x=6.5, y=99.0, z=20.5}
 DistanceC: 11.700047303500487
Relative Position: LorenzVec{x=-11.700047303500487, y=-3.3908394946300433, z=-8.957826409702857}
 }
20:44:36 `§bSam `1188650 missed {
 is already Found: false).
 Position: LorenzVec{x=6.5, y=99.0, z=20.5}
 DistanceC: 21.713571690550502
Relative Position: LorenzVec{x=-3.191244532714908, y=-1.0, z=-21.713571690550502}
 }
20:46:02 `§bSam `1188650 missed {
 is already Found: false).
 Position: LorenzVec{x=6.5, y=99.0, z=20.5}
 DistanceC: 11.061433802742808
Relative Position: LorenzVec{x=-11.061433802742808, y=-3.641367993957516, z=-9.480470091388955}
 }
20:46:42 `§bSam `1188650 missed {
 is already Found: false).
 Position: LorenzVec{x=6.5, y=99.0, z=20.5}
 DistanceC: 18.169041143000236
Relative Position: LorenzVec{x=-15.758048192524953, y=-6.132993659646488, z=-18.169041143000236}
 }
20:47:02 `§bSam `1188650 missed {
 is already Found: false).
 Position: LorenzVec{x=6.5, y=99.0, z=20.5}
 DistanceC: 3.5284329006033257
Relative Position: LorenzVec{x=-3.5284329006033257, y=-8.784303310172447, z=-2.2009996535885072}
 }
20:47:32 `§bSam `1188650 missed {
 is already Found: false).
 Position: LorenzVec{x=6.5, y=99.0, z=20.5}
 DistanceC: 4.503098773280964
Relative Position: LorenzVec{x=-4.503098773280964, y=-8.132993659646488, z=-2.712522999578887}
 }
20:47:56 `Scion `1188220 missed {
 is already Found: false).
 Position: LorenzVec{x=-12.5, y=74.5, z=-41.3125}
 DistanceC: 15.297981531242662
Relative Position: LorenzVec{x=-11.914536275319051, y=-26.5, z=-15.297981531242662}
 }
20:47:56 `Cave Spider`1328716 missed {
 is already Found: false).
 Position: LorenzVec{x=-3.375, y=100.5, z=-41.375}
 DistanceC: 15.360481531242662
Relative Position: LorenzVec{x=-2.789536275319051, y=-0.5, z=-15.360481531242662}
 }
20:47:56 `Cave Spider`1343770 missed {
 is already Found: false).
 Position: LorenzVec{x=-3.375, y=100.0625, z=-41.375}
 DistanceC: 15.360481531242662
Relative Position: LorenzVec{x=-2.789536275319051, y=-0.9375, z=-15.360481531242662}
 }
20:47:56 `Cave Spider`1356170 missed {
 is already Found: false).
 Position: LorenzVec{x=-3.375, y=100.5, z=-41.375}
 DistanceC: 15.360481531242662
Relative Position: LorenzVec{x=-2.789536275319051, y=-0.5, z=-15.360481531242662}
 }
20:47:56 `Cave Spider`1366288 missed {
 is already Found: false).
 Position: LorenzVec{x=-3.375, y=100.5, z=-41.375}
 DistanceC: 15.360481531242662
Relative Position: LorenzVec{x=-2.789536275319051, y=-0.5, z=-15.360481531242662}
 }
20:47:56 `Scion `1197801 missed {
 is already Found: false).
 Position: LorenzVec{x=3.2291666666666665, y=99.0, z=-41.614583333333336}
 DistanceC: 15.600064864575998
Relative Position: LorenzVec{x=3.814630391347615, y=-2.0, z=-15.600064864575998}
 }
20:47:56 `Scion `1241676 missed {
 is already Found: false).
 Position: LorenzVec{x=5.0, y=99.0, z=-43.125}
 DistanceC: 17.110481531242662
Relative Position: LorenzVec{x=5.585463724680949, y=-2.0, z=-17.110481531242662}
 }
20:47:56 `Scion `1196632 missed {
 is already Found: false).
 Position: LorenzVec{x=-10.354166666666666, y=74.0, z=-43.4375}
 DistanceC: 17.422981531242662
Relative Position: LorenzVec{x=-9.768702941985717, y=-27.0, z=-17.422981531242662}
 }
20:47:56 `Scion `1223701 missed {
 is already Found: false).
 Position: LorenzVec{x=-0.125, y=99.0, z=-43.4375}
 DistanceC: 17.422981531242662
Relative Position: LorenzVec{x=0.46046372468094865, y=-2.0, z=-17.422981531242662}
 }
20:47:56 `Scion `1267515 missed {
 is already Found: false).
 Position: LorenzVec{x=-0.21875, y=99.0, z=-43.34375}
 DistanceC: 17.329231531242662
Relative Position: LorenzVec{x=0.36671372468094865, y=-2.0, z=-17.329231531242662}
 }
20:47:56 `Cave Spider`1295628 missed {
 is already Found: false).
 Position: LorenzVec{x=-5.96875, y=99.0, z=-43.625}
 DistanceC: 17.610481531242662
Relative Position: LorenzVec{x=-5.383286275319051, y=-2.0, z=-17.610481531242662}
 }
20:47:56 `Scion `1349644 missed {
 is already Found: false).
 Position: LorenzVec{x=-0.03125, y=99.0, z=-43.40625}
 DistanceC: 17.391731531242662
Relative Position: LorenzVec{x=0.5542137246809486, y=-2.0, z=-17.391731531242662}
 }
20:47:56 `Scion `1188231 missed {
 is already Found: false).
 Position: LorenzVec{x=8.09375, y=74.0, z=-46.40625}
 DistanceC: 20.391731531242662
Relative Position: LorenzVec{x=8.679213724680949, y=-27.0, z=-20.391731531242662}
 }
20:47:56 `Scion `1196620 missed {
 is already Found: false).
 Position: LorenzVec{x=2.65625, y=99.0, z=-46.0625}
 DistanceC: 20.047981531242662
Relative Position: LorenzVec{x=3.241713724680949, y=-2.0, z=-20.047981531242662}
 }
20:47:56 `Scion `1196633 missed {
 is already Found: false).
 Position: LorenzVec{x=-3.65625, y=99.0, z=-46.21875}
 DistanceC: 20.204231531242662
Relative Position: LorenzVec{x=-3.070786275319051, y=-2.0, z=-20.204231531242662}
 }
20:47:56 `Scion `1237248 missed {
 is already Found: false).
 Position: LorenzVec{x=-22.5, y=75.12962962962963, z=-41.3125}
 DistanceC: 21.91453627531905
Relative Position: LorenzVec{x=-21.91453627531905, y=-25.870370370370367, z=-15.297981531242662}
 }
20:47:56 `Scion `1276331 missed {
 is already Found: false).
 Position: LorenzVec{x=2.5625, y=99.0, z=-46.0625}
 DistanceC: 20.047981531242662
Relative Position: LorenzVec{x=3.147963724680949, y=-2.0, z=-20.047981531242662}
 }
20:47:56 `Scion `1355600 missed {
 is already Found: false).
 Position: LorenzVec{x=2.65625, y=99.0, z=-46.0625}
 DistanceC: 20.047981531242662
Relative Position: LorenzVec{x=3.241713724680949, y=-2.0, z=-20.047981531242662}
 }
20:47:56 `Scion `1188218 missed {
 is already Found: false).
 Position: LorenzVec{x=-3.53125, y=74.0, z=-46.75}
 DistanceC: 20.735481531242662
Relative Position: LorenzVec{x=-2.945786275319051, y=-27.0, z=-20.735481531242662}
 }
20:47:56 `Scion `1276342 missed {
 is already Found: false).
 Position: LorenzVec{x=-5.71875, y=99.0, z=-47.03125}
 DistanceC: 21.016731531242662
Relative Position: LorenzVec{x=-5.133286275319051, y=-2.0, z=-21.016731531242662}
 }
20:47:56 `Scion `1237247 missed {
 is already Found: false).
 Position: LorenzVec{x=5.53125, y=99.0, z=-47.9375}
 DistanceC: 21.922981531242662
Relative Position: LorenzVec{x=6.116713724680949, y=-2.0, z=-21.922981531242662}
 }
20:47:57 `Scion `1188236 missed {
 is already Found: false).
 Position: LorenzVec{x=-8.90625, y=74.0, z=-46.53125}
 DistanceC: 20.516731531242662
Relative Position: LorenzVec{x=-8.320786275319051, y=-27.0, z=-20.516731531242662}
 }
20:48:51 `§bSam `1188650 missed {
 is already Found: false).
 Position: LorenzVec{x=6.5, y=99.0, z=20.5}
 DistanceC: 4.551611510302541
Relative Position: LorenzVec{x=-4.551611510302541, y=-7.676932213130129, z=-4.200820432574972}
 }
20:49:05 `§bSam `1188650 missed {
 is already Found: false).
 Position: LorenzVec{x=6.5, y=99.0, z=20.5}
 DistanceC: 3.2959394252053276
Relative Position: LorenzVec{x=-3.2959394252053276, y=-8.98301735129175, z=-1.1694222517237058}
 }
20:49:19 `§bSam `1188650 missed {
 is already Found: false).
 Position: LorenzVec{x=6.5, y=99.0, z=20.5}
 DistanceC: 11.151797684407324
Relative Position: LorenzVec{x=-11.151797684407324, y=-4.078815772674403, z=-9.091985560938426}
 }
20:49:33 `§bSam `1188650 missed {
 is already Found: false).
 Position: LorenzVec{x=6.5, y=99.0, z=20.5}
 DistanceC: 19.821442962486017
Relative Position: LorenzVec{x=15.22496929904446, y=-3.0625, z=19.821442962486017}
 }
20:51:04 `§bSam `1188650 missed {
 is already Found: false).
 Position: LorenzVec{x=6.5, y=99.0, z=20.5}
 DistanceC: 7.298066144700684
Relative Position: LorenzVec{x=-7.298066144700684, y=-3.0, z=-5.453709016453086}
 }
20:54:14 `§bSam `1188650 missed {
 is already Found: false).
 Position: LorenzVec{x=6.5, y=99.0, z=20.5}
 DistanceC: 13.498717281868473
Relative Position: LorenzVec{x=-7.237980351194709, y=-6.501533884405319, z=-13.498717281868473}
 }
20:54:19 `Blaze`1430050 missed {
 is already Found: false).
 Position: LorenzVec{x=35.625, y=106.0, z=11.5}
 DistanceC: 19.98221898659051
Relative Position: LorenzVec{x=19.98221898659051, y=4.0, z=-14.295047677951896}
 }
20:54:19 `Blaze`1422379 missed {
 is already Found: false).
 Position: LorenzVec{x=32.75, y=106.0, z=10.28125}
 DistanceC: 19.568046680161675
Relative Position: LorenzVec{x=19.568046680161675, y=1.2344239169087388, z=-14.389704463873692}
 }
22:41:39 `Creeper`6178208 missed {
 is already Found: false).
 Position: LorenzVec{x=0.03125, y=99.0, z=-36.59375}
 DistanceC: 15.873731155983293
Relative Position: LorenzVec{x=0.7055232027535073, y=-2.0, z=-15.873731155983293}
 }
22:41:39 `Creeper`6184547 missed {
 is already Found: false).
 Position: LorenzVec{x=0.5, y=99.0, z=-36.96875}
 DistanceC: 15.609203961522262
Relative Position: LorenzVec{x=1.1406406598155132, y=-2.0, z=-15.609203961522262}
 }
22:41:39 `Creeper`6200030 missed {
 is already Found: false).
 Position: LorenzVec{x=-1.34375, y=99.0, z=-39.03125}
 DistanceC: 16.13864261999062
Relative Position: LorenzVec{x=-0.829323346881414, y=-2.0, z=-16.13864261999062}
 }
22:41:39 `Creeper`6216954 missed {
 is already Found: false).
 Position: LorenzVec{x=0.53125, y=99.0, z=-39.03125}
 DistanceC: 16.13864261999062
Relative Position: LorenzVec{x=1.0456766531185862, y=-2.0, z=-16.13864261999062}
 }
22:41:39 `Creeper`6224868 missed {
 is already Found: false).
 Position: LorenzVec{x=-1.03125, y=99.0, z=-39.4375}
 DistanceC: 15.721100131056325
Relative Position: LorenzVec{x=-0.5901604851277417, y=-2.0, z=-15.721100131056325}
 }
22:41:39 `Scion `5967152 missed {
 is already Found: false).
 Position: LorenzVec{x=-12.5, y=74.5, z=-41.3125}
 DistanceC: 15.904739005341959
Relative Position: LorenzVec{x=-12.182556099671215, y=-26.5, z=-15.904739005341959}
 }
22:41:39 `Scion `5967308 missed {
 is already Found: false).
 Position: LorenzVec{x=3.96875, y=99.0, z=-41.375}
 DistanceC: 15.967239005341959
Relative Position: LorenzVec{x=4.286193900328785, y=-2.0, z=-15.967239005341959}
 }
22:41:39 `Scion `5983167 missed {
 is already Found: false).
 Position: LorenzVec{x=3.09375, y=99.0, z=-41.5625}
 DistanceC: 16.15473900534196
Relative Position: LorenzVec{x=3.411193900328785, y=-2.0, z=-16.15473900534196}
 }
22:41:39 `Cave Spider`6188148 missed {
 is already Found: false).
 Position: LorenzVec{x=-4.5, y=99.0, z=-41.5}
 DistanceC: 16.09223900534196
Relative Position: LorenzVec{x=-4.182556099671215, y=-2.0, z=-16.09223900534196}
 }
22:41:39 `Scion `6100203 missed {
 is already Found: false).
 Position: LorenzVec{x=4.0, y=99.0, z=-41.84375}
 DistanceC: 15.579526607735374
Relative Position: LorenzVec{x=4.290274213451148, y=-2.0, z=-15.579526607735374}
 }
22:41:39 `Scion `6183786 missed {
 is already Found: false).
 Position: LorenzVec{x=-0.25, y=99.0, z=-41.71875}
 DistanceC: 15.454526607735374
Relative Position: LorenzVec{x=0.04027421345114729, y=-2.0, z=-15.454526607735374}
 }
22:41:39 `Scion `6199846 missed {
 is already Found: false).
 Position: LorenzVec{x=2.5, y=99.0, z=-41.75}
 DistanceC: 15.485776607735374
Relative Position: LorenzVec{x=2.790274213451147, y=-2.0, z=-15.485776607735374}
 }
22:41:51 `§bSam `5967647 missed {
 is already Found: false).
 Position: LorenzVec{x=6.5, y=99.0, z=20.5}
 DistanceC: 5.862790476812773
Relative Position: LorenzVec{x=-5.862790476812773, y=-8.501533884405319, z=-3.7831055801352136}
 }
22:42:02 `§bSam `5967647 missed {
 is already Found: false).
 Position: LorenzVec{x=6.5, y=99.0, z=20.5}
 DistanceC: 13.963102863259863
Relative Position: LorenzVec{x=10.946722005017815, y=-7.091470789652504, z=-13.963102863259863}
 }
22:42:59 `Scion `6078187 missed {
 is already Found: false).
 Position: LorenzVec{x=-18.75, y=74.5, z=-48.0625}
 DistanceC: 17.939995870546024
Relative Position: LorenzVec{x=-17.939995870546024, y=-27.0, z=-0.9613582413795143}
 }
22:43:38 `Cow`6258995 missed {
 is already Found: false).
 Position: LorenzVec{x=1.5, y=104.0, z=54.5}
 DistanceC: 15.392108797600827
Relative Position: LorenzVec{x=6.211762927229118, y=4.0, z=15.392108797600827}
 }
22:43:50 `Enderman`6261189 missed {
 is already Found: false).
 Position: LorenzVec{x=-2.5, y=100.0, z=54.5}
 DistanceC: 17.639220696640507
Relative Position: LorenzVec{x=3.2991769314438937, y=0.0, z=17.639220696640507}
 }
22:43:52 `Cow`6261500 missed {
 is already Found: false).
 Position: LorenzVec{x=0.5, y=104.0, z=57.5}
 DistanceC: 20.639220696640507
Relative Position: LorenzVec{x=6.299176931443894, y=4.0, z=20.639220696640507}
 }
22:43:56 `Chicken`6262045 missed {
 is already Found: false).
 Position: LorenzVec{x=-1.5, y=104.0, z=53.5}
 DistanceC: 16.639220696640507
Relative Position: LorenzVec{x=4.299176931443894, y=4.0, z=16.639220696640507}
 }
22:43:57 `Rabbit`6262131 missed {
 is already Found: false).
 Position: LorenzVec{x=-0.5, y=104.875, z=54.5}
 DistanceC: 17.639220696640507
Relative Position: LorenzVec{x=5.299176931443894, y=4.875, z=17.639220696640507}
 }
22:44:06 `Enderman`6263669 missed {
 is already Found: false).
 Position: LorenzVec{x=-0.28125, y=100.0, z=56.78125}
 DistanceC: 19.920470696640507
Relative Position: LorenzVec{x=5.517926931443894, y=0.0, z=19.920470696640507}
 }
22:44:06 `Cow`6263814 missed {
 is already Found: false).
 Position: LorenzVec{x=1.5, y=104.0, z=57.5}
 DistanceC: 20.639220696640507
Relative Position: LorenzVec{x=7.299176931443894, y=4.0, z=20.639220696640507}
 }
22:44:15 `Enderman`6265175 missed {
 is already Found: false).
 Position: LorenzVec{x=-2.375, y=100.0, z=52.71875}
 DistanceC: 15.857970696640507
Relative Position: LorenzVec{x=3.4241769314438937, y=0.0, z=15.857970696640507}
 }
22:44:21 `Cow`6266009 missed {
 is already Found: false).
 Position: LorenzVec{x=0.5, y=104.875, z=55.5}
 DistanceC: 18.639220696640507
Relative Position: LorenzVec{x=6.299176931443894, y=4.875, z=18.639220696640507}
 }
22:44:23 `Rabbit`6266434 missed {
 is already Found: false).
 Position: LorenzVec{x=-2.4479166666666665, y=104.90625, z=57.302083333333336}
 DistanceC: 20.441304029973843
Relative Position: LorenzVec{x=3.351260264777227, y=4.90625, z=20.441304029973843}
 }
22:44:24 `Enderman`6266665 missed {
 is already Found: false).
 Position: LorenzVec{x=-1.09375, y=100.0, z=53.34375}
 DistanceC: 16.482970696640507
Relative Position: LorenzVec{x=4.705426931443894, y=0.0, z=16.482970696640507}
 }
22:44:33 `Enderman`6267964 missed {
 is already Found: false).
 Position: LorenzVec{x=-0.9583333333333334, y=100.0, z=51.989583333333336}
 DistanceC: 15.128804029973843
Relative Position: LorenzVec{x=4.840843598110561, y=0.0, z=15.128804029973843}
 }
22:44:34 `Chicken`6268170 missed {
 is already Found: false).
 Position: LorenzVec{x=0.46875, y=104.84375, z=52.96875}
 DistanceC: 16.107970696640507
Relative Position: LorenzVec{x=6.267926931443894, y=4.84375, z=16.107970696640507}
 }
22:44:35 `Cow`6268234 missed {
 is already Found: false).
 Position: LorenzVec{x=-2.5, y=104.0, z=56.5}
 DistanceC: 19.639220696640507
Relative Position: LorenzVec{x=3.2991769314438937, y=4.0, z=19.639220696640507}
 }
22:44:49 `Cow`6270729 missed {
 is already Found: false).
 Position: LorenzVec{x=-2.5, y=104.0, z=53.5}
 DistanceC: 16.639220696640507
Relative Position: LorenzVec{x=3.2991769314438937, y=4.0, z=16.639220696640507}
 }
22:44:54 `Enderman`6272268 missed {
 is already Found: false).
 Position: LorenzVec{x=-1.71875, y=100.0, z=53.28125}
 DistanceC: 16.420470696640507
Relative Position: LorenzVec{x=4.080426931443894, y=0.0, z=16.420470696640507}
 }
22:44:54 `Chicken`6272277 missed {
 is already Found: false).
 Position: LorenzVec{x=0.4895833333333333, y=104.47916666666666, z=56.71875}
 DistanceC: 19.857970696640507
Relative Position: LorenzVec{x=6.288760264777227, y=4.479166666666657, z=19.857970696640507}
 }
22:44:58 `Enderman`6273363 missed {
 is already Found: false).
 Position: LorenzVec{x=-0.5, y=100.0, z=52.5}
 DistanceC: 15.639220696640507
Relative Position: LorenzVec{x=5.299176931443894, y=0.0, z=15.639220696640507}
 }
22:45:01 `Enderman`6274004 missed {
 is already Found: false).
 Position: LorenzVec{x=-0.125, y=100.0, z=53.71875}
 DistanceC: 16.857970696640507
Relative Position: LorenzVec{x=5.674176931443894, y=0.0, z=16.857970696640507}
 }
22:45:33 `Scion `5967151 missed {
 is already Found: false).
 Position: LorenzVec{x=-19.5, y=74.5, z=-48.6875}
 DistanceC: 19.662880042253654
Relative Position: LorenzVec{x=-19.662880042253654, y=-26.5, z=-18.016383346773647}
 }
22:45:33 `Scion `6090886 missed {
 is already Found: false).
 Position: LorenzVec{x=-21.5, y=74.5, z=-41.3125}
 DistanceC: 21.571872598933737
Relative Position: LorenzVec{x=-21.571872598933737, y=-26.5, z=-12.808026287766054}
 }
22:45:53 `Scion `5967005 missed {
 is already Found: false).
 Position: LorenzVec{x=-20.5, y=74.5, z=-48.6875}
 DistanceC: 20.604582703825088
Relative Position: LorenzVec{x=-20.604582703825088, y=-27.0, z=-3.7694676719194646}
 }
22:47:35 `§bSam `5967647 missed {
 is already Found: false).
 Position: LorenzVec{x=6.5, y=99.0, z=20.5}
 DistanceC: 10.221240239558163
Relative Position: LorenzVec{x=-10.221240239558163, y=-3.7655760830912612, z=-6.800000011920929}
 }
22:47:59 `§bSam `5967647 missed {
 is already Found: false).
 Position: LorenzVec{x=6.5, y=99.0, z=20.5}
 DistanceC: 1.0
Relative Position: LorenzVec{x=-1.0, y=-4.535840625044557, z=0.0}
 }
22:48:27 `Rabbit`6318894 missed {
 is already Found: false).
 Position: LorenzVec{x=-2.21875, y=104.0, z=51.9375}
 DistanceC: 20.953232620082293
Relative Position: LorenzVec{x=-11.046672461134662, y=1.0, z=20.953232620082293}
 }
22:48:31 `Chicken`6317913 missed {
 is already Found: false).
 Position: LorenzVec{x=1.5625, y=104.0, z=51.46875}
 DistanceC: 20.484482620082293
Relative Position: LorenzVec{x=-7.265422461134662, y=1.0, z=20.484482620082293}
 }
22:48:37 `Enderman`6317775 missed {
 is already Found: false).
 Position: LorenzVec{x=0.625, y=100.0, z=52.375}
 DistanceC: 20.891292486096308
Relative Position: LorenzVec{x=-15.788220823372114, y=-2.875, z=20.891292486096308}
 }
22:50:26 `§bSam `5967647 missed {
 is already Found: false).
 Position: LorenzVec{x=6.5, y=99.0, z=20.5}
 DistanceC: 22.277308975961454
Relative Position: LorenzVec{x=17.789415012747227, y=-5.875, z=-22.277308975961454}
 }
22:51:11 `§bSam `5967647 missed {
 is already Found: false).
 Position: LorenzVec{x=6.5, y=99.0, z=20.5}
 DistanceC: 12.442037375544679
Relative Position: LorenzVec{x=-3.061358078043945, y=-7.007993659646488, z=-12.442037375544679}
 }
22:51:58 `Cow`6308122 missed {
 is already Found: false).
 Position: LorenzVec{x=-1.0625, y=104.0, z=51.3125}
 DistanceC: 18.562606145129738
Relative Position: LorenzVec{x=18.562606145129738, y=4.0, z=6.218840284121946}
 }
22:51:58 `Enderman`6308385 missed {
 is already Found: false).
 Position: LorenzVec{x=-1.40625, y=100.0, z=51.875}
 DistanceC: 18.218856145129738
Relative Position: LorenzVec{x=18.218856145129738, y=0.0, z=6.781340284121946}
 }
22:51:58 `Rabbit`6314353 missed {
 is already Found: false).
 Position: LorenzVec{x=-2.0625, y=104.0, z=51.53125}
 DistanceC: 17.562606145129738
Relative Position: LorenzVec{x=17.562606145129738, y=4.0, z=6.437590284121946}
 }
22:51:58 `Enderman`6336826 missed {
 is already Found: false).
 Position: LorenzVec{x=0.5, y=100.0, z=51.5625}
 DistanceC: 20.125106145129738
Relative Position: LorenzVec{x=20.125106145129738, y=0.0, z=6.468840284121946}
 }
22:51:58 `Cow`6344986 missed {
 is already Found: false).
 Position: LorenzVec{x=0.9375, y=104.0, z=51.28125}
 DistanceC: 20.562606145129738
Relative Position: LorenzVec{x=20.562606145129738, y=4.0, z=6.187590284121946}
 }
22:51:58 `Enderman`6354065 missed {
 is already Found: false).
 Position: LorenzVec{x=0.625, y=100.0, z=52.03125}
 DistanceC: 20.250106145129738
Relative Position: LorenzVec{x=20.250106145129738, y=0.0, z=6.937590284121946}
 }
22:51:58 `Chicken`6363249 missed {
 is already Found: false).
 Position: LorenzVec{x=-0.5, y=104.0, z=51.5}
 DistanceC: 19.125106145129738
Relative Position: LorenzVec{x=19.125106145129738, y=4.0, z=6.406340284121946}
 }
22:51:58 `Enderman`6367280 missed {
 is already Found: false).
 Position: LorenzVec{x=-0.9375, y=100.0, z=51.71875}
 DistanceC: 18.687606145129738
Relative Position: LorenzVec{x=18.687606145129738, y=0.0, z=6.625090284121946}
 }
22:51:58 `Enderman`6352567 missed {
 is already Found: false).
 Position: LorenzVec{x=-1.96875, y=100.0, z=52.625}
 DistanceC: 17.656356145129738
Relative Position: LorenzVec{x=17.656356145129738, y=0.0, z=7.531340284121946}
 }
22:51:58 `Enderman`6369737 missed {
 is already Found: false).
 Position: LorenzVec{x=-1.75, y=100.0, z=52.21875}
 DistanceC: 17.875106145129738
Relative Position: LorenzVec{x=17.875106145129738, y=0.0, z=7.125090284121946}
 }
22:51:59 `Enderman`6347550 missed {
 is already Found: false).
 Position: LorenzVec{x=0.5625, y=100.0, z=53.34375}
 DistanceC: 20.187606145129738
Relative Position: LorenzVec{x=20.187606145129738, y=0.0, z=8.250090284121946}
 }
22:51:59 `Enderman`6369990 missed {
 is already Found: false).
 Position: LorenzVec{x=1.09375, y=100.0, z=52.5}
 DistanceC: 20.718856145129738
Relative Position: LorenzVec{x=20.718856145129738, y=0.0, z=7.406340284121946}
 }
22:51:59 `Chicken`6375507 missed {
 is already Found: false).
 Position: LorenzVec{x=0.5, y=104.875, z=53.5}
 DistanceC: 20.125106145129738
Relative Position: LorenzVec{x=20.125106145129738, y=4.875, z=8.406340284121946}
 }
22:51:59 `Enderman`6347023 missed {
 is already Found: false).
 Position: LorenzVec{x=-0.7708333333333333, y=100.0, z=54.60416666666667}
 DistanceC: 18.854272811796406
Relative Position: LorenzVec{x=18.854272811796406, y=0.0, z=9.510506950788617}
 }
22:51:59 `Enderman`6350650 missed {
 is already Found: false).
 Position: LorenzVec{x=-0.375, y=100.0, z=55.4375}
 DistanceC: 19.250106145129738
Relative Position: LorenzVec{x=19.250106145129738, y=0.0, z=10.343840284121946}
 }
22:51:59 `Enderman`6360660 missed {
 is already Found: false).
 Position: LorenzVec{x=-1.6875, y=100.0, z=56.25}
 DistanceC: 17.937606145129738
Relative Position: LorenzVec{x=17.937606145129738, y=0.0, z=11.156340284121946}
 }
22:51:59 `Chicken`6352005 missed {
 is already Found: false).
 Position: LorenzVec{x=1.40625, y=104.0, z=51.53125}
 DistanceC: 21.031356145129738
Relative Position: LorenzVec{x=21.031356145129738, y=4.0, z=6.437590284121946}
 }
22:51:59 `Cow`6350714 missed {
 is already Found: false).
 Position: LorenzVec{x=1.5, y=104.0, z=52.09375}
 DistanceC: 21.13275879292303
Relative Position: LorenzVec{x=21.13275879292303, y=4.0, z=6.576801729997584}
 }
22:51:59 `Chicken`6369431 missed {
 is already Found: false).
 Position: LorenzVec{x=1.5, y=104.0, z=51.5}
 DistanceC: 21.13275879292303
Relative Position: LorenzVec{x=21.13275879292303, y=4.0, z=5.983051729997584}
 }
22:51:59 `Chicken`6357136 missed {
 is already Found: false).
 Position: LorenzVec{x=1.5, y=104.0, z=53.5}
 DistanceC: 21.263274461185542
Relative Position: LorenzVec{x=21.263274461185542, y=4.0, z=7.639495504908098}
 }
22:51:59 `Cow`6375629 missed {
 is already Found: false).
 Position: LorenzVec{x=1.5, y=104.0, z=54.5}
 DistanceC: 21.288441871536364
Relative Position: LorenzVec{x=21.288441871536364, y=4.0, z=8.573247363129326}
 }
22:52:02 `Enderman`6378577 missed {
 is already Found: false).
 Position: LorenzVec{x=-0.5, y=100.0, z=53.5}
 DistanceC: 19.3096860886311
Relative Position: LorenzVec{x=19.3096860886311, y=0.0, z=7.500655251850901}
 }
22:52:05 `Enderman`6379502 missed {
 is already Found: false).
 Position: LorenzVec{x=-1.5625, y=100.0, z=57.0}
 DistanceC: 18.2471860886311
Relative Position: LorenzVec{x=18.2471860886311, y=0.0, z=11.000655251850901}
 }
22:52:07 `Cow`6380218 missed {
 is already Found: false).
 Position: LorenzVec{x=-2.5, y=104.0, z=57.5}
 DistanceC: 17.3096860886311
Relative Position: LorenzVec{x=17.3096860886311, y=4.0, z=11.500655251850901}
 }
22:52:09 `Enderman`6380775 missed {
 is already Found: false).
 Position: LorenzVec{x=-1.78125, y=100.0, z=52.28125}
 DistanceC: 18.0284360886311
Relative Position: LorenzVec{x=18.0284360886311, y=0.0, z=6.281905251850901}
 }
22:52:12 `Chicken`6381770 missed {
 is already Found: false).
 Position: LorenzVec{x=-2.5, y=104.0, z=52.5}
 DistanceC: 17.354165039903517
Relative Position: LorenzVec{x=17.354165039903517, y=-1.5019641974312634, z=7.693252158029686}
 }
22:54:02 `Creeper`6419187 missed {
 is already Found: false).
 Position: LorenzVec{x=-1.5, y=99.0, z=-38.5}
 DistanceC: 16.58006626916918
Relative Position: LorenzVec{x=6.247061037842746, y=-2.0, z=-16.58006626916918}
 }
22:54:03 `Scion `6419559 missed {
 is already Found: false).
 Position: LorenzVec{x=3.5, y=99.0, z=-41.5}
 DistanceC: 19.58006626916918
Relative Position: LorenzVec{x=11.247061037842746, y=-2.0, z=-19.58006626916918}
 }
22:54:11 `Cave Spider`6422120 missed {
 is already Found: false).
 Position: LorenzVec{x=-5.5, y=99.0, z=-42.5}
 DistanceC: 20.58006626916918
Relative Position: LorenzVec{x=2.2470610378427462, y=-2.0, z=-20.58006626916918}
 }
22:54:18 `§bSam `5967647 missed {
 is already Found: false).
 Position: LorenzVec{x=6.5, y=99.0, z=20.5}
 DistanceC: 11.857404992240337
Relative Position: LorenzVec{x=-11.857404992240337, y=-1.0, z=-0.9596142261213672}
 }
22:54:32 `§bSam `5967647 missed {
 is already Found: false).
 Position: LorenzVec{x=6.5, y=99.0, z=20.5}
 DistanceC: 7.877831122122451
Relative Position: LorenzVec{x=-7.877831122122451, y=-3.0, z=-4.894310498689954}
 }
22:56:56 `Cow`6484617 missed {
 is already Found: false).
 Position: LorenzVec{x=-0.625, y=104.0, z=55.40625}
 DistanceC: 19.313000072624938
Relative Position: LorenzVec{x=-12.16545892894999, y=4.0, z=19.313000072624938}
 }
22:57:01 `Chicken`6488957 missed {
 is already Found: false).
 Position: LorenzVec{x=1.5, y=104.0, z=52.5}
 DistanceC: 15.434970196904388
Relative Position: LorenzVec{x=-11.872041524056625, y=4.0, z=15.434970196904388}
 }
23:07:58 `7e67q2d7o8`370 missed {
 is already Found: false).
 Position: LorenzVec{x=-59.5, y=89.0, z=-16.5}
 DistanceC: 23.164999834455806
Relative Position: LorenzVec{x=8.206325419159569, y=19.0, z=23.164999834455806}
 }
23:08:33 `10z373m0r2`492 missed {
 is already Found: false).
 Position: LorenzVec{x=15.5, y=70.0, z=-71.8125}
 DistanceC: 18.08827827824868
Relative Position: LorenzVec{x=-11.25200835634449, y=-15.125, z=18.08827827824868}
 }
23:08:43 `Zombie`168096 missed {
 is already Found: false).
 Position: LorenzVec{x=40.21875, y=70.875, z=-37.5625}
 DistanceC: 6.803133005229547
Relative Position: LorenzVec{x=-6.803133005229547, y=1.875, z=-1.262499988079071}
 }
23:08:44 `Zombie`168097 missed {
 is already Found: false).
 Position: LorenzVec{x=25.03125, y=69.0, z=-29.78125}
 DistanceC: 21.990633005229547
Relative Position: LorenzVec{x=-21.990633005229547, y=0.0, z=6.518750011920929}
 }
23:08:44 `64n01c9j75`345 missed {
 is already Found: false).
 Position: LorenzVec{x=51.5, y=79.0, z=-13.5}
 DistanceC: 22.80000001192093
Relative Position: LorenzVec{x=4.478116994770453, y=10.0, z=22.80000001192093}
 }
23:09:07 `Zombie`168095 missed {
 is already Found: false).
 Position: LorenzVec{x=45.84375, y=72.0, z=-165.0625}
 DistanceC: 9.072455916745895
Relative Position: LorenzVec{x=8.079652292987426, y=-12.40739540236494, z=-9.072455916745895}
 }
23:09:50 `7xel65pca1`42 missed {
 is already Found: false).
 Position: LorenzVec{x=530.5, y=106.0, z=556.5}
 DistanceC: 22.34135897209694
Relative Position: LorenzVec{x=16.304622801863843, y=0.0, z=22.34135897209694}
 }
23:09:50 `0r243v3v72`43 missed {
 is already Found: false).
 Position: LorenzVec{x=495.5, y=106.0, z=556.5}
 DistanceC: 22.34135897209694
Relative Position: LorenzVec{x=-18.695377198136157, y=0.0, z=22.34135897209694}
 }
23:11:07 `Enderman`2896048 missed {
 is already Found: false).
 Position: LorenzVec{x=-0.5, y=100.0, z=57.25}
 DistanceC: 18.212496092857613
Relative Position: LorenzVec{x=14.823807336599714, y=0.0, z=18.212496092857613}
 }
23:11:07 `Cow`2898803 missed {
 is already Found: false).
 Position: LorenzVec{x=-2.5, y=104.0, z=57.5}
 DistanceC: 18.462496092857613
Relative Position: LorenzVec{x=12.823807336599714, y=4.0, z=18.462496092857613}
 }
23:11:07 `Enderman`2901244 missed {
 is already Found: false).
 Position: LorenzVec{x=-2.5, y=100.0, z=55.5}
 DistanceC: 16.462496092857613
Relative Position: LorenzVec{x=12.823807336599714, y=0.0, z=16.462496092857613}
 }
23:11:07 `Chicken`2885861 missed {
 is already Found: false).
 Position: LorenzVec{x=1.46875, y=104.0, z=57.40625}
 DistanceC: 18.368746092857613
Relative Position: LorenzVec{x=16.792557336599714, y=4.0, z=18.368746092857613}
 }
23:11:07 `Cow`2891602 missed {
 is already Found: false).
 Position: LorenzVec{x=1.5, y=104.0, z=56.5}
 DistanceC: 17.462496092857613
Relative Position: LorenzVec{x=16.823807336599714, y=4.0, z=17.462496092857613}
 }
23:11:07 `Rabbit`2890565 missed {
 is already Found: false).
 Position: LorenzVec{x=2.5, y=104.0, z=55.5}
 DistanceC: 17.823807336599714
Relative Position: LorenzVec{x=17.823807336599714, y=4.0, z=16.462496092857613}
 }
23:11:12 `Rabbit`2904198 missed {
 is already Found: false).
 Position: LorenzVec{x=-1.5, y=104.0, z=54.5}
 DistanceC: 15.462496092857613
Relative Position: LorenzVec{x=13.823807336599714, y=4.0, z=15.462496092857613}
 }
23:11:14 `Chicken`2905486 missed {
 is already Found: false).
 Position: LorenzVec{x=-1.5, y=104.0, z=55.5}
 DistanceC: 16.462496092857613
Relative Position: LorenzVec{x=13.823807336599714, y=4.0, z=16.462496092857613}
 }
23:11:24 `Enderman`2909867 missed {
 is already Found: false).
 Position: LorenzVec{x=0.5, y=100.0, z=55.5}
 DistanceC: 16.462496092857613
Relative Position: LorenzVec{x=15.823807336599714, y=0.0, z=16.462496092857613}
 }
23:11:30 `Cow`2912212 missed {
 is already Found: false).
 Position: LorenzVec{x=-2.5, y=104.0, z=56.5}
 DistanceC: 17.462496092857613
Relative Position: LorenzVec{x=12.823807336599714, y=4.0, z=17.462496092857613}
 }
23:11:34 `Chicken`2913208 missed {
 is already Found: false).
 Position: LorenzVec{x=1.7083333333333335, y=104.0, z=52.64583333333333}
 DistanceC: 17.032140669933046
Relative Position: LorenzVec{x=17.032140669933046, y=4.0, z=13.608329426190942}
 }
23:11:38 `Rabbit`2914805 missed {
 is already Found: false).
 Position: LorenzVec{x=-1.5, y=104.0, z=54.5}
 DistanceC: 15.462496092857613
Relative Position: LorenzVec{x=13.823807336599714, y=4.0, z=15.462496092857613}
 }
23:11:45 `Cow`2916994 missed {
 is already Found: false).
 Position: LorenzVec{x=1.5, y=104.0, z=54.5}
 DistanceC: 16.823807336599714
Relative Position: LorenzVec{x=16.823807336599714, y=4.0, z=15.462496092857613}
 }
23:11:53 `Chicken`2919483 missed {
 is already Found: false).
 Position: LorenzVec{x=-1.5, y=104.0, z=54.5}
 DistanceC: 15.462496092857613
Relative Position: LorenzVec{x=13.823807336599714, y=4.0, z=15.462496092857613}
 }
23:11:53 `Enderman`2919485 missed {
 is already Found: false).
 Position: LorenzVec{x=1.5, y=100.0, z=57.5}
 DistanceC: 18.462496092857613
Relative Position: LorenzVec{x=16.823807336599714, y=0.0, z=18.462496092857613}
 }
23:13:49 `Zombie`1151206 missed {
 is already Found: false).
 Position: LorenzVec{x=637.90625, y=87.0, z=289.48958333333337}
 DistanceC: 18.84520939233346
Relative Position: LorenzVec{x=14.39177730306983, y=9.233632006042484, z=18.84520939233346}
 }
23:13:54 `7b3yu1qse7`47 missed {
 is already Found: false).
 Position: LorenzVec{x=638.5, y=87.0, z=290.5}
 DistanceC: 13.981001033598773
Relative Position: LorenzVec{x=13.981001033598773, y=21.0, z=-0.1296079873447411}
 }
23:13:59 `4jx3bo0396`45 missed {
 is already Found: false).
 Position: LorenzVec{x=608.5, y=87.0, z=254.5}
 DistanceC: 9.707339572487172
Relative Position: LorenzVec{x=-9.707339572487172, y=18.979999989271164, z=7.016487757713804}
 }
23:15:06 `h91z9l9irs`46 missed {
 is already Found: false).
 Position: LorenzVec{x=572.5, y=87.0, z=284.5}
 DistanceC: 22.494498589284547
Relative Position: LorenzVec{x=6.330572763544865, y=15.258425412194853, z=22.494498589284547}
 }
23:15:47 `4jx3bo0396`45 missed {
 is already Found: false).
 Position: LorenzVec{x=608.5, y=87.0, z=254.5}
 DistanceC: 15.446252971151353
Relative Position: LorenzVec{x=12.11749702756913, y=10.59260459763506, z=-15.446252971151353}
 }
23:16:10 `h91z9l9irs`46 missed {
 is already Found: false).
 Position: LorenzVec{x=572.5, y=87.0, z=284.5}
 DistanceC: 11.14194966448531
Relative Position: LorenzVec{x=-11.14194966448531, y=14.01698264870825, z=5.0961002629331915}
 }
23:16:26 `4jx3bo0396`45 missed {
 is already Found: false).
 Position: LorenzVec{x=608.5, y=87.0, z=254.5}
 DistanceC: 10.059869011887486
Relative Position: LorenzVec{x=-10.059869011887486, y=15.8684366007884, z=8.906410753108133}
 }
23:17:14 `y65262m584`48 missed {
 is already Found: false).
 Position: LorenzVec{x=602.5, y=87.0, z=320.5}
 DistanceC: 19.567211142495637
Relative Position: LorenzVec{x=-9.500529666625653, y=20.0, z=19.567211142495637}
 }
23:17:21 `h91z9l9irs`46 missed {
 is already Found: false).
 Position: LorenzVec{x=572.5, y=87.0, z=284.5}
 DistanceC: 23.0
Relative Position: LorenzVec{x=8.0, y=19.0, z=23.0}
 }
23:17:35 `Zombie`1120469 missed {
 is already Found: false).
 Position: LorenzVec{x=615.8333333333334, y=67.27777777777779, z=309.46875}
 DistanceC: 9.031850210840162
Relative Position: LorenzVec{x=9.031850210840162, y=0.2777777777777857, z=2.20758521203129}
 }
23:17:40 `7b3yu1qse7`47 missed {
 is already Found: false).
 Position: LorenzVec{x=638.5, y=87.0, z=290.5}
 DistanceC: 17.249900517992558
Relative Position: LorenzVec{x=0.9999385169537618, y=14.029558519062547, z=17.249900517992558}
 }
23:17:52 `y65262m584`48 missed {
 is already Found: false).
 Position: LorenzVec{x=602.5, y=87.0, z=320.5}
 DistanceC: 13.868884135325573
Relative Position: LorenzVec{x=-4.618051743990918, y=20.0, z=13.868884135325573}
 }
23:18:10 `h91z9l9irs`46 missed {
 is already Found: false).
 Position: LorenzVec{x=572.5, y=87.0, z=284.5}
 DistanceC: 11.025366600006919
Relative Position: LorenzVec{x=4.118766112033654, y=20.0, z=11.025366600006919}
 }
23:18:40 `h91z9l9irs`46 missed {
 is already Found: false).
 Position: LorenzVec{x=572.5, y=87.0, z=284.5}
 DistanceC: 12.277260078637596
Relative Position: LorenzVec{x=-10.80686153147792, y=12.768476202412984, z=-12.277260078637596}
 }
23:19:11 `y65262m584`48 missed {
 is already Found: false).
 Position: LorenzVec{x=602.5, y=87.0, z=320.5}
 DistanceC: 10.5738780290784
Relative Position: LorenzVec{x=-8.681615578587753, y=20.0, z=10.5738780290784}
 }
23:19:30 `4jx3bo0396`45 missed {
 is already Found: false).
 Position: LorenzVec{x=608.5, y=87.0, z=254.5}
 DistanceC: 15.534757661686399
Relative Position: LorenzVec{x=15.534757661686399, y=20.0, z=12.199999988079071}
 }
23:19:42 `7b3yu1qse7`47 missed {
 is already Found: false).
 Position: LorenzVec{x=638.5, y=87.0, z=290.5}
 DistanceC: 17.448949510667887
Relative Position: LorenzVec{x=-10.788037278876004, y=20.0, z=17.448949510667887}
 }
23:20:36 `y65262m584`48 missed {
 is already Found: false).
 Position: LorenzVec{x=602.5, y=87.0, z=320.5}
 DistanceC: 15.778072573309942
Relative Position: LorenzVec{x=2.744219434361412, y=20.0, z=15.778072573309942}
 }
23:20:47 `4jx3bo0396`45 missed {
 is already Found: false).
 Position: LorenzVec{x=608.5, y=87.0, z=254.5}
 DistanceC: 19.599802929175326
Relative Position: LorenzVec{x=-19.599802929175326, y=14.215696689827553, z=-3.5849554404338733}
 }
23:21:15 `y65262m584`48 missed {
 is already Found: false).
 Position: LorenzVec{x=602.5, y=87.0, z=320.5}
 DistanceC: 15.665258316735503
Relative Position: LorenzVec{x=-6.106506550185827, y=20.0, z=15.665258316735503}
 }
23:21:36 `y65262m584`48 missed {
 is already Found: false).
 Position: LorenzVec{x=602.5, y=87.0, z=320.5}
 DistanceC: 10.329794564607369
Relative Position: LorenzVec{x=10.329794564607369, y=20.0, z=-9.93554768632589}
 }
23:21:44 `7b3yu1qse7`47 missed {
 is already Found: false).
 Position: LorenzVec{x=638.5, y=87.0, z=290.5}
 DistanceC: 16.064283869646545
Relative Position: LorenzVec{x=-11.802535276113304, y=20.0, z=16.064283869646545}
 }
23:21:55 `y65262m584`48 missed {
 is already Found: false).
 Position: LorenzVec{x=602.5, y=87.0, z=320.5}
 DistanceC: 12.414882012428052
Relative Position: LorenzVec{x=-3.78052719675145, y=20.0, z=12.414882012428052}
 }
23:22:26 `y65262m584`48 missed {
 is already Found: false).
 Position: LorenzVec{x=602.5, y=87.0, z=320.5}
 DistanceC: 12.0
Relative Position: LorenzVec{x=9.0, y=20.0, z=12.0}
 }
23:22:27 `h91z9l9irs`46 missed {
 is already Found: false).
 Position: LorenzVec{x=572.5, y=87.0, z=284.5}
 DistanceC: 24.0
Relative Position: LorenzVec{x=-21.0, y=20.0, z=-24.0}
 }
23:22:59 `h91z9l9irs`46 missed {
 is already Found: false).
 Position: LorenzVec{x=572.5, y=87.0, z=284.5}
 DistanceC: 12.255200043851573
Relative Position: LorenzVec{x=-0.43180759994129403, y=14.215696689827553, z=12.255200043851573}
 }
23:23:31 `y65262m584`48 missed {
 is already Found: false).
 Position: LorenzVec{x=602.5, y=87.0, z=320.5}
 DistanceC: 20.67258575591279
Relative Position: LorenzVec{x=4.935515830693021, y=14.867006340353512, z=20.67258575591279}
 }
23:23:37 `h91z9l9irs`46 missed {
 is already Found: false).
 Position: LorenzVec{x=572.5, y=87.0, z=284.5}
 DistanceC: 19.847364118717564
Relative Position: LorenzVec{x=-19.847364118717564, y=15.0, z=-13.199999988079071}
 }
23:24:03 `y65262m584`48 missed {
 is already Found: false).
 Position: LorenzVec{x=602.5, y=87.0, z=320.5}
 DistanceC: 10.662701070614958
Relative Position: LorenzVec{x=10.662701070614958, y=17.23442391690874, z=-8.288723793769236}
 }
23:26:02 `7b3yu1qse7`47 missed {
 is already Found: false).
 Position: LorenzVec{x=638.5, y=87.0, z=290.5}
 DistanceC: 18.635590239886312
Relative Position: LorenzVec{x=-10.010841802887853, y=20.0, z=18.635590239886312}
 }
23:26:15 `y65262m584`48 missed {
 is already Found: false).
 Position: LorenzVec{x=602.5, y=87.0, z=320.5}
 DistanceC: 20.889742855788768
Relative Position: LorenzVec{x=20.889742855788768, y=20.0, z=-1.5232880501828845}
 }
23:26:19 `h91z9l9irs`46 missed {
 is already Found: false).
 Position: LorenzVec{x=572.5, y=87.0, z=284.5}
 DistanceC: 18.0
Relative Position: LorenzVec{x=3.0, y=20.0, z=18.0}
 }
23:26:30 `4jx3bo0396`45 missed {
 is already Found: false).
 Position: LorenzVec{x=608.5, y=87.0, z=254.5}
 DistanceC: 19.0
Relative Position: LorenzVec{x=-17.0, y=20.0, z=-19.0}
 }
23:26:37 `h91z9l9irs`46 missed {
 is already Found: false).
 Position: LorenzVec{x=572.5, y=87.0, z=284.5}
 DistanceC: 11.181187217188267
Relative Position: LorenzVec{x=-11.181187217188267, y=15.258425412194853, z=-2.961517723809891}
 }
23:26:49 `y65262m584`48 missed {
 is already Found: false).
 Position: LorenzVec{x=602.5, y=87.0, z=320.5}
 DistanceC: 9.576833121492882
Relative Position: LorenzVec{x=-9.576833121492882, y=20.0, z=9.07473149049838}
 }
23:27:07 `h91z9l9irs`46 missed {
 is already Found: false).
 Position: LorenzVec{x=572.5, y=87.0, z=284.5}
 DistanceC: 13.045843550510313
Relative Position: LorenzVec{x=-13.045843550510313, y=13.078400001525878, z=-2.058176872982642}
 }
23:27:38 `4jx3bo0396`45 missed {
 is already Found: false).
 Position: LorenzVec{x=608.5, y=87.0, z=254.5}
 DistanceC: 16.94610149304276
Relative Position: LorenzVec{x=16.94610149304276, y=20.0, z=11.24351533522065}
 }
23:28:12 `h91z9l9irs`46 missed {
 is already Found: false).
 Position: LorenzVec{x=572.5, y=87.0, z=284.5}
 DistanceC: 14.662556722639977
Relative Position: LorenzVec{x=1.800000011920929, y=20.0, z=14.662556722639977}
 }
23:28:28 `y65262m584`48 missed {
 is already Found: false).
 Position: LorenzVec{x=602.5, y=87.0, z=320.5}
 DistanceC: 14.090623886997832
Relative Position: LorenzVec{x=14.090623886997832, y=20.0, z=0.09852588964611186}
 }
23:28:39 `h91z9l9irs`46 missed {
 is already Found: false).
 Position: LorenzVec{x=572.5, y=87.0, z=284.5}
 DistanceC: 10.111925702438384
Relative Position: LorenzVec{x=-0.49985124869851916, y=20.0, z=10.111925702438384}
 }
23:28:53 `7b3yu1qse7`47 missed {
 is already Found: false).
 Position: LorenzVec{x=638.5, y=87.0, z=290.5}
 DistanceC: 18.806787968718822
Relative Position: LorenzVec{x=18.806787968718822, y=20.0, z=-3.5407739360959454}
 }
23:28:58 `y65262m584`48 missed {
 is already Found: false).
 Position: LorenzVec{x=602.5, y=87.0, z=320.5}
 DistanceC: 12.362842940650637
Relative Position: LorenzVec{x=7.2715802655474135, y=14.215696689827553, z=12.362842940650637}
 }
23:29:36 `4jx3bo0396`45 missed {
 is already Found: false).
 Position: LorenzVec{x=608.5, y=87.0, z=254.5}
 DistanceC: 15.850736251321564
Relative Position: LorenzVec{x=15.850736251321564, y=12.464159374955443, z=10.164031360064087}
 }
23:30:17 `y65262m584`48 missed {
 is already Found: false).
 Position: LorenzVec{x=602.5, y=87.0, z=320.5}
 DistanceC: 13.24710562309724
Relative Position: LorenzVec{x=12.898005379478832, y=17.23442391690874, z=13.24710562309724}
 }
23:30:20 `h91z9l9irs`46 missed {
 is already Found: false).
 Position: LorenzVec{x=572.5, y=87.0, z=284.5}
 DistanceC: 12.0
Relative Position: LorenzVec{x=3.0, y=20.0, z=12.0}
 }
23:31:10 `y65262m584`48 missed {
 is already Found: false).
 Position: LorenzVec{x=602.5, y=87.0, z=320.5}
 DistanceC: 12.796874515300885
Relative Position: LorenzVec{x=-4.536526418238736, y=20.0, z=12.796874515300885}
 }
23:31:19 `4jx3bo0396`45 missed {
 is already Found: false).
 Position: LorenzVec{x=608.5, y=87.0, z=254.5}
 DistanceC: 17.0
Relative Position: LorenzVec{x=-17.0, y=20.0, z=-7.0}
 }
23:31:27 `h91z9l9irs`46 missed {
 is already Found: false).
 Position: LorenzVec{x=572.5, y=87.0, z=284.5}
 DistanceC: 11.892840373223635
Relative Position: LorenzVec{x=-11.892840373223635, y=21.0, z=0.996565626259212}
 }
23:31:35 `y65262m584`48 missed {
 is already Found: false).
 Position: LorenzVec{x=602.5, y=87.0, z=320.5}
 DistanceC: 20.0
Relative Position: LorenzVec{x=19.0, y=21.0, z=20.0}
 }
23:32:34 `7b3yu1qse7`47 missed {
 is already Found: false).
 Position: LorenzVec{x=638.5, y=87.0, z=290.5}
 DistanceC: 18.21008681902964
Relative Position: LorenzVec{x=-10.800000011920929, y=20.0, z=18.21008681902964}
 }
23:33:27 `h91z9l9irs`46 missed {
 is already Found: false).
 Position: LorenzVec{x=572.5, y=87.0, z=284.5}
 DistanceC: 18.73614929342517
Relative Position: LorenzVec{x=-16.11513451553219, y=18.0, z=-18.73614929342517}
 }
23:33:32 `y65262m584`48 missed {
 is already Found: false).
 Position: LorenzVec{x=602.5, y=87.0, z=320.5}
 DistanceC: 11.664087281023626
Relative Position: LorenzVec{x=11.664087281023626, y=19.768476202412984, z=11.552689055568237}
 }
23:34:00 `4jx3bo0396`45 missed {
 is already Found: false).
 Position: LorenzVec{x=608.5, y=87.0, z=254.5}
 DistanceC: 15.0
Relative Position: LorenzVec{x=15.0, y=20.0, z=11.0}
 }
23:34:43 `y65262m584`48 missed {
 is already Found: false).
 Position: LorenzVec{x=602.5, y=87.0, z=320.5}
 DistanceC: 9.800000011920929
Relative Position: LorenzVec{x=9.800000011920929, y=20.0, z=-9.339524685722608}
 }
23:34:54 `4jx3bo0396`45 missed {
 is already Found: false).
 Position: LorenzVec{x=608.5, y=87.0, z=254.5}
 DistanceC: 13.151884240107051
Relative Position: LorenzVec{x=13.151884240107051, y=19.050114322996635, z=11.7648256979557}
 }
23:35:06 `h91z9l9irs`46 missed {
 is already Found: false).
 Position: LorenzVec{x=572.5, y=87.0, z=284.5}
 DistanceC: 11.200849277511452
Relative Position: LorenzVec{x=-11.200849277511452, y=20.0, z=9.951525115430911}
 }
23:35:21 `4jx3bo0396`45 missed {
 is already Found: false).
 Position: LorenzVec{x=608.5, y=87.0, z=254.5}
 DistanceC: 12.072573858189685
Relative Position: LorenzVec{x=12.072573858189685, y=17.07840000152588, z=-9.989075898658484}
 }
23:35:37 `7b3yu1qse7`47 missed {
 is already Found: false).
 Position: LorenzVec{x=638.5, y=87.0, z=290.5}
 DistanceC: 18.906152335591514
Relative Position: LorenzVec{x=18.906152335591514, y=20.0, z=-4.142933859719221}
 }
23:35:46 `y65262m584`48 missed {
 is already Found: false).
 Position: LorenzVec{x=602.5, y=87.0, z=320.5}
 DistanceC: 20.527089146945798
Relative Position: LorenzVec{x=-10.414799907414931, y=14.867006340353512, z=20.527089146945798}
 }
23:35:56 `y65262m584`48 missed {
 is already Found: false).
 Position: LorenzVec{x=602.5, y=87.0, z=320.5}
 DistanceC: 17.513303880692263
Relative Position: LorenzVec{x=-8.607711098255322, y=18.979999989271164, z=17.513303880692263}
 }
23:36:02 `4jx3bo0396`45 missed {
 is already Found: false).
 Position: LorenzVec{x=608.5, y=87.0, z=254.5}
 DistanceC: 20.0
Relative Position: LorenzVec{x=-20.0, y=19.0, z=4.0}
 }
23:36:10 `y65262m584`48 missed {
 is already Found: false).
 Position: LorenzVec{x=602.5, y=87.0, z=320.5}
 DistanceC: 9.641925517881532
Relative Position: LorenzVec{x=-9.129410840325704, y=20.0, z=9.641925517881532}
 }
23:36:16 `h91z9l9irs`46 missed {
 is already Found: false).
 Position: LorenzVec{x=572.5, y=87.0, z=284.5}
 DistanceC: 9.0
Relative Position: LorenzVec{x=-9.0, y=20.0, z=8.0}
 }
23:36:41 `7b3yu1qse7`47 missed {
 is already Found: false).
 Position: LorenzVec{x=638.5, y=87.0, z=290.5}
 DistanceC: 19.17268014547932
Relative Position: LorenzVec{x=1.1641145558794506, y=15.0, z=19.17268014547932}
 }
23:37:49 `y65262m584`48 missed {
 is already Found: false).
 Position: LorenzVec{x=602.5, y=87.0, z=320.5}
 DistanceC: 19.0
Relative Position: LorenzVec{x=-9.0, y=20.0, z=19.0}
 }
23:37:56 `4jx3bo0396`45 missed {
 is already Found: false).
 Position: LorenzVec{x=608.5, y=87.0, z=254.5}
 DistanceC: 20.0
Relative Position: LorenzVec{x=-20.0, y=21.0, z=6.0}
 }
23:38:05 `h91z9l9irs`46 missed {
 is already Found: false).
 Position: LorenzVec{x=572.5, y=87.0, z=284.5}
 DistanceC: 15.498013470841101
Relative Position: LorenzVec{x=-15.498013470841101, y=13.063345053847002, z=-12.995295285976397}
 }
23:38:21 `y65262m584`48 missed {
 is already Found: false).
 Position: LorenzVec{x=602.5, y=87.0, z=320.5}
 DistanceC: 12.0
Relative Position: LorenzVec{x=-7.0, y=20.0, z=12.0}
 }
23:43:00 `Zombie`1182535 missed {
 is already Found: false).
 Position: LorenzVec{x=627.8125, y=118.0, z=311.8125}
 DistanceC: 18.3125
Relative Position: LorenzVec{x=18.3125, y=51.0, z=3.3125}
 }
23:46:16 `7b3yu1qse7`47 missed {
 is already Found: false).
 Position: LorenzVec{x=638.5, y=87.0, z=290.5}
 DistanceC: 19.458748155267642
Relative Position: LorenzVec{x=-11.183655216651232, y=20.0, z=19.458748155267642}
 }
23:46:36 `4jx3bo0396`45 missed {
 is already Found: false).
 Position: LorenzVec{x=608.5, y=87.0, z=254.5}
 DistanceC: 19.163059833529815
Relative Position: LorenzVec{x=-19.163059833529815, y=20.0, z=-19.130333330116798}
 }
23:46:37 `7b3yu1qse7`47 missed {
 is already Found: false).
 Position: LorenzVec{x=638.5, y=87.0, z=290.5}
 DistanceC: 16.37349763921685
Relative Position: LorenzVec{x=10.953165677305833, y=20.0, z=16.37349763921685}
 }
23:46:43 `y65262m584`48 missed {
 is already Found: false).
 Position: LorenzVec{x=602.5, y=87.0, z=320.5}
 DistanceC: 19.565694965692956
Relative Position: LorenzVec{x=19.565694965692956, y=20.0, z=-3.7976679949528034}
 }
23:47:39 `y65262m584`48 missed {
 is already Found: false).
 Position: LorenzVec{x=602.5, y=87.0, z=320.5}
 DistanceC: 10.196811306527366
Relative Position: LorenzVec{x=10.196811306527366, y=20.0, z=-8.574524542147913}
 }
23:47:59 `4jx3bo0396`45 missed {
 is already Found: false).
 Position: LorenzVec{x=608.5, y=87.0, z=254.5}
 DistanceC: 10.501924178344666
Relative Position: LorenzVec{x=-10.501924178344666, y=15.8684366007884, z=8.781579880914052}
 }
23:48:11 `y65262m584`48 missed {
 is already Found: false).
 Position: LorenzVec{x=602.5, y=87.0, z=320.5}
 DistanceC: 11.963614375270993
Relative Position: LorenzVec{x=9.114598613069234, y=20.0, z=11.963614375270993}
 }
23:48:51 `h91z9l9irs`46 missed {
 is already Found: false).
 Position: LorenzVec{x=572.5, y=87.0, z=284.5}
 DistanceC: 10.007180375818905
Relative Position: LorenzVec{x=-0.7567413630457622, y=20.0, z=10.007180375818905}
 }
23:48:56 `4jx3bo0396`45 missed {
 is already Found: false).
 Position: LorenzVec{x=608.5, y=87.0, z=254.5}
 DistanceC: 21.003165231551975
Relative Position: LorenzVec{x=21.003165231551975, y=13.464159374955443, z=-2.2327211346865283}
 }
23:50:42 `y65262m584`48 missed {
 is already Found: false).
 Position: LorenzVec{x=602.5, y=87.0, z=320.5}
 DistanceC: 12.797234771343483
Relative Position: LorenzVec{x=-12.797234771343483, y=20.0, z=4.478178834631933}
 }
23:50:53 `4jx3bo0396`45 missed {
 is already Found: false).
 Position: LorenzVec{x=608.5, y=87.0, z=254.5}
 DistanceC: 18.35699340898202
Relative Position: LorenzVec{x=18.35699340898202, y=17.23442391690874, z=10.336819749592934}
 }
23:51:17 `h91z9l9irs`46 missed {
 is already Found: false).
 Position: LorenzVec{x=572.5, y=87.0, z=284.5}
 DistanceC: 9.005303764757457
Relative Position: LorenzVec{x=-8.82289604238315, y=20.0, z=9.005303764757457}
 }
23:51:24 `4jx3bo0396`45 missed {
 is already Found: false).
 Position: LorenzVec{x=608.5, y=87.0, z=254.5}
 DistanceC: 15.523649212095393
Relative Position: LorenzVec{x=15.523649212095393, y=20.0, z=12.132940639320282}
 }
23:51:43 `7b3yu1qse7`47 missed {
 is already Found: false).
 Position: LorenzVec{x=638.5, y=87.0, z=290.5}
 DistanceC: 10.227521516457216
Relative Position: LorenzVec{x=2.486271510386132, y=20.0, z=10.227521516457216}
 }
23:51:54 `y65262m584`48 missed {
 is already Found: false).
 Position: LorenzVec{x=602.5, y=87.0, z=320.5}
 DistanceC: 10.56593926452831
Relative Position: LorenzVec{x=-10.56593926452831, y=20.0, z=10.41436892847031}
 }
23:52:25 `y65262m584`48 missed {
 is already Found: false).
 Position: LorenzVec{x=602.5, y=87.0, z=320.5}
 DistanceC: 14.993677332164225
Relative Position: LorenzVec{x=-10.155031777662543, y=18.058799960827827, z=14.993677332164225}
 }
23:52:49 `4jx3bo0396`45 missed {
 is already Found: false).
 Position: LorenzVec{x=608.5, y=87.0, z=254.5}
 DistanceC: 18.970523272188757
Relative Position: LorenzVec{x=-18.970523272188757, y=19.0, z=4.798990349807212}
 }
23:53:15 `4jx3bo0396`45 missed {
 is already Found: false).
 Position: LorenzVec{x=608.5, y=87.0, z=254.5}
 DistanceC: 18.19999998807907
Relative Position: LorenzVec{x=11.199999988079071, y=23.0, z=-18.19999998807907}
 }
23:53:43 `7b3yu1qse7`47 missed {
 is already Found: false).
 Position: LorenzVec{x=638.5, y=87.0, z=290.5}
 DistanceC: 16.313909569548287
Relative Position: LorenzVec{x=16.313909569548287, y=21.0, z=8.185819394449595}
 }
00:06:32 `c287t08132`137 missed {
 is already Found: false).
 Position: LorenzVec{x=33.5, y=201.93125, z=-139.5}
 DistanceC: 15.241896766258208
Relative Position: LorenzVec{x=-12.803800050659952, y=-0.06874999999999432, z=-15.241896766258208}
 }
00:06:41 `68f8m49t24`8 missed {
 is already Found: false).
 Position: LorenzVec{x=5.375, y=200.0, z=-109.21875}
 DistanceC: 23.273073171812175
Relative Position: LorenzVec{x=-23.273073171812175, y=-7.98301735129175, z=20.39089701625818}
 }
00:06:49 `apt78se02i`113 missed {
 is already Found: false).
 Position: LorenzVec{x=84.0, y=224.0, z=-118.0}
 DistanceC: 10.085284761608918
Relative Position: LorenzVec{x=10.085284761608918, y=0.0, z=6.23820026741727}
 }
00:08:04 `06c7w42eu9`18 missed {
 is already Found: false).
 Position: LorenzVec{x=-3.5, y=72.0, z=-101.5}
 DistanceC: 8.784213258460241
Relative Position: LorenzVec{x=-8.784213258460241, y=39.0, z=8.594239487349412}
 }
00:08:04 `z66h0n2m59`19 missed {
 is already Found: false).
 Position: LorenzVec{x=4.5, y=72.0, z=-104.5}
 DistanceC: 5.594239487349412
Relative Position: LorenzVec{x=-0.7842132584602419, y=39.0, z=5.594239487349412}
 }
00:08:04 `Villager`359 missed {
 is already Found: false).
 Position: LorenzVec{x=17.5, y=70.0, z=-99.0}
 DistanceC: 12.215786741539759
Relative Position: LorenzVec{x=12.215786741539759, y=37.0, z=11.094239487349412}
 }
00:08:04 `Villager`365 missed {
 is already Found: false).
 Position: LorenzVec{x=-11.3125, y=70.0, z=-95.6875}
 DistanceC: 16.59671325846024
Relative Position: LorenzVec{x=-16.59671325846024, y=37.0, z=14.406739487349412}
 }
00:08:04 `o48256ph3d`412 missed {
 is already Found: false).
 Position: LorenzVec{x=14.0, y=72.0, z=-106.0}
 DistanceC: 8.715786741539759
Relative Position: LorenzVec{x=8.715786741539759, y=39.0, z=4.094239487349412}
 }
00:08:04 `nsc5c288a9`414 missed {
 is already Found: false).
 Position: LorenzVec{x=-7.5, y=70.0, z=-92.5}
 DistanceC: 17.594239487349412
Relative Position: LorenzVec{x=-12.784213258460241, y=37.0, z=17.594239487349412}
 }
00:08:04 `n026jzrl5j`1608 missed {
 is already Found: false).
 Position: LorenzVec{x=-2.5, y=72.0, z=-109.5}
 DistanceC: 7.784213258460242
Relative Position: LorenzVec{x=-7.784213258460242, y=39.0, z=0.5942394873494123}
 }
00:08:09 `6v3xty9g94`317 missed {
 is already Found: false).
 Position: LorenzVec{x=9.5, y=32.0, z=-119.5}
 DistanceC: 3.386818975854289
Relative Position: LorenzVec{x=3.386818975854289, y=-1.0, z=-1.2260208737342566}
 }
00:08:09 `97ci32a0fh`1612 missed {
 is already Found: false).
 Position: LorenzVec{x=1.5, y=32.0, z=-119.5}
 DistanceC: 4.613181024145711
Relative Position: LorenzVec{x=-4.613181024145711, y=-1.0, z=-1.2260208737342566}
 }
00:08:09 `9vw6vvrk3k`136842 missed {
 is already Found: false).
 Position: LorenzVec{x=-6.5, y=33.0625, z=-119.5}
 DistanceC: 12.61318102414571
Relative Position: LorenzVec{x=-12.61318102414571, y=0.0625, z=-1.2260208737342566}
 }
00:08:09 `t3700z3hjh`136846 missed {
 is already Found: false).
 Position: LorenzVec{x=17.5, y=33.0625, z=-119.5}
 DistanceC: 11.38681897585429
Relative Position: LorenzVec{x=11.38681897585429, y=0.0625, z=-1.2260208737342566}
 }
00:09:45 `Villager`347 missed {
 is already Found: false).
 Position: LorenzVec{x=-7.5, y=70.0, z=-75.5}
 DistanceC: 15.95489515156177
Relative Position: LorenzVec{x=-15.95489515156177, y=-4.1315633992116005, z=-2.5354975873593872}
 }
00:09:45 `ow616q87jy`413 missed {
 is already Found: false).
 Position: LorenzVec{x=2.5, y=70.0, z=-75.5}
 DistanceC: 5.95489515156177
Relative Position: LorenzVec{x=-5.95489515156177, y=-4.1315633992116005, z=-2.5354975873593872}
 }
00:09:45 `v4xboojw7b`492 missed {
 is already Found: false).
 Position: LorenzVec{x=15.5, y=70.0, z=-71.8125}
 DistanceC: 7.909297535819249
Relative Position: LorenzVec{x=7.909297535819249, y=-5.501533884405319, z=2.5321445425991698}
 }
00:09:45 `704n56p699`411 missed {
 is already Found: false).
 Position: LorenzVec{x=7.0, y=70.0, z=-85.0}
 DistanceC: 9.459467428000423
Relative Position: LorenzVec{x=0.19581039590068094, y=-6.09935711385296, z=-9.459467428000423}
 }
00:09:45 `u2517iv6f0`490 missed {
 is already Found: false).
 Position: LorenzVec{x=23.0, y=71.0, z=-69.0}
 DistanceC: 16.621821955423467
Relative Position: LorenzVec{x=16.621821955423467, y=-5.091470789652504, z=7.284631935054179}
 }
00:09:45 `z8tj916x7u`491 missed {
 is already Found: false).
 Position: LorenzVec{x=23.0, y=77.0, z=-69.5}
 DistanceC: 16.621821955423467
Relative Position: LorenzVec{x=16.621821955423467, y=0.9085292103474956, z=6.784631935054179}
 }
00:09:45 `xs31472bg3`344 missed {
 is already Found: false).
 Position: LorenzVec{x=-10.0, y=70.0, z=-67.0}
 DistanceC: 15.728615943428434
Relative Position: LorenzVec{x=-15.728615943428434, y=-5.157525004739057, z=10.686316526604799}
 }
00:09:46 `Villager`355 missed {
 is already Found: false).
 Position: LorenzVec{x=-16.5, y=70.0, z=-81.5}
 DistanceC: 17.515494360019826
Relative Position: LorenzVec{x=-17.515494360019826, y=-6.091470789652504, z=4.789359042686186}
 }
00:09:50 `Villager`365 missed {
 is already Found: false).
 Position: LorenzVec{x=-11.3125, y=70.0, z=-95.6875}
 DistanceC: 11.463934915993192
Relative Position: LorenzVec{x=-11.463934915993192, y=0.0, z=-6.652687624397416}
 }
00:09:50 `nsc5c288a9`414 missed {
 is already Found: false).
 Position: LorenzVec{x=-7.5, y=70.0, z=-92.5}
 DistanceC: 7.6514349159931925
Relative Position: LorenzVec{x=-7.6514349159931925, y=0.0, z=-3.465187624397416}
 }
00:09:50 `7aw1660d6c`523 missed {
 is already Found: false).
 Position: LorenzVec{x=-6.5, y=55.0, z=-95.5}
 DistanceC: 6.6514349159931925
Relative Position: LorenzVec{x=-6.6514349159931925, y=-15.0, z=-6.465187624397416}
 }
00:09:50 `Villager`359 missed {
 is already Found: false).
 Position: LorenzVec{x=17.5, y=70.0, z=-99.0}
 DistanceC: 17.348565084006808
Relative Position: LorenzVec{x=17.348565084006808, y=0.0, z=-9.965187624397416}
 }
00:09:50 `06c7w42eu9`18 missed {
 is already Found: false).
 Position: LorenzVec{x=-3.5, y=72.0, z=-101.5}
 DistanceC: 12.465187624397416
Relative Position: LorenzVec{x=-3.651434915993193, y=2.0, z=-12.465187624397416}
 }
00:09:51 `z66h0n2m59`19 missed {
 is already Found: false).
 Position: LorenzVec{x=4.5, y=72.0, z=-104.5}
 DistanceC: 15.465187624397416
Relative Position: LorenzVec{x=4.3485650840068075, y=2.0, z=-15.465187624397416}
 }
00:09:51 `o48256ph3d`412 missed {
 is already Found: false).
 Position: LorenzVec{x=14.0, y=72.0, z=-106.0}
 DistanceC: 16.965187624397416
Relative Position: LorenzVec{x=13.848565084006808, y=2.0, z=-16.965187624397416}
 }
00:09:51 `n026jzrl5j`1608 missed {
 is already Found: false).
 Position: LorenzVec{x=-2.5, y=72.0, z=-109.5}
 DistanceC: 20.465187624397416
Relative Position: LorenzVec{x=-2.651434915993193, y=2.0, z=-20.465187624397416}
 }
00:09:52 `8vsmwmm5po`1607 missed {
 is already Found: false).
 Position: LorenzVec{x=-0.5, y=72.0, z=-111.5}
 DistanceC: 22.465187624397416
Relative Position: LorenzVec{x=-0.6514349159931929, y=2.0, z=-22.465187624397416}
 }
00:10:02 `egmue1gph8`333 missed {
 is already Found: false).
 Position: LorenzVec{x=-9.0, y=68.0, z=-125.0}
 DistanceC: 15.956192805896308
Relative Position: LorenzVec{x=-8.572585260842201, y=-5.0, z=-15.956192805896308}
 }
00:10:03 `b2m5m41l3a`330 missed {
 is already Found: false).
 Position: LorenzVec{x=-10.0, y=68.0, z=-130.0}
 DistanceC: 20.956192805896308
Relative Position: LorenzVec{x=-9.572585260842201, y=-5.0, z=-20.956192805896308}
 }
00:10:04 `Villager`353 missed {
 is already Found: false).
 Position: LorenzVec{x=-21.5, y=68.0, z=-124.5}
 DistanceC: 21.072585260842203
Relative Position: LorenzVec{x=-21.072585260842203, y=-5.0, z=-15.456192805896308}
 }
00:10:05 `7aw1660d6c`523 missed {
 is already Found: false).
 Position: LorenzVec{x=-6.5, y=55.0, z=-95.5}
 DistanceC: 13.543807194103692
Relative Position: LorenzVec{x=-6.072585260842202, y=-18.0, z=13.543807194103692}
 }
00:10:22 `Bat`321798 missed {
 is already Found: false).
 Position: LorenzVec{x=-73.95833333333333, y=65.875, z=-49.84375}
 DistanceC: 9.21928120582966
Relative Position: LorenzVec{x=9.21928120582966, y=-18.125, z=6.508235567721563}
 }
00:37:26 `b0f7m4w634`416 missed {
 is already Found: false).
 Position: LorenzVec{x=-31.0, y=73.0, z=-85.5}
 DistanceC: 20.211763742451325
Relative Position: LorenzVec{x=-8.454345136210716, y=-17.0, z=-20.211763742451325}
 }
00:37:26 `53b54q3hz4`417 missed {
 is already Found: false).
 Position: LorenzVec{x=-36.0, y=73.0, z=-85.5}
 DistanceC: 20.211763742451325
Relative Position: LorenzVec{x=-13.454345136210716, y=-17.0, z=-20.211763742451325}
 }
00:37:29 `Villager`542 missed {
 is already Found: false).
 Position: LorenzVec{x=-2.5, y=70.0, z=-46.5}
 DistanceC: 20.796820956262984
Relative Position: LorenzVec{x=20.796820956262984, y=-20.0, z=16.965764765561644}
 }
00:37:31 `bm53bxy2h0`239 missed {
 is already Found: false).
 Position: LorenzVec{x=-42.5, y=72.0, z=-54.5}
 DistanceC: 23.000359878785858
Relative Position: LorenzVec{x=-13.022613321090265, y=-12.751533884405319, z=23.000359878785858}
 }
00:38:17 `Bat`347759 missed {
 is already Found: false).
 Position: LorenzVec{x=-156.46875, y=62.09375, z=-98.34375}
 DistanceC: 17.018728382367755
Relative Position: LorenzVec{x=-0.8516256327132226, y=-10.90625, z=-17.018728382367755}
 }
00:38:17 `Bat`347769 missed {
 is already Found: false).
 Position: LorenzVec{x=-155.46875, y=62.09375, z=-97.34375}
 DistanceC: 16.018728382367755
Relative Position: LorenzVec{x=0.14837436728677744, y=-10.90625, z=-16.018728382367755}
 }
00:38:17 `Bat`347767 missed {
 is already Found: false).
 Position: LorenzVec{x=-155.46875, y=62.09375, z=-98.34375}
 DistanceC: 18.38114030289769
Relative Position: LorenzVec{x=-2.7392627539416026, y=-10.90625, z=-18.38114030289769}
 }
00:38:17 `Bat`347785 missed {
 is already Found: false).
 Position: LorenzVec{x=-155.46875, y=61.09375, z=-98.34375}
 DistanceC: 18.38114030289769
Relative Position: LorenzVec{x=-2.7392627539416026, y=-11.90625, z=-18.38114030289769}
 }
00:38:18 `Bat`347775 missed {
 is already Found: false).
 Position: LorenzVec{x=-154.46875, y=62.09375, z=-98.34375}
 DistanceC: 19.54893932967215
Relative Position: LorenzVec{x=-4.677255351080618, y=-12.847450039172173, z=-19.54893932967215}
 }
00:38:33 `Villager`542 missed {
 is already Found: false).
 Position: LorenzVec{x=-2.5, y=70.0, z=-46.5}
 DistanceC: 11.377088481597482
Relative Position: LorenzVec{x=9.628669342511559, y=0.0, z=11.377088481597482}
 }
00:39:51 `b0f7m4w634`416 missed {
 is already Found: false).
 Position: LorenzVec{x=-31.0, y=73.0, z=-85.5}
 DistanceC: 23.778044921812025
Relative Position: LorenzVec{x=-19.04874196106853, y=5.0, z=23.778044921812025}
 }
00:39:53 `64nk33qi62`418 missed {
 is already Found: false).
 Position: LorenzVec{x=-31.0, y=73.0, z=-95.5}
 DistanceC: 19.04874196106853
Relative Position: LorenzVec{x=-19.04874196106853, y=5.0, z=13.778044921812025}
 }
00:40:48 `v8gns7f337`246 missed {
 is already Found: false).
 Position: LorenzVec{x=-24.5, y=71.0, z=-58.5}
 DistanceC: 16.03997011876718
Relative Position: LorenzVec{x=16.03997011876718, y=1.5, z=-13.766543888323639}
 }
00:40:50 `731nef0go4`335 missed {
 is already Found: false).
 Position: LorenzVec{x=-41.5, y=70.0, z=-64.5}
 DistanceC: 21.043447777325902
Relative Position: LorenzVec{x=17.47272070785828, y=-4.676932213130129, z=-21.043447777325902}
 }
00:40:51 `34pz38ivmn`240 missed {
 is already Found: false).
 Position: LorenzVec{x=-51.0, y=72.0, z=-60.5}
 DistanceC: 17.846488824362794
Relative Position: LorenzVec{x=12.57182030857637, y=-1.7008323692605813, z=-17.846488824362794}
 }
00:40:52 `ye73eyv15d`241 missed {
 is already Found: false).
 Position: LorenzVec{x=-55.5, y=72.0, z=-56.5}
 DistanceC: 16.391219277425478
Relative Position: LorenzVec{x=16.391219277425478, y=2.0, z=-15.646449467546226}
 }
00:41:11 `53b54q3hz4`417 missed {
 is already Found: false).
 Position: LorenzVec{x=-36.0, y=73.0, z=-85.5}
 DistanceC: 20.613225485267083
Relative Position: LorenzVec{x=-20.613225485267083, y=3.0, z=-14.77890030258402}
 }
00:41:37 `Villager`347 missed {
 is already Found: false).
 Position: LorenzVec{x=-7.5, y=70.0, z=-75.5}
 DistanceC: 12.947774791221061
Relative Position: LorenzVec{x=12.947774791221061, y=-13.991574587805147, z=-8.361711440508032}
 }
00:41:37 `Villager`355 missed {
 is already Found: false).
 Position: LorenzVec{x=-16.5, y=70.0, z=-81.5}
 DistanceC: 14.361711440508032
Relative Position: LorenzVec{x=3.947774791221061, y=-13.991574587805147, z=-14.361711440508032}
 }
00:41:37 `b0f7m4w634`416 missed {
 is already Found: false).
 Position: LorenzVec{x=-31.0, y=73.0, z=-85.5}
 DistanceC: 22.0
Relative Position: LorenzVec{x=-11.5, y=-12.0, z=-22.0}
 }
00:41:37 `3znm9vhzn0`524 missed {
 is already Found: false).
 Position: LorenzVec{x=-32.5, y=71.0, z=-76.5}
 DistanceC: 14.199999988079071
Relative Position: LorenzVec{x=-13.358660220734379, y=-14.0, z=-14.199999988079071}
 }
00:42:01 `b0f7m4w634`416 missed {
 is already Found: false).
 Position: LorenzVec{x=-31.0, y=73.0, z=-85.5}
 DistanceC: 23.46706549342025
Relative Position: LorenzVec{x=-15.526273483152092, y=-11.731523797587016, z=-23.46706549342025}
 }
00:42:40 `b0f7m4w634`416 missed {
 is already Found: false).
 Position: LorenzVec{x=-31.0, y=73.0, z=-85.5}
 DistanceC: 23.730095769247498
Relative Position: LorenzVec{x=-10.092048775066655, y=-17.773432754562364, z=-23.730095769247498}
 }
00:43:10 `8vsmwmm5po`1607 missed {
 is already Found: false).
 Position: LorenzVec{x=-0.5, y=72.0, z=-111.5}
 DistanceC: 22.24168868347439
Relative Position: LorenzVec{x=-22.24168868347439, y=2.0, z=-8.116081186610998}
 }
00:44:27 `ow616q87jy`413 missed {
 is already Found: false).
 Position: LorenzVec{x=2.5, y=70.0, z=-75.5}
 DistanceC: 20.807268001265115
Relative Position: LorenzVec{x=15.738997019403948, y=0.0, z=20.807268001265115}
 }
00:44:57 `s2cu439chk`261 missed {
 is already Found: false).
 Position: LorenzVec{x=-64.5, y=70.0, z=-126.5}
 DistanceC: 17.0708799302124
Relative Position: LorenzVec{x=-0.2885543263132888, y=-21.76557608309126, z=-17.0708799302124}
 }
00:45:24 `Zombie`354098 missed {
 is already Found: false).
 Position: LorenzVec{x=46.21875, y=72.0, z=-160.96875}
 DistanceC: 4.555228598832912
Relative Position: LorenzVec{x=-0.007058709755547454, y=-13.231523797587016, z=4.555228598832912}
 }
00:47:10 `Zombie`627621 missed {
 is already Found: false).
 Position: LorenzVec{x=721.8125, y=70.0, z=358.53125}
 DistanceC: 16.320572043119853
Relative Position: LorenzVec{x=13.240337397386156, y=-5.132993659646488, z=16.320572043119853}
 }
00:48:18 `1v0420y526`48 missed {
 is already Found: false).
 Position: LorenzVec{x=695.5, y=90.0, z=414.5}
 DistanceC: 11.984924861779575
Relative Position: LorenzVec{x=11.950787179632016, y=20.0, z=11.984924861779575}
 }
00:49:18 `1v0420y526`48 missed {
 is already Found: false).
 Position: LorenzVec{x=695.5, y=90.0, z=414.5}
 DistanceC: 9.416763038645513
Relative Position: LorenzVec{x=-9.416763038645513, y=20.0, z=5.630175164706031}
 }
00:49:27 `4240ex22vw`45 missed {
 is already Found: false).
 Position: LorenzVec{x=701.5, y=90.0, z=348.5}
 DistanceC: 11.055073343081574
Relative Position: LorenzVec{x=-4.867041191048202, y=13.233632006042484, z=-11.055073343081574}
 }
00:50:32 `1v0420y526`48 missed {
 is already Found: false).
 Position: LorenzVec{x=695.5, y=90.0, z=414.5}
 DistanceC: 19.529036515279643
Relative Position: LorenzVec{x=-10.20214397353925, y=13.90064288614704, z=19.529036515279643}
 }
00:50:55 `1v0420y526`48 missed {
 is already Found: false).
 Position: LorenzVec{x=695.5, y=90.0, z=414.5}
 DistanceC: 15.192979327954163
Relative Position: LorenzVec{x=-15.192979327954163, y=20.233632006042484, z=3.5254735048109183}
 }
00:51:15 `1v0420y526`48 missed {
 is already Found: false).
 Position: LorenzVec{x=695.5, y=90.0, z=414.5}
 DistanceC: 11.632035725519813
Relative Position: LorenzVec{x=11.632035725519813, y=20.0, z=8.752320884287428}
 }
00:51:46 `1v0420y526`48 missed {
 is already Found: false).
 Position: LorenzVec{x=695.5, y=90.0, z=414.5}
 DistanceC: 17.283018782444458
Relative Position: LorenzVec{x=-6.670582312917418, y=16.109552546740034, z=17.283018782444458}
 }
00:51:52 `4240ex22vw`45 missed {
 is already Found: false).
 Position: LorenzVec{x=701.5, y=90.0, z=348.5}
 DistanceC: 16.574543679502426
Relative Position: LorenzVec{x=-16.574543679502426, y=20.0, z=-7.068394600418571}
 }
00:52:54 `1v0420y526`48 missed {
 is already Found: false).
 Position: LorenzVec{x=695.5, y=90.0, z=414.5}
 DistanceC: 16.276730873686404
Relative Position: LorenzVec{x=0.6367266452771219, y=18.058799960827827, z=16.276730873686404}
 }
00:53:07 `4240ex22vw`45 missed {
 is already Found: false).
 Position: LorenzVec{x=701.5, y=90.0, z=348.5}
 DistanceC: 11.890533252432533
Relative Position: LorenzVec{x=-11.890533252432533, y=15.32306778686987, z=-8.376362216223242}
 }
00:53:14 `4l4t9a4j0j`46 missed {
 is already Found: false).
 Position: LorenzVec{x=665.5, y=90.0, z=378.5}
 DistanceC: 22.295236800011196
Relative Position: LorenzVec{x=-16.238444212086165, y=15.8684366007884, z=-22.295236800011196}
 }
00:53:47 `4l4t9a4j0j`46 missed {
 is already Found: false).
 Position: LorenzVec{x=665.5, y=90.0, z=378.5}
 DistanceC: 13.179787083098176
Relative Position: LorenzVec{x=-13.179787083098176, y=13.768476202412984, z=-1.2874236264892716}
 }
00:54:24 `4240ex22vw`45 missed {
 is already Found: false).
 Position: LorenzVec{x=701.5, y=90.0, z=348.5}
 DistanceC: 21.212317052367666
Relative Position: LorenzVec{x=13.150557317872767, y=13.768476202412984, z=-21.212317052367666}
 }
00:54:42 `1v0420y526`48 missed {
 is already Found: false).
 Position: LorenzVec{x=695.5, y=90.0, z=414.5}
 DistanceC: 20.38813965293815
Relative Position: LorenzVec{x=-8.837526232615119, y=20.0, z=20.38813965293815}
 }
00:55:02 `1v0420y526`48 missed {
 is already Found: false).
 Position: LorenzVec{x=695.5, y=90.0, z=414.5}
 DistanceC: 13.153124886253067
Relative Position: LorenzVec{x=-2.5121579174920043, y=20.0, z=13.153124886253067}
 }
00:55:39 `1v0420y526`48 missed {
 is already Found: false).
 Position: LorenzVec{x=695.5, y=90.0, z=414.5}
 DistanceC: 11.743538589607624
Relative Position: LorenzVec{x=-9.307690858016713, y=20.0, z=11.743538589607624}
 }
00:55:59 `1v0420y526`48 missed {
 is already Found: false).
 Position: LorenzVec{x=695.5, y=90.0, z=414.5}
 DistanceC: 23.19999998807907
Relative Position: LorenzVec{x=23.19999998807907, y=21.0, z=-2.3657346917897826}
 }
00:56:08 `1v0420y526`48 missed {
 is already Found: false).
 Position: LorenzVec{x=695.5, y=90.0, z=414.5}
 DistanceC: 15.56479410693612
Relative Position: LorenzVec{x=-9.343380043637694, y=20.0, z=15.56479410693612}
 }
00:56:39 `1v0420y526`48 missed {
 is already Found: false).
 Position: LorenzVec{x=695.5, y=90.0, z=414.5}
 DistanceC: 14.015586727483935
Relative Position: LorenzVec{x=12.310330532354783, y=9.694561548248785, z=14.015586727483935}
 }
00:57:13 `1v0420y526`48 missed {
 is already Found: false).
 Position: LorenzVec{x=695.5, y=90.0, z=414.5}
 DistanceC: 20.599310595029067
Relative Position: LorenzVec{x=-10.330100626443254, y=20.0, z=20.599310595029067}
 }
00:58:17 `4l4t9a4j0j`46 missed {
 is already Found: false).
 Position: LorenzVec{x=665.5, y=90.0, z=378.5}
 DistanceC: 12.048235740479583
Relative Position: LorenzVec{x=3.7082728297444874, y=20.0, z=12.048235740479583}
 }
00:58:38 `1v0420y526`48 missed {
 is already Found: false).
 Position: LorenzVec{x=695.5, y=90.0, z=414.5}
 DistanceC: 10.75733590156085
Relative Position: LorenzVec{x=10.75733590156085, y=20.0, z=-0.02928774361697606}
 }
00:58:54 `4240ex22vw`45 missed {
 is already Found: false).
 Position: LorenzVec{x=701.5, y=90.0, z=348.5}
 DistanceC: 9.4501002208209
Relative Position: LorenzVec{x=9.4501002208209, y=11.768476202412984, z=-7.2181309828583835}
 }
00:59:34 `1v0420y526`48 missed {
 is already Found: false).
 Position: LorenzVec{x=695.5, y=90.0, z=414.5}
 DistanceC: 13.0
Relative Position: LorenzVec{x=-6.0, y=20.0, z=13.0}
 }
00:59:39 `1710hqami1`47 missed {
 is already Found: false).
 Position: LorenzVec{x=731.5, y=90.0, z=384.5}
 DistanceC: 15.582710019317403
Relative Position: LorenzVec{x=11.050517289942832, y=20.0, z=15.582710019317403}
 }
00:59:41 `4240ex22vw`45 missed {
 is already Found: false).
 Position: LorenzVec{x=701.5, y=90.0, z=348.5}
 DistanceC: 22.775952031244856
Relative Position: LorenzVec{x=-22.775952031244856, y=20.0, z=-18.512784537739435}
 }
01:01:21 `4240ex22vw`45 missed {
 is already Found: false).
 Position: LorenzVec{x=701.5, y=90.0, z=348.5}
 DistanceC: 11.0
Relative Position: LorenzVec{x=-9.0, y=20.0, z=11.0}
 }
01:01:53 `1v0420y526`48 missed {
 is already Found: false).
 Position: LorenzVec{x=695.5, y=90.0, z=414.5}
 DistanceC: 9.136247874607193
Relative Position: LorenzVec{x=-9.136247874607193, y=-6.766367993957516, z=0.13842430913723547}
 }
01:02:04 `4240ex22vw`45 missed {
 is already Found: false).
 Position: LorenzVec{x=701.5, y=90.0, z=348.5}
 DistanceC: 17.697892293772384
Relative Position: LorenzVec{x=-16.614169451652515, y=-18.5, z=-17.697892293772384}
 }
01:10:36 `1v0420y526`48 missed {
 is already Found: false).
 Position: LorenzVec{x=695.5, y=90.0, z=414.5}
 DistanceC: 21.629669803476474
Relative Position: LorenzVec{x=-2.783211648496035, y=0.0, z=21.629669803476474}
 }
01:10:48 `4240ex22vw`45 missed {
 is already Found: false).
 Position: LorenzVec{x=701.5, y=90.0, z=348.5}
 DistanceC: 23.275091441478594
Relative Position: LorenzVec{x=-4.5123317539691925, y=16.0, z=-23.275091441478594}
 }
01:11:55 `4240ex22vw`45 missed {
 is already Found: false).
 Position: LorenzVec{x=701.5, y=90.0, z=348.5}
 DistanceC: 7.0
Relative Position: LorenzVec{x=-2.0, y=-2.0, z=-7.0}
 }
01:12:14 `4240ex22vw`45 missed {
 is already Found: false).
 Position: LorenzVec{x=701.5, y=90.0, z=348.5}
 DistanceC: 22.887957262970872
Relative Position: LorenzVec{x=-22.887957262970872, y=5.323067786869871, z=10.470934386613521}
 }
01:12:36 `4240ex22vw`45 missed {
 is already Found: false).
 Position: LorenzVec{x=701.5, y=90.0, z=348.5}
 DistanceC: 16.458442087236676
Relative Position: LorenzVec{x=-1.9842830112902448, y=-13.854893299348362, z=-16.458442087236676}
 }
01:13:05 `1v0420y526`48 missed {
 is already Found: false).
 Position: LorenzVec{x=695.5, y=90.0, z=414.5}
 DistanceC: 20.97764351225834
Relative Position: LorenzVec{x=-20.655271863531198, y=15.768476202412984, z=20.97764351225834}
 }
01:13:12 `1710hqami1`47 missed {
 is already Found: false).
 Position: LorenzVec{x=731.5, y=90.0, z=384.5}
 DistanceC: 20.0
Relative Position: LorenzVec{x=20.0, y=0.0, z=4.0}
 }
01:14:19 `4l4t9a4j0j`46 missed {
 is already Found: false).
 Position: LorenzVec{x=665.5, y=90.0, z=378.5}
 DistanceC: 17.0
Relative Position: LorenzVec{x=14.0, y=9.0, z=17.0}
 }
01:15:09 `1710hqami1`47 missed {
 is already Found: false).
 Position: LorenzVec{x=731.5, y=90.0, z=384.5}
 DistanceC: 15.791671431092027
Relative Position: LorenzVec{x=15.791671431092027, y=0.0, z=-0.3419906915314641}
 }
01:16:34 `4l4t9a4j0j`46 missed {
 is already Found: false).
 Position: LorenzVec{x=665.5, y=90.0, z=378.5}
 DistanceC: 16.0
Relative Position: LorenzVec{x=-6.0, y=14.0, z=16.0}
 }
01:16:53 `4l4t9a4j0j`46 missed {
 is already Found: false).
 Position: LorenzVec{x=665.5, y=90.0, z=378.5}
 DistanceC: 22.995882708366025
Relative Position: LorenzVec{x=-22.995882708366025, y=-2.0, z=-8.007868724464515}
 }
01:17:02 `1710hqami1`47 missed {
 is already Found: false).
 Position: LorenzVec{x=731.5, y=90.0, z=384.5}
 DistanceC: 5.0
Relative Position: LorenzVec{x=-2.0, y=-6.0, z=5.0}
 }
01:17:19 `4240ex22vw`45 missed {
 is already Found: false).
 Position: LorenzVec{x=701.5, y=90.0, z=348.5}
 DistanceC: 23.807326366342863
Relative Position: LorenzVec{x=23.807326366342863, y=20.0, z=-22.117510065578756}
 }
01:17:26 `1v0420y526`48 missed {
 is already Found: false).
 Position: LorenzVec{x=695.5, y=90.0, z=414.5}
 DistanceC: 9.535759343319626
Relative Position: LorenzVec{x=-4.604340179881092, y=0.0, z=9.535759343319626}
 }
01:17:51 `4l4t9a4j0j`46 missed {
 is already Found: false).
 Position: LorenzVec{x=665.5, y=90.0, z=378.5}
 DistanceC: 17.082503729855773
Relative Position: LorenzVec{x=-8.634984217094484, y=11.768476202412984, z=17.082503729855773}
 }
01:17:54 `4240ex22vw`45 missed {
 is already Found: false).
 Position: LorenzVec{x=701.5, y=90.0, z=348.5}
 DistanceC: 16.723336045002725
Relative Position: LorenzVec{x=7.800000011920929, y=20.0, z=-16.723336045002725}
 }
01:20:42 `4l4t9a4j0j`46 missed {
 is already Found: false).
 Position: LorenzVec{x=665.5, y=90.0, z=378.5}
 DistanceC: 3.303672066412787
Relative Position: LorenzVec{x=-3.303672066412787, y=0.0, z=-0.8672517468236833}
 }
01:23:46 `4240ex22vw`45 missed {
 is already Found: false).
 Position: LorenzVec{x=701.5, y=90.0, z=348.5}
 DistanceC: 12.016178055066632
Relative Position: LorenzVec{x=-2.506511421956475, y=-3.7008323692605813, z=-12.016178055066632}
 }
01:23:54 `1710hqami1`47 missed {
 is already Found: false).
 Position: LorenzVec{x=731.5, y=90.0, z=384.5}
 DistanceC: 15.333455579552492
Relative Position: LorenzVec{x=15.333455579552492, y=0.0, z=3.2811630502814637}
 }
01:24:15 `1v0420y526`48 missed {
 is already Found: false).
 Position: LorenzVec{x=695.5, y=90.0, z=414.5}
 DistanceC: 20.301434829751827
Relative Position: LorenzVec{x=-4.064988235803867, y=0.0, z=20.301434829751827}
 }
01:24:56 `1710hqami1`47 missed {
 is already Found: false).
 Position: LorenzVec{x=731.5, y=90.0, z=384.5}
 DistanceC: 11.716570495821884
Relative Position: LorenzVec{x=4.33817335721244, y=0.0, z=11.716570495821884}
 }
01:25:23 `4240ex22vw`45 missed {
 is already Found: false).
 Position: LorenzVec{x=701.5, y=90.0, z=348.5}
 DistanceC: 23.800199656726363
Relative Position: LorenzVec{x=-23.800199656726363, y=-5.970441480937453, z=-21.52894958071073}
 }
01:29:28 `Zombie`627621 missed {
 is already Found: false).
 Position: LorenzVec{x=720.90625, y=70.0, z=365.46875}
 DistanceC: 19.96875
Relative Position: LorenzVec{x=16.40625, y=-27.0, z=19.96875}
 }
01:31:51 `1v0420y526`48 missed {
 is already Found: false).
 Position: LorenzVec{x=695.5, y=90.0, z=414.5}
 DistanceC: 5.214370197136873
Relative Position: LorenzVec{x=3.5926601431901872, y=0.0, z=5.214370197136873}
 }
01:32:10 `4l4t9a4j0j`46 missed {
 is already Found: false).
 Position: LorenzVec{x=665.5, y=90.0, z=378.5}
 DistanceC: 19.380723744758882
Relative Position: LorenzVec{x=-16.19999998807907, y=18.0, z=-19.380723744758882}
 }
01:32:34 `4240ex22vw`45 missed {
 is already Found: false).
 Position: LorenzVec{x=701.5, y=90.0, z=348.5}
 DistanceC: 15.0
Relative Position: LorenzVec{x=15.0, y=14.0, z=-13.0}
 }
01:32:34 `4l4t9a4j0j`46 missed {
 is already Found: false).
 Position: LorenzVec{x=665.5, y=90.0, z=378.5}
 DistanceC: 21.0
Relative Position: LorenzVec{x=-21.0, y=14.0, z=17.0}
 }
01:35:19 `1710hqami1`47 missed {
 is already Found: false).
 Position: LorenzVec{x=731.5, y=90.0, z=384.5}
 DistanceC: 14.811711342808394
Relative Position: LorenzVec{x=2.8820073131021218, y=2.0, z=14.811711342808394}
 }
01:35:32 `4l4t9a4j0j`46 missed {
 is already Found: false).
 Position: LorenzVec{x=665.5, y=90.0, z=378.5}
 DistanceC: 14.0
Relative Position: LorenzVec{x=-14.0, y=-2.0, z=2.0}
 }
01:44:56 `9913kptqy9`152 missed {
 is already Found: false).
 Position: LorenzVec{x=-30.0, y=213.49375, z=-89.0}
 DistanceC: 22.383158821965267
Relative Position: LorenzVec{x=-3.3163200081064623, y=13.493750000000006, z=22.383158821965267}
 }
01:45:38 `8p46zu50ru`8 missed {
 is already Found: false).
 Position: LorenzVec{x=5.375, y=200.0, z=-109.21875}
 DistanceC: 15.971968547844867
Relative Position: LorenzVec{x=-13.413926093600878, y=-1.5, z=15.971968547844867}
 }
01:45:45 `cg186pch8r`130 missed {
 is already Found: false).
 Position: LorenzVec{x=-37.5, y=200.0, z=-131.5}
 DistanceC: 17.698790482733514
Relative Position: LorenzVec{x=-17.698790482733514, y=0.0, z=-6.248713623579704}
 }
01:45:45 `3hiqj2v954`189 missed {
 is already Found: false).
 Position: LorenzVec{x=-38.0, y=200.0, z=-119.0}
 DistanceC: 18.198790482733514
Relative Position: LorenzVec{x=-18.198790482733514, y=0.0, z=6.251286376420296}
 }
01:46:05 `Villager`7 missed {
 is already Found: false).
 Position: LorenzVec{x=-6.5, y=201.0, z=-154.5}
 DistanceC: 22.90195059136792
Relative Position: LorenzVec{x=18.261212404705674, y=-2.0, z=-22.90195059136792}
 }
01:46:24 `103a921k76`110 missed {
 is already Found: false).
 Position: LorenzVec{x=87.5, y=199.0, z=-115.5}
 DistanceC: 18.989431287772604
Relative Position: LorenzVec{x=18.989431287772604, y=-0.0625, z=-13.751291308402045}
 }
01:46:24 `k2i653l3ws`119 missed {
 is already Found: false).
 Position: LorenzVec{x=88.0, y=199.0, z=-108.0}
 DistanceC: 19.489431287772604
Relative Position: LorenzVec{x=19.489431287772604, y=-0.0625, z=-6.251291308402045}
 }
01:46:24 `g0v5woi421`114 missed {
 is already Found: false).
 Position: LorenzVec{x=88.5, y=198.0, z=-98.5}
 DistanceC: 19.989431287772604
Relative Position: LorenzVec{x=19.989431287772604, y=-1.0625, z=3.2487086915979546}
 }
01:47:16 `jxjd6n45bd`123 missed {
 is already Found: false).
 Position: LorenzVec{x=-10.5, y=201.0, z=-103.5}
 DistanceC: 18.7391695544907
Relative Position: LorenzVec{x=4.439328255295747, y=1.0, z=18.7391695544907}
 }
01:47:18 `520yu92d0w`124 missed {
 is already Found: false).
 Position: LorenzVec{x=-15.5, y=201.0, z=-98.5}
 DistanceC: 23.7391695544907
Relative Position: LorenzVec{x=-0.5606717447042531, y=1.0, z=23.7391695544907}
 }
01:47:18 `8p46zu50ru`8 missed {
 is already Found: false).
 Position: LorenzVec{x=5.375, y=200.0, z=-109.21875}
 DistanceC: 20.31432825529575
Relative Position: LorenzVec{x=20.31432825529575, y=0.0, z=13.0204195544907}
 }
01:47:35 `9xibs9gmq7`5 missed {
 is already Found: false).
 Position: LorenzVec{x=13.5, y=201.0, z=-148.5}
 DistanceC: 20.0
Relative Position: LorenzVec{x=20.0, y=-14.091470789652504, z=-4.0}
 }
01:48:47 `l93rzv8t9e`137 missed {
 is already Found: false).
 Position: LorenzVec{x=33.5, y=201.93125, z=-139.5}
 DistanceC: 17.226913266571383
Relative Position: LorenzVec{x=17.226913266571383, y=-0.9903499984741018, z=-6.316360001050242}
 }
01:48:48 `65n4aed54u`134 missed {
 is already Found: false).
 Position: LorenzVec{x=35.5, y=201.93125, z=-148.5}
 DistanceC: 23.112209528975193
Relative Position: LorenzVec{x=23.112209528975193, y=-0.49034999847410177, z=-14.72433921156636}
 }
01:53:08 `323x8xxhp1`168 missed {
 is already Found: false).
 Position: LorenzVec{x=38.5, y=201.0, z=-85.5}
 DistanceC: 17.592549241745886
Relative Position: LorenzVec{x=-5.93652194967607, y=-14.0, z=17.592549241745886}
 }
01:54:24 `323x8xxhp1`168 missed {
 is already Found: false).
 Position: LorenzVec{x=38.5, y=201.0, z=-85.5}
 DistanceC: 13.0
Relative Position: LorenzVec{x=-1.0, y=-14.0, z=13.0}
 }
01:55:15 `1ufm5g59x2`113 missed {
 is already Found: false).
 Position: LorenzVec{x=84.0, y=224.0, z=-118.0}
 DistanceC: 21.54111455031827
Relative Position: LorenzVec{x=-8.699999988079071, y=-6.970441480937438, z=-21.54111455031827}
 }
01:56:04 `9xibs9gmq7`5 missed {
 is already Found: false).
 Position: LorenzVec{x=13.5, y=201.0, z=-148.5}
 DistanceC: 18.701104892974456
Relative Position: LorenzVec{x=-17.568125509542813, y=-1.0, z=-18.701104892974456}
 }
01:57:28 `3hiqj2v954`189 missed {
 is already Found: false).
 Position: LorenzVec{x=-38.0, y=200.0, z=-119.0}
 DistanceC: 7.963024381831218
Relative Position: LorenzVec{x=7.963024381831218, y=0.0, z=1.4405686288059485}
 }
01:57:28 `cg186pch8r`130 missed {
 is already Found: false).
 Position: LorenzVec{x=-37.5, y=200.0, z=-131.5}
 DistanceC: 11.144468527529853
Relative Position: LorenzVec{x=6.332169817359414, y=0.0, z=-11.144468527529853}
 }
01:57:38 `9xibs9gmq7`5 missed {
 is already Found: false).
 Position: LorenzVec{x=13.5, y=201.0, z=-148.5}
 DistanceC: 9.982560908421874
Relative Position: LorenzVec{x=-7.9910535998642445, y=-15.231523797587016, z=-9.982560908421874}
 }
01:58:03 `9913kptqy9`152 missed {
 is already Found: false).
 Position: LorenzVec{x=-30.0, y=213.49375, z=-89.0}
 DistanceC: 15.494188691023737
Relative Position: LorenzVec{x=-10.556405766947044, y=-2.5062499999999943, z=15.494188691023737}
 }
01:59:27 `323x8xxhp1`168 missed {
 is already Found: false).
 Position: LorenzVec{x=38.5, y=201.0, z=-85.5}
 DistanceC: 17.88897679836657
Relative Position: LorenzVec{x=-5.478692190856243, y=-14.0, z=17.88897679836657}
 }
01:59:47 `8p46zu50ru`8 missed {
 is already Found: false).
 Position: LorenzVec{x=5.375, y=200.0, z=-109.21875}
 DistanceC: 22.56336366717565
Relative Position: LorenzVec{x=-17.80167009769363, y=-2.0, z=22.56336366717565}
 }
01:59:51 `l93rzv8t9e`137 missed {
 is already Found: false).
 Position: LorenzVec{x=33.5, y=201.93125, z=-139.5}
 DistanceC: 12.756690537724939
Relative Position: LorenzVec{x=12.756690537724939, y=-0.06874999999999432, z=-7.7795722364307665}
 }
01:59:52 `9xibs9gmq7`5 missed {
 is already Found: false).
 Position: LorenzVec{x=13.5, y=201.0, z=-148.5}
 DistanceC: 12.808700425473745
Relative Position: LorenzVec{x=4.052477472380591, y=-1.0, z=-12.808700425473745}
 }
02:00:27 `1ufm5g59x2`113 missed {
 is already Found: false).
 Position: LorenzVec{x=84.0, y=224.0, z=-118.0}
 DistanceC: 18.820966552343407
Relative Position: LorenzVec{x=-7.012902479705403, y=-3.535840625044557, z=-18.820966552343407}
 }
02:01:08 `9xibs9gmq7`5 missed {
 is already Found: false).
 Position: LorenzVec{x=13.5, y=201.0, z=-148.5}
 DistanceC: 23.970502275568037
Relative Position: LorenzVec{x=-21.047839109400897, y=-8.75554316975041, z=-23.970502275568037}
 }
02:02:33 `jxjd6n45bd`123 missed {
 is already Found: false).
 Position: LorenzVec{x=-10.5, y=201.0, z=-103.5}
 DistanceC: 17.070824317334626
Relative Position: LorenzVec{x=-17.070824317334626, y=1.0, z=15.787413315131118}
 }
02:03:52 `l93rzv8t9e`137 missed {
 is already Found: false).
 Position: LorenzVec{x=33.5, y=201.93125, z=-139.5}
 DistanceC: 15.629934468128639
Relative Position: LorenzVec{x=-15.629934468128639, y=-13.168107113852955, z=-14.70161815990538}
 }
02:04:47 `8p46zu50ru`8 missed {
 is already Found: false).
 Position: LorenzVec{x=5.375, y=200.0, z=-109.21875}
 DistanceC: 10.39988696628869
Relative Position: LorenzVec{x=10.39988696628869, y=-5.98301735129175, z=8.804561385701618}
 }
02:10:06 `9913kptqy9`152 missed {
 is already Found: false).
 Position: LorenzVec{x=-30.0, y=213.49375, z=-89.0}
 DistanceC: 9.970438287581615
Relative Position: LorenzVec{x=-9.970438287581615, y=-9.506249999999994, z=6.315823430006432}
 }
02:12:13 `1ufm5g59x2`113 missed {
 is already Found: false).
 Position: LorenzVec{x=84.0, y=224.0, z=-118.0}
 DistanceC: 15.699999988079071
Relative Position: LorenzVec{x=15.699999988079071, y=0.0, z=9.231578046951682}
 }
02:16:34 `2r6u3368ch`188 missed {
 is already Found: false).
 Position: LorenzVec{x=-2.5, y=149.0, z=-68.5}
 DistanceC: 19.856265127551836
Relative Position: LorenzVec{x=6.6039220891418395, y=0.0, z=-19.856265127551836}
 }
02:22:07 `k63gp1ix2p`44 missed {
 is already Found: false).
 Position: LorenzVec{x=475.5, y=106.0, z=513.5}
 DistanceC: 19.026110162138025
Relative Position: LorenzVec{x=12.819869682803926, y=-9.0, z=-19.026110162138025}
 }
02:23:41 `6pa7043hj1`42 missed {
 is already Found: false).
 Position: LorenzVec{x=530.5, y=106.0, z=556.5}
 DistanceC: 23.073466019717102
Relative Position: LorenzVec{x=17.0, y=0.0, z=23.073466019717102}
 }
02:23:41 `63g39u070e`43 missed {
 is already Found: false).
 Position: LorenzVec{x=495.5, y=106.0, z=556.5}
 DistanceC: 23.073466019717102
Relative Position: LorenzVec{x=-18.0, y=0.0, z=23.073466019717102}
 }
02:26:38 `07ok8ui8wf`493 missed {
 is already Found: false).
 Position: LorenzVec{x=5.5, y=61.0, z=-134.0}
 DistanceC: 22.761638554575548
Relative Position: LorenzVec{x=-22.761638554575548, y=-9.0, z=-21.39880085415345}
 }
02:26:39 `me17drj9e5`260 missed {
 is already Found: false).
 Position: LorenzVec{x=51.5, y=71.0, z=-136.5}
 DistanceC: 23.89880085415345
Relative Position: LorenzVec{x=23.238361445424452, y=1.0, z=-23.89880085415345}
 }
03:04:49 `edmw7363rk`225 missed {
 is already Found: false).
 Position: LorenzVec{x=22.0, y=71.0, z=-45.5}
 DistanceC: 8.38925034799842
Relative Position: LorenzVec{x=-5.119295411966817, y=2.0, z=8.38925034799842}
 }
03:04:50 `gi14yu1brh`503 missed {
 is already Found: false).
 Position: LorenzVec{x=46.5, y=69.0, z=-34.5}
 DistanceC: 19.38925034799842
Relative Position: LorenzVec{x=19.380704588033183, y=0.0, z=19.38925034799842}
 }
03:07:16 `k2k01tn3rt`335 missed {
 is already Found: false).
 Position: LorenzVec{x=-41.5, y=70.0, z=-64.5}
 DistanceC: 22.326631567166046
Relative Position: LorenzVec{x=13.986161845706881, y=0.0, z=-22.326631567166046}
 }
03:10:06 `qk5kl3msu5`412 missed {
 is already Found: false).
 Position: LorenzVec{x=14.0, y=72.0, z=-106.0}
 DistanceC: 22.955377682516044
Relative Position: LorenzVec{x=0.2768562266046466, y=2.0, z=-22.955377682516044}
 }
03:10:07 `e36cg1rip2`19 missed {
 is already Found: false).
 Position: LorenzVec{x=4.5, y=72.0, z=-104.5}
 DistanceC: 21.455377682516044
Relative Position: LorenzVec{x=-9.223143773395353, y=2.0, z=-21.455377682516044}
 }
03:10:07 `925yr35k2h`326 missed {
 is already Found: false).
 Position: LorenzVec{x=31.5, y=71.0, z=-101.5}
 DistanceC: 18.455377682516044
Relative Position: LorenzVec{x=17.776856226604647, y=1.0, z=-18.455377682516044}
 }
03:10:07 `Villager`359 missed {
 is already Found: false).
 Position: LorenzVec{x=17.5, y=70.0, z=-99.0}
 DistanceC: 15.955377682516044
Relative Position: LorenzVec{x=3.7768562266046466, y=0.0, z=-15.955377682516044}
 }
03:10:07 `60nku1r40d`325 missed {
 is already Found: false).
 Position: LorenzVec{x=34.5, y=71.0, z=-96.5}
 DistanceC: 20.776856226604647
Relative Position: LorenzVec{x=20.776856226604647, y=1.0, z=-13.455377682516044}
 }
03:10:07 `4846219kc8`327 missed {
 is already Found: false).
 Position: LorenzVec{x=31.5, y=70.0, z=-94.5}
 DistanceC: 17.776856226604647
Relative Position: LorenzVec{x=17.776856226604647, y=0.0, z=-11.455377682516044}
 }
03:10:08 `f1p9n096s8`18 missed {
 is already Found: false).
 Position: LorenzVec{x=-3.5, y=72.0, z=-101.5}
 DistanceC: 18.455377682516044
Relative Position: LorenzVec{x=-17.223143773395353, y=2.0, z=-18.455377682516044}
 }
03:10:08 `b050pq9x46`411 missed {
 is already Found: false).
 Position: LorenzVec{x=7.0, y=70.0, z=-85.0}
 DistanceC: 6.723143773395353
Relative Position: LorenzVec{x=-6.723143773395353, y=0.0, z=-1.955377682516044}
 }
03:10:09 `g8ysh3121i`414 missed {
 is already Found: false).
 Position: LorenzVec{x=-7.5, y=70.0, z=-92.5}
 DistanceC: 22.46904627194489
Relative Position: LorenzVec{x=-7.773087491911926, y=0.0, z=-22.46904627194489}
 }
03:10:09 `0xl7ji8d3x`344 missed {
 is already Found: false).
 Position: LorenzVec{x=-10.0, y=70.0, z=-67.0}
 DistanceC: 6.182590324495079
Relative Position: LorenzVec{x=-6.182590324495079, y=-2.0037000391721733, z=-0.540833900887435}
 }
03:10:43 `l15t6e8w76`417 missed {
 is already Found: false).
 Position: LorenzVec{x=-36.0, y=73.0, z=-85.5}
 DistanceC: 15.182027664126991
Relative Position: LorenzVec{x=-15.182027664126991, y=-15.625, z=4.412109608650013}
 }
03:13:37 `Villager`245 missed {
 is already Found: false).
 Position: LorenzVec{x=-32.5, y=69.0, z=-135.5}
 DistanceC: 21.142357898984983
Relative Position: LorenzVec{x=2.7236474066876966, y=-15.535840625044557, z=21.142357898984983}
 }
03:14:44 `hxkzu76lr5`334 missed {
 is already Found: false).
 Position: LorenzVec{x=-49.5, y=70.0, z=-67.5}
 DistanceC: 22.19999998807907
Relative Position: LorenzVec{x=4.389712646484064, y=-18.0, z=22.19999998807907}
 }
03:14:45 `Villager`250 missed {
 is already Found: false).
 Position: LorenzVec{x=-35.5, y=69.0, z=-112.5}
 DistanceC: 22.80000001192093
Relative Position: LorenzVec{x=18.389712646484064, y=-19.0, z=-22.80000001192093}
 }
03:16:36 `Villager`250 missed {
 is already Found: false).
 Position: LorenzVec{x=-35.5, y=69.0, z=-112.5}
 DistanceC: 22.61121184678163
Relative Position: LorenzVec{x=9.658459865433457, y=-20.0, z=-22.61121184678163}
 }
03:16:36 `hxkzu76lr5`334 missed {
 is already Found: false).
 Position: LorenzVec{x=-49.5, y=70.0, z=-67.5}
 DistanceC: 22.38878815321837
Relative Position: LorenzVec{x=-4.341540134566543, y=-19.0, z=22.38878815321837}
 }
03:16:36 `ddz7yh8osj`416 missed {
 is already Found: false).
 Position: LorenzVec{x=-31.0, y=73.0, z=-85.5}
 DistanceC: 14.158459865433457
Relative Position: LorenzVec{x=14.158459865433457, y=-16.0, z=4.388788153218371}
 }
03:16:36 `bru0vpc171`418 missed {
 is already Found: false).
 Position: LorenzVec{x=-31.0, y=73.0, z=-95.5}
 DistanceC: 14.158459865433457
Relative Position: LorenzVec{x=14.158459865433457, y=-16.0, z=-5.611211846781629}
 }
03:16:36 `581v81w8az`524 missed {
 is already Found: false).
 Position: LorenzVec{x=-32.5, y=71.0, z=-76.5}
 DistanceC: 13.388788153218371
Relative Position: LorenzVec{x=12.658459865433457, y=-18.0, z=13.388788153218371}
 }
03:16:36 `l2v86u7dp1`525 missed {
 is already Found: false).
 Position: LorenzVec{x=-39.5, y=70.0, z=-78.90625}
 DistanceC: 10.982538153218371
Relative Position: LorenzVec{x=5.658459865433457, y=-19.0, z=10.982538153218371}
 }
03:16:43 `Villager`250 missed {
 is already Found: false).
 Position: LorenzVec{x=-35.5, y=69.0, z=-112.5}
 DistanceC: 23.587539027724617
Relative Position: LorenzVec{x=2.0464443247346367, y=-19.0, z=-23.587539027724617}
 }
03:16:43 `Villager`355 missed {
 is already Found: false).
 Position: LorenzVec{x=-16.5, y=70.0, z=-81.5}
 DistanceC: 21.046444324734637
Relative Position: LorenzVec{x=21.046444324734637, y=-18.0, z=7.412460972275383}
 }
03:16:43 `hxkzu76lr5`334 missed {
 is already Found: false).
 Position: LorenzVec{x=-49.5, y=70.0, z=-67.5}
 DistanceC: 21.412460972275383
Relative Position: LorenzVec{x=-11.953555675265363, y=-18.0, z=21.412460972275383}
 }
03:16:43 `bru0vpc171`418 missed {
 is already Found: false).
 Position: LorenzVec{x=-31.0, y=73.0, z=-95.5}
 DistanceC: 6.587539027724617
Relative Position: LorenzVec{x=6.546444324734637, y=-15.0, z=-6.587539027724617}
 }
03:16:43 `581v81w8az`524 missed {
 is already Found: false).
 Position: LorenzVec{x=-32.5, y=71.0, z=-76.5}
 DistanceC: 12.412460972275383
Relative Position: LorenzVec{x=5.046444324734637, y=-17.0, z=12.412460972275383}
 }
03:16:43 `l2v86u7dp1`525 missed {
 is already Found: false).
 Position: LorenzVec{x=-39.5, y=70.0, z=-78.90625}
 DistanceC: 10.006210972275383
Relative Position: LorenzVec{x=-1.9535556752653633, y=-18.0, z=10.006210972275383}
 }
03:16:43 `ddz7yh8osj`416 missed {
 is already Found: false).
 Position: LorenzVec{x=-31.0, y=73.0, z=-85.5}
 DistanceC: 6.546444324734637
Relative Position: LorenzVec{x=6.546444324734637, y=-15.0, z=3.412460972275383}
 }
03:16:44 `Villager`351 missed {
 is already Found: false).
 Position: LorenzVec{x=-25.6875, y=68.0, z=-103.09375}
 DistanceC: 14.181289027724617
Relative Position: LorenzVec{x=11.858944324734637, y=-20.0, z=-14.181289027724617}
 }
