12:04:50 Trying to load config from config/skyhanni/config.json
12:04:50 load-config-now
12:04:50 Loaded config from file
12:04:50 Trying to load sacks from config/skyhanni/sacks.json
12:04:50 load-sacks-now
12:04:50 Loaded sacks from file
12:04:50 Trying to load friends from config/skyhanni/friends.json
12:04:50 load-friends-now
12:04:50 Loaded friends from file
12:04:50 Trying to load known_features from config/skyhanni/known_features.json
12:04:50 load-known_features-now
12:04:50 Loaded known_features from file
12:04:50 Trying to load jacob_contests from config/skyhanni/jacob_contests.json
12:04:50 load-jacob_contests-now
12:04:50 Loaded jacob_contests from file
12:04:50 Trying to load visual_words from config/skyhanni/visual_words.json
12:04:50 Setting visual_words to be blank as it did not exist. It will be saved once something is written to it
12:05:04 saveConfig: Updated known feature flags
12:05:04 Saving known_features file
12:05:50 saveConfig: auto-save-60s
12:05:50 Saving config file
12:06:50 saveConfig: auto-save-60s
12:06:50 Saving config file
12:07:50 saveConfig: auto-save-60s
12:07:50 Saving config file
12:08:50 saveConfig: auto-save-60s
12:08:50 Saving config file
12:08:55 saveConfig: saving-data
12:08:55 Saving sacks file
12:08:56 saveConfig: saving-data
12:08:56 Saving sacks file
12:09:50 saveConfig: auto-save-60s
12:09:50 Saving config file
12:10:50 saveConfig: auto-save-60s
12:10:50 Saving config file
12:11:50 saveConfig: auto-save-60s
12:11:50 Saving config file
12:12:50 saveConfig: auto-save-60s
12:12:50 Saving config file
12:13:50 saveConfig: auto-save-60s
12:13:50 Saving config file
12:13:54 saveConfig: shutdown-hook
12:13:54 Saving config file
