18:21:40 DWARVEN_MINES
18:25:22 NONE
18:25:23 HUB
18:25:54 NONE
18:25:54 PRIVATE_ISLAND
18:28:31 NONE
18:28:31 DWARVEN_MINES
18:32:50 NONE
18:32:50 PRIVATE_ISLAND_GUEST
18:33:01 NONE
18:33:02 DWARVEN_MINES
18:35:28 NONE
18:35:28 HUB
18:35:37 NONE
18:35:38 PRIVATE_ISLAND
18:56:26 NONE
18:56:27 HUB
18:57:04 NONE
18:57:05 CRYSTAL_HOLLOWS
18:57:09 NONE
18:57:10 PRIVATE_ISLAND
18:57:18 NONE
18:57:18 CRYSTAL_HOLLOWS
18:57:24 NONE
18:57:25 CRYSTAL_HOLLOWS
19:47:59 NONE
19:48:00 PRIVATE_ISLAND
19:54:42 NONE
19:54:42 DWARVEN_MINES
21:05:07 NONE
21:05:10 DWARVEN_MINES
21:23:35 NONE
21:23:36 CRYSTAL_HOLLOWS
21:25:24 NONE
21:25:25 PRIVATE_ISLAND
21:25:48 NONE
21:25:48 CRYSTAL_HOLLOWS
21:25:59 NONE
21:25:59 PRIVATE_ISLAND
21:26:03 NONE
21:26:03 CRYSTAL_HOLLOWS
21:26:10 NONE
21:26:10 PRIVATE_ISLAND
21:26:15 NONE
21:26:15 CRYSTAL_HOLLOWS
21:30:57 NONE
21:30:59 HUB
21:31:05 NONE
21:31:06 CRYSTAL_HOLLOWS
21:50:16 NONE
21:52:38 DWARVEN_MINES
21:53:23 NONE
21:53:23 CRYSTAL_HOLLOWS
00:37:01 NONE
00:37:02 HUB
00:41:19 NONE
00:41:19 DWARVEN_MINES
00:42:19 NONE
00:42:20 HUB
