04:11:42 [EMPTY] §f §r§r§r§f §r§r§r§1 §r§r§r§0 §r§r§r§2 §r§r§r§f §r§r§r§f §r§r§r§2 §r§r§r§0 §r§r§r§4 §r§r§r§3 §r§r§r§9 §r§r§r§2 §r§r§r§0 §r§r§r§0 §r§r§r§3 §r§r§r§9 §r§r§r§2 §r§r§r§0 §r§r§r§0 §r§r§r§3 §r§r§r§9 §r§r§r§2 §r§r§r§0 §r§r§r§0 
04:11:42 [EMPTY] 
04:11:45 [EMPTY] §8 §r§8 §r§1 §r§3 §r§3 §r§7 §r§8 
04:11:47 [EMPTY] 
04:11:47 [EMPTY] 
04:11:49 [EMPTY]  
04:11:49 [STASH_COMPACT] §f              §7You have §3524,953 §7materials stashed away!
04:11:49 [STASH_COMPACT] §f             §8(This totals 20 types of materials stashed!)
04:11:49 [STASH_COMPACT] §f                §3§l>>> §3§lCLICK HERE§b to pick them up! §3§l<<<
04:11:49 [EMPTY]   
04:11:49 [EMPTY] §f
04:12:22 [EMPTY] §f
04:12:22 [EMPTY]  
04:12:22 [STASH_COMPACT] §f              §7You have §3524,953 §7materials stashed away!
04:12:22 [STASH_COMPACT] §f             §8(This totals 20 types of materials stashed!)
04:12:22 [STASH_COMPACT] §f                §3§l>>> §3§lCLICK HERE§b to pick them up! §3§l<<<
04:12:22 [EMPTY]   
04:13:23 [EMPTY]  
04:13:23 [STASH_COMPACT] §f              §7You have §3524,953 §7materials stashed away!
04:13:23 [STASH_COMPACT] §f             §8(This totals 20 types of materials stashed!)
04:13:23 [STASH_COMPACT] §f                §3§l>>> §3§lCLICK HERE§b to pick them up! §3§l<<<
04:13:23 [EMPTY]   
04:14:24 [EMPTY]  
04:14:24 [STASH_COMPACT] §f              §7You have §3524,953 §7materials stashed away!
04:14:24 [STASH_COMPACT] §f             §8(This totals 20 types of materials stashed!)
04:14:24 [STASH_COMPACT] §f                §3§l>>> §3§lCLICK HERE§b to pick them up! §3§l<<<
04:14:24 [EMPTY]   
04:15:02 [EMPTY] §8 §r§8 §r§1 §r§3 §r§3 §r§7 §r§8 
04:15:06 [EMPTY]  
04:15:06 [STASH_COMPACT] §f              §7You have §3524,953 §7materials stashed away!
04:15:06 [STASH_COMPACT] §f             §8(This totals 20 types of materials stashed!)
04:15:06 [STASH_COMPACT] §f                §3§l>>> §3§lCLICK HERE§b to pick them up! §3§l<<<
04:15:06 [EMPTY]   
04:15:23 [EMPTY] §8 §r§8 §r§1 §r§3 §r§3 §r§7 §r§8 
04:15:26 [EMPTY]  
04:15:26 [STASH_COMPACT] §f              §7You have §3524,953 §7materials stashed away!
04:15:26 [STASH_COMPACT] §f             §8(This totals 20 types of materials stashed!)
04:15:26 [STASH_COMPACT] §f                §3§l>>> §3§lCLICK HERE§b to pick them up! §3§l<<<
04:15:26 [EMPTY]   
04:15:27 [EMPTY] §8 §r§8 §r§1 §r§3 §r§3 §r§7 §r§8 
04:15:30 [EMPTY]  
04:15:30 [STASH_COMPACT] §f              §7You have §3524,953 §7materials stashed away!
04:15:30 [STASH_COMPACT] §f             §8(This totals 20 types of materials stashed!)
04:15:30 [STASH_COMPACT] §f                §3§l>>> §3§lCLICK HERE§b to pick them up! §3§l<<<
04:15:30 [EMPTY]   
04:15:52 [EMPTY] 
04:15:52 [EMPTY] 
04:15:57 [EMPTY]  
04:15:57 [STASH_COMPACT] §f              §7You have §3524,953 §7materials stashed away!
04:15:57 [STASH_COMPACT] §f             §8(This totals 20 types of materials stashed!)
04:15:57 [STASH_COMPACT] §f                §3§l>>> §3§lCLICK HERE§b to pick them up! §3§l<<<
04:15:57 [EMPTY]   
04:16:58 [EMPTY]  
04:16:58 [STASH_COMPACT] §f              §7You have §3524,953 §7materials stashed away!
04:16:58 [STASH_COMPACT] §f             §8(This totals 20 types of materials stashed!)
04:16:58 [STASH_COMPACT] §f                §3§l>>> §3§lCLICK HERE§b to pick them up! §3§l<<<
04:16:58 [EMPTY]   
04:18:00 [EMPTY]  
04:18:00 [STASH_COMPACT] §f              §7You have §3524,953 §7materials stashed away!
04:18:00 [STASH_COMPACT] §f             §8(This totals 20 types of materials stashed!)
04:18:00 [STASH_COMPACT] §f                §3§l>>> §3§lCLICK HERE§b to pick them up! §3§l<<<
04:18:00 [EMPTY]   
04:19:01 [EMPTY]  
04:19:01 [STASH_COMPACT] §f              §7You have §3524,953 §7materials stashed away!
04:19:01 [STASH_COMPACT] §f             §8(This totals 20 types of materials stashed!)
04:19:01 [STASH_COMPACT] §f                §3§l>>> §3§lCLICK HERE§b to pick them up! §3§l<<<
04:19:01 [EMPTY]   
04:20:02 [EMPTY]  
04:20:02 [STASH_COMPACT] §f              §7You have §3524,953 §7materials stashed away!
04:20:02 [STASH_COMPACT] §f             §8(This totals 20 types of materials stashed!)
04:20:02 [STASH_COMPACT] §f                §3§l>>> §3§lCLICK HERE§b to pick them up! §3§l<<<
04:20:02 [EMPTY]   
04:21:03 [EMPTY]  
04:21:03 [STASH_COMPACT] §f              §7You have §3524,953 §7materials stashed away!
04:21:03 [STASH_COMPACT] §f             §8(This totals 20 types of materials stashed!)
04:21:03 [STASH_COMPACT] §f                §3§l>>> §3§lCLICK HERE§b to pick them up! §3§l<<<
04:21:03 [EMPTY]   
04:22:04 [EMPTY]  
04:22:04 [STASH_COMPACT] §f              §7You have §3524,953 §7materials stashed away!
04:22:04 [STASH_COMPACT] §f             §8(This totals 20 types of materials stashed!)
04:22:04 [STASH_COMPACT] §f                §3§l>>> §3§lCLICK HERE§b to pick them up! §3§l<<<
04:22:04 [EMPTY]   
04:23:05 [EMPTY]  
04:23:05 [STASH_COMPACT] §f              §7You have §3524,953 §7materials stashed away!
04:23:05 [STASH_COMPACT] §f             §8(This totals 20 types of materials stashed!)
04:23:05 [STASH_COMPACT] §f                §3§l>>> §3§lCLICK HERE§b to pick them up! §3§l<<<
04:23:05 [EMPTY]   
04:24:06 [EMPTY]  
04:24:06 [STASH_COMPACT] §f              §7You have §3524,953 §7materials stashed away!
04:24:06 [STASH_COMPACT] §f             §8(This totals 20 types of materials stashed!)
04:24:06 [STASH_COMPACT] §f                §3§l>>> §3§lCLICK HERE§b to pick them up! §3§l<<<
04:24:06 [EMPTY]   
04:25:07 [EMPTY]  
04:25:07 [STASH_COMPACT] §f              §7You have §3524,953 §7materials stashed away!
04:25:07 [STASH_COMPACT] §f             §8(This totals 20 types of materials stashed!)
04:25:07 [STASH_COMPACT] §f                §3§l>>> §3§lCLICK HERE§b to pick them up! §3§l<<<
04:25:07 [EMPTY]   
04:26:08 [EMPTY]  
04:26:08 [STASH_COMPACT] §f              §7You have §3524,953 §7materials stashed away!
04:26:08 [STASH_COMPACT] §f             §8(This totals 20 types of materials stashed!)
04:26:08 [STASH_COMPACT] §f                §3§l>>> §3§lCLICK HERE§b to pick them up! §3§l<<<
04:26:08 [EMPTY]   
04:27:09 [EMPTY]  
04:27:09 [STASH_COMPACT] §f              §7You have §3524,953 §7materials stashed away!
04:27:09 [STASH_COMPACT] §f             §8(This totals 20 types of materials stashed!)
04:27:09 [STASH_COMPACT] §f                §3§l>>> §3§lCLICK HERE§b to pick them up! §3§l<<<
04:27:09 [EMPTY]   
04:28:10 [EMPTY]  
04:28:10 [STASH_COMPACT] §f              §7You have §3524,953 §7materials stashed away!
04:28:10 [STASH_COMPACT] §f             §8(This totals 20 types of materials stashed!)
04:28:10 [STASH_COMPACT] §f                §3§l>>> §3§lCLICK HERE§b to pick them up! §3§l<<<
04:28:10 [EMPTY]   
04:29:11 [EMPTY]  
04:29:11 [STASH_COMPACT] §f              §7You have §3524,953 §7materials stashed away!
04:29:11 [STASH_COMPACT] §f             §8(This totals 20 types of materials stashed!)
04:29:11 [STASH_COMPACT] §f                §3§l>>> §3§lCLICK HERE§b to pick them up! §3§l<<<
04:29:11 [EMPTY]   
04:30:12 [EMPTY]  
04:30:12 [STASH_COMPACT] §f              §7You have §3524,953 §7materials stashed away!
04:30:12 [STASH_COMPACT] §f             §8(This totals 20 types of materials stashed!)
04:30:12 [STASH_COMPACT] §f                §3§l>>> §3§lCLICK HERE§b to pick them up! §3§l<<<
04:30:12 [EMPTY]   
04:31:12 [EMPTY]  
04:31:12 [STASH_COMPACT] §f              §7You have §3524,953 §7materials stashed away!
04:31:12 [STASH_COMPACT] §f             §8(This totals 20 types of materials stashed!)
04:31:12 [STASH_COMPACT] §f                §3§l>>> §3§lCLICK HERE§b to pick them up! §3§l<<<
04:31:12 [EMPTY]   
04:32:14 [EMPTY]  
04:32:14 [STASH_COMPACT] §f              §7You have §3524,953 §7materials stashed away!
04:32:14 [STASH_COMPACT] §f             §8(This totals 20 types of materials stashed!)
04:32:14 [STASH_COMPACT] §f                §3§l>>> §3§lCLICK HERE§b to pick them up! §3§l<<<
04:32:14 [EMPTY]   
04:33:15 [EMPTY]  
04:33:15 [STASH_COMPACT] §f              §7You have §3524,953 §7materials stashed away!
04:33:15 [STASH_COMPACT] §f             §8(This totals 20 types of materials stashed!)
04:33:15 [STASH_COMPACT] §f                §3§l>>> §3§lCLICK HERE§b to pick them up! §3§l<<<
04:33:15 [EMPTY]   
04:34:16 [EMPTY]  
04:34:16 [STASH_COMPACT] §f              §7You have §3524,953 §7materials stashed away!
04:34:16 [STASH_COMPACT] §f             §8(This totals 20 types of materials stashed!)
04:34:16 [STASH_COMPACT] §f                §3§l>>> §3§lCLICK HERE§b to pick them up! §3§l<<<
04:34:16 [EMPTY]   
04:35:01 [SKYMALL] §bNew day! §r§eYour §r§2Sky Mall §r§ebuff changed!
04:35:01 [SKYMALL] §eNew buff§r§r§r: §r§fGain §r§a+15% §r§fmore Powder while mining.
04:35:01 [SKYMALL] §8§oYou can disable this messaging by toggling Sky Mall in your /hotm!
04:35:17 [EMPTY]  
04:35:17 [STASH_COMPACT] §f              §7You have §3524,953 §7materials stashed away!
04:35:17 [STASH_COMPACT] §f             §8(This totals 20 types of materials stashed!)
04:35:17 [STASH_COMPACT] §f                §3§l>>> §3§lCLICK HERE§b to pick them up! §3§l<<<
04:35:17 [EMPTY]   
04:36:18 [EMPTY]  
04:36:18 [STASH_COMPACT] §f              §7You have §3524,953 §7materials stashed away!
04:36:18 [STASH_COMPACT] §f             §8(This totals 20 types of materials stashed!)
04:36:18 [STASH_COMPACT] §f                §3§l>>> §3§lCLICK HERE§b to pick them up! §3§l<<<
04:36:18 [EMPTY]   
04:37:19 [EMPTY]  
04:37:19 [STASH_COMPACT] §f              §7You have §3524,953 §7materials stashed away!
04:37:19 [STASH_COMPACT] §f             §8(This totals 20 types of materials stashed!)
04:37:19 [STASH_COMPACT] §f                §3§l>>> §3§lCLICK HERE§b to pick them up! §3§l<<<
04:37:19 [EMPTY]   
04:38:19 [EMPTY]  
04:38:19 [STASH_COMPACT] §f              §7You have §3524,953 §7materials stashed away!
04:38:19 [STASH_COMPACT] §f             §8(This totals 20 types of materials stashed!)
04:38:19 [STASH_COMPACT] §f                §3§l>>> §3§lCLICK HERE§b to pick them up! §3§l<<<
04:38:19 [EMPTY]   
04:39:20 [EMPTY]  
04:39:20 [STASH_COMPACT] §f              §7You have §3524,953 §7materials stashed away!
04:39:20 [STASH_COMPACT] §f             §8(This totals 20 types of materials stashed!)
04:39:20 [STASH_COMPACT] §f                §3§l>>> §3§lCLICK HERE§b to pick them up! §3§l<<<
04:39:20 [EMPTY]   
04:40:21 [EMPTY]  
04:40:21 [STASH_COMPACT] §f              §7You have §3524,953 §7materials stashed away!
04:40:21 [STASH_COMPACT] §f             §8(This totals 20 types of materials stashed!)
04:40:21 [STASH_COMPACT] §f                §3§l>>> §3§lCLICK HERE§b to pick them up! §3§l<<<
04:40:21 [EMPTY]   
04:41:21 [EMPTY]  
04:41:21 [STASH_COMPACT] §f              §7You have §3524,953 §7materials stashed away!
04:41:21 [STASH_COMPACT] §f             §8(This totals 20 types of materials stashed!)
04:41:21 [STASH_COMPACT] §f                §3§l>>> §3§lCLICK HERE§b to pick them up! §3§l<<<
04:41:21 [EMPTY]   
04:42:22 [EMPTY]  
04:42:22 [STASH_COMPACT] §f              §7You have §3524,953 §7materials stashed away!
04:42:22 [STASH_COMPACT] §f             §8(This totals 20 types of materials stashed!)
04:42:22 [STASH_COMPACT] §f                §3§l>>> §3§lCLICK HERE§b to pick them up! §3§l<<<
04:42:22 [EMPTY]   
04:43:23 [EMPTY]  
04:43:23 [STASH_COMPACT] §f              §7You have §3524,953 §7materials stashed away!
04:43:23 [STASH_COMPACT] §f             §8(This totals 20 types of materials stashed!)
04:43:23 [STASH_COMPACT] §f                §3§l>>> §3§lCLICK HERE§b to pick them up! §3§l<<<
04:43:23 [EMPTY]   
04:44:24 [EMPTY]  
04:44:24 [STASH_COMPACT] §f              §7You have §3524,953 §7materials stashed away!
04:44:24 [STASH_COMPACT] §f             §8(This totals 20 types of materials stashed!)
04:44:24 [STASH_COMPACT] §f                §3§l>>> §3§lCLICK HERE§b to pick them up! §3§l<<<
04:44:24 [EMPTY]   
04:45:25 [EMPTY]  
04:45:25 [STASH_COMPACT] §f              §7You have §3524,953 §7materials stashed away!
04:45:25 [STASH_COMPACT] §f             §8(This totals 20 types of materials stashed!)
04:45:25 [STASH_COMPACT] §f                §3§l>>> §3§lCLICK HERE§b to pick them up! §3§l<<<
04:45:25 [EMPTY]   
04:46:26 [EMPTY]  
04:46:26 [STASH_COMPACT] §f              §7You have §3524,953 §7materials stashed away!
04:46:26 [STASH_COMPACT] §f             §8(This totals 20 types of materials stashed!)
04:46:26 [STASH_COMPACT] §f                §3§l>>> §3§lCLICK HERE§b to pick them up! §3§l<<<
04:46:26 [EMPTY]   
04:47:27 [EMPTY]  
04:47:27 [STASH_COMPACT] §f              §7You have §3524,953 §7materials stashed away!
04:47:27 [STASH_COMPACT] §f             §8(This totals 20 types of materials stashed!)
04:47:27 [STASH_COMPACT] §f                §3§l>>> §3§lCLICK HERE§b to pick them up! §3§l<<<
04:47:27 [EMPTY]   
04:47:33 [EMPTY] §f
04:48:28 [EMPTY]  
04:48:28 [STASH_COMPACT] §f              §7You have §3524,953 §7materials stashed away!
04:48:28 [STASH_COMPACT] §f             §8(This totals 20 types of materials stashed!)
04:48:28 [STASH_COMPACT] §f                §3§l>>> §3§lCLICK HERE§b to pick them up! §3§l<<<
04:48:28 [EMPTY]   
04:49:29 [EMPTY]  
04:49:29 [STASH_COMPACT] §f              §7You have §3524,953 §7materials stashed away!
04:49:29 [STASH_COMPACT] §f             §8(This totals 20 types of materials stashed!)
04:49:29 [STASH_COMPACT] §f                §3§l>>> §3§lCLICK HERE§b to pick them up! §3§l<<<
04:49:29 [EMPTY]   
04:50:30 [EMPTY]  
04:50:30 [STASH_COMPACT] §f              §7You have §3524,953 §7materials stashed away!
04:50:30 [STASH_COMPACT] §f             §8(This totals 20 types of materials stashed!)
04:50:30 [STASH_COMPACT] §f                §3§l>>> §3§lCLICK HERE§b to pick them up! §3§l<<<
04:50:30 [EMPTY]   
04:51:33 [EMPTY]  
04:51:33 [STASH_COMPACT] §f              §7You have §3524,953 §7materials stashed away!
04:51:33 [STASH_COMPACT] §f             §8(This totals 20 types of materials stashed!)
04:51:33 [STASH_COMPACT] §f                §3§l>>> §3§lCLICK HERE§b to pick them up! §3§l<<<
04:51:33 [EMPTY]   
04:52:34 [EMPTY]  
04:52:34 [STASH_COMPACT] §f              §7You have §3524,953 §7materials stashed away!
04:52:34 [STASH_COMPACT] §f             §8(This totals 20 types of materials stashed!)
04:52:34 [STASH_COMPACT] §f                §3§l>>> §3§lCLICK HERE§b to pick them up! §3§l<<<
04:52:34 [EMPTY]   
04:53:35 [EMPTY]  
04:53:35 [STASH_COMPACT] §f              §7You have §3524,953 §7materials stashed away!
04:53:35 [STASH_COMPACT] §f             §8(This totals 20 types of materials stashed!)
04:53:35 [STASH_COMPACT] §f                §3§l>>> §3§lCLICK HERE§b to pick them up! §3§l<<<
04:53:35 [EMPTY]   
04:54:13 [EMPTY] 
04:54:36 [EMPTY]  
04:54:36 [STASH_COMPACT] §f              §7You have §3524,953 §7materials stashed away!
04:54:36 [STASH_COMPACT] §f             §8(This totals 20 types of materials stashed!)
04:54:36 [STASH_COMPACT] §f                §3§l>>> §3§lCLICK HERE§b to pick them up! §3§l<<<
04:54:36 [EMPTY]   
04:55:01 [SKYMALL] §bNew day! §r§eYour §r§2Sky Mall §r§ebuff changed!
04:55:01 [SKYMALL] §eNew buff§r§r§r: §r§f§r§a-20%§r§f Pickaxe Ability cooldowns.
04:55:01 [SKYMALL] §8§oYou can disable this messaging by toggling Sky Mall in your /hotm!
04:55:36 [EMPTY]  
04:55:36 [STASH_COMPACT] §f              §7You have §3524,953 §7materials stashed away!
04:55:36 [STASH_COMPACT] §f             §8(This totals 20 types of materials stashed!)
04:55:36 [STASH_COMPACT] §f                §3§l>>> §3§lCLICK HERE§b to pick them up! §3§l<<<
04:55:36 [EMPTY]   
04:56:37 [EMPTY]  
04:56:37 [STASH_COMPACT] §f              §7You have §3524,953 §7materials stashed away!
04:56:37 [STASH_COMPACT] §f             §8(This totals 20 types of materials stashed!)
04:56:37 [STASH_COMPACT] §f                §3§l>>> §3§lCLICK HERE§b to pick them up! §3§l<<<
04:56:37 [EMPTY]   
04:57:38 [EMPTY]  
04:57:38 [STASH_COMPACT] §f              §7You have §3524,953 §7materials stashed away!
04:57:38 [STASH_COMPACT] §f             §8(This totals 20 types of materials stashed!)
04:57:38 [STASH_COMPACT] §f                §3§l>>> §3§lCLICK HERE§b to pick them up! §3§l<<<
04:57:38 [EMPTY]   
04:58:39 [EMPTY]  
04:58:39 [STASH_COMPACT] §f              §7You have §3524,953 §7materials stashed away!
04:58:39 [STASH_COMPACT] §f             §8(This totals 20 types of materials stashed!)
04:58:39 [STASH_COMPACT] §f                §3§l>>> §3§lCLICK HERE§b to pick them up! §3§l<<<
04:58:39 [EMPTY]   
04:59:40 [EMPTY]  
04:59:40 [STASH_COMPACT] §f              §7You have §3524,953 §7materials stashed away!
04:59:40 [STASH_COMPACT] §f             §8(This totals 20 types of materials stashed!)
04:59:40 [STASH_COMPACT] §f                §3§l>>> §3§lCLICK HERE§b to pick them up! §3§l<<<
04:59:40 [EMPTY]   
05:00:09 [EMPTY] §f
05:00:09 [EMPTY] §c
05:00:41 [EMPTY]  
05:00:41 [STASH_COMPACT] §f              §7You have §3524,953 §7materials stashed away!
05:00:41 [STASH_COMPACT] §f             §8(This totals 20 types of materials stashed!)
05:00:41 [STASH_COMPACT] §f                §3§l>>> §3§lCLICK HERE§b to pick them up! §3§l<<<
05:00:41 [EMPTY]   
05:01:42 [EMPTY]  
05:01:42 [STASH_COMPACT] §f              §7You have §3524,953 §7materials stashed away!
05:01:42 [STASH_COMPACT] §f             §8(This totals 20 types of materials stashed!)
05:01:42 [STASH_COMPACT] §f                §3§l>>> §3§lCLICK HERE§b to pick them up! §3§l<<<
05:01:42 [EMPTY]   
05:02:43 [EMPTY]  
05:02:43 [STASH_COMPACT] §f              §7You have §3524,953 §7materials stashed away!
05:02:43 [STASH_COMPACT] §f             §8(This totals 20 types of materials stashed!)
05:02:43 [STASH_COMPACT] §f                §3§l>>> §3§lCLICK HERE§b to pick them up! §3§l<<<
05:02:43 [EMPTY]   
05:03:43 [EMPTY]  
05:03:43 [STASH_COMPACT] §f              §7You have §3524,953 §7materials stashed away!
05:03:43 [STASH_COMPACT] §f             §8(This totals 20 types of materials stashed!)
05:03:43 [STASH_COMPACT] §f                §3§l>>> §3§lCLICK HERE§b to pick them up! §3§l<<<
05:03:43 [EMPTY]   
05:04:44 [EMPTY]  
05:04:44 [STASH_COMPACT] §f              §7You have §3524,953 §7materials stashed away!
05:04:44 [STASH_COMPACT] §f             §8(This totals 20 types of materials stashed!)
05:04:44 [STASH_COMPACT] §f                §3§l>>> §3§lCLICK HERE§b to pick them up! §3§l<<<
05:04:44 [EMPTY]   
05:05:45 [EMPTY]  
05:05:45 [STASH_COMPACT] §f              §7You have §3524,953 §7materials stashed away!
05:05:45 [STASH_COMPACT] §f             §8(This totals 20 types of materials stashed!)
05:05:45 [STASH_COMPACT] §f                §3§l>>> §3§lCLICK HERE§b to pick them up! §3§l<<<
05:05:45 [EMPTY]   
05:06:46 [EMPTY]  
05:06:46 [STASH_COMPACT] §f              §7You have §3524,953 §7materials stashed away!
05:06:46 [STASH_COMPACT] §f             §8(This totals 20 types of materials stashed!)
05:06:46 [STASH_COMPACT] §f                §3§l>>> §3§lCLICK HERE§b to pick them up! §3§l<<<
05:06:46 [EMPTY]   
05:07:47 [EMPTY]  
05:07:47 [STASH_COMPACT] §f              §7You have §3524,953 §7materials stashed away!
05:07:47 [STASH_COMPACT] §f             §8(This totals 20 types of materials stashed!)
05:07:47 [STASH_COMPACT] §f                §3§l>>> §3§lCLICK HERE§b to pick them up! §3§l<<<
05:07:47 [EMPTY]   
05:08:48 [EMPTY]  
05:08:48 [STASH_COMPACT] §f              §7You have §3524,953 §7materials stashed away!
05:08:48 [STASH_COMPACT] §f             §8(This totals 20 types of materials stashed!)
05:08:48 [STASH_COMPACT] §f                §3§l>>> §3§lCLICK HERE§b to pick them up! §3§l<<<
05:08:48 [EMPTY]   
05:09:49 [EMPTY]  
05:09:49 [STASH_COMPACT] §f              §7You have §3524,953 §7materials stashed away!
05:09:49 [STASH_COMPACT] §f             §8(This totals 20 types of materials stashed!)
05:09:49 [STASH_COMPACT] §f                §3§l>>> §3§lCLICK HERE§b to pick them up! §3§l<<<
05:09:49 [EMPTY]   
05:10:50 [EMPTY]  
05:10:50 [STASH_COMPACT] §f              §7You have §3524,953 §7materials stashed away!
05:10:50 [STASH_COMPACT] §f             §8(This totals 20 types of materials stashed!)
05:10:50 [STASH_COMPACT] §f                §3§l>>> §3§lCLICK HERE§b to pick them up! §3§l<<<
05:10:50 [EMPTY]   
05:11:51 [EMPTY]  
05:11:51 [STASH_COMPACT] §f              §7You have §3524,953 §7materials stashed away!
05:11:51 [STASH_COMPACT] §f             §8(This totals 20 types of materials stashed!)
05:11:51 [STASH_COMPACT] §f                §3§l>>> §3§lCLICK HERE§b to pick them up! §3§l<<<
05:11:51 [EMPTY]   
05:12:51 [EMPTY]  
05:12:51 [STASH_COMPACT] §f              §7You have §3524,953 §7materials stashed away!
05:12:51 [STASH_COMPACT] §f             §8(This totals 20 types of materials stashed!)
05:12:51 [STASH_COMPACT] §f                §3§l>>> §3§lCLICK HERE§b to pick them up! §3§l<<<
05:12:51 [EMPTY]   
05:13:52 [EMPTY]  
05:13:52 [STASH_COMPACT] §f              §7You have §3524,953 §7materials stashed away!
05:13:52 [STASH_COMPACT] §f             §8(This totals 20 types of materials stashed!)
05:13:52 [STASH_COMPACT] §f                §3§l>>> §3§lCLICK HERE§b to pick them up! §3§l<<<
05:13:52 [EMPTY]   
05:14:53 [EMPTY]  
05:14:53 [STASH_COMPACT] §f              §7You have §3524,953 §7materials stashed away!
05:14:53 [STASH_COMPACT] §f             §8(This totals 20 types of materials stashed!)
05:14:53 [STASH_COMPACT] §f                §3§l>>> §3§lCLICK HERE§b to pick them up! §3§l<<<
05:14:53 [EMPTY]   
05:15:01 [SKYMALL] §bNew day! §r§eYour §r§2Sky Mall §r§ebuff changed!
05:15:01 [SKYMALL] §eNew buff§r§r§r: §r§f§r§a-20%§r§f Pickaxe Ability cooldowns.
05:15:01 [SKYMALL] §8§oYou can disable this messaging by toggling Sky Mall in your /hotm!
05:15:54 [EMPTY]  
05:15:54 [STASH_COMPACT] §f              §7You have §3524,953 §7materials stashed away!
05:15:54 [STASH_COMPACT] §f             §8(This totals 20 types of materials stashed!)
05:15:54 [STASH_COMPACT] §f                §3§l>>> §3§lCLICK HERE§b to pick them up! §3§l<<<
05:15:54 [EMPTY]   
05:16:38 [EMPTY] §8 §r§8 §r§1 §r§3 §r§3 §r§7 §r§8 
05:16:42 [EMPTY]  
05:16:42 [STASH_COMPACT] §f              §7You have §3524,953 §7materials stashed away!
05:16:42 [STASH_COMPACT] §f             §8(This totals 20 types of materials stashed!)
05:16:42 [STASH_COMPACT] §f                §3§l>>> §3§lCLICK HERE§b to pick them up! §3§l<<<
05:16:42 [EMPTY]   
05:17:17 [EMPTY]  
05:17:17 [STASH_COMPACT] §f              §7You have §3524,953 §7materials stashed away!
05:17:17 [STASH_COMPACT] §f             §8(This totals 20 types of materials stashed!)
05:17:17 [STASH_COMPACT] §f                §3§l>>> §3§lCLICK HERE§b to pick them up! §3§l<<<
05:17:17 [EMPTY]   
05:18:18 [EMPTY]  
05:18:18 [STASH_COMPACT] §f              §7You have §3524,953 §7materials stashed away!
05:18:18 [STASH_COMPACT] §f             §8(This totals 20 types of materials stashed!)
05:18:18 [STASH_COMPACT] §f                §3§l>>> §3§lCLICK HERE§b to pick them up! §3§l<<<
05:18:18 [EMPTY]   
05:19:15 [EMPTY] 
05:19:15 [EMPTY] 
05:19:18 [EMPTY]  
05:19:18 [STASH_COMPACT] §f              §7You have §3524,953 §7materials stashed away!
05:19:18 [STASH_COMPACT] §f             §8(This totals 20 types of materials stashed!)
05:19:18 [STASH_COMPACT] §f                §3§l>>> §3§lCLICK HERE§b to pick them up! §3§l<<<
05:19:18 [EMPTY]   
05:20:19 [EMPTY]  
05:20:19 [STASH_COMPACT] §f              §7You have §3524,953 §7materials stashed away!
05:20:19 [STASH_COMPACT] §f             §8(This totals 20 types of materials stashed!)
05:20:19 [STASH_COMPACT] §f                §3§l>>> §3§lCLICK HERE§b to pick them up! §3§l<<<
05:20:19 [EMPTY]   
05:21:19 [EMPTY]  
05:21:19 [STASH_COMPACT] §f              §7You have §3524,953 §7materials stashed away!
05:21:19 [STASH_COMPACT] §f             §8(This totals 20 types of materials stashed!)
05:21:19 [STASH_COMPACT] §f                §3§l>>> §3§lCLICK HERE§b to pick them up! §3§l<<<
05:21:19 [EMPTY]   
05:22:20 [EMPTY]  
05:22:20 [STASH_COMPACT] §f              §7You have §3524,953 §7materials stashed away!
05:22:20 [STASH_COMPACT] §f             §8(This totals 20 types of materials stashed!)
05:22:20 [STASH_COMPACT] §f                §3§l>>> §3§lCLICK HERE§b to pick them up! §3§l<<<
05:22:20 [EMPTY]   
05:23:20 [EMPTY]  
05:23:20 [STASH_COMPACT] §f              §7You have §3524,953 §7materials stashed away!
05:23:20 [STASH_COMPACT] §f             §8(This totals 20 types of materials stashed!)
05:23:20 [STASH_COMPACT] §f                §3§l>>> §3§lCLICK HERE§b to pick them up! §3§l<<<
05:23:20 [EMPTY]   
05:24:21 [EMPTY]  
05:24:21 [STASH_COMPACT] §f              §7You have §3524,953 §7materials stashed away!
05:24:21 [STASH_COMPACT] §f             §8(This totals 20 types of materials stashed!)
05:24:21 [STASH_COMPACT] §f                §3§l>>> §3§lCLICK HERE§b to pick them up! §3§l<<<
05:24:21 [EMPTY]   
05:25:22 [EMPTY]  
05:25:22 [STASH_COMPACT] §f              §7You have §3524,953 §7materials stashed away!
05:25:22 [STASH_COMPACT] §f             §8(This totals 20 types of materials stashed!)
05:25:22 [STASH_COMPACT] §f                §3§l>>> §3§lCLICK HERE§b to pick them up! §3§l<<<
05:25:22 [EMPTY]   
05:26:22 [EMPTY]  
05:26:22 [STASH_COMPACT] §f              §7You have §3524,953 §7materials stashed away!
05:26:22 [STASH_COMPACT] §f             §8(This totals 20 types of materials stashed!)
05:26:22 [STASH_COMPACT] §f                §3§l>>> §3§lCLICK HERE§b to pick them up! §3§l<<<
05:26:22 [EMPTY]   
05:27:23 [EMPTY]  
05:27:23 [STASH_COMPACT] §f              §7You have §3524,953 §7materials stashed away!
05:27:23 [STASH_COMPACT] §f             §8(This totals 20 types of materials stashed!)
05:27:23 [STASH_COMPACT] §f                §3§l>>> §3§lCLICK HERE§b to pick them up! §3§l<<<
05:27:23 [EMPTY]   
05:28:23 [EMPTY]  
05:28:23 [STASH_COMPACT] §f              §7You have §3524,953 §7materials stashed away!
05:28:23 [STASH_COMPACT] §f             §8(This totals 20 types of materials stashed!)
05:28:23 [STASH_COMPACT] §f                §3§l>>> §3§lCLICK HERE§b to pick them up! §3§l<<<
05:28:23 [EMPTY]   
05:29:24 [EMPTY]  
05:29:24 [STASH_COMPACT] §f              §7You have §3524,953 §7materials stashed away!
05:29:24 [STASH_COMPACT] §f             §8(This totals 20 types of materials stashed!)
05:29:24 [STASH_COMPACT] §f                §3§l>>> §3§lCLICK HERE§b to pick them up! §3§l<<<
05:29:24 [EMPTY]   
05:30:24 [EMPTY]  
05:30:24 [STASH_COMPACT] §f              §7You have §3524,953 §7materials stashed away!
05:30:24 [STASH_COMPACT] §f             §8(This totals 20 types of materials stashed!)
05:30:24 [STASH_COMPACT] §f                §3§l>>> §3§lCLICK HERE§b to pick them up! §3§l<<<
05:30:24 [EMPTY]   
05:31:25 [EMPTY]  
05:31:25 [STASH_COMPACT] §f              §7You have §3524,953 §7materials stashed away!
05:31:25 [STASH_COMPACT] §f             §8(This totals 20 types of materials stashed!)
05:31:25 [STASH_COMPACT] §f                §3§l>>> §3§lCLICK HERE§b to pick them up! §3§l<<<
05:31:25 [EMPTY]   
05:31:34 [EMPTY] §f                                        
05:32:26 [EMPTY]  
05:32:26 [STASH_COMPACT] §f              §7You have §3524,953 §7materials stashed away!
05:32:26 [STASH_COMPACT] §f             §8(This totals 20 types of materials stashed!)
05:32:26 [STASH_COMPACT] §f                §3§l>>> §3§lCLICK HERE§b to pick them up! §3§l<<<
05:32:26 [EMPTY]   
05:33:26 [EMPTY]  
05:33:26 [STASH_COMPACT] §f              §7You have §3524,953 §7materials stashed away!
05:33:26 [STASH_COMPACT] §f             §8(This totals 20 types of materials stashed!)
05:33:26 [STASH_COMPACT] §f                §3§l>>> §3§lCLICK HERE§b to pick them up! §3§l<<<
05:33:26 [EMPTY]   
05:34:27 [EMPTY]  
05:34:27 [STASH_COMPACT] §f              §7You have §3524,953 §7materials stashed away!
05:34:27 [STASH_COMPACT] §f             §8(This totals 20 types of materials stashed!)
05:34:27 [STASH_COMPACT] §f                §3§l>>> §3§lCLICK HERE§b to pick them up! §3§l<<<
05:34:27 [EMPTY]   
05:35:27 [EMPTY]  
05:35:27 [STASH_COMPACT] §f              §7You have §3524,953 §7materials stashed away!
05:35:27 [STASH_COMPACT] §f             §8(This totals 20 types of materials stashed!)
05:35:27 [STASH_COMPACT] §f                §3§l>>> §3§lCLICK HERE§b to pick them up! §3§l<<<
05:35:27 [EMPTY]   
05:36:28 [EMPTY]  
05:36:28 [STASH_COMPACT] §f              §7You have §3524,953 §7materials stashed away!
05:36:28 [STASH_COMPACT] §f             §8(This totals 20 types of materials stashed!)
05:36:28 [STASH_COMPACT] §f                §3§l>>> §3§lCLICK HERE§b to pick them up! §3§l<<<
05:36:28 [EMPTY]   
05:37:28 [EMPTY]  
05:37:28 [STASH_COMPACT] §f              §7You have §3524,953 §7materials stashed away!
05:37:28 [STASH_COMPACT] §f             §8(This totals 20 types of materials stashed!)
05:37:28 [STASH_COMPACT] §f                §3§l>>> §3§lCLICK HERE§b to pick them up! §3§l<<<
05:37:28 [EMPTY]   
05:38:29 [EMPTY]  
05:38:29 [STASH_COMPACT] §f              §7You have §3524,953 §7materials stashed away!
05:38:29 [STASH_COMPACT] §f             §8(This totals 20 types of materials stashed!)
05:38:29 [STASH_COMPACT] §f                §3§l>>> §3§lCLICK HERE§b to pick them up! §3§l<<<
05:38:29 [EMPTY]   
05:39:29 [EMPTY]  
05:39:29 [STASH_COMPACT] §f              §7You have §3524,953 §7materials stashed away!
05:39:29 [STASH_COMPACT] §f             §8(This totals 20 types of materials stashed!)
05:39:29 [STASH_COMPACT] §f                §3§l>>> §3§lCLICK HERE§b to pick them up! §3§l<<<
05:39:29 [EMPTY]   
05:40:30 [EMPTY]  
05:40:30 [STASH_COMPACT] §f              §7You have §3524,953 §7materials stashed away!
05:40:30 [STASH_COMPACT] §f             §8(This totals 20 types of materials stashed!)
05:40:30 [STASH_COMPACT] §f                §3§l>>> §3§lCLICK HERE§b to pick them up! §3§l<<<
05:40:30 [EMPTY]   
05:41:30 [EMPTY]  
05:41:30 [STASH_COMPACT] §f              §7You have §3524,953 §7materials stashed away!
05:41:30 [STASH_COMPACT] §f             §8(This totals 20 types of materials stashed!)
05:41:30 [STASH_COMPACT] §f                §3§l>>> §3§lCLICK HERE§b to pick them up! §3§l<<<
05:41:30 [EMPTY]   
05:42:31 [EMPTY]  
05:42:31 [STASH_COMPACT] §f              §7You have §3524,953 §7materials stashed away!
05:42:31 [STASH_COMPACT] §f             §8(This totals 20 types of materials stashed!)
05:42:31 [STASH_COMPACT] §f                §3§l>>> §3§lCLICK HERE§b to pick them up! §3§l<<<
05:42:31 [EMPTY]   
05:43:31 [EMPTY]  
05:43:31 [STASH_COMPACT] §f              §7You have §3524,953 §7materials stashed away!
05:43:31 [STASH_COMPACT] §f             §8(This totals 20 types of materials stashed!)
05:43:31 [STASH_COMPACT] §f                §3§l>>> §3§lCLICK HERE§b to pick them up! §3§l<<<
05:43:31 [EMPTY]   
05:44:32 [EMPTY]  
05:44:32 [STASH_COMPACT] §f              §7You have §3524,953 §7materials stashed away!
05:44:32 [STASH_COMPACT] §f             §8(This totals 20 types of materials stashed!)
05:44:32 [STASH_COMPACT] §f                §3§l>>> §3§lCLICK HERE§b to pick them up! §3§l<<<
05:44:32 [EMPTY]   
05:45:32 [EMPTY]  
05:45:32 [STASH_COMPACT] §f              §7You have §3524,953 §7materials stashed away!
05:45:32 [STASH_COMPACT] §f             §8(This totals 20 types of materials stashed!)
05:45:32 [STASH_COMPACT] §f                §3§l>>> §3§lCLICK HERE§b to pick them up! §3§l<<<
05:45:32 [EMPTY]   
05:46:33 [EMPTY]  
05:46:33 [STASH_COMPACT] §f              §7You have §3524,953 §7materials stashed away!
05:46:33 [STASH_COMPACT] §f             §8(This totals 20 types of materials stashed!)
05:46:33 [STASH_COMPACT] §f                §3§l>>> §3§lCLICK HERE§b to pick them up! §3§l<<<
05:46:33 [EMPTY]   
05:47:33 [EMPTY]  
05:47:33 [STASH_COMPACT] §f              §7You have §3524,953 §7materials stashed away!
05:47:33 [STASH_COMPACT] §f             §8(This totals 20 types of materials stashed!)
05:47:33 [STASH_COMPACT] §f                §3§l>>> §3§lCLICK HERE§b to pick them up! §3§l<<<
05:47:33 [EMPTY]   
05:48:34 [EMPTY]  
05:48:34 [STASH_COMPACT] §f              §7You have §3524,953 §7materials stashed away!
05:48:34 [STASH_COMPACT] §f             §8(This totals 20 types of materials stashed!)
05:48:34 [STASH_COMPACT] §f                §3§l>>> §3§lCLICK HERE§b to pick them up! §3§l<<<
05:48:34 [EMPTY]   
05:49:34 [EMPTY]  
05:49:34 [STASH_COMPACT] §f              §7You have §3524,953 §7materials stashed away!
05:49:34 [STASH_COMPACT] §f             §8(This totals 20 types of materials stashed!)
05:49:34 [STASH_COMPACT] §f                §3§l>>> §3§lCLICK HERE§b to pick them up! §3§l<<<
05:49:34 [EMPTY]   
05:49:43 [EMPTY] 
05:50:35 [EMPTY]  
05:50:35 [STASH_COMPACT] §f              §7You have §3524,953 §7materials stashed away!
05:50:35 [STASH_COMPACT] §f             §8(This totals 20 types of materials stashed!)
05:50:35 [STASH_COMPACT] §f                §3§l>>> §3§lCLICK HERE§b to pick them up! §3§l<<<
05:50:35 [EMPTY]   
05:51:32 [EMPTY] §f                                        
05:51:32 [EMPTY] §f                                        
05:51:35 [EMPTY]  
05:51:35 [STASH_COMPACT] §f              §7You have §3524,953 §7materials stashed away!
05:51:35 [STASH_COMPACT] §f             §8(This totals 20 types of materials stashed!)
05:51:35 [STASH_COMPACT] §f                §3§l>>> §3§lCLICK HERE§b to pick them up! §3§l<<<
05:51:35 [EMPTY]   
05:52:36 [EMPTY]  
05:52:36 [STASH_COMPACT] §f              §7You have §3524,953 §7materials stashed away!
05:52:36 [STASH_COMPACT] §f             §8(This totals 20 types of materials stashed!)
05:52:36 [STASH_COMPACT] §f                §3§l>>> §3§lCLICK HERE§b to pick them up! §3§l<<<
05:52:36 [EMPTY]   
05:53:36 [EMPTY]  
05:53:36 [STASH_COMPACT] §f              §7You have §3524,953 §7materials stashed away!
05:53:36 [STASH_COMPACT] §f             §8(This totals 20 types of materials stashed!)
05:53:36 [STASH_COMPACT] §f                §3§l>>> §3§lCLICK HERE§b to pick them up! §3§l<<<
05:53:36 [EMPTY]   
05:54:37 [EMPTY]  
05:54:37 [STASH_COMPACT] §f              §7You have §3524,953 §7materials stashed away!
05:54:37 [STASH_COMPACT] §f             §8(This totals 20 types of materials stashed!)
05:54:37 [STASH_COMPACT] §f                §3§l>>> §3§lCLICK HERE§b to pick them up! §3§l<<<
05:54:37 [EMPTY]   
05:55:37 [EMPTY]  
05:55:37 [STASH_COMPACT] §f              §7You have §3524,953 §7materials stashed away!
05:55:37 [STASH_COMPACT] §f             §8(This totals 20 types of materials stashed!)
05:55:37 [STASH_COMPACT] §f                §3§l>>> §3§lCLICK HERE§b to pick them up! §3§l<<<
05:55:37 [EMPTY]   
05:56:38 [EMPTY]  
05:56:38 [STASH_COMPACT] §f              §7You have §3524,953 §7materials stashed away!
05:56:38 [STASH_COMPACT] §f             §8(This totals 20 types of materials stashed!)
05:56:38 [STASH_COMPACT] §f                §3§l>>> §3§lCLICK HERE§b to pick them up! §3§l<<<
05:56:38 [EMPTY]   
05:56:44 [EMPTY] §8 §r§8 §r§1 §r§3 §r§3 §r§7 §r§8 
05:56:48 [EMPTY]  
05:56:48 [STASH_COMPACT] §f              §7You have §3524,953 §7materials stashed away!
05:56:48 [STASH_COMPACT] §f             §8(This totals 20 types of materials stashed!)
05:56:48 [STASH_COMPACT] §f                §3§l>>> §3§lCLICK HERE§b to pick them up! §3§l<<<
05:56:48 [EMPTY]   
05:57:05 [EMPTY] §8 §r§8 §r§1 §r§3 §r§3 §r§7 §r§8 
05:57:09 [EMPTY]  
05:57:09 [STASH_COMPACT] §f              §7You have §3524,953 §7materials stashed away!
05:57:09 [STASH_COMPACT] §f             §8(This totals 20 types of materials stashed!)
05:57:09 [STASH_COMPACT] §f                §3§l>>> §3§lCLICK HERE§b to pick them up! §3§l<<<
05:57:09 [EMPTY]   
05:57:09 [EMPTY]  
05:57:09 [STASH_COMPACT] §f              §7You have §3524,953 §7materials stashed away!
05:57:09 [STASH_COMPACT] §f             §8(This totals 20 types of materials stashed!)
05:57:09 [STASH_COMPACT] §f                §3§l>>> §3§lCLICK HERE§b to pick them up! §3§l<<<
05:57:09 [EMPTY]   
05:57:11 [EMPTY] §8 §r§8 §r§1 §r§3 §r§3 §r§7 §r§8 
05:57:15 [EMPTY]  
05:57:15 [STASH_COMPACT] §f              §7You have §3524,953 §7materials stashed away!
05:57:15 [STASH_COMPACT] §f             §8(This totals 20 types of materials stashed!)
05:57:15 [STASH_COMPACT] §f                §3§l>>> §3§lCLICK HERE§b to pick them up! §3§l<<<
05:57:15 [EMPTY]   
05:57:24 [EMPTY]  
05:57:24 [STASH_COMPACT] §f              §7You have §3524,953 §7materials stashed away!
05:57:24 [STASH_COMPACT] §f             §8(This totals 20 types of materials stashed!)
05:57:24 [STASH_COMPACT] §f                §3§l>>> §3§lCLICK HERE§b to pick them up! §3§l<<<
05:57:24 [EMPTY]   
05:58:25 [EMPTY]  
05:58:25 [STASH_COMPACT] §f              §7You have §3524,953 §7materials stashed away!
05:58:25 [STASH_COMPACT] §f             §8(This totals 20 types of materials stashed!)
05:58:25 [STASH_COMPACT] §f                §3§l>>> §3§lCLICK HERE§b to pick them up! §3§l<<<
05:58:25 [EMPTY]   
05:59:25 [EMPTY]  
05:59:25 [STASH_COMPACT] §f              §7You have §3524,953 §7materials stashed away!
05:59:25 [STASH_COMPACT] §f             §8(This totals 20 types of materials stashed!)
05:59:25 [STASH_COMPACT] §f                §3§l>>> §3§lCLICK HERE§b to pick them up! §3§l<<<
05:59:25 [EMPTY]   
06:00:26 [EMPTY]  
06:00:26 [STASH_COMPACT] §f              §7You have §3524,953 §7materials stashed away!
06:00:26 [STASH_COMPACT] §f             §8(This totals 20 types of materials stashed!)
06:00:26 [STASH_COMPACT] §f                §3§l>>> §3§lCLICK HERE§b to pick them up! §3§l<<<
06:00:26 [EMPTY]   
06:01:26 [EMPTY]  
06:01:26 [STASH_COMPACT] §f              §7You have §3524,953 §7materials stashed away!
06:01:26 [STASH_COMPACT] §f             §8(This totals 20 types of materials stashed!)
06:01:26 [STASH_COMPACT] §f                §3§l>>> §3§lCLICK HERE§b to pick them up! §3§l<<<
06:01:26 [EMPTY]   
06:02:27 [EMPTY]  
06:02:27 [STASH_COMPACT] §f              §7You have §3524,953 §7materials stashed away!
06:02:27 [STASH_COMPACT] §f             §8(This totals 20 types of materials stashed!)
06:02:27 [STASH_COMPACT] §f                §3§l>>> §3§lCLICK HERE§b to pick them up! §3§l<<<
06:02:27 [EMPTY]   
06:03:28 [EMPTY]  
06:03:28 [STASH_COMPACT] §f              §7You have §3524,953 §7materials stashed away!
06:03:28 [STASH_COMPACT] §f             §8(This totals 20 types of materials stashed!)
06:03:28 [STASH_COMPACT] §f                §3§l>>> §3§lCLICK HERE§b to pick them up! §3§l<<<
06:03:28 [EMPTY]   
06:04:28 [EMPTY]  
06:04:28 [STASH_COMPACT] §f              §7You have §3524,953 §7materials stashed away!
06:04:28 [STASH_COMPACT] §f             §8(This totals 20 types of materials stashed!)
06:04:28 [STASH_COMPACT] §f                §3§l>>> §3§lCLICK HERE§b to pick them up! §3§l<<<
06:04:28 [EMPTY]   
06:05:14 [EMPTY] §8 §r§8 §r§1 §r§3 §r§3 §r§7 §r§8 
06:05:18 [EMPTY]  
06:05:18 [STASH_COMPACT] §f              §7You have §3524,953 §7materials stashed away!
06:05:18 [STASH_COMPACT] §f             §8(This totals 20 types of materials stashed!)
06:05:18 [STASH_COMPACT] §f                §3§l>>> §3§lCLICK HERE§b to pick them up! §3§l<<<
06:05:18 [EMPTY]   
06:05:47 [EMPTY]  
06:05:47 [STASH_COMPACT] §f              §7You have §3524,953 §7materials stashed away!
06:05:47 [STASH_COMPACT] §f             §8(This totals 20 types of materials stashed!)
06:05:47 [STASH_COMPACT] §f                §3§l>>> §3§lCLICK HERE§b to pick them up! §3§l<<<
06:05:47 [EMPTY]   
06:06:48 [EMPTY]  
06:06:48 [STASH_COMPACT] §f              §7You have §3524,953 §7materials stashed away!
06:06:48 [STASH_COMPACT] §f             §8(This totals 20 types of materials stashed!)
06:06:48 [STASH_COMPACT] §f                §3§l>>> §3§lCLICK HERE§b to pick them up! §3§l<<<
06:06:48 [EMPTY]   
06:07:49 [EMPTY]  
06:07:49 [STASH_COMPACT] §f              §7You have §3524,953 §7materials stashed away!
06:07:49 [STASH_COMPACT] §f             §8(This totals 20 types of materials stashed!)
06:07:49 [STASH_COMPACT] §f                §3§l>>> §3§lCLICK HERE§b to pick them up! §3§l<<<
06:07:49 [EMPTY]   
06:08:49 [EMPTY]  
06:08:49 [STASH_COMPACT] §f              §7You have §3524,953 §7materials stashed away!
06:08:49 [STASH_COMPACT] §f             §8(This totals 20 types of materials stashed!)
06:08:49 [STASH_COMPACT] §f                §3§l>>> §3§lCLICK HERE§b to pick them up! §3§l<<<
06:08:49 [EMPTY]   
06:09:50 [EMPTY]  
06:09:50 [STASH_COMPACT] §f              §7You have §3524,953 §7materials stashed away!
06:09:50 [STASH_COMPACT] §f             §8(This totals 20 types of materials stashed!)
06:09:50 [STASH_COMPACT] §f                §3§l>>> §3§lCLICK HERE§b to pick them up! §3§l<<<
06:09:50 [EMPTY]   
06:10:51 [EMPTY]  
06:10:51 [STASH_COMPACT] §f              §7You have §3524,953 §7materials stashed away!
06:10:51 [STASH_COMPACT] §f             §8(This totals 20 types of materials stashed!)
06:10:51 [STASH_COMPACT] §f                §3§l>>> §3§lCLICK HERE§b to pick them up! §3§l<<<
06:10:51 [EMPTY]   
06:11:52 [EMPTY]  
06:11:52 [STASH_COMPACT] §f              §7You have §3524,953 §7materials stashed away!
06:11:52 [STASH_COMPACT] §f             §8(This totals 20 types of materials stashed!)
06:11:52 [STASH_COMPACT] §f                §3§l>>> §3§lCLICK HERE§b to pick them up! §3§l<<<
06:11:52 [EMPTY]   
06:12:53 [EMPTY]  
06:12:53 [STASH_COMPACT] §f              §7You have §3524,953 §7materials stashed away!
06:12:53 [STASH_COMPACT] §f             §8(This totals 20 types of materials stashed!)
06:12:53 [STASH_COMPACT] §f                §3§l>>> §3§lCLICK HERE§b to pick them up! §3§l<<<
06:12:53 [EMPTY]   
06:13:54 [EMPTY]  
06:13:54 [STASH_COMPACT] §f              §7You have §3524,953 §7materials stashed away!
06:13:54 [STASH_COMPACT] §f             §8(This totals 20 types of materials stashed!)
06:13:54 [STASH_COMPACT] §f                §3§l>>> §3§lCLICK HERE§b to pick them up! §3§l<<<
06:13:54 [EMPTY]   
06:14:51 [EMPTY] 
06:14:51 [EMPTY] 
06:14:55 [EMPTY]  
06:14:55 [STASH_COMPACT] §f              §7You have §3524,953 §7materials stashed away!
06:14:55 [STASH_COMPACT] §f             §8(This totals 20 types of materials stashed!)
06:14:55 [STASH_COMPACT] §f                §3§l>>> §3§lCLICK HERE§b to pick them up! §3§l<<<
06:14:55 [EMPTY]   
06:15:00 [SKYMALL] §bNew day! §r§eYour §r§2Sky Mall §r§ebuff changed!
06:15:00 [SKYMALL] §eNew buff§r§r§r: §r§fGain §r§a+15% §r§fmore Powder while mining.
06:15:00 [SKYMALL] §8§oYou can disable this messaging by toggling Sky Mall in your /hotm!
06:15:56 [EMPTY]  
06:15:56 [STASH_COMPACT] §f              §7You have §3524,953 §7materials stashed away!
06:15:56 [STASH_COMPACT] §f             §8(This totals 20 types of materials stashed!)
06:15:56 [STASH_COMPACT] §f                §3§l>>> §3§lCLICK HERE§b to pick them up! §3§l<<<
06:15:56 [EMPTY]   
06:16:54 [EMPTY] 
06:16:54 [EMPTY] 
06:16:57 [EMPTY]  
06:16:57 [STASH_COMPACT] §f              §7You have §3524,953 §7materials stashed away!
06:16:57 [STASH_COMPACT] §f             §8(This totals 20 types of materials stashed!)
06:16:57 [STASH_COMPACT] §f                §3§l>>> §3§lCLICK HERE§b to pick them up! §3§l<<<
06:16:57 [EMPTY]   
06:17:58 [EMPTY]  
06:17:58 [STASH_COMPACT] §f              §7You have §3524,953 §7materials stashed away!
06:17:58 [STASH_COMPACT] §f             §8(This totals 20 types of materials stashed!)
06:17:58 [STASH_COMPACT] §f                §3§l>>> §3§lCLICK HERE§b to pick them up! §3§l<<<
06:17:58 [EMPTY]   
06:18:59 [EMPTY]  
06:18:59 [STASH_COMPACT] §f              §7You have §3524,953 §7materials stashed away!
06:18:59 [STASH_COMPACT] §f             §8(This totals 20 types of materials stashed!)
06:18:59 [STASH_COMPACT] §f                §3§l>>> §3§lCLICK HERE§b to pick them up! §3§l<<<
06:18:59 [EMPTY]   
06:20:00 [EMPTY]  
06:20:00 [STASH_COMPACT] §f              §7You have §3524,953 §7materials stashed away!
06:20:00 [STASH_COMPACT] §f             §8(This totals 20 types of materials stashed!)
06:20:00 [STASH_COMPACT] §f                §3§l>>> §3§lCLICK HERE§b to pick them up! §3§l<<<
06:20:00 [EMPTY]   
06:21:01 [EMPTY]  
06:21:01 [STASH_COMPACT] §f              §7You have §3524,953 §7materials stashed away!
06:21:01 [STASH_COMPACT] §f             §8(This totals 20 types of materials stashed!)
06:21:01 [STASH_COMPACT] §f                §3§l>>> §3§lCLICK HERE§b to pick them up! §3§l<<<
06:21:01 [EMPTY]   
06:22:02 [EMPTY]  
06:22:02 [STASH_COMPACT] §f              §7You have §3524,953 §7materials stashed away!
06:22:02 [STASH_COMPACT] §f             §8(This totals 20 types of materials stashed!)
06:22:02 [STASH_COMPACT] §f                §3§l>>> §3§lCLICK HERE§b to pick them up! §3§l<<<
06:22:02 [EMPTY]   
06:23:03 [EMPTY]  
06:23:03 [STASH_COMPACT] §f              §7You have §3524,953 §7materials stashed away!
06:23:03 [STASH_COMPACT] §f             §8(This totals 20 types of materials stashed!)
06:23:03 [STASH_COMPACT] §f                §3§l>>> §3§lCLICK HERE§b to pick them up! §3§l<<<
06:23:03 [EMPTY]   
06:24:04 [EMPTY]  
06:24:04 [STASH_COMPACT] §f              §7You have §3524,953 §7materials stashed away!
06:24:04 [STASH_COMPACT] §f             §8(This totals 20 types of materials stashed!)
06:24:04 [STASH_COMPACT] §f                §3§l>>> §3§lCLICK HERE§b to pick them up! §3§l<<<
06:24:04 [EMPTY]   
06:25:05 [EMPTY]  
06:25:05 [STASH_COMPACT] §f              §7You have §3524,953 §7materials stashed away!
06:25:05 [STASH_COMPACT] §f             §8(This totals 20 types of materials stashed!)
06:25:05 [STASH_COMPACT] §f                §3§l>>> §3§lCLICK HERE§b to pick them up! §3§l<<<
06:25:05 [EMPTY]   
06:26:06 [EMPTY]  
06:26:06 [STASH_COMPACT] §f              §7You have §3524,953 §7materials stashed away!
06:26:06 [STASH_COMPACT] §f             §8(This totals 20 types of materials stashed!)
06:26:06 [STASH_COMPACT] §f                §3§l>>> §3§lCLICK HERE§b to pick them up! §3§l<<<
06:26:06 [EMPTY]   
06:27:07 [EMPTY]  
06:27:07 [STASH_COMPACT] §f              §7You have §3524,953 §7materials stashed away!
06:27:07 [STASH_COMPACT] §f             §8(This totals 20 types of materials stashed!)
06:27:07 [STASH_COMPACT] §f                §3§l>>> §3§lCLICK HERE§b to pick them up! §3§l<<<
06:27:07 [EMPTY]   
06:28:07 [EMPTY]  
06:28:07 [STASH_COMPACT] §f              §7You have §3524,953 §7materials stashed away!
06:28:07 [STASH_COMPACT] §f             §8(This totals 20 types of materials stashed!)
06:28:07 [STASH_COMPACT] §f                §3§l>>> §3§lCLICK HERE§b to pick them up! §3§l<<<
06:28:07 [EMPTY]   
06:29:08 [EMPTY]  
06:29:08 [STASH_COMPACT] §f              §7You have §3524,953 §7materials stashed away!
06:29:08 [STASH_COMPACT] §f             §8(This totals 20 types of materials stashed!)
06:29:08 [STASH_COMPACT] §f                §3§l>>> §3§lCLICK HERE§b to pick them up! §3§l<<<
06:29:08 [EMPTY]   
06:30:09 [EMPTY]  
06:30:09 [STASH_COMPACT] §f              §7You have §3524,953 §7materials stashed away!
06:30:09 [STASH_COMPACT] §f             §8(This totals 20 types of materials stashed!)
06:30:09 [STASH_COMPACT] §f                §3§l>>> §3§lCLICK HERE§b to pick them up! §3§l<<<
06:30:09 [EMPTY]   
06:31:10 [EMPTY]  
06:31:10 [STASH_COMPACT] §f              §7You have §3524,953 §7materials stashed away!
06:31:10 [STASH_COMPACT] §f             §8(This totals 20 types of materials stashed!)
06:31:10 [STASH_COMPACT] §f                §3§l>>> §3§lCLICK HERE§b to pick them up! §3§l<<<
06:31:10 [EMPTY]   
06:32:11 [EMPTY]  
06:32:11 [STASH_COMPACT] §f              §7You have §3524,953 §7materials stashed away!
06:32:11 [STASH_COMPACT] §f             §8(This totals 20 types of materials stashed!)
06:32:11 [STASH_COMPACT] §f                §3§l>>> §3§lCLICK HERE§b to pick them up! §3§l<<<
06:32:11 [EMPTY]   
06:33:12 [EMPTY]  
06:33:12 [STASH_COMPACT] §f              §7You have §3524,953 §7materials stashed away!
06:33:12 [STASH_COMPACT] §f             §8(This totals 20 types of materials stashed!)
06:33:12 [STASH_COMPACT] §f                §3§l>>> §3§lCLICK HERE§b to pick them up! §3§l<<<
06:33:12 [EMPTY]   
06:34:13 [EMPTY]  
06:34:13 [STASH_COMPACT] §f              §7You have §3524,953 §7materials stashed away!
06:34:13 [STASH_COMPACT] §f             §8(This totals 20 types of materials stashed!)
06:34:13 [STASH_COMPACT] §f                §3§l>>> §3§lCLICK HERE§b to pick them up! §3§l<<<
06:34:13 [EMPTY]   
06:35:01 [SKYMALL] §bNew day! §r§eYour §r§2Sky Mall §r§ebuff changed!
06:35:01 [SKYMALL] §eNew buff§r§r§r: §r§fGain §r§6+100⸕ Mining Speed§r§f.
06:35:01 [SKYMALL] §8§oYou can disable this messaging by toggling Sky Mall in your /hotm!
06:35:14 [EMPTY]  
06:35:14 [STASH_COMPACT] §f              §7You have §3524,953 §7materials stashed away!
06:35:14 [STASH_COMPACT] §f             §8(This totals 20 types of materials stashed!)
06:35:14 [STASH_COMPACT] §f                §3§l>>> §3§lCLICK HERE§b to pick them up! §3§l<<<
06:35:14 [EMPTY]   
06:36:15 [EMPTY]  
06:36:15 [STASH_COMPACT] §f              §7You have §3524,953 §7materials stashed away!
06:36:15 [STASH_COMPACT] §f             §8(This totals 20 types of materials stashed!)
06:36:15 [STASH_COMPACT] §f                §3§l>>> §3§lCLICK HERE§b to pick them up! §3§l<<<
06:36:15 [EMPTY]   
06:37:12 [EMPTY] 
06:37:12 [EMPTY] 
06:37:15 [EMPTY]  
06:37:15 [STASH_COMPACT] §f              §7You have §3524,953 §7materials stashed away!
06:37:15 [STASH_COMPACT] §f             §8(This totals 20 types of materials stashed!)
06:37:15 [STASH_COMPACT] §f                §3§l>>> §3§lCLICK HERE§b to pick them up! §3§l<<<
06:37:15 [EMPTY]   
06:38:17 [EMPTY]  
06:38:17 [STASH_COMPACT] §f              §7You have §3524,953 §7materials stashed away!
06:38:17 [STASH_COMPACT] §f             §8(This totals 20 types of materials stashed!)
06:38:17 [STASH_COMPACT] §f                §3§l>>> §3§lCLICK HERE§b to pick them up! §3§l<<<
06:38:17 [EMPTY]   
06:39:17 [EMPTY]  
06:39:17 [STASH_COMPACT] §f              §7You have §3524,953 §7materials stashed away!
06:39:17 [STASH_COMPACT] §f             §8(This totals 20 types of materials stashed!)
06:39:17 [STASH_COMPACT] §f                §3§l>>> §3§lCLICK HERE§b to pick them up! §3§l<<<
06:39:17 [EMPTY]   
06:39:30 [EMPTY] §f §r§r§r§f §r§r§r§1 §r§r§r§0 §r§r§r§2 §r§r§r§f §r§r§r§f §r§r§r§2 §r§r§r§0 §r§r§r§4 §r§r§r§3 §r§r§r§9 §r§r§r§2 §r§r§r§0 §r§r§r§0 §r§r§r§3 §r§r§r§9 §r§r§r§2 §r§r§r§0 §r§r§r§0 §r§r§r§3 §r§r§r§9 §r§r§r§2 §r§r§r§0 §r§r§r§0 
06:39:30 [EMPTY] 
07:00:09 [EMPTY] §f
07:00:09 [EMPTY] §c
