18:53:51 §f                                  §6§lBESTIARY
18:53:51 §f                             §b§lAgarimoo §7§8X §8➡§b §bXI
18:53:51 
18:53:51 §f                                  §r§6§lREWARDS
18:53:51 §f                        §r§8+§r§a4 Agarimoo §r§b✯ Magic Find
18:53:51 §f                         §r§8+§r§a4 Agarimoo §r§c❁ Strength
18:53:51 §f                            §r§8+§r§62% §r§aAgarimoo §r§7coins
18:53:51 §f                    §r§8+§r§a50% §r§7chance for extra XP orbs
18:53:51 §f                               §r§8+§r§b1 SkyBlock XP
18:53:51 
18:53:51   §r§f                         §6§lBESTIARY MILESTONE
18:53:51   §r§f                                §8CCLXI➡§eCCLXII
18:53:51 
18:53:51 §3§l▬▬▬▬▬▬▬▬▬▬▬▬▬▬▬▬▬▬▬▬▬▬▬▬▬▬▬▬▬▬▬▬▬▬▬▬▬▬▬▬▬▬▬▬▬▬▬▬▬▬▬▬▬▬▬▬▬▬▬▬▬▬▬▬
19:04:55 §f                                  §6§lBESTIARY
19:04:55 §f                         §b§lSea Guardian §7§8XI §8➡§b §bXII
19:04:55 
19:04:55 §f                                  §r§6§lREWARDS
19:04:55 §f                      §r§8+§r§a4 Sea Guardian §r§b✯ Magic Find
19:04:55 §f                      §r§8+§r§a4 Sea Guardian §r§c❁ Strength
19:04:55 §f                          §r§8+§r§62% §r§aSea Guardian §r§7coins
19:04:55 §f                    §r§8+§r§a50% §r§7chance for extra XP orbs
19:04:55 §f                               §r§8+§r§b1 SkyBlock XP
19:04:55 
19:04:55 §3§l▬▬▬▬▬▬▬▬▬▬▬▬▬▬▬▬▬▬▬▬▬▬▬▬▬▬▬▬▬▬▬▬▬▬▬▬▬▬▬▬▬▬▬▬▬▬▬▬▬▬▬▬▬▬▬▬▬▬▬▬▬▬▬▬
