15:24:27 §f §r§r§r§f §r§r§r§1 §r§r§r§0 §r§r§r§2 §r§r§r§f §r§r§r§f §r§r§r§2 §r§r§r§0 §r§r§r§4 §r§r§r§3 §r§r§r§9 §r§r§r§2 §r§r§r§0 §r§r§r§0 §r§r§r§3 §r§r§r§9 §r§r§r§2 §r§r§r§0 §r§r§r§0 §r§r§r§3 §r§r§r§9 §r§r§r§2 §r§r§r§0 §r§r§r§0 
15:24:27 
15:24:41 §8 §r§8 §r§1 §r§3 §r§3 §r§7 §r§8 
15:24:43 
15:24:43 
15:24:45  
15:24:45   
15:24:45  
15:24:45   
15:25:46  
15:25:46   
15:26:46  
15:26:46   
15:26:55 §8 §r§8 §r§1 §r§3 §r§3 §r§7 §r§8 
15:26:59  
15:26:59   
15:27:52  
15:27:52   
15:28:53  
15:28:53   
15:29:54  
15:29:54   
15:30:54  
15:30:54   
15:31:55  
15:31:55   
15:32:56  
15:32:56   
15:33:57  
15:33:57   
15:34:58  
15:34:58   
15:36:00  
15:36:00   
15:37:01  
15:37:01   
15:38:03  
15:38:03   
15:39:05  
15:39:05   
15:40:07  
15:40:07   
15:41:09  
15:41:09   
15:42:11  
15:42:11   
15:42:41 
15:43:13  
15:43:13   
15:44:14  
15:44:14   
15:44:19 §f                                        
15:45:16  
15:45:16   
15:46:18  
15:46:18   
15:47:20  
15:47:20   
15:48:22  
15:48:22   
15:49:24  
15:49:24   
15:50:26  
15:50:26   
15:51:28  
15:51:28   
15:52:30  
15:52:30   
15:53:32  
15:53:32   
15:54:34  
15:54:34   
15:55:35  
15:55:35   
15:56:37  
15:56:37   
15:57:38  
15:57:38   
15:58:39  
15:58:39   
15:59:40  
15:59:40   
16:00:42  
16:00:42   
16:01:43  
16:01:43   
16:02:44  
16:02:44   
16:02:49 
16:03:46  
16:03:46   
16:04:27 §f                                        
16:04:47  
16:04:47   
16:05:48  
16:05:48   
16:06:50  
16:06:50   
16:07:51  
16:07:51   
16:08:53  
16:08:53   
16:09:53  
16:09:54   
16:10:55  
16:10:55   
16:11:56  
16:11:56   
16:12:57  
16:12:57   
16:13:58  
16:13:58   
16:15:00  
16:15:00   
16:16:02  
16:16:02   
16:17:04  
16:17:04   
16:18:05  
16:18:05   
16:19:07  
16:19:07   
16:19:50 
16:20:09  
16:20:09   
16:21:10  
16:21:10   
16:22:11  
16:22:11   
16:23:12  
16:23:12   
16:24:13  
16:24:13   
16:24:18 §f                                        
16:25:14  
16:25:14   
16:26:15  
16:26:15   
16:27:17  
16:27:17   
16:28:18  
16:28:18   
16:29:18  
16:29:18   
16:30:20  
16:30:20   
16:31:21  
16:31:21   
16:32:22  
16:32:22   
16:33:23  
16:33:23   
16:34:25  
16:34:25   
16:35:26  
16:35:26   
16:36:27  
16:36:27   
16:37:29  
16:37:29   
16:38:30  
16:38:30   
16:39:32  
16:39:32   
16:39:37 
16:40:34  
16:40:34   
16:41:35  
16:41:35   
16:42:37  
16:42:37   
16:43:38  
16:43:38   
16:44:19 §f                                        
16:44:39  
16:44:39   
16:45:40  
16:45:40   
16:46:41  
16:46:41   
16:47:42  
16:47:42   
16:48:44  
16:48:44   
16:49:45  
16:49:45   
16:50:46  
16:50:46   
16:51:48  
16:51:48   
16:52:49  
16:52:49   
16:53:51  
16:53:51   
16:54:53  
16:54:53   
16:55:55  
16:55:55   
16:56:57  
16:56:57   
16:57:59  
16:57:59   
16:59:01  
16:59:01   
16:59:43 
17:00:03  
17:00:03   
17:00:08 §f
17:00:08 §c
17:01:04  
17:01:04   
17:02:07  
17:02:07   
17:03:08  
17:03:08   
17:04:10  
17:04:10   
17:04:27 §f                                        
17:05:12  
17:05:12   
17:06:14  
17:06:14   
17:07:15  
17:07:15   
17:08:17  
17:08:17   
17:09:19  
17:09:19   
17:10:21  
17:10:21   
17:11:23  
17:11:23   
17:12:24  
17:12:24   
17:13:25  
17:13:25   
17:14:27  
17:14:27   
17:15:28  
17:15:28   
17:16:30  
17:16:30   
17:17:32  
17:17:32   
17:18:34  
17:18:34   
17:19:36  
17:19:36   
17:20:38  
17:20:38   
17:21:40  
17:21:40   
17:22:42  
17:22:42   
17:22:59 
17:23:43  
17:23:43   
17:24:25 §f                                        
17:24:45  
17:24:45   
17:25:47  
17:25:47   
17:26:48  
17:26:48   
17:27:50  
17:27:50   
17:28:53  
17:28:53   
17:29:55  
17:29:55   
17:30:56  
17:30:56   
17:31:58  
17:31:58   
17:33:00  
17:33:00   
17:34:02  
17:34:02   
17:35:04  
17:35:04   
17:36:05  
17:36:05   
17:37:07  
17:37:07   
17:37:45 §f
17:38:09  
17:38:09   
17:39:12  
17:39:12   
17:39:54 
17:40:14  
17:40:14   
17:41:16  
17:41:16   
17:42:18  
17:42:18   
17:43:19  
17:43:19   
17:44:21  
17:44:21   
17:44:26 §f                                        
17:45:22  
17:45:22   
17:46:24  
17:46:24   
17:47:26  
17:47:26   
17:48:27  
17:48:27   
17:49:29  
17:49:29   
17:50:30  
17:50:30   
17:51:32  
17:51:32   
17:52:33  
17:52:33   
17:53:35  
17:53:35   
17:54:36  
17:54:36   
17:55:37  
17:55:37   
17:56:38  
17:56:38   
17:56:49 
17:57:38  
17:57:38   
17:58:38  
17:58:38   
17:58:56 §8 §r§8 §r§1 §r§3 §r§3 §r§7 §r§8 
17:58:59  
17:58:59   
17:59:37  
17:59:37   
18:00:38  
18:00:38   
18:01:38  
18:01:38   
18:02:39  
18:02:39   
18:03:39  
18:03:39   
18:04:39  
18:04:39   
18:05:40  
18:05:40   
18:06:40  
18:06:40   
18:07:40  
18:07:40   
18:08:40  
18:08:40   
18:09:41  
18:09:41   
18:10:01 §8 §r§8 §r§1 §r§3 §r§3 §r§7 §r§8 
18:10:04  
18:10:04   
18:10:40  
18:10:40   
18:11:40  
18:11:40   
18:12:40  
18:12:40   
18:13:40  
18:13:40   
18:14:40  
18:14:40   
18:15:40  
18:15:40   
18:16:41  
18:16:41   
18:17:41  
18:17:41   
18:18:41  
18:18:41   
18:19:41  
18:19:41   
18:20:41  
18:20:41   
18:21:42  
18:21:42   
18:22:42  
18:22:42   
18:23:42  
18:23:42   
18:24:42  
18:24:42   
18:25:12 §8 §r§8 §r§1 §r§3 §r§3 §r§7 §r§8 
18:25:16  
18:25:16   
18:25:23 §8 §r§8 §r§1 §r§3 §r§3 §r§7 §r§8 
18:25:26  
18:25:26   
18:25:27  
18:25:27   
18:25:45 §8 §r§8 §r§1 §r§3 §r§3 §r§7 §r§8 
18:25:49  
18:25:49   
18:26:44  
18:26:44   
18:27:46  
18:27:46   
18:28:02 §8 §r§8 §r§1 §r§3 §r§3 §r§7 §r§8 
18:28:06  
18:28:06   
18:28:06  
18:28:06   
18:28:07 §8 §r§8 §r§1 §r§3 §r§3 §r§7 §r§8 
18:28:11  
18:28:11   
18:28:46  
18:28:46   
18:29:01 §8 §r§8 §r§1 §r§3 §r§3 §r§7 §r§8 
18:29:05 §8 §r§8 §r§1 §r§3 §r§3 §r§7 §r§8 
18:29:09  
18:29:09   
18:29:10  
18:29:10   
18:29:11 §f
18:30:10  
18:30:10   
18:31:10  
18:31:10   
18:32:10  
18:32:10   
18:33:11  
18:33:11   
18:34:11  
18:34:11   
18:35:11  
18:35:11   
18:36:12  
18:36:12   
18:37:12  
18:37:12   
18:38:12  
18:38:12   
18:39:12  
18:39:12   
18:40:12  
18:40:12   
18:41:12  
18:41:12   
18:41:19 
18:41:19 
18:42:13  
18:42:13   
18:43:13  
18:43:13   
18:44:13  
18:44:13   
18:45:13  
18:45:13   
18:46:13  
18:46:13   
18:47:13  
18:47:13   
18:48:14  
18:48:14   
18:49:14  
18:49:14   
18:50:14  
18:50:14   
18:51:14  
18:51:14   
18:52:14  
18:52:14   
18:53:14  
18:53:14   
18:53:51  
18:54:15  
18:54:15   
18:55:15  
18:55:15   
18:56:15  
18:56:15   
18:57:15  
18:57:15   
18:58:15  
18:58:15   
18:59:16  
18:59:16   
19:00:08 §f
19:00:08 §c
19:00:17  
19:00:17   
19:01:17  
19:01:17   
19:01:23 
19:01:23 
19:02:17  
19:02:17   
19:03:17  
19:03:17   
19:04:17  
19:04:17   
19:04:55  
19:05:18  
19:05:18   
19:06:18  
19:06:18   
19:07:18  
19:07:18   
19:08:19  
19:08:19   
19:09:19  
19:09:19   
19:10:19  
19:10:19   
19:11:19  
19:11:19   
19:12:20  
19:12:20   
19:13:20  
19:13:20   
19:14:20  
19:14:20   
19:15:21  
19:15:21   
19:15:24 §8 §r§8 §r§1 §r§3 §r§3 §r§7 §r§8 
19:15:27  
19:15:27   
19:15:28  
19:15:28   
19:15:45 §8 §r§8 §r§1 §r§3 §r§3 §r§7 §r§8 
19:15:49  
19:15:49   
19:16:23  
19:16:23   
19:17:23  
19:17:23   
19:18:21 
19:18:21 
19:18:23  
19:18:23   
19:19:23  
19:19:23   
19:20:23  
19:20:23   
19:21:23  
19:21:23   
19:22:23  
19:22:23   
19:23:23  
19:23:23   
19:24:23  
19:24:23   
19:25:23  
19:25:23   
19:26:23  
19:26:23   
19:27:23  
19:27:23   
19:28:23  
19:28:23   
19:29:24  
19:29:24   
19:30:24  
19:30:24   
19:31:24  
19:31:24   
19:32:24  
19:32:24   
19:33:24  
19:33:24   
19:34:24  
19:34:24   
19:35:24  
19:35:24   
19:36:05 §8 §r§8 §r§1 §r§3 §r§3 §r§7 §r§8 
19:36:09  
19:36:09   
19:36:31  
19:36:31   
19:37:32  
19:37:32   
19:38:32  
19:38:32   
19:39:32  
19:39:32   
19:40:32  
19:40:32   
19:41:32  
19:41:32   
19:42:32  
19:42:32   
19:43:32  
19:43:32   
19:44:13 §8 §r§8 §r§1 §r§3 §r§3 §r§7 §r§8 
19:44:17  
19:44:17   
19:44:49 
19:44:53  
19:44:53   
19:45:53  
19:45:53   
19:46:49 §f                                        
19:46:49 §f                                        
19:46:54  
19:46:54   
19:47:54  
19:47:54   
19:48:55  
19:48:55   
19:49:56  
19:49:56   
19:50:57  
19:50:57   
19:51:58  
19:51:58   
19:52:59  
19:52:59   
19:54:00  
19:54:00   
19:55:01  
19:55:01   
19:56:02  
19:56:02   
19:57:03  
19:57:03   
19:58:04  
19:58:04   
19:59:04  
19:59:04   
20:00:05  
20:00:05   
20:01:06  
20:01:06   
