08:22:55 [allowed] §b[MVP§3+§b] Euphaa§f §6slid into the lobby!
08:22:55 [allowed] §b§m--------------§r§f  §r§aGuild: Message Of The Day  §r§b§m--------------
08:22:55 [allowed] §b| §r§fJoin the guild discord!
08:22:55 [allowed] §b| §r§fhttps://discord.gg/9En6jSENjY
08:22:55 [allowed] §b| §r§fHave a great day!
08:22:55 [allowed] §b§m-----------------------------------------------------
08:22:55 [allowed] §f§lHAPPY HOLIDAYS §e§lFROM HYPIXEL§r
§r§aYou may claim today's §bAdvent Calendar §areward!
§eClick here to claim!§r

08:22:57 [allowed]   §r§f§l➤ §r§6You have reached your Hype limit! Add Hype to Prototype Lobby minigames by right-clicking with the Hype Diamond!
08:23:01 [allowed]  §b>§c>§a>§r §r§6[MVP§c++§6] Xuy§f §6slid into the lobby!§r §a<§c<§b<
08:23:03 [allowed] §b[MVP§c+§b] Hoppsthecat§f §6slid into the lobby!
08:23:03 [allowed] §b[MVP§2+§b] kibab§f §6slid into the lobby!
08:23:05 [allowed] §7Sending to server mini142CD...
08:23:06 [allowed] §eYou haven't claimed your §r§6Holidays Rewards §r§eyet!
08:23:06 [allowed] §eTalk to the §r§cGingerbread §r§fMan §r§ein the §r§aHub§r§e!
08:23:08 [allowed] §eWelcome to §r§aHypixel SkyBlock§r§e!
08:23:08 [allowed] §6§lBONUS! §r§bTemporarily earn §r§a5% §r§bmore skill experience!
08:23:08 [allowed] §eLatest update: §bSkyBlock v0.21 §e§lCLICK
08:23:09 [allowed] §aYou are playing on profile: §eBanana§b (Co-op)
08:23:09 [allowed] §8Profile ID: 56e969f8-003b-4df1-bbed-3112b2f3dc94
08:23:52 [allowed] §cThere are blocks in the way!
08:24:09 [allowed] §7Warping...
08:24:10 [allowed] §7Sending to server mini150CC...
08:24:11 [allowed] §2§lGOTCHA! §r§eYour traps caught a pest in §r§6Plot #2§r§e!
08:24:11 [allowed] §eYou haven't claimed your §r§6Holidays Rewards §r§eyet!
08:24:11 [allowed] §eTalk to the §r§cGingerbread §r§fMan §r§ein the §r§aHub§r§e!
08:24:13 [allowed] §7Warping...
08:24:14 [allowed] §aYou are playing on profile: §eBanana§b (Co-op)
08:24:14 [allowed] §8Profile ID: 56e969f8-003b-4df1-bbed-3112b2f3dc94
08:24:17 [allowed] §7Warping...
08:24:30 [allowed] §cAutopet §eequipped your §7[Lvl 94] §6Hedgehog§e! §a§lVIEW RULE
08:25:56 [allowed] §aYou summoned your §r§6Mooshroom Cow§r§a!
08:26:01 [allowed] §7Warping you to your SkyBlock island...
08:26:01 [allowed] §7Sending to server mini33N...
08:26:02 [allowed] §eYou haven't claimed your §r§6Holidays Rewards §r§eyet!
08:26:02 [allowed] §eTalk to the §r§cGingerbread §r§fMan §r§ein the §r§aHub§r§e!
08:26:05 [allowed] §aYou are playing on profile: §eBanana§b (Co-op)
08:26:05 [allowed] §8Profile ID: 56e969f8-003b-4df1-bbed-3112b2f3dc94
08:26:36 [allowed] §aYou sold §r§fString§r§8 x24 §r§afor §r§672 Coins§r§a!
08:26:36 [allowed] §aYou sold §r§fSpider Eye§r§8 x9 §r§afor §r§627 Coins§r§a!
08:26:37 [allowed] §aYou sold §r§fHard Stone§r§8 x31 §r§afor §r§631 Coins§r§a!
08:26:37 [allowed] §aYou sold §r§aEnchanted Ice§r§8 x3 §r§afor §r§6240 Coins§r§a!
08:26:37 [allowed] §aYou sold §r§fHard Stone§r§8 x64 §r§afor §r§664 Coins§r§a!
08:26:37 [allowed] §aYou sold §r§fHard Stone§r§8 x64 §r§afor §r§664 Coins§r§a!
08:26:38 [allowed] §aYou sold §r§fHard Stone§r§8 x64 §r§afor §r§664 Coins§r§a!
08:26:38 [allowed] §aYou sold §r§fIron Ingot§r§8 x1 §r§afor §r§62 Coins§r§a!
08:26:40 [allowed] §aYou sold §r§fHard Stone§r§8 x50 §r§afor §r§650 Coins§r§a!
08:26:40 [allowed] §eYour Combat Sack §r§eis full of §r§fRotten Flesh§r§e!
08:26:43 [allowed] §aYou sold §r§fRotten Flesh§r§8 x6 §r§afor §r§612 Coins§r§a!
08:30:35 [allowed] §7Warping...
08:30:36 [allowed] §7Sending to server mini73BK...
08:30:37 [allowed] §2§lGOTCHA! §r§eYour traps caught a pest in §r§6Plot #2§r§e!
08:30:37 [allowed] §eYou haven't claimed your §r§6Holidays Rewards §r§eyet!
08:30:37 [allowed] §eTalk to the §r§cGingerbread §r§fMan §r§ein the §r§aHub§r§e!
08:30:39 [allowed] §aYou are playing on profile: §eBanana§b (Co-op)
08:30:39 [allowed] §8Profile ID: 56e969f8-003b-4df1-bbed-3112b2f3dc94
08:31:19 [allowed] §6§lRARE DROP! §aNot Just a Pest Vinyl §6(§6+1,278☘)
08:31:41 [allowed] §aYour Garden is no longer infested and your §r§6☘ Farming Fortune §r§ahas returned to normal!
08:32:19 [allowed] §7Warping you to your SkyBlock island...
08:32:19 [allowed] §7Sending to server mini77AK...
08:32:20 [allowed] §eYou haven't claimed your §r§6Holidays Rewards §r§eyet!
08:32:20 [allowed] §eTalk to the §r§cGingerbread §r§fMan §r§ein the §r§aHub§r§e!
08:32:23 [allowed] §aYou are playing on profile: §eBanana§b (Co-op)
08:32:23 [allowed] §8Profile ID: 56e969f8-003b-4df1-bbed-3112b2f3dc94
08:33:05 [allowed] §7Warping...
08:33:05 [allowed] §7Sending to server mini37DA...
08:33:06 [allowed] §eYou haven't claimed your §r§6Holidays Rewards §r§eyet!
08:33:06 [allowed] §eTalk to the §r§cGingerbread §r§fMan §r§ein the §r§aHub§r§e!
08:33:09 [allowed] §aYou are playing on profile: §eBanana§b (Co-op)
08:33:09 [allowed] §8Profile ID: 56e969f8-003b-4df1-bbed-3112b2f3dc94
08:33:15 [allowed] §6§k§lA§r §c§lFIRE SALE §r§6§k§lA
§r§c♨ §eSelling an item for a limited time!
§r§c   ♨ §5Baby Emperor Penguin Skin §e(§e2,663 left§e)§c§r
§r§c♨ §a§l[WARP] §eTo Elizabeth in the next §c1d 3h 26m §eto grab yours!
08:33:20 [allowed] §c ☠ §r§7§r§aLauritsberg§r§7 fell into the void§r§7.
08:33:27 [allowed] §7Warping...
08:33:28 [allowed] §7Sending to server mini12M...
08:33:28 [allowed] §2§lGOTCHA! §r§eYour traps caught a pest in §r§6Plot #2§r§e!
08:33:28 [allowed] §eYou haven't claimed your §r§6Holidays Rewards §r§eyet!
08:33:28 [allowed] §eTalk to the §r§cGingerbread §r§fMan §r§ein the §r§aHub§r§e!
08:33:31 [allowed] §aYou are playing on profile: §eBanana§b (Co-op)
08:33:31 [allowed] §8Profile ID: 56e969f8-003b-4df1-bbed-3112b2f3dc94
08:33:37 [allowed] §cThere are blocks in the way!
08:33:47 [allowed] §6§lOFFER ACCEPTED §r§8with §r§aLumber Jack §r§8(§r§a§lUNCOMMON§r§8)
08:33:47 [allowed]   §r§a§lREWARDS
08:33:47 [allowed]     §r§8+§r§215 §r§7Garden Experience
08:33:47 [allowed]     §r§8+§r§32.1k §r§7Farming XP
08:33:47 [allowed]     §r§8+§r§c16 Copper
08:33:47 [allowed]     §r§8+§r§b10 Bits
08:33:50 [allowed] §6§lOFFER ACCEPTED §r§8with §r§aEmissary Ceanna §r§8(§r§a§lUNCOMMON§r§8)
08:33:50 [allowed]   §r§a§lREWARDS
08:33:50 [allowed]     §r§8+§r§215 §r§7Garden Experience
08:33:50 [allowed]     §r§8+§r§323.3k §r§7Farming XP
08:33:50 [allowed]     §r§8+§r§c25 Copper
08:33:50 [allowed]     §r§8+§r§b10 Bits
08:33:50 [allowed]     §r§7§8+§d1,553 Gemstone Powder
08:33:52 [allowed] §6§lOFFER ACCEPTED §r§8with §r§9Lumina §r§8(§r§9§lRARE§r§8)
08:33:52 [allowed]   §r§a§lREWARDS
08:33:52 [allowed]     §r§8+§r§230 §r§7Garden Experience
08:33:52 [allowed]     §r§8+§r§313.2k §r§7Farming XP
08:33:52 [allowed]     §r§8+§r§c75 Copper
08:33:52 [allowed]     §r§8+§r§b10 Bits
08:33:57 [allowed] §6§lOFFER ACCEPTED §r§8with §r§9Queen Mismyla §r§8(§r§9§lRARE§r§8)
08:33:57 [allowed]   §r§a§lREWARDS
08:33:57 [allowed]     §r§8+§r§230 §r§7Garden Experience
08:33:57 [allowed]     §r§8+§r§310.9k §r§7Farming XP
08:33:57 [allowed]     §r§8+§r§c59 Copper
08:33:57 [allowed]     §r§8+§r§b10 Bits
08:34:06 [allowed] §7Warping...
08:34:27 [allowed] §aWalk Speed Cap set to: §r§e93
08:34:31 [allowed] §7Warping...
08:35:01 [allowed] §e[NPC] Jacob§r§f: The Farming Contest is over!
08:35:01 [allowed] §e[NPC] Jacob§r§f: Let me count the final results eh?
08:35:06 [allowed] §e[NPC] Jacob§f: §rYou placed in the §c§lBRONZE §fbracket in the §aPotato Contest§f!
08:35:09 [allowed] §e[NPC] Jacob§f: §rYou collected §e24,160 §fitems!
08:35:14 [allowed] §6§lRARE CROP! §r§f§r§9Cropie §r§b(Armor Set Bonus)
08:35:16 [allowed] §6§lGROSS! §7A §2Pest §7has appeared in §aPlot §7- §b5§7!
08:35:16 [allowed]   §r§e§lCLICK HERE §eto teleport to the plot!
08:37:40 [allowed] §6§lRARE CROP! §r§f§r§9Cropie §r§b(Armor Set Bonus)
08:38:29 [allowed] §aYou earned §r§2590 GEXP §r§a+ §r§c1,770 Event EXP §r§afrom playing SkyBlock!
08:38:41 [allowed] §6§lRARE CROP! §r§f§r§9Cropie §r§b(Armor Set Bonus)
08:39:26 [allowed] §6§lRARE CROP! §r§f§r§9Cropie §r§b(Armor Set Bonus)
08:39:32 [allowed] §6§lRARE CROP! §r§f§r§9Cropie §r§b(Armor Set Bonus)
08:39:58 [allowed] §aFriend > §r§bVeemo §r§eleft.
08:40:19 [allowed] §6§lGROSS! §7A §2Pest §7has appeared in §aPlot §7- §b7§7!
08:40:19 [allowed]   §r§e§lCLICK HERE §eto teleport to the plot!
08:41:21 [allowed] §2Guild > §r§aAntonBro §r§ejoined.
08:43:31 [allowed] §aYou earned §r§2600 GEXP §r§a+ §r§c1,800 Event EXP §r§afrom playing SkyBlock!
08:45:28 [allowed] §e✆ §r§aHoppity§r§e ✆ 
08:45:29 [allowed] §a✆ RING... §r §r§2§l[PICK UP]
08:45:30 [allowed] §a✆ RING... RING... §r §r§2§l[PICK UP]
08:45:31 [allowed] §a✆ RING... RING... RING... §r §r§2§l[PICK UP]
08:54:16 [allowed] §7Warping...
08:54:29 [allowed] §6§lRARE DROP! §9Pesterminator I Book §6(§6+1,395☘)
08:54:46 [allowed] §7Warping...
08:56:50 [allowed] §6§lRARE CROP! §r§f§r§9Cropie §r§b(Armor Set Bonus)
08:58:32 [allowed] §aYou earned §r§2286 GEXP §r§a+ §r§c858 Event EXP §r§afrom playing SkyBlock!
08:58:45 [allowed] §aFriend > §r§bThisBat612 §r§ejoined.
09:00:22 [allowed] §4[WATCHDOG ANNOUNCEMENT]
09:00:22 [allowed] §fWatchdog has banned §r§c§l10,575§r§f players in the last 7 days.
09:00:22 [allowed] §fStaff have banned an additional §r§c§l10,618§r§f in the last 7 days.
09:00:22 [allowed] §cBlacklisted modifications are a bannable offense!
09:09:47 [allowed] §cThere are blocks in the way!
09:09:56 [allowed] §cYou don't have enough of the required item!
09:11:01 [allowed] §6§lOFFER ACCEPTED §r§8with §r§aTarwen §r§8(§r§a§lUNCOMMON§r§8)
09:11:01 [allowed]   §r§a§lREWARDS
09:11:01 [allowed]     §r§8+§r§215 §r§7Garden Experience
09:11:01 [allowed]     §r§8+§r§38.5k §r§7Farming XP
09:11:01 [allowed]     §r§8+§r§c28 Copper
09:11:01 [allowed]     §r§8+§r§b10 Bits
09:11:06 [allowed] §6§lOFFER ACCEPTED §r§8with §r§aJamie §r§8(§r§a§lUNCOMMON§r§8)
09:11:06 [allowed]   §r§a§lREWARDS
09:11:06 [allowed]     §r§8+§r§215 §r§7Garden Experience
09:11:06 [allowed]     §r§8+§r§32.9k §r§7Farming XP
09:11:06 [allowed]     §r§8+§r§c22 Copper
09:11:06 [allowed]     §r§8+§r§b10 Bits
09:11:16 [allowed] §6§lOFFER ACCEPTED §r§8with §r§aGimley §r§8(§r§a§lUNCOMMON§r§8)
09:11:16 [allowed]   §r§a§lREWARDS
09:11:16 [allowed]     §r§8+§r§215 §r§7Garden Experience
09:11:16 [allowed]     §r§8+§r§37.2k §r§7Farming XP
09:11:16 [allowed]     §r§8+§r§c23 Copper
09:11:16 [allowed]     §r§8+§r§b10 Bits
09:12:26 [allowed] §7Warping...
09:12:52 [allowed] §6§lGROSS! §7A §2Pest §7has appeared in §aPlot §7- §b13§7!
09:12:52 [allowed]   §r§e§lCLICK HERE §eto teleport to the plot!
09:13:33 [allowed] §aYou earned §r§2281 GEXP §r§a+ §r§c843 Event EXP §r§afrom playing SkyBlock!
09:13:40 [allowed] §6§lRARE CROP! §r§f§r§9Cropie §r§b(Armor Set Bonus)
09:15:03 [allowed] §e[NPC] Jacob§f: §rMy contest has started!
09:15:05 [allowed] §e[NPC] Jacob§f: §rYour §9Anita's Artifact §fis giving you §6+25☘ Pumpkin Fortune §fduring the contest!
09:16:02 [allowed] §6§lRARE CROP! §r§f§r§9Cropie §r§b(Armor Set Bonus)
09:17:19 [allowed] §6§lRARE CROP! §r§f§r§9Cropie §r§b(Armor Set Bonus)
09:18:24 [allowed] §6§lGROSS! §7A §2Pest §7has appeared in §aPlot §7- §b7§7!
09:18:24 [allowed]   §r§e§lCLICK HERE §eto teleport to the plot!
09:18:34 [allowed] §aYou earned §r§2728 GEXP §r§a+ §r§c2,184 Event EXP §r§afrom playing SkyBlock!
09:19:15 [allowed] §6§lRARE CROP! §r§f§r§9Cropie §r§b(Armor Set Bonus)
09:19:29 [allowed] §6§lRARE CROP! §r§f§r§9Cropie §r§b(Armor Set Bonus)
09:19:46 [allowed] §6§lRARE CROP! §r§f§r§9Cropie §r§b(Armor Set Bonus)
09:21:47 [allowed] §6§lRARE CROP! §r§f§r§9Cropie §r§b(Armor Set Bonus)
09:23:20 [allowed] §7Warping...
09:23:34 [allowed] §aYou earned §r§2750 GEXP §r§a+ §r§c2,250 Event EXP §r§afrom playing SkyBlock!
09:23:43 [allowed] §cThere are blocks in the way!
09:24:19 [allowed] §cVacuums don't work on these creatures!
09:24:22 [allowed] §cWhow! Slow down there!
09:24:22 [allowed] §6§lRARE DROP! §aDynaMITES Vinyl §6(§6+1,386☘)
09:24:27 [allowed] §cVacuums don't work on these creatures!
09:24:29 [allowed] §6§lRARE DROP! §aRodent Revolution Vinyl §6(§6+1,421☘)
09:24:33 [allowed] §cWhow! Slow down there!
09:24:34 [allowed] §cWhow! Slow down there!
09:24:35 [allowed] §cVacuums don't work on these creatures!
09:24:41 [allowed] §7Warping...
09:25:21 [allowed] §6§lGROSS! §7A §2Pest §7has appeared in §aPlot §7- §b5§7!
09:25:21 [allowed]   §r§e§lCLICK HERE §eto teleport to the plot!
09:25:36 [allowed] §6§lRARE CROP! §r§f§r§9Cropie §r§b(Armor Set Bonus)
09:28:35 [allowed] §aYou earned §r§2725 GEXP §r§a+ §r§c2,175 Event EXP §r§afrom playing SkyBlock!
09:30:17 [allowed] §6§lRARE CROP! §r§f§r§9Cropie §r§b(Armor Set Bonus)
09:30:28 [allowed] §6§lGROSS! §7A §2Pest §7has appeared in §aPlot §7- §b5§7!
09:30:28 [allowed]   §r§e§lCLICK HERE §eto teleport to the plot!
09:30:32 [allowed] §6§lRARE CROP! §r§f§r§9Cropie §r§b(Armor Set Bonus)
09:32:48 [allowed] §6§lRARE CROP! §r§f§r§9Cropie §r§b(Armor Set Bonus)
09:33:33 [allowed] §6§lRARE CROP! §r§f§r§9Cropie §r§b(Armor Set Bonus)
09:33:35 [allowed] §aYou earned §r§2643 GEXP §r§a+ §r§c1,929 Event EXP §r§afrom playing SkyBlock!
09:34:04 [allowed] §6§lRARE CROP! §r§f§r§9Cropie §r§b(Armor Set Bonus)
09:34:51 [allowed] §6§lRARE CROP! §r§f§r§9Cropie §r§b(Armor Set Bonus)
09:35:00 [allowed] §e[NPC] Jacob§r§f: The Farming Contest is over!
09:35:00 [allowed] §e[NPC] Jacob§r§f: Let me count the final results eh?
09:35:05 [allowed] §e[NPC] Jacob§f: §rYou placed in the §f§lSILVER §fbracket in the §aPumpkin Contest§f!
09:35:09 [allowed] §e[NPC] Jacob§f: §rYou collected §e39,840 §fitems!
09:35:49 [allowed] §6§lGROSS! §7A §2Pest §7has appeared in §aPlot §7- §b5§7!
09:35:49 [allowed]   §r§e§lCLICK HERE §eto teleport to the plot!
09:37:08 [allowed] §9Cultivating VIII §r§eon your §r§5Blessed Euclid's Wheat Hoe §r§ewas upgraded to §r§9Cultivating IX§r§e!
09:37:11 [allowed] §7Warping...
09:37:27 [allowed] §6§lRARE DROP! §aNot Just a Pest Vinyl §6(§6+1,396☘)
09:37:40 [allowed] §cThere are blocks in the way!
09:38:36 [allowed] §aYou earned §r§2728 GEXP §r§a+ §r§c2,184 Event EXP §r§afrom playing SkyBlock!
09:41:45 [allowed] §7Warping...
09:41:47 [allowed] §6§lGROSS! §7A §2Pest §7has appeared in §aPlot §7- §b9§7!
09:41:47 [allowed]   §r§e§lCLICK HERE §eto teleport to the plot!
09:42:39 [allowed] §6§lRARE CROP! §r§f§r§9Cropie §r§b(Armor Set Bonus)
09:43:37 [allowed] §aYou earned §r§2426 GEXP §r§a+ §r§c1,278 Event EXP §r§afrom playing SkyBlock!
09:44:29 [allowed] §6§lRARE CROP! §r§f§r§9Cropie §r§b(Armor Set Bonus)
09:44:51 [allowed] §6§lRARE CROP! §r§f§r§9Cropie §r§b(Armor Set Bonus)
09:47:05 [allowed] §6§lGROSS! §7A §2Pest §7has appeared in §aPlot §7- §b2§7!
09:47:05 [allowed]   §r§e§lCLICK HERE §eto teleport to the plot!
09:48:27 [allowed] §6§lRARE CROP! §r§f§r§9Cropie §r§b(Armor Set Bonus)
09:48:37 [allowed] §aYou earned §r§2750 GEXP §r§a+ §r§c2,250 Event EXP §r§afrom playing SkyBlock!
09:49:05 [allowed] §6§lRARE CROP! §r§f§r§9Cropie §r§b(Armor Set Bonus)
09:49:24 [allowed] §cGod Potion expires in §r§e30 Minutes§r§c
09:50:11 [allowed] §6§lRARE CROP! §r§f§r§9Cropie §r§b(Armor Set Bonus)
09:50:29 [allowed] §6§lRARE CROP! §r§f§r§9Cropie §r§b(Armor Set Bonus)
09:50:42 [allowed] §2Guild > §7SLTGC §3[bot]§f: §rItsC00kiee: heyo
09:50:49 [allowed] §6§lRARE CROP! §r§f§r§9Cropie §r§b(Armor Set Bonus)
09:52:06 [allowed] §6§lGROSS! §7A §2Pest §7has appeared in §aPlot §7- §b19§7!
09:52:06 [allowed]   §r§e§lCLICK HERE §eto teleport to the plot!
09:52:13 [allowed] §2Guild > §r§bDrunk_Doctor §r§eleft.
09:52:15 [allowed] §7Warping...
09:52:40 [allowed] §cThere are blocks in the way!
09:52:44 [allowed] §cThere are blocks in the way!
09:52:44 [allowed] §cThere are blocks in the way!
09:52:44 [allowed] §cThere are blocks in the way!
09:52:45 [allowed] §cThere are blocks in the way!
09:52:45 [allowed] §cThere are blocks in the way!
09:52:45 [allowed] §cThere are blocks in the way!
09:52:45 [allowed] §cThere are blocks in the way!
09:52:45 [allowed] §cThere are blocks in the way!
09:52:46 [allowed] §cThere are blocks in the way!
09:52:46 [allowed] §cThere are blocks in the way!
09:52:46 [allowed] §cThere are blocks in the way!
09:52:46 [allowed] §cThere are blocks in the way!
09:52:47 [allowed] §cThere are blocks in the way!
09:52:47 [allowed] §cThere are blocks in the way!
09:52:47 [allowed] §cThere are blocks in the way!
09:52:52 [allowed] §cThis ability is on cooldown for 1s.
09:52:58 [allowed] §6§lRARE DROP! §aWings of Harmony Vinyl §6(§6+1,389☘)
09:53:15 [allowed] §2Guild > §r§bDrunk_Doctor §r§ejoined.
09:53:28 [allowed] §6§lOFFER ACCEPTED §r§8with §r§aGimley §r§8(§r§a§lUNCOMMON§r§8)
09:53:28 [allowed]   §r§a§lREWARDS
09:53:28 [allowed]     §r§8+§r§215 §r§7Garden Experience
09:53:28 [allowed]     §r§8+§r§36.6k §r§7Farming XP
09:53:28 [allowed]     §r§8+§r§c21 Copper
09:53:28 [allowed]     §r§8+§r§b10 Bits
09:53:38 [allowed] §aYou earned §r§2750 GEXP §r§a+ §r§c2,250 Event EXP §r§afrom playing SkyBlock!
09:56:13 [allowed] §2Guild > §r§b_brent_ §r§ejoined.
09:58:39 [allowed] §aYou earned §r§2386 GEXP §r§a+ §r§c1,158 Event EXP §r§afrom playing SkyBlock!
09:58:46 [allowed] §cThere are not any Pests on your Garden right now! Keep farming!
09:58:47 [allowed] §cThere are not any Pests on your Garden right now! Keep farming!
09:58:48 [allowed] §cThere are not any Pests on your Garden right now! Keep farming!
09:58:48 [allowed] §cThere are not any Pests on your Garden right now! Keep farming!
09:58:48 [allowed] §cThere are not any Pests on your Garden right now! Keep farming!
09:58:50 [allowed] §7Warping...
09:59:43 [allowed] §6§lGROSS! §7A §2Pest §7has appeared in §aPlot §7- §b2§7!
09:59:43 [allowed]   §r§e§lCLICK HERE §eto teleport to the plot!
09:59:56 [allowed] §2Guild > §7SLTGC §3[bot]§f: §rItsC00kiee: I cant start mc
10:00:08 [allowed] §2Guild > §7SLTGC §3[bot]§f: §rItsC00kiee: Just showing black screen
10:02:09 [allowed] §e✆ RING... 
10:02:10 [allowed] §e✆ RING... RING... 
10:02:11 [allowed] §e✆ RING... RING... RING... 
10:02:26 [allowed] §eYou selected the §r§aForceful §r§epower for your §r§aAccessory Bag§r§e!
10:02:47 [allowed] §6§lRARE CROP! §r§f§r§9Cropie §r§b(Armor Set Bonus)
10:03:31 [allowed] §6§lRARE CROP! §r§f§r§9Cropie §r§b(Armor Set Bonus)
10:03:39 [allowed] §aYou earned §r§2685 GEXP §r§a+ §r§c2,055 Event EXP §r§afrom playing SkyBlock!
10:04:58 [allowed] §6§lGROSS! §7A §2Pest §7has appeared in §aPlot §7- §b2§7!
10:04:58 [allowed]   §r§e§lCLICK HERE §eto teleport to the plot!
10:06:41 [allowed] §6§lRARE CROP! §r§f§r§9Cropie §r§b(Armor Set Bonus)
10:08:40 [allowed] §aYou earned §r§2738 GEXP §r§a+ §r§c2,214 Event EXP §r§afrom playing SkyBlock!
10:09:44 [allowed] §7Warping...
10:10:08 [allowed] §cVacuums don't work on these creatures!
10:10:10 [allowed] §cWhow! Slow down there!
10:10:10 [allowed] §6§lRARE DROP! §5Beady Eyes §6(§6+1,400☘)
10:10:11 [allowed] §cWhow! Slow down there!
10:10:11 [allowed] §cWhow! Slow down there!
10:10:14 [allowed] §cVacuums don't work on these creatures!
10:10:21 [allowed] §cThere are not any Pests on your Garden right now! Keep farming!
10:10:28 [allowed] §cVacuums don't work on these creatures!
10:10:34 [allowed] §cWhow! Slow down there!
10:10:36 [allowed] §6§lRARE DROP! §aRodent Revolution Vinyl §6(§6+1,415☘)
10:10:47 [allowed] §7Warping...
10:11:13 [allowed] §aYou sold §r§5Beady Eyes§r§8 x1 §r§afor §r§61,000 Coins§r§a!
10:11:15 [allowed] §aYou sold §r§aWings of Harmony Vinyl§r§8 x1 §r§afor §r§650,000 Coins§r§a!
10:11:16 [allowed] §aYou sold §r§aRodent Revolution Vinyl§r§8 x1 §r§afor §r§650,000 Coins§r§a!
10:11:42 [allowed] §6§lGROSS! §7A §2Pest §7has appeared in §aPlot §7- §b13§7!
10:11:42 [allowed]   §r§e§lCLICK HERE §eto teleport to the plot!
10:12:54 [allowed] §2Guild > §r§b_brent_ §r§eleft.
10:13:40 [allowed] §aYou earned §r§2738 GEXP §r§a+ §r§c2,214 Event EXP §r§afrom playing SkyBlock!
10:13:50 [allowed] §6§lRARE CROP! §r§f§r§9Cropie §r§b(Armor Set Bonus)
10:15:04 [allowed] §e[NPC] Jacob§f: §rMy contest has started!
10:15:06 [allowed] §e[NPC] Jacob§f: §rYour §9Anita's Artifact §fis giving you §6+25☘ Wheat Fortune §fduring the contest!
10:15:23 [allowed] §6§lRARE CROP! §r§f§r§9Cropie §r§b(Armor Set Bonus)
10:16:49 [allowed] §6§lGROSS! §7A §2Pest §7has appeared in §aPlot §7- §b17§7!
10:16:49 [allowed]   §r§e§lCLICK HERE §eto teleport to the plot!
10:17:20 [allowed] §6§lRARE CROP! §r§f§r§9Cropie §r§b(Armor Set Bonus)
10:18:28 [allowed] §cGod Potion expires in §r§e60s§r§c
10:18:41 [allowed] §aYou earned §r§2750 GEXP §r§a+ §r§c2,250 Event EXP §r§afrom playing SkyBlock!
10:19:18 [allowed] §cGod Potion expires in §r§e10s§r§c
10:19:23 [allowed] §cGod Potion expires in §r§e5s§r§c
10:19:24 [allowed] §cGod Potion expires in §r§e4s§r§c
10:19:25 [allowed] §cGod Potion expires in §r§e3s§r§c
10:19:25 [allowed] §6§lRARE CROP! §r§f§r§9Cropie §r§b(Armor Set Bonus)
10:19:26 [allowed] §cGod Potion expires in §r§e2s§r§c
10:19:27 [allowed] §cGod Potion expires in §r§e1s§r§c
10:19:28 [allowed] §cGod Potion has expired!
10:19:39 [allowed] §6§lRARE CROP! §r§f§r§9Cropie §r§b(Armor Set Bonus)
10:21:42 [allowed] §eYour §r§5Blessed Euclid's Wheat Hoe §r§ewas upgraded from §r§5§lEPIC §r§eto §r§6§lLEGENDARY§r§e!
10:22:00 [allowed] §7Warping...
10:22:08 [allowed] §6§lGROSS! §7A §2Pest §7has appeared in §aPlot §7- §b13§7!
10:22:08 [allowed]   §r§e§lCLICK HERE §eto teleport to the plot!
10:22:17 [allowed] §6§lRARE CROP! §r§f§r§9Cropie §r§b(Armor Set Bonus)
10:22:58 [allowed] §6§lRARE CROP! §r§f§r§9Cropie §r§b(Armor Set Bonus)
10:23:04 [allowed] §6§lRARE CROP! §r§f§r§9Cropie §r§b(Armor Set Bonus)
10:23:42 [allowed] §aYou earned §r§2750 GEXP §r§a+ §r§c2,250 Event EXP §r§afrom playing SkyBlock!
10:23:58 [allowed] §6§lRARE CROP! §r§f§r§9Cropie §r§b(Armor Set Bonus)
10:26:24 [allowed] §6§lRARE CROP! §r§f§r§9Cropie §r§b(Armor Set Bonus)
10:26:24 [allowed] §e[NPC] Jacob§f: §r§d§lPERSONAL BEST§f! You've surpassed your previous record of §e205,933 §fitems collected in the §aWheat Contest§f!
10:26:30 [allowed] §e[NPC] Jacob§f: §rKeep it up!
10:27:30 [allowed] §6§lGROSS! §7A §2Pest §7has appeared in §aPlot §7- §b5§7!
10:27:30 [allowed]   §r§4§lൠ §6☘ Farming Fortune §7has been reduced by §45%§7!
10:27:30 [allowed]   §r§e§lCLICK HERE §eto teleport to the plot!
10:27:44 [allowed] §7Warping...
10:27:58 [allowed] §aYour Garden is no longer infested and your §r§6☘ Farming Fortune §r§ahas returned to normal!
10:28:29 [allowed] §7Warping...
10:28:42 [allowed] §aYou earned §r§2718 GEXP §r§a+ §r§c679 Event EXP §r§afrom playing SkyBlock!
10:29:01 [allowed] §cThere are blocks in the way!
10:30:15 [allowed] §6§lOFFER ACCEPTED §r§8with §r§aSargwyn §r§8(§r§a§lUNCOMMON§r§8)
10:30:15 [allowed]   §r§a§lREWARDS
10:30:15 [allowed]     §r§8+§r§215 §r§7Garden Experience
10:30:15 [allowed]     §r§8+§r§35.5k §r§7Farming XP
10:30:15 [allowed]     §r§8+§r§c18 Copper
10:30:15 [allowed]     §r§8+§r§b10 Bits
10:32:15 [allowed] §cThere are blocks in the way!
10:33:40 [allowed] §cThere are blocks in the way!
10:33:43 [allowed] §aYou earned §r§2523 GEXP §r§afrom playing SkyBlock!
10:34:01 [allowed] §7Warping...
10:34:02 [allowed] §6§lGROSS! §7A §2Pest §7has appeared in §aPlot §7- §b13§7!
10:34:02 [allowed]   §r§e§lCLICK HERE §eto teleport to the plot!
10:35:01 [allowed] §e[NPC] Jacob§r§f: The Farming Contest is over!
10:35:01 [allowed] §e[NPC] Jacob§r§f: Let me count the final results eh?
10:35:06 [allowed] §e[NPC] Jacob§f: §rYou placed in the §6§lGOLD §fbracket in the §aWheat Contest§f!
10:35:09 [allowed] §e[NPC] Jacob§f: §rYou collected §e256,034 §fitems! §d§lPERSONAL BEST§f!
10:35:12 [allowed] §e[NPC] Jacob§f: §rYour previous Personal Best was §e205,933§f.
10:35:15 [allowed] §e[NPC] Jacob§f: §rYour §6Personal Bests §fperk is now granting you §6+25.6☘ Wheat Fortune§f!
10:36:03 [allowed] §6§lRARE CROP! §r§f§r§9Cropie §r§b(Armor Set Bonus)
10:37:06 [allowed] §6§lRARE CROP! §r§f§r§9Cropie §r§b(Armor Set Bonus)
10:37:17 [allowed] §6§lRARE CROP! §r§f§r§9Cropie §r§b(Armor Set Bonus)
10:38:36 [allowed] §6§lRARE CROP! §r§f§r§9Cropie §r§b(Armor Set Bonus)
10:38:44 [allowed] §aYou earned §r§2613 GEXP §r§afrom playing SkyBlock!
10:39:09 [allowed] §6§lGROSS! §7A §2Pest §7has appeared in §aPlot §7- §b2§7!
10:39:09 [allowed]   §r§e§lCLICK HERE §eto teleport to the plot!
10:39:32 [allowed] §6§lRARE CROP! §r§f§r§9Cropie §r§b(Armor Set Bonus)
10:41:05 [allowed] §6§lRARE CROP! §r§f§r§9Cropie §r§b(Armor Set Bonus)
10:43:44 [allowed] §aYou earned §r§2750 GEXP §r§afrom playing SkyBlock!
10:44:01 [allowed] §7Warping...
10:44:57 [allowed] §6§lOFFER ACCEPTED §r§8with §r§aSargwyn §r§8(§r§a§lUNCOMMON§r§8)
10:44:57 [allowed]   §r§a§lREWARDS
10:44:57 [allowed]     §r§8+§r§215 §r§7Garden Experience
10:44:57 [allowed]     §r§8+§r§39.2k §r§7Farming XP
10:44:57 [allowed]     §r§8+§r§c30 Copper
10:44:57 [allowed]     §r§8+§r§b10 Bits
10:45:02 [allowed] §6§lOFFER ACCEPTED §r§8with §r§aTom §r§8(§r§a§lUNCOMMON§r§8)
10:45:02 [allowed]   §r§a§lREWARDS
10:45:02 [allowed]     §r§8+§r§215 §r§7Garden Experience
10:45:02 [allowed]     §r§8+§r§317.2k §r§7Farming XP
10:45:02 [allowed]     §r§8+§r§c19 Copper
10:45:02 [allowed]     §r§8+§r§b10 Bits
10:45:59 [allowed] §2Guild > §r§bItsC00kiee §r§ejoined.
10:46:00 [allowed] §2Guild > §r§bItsC00kiee §r§eleft.
10:48:45 [allowed] §aYou earned §r§2601 GEXP §r§afrom playing SkyBlock!
10:50:19 [allowed] §2Guild > §7SLTGC §3[bot]§f: §rItsC00kiee: EUPHAAAA
10:50:55 [allowed] §aFriend > §r§bThisBat612 §r§eleft.
10:53:18 [allowed] §aFriend > §r§bSerafymas §r§ejoined.
10:54:49 [allowed] §2Guild > §r§bMissEepy §r§ejoined.
10:54:50 [allowed] §2Guild > §r§bMissEepy §r§eleft.
10:54:51 [allowed] §2Guild > §r§bMissEepy §r§ejoined.
10:56:08 [allowed] §2Guild > §r§bMissEepy §r§eleft.
10:56:30 [allowed] §2Guild > §r§bMissEepy §r§ejoined.
10:56:31 [allowed] §2Guild > §r§bMissEepy §r§eleft.
10:56:34 [allowed] §2Guild > §r§bMissEepy §r§ejoined.
11:00:22 [allowed] §4[WATCHDOG ANNOUNCEMENT]
11:00:22 [allowed] §fWatchdog has banned §r§c§l10,662§r§f players in the last 7 days.
11:00:22 [allowed] §fStaff have banned an additional §r§c§l10,608§r§f in the last 7 days.
11:00:22 [allowed] §cBlacklisted modifications are a bannable offense!
11:00:38 [allowed] §aFriend > §r§bNumangi §r§ejoined.
11:00:41 [allowed] §2Guild > §r§bMissEepy §r§eleft.
11:03:09 [allowed] §2Guild > §r§bMissEepy §r§ejoined.
11:05:00 [allowed] §aInserted §r§2119,040.3 §r§aOrganic Matter from your sacks!
11:06:49 [allowed] §2Guild > §r§b_brent_ §r§ejoined.
11:07:06 [allowed] §2Guild > §b[MVP§d+§b] _brent_ §3[Dog]§f: §rwsg
11:08:11 [allowed] §2Guild > §b[MVP§d+§b] _brent_ §3[Dog]§f: §rhow do you get rift wizard travel scroll
11:15:03 [allowed] §e[NPC] Jacob§f: §rMy contest has started!
11:15:05 [allowed] §e[NPC] Jacob§f: §rYour §9Anita's Artifact §fis giving you §6+25☘ Cactus Fortune §fduring the contest!
11:22:20 [allowed] §aFriend > §r§bNotDrUplink §r§ejoined.
11:37:56 [allowed] §aFriend > §r§bNotDrUplink §r§ejoined.
11:37:57 [allowed] §aFriend > §r§bNotDrUplink §r§eleft.
11:37:58 [allowed] §aFriend > §r§bNotDrUplink §r§eleft.
11:38:02 [allowed] §aFriend > §r§bNotDrUplink §r§ejoined.
11:38:15 [allowed] §cYou can't build next to the barn!
11:38:15 [allowed] §cYou can't build next to the barn!
11:38:16 [allowed] §cYou can't build next to the barn!
11:38:19 [allowed] §2Guild > §r§brjl_ §r§ejoined.
11:38:29 [allowed] §2Guild > §b[MVP§3+§b] Euphaa §7♲§f: §rhi
11:38:35 [allowed] §2Guild > §b[MVP§d+§b] rjl_§f: §rhi
11:38:40 [allowed] §2Guild > §b[MVP§d+§b] _brent_ §3[Dog]§f: §rtf bre
11:38:53 [allowed] §2Guild > §b[MVP§3+§b] Euphaa §7♲§f: §rwhat
11:39:18 [allowed] §aYou sold §r§aEnchanted Seeds§r§8 x43 §r§afor §r§620,640 Coins§r§a!
11:39:18 [allowed] §aYou sold §r§aEnchanted Seeds§r§8 x64 §r§afor §r§630,720 Coins§r§a!
11:39:50 [allowed] §cWhow! Slow down there!
11:39:53 [allowed] §cVacuums don't work on these creatures!
11:39:58 [allowed] §cWhow! Slow down there!
11:39:59 [allowed] §cWhow! Slow down there!
11:39:59 [allowed] §3§l▬▬▬▬▬▬▬▬▬▬▬▬▬▬▬▬▬▬▬▬▬▬▬▬▬▬▬▬▬▬▬▬▬▬▬▬▬▬▬▬▬▬▬▬▬▬▬▬▬▬▬▬▬▬▬▬▬▬▬▬▬▬▬▬
11:42:19 [allowed] §2Guild > §r§bItsC00kiee §r§ejoined.
11:42:28 [allowed] §2Guild > §b[MVP§2+§b] ItsC00kiee§f: §rCHAT G
11:42:29 [allowed] §2Guild > §b[MVP§2+§b] ItsC00kiee§f: §rAHH
11:42:32 [allowed] §2Guild > §b[MVP§2+§b] ItsC00kiee§f: §rI HATE THIS
11:42:33 [allowed] §2Guild > §b[MVP§2+§b] ItsC00kiee§f: §rGTG
11:42:34 [allowed] §2Guild > §b[MVP§2+§b] ItsC00kiee§f: §rBUT
11:42:36 [allowed] §2Guild > §b[MVP§2+§b] ItsC00kiee§f: §rJEEZES
11:42:42 [allowed] §2Guild > §b[MVP§3+§b] Euphaa §7♲§f: §r?
11:42:46 [allowed] §2Guild > §b[MVP§d+§b] rjl_§f: §rwhat
11:43:20 [allowed] §2Guild > §b[MVP§d+§b] _brent_ §3[Dog]§f: §relaboration would be nice
11:43:51 [allowed] §aYou earned §r§2693 GEXP §r§afrom playing SkyBlock!
11:44:54 [allowed] §2Guild > §r§bMissEepy §r§eleft.
11:48:52 [allowed] §aYou earned §r§2183 GEXP §r§afrom playing SkyBlock!
12:37:01 [allowed] §b[MVP§3+§b] Euphaa§f §6slid into the lobby!
12:37:02 [allowed] §b[MVP§c+§b] LucasTheThirdd§f §6slid into the lobby!
12:37:02 [allowed] §f§lHAPPY HOLIDAYS §e§lFROM HYPIXEL§r
§r§aYou may claim today's §bAdvent Calendar §areward!
§eClick here to claim!§r

12:37:02 [allowed] §b§m--------------§r§f  §r§aGuild: Message Of The Day  §r§b§m--------------
12:37:02 [allowed] §b| §r§fJoin the guild discord!
12:37:02 [allowed] §b| §r§fhttps://discord.gg/9En6jSENjY
12:37:02 [allowed] §b| §r§fHave a great day!
12:37:02 [allowed] §b§m-----------------------------------------------------
12:37:03 [allowed] §b[MVP§2+§b] _iifj§f §6slid into the lobby!
12:37:04 [allowed]   §r§f§l➤ §r§6You have reached your Hype limit! Add Hype to Prototype Lobby minigames by right-clicking with the Hype Diamond!
12:37:06 [allowed] §b[MVP§f+§b] Kaevurpart§f §6slid into the lobby!
12:37:09 [allowed] §b[MVP§c+§b] Hopefulgotdrip§f §6slid into the lobby!
12:37:09 [allowed] §b[MVP§c+§b] Ironicus§f §6slid into the lobby!
12:37:10 [allowed] §7floxy14§7§r§7: ya hara
12:37:10 [allowed] §7Sending to server mini95AT...
12:37:11 [allowed] §eYou haven't claimed your §r§6Holidays Rewards §r§eyet!
12:37:11 [allowed] §eTalk to the §r§cGingerbread §r§fMan §r§ein the §r§aHub§r§e!
12:37:13 [allowed] §eWelcome to §r§aHypixel SkyBlock§r§e!
12:37:13 [allowed] §6§lBONUS! §r§bTemporarily earn §r§a5% §r§bmore skill experience!
12:37:13 [allowed] §eLatest update: §bSkyBlock v0.21 §e§lCLICK
12:37:14 [allowed] §aYou are playing on profile: §eBanana§b (Co-op)
12:37:14 [allowed] §8Profile ID: 56e969f8-003b-4df1-bbed-3112b2f3dc94
12:40:17 [allowed] §cYou can't build next to the barn!
12:40:17 [allowed] §cYou can't build next to the barn!
12:40:17 [allowed] §cYou can't build next to the barn!
12:40:17 [allowed] §cYou can't build next to the barn!
12:40:18 [allowed] §cYou can't build next to the barn!
12:40:18 [allowed] §cYou can't build next to the barn!
12:40:18 [allowed] §cYou can't build next to the barn!
12:40:18 [allowed] §cYou can't build next to the barn!
12:40:18 [allowed] §cYou can't build next to the barn!
12:40:18 [allowed] §cYou can't build next to the barn!
12:40:19 [allowed] §cYou can't build next to the barn!
12:40:19 [allowed] §cYou can't build next to the barn!
12:40:19 [allowed] §cYou can't build next to the barn!
12:40:19 [allowed] §cYou can't build next to the barn!
12:40:19 [allowed] §cYou can't build next to the barn!
12:40:19 [allowed] §cYou can't build next to the barn!
12:40:19 [allowed] §cYou can't build next to the barn!
12:40:38 [allowed] §cYou can't build next to the barn!
12:40:38 [allowed] §cYou can't build next to the barn!
12:40:38 [allowed] §cYou can't build next to the barn!
12:40:38 [allowed] §cYou can't build next to the barn!
12:40:38 [allowed] §cYou can't build next to the barn!
12:41:31 [allowed] §cYou can't build next to the barn!
12:41:31 [allowed] §cYou can't build next to the barn!
12:41:31 [allowed] §cYou can't build next to the barn!
12:41:31 [allowed] §cYou can't build next to the barn!
12:41:31 [allowed] §cYou can't build next to the barn!
12:41:32 [allowed] §cYou can't build next to the barn!
12:41:32 [allowed] §cYou can't build next to the barn!
12:41:32 [allowed] §cYou can't build next to the barn!
12:41:32 [allowed] §cYou can't build next to the barn!
12:41:32 [allowed] §cYou can't build next to the barn!
12:41:32 [allowed] §cYou can't build next to the barn!
12:41:32 [allowed] §cYou can't build next to the barn!
12:41:33 [allowed] §cYou can't build next to the barn!
12:41:33 [allowed] §cYou can't build next to the barn!
12:41:33 [allowed] §cYou can't build next to the barn!
12:41:33 [allowed] §cYou can't build next to the barn!
12:41:33 [allowed] §cYou can't build next to the barn!
12:41:33 [allowed] §cYou can't build next to the barn!
12:41:33 [allowed] §cYou can't build next to the barn!
12:41:33 [allowed] §cYou can't build next to the barn!
12:41:34 [allowed] §cYou can't build next to the barn!
12:41:34 [allowed] §cYou can't build next to the barn!
12:41:34 [allowed] §cYou can't build next to the barn!
12:41:34 [allowed] §cYou can't build next to the barn!
12:41:34 [allowed] §cYou can't build next to the barn!
12:41:34 [allowed] §cYou can't build next to the barn!
12:41:34 [allowed] §cYou can't build next to the barn!
12:41:34 [allowed] §cYou can't build next to the barn!
12:41:35 [allowed] §cYou can't build next to the barn!
12:41:35 [allowed] §cYou can't build next to the barn!
12:41:35 [allowed] §cYou can't build next to the barn!
12:41:35 [allowed] §cYou can't build next to the barn!
12:41:35 [allowed] §cYou can't build next to the barn!
12:42:11 [allowed] §aYou earned §r§2346 GEXP §r§afrom playing SkyBlock!
12:42:45 [allowed] §cYou can't build next to the barn!
12:43:24 [allowed] §cYou can't build next to the barn!
12:43:31 [allowed] §cYou can't build next to the barn!
12:44:21 [allowed] §cYou can't build next to the barn!
12:44:21 [allowed] §cYou can't build next to the barn!
12:44:41 [allowed] §cYou can't build next to the barn!
12:44:42 [allowed] §cYou can't build next to the barn!
12:45:03 [allowed] §cYou can't build next to the barn!
12:45:03 [allowed] §cYou can't build next to the barn!
12:45:03 [allowed] §cYou can't build next to the barn!
12:45:03 [allowed] §cYou can't build next to the barn!
12:45:03 [allowed] §cYou can't build next to the barn!
12:45:04 [allowed] §cYou can't build next to the barn!
12:45:04 [allowed] §cYou can't build next to the barn!
12:45:04 [allowed] §cYou can't build next to the barn!
12:45:04 [allowed] §cYou can't build next to the barn!
12:45:05 [allowed] §cYou can't build next to the barn!
12:45:05 [allowed] §cYou can't build next to the barn!
12:45:06 [allowed] §cYou can't build next to the barn!
12:45:06 [allowed] §cYou can't build next to the barn!
12:45:06 [allowed] §cYou can't build next to the barn!
12:45:06 [allowed] §cYou can't build next to the barn!
12:45:07 [allowed] §cYou can't build next to the barn!
12:45:12 [allowed] §cYou can't build next to the barn!
12:45:12 [allowed] §cYou can't build next to the barn!
12:45:13 [allowed] §cYou can't build next to the barn!
12:45:13 [allowed] §cYou can't build next to the barn!
12:45:14 [allowed] §cYou can't build next to the barn!
12:45:17 [allowed] §cYou can't build next to the barn!
12:45:17 [allowed] §cYou can't build next to the barn!
12:45:18 [allowed] §cYou can't build next to the barn!
12:45:24 [allowed] §cYou can't build next to the barn!
12:45:24 [allowed] §cYou can't build next to the barn!
12:45:24 [allowed] §cYou can't build next to the barn!
12:45:25 [allowed] §cYou can't build next to the barn!
12:45:26 [allowed] §cYou can't build next to the barn!
12:45:26 [allowed] §cYou can't build next to the barn!
12:45:26 [allowed] §cYou can't build next to the barn!
12:45:26 [allowed] §cYou can't build next to the barn!
12:45:26 [allowed] §cYou can't build next to the barn!
12:45:26 [allowed] §cYou can't build next to the barn!
12:45:26 [allowed] §cYou can't build next to the barn!
12:45:26 [allowed] §cYou can't build next to the barn!
12:45:26 [allowed] §cYou can't build next to the barn!
12:45:26 [allowed] §cYou can't build next to the barn!
12:45:26 [allowed] §cYou can't build next to the barn!
12:45:26 [allowed] §cYou can't build next to the barn!
12:45:26 [allowed] §cYou can't build next to the barn!
12:45:26 [allowed] §cYou can't build next to the barn!
12:45:26 [allowed] §cYou can't build next to the barn!
12:45:26 [allowed] §cYou can't build next to the barn!
12:45:27 [allowed] §cYou can't build next to the barn!
12:45:27 [allowed] §cYou can't build next to the barn!
12:45:27 [allowed] §cYou can't build next to the barn!
12:45:27 [allowed] §cYou can't build next to the barn!
12:45:27 [allowed] §cYou can't build next to the barn!
12:45:27 [allowed] §cYou can't build next to the barn!
12:45:27 [allowed] §cYou can't build next to the barn!
12:45:27 [allowed] §cYou can't build next to the barn!
12:45:27 [allowed] §cYou can't build next to the barn!
12:45:27 [allowed] §cYou can't build next to the barn!
12:45:27 [allowed] §cYou can't build next to the barn!
12:45:27 [allowed] §cYou can't build next to the barn!
12:45:27 [allowed] §cYou can't build next to the barn!
12:45:28 [allowed] §cYou can't build next to the barn!
12:45:28 [allowed] §cYou can't build next to the barn!
12:45:28 [allowed] §cYou can't build next to the barn!
12:45:28 [allowed] §cYou can't build next to the barn!
12:45:28 [allowed] §cYou can't build next to the barn!
12:45:28 [allowed] §cYou can't build next to the barn!
12:45:28 [allowed] §cYou can't build next to the barn!
12:45:28 [allowed] §cYou can't build next to the barn!
12:45:28 [allowed] §cYou can't build next to the barn!
12:45:29 [allowed] §cYou can't build next to the barn!
12:45:29 [allowed] §cYou can't build next to the barn!
12:45:29 [allowed] §cYou can't build next to the barn!
12:45:29 [allowed] §cYou can't build next to the barn!
12:45:29 [allowed] §cYou can't build next to the barn!
12:45:29 [allowed] §cYou can't build next to the barn!
12:45:29 [allowed] §cYou can't build next to the barn!
12:45:29 [allowed] §cYou can't build next to the barn!
12:45:29 [allowed] §cYou can't build next to the barn!
12:45:29 [allowed] §cYou can't build next to the barn!
12:45:29 [allowed] §cYou can't build next to the barn!
12:45:29 [allowed] §cYou can't build next to the barn!
12:45:29 [allowed] §cYou can't build next to the barn!
12:45:30 [allowed] §cYou can't build next to the barn!
12:45:30 [allowed] §cYou can't build next to the barn!
12:45:39 [allowed] §e✆ §r§aHoppity§r§e ✆ 
12:45:39 [allowed] §a✆ RING... §r §r§2§l[PICK UP]
12:45:40 [allowed] §a✆ RING... RING... §r §r§2§l[PICK UP]
12:45:41 [allowed] §a✆ RING... RING... RING... §r §r§2§l[PICK UP]
12:45:42 [allowed] §e[NPC] §aHoppity§f: §b✆ §f§rWhat's up, §bEuphaa§f?
12:45:44 [allowed] §e[NPC] §aHoppity§f: §b✆ §f§rI just got a new Chocolate Rabbit and was wondering if you wanted to buy it.
12:45:45 [allowed] §eSelect an option: §r§a[Yes] §r§c[No] 
12:45:47 [allowed] §8Withdrawing coins...
12:45:47 [allowed] §aWithdrew §r§61.6M coins§r§a! There's now §r§6686.4M coins §r§aleft in the account!
12:45:51 [allowed] §e[NPC] §aHoppity§f: §b✆ §f§rAlright, maybe next time.
12:45:52 [allowed] §e[NPC] §aHoppity§f: §b✆ §f§rSee you around!
12:46:35 [allowed] §aYou sold §r§fRed Mushroom§r§8 x47 §r§afor §r§6470 Coins§r§a!
12:46:35 [allowed] §aYou sold §r§fWheat§r§8 x28 §r§afor §r§6168 Coins§r§a!
12:46:36 [allowed] §aYou sold §r§fBrown Mushroom§r§8 x64 §r§afor §r§6640 Coins§r§a!
12:46:36 [allowed] §aYou sold §r§fSeeds§r§8 x10 §r§afor §r§630 Coins§r§a!
12:46:36 [allowed] §aYou sold §r§fBrown Mushroom§r§8 x3 §r§afor §r§630 Coins§r§a!
12:46:40 [allowed] §cThere are blocks in the way!
12:47:12 [allowed] §aYou earned §r§2750 GEXP §r§afrom playing SkyBlock!
12:52:13 [allowed] §aYou earned §r§2736 GEXP §r§afrom playing SkyBlock!
12:52:39 [allowed] §6§lOFFER ACCEPTED §r§8with §r§aEmissary Ceanna §r§8(§r§a§lUNCOMMON§r§8)
12:52:39 [allowed]   §r§a§lREWARDS
12:52:39 [allowed]     §r§8+§r§215 §r§7Garden Experience
12:52:39 [allowed]     §r§8+§r§315.3k §r§7Farming XP
12:52:39 [allowed]     §r§8+§r§c17 Copper
12:52:39 [allowed]     §r§7§8+§21,018 Mithril Powder
12:52:42 [allowed] §6§lOFFER ACCEPTED §r§8with §r§aFear Mongerer §r§8(§r§a§lUNCOMMON§r§8)
12:52:42 [allowed]   §r§a§lREWARDS
12:52:42 [allowed]     §r§8+§r§215 §r§7Garden Experience
12:52:42 [allowed]     §r§8+§r§36.4k §r§7Farming XP
12:52:42 [allowed]     §r§8+§r§c22 Copper
12:52:42 [allowed]     §r§7§5Purple Candy
12:53:41 [allowed] §cYou can't build next to the barn!
12:53:41 [allowed] §cYou can't build next to the barn!
12:53:41 [allowed] §cYou can't build next to the barn!
12:53:42 [allowed] §cYou can't build next to the barn!
12:53:42 [allowed] §cYou can't build next to the barn!
12:53:42 [allowed] §cYou can't build next to the barn!
12:53:42 [allowed] §cYou can't build next to the barn!
12:53:42 [allowed] §cYou can't build next to the barn!
12:53:42 [allowed] §cYou can't build next to the barn!
12:53:42 [allowed] §cYou can't build next to the barn!
12:53:42 [allowed] §cYou can't build next to the barn!
12:53:43 [allowed] §cYou can't build next to the barn!
12:53:43 [allowed] §cYou can't build next to the barn!
12:53:43 [allowed] §cYou can't build next to the barn!
12:53:44 [allowed] §cYou can't build next to the barn!
12:53:44 [allowed] §cYou can't build next to the barn!
12:53:44 [allowed] §cYou can't build next to the barn!
12:53:45 [allowed] §cYou can't build next to the barn!
12:53:45 [allowed] §cYou can't build next to the barn!
12:53:45 [allowed] §cYou can't build next to the barn!
12:53:45 [allowed] §cYou can't build next to the barn!
12:53:45 [allowed] §cYou can't build next to the barn!
12:53:46 [allowed] §cYou can't build next to the barn!
12:53:46 [allowed] §cYou can't build next to the barn!
12:53:46 [allowed] §cYou can't build next to the barn!
12:53:46 [allowed] §cYou can't build next to the barn!
12:53:46 [allowed] §cYou can't build next to the barn!
12:53:47 [allowed] §cYou can't build next to the barn!
12:53:47 [allowed] §cYou can't build next to the barn!
12:53:47 [allowed] §cYou can't build next to the barn!
12:54:00 [allowed] §cYou can't build next to the barn!
12:57:13 [allowed] §aYou earned §r§2718 GEXP §r§afrom playing SkyBlock!
12:59:08 [allowed] §aFriend > §r§6bloosi §r§ejoined.
12:59:42 [allowed] §2Guild > §r§bIchhabkeinBein §r§ejoined.
12:59:49 [allowed] §b§m-----------------------------------------------------
12:59:49 [allowed] §6Guild Name: Salted
12:59:49 [allowed] §f                             §r§a-- Guild Master --
12:59:49 [allowed] §b[MVP§r§3+§r§b] Euphaa§r§a ●  
12:59:49 [allowed] §f                                 §r§a-- Robot --
12:59:49 [allowed] §7SLTGC§r§a ●  
12:59:49 [allowed] §f                                §r§a-- Member --
12:59:49 [allowed] §b[MVP§r§f+§r§b] IchhabkeinBein§r§a ●  §r§b[MVP§r§d+§r§b] Drunk_Doctor§r§a ●  
12:59:49 [allowed] §eTotal Members: §r§a49
12:59:49 [allowed] §eOnline Members: §r§a4
12:59:49 [allowed] §eOffline Members: §r§a45
12:59:49 [allowed] §b§m-----------------------------------------------------
12:59:51 [allowed] §2Guild > §b[MVP§3+§b] Euphaa §7♲§f: §ro/
12:59:58 [allowed] §2Guild > §b[MVP§f+§b] IchhabkeinBein§f: §ro/
12:59:59 [allowed] §2Guild > §r§bTheWeirdestFrog §r§ejoined.
13:00:07 [allowed] §2Guild > §b[MVP§3+§b] Euphaa §7♲§f: §ro//
13:00:16 [allowed] §2Guild > §b[MVP§4+§b] TheWeirdestFrog§f: §ro/
13:00:22 [allowed] §4[WATCHDOG ANNOUNCEMENT]
13:00:22 [allowed] §fWatchdog has banned §r§c§l10,679§r§f players in the last 7 days.
13:00:22 [allowed] §fStaff have banned an additional §r§c§l10,508§r§f in the last 7 days.
13:00:22 [allowed] §cBlacklisted modifications are a bannable offense!
13:01:10 [allowed] §cThere are blocks in the way!
13:01:20 [allowed] §cThere are blocks in the way!
13:01:21 [allowed] §cThere are blocks in the way!
13:01:21 [allowed] §cThere are blocks in the way!
13:01:23 [allowed] §cThere are blocks in the way!
13:01:49 [allowed] §2Guild > §r§bTheWeirdestFrog §r§eleft.
13:02:14 [allowed] §aYou earned §r§2750 GEXP §r§afrom playing SkyBlock!
13:05:10 [allowed] §aFriend > §r§6bloosi §r§eleft.
13:06:24 [allowed] §aFriend > §r§6bloosi §r§ejoined.
13:07:15 [allowed] §aYou earned §r§2180 GEXP §r§afrom playing SkyBlock!
13:10:39 [allowed] §aFriend > §r§bVeemo §r§ejoined.
13:10:54 [allowed] §2Guild > §r§bIchhabkeinBein §r§eleft.
13:14:53 [allowed] §aFriend > §r§bThisBat612 §r§ejoined.
13:15:05 [allowed] §e[NPC] Jacob§f: §rMy contest has started!
13:15:07 [allowed] §e[NPC] Jacob§f: §rYour §9Anita's Artifact §fis giving you §6+25☘ Melon Fortune §fduring the contest!
