08:22:55 [EMPTY] §f §r§r§r§f §r§r§r§1 §r§r§r§0 §r§r§r§2 §r§r§r§f §r§r§r§f §r§r§r§2 §r§r§r§0 §r§r§r§4 §r§r§r§3 §r§r§r§9 §r§r§r§2 §r§r§r§0 §r§r§r§0 §r§r§r§3 §r§r§r§9 §r§r§r§2 §r§r§r§0 §r§r§r§0 §r§r§r§3 §r§r§r§9 §r§r§r§2 §r§r§r§0 §r§r§r§0 
08:22:55 [EMPTY] 
08:23:06 [EMPTY] §8 §r§8 §r§1 §r§3 §r§3 §r§7 §r§8 
08:23:08 [EMPTY] 
08:23:08 [EMPTY] 
08:23:09 [EMPTY]  
08:23:09 [STASH_COMPACT] §f               §7You have §310,595 §7materials stashed away!
08:23:09 [STASH_COMPACT] §f              §8(This totals 2 types of materials stashed!)
08:23:09 [STASH_COMPACT] §f                §3§l>>> §3§lCLICK HERE§b to pick them up! §3§l<<<
08:23:09 [EMPTY]   
08:23:10 [EMPTY]  
08:23:10 [STASH_COMPACT] §f               §7You have §310,595 §7materials stashed away!
08:23:10 [STASH_COMPACT] §f              §8(This totals 2 types of materials stashed!)
08:23:10 [STASH_COMPACT] §f                §3§l>>> §3§lCLICK HERE§b to pick them up! §3§l<<<
08:23:10 [EMPTY]   
08:23:10 [SKYMALL] §bNew day! §r§eYour §r§2Sky Mall §r§ebuff changed!
08:23:10 [SKYMALL] §eNew buff§r§r§r: §r§f§r§a-20%§r§f Pickaxe Ability cooldowns.
08:23:10 [SKYMALL] §8§oYou can disable this messaging by toggling Sky Mall in your /hotm!
08:24:10 [EMPTY]  
08:24:10 [STASH_COMPACT] §f               §7You have §310,595 §7materials stashed away!
08:24:10 [STASH_COMPACT] §f              §8(This totals 2 types of materials stashed!)
08:24:10 [STASH_COMPACT] §f                §3§l>>> §3§lCLICK HERE§b to pick them up! §3§l<<<
08:24:10 [EMPTY]   
08:24:11 [EMPTY] §8 §r§8 §r§1 §r§3 §r§3 §r§7 §r§8 
08:24:14 [EMPTY]  
08:24:14 [STASH_COMPACT] §f               §7You have §310,595 §7materials stashed away!
08:24:14 [STASH_COMPACT] §f              §8(This totals 2 types of materials stashed!)
08:24:14 [STASH_COMPACT] §f                §3§l>>> §3§lCLICK HERE§b to pick them up! §3§l<<<
08:24:14 [EMPTY]   
08:24:15 [EMPTY]  
08:24:15 [STASH_COMPACT] §f               §7You have §310,595 §7materials stashed away!
08:24:15 [STASH_COMPACT] §f              §8(This totals 2 types of materials stashed!)
08:24:15 [STASH_COMPACT] §f                §3§l>>> §3§lCLICK HERE§b to pick them up! §3§l<<<
08:24:15 [EMPTY]   
08:25:15 [EMPTY]  
08:25:15 [STASH_COMPACT] §f               §7You have §310,595 §7materials stashed away!
08:25:15 [STASH_COMPACT] §f              §8(This totals 2 types of materials stashed!)
08:25:15 [STASH_COMPACT] §f                §3§l>>> §3§lCLICK HERE§b to pick them up! §3§l<<<
08:25:15 [EMPTY]   
08:26:02 [EMPTY] §8 §r§8 §r§1 §r§3 §r§3 §r§7 §r§8 
08:26:05 [EMPTY]  
08:26:05 [STASH_COMPACT] §f               §7You have §310,595 §7materials stashed away!
08:26:05 [STASH_COMPACT] §f              §8(This totals 2 types of materials stashed!)
08:26:05 [STASH_COMPACT] §f                §3§l>>> §3§lCLICK HERE§b to pick them up! §3§l<<<
08:26:05 [EMPTY]   
08:26:06 [EMPTY]  
08:26:06 [STASH_COMPACT] §f               §7You have §310,595 §7materials stashed away!
08:26:06 [STASH_COMPACT] §f              §8(This totals 2 types of materials stashed!)
08:26:06 [STASH_COMPACT] §f                §3§l>>> §3§lCLICK HERE§b to pick them up! §3§l<<<
08:26:06 [EMPTY]   
08:27:06 [EMPTY]  
08:27:06 [STASH_COMPACT] §f               §7You have §310,595 §7materials stashed away!
08:27:06 [STASH_COMPACT] §f              §8(This totals 2 types of materials stashed!)
08:27:06 [STASH_COMPACT] §f                §3§l>>> §3§lCLICK HERE§b to pick them up! §3§l<<<
08:27:06 [EMPTY]   
08:28:06 [EMPTY]  
08:28:06 [STASH_COMPACT] §f               §7You have §310,595 §7materials stashed away!
08:28:06 [STASH_COMPACT] §f              §8(This totals 2 types of materials stashed!)
08:28:06 [STASH_COMPACT] §f                §3§l>>> §3§lCLICK HERE§b to pick them up! §3§l<<<
08:28:06 [EMPTY]   
08:29:06 [EMPTY]  
08:29:06 [STASH_COMPACT] §f               §7You have §310,595 §7materials stashed away!
08:29:06 [STASH_COMPACT] §f              §8(This totals 2 types of materials stashed!)
08:29:06 [STASH_COMPACT] §f                §3§l>>> §3§lCLICK HERE§b to pick them up! §3§l<<<
08:29:06 [EMPTY]   
08:30:07 [EMPTY]  
08:30:07 [STASH_COMPACT] §f               §7You have §310,595 §7materials stashed away!
08:30:07 [STASH_COMPACT] §f              §8(This totals 2 types of materials stashed!)
08:30:07 [STASH_COMPACT] §f                §3§l>>> §3§lCLICK HERE§b to pick them up! §3§l<<<
08:30:07 [EMPTY]   
08:30:36 [EMPTY] §8 §r§8 §r§1 §r§3 §r§3 §r§7 §r§8 
08:30:40 [EMPTY]  
08:30:40 [STASH_COMPACT] §f               §7You have §310,595 §7materials stashed away!
08:30:40 [STASH_COMPACT] §f              §8(This totals 2 types of materials stashed!)
08:30:40 [STASH_COMPACT] §f                §3§l>>> §3§lCLICK HERE§b to pick them up! §3§l<<<
08:30:40 [EMPTY]   
08:30:41 [EMPTY]  
08:30:41 [STASH_COMPACT] §f               §7You have §310,595 §7materials stashed away!
08:30:41 [STASH_COMPACT] §f              §8(This totals 2 types of materials stashed!)
08:30:41 [STASH_COMPACT] §f                §3§l>>> §3§lCLICK HERE§b to pick them up! §3§l<<<
08:30:41 [EMPTY]   
08:30:54 [PEST_DROP] §eYou received §a69x Enchanted Nether Wart §efor killing a §2Beetle§e!
08:31:02 [PEST_DROP] §eYou received §a92x Enchanted Nether Wart §efor killing a §2Beetle§e!
08:31:19 [PEST_DROP] §eYou received §a110x Enchanted Nether Wart §efor killing a §2Beetle§e!
08:31:29 [PEST_DROP] §eYou received §a121x Enchanted Nether Wart §efor killing a §2Beetle§e!
08:31:41 [PEST_DROP] §eYou received §a153x Enchanted Carrot §efor killing a §2Cricket§e!
08:31:41 [EMPTY]  
08:31:41 [STASH_COMPACT] §f               §7You have §310,595 §7materials stashed away!
08:31:41 [STASH_COMPACT] §f              §8(This totals 2 types of materials stashed!)
08:31:41 [STASH_COMPACT] §f                §3§l>>> §3§lCLICK HERE§b to pick them up! §3§l<<<
08:31:41 [EMPTY]   
08:31:51 [PEST_DROP] §eYou received §a151x Enchanted Potato §efor killing a §2Locust§e!
08:32:01 [PEST_DROP] §eYou received §a127x Enchanted Nether Wart §efor killing a §2Beetle§e!
08:32:11 [PEST_DROP] §eYou received §a44x Enchanted Pumpkin §efor killing a §2Rat§e!
08:32:20 [EMPTY] §8 §r§8 §r§1 §r§3 §r§3 §r§7 §r§8 
08:32:24 [EMPTY]  
08:32:24 [STASH_COMPACT] §f               §7You have §310,595 §7materials stashed away!
08:32:24 [STASH_COMPACT] §f              §8(This totals 2 types of materials stashed!)
08:32:24 [STASH_COMPACT] §f                §3§l>>> §3§lCLICK HERE§b to pick them up! §3§l<<<
08:32:24 [EMPTY]   
08:32:24 [EMPTY]  
08:32:24 [STASH_COMPACT] §f               §7You have §310,595 §7materials stashed away!
08:32:24 [STASH_COMPACT] §f              §8(This totals 2 types of materials stashed!)
08:32:24 [STASH_COMPACT] §f                §3§l>>> §3§lCLICK HERE§b to pick them up! §3§l<<<
08:32:24 [EMPTY]   
08:33:06 [EMPTY] §8 §r§8 §r§1 §r§3 §r§3 §r§7 §r§8 
08:33:09 [EMPTY]  
08:33:09 [STASH_COMPACT] §f               §7You have §310,595 §7materials stashed away!
08:33:10 [STASH_COMPACT] §f              §8(This totals 2 types of materials stashed!)
08:33:10 [STASH_COMPACT] §f                §3§l>>> §3§lCLICK HERE§b to pick them up! §3§l<<<
08:33:10 [EMPTY]   
08:33:15 [EMPTY] 
08:33:15 [EMPTY] 
08:33:18 [EMPTY]  
08:33:18 [STASH_COMPACT] §f               §7You have §310,595 §7materials stashed away!
08:33:18 [STASH_COMPACT] §f              §8(This totals 2 types of materials stashed!)
08:33:18 [STASH_COMPACT] §f                §3§l>>> §3§lCLICK HERE§b to pick them up! §3§l<<<
08:33:18 [EMPTY]   
08:33:28 [EMPTY] §8 §r§8 §r§1 §r§3 §r§3 §r§7 §r§8 
08:33:32 [EMPTY]  
08:33:32 [STASH_COMPACT] §f               §7You have §310,595 §7materials stashed away!
08:33:32 [STASH_COMPACT] §f              §8(This totals 2 types of materials stashed!)
08:33:32 [STASH_COMPACT] §f                §3§l>>> §3§lCLICK HERE§b to pick them up! §3§l<<<
08:33:32 [EMPTY]   
08:33:32 [EMPTY]  
08:33:32 [STASH_COMPACT] §f               §7You have §310,595 §7materials stashed away!
08:33:32 [STASH_COMPACT] §f              §8(This totals 2 types of materials stashed!)
08:33:32 [STASH_COMPACT] §f                §3§l>>> §3§lCLICK HERE§b to pick them up! §3§l<<<
08:33:32 [EMPTY]   
08:33:45 [GARDEN_VISITOR_MESSAGE] §e[NPC] §aLumber Jack§f: §r§fMy assistant is feeling off, and I think we could do with a hearty meal. Do you think you can help us out?
08:33:47 [EMPTY] 
08:33:47 [EMPTY] 
08:33:47 [GARDEN_VISITOR_MESSAGE] §e[NPC] §aLumber Jack§f: §r§fThank you! I'm sure this will make him feel better.
08:33:48 [GARDEN_VISITOR_MESSAGE] §e[NPC] §aEmissary Ceanna§f: §r§fThe King's favorite emissary is here to request potatoes for the King's great feast! 
08:33:50 [EMPTY] 
08:33:50 [EMPTY] 
08:33:50 [GARDEN_VISITOR_MESSAGE] §e[NPC] §aEmissary Ceanna§f: §r§fMaybe the King will even announce me as his favorite at the feast!
08:33:50 [GARDEN_VISITOR_MESSAGE] §e[NPC] §9Lumina§f: §r§fI'm looking to make some Jack o' Lanterns to help light up the Crystal Hollows - maybe you can help me out?
08:33:52 [EMPTY] 
08:33:52 [EMPTY] 
08:33:52 [GARDEN_VISITOR_MESSAGE] §e[NPC] §9Lumina§f: §r§fNice doin' business with ya! Here's some copper in return.
08:33:54 [GARDEN_VISITOR_MESSAGE] §e[NPC] §9Queen Mismyla§f: §r§fThe King made me go grocery shopping. Me! Can you believe that? He has a pair of perfectly good legs, and still, here I am.
08:33:57 [EMPTY] 
08:33:57 [EMPTY] 
08:33:57 [GARDEN_VISITOR_MESSAGE] §e[NPC] §9Queen Mismyla§f: §r§fI bet when I am back, they are all still sitting around that table! All day, every day! It's ludicrous!
08:33:58 [GARDEN_VISITOR_MESSAGE] §e[NPC] §aStella§f: §r§fThe amount of plots you can unlock here is perfect for a Co-op. So much space!
08:34:01 [GARDEN_VISITOR_MESSAGE] §e[NPC] §aStella§f: §r§fDon't worry, I'll come back later.
08:34:32 [EMPTY]  
08:34:32 [STASH_COMPACT] §f               §7You have §310,595 §7materials stashed away!
08:34:32 [STASH_COMPACT] §f              §8(This totals 2 types of materials stashed!)
08:34:32 [STASH_COMPACT] §f                §3§l>>> §3§lCLICK HERE§b to pick them up! §3§l<<<
08:34:32 [EMPTY]   
08:35:01 [SKYMALL] §bNew day! §r§eYour §r§2Sky Mall §r§ebuff changed!
08:35:01 [SKYMALL] §eNew buff§r§r§r: §r§fGain §r§6+50☘ Mining Fortune§r§f.
08:35:01 [SKYMALL] §8§oYou can disable this messaging by toggling Sky Mall in your /hotm!
08:35:06 [NEW_VISITOR_ARRIVED] §a§r§aTarwen §r§ehas arrived on your §r§aGarden§r§e!
08:35:33 [EMPTY]  
08:35:33 [STASH_COMPACT] §f               §7You have §310,595 §7materials stashed away!
08:35:33 [STASH_COMPACT] §f              §8(This totals 2 types of materials stashed!)
08:35:33 [STASH_COMPACT] §f                §3§l>>> §3§lCLICK HERE§b to pick them up! §3§l<<<
08:35:33 [EMPTY]   
08:36:33 [EMPTY]  
08:36:33 [STASH_COMPACT] §f               §7You have §310,595 §7materials stashed away!
08:36:33 [STASH_COMPACT] §f              §8(This totals 2 types of materials stashed!)
08:36:33 [STASH_COMPACT] §f                §3§l>>> §3§lCLICK HERE§b to pick them up! §3§l<<<
08:36:33 [EMPTY]   
08:37:33 [EMPTY]  
08:37:33 [STASH_COMPACT] §f               §7You have §310,595 §7materials stashed away!
08:37:33 [STASH_COMPACT] §f              §8(This totals 2 types of materials stashed!)
08:37:33 [STASH_COMPACT] §f                §3§l>>> §3§lCLICK HERE§b to pick them up! §3§l<<<
08:37:33 [EMPTY]   
08:38:33 [EMPTY]  
08:38:33 [STASH_COMPACT] §f               §7You have §310,595 §7materials stashed away!
08:38:33 [STASH_COMPACT] §f              §8(This totals 2 types of materials stashed!)
08:38:33 [STASH_COMPACT] §f                §3§l>>> §3§lCLICK HERE§b to pick them up! §3§l<<<
08:38:33 [EMPTY]   
08:39:08 [NEW_VISITOR_ARRIVED] §a§r§aJamie §r§ehas arrived on your §r§aGarden§r§e!
08:39:33 [EMPTY]  
08:39:33 [STASH_COMPACT] §f               §7You have §310,595 §7materials stashed away!
08:39:33 [STASH_COMPACT] §f              §8(This totals 2 types of materials stashed!)
08:39:33 [STASH_COMPACT] §f                §3§l>>> §3§lCLICK HERE§b to pick them up! §3§l<<<
08:39:33 [EMPTY]   
08:40:34 [EMPTY]  
08:40:34 [STASH_COMPACT] §f               §7You have §310,595 §7materials stashed away!
08:40:34 [STASH_COMPACT] §f              §8(This totals 2 types of materials stashed!)
08:40:34 [STASH_COMPACT] §f                §3§l>>> §3§lCLICK HERE§b to pick them up! §3§l<<<
08:40:34 [EMPTY]   
08:41:34 [EMPTY]  
08:41:34 [STASH_COMPACT] §f               §7You have §310,595 §7materials stashed away!
08:41:34 [STASH_COMPACT] §f              §8(This totals 2 types of materials stashed!)
08:41:34 [STASH_COMPACT] §f                §3§l>>> §3§lCLICK HERE§b to pick them up! §3§l<<<
08:41:34 [EMPTY]   
08:42:34 [EMPTY]  
08:42:34 [STASH_COMPACT] §f               §7You have §310,595 §7materials stashed away!
08:42:34 [STASH_COMPACT] §f              §8(This totals 2 types of materials stashed!)
08:42:34 [STASH_COMPACT] §f                §3§l>>> §3§lCLICK HERE§b to pick them up! §3§l<<<
08:42:34 [EMPTY]   
08:43:34 [EMPTY]  
08:43:34 [STASH_COMPACT] §f               §7You have §310,595 §7materials stashed away!
08:43:34 [STASH_COMPACT] §f              §8(This totals 2 types of materials stashed!)
08:43:34 [STASH_COMPACT] §f                §3§l>>> §3§lCLICK HERE§b to pick them up! §3§l<<<
08:43:34 [EMPTY]   
08:44:34 [EMPTY]  
08:44:34 [STASH_COMPACT] §f               §7You have §310,595 §7materials stashed away!
08:44:34 [STASH_COMPACT] §f              §8(This totals 2 types of materials stashed!)
08:44:34 [STASH_COMPACT] §f                §3§l>>> §3§lCLICK HERE§b to pick them up! §3§l<<<
08:44:34 [EMPTY]   
08:45:35 [EMPTY]  
08:45:35 [STASH_COMPACT] §f               §7You have §310,595 §7materials stashed away!
08:45:35 [STASH_COMPACT] §f              §8(This totals 2 types of materials stashed!)
08:45:35 [STASH_COMPACT] §f                §3§l>>> §3§lCLICK HERE§b to pick them up! §3§l<<<
08:45:35 [EMPTY]   
08:46:35 [EMPTY]  
08:46:35 [STASH_COMPACT] §f               §7You have §310,595 §7materials stashed away!
08:46:35 [STASH_COMPACT] §f              §8(This totals 2 types of materials stashed!)
08:46:35 [STASH_COMPACT] §f                §3§l>>> §3§lCLICK HERE§b to pick them up! §3§l<<<
08:46:35 [EMPTY]   
08:47:33 [NEW_VISITOR_ARRIVED] §a§r§aRoyal Resident §r§ehas arrived on your §r§aGarden§r§e!
08:47:35 [EMPTY]  
08:47:35 [STASH_COMPACT] §f               §7You have §310,595 §7materials stashed away!
08:47:35 [STASH_COMPACT] §f              §8(This totals 2 types of materials stashed!)
08:47:35 [STASH_COMPACT] §f                §3§l>>> §3§lCLICK HERE§b to pick them up! §3§l<<<
08:47:35 [EMPTY]   
08:48:35 [EMPTY]  
08:48:35 [STASH_COMPACT] §f               §7You have §310,595 §7materials stashed away!
08:48:35 [STASH_COMPACT] §f              §8(This totals 2 types of materials stashed!)
08:48:35 [STASH_COMPACT] §f                §3§l>>> §3§lCLICK HERE§b to pick them up! §3§l<<<
08:48:35 [EMPTY]   
08:49:35 [EMPTY]  
08:49:35 [STASH_COMPACT] §f               §7You have §310,595 §7materials stashed away!
08:49:35 [STASH_COMPACT] §f              §8(This totals 2 types of materials stashed!)
08:49:35 [STASH_COMPACT] §f                §3§l>>> §3§lCLICK HERE§b to pick them up! §3§l<<<
08:49:35 [EMPTY]   
08:50:35 [EMPTY]  
08:50:35 [STASH_COMPACT] §f               §7You have §310,595 §7materials stashed away!
08:50:35 [STASH_COMPACT] §f              §8(This totals 2 types of materials stashed!)
08:50:35 [STASH_COMPACT] §f                §3§l>>> §3§lCLICK HERE§b to pick them up! §3§l<<<
08:50:35 [EMPTY]   
08:51:35 [EMPTY]  
08:51:35 [STASH_COMPACT] §f               §7You have §310,595 §7materials stashed away!
08:51:35 [STASH_COMPACT] §f              §8(This totals 2 types of materials stashed!)
08:51:35 [STASH_COMPACT] §f                §3§l>>> §3§lCLICK HERE§b to pick them up! §3§l<<<
08:51:35 [EMPTY]   
08:52:35 [EMPTY]  
08:52:35 [STASH_COMPACT] §f               §7You have §310,595 §7materials stashed away!
08:52:35 [STASH_COMPACT] §f              §8(This totals 2 types of materials stashed!)
08:52:35 [STASH_COMPACT] §f                §3§l>>> §3§lCLICK HERE§b to pick them up! §3§l<<<
08:52:35 [EMPTY]   
08:53:35 [EMPTY]  
08:53:35 [STASH_COMPACT] §f               §7You have §310,595 §7materials stashed away!
08:53:35 [STASH_COMPACT] §f              §8(This totals 2 types of materials stashed!)
08:53:35 [STASH_COMPACT] §f                §3§l>>> §3§lCLICK HERE§b to pick them up! §3§l<<<
08:53:35 [EMPTY]   
08:54:29 [PEST_DROP] §eYou received §a119x Enchanted Nether Wart §efor killing a §2Beetle§e!
08:54:35 [EMPTY]  
08:54:35 [STASH_COMPACT] §f               §7You have §310,595 §7materials stashed away!
08:54:35 [STASH_COMPACT] §f              §8(This totals 2 types of materials stashed!)
08:54:35 [STASH_COMPACT] §f                §3§l>>> §3§lCLICK HERE§b to pick them up! §3§l<<<
08:54:35 [EMPTY]   
08:54:41 [PEST_DROP] §eYou received §a144x Enchanted Carrot §efor killing a §2Cricket§e!
08:55:00 [SKYMALL] §bNew day! §r§eYour §r§2Sky Mall §r§ebuff changed!
08:55:00 [SKYMALL] §eNew buff§r§r§r: §r§fGain §r§6+50☘ Mining Fortune§r§f.
08:55:00 [SKYMALL] §8§oYou can disable this messaging by toggling Sky Mall in your /hotm!
08:55:35 [EMPTY]  
08:55:35 [STASH_COMPACT] §f               §7You have §310,595 §7materials stashed away!
08:55:35 [STASH_COMPACT] §f              §8(This totals 2 types of materials stashed!)
08:55:35 [STASH_COMPACT] §f                §3§l>>> §3§lCLICK HERE§b to pick them up! §3§l<<<
08:55:35 [EMPTY]   
08:56:35 [EMPTY]  
08:56:35 [STASH_COMPACT] §f               §7You have §310,595 §7materials stashed away!
08:56:35 [STASH_COMPACT] §f              §8(This totals 2 types of materials stashed!)
08:56:35 [STASH_COMPACT] §f                §3§l>>> §3§lCLICK HERE§b to pick them up! §3§l<<<
08:56:35 [EMPTY]   
08:57:36 [EMPTY]  
08:57:36 [STASH_COMPACT] §f               §7You have §310,595 §7materials stashed away!
08:57:36 [STASH_COMPACT] §f              §8(This totals 2 types of materials stashed!)
08:57:36 [STASH_COMPACT] §f                §3§l>>> §3§lCLICK HERE§b to pick them up! §3§l<<<
08:57:36 [EMPTY]   
08:57:37 [NEW_VISITOR_ARRIVED] §a§r§aGimley §r§ehas arrived on your §r§aGarden§r§e!
08:58:36 [EMPTY]  
08:58:36 [STASH_COMPACT] §f               §7You have §310,595 §7materials stashed away!
08:58:36 [STASH_COMPACT] §f              §8(This totals 2 types of materials stashed!)
08:58:36 [STASH_COMPACT] §f                §3§l>>> §3§lCLICK HERE§b to pick them up! §3§l<<<
08:58:36 [EMPTY]   
08:59:36 [EMPTY]  
08:59:36 [STASH_COMPACT] §f               §7You have §310,595 §7materials stashed away!
08:59:36 [STASH_COMPACT] §f              §8(This totals 2 types of materials stashed!)
08:59:36 [STASH_COMPACT] §f                §3§l>>> §3§lCLICK HERE§b to pick them up! §3§l<<<
08:59:36 [EMPTY]   
09:00:22 [EMPTY] §f
09:00:22 [EMPTY] §c
09:00:36 [EMPTY]  
09:00:36 [STASH_COMPACT] §f               §7You have §310,595 §7materials stashed away!
09:00:36 [STASH_COMPACT] §f              §8(This totals 2 types of materials stashed!)
09:00:36 [STASH_COMPACT] §f                §3§l>>> §3§lCLICK HERE§b to pick them up! §3§l<<<
09:00:36 [EMPTY]   
09:01:36 [EMPTY]  
09:01:36 [STASH_COMPACT] §f               §7You have §310,595 §7materials stashed away!
09:01:36 [STASH_COMPACT] §f              §8(This totals 2 types of materials stashed!)
09:01:36 [STASH_COMPACT] §f                §3§l>>> §3§lCLICK HERE§b to pick them up! §3§l<<<
09:01:36 [EMPTY]   
09:02:36 [EMPTY]  
09:02:36 [STASH_COMPACT] §f               §7You have §310,595 §7materials stashed away!
09:02:36 [STASH_COMPACT] §f              §8(This totals 2 types of materials stashed!)
09:02:36 [STASH_COMPACT] §f                §3§l>>> §3§lCLICK HERE§b to pick them up! §3§l<<<
09:02:36 [EMPTY]   
09:03:36 [EMPTY]  
09:03:36 [STASH_COMPACT] §f               §7You have §310,595 §7materials stashed away!
09:03:36 [STASH_COMPACT] §f              §8(This totals 2 types of materials stashed!)
09:03:36 [STASH_COMPACT] §f                §3§l>>> §3§lCLICK HERE§b to pick them up! §3§l<<<
09:03:36 [EMPTY]   
09:04:36 [EMPTY]  
09:04:36 [STASH_COMPACT] §f               §7You have §310,595 §7materials stashed away!
09:04:36 [STASH_COMPACT] §f              §8(This totals 2 types of materials stashed!)
09:04:36 [STASH_COMPACT] §f                §3§l>>> §3§lCLICK HERE§b to pick them up! §3§l<<<
09:04:36 [EMPTY]   
09:05:36 [EMPTY]  
09:05:36 [STASH_COMPACT] §f               §7You have §310,595 §7materials stashed away!
09:05:36 [STASH_COMPACT] §f              §8(This totals 2 types of materials stashed!)
09:05:36 [STASH_COMPACT] §f                §3§l>>> §3§lCLICK HERE§b to pick them up! §3§l<<<
09:05:36 [EMPTY]   
09:06:36 [EMPTY]  
09:06:36 [STASH_COMPACT] §f               §7You have §310,595 §7materials stashed away!
09:06:36 [STASH_COMPACT] §f              §8(This totals 2 types of materials stashed!)
09:06:36 [STASH_COMPACT] §f                §3§l>>> §3§lCLICK HERE§b to pick them up! §3§l<<<
09:06:36 [EMPTY]   
09:07:36 [EMPTY]  
09:07:36 [STASH_COMPACT] §f               §7You have §310,595 §7materials stashed away!
09:07:36 [STASH_COMPACT] §f              §8(This totals 2 types of materials stashed!)
09:07:36 [STASH_COMPACT] §f                §3§l>>> §3§lCLICK HERE§b to pick them up! §3§l<<<
09:07:36 [EMPTY]   
09:08:36 [EMPTY]  
09:08:36 [STASH_COMPACT] §f               §7You have §310,595 §7materials stashed away!
09:08:36 [STASH_COMPACT] §f              §8(This totals 2 types of materials stashed!)
09:08:36 [STASH_COMPACT] §f                §3§l>>> §3§lCLICK HERE§b to pick them up! §3§l<<<
09:08:36 [EMPTY]   
09:09:36 [EMPTY]  
09:09:36 [STASH_COMPACT] §f               §7You have §310,595 §7materials stashed away!
09:09:36 [STASH_COMPACT] §f              §8(This totals 2 types of materials stashed!)
09:09:36 [STASH_COMPACT] §f                §3§l>>> §3§lCLICK HERE§b to pick them up! §3§l<<<
09:09:36 [EMPTY]   
09:09:38 [NEW_VISITOR_ARRIVED] §6§r§6Sirius §r§ehas arrived on your §r§aGarden§r§e!
09:09:50 [GARDEN_VISITOR_MESSAGE] §e[NPC] §6Sirius§f: §r§fI've always wanted to start a farm but instead I got sucked into this life of crim...I mean business!
09:10:36 [EMPTY]  
09:10:36 [STASH_COMPACT] §f               §7You have §310,595 §7materials stashed away!
09:10:36 [STASH_COMPACT] §f              §8(This totals 2 types of materials stashed!)
09:10:36 [STASH_COMPACT] §f                §3§l>>> §3§lCLICK HERE§b to pick them up! §3§l<<<
09:10:36 [EMPTY]   
09:10:58 [GARDEN_VISITOR_MESSAGE] §e[NPC] §aTarwen§f: §r§fBuurrrp? ... Burrp bURp!
09:11:01 [EMPTY] 
09:11:01 [EMPTY] 
09:11:01 [GARDEN_VISITOR_MESSAGE] §e[NPC] §aTarwen§f: §r§fBuuuuurp!
09:11:02 [GARDEN_VISITOR_MESSAGE] §e[NPC] §aJamie§f: §r§fYou might have noticed that you can purchase additional plots within your Desk in the Barn!
09:11:06 [EMPTY] 
09:11:06 [EMPTY] 
09:11:06 [GARDEN_VISITOR_MESSAGE] §e[NPC] §aJamie§f: §r§fThank you! Until next time!
09:11:07 [GARDEN_VISITOR_MESSAGE] §e[NPC] §aRoyal Resident§f: §r§fI don't really converse with your kind, but today I'll make an exception.
09:11:12 [GARDEN_VISITOR_MESSAGE] §e[NPC] §aRoyal Resident§f: §r§fMy disappointment is immeasurable. What a waste of my valuable time.
09:11:13 [GARDEN_VISITOR_MESSAGE] §e[NPC] §aGimley§f: §r§fbUuUrP!?!?
09:11:16 [EMPTY] 
09:11:16 [EMPTY] 
09:11:16 [GARDEN_VISITOR_MESSAGE] §e[NPC] §aGimley§f: §r§fBuRRrP Burp!
09:11:37 [EMPTY]  
09:11:37 [STASH_COMPACT] §f               §7You have §310,595 §7materials stashed away!
09:11:37 [STASH_COMPACT] §f              §8(This totals 2 types of materials stashed!)
09:11:37 [STASH_COMPACT] §f                §3§l>>> §3§lCLICK HERE§b to pick them up! §3§l<<<
09:11:37 [EMPTY]   
09:12:37 [EMPTY]  
09:12:37 [STASH_COMPACT] §f               §7You have §310,595 §7materials stashed away!
09:12:37 [STASH_COMPACT] §f              §8(This totals 2 types of materials stashed!)
09:12:37 [STASH_COMPACT] §f                §3§l>>> §3§lCLICK HERE§b to pick them up! §3§l<<<
09:12:37 [EMPTY]   
09:13:37 [EMPTY]  
09:13:37 [STASH_COMPACT] §f               §7You have §310,595 §7materials stashed away!
09:13:37 [STASH_COMPACT] §f              §8(This totals 2 types of materials stashed!)
09:13:37 [STASH_COMPACT] §f                §3§l>>> §3§lCLICK HERE§b to pick them up! §3§l<<<
09:13:37 [EMPTY]   
09:14:37 [EMPTY]  
09:14:37 [STASH_COMPACT] §f               §7You have §310,595 §7materials stashed away!
09:14:37 [STASH_COMPACT] §f              §8(This totals 2 types of materials stashed!)
09:14:37 [STASH_COMPACT] §f                §3§l>>> §3§lCLICK HERE§b to pick them up! §3§l<<<
09:14:37 [EMPTY]   
09:15:00 [SKYMALL] §bNew day! §r§eYour §r§2Sky Mall §r§ebuff changed!
09:15:00 [SKYMALL] §eNew buff§r§r§r: §r§fGain §r§6+50☘ Mining Fortune§r§f.
09:15:00 [SKYMALL] §8§oYou can disable this messaging by toggling Sky Mall in your /hotm!
09:15:32 [NEW_VISITOR_ARRIVED] §a§r§aGuy §r§ehas arrived on your §r§aGarden§r§e!
09:15:37 [EMPTY]  
09:15:37 [STASH_COMPACT] §f               §7You have §310,595 §7materials stashed away!
09:15:37 [STASH_COMPACT] §f              §8(This totals 2 types of materials stashed!)
09:15:37 [STASH_COMPACT] §f                §3§l>>> §3§lCLICK HERE§b to pick them up! §3§l<<<
09:15:37 [EMPTY]   
09:16:37 [EMPTY]  
09:16:37 [STASH_COMPACT] §f               §7You have §310,595 §7materials stashed away!
09:16:37 [STASH_COMPACT] §f              §8(This totals 2 types of materials stashed!)
09:16:37 [STASH_COMPACT] §f                §3§l>>> §3§lCLICK HERE§b to pick them up! §3§l<<<
09:16:37 [EMPTY]   
09:17:37 [EMPTY]  
09:17:37 [STASH_COMPACT] §f               §7You have §310,595 §7materials stashed away!
09:17:37 [STASH_COMPACT] §f              §8(This totals 2 types of materials stashed!)
09:17:37 [STASH_COMPACT] §f                §3§l>>> §3§lCLICK HERE§b to pick them up! §3§l<<<
09:17:37 [EMPTY]   
09:18:37 [EMPTY]  
09:18:37 [STASH_COMPACT] §f               §7You have §310,595 §7materials stashed away!
09:18:37 [STASH_COMPACT] §f              §8(This totals 2 types of materials stashed!)
09:18:37 [STASH_COMPACT] §f                §3§l>>> §3§lCLICK HERE§b to pick them up! §3§l<<<
09:18:37 [EMPTY]   
09:19:37 [EMPTY]  
09:19:37 [STASH_COMPACT] §f               §7You have §310,595 §7materials stashed away!
09:19:37 [STASH_COMPACT] §f              §8(This totals 2 types of materials stashed!)
09:19:37 [STASH_COMPACT] §f                §3§l>>> §3§lCLICK HERE§b to pick them up! §3§l<<<
09:19:37 [EMPTY]   
09:20:00 [NEW_VISITOR_ARRIVED] §9§r§9Queen Mismyla §r§ehas arrived on your §r§aGarden§r§e!
09:20:37 [EMPTY]  
09:20:37 [STASH_COMPACT] §f               §7You have §310,595 §7materials stashed away!
09:20:37 [STASH_COMPACT] §f              §8(This totals 2 types of materials stashed!)
09:20:37 [STASH_COMPACT] §f                §3§l>>> §3§lCLICK HERE§b to pick them up! §3§l<<<
09:20:37 [EMPTY]   
09:21:37 [EMPTY]  
09:21:37 [STASH_COMPACT] §f               §7You have §310,595 §7materials stashed away!
09:21:37 [STASH_COMPACT] §f              §8(This totals 2 types of materials stashed!)
09:21:37 [STASH_COMPACT] §f                §3§l>>> §3§lCLICK HERE§b to pick them up! §3§l<<<
09:21:37 [EMPTY]   
09:22:38 [EMPTY]  
09:22:38 [STASH_COMPACT] §f               §7You have §310,595 §7materials stashed away!
09:22:38 [STASH_COMPACT] §f              §8(This totals 2 types of materials stashed!)
09:22:38 [STASH_COMPACT] §f                §3§l>>> §3§lCLICK HERE§b to pick them up! §3§l<<<
09:22:38 [EMPTY]   
09:23:28 [PEST_DROP] §eYou received §a41x Enchanted Pumpkin §efor killing a §2Rat§e!
09:23:38 [EMPTY]  
09:23:38 [STASH_COMPACT] §f               §7You have §310,595 §7materials stashed away!
09:23:38 [STASH_COMPACT] §f              §8(This totals 2 types of materials stashed!)
09:23:38 [STASH_COMPACT] §f                §3§l>>> §3§lCLICK HERE§b to pick them up! §3§l<<<
09:23:38 [EMPTY]   
09:23:40 [PEST_DROP] §eYou received §a119x Enchanted Nether Wart §efor killing a §2Beetle§e!
09:23:48 [GARDEN_VISITOR_MESSAGE] §e[NPC] §aGuy§f: §r§fHeard you may got some mushrooms...I've been looking for some...
09:23:53 [GARDEN_VISITOR_MESSAGE] §e[NPC] §aGuy§f: §r§fOh man gee, that's awful man, call me when you got 'em alright?
09:23:54 [GARDEN_VISITOR_MESSAGE] §e[NPC] §9Queen Mismyla§f: §r§fThe King made me go grocery shopping. Me! Can you believe that? He has a pair of perfectly good legs, and still, here I am.
09:23:56 [GARDEN_VISITOR_MESSAGE] §e[NPC] §9Queen Mismyla§f: §r§fOh, you refuse to work as well? I should have known.
09:24:22 [PEST_DROP] §eYou received §a83x Enchanted Cactus Green §efor killing a §2Mite§e!
09:24:24 [PEST_DROP] §eYou received §a41x Enchanted Pumpkin §efor killing a §2Rat§e!
09:24:24 [NEW_VISITOR_ARRIVED] §a§r§aFelix §r§ehas arrived on your §r§aGarden§r§e!
09:24:25 [PEST_DROP] §eYou received §a42x Enchanted Pumpkin §efor killing a §2Rat§e!
09:24:29 [PEST_DROP] §eYou received §a41x Enchanted Pumpkin §efor killing a §2Rat§e!
09:24:34 [PEST_DROP] §eYou received §a84x Enchanted Cactus Green §efor killing a §2Mite§e!
09:24:34 [PEST_DROP] §eYou received §a42x Enchanted Pumpkin §efor killing a §2Rat§e!
09:24:35 [PEST_DROP] §eYou received §a42x Enchanted Pumpkin §efor killing a §2Rat§e!
09:24:38 [EMPTY]  
09:24:38 [STASH_COMPACT] §f               §7You have §310,595 §7materials stashed away!
09:24:38 [STASH_COMPACT] §f              §8(This totals 2 types of materials stashed!)
09:24:38 [STASH_COMPACT] §f                §3§l>>> §3§lCLICK HERE§b to pick them up! §3§l<<<
09:24:38 [EMPTY]   
09:25:38 [EMPTY]  
09:25:38 [STASH_COMPACT] §f               §7You have §310,595 §7materials stashed away!
09:25:38 [STASH_COMPACT] §f              §8(This totals 2 types of materials stashed!)
09:25:38 [STASH_COMPACT] §f                §3§l>>> §3§lCLICK HERE§b to pick them up! §3§l<<<
09:25:38 [EMPTY]   
09:26:38 [EMPTY]  
09:26:38 [STASH_COMPACT] §f               §7You have §310,595 §7materials stashed away!
09:26:38 [STASH_COMPACT] §f              §8(This totals 2 types of materials stashed!)
09:26:38 [STASH_COMPACT] §f                §3§l>>> §3§lCLICK HERE§b to pick them up! §3§l<<<
09:26:38 [EMPTY]   
09:27:38 [EMPTY]  
09:27:38 [STASH_COMPACT] §f               §7You have §310,595 §7materials stashed away!
09:27:38 [STASH_COMPACT] §f              §8(This totals 2 types of materials stashed!)
09:27:38 [STASH_COMPACT] §f                §3§l>>> §3§lCLICK HERE§b to pick them up! §3§l<<<
09:27:38 [EMPTY]   
09:28:15 [NEW_VISITOR_ARRIVED] §a§r§aHungry Hiker §r§ehas arrived on your §r§aGarden§r§e!
09:28:38 [EMPTY]  
09:28:38 [STASH_COMPACT] §f               §7You have §310,595 §7materials stashed away!
09:28:38 [STASH_COMPACT] §f              §8(This totals 2 types of materials stashed!)
09:28:38 [STASH_COMPACT] §f                §3§l>>> §3§lCLICK HERE§b to pick them up! §3§l<<<
09:28:38 [EMPTY]   
09:29:38 [EMPTY]  
09:29:38 [STASH_COMPACT] §f               §7You have §310,595 §7materials stashed away!
09:29:38 [STASH_COMPACT] §f              §8(This totals 2 types of materials stashed!)
09:29:38 [STASH_COMPACT] §f                §3§l>>> §3§lCLICK HERE§b to pick them up! §3§l<<<
09:29:38 [EMPTY]   
09:30:39 [EMPTY]  
09:30:39 [STASH_COMPACT] §f               §7You have §310,595 §7materials stashed away!
09:30:39 [STASH_COMPACT] §f              §8(This totals 2 types of materials stashed!)
09:30:39 [STASH_COMPACT] §f                §3§l>>> §3§lCLICK HERE§b to pick them up! §3§l<<<
09:30:39 [EMPTY]   
09:31:39 [EMPTY]  
09:31:39 [STASH_COMPACT] §f               §7You have §310,595 §7materials stashed away!
09:31:39 [STASH_COMPACT] §f              §8(This totals 2 types of materials stashed!)
09:31:39 [STASH_COMPACT] §f                §3§l>>> §3§lCLICK HERE§b to pick them up! §3§l<<<
09:31:39 [EMPTY]   
09:32:39 [EMPTY]  
09:32:39 [STASH_COMPACT] §f               §7You have §310,595 §7materials stashed away!
09:32:39 [STASH_COMPACT] §f              §8(This totals 2 types of materials stashed!)
09:32:39 [STASH_COMPACT] §f                §3§l>>> §3§lCLICK HERE§b to pick them up! §3§l<<<
09:32:39 [EMPTY]   
09:33:29 [NEW_VISITOR_ARRIVED] §9§r§9Emissary Sisko §r§ehas arrived on your §r§aGarden§r§e!
09:33:39 [EMPTY]  
09:33:39 [STASH_COMPACT] §f               §7You have §310,595 §7materials stashed away!
09:33:39 [STASH_COMPACT] §f              §8(This totals 2 types of materials stashed!)
09:33:39 [STASH_COMPACT] §f                §3§l>>> §3§lCLICK HERE§b to pick them up! §3§l<<<
09:33:39 [EMPTY]   
09:34:39 [EMPTY]  
09:34:39 [STASH_COMPACT] §f               §7You have §310,595 §7materials stashed away!
09:34:39 [STASH_COMPACT] §f              §8(This totals 2 types of materials stashed!)
09:34:39 [STASH_COMPACT] §f                §3§l>>> §3§lCLICK HERE§b to pick them up! §3§l<<<
09:34:39 [EMPTY]   
09:35:00 [SKYMALL] §bNew day! §r§eYour §r§2Sky Mall §r§ebuff changed!
09:35:00 [SKYMALL] §eNew buff§r§r§r: §r§fGain §r§6+50☘ Mining Fortune§r§f.
09:35:00 [SKYMALL] §8§oYou can disable this messaging by toggling Sky Mall in your /hotm!
09:35:39 [EMPTY]  
09:35:39 [STASH_COMPACT] §f               §7You have §310,595 §7materials stashed away!
09:35:39 [STASH_COMPACT] §f              §8(This totals 2 types of materials stashed!)
09:35:39 [STASH_COMPACT] §f                §3§l>>> §3§lCLICK HERE§b to pick them up! §3§l<<<
09:35:39 [EMPTY]   
09:36:39 [EMPTY]  
09:36:39 [STASH_COMPACT] §f               §7You have §310,595 §7materials stashed away!
09:36:39 [STASH_COMPACT] §f              §8(This totals 2 types of materials stashed!)
09:36:39 [STASH_COMPACT] §f                §3§l>>> §3§lCLICK HERE§b to pick them up! §3§l<<<
09:36:39 [EMPTY]   
09:37:23 [PEST_DROP] §eYou received §a119x Enchanted Nether Wart §efor killing a §2Beetle§e!
09:37:27 [PEST_DROP] §eYou received §a119x Enchanted Nether Wart §efor killing a §2Beetle§e!
09:37:28 [NEW_VISITOR_ARRIVED] §a§r§aAndrew §r§ehas arrived on your §r§aGarden§r§e!
09:37:34 [PEST_DROP] §eYou received §a84x Enchanted Cactus Green §efor killing a §2Mite§e!
09:37:39 [EMPTY]  
09:37:39 [STASH_COMPACT] §f               §7You have §310,595 §7materials stashed away!
09:37:39 [STASH_COMPACT] §f              §8(This totals 2 types of materials stashed!)
09:37:39 [STASH_COMPACT] §f                §3§l>>> §3§lCLICK HERE§b to pick them up! §3§l<<<
09:37:39 [EMPTY]   
09:37:43 [GARDEN_VISITOR_MESSAGE] §e[NPC] §aHungry Hiker§f: §r§fHello there, I seem to be stuck here with no good food to eat, could you bring me some square orange fruits?
09:37:49 [GARDEN_VISITOR_MESSAGE] §e[NPC] §aHungry Hiker§f: §r§fI guess I'll just go hungry then...
09:37:51 [GARDEN_VISITOR_MESSAGE] §e[NPC] §aFelix§f: §r§fYou won't be able to store any items in the Garden, you should keep them on your Private Island!
09:37:55 [GARDEN_VISITOR_MESSAGE] §e[NPC] §aFelix§f: §r§fMaybe next time.
09:37:57 [GARDEN_VISITOR_MESSAGE] §e[NPC] §9Emissary Sisko§f: §r§fI've heard I can find the best mushrooms here, and as the King's favorite emissary I will bring them to him!
09:38:02 [GARDEN_VISITOR_MESSAGE] §e[NPC] §aAndrew§f: §rDid you know that SkyBlock has been running for §b4695 §fin-game months already? Time flies.
09:38:05 [GARDEN_VISITOR_MESSAGE] §e[NPC] §aAndrew§f: §r§fI guess I'll come back in a bit.
09:38:39 [EMPTY]  
09:38:39 [STASH_COMPACT] §f               §7You have §310,595 §7materials stashed away!
09:38:39 [STASH_COMPACT] §f              §8(This totals 2 types of materials stashed!)
09:38:39 [STASH_COMPACT] §f                §3§l>>> §3§lCLICK HERE§b to pick them up! §3§l<<<
09:38:39 [EMPTY]   
09:39:40 [EMPTY]  
09:39:40 [STASH_COMPACT] §f               §7You have §310,595 §7materials stashed away!
09:39:40 [STASH_COMPACT] §f              §8(This totals 2 types of materials stashed!)
09:39:40 [STASH_COMPACT] §f                §3§l>>> §3§lCLICK HERE§b to pick them up! §3§l<<<
09:39:40 [EMPTY]   
09:40:40 [EMPTY]  
09:40:40 [STASH_COMPACT] §f               §7You have §310,595 §7materials stashed away!
09:40:40 [STASH_COMPACT] §f              §8(This totals 2 types of materials stashed!)
09:40:40 [STASH_COMPACT] §f                §3§l>>> §3§lCLICK HERE§b to pick them up! §3§l<<<
09:40:40 [EMPTY]   
09:41:40 [EMPTY]  
09:41:40 [STASH_COMPACT] §f               §7You have §310,595 §7materials stashed away!
09:41:40 [STASH_COMPACT] §f              §8(This totals 2 types of materials stashed!)
09:41:40 [STASH_COMPACT] §f                §3§l>>> §3§lCLICK HERE§b to pick them up! §3§l<<<
09:41:40 [EMPTY]   
09:42:40 [EMPTY]  
09:42:40 [STASH_COMPACT] §f               §7You have §310,595 §7materials stashed away!
09:42:40 [STASH_COMPACT] §f              §8(This totals 2 types of materials stashed!)
09:42:40 [STASH_COMPACT] §f                §3§l>>> §3§lCLICK HERE§b to pick them up! §3§l<<<
09:42:40 [EMPTY]   
09:43:40 [EMPTY]  
09:43:40 [STASH_COMPACT] §f               §7You have §310,595 §7materials stashed away!
09:43:40 [STASH_COMPACT] §f              §8(This totals 2 types of materials stashed!)
09:43:40 [STASH_COMPACT] §f                §3§l>>> §3§lCLICK HERE§b to pick them up! §3§l<<<
09:43:40 [EMPTY]   
09:44:11 [NEW_VISITOR_ARRIVED] §a§r§aVex §r§ehas arrived on your §r§aGarden§r§e!
09:44:40 [EMPTY]  
09:44:40 [STASH_COMPACT] §f               §7You have §310,595 §7materials stashed away!
09:44:40 [STASH_COMPACT] §f              §8(This totals 2 types of materials stashed!)
09:44:40 [STASH_COMPACT] §f                §3§l>>> §3§lCLICK HERE§b to pick them up! §3§l<<<
09:44:40 [EMPTY]   
09:45:40 [EMPTY]  
09:45:40 [STASH_COMPACT] §f               §7You have §310,595 §7materials stashed away!
09:45:40 [STASH_COMPACT] §f              §8(This totals 2 types of materials stashed!)
09:45:40 [STASH_COMPACT] §f                §3§l>>> §3§lCLICK HERE§b to pick them up! §3§l<<<
09:45:40 [EMPTY]   
09:46:40 [EMPTY]  
09:46:40 [STASH_COMPACT] §f               §7You have §310,595 §7materials stashed away!
09:46:40 [STASH_COMPACT] §f              §8(This totals 2 types of materials stashed!)
09:46:40 [STASH_COMPACT] §f                §3§l>>> §3§lCLICK HERE§b to pick them up! §3§l<<<
09:46:40 [EMPTY]   
09:47:41 [EMPTY]  
09:47:41 [STASH_COMPACT] §f               §7You have §310,595 §7materials stashed away!
09:47:41 [STASH_COMPACT] §f              §8(This totals 2 types of materials stashed!)
09:47:41 [STASH_COMPACT] §f                §3§l>>> §3§lCLICK HERE§b to pick them up! §3§l<<<
09:47:41 [EMPTY]   
09:48:32 [NEW_VISITOR_ARRIVED] §a§r§aGimley §r§ehas arrived on your §r§aGarden§r§e!
09:48:41 [EMPTY]  
09:48:41 [STASH_COMPACT] §f               §7You have §310,595 §7materials stashed away!
09:48:41 [STASH_COMPACT] §f              §8(This totals 2 types of materials stashed!)
09:48:41 [STASH_COMPACT] §f                §3§l>>> §3§lCLICK HERE§b to pick them up! §3§l<<<
09:48:41 [EMPTY]   
09:49:41 [EMPTY]  
09:49:41 [STASH_COMPACT] §f               §7You have §310,595 §7materials stashed away!
09:49:41 [STASH_COMPACT] §f              §8(This totals 2 types of materials stashed!)
09:49:41 [STASH_COMPACT] §f                §3§l>>> §3§lCLICK HERE§b to pick them up! §3§l<<<
09:49:41 [EMPTY]   
09:50:41 [EMPTY]  
09:50:41 [STASH_COMPACT] §f               §7You have §310,595 §7materials stashed away!
09:50:41 [STASH_COMPACT] §f              §8(This totals 2 types of materials stashed!)
09:50:41 [STASH_COMPACT] §f                §3§l>>> §3§lCLICK HERE§b to pick them up! §3§l<<<
09:50:41 [EMPTY]   
09:51:41 [EMPTY]  
09:51:41 [STASH_COMPACT] §f               §7You have §310,595 §7materials stashed away!
09:51:41 [STASH_COMPACT] §f              §8(This totals 2 types of materials stashed!)
09:51:41 [STASH_COMPACT] §f                §3§l>>> §3§lCLICK HERE§b to pick them up! §3§l<<<
09:51:41 [EMPTY]   
09:52:30 [PEST_DROP] §eYou received §a119x Enchanted Nether Wart §efor killing a §2Beetle§e!
09:52:41 [NEW_VISITOR_ARRIVED] §a§r§aStella §r§ehas arrived on your §r§aGarden§r§e!
09:52:42 [EMPTY]  
09:52:42 [STASH_COMPACT] §f               §7You have §310,595 §7materials stashed away!
09:52:42 [STASH_COMPACT] §f              §8(This totals 2 types of materials stashed!)
09:52:42 [STASH_COMPACT] §f                §3§l>>> §3§lCLICK HERE§b to pick them up! §3§l<<<
09:52:42 [EMPTY]   
09:52:42 [PEST_DROP] §eYou received §a83x Enchanted Cactus Green §efor killing a §2Mite§e!
09:52:58 [PEST_DROP] §eYou received §a119x Enchanted Cocoa Beans §efor killing a §2Moth§e!
09:53:19 [GARDEN_VISITOR_MESSAGE] §e[NPC] §aStella§f: §r§fThe amount of plots you can unlock here is perfect for a Co-op. So much space!
09:53:23 [GARDEN_VISITOR_MESSAGE] §e[NPC] §aGimley§f: §r§fbUuUrP!?!?
09:53:28 [EMPTY] 
09:53:28 [EMPTY] 
09:53:28 [GARDEN_VISITOR_MESSAGE] §e[NPC] §aGimley§f: §r§fBuRRrP Burp!
09:53:29 [GARDEN_VISITOR_MESSAGE] §e[NPC] §aVex§f: §r§fI have an offer for you that you can't refuse.
09:53:42 [EMPTY]  
09:53:42 [STASH_COMPACT] §f               §7You have §310,595 §7materials stashed away!
09:53:42 [STASH_COMPACT] §f              §8(This totals 2 types of materials stashed!)
09:53:42 [STASH_COMPACT] §f                §3§l>>> §3§lCLICK HERE§b to pick them up! §3§l<<<
09:53:42 [EMPTY]   
09:54:42 [EMPTY]  
09:54:42 [STASH_COMPACT] §f               §7You have §310,595 §7materials stashed away!
09:54:42 [STASH_COMPACT] §f              §8(This totals 2 types of materials stashed!)
09:54:42 [STASH_COMPACT] §f                §3§l>>> §3§lCLICK HERE§b to pick them up! §3§l<<<
09:54:42 [EMPTY]   
09:55:00 [SKYMALL] §bNew day! §r§eYour §r§2Sky Mall §r§ebuff changed!
09:55:00 [SKYMALL] §eNew buff§r§r§r: §r§f§r§a-20%§r§f Pickaxe Ability cooldowns.
09:55:00 [SKYMALL] §8§oYou can disable this messaging by toggling Sky Mall in your /hotm!
09:55:42 [EMPTY]  
09:55:42 [STASH_COMPACT] §f               §7You have §310,595 §7materials stashed away!
09:55:42 [STASH_COMPACT] §f              §8(This totals 2 types of materials stashed!)
09:55:42 [STASH_COMPACT] §f                §3§l>>> §3§lCLICK HERE§b to pick them up! §3§l<<<
09:55:42 [EMPTY]   
09:56:42 [EMPTY]  
09:56:42 [STASH_COMPACT] §f               §7You have §310,595 §7materials stashed away!
09:56:42 [STASH_COMPACT] §f              §8(This totals 2 types of materials stashed!)
09:56:42 [STASH_COMPACT] §f                §3§l>>> §3§lCLICK HERE§b to pick them up! §3§l<<<
09:56:42 [EMPTY]   
09:57:42 [EMPTY]  
09:57:42 [STASH_COMPACT] §f               §7You have §310,595 §7materials stashed away!
09:57:42 [STASH_COMPACT] §f              §8(This totals 2 types of materials stashed!)
09:57:42 [STASH_COMPACT] §f                §3§l>>> §3§lCLICK HERE§b to pick them up! §3§l<<<
09:57:42 [EMPTY]   
09:58:42 [EMPTY]  
09:58:42 [STASH_COMPACT] §f               §7You have §310,595 §7materials stashed away!
09:58:42 [STASH_COMPACT] §f              §8(This totals 2 types of materials stashed!)
09:58:42 [STASH_COMPACT] §f                §3§l>>> §3§lCLICK HERE§b to pick them up! §3§l<<<
09:58:42 [EMPTY]   
09:59:42 [EMPTY]  
09:59:42 [STASH_COMPACT] §f               §7You have §310,595 §7materials stashed away!
09:59:42 [STASH_COMPACT] §f              §8(This totals 2 types of materials stashed!)
09:59:42 [STASH_COMPACT] §f                §3§l>>> §3§lCLICK HERE§b to pick them up! §3§l<<<
09:59:42 [EMPTY]   
10:00:29 [NEW_VISITOR_ARRIVED] §a§r§aEmissary Wilson §r§ehas arrived on your §r§aGarden§r§e!
10:00:42 [EMPTY]  
10:00:42 [STASH_COMPACT] §f               §7You have §310,595 §7materials stashed away!
10:00:42 [STASH_COMPACT] §f              §8(This totals 2 types of materials stashed!)
10:00:42 [STASH_COMPACT] §f                §3§l>>> §3§lCLICK HERE§b to pick them up! §3§l<<<
10:00:42 [EMPTY]   
10:01:42 [EMPTY]  
10:01:43 [STASH_COMPACT] §f               §7You have §310,595 §7materials stashed away!
10:01:43 [STASH_COMPACT] §f              §8(This totals 2 types of materials stashed!)
10:01:43 [STASH_COMPACT] §f                §3§l>>> §3§lCLICK HERE§b to pick them up! §3§l<<<
10:01:43 [EMPTY]   
10:02:43 [EMPTY]  
10:02:43 [STASH_COMPACT] §f               §7You have §310,595 §7materials stashed away!
10:02:43 [STASH_COMPACT] §f              §8(This totals 2 types of materials stashed!)
10:02:43 [STASH_COMPACT] §f                §3§l>>> §3§lCLICK HERE§b to pick them up! §3§l<<<
10:02:43 [EMPTY]   
10:03:43 [EMPTY]  
10:03:43 [STASH_COMPACT] §f               §7You have §310,595 §7materials stashed away!
10:03:43 [STASH_COMPACT] §f              §8(This totals 2 types of materials stashed!)
10:03:43 [STASH_COMPACT] §f                §3§l>>> §3§lCLICK HERE§b to pick them up! §3§l<<<
10:03:43 [EMPTY]   
10:04:43 [EMPTY]  
10:04:43 [STASH_COMPACT] §f               §7You have §310,595 §7materials stashed away!
10:04:43 [STASH_COMPACT] §f              §8(This totals 2 types of materials stashed!)
10:04:43 [STASH_COMPACT] §f                §3§l>>> §3§lCLICK HERE§b to pick them up! §3§l<<<
10:04:43 [EMPTY]   
10:05:43 [EMPTY]  
10:05:43 [STASH_COMPACT] §f               §7You have §310,595 §7materials stashed away!
10:05:43 [STASH_COMPACT] §f              §8(This totals 2 types of materials stashed!)
10:05:43 [STASH_COMPACT] §f                §3§l>>> §3§lCLICK HERE§b to pick them up! §3§l<<<
10:05:43 [EMPTY]   
10:06:43 [EMPTY]  
10:06:43 [STASH_COMPACT] §f               §7You have §310,595 §7materials stashed away!
10:06:43 [STASH_COMPACT] §f              §8(This totals 2 types of materials stashed!)
10:06:43 [STASH_COMPACT] §f                §3§l>>> §3§lCLICK HERE§b to pick them up! §3§l<<<
10:06:43 [EMPTY]   
10:07:43 [EMPTY]  
10:07:43 [STASH_COMPACT] §f               §7You have §310,595 §7materials stashed away!
10:07:43 [STASH_COMPACT] §f              §8(This totals 2 types of materials stashed!)
10:07:43 [STASH_COMPACT] §f                §3§l>>> §3§lCLICK HERE§b to pick them up! §3§l<<<
10:07:43 [EMPTY]   
10:08:44 [EMPTY]  
10:08:44 [STASH_COMPACT] §f               §7You have §310,595 §7materials stashed away!
10:08:44 [STASH_COMPACT] §f              §8(This totals 2 types of materials stashed!)
10:08:44 [STASH_COMPACT] §f                §3§l>>> §3§lCLICK HERE§b to pick them up! §3§l<<<
10:08:44 [EMPTY]   
10:09:44 [EMPTY]  
10:09:44 [STASH_COMPACT] §f               §7You have §310,595 §7materials stashed away!
10:09:44 [STASH_COMPACT] §f              §8(This totals 2 types of materials stashed!)
10:09:44 [STASH_COMPACT] §f                §3§l>>> §3§lCLICK HERE§b to pick them up! §3§l<<<
10:09:44 [EMPTY]   
10:09:56 [PEST_DROP] §eYou received §a211x Enchanted Melon §efor killing an §2Earthworm§e!
10:09:59 [PEST_DROP] §eYou received §a211x Enchanted Melon §efor killing an §2Earthworm§e!
10:10:10 [PEST_DROP] §eYou received §a41x Enchanted Wheat §efor killing a §2Fly§e!
10:10:14 [PEST_DROP] §eYou received §a85x Enchanted Cactus Green §efor killing a §2Mite§e!
10:10:16 [PEST_DROP] §eYou received §a29x Enchanted Wheat §efor killing a §2Field Mouse§e!
10:10:16 [PEST_DROP] §eYou received §a1x Honey Jar §efor killing a §2Field Mouse§e!
10:10:16 [PEST_DROP] §eYou received §a1x Plant Matter §efor killing a §2Field Mouse§e!
10:10:16 [PEST_DROP] §eYou received §a1x Tasty Cheese §efor killing a §2Field Mouse§e!
10:10:16 [PEST_DROP] §eYou received §a1x Compost §efor killing a §2Field Mouse§e!
10:10:16 [PEST_DROP] §eYou received §a1x Dung §efor killing a §2Field Mouse§e!
10:10:35 [PEST_DROP] §eYou received §a84x Enchanted Cactus Green §efor killing a §2Mite§e!
10:10:36 [PEST_DROP] §eYou received §a42x Enchanted Pumpkin §efor killing a §2Rat§e!
10:10:37 [PEST_DROP] §eYou received §a42x Enchanted Pumpkin §efor killing a §2Rat§e!
10:10:44 [EMPTY]  
10:10:44 [STASH_COMPACT] §f               §7You have §310,595 §7materials stashed away!
10:10:44 [STASH_COMPACT] §f              §8(This totals 2 types of materials stashed!)
10:10:44 [STASH_COMPACT] §f                §3§l>>> §3§lCLICK HERE§b to pick them up! §3§l<<<
10:10:44 [EMPTY]   
10:11:44 [EMPTY]  
10:11:44 [STASH_COMPACT] §f               §7You have §310,608 §7materials stashed away!
10:11:44 [STASH_COMPACT] §f              §8(This totals 4 types of materials stashed!)
10:11:44 [STASH_COMPACT] §f                §3§l>>> §3§lCLICK HERE§b to pick them up! §3§l<<<
10:11:44 [EMPTY]   
10:12:44 [EMPTY]  
10:12:44 [STASH_COMPACT] §f               §7You have §310,608 §7materials stashed away!
10:12:44 [STASH_COMPACT] §f              §8(This totals 4 types of materials stashed!)
10:12:44 [STASH_COMPACT] §f                §3§l>>> §3§lCLICK HERE§b to pick them up! §3§l<<<
10:12:44 [EMPTY]   
10:13:44 [EMPTY]  
10:13:44 [STASH_COMPACT] §f               §7You have §310,633 §7materials stashed away!
10:13:44 [STASH_COMPACT] §f              §8(This totals 4 types of materials stashed!)
10:13:44 [STASH_COMPACT] §f                §3§l>>> §3§lCLICK HERE§b to pick them up! §3§l<<<
10:13:44 [EMPTY]   
10:14:44 [EMPTY]  
10:14:44 [STASH_COMPACT] §f               §7You have §310,633 §7materials stashed away!
10:14:44 [STASH_COMPACT] §f              §8(This totals 4 types of materials stashed!)
10:14:44 [STASH_COMPACT] §f                §3§l>>> §3§lCLICK HERE§b to pick them up! §3§l<<<
10:14:44 [EMPTY]   
10:15:00 [SKYMALL] §bNew day! §r§eYour §r§2Sky Mall §r§ebuff changed!
10:15:00 [SKYMALL] §eNew buff§r§r§r: §r§f§r§a-20%§r§f Pickaxe Ability cooldowns.
10:15:00 [SKYMALL] §8§oYou can disable this messaging by toggling Sky Mall in your /hotm!
10:15:44 [EMPTY]  
10:15:44 [STASH_COMPACT] §f               §7You have §310,633 §7materials stashed away!
10:15:44 [STASH_COMPACT] §f              §8(This totals 4 types of materials stashed!)
10:15:44 [STASH_COMPACT] §f                §3§l>>> §3§lCLICK HERE§b to pick them up! §3§l<<<
10:15:44 [EMPTY]   
10:16:44 [EMPTY]  
10:16:44 [STASH_COMPACT] §f               §7You have §310,633 §7materials stashed away!
10:16:44 [STASH_COMPACT] §f              §8(This totals 4 types of materials stashed!)
10:16:44 [STASH_COMPACT] §f                §3§l>>> §3§lCLICK HERE§b to pick them up! §3§l<<<
10:16:44 [EMPTY]   
10:17:45 [EMPTY]  
10:17:45 [STASH_COMPACT] §f               §7You have §310,633 §7materials stashed away!
10:17:45 [STASH_COMPACT] §f              §8(This totals 4 types of materials stashed!)
10:17:45 [STASH_COMPACT] §f                §3§l>>> §3§lCLICK HERE§b to pick them up! §3§l<<<
10:17:45 [EMPTY]   
10:18:45 [EMPTY]  
10:18:45 [STASH_COMPACT] §f               §7You have §310,633 §7materials stashed away!
10:18:45 [STASH_COMPACT] §f              §8(This totals 4 types of materials stashed!)
10:18:45 [STASH_COMPACT] §f                §3§l>>> §3§lCLICK HERE§b to pick them up! §3§l<<<
10:18:45 [EMPTY]   
10:19:45 [EMPTY]  
10:19:45 [STASH_COMPACT] §f               §7You have §310,633 §7materials stashed away!
10:19:45 [STASH_COMPACT] §f              §8(This totals 4 types of materials stashed!)
10:19:45 [STASH_COMPACT] §f                §3§l>>> §3§lCLICK HERE§b to pick them up! §3§l<<<
10:19:45 [EMPTY]   
10:20:45 [EMPTY]  
10:20:45 [STASH_COMPACT] §f               §7You have §310,633 §7materials stashed away!
10:20:45 [STASH_COMPACT] §f              §8(This totals 4 types of materials stashed!)
10:20:45 [STASH_COMPACT] §f                §3§l>>> §3§lCLICK HERE§b to pick them up! §3§l<<<
10:20:45 [EMPTY]   
10:21:45 [EMPTY]  
10:21:45 [STASH_COMPACT] §f               §7You have §310,633 §7materials stashed away!
10:21:45 [STASH_COMPACT] §f              §8(This totals 4 types of materials stashed!)
10:21:45 [STASH_COMPACT] §f                §3§l>>> §3§lCLICK HERE§b to pick them up! §3§l<<<
10:21:45 [EMPTY]   
10:22:45 [EMPTY]  
10:22:45 [STASH_COMPACT] §f               §7You have §310,633 §7materials stashed away!
10:22:45 [STASH_COMPACT] §f              §8(This totals 4 types of materials stashed!)
10:22:45 [STASH_COMPACT] §f                §3§l>>> §3§lCLICK HERE§b to pick them up! §3§l<<<
10:22:45 [EMPTY]   
10:23:45 [EMPTY]  
10:23:45 [STASH_COMPACT] §f               §7You have §310,633 §7materials stashed away!
10:23:45 [STASH_COMPACT] §f              §8(This totals 4 types of materials stashed!)
10:23:45 [STASH_COMPACT] §f                §3§l>>> §3§lCLICK HERE§b to pick them up! §3§l<<<
10:23:45 [EMPTY]   
10:24:45 [EMPTY]  
10:24:45 [STASH_COMPACT] §f               §7You have §310,633 §7materials stashed away!
10:24:45 [STASH_COMPACT] §f              §8(This totals 4 types of materials stashed!)
10:24:45 [STASH_COMPACT] §f                §3§l>>> §3§lCLICK HERE§b to pick them up! §3§l<<<
10:24:45 [EMPTY]   
10:25:45 [EMPTY]  
10:25:45 [STASH_COMPACT] §f               §7You have §310,633 §7materials stashed away!
10:25:45 [STASH_COMPACT] §f              §8(This totals 4 types of materials stashed!)
10:25:45 [STASH_COMPACT] §f                §3§l>>> §3§lCLICK HERE§b to pick them up! §3§l<<<
10:25:45 [EMPTY]   
10:26:46 [EMPTY]  
10:26:46 [STASH_COMPACT] §f               §7You have §310,633 §7materials stashed away!
10:26:46 [STASH_COMPACT] §f              §8(This totals 4 types of materials stashed!)
10:26:46 [STASH_COMPACT] §f                §3§l>>> §3§lCLICK HERE§b to pick them up! §3§l<<<
10:26:46 [EMPTY]   
10:27:46 [EMPTY]  
10:27:46 [STASH_COMPACT] §f               §7You have §310,633 §7materials stashed away!
10:27:46 [STASH_COMPACT] §f              §8(This totals 4 types of materials stashed!)
10:27:46 [STASH_COMPACT] §f                §3§l>>> §3§lCLICK HERE§b to pick them up! §3§l<<<
10:27:46 [EMPTY]   
10:27:58 [PEST_DROP] §eYou received §a121x Enchanted Nether Wart §efor killing a §2Beetle§e!
10:28:05 [PEST_DROP] §eYou received §a41x Enchanted Brown Mushroom §efor killing a §2Slug§e!
10:28:13 [PEST_DROP] §eYou received §a42x Enchanted Pumpkin §efor killing a §2Rat§e!
10:28:24 [PEST_DROP] §eYou received §a85x Enchanted Sugar §efor killing a §2Mosquito§e!
10:28:46 [EMPTY]  
10:28:46 [STASH_COMPACT] §f               §7You have §310,633 §7materials stashed away!
10:28:46 [STASH_COMPACT] §f              §8(This totals 4 types of materials stashed!)
10:28:46 [STASH_COMPACT] §f                §3§l>>> §3§lCLICK HERE§b to pick them up! §3§l<<<
10:28:46 [EMPTY]   
10:29:44 [GARDEN_VISITOR_MESSAGE] §e[NPC] §aStella§f: §r§fDon't worry, I'll come back later.
10:29:45 [GARDEN_VISITOR_MESSAGE] §e[NPC] §aEmissary Wilson§f: §r§fThe King's least favorite vegetable is carrot, so he sent me, his favorite emissary, to make it better!
10:29:46 [EMPTY]  
10:29:46 [STASH_COMPACT] §f               §7You have §310,633 §7materials stashed away!
10:29:46 [STASH_COMPACT] §f              §8(This totals 4 types of materials stashed!)
10:29:46 [STASH_COMPACT] §f                §3§l>>> §3§lCLICK HERE§b to pick them up! §3§l<<<
10:29:46 [EMPTY]   
10:29:47 [NEW_VISITOR_ARRIVED] §a§r§aSargwyn §r§ehas arrived on your §r§aGarden§r§e!
10:30:04 [GARDEN_VISITOR_MESSAGE] §e[NPC] §aEmissary Wilson§f: §r§fI'm not sure if the carrots would have worked anyways...
10:30:08 [GARDEN_VISITOR_MESSAGE] §e[NPC] §aSargwyn§f: §r§fBuurrrp? ... BuURrpPp!
10:30:15 [EMPTY] 
10:30:15 [EMPTY] 
10:30:15 [GARDEN_VISITOR_MESSAGE] §e[NPC] §aSargwyn§f: §r§fBUuuUUuuUURrRRRrRPPpPPP!
10:30:46 [EMPTY]  
10:30:46 [STASH_COMPACT] §f               §7You have §310,633 §7materials stashed away!
10:30:46 [STASH_COMPACT] §f              §8(This totals 4 types of materials stashed!)
10:30:46 [STASH_COMPACT] §f                §3§l>>> §3§lCLICK HERE§b to pick them up! §3§l<<<
10:30:46 [EMPTY]   
10:31:46 [EMPTY]  
10:31:46 [STASH_COMPACT] §f               §7You have §310,633 §7materials stashed away!
10:31:46 [STASH_COMPACT] §f              §8(This totals 4 types of materials stashed!)
10:31:46 [STASH_COMPACT] §f                §3§l>>> §3§lCLICK HERE§b to pick them up! §3§l<<<
10:31:46 [EMPTY]   
10:32:46 [EMPTY]  
10:32:46 [STASH_COMPACT] §f               §7You have §310,633 §7materials stashed away!
10:32:46 [STASH_COMPACT] §f              §8(This totals 4 types of materials stashed!)
10:32:46 [STASH_COMPACT] §f                §3§l>>> §3§lCLICK HERE§b to pick them up! §3§l<<<
10:32:46 [EMPTY]   
10:33:46 [EMPTY]  
10:33:46 [STASH_COMPACT] §f               §7You have §310,633 §7materials stashed away!
10:33:46 [STASH_COMPACT] §f              §8(This totals 4 types of materials stashed!)
10:33:46 [STASH_COMPACT] §f                §3§l>>> §3§lCLICK HERE§b to pick them up! §3§l<<<
10:33:46 [EMPTY]   
10:34:46 [EMPTY]  
10:34:46 [STASH_COMPACT] §f               §7You have §310,633 §7materials stashed away!
10:34:46 [STASH_COMPACT] §f              §8(This totals 4 types of materials stashed!)
10:34:46 [STASH_COMPACT] §f                §3§l>>> §3§lCLICK HERE§b to pick them up! §3§l<<<
10:34:46 [EMPTY]   
10:35:01 [SKYMALL] §bNew day! §r§eYour §r§2Sky Mall §r§ebuff changed!
10:35:01 [SKYMALL] §eNew buff§r§r§r: §r§fGain §r§a5x §r§9Titanium §r§fdrops
10:35:01 [SKYMALL] §8§oYou can disable this messaging by toggling Sky Mall in your /hotm!
10:35:47 [EMPTY]  
10:35:47 [STASH_COMPACT] §f               §7You have §310,633 §7materials stashed away!
10:35:47 [STASH_COMPACT] §f              §8(This totals 4 types of materials stashed!)
10:35:47 [STASH_COMPACT] §f                §3§l>>> §3§lCLICK HERE§b to pick them up! §3§l<<<
10:35:47 [EMPTY]   
10:36:39 [NEW_VISITOR_ARRIVED] §a§r§aSargwyn §r§ehas arrived on your §r§aGarden§r§e!
10:36:47 [EMPTY]  
10:36:47 [STASH_COMPACT] §f               §7You have §310,633 §7materials stashed away!
10:36:47 [STASH_COMPACT] §f              §8(This totals 4 types of materials stashed!)
10:36:47 [STASH_COMPACT] §f                §3§l>>> §3§lCLICK HERE§b to pick them up! §3§l<<<
10:36:47 [EMPTY]   
10:37:47 [EMPTY]  
10:37:47 [STASH_COMPACT] §f               §7You have §310,633 §7materials stashed away!
10:37:47 [STASH_COMPACT] §f              §8(This totals 4 types of materials stashed!)
10:37:47 [STASH_COMPACT] §f                §3§l>>> §3§lCLICK HERE§b to pick them up! §3§l<<<
10:37:47 [EMPTY]   
10:38:47 [EMPTY]  
10:38:47 [STASH_COMPACT] §f               §7You have §310,633 §7materials stashed away!
10:38:47 [STASH_COMPACT] §f              §8(This totals 4 types of materials stashed!)
10:38:47 [STASH_COMPACT] §f                §3§l>>> §3§lCLICK HERE§b to pick them up! §3§l<<<
10:38:47 [EMPTY]   
10:39:47 [EMPTY]  
10:39:47 [STASH_COMPACT] §f               §7You have §310,633 §7materials stashed away!
10:39:47 [STASH_COMPACT] §f              §8(This totals 4 types of materials stashed!)
10:39:47 [STASH_COMPACT] §f                §3§l>>> §3§lCLICK HERE§b to pick them up! §3§l<<<
10:39:47 [EMPTY]   
10:40:41 [NEW_VISITOR_ARRIVED] §a§r§aTom §r§ehas arrived on your §r§aGarden§r§e!
10:40:47 [EMPTY]  
10:40:47 [STASH_COMPACT] §f               §7You have §310,633 §7materials stashed away!
10:40:47 [STASH_COMPACT] §f              §8(This totals 4 types of materials stashed!)
10:40:47 [STASH_COMPACT] §f                §3§l>>> §3§lCLICK HERE§b to pick them up! §3§l<<<
10:40:47 [EMPTY]   
10:41:48 [EMPTY]  
10:41:48 [STASH_COMPACT] §f               §7You have §310,633 §7materials stashed away!
10:41:48 [STASH_COMPACT] §f              §8(This totals 4 types of materials stashed!)
10:41:48 [STASH_COMPACT] §f                §3§l>>> §3§lCLICK HERE§b to pick them up! §3§l<<<
10:41:48 [EMPTY]   
10:42:48 [EMPTY]  
10:42:48 [STASH_COMPACT] §f               §7You have §310,633 §7materials stashed away!
10:42:48 [STASH_COMPACT] §f              §8(This totals 4 types of materials stashed!)
10:42:48 [STASH_COMPACT] §f                §3§l>>> §3§lCLICK HERE§b to pick them up! §3§l<<<
10:42:48 [EMPTY]   
10:43:48 [EMPTY]  
10:43:48 [STASH_COMPACT] §f               §7You have §310,633 §7materials stashed away!
10:43:48 [STASH_COMPACT] §f              §8(This totals 4 types of materials stashed!)
10:43:48 [STASH_COMPACT] §f                §3§l>>> §3§lCLICK HERE§b to pick them up! §3§l<<<
10:43:48 [EMPTY]   
10:44:12 [PEST_DROP] §eYou received §a145x Enchanted Carrot §efor killing a §2Cricket§e!
10:44:19 [PEST_DROP] §eYou received §a120x Enchanted Nether Wart §efor killing a §2Beetle§e!
10:44:48 [EMPTY]  
10:44:48 [STASH_COMPACT] §f               §7You have §310,633 §7materials stashed away!
10:44:48 [STASH_COMPACT] §f              §8(This totals 4 types of materials stashed!)
10:44:48 [STASH_COMPACT] §f                §3§l>>> §3§lCLICK HERE§b to pick them up! §3§l<<<
10:44:48 [EMPTY]   
10:44:53 [GARDEN_VISITOR_MESSAGE] §e[NPC] §aVex§f: §r§fOh well that's awkward.
10:44:54 [GARDEN_VISITOR_MESSAGE] §e[NPC] §aSargwyn§f: §r§fBuurrrp? ... BuURrpPp!
10:44:57 [EMPTY] 
10:44:57 [EMPTY] 
10:44:57 [GARDEN_VISITOR_MESSAGE] §e[NPC] §aSargwyn§f: §r§fBUuuUUuuUURrRRRrRPPpPPP!
10:44:58 [GARDEN_VISITOR_MESSAGE] §e[NPC] §aTom§f: §r§fI don't have a recipe for you, however I'd happily take some crops.
10:45:02 [EMPTY] 
10:45:02 [EMPTY] 
10:45:02 [GARDEN_VISITOR_MESSAGE] §e[NPC] §aTom§f: §r§fI'll be sure to come by next time.
10:45:07 [NEW_VISITOR_ARRIVED] §a§r§aGuy §r§ehas arrived on your §r§aGarden§r§e!
10:45:48 [EMPTY]  
10:45:48 [STASH_COMPACT] §f               §7You have §310,633 §7materials stashed away!
10:45:48 [STASH_COMPACT] §f              §8(This totals 4 types of materials stashed!)
10:45:48 [STASH_COMPACT] §f                §3§l>>> §3§lCLICK HERE§b to pick them up! §3§l<<<
10:45:48 [EMPTY]   
10:46:48 [EMPTY]  
10:46:48 [STASH_COMPACT] §f               §7You have §310,633 §7materials stashed away!
10:46:48 [STASH_COMPACT] §f              §8(This totals 4 types of materials stashed!)
10:46:48 [STASH_COMPACT] §f                §3§l>>> §3§lCLICK HERE§b to pick them up! §3§l<<<
10:46:48 [EMPTY]   
10:47:48 [EMPTY]  
10:47:48 [STASH_COMPACT] §f               §7You have §310,633 §7materials stashed away!
10:47:48 [STASH_COMPACT] §f              §8(This totals 4 types of materials stashed!)
10:47:48 [STASH_COMPACT] §f                §3§l>>> §3§lCLICK HERE§b to pick them up! §3§l<<<
10:47:48 [EMPTY]   
10:48:48 [EMPTY]  
10:48:48 [STASH_COMPACT] §f               §7You have §310,633 §7materials stashed away!
10:48:48 [STASH_COMPACT] §f              §8(This totals 4 types of materials stashed!)
10:48:48 [STASH_COMPACT] §f                §3§l>>> §3§lCLICK HERE§b to pick them up! §3§l<<<
10:48:48 [EMPTY]   
10:49:48 [EMPTY]  
10:49:48 [STASH_COMPACT] §f               §7You have §310,633 §7materials stashed away!
10:49:48 [STASH_COMPACT] §f              §8(This totals 4 types of materials stashed!)
10:49:48 [STASH_COMPACT] §f                §3§l>>> §3§lCLICK HERE§b to pick them up! §3§l<<<
10:49:48 [EMPTY]   
10:50:48 [EMPTY]  
10:50:48 [STASH_COMPACT] §f               §7You have §310,633 §7materials stashed away!
10:50:48 [STASH_COMPACT] §f              §8(This totals 4 types of materials stashed!)
10:50:48 [STASH_COMPACT] §f                §3§l>>> §3§lCLICK HERE§b to pick them up! §3§l<<<
10:50:48 [EMPTY]   
10:51:48 [EMPTY]  
10:51:48 [STASH_COMPACT] §f               §7You have §310,633 §7materials stashed away!
10:51:48 [STASH_COMPACT] §f              §8(This totals 4 types of materials stashed!)
10:51:48 [STASH_COMPACT] §f                §3§l>>> §3§lCLICK HERE§b to pick them up! §3§l<<<
10:51:48 [EMPTY]   
10:52:48 [EMPTY]  
10:52:48 [STASH_COMPACT] §f               §7You have §310,633 §7materials stashed away!
10:52:48 [STASH_COMPACT] §f              §8(This totals 4 types of materials stashed!)
10:52:48 [STASH_COMPACT] §f                §3§l>>> §3§lCLICK HERE§b to pick them up! §3§l<<<
10:52:48 [EMPTY]   
10:53:48 [EMPTY]  
10:53:48 [STASH_COMPACT] §f               §7You have §310,633 §7materials stashed away!
10:53:48 [STASH_COMPACT] §f              §8(This totals 4 types of materials stashed!)
10:53:48 [STASH_COMPACT] §f                §3§l>>> §3§lCLICK HERE§b to pick them up! §3§l<<<
10:53:48 [EMPTY]   
10:54:49 [EMPTY]  
10:54:49 [STASH_COMPACT] §f               §7You have §310,633 §7materials stashed away!
10:54:49 [STASH_COMPACT] §f              §8(This totals 4 types of materials stashed!)
10:54:49 [STASH_COMPACT] §f                §3§l>>> §3§lCLICK HERE§b to pick them up! §3§l<<<
10:54:49 [EMPTY]   
10:55:00 [SKYMALL] §bNew day! §r§eYour §r§2Sky Mall §r§ebuff changed!
10:55:00 [SKYMALL] §eNew buff§r§r§r: §r§fGain §r§a+15% §r§fmore Powder while mining.
10:55:00 [SKYMALL] §8§oYou can disable this messaging by toggling Sky Mall in your /hotm!
10:55:49 [EMPTY]  
10:55:49 [STASH_COMPACT] §f               §7You have §310,633 §7materials stashed away!
10:55:49 [STASH_COMPACT] §f              §8(This totals 4 types of materials stashed!)
10:55:49 [STASH_COMPACT] §f                §3§l>>> §3§lCLICK HERE§b to pick them up! §3§l<<<
10:55:49 [EMPTY]   
10:56:49 [EMPTY]  
10:56:49 [STASH_COMPACT] §f               §7You have §310,633 §7materials stashed away!
10:56:49 [STASH_COMPACT] §f              §8(This totals 4 types of materials stashed!)
10:56:49 [STASH_COMPACT] §f                §3§l>>> §3§lCLICK HERE§b to pick them up! §3§l<<<
10:56:49 [EMPTY]   
10:57:07 [NEW_VISITOR_ARRIVED] §a§r§aEmissary Ceanna §r§ehas arrived on your §r§aGarden§r§e!
10:57:49 [EMPTY]  
10:57:49 [STASH_COMPACT] §f               §7You have §310,633 §7materials stashed away!
10:57:49 [STASH_COMPACT] §f              §8(This totals 4 types of materials stashed!)
10:57:49 [STASH_COMPACT] §f                §3§l>>> §3§lCLICK HERE§b to pick them up! §3§l<<<
10:57:49 [EMPTY]   
10:58:49 [EMPTY]  
10:58:49 [STASH_COMPACT] §f               §7You have §310,633 §7materials stashed away!
10:58:49 [STASH_COMPACT] §f              §8(This totals 4 types of materials stashed!)
10:58:49 [STASH_COMPACT] §f                §3§l>>> §3§lCLICK HERE§b to pick them up! §3§l<<<
10:58:49 [EMPTY]   
10:59:49 [EMPTY]  
10:59:49 [STASH_COMPACT] §f               §7You have §310,633 §7materials stashed away!
10:59:49 [STASH_COMPACT] §f              §8(This totals 4 types of materials stashed!)
10:59:49 [STASH_COMPACT] §f                §3§l>>> §3§lCLICK HERE§b to pick them up! §3§l<<<
10:59:49 [EMPTY]   
11:00:22 [EMPTY] §f
11:00:22 [EMPTY] §c
11:00:49 [EMPTY]  
11:00:49 [STASH_COMPACT] §f               §7You have §310,633 §7materials stashed away!
11:00:49 [STASH_COMPACT] §f              §8(This totals 4 types of materials stashed!)
11:00:49 [STASH_COMPACT] §f                §3§l>>> §3§lCLICK HERE§b to pick them up! §3§l<<<
11:00:49 [EMPTY]   
11:01:49 [EMPTY]  
11:01:49 [STASH_COMPACT] §f               §7You have §310,633 §7materials stashed away!
11:01:49 [STASH_COMPACT] §f              §8(This totals 4 types of materials stashed!)
11:01:49 [STASH_COMPACT] §f                §3§l>>> §3§lCLICK HERE§b to pick them up! §3§l<<<
11:01:49 [EMPTY]   
11:02:49 [EMPTY]  
11:02:50 [STASH_COMPACT] §f               §7You have §310,633 §7materials stashed away!
11:02:50 [STASH_COMPACT] §f              §8(This totals 4 types of materials stashed!)
11:02:50 [STASH_COMPACT] §f                §3§l>>> §3§lCLICK HERE§b to pick them up! §3§l<<<
11:02:50 [EMPTY]   
11:03:50 [EMPTY]  
11:03:50 [STASH_COMPACT] §f               §7You have §310,633 §7materials stashed away!
11:03:50 [STASH_COMPACT] §f              §8(This totals 4 types of materials stashed!)
11:03:50 [STASH_COMPACT] §f                §3§l>>> §3§lCLICK HERE§b to pick them up! §3§l<<<
11:03:50 [EMPTY]   
11:04:50 [EMPTY]  
11:04:50 [STASH_COMPACT] §f               §7You have §310,633 §7materials stashed away!
11:04:50 [STASH_COMPACT] §f              §8(This totals 4 types of materials stashed!)
11:04:50 [STASH_COMPACT] §f                §3§l>>> §3§lCLICK HERE§b to pick them up! §3§l<<<
11:04:50 [EMPTY]   
11:05:50 [EMPTY]  
11:05:50 [STASH_COMPACT] §f               §7You have §310,633 §7materials stashed away!
11:05:50 [STASH_COMPACT] §f              §8(This totals 4 types of materials stashed!)
11:05:50 [STASH_COMPACT] §f                §3§l>>> §3§lCLICK HERE§b to pick them up! §3§l<<<
11:05:50 [EMPTY]   
11:06:50 [EMPTY]  
11:06:50 [STASH_COMPACT] §f               §7You have §310,633 §7materials stashed away!
11:06:50 [STASH_COMPACT] §f              §8(This totals 4 types of materials stashed!)
11:06:50 [STASH_COMPACT] §f                §3§l>>> §3§lCLICK HERE§b to pick them up! §3§l<<<
11:06:50 [EMPTY]   
11:07:50 [EMPTY]  
11:07:50 [STASH_COMPACT] §f               §7You have §310,633 §7materials stashed away!
11:07:50 [STASH_COMPACT] §f              §8(This totals 4 types of materials stashed!)
11:07:50 [STASH_COMPACT] §f                §3§l>>> §3§lCLICK HERE§b to pick them up! §3§l<<<
11:07:50 [EMPTY]   
11:08:50 [EMPTY]  
11:08:50 [STASH_COMPACT] §f               §7You have §310,633 §7materials stashed away!
11:08:50 [STASH_COMPACT] §f              §8(This totals 4 types of materials stashed!)
11:08:50 [STASH_COMPACT] §f                §3§l>>> §3§lCLICK HERE§b to pick them up! §3§l<<<
11:08:50 [EMPTY]   
11:09:08 [NEW_VISITOR_ARRIVED] §a§r§aFear Mongerer §r§ehas arrived on your §r§aGarden§r§e!
11:09:50 [EMPTY]  
11:09:50 [STASH_COMPACT] §f               §7You have §310,633 §7materials stashed away!
11:09:50 [STASH_COMPACT] §f              §8(This totals 4 types of materials stashed!)
11:09:50 [STASH_COMPACT] §f                §3§l>>> §3§lCLICK HERE§b to pick them up! §3§l<<<
11:09:50 [EMPTY]   
11:10:51 [EMPTY]  
11:10:51 [STASH_COMPACT] §f               §7You have §310,633 §7materials stashed away!
11:10:51 [STASH_COMPACT] §f              §8(This totals 4 types of materials stashed!)
11:10:51 [STASH_COMPACT] §f                §3§l>>> §3§lCLICK HERE§b to pick them up! §3§l<<<
11:10:51 [EMPTY]   
11:11:51 [EMPTY]  
11:11:51 [STASH_COMPACT] §f               §7You have §310,633 §7materials stashed away!
11:11:51 [STASH_COMPACT] §f              §8(This totals 4 types of materials stashed!)
11:11:51 [STASH_COMPACT] §f                §3§l>>> §3§lCLICK HERE§b to pick them up! §3§l<<<
11:11:51 [EMPTY]   
11:12:51 [EMPTY]  
11:12:51 [STASH_COMPACT] §f               §7You have §310,633 §7materials stashed away!
11:12:51 [STASH_COMPACT] §f              §8(This totals 4 types of materials stashed!)
11:12:51 [STASH_COMPACT] §f                §3§l>>> §3§lCLICK HERE§b to pick them up! §3§l<<<
11:12:51 [EMPTY]   
11:13:51 [EMPTY]  
11:13:51 [STASH_COMPACT] §f               §7You have §310,633 §7materials stashed away!
11:13:51 [STASH_COMPACT] §f              §8(This totals 4 types of materials stashed!)
11:13:51 [STASH_COMPACT] §f                §3§l>>> §3§lCLICK HERE§b to pick them up! §3§l<<<
11:13:51 [EMPTY]   
11:14:51 [EMPTY]  
11:14:51 [STASH_COMPACT] §f               §7You have §310,633 §7materials stashed away!
11:14:51 [STASH_COMPACT] §f              §8(This totals 4 types of materials stashed!)
11:14:51 [STASH_COMPACT] §f                §3§l>>> §3§lCLICK HERE§b to pick them up! §3§l<<<
11:14:51 [EMPTY]   
11:15:00 [SKYMALL] §bNew day! §r§eYour §r§2Sky Mall §r§ebuff changed!
11:15:00 [SKYMALL] §eNew buff§r§r§r: §r§fGain §r§6+100⸕ Mining Speed§r§f.
11:15:00 [SKYMALL] §8§oYou can disable this messaging by toggling Sky Mall in your /hotm!
11:15:51 [EMPTY]  
11:15:51 [STASH_COMPACT] §f               §7You have §310,633 §7materials stashed away!
11:15:51 [STASH_COMPACT] §f              §8(This totals 4 types of materials stashed!)
11:15:51 [STASH_COMPACT] §f                §3§l>>> §3§lCLICK HERE§b to pick them up! §3§l<<<
11:15:51 [EMPTY]   
11:16:51 [EMPTY]  
11:16:51 [STASH_COMPACT] §f               §7You have §310,633 §7materials stashed away!
11:16:51 [STASH_COMPACT] §f              §8(This totals 4 types of materials stashed!)
11:16:51 [STASH_COMPACT] §f                §3§l>>> §3§lCLICK HERE§b to pick them up! §3§l<<<
11:16:51 [EMPTY]   
11:17:51 [EMPTY]  
11:17:51 [STASH_COMPACT] §f               §7You have §310,633 §7materials stashed away!
11:17:51 [STASH_COMPACT] §f              §8(This totals 4 types of materials stashed!)
11:17:51 [STASH_COMPACT] §f                §3§l>>> §3§lCLICK HERE§b to pick them up! §3§l<<<
11:17:51 [EMPTY]   
11:18:51 [EMPTY]  
11:18:51 [STASH_COMPACT] §f               §7You have §310,633 §7materials stashed away!
11:18:51 [STASH_COMPACT] §f              §8(This totals 4 types of materials stashed!)
11:18:51 [STASH_COMPACT] §f                §3§l>>> §3§lCLICK HERE§b to pick them up! §3§l<<<
11:18:51 [EMPTY]   
11:19:51 [EMPTY]  
11:19:51 [STASH_COMPACT] §f               §7You have §310,633 §7materials stashed away!
11:19:51 [STASH_COMPACT] §f              §8(This totals 4 types of materials stashed!)
11:19:51 [STASH_COMPACT] §f                §3§l>>> §3§lCLICK HERE§b to pick them up! §3§l<<<
11:19:51 [EMPTY]   
11:20:51 [EMPTY]  
11:20:51 [STASH_COMPACT] §f               §7You have §310,633 §7materials stashed away!
11:20:51 [STASH_COMPACT] §f              §8(This totals 4 types of materials stashed!)
11:20:51 [STASH_COMPACT] §f                §3§l>>> §3§lCLICK HERE§b to pick them up! §3§l<<<
11:20:51 [EMPTY]   
11:21:52 [EMPTY]  
11:21:52 [STASH_COMPACT] §f               §7You have §310,633 §7materials stashed away!
11:21:52 [STASH_COMPACT] §f              §8(This totals 4 types of materials stashed!)
11:21:52 [STASH_COMPACT] §f                §3§l>>> §3§lCLICK HERE§b to pick them up! §3§l<<<
11:21:52 [EMPTY]   
11:22:52 [EMPTY]  
11:22:52 [STASH_COMPACT] §f               §7You have §310,633 §7materials stashed away!
11:22:52 [STASH_COMPACT] §f              §8(This totals 4 types of materials stashed!)
11:22:52 [STASH_COMPACT] §f                §3§l>>> §3§lCLICK HERE§b to pick them up! §3§l<<<
11:22:52 [EMPTY]   
11:23:52 [EMPTY]  
11:23:52 [STASH_COMPACT] §f               §7You have §310,633 §7materials stashed away!
11:23:52 [STASH_COMPACT] §f              §8(This totals 4 types of materials stashed!)
11:23:52 [STASH_COMPACT] §f                §3§l>>> §3§lCLICK HERE§b to pick them up! §3§l<<<
11:23:52 [EMPTY]   
11:24:52 [EMPTY]  
11:24:52 [STASH_COMPACT] §f               §7You have §310,633 §7materials stashed away!
11:24:52 [STASH_COMPACT] §f              §8(This totals 4 types of materials stashed!)
11:24:52 [STASH_COMPACT] §f                §3§l>>> §3§lCLICK HERE§b to pick them up! §3§l<<<
11:24:52 [EMPTY]   
11:25:52 [EMPTY]  
11:25:52 [STASH_COMPACT] §f               §7You have §310,633 §7materials stashed away!
11:25:52 [STASH_COMPACT] §f              §8(This totals 4 types of materials stashed!)
11:25:52 [STASH_COMPACT] §f                §3§l>>> §3§lCLICK HERE§b to pick them up! §3§l<<<
11:25:52 [EMPTY]   
11:26:52 [EMPTY]  
11:26:52 [STASH_COMPACT] §f               §7You have §310,633 §7materials stashed away!
11:26:52 [STASH_COMPACT] §f              §8(This totals 4 types of materials stashed!)
11:26:52 [STASH_COMPACT] §f                §3§l>>> §3§lCLICK HERE§b to pick them up! §3§l<<<
11:26:52 [EMPTY]   
11:27:52 [EMPTY]  
11:27:52 [STASH_COMPACT] §f               §7You have §310,633 §7materials stashed away!
11:27:52 [STASH_COMPACT] §f              §8(This totals 4 types of materials stashed!)
11:27:52 [STASH_COMPACT] §f                §3§l>>> §3§lCLICK HERE§b to pick them up! §3§l<<<
11:27:52 [EMPTY]   
11:28:53 [EMPTY]  
11:28:53 [STASH_COMPACT] §f               §7You have §310,633 §7materials stashed away!
11:28:53 [STASH_COMPACT] §f              §8(This totals 4 types of materials stashed!)
11:28:53 [STASH_COMPACT] §f                §3§l>>> §3§lCLICK HERE§b to pick them up! §3§l<<<
11:28:53 [EMPTY]   
11:29:53 [EMPTY]  
11:29:53 [STASH_COMPACT] §f               §7You have §310,633 §7materials stashed away!
11:29:53 [STASH_COMPACT] §f              §8(This totals 4 types of materials stashed!)
11:29:53 [STASH_COMPACT] §f                §3§l>>> §3§lCLICK HERE§b to pick them up! §3§l<<<
11:29:53 [EMPTY]   
11:30:53 [EMPTY]  
11:30:53 [STASH_COMPACT] §f               §7You have §310,633 §7materials stashed away!
11:30:53 [STASH_COMPACT] §f              §8(This totals 4 types of materials stashed!)
11:30:53 [STASH_COMPACT] §f                §3§l>>> §3§lCLICK HERE§b to pick them up! §3§l<<<
11:30:53 [EMPTY]   
11:31:53 [EMPTY]  
11:31:53 [STASH_COMPACT] §f               §7You have §310,633 §7materials stashed away!
11:31:53 [STASH_COMPACT] §f              §8(This totals 4 types of materials stashed!)
11:31:53 [STASH_COMPACT] §f                §3§l>>> §3§lCLICK HERE§b to pick them up! §3§l<<<
11:31:53 [EMPTY]   
11:32:53 [EMPTY]  
11:32:53 [STASH_COMPACT] §f               §7You have §310,633 §7materials stashed away!
11:32:53 [STASH_COMPACT] §f              §8(This totals 4 types of materials stashed!)
11:32:53 [STASH_COMPACT] §f                §3§l>>> §3§lCLICK HERE§b to pick them up! §3§l<<<
11:32:53 [EMPTY]   
11:33:53 [EMPTY]  
11:33:53 [STASH_COMPACT] §f               §7You have §310,633 §7materials stashed away!
11:33:53 [STASH_COMPACT] §f              §8(This totals 4 types of materials stashed!)
11:33:53 [STASH_COMPACT] §f                §3§l>>> §3§lCLICK HERE§b to pick them up! §3§l<<<
11:33:53 [EMPTY]   
11:34:53 [EMPTY]  
11:34:53 [STASH_COMPACT] §f               §7You have §310,633 §7materials stashed away!
11:34:53 [STASH_COMPACT] §f              §8(This totals 4 types of materials stashed!)
11:34:53 [STASH_COMPACT] §f                §3§l>>> §3§lCLICK HERE§b to pick them up! §3§l<<<
11:34:53 [EMPTY]   
11:35:00 [SKYMALL] §bNew day! §r§eYour §r§2Sky Mall §r§ebuff changed!
11:35:00 [SKYMALL] §eNew buff§r§r§r: §r§f§r§a-20%§r§f Pickaxe Ability cooldowns.
11:35:00 [SKYMALL] §8§oYou can disable this messaging by toggling Sky Mall in your /hotm!
11:35:53 [EMPTY]  
11:35:53 [STASH_COMPACT] §f               §7You have §310,633 §7materials stashed away!
11:35:53 [STASH_COMPACT] §f              §8(This totals 4 types of materials stashed!)
11:35:53 [STASH_COMPACT] §f                §3§l>>> §3§lCLICK HERE§b to pick them up! §3§l<<<
11:35:53 [EMPTY]   
11:36:54 [EMPTY]  
11:36:54 [STASH_COMPACT] §f               §7You have §310,633 §7materials stashed away!
11:36:54 [STASH_COMPACT] §f              §8(This totals 4 types of materials stashed!)
11:36:54 [STASH_COMPACT] §f                §3§l>>> §3§lCLICK HERE§b to pick them up! §3§l<<<
11:36:54 [EMPTY]   
11:37:54 [EMPTY]  
11:37:54 [STASH_COMPACT] §f               §7You have §310,633 §7materials stashed away!
11:37:54 [STASH_COMPACT] §f              §8(This totals 4 types of materials stashed!)
11:37:54 [STASH_COMPACT] §f                §3§l>>> §3§lCLICK HERE§b to pick them up! §3§l<<<
11:37:54 [EMPTY]   
11:38:54 [EMPTY]  
11:38:54 [STASH_COMPACT] §f               §7You have §310,633 §7materials stashed away!
11:38:54 [STASH_COMPACT] §f              §8(This totals 4 types of materials stashed!)
11:38:54 [STASH_COMPACT] §f                §3§l>>> §3§lCLICK HERE§b to pick them up! §3§l<<<
11:38:54 [EMPTY]   
11:39:52 [PEST_DROP] §eYou received §a41x Enchanted Wheat §efor killing a §2Fly§e!
11:39:54 [EMPTY]  
11:39:54 [STASH_COMPACT] §f               §7You have §310,633 §7materials stashed away!
11:39:54 [STASH_COMPACT] §f              §8(This totals 4 types of materials stashed!)
11:39:54 [STASH_COMPACT] §f                §3§l>>> §3§lCLICK HERE§b to pick them up! §3§l<<<
11:39:54 [EMPTY]   
11:39:55 [PEST_DROP] §eYou received §a84x Enchanted Cactus Green §efor killing a §2Mite§e!
11:39:59 [PEST_DROP] §eYou received §a120x Enchanted Nether Wart §efor killing a §2Beetle§e!
11:39:59 [EMPTY]  
11:39:59 [BESTIARY] §f                                  §6§lBESTIARY
11:39:59 [BESTIARY] §f                          §b§lField Mouse §7§8III §8➡§b §bIV
11:39:59 [BESTIARY] 
11:39:59 [BESTIARY] §f                                  §r§6§lREWARDS
11:39:59 [BESTIARY] §f                          §r§6+0.4☘ Farming Fortune
11:39:59 [BESTIARY] §f                           §r§8+§r§62% §r§aField Mouse §r§7coins
11:39:59 [BESTIARY] §f                    §r§8+§r§a50% §r§7chance for extra XP orbs
11:39:59 [BESTIARY] §f                               §r§8+§r§b1 SkyBlock XP
11:39:59 [BESTIARY] 
11:39:59 [BESTIARY]   §r§f                         §6§lBESTIARY MILESTONE
11:39:59 [BESTIARY]   §r§f                               §8CCLXII➡§eCCLXIII
11:39:59 [BESTIARY] 
11:39:59 [BESTIARY] §3§l▬▬▬▬▬▬▬▬▬▬▬▬▬▬▬▬▬▬▬▬▬▬▬▬▬▬▬▬▬▬▬▬▬▬▬▬▬▬▬▬▬▬▬▬▬▬▬▬▬▬▬▬▬▬▬▬▬▬▬▬▬▬▬▬
11:39:59 [PEST_DROP] §eYou received §a29x Enchanted Brown Mushroom §efor killing a §2Field Mouse§e!
11:39:59 [PEST_DROP] §eYou received §a1x Honey Jar §efor killing a §2Field Mouse§e!
11:39:59 [PEST_DROP] §eYou received §a1x Plant Matter §efor killing a §2Field Mouse§e!
11:39:59 [PEST_DROP] §eYou received §a1x Tasty Cheese §efor killing a §2Field Mouse§e!
11:39:59 [PEST_DROP] §eYou received §a1x Compost §efor killing a §2Field Mouse§e!
11:39:59 [PEST_DROP] §eYou received §a1x Dung §efor killing a §2Field Mouse§e!
11:40:54 [EMPTY]  
11:40:54 [STASH_COMPACT] §f               §7You have §310,633 §7materials stashed away!
11:40:54 [STASH_COMPACT] §f              §8(This totals 4 types of materials stashed!)
11:40:54 [STASH_COMPACT] §f                §3§l>>> §3§lCLICK HERE§b to pick them up! §3§l<<<
11:40:54 [EMPTY]   
11:41:54 [EMPTY]  
11:41:54 [STASH_COMPACT] §f               §7You have §310,633 §7materials stashed away!
11:41:54 [STASH_COMPACT] §f              §8(This totals 4 types of materials stashed!)
11:41:54 [STASH_COMPACT] §f                §3§l>>> §3§lCLICK HERE§b to pick them up! §3§l<<<
11:41:54 [EMPTY]   
11:42:54 [EMPTY]  
11:42:54 [STASH_COMPACT] §f               §7You have §310,633 §7materials stashed away!
11:42:54 [STASH_COMPACT] §f              §8(This totals 4 types of materials stashed!)
11:42:54 [STASH_COMPACT] §f                §3§l>>> §3§lCLICK HERE§b to pick them up! §3§l<<<
11:42:54 [EMPTY]   
11:43:54 [EMPTY]  
11:43:54 [STASH_COMPACT] §f               §7You have §310,633 §7materials stashed away!
11:43:54 [STASH_COMPACT] §f              §8(This totals 4 types of materials stashed!)
11:43:54 [STASH_COMPACT] §f                §3§l>>> §3§lCLICK HERE§b to pick them up! §3§l<<<
11:43:54 [EMPTY]   
11:44:54 [EMPTY]  
11:44:54 [STASH_COMPACT] §f               §7You have §310,633 §7materials stashed away!
11:44:54 [STASH_COMPACT] §f              §8(This totals 4 types of materials stashed!)
11:44:54 [STASH_COMPACT] §f                §3§l>>> §3§lCLICK HERE§b to pick them up! §3§l<<<
11:44:54 [EMPTY]   
11:45:55 [EMPTY]  
11:45:55 [STASH_COMPACT] §f               §7You have §310,633 §7materials stashed away!
11:45:55 [STASH_COMPACT] §f              §8(This totals 4 types of materials stashed!)
11:45:55 [STASH_COMPACT] §f                §3§l>>> §3§lCLICK HERE§b to pick them up! §3§l<<<
11:45:55 [EMPTY]   
11:46:55 [EMPTY]  
11:46:55 [STASH_COMPACT] §f               §7You have §310,633 §7materials stashed away!
11:46:55 [STASH_COMPACT] §f              §8(This totals 4 types of materials stashed!)
11:46:55 [STASH_COMPACT] §f                §3§l>>> §3§lCLICK HERE§b to pick them up! §3§l<<<
11:46:55 [EMPTY]   
11:47:55 [EMPTY]  
11:47:55 [STASH_COMPACT] §f               §7You have §310,633 §7materials stashed away!
11:47:55 [STASH_COMPACT] §f              §8(This totals 4 types of materials stashed!)
11:47:55 [STASH_COMPACT] §f                §3§l>>> §3§lCLICK HERE§b to pick them up! §3§l<<<
11:47:55 [EMPTY]   
11:48:55 [EMPTY]  
11:48:55 [STASH_COMPACT] §f               §7You have §310,633 §7materials stashed away!
11:48:55 [STASH_COMPACT] §f              §8(This totals 4 types of materials stashed!)
11:48:55 [STASH_COMPACT] §f                §3§l>>> §3§lCLICK HERE§b to pick them up! §3§l<<<
11:48:55 [EMPTY]   
12:37:01 [EMPTY] §f §r§r§r§f §r§r§r§1 §r§r§r§0 §r§r§r§2 §r§r§r§f §r§r§r§f §r§r§r§2 §r§r§r§0 §r§r§r§4 §r§r§r§3 §r§r§r§9 §r§r§r§2 §r§r§r§0 §r§r§r§0 §r§r§r§3 §r§r§r§9 §r§r§r§2 §r§r§r§0 §r§r§r§0 §r§r§r§3 §r§r§r§9 §r§r§r§2 §r§r§r§0 §r§r§r§0 
12:37:02 [EMPTY] 
12:37:11 [EMPTY] §8 §r§8 §r§1 §r§3 §r§3 §r§7 §r§8 
12:37:13 [EMPTY] 
12:37:13 [EMPTY] 
12:37:14 [EMPTY]  
12:37:14 [STASH_COMPACT] §f               §7You have §310,633 §7materials stashed away!
12:37:14 [STASH_COMPACT] §f              §8(This totals 4 types of materials stashed!)
12:37:14 [STASH_COMPACT] §f                §3§l>>> §3§lCLICK HERE§b to pick them up! §3§l<<<
12:37:14 [EMPTY]   
12:37:15 [EMPTY]  
12:37:15 [STASH_COMPACT] §f               §7You have §310,633 §7materials stashed away!
12:37:15 [STASH_COMPACT] §f              §8(This totals 4 types of materials stashed!)
12:37:15 [STASH_COMPACT] §f                §3§l>>> §3§lCLICK HERE§b to pick them up! §3§l<<<
12:37:15 [EMPTY]   
12:37:16 [SKYMALL] §bNew day! §r§eYour §r§2Sky Mall §r§ebuff changed!
12:37:16 [SKYMALL] §eNew buff§r§r§r: §r§fGain §r§6+50☘ Mining Fortune§r§f.
12:37:16 [SKYMALL] §8§oYou can disable this messaging by toggling Sky Mall in your /hotm!
12:38:15 [EMPTY]  
12:38:15 [STASH_COMPACT] §f               §7You have §310,633 §7materials stashed away!
12:38:15 [STASH_COMPACT] §f              §8(This totals 4 types of materials stashed!)
12:38:15 [STASH_COMPACT] §f                §3§l>>> §3§lCLICK HERE§b to pick them up! §3§l<<<
12:38:15 [EMPTY]   
12:39:16 [EMPTY]  
12:39:16 [STASH_COMPACT] §f               §7You have §310,633 §7materials stashed away!
12:39:16 [STASH_COMPACT] §f              §8(This totals 4 types of materials stashed!)
12:39:16 [STASH_COMPACT] §f                §3§l>>> §3§lCLICK HERE§b to pick them up! §3§l<<<
12:39:16 [EMPTY]   
12:40:16 [EMPTY]  
12:40:16 [STASH_COMPACT] §f               §7You have §310,633 §7materials stashed away!
12:40:16 [STASH_COMPACT] §f              §8(This totals 4 types of materials stashed!)
12:40:16 [STASH_COMPACT] §f                §3§l>>> §3§lCLICK HERE§b to pick them up! §3§l<<<
12:40:16 [EMPTY]   
12:41:16 [EMPTY]  
12:41:16 [STASH_COMPACT] §f               §7You have §310,633 §7materials stashed away!
12:41:16 [STASH_COMPACT] §f              §8(This totals 4 types of materials stashed!)
12:41:16 [STASH_COMPACT] §f                §3§l>>> §3§lCLICK HERE§b to pick them up! §3§l<<<
12:41:16 [EMPTY]   
12:42:16 [EMPTY]  
12:42:16 [STASH_COMPACT] §f               §7You have §310,633 §7materials stashed away!
12:42:16 [STASH_COMPACT] §f              §8(This totals 4 types of materials stashed!)
12:42:16 [STASH_COMPACT] §f                §3§l>>> §3§lCLICK HERE§b to pick them up! §3§l<<<
12:42:16 [EMPTY]   
12:43:16 [EMPTY]  
12:43:16 [STASH_COMPACT] §f               §7You have §310,633 §7materials stashed away!
12:43:16 [STASH_COMPACT] §f              §8(This totals 4 types of materials stashed!)
12:43:16 [STASH_COMPACT] §f                §3§l>>> §3§lCLICK HERE§b to pick them up! §3§l<<<
12:43:16 [EMPTY]   
12:44:16 [EMPTY]  
12:44:16 [STASH_COMPACT] §f               §7You have §310,633 §7materials stashed away!
12:44:16 [STASH_COMPACT] §f              §8(This totals 4 types of materials stashed!)
12:44:16 [STASH_COMPACT] §f                §3§l>>> §3§lCLICK HERE§b to pick them up! §3§l<<<
12:44:16 [EMPTY]   
12:45:16 [EMPTY]  
12:45:16 [STASH_COMPACT] §f               §7You have §310,633 §7materials stashed away!
12:45:16 [STASH_COMPACT] §f              §8(This totals 4 types of materials stashed!)
12:45:16 [STASH_COMPACT] §f                §3§l>>> §3§lCLICK HERE§b to pick them up! §3§l<<<
12:45:16 [EMPTY]   
12:46:16 [EMPTY]  
12:46:16 [STASH_COMPACT] §f               §7You have §310,633 §7materials stashed away!
12:46:16 [STASH_COMPACT] §f              §8(This totals 4 types of materials stashed!)
12:46:16 [STASH_COMPACT] §f                §3§l>>> §3§lCLICK HERE§b to pick them up! §3§l<<<
12:46:16 [EMPTY]   
12:47:17 [EMPTY]  
12:47:17 [STASH_COMPACT] §f               §7You have §310,633 §7materials stashed away!
12:47:17 [STASH_COMPACT] §f              §8(This totals 4 types of materials stashed!)
12:47:17 [STASH_COMPACT] §f                §3§l>>> §3§lCLICK HERE§b to pick them up! §3§l<<<
12:47:17 [EMPTY]   
12:48:17 [EMPTY]  
12:48:17 [STASH_COMPACT] §f               §7You have §310,633 §7materials stashed away!
12:48:17 [STASH_COMPACT] §f              §8(This totals 4 types of materials stashed!)
12:48:17 [STASH_COMPACT] §f                §3§l>>> §3§lCLICK HERE§b to pick them up! §3§l<<<
12:48:17 [EMPTY]   
12:49:17 [EMPTY]  
12:49:17 [STASH_COMPACT] §f               §7You have §310,633 §7materials stashed away!
12:49:17 [STASH_COMPACT] §f              §8(This totals 4 types of materials stashed!)
12:49:17 [STASH_COMPACT] §f                §3§l>>> §3§lCLICK HERE§b to pick them up! §3§l<<<
12:49:17 [EMPTY]   
12:50:17 [EMPTY]  
12:50:17 [STASH_COMPACT] §f               §7You have §310,633 §7materials stashed away!
12:50:17 [STASH_COMPACT] §f              §8(This totals 4 types of materials stashed!)
12:50:17 [STASH_COMPACT] §f                §3§l>>> §3§lCLICK HERE§b to pick them up! §3§l<<<
12:50:17 [EMPTY]   
12:51:17 [EMPTY]  
12:51:17 [STASH_COMPACT] §f               §7You have §310,633 §7materials stashed away!
12:51:17 [STASH_COMPACT] §f              §8(This totals 4 types of materials stashed!)
12:51:17 [STASH_COMPACT] §f                §3§l>>> §3§lCLICK HERE§b to pick them up! §3§l<<<
12:51:17 [EMPTY]   
12:52:17 [EMPTY]  
12:52:17 [STASH_COMPACT] §f               §7You have §310,633 §7materials stashed away!
12:52:17 [STASH_COMPACT] §f              §8(This totals 4 types of materials stashed!)
12:52:17 [STASH_COMPACT] §f                §3§l>>> §3§lCLICK HERE§b to pick them up! §3§l<<<
12:52:17 [EMPTY]   
12:52:35 [GARDEN_VISITOR_MESSAGE] §e[NPC] §aGuy§f: §r§fHeard you may got some mushrooms...I've been looking for some...
12:52:37 [GARDEN_VISITOR_MESSAGE] §e[NPC] §aGuy§f: §r§fOh man gee, that's awful man, call me when you got 'em alright?
12:52:37 [GARDEN_VISITOR_MESSAGE] §e[NPC] §aEmissary Ceanna§f: §r§fThe King's favorite emissary is here to request potatoes for the King's great feast! 
12:52:39 [EMPTY] 
12:52:39 [EMPTY] 
12:52:39 [GARDEN_VISITOR_MESSAGE] §e[NPC] §aEmissary Ceanna§f: §r§fMaybe the King will even announce me as his favorite at the feast!
12:52:39 [GARDEN_VISITOR_MESSAGE] §e[NPC] §aFear Mongerer§f: §r§fMortal, the time of reckoning is near. The Past will light the future.
12:52:40 [NEW_VISITOR_ARRIVED] §9§r§9Tia the Fairy §r§ehas arrived on your §r§aGarden§r§e!
12:52:42 [EMPTY] 
12:52:42 [EMPTY] 
12:52:42 [GARDEN_VISITOR_MESSAGE] §e[NPC] §aFear Mongerer§f: §r§fMay your destiny be ridded with fortune.
12:52:42 [GARDEN_VISITOR_MESSAGE] §e[NPC] §9Tia the Fairy§f: §rYou are currently missing §d12 §fFairy Souls. Better get to work!
12:53:17 [EMPTY]  
12:53:17 [STASH_COMPACT] §f               §7You have §310,633 §7materials stashed away!
12:53:17 [STASH_COMPACT] §f              §8(This totals 4 types of materials stashed!)
12:53:17 [STASH_COMPACT] §f                §3§l>>> §3§lCLICK HERE§b to pick them up! §3§l<<<
12:53:17 [EMPTY]   
12:54:18 [EMPTY]  
12:54:18 [STASH_COMPACT] §f               §7You have §310,633 §7materials stashed away!
12:54:18 [STASH_COMPACT] §f              §8(This totals 4 types of materials stashed!)
12:54:18 [STASH_COMPACT] §f                §3§l>>> §3§lCLICK HERE§b to pick them up! §3§l<<<
12:54:18 [EMPTY]   
12:55:01 [SKYMALL] §bNew day! §r§eYour §r§2Sky Mall §r§ebuff changed!
12:55:01 [SKYMALL] §eNew buff§r§r§r: §r§fGain §r§a+15% §r§fmore Powder while mining.
12:55:01 [SKYMALL] §8§oYou can disable this messaging by toggling Sky Mall in your /hotm!
12:55:18 [EMPTY]  
12:55:18 [STASH_COMPACT] §f               §7You have §310,633 §7materials stashed away!
12:55:18 [STASH_COMPACT] §f              §8(This totals 4 types of materials stashed!)
12:55:18 [STASH_COMPACT] §f                §3§l>>> §3§lCLICK HERE§b to pick them up! §3§l<<<
12:55:18 [EMPTY]   
12:56:18 [EMPTY]  
12:56:18 [STASH_COMPACT] §f               §7You have §310,633 §7materials stashed away!
12:56:18 [STASH_COMPACT] §f              §8(This totals 4 types of materials stashed!)
12:56:18 [STASH_COMPACT] §f                §3§l>>> §3§lCLICK HERE§b to pick them up! §3§l<<<
12:56:18 [EMPTY]   
12:57:18 [EMPTY]  
12:57:18 [STASH_COMPACT] §f               §7You have §310,633 §7materials stashed away!
12:57:18 [STASH_COMPACT] §f              §8(This totals 4 types of materials stashed!)
12:57:18 [STASH_COMPACT] §f                §3§l>>> §3§lCLICK HERE§b to pick them up! §3§l<<<
12:57:18 [EMPTY]   
12:58:18 [EMPTY]  
12:58:18 [STASH_COMPACT] §f               §7You have §310,633 §7materials stashed away!
12:58:18 [STASH_COMPACT] §f              §8(This totals 4 types of materials stashed!)
12:58:18 [STASH_COMPACT] §f                §3§l>>> §3§lCLICK HERE§b to pick them up! §3§l<<<
12:58:18 [EMPTY]   
12:59:18 [EMPTY]  
12:59:18 [STASH_COMPACT] §f               §7You have §310,633 §7materials stashed away!
12:59:18 [STASH_COMPACT] §f              §8(This totals 4 types of materials stashed!)
12:59:18 [STASH_COMPACT] §f                §3§l>>> §3§lCLICK HERE§b to pick them up! §3§l<<<
12:59:18 [EMPTY]   
12:59:49 [EMPTY] §f
12:59:49 [EMPTY] §f
12:59:49 [EMPTY] §f
12:59:49 [EMPTY] §f
13:00:18 [EMPTY]  
13:00:18 [STASH_COMPACT] §f               §7You have §310,633 §7materials stashed away!
13:00:18 [STASH_COMPACT] §f              §8(This totals 4 types of materials stashed!)
13:00:18 [STASH_COMPACT] §f                §3§l>>> §3§lCLICK HERE§b to pick them up! §3§l<<<
13:00:18 [EMPTY]   
13:00:22 [EMPTY] §f
13:00:22 [EMPTY] §c
13:01:18 [EMPTY]  
13:01:18 [STASH_COMPACT] §f               §7You have §310,633 §7materials stashed away!
13:01:18 [STASH_COMPACT] §f              §8(This totals 4 types of materials stashed!)
13:01:18 [STASH_COMPACT] §f                §3§l>>> §3§lCLICK HERE§b to pick them up! §3§l<<<
13:01:18 [EMPTY]   
13:02:18 [EMPTY]  
13:02:18 [STASH_COMPACT] §f               §7You have §310,633 §7materials stashed away!
13:02:18 [STASH_COMPACT] §f              §8(This totals 4 types of materials stashed!)
13:02:18 [STASH_COMPACT] §f                §3§l>>> §3§lCLICK HERE§b to pick them up! §3§l<<<
13:02:18 [EMPTY]   
13:03:19 [EMPTY]  
13:03:19 [STASH_COMPACT] §f               §7You have §310,633 §7materials stashed away!
13:03:19 [STASH_COMPACT] §f              §8(This totals 4 types of materials stashed!)
13:03:19 [STASH_COMPACT] §f                §3§l>>> §3§lCLICK HERE§b to pick them up! §3§l<<<
13:03:19 [EMPTY]   
13:04:19 [EMPTY]  
13:04:19 [STASH_COMPACT] §f               §7You have §310,633 §7materials stashed away!
13:04:19 [STASH_COMPACT] §f              §8(This totals 4 types of materials stashed!)
13:04:19 [STASH_COMPACT] §f                §3§l>>> §3§lCLICK HERE§b to pick them up! §3§l<<<
13:04:19 [EMPTY]   
13:04:40 [NEW_VISITOR_ARRIVED] §9§r§9Grandma Wolf §r§ehas arrived on your §r§aGarden§r§e!
13:05:19 [EMPTY]  
13:05:19 [STASH_COMPACT] §f               §7You have §310,633 §7materials stashed away!
13:05:19 [STASH_COMPACT] §f              §8(This totals 4 types of materials stashed!)
13:05:19 [STASH_COMPACT] §f                §3§l>>> §3§lCLICK HERE§b to pick them up! §3§l<<<
13:05:19 [EMPTY]   
13:06:19 [EMPTY]  
13:06:19 [STASH_COMPACT] §f               §7You have §310,633 §7materials stashed away!
13:06:19 [STASH_COMPACT] §f              §8(This totals 4 types of materials stashed!)
13:06:19 [STASH_COMPACT] §f                §3§l>>> §3§lCLICK HERE§b to pick them up! §3§l<<<
13:06:19 [EMPTY]   
13:07:19 [EMPTY]  
13:07:19 [STASH_COMPACT] §f               §7You have §310,633 §7materials stashed away!
13:07:19 [STASH_COMPACT] §f              §8(This totals 4 types of materials stashed!)
13:07:19 [STASH_COMPACT] §f                §3§l>>> §3§lCLICK HERE§b to pick them up! §3§l<<<
13:07:19 [EMPTY]   
13:08:19 [EMPTY]  
13:08:19 [STASH_COMPACT] §f               §7You have §310,633 §7materials stashed away!
13:08:19 [STASH_COMPACT] §f              §8(This totals 4 types of materials stashed!)
13:08:19 [STASH_COMPACT] §f                §3§l>>> §3§lCLICK HERE§b to pick them up! §3§l<<<
13:08:19 [EMPTY]   
13:09:19 [EMPTY]  
13:09:19 [STASH_COMPACT] §f               §7You have §310,633 §7materials stashed away!
13:09:19 [STASH_COMPACT] §f              §8(This totals 4 types of materials stashed!)
13:09:19 [STASH_COMPACT] §f                §3§l>>> §3§lCLICK HERE§b to pick them up! §3§l<<<
13:09:19 [EMPTY]   
13:10:19 [EMPTY]  
13:10:19 [STASH_COMPACT] §f               §7You have §310,633 §7materials stashed away!
13:10:19 [STASH_COMPACT] §f              §8(This totals 4 types of materials stashed!)
13:10:19 [STASH_COMPACT] §f                §3§l>>> §3§lCLICK HERE§b to pick them up! §3§l<<<
13:10:19 [EMPTY]   
13:11:20 [EMPTY]  
13:11:20 [STASH_COMPACT] §f               §7You have §310,633 §7materials stashed away!
13:11:20 [STASH_COMPACT] §f              §8(This totals 4 types of materials stashed!)
13:11:20 [STASH_COMPACT] §f                §3§l>>> §3§lCLICK HERE§b to pick them up! §3§l<<<
13:11:20 [EMPTY]   
13:12:20 [EMPTY]  
13:12:20 [STASH_COMPACT] §f               §7You have §310,633 §7materials stashed away!
13:12:20 [STASH_COMPACT] §f              §8(This totals 4 types of materials stashed!)
13:12:20 [STASH_COMPACT] §f                §3§l>>> §3§lCLICK HERE§b to pick them up! §3§l<<<
13:12:20 [EMPTY]   
13:13:20 [EMPTY]  
13:13:20 [STASH_COMPACT] §f               §7You have §310,633 §7materials stashed away!
13:13:20 [STASH_COMPACT] §f              §8(This totals 4 types of materials stashed!)
13:13:20 [STASH_COMPACT] §f                §3§l>>> §3§lCLICK HERE§b to pick them up! §3§l<<<
13:13:20 [EMPTY]   
13:14:20 [EMPTY]  
13:14:20 [STASH_COMPACT] §f               §7You have §310,633 §7materials stashed away!
13:14:20 [STASH_COMPACT] §f              §8(This totals 4 types of materials stashed!)
13:14:20 [STASH_COMPACT] §f                §3§l>>> §3§lCLICK HERE§b to pick them up! §3§l<<<
13:14:20 [EMPTY]   
13:15:00 [SKYMALL] §bNew day! §r§eYour §r§2Sky Mall §r§ebuff changed!
13:15:00 [SKYMALL] §eNew buff§r§r§r: §r§fGain §r§a+15% §r§fmore Powder while mining.
13:15:00 [SKYMALL] §8§oYou can disable this messaging by toggling Sky Mall in your /hotm!
13:15:20 [EMPTY]  
13:15:20 [STASH_COMPACT] §f               §7You have §310,633 §7materials stashed away!
13:15:20 [STASH_COMPACT] §f              §8(This totals 4 types of materials stashed!)
13:15:20 [STASH_COMPACT] §f                §3§l>>> §3§lCLICK HERE§b to pick them up! §3§l<<<
13:15:20 [EMPTY]   
13:16:20 [EMPTY]  
13:16:20 [STASH_COMPACT] §f               §7You have §310,633 §7materials stashed away!
13:16:20 [STASH_COMPACT] §f              §8(This totals 4 types of materials stashed!)
13:16:20 [STASH_COMPACT] §f                §3§l>>> §3§lCLICK HERE§b to pick them up! §3§l<<<
13:16:20 [EMPTY]   
13:16:40 [NEW_VISITOR_ARRIVED] §a§r§aTarwen §r§ehas arrived on your §r§aGarden§r§e!
13:17:20 [EMPTY]  
13:17:20 [STASH_COMPACT] §f               §7You have §310,633 §7materials stashed away!
13:17:20 [STASH_COMPACT] §f              §8(This totals 4 types of materials stashed!)
13:17:20 [STASH_COMPACT] §f                §3§l>>> §3§lCLICK HERE§b to pick them up! §3§l<<<
13:17:20 [EMPTY]   
13:18:21 [EMPTY]  
13:18:21 [STASH_COMPACT] §f               §7You have §310,633 §7materials stashed away!
13:18:21 [STASH_COMPACT] §f              §8(This totals 4 types of materials stashed!)
13:18:21 [STASH_COMPACT] §f                §3§l>>> §3§lCLICK HERE§b to pick them up! §3§l<<<
13:18:21 [EMPTY]   
13:19:21 [EMPTY]  
13:19:21 [STASH_COMPACT] §f               §7You have §310,633 §7materials stashed away!
13:19:21 [STASH_COMPACT] §f              §8(This totals 4 types of materials stashed!)
13:19:21 [STASH_COMPACT] §f                §3§l>>> §3§lCLICK HERE§b to pick them up! §3§l<<<
13:19:21 [EMPTY]   
13:20:21 [EMPTY]  
13:20:21 [STASH_COMPACT] §f               §7You have §310,633 §7materials stashed away!
13:20:21 [STASH_COMPACT] §f              §8(This totals 4 types of materials stashed!)
13:20:21 [STASH_COMPACT] §f                §3§l>>> §3§lCLICK HERE§b to pick them up! §3§l<<<
13:20:21 [EMPTY]   
13:21:21 [EMPTY]  
13:21:21 [STASH_COMPACT] §f               §7You have §310,633 §7materials stashed away!
13:21:21 [STASH_COMPACT] §f              §8(This totals 4 types of materials stashed!)
13:21:21 [STASH_COMPACT] §f                §3§l>>> §3§lCLICK HERE§b to pick them up! §3§l<<<
13:21:21 [EMPTY]   
13:22:21 [EMPTY]  
13:22:21 [STASH_COMPACT] §f               §7You have §310,633 §7materials stashed away!
13:22:21 [STASH_COMPACT] §f              §8(This totals 4 types of materials stashed!)
13:22:21 [STASH_COMPACT] §f                §3§l>>> §3§lCLICK HERE§b to pick them up! §3§l<<<
13:22:21 [EMPTY]   
