08:23:09 §e[SkyHanni] §bYou have §310k §bmaterials in stash, §btotalling §32 types§b. §bClick to §3pickup §byour stash!§r
08:24:11 §e[SkyHanni] §aStella §eis visiting your garden!§r
08:24:11 §e[SkyHanni] §9Queen Mismyla §eis visiting your garden!§r
08:24:11 §e[SkyHanni] §aLumber Jack §eis visiting your garden!§r
08:24:11 §e[SkyHanni] §aEmissary Ceanna §eis visiting your garden!§r
08:24:11 §e[SkyHanni] §9Lumina §eis visiting your garden!§r
08:24:12 §e[SkyHanni] Successfully loaded this year's contests from elitebot.dev automatically!§r
08:24:15 §e[SkyHanni] You have gained §b518 §eBits.§r
08:30:55 §e[SkyHanni] You have gained §b10 §eBits.§r
08:31:03 §e[SkyHanni] You have gained §b10 §eBits.§r
08:31:20 §e[SkyHanni] You have gained §b10 §eBits.§r
08:31:30 §e[SkyHanni] You have gained §b10 §eBits.§r
08:31:41 §e[SkyHanni] You have gained §b10 §eBits.§r
08:31:52 §e[SkyHanni] You have gained §b10 §eBits.§r
08:31:52 §e[SkyHanni] Started tracking your Jacob Contest Blocks Per Second!§r
08:32:01 §e[SkyHanni] You have gained §b10 §eBits.§r
08:32:11 §e[SkyHanni] You have gained §b10 §eBits.§r
08:33:47 §e[SkyHanni] You have gained §b10 §eBits.§r
08:33:50 §e[SkyHanni] You have gained §b10 §eBits.§r
08:33:52 §e[SkyHanni] You have gained §b10 §eBits.§r
08:33:57 §e[SkyHanni] You have gained §b10 §eBits.§r
08:35:02 §e[SkyHanni] Stats for Potato Contest:§r
08:35:02 §e[SkyHanni] §7Blocks Broken in total: §e0§r
08:35:02 §e[SkyHanni] §7Average Blocks Per Second: §a0.0§r
08:35:02 §e[SkyHanni] §7Participated for §b3m 9s§r
08:35:08 §e[SkyHanni] §aTarwen §eis visiting your garden!§r
08:39:08 §e[SkyHanni] §aJamie §eis visiting your garden!§r
08:47:34 §e[SkyHanni] §9Royal Resident §eis visiting your garden!§r
08:54:16 §e[SkyHanni] You have gained §b518 §eBits.§r
08:54:29 §e[SkyHanni] You have gained §b10 §eBits.§r
08:54:41 §e[SkyHanni] You have gained §b10 §eBits.§r
08:57:38 §e[SkyHanni] §aGimley §eis visiting your garden!§r
09:09:39 §e[SkyHanni] §6Sirius §eis visiting your garden!§r
09:11:02 §e[SkyHanni] You have gained §b10 §eBits.§r
09:11:07 §e[SkyHanni] You have gained §b10 §eBits.§r
09:11:17 §e[SkyHanni] You have gained §b10 §eBits.§r
09:15:33 §e[SkyHanni] §aGuy §eis visiting your garden!§r
09:19:30 §e[SkyHanni] Loaded Wheat milestone data from tab list!§r
09:20:00 §e[SkyHanni] §9Queen Mismyla §eis visiting your garden!§r
09:23:29 §e[SkyHanni] You have gained §b20 §eBits.§r
09:23:29 §e[SkyHanni] Started tracking your Jacob Contest Blocks Per Second!§r
09:23:41 §e[SkyHanni] You have gained §b10 §eBits.§r
09:23:41 §e[SkyHanni] You changed the crop during the contest, resetting the Blocks Per Second calculation..§r
09:24:18 §e[SkyHanni] You have gained §b518 §eBits.§r
09:24:23 §e[SkyHanni] You have gained §b10 §eBits.§r
09:24:24 §e[SkyHanni] You have gained §b20 §eBits.§r
09:24:25 §e[SkyHanni] You have gained §b10 §eBits.§r
09:24:25 §e[SkyHanni] Loaded Pumpkin milestone data from tab list!§r
09:24:25 §e[SkyHanni] §aFelix §eis visiting your garden!§r
09:24:25 §e[SkyHanni] You changed the crop during the contest, resetting the Blocks Per Second calculation..§r
09:24:30 §e[SkyHanni] You have gained §b10 §eBits.§r
09:24:34 §e[SkyHanni] You have gained §b10 §eBits.§r
09:24:36 §e[SkyHanni] You have gained §b30 §eBits.§r
09:28:16 §e[SkyHanni] §aHungry Hiker §eis visiting your garden!§r
09:33:32 §e[SkyHanni] §9Emissary Sisko §eis visiting your garden!§r
09:35:01 §e[SkyHanni] Stats for Pumpkin Contest:§r
09:35:01 §e[SkyHanni] §7Blocks Broken in total: §e0§r
09:35:01 §e[SkyHanni] §7Average Blocks Per Second: §a0.0§r
09:35:01 §e[SkyHanni] §7Participated for §b10m 36s§r
09:37:24 §e[SkyHanni] You have gained §b10 §eBits.§r
09:37:27 §e[SkyHanni] You have gained §b10 §eBits.§r
09:37:29 §e[SkyHanni] §aAndrew §eis visiting your garden!§r
09:37:35 §e[SkyHanni] You have gained §b10 §eBits.§r
09:37:57 §e[SkyHanni] Found Visitor Reward §9Green Bandana§e!§r
09:44:12 §e[SkyHanni] §aVex §eis visiting your garden!§r
09:48:34 §e[SkyHanni] §aGimley §eis visiting your garden!§r
09:52:31 §e[SkyHanni] You have gained §b10 §eBits.§r
09:52:43 §e[SkyHanni] You have gained §b10 §eBits.§r
09:52:44 §e[SkyHanni] §aStella §eis visiting your garden!§r
09:52:59 §e[SkyHanni] You have gained §b20 §eBits.§r
09:53:29 §e[SkyHanni] You have gained §b10 §eBits.§r
09:54:22 §e[SkyHanni] You have gained §b518 §eBits.§r
10:00:29 §e[SkyHanni] §aEmissary Wilson §eis visiting your garden!§r
10:09:57 §e[SkyHanni] You have gained §b10 §eBits.§r
10:10:00 §e[SkyHanni] You have gained §b10 §eBits.§r
10:10:11 §e[SkyHanni] You have gained §b10 §eBits.§r
10:10:15 §e[SkyHanni] You have gained §b10 §eBits.§r
10:10:16 §c[SkyHanni-0.28.Beta.19]: Caught a IllegalStateException in PestAPI at LorenzChatEvent: Can not remove nearest pest: No infested plots detected. Click here to copy the error into the clipboard.§r
10:10:17 §e[SkyHanni] You have gained §b10 §eBits.§r
10:10:36 §e[SkyHanni] You have gained §b20 §eBits.§r
10:10:38 §e[SkyHanni] You have gained §b10 §eBits.§r
10:11:44 §e[SkyHanni] §bYou have §310k §bmaterials in stash, §btotalling §34 types§b. §bClick to §3pickup §byour stash!§r
10:13:44 §e[SkyHanni] §bYou have §310k §bmaterials in stash, §btotalling §34 types§b. §bClick to §3pickup §byour stash!§r
10:15:01 §e[SkyHanni] Started tracking your Jacob Contest Blocks Per Second!§r
10:24:26 §e[SkyHanni] You have gained §b1,036 §eBits.§r
10:27:59 §e[SkyHanni] You have gained §b10 §eBits.§r
10:28:06 §e[SkyHanni] You have gained §b10 §eBits.§r
10:28:14 §e[SkyHanni] You have gained §b10 §eBits.§r
10:28:25 §e[SkyHanni] You have gained §b10 §eBits.§r
10:29:48 §e[SkyHanni] §aSargwyn §eis visiting your garden!§r
10:30:15 §e[SkyHanni] You have gained §b10 §eBits.§r
10:35:02 §e[SkyHanni] Stats for Wheat Contest:§r
10:35:02 §e[SkyHanni] §7Blocks Broken in total: §e14,776§r
10:35:02 §e[SkyHanni] §7Average Blocks Per Second: §a12.31§r
10:35:02 §e[SkyHanni] §7Participated for §b20m§r
10:35:15 §e[SkyHanni] This is §65.01☘ Wheat Fortune §emore than previously!§r
10:36:40 §e[SkyHanni] §aSargwyn §eis visiting your garden!§r
10:40:43 §e[SkyHanni] §aTom §eis visiting your garden!§r
10:44:13 §e[SkyHanni] You have gained §b10 §eBits.§r
10:44:14 §e[SkyHanni] Loaded Carrot milestone data from tab list!§r
10:44:20 §e[SkyHanni] You have gained §b10 §eBits.§r
10:44:57 §e[SkyHanni] You have gained §b10 §eBits.§r
10:45:03 §e[SkyHanni] You have gained §b10 §eBits.§r
10:45:08 §e[SkyHanni] §aGuy §eis visiting your garden!§r
10:54:30 §e[SkyHanni] §bNo Bits Available! §eClick to buy booster cookies on the bazaar.§r
10:54:30 §e[SkyHanni] You have gained §b72 §eBits.§r
10:57:09 §e[SkyHanni] §aEmissary Ceanna §eis visiting your garden!§r
11:09:10 §e[SkyHanni] §aFear Mongerer §eis visiting your garden!§r
11:39:59 §6§lBESTIARY §r§b§lField Mouse §7§8III §8➡§b §bIV§r
12:52:40 §e[SkyHanni] §9Tia the Fairy §eis visiting your garden!§r
13:04:42 §e[SkyHanni] §9Grandma Wolf §eis visiting your garden!§r
13:16:43 §e[SkyHanni] §aTarwen §eis visiting your garden!§r
