22:04:42 PRIVATE_ISLAND
22:04:49 NONE
22:04:50 HUB
22:06:07 NONE
22:06:12 PRIVATE_ISLAND
22:06:15 NONE
22:06:15 HUB
22:07:10 NONE
22:07:10 PRIVATE_ISLAND
22:07:32 NONE
22:07:46 HUB
22:09:05 NONE
22:09:05 PRIVATE_ISLAND
22:10:16 NONE
22:10:17 HUB
22:46:43 NONE
22:46:43 PRIVATE_ISLAND
22:50:03 NONE
22:50:04 HUB
22:50:09 NONE
22:50:10 HUB
23:17:02 NONE
23:17:03 PRIVATE_ISLAND
23:19:18 NONE
23:19:19 WINTER
23:22:12 NONE
23:22:12 HUB
23:22:16 NONE
23:22:17 HUB
23:22:21 NONE
23:22:23 HUB
23:40:44 NONE
23:40:44 WINTER
23:41:36 NONE
23:41:37 HUB
23:42:58 NONE
23:43:07 HUB
23:44:42 NONE
23:44:43 PRIVATE_ISLAND
00:08:36 NONE
00:08:36 GARDEN
00:11:19 NONE
00:11:19 PRIVATE_ISLAND
00:38:00 NONE
00:38:00 GARDEN
00:51:11 NONE
00:51:11 PRIVATE_ISLAND
00:51:40 NONE
00:51:40 GARDEN
