22:14:54 Trying to load config from config/skyhanni/config.json
22:14:54 load-config-now
22:14:54 Loaded config from file
22:14:54 Trying to load sacks from config/skyhanni/sacks.json
22:14:54 load-sacks-now
22:14:54 Loaded sacks from file
22:14:54 Trying to load friends from config/skyhanni/friends.json
22:14:54 load-friends-now
22:14:54 Loaded friends from file
22:14:54 Trying to load known_features from config/skyhanni/known_features.json
22:14:54 load-known_features-now
22:14:54 Loaded known_features from file
22:14:54 Trying to load jacob_contests from config/skyhanni/jacob_contests.json
22:14:54 load-jacob_contests-now
22:14:54 Loaded jacob_contests from file
22:14:54 Trying to load visual_words from config/skyhanni/visual_words.json
22:14:54 Setting visual_words to be blank as it did not exist. It will be saved once something is written to it
22:15:54 saveConfig: auto-save-60s
22:15:54 Saving config file
22:16:17 saveConfig: Updated known feature flags
22:16:17 Saving known_features file
22:16:54 saveConfig: auto-save-60s
22:16:54 Saving config file
22:17:54 saveConfig: auto-save-60s
22:17:54 Saving config file
22:18:54 saveConfig: auto-save-60s
22:18:54 Saving config file
22:19:54 saveConfig: auto-save-60s
22:19:54 Saving config file
22:20:54 saveConfig: auto-save-60s
22:20:54 Saving config file
22:21:54 saveConfig: auto-save-60s
22:21:54 Saving config file
22:22:54 saveConfig: auto-save-60s
22:22:54 Saving config file
22:23:54 saveConfig: auto-save-60s
22:23:54 Saving config file
22:24:54 saveConfig: auto-save-60s
22:24:54 Saving config file
22:25:54 saveConfig: auto-save-60s
22:25:54 Saving config file
22:26:54 saveConfig: auto-save-60s
22:26:54 Saving config file
22:27:54 saveConfig: auto-save-60s
22:27:54 Saving config file
22:28:54 saveConfig: auto-save-60s
22:28:54 Saving config file
22:29:54 saveConfig: auto-save-60s
22:29:54 Saving config file
22:30:54 saveConfig: auto-save-60s
22:30:54 Saving config file
22:31:54 saveConfig: auto-save-60s
22:31:54 Saving config file
22:32:54 saveConfig: auto-save-60s
22:32:54 Saving config file
22:33:54 saveConfig: auto-save-60s
22:33:54 Saving config file
22:34:54 saveConfig: auto-save-60s
22:34:54 Saving config file
22:35:54 saveConfig: auto-save-60s
22:35:54 Saving config file
22:36:54 saveConfig: auto-save-60s
22:36:54 Saving config file
22:37:54 saveConfig: auto-save-60s
22:37:54 Saving config file
22:38:54 saveConfig: auto-save-60s
22:38:54 Saving config file
22:39:54 saveConfig: auto-save-60s
22:39:54 Saving config file
22:40:54 saveConfig: auto-save-60s
22:40:54 Saving config file
22:41:54 saveConfig: auto-save-60s
22:41:54 Saving config file
22:42:54 saveConfig: auto-save-60s
22:42:54 Saving config file
22:43:54 saveConfig: auto-save-60s
22:43:54 Saving config file
22:44:54 saveConfig: auto-save-60s
22:44:54 Saving config file
22:45:54 saveConfig: auto-save-60s
22:45:54 Saving config file
22:46:54 saveConfig: auto-save-60s
22:46:54 Saving config file
22:47:54 saveConfig: auto-save-60s
22:47:54 Saving config file
22:48:11 saveConfig: shutdown-hook
22:48:11 Saving config file
