09:41:52 `Enderman`4662189 missed {
 is already Found: false).
 Position: LorenzVec{x=-0.6041666666666667, y=100.0, z=53.22916666666667}
 DistanceC: 16.608828339993842
Relative Position: LorenzVec{x=-10.069980184647797, y=0.0, z=16.608828339993842}
 }
09:41:52 `Enderman`4662190 missed {
 is already Found: false).
 Position: LorenzVec{x=-0.5, y=100.0, z=54.5}
 DistanceC: 17.87966167332717
Relative Position: LorenzVec{x=-9.96581351798113, y=0.0, z=17.87966167332717}
 }
09:41:52 `Enderman`4662191 missed {
 is already Found: false).
 Position: LorenzVec{x=-0.5, y=100.0, z=54.5}
 DistanceC: 17.87966167332717
Relative Position: LorenzVec{x=-9.96581351798113, y=0.0, z=17.87966167332717}
 }
09:41:52 `Enderman`4662192 missed {
 is already Found: false).
 Position: LorenzVec{x=-0.5, y=100.0, z=54.5}
 DistanceC: 17.87966167332717
Relative Position: LorenzVec{x=-9.96581351798113, y=0.0, z=17.87966167332717}
 }
09:41:52 `Enderman`4662262 missed {
 is already Found: false).
 Position: LorenzVec{x=-0.5, y=100.0, z=53.5}
 DistanceC: 16.87966167332717
Relative Position: LorenzVec{x=-9.96581351798113, y=0.0, z=16.87966167332717}
 }
09:41:52 `Enderman`4662263 missed {
 is already Found: false).
 Position: LorenzVec{x=-0.27083333333333337, y=100.0, z=54.91666666666667}
 DistanceC: 18.296328339993842
Relative Position: LorenzVec{x=-9.736646851314465, y=0.0, z=18.296328339993842}
 }
09:41:52 `Enderman`4662264 missed {
 is already Found: false).
 Position: LorenzVec{x=-0.5, y=100.0, z=53.5}
 DistanceC: 16.87966167332717
Relative Position: LorenzVec{x=-9.96581351798113, y=0.0, z=16.87966167332717}
 }
09:41:52 `Enderman`4662265 missed {
 is already Found: false).
 Position: LorenzVec{x=0.375, y=100.0, z=53.53125}
 DistanceC: 16.91091167332717
Relative Position: LorenzVec{x=-9.09081351798113, y=0.0, z=16.91091167332717}
 }
09:41:52 `Enderman`4662361 missed {
 is already Found: false).
 Position: LorenzVec{x=-2.40625, y=100.0, z=55.46875}
 DistanceC: 18.84841167332717
Relative Position: LorenzVec{x=-11.87206351798113, y=0.0, z=18.84841167332717}
 }
09:41:52 `Enderman`4662362 missed {
 is already Found: false).
 Position: LorenzVec{x=0.28125, y=100.0, z=56.5625}
 DistanceC: 19.94216167332717
Relative Position: LorenzVec{x=-9.18456351798113, y=0.0, z=19.94216167332717}
 }
09:41:52 `Enderman`4662363 missed {
 is already Found: false).
 Position: LorenzVec{x=-2.5, y=100.0, z=56.5}
 DistanceC: 19.87966167332717
Relative Position: LorenzVec{x=-11.96581351798113, y=0.0, z=19.87966167332717}
 }
09:41:52 `Enderman`4662364 missed {
 is already Found: false).
 Position: LorenzVec{x=-2.5625, y=100.0, z=53.07291666666667}
 DistanceC: 16.452578339993842
Relative Position: LorenzVec{x=-12.02831351798113, y=0.0, z=16.452578339993842}
 }
09:41:52 `Rabbit`4662973 missed {
 is already Found: false).
 Position: LorenzVec{x=-1.5, y=104.0, z=55.5}
 DistanceC: 21.804453336305123
Relative Position: LorenzVec{x=-10.976065339378236, y=0.5049353796701865, z=21.804453336305123}
 }
09:42:19 `Rabbit`4669984 missed {
 is already Found: false).
 Position: LorenzVec{x=-1.5, y=104.0, z=53.5}
 DistanceC: 17.00769114628298
Relative Position: LorenzVec{x=1.0973307067689109, y=4.0, z=17.00769114628298}
 }
09:42:23 `Cow`4671125 missed {
 is already Found: false).
 Position: LorenzVec{x=1.09375, y=104.0, z=57.25}
 DistanceC: 17.49061540085384
Relative Position: LorenzVec{x=2.740650511058836, y=4.0, z=17.49061540085384}
 }
09:43:44 `Blaze`4662170 missed {
 is already Found: false).
 Position: LorenzVec{x=32.0625, y=106.0, z=6.5}
 DistanceC: 16.132310715220047
Relative Position: LorenzVec{x=16.132310715220047, y=6.0, z=-9.351304588218971}
 }
09:43:44 `Blaze`4662198 missed {
 is already Found: false).
 Position: LorenzVec{x=36.125, y=106.0, z=8.5}
 DistanceC: 18.527421629449847
Relative Position: LorenzVec{x=18.527421629449847, y=0.01698264870825028, z=-3.010886174898344}
 }
09:43:45 `Blaze`4670975 missed {
 is already Found: false).
 Position: LorenzVec{x=37.03125, y=106.0, z=7.65625}
 DistanceC: 17.863718037070086
Relative Position: LorenzVec{x=17.863718037070086, y=5.0, z=1.8997653751069103}
 }
09:43:45 `Blaze`4683628 missed {
 is already Found: false).
 Position: LorenzVec{x=37.6875, y=106.0, z=8.65625}
 DistanceC: 19.879853595238316
Relative Position: LorenzVec{x=19.879853595238316, y=-0.13299365964648757, z=7.500273346065076}
 }
09:43:45 `Blaze`4700136 missed {
 is already Found: false).
 Position: LorenzVec{x=36.5, y=106.0, z=10.5}
 DistanceC: 19.210497982808363
Relative Position: LorenzVec{x=19.210497982808363, y=-0.9830173512917497, z=10.680375547710675}
 }
09:43:46 `Blaze`4686337 missed {
 is already Found: false).
 Position: LorenzVec{x=37.0, y=106.0, z=9.59375}
 DistanceC: 19.901146784682012
Relative Position: LorenzVec{x=19.901146784682012, y=-1.0993571138529603, z=10.146872812529606}
 }
09:43:46 `Blaze`4662972 missed {
 is already Found: false).
 Position: LorenzVec{x=36.5, y=106.0, z=5.78125}
 DistanceC: 19.800566238715952
Relative Position: LorenzVec{x=19.800566238715952, y=-1.0914707896525044, z=6.996483385609843}
 }
09:44:35 `§bSam `4662727 missed {
 is already Found: false).
 Position: LorenzVec{x=6.5, y=99.0, z=20.5}
 DistanceC: 13.996218853884741
Relative Position: LorenzVec{x=-8.106235042907217, y=-3.3908394946300433, z=-13.996218853884741}
 }
09:44:58 `§bSam `4662727 missed {
 is already Found: false).
 Position: LorenzVec{x=6.5, y=99.0, z=20.5}
 DistanceC: 21.415484878843955
Relative Position: LorenzVec{x=-21.415484878843955, y=-2.0, z=-18.505327695611072}
 }
10:02:57 `§bSam `4662727 missed {
 is already Found: false).
 Position: LorenzVec{x=6.5, y=99.0, z=20.5}
 DistanceC: 7.736906056423534
Relative Position: LorenzVec{x=-7.736906056423534, y=-8.773432754562364, z=-5.082147086152915}
 }
10:04:53 `§bSam `4662727 missed {
 is already Found: false).
 Position: LorenzVec{x=6.5, y=99.0, z=20.5}
 DistanceC: 1.2548285839778828
Relative Position: LorenzVec{x=-0.9177174514748803, y=-8.157525004739057, z=-1.2548285839778828}
 }
10:07:59 `§bSam `4662727 missed {
 is already Found: false).
 Position: LorenzVec{x=6.5, y=99.0, z=20.5}
 DistanceC: 13.665222892574377
Relative Position: LorenzVec{x=7.442862853067792, y=-1.0, z=-13.665222892574377}
 }
10:08:19 `§bSam `4662727 missed {
 is already Found: false).
 Position: LorenzVec{x=6.5, y=99.0, z=20.5}
 DistanceC: 10.492463883591798
Relative Position: LorenzVec{x=-5.572398930142601, y=-1.0, z=10.492463883591798}
 }
10:08:26 `Blaze`5306383 missed {
 is already Found: false).
 Position: LorenzVec{x=32.28125, y=106.0, z=7.25}
 DistanceC: 21.153626719286883
Relative Position: LorenzVec{x=21.153626719286883, y=6.0, z=10.724845561982724}
 }
10:08:27 `Blaze`5276376 missed {
 is already Found: false).
 Position: LorenzVec{x=32.5, y=106.0, z=5.15625}
 DistanceC: 21.372376719286883
Relative Position: LorenzVec{x=21.372376719286883, y=6.0, z=8.631095561982724}
 }
10:08:28 `Ghast`5321706 missed {
 is already Found: false).
 Position: LorenzVec{x=32.5, y=108.0, z=6.5}
 DistanceC: 21.372376719286883
Relative Position: LorenzVec{x=21.372376719286883, y=8.0, z=9.974845561982724}
 }
10:08:39 `§bSam `4662727 missed {
 is already Found: false).
 Position: LorenzVec{x=6.5, y=99.0, z=20.5}
 DistanceC: 10.914030453497583
Relative Position: LorenzVec{x=10.914030453497583, y=-1.0, z=-1.5230666567729365}
 }
10:11:19 `§bSam `4662727 missed {
 is already Found: false).
 Position: LorenzVec{x=6.5, y=99.0, z=20.5}
 DistanceC: 7.4840327447025885
Relative Position: LorenzVec{x=-7.4840327447025885, y=-2.020000010728836, z=-2.526072737002565}
 }
10:11:33 `§bSam `4662727 missed {
 is already Found: false).
 Position: LorenzVec{x=6.5, y=99.0, z=20.5}
 DistanceC: 3.2312507055038573
Relative Position: LorenzVec{x=-3.2312507055038573, y=-8.784303310172447, z=-1.7421960023033982}
 }
10:12:15 `§bSam `4662727 missed {
 is already Found: false).
 Position: LorenzVec{x=6.5, y=99.0, z=20.5}
 DistanceC: 8.332659555356521
Relative Position: LorenzVec{x=-8.332659555356521, y=-5.1315633992116005, z=-6.7039596031016195}
 }
10:12:27 `§bSam `4662727 missed {
 is already Found: false).
 Position: LorenzVec{x=6.5, y=99.0, z=20.5}
 DistanceC: 22.069492599794984
Relative Position: LorenzVec{x=9.199999988079071, y=-1.0, z=-22.069492599794984}
 }
10:12:41 `Cow`5411384 missed {
 is already Found: false).
 Position: LorenzVec{x=1.5, y=104.0, z=57.5}
 DistanceC: 16.925443910355924
Relative Position: LorenzVec{x=-8.761158704638783, y=4.0, z=16.925443910355924}
 }
10:12:54 `Cow`5416392 missed {
 is already Found: false).
 Position: LorenzVec{x=1.5, y=104.0, z=56.5}
 DistanceC: 15.925443910355924
Relative Position: LorenzVec{x=-8.761158704638783, y=4.0, z=15.925443910355924}
 }
10:13:34 `Cow`5431806 missed {
 is already Found: false).
 Position: LorenzVec{x=1.5, y=104.0, z=57.5}
 DistanceC: 17.91435268207563
Relative Position: LorenzVec{x=-13.268782605612689, y=4.0, z=17.91435268207563}
 }
10:14:25 `Enderman`5406363 missed {
 is already Found: false).
 Position: LorenzVec{x=-0.4375, y=100.0, z=55.9375}
 DistanceC: 21.428696613769333
Relative Position: LorenzVec{x=21.428696613769333, y=0.0, z=10.429077723521544}
 }
10:14:25 `Enderman`4795411 missed {
 is already Found: false).
 Position: LorenzVec{x=-0.25, y=100.0, z=56.375}
 DistanceC: 21.616196613769333
Relative Position: LorenzVec{x=21.616196613769333, y=0.0, z=10.866577723521544}
 }
10:14:25 `Rabbit`5409682 missed {
 is already Found: false).
 Position: LorenzVec{x=-2.34375, y=104.0, z=57.46875}
 DistanceC: 19.522446613769333
Relative Position: LorenzVec{x=19.522446613769333, y=4.0, z=11.960327723521544}
 }
10:14:26 `Rabbit`5358071 missed {
 is already Found: false).
 Position: LorenzVec{x=-0.4270833333333333, y=104.0, z=56.666666666666664}
 DistanceC: 21.439113280436
Relative Position: LorenzVec{x=21.439113280436, y=4.0, z=11.158244390188209}
 }
10:14:48 `Blaze`5436458 missed {
 is already Found: false).
 Position: LorenzVec{x=32.4375, y=106.0, z=6.75}
 DistanceC: 19.42802907236627
Relative Position: LorenzVec{x=19.42802907236627, y=6.0, z=-16.707288582709285}
 }
10:14:48 `Blaze`5395041 missed {
 is already Found: false).
 Position: LorenzVec{x=31.3125, y=106.0, z=5.71875}
 DistanceC: 18.30302907236627
Relative Position: LorenzVec{x=18.30302907236627, y=6.0, z=-17.738538582709285}
 }
10:14:48 `Blaze`5418747 missed {
 is already Found: false).
 Position: LorenzVec{x=32.0625, y=106.0, z=5.5625}
 DistanceC: 19.05302907236627
Relative Position: LorenzVec{x=19.05302907236627, y=6.0, z=-17.894788582709285}
 }
10:14:48 `Ghast`5452336 missed {
 is already Found: false).
 Position: LorenzVec{x=32.5, y=108.0, z=5.5}
 DistanceC: 19.49052907236627
Relative Position: LorenzVec{x=19.49052907236627, y=8.0, z=-17.957288582709285}
 }
10:14:48 `Blaze`5432438 missed {
 is already Found: false).
 Position: LorenzVec{x=34.54166666666667, y=106.0, z=4.5625}
 DistanceC: 21.532195739032943
Relative Position: LorenzVec{x=21.532195739032943, y=6.0, z=-18.894788582709285}
 }
10:15:02 `Blaze`5410812 missed {
 is already Found: false).
 Position: LorenzVec{x=34.75, y=106.0, z=8.40625}
 DistanceC: 21.74052907236627
Relative Position: LorenzVec{x=21.74052907236627, y=6.0, z=-15.051038582709285}
 }
10:15:03 `Blaze`5456741 missed {
 is already Found: false).
 Position: LorenzVec{x=34.75, y=106.0, z=8.75}
 DistanceC: 21.74052907236627
Relative Position: LorenzVec{x=21.74052907236627, y=6.0, z=-14.707288582709285}
 }
10:15:06 `Blaze`5448998 missed {
 is already Found: false).
 Position: LorenzVec{x=33.875, y=106.0, z=7.28125}
 DistanceC: 20.86552907236627
Relative Position: LorenzVec{x=20.86552907236627, y=6.0, z=-16.176038582709285}
 }
10:16:34 `Creeper`5494589 missed {
 is already Found: false).
 Position: LorenzVec{x=-1.5, y=99.0, z=-37.5}
 DistanceC: 21.76539289396777
Relative Position: LorenzVec{x=-0.8016168206925398, y=-2.0, z=-21.76539289396777}
 }
10:17:04 `§bSam `4662727 missed {
 is already Found: false).
 Position: LorenzVec{x=6.5, y=99.0, z=20.5}
 DistanceC: 10.898178734901496
Relative Position: LorenzVec{x=-10.898178734901496, y=-3.0, z=-6.44488156491256}
 }
10:17:24 `Cave Spider`5511722 missed {
 is already Found: false).
 Position: LorenzVec{x=-4.5, y=99.0, z=-43.5}
 DistanceC: 18.547591602110412
Relative Position: LorenzVec{x=-0.6352700602018735, y=-2.0, z=-18.547591602110412}
 }
10:17:37 `§bSam `4662727 missed {
 is already Found: false).
 Position: LorenzVec{x=6.5, y=99.0, z=20.5}
 DistanceC: 7.835875411819849
Relative Position: LorenzVec{x=-7.835875411819849, y=-4.941200039172173, z=-4.691275634693106}
 }
10:18:24 `Chicken`240 missed {
 is already Found: false).
 Position: LorenzVec{x=68.53125, y=105.0, z=32.46875}
 DistanceC: 14.897841331257595
Relative Position: LorenzVec{x=-4.479640008714156, y=29.0, z=-14.897841331257595}
 }
10:19:42 `8ej43peu3r`39 missed {
 is already Found: false).
 Position: LorenzVec{x=79.5, y=80.5, z=55.5}
 DistanceC: 13.858133034458916
Relative Position: LorenzVec{x=-13.858133034458916, y=4.5, z=13.76164164886346}
 }
10:19:50 `l7zp16h2eh`36 missed {
 is already Found: false).
 Position: LorenzVec{x=49.5, y=81.0, z=50.5}
 DistanceC: 19.793937139729934
Relative Position: LorenzVec{x=-0.2675351338798464, y=4.0, z=-19.793937139729934}
 }
10:19:54 `qo9k170cmb`37 missed {
 is already Found: false).
 Position: LorenzVec{x=36.5, y=79.0, z=75.5}
 DistanceC: 3.47620802986782
Relative Position: LorenzVec{x=-1.5450766817188395, y=0.2336320060424839, z=-3.47620802986782}
 }
10:20:01 `1n9f19udv3`38 missed {
 is already Found: false).
 Position: LorenzVec{x=80.5, y=78.5, z=110.5}
 DistanceC: 12.850931430383511
Relative Position: LorenzVec{x=-12.850931430383511, y=5.5, z=6.92648987681207}
 }
10:20:05 `caim40w78h`40 missed {
 is already Found: false).
 Position: LorenzVec{x=80.5, y=79.0, z=72.5}
 DistanceC: 11.231618051338401
Relative Position: LorenzVec{x=-5.966051836616344, y=3.0, z=-11.231618051338401}
 }
10:20:13 `8ej43peu3r`39 missed {
 is already Found: false).
 Position: LorenzVec{x=79.5, y=80.5, z=55.5}
 DistanceC: 10.872815151160395
Relative Position: LorenzVec{x=-3.161242739853691, y=4.5, z=10.872815151160395}
 }
10:20:45 `caim40w78h`40 missed {
 is already Found: false).
 Position: LorenzVec{x=80.5, y=79.0, z=72.5}
 DistanceC: 13.53019089762158
Relative Position: LorenzVec{x=-4.4517850587129715, y=3.0, z=-13.53019089762158}
 }
10:20:53 `1n9f19udv3`38 missed {
 is already Found: false).
 Position: LorenzVec{x=80.5, y=78.5, z=110.5}
 DistanceC: 5.815448260518437
Relative Position: LorenzVec{x=-5.815448260518437, y=5.5, z=5.1444692780329575}
 }
10:21:12 `qo9k170cmb`37 missed {
 is already Found: false).
 Position: LorenzVec{x=36.5, y=79.0, z=75.5}
 DistanceC: 1.7107197036842052
Relative Position: LorenzVec{x=-1.332225290211099, y=0.0, z=-1.7107197036842052}
 }
10:21:18 `l7zp16h2eh`36 missed {
 is already Found: false).
 Position: LorenzVec{x=49.5, y=81.0, z=50.5}
 DistanceC: 22.7222600679699
Relative Position: LorenzVec{x=-22.7222600679699, y=2.0, z=16.71913463359639}
 }
10:21:24 `8ej43peu3r`39 missed {
 is already Found: false).
 Position: LorenzVec{x=79.5, y=80.5, z=55.5}
 DistanceC: 9.288560447687956
Relative Position: LorenzVec{x=9.288560447687956, y=4.5, z=7.967263495944842}
 }
10:21:32 `caim40w78h`40 missed {
 is already Found: false).
 Position: LorenzVec{x=80.5, y=79.0, z=72.5}
 DistanceC: 19.16674377682793
Relative Position: LorenzVec{x=-19.16674377682793, y=2.0, z=5.310979602781956}
 }
10:21:45 `qo9k170cmb`37 missed {
 is already Found: false).
 Position: LorenzVec{x=36.5, y=79.0, z=75.5}
 DistanceC: 17.00452792970311
Relative Position: LorenzVec{x=-13.45514156349445, y=3.0784000015258783, z=17.00452792970311}
 }
10:21:48 `l7zp16h2eh`36 missed {
 is already Found: false).
 Position: LorenzVec{x=49.5, y=81.0, z=50.5}
 DistanceC: 10.571489273483081
Relative Position: LorenzVec{x=-6.917413089618151, y=3.0, z=10.571489273483081}
 }
10:21:59 `8ej43peu3r`39 missed {
 is already Found: false).
 Position: LorenzVec{x=79.5, y=80.5, z=55.5}
 DistanceC: 16.288917537656786
Relative Position: LorenzVec{x=-13.547151496123092, y=5.5, z=-16.288917537656786}
 }
10:22:02 `caim40w78h`40 missed {
 is already Found: false).
 Position: LorenzVec{x=80.5, y=79.0, z=72.5}
 DistanceC: 15.760737878854783
Relative Position: LorenzVec{x=-15.760737878854783, y=3.5, z=-13.37371902845446}
 }
10:22:12 `qo9k170cmb`37 missed {
 is already Found: false).
 Position: LorenzVec{x=36.5, y=79.0, z=75.5}
 DistanceC: 16.422832091128832
Relative Position: LorenzVec{x=-16.422832091128832, y=2.0, z=1.1261497139129233}
 }
10:22:16 `l7zp16h2eh`36 missed {
 is already Found: false).
 Position: LorenzVec{x=49.5, y=81.0, z=50.5}
 DistanceC: 4.463811955430479
Relative Position: LorenzVec{x=4.463811955430479, y=5.0, z=-2.6957603575149705}
 }
10:22:32 `8ej43peu3r`39 missed {
 is already Found: false).
 Position: LorenzVec{x=79.5, y=80.5, z=55.5}
 DistanceC: 9.346903606704892
Relative Position: LorenzVec{x=-3.135341398776319, y=4.5, z=9.346903606704892}
 }
10:22:37 `caim40w78h`40 missed {
 is already Found: false).
 Position: LorenzVec{x=80.5, y=79.0, z=72.5}
 DistanceC: 12.879710174698708
Relative Position: LorenzVec{x=-11.739556280887157, y=4.0, z=12.879710174698708}
 }
10:22:47 `1n9f19udv3`38 missed {
 is already Found: false).
 Position: LorenzVec{x=80.5, y=78.5, z=110.5}
 DistanceC: 5.294778785440371
Relative Position: LorenzVec{x=-1.0629898674545757, y=5.5, z=5.294778785440371}
 }
10:23:04 `qo9k170cmb`37 missed {
 is already Found: false).
 Position: LorenzVec{x=36.5, y=79.0, z=75.5}
 DistanceC: 2.0370586033934472
Relative Position: LorenzVec{x=1.0762823157708041, y=0.0, z=2.0370586033934472}
 }
10:23:12 `l7zp16h2eh`36 missed {
 is already Found: false).
 Position: LorenzVec{x=49.5, y=81.0, z=50.5}
 DistanceC: 5.507336534086775
Relative Position: LorenzVec{x=5.507336534086775, y=5.0, z=-3.1327531001238924}
 }
10:23:27 `8ej43peu3r`39 missed {
 is already Found: false).
 Position: LorenzVec{x=79.5, y=80.5, z=55.5}
 DistanceC: 23.367936210344247
Relative Position: LorenzVec{x=-6.157411301950361, y=5.5, z=23.367936210344247}
 }
10:23:44 `caim40w78h`40 missed {
 is already Found: false).
 Position: LorenzVec{x=80.5, y=79.0, z=72.5}
 DistanceC: 15.61250381021408
Relative Position: LorenzVec{x=-0.4122661026408423, y=4.0, z=15.61250381021408}
 }
10:23:56 `1n9f19udv3`38 missed {
 is already Found: false).
 Position: LorenzVec{x=80.5, y=78.5, z=110.5}
 DistanceC: 6.037770137508943
Relative Position: LorenzVec{x=6.037770137508943, y=5.0, z=5.422539411760511}
 }
10:24:24 `qo9k170cmb`37 missed {
 is already Found: false).
 Position: LorenzVec{x=36.5, y=79.0, z=75.5}
 DistanceC: 4.934240065322314
Relative Position: LorenzVec{x=-4.934240065322314, y=1.0, z=-2.5678275687479015}
 }
10:24:30 `l7zp16h2eh`36 missed {
 is already Found: false).
 Position: LorenzVec{x=49.5, y=81.0, z=50.5}
 DistanceC: 3.652015989605559
Relative Position: LorenzVec{x=1.9939011265430366, y=5.0, z=-3.652015989605559}
 }
10:24:43 `8ej43peu3r`39 missed {
 is already Found: false).
 Position: LorenzVec{x=79.5, y=80.5, z=55.5}
 DistanceC: 5.407837395328173
Relative Position: LorenzVec{x=-5.407837395328173, y=4.733632006042484, z=4.008493529226001}
 }
10:24:48 `caim40w78h`40 missed {
 is already Found: false).
 Position: LorenzVec{x=80.5, y=79.0, z=72.5}
 DistanceC: 9.844062508086893
Relative Position: LorenzVec{x=-9.844062508086893, y=4.0, z=-0.7039293366509156}
 }
10:24:56 `1n9f19udv3`38 missed {
 is already Found: false).
 Position: LorenzVec{x=80.5, y=78.5, z=110.5}
 DistanceC: 12.859609048998337
Relative Position: LorenzVec{x=12.769711292090108, y=4.0, z=12.859609048998337}
 }
10:25:12 `qo9k170cmb`37 missed {
 is already Found: false).
 Position: LorenzVec{x=36.5, y=79.0, z=75.5}
 DistanceC: 4.68756331289471
Relative Position: LorenzVec{x=-4.68756331289471, y=1.0, z=-1.8833118672380067}
 }
10:25:16 `l7zp16h2eh`36 missed {
 is already Found: false).
 Position: LorenzVec{x=49.5, y=81.0, z=50.5}
 DistanceC: 3.6501851016694573
Relative Position: LorenzVec{x=-2.4877272165167668, y=6.0, z=-3.6501851016694573}
 }
10:25:23 `8ej43peu3r`39 missed {
 is already Found: false).
 Position: LorenzVec{x=79.5, y=80.5, z=55.5}
 DistanceC: 12.636230261959035
Relative Position: LorenzVec{x=4.8381359084919495, y=4.5, z=12.636230261959035}
 }
10:25:57 `caim40w78h`40 missed {
 is already Found: false).
 Position: LorenzVec{x=80.5, y=79.0, z=72.5}
 DistanceC: 16.347691924030244
Relative Position: LorenzVec{x=16.347691924030244, y=2.0, z=-5.60138955565634}
 }
10:26:09 `Villager`180 missed {
 is already Found: false).
 Position: LorenzVec{x=18.5, y=76.0, z=31.5}
 DistanceC: 14.0
Relative Position: LorenzVec{x=-1.0, y=-22.0, z=-14.0}
 }
10:27:07 `rjl32r0606`2 missed {
 is already Found: false).
 Position: LorenzVec{x=-16.5, y=76.0, z=63.5}
 DistanceC: 23.097112744955837
Relative Position: LorenzVec{x=23.097112744955837, y=-13.0, z=-8.23007705489988}
 }
10:27:50 `Zombie`1824 missed {
 is already Found: false).
 Position: LorenzVec{x=0.25, y=79.0625, z=-9.8125}
 DistanceC: 21.694276183935678
Relative Position: LorenzVec{x=-18.40295572474398, y=-1.6383323692605813, z=-21.694276183935678}
 }
10:28:00 `sb8mxlo611`41 missed {
 is already Found: false).
 Position: LorenzVec{x=-10.5, y=76.0, z=93.5}
 DistanceC: 5.976835702331186
Relative Position: LorenzVec{x=1.8878352382809922, y=0.0, z=-5.976835702331186}
 }
10:28:00 `ltjhc52crs`45 missed {
 is already Found: false).
 Position: LorenzVec{x=-1.5, y=76.0, z=92.5}
 DistanceC: 10.887835238280992
Relative Position: LorenzVec{x=10.887835238280992, y=0.0, z=-6.976835702331186}
 }
10:28:01 `Snow Golem`184 missed {
 is already Found: false).
 Position: LorenzVec{x=6.5, y=76.0, z=95.5}
 DistanceC: 5.234324642706113
Relative Position: LorenzVec{x=2.981019246661729, y=0.0, z=5.234324642706113}
 }
10:29:05 `3rntlh8257`44 missed {
 is already Found: false).
 Position: LorenzVec{x=-74.5, y=74.0, z=-6.5}
 DistanceC: 22.01663331191712
Relative Position: LorenzVec{x=-22.01663331191712, y=-20.0, z=10.068225816826196}
 }
10:29:39 `9hd49655ru`521 missed {
 is already Found: false).
 Position: LorenzVec{x=-62.5, y=77.0, z=84.5}
 DistanceC: 1.800000011920929
Relative Position: LorenzVec{x=-0.8717392387485248, y=1.0, z=1.800000011920929}
 }
10:30:12 `Zombie`2435 missed {
 is already Found: false).
 Position: LorenzVec{x=-6.020833333333334, y=84.0, z=-23.572916666666664}
 DistanceC: 16.551341840866677
Relative Position: LorenzVec{x=-1.0093367567002414, y=-5.231523797587016, z=16.551341840866677}
 }
10:31:02 `Villager`180 missed {
 is already Found: false).
 Position: LorenzVec{x=18.5, y=76.0, z=31.5}
 DistanceC: 18.0
Relative Position: LorenzVec{x=0.0, y=-21.231523797587016, z=-18.0}
 }
10:31:14 `lt1vl23maj`36 missed {
 is already Found: false).
 Position: LorenzVec{x=49.5, y=81.0, z=50.5}
 DistanceC: 23.338244622433564
Relative Position: LorenzVec{x=23.338244622433564, y=-12.0, z=16.914253935759426}
 }
10:31:14 `24jstv0xaf`43 missed {
 is already Found: false).
 Position: LorenzVec{x=20.5, y=77.0, z=44.5}
 DistanceC: 10.914253935759426
Relative Position: LorenzVec{x=-5.661755377566436, y=-16.0, z=10.914253935759426}
 }
10:31:42 `Zombie`2435 missed {
 is already Found: false).
 Position: LorenzVec{x=10.15625, y=86.0, z=-30.875}
 DistanceC: 11.368401430400645
Relative Position: LorenzVec{x=-6.979619285931069, y=-12.501533884405319, z=11.368401430400645}
 }
10:32:51 `Zombie`2435 missed {
 is already Found: false).
 Position: LorenzVec{x=5.1875, y=89.625, z=-29.736111111111114}
 DistanceC: 4.785990310861527
Relative Position: LorenzVec{x=4.785990310861527, y=1.625, z=0.894088248014171}
 }
10:33:45 `Chicken`7670 missed {
 is already Found: false).
 Position: LorenzVec{x=15.4375, y=113.6875, z=-19.625}
 DistanceC: 11.80904664999601
Relative Position: LorenzVec{x=11.80904664999601, y=25.6875, z=5.2087974052796255}
 }
10:34:14 `Giant`7689 missed {
 is already Found: false).
 Position: LorenzVec{x=-56.75, y=118.40625, z=-0.5625}
 DistanceC: 10.106975595883284
Relative Position: LorenzVec{x=-10.106975595883284, y=34.40625, z=4.4749721180236826}
 }
10:34:14 `Giant`7687 missed {
 is already Found: false).
 Position: LorenzVec{x=-58.5625, y=119.03125, z=1.625}
 DistanceC: 11.919475595883284
Relative Position: LorenzVec{x=-11.919475595883284, y=35.03125, z=6.6624721180236826}
 }
10:34:15 `Giant`7688 missed {
 is already Found: false).
 Position: LorenzVec{x=-63.07291666666667, y=119.10416666666666, z=-1.6354166666666665}
 DistanceC: 16.429892262549956
Relative Position: LorenzVec{x=-16.429892262549956, y=35.10416666666666, z=3.402055451357016}
 }
10:35:19 `24jstv0xaf`43 missed {
 is already Found: false).
 Position: LorenzVec{x=20.5, y=77.0, z=44.5}
 DistanceC: 13.143640367776513
Relative Position: LorenzVec{x=10.308695577550463, y=-4.773432754562364, z=-13.143640367776513}
 }
10:35:27 `c52pm22oxl`2 missed {
 is already Found: false).
 Position: LorenzVec{x=-16.5, y=76.0, z=63.5}
 DistanceC: 13.0
Relative Position: LorenzVec{x=2.0, y=-19.0, z=13.0}
 }
10:36:03 `c52pm22oxl`2 missed {
 is already Found: false).
 Position: LorenzVec{x=-16.5, y=76.0, z=63.5}
 DistanceC: 14.054514253147673
Relative Position: LorenzVec{x=3.2713695474367874, y=-19.0, z=14.054514253147673}
 }
10:36:28 `c52pm22oxl`2 missed {
 is already Found: false).
 Position: LorenzVec{x=-16.5, y=76.0, z=63.5}
 DistanceC: 12.53970953521749
Relative Position: LorenzVec{x=1.7931765101453045, y=-19.0, z=12.53970953521749}
 }
10:36:41 `Zombie`18326 missed {
 is already Found: false).
 Position: LorenzVec{x=3.083333333333333, y=78.0, z=-4.739583333333334}
 DistanceC: 18.348721638119763
Relative Position: LorenzVec{x=15.149957417557605, y=-14.134970081856068, z=18.348721638119763}
 }
10:37:00 `Zombie`24078 missed {
 is already Found: false).
 Position: LorenzVec{x=2.8125, y=76.0, z=13.125}
 DistanceC: 9.928646585055237
Relative Position: LorenzVec{x=4.821488613396059, y=-5.784303310172447, z=9.928646585055237}
 }
10:37:28 `24jstv0xaf`43 missed {
 is already Found: false).
 Position: LorenzVec{x=20.5, y=77.0, z=44.5}
 DistanceC: 20.91974995808845
Relative Position: LorenzVec{x=20.91974995808845, y=0.875, z=18.998601241626957}
 }
10:37:36 `Zombie`19526 missed {
 is already Found: false).
 Position: LorenzVec{x=23.65625, y=82.0, z=7.25}
 DistanceC: 19.943252550743736
Relative Position: LorenzVec{x=19.259854439705435, y=6.0, z=-19.943252550743736}
 }
10:38:09 `Villager`176 missed {
 is already Found: false).
 Position: LorenzVec{x=-32.84375, y=76.0, z=77.4375}
 DistanceC: 3.9739524642459187
Relative Position: LorenzVec{x=-3.9739524642459187, y=0.0, z=-3.1452712035686687}
 }
10:38:11 `c52pm22oxl`2 missed {
 is already Found: false).
 Position: LorenzVec{x=-16.5, y=76.0, z=63.5}
 DistanceC: 15.337151139310905
Relative Position: LorenzVec{x=0.8057962315113159, y=0.0, z=-15.337151139310905}
 }
10:38:29 `c52pm22oxl`2 missed {
 is already Found: false).
 Position: LorenzVec{x=-16.5, y=76.0, z=63.5}
 DistanceC: 1.7690520635650397
Relative Position: LorenzVec{x=-1.7690520635650397, y=-0.0625, z=-0.0034135199865943378}
 }
10:41:06 `Villager`179 missed {
 is already Found: false).
 Position: LorenzVec{x=-13.75, y=76.0, z=49.625}
 DistanceC: 22.68368053888885
Relative Position: LorenzVec{x=7.55227427144683, y=-8.0, z=22.68368053888885}
 }
10:42:32 `c52pm22oxl`2 missed {
 is already Found: false).
 Position: LorenzVec{x=-16.5, y=76.0, z=63.5}
 DistanceC: 21.930752637978436
Relative Position: LorenzVec{x=1.1393945708976396, y=-8.5, z=21.930752637978436}
 }
10:43:14 `c52pm22oxl`2 missed {
 is already Found: false).
 Position: LorenzVec{x=-16.5, y=76.0, z=63.5}
 DistanceC: 13.987676042690474
Relative Position: LorenzVec{x=13.987676042690474, y=-2.0, z=9.91356919823805}
 }
10:43:27 `44pmxg1njt`1 missed {
 is already Found: false).
 Position: LorenzVec{x=16.5, y=62.0, z=-30.5}
 DistanceC: 21.227932963748685
Relative Position: LorenzVec{x=13.399931775050781, y=-16.0, z=-21.227932963748685}
 }
10:43:40 `Zombie`18326 missed {
 is already Found: false).
 Position: LorenzVec{x=5.125, y=88.0, z=-31.84375}
 DistanceC: 16.490512047956376
Relative Position: LorenzVec{x=16.490512047956376, y=3.233632006042484, z=-8.538647501355488}
 }
10:44:32 `Zombie`18326 missed {
 is already Found: false).
 Position: LorenzVec{x=5.125, y=88.0, z=-31.84375}
 DistanceC: 18.561725167730348
Relative Position: LorenzVec{x=-18.561725167730348, y=1.0, z=-1.5060077074489584}
 }
10:49:19 `44pmxg1njt`1 missed {
 is already Found: false).
 Position: LorenzVec{x=16.5, y=62.0, z=-30.5}
 DistanceC: 13.800000011920922
Relative Position: LorenzVec{x=12.720634093836694, y=-19.0, z=-13.800000011920922}
 }
10:49:43 `Zombie`42034 missed {
 is already Found: false).
 Position: LorenzVec{x=3.4375, y=76.90625, z=7.46875}
 DistanceC: 9.499189715431818
Relative Position: LorenzVec{x=9.499189715431818, y=0.78125, z=-0.14921356993422563}
 }
10:49:56 `24jstv0xaf`43 missed {
 is already Found: false).
 Position: LorenzVec{x=20.5, y=77.0, z=44.5}
 DistanceC: 13.445405560391674
Relative Position: LorenzVec{x=13.445405560391674, y=1.0, z=10.845738140328763}
 }
10:49:56 `Zombie`35708 missed {
 is already Found: false).
 Position: LorenzVec{x=18.71875, y=92.125, z=31.65625}
 DistanceC: 11.664155560391674
Relative Position: LorenzVec{x=11.664155560391674, y=16.125, z=-1.9980118596712373}
 }
10:50:07 `c52pm22oxl`2 missed {
 is already Found: false).
 Position: LorenzVec{x=-16.5, y=76.0, z=63.5}
 DistanceC: 13.161523658463118
Relative Position: LorenzVec{x=-9.768215193738634, y=0.0, z=13.161523658463118}
 }
10:50:36 `Zombie`18326 missed {
 is already Found: false).
 Position: LorenzVec{x=-10.96875, y=76.0, z=83.34375}
 DistanceC: 3.90863904633747
Relative Position: LorenzVec{x=1.029758285448949, y=0.0, z=3.90863904633747}
 }
10:50:48 `Zombie`42034 missed {
 is already Found: false).
 Position: LorenzVec{x=-14.1875, y=76.0625, z=63.96875}
 DistanceC: 11.71785728130319
Relative Position: LorenzVec{x=-11.71785728130319, y=0.0625, z=3.438774739463483}
 }
10:51:27 `Zombie`18326 missed {
 is already Found: false).
 Position: LorenzVec{x=9.6875, y=77.69791666666667, z=9.53125}
 DistanceC: 19.14036615285452
Relative Position: LorenzVec{x=2.5793850716134568, y=1.6979166666666714, z=-19.14036615285452}
 }
10:55:41 `tv5mj5275d`46 missed {
 is already Found: false).
 Position: LorenzVec{x=53.5, y=103.0, z=56.5}
 DistanceC: 12.931364890693523
Relative Position: LorenzVec{x=-8.03623163786149, y=3.0, z=12.931364890693523}
 }
10:55:41 `7da7w7tk6a`7 missed {
 is already Found: false).
 Position: LorenzVec{x=68.5, y=105.0, z=33.5}
 DistanceC: 4.800000011920943
Relative Position: LorenzVec{x=4.640010521240221, y=2.5, z=-4.800000011920943}
 }
10:55:42 `Chicken`240 missed {
 is already Found: false).
 Position: LorenzVec{x=69.5625, y=105.0, z=31.625}
 DistanceC: 3.929110342040161
Relative Position: LorenzVec{x=-1.0930961696173966, y=0.7684762024129839, z=3.929110342040161}
 }
10:56:29 `Zombie`55101 missed {
 is already Found: false).
 Position: LorenzVec{x=-2.40625, y=87.15625, z=-28.53125}
 DistanceC: 21.967204071397656
Relative Position: LorenzVec{x=18.23421885654704, y=2.924726202412984, z=-21.967204071397656}
 }
10:56:54 `Zombie`55101 missed {
 is already Found: false).
 Position: LorenzVec{x=-2.78125, y=86.0, z=-27.1875}
 DistanceC: 11.420929534449389
Relative Position: LorenzVec{x=-11.420929534449389, y=-1.0, z=3.597119210884724}
 }
10:56:54 `Zombie`55109 missed {
 is already Found: false).
 Position: LorenzVec{x=12.84375, y=87.75, z=-33.0}
 DistanceC: 5.671840071678162
Relative Position: LorenzVec{x=5.671840071678162, y=0.75, z=-4.400666846954845}
 }
10:57:02 `Zombie`35708 missed {
 is already Found: false).
 Position: LorenzVec{x=35.21875, y=96.125, z=5.96875}
 DistanceC: 17.01061057971137
Relative Position: LorenzVec{x=-1.5687972031940163, y=9.359423916908739, z=17.01061057971137}
 }
10:57:25 `44pmxg1njt`1 missed {
 is already Found: false).
 Position: LorenzVec{x=16.5, y=62.0, z=-30.5}
 DistanceC: 22.1519602986329
Relative Position: LorenzVec{x=22.1519602986329, y=-16.0, z=-21.790896177947694}
 }
10:59:34 `Villager`179 missed {
 is already Found: false).
 Position: LorenzVec{x=-13.75, y=76.0, z=49.625}
 DistanceC: 12.190287508593117
Relative Position: LorenzVec{x=-12.190287508593117, y=0.0, z=-1.630886889400287}
 }
10:59:49 `Zombie`55109 missed {
 is already Found: false).
 Position: LorenzVec{x=3.15625, y=88.0, z=-24.125}
 DistanceC: 19.970181739673748
Relative Position: LorenzVec{x=1.5117365200291855, y=10.0, z=-19.970181739673748}
 }
10:59:50 `Zombie`55101 missed {
 is already Found: false).
 Position: LorenzVec{x=0.5625, y=88.0, z=-26.28125}
 DistanceC: 15.438943250723069
Relative Position: LorenzVec{x=-1.256067422677949, y=10.0, z=-15.438943250723069}
 }
11:00:25 `24jstv0xaf`43 missed {
 is already Found: false).
 Position: LorenzVec{x=20.5, y=77.0, z=44.5}
 DistanceC: 14.05283836769646
Relative Position: LorenzVec{x=11.758890943146444, y=1.0, z=14.05283836769646}
 }
11:01:49 `tv5mj5275d`46 missed {
 is already Found: false).
 Position: LorenzVec{x=53.5, y=103.0, z=56.5}
 DistanceC: 7.3074248949708505
Relative Position: LorenzVec{x=2.9218525347449713, y=-10.501964197431263, z=7.3074248949708505}
 }
11:01:50 `Chicken`240 missed {
 is already Found: false).
 Position: LorenzVec{x=68.5625, y=105.0, z=32.46875}
 DistanceC: 9.47474562443908
Relative Position: LorenzVec{x=9.47474562443908, y=-3.9366549461529985, z=-4.4964545257727835}
 }
11:03:40 `Zombie`18326 missed {
 is already Found: false).
 Position: LorenzVec{x=11.46875, y=82.0, z=1.8125}
 DistanceC: 17.16386647084287
Relative Position: LorenzVec{x=6.553970387732483, y=-2.1349700818560677, z=17.16386647084287}
 }
11:04:09 `Chicken`240 missed {
 is already Found: false).
 Position: LorenzVec{x=68.5625, y=105.0, z=32.5625}
 DistanceC: 6.078497539663161
Relative Position: LorenzVec{x=6.078497539663161, y=28.0, z=-5.03660114843052}
 }
11:04:46 `Chicken`240 missed {
 is already Found: false).
 Position: LorenzVec{x=68.5625, y=105.0, z=32.5625}
 DistanceC: 3.628544755231168
Relative Position: LorenzVec{x=3.1525225584531995, y=1.0, z=-3.628544755231168}
 }
11:05:08 `24jstv0xaf`43 missed {
 is already Found: false).
 Position: LorenzVec{x=20.5, y=77.0, z=44.5}
 DistanceC: 23.504472614772833
Relative Position: LorenzVec{x=23.504472614772833, y=1.0, z=-2.5138879934434897}
 }
11:05:36 `Villager`176 missed {
 is already Found: false).
 Position: LorenzVec{x=-41.3125, y=76.0, z=78.46875}
 DistanceC: 20.362872855412718
Relative Position: LorenzVec{x=-13.457728785566509, y=-13.25, z=-20.362872855412718}
 }
11:06:41 `Zombie`18326 missed {
 is already Found: false).
 Position: LorenzVec{x=18.53125, y=81.0, z=-0.1875}
 DistanceC: 19.685705195637805
Relative Position: LorenzVec{x=3.9218227404712334, y=4.0, z=-19.685705195637805}
 }
11:07:04 `Enderman`1151323 missed {
 is already Found: false).
 Position: LorenzVec{x=-2.5520833333333335, y=100.0, z=55.927083333333336}
 DistanceC: 15.845727037759417
Relative Position: LorenzVec{x=3.5235823551459657, y=0.0, z=15.845727037759417}
 }
11:07:05 `Enderman`1151321 missed {
 is already Found: false).
 Position: LorenzVec{x=-0.28125, y=100.0, z=55.78125}
 DistanceC: 15.699893704426081
Relative Position: LorenzVec{x=5.794415688479299, y=0.0, z=15.699893704426081}
 }
11:07:05 `Enderman`1151387 missed {
 is already Found: false).
 Position: LorenzVec{x=1.5, y=100.0, z=56.5}
 DistanceC: 16.41864370442608
Relative Position: LorenzVec{x=7.575665688479299, y=0.0, z=16.41864370442608}
 }
11:07:05 `Enderman`1151388 missed {
 is already Found: false).
 Position: LorenzVec{x=-1.4375, y=100.0, z=57.0625}
 DistanceC: 16.98114370442608
Relative Position: LorenzVec{x=4.638165688479299, y=0.0, z=16.98114370442608}
 }
11:07:05 `Enderman`1151386 missed {
 is already Found: false).
 Position: LorenzVec{x=0.71875, y=100.0, z=55.875}
 DistanceC: 15.793643704426081
Relative Position: LorenzVec{x=6.794415688479299, y=0.0, z=15.793643704426081}
 }
11:07:06 `Chicken`1152043 missed {
 is already Found: false).
 Position: LorenzVec{x=0.5, y=104.875, z=55.5}
 DistanceC: 15.418643704426081
Relative Position: LorenzVec{x=6.575665688479299, y=4.875, z=15.418643704426081}
 }
11:08:00 `Blaze`1151466 missed {
 is already Found: false).
 Position: LorenzVec{x=34.40625, y=106.0, z=8.75}
 DistanceC: 20.291756774657348
Relative Position: LorenzVec{x=20.291756774657348, y=6.0, z=-14.589134417268646}
 }
11:08:01 `Blaze`1152770 missed {
 is already Found: false).
 Position: LorenzVec{x=35.125, y=106.0, z=4.59375}
 DistanceC: 21.010506774657348
Relative Position: LorenzVec{x=21.010506774657348, y=6.0, z=-18.745384417268646}
 }
11:08:02 `Blaze`1151467 missed {
 is already Found: false).
 Position: LorenzVec{x=35.0, y=106.0, z=8.4375}
 DistanceC: 20.885506774657348
Relative Position: LorenzVec{x=20.885506774657348, y=6.0, z=-14.901634417268646}
 }
11:08:16 `Blaze`1151329 missed {
 is already Found: false).
 Position: LorenzVec{x=35.09375, y=106.0, z=5.0}
 DistanceC: 20.979256774657348
Relative Position: LorenzVec{x=20.979256774657348, y=6.0, z=-18.339134417268646}
 }
11:08:25 `Blaze`1170193 missed {
 is already Found: false).
 Position: LorenzVec{x=35.71875, y=106.0, z=11.5}
 DistanceC: 21.604256774657348
Relative Position: LorenzVec{x=21.604256774657348, y=6.0, z=-11.839134417268646}
 }
11:08:27 `Blaze`1160359 missed {
 is already Found: false).
 Position: LorenzVec{x=36.0, y=106.0, z=5.5625}
 DistanceC: 21.885506774657348
Relative Position: LorenzVec{x=21.885506774657348, y=6.0, z=-17.776634417268646}
 }
11:08:29 `Ghast`1172180 missed {
 is already Found: false).
 Position: LorenzVec{x=33.5, y=108.0, z=5.5}
 DistanceC: 19.385506774657348
Relative Position: LorenzVec{x=19.385506774657348, y=8.0, z=-17.839134417268646}
 }
11:09:19 `§bSam `1151723 missed {
 is already Found: false).
 Position: LorenzVec{x=6.5, y=99.0, z=20.5}
 DistanceC: 4.977390732084206
Relative Position: LorenzVec{x=-4.977390732084206, y=-7.676932213130129, z=-2.939756078152996}
 }
11:10:12 `Blaze`1170193 missed {
 is already Found: false).
 Position: LorenzVec{x=37.78125, y=106.0, z=11.0625}
 DistanceC: 19.169755602073593
Relative Position: LorenzVec{x=19.169755602073593, y=4.0, z=-18.536369412940783}
 }
11:10:13 `Blaze`1178961 missed {
 is already Found: false).
 Position: LorenzVec{x=35.15625, y=106.0, z=11.34375}
 DistanceC: 18.255119412940783
Relative Position: LorenzVec{x=16.544755602073593, y=4.0, z=-18.255119412940783}
 }
11:10:13 `Blaze`1170194 missed {
 is already Found: false).
 Position: LorenzVec{x=38.90625, y=106.875, z=9.59375}
 DistanceC: 20.294755602073593
Relative Position: LorenzVec{x=20.294755602073593, y=4.875, z=-20.005119412940783}
 }
11:10:13 `Blaze`1160358 missed {
 is already Found: false).
 Position: LorenzVec{x=39.25, y=106.0, z=9.6875}
 DistanceC: 20.638505602073593
Relative Position: LorenzVec{x=20.638505602073593, y=4.0, z=-19.911369412940783}
 }
11:10:13 `Blaze`1161967 missed {
 is already Found: false).
 Position: LorenzVec{x=39.65625, y=106.0, z=9.375}
 DistanceC: 21.044755602073593
Relative Position: LorenzVec{x=21.044755602073593, y=4.0, z=-20.223869412940783}
 }
11:10:13 `Blaze`1189916 missed {
 is already Found: false).
 Position: LorenzVec{x=39.5, y=106.0, z=11.5}
 DistanceC: 20.888505602073593
Relative Position: LorenzVec{x=20.888505602073593, y=4.0, z=-18.098869412940783}
 }
11:10:13 `Blaze`1160357 missed {
 is already Found: false).
 Position: LorenzVec{x=39.9375, y=106.0, z=10.0}
 DistanceC: 21.326005602073593
Relative Position: LorenzVec{x=21.326005602073593, y=4.0, z=-19.598869412940783}
 }
11:10:13 `Blaze`1170919 missed {
 is already Found: false).
 Position: LorenzVec{x=35.375, y=106.0, z=8.6875}
 DistanceC: 20.911369412940783
Relative Position: LorenzVec{x=16.763505602073593, y=4.0, z=-20.911369412940783}
 }
11:10:13 `Blaze`1189917 missed {
 is already Found: false).
 Position: LorenzVec{x=38.75, y=106.0, z=8.5}
 DistanceC: 21.098869412940783
Relative Position: LorenzVec{x=20.138505602073593, y=4.0, z=-21.098869412940783}
 }
11:10:13 `Blaze`1195599 missed {
 is already Found: false).
 Position: LorenzVec{x=38.625, y=106.15625, z=8.46875}
 DistanceC: 21.130119412940783
Relative Position: LorenzVec{x=20.013505602073593, y=4.15625, z=-21.130119412940783}
 }
11:10:14 `Blaze`1174413 missed {
 is already Found: false).
 Position: LorenzVec{x=40.5, y=106.0, z=9.6875}
 DistanceC: 21.888505602073593
Relative Position: LorenzVec{x=21.888505602073593, y=4.0, z=-19.911369412940783}
 }
11:10:14 `Blaze`1178963 missed {
 is already Found: false).
 Position: LorenzVec{x=40.25, y=106.0, z=9.0625}
 DistanceC: 21.638505602073593
Relative Position: LorenzVec{x=21.638505602073593, y=4.0, z=-20.536369412940783}
 }
11:10:28 `Blaze`1198155 missed {
 is already Found: false).
 Position: LorenzVec{x=38.5, y=106.875, z=9.5}
 DistanceC: 20.098869412940783
Relative Position: LorenzVec{x=19.888505602073593, y=4.875, z=-20.098869412940783}
 }
11:10:28 `Blaze`1198156 missed {
 is already Found: false).
 Position: LorenzVec{x=36.75, y=106.0, z=8.53125}
 DistanceC: 21.067619412940783
Relative Position: LorenzVec{x=18.138505602073593, y=4.0, z=-21.067619412940783}
 }
11:10:56 `Chicken`1202453 missed {
 is already Found: false).
 Position: LorenzVec{x=-2.5, y=104.0, z=54.5}
 DistanceC: 15.705934125870904
Relative Position: LorenzVec{x=-15.426917084171134, y=4.0, z=15.705934125870904}
 }
11:10:57 `Cow`1202684 missed {
 is already Found: false).
 Position: LorenzVec{x=-0.1875, y=104.0, z=57.625}
 DistanceC: 18.830934125870904
Relative Position: LorenzVec{x=-13.114417084171134, y=4.0, z=18.830934125870904}
 }
11:12:01 `§bSam `1151723 missed {
 is already Found: false).
 Position: LorenzVec{x=6.5, y=99.0, z=20.5}
 DistanceC: 22.58242294398862
Relative Position: LorenzVec{x=22.58242294398862, y=-1.0, z=-2.332657213983058}
 }
11:12:33 `Rabbit`1218348 missed {
 is already Found: false).
 Position: LorenzVec{x=2.5, y=104.0, z=53.5}
 DistanceC: 21.85262936840972
Relative Position: LorenzVec{x=4.006577230464439, y=3.125, z=21.85262936840972}
 }
11:12:33 `Cow`1218720 missed {
 is already Found: false).
 Position: LorenzVec{x=-2.5, y=104.0, z=53.5}
 DistanceC: 21.74547453711947
Relative Position: LorenzVec{x=-0.6421214868912895, y=3.125, z=21.74547453711947}
 }
11:12:51 `Chicken`1220826 missed {
 is already Found: false).
 Position: LorenzVec{x=1.5, y=104.0, z=55.5}
 DistanceC: 19.978908202310613
Relative Position: LorenzVec{x=-2.574487844913044, y=4.0, z=19.978908202310613}
 }
11:12:51 `Enderman`1222450 missed {
 is already Found: false).
 Position: LorenzVec{x=-2.46875, y=100.0, z=52.86458333333333}
 DistanceC: 17.343491535643942
Relative Position: LorenzVec{x=-6.543237844913044, y=0.0, z=17.343491535643942}
 }
11:12:52 `Rabbit`1222641 missed {
 is already Found: false).
 Position: LorenzVec{x=2.5, y=104.0, z=52.5}
 DistanceC: 16.978908202310613
Relative Position: LorenzVec{x=-1.574487844913044, y=4.0, z=16.978908202310613}
 }
11:12:57 `Cow`1224268 missed {
 is already Found: false).
 Position: LorenzVec{x=-2.5, y=104.0, z=53.5}
 DistanceC: 17.978908202310613
Relative Position: LorenzVec{x=-6.574487844913044, y=4.0, z=17.978908202310613}
 }
11:13:00 `Chicken`1224767 missed {
 is already Found: false).
 Position: LorenzVec{x=0.5, y=104.875, z=53.5}
 DistanceC: 17.978908202310613
Relative Position: LorenzVec{x=-3.574487844913044, y=4.875, z=17.978908202310613}
 }
11:13:11 `Cow`1226380 missed {
 is already Found: false).
 Position: LorenzVec{x=-0.5, y=104.0, z=57.5}
 DistanceC: 21.978908202310613
Relative Position: LorenzVec{x=-4.574487844913044, y=4.0, z=21.978908202310613}
 }
11:13:15 `Enderman`1227599 missed {
 is already Found: false).
 Position: LorenzVec{x=0.71875, y=100.0, z=52.6875}
 DistanceC: 17.166408202310613
Relative Position: LorenzVec{x=-3.355737844913044, y=0.0, z=17.166408202310613}
 }
11:13:18 `Chicken`1228134 missed {
 is already Found: false).
 Position: LorenzVec{x=0.5, y=104.0, z=54.5}
 DistanceC: 18.978908202310613
Relative Position: LorenzVec{x=-3.574487844913044, y=4.0, z=18.978908202310613}
 }
11:14:04 `Cow`1237744 missed {
 is already Found: false).
 Position: LorenzVec{x=0.5, y=104.875, z=55.5}
 DistanceC: 17.719933984549144
Relative Position: LorenzVec{x=-10.115678005245849, y=4.875, z=17.719933984549144}
 }
11:14:15 `§bSam `1151723 missed {
 is already Found: false).
 Position: LorenzVec{x=6.5, y=99.0, z=20.5}
 DistanceC: 21.41631412097326
Relative Position: LorenzVec{x=-0.31178533185487645, y=-1.0, z=-21.41631412097326}
 }
11:14:17 `Enderman`1227599 missed {
 is already Found: false).
 Position: LorenzVec{x=-0.53125, y=100.0, z=57.53125}
 DistanceC: 15.614935879026739
Relative Position: LorenzVec{x=-7.3430353318548764, y=0.0, z=15.614935879026739}
 }
11:14:17 `Chicken`1228134 missed {
 is already Found: false).
 Position: LorenzVec{x=1.46875, y=104.0, z=57.40625}
 DistanceC: 15.489935879026739
Relative Position: LorenzVec{x=-5.3430353318548764, y=4.0, z=15.489935879026739}
 }
11:14:51 `48c8gp4496`345 missed {
 is already Found: false).
 Position: LorenzVec{x=51.5, y=79.0, z=-13.5}
 DistanceC: 22.80000001192093
Relative Position: LorenzVec{x=4.795551755063407, y=10.0, z=22.80000001192093}
 }
11:15:08 `Bat`734 missed {
 is already Found: true).
 Position: LorenzVec{x=-62.28125, y=123.69791666666666, z=-4.3125}
 DistanceC: 5.418749988079071
Relative Position: LorenzVec{x=5.418749988079071, y=1.6979166666666572, z=-4.947462065099525}
 }
11:15:44 `Bat`744493 missed {
 is already Found: false).
 Position: LorenzVec{x=-89.5, y=63.96875, z=-167.5}
 DistanceC: 15.547386690764512
Relative Position: LorenzVec{x=9.006455521509224, y=-5.03125, z=-15.547386690764512}
 }
11:15:44 `Bat`744499 missed {
 is already Found: false).
 Position: LorenzVec{x=-89.5, y=64.96875, z=-167.5}
 DistanceC: 15.547386690764512
Relative Position: LorenzVec{x=9.006455521509224, y=-4.03125, z=-15.547386690764512}
 }
11:15:44 `Bat`744505 missed {
 is already Found: false).
 Position: LorenzVec{x=-89.5, y=65.96875, z=-167.5}
 DistanceC: 15.547386690764512
Relative Position: LorenzVec{x=9.006455521509224, y=-3.03125, z=-15.547386690764512}
 }
11:15:44 `Bat`744511 missed {
 is already Found: false).
 Position: LorenzVec{x=-89.5, y=66.96875, z=-167.5}
 DistanceC: 15.547386690764512
Relative Position: LorenzVec{x=9.006455521509224, y=-2.03125, z=-15.547386690764512}
 }
11:15:44 `Bat`744517 missed {
 is already Found: false).
 Position: LorenzVec{x=-88.5, y=63.96875, z=-167.5}
 DistanceC: 15.547386690764512
Relative Position: LorenzVec{x=10.006455521509224, y=-5.03125, z=-15.547386690764512}
 }
11:15:44 `Bat`744523 missed {
 is already Found: false).
 Position: LorenzVec{x=-88.5, y=64.96875, z=-167.5}
 DistanceC: 15.547386690764512
Relative Position: LorenzVec{x=10.006455521509224, y=-4.03125, z=-15.547386690764512}
 }
11:15:44 `Bat`744529 missed {
 is already Found: false).
 Position: LorenzVec{x=-88.5, y=65.96875, z=-167.5}
 DistanceC: 15.547386690764512
Relative Position: LorenzVec{x=10.006455521509224, y=-3.03125, z=-15.547386690764512}
 }
11:15:44 `Bat`744535 missed {
 is already Found: false).
 Position: LorenzVec{x=-88.5, y=66.96875, z=-167.5}
 DistanceC: 15.547386690764512
Relative Position: LorenzVec{x=10.006455521509224, y=-2.03125, z=-15.547386690764512}
 }
11:15:44 `Bat`744541 missed {
 is already Found: false).
 Position: LorenzVec{x=-87.5, y=63.96875, z=-167.5}
 DistanceC: 15.547386690764512
Relative Position: LorenzVec{x=11.006455521509224, y=-5.03125, z=-15.547386690764512}
 }
11:15:44 `Bat`744547 missed {
 is already Found: false).
 Position: LorenzVec{x=-87.5, y=64.96875, z=-167.5}
 DistanceC: 15.547386690764512
Relative Position: LorenzVec{x=11.006455521509224, y=-4.03125, z=-15.547386690764512}
 }
11:15:44 `Bat`744553 missed {
 is already Found: false).
 Position: LorenzVec{x=-87.5, y=65.96875, z=-167.5}
 DistanceC: 15.547386690764512
Relative Position: LorenzVec{x=11.006455521509224, y=-3.03125, z=-15.547386690764512}
 }
11:15:44 `Bat`744559 missed {
 is already Found: false).
 Position: LorenzVec{x=-87.5, y=66.96875, z=-167.5}
 DistanceC: 15.547386690764512
Relative Position: LorenzVec{x=11.006455521509224, y=-2.03125, z=-15.547386690764512}
 }
11:15:44 `Bat`744491 missed {
 is already Found: false).
 Position: LorenzVec{x=-89.5, y=63.96875, z=-168.5}
 DistanceC: 16.54738669076451
Relative Position: LorenzVec{x=9.039025707011561, y=-5.03125, z=-16.54738669076451}
 }
11:15:44 `Bat`744497 missed {
 is already Found: false).
 Position: LorenzVec{x=-89.5, y=64.96875, z=-168.5}
 DistanceC: 16.54738669076451
Relative Position: LorenzVec{x=9.039025707011561, y=-4.03125, z=-16.54738669076451}
 }
11:15:44 `Bat`744503 missed {
 is already Found: false).
 Position: LorenzVec{x=-89.5, y=65.96875, z=-168.5}
 DistanceC: 16.54738669076451
Relative Position: LorenzVec{x=9.039025707011561, y=-3.03125, z=-16.54738669076451}
 }
11:15:44 `Bat`744509 missed {
 is already Found: false).
 Position: LorenzVec{x=-89.5, y=66.96875, z=-168.5}
 DistanceC: 16.54738669076451
Relative Position: LorenzVec{x=9.039025707011561, y=-2.03125, z=-16.54738669076451}
 }
11:15:44 `Bat`744515 missed {
 is already Found: false).
 Position: LorenzVec{x=-88.5, y=63.96875, z=-168.5}
 DistanceC: 16.54738669076451
Relative Position: LorenzVec{x=10.039025707011561, y=-5.03125, z=-16.54738669076451}
 }
11:15:44 `Bat`744521 missed {
 is already Found: false).
 Position: LorenzVec{x=-88.5, y=64.96875, z=-168.5}
 DistanceC: 16.54738669076451
Relative Position: LorenzVec{x=10.039025707011561, y=-4.03125, z=-16.54738669076451}
 }
11:15:44 `Bat`744527 missed {
 is already Found: false).
 Position: LorenzVec{x=-88.5, y=65.96875, z=-168.5}
 DistanceC: 16.54738669076451
Relative Position: LorenzVec{x=10.039025707011561, y=-3.03125, z=-16.54738669076451}
 }
11:15:44 `Bat`744533 missed {
 is already Found: false).
 Position: LorenzVec{x=-88.5, y=66.96875, z=-168.5}
 DistanceC: 16.54738669076451
Relative Position: LorenzVec{x=10.039025707011561, y=-2.03125, z=-16.54738669076451}
 }
11:15:44 `Bat`744539 missed {
 is already Found: false).
 Position: LorenzVec{x=-87.5, y=63.96875, z=-168.5}
 DistanceC: 16.54738669076451
Relative Position: LorenzVec{x=11.039025707011561, y=-5.03125, z=-16.54738669076451}
 }
11:15:44 `Bat`744545 missed {
 is already Found: false).
 Position: LorenzVec{x=-87.5, y=64.96875, z=-168.5}
 DistanceC: 16.54738669076451
Relative Position: LorenzVec{x=11.039025707011561, y=-4.03125, z=-16.54738669076451}
 }
11:15:44 `Bat`744551 missed {
 is already Found: false).
 Position: LorenzVec{x=-87.5, y=65.96875, z=-168.5}
 DistanceC: 16.54738669076451
Relative Position: LorenzVec{x=11.039025707011561, y=-3.03125, z=-16.54738669076451}
 }
11:15:44 `Bat`744557 missed {
 is already Found: false).
 Position: LorenzVec{x=-87.5, y=66.96875, z=-168.5}
 DistanceC: 16.54738669076451
Relative Position: LorenzVec{x=11.039025707011561, y=-2.03125, z=-16.54738669076451}
 }
11:15:44 `Bat`744489 missed {
 is already Found: false).
 Position: LorenzVec{x=-89.5, y=63.96875, z=-169.5}
 DistanceC: 17.54738669076451
Relative Position: LorenzVec{x=9.045306234358591, y=-5.03125, z=-17.54738669076451}
 }
11:15:44 `Bat`744495 missed {
 is already Found: false).
 Position: LorenzVec{x=-89.5, y=64.96875, z=-169.5}
 DistanceC: 17.54738669076451
Relative Position: LorenzVec{x=9.045306234358591, y=-4.03125, z=-17.54738669076451}
 }
11:15:44 `Bat`744501 missed {
 is already Found: false).
 Position: LorenzVec{x=-89.5, y=65.96875, z=-169.5}
 DistanceC: 17.54738669076451
Relative Position: LorenzVec{x=9.045306234358591, y=-3.03125, z=-17.54738669076451}
 }
11:15:44 `Bat`744507 missed {
 is already Found: false).
 Position: LorenzVec{x=-89.5, y=66.96875, z=-169.5}
 DistanceC: 17.54738669076451
Relative Position: LorenzVec{x=9.045306234358591, y=-2.03125, z=-17.54738669076451}
 }
11:15:44 `Bat`744513 missed {
 is already Found: false).
 Position: LorenzVec{x=-88.5, y=63.96875, z=-169.5}
 DistanceC: 17.54738669076451
Relative Position: LorenzVec{x=10.045306234358591, y=-5.03125, z=-17.54738669076451}
 }
11:15:44 `Bat`744519 missed {
 is already Found: false).
 Position: LorenzVec{x=-88.5, y=64.96875, z=-169.5}
 DistanceC: 17.54738669076451
Relative Position: LorenzVec{x=10.045306234358591, y=-4.03125, z=-17.54738669076451}
 }
11:15:44 `Bat`744525 missed {
 is already Found: false).
 Position: LorenzVec{x=-88.5, y=65.96875, z=-169.5}
 DistanceC: 17.54738669076451
Relative Position: LorenzVec{x=10.045306234358591, y=-3.03125, z=-17.54738669076451}
 }
11:15:44 `Bat`744531 missed {
 is already Found: false).
 Position: LorenzVec{x=-88.5, y=66.96875, z=-169.5}
 DistanceC: 17.54738669076451
Relative Position: LorenzVec{x=10.045306234358591, y=-2.03125, z=-17.54738669076451}
 }
11:15:44 `Bat`744537 missed {
 is already Found: false).
 Position: LorenzVec{x=-87.5, y=63.96875, z=-169.5}
 DistanceC: 17.54738669076451
Relative Position: LorenzVec{x=11.045306234358591, y=-5.03125, z=-17.54738669076451}
 }
11:15:44 `Bat`744543 missed {
 is already Found: false).
 Position: LorenzVec{x=-87.5, y=64.96875, z=-169.5}
 DistanceC: 17.54738669076451
Relative Position: LorenzVec{x=11.045306234358591, y=-4.03125, z=-17.54738669076451}
 }
11:15:44 `Bat`744549 missed {
 is already Found: false).
 Position: LorenzVec{x=-87.5, y=65.96875, z=-169.5}
 DistanceC: 17.54738669076451
Relative Position: LorenzVec{x=11.045306234358591, y=-3.03125, z=-17.54738669076451}
 }
11:15:44 `Bat`744555 missed {
 is already Found: false).
 Position: LorenzVec{x=-87.5, y=66.96875, z=-169.5}
 DistanceC: 17.54738669076451
Relative Position: LorenzVec{x=11.045306234358591, y=-2.03125, z=-17.54738669076451}
 }
11:18:25 `37yc473k43`748288 missed {
 is already Found: false).
 Position: LorenzVec{x=-93.5, y=69.0, z=-130.5}
 DistanceC: 7.283852188636928
Relative Position: LorenzVec{x=-3.2382341369797416, y=-1.0, z=7.283852188636928}
 }
11:20:03 `x988725y92`4 missed {
 is already Found: false).
 Position: LorenzVec{x=-52.0, y=119.0, z=-9.0}
 DistanceC: 14.665061349955188
Relative Position: LorenzVec{x=-14.665061349955188, y=0.0, z=-6.386136688008653}
 }
11:20:42 `Villager`355 missed {
 is already Found: false).
 Position: LorenzVec{x=-16.5, y=70.0, z=-81.5}
 DistanceC: 21.582498746841416
Relative Position: LorenzVec{x=-21.582498746841416, y=-2.0, z=18.149663244212988}
 }
11:20:42 `Villager`357 missed {
 is already Found: false).
 Position: LorenzVec{x=28.0, y=70.0, z=-116.0}
 DistanceC: 22.917501253158584
Relative Position: LorenzVec{x=22.917501253158584, y=-2.0, z=-16.350336755787012}
 }
11:21:09 `emi6886744`336 missed {
 is already Found: false).
 Position: LorenzVec{x=52.5, y=68.0, z=-82.5}
 DistanceC: 21.510776849228584
Relative Position: LorenzVec{x=21.510776849228584, y=-3.0, z=17.723906422331666}
 }
11:21:23 `9hzz88713z`1557 missed {
 is already Found: false).
 Position: LorenzVec{x=-0.5, y=72.0, z=-111.5}
 DistanceC: 23.170190467343062
Relative Position: LorenzVec{x=-20.78946894149802, y=2.0, z=-23.170190467343062}
 }
11:21:23 `mev168qhd2`1558 missed {
 is already Found: false).
 Position: LorenzVec{x=-2.5, y=72.0, z=-109.5}
 DistanceC: 22.78946894149802
Relative Position: LorenzVec{x=-22.78946894149802, y=2.0, z=-21.170190467343062}
 }
11:21:32 `c23fly7649`344 missed {
 is already Found: false).
 Position: LorenzVec{x=-10.0, y=70.0, z=-67.0}
 DistanceC: 4.151060893387994
Relative Position: LorenzVec{x=-4.151060893387994, y=0.0, z=3.079079016600218}
 }
11:21:33 `Villager`355 missed {
 is already Found: false).
 Position: LorenzVec{x=-16.5, y=70.0, z=-81.5}
 DistanceC: 23.078983734588647
Relative Position: LorenzVec{x=-23.078983734588647, y=0.0, z=-0.6508442850508516}
 }
11:21:38 `5c06uzm61w`326 missed {
 is already Found: false).
 Position: LorenzVec{x=31.5, y=71.0, z=-101.5}
 DistanceC: 22.69640711942212
Relative Position: LorenzVec{x=0.4330285500629607, y=1.0, z=22.69640711942212}
 }
11:21:38 `8m5043tc8b`412 missed {
 is already Found: false).
 Position: LorenzVec{x=14.0, y=72.0, z=-106.0}
 DistanceC: 18.19640711942212
Relative Position: LorenzVec{x=-17.06697144993704, y=2.0, z=18.19640711942212}
 }
11:21:38 `g4kzi39387`324 missed {
 is already Found: false).
 Position: LorenzVec{x=39.5, y=71.0, z=-100.5}
 DistanceC: 10.994330429606542
Relative Position: LorenzVec{x=10.994330429606542, y=1.0, z=10.858760441212809}
 }
11:21:38 `Villager`357 missed {
 is already Found: false).
 Position: LorenzVec{x=28.0, y=70.0, z=-116.0}
 DistanceC: 5.586731827709755
Relative Position: LorenzVec{x=0.09581462763038928, y=0.0, z=-5.586731827709755}
 }
11:21:39 `00obai8xq0`327 missed {
 is already Found: false).
 Position: LorenzVec{x=31.5, y=70.0, z=-94.5}
 DistanceC: 9.104468066278137
Relative Position: LorenzVec{x=9.104468066278137, y=-5.98301735129175, z=7.343758950431919}
 }
11:21:39 `ji1g3g79ej`325 missed {
 is already Found: false).
 Position: LorenzVec{x=34.5, y=71.0, z=-96.5}
 DistanceC: 12.85864829819965
Relative Position: LorenzVec{x=12.85864829819965, y=-5.091470789652504, z=4.172088735464584}
 }
11:21:45 `c23fly7649`344 missed {
 is already Found: false).
 Position: LorenzVec{x=-10.0, y=70.0, z=-67.0}
 DistanceC: 22.023514021304663
Relative Position: LorenzVec{x=21.902973176604277, y=-5.2555431697504105, z=-22.023514021304663}
 }
11:21:46 `a3qn2a967a`246 missed {
 is already Found: false).
 Position: LorenzVec{x=-24.5, y=71.0, z=-58.5}
 DistanceC: 15.703052392258023
Relative Position: LorenzVec{x=15.703052392258023, y=-2.9830173512917497, z=-14.834499928615884}
 }
11:22:03 `34m5b7y3hi`241 missed {
 is already Found: false).
 Position: LorenzVec{x=-55.5, y=72.0, z=-56.5}
 DistanceC: 19.245718029573972
Relative Position: LorenzVec{x=-19.245718029573972, y=-12.265447453259966, z=6.35734735492359}
 }
11:22:03 `wj9oy77h17`240 missed {
 is already Found: false).
 Position: LorenzVec{x=-51.0, y=72.0, z=-60.5}
 DistanceC: 17.310894481937815
Relative Position: LorenzVec{x=-17.310894481937815, y=-14.67693221313013, z=1.9144023198055322}
 }
11:22:05 `nc1x08d3qe`239 missed {
 is already Found: false).
 Position: LorenzVec{x=-42.5, y=72.0, z=-54.5}
 DistanceC: 14.26008616106239
Relative Position: LorenzVec{x=-14.26008616106239, y=-18.50153388440532, z=6.998581702128568}
 }
11:23:03 `Villager`347 missed {
 is already Found: false).
 Position: LorenzVec{x=-7.5, y=70.0, z=-75.5}
 DistanceC: 11.772856138350711
Relative Position: LorenzVec{x=-11.772856138350711, y=0.0, z=8.538544309031522}
 }
11:23:47 `48z997984h`51922 missed {
 is already Found: false).
 Position: LorenzVec{x=7.0, y=70.0, z=-85.0}
 DistanceC: 16.87063274794172
Relative Position: LorenzVec{x=16.87063274794172, y=0.0, z=-7.563169239675631}
 }
11:23:47 `z3jvau523a`51925 missed {
 is already Found: false).
 Position: LorenzVec{x=2.5, y=70.0, z=-75.5}
 DistanceC: 14.349337075889478
Relative Position: LorenzVec{x=14.349337075889478, y=0.0, z=-11.411299540327022}
 }
11:23:48 `Villager`347 missed {
 is already Found: false).
 Position: LorenzVec{x=-7.5, y=70.0, z=-75.5}
 DistanceC: 19.841277855576557
Relative Position: LorenzVec{x=3.507752190489212, y=0.0, z=-19.841277855576557}
 }
11:23:56 `Villager`357 missed {
 is already Found: false).
 Position: LorenzVec{x=28.0, y=70.0, z=-116.0}
 DistanceC: 5.912377862675456
Relative Position: LorenzVec{x=-3.045515035847931, y=0.0, z=5.912377862675456}
 }
11:23:58 `Villager`359 missed {
 is already Found: false).
 Position: LorenzVec{x=17.5, y=70.0, z=-99.0}
 DistanceC: 22.912377862675456
Relative Position: LorenzVec{x=-13.54551503584793, y=0.0, z=22.912377862675456}
 }
11:23:58 `8m5043tc8b`412 missed {
 is already Found: false).
 Position: LorenzVec{x=14.0, y=72.0, z=-106.0}
 DistanceC: 17.04551503584793
Relative Position: LorenzVec{x=-17.04551503584793, y=2.0, z=15.912377862675456}
 }
