04:57:31 Trying to load config from config/skyhanni/config.json
04:57:31 load-config-now
04:57:31 Loaded config from file
04:57:31 Trying to load sacks from config/skyhanni/sacks.json
04:57:31 load-sacks-now
04:57:31 Loaded sacks from file
04:57:31 Trying to load friends from config/skyhanni/friends.json
04:57:31 load-friends-now
04:57:31 Loaded friends from file
04:57:31 Trying to load known_features from config/skyhanni/known_features.json
04:57:31 load-known_features-now
04:57:31 Loaded known_features from file
04:57:31 Trying to load jacob_contests from config/skyhanni/jacob_contests.json
04:57:31 load-jacob_contests-now
04:57:31 Loaded jacob_contests from file
04:57:31 Trying to load visual_words from config/skyhanni/visual_words.json
04:57:31 Setting visual_words to be blank as it did not exist. It will be saved once something is written to it
04:57:41 saveConfig: Updated known feature flags
04:57:41 Saving known_features file
04:58:31 saveConfig: auto-save-60s
04:58:31 Saving config file
04:59:31 saveConfig: auto-save-60s
04:59:31 Saving config file
05:00:31 saveConfig: auto-save-60s
05:00:31 Saving config file
05:01:31 saveConfig: auto-save-60s
05:01:31 Saving config file
05:02:31 saveConfig: auto-save-60s
05:02:31 Saving config file
05:03:31 saveConfig: auto-save-60s
05:03:31 Saving config file
05:04:27 saveConfig: shutdown-hook
05:04:27 Saving config file
