12:05:05 §f §r§r§r§f §r§r§r§1 §r§r§r§0 §r§r§r§2 §r§r§r§f §r§r§r§f §r§r§r§2 §r§r§r§0 §r§r§r§4 §r§r§r§3 §r§r§r§9 §r§r§r§2 §r§r§r§0 §r§r§r§0 §r§r§r§3 §r§r§r§9 §r§r§r§2 §r§r§r§0 §r§r§r§0 §r§r§r§3 §r§r§r§9 §r§r§r§2 §r§r§r§0 §r§r§r§0 
12:05:05 
12:05:56 §8 §r§8 §r§1 §r§3 §r§3 §r§7 §r§8 
12:05:59 
12:05:59 
12:06:00  
12:06:00   
12:06:00  
12:06:00   
12:07:01  
12:07:01   
12:08:00 §8 §r§8 §r§1 §r§3 §r§3 §r§7 §r§8 
12:08:03  
12:08:03   
12:08:34  
12:08:34   
12:09:04 §8 §r§8 §r§1 §r§3 §r§3 §r§7 §r§8 
12:09:07  
12:09:07   
12:09:08  
12:09:08   
12:10:08  
12:10:08   
12:11:08  
12:11:08   
12:12:09  
12:12:09   
12:13:09  
12:13:09   
