21:09:55 §f                                  §6§lBESTIARY
21:09:55 §f                              §b§lSludge §7§8XI §8➡§b §bXII
21:09:55 
21:09:55 §f                                  §r§6§lREWARDS
21:09:55 §f                          §r§8+§r§a4 Sludge §r§b✯ Magic Find
21:09:55 §f                           §r§8+§r§a4 Sludge §r§c❁ Strength
21:09:55 §f                              §r§8+§r§62% §r§aSludge §r§7coins
21:09:55 §f                    §r§8+§r§a50% §r§7chance for extra XP orbs
21:09:55 §f                               §r§8+§r§b1 SkyBlock XP
21:09:55 
21:09:55 §3§l▬▬▬▬▬▬▬▬▬▬▬▬▬▬▬▬▬▬▬▬▬▬▬▬▬▬▬▬▬▬▬▬▬▬▬▬▬▬▬▬▬▬▬▬▬▬▬▬▬▬▬▬▬▬▬▬▬▬▬▬▬▬▬▬
22:03:07 §f                                  §6§lBESTIARY
22:03:07 §f                        §b§lKey Guardian §7§8XII §8➡§b §bXIII
22:03:07 
22:03:07 §f                                  §r§6§lREWARDS
22:03:07 §f                      §r§8+§r§a4 Key Guardian §r§b✯ Magic Find
22:03:07 §f                      §r§8+§r§a4 Key Guardian §r§c❁ Strength
22:03:07 §f                          §r§8+§r§62% §r§aKey Guardian §r§7coins
22:03:07 §f                    §r§8+§r§a50% §r§7chance for extra XP orbs
22:03:07 §f                               §r§8+§r§b1 SkyBlock XP
22:03:07 
22:03:07 §3§l▬▬▬▬▬▬▬▬▬▬▬▬▬▬▬▬▬▬▬▬▬▬▬▬▬▬▬▬▬▬▬▬▬▬▬▬▬▬▬▬▬▬▬▬▬▬▬▬▬▬▬▬▬▬▬▬▬▬▬▬▬▬▬▬
