20:30:47 §f §r§r§r§f §r§r§r§1 §r§r§r§0 §r§r§r§2 §r§r§r§f §r§r§r§f §r§r§r§2 §r§r§r§0 §r§r§r§4 §r§r§r§3 §r§r§r§9 §r§r§r§2 §r§r§r§0 §r§r§r§0 §r§r§r§3 §r§r§r§9 §r§r§r§2 §r§r§r§0 §r§r§r§0 §r§r§r§3 §r§r§r§9 §r§r§r§2 §r§r§r§0 §r§r§r§0 
20:30:47 
20:33:38 §8 §r§8 §r§1 §r§3 §r§3 §r§7 §r§8 
20:33:40 
20:33:40 
20:33:41  
20:33:41   
20:33:42  
20:33:42   
20:35:38 
20:35:38 
20:57:05 §8 §r§8 §r§1 §r§3 §r§3 §r§7 §r§8 
20:59:09 
20:59:09 
21:00:03 
21:00:15 §f
21:00:15 §c
21:04:14 
21:09:04 §f                                        
21:09:55  
21:10:26 §f
21:10:26 §f
21:10:26 §f
21:10:26 §f
21:24:23 
21:29:01 §f                                        
21:37:45 
21:37:45 
21:47:15 
21:49:04 §f                                        
22:03:07  
22:07:19 
22:08:56 §f                                        
22:17:13 
22:17:13 
22:27:08 
22:28:58 §f                                        
22:30:35 §8 §r§8 §r§1 §r§3 §r§3 §r§7 §r§8 
22:43:02 
23:00:16 §f
23:00:16 §c
23:07:30 §8 §r§8 §r§1 §r§3 §r§3 §r§7 §r§8 
23:07:42 §8 §r§8 §r§1 §r§3 §r§3 §r§7 §r§8 
23:08:08 
23:08:08 
23:09:43 §8 §r§8 §r§1 §r§3 §r§3 §r§7 §r§8 
23:10:13 
23:10:28 §8 §r§8 §r§1 §r§3 §r§3 §r§7 §r§8 
23:12:10 §8 §r§8 §r§1 §r§3 §r§3 §r§7 §r§8 
23:17:05 
23:21:44 §f                                        
23:39:59 
23:41:48 §f                                        
23:53:50 §f §r§r§r§f §r§r§r§1 §r§r§r§0 §r§r§r§2 §r§r§r§f §r§r§r§f §r§r§r§2 §r§r§r§0 §r§r§r§4 §r§r§r§3 §r§r§r§9 §r§r§r§2 §r§r§r§0 §r§r§r§0 §r§r§r§3 §r§r§r§9 §r§r§r§2 §r§r§r§0 §r§r§r§0 §r§r§r§3 §r§r§r§9 §r§r§r§2 §r§r§r§0 §r§r§r§0 
23:54:05 
00:02:56 §f §r§r§r§f §r§r§r§1 §r§r§r§0 §r§r§r§2 §r§r§r§f §r§r§r§f §r§r§r§2 §r§r§r§0 §r§r§r§4 §r§r§r§3 §r§r§r§9 §r§r§r§2 §r§r§r§0 §r§r§r§0 §r§r§r§3 §r§r§r§9 §r§r§r§2 §r§r§r§0 §r§r§r§0 §r§r§r§3 §r§r§r§9 §r§r§r§2 §r§r§r§0 §r§r§r§0 
00:02:57 
00:04:33 §8 §r§8 §r§1 §r§3 §r§3 §r§7 §r§8 
00:04:35 
00:04:35 
00:06:54 §8 §r§8 §r§1 §r§3 §r§3 §r§7 §r§8 
00:26:50 §f §r§r§r§f §r§r§r§1 §r§r§r§0 §r§r§r§2 §r§r§r§f §r§r§r§f §r§r§r§2 §r§r§r§0 §r§r§r§4 §r§r§r§3 §r§r§r§9 §r§r§r§2 §r§r§r§0 §r§r§r§0 §r§r§r§3 §r§r§r§9 §r§r§r§2 §r§r§r§0 §r§r§r§0 §r§r§r§3 §r§r§r§9 §r§r§r§2 §r§r§r§0 §r§r§r§0 
00:26:51 
00:33:58 §f §r§r§r§f §r§r§r§1 §r§r§r§0 §r§r§r§2 §r§r§r§f §r§r§r§f §r§r§r§2 §r§r§r§0 §r§r§r§4 §r§r§r§3 §r§r§r§9 §r§r§r§2 §r§r§r§0 §r§r§r§0 §r§r§r§3 §r§r§r§9 §r§r§r§2 §r§r§r§0 §r§r§r§0 §r§r§r§3 §r§r§r§9 §r§r§r§2 §r§r§r§0 §r§r§r§0 
00:33:59 
00:34:25 §8 §r§8 §r§1 §r§3 §r§3 §r§7 §r§8 
00:34:28 
00:34:28 
00:46:04 §8 §r§8 §r§1 §r§3 §r§3 §r§7 §r§8 
00:47:31 
00:49:08 §f                                        
00:52:38 
00:52:38 
01:00:16 §f
01:00:16 §c
01:04:22 
01:09:12 §f                                        
01:21:54 
01:21:54 
01:26:36 
01:27:17 
01:27:31 
01:28:32 
01:29:05 §f                                        
01:40:21 
01:41:44 
01:42:35 §f §r§r§r§f §r§r§r§1 §r§r§r§0 §r§r§r§2 §r§r§r§f §r§r§r§f §r§r§r§2 §r§r§r§0 §r§r§r§4 §r§r§r§3 §r§r§r§9 §r§r§r§2 §r§r§r§0 §r§r§r§0 §r§r§r§3 §r§r§r§9 §r§r§r§2 §r§r§r§0 §r§r§r§0 §r§r§r§3 §r§r§r§9 §r§r§r§2 §r§r§r§0 §r§r§r§0 
01:42:36 
01:43:39 §8 §r§8 §r§1 §r§3 §r§3 §r§7 §r§8 
01:43:41 
01:43:41 
01:44:13 §f                                        
01:44:13 §f                                        
01:48:22 
01:48:22 
02:04:17 §f                                        
02:16:43 
02:16:43 
02:16:58 §8 §r§8 §r§1 §r§3 §r§3 §r§7 §r§8 
02:19:58  
02:19:58   
02:20:02 
02:20:59  
02:20:59   
02:21:59  
02:21:59   
02:22:06 
02:23:00  
02:23:00   
02:23:08 §8 §r§8 §r§1 §r§3 §r§3 §r§7 §r§8 
02:23:12  
02:23:12   
02:23:13  
02:23:13   
02:23:35 §8 §r§8 §r§1 §r§3 §r§3 §r§7 §r§8 
02:23:39  
02:23:39   
02:24:12 §8 §r§8 §r§1 §r§3 §r§3 §r§7 §r§8 
02:24:16  
02:24:16   
02:25:09  
02:25:09   
02:26:10  
02:26:10   
02:27:11  
02:27:11   
02:28:12  
02:28:12   
02:29:13  
02:29:13   
02:30:13  
02:30:13   
02:31:14  
02:31:14   
02:32:15  
02:32:15   
02:33:16  
02:33:16   
02:34:16  
02:34:16   
02:35:17  
02:35:17   
02:36:18  
02:36:18   
02:37:18  
02:37:18   
02:38:19  
02:38:19   
02:39:20  
02:39:20   
02:40:21  
02:40:21   
02:41:22  
02:41:22   
02:41:36 §f §r§r§r§f §r§r§r§1 §r§r§r§0 §r§r§r§2 §r§r§r§f §r§r§r§f §r§r§r§2 §r§r§r§0 §r§r§r§4 §r§r§r§3 §r§r§r§9 §r§r§r§2 §r§r§r§0 §r§r§r§0 §r§r§r§3 §r§r§r§9 §r§r§r§2 §r§r§r§0 §r§r§r§0 §r§r§r§3 §r§r§r§9 §r§r§r§2 §r§r§r§0 §r§r§r§0 
02:41:36 
03:00:16 §f
03:00:16 §c
03:03:11 §f §r§r§r§f §r§r§r§1 §r§r§r§0 §r§r§r§2 §r§r§r§f §r§r§r§f §r§r§r§2 §r§r§r§0 §r§r§r§4 §r§r§r§3 §r§r§r§9 §r§r§r§2 §r§r§r§0 §r§r§r§0 §r§r§r§3 §r§r§r§9 §r§r§r§2 §r§r§r§0 §r§r§r§0 §r§r§r§3 §r§r§r§9 §r§r§r§2 §r§r§r§0 §r§r§r§0 
03:03:11 
03:03:21 §8 §r§8 §r§1 §r§3 §r§3 §r§7 §r§8 
03:03:23 
03:03:23 
03:03:25  
03:03:25   
03:03:26  
03:03:26   
03:04:27  
03:04:27   
03:05:28  
03:05:28   
03:06:28  
03:06:28   
03:07:29  
03:07:29   
03:08:30  
03:08:30   
03:09:31  
03:09:31   
03:10:31  
03:10:31   
03:11:32  
03:11:32   
03:12:33  
03:12:33   
03:13:33  
03:13:33   
03:14:34  
03:14:34   
03:15:35  
03:15:35   
03:16:36  
03:16:36   
