20:33:42 §bNew day! §r§eYour §r§2Sky Mall §r§ebuff changed!
20:33:42 §eNew buff§r§r§r: §r§fGain §r§a+15% §r§fmore Powder while mining.
20:33:42 §8§oYou can disable this messaging by toggling Sky Mall in your /hotm!
20:35:01 §bNew day! §r§eYour §r§2Sky Mall §r§ebuff changed!
20:35:01 §eNew buff§r§r§r: §r§fGain §r§6+100⸕ Mining Speed§r§f.
20:35:01 §8§oYou can disable this messaging by toggling Sky Mall in your /hotm!
20:55:00 §bNew day! §r§eYour §r§2Sky Mall §r§ebuff changed!
20:55:00 §eNew buff§r§r§r: §r§fGain §r§6+50☘ Mining Fortune§r§f.
20:55:00 §8§oYou can disable this messaging by toggling Sky Mall in your /hotm!
22:35:00 §bNew day! §r§eYour §r§2Sky Mall §r§ebuff changed!
22:35:00 §eNew buff§r§r§r: §r§fGain §r§6+100⸕ Mining Speed§r§f.
22:35:00 §8§oYou can disable this messaging by toggling Sky Mall in your /hotm!
22:55:00 §bNew day! §r§eYour §r§2Sky Mall §r§ebuff changed!
22:55:00 §eNew buff§r§r§r: §r§fGain §r§6+100⸕ Mining Speed§r§f.
22:55:00 §8§oYou can disable this messaging by toggling Sky Mall in your /hotm!
00:15:01 §bNew day! §r§eYour §r§2Sky Mall §r§ebuff changed!
00:15:01 §eNew buff§r§r§r: §r§fGain §r§6+50☘ Mining Fortune§r§f.
00:15:01 §8§oYou can disable this messaging by toggling Sky Mall in your /hotm!
00:35:01 §bNew day! §r§eYour §r§2Sky Mall §r§ebuff changed!
00:35:01 §eNew buff§r§r§r: §r§fGain §r§6+100⸕ Mining Speed§r§f.
00:35:01 §8§oYou can disable this messaging by toggling Sky Mall in your /hotm!
02:35:01 §bNew day! §r§eYour §r§2Sky Mall §r§ebuff changed!
02:35:01 §eNew buff§r§r§r: §r§f§r§a-20%§r§f Pickaxe Ability cooldowns.
02:35:01 §8§oYou can disable this messaging by toggling Sky Mall in your /hotm!
03:03:26 §bNew day! §r§eYour §r§2Sky Mall §r§ebuff changed!
03:03:26 §eNew buff§r§r§r: §r§f§r§a-20%§r§f Pickaxe Ability cooldowns.
03:03:26 §8§oYou can disable this messaging by toggling Sky Mall in your /hotm!
03:15:01 §bNew day! §r§eYour §r§2Sky Mall §r§ebuff changed!
03:15:01 §eNew buff§r§r§r: §r§f§r§a-20%§r§f Pickaxe Ability cooldowns.
03:15:01 §8§oYou can disable this messaging by toggling Sky Mall in your /hotm!
