20:33:41 §f                 §7You have §3654 §7materials stashed away!
20:33:41 §f               §8(This totals 1 type of material stashed!)
20:33:41 §f                §3§l>>> §3§lCLICK HERE§b to pick them up! §3§l<<<
20:33:42 §f                 §7You have §3654 §7materials stashed away!
20:33:42 §f               §8(This totals 1 type of material stashed!)
20:33:42 §f                §3§l>>> §3§lCLICK HERE§b to pick them up! §3§l<<<
02:19:58 §f                §7You have §35,347 §7materials stashed away!
02:19:58 §f              §8(This totals 3 types of materials stashed!)
02:19:58 §f                §3§l>>> §3§lCLICK HERE§b to pick them up! §3§l<<<
02:20:59 §f                §7You have §37,898 §7materials stashed away!
02:20:59 §f              §8(This totals 3 types of materials stashed!)
02:20:59 §f                §3§l>>> §3§lCLICK HERE§b to pick them up! §3§l<<<
02:21:59 §f                §7You have §37,898 §7materials stashed away!
02:21:59 §f              §8(This totals 3 types of materials stashed!)
02:21:59 §f                §3§l>>> §3§lCLICK HERE§b to pick them up! §3§l<<<
02:23:00 §f                §7You have §37,898 §7materials stashed away!
02:23:00 §f              §8(This totals 3 types of materials stashed!)
02:23:00 §f                §3§l>>> §3§lCLICK HERE§b to pick them up! §3§l<<<
02:23:12 §f                §7You have §37,898 §7materials stashed away!
02:23:12 §f              §8(This totals 3 types of materials stashed!)
02:23:12 §f                §3§l>>> §3§lCLICK HERE§b to pick them up! §3§l<<<
02:23:13 §f                §7You have §37,898 §7materials stashed away!
02:23:13 §f              §8(This totals 3 types of materials stashed!)
02:23:13 §f                §3§l>>> §3§lCLICK HERE§b to pick them up! §3§l<<<
02:23:39 §f                §7You have §37,898 §7materials stashed away!
02:23:39 §f              §8(This totals 3 types of materials stashed!)
02:23:39 §f                §3§l>>> §3§lCLICK HERE§b to pick them up! §3§l<<<
02:24:16 §f                §7You have §37,898 §7materials stashed away!
02:24:16 §f              §8(This totals 3 types of materials stashed!)
02:24:16 §f                §3§l>>> §3§lCLICK HERE§b to pick them up! §3§l<<<
02:25:09 §f                §7You have §37,898 §7materials stashed away!
02:25:09 §f              §8(This totals 3 types of materials stashed!)
02:25:09 §f                §3§l>>> §3§lCLICK HERE§b to pick them up! §3§l<<<
02:26:10 §f                §7You have §37,898 §7materials stashed away!
02:26:10 §f              §8(This totals 3 types of materials stashed!)
02:26:10 §f                §3§l>>> §3§lCLICK HERE§b to pick them up! §3§l<<<
02:27:11 §f                §7You have §37,898 §7materials stashed away!
02:27:11 §f              §8(This totals 3 types of materials stashed!)
02:27:11 §f                §3§l>>> §3§lCLICK HERE§b to pick them up! §3§l<<<
02:28:12 §f                §7You have §37,898 §7materials stashed away!
02:28:12 §f              §8(This totals 3 types of materials stashed!)
02:28:12 §f                §3§l>>> §3§lCLICK HERE§b to pick them up! §3§l<<<
02:29:13 §f                §7You have §37,898 §7materials stashed away!
02:29:13 §f              §8(This totals 3 types of materials stashed!)
02:29:13 §f                §3§l>>> §3§lCLICK HERE§b to pick them up! §3§l<<<
02:30:13 §f                §7You have §37,898 §7materials stashed away!
02:30:13 §f              §8(This totals 3 types of materials stashed!)
02:30:13 §f                §3§l>>> §3§lCLICK HERE§b to pick them up! §3§l<<<
02:31:14 §f                §7You have §37,898 §7materials stashed away!
02:31:14 §f              §8(This totals 3 types of materials stashed!)
02:31:14 §f                §3§l>>> §3§lCLICK HERE§b to pick them up! §3§l<<<
02:32:15 §f                §7You have §37,898 §7materials stashed away!
02:32:15 §f              §8(This totals 3 types of materials stashed!)
02:32:15 §f                §3§l>>> §3§lCLICK HERE§b to pick them up! §3§l<<<
02:33:16 §f                §7You have §37,898 §7materials stashed away!
02:33:16 §f              §8(This totals 3 types of materials stashed!)
02:33:16 §f                §3§l>>> §3§lCLICK HERE§b to pick them up! §3§l<<<
02:34:16 §f                §7You have §37,898 §7materials stashed away!
02:34:16 §f              §8(This totals 3 types of materials stashed!)
02:34:16 §f                §3§l>>> §3§lCLICK HERE§b to pick them up! §3§l<<<
02:35:17 §f                §7You have §37,898 §7materials stashed away!
02:35:17 §f              §8(This totals 3 types of materials stashed!)
02:35:17 §f                §3§l>>> §3§lCLICK HERE§b to pick them up! §3§l<<<
02:36:18 §f                §7You have §37,898 §7materials stashed away!
02:36:18 §f              §8(This totals 3 types of materials stashed!)
02:36:18 §f                §3§l>>> §3§lCLICK HERE§b to pick them up! §3§l<<<
02:37:18 §f                §7You have §37,898 §7materials stashed away!
02:37:18 §f              §8(This totals 3 types of materials stashed!)
02:37:18 §f                §3§l>>> §3§lCLICK HERE§b to pick them up! §3§l<<<
02:38:19 §f                §7You have §37,898 §7materials stashed away!
02:38:19 §f              §8(This totals 3 types of materials stashed!)
02:38:19 §f                §3§l>>> §3§lCLICK HERE§b to pick them up! §3§l<<<
02:39:20 §f                §7You have §37,898 §7materials stashed away!
02:39:20 §f              §8(This totals 3 types of materials stashed!)
02:39:20 §f                §3§l>>> §3§lCLICK HERE§b to pick them up! §3§l<<<
02:40:21 §f                §7You have §37,898 §7materials stashed away!
02:40:21 §f              §8(This totals 3 types of materials stashed!)
02:40:21 §f                §3§l>>> §3§lCLICK HERE§b to pick them up! §3§l<<<
02:41:22 §f                §7You have §37,898 §7materials stashed away!
02:41:22 §f              §8(This totals 3 types of materials stashed!)
02:41:22 §f                §3§l>>> §3§lCLICK HERE§b to pick them up! §3§l<<<
03:03:25 §f                §7You have §37,898 §7materials stashed away!
03:03:25 §f              §8(This totals 3 types of materials stashed!)
03:03:25 §f                §3§l>>> §3§lCLICK HERE§b to pick them up! §3§l<<<
03:03:26 §f                §7You have §37,898 §7materials stashed away!
03:03:26 §f              §8(This totals 3 types of materials stashed!)
03:03:26 §f                §3§l>>> §3§lCLICK HERE§b to pick them up! §3§l<<<
03:04:27 §f                §7You have §37,898 §7materials stashed away!
03:04:27 §f              §8(This totals 3 types of materials stashed!)
03:04:27 §f                §3§l>>> §3§lCLICK HERE§b to pick them up! §3§l<<<
03:05:28 §f                §7You have §37,898 §7materials stashed away!
03:05:28 §f              §8(This totals 3 types of materials stashed!)
03:05:28 §f                §3§l>>> §3§lCLICK HERE§b to pick them up! §3§l<<<
03:06:28 §f                §7You have §37,898 §7materials stashed away!
03:06:28 §f              §8(This totals 3 types of materials stashed!)
03:06:28 §f                §3§l>>> §3§lCLICK HERE§b to pick them up! §3§l<<<
03:07:29 §f                §7You have §37,898 §7materials stashed away!
03:07:29 §f              §8(This totals 3 types of materials stashed!)
03:07:29 §f                §3§l>>> §3§lCLICK HERE§b to pick them up! §3§l<<<
03:08:30 §f                §7You have §37,898 §7materials stashed away!
03:08:30 §f              §8(This totals 3 types of materials stashed!)
03:08:30 §f                §3§l>>> §3§lCLICK HERE§b to pick them up! §3§l<<<
03:09:31 §f                §7You have §37,898 §7materials stashed away!
03:09:31 §f              §8(This totals 3 types of materials stashed!)
03:09:31 §f                §3§l>>> §3§lCLICK HERE§b to pick them up! §3§l<<<
03:10:31 §f                §7You have §37,898 §7materials stashed away!
03:10:31 §f              §8(This totals 3 types of materials stashed!)
03:10:31 §f                §3§l>>> §3§lCLICK HERE§b to pick them up! §3§l<<<
03:11:32 §f                §7You have §37,898 §7materials stashed away!
03:11:32 §f              §8(This totals 3 types of materials stashed!)
03:11:32 §f                §3§l>>> §3§lCLICK HERE§b to pick them up! §3§l<<<
03:12:33 §f                §7You have §37,898 §7materials stashed away!
03:12:33 §f              §8(This totals 3 types of materials stashed!)
03:12:33 §f                §3§l>>> §3§lCLICK HERE§b to pick them up! §3§l<<<
03:13:33 §f                §7You have §37,898 §7materials stashed away!
03:13:33 §f              §8(This totals 3 types of materials stashed!)
03:13:33 §f                §3§l>>> §3§lCLICK HERE§b to pick them up! §3§l<<<
03:14:34 §f                §7You have §37,898 §7materials stashed away!
03:14:34 §f              §8(This totals 3 types of materials stashed!)
03:14:34 §f                §3§l>>> §3§lCLICK HERE§b to pick them up! §3§l<<<
03:15:35 §f                §7You have §37,898 §7materials stashed away!
03:15:35 §f              §8(This totals 3 types of materials stashed!)
03:15:35 §f                §3§l>>> §3§lCLICK HERE§b to pick them up! §3§l<<<
03:16:36 §f                §7You have §37,898 §7materials stashed away!
03:16:36 §f              §8(This totals 3 types of materials stashed!)
03:16:36 §f                §3§l>>> §3§lCLICK HERE§b to pick them up! §3§l<<<
