17:25:34 §f §r§r§r§f §r§r§r§1 §r§r§r§0 §r§r§r§2 §r§r§r§f §r§r§r§f §r§r§r§2 §r§r§r§0 §r§r§r§4 §r§r§r§3 §r§r§r§9 §r§r§r§2 §r§r§r§0 §r§r§r§0 §r§r§r§3 §r§r§r§9 §r§r§r§2 §r§r§r§0 §r§r§r§0 §r§r§r§3 §r§r§r§9 §r§r§r§2 §r§r§r§0 §r§r§r§0 
17:25:34 
17:25:46 §8 §r§8 §r§1 §r§3 §r§3 §r§7 §r§8 
17:25:46  
17:25:46   
17:25:48 
17:25:48 
17:25:49  
17:25:50   
17:25:56 
17:25:56 
17:26:47  
17:26:47   
17:27:18 §8 §r§8 §r§1 §r§3 §r§3 §r§7 §r§8 
17:31:35 §f
17:31:35 §f
17:31:35 §f
17:31:35 §f
17:35:24 
17:37:49 
17:41:56 
17:45:56 
17:45:56 
17:58:47 §8 §r§8 §r§1 §r§3 §r§3 §r§7 §r§8 
17:58:51  
17:58:51   
17:59:02 §8 §r§8 §r§1 §r§3 §r§3 §r§7 §r§8 
18:10:40 §8 §r§8 §r§1 §r§3 §r§3 §r§7 §r§8 
18:10:44  
18:10:44   
18:10:46  
18:10:46   
18:11:46  
18:11:46   
18:11:47 §8 §r§8 §r§1 §r§3 §r§3 §r§7 §r§8 
18:11:51  
18:11:51   
18:11:51  
18:11:51   
18:12:21 §8 §r§8 §r§1 §r§3 §r§3 §r§7 §r§8 
18:12:25  
18:12:25   
18:13:10 §8 §r§8 §r§1 §r§3 §r§3 §r§7 §r§8 
18:13:14  
18:13:14   
18:13:42  
18:13:42   
18:14:42  
18:14:42   
18:15:42  
18:15:42   
18:16:05 §8 §r§8 §r§1 §r§3 §r§3 §r§7 §r§8 
18:16:09  
18:16:09   
18:16:10 §8 §r§8 §r§1 §r§3 §r§3 §r§7 §r§8 
18:17:52 §8 §r§8 §r§1 §r§3 §r§3 §r§7 §r§8 
18:17:56  
18:17:56   
18:18:30  
18:18:30   
18:19:11 §8 §r§8 §r§1 §r§3 §r§3 §r§7 §r§8 
18:19:15  
18:19:15   
18:20:05  
18:20:05   
18:20:40 §8 §r§8 §r§1 §r§3 §r§3 §r§7 §r§8 
18:20:44  
18:20:44   
18:20:44  
18:20:44   
18:21:18 §8 §r§8 §r§1 §r§3 §r§3 §r§7 §r§8 
18:21:22  
18:21:22   
18:21:47 §8 §r§8 §r§1 §r§3 §r§3 §r§7 §r§8 
18:21:50  
18:21:50   
18:21:51  
18:21:51   
18:22:51  
18:22:51   
18:23:19 §8 §r§8 §r§1 §r§3 §r§3 §r§7 §r§8 
18:23:23  
18:23:23   
18:23:27 
18:23:27 
18:23:31  
18:23:31   
18:23:44 §8 §r§8 §r§1 §r§3 §r§3 §r§7 §r§8 
18:23:48 §8 §r§8 §r§1 §r§3 §r§3 §r§7 §r§8 
18:25:25 §8 §r§8 §r§1 §r§3 §r§3 §r§7 §r§8 
18:25:28  
18:25:28   
18:25:39  
18:25:39   
18:25:53 §8 §r§8 §r§1 §r§3 §r§3 §r§7 §r§8 
18:25:57 §8 §r§8 §r§1 §r§3 §r§3 §r§7 §r§8 
18:27:10 §8 §r§8 §r§1 §r§3 §r§3 §r§7 §r§8 
18:27:14  
18:27:14   
18:27:27 §f                                        
18:27:27 §f                                        
18:27:50 §8 §r§8 §r§1 §r§3 §r§3 §r§7 §r§8 
18:27:53 §8 §r§8 §r§1 §r§3 §r§3 §r§7 §r§8 
18:28:23 §8 §r§8 §r§1 §r§3 §r§3 §r§7 §r§8 
18:28:27  
18:28:27   
18:28:28  
18:28:28   
18:28:28 §8 §r§8 §r§1 §r§3 §r§3 §r§7 §r§8 
18:28:32  
18:28:32   
18:28:38  
18:28:38   
18:28:44 §8 §r§8 §r§1 §r§3 §r§3 §r§7 §r§8 
18:28:48  
18:28:48   
18:28:49  
18:28:49   
18:29:49  
18:29:49   
18:30:15 §8 §r§8 §r§1 §r§3 §r§3 §r§7 §r§8 
18:30:18  
18:30:18   
18:30:41 §8 §r§8 §r§1 §r§3 §r§3 §r§7 §r§8 
18:30:44  
18:30:44   
18:30:58  
18:30:58   
18:31:05 §8 §r§8 §r§1 §r§3 §r§3 §r§7 §r§8 
18:31:09  
18:31:09   
18:31:10  
18:31:10   
18:32:10  
18:32:10   
18:33:10  
18:33:10   
18:34:10  
18:34:10   
18:35:11  
18:35:11   
18:36:11  
18:36:11   
18:37:11  
18:37:11   
18:38:11  
18:38:11   
18:39:12  
18:39:12   
18:40:12  
18:40:12   
18:41:12  
18:41:12   
18:42:12  
18:42:12   
18:43:13  
18:43:13   
18:44:13  
18:44:13   
18:45:13  
18:45:13   
18:46:13  
18:46:13   
18:47:14  
18:47:14   
18:48:14  
18:48:14   
18:49:14  
18:49:14   
18:50:14  
18:50:14   
18:50:25 §8 §r§8 §r§1 §r§3 §r§3 §r§7 §r§8 
18:50:29 §8 §r§8 §r§1 §r§3 §r§3 §r§7 §r§8 
18:56:00 §f
18:56:00 §f
18:56:00 §f
18:56:00 §f
19:00:10 §f
19:00:10 §c
19:07:38 §8 §r§8 §r§1 §r§3 §r§3 §r§7 §r§8 
19:07:42  
19:07:42   
19:07:48 §8 §r§8 §r§1 §r§3 §r§3 §r§7 §r§8 
19:07:51  
19:07:51   
19:08:08  
19:08:08   
19:08:41 §8 §r§8 §r§1 §r§3 §r§3 §r§7 §r§8 
19:08:44  
19:08:44   
19:08:49  
19:08:49   
19:09:50  
19:09:50   
19:10:46 
19:10:46 
19:10:51  
19:10:51   
19:10:58 
19:10:58 
19:11:51  
19:11:51   
19:12:52  
19:12:52   
19:13:53  
19:13:53   
19:14:54  
19:14:54   
19:15:54  
19:15:54   
19:16:55  
19:16:55   
19:17:02 §8 §r§8 §r§1 §r§3 §r§3 §r§7 §r§8 
19:17:05  
19:17:05   
19:17:06  
19:17:06   
19:18:06  
19:18:06   
19:19:06  
19:19:06   
19:20:06  
19:20:06   
19:21:06  
19:21:06   
19:21:47 §8 §r§8 §r§1 §r§3 §r§3 §r§7 §r§8 
19:21:50  
19:21:50   
19:22:43  
19:22:43   
19:23:15 §8 §r§8 §r§1 §r§3 §r§3 §r§7 §r§8 
19:23:19  
19:23:19   
19:23:22 §8 §r§8 §r§1 §r§3 §r§3 §r§7 §r§8 
19:24:02 §8 §r§8 §r§1 §r§3 §r§3 §r§7 §r§8 
19:24:06  
19:24:06   
19:24:23  
19:24:23   
19:25:24  
19:25:24   
19:25:49 §8 §r§8 §r§1 §r§3 §r§3 §r§7 §r§8 
19:25:53  
19:25:53   
19:25:57 §8 §r§8 §r§1 §r§3 §r§3 §r§7 §r§8 
19:26:01  
19:26:01   
19:26:22  
19:26:22   
19:26:55 §8 §r§8 §r§1 §r§3 §r§3 §r§7 §r§8 
19:26:58  
19:26:58   
19:26:59 §8 §r§8 §r§1 §r§3 §r§3 §r§7 §r§8 
19:27:03  
19:27:03   
19:27:45  
19:27:45   
19:28:45  
19:28:45   
19:28:57 §8 §r§8 §r§1 §r§3 §r§3 §r§7 §r§8 
19:29:00  
19:29:00   
19:29:01  
19:29:01   
19:29:22 §8 §r§8 §r§1 §r§3 §r§3 §r§7 §r§8 
19:29:24  
19:29:24   
19:29:26  
19:29:26   
19:30:25  
19:30:25   
19:31:25  
19:31:25   
19:32:25  
19:32:25   
19:33:26  
19:33:26   
19:34:26  
19:34:26   
19:35:26  
19:35:26   
19:36:16 §8 §r§8 §r§1 §r§3 §r§3 §r§7 §r§8 
19:36:20  
19:36:20   
19:36:22 §8 §r§8 §r§1 §r§3 §r§3 §r§7 §r§8 
19:36:25  
19:36:25   
19:36:30  
19:36:30   
19:36:52 §8 §r§8 §r§1 §r§3 §r§3 §r§7 §r§8 
19:36:56  
19:36:56   
19:36:58 §8 §r§8 §r§1 §r§3 §r§3 §r§7 §r§8 
19:41:05 
19:41:05 
20:03:13 
20:03:13 
20:15:06 §8 §r§8 §r§1 §r§3 §r§3 §r§7 §r§8 
20:15:10 §8 §r§8 §r§1 §r§3 §r§3 §r§7 §r§8 
20:39:13 
20:39:13 
20:51:14 
20:52:10 §8 §r§8 §r§1 §r§3 §r§3 §r§7 §r§8 
20:52:14  
20:52:14   
20:52:15 §8 §r§8 §r§1 §r§3 §r§3 §r§7 §r§8 
20:52:47 §8 §r§8 §r§1 §r§3 §r§3 §r§7 §r§8 
20:52:50  
20:52:50   
20:52:51 §8 §r§8 §r§1 §r§3 §r§3 §r§7 §r§8 
21:00:10 §f
21:00:10 §c
21:01:55 §8 §r§8 §r§1 §r§3 §r§3 §r§7 §r§8 
21:01:59 §8 §r§8 §r§1 §r§3 §r§3 §r§7 §r§8 
21:02:50 §8 §r§8 §r§1 §r§3 §r§3 §r§7 §r§8 
21:02:54  
21:02:54   
21:03:04  
21:03:04   
21:04:04  
21:04:05   
21:05:05  
21:05:05   
21:06:06  
21:06:06   
21:07:07  
21:07:07   
21:08:08  
21:08:08   
21:09:08  
21:09:08   
21:10:09  
21:10:09   
21:10:22 
21:10:22 
21:11:10  
21:11:10   
21:12:10  
21:12:10   
21:13:07 
21:13:07 
21:13:11  
21:13:11   
21:13:40 §8 §r§8 §r§1 §r§3 §r§3 §r§7 §r§8 
21:13:44  
21:13:44   
21:14:38  
21:14:38   
21:15:38  
21:15:38   
21:16:39  
21:16:39   
21:17:39  
21:17:39   
21:18:40  
21:18:40   
21:19:40  
21:19:40   
21:19:44 §8 §r§8 §r§1 §r§3 §r§3 §r§7 §r§8 
21:19:47  
21:19:47   
21:19:48  
21:19:48   
21:19:52 §8 §r§8 §r§1 §r§3 §r§3 §r§7 §r§8 
21:19:56  
21:19:56   
21:20:41  
21:20:41   
21:21:41  
21:21:41   
21:22:13 §8 §r§8 §r§1 §r§3 §r§3 §r§7 §r§8 
21:22:16  
21:22:16   
21:22:17  
21:22:17   
21:22:19 §8 §r§8 §r§1 §r§3 §r§3 §r§7 §r§8 
21:22:23  
21:22:23   
21:22:38 §8 §r§8 §r§1 §r§3 §r§3 §r§7 §r§8 
21:22:41  
21:22:41   
21:22:42  
21:22:42   
21:23:42  
21:23:42   
21:24:42  
21:24:42   
21:25:43  
21:25:43   
21:26:43  
21:26:43   
21:27:43  
21:27:43   
21:28:43  
21:28:43   
21:29:44  
21:29:44   
21:30:44  
21:30:44   
21:31:44  
21:31:44   
21:32:44  
21:32:44   
21:33:44  
21:33:44   
21:34:44  
21:34:44   
21:35:45  
21:35:45   
21:36:45  
21:36:45   
21:37:45  
21:37:45   
21:38:45  
21:38:45   
21:39:45  
21:39:45   
21:40:45  
21:40:45   
21:41:46  
21:41:46   
21:42:46  
21:42:46   
21:43:46  
21:43:46   
21:44:46  
21:44:46   
21:45:46  
21:45:46   
21:46:46  
21:46:46   
21:47:47  
21:47:47   
21:48:47  
21:48:47   
21:49:47  
21:49:47   
21:50:47  
21:50:47   
21:51:47  
21:51:47   
21:52:48  
21:52:48   
21:53:48  
21:53:48   
21:54:48  
21:54:48   
21:55:48  
21:55:48   
21:56:48  
21:56:48   
21:57:48  
21:57:48   
21:58:49  
21:58:49   
21:59:49  
21:59:49   
22:00:49  
22:00:49   
22:01:49  
22:01:49   
22:02:49  
22:02:49   
22:03:49  
22:03:49   
22:04:50  
22:04:50   
22:05:50  
22:05:50   
22:06:50  
22:06:50   
22:07:50  
22:07:50   
22:08:50  
22:08:50   
22:09:50  
22:09:50   
22:10:51  
22:10:51   
22:11:51  
22:11:51   
22:12:51  
22:12:51   
22:13:51  
22:13:51   
22:14:52  
22:14:52   
22:15:52  
22:15:52   
22:16:52  
22:16:52   
22:17:52  
22:17:52   
22:18:52  
22:18:52   
22:19:53  
22:19:53   
22:20:53  
22:20:53   
22:21:53  
22:21:53   
22:22:53  
22:22:53   
22:23:53  
22:23:53   
22:24:54  
22:24:54   
22:25:54  
22:25:54   
22:26:54  
22:26:54   
22:27:54  
22:27:54   
22:28:54  
22:28:54   
22:29:55  
22:29:55   
22:30:55  
22:30:55   
22:31:55  
22:31:55   
22:32:55  
22:32:55   
22:33:55  
22:33:55   
22:34:55  
22:34:55   
22:35:56  
22:35:56   
22:36:56  
22:36:56   
22:37:56  
22:37:56   
22:38:56  
22:38:56   
22:39:57  
22:39:57   
22:40:57  
22:40:57   
22:41:57  
22:41:57   
22:42:57  
22:42:57   
22:43:58  
22:43:58   
22:44:58  
22:44:58   
22:45:58  
22:45:58   
22:46:59  
22:46:59   
22:47:59  
22:47:59   
22:49:00  
22:49:00   
22:50:00  
22:50:00   
22:51:00  
22:51:00   
22:52:00  
22:52:00   
22:53:00  
22:53:00   
22:54:01  
22:54:01   
22:55:01  
22:55:01   
22:56:01  
22:56:01   
22:57:01  
22:57:01   
22:58:01  
22:58:01   
22:59:01  
22:59:01   
23:00:01  
23:00:01   
23:00:10 §f
23:00:10 §c
23:01:01  
23:01:01   
23:02:01  
23:02:01   
23:03:02  
23:03:02   
23:04:02  
23:04:02   
23:05:02  
23:05:02   
23:06:02  
23:06:02   
23:07:03  
23:07:03   
23:08:03  
23:08:03   
23:09:03  
23:09:03   
23:10:03  
23:10:03   
23:11:03  
23:11:03   
23:12:04  
23:12:04   
23:13:04  
23:13:04   
23:14:04  
23:14:04   
23:15:04  
23:15:04   
23:16:04  
23:16:04   
23:17:04  
23:17:04   
23:18:05  
23:18:05   
23:19:05  
23:19:05   
23:20:05  
23:20:05   
23:21:05  
23:21:05   
23:22:05  
23:22:05   
23:23:05  
23:23:05   
23:24:06  
23:24:06   
23:25:06  
23:25:06   
23:26:06  
23:26:06   
23:27:06  
23:27:06   
23:28:06  
23:28:06   
23:29:06  
23:29:06   
23:30:07  
23:30:07   
23:31:07  
23:31:07   
23:32:07  
23:32:07   
23:33:07  
23:33:07   
23:34:07  
23:34:07   
23:35:07  
23:35:07   
23:36:07  
23:36:07   
23:37:08  
23:37:08   
23:38:08  
23:38:08   
23:39:08  
23:39:08   
23:40:08  
23:40:08   
23:41:08  
23:41:08   
23:42:08  
23:42:08   
23:42:46 §8 §r§8 §r§1 §r§3 §r§3 §r§7 §r§8 
23:42:49  
23:42:49   
23:42:50  
23:42:50   
23:43:00 §8 §r§8 §r§1 §r§3 §r§3 §r§7 §r§8 
23:43:04  
23:43:04   
23:43:32  
23:43:32   
23:44:30 §8 §r§8 §r§1 §r§3 §r§3 §r§7 §r§8 
23:44:34  
23:44:34   
23:44:35  
23:44:35   
23:45:35  
23:45:35   
23:46:35  
23:46:35   
23:47:35  
23:47:35   
23:48:35  
23:48:35   
23:49:24 
23:49:35  
23:49:35   
23:50:35  
23:50:35   
23:51:36  
23:51:36   
23:52:36  
23:52:36   
23:53:36  
23:53:36   
23:54:36  
23:54:36   
23:55:36  
23:55:36   
23:56:36  
23:56:36   
23:57:36  
23:57:36   
23:58:36  
23:58:36   
23:59:36  
23:59:36   
00:00:36  
00:00:36   
00:01:37  
00:01:37   
00:02:32 
00:02:32 
00:02:37  
00:02:37   
00:03:37  
00:03:37   
00:04:37  
00:04:37   
00:05:37  
00:05:37   
00:06:37  
00:06:37   
00:07:37  
00:07:37   
00:08:37  
00:08:37   
00:09:37  
00:09:37   
00:10:11 §8 §r§8 §r§1 §r§3 §r§3 §r§7 §r§8 
00:10:15  
00:10:15   
00:10:15  
00:10:15   
00:10:15  
00:10:15   
00:10:15  
00:10:15   
00:10:25 §8 §r§8 §r§1 §r§3 §r§3 §r§7 §r§8 
00:10:29  
00:10:29   
00:10:29  
00:10:29   
00:10:30  
00:10:30   
00:10:30  
00:10:30   
00:11:30  
00:11:30   
00:11:30  
00:11:30   
00:12:30  
00:12:30   
00:12:30  
00:12:30   
00:13:30  
00:13:30   
00:13:30  
00:13:30   
00:14:30  
00:14:30   
00:14:30  
00:14:30   
00:15:30  
00:15:30   
00:15:30  
00:15:30   
00:16:30  
00:16:30   
00:16:30  
00:16:30   
00:17:30  
00:17:30   
00:17:30  
00:17:30   
00:18:30  
00:18:30   
00:18:30  
00:18:30   
00:19:30  
00:19:30   
00:19:30  
00:19:30   
00:20:31  
00:20:31   
00:20:31  
00:20:31   
00:21:31  
00:21:31   
00:21:31  
00:21:31   
00:22:31  
00:22:31   
00:22:31  
00:22:31   
00:23:31  
00:23:31   
00:23:31  
00:23:31   
00:24:31  
00:24:31   
00:24:31  
00:24:31   
00:25:31  
00:25:31   
00:25:31  
00:25:31   
00:26:31  
00:26:31   
00:26:31  
00:26:31   
00:27:31  
00:27:31   
00:27:31  
00:27:31   
00:28:31  
00:28:31   
00:28:31  
00:28:31   
00:29:31  
00:29:31   
00:29:31  
00:29:31   
00:30:31  
00:30:31   
00:30:31  
00:30:31   
00:31:31  
00:31:31   
00:31:31  
00:31:31   
00:32:31  
00:32:31   
00:32:31  
00:32:31   
00:33:31  
00:33:31   
00:33:31  
00:33:31   
00:34:31  
00:34:31   
00:34:31  
00:34:31   
00:35:31  
00:35:31   
00:35:31  
00:35:31   
00:36:31  
00:36:31   
00:36:31  
00:36:31   
00:37:32  
00:37:32   
00:37:32  
00:37:32   
00:38:32  
00:38:32   
00:38:32  
00:38:32   
00:39:32  
00:39:32   
00:39:32  
00:39:32   
00:40:32  
00:40:32   
00:40:32  
00:40:32   
00:41:32  
00:41:32   
00:41:32  
00:41:32   
00:42:32  
00:42:32   
00:42:32  
00:42:32   
00:43:32  
00:43:32   
00:43:32  
00:43:32   
00:44:32  
00:44:32   
00:44:32  
00:44:32   
00:45:32  
00:45:32   
00:45:32  
00:45:32   
00:46:32  
00:46:32   
00:46:32  
00:46:32   
00:47:32  
00:47:32   
00:47:32  
00:47:32   
00:48:32  
00:48:32   
00:48:32  
00:48:32   
00:49:32  
00:49:32   
00:49:32  
00:49:32   
00:50:32  
00:50:32   
00:50:32  
00:50:32   
00:51:32  
00:51:32   
00:51:32  
00:51:32   
00:52:32  
00:52:32   
00:52:32  
00:52:32   
00:53:32  
00:53:32   
00:53:32  
00:53:32   
00:54:32  
00:54:32   
00:54:32  
00:54:32   
00:55:32  
00:55:32   
00:55:32  
00:55:32   
00:56:32  
00:56:32   
00:56:32  
00:56:32   
00:57:32  
00:57:32   
00:57:32  
00:57:32   
00:58:32  
00:58:32   
00:58:32  
00:58:32   
00:59:32  
00:59:32   
00:59:32  
00:59:32   
01:00:10 §f
01:00:10 §c
01:00:32  
01:00:32   
01:00:32  
01:00:32   
01:01:32  
01:01:32   
01:01:32  
01:01:32   
01:02:32  
01:02:32   
01:02:32  
01:02:32   
01:03:33  
01:03:33   
01:03:33  
01:03:33   
01:04:33  
01:04:33   
01:04:33  
01:04:33   
01:05:33  
01:05:33   
01:05:33  
01:05:33   
01:06:33  
01:06:33   
01:06:33  
01:06:33   
01:07:33  
01:07:33   
01:07:33  
01:07:33   
01:08:33  
01:08:33   
01:08:33  
01:08:33   
01:09:33  
01:09:33   
01:09:33  
01:09:33   
01:10:33  
01:10:33   
01:10:33  
01:10:33   
01:10:58 
01:10:58 
01:11:04 
01:11:04 
01:11:05 
01:11:05 
01:11:33  
01:11:33   
01:11:33  
01:11:33   
01:12:33  
01:12:33   
01:12:33  
01:12:33   
01:13:33  
01:13:33   
01:13:33  
01:13:33   
01:14:33  
01:14:33   
01:15:33  
01:15:33   
01:16:33  
01:16:33   
01:17:33  
01:17:33   
01:18:33  
01:18:33   
01:19:07 §8 §r§8 §r§1 §r§3 §r§3 §r§7 §r§8 
01:19:10  
01:19:10   
01:19:11  
01:19:11   
01:20:11  
01:20:11   
01:20:16 §8 §r§8 §r§1 §r§3 §r§3 §r§7 §r§8 
01:20:19  
01:20:19   
01:20:20  
01:20:20   
01:21:20  
01:21:20   
01:22:20  
01:22:20   
01:23:20  
01:23:20   
01:24:08 
01:24:20  
01:24:20   
01:25:20  
01:25:20   
01:26:20  
01:26:20   
01:27:20  
01:27:20   
01:28:20  
01:28:20   
01:29:20  
01:29:20   
01:30:20  
01:30:20   
01:31:21  
01:31:21   
01:32:21  
01:32:21   
01:33:21  
01:33:21   
01:34:21  
01:34:21   
01:35:21  
01:35:21   
01:36:21  
01:36:21   
01:37:21  
01:37:21   
01:38:21  
01:38:21   
01:39:21  
01:39:21   
01:40:21  
01:40:21   
01:41:21  
01:41:21   
01:42:21  
01:42:21   
01:43:21  
01:43:21   
01:44:21  
01:44:21   
01:45:21  
01:45:21   
01:46:21  
01:46:21   
01:47:21  
01:47:21   
01:48:21  
01:48:22   
01:49:22  
01:49:22   
01:50:22  
01:50:22   
01:51:22  
01:51:22   
01:52:22  
01:52:22   
01:53:22  
01:53:22   
01:54:22  
01:54:22   
01:55:22  
01:55:22   
01:55:32 §8 §r§8 §r§1 §r§3 §r§3 §r§7 §r§8 
01:55:36  
01:55:36   
01:55:52 
01:55:52 
01:55:57  
01:55:57   
01:56:58  
01:56:58   
01:57:58  
01:57:58   
01:58:59  
01:58:59   
