17:25:51 §bNew day! §r§eYour §r§2Sky Mall §r§ebuff changed!
17:25:51 §eNew buff§r§r§r: §r§fGain §r§6+50☘ Mining Fortune§r§f.
17:25:51 §8§oYou can disable this messaging by toggling Sky Mall in your /hotm!
17:35:00 §bNew day! §r§eYour §r§2Sky Mall §r§ebuff changed!
17:35:00 §eNew buff§r§r§r: §r§fGain §r§6+50☘ Mining Fortune§r§f.
17:35:00 §8§oYou can disable this messaging by toggling Sky Mall in your /hotm!
17:55:00 §bNew day! §r§eYour §r§2Sky Mall §r§ebuff changed!
17:55:00 §eNew buff§r§r§r: §r§f§r§a-20%§r§f Pickaxe Ability cooldowns.
17:55:00 §8§oYou can disable this messaging by toggling Sky Mall in your /hotm!
18:15:01 §bNew day! §r§eYour §r§2Sky Mall §r§ebuff changed!
18:15:01 §eNew buff§r§r§r: §r§f§r§a10x §r§fchance to find Golden and Diamond Goblins.
18:15:01 §8§oYou can disable this messaging by toggling Sky Mall in your /hotm!
18:35:01 §bNew day! §r§eYour §r§2Sky Mall §r§ebuff changed!
18:35:01 §eNew buff§r§r§r: §r§fGain §r§a+15% §r§fmore Powder while mining.
18:35:01 §8§oYou can disable this messaging by toggling Sky Mall in your /hotm!
18:55:00 §bNew day! §r§eYour §r§2Sky Mall §r§ebuff changed!
18:55:00 §eNew buff§r§r§r: §r§fGain §r§6+100⸕ Mining Speed§r§f.
18:55:00 §8§oYou can disable this messaging by toggling Sky Mall in your /hotm!
19:15:01 §bNew day! §r§eYour §r§2Sky Mall §r§ebuff changed!
19:15:01 §eNew buff§r§r§r: §r§fGain §r§a+15% §r§fmore Powder while mining.
19:15:01 §8§oYou can disable this messaging by toggling Sky Mall in your /hotm!
19:35:00 §bNew day! §r§eYour §r§2Sky Mall §r§ebuff changed!
19:35:00 §eNew buff§r§r§r: §r§fGain §r§6+50☘ Mining Fortune§r§f.
19:35:00 §8§oYou can disable this messaging by toggling Sky Mall in your /hotm!
19:55:00 §bNew day! §r§eYour §r§2Sky Mall §r§ebuff changed!
19:55:00 §eNew buff§r§r§r: §r§f§r§a-20%§r§f Pickaxe Ability cooldowns.
19:55:00 §8§oYou can disable this messaging by toggling Sky Mall in your /hotm!
20:15:01 §bNew day! §r§eYour §r§2Sky Mall §r§ebuff changed!
20:15:01 §eNew buff§r§r§r: §r§fGain §r§a+15% §r§fmore Powder while mining.
20:15:01 §8§oYou can disable this messaging by toggling Sky Mall in your /hotm!
20:35:00 §bNew day! §r§eYour §r§2Sky Mall §r§ebuff changed!
20:35:00 §eNew buff§r§r§r: §r§fGain §r§a5x §r§9Titanium §r§fdrops
20:35:00 §8§oYou can disable this messaging by toggling Sky Mall in your /hotm!
20:55:01 §bNew day! §r§eYour §r§2Sky Mall §r§ebuff changed!
20:55:01 §eNew buff§r§r§r: §r§f§r§a10x §r§fchance to find Golden and Diamond Goblins.
20:55:01 §8§oYou can disable this messaging by toggling Sky Mall in your /hotm!
