04:11:42 §f §r§r§r§f §r§r§r§1 §r§r§r§0 §r§r§r§2 §r§r§r§f §r§r§r§f §r§r§r§2 §r§r§r§0 §r§r§r§4 §r§r§r§3 §r§r§r§9 §r§r§r§2 §r§r§r§0 §r§r§r§0 §r§r§r§3 §r§r§r§9 §r§r§r§2 §r§r§r§0 §r§r§r§0 §r§r§r§3 §r§r§r§9 §r§r§r§2 §r§r§r§0 §r§r§r§0 
04:11:42 
04:11:45 §8 §r§8 §r§1 §r§3 §r§3 §r§7 §r§8 
04:11:47 
04:11:47 
04:11:49  
04:11:49   
04:11:49 §f
04:12:22 §f
04:12:22  
04:12:22   
04:13:23  
04:13:23   
04:14:24  
04:14:24   
04:15:02 §8 §r§8 §r§1 §r§3 §r§3 §r§7 §r§8 
04:15:06  
04:15:06   
04:15:23 §8 §r§8 §r§1 §r§3 §r§3 §r§7 §r§8 
04:15:26  
04:15:26   
04:15:27 §8 §r§8 §r§1 §r§3 §r§3 §r§7 §r§8 
04:15:30  
04:15:30   
04:15:52 
04:15:52 
04:15:57  
04:15:57   
04:16:58  
04:16:58   
04:18:00  
04:18:00   
04:19:01  
04:19:01   
04:20:02  
04:20:02   
04:21:03  
04:21:03   
04:22:04  
04:22:04   
04:23:05  
04:23:05   
04:24:06  
04:24:06   
04:25:07  
04:25:07   
04:26:08  
04:26:08   
04:27:09  
04:27:09   
04:28:10  
04:28:10   
04:29:11  
04:29:11   
04:30:12  
04:30:12   
04:31:12  
04:31:12   
04:32:14  
04:32:14   
04:33:15  
04:33:15   
04:34:16  
04:34:16   
04:35:17  
04:35:17   
04:36:18  
04:36:18   
04:37:19  
04:37:19   
04:38:19  
04:38:19   
04:39:20  
04:39:20   
04:40:21  
04:40:21   
04:41:21  
04:41:21   
04:42:22  
04:42:22   
04:43:23  
04:43:23   
04:44:24  
04:44:24   
04:45:25  
04:45:25   
04:46:26  
04:46:26   
04:47:27  
04:47:27   
04:47:33 §f
04:48:28  
04:48:28   
04:49:29  
04:49:29   
04:50:30  
04:50:30   
04:51:33  
04:51:33   
04:52:34  
04:52:34   
04:53:35  
04:53:35   
04:54:13 
04:54:36  
04:54:36   
04:55:36  
04:55:36   
04:56:37  
04:56:37   
04:57:38  
04:57:38   
04:58:39  
04:58:39   
04:59:40  
04:59:40   
05:00:09 §f
05:00:09 §c
05:00:41  
05:00:41   
05:01:42  
05:01:42   
05:02:43  
05:02:43   
05:03:43  
05:03:43   
05:04:44  
05:04:44   
05:05:45  
05:05:45   
05:06:46  
05:06:46   
05:07:47  
05:07:47   
05:08:48  
05:08:48   
05:09:49  
05:09:49   
05:10:50  
05:10:50   
05:11:51  
05:11:51   
05:12:51  
05:12:51   
05:13:52  
05:13:52   
05:14:53  
05:14:53   
05:15:54  
05:15:54   
05:16:38 §8 §r§8 §r§1 §r§3 §r§3 §r§7 §r§8 
05:16:42  
05:16:42   
05:17:17  
05:17:17   
05:18:18  
05:18:18   
05:19:15 
05:19:15 
05:19:18  
05:19:18   
05:20:19  
05:20:19   
05:21:19  
05:21:19   
05:22:20  
05:22:20   
05:23:20  
05:23:20   
05:24:21  
05:24:21   
05:25:22  
05:25:22   
05:26:22  
05:26:22   
05:27:23  
05:27:23   
05:28:23  
05:28:23   
05:29:24  
05:29:24   
05:30:24  
05:30:24   
05:31:25  
05:31:25   
05:31:34 §f                                        
05:32:26  
05:32:26   
05:33:26  
05:33:26   
05:34:27  
05:34:27   
05:35:27  
05:35:27   
05:36:28  
05:36:28   
05:37:28  
05:37:28   
05:38:29  
05:38:29   
05:39:29  
05:39:29   
05:40:30  
05:40:30   
05:41:30  
05:41:30   
05:42:31  
05:42:31   
05:43:31  
05:43:31   
05:44:32  
05:44:32   
05:45:32  
05:45:32   
05:46:33  
05:46:33   
05:47:33  
05:47:33   
05:48:34  
05:48:34   
05:49:34  
05:49:34   
05:49:43 
05:50:35  
05:50:35   
05:51:32 §f                                        
05:51:32 §f                                        
05:51:35  
05:51:35   
05:52:36  
05:52:36   
05:53:36  
05:53:36   
05:54:37  
05:54:37   
05:55:37  
05:55:37   
05:56:38  
05:56:38   
05:56:44 §8 §r§8 §r§1 §r§3 §r§3 §r§7 §r§8 
05:56:48  
05:56:48   
05:57:05 §8 §r§8 §r§1 §r§3 §r§3 §r§7 §r§8 
05:57:09  
05:57:09   
05:57:09  
05:57:09   
05:57:11 §8 §r§8 §r§1 §r§3 §r§3 §r§7 §r§8 
05:57:15  
05:57:15   
05:57:24  
05:57:24   
05:58:25  
05:58:25   
05:59:25  
05:59:25   
06:00:26  
06:00:26   
06:01:26  
06:01:26   
06:02:27  
06:02:27   
06:03:28  
06:03:28   
06:04:28  
06:04:28   
06:05:14 §8 §r§8 §r§1 §r§3 §r§3 §r§7 §r§8 
06:05:18  
06:05:18   
06:05:47  
06:05:47   
06:06:48  
06:06:48   
06:07:49  
06:07:49   
06:08:49  
06:08:49   
06:09:50  
06:09:50   
06:10:51  
06:10:51   
06:11:52  
06:11:52   
06:12:53  
06:12:53   
06:13:54  
06:13:54   
06:14:51 
06:14:51 
06:14:55  
06:14:55   
06:15:56  
06:15:56   
06:16:54 
06:16:54 
06:16:57  
06:16:57   
06:17:58  
06:17:58   
06:18:59  
06:18:59   
06:20:00  
06:20:00   
06:21:01  
06:21:01   
06:22:02  
06:22:02   
06:23:03  
06:23:03   
06:24:04  
06:24:04   
06:25:05  
06:25:05   
06:26:06  
06:26:06   
06:27:07  
06:27:07   
06:28:07  
06:28:07   
06:29:08  
06:29:08   
06:30:09  
06:30:09   
06:31:10  
06:31:10   
06:32:11  
06:32:11   
06:33:12  
06:33:12   
06:34:13  
06:34:13   
06:35:14  
06:35:14   
06:36:15  
06:36:15   
06:37:12 
06:37:12 
06:37:15  
06:37:15   
06:38:17  
06:38:17   
06:39:17  
06:39:17   
06:39:30 §f §r§r§r§f §r§r§r§1 §r§r§r§0 §r§r§r§2 §r§r§r§f §r§r§r§f §r§r§r§2 §r§r§r§0 §r§r§r§4 §r§r§r§3 §r§r§r§9 §r§r§r§2 §r§r§r§0 §r§r§r§0 §r§r§r§3 §r§r§r§9 §r§r§r§2 §r§r§r§0 §r§r§r§0 §r§r§r§3 §r§r§r§9 §r§r§r§2 §r§r§r§0 §r§r§r§0 
06:39:30 
07:00:09 §f
07:00:09 §c
