18:21:46 `321xdfbzr1`124 missed {
 is already Found: false).
 Position: LorenzVec{x=-15.5, y=201.0, z=-98.5}
 DistanceC: 23.00060132012004
Relative Position: LorenzVec{x=21.371404262533446, y=1.0, z=23.00060132012004}
 }
18:22:46 `90823joo4p`5 missed {
 is already Found: false).
 Position: LorenzVec{x=13.5, y=201.0, z=-148.5}
 DistanceC: 17.59096895995573
Relative Position: LorenzVec{x=-17.59096895995573, y=-2.0, z=6.291302206147776}
 }
18:22:46 `c7uvluf1pv`136 missed {
 is already Found: false).
 Position: LorenzVec{x=29.5, y=201.93125, z=-151.5}
 DistanceC: 3.291302206147776
Relative Position: LorenzVec{x=-1.590968959955731, y=-1.0687499999999943, z=3.291302206147776}
 }
18:22:46 `ir3454sv30`137 missed {
 is already Found: false).
 Position: LorenzVec{x=33.5, y=201.93125, z=-139.5}
 DistanceC: 15.291302206147776
Relative Position: LorenzVec{x=2.409031040044269, y=-1.0687499999999943, z=15.291302206147776}
 }
18:22:46 `01h49h2t93`1 missed {
 is already Found: false).
 Position: LorenzVec{x=32.0, y=202.0, z=-154.5}
 DistanceC: 0.9090310400442689
Relative Position: LorenzVec{x=0.9090310400442689, y=-1.0, z=0.29130220614777613}
 }
18:22:46 `uj66fofpq2`134 missed {
 is already Found: false).
 Position: LorenzVec{x=35.5, y=201.93125, z=-148.5}
 DistanceC: 6.291302206147776
Relative Position: LorenzVec{x=4.409031040044269, y=-1.0687499999999943, z=6.291302206147776}
 }
18:22:46 `34p35f1zn9`135 missed {
 is already Found: false).
 Position: LorenzVec{x=37.5, y=201.93125, z=-150.5}
 DistanceC: 6.409031040044269
Relative Position: LorenzVec{x=6.409031040044269, y=-1.0687499999999943, z=4.291302206147776}
 }
18:23:25 `ir3454sv30`137 missed {
 is already Found: false).
 Position: LorenzVec{x=33.5, y=201.93125, z=-139.5}
 DistanceC: 12.231322540609554
Relative Position: LorenzVec{x=-11.276775171531298, y=-0.06874999999999432, z=-12.231322540609554}
 }
18:25:29 `21g7vk9e9c`518 missed {
 is already Found: false).
 Position: LorenzVec{x=-62.5, y=77.0, z=84.5}
 DistanceC: 1.800000011920929
Relative Position: LorenzVec{x=-0.39839670539590344, y=1.0, z=1.800000011920929}
 }
18:25:59 `Enderman`6250288 missed {
 is already Found: false).
 Position: LorenzVec{x=-0.7083333333333334, y=100.0, z=57.5}
 DistanceC: 18.16762481115751
Relative Position: LorenzVec{x=3.3278384746480465, y=0.0, z=18.16762481115751}
 }
18:25:59 `Enderman`6250289 missed {
 is already Found: false).
 Position: LorenzVec{x=1.53125, y=100.0, z=54.5}
 DistanceC: 15.16762481115751
Relative Position: LorenzVec{x=5.56742180798138, y=0.0, z=15.16762481115751}
 }
18:25:59 `Enderman`6250290 missed {
 is already Found: false).
 Position: LorenzVec{x=-0.1875, y=100.0, z=57.041666666666664}
 DistanceC: 17.709291477824173
Relative Position: LorenzVec{x=3.84867180798138, y=0.0, z=17.709291477824173}
 }
18:25:59 `Enderman`6250291 missed {
 is already Found: false).
 Position: LorenzVec{x=-0.46875, y=100.0, z=57.53125}
 DistanceC: 18.19887481115751
Relative Position: LorenzVec{x=3.56742180798138, y=0.0, z=18.19887481115751}
 }
18:25:59 `Enderman`6250292 missed {
 is already Found: false).
 Position: LorenzVec{x=0.40625, y=100.0, z=57.59375}
 DistanceC: 18.26137481115751
Relative Position: LorenzVec{x=4.44242180798138, y=0.0, z=18.26137481115751}
 }
18:28:29 `§bSam `6250604 missed {
 is already Found: false).
 Position: LorenzVec{x=6.5, y=99.0, z=20.5}
 DistanceC: 14.115179013056121
Relative Position: LorenzVec{x=-2.452149459779596, y=-1.875, z=-14.115179013056121}
 }
18:29:39 `mm42g26721`112 missed {
 is already Found: false).
 Position: LorenzVec{x=-6.5, y=145.0, z=-18.5}
 DistanceC: 17.5146067010325
Relative Position: LorenzVec{x=-2.379077742962518, y=-2.0, z=17.5146067010325}
 }
18:35:23 `oq9d63wy1p`188 missed {
 is already Found: false).
 Position: LorenzVec{x=-2.5, y=149.0, z=-68.5}
 DistanceC: 18.239919994354473
Relative Position: LorenzVec{x=-12.43016628304958, y=0.0, z=-18.239919994354473}
 }
18:35:44 `Enderman`3420392 missed {
 is already Found: false).
 Position: LorenzVec{x=0.5, y=100.0, z=55.5}
 DistanceC: 15.162989439889692
Relative Position: LorenzVec{x=5.65576761043549, y=0.0, z=15.162989439889692}
 }
18:35:44 `Enderman`3420391 missed {
 is already Found: false).
 Position: LorenzVec{x=-0.3125, y=100.0, z=55.375}
 DistanceC: 15.037989439889692
Relative Position: LorenzVec{x=4.84326761043549, y=0.0, z=15.037989439889692}
 }
18:35:45 `Enderman`3420390 missed {
 is already Found: false).
 Position: LorenzVec{x=0.78125, y=100.0, z=56.71875}
 DistanceC: 16.381739439889692
Relative Position: LorenzVec{x=5.93701761043549, y=0.0, z=16.381739439889692}
 }
18:36:17 `Cow`3433671 missed {
 is already Found: false).
 Position: LorenzVec{x=-1.0625, y=104.0, z=55.71875}
 DistanceC: 15.727190606336528
Relative Position: LorenzVec{x=4.03272506537641, y=4.0, z=15.727190606336528}
 }
18:36:25 `Rabbit`3436269 missed {
 is already Found: false).
 Position: LorenzVec{x=0.5, y=104.0, z=56.5}
 DistanceC: 16.508440606336528
Relative Position: LorenzVec{x=5.59522506537641, y=4.0, z=16.508440606336528}
 }
18:36:43 `Chicken`3442853 missed {
 is already Found: false).
 Position: LorenzVec{x=-2.5, y=104.0, z=55.5}
 DistanceC: 15.508440606336528
Relative Position: LorenzVec{x=2.59522506537641, y=4.0, z=15.508440606336528}
 }
18:36:57 `Cow`3448416 missed {
 is already Found: false).
 Position: LorenzVec{x=1.5, y=104.0, z=55.5}
 DistanceC: 15.508440606336528
Relative Position: LorenzVec{x=6.59522506537641, y=4.0, z=15.508440606336528}
 }
18:37:05 `Enderman`3451142 missed {
 is already Found: false).
 Position: LorenzVec{x=1.5, y=100.0, z=56.5}
 DistanceC: 16.508440606336528
Relative Position: LorenzVec{x=6.59522506537641, y=0.0, z=16.508440606336528}
 }
18:37:10 `Cow`3453086 missed {
 is already Found: false).
 Position: LorenzVec{x=-1.5, y=104.0, z=56.5}
 DistanceC: 16.508440606336528
Relative Position: LorenzVec{x=3.59522506537641, y=4.0, z=16.508440606336528}
 }
18:37:24 `Cow`3458087 missed {
 is already Found: false).
 Position: LorenzVec{x=0.5, y=104.0, z=57.5}
 DistanceC: 17.508440606336528
Relative Position: LorenzVec{x=5.59522506537641, y=4.0, z=17.508440606336528}
 }
18:37:37 `Cow`3462976 missed {
 is already Found: false).
 Position: LorenzVec{x=1.5, y=104.0, z=56.5}
 DistanceC: 16.508440606336528
Relative Position: LorenzVec{x=6.59522506537641, y=4.0, z=16.508440606336528}
 }
18:37:41 `Enderman`3464327 missed {
 is already Found: false).
 Position: LorenzVec{x=-0.0625, y=100.0, z=55.84375}
 DistanceC: 15.852190606336528
Relative Position: LorenzVec{x=5.03272506537641, y=0.0, z=15.852190606336528}
 }
18:38:10 `Enderman`3474778 missed {
 is already Found: false).
 Position: LorenzVec{x=-1.90625, y=100.0, z=56.25}
 DistanceC: 16.258440606336528
Relative Position: LorenzVec{x=3.18897506537641, y=0.0, z=16.258440606336528}
 }
18:38:17 `Enderman`3476716 missed {
 is already Found: false).
 Position: LorenzVec{x=-2.5, y=100.0, z=57.5}
 DistanceC: 17.508440606336528
Relative Position: LorenzVec{x=2.59522506537641, y=0.0, z=17.508440606336528}
 }
18:38:50 `§bSam `3420948 missed {
 is already Found: false).
 Position: LorenzVec{x=6.5, y=99.0, z=20.5}
 DistanceC: 4.791554519570283
Relative Position: LorenzVec{x=-4.791554519570283, y=-8.501533884405319, z=-1.6307867524207111}
 }
18:39:05 `§bSam `3420948 missed {
 is already Found: false).
 Position: LorenzVec{x=6.5, y=99.0, z=20.5}
 DistanceC: 7.469118849900909
Relative Position: LorenzVec{x=-7.469118849900909, y=-4.4950646203298135, z=-0.5368553079703808}
 }
18:39:19 `§bSam `3420948 missed {
 is already Found: false).
 Position: LorenzVec{x=6.5, y=99.0, z=20.5}
 DistanceC: 7.120389784155769
Relative Position: LorenzVec{x=-7.120389784155769, y=-4.941200039172173, z=-4.136514029740976}
 }
18:43:11 `Cow`3587464 missed {
 is already Found: false).
 Position: LorenzVec{x=-1.96875, y=104.0, z=57.0625}
 DistanceC: 15.596466348713264
Relative Position: LorenzVec{x=-9.398478039413948, y=4.0, z=15.596466348713264}
 }
18:43:44 `§bSam `3420948 missed {
 is already Found: false).
 Position: LorenzVec{x=6.5, y=99.0, z=20.5}
 DistanceC: 5.205538435073441
Relative Position: LorenzVec{x=-5.205538435073441, y=-8.132993659646488, z=-1.649325406934608}
 }
18:43:59 `§bSam `3420948 missed {
 is already Found: false).
 Position: LorenzVec{x=6.5, y=99.0, z=20.5}
 DistanceC: 9.722271520324295
Relative Position: LorenzVec{x=-9.722271520324295, y=-1.8548932993483618, z=-6.800000011920922}
 }
18:44:16 `§bSam `3420948 missed {
 is already Found: false).
 Position: LorenzVec{x=6.5, y=99.0, z=20.5}
 DistanceC: 12.2192309807835
Relative Position: LorenzVec{x=-12.2192309807835, y=-3.0, z=-7.244567932380175}
 }
18:46:34 `Cave Spider`3601713 missed {
 is already Found: false).
 Position: LorenzVec{x=-3.375, y=99.0, z=-41.375}
 DistanceC: 15.35986244927746
Relative Position: LorenzVec{x=-15.35986244927746, y=-2.0, z=-12.626226646542342}
 }
18:46:34 `Cave Spider`3618384 missed {
 is already Found: false).
 Position: LorenzVec{x=-3.375, y=99.0, z=-41.375}
 DistanceC: 15.35986244927746
Relative Position: LorenzVec{x=-15.35986244927746, y=-2.0, z=-12.626226646542342}
 }
18:46:34 `Cave Spider`3634823 missed {
 is already Found: false).
 Position: LorenzVec{x=-3.6875, y=99.0, z=-41.375}
 DistanceC: 15.67236244927746
Relative Position: LorenzVec{x=-15.67236244927746, y=-2.0, z=-12.626226646542342}
 }
18:46:34 `Cave Spider`3650915 missed {
 is already Found: false).
 Position: LorenzVec{x=-4.28125, y=99.0, z=-41.375}
 DistanceC: 16.266112449277458
Relative Position: LorenzVec{x=-16.266112449277458, y=-2.0, z=-12.626226646542342}
 }
18:46:34 `Scion `3420532 missed {
 is already Found: false).
 Position: LorenzVec{x=3.09375, y=74.5, z=-44.90625}
 DistanceC: 16.157476646542342
Relative Position: LorenzVec{x=-8.89111244927746, y=-26.5, z=-16.157476646542342}
 }
18:46:34 `Scion `3435277 missed {
 is already Found: false).
 Position: LorenzVec{x=-6.03125, y=99.0, z=-48.0}
 DistanceC: 19.251226646542342
Relative Position: LorenzVec{x=-18.016112449277458, y=-2.0, z=-19.251226646542342}
 }
18:46:34 `Scion `3476715 missed {
 is already Found: false).
 Position: LorenzVec{x=5.4375, y=99.0, z=-46.0625}
 DistanceC: 17.313726646542342
Relative Position: LorenzVec{x=-6.547362449277459, y=-2.0, z=-17.313726646542342}
 }
18:46:34 `Scion `3476717 missed {
 is already Found: false).
 Position: LorenzVec{x=-5.90625, y=99.0, z=-46.03125}
 DistanceC: 17.891112449277458
Relative Position: LorenzVec{x=-17.891112449277458, y=-2.0, z=-17.282476646542342}
 }
18:46:34 `Scion `3522852 missed {
 is already Found: false).
 Position: LorenzVec{x=5.25, y=99.0, z=-45.96875}
 DistanceC: 17.219976646542342
Relative Position: LorenzVec{x=-6.734862449277459, y=-2.0, z=-17.219976646542342}
 }
18:46:34 `Scion `3611564 missed {
 is already Found: false).
 Position: LorenzVec{x=-6.625, y=99.0, z=-46.125}
 DistanceC: 18.609862449277458
Relative Position: LorenzVec{x=-18.609862449277458, y=-2.0, z=-17.376226646542342}
 }
18:46:34 `Scion `3522851 missed {
 is already Found: false).
 Position: LorenzVec{x=-5.875, y=99.0, z=-46.625}
 DistanceC: 17.876226646542342
Relative Position: LorenzVec{x=-17.859862449277458, y=-2.0, z=-17.876226646542342}
 }
18:46:35 `Scion `3611562 missed {
 is already Found: false).
 Position: LorenzVec{x=-0.0625, y=99.0, z=-48.375}
 DistanceC: 19.626226646542342
Relative Position: LorenzVec{x=-12.04736244927746, y=-2.0, z=-19.626226646542342}
 }
18:46:35 `Scion `3611563 missed {
 is already Found: false).
 Position: LorenzVec{x=2.46875, y=99.0, z=-47.9375}
 DistanceC: 19.188726646542342
Relative Position: LorenzVec{x=-9.51611244927746, y=-2.0, z=-19.188726646542342}
 }
18:46:35 `Scion `3422594 missed {
 is already Found: false).
 Position: LorenzVec{x=-3.072916666666667, y=74.0, z=-47.59375}
 DistanceC: 18.844976646542342
Relative Position: LorenzVec{x=-15.057779115944125, y=-27.0, z=-18.844976646542342}
 }
18:46:39 `Cave Spider`3667547 missed {
 is already Found: false).
 Position: LorenzVec{x=-6.5, y=99.0, z=-43.5}
 DistanceC: 18.484862449277458
Relative Position: LorenzVec{x=-18.484862449277458, y=-2.0, z=-14.751226646542342}
 }
18:47:22 `Cave Spider`3685828 missed {
 is already Found: false).
 Position: LorenzVec{x=-5.5, y=99.0, z=-43.5}
 DistanceC: 17.484862449277458
Relative Position: LorenzVec{x=-17.484862449277458, y=-2.0, z=-14.751226646542342}
 }
18:48:21 `Rabbit`3594996 missed {
 is already Found: false).
 Position: LorenzVec{x=2.5, y=105.5, z=51.375}
 DistanceC: 13.896922690187347
Relative Position: LorenzVec{x=13.896922690187347, y=0.625, z=7.895453648761226}
 }
18:49:07 `§bSam `3420948 missed {
 is already Found: false).
 Position: LorenzVec{x=6.5, y=99.0, z=20.5}
 DistanceC: 13.086345421815167
Relative Position: LorenzVec{x=-11.517024916957197, y=-1.0, z=-13.086345421815167}
 }
18:49:11 `Cow`3723168 missed {
 is already Found: false).
 Position: LorenzVec{x=0.5, y=104.0, z=54.5}
 DistanceC: 20.913654578184833
Relative Position: LorenzVec{x=-17.517024916957197, y=4.0, z=20.913654578184833}
 }
18:49:12 `Enderman`3723558 missed {
 is already Found: false).
 Position: LorenzVec{x=1.5, y=100.0, z=53.5}
 DistanceC: 19.913654578184833
Relative Position: LorenzVec{x=-16.517024916957197, y=0.0, z=19.913654578184833}
 }
18:49:21 `Enderman`3726597 missed {
 is already Found: false).
 Position: LorenzVec{x=-2.5, y=100.0, z=54.5}
 DistanceC: 20.913654578184833
Relative Position: LorenzVec{x=-20.517024916957197, y=0.0, z=20.913654578184833}
 }
18:49:24 `Cow`3727866 missed {
 is already Found: false).
 Position: LorenzVec{x=-0.5, y=104.0, z=55.5}
 DistanceC: 21.913654578184833
Relative Position: LorenzVec{x=-18.517024916957197, y=4.0, z=21.913654578184833}
 }
18:49:26 `Chicken`3728652 missed {
 is already Found: false).
 Position: LorenzVec{x=-2.5, y=104.0, z=53.5}
 DistanceC: 20.517024916957197
Relative Position: LorenzVec{x=-20.517024916957197, y=4.0, z=19.913654578184833}
 }
18:49:45 `§bSam `3420948 missed {
 is already Found: false).
 Position: LorenzVec{x=6.5, y=99.0, z=20.5}
 DistanceC: 19.104983688010293
Relative Position: LorenzVec{x=-0.813595180454362, y=-1.0, z=-19.104983688010293}
 }
18:49:52 `Blaze`3677648 missed {
 is already Found: false).
 Position: LorenzVec{x=38.59375, y=106.0, z=11.3125}
 DistanceC: 21.414132290156275
Relative Position: LorenzVec{x=21.033218367423522, y=6.0, z=-21.414132290156275}
 }
18:49:52 `Blaze`3719599 missed {
 is already Found: false).
 Position: LorenzVec{x=38.65625, y=106.0, z=11.34375}
 DistanceC: 21.382882290156275
Relative Position: LorenzVec{x=21.095718367423522, y=6.0, z=-21.382882290156275}
 }
18:49:53 `Blaze`3708242 missed {
 is already Found: false).
 Position: LorenzVec{x=38.5, y=106.0, z=10.9375}
 DistanceC: 21.789132290156275
Relative Position: LorenzVec{x=20.939468367423522, y=6.0, z=-21.789132290156275}
 }
18:49:53 `Blaze`3694517 missed {
 is already Found: false).
 Position: LorenzVec{x=35.5625, y=106.0, z=10.75}
 DistanceC: 21.976632290156275
Relative Position: LorenzVec{x=18.001968367423522, y=6.0, z=-21.976632290156275}
 }
18:49:58 `Rabbit`3740104 missed {
 is already Found: false).
 Position: LorenzVec{x=0.20254629629629628, y=104.42592592592592, z=52.28587962962963}
 DistanceC: 19.55924733947336
Relative Position: LorenzVec{x=-17.35798533628018, y=4.425925925925924, z=19.55924733947336}
 }
18:50:02 `Chicken`3741620 missed {
 is already Found: false).
 Position: LorenzVec{x=-0.5, y=104.0, z=53.5}
 DistanceC: 20.773367709843725
Relative Position: LorenzVec{x=-18.060531632576478, y=4.0, z=20.773367709843725}
 }
18:50:03 `Blaze`3677646 missed {
 is already Found: false).
 Position: LorenzVec{x=38.09375, y=106.0, z=11.34375}
 DistanceC: 21.382882290156275
Relative Position: LorenzVec{x=20.533218367423522, y=6.0, z=-21.382882290156275}
 }
18:50:12 `Enderman`3745499 missed {
 is already Found: false).
 Position: LorenzVec{x=-2.5, y=100.0, z=54.5}
 DistanceC: 21.773367709843725
Relative Position: LorenzVec{x=-20.060531632576478, y=0.0, z=21.773367709843725}
 }
18:50:15 `Enderman`3746539 missed {
 is already Found: false).
 Position: LorenzVec{x=-1.90625, y=100.0, z=52.46875}
 DistanceC: 19.742117709843725
Relative Position: LorenzVec{x=-19.466781632576478, y=0.0, z=19.742117709843725}
 }
18:50:19 `Chicken`3748175 missed {
 is already Found: false).
 Position: LorenzVec{x=0.5, y=104.0, z=51.5}
 DistanceC: 18.773367709843725
Relative Position: LorenzVec{x=-17.060531632576478, y=4.0, z=18.773367709843725}
 }
18:50:23 `Cow`3747516 missed {
 is already Found: false).
 Position: LorenzVec{x=1.5, y=104.0, z=53.09375}
 DistanceC: 20.367117709843725
Relative Position: LorenzVec{x=-16.060531632576478, y=4.0, z=20.367117709843725}
 }
18:50:24 `Enderman`3584530 missed {
 is already Found: false).
 Position: LorenzVec{x=-1.53125, y=100.0, z=54.0}
 DistanceC: 21.273367709843725
Relative Position: LorenzVec{x=-19.091781632576478, y=0.0, z=21.273367709843725}
 }
18:50:28 `Cow`3742617 missed {
 is already Found: false).
 Position: LorenzVec{x=-2.46875, y=104.0, z=56.84375}
 DistanceC: 20.946879136595825
Relative Position: LorenzVec{x=-18.852449167690427, y=4.0, z=20.946879136595825}
 }
18:50:37 `Chicken`3754497 missed {
 is already Found: false).
 Position: LorenzVec{x=-0.5, y=104.0, z=52.5}
 DistanceC: 19.623817865865902
Relative Position: LorenzVec{x=-17.930239518401457, y=4.0, z=19.623817865865902}
 }
18:50:38 `Enderman`3754797 missed {
 is already Found: false).
 Position: LorenzVec{x=-2.4375, y=100.0, z=53.46875}
 DistanceC: 20.592567865865902
Relative Position: LorenzVec{x=-19.867739518401457, y=0.0, z=20.592567865865902}
 }
18:50:38 `Chicken`3709627 missed {
 is already Found: false).
 Position: LorenzVec{x=1.46875, y=104.0, z=54.53125}
 DistanceC: 21.655067865865902
Relative Position: LorenzVec{x=-15.961489518401457, y=4.0, z=21.655067865865902}
 }
18:50:44 `Cow`3757008 missed {
 is already Found: false).
 Position: LorenzVec{x=1.5, y=104.0, z=54.5}
 DistanceC: 21.623817865865902
Relative Position: LorenzVec{x=-15.930239518401457, y=4.0, z=21.623817865865902}
 }
18:50:46 `Enderman`3543717 missed {
 is already Found: false).
 Position: LorenzVec{x=-2.15625, y=100.0, z=56.25}
 DistanceC: 21.695801936989312
Relative Position: LorenzVec{x=-19.23108416969692, y=0.0, z=21.695801936989312}
 }
18:50:47 `Enderman`3757843 missed {
 is already Found: false).
 Position: LorenzVec{x=-0.59375, y=100.0, z=55.0}
 DistanceC: 20.445801936989312
Relative Position: LorenzVec{x=-17.66858416969692, y=0.0, z=20.445801936989312}
 }
18:50:55 `Chicken`3760925 missed {
 is already Found: false).
 Position: LorenzVec{x=-0.5, y=104.0, z=52.5}
 DistanceC: 17.945801936989312
Relative Position: LorenzVec{x=-17.57483416969692, y=4.0, z=17.945801936989312}
 }
18:51:17 `Enderman`3769479 missed {
 is already Found: false).
 Position: LorenzVec{x=-1.65625, y=100.0, z=52.34375}
 DistanceC: 19.77954330277469
Relative Position: LorenzVec{x=-19.77954330277469, y=0.0, z=19.279140891927973}
 }
18:51:18 `Blaze`3769524 missed {
 is already Found: false).
 Position: LorenzVec{x=37.4375, y=106.0, z=11.5}
 DistanceC: 21.564609108072027
Relative Position: LorenzVec{x=19.31420669722531, y=6.0, z=-21.564609108072027}
 }
18:51:29 `Enderman`3773637 missed {
 is already Found: false).
 Position: LorenzVec{x=0.5, y=100.0, z=53.5}
 DistanceC: 20.435390891927973
Relative Position: LorenzVec{x=-17.62329330277469, y=0.0, z=20.435390891927973}
 }
18:51:30 `Chicken`3773822 missed {
 is already Found: false).
 Position: LorenzVec{x=-2.46875, y=104.0, z=52.53125}
 DistanceC: 20.59204330277469
Relative Position: LorenzVec{x=-20.59204330277469, y=4.0, z=19.466640891927973}
 }
18:51:37 `Cow`3775943 missed {
 is already Found: false).
 Position: LorenzVec{x=-2.5, y=104.0, z=54.5}
 DistanceC: 21.435390891927973
Relative Position: LorenzVec{x=-20.62329330277469, y=4.0, z=21.435390891927973}
 }
18:52:03 `§bSam `3420948 missed {
 is already Found: false).
 Position: LorenzVec{x=6.5, y=99.0, z=20.5}
 DistanceC: 12.307062302472374
Relative Position: LorenzVec{x=-2.952578209339375, y=-9.98301735129175, z=-12.307062302472374}
 }
18:52:35 `§bSam `3420948 missed {
 is already Found: false).
 Position: LorenzVec{x=6.5, y=99.0, z=20.5}
 DistanceC: 23.887417474745227
Relative Position: LorenzVec{x=3.4641689690941924, y=-4.305438451751215, z=23.887417474745227}
 }
18:52:50 `§bSam `3420948 missed {
 is already Found: false).
 Position: LorenzVec{x=6.5, y=99.0, z=20.5}
 DistanceC: 11.914354817300897
Relative Position: LorenzVec{x=-7.32097767545809, y=-5.741574587805147, z=-11.914354817300897}
 }
18:53:35 `Chicken`3813320 missed {
 is already Found: false).
 Position: LorenzVec{x=-2.5625, y=104.0, z=54.53125}
 DistanceC: 18.13533293397443
Relative Position: LorenzVec{x=-18.13533293397443, y=4.0, z=15.450509844173851}
 }
18:53:37 `Cow`3814040 missed {
 is already Found: false).
 Position: LorenzVec{x=-0.53125, y=104.78125, z=53.3125}
 DistanceC: 16.422417662453817
Relative Position: LorenzVec{x=-16.422417662453817, y=4.78125, z=14.473964242090645}
 }
18:55:30 `Blaze`3805864 missed {
 is already Found: false).
 Position: LorenzVec{x=32.3125, y=106.0, z=5.0}
 DistanceC: 20.924278677829978
Relative Position: LorenzVec{x=20.924278677829978, y=6.0, z=-6.571298387061791}
 }
18:55:48 `§bSam `3420948 missed {
 is already Found: false).
 Position: LorenzVec{x=6.5, y=99.0, z=20.5}
 DistanceC: 5.855004121114263
Relative Position: LorenzVec{x=-5.855004121114263, y=-6.784303310172447, z=-2.2543389429241074}
 }
18:56:33 `Zombie`291234 missed {
 is already Found: false).
 Position: LorenzVec{x=52.28125, y=70.0, z=-31.53125}
 DistanceC: 5.630944604636859
Relative Position: LorenzVec{x=5.630944604636859, y=1.0, z=4.768750011920929}
 }
18:56:34 `n261mn469t`342 missed {
 is already Found: false).
 Position: LorenzVec{x=51.5, y=79.0, z=-13.5}
 DistanceC: 22.80000001192093
Relative Position: LorenzVec{x=4.849694604636859, y=10.0, z=22.80000001192093}
 }
18:56:44 `v1le354kz0`338 missed {
 is already Found: false).
 Position: LorenzVec{x=65.5, y=71.0, z=-61.5}
 DistanceC: 19.448119511606983
Relative Position: LorenzVec{x=19.448119511606983, y=3.0, z=-17.302213913677306}
 }
18:57:15 `Enderman`5965195 missed {
 is already Found: false).
 Position: LorenzVec{x=-1.09375, y=100.0, z=54.75}
 DistanceC: 17.395990360490536
Relative Position: LorenzVec{x=-7.629812784095493, y=0.0, z=17.395990360490536}
 }
18:57:15 `Enderman`5965315 missed {
 is already Found: false).
 Position: LorenzVec{x=-0.40625, y=100.0, z=52.90625}
 DistanceC: 15.552240360490536
Relative Position: LorenzVec{x=-6.942312784095493, y=0.0, z=15.552240360490536}
 }
18:57:16 `Enderman`5965566 missed {
 is already Found: false).
 Position: LorenzVec{x=-2.3125, y=100.0, z=56.5625}
 DistanceC: 18.74042279995666
Relative Position: LorenzVec{x=2.573532928580562, y=-5.970441480937453, z=18.74042279995666}
 }
18:57:49 `uqj9564ofl`42 missed {
 is already Found: false).
 Position: LorenzVec{x=530.5, y=106.0, z=556.5}
 DistanceC: 20.09678744285759
Relative Position: LorenzVec{x=13.623204178772312, y=0.0, z=20.09678744285759}
 }
18:57:49 `98srp1h3gc`43 missed {
 is already Found: false).
 Position: LorenzVec{x=495.5, y=106.0, z=556.5}
 DistanceC: 21.376795821227688
Relative Position: LorenzVec{x=-21.376795821227688, y=0.0, z=20.09678744285759}
 }
18:58:51 `Bat`435260 missed {
 is already Found: false).
 Position: LorenzVec{x=644.3229166666667, y=66.67708333333334, z=437.91666666666663}
 DistanceC: 21.233941401993093
Relative Position: LorenzVec{x=-21.233941401993093, y=-1.3229166666666572, z=-0.9724996642747215}
 }
18:58:51 `Bat`435264 missed {
 is already Found: false).
 Position: LorenzVec{x=646.28125, y=66.75, z=441.5}
 DistanceC: 19.275608068659835
Relative Position: LorenzVec{x=-19.275608068659835, y=-1.25, z=2.6108336690586498}
 }
18:58:51 `Bat`435268 missed {
 is already Found: false).
 Position: LorenzVec{x=646.9166666666667, y=68.15625, z=444.07291666666663}
 DistanceC: 18.640191401993093
Relative Position: LorenzVec{x=-18.640191401993093, y=0.15625, z=5.1837503357252785}
 }
18:58:51 `Bat`435270 missed {
 is already Found: false).
 Position: LorenzVec{x=649.8958333333333, y=70.73958333333334, z=441.45833333333337}
 DistanceC: 15.661024735326578
Relative Position: LorenzVec{x=-15.661024735326578, y=2.739583333333343, z=2.569167002392021}
 }
18:59:32 `Creeper`438682 missed {
 is already Found: true).
 Position: LorenzVec{x=652.125, y=66.0, z=438.09375}
 DistanceC: 0.9791541636225816
Relative Position: LorenzVec{x=-0.5763693859901196, y=0.0, z=-0.9791541636225816}
 }
18:59:33 `Bat`438778 missed {
 is already Found: false).
 Position: LorenzVec{x=635.9722222222222, y=65.98611111111111, z=449.09375}
 DistanceC: 12.153914116681335
Relative Position: LorenzVec{x=-12.153914116681335, y=-3.508953509218699, z=9.062340695033924}
 }
18:59:36 `Bat`438899 missed {
 is already Found: false).
 Position: LorenzVec{x=653.3993055555555, y=67.05208333333333, z=456.2326388888889}
 DistanceC: 19.46373768365754
Relative Position: LorenzVec{x=-3.045288409071077, y=-2.0267324393410746, z=19.46373768365754}
 }
18:59:36 `Bat`438905 missed {
 is already Found: false).
 Position: LorenzVec{x=649.1770833333334, y=69.39583333333333, z=439.46527777777777}
 DistanceC: 7.2675106312932485
Relative Position: LorenzVec{x=-7.2675106312932485, y=0.3170175606589254, z=2.6963765725463986}
 }
18:59:36 `Bat`438942 missed {
 is already Found: false).
 Position: LorenzVec{x=641.25, y=67.0625, z=449.0625}
 DistanceC: 17.839743756287703
Relative Position: LorenzVec{x=-17.839743756287703, y=-3.0690633992116005, z=12.231134002778276}
 }
18:59:36 `Bat`438952 missed {
 is already Found: false).
 Position: LorenzVec{x=647.5, y=71.71875, z=445.65625}
 DistanceC: 11.589743756287703
Relative Position: LorenzVec{x=-11.589743756287703, y=1.5871866007883995, z=8.824884002778276}
 }
18:59:37 `Bat`439011 missed {
 is already Found: false).
 Position: LorenzVec{x=639.9895833333334, y=66.9375, z=442.5}
 DistanceC: 21.492056316810363
Relative Position: LorenzVec{x=-21.492056316810363, y=-4.220025004739057, z=4.83529697266232}
 }
18:59:37 `Bat`439013 missed {
 is already Found: false).
 Position: LorenzVec{x=639.6666666666666, y=70.76041666666667, z=454.375}
 DistanceC: 21.814972983477105
Relative Position: LorenzVec{x=-21.814972983477105, y=-0.39710833807238544, z=16.71029697266232}
 }
18:59:37 `Bat`439053 missed {
 is already Found: false).
 Position: LorenzVec{x=645.625, y=73.59375, z=452.5}
 DistanceC: 16.765215984294173
Relative Position: LorenzVec{x=-16.765215984294173, y=6.59375, z=12.626231510191928}
 }
18:59:37 `Bat`439063 missed {
 is already Found: false).
 Position: LorenzVec{x=641.5625, y=67.0, z=446.6875}
 DistanceC: 20.827715984294173
Relative Position: LorenzVec{x=-20.827715984294173, y=0.0, z=6.8137315101919285}
 }
18:59:38 `Bat`439147 missed {
 is already Found: false).
 Position: LorenzVec{x=643.7395833333334, y=66.5625, z=460.5833333333333}
 DistanceC: 19.514421417637777
Relative Position: LorenzVec{x=-19.514421417637777, y=-4.138332369260581, z=15.653913637712378}
 }
18:59:38 `Bat`439172 missed {
 is already Found: false).
 Position: LorenzVec{x=648.2083333333334, y=67.69791666666667, z=458.5}
 DistanceC: 15.350533725285572
Relative Position: LorenzVec{x=-15.350533725285572, y=-0.9403060608319151, z=13.015132852565102}
 }
18:59:38 `Bat`439174 missed {
 is already Found: false).
 Position: LorenzVec{x=644.3645833333334, y=68.4375, z=448.625}
 DistanceC: 19.194283725285572
Relative Position: LorenzVec{x=-19.194283725285572, y=-0.20072272749858655, z=3.1401328525651024}
 }
18:59:39 `Bat`438948 missed {
 is already Found: false).
 Position: LorenzVec{x=640.0625, y=74.25, z=463.5520833333333}
 DistanceC: 20.74961540569518
Relative Position: LorenzVec{x=-20.74961540569518, y=7.25, z=13.777745243324773}
 }
18:59:39 `Bat`439055 missed {
 is already Found: false).
 Position: LorenzVec{x=648.3020833333334, y=66.10416666666667, z=462.71875}
 DistanceC: 12.163627838063007
Relative Position: LorenzVec{x=-12.163627838063007, y=-0.8958333333333286, z=11.795653908537133}
 }
18:59:40 `Bat`439286 missed {
 is already Found: false).
 Position: LorenzVec{x=642.2083333333333, y=71.08333333333334, z=446.45833333333337}
 DistanceC: 17.84324986953186
Relative Position: LorenzVec{x=-17.84324986953186, y=4.083333333333343, z=-9.482235376709923}
 }
18:59:40 `Bat`439290 missed {
 is already Found: false).
 Position: LorenzVec{x=640.15625, y=71.14583333333334, z=460.84375}
 DistanceC: 19.895333202865118
Relative Position: LorenzVec{x=-19.895333202865118, y=4.145833333333343, z=4.903181289956706}
 }
18:59:41 `Bat`439292 missed {
 is already Found: false).
 Position: LorenzVec{x=639.0833333333334, y=69.51041666666667, z=449.7291666666667}
 DistanceC: 17.03518380867729
Relative Position: LorenzVec{x=-17.03518380867729, y=-3.4600248142707812, z=-15.143124726436326}
 }
18:59:41 `Bat`439342 missed {
 is already Found: false).
 Position: LorenzVec{x=637.2083333333334, y=68.08333333333333, z=447.6666666666667}
 DistanceC: 18.68434335771849
Relative Position: LorenzVec{x=-18.68434335771849, y=-4.690099421229036, z=-17.438694668776918}
 }
18:59:41 `Bat`439288 missed {
 is already Found: false).
 Position: LorenzVec{x=649.8958333333334, y=67.05208333333333, z=454.1145833333333}
 DistanceC: 11.437353915407982
Relative Position: LorenzVec{x=-5.542849468639474, y=-5.105441671405728, z=-11.437353915407982}
 }
18:59:42 `Bat`439005 missed {
 is already Found: false).
 Position: LorenzVec{x=635.34375, y=76.09375, z=462.5104166666667}
 DistanceC: 10.001490982559801
Relative Position: LorenzVec{x=-8.133723611012101, y=6.09375, z=-10.001490982559801}
 }
18:59:42 `Bat`439149 missed {
 is already Found: false).
 Position: LorenzVec{x=632.8506944444445, y=66.30208333333334, z=457.9236111111111}
 DistanceC: 14.629676371069479
Relative Position: LorenzVec{x=1.404402687481479, y=-5.619516665140779, z=-14.629676371069479}
 }
18:59:47 `Bat`438780 missed {
 is already Found: false).
 Position: LorenzVec{x=614.9375, y=74.01041666666666, z=451.0}
 DistanceC: 13.002505241455651
Relative Position: LorenzVec{x=13.002505241455651, y=-6.1245534151894105, z=8.49387096053988}
 }
18:59:48 `Bat`439340 missed {
 is already Found: false).
 Position: LorenzVec{x=615.6145833333333, y=76.05208333333334, z=445.45833333333337}
 DistanceC: 14.730008762587431
Relative Position: LorenzVec{x=14.730008762587431, y=-3.7134927497579184, z=14.530797187060784}
 }
18:59:52 `Bat`439059 missed {
 is already Found: false).
 Position: LorenzVec{x=618.75, y=71.59375, z=431.5}
 DistanceC: 17.220247210142816
Relative Position: LorenzVec{x=17.220247210142816, y=-6.40625, z=4.351843800135498}
 }
18:59:57 `Bat`439228 missed {
 is already Found: false).
 Position: LorenzVec{x=634.9166666666666, y=75.75, z=472.46875}
 DistanceC: 20.32431178035972
Relative Position: LorenzVec{x=20.32431178035972, y=0.25, z=-3.1063215880907933}
 }
18:59:58 `Bat`439151 missed {
 is already Found: false).
 Position: LorenzVec{x=628.75, y=69.03125, z=459.0}
 DistanceC: 18.76218311125632
Relative Position: LorenzVec{x=7.493117274158749, y=-11.439191480937453, z=-18.76218311125632}
 }
18:59:58 `Bat`439224 missed {
 is already Found: false).
 Position: LorenzVec{x=627.4791666666666, y=71.125, z=464.40625}
 DistanceC: 13.675168878765987
Relative Position: LorenzVec{x=5.510601839517449, y=-8.532525004739057, z=-13.675168878765987}
 }
19:00:00 `Bat`439336 missed {
 is already Found: false).
 Position: LorenzVec{x=636.7708333333334, y=71.57291666666667, z=456.4166666666667}
 DistanceC: 20.24194977518914
Relative Position: LorenzVec{x=12.32442093901534, y=-9.505899106007732, z=-20.24194977518914}
 }
19:00:03 `Zombie`417985 missed {
 is already Found: false).
 Position: LorenzVec{x=639.7291666666667, y=130.0, z=484.19791666666663}
 DistanceC: 15.481746334140666
Relative Position: LorenzVec{x=15.481746334140666, y=49.0, z=7.398208023951838}
 }
19:00:05 `Bat`439153 missed {
 is already Found: false).
 Position: LorenzVec{x=639.40625, y=73.07291666666667, z=451.8854166666667}
 DistanceC: 12.606432139603726
Relative Position: LorenzVec{x=12.606432139603726, y=1.682469213406705, z=-7.05669094642127}
 }
19:00:05 `Bat`439334 missed {
 is already Found: false).
 Position: LorenzVec{x=642.7708333333334, y=81.04166666666667, z=445.125}
 DistanceC: 16.00773609110422
Relative Position: LorenzVec{x=16.00773609110422, y=10.236228214915457, z=-13.652108947460192}
 }
19:00:06 `Bat`438786 missed {
 is already Found: false).
 Position: LorenzVec{x=630.0868055555557, y=73.43402777777777, z=434.77083333333337}
 DistanceC: 16.461958763033977
Relative Position: LorenzVec{x=3.347995068465707, y=2.2765027730387146, z=-16.461958763033977}
 }
19:00:07 `Bat`439284 missed {
 is already Found: false).
 Position: LorenzVec{x=650.40625, y=72.38541666666667, z=448.8333333333333}
 DistanceC: 21.757243363714338
Relative Position: LorenzVec{x=21.757243363714338, y=6.385416666666671, z=-0.48122008008601824}
 }
19:00:08 `Bat`439061 missed {
 is already Found: false).
 Position: LorenzVec{x=626.9895833333333, y=69.8125, z=435.625}
 DistanceC: 14.422395750311182
Relative Position: LorenzVec{x=-6.931843363378903, y=-0.8644322131301294, z=-14.422395750311182}
 }
19:00:08 `Bat`439332 missed {
 is already Found: false).
 Position: LorenzVec{x=649.21875, y=70.75, z=428.875}
 DistanceC: 21.43420601459343
Relative Position: LorenzVec{x=14.294877820617899, y=-1.0343033101724473, z=-21.43420601459343}
 }
19:04:08 `uqj9564ofl`42 missed {
 is already Found: false).
 Position: LorenzVec{x=530.5, y=106.0, z=556.5}
 DistanceC: 22.58599918807755
Relative Position: LorenzVec{x=22.58599918807755, y=-13.390839494630043, z=-2.1494195737479913}
 }
19:04:25 `uqj9564ofl`42 missed {
 is already Found: false).
 Position: LorenzVec{x=530.5, y=106.0, z=556.5}
 DistanceC: 16.5141512901306
Relative Position: LorenzVec{x=9.908776699172563, y=-4.0, z=-16.5141512901306}
 }
19:04:43 `98srp1h3gc`43 missed {
 is already Found: false).
 Position: LorenzVec{x=495.5, y=106.0, z=556.5}
 DistanceC: 23.160247367154398
Relative Position: LorenzVec{x=-3.3862148956508236, y=-3.0, z=23.160247367154398}
 }
19:07:59 `Zombie`462273 missed {
 is already Found: false).
 Position: LorenzVec{x=517.0625, y=107.0, z=526.53125}
 DistanceC: 6.89547109888133
Relative Position: LorenzVec{x=-6.89547109888133, y=-2.0, z=5.532043459725628}
 }
19:10:30 `Bat`470014 missed {
 is already Found: false).
 Position: LorenzVec{x=624.34375, y=68.53125, z=420.1770833333333}
 DistanceC: 15.7707345595486
Relative Position: LorenzVec{x=-15.7707345595486, y=-11.234326083091261, z=15.453822586804506}
 }
19:10:33 `Zombie`462273 missed {
 is already Found: false).
 Position: LorenzVec{x=641.71875, y=66.0, z=410.9375}
 DistanceC: 19.78125
Relative Position: LorenzVec{x=-19.78125, y=-10.0, z=14.4375}
 }
19:10:56 `Bat`470006 missed {
 is already Found: false).
 Position: LorenzVec{x=645.7916666666667, y=75.5625, z=414.52083333333337}
 DistanceC: 18.026720316435785
Relative Position: LorenzVec{x=-18.026720316435785, y=1.5, z=16.769234712516948}
 }
19:11:10 `Bat`471752 missed {
 is already Found: false).
 Position: LorenzVec{x=648.53125, y=77.46875, z=426.90625}
 DistanceC: 17.09063480474697
Relative Position: LorenzVec{x=-17.09063480474697, y=3.46875, z=10.206250011920929}
 }
19:11:11 `Bat`472197 missed {
 is already Found: false).
 Position: LorenzVec{x=645.0625, y=66.35416666666667, z=436.46875}
 DistanceC: 20.55938480474697
Relative Position: LorenzVec{x=-20.55938480474697, y=-7.645833333333329, z=19.76875001192093}
 }
19:11:16 `Bat`472201 missed {
 is already Found: false).
 Position: LorenzVec{x=662.125, y=72.02083333333334, z=436.40625}
 DistanceC: 20.647294631102056
Relative Position: LorenzVec{x=-3.574999988079071, y=-3.7447427497579184, z=20.647294631102056}
 }
19:11:33 `Bat`471884 missed {
 is already Found: false).
 Position: LorenzVec{x=647.53125, y=77.5625, z=424.4375}
 DistanceC: 20.587363076607403
Relative Position: LorenzVec{x=-20.587363076607403, y=1.5625, z=7.76407207414843}
 }
19:11:43 `Bat`471773 missed {
 is already Found: false).
 Position: LorenzVec{x=661.53125, y=70.6875, z=454.125}
 DistanceC: 21.472957796134267
Relative Position: LorenzVec{x=-18.014090497590814, y=-7.3125, z=21.472957796134267}
 }
19:11:47 `Bat`471962 missed {
 is already Found: false).
 Position: LorenzVec{x=664.28125, y=70.21875, z=445.4375}
 DistanceC: 14.793459638201057
Relative Position: LorenzVec{x=-13.284124108652122, y=-7.78125, z=14.793459638201057}
 }
19:12:01 `Bat`471767 missed {
 is already Found: false).
 Position: LorenzVec{x=659.53125, y=87.0625, z=447.78125}
 DistanceC: 19.751497009347986
Relative Position: LorenzVec{x=-19.751497009347986, y=13.0625, z=13.081250011920929}
 }
19:12:15 `Bat`471812 missed {
 is already Found: false).
 Position: LorenzVec{x=670.6770833333333, y=82.6875, z=442.125}
 DistanceC: 18.6855689096476
Relative Position: LorenzVec{x=1.173853845945814, y=2.6875, z=18.6855689096476}
 }
19:12:17 `Bat`472066 missed {
 is already Found: false).
 Position: LorenzVec{x=651.09375, y=94.17708333333334, z=430.10416666666663}
 DistanceC: 20.231880839300175
Relative Position: LorenzVec{x=-20.231880839300175, y=14.177083333333343, z=5.601307579393676}
 }
19:12:52 `Bat`476102 missed {
 is already Found: false).
 Position: LorenzVec{x=652.4583333333334, y=68.3576388888889, z=466.8055555555556}
 DistanceC: 13.897819908185568
Relative Position: LorenzVec{x=-7.2416666547457, y=-3.6423611111111, z=-13.897819908185568}
 }
19:13:01 `Bat`476499 missed {
 is already Found: false).
 Position: LorenzVec{x=657.21875, y=71.47916666666666, z=460.52777777777777}
 DistanceC: 21.772222234143157
Relative Position: LorenzVec{x=1.8303362572245305, y=2.479166666666657, z=-21.772222234143157}
 }
19:13:01 `Bat`476501 missed {
 is already Found: false).
 Position: LorenzVec{x=658.0625, y=70.26388888888889, z=472.80208333333337}
 DistanceC: 9.497916678587558
Relative Position: LorenzVec{x=2.6740862572245305, y=1.2638888888888857, z=-9.497916678587558}
 }
19:13:01 `Bat`476503 missed {
 is already Found: false).
 Position: LorenzVec{x=654.8020833333334, y=69.09375, z=462.84375}
 DistanceC: 19.45625001192093
Relative Position: LorenzVec{x=-0.5863304094420982, y=0.09375, z=-19.45625001192093}
 }
19:13:04 `Bat`476507 missed {
 is already Found: false).
 Position: LorenzVec{x=657.53125, y=75.25, z=460.65625}
 DistanceC: 20.97699768089933
Relative Position: LorenzVec{x=1.8563768695229328, y=6.25, z=-20.97699768089933}
 }
19:13:57 `Bat`472199 missed {
 is already Found: false).
 Position: LorenzVec{x=626.5833333333334, y=92.69791666666667, z=455.7291666666667}
 DistanceC: 20.568912209203745
Relative Position: LorenzVec{x=17.314647145204958, y=13.697916666666671, z=-20.568912209203745}
 }
19:17:15 `Bat`483322 missed {
 is already Found: false).
 Position: LorenzVec{x=658.09375, y=70.11458333333333, z=438.0416666666667}
 DistanceC: 20.541666666666686
Relative Position: LorenzVec{x=-7.40625, y=-3.8854166666666714, z=20.541666666666686}
 }
19:17:15 `Bat`483326 missed {
 is already Found: false).
 Position: LorenzVec{x=650.5, y=69.1875, z=429.34375}
 DistanceC: 15.0
Relative Position: LorenzVec{x=-15.0, y=-4.8125, z=11.84375}
 }
19:17:16 `Bat`483316 missed {
 is already Found: false).
 Position: LorenzVec{x=651.4375, y=68.98958333333334, z=427.52083333333337}
 DistanceC: 13.98478830119734
Relative Position: LorenzVec{x=-13.98478830119734, y=-5.010416666666657, z=10.317522374942996}
 }
19:17:16 `Bat`483320 missed {
 is already Found: false).
 Position: LorenzVec{x=647.8020833333334, y=66.8125, z=431.4166666666667}
 DistanceC: 17.613345724446162
Relative Position: LorenzVec{x=-17.613345724446162, y=-7.1875, z=14.25384133115665}
 }
19:17:16 `Bat`483318 missed {
 is already Found: false).
 Position: LorenzVec{x=657.125, y=66.09375, z=433.28125}
 DistanceC: 16.0527092546497
Relative Position: LorenzVec{x=-7.577528176963028, y=-7.90625, z=16.0527092546497}
 }
19:19:26 `Bat`485824 missed {
 is already Found: false).
 Position: LorenzVec{x=625.6666666666666, y=67.22916666666667, z=443.8645833333333}
 DistanceC: 19.011397868377287
Relative Position: LorenzVec{x=-13.473985976826611, y=-0.7708333333333286, z=-19.011397868377287}
 }
19:19:28 `Bat`487153 missed {
 is already Found: false).
 Position: LorenzVec{x=651.1875, y=80.125, z=443.2604166666667}
 DistanceC: 19.615564535043916
Relative Position: LorenzVec{x=12.04684735650676, y=12.125, z=-19.615564535043916}
 }
19:20:44 `Bat`489141 missed {
 is already Found: false).
 Position: LorenzVec{x=601.3125, y=76.03125, z=453.53125}
 DistanceC: 7.8125
Relative Position: LorenzVec{x=7.8125, y=-2.823643299348362, z=5.03125}
 }
19:22:36 `Bat`494665 missed {
 is already Found: false).
 Position: LorenzVec{x=614.53125, y=75.75, z=421.59375}
 DistanceC: 18.88015098296637
Relative Position: LorenzVec{x=-0.9938695257978907, y=3.75, z=18.88015098296637}
 }
19:22:45 `Bat`488988 missed {
 is already Found: false).
 Position: LorenzVec{x=647.2708333333334, y=85.88541666666667, z=418.96875}
 DistanceC: 20.317835050828933
Relative Position: LorenzVec{x=13.5708333452543, y=6.885416666666671, z=20.317835050828933}
 }
19:23:35 `Bat`494329 missed {
 is already Found: false).
 Position: LorenzVec{x=662.65625, y=86.26041666666667, z=431.6875}
 DistanceC: 13.987500011920929
Relative Position: LorenzVec{x=-3.832933129302546, y=11.260416666666671, z=13.987500011920929}
 }
19:24:32 `Bat`501585 missed {
 is already Found: false).
 Position: LorenzVec{x=640.7083333333334, y=69.41666666666667, z=467.34375}
 DistanceC: 17.22920178843094
Relative Position: LorenzVec{x=-17.22920178843094, y=-4.583333333333329, z=-15.187250202682776}
 }
19:24:51 `Bat`501524 missed {
 is already Found: false).
 Position: LorenzVec{x=674.0416666666667, y=80.92708333333334, z=460.63541666666663}
 DistanceC: 20.153470246160396
Relative Position: LorenzVec{x=17.849188741272087, y=11.927083333333343, z=-20.153470246160396}
 }
19:25:32 `Bat`501530 missed {
 is already Found: false).
 Position: LorenzVec{x=639.4895833333333, y=87.28125, z=465.85416666666663}
 DistanceC: 20.378879282495745
Relative Position: LorenzVec{x=20.378879282495745, y=9.28125, z=-14.74427198395233}
 }
19:25:52 `Bat`501670 missed {
 is already Found: false).
 Position: LorenzVec{x=592.7916666666667, y=71.36458333333334, z=460.75}
 DistanceC: 15.748385068234484
Relative Position: LorenzVec{x=-15.748385068234484, y=-7.635416666666657, z=-15.529729114089434}
 }
19:26:07 `Bat`504230 missed {
 is already Found: false).
 Position: LorenzVec{x=613.625, y=74.9375, z=457.75}
 DistanceC: 16.95031796962172
Relative Position: LorenzVec{x=9.92110540150236, y=-3.0625, z=-16.95031796962172}
 }
19:27:22 `Bat`507108 missed {
 is already Found: false).
 Position: LorenzVec{x=643.6875, y=89.97916666666667, z=394.5208333333333}
 DistanceC: 12.576507601806838
Relative Position: LorenzVec{x=9.18997096040107, y=15.979166666666671, z=-12.576507601806838}
 }
19:29:45 `Bat`511084 missed {
 is already Found: false).
 Position: LorenzVec{x=652.5625, y=76.15625, z=431.90625}
 DistanceC: 16.1900327866897
Relative Position: LorenzVec{x=-13.305673617285038, y=1.15625, z=16.1900327866897}
 }
19:30:10 `Bat`507712 missed {
 is already Found: false).
 Position: LorenzVec{x=649.1354166666666, y=92.84375, z=430.8125}
 DistanceC: 19.564583321412442
Relative Position: LorenzVec{x=-19.564583321412442, y=17.84375, z=12.130122818342386}
 }
19:31:13 `Bat`513964 missed {
 is already Found: false).
 Position: LorenzVec{x=645.09375, y=72.70833333333334, z=447.19791666666663}
 DistanceC: 20.773560777334183
Relative Position: LorenzVec{x=-20.773560777334183, y=3.708333333333343, z=7.9429087934768745}
 }
19:31:37 `Bat`515273 missed {
 is already Found: false).
 Position: LorenzVec{x=655.6145833333334, y=72.07291666666667, z=461.2083333333333}
 DistanceC: 21.60416431973158
Relative Position: LorenzVec{x=2.3145833214124423, y=4.072916666666671, z=-21.60416431973158}
 }
19:34:16 `Bat`515275 missed {
 is already Found: false).
 Position: LorenzVec{x=631.4583333333334, y=86.03125, z=416.09375}
 DistanceC: 14.59299919630962
Relative Position: LorenzVec{x=14.59299919630962, y=14.03125, z=13.793749988079071}
 }
19:36:01 `Bat`521003 missed {
 is already Found: false).
 Position: LorenzVec{x=652.5416666666667, y=76.86458333333334, z=438.5625}
 DistanceC: 18.750709894074134
Relative Position: LorenzVec{x=-18.750709894074134, y=-4.135416666666657, z=14.265349160391509}
 }
19:36:09 `Bat`520940 missed {
 is already Found: false).
 Position: LorenzVec{x=654.2083333333333, y=79.05208333333334, z=440.15625}
 DistanceC: 16.171050766866813
Relative Position: LorenzVec{x=-8.571690363453854, y=2.052083333333343, z=16.171050766866813}
 }
19:36:40 `Bat`520893 missed {
 is already Found: false).
 Position: LorenzVec{x=664.1458333333333, y=69.02083333333334, z=469.41666666666663}
 DistanceC: 13.01959455084068
Relative Position: LorenzVec{x=8.981030447260082, y=-2.979166666666657, z=-13.01959455084068}
 }
19:36:40 `Bat`520976 missed {
 is already Found: false).
 Position: LorenzVec{x=658.53125, y=71.9375, z=472.40625}
 DistanceC: 10.030011217507308
Relative Position: LorenzVec{x=3.3664471139268244, y=-0.0625, z=-10.030011217507308}
 }
19:36:40 `Bat`520704 missed {
 is already Found: false).
 Position: LorenzVec{x=643.78125, y=86.09375, z=468.09375}
 DistanceC: 14.342511217507308
Relative Position: LorenzVec{x=-11.383552886073176, y=14.09375, z=-14.342511217507308}
 }
19:36:40 `Bat`520962 missed {
 is already Found: false).
 Position: LorenzVec{x=647.09375, y=79.0625, z=480.40625}
 DistanceC: 8.071052886073176
Relative Position: LorenzVec{x=-8.071052886073176, y=7.0625, z=-2.030011217507308}
 }
19:36:40 `Bat`521243 missed {
 is already Found: false).
 Position: LorenzVec{x=647.71875, y=81.53125, z=473.3125}
 DistanceC: 9.123761217507308
Relative Position: LorenzVec{x=-7.446052886073176, y=9.53125, z=-9.123761217507308}
 }
19:36:40 `Bat`517458 missed {
 is already Found: false).
 Position: LorenzVec{x=656.6215277777778, y=84.02430555555556, z=463.37847222222223}
 DistanceC: 19.05778899528508
Relative Position: LorenzVec{x=1.4567248917046527, y=12.024305555555557, z=-19.05778899528508}
 }
19:36:47 `Bat`517345 missed {
 is already Found: false).
 Position: LorenzVec{x=645.9375, y=76.84375, z=461.4375}
 DistanceC: 21.26249998807907
Relative Position: LorenzVec{x=-8.865802049962326, y=4.84375, z=-21.26249998807907}
 }
19:36:49 `Bat`517511 missed {
 is already Found: false).
 Position: LorenzVec{x=640.1458333333333, y=79.65625, z=468.36458333333337}
 DistanceC: 15.112128295867478
Relative Position: LorenzVec{x=-15.112128295867478, y=7.65625, z=-14.113964299482916}
 }
19:37:02 `Bat`521239 missed {
 is already Found: false).
 Position: LorenzVec{x=632.9479166666666, y=79.97916666666667, z=467.6458333333333}
 DistanceC: 21.67375496572481
Relative Position: LorenzVec{x=21.67375496572481, y=3.9791666666666714, z=-7.014338697430844}
 }
19:38:03 `Bat`521249 missed {
 is already Found: false).
 Position: LorenzVec{x=645.1041666666667, y=85.04166666666666, z=450.01041666666663}
 DistanceC: 14.951704488630867
Relative Position: LorenzVec{x=8.392329074601435, y=17.041666666666657, z=-14.951704488630867}
 }
19:38:03 `Bat`517458 missed {
 is already Found: false).
 Position: LorenzVec{x=655.25, y=74.03125, z=459.92708333333337}
 DistanceC: 18.538162407934692
Relative Position: LorenzVec{x=18.538162407934692, y=6.03125, z=-5.035037821964124}
 }
19:38:04 `Bat`524809 missed {
 is already Found: false).
 Position: LorenzVec{x=642.0, y=72.04166666666667, z=472.0}
 DistanceC: 7.0378788447025045
Relative Position: LorenzVec{x=5.288162407934692, y=4.041666666666671, z=7.0378788447025045}
 }
19:38:05 `Bat`526611 missed {
 is already Found: false).
 Position: LorenzVec{x=632.5729166666666, y=68.6875, z=451.75}
 DistanceC: 13.212121155297496
Relative Position: LorenzVec{x=-4.138920925398679, y=0.6875, z=-13.212121155297496}
 }
19:38:10 `Bat`520895 missed {
 is already Found: false).
 Position: LorenzVec{x=624.1875, y=86.64583333333334, z=449.33333333333337}
 DistanceC: 16.018061211297322
Relative Position: LorenzVec{x=-16.018061211297322, y=19.645833333333343, z=-14.976651403486755}
 }
19:38:37 `Bat`525488 missed {
 is already Found: false).
 Position: LorenzVec{x=642.9583333333334, y=76.1875, z=459.0833333333333}
 DistanceC: 21.412316804910972
Relative Position: LorenzVec{x=20.66286666053179, y=0.1875, z=-21.412316804910972}
 }
19:38:38 `Zombie`511893 missed {
 is already Found: false).
 Position: LorenzVec{x=642.5625, y=46.0, z=488.15625}
 DistanceC: 20.26703332719842
Relative Position: LorenzVec{x=20.26703332719842, y=-30.0, z=7.660599861755713}
 }
19:41:27 `Zombie`526681 missed {
 is already Found: false).
 Position: LorenzVec{x=682.3125, y=57.0, z=416.46875}
 DistanceC: 20.631066195944754
Relative Position: LorenzVec{x=20.631066195944754, y=-20.0, z=19.058568547085542}
 }
19:43:18 `Bat`535533 missed {
 is already Found: false).
 Position: LorenzVec{x=644.2534722222222, y=71.02777777777777, z=434.11805555555554}
 DistanceC: 18.324760110570196
Relative Position: LorenzVec{x=-18.324760110570196, y=-4.9722222222222285, z=9.516853856798605}
 }
19:43:18 `Bat`535628 missed {
 is already Found: false).
 Position: LorenzVec{x=645.7638888888889, y=67.35069444444446, z=439.09375}
 DistanceC: 16.814343443903454
Relative Position: LorenzVec{x=-16.814343443903454, y=-8.649305555555543, z=14.492548301243062}
 }
19:43:18 `Bat`535685 missed {
 is already Found: false).
 Position: LorenzVec{x=645.125, y=68.34375, z=438.40625}
 DistanceC: 17.453232332792368
Relative Position: LorenzVec{x=-17.453232332792368, y=-7.65625, z=13.805048301243062}
 }
19:43:18 `Bat`535687 missed {
 is already Found: false).
 Position: LorenzVec{x=650.375, y=67.625, z=444.3125}
 DistanceC: 19.711298301243062
Relative Position: LorenzVec{x=-12.203232332792368, y=-8.375, z=19.711298301243062}
 }
19:43:18 `Bat`535693 missed {
 is already Found: false).
 Position: LorenzVec{x=642.0625, y=69.6875, z=431.25}
 DistanceC: 20.515732332792368
Relative Position: LorenzVec{x=-20.515732332792368, y=-6.3125, z=6.648798301243062}
 }
19:43:18 `Bat`535525 missed {
 is already Found: false).
 Position: LorenzVec{x=654.6666666666667, y=67.17708333333334, z=439.55208333333337}
 DistanceC: 14.950881634576433
Relative Position: LorenzVec{x=-7.911565666125625, y=-8.822916666666657, z=14.950881634576433}
 }
19:43:19 `Bat`535531 missed {
 is already Found: false).
 Position: LorenzVec{x=649.8854166666667, y=71.0625, z=439.70833333333337}
 DistanceC: 15.107131634576433
Relative Position: LorenzVec{x=-12.692815666125625, y=-4.9375, z=15.107131634576433}
 }
19:43:20 `Bat`535636 missed {
 is already Found: false).
 Position: LorenzVec{x=644.65625, y=69.25, z=445.35416666666663}
 DistanceC: 20.241507052372242
Relative Position: LorenzVec{x=-17.354525470396425, y=-6.75, z=20.241507052372242}
 }
19:43:22 `Bat`535634 missed {
 is already Found: false).
 Position: LorenzVec{x=641.4895833333334, y=73.01041666666667, z=437.9791666666667}
 DistanceC: 20.521192137063053
Relative Position: LorenzVec{x=-20.521192137063053, y=-2.9895833333333286, z=12.866507052372299}
 }
19:43:25 `Bat`535695 missed {
 is already Found: false).
 Position: LorenzVec{x=641.8576388888889, y=67.375, z=438.4652777777778}
 DistanceC: 21.442361123032015
Relative Position: LorenzVec{x=-21.442361123032015, y=-7.625, z=15.1652777658569}
 }
19:43:32 `Bat`535689 missed {
 is already Found: false).
 Position: LorenzVec{x=651.7083333333333, y=72.0625, z=441.23958333333337}
 DistanceC: 17.43434287940306
Relative Position: LorenzVec{x=-11.963988432411156, y=0.0625, z=17.43434287940306}
 }
19:43:50 `Bat`535626 missed {
 is already Found: false).
 Position: LorenzVec{x=637.5625, y=68.8125, z=458.25}
 DistanceC: 20.392183958342855
Relative Position: LorenzVec{x=15.080905292479883, y=-8.1875, z=-20.392183958342855}
 }
19:45:08 `Bat`530287 missed {
 is already Found: false).
 Position: LorenzVec{x=613.40625, y=69.0, z=451.6875}
 DistanceC: 21.280920213379886
Relative Position: LorenzVec{x=21.280920213379886, y=-12.0, z=0.6355566974348221}
 }
19:47:16 `Bat`541644 missed {
 is already Found: false).
 Position: LorenzVec{x=625.5, y=72.875, z=473.15625}
 DistanceC: 4.60626906941684
Relative Position: LorenzVec{x=4.60626906941684, y=-0.625, z=-1.7220391057115307}
 }
19:47:20 `Bat`539923 missed {
 is already Found: false).
 Position: LorenzVec{x=641.34375, y=96.4375, z=460.71875}
 DistanceC: 20.45001906941684
Relative Position: LorenzVec{x=20.45001906941684, y=22.9375, z=-14.15953910571153}
 }
19:47:27 `Bat`540100 missed {
 is already Found: false).
 Position: LorenzVec{x=656.3958333333333, y=81.05208333333334, z=453.70833333333337}
 DistanceC: 19.839091947635552
Relative Position: LorenzVec{x=-19.839091947635552, y=3.550549448928024, z=13.938619150107968}
 }
19:47:27 `Bat`541089 missed {
 is already Found: false).
 Position: LorenzVec{x=657.4930555555557, y=79.10416666666666, z=444.4027777777778}
 DistanceC: 19.374269302473863
Relative Position: LorenzVec{x=-19.374269302473863, y=1.6022024692353938, z=5.934003077716682}
 }
19:47:28 `Bat`539925 missed {
 is already Found: false).
 Position: LorenzVec{x=671.6354166666666, y=81.59375, z=447.1458333333333}
 DistanceC: 21.93869814333607
Relative Position: LorenzVec{x=-5.406022716251414, y=8.59375, z=21.93869814333607}
 }
19:47:44 `Bat`541577 missed {
 is already Found: false).
 Position: LorenzVec{x=651.2604166666667, y=67.10416666666666, z=467.30208333333337}
 DistanceC: 10.298547975424754
Relative Position: LorenzVec{x=10.298547975424754, y=-1.627357130920359, z=-7.792967067890459}
 }
19:47:48 `Bat`541431 missed {
 is already Found: false).
 Position: LorenzVec{x=671.78125, y=71.875, z=434.9375}
 DistanceC: 19.638012101316065
Relative Position: LorenzVec{x=-1.0875221010846872, y=-4.257993659646488, z=-19.638012101316065}
 }
19:47:50 `Bat`541327 missed {
 is already Found: false).
 Position: LorenzVec{x=664.25, y=76.42708333333334, z=407.89583333333337}
 DistanceC: 7.521403703990359
Relative Position: LorenzVec{x=-6.806590803848394, y=3.427083333333343, z=-7.521403703990359}
 }
19:48:04 `Enderman`16419309 missed {
 is already Found: false).
 Position: LorenzVec{x=-0.5625, y=100.0, z=55.09722222222223}
 DistanceC: 17.260008786404107
Relative Position: LorenzVec{x=-10.009978646236783, y=0.0, z=17.260008786404107}
 }
19:48:04 `Enderman`16419310 missed {
 is already Found: false).
 Position: LorenzVec{x=-0.5, y=100.0, z=57.5}
 DistanceC: 19.66278656418188
Relative Position: LorenzVec{x=-9.947478646236783, y=0.0, z=19.66278656418188}
 }
19:48:04 `Enderman`16419311 missed {
 is already Found: false).
 Position: LorenzVec{x=-0.7777777777777777, y=100.0, z=56.6875}
 DistanceC: 18.85028656418188
Relative Position: LorenzVec{x=-10.22525642401456, y=0.0, z=18.85028656418188}
 }
19:48:04 `Enderman`16419312 missed {
 is already Found: false).
 Position: LorenzVec{x=-0.5, y=100.0, z=57.5}
 DistanceC: 19.66278656418188
Relative Position: LorenzVec{x=-9.947478646236783, y=0.0, z=19.66278656418188}
 }
19:48:04 `Enderman`16419345 missed {
 is already Found: false).
 Position: LorenzVec{x=-2.364583333333333, y=100.0, z=55.65625}
 DistanceC: 17.81903656418188
Relative Position: LorenzVec{x=-11.812061979570117, y=0.0, z=17.81903656418188}
 }
19:48:04 `Enderman`16419346 missed {
 is already Found: false).
 Position: LorenzVec{x=-0.6666666666666667, y=100.0, z=55.78125}
 DistanceC: 17.94403656418188
Relative Position: LorenzVec{x=-10.11414531290345, y=0.0, z=17.94403656418188}
 }
19:48:04 `Enderman`16419347 missed {
 is already Found: false).
 Position: LorenzVec{x=-0.5, y=100.0, z=54.5}
 DistanceC: 16.66278656418188
Relative Position: LorenzVec{x=-9.947478646236783, y=0.0, z=16.66278656418188}
 }
19:48:04 `Enderman`16419348 missed {
 is already Found: false).
 Position: LorenzVec{x=-0.125, y=100.0, z=55.60416666666667}
 DistanceC: 17.76695323084855
Relative Position: LorenzVec{x=-9.572478646236783, y=0.0, z=17.76695323084855}
 }
19:48:04 `Enderman`16419358 missed {
 is already Found: false).
 Position: LorenzVec{x=-0.65625, y=100.0, z=54.125}
 DistanceC: 16.28778656418188
Relative Position: LorenzVec{x=-10.103728646236783, y=0.0, z=16.28778656418188}
 }
19:48:04 `Enderman`16419359 missed {
 is already Found: false).
 Position: LorenzVec{x=-0.4305555555555556, y=100.0, z=54.361111111111114}
 DistanceC: 16.523897675292993
Relative Position: LorenzVec{x=-9.878034201792339, y=0.0, z=16.523897675292993}
 }
19:48:04 `Enderman`16419361 missed {
 is already Found: false).
 Position: LorenzVec{x=-0.5659722222222223, y=100.0, z=54.17708333333333}
 DistanceC: 16.339869897515207
Relative Position: LorenzVec{x=-10.013450868459007, y=0.0, z=16.339869897515207}
 }
19:48:05 `Cow`16420008 missed {
 is already Found: false).
 Position: LorenzVec{x=-1.5, y=104.0, z=53.5}
 DistanceC: 15.662786564181879
Relative Position: LorenzVec{x=-10.947478646236783, y=4.0, z=15.662786564181879}
 }
19:48:05 `Enderman`16420078 missed {
 is already Found: false).
 Position: LorenzVec{x=-2.5, y=100.0, z=53.5}
 DistanceC: 15.662786564181879
Relative Position: LorenzVec{x=-11.947478646236783, y=0.0, z=15.662786564181879}
 }
19:48:07 `Enderman`16420864 missed {
 is already Found: false).
 Position: LorenzVec{x=-1.5, y=100.0, z=53.5}
 DistanceC: 15.662786564181879
Relative Position: LorenzVec{x=-10.947478646236783, y=0.0, z=15.662786564181879}
 }
19:48:17 `Chicken`16425410 missed {
 is already Found: false).
 Position: LorenzVec{x=-2.5, y=104.0, z=54.5}
 DistanceC: 16.10849904303477
Relative Position: LorenzVec{x=-11.976504803099596, y=4.0, z=16.10849904303477}
 }
19:48:18 `Cow`16425967 missed {
 is already Found: false).
 Position: LorenzVec{x=-2.5, y=104.0, z=54.5}
 DistanceC: 16.10849904303477
Relative Position: LorenzVec{x=-11.976504803099596, y=4.0, z=16.10849904303477}
 }
19:48:18 `Enderman`16426016 missed {
 is already Found: false).
 Position: LorenzVec{x=-0.14583333333333331, y=100.0, z=57.135416666666664}
 DistanceC: 18.743915709701433
Relative Position: LorenzVec{x=-9.62233813643293, y=0.0, z=18.743915709701433}
 }
19:48:22 `Rabbit`16427776 missed {
 is already Found: false).
 Position: LorenzVec{x=1.5, y=104.0, z=56.5}
 DistanceC: 18.10849904303477
Relative Position: LorenzVec{x=-7.976504803099596, y=4.0, z=18.10849904303477}
 }
19:48:31 `Enderman`16431662 missed {
 is already Found: false).
 Position: LorenzVec{x=-0.9375, y=100.0, z=53.6875}
 DistanceC: 15.295999043034769
Relative Position: LorenzVec{x=-10.414004803099596, y=0.0, z=15.295999043034769}
 }
19:48:35 `Chicken`16432808 missed {
 is already Found: false).
 Position: LorenzVec{x=-2.5, y=104.0, z=53.5}
 DistanceC: 15.108499043034769
Relative Position: LorenzVec{x=-11.976504803099596, y=4.0, z=15.108499043034769}
 }
19:48:45 `Cow`16436486 missed {
 is already Found: false).
 Position: LorenzVec{x=0.5, y=104.0, z=57.5}
 DistanceC: 19.10849904303477
Relative Position: LorenzVec{x=-8.976504803099596, y=4.0, z=19.10849904303477}
 }
19:48:46 `Rabbit`16436843 missed {
 is already Found: false).
 Position: LorenzVec{x=0.5, y=104.875, z=53.5}
 DistanceC: 18.87702227780195
Relative Position: LorenzVec{x=-10.7472656578751, y=0.7434366007883995, z=18.87702227780195}
 }
19:49:18 `§bSam `16419792 missed {
 is already Found: false).
 Position: LorenzVec{x=6.5, y=99.0, z=20.5}
 DistanceC: 16.040798836102784
Relative Position: LorenzVec{x=5.66466876784219, y=-1.0, z=16.040798836102784}
 }
19:49:59 `Blaze`16451480 missed {
 is already Found: false).
 Position: LorenzVec{x=36.5625, y=106.0, z=8.0}
 DistanceC: 21.79355840328069
Relative Position: LorenzVec{x=21.79355840328069, y=6.0, z=16.27311328240436}
 }
19:49:59 `Blaze`16457485 missed {
 is already Found: false).
 Position: LorenzVec{x=36.5, y=106.0, z=6.9375}
 DistanceC: 21.73105840328069
Relative Position: LorenzVec{x=21.73105840328069, y=6.0, z=15.21061328240436}
 }
19:50:21 `Chicken`16439180 missed {
 is already Found: false).
 Position: LorenzVec{x=1.53125, y=104.0, z=57.5625}
 DistanceC: 19.10150189932783
Relative Position: LorenzVec{x=-16.375167941624373, y=4.0, z=19.10150189932783}
 }
19:50:21 `Rabbit`16458825 missed {
 is already Found: false).
 Position: LorenzVec{x=2.5, y=105.5, z=56.5}
 DistanceC: 18.03900189932783
Relative Position: LorenzVec{x=-15.406417941624373, y=5.5, z=18.03900189932783}
 }
19:50:21 `Rabbit`16419176 missed {
 is already Found: false).
 Position: LorenzVec{x=1.25, y=104.0, z=57.34375}
 DistanceC: 18.88275189932783
Relative Position: LorenzVec{x=-16.656417941624373, y=4.0, z=18.88275189932783}
 }
19:50:21 `Enderman`16419311 missed {
 is already Found: false).
 Position: LorenzVec{x=0.625, y=100.0, z=52.96875}
 DistanceC: 17.281417941624373
Relative Position: LorenzVec{x=-17.281417941624373, y=0.0, z=14.507751899327829}
 }
19:50:21 `Rabbit`16427776 missed {
 is already Found: false).
 Position: LorenzVec{x=1.34375, y=104.0, z=51.5}
 DistanceC: 16.562667941624373
Relative Position: LorenzVec{x=-16.562667941624373, y=4.0, z=13.039001899327829}
 }
19:50:21 `Enderman`16431662 missed {
 is already Found: false).
 Position: LorenzVec{x=0.625, y=100.0, z=56.9375}
 DistanceC: 18.47650189932783
Relative Position: LorenzVec{x=-17.281417941624373, y=0.0, z=18.47650189932783}
 }
19:50:21 `Enderman`16437845 missed {
 is already Found: false).
 Position: LorenzVec{x=0.7916666666666667, y=100.0, z=53.71875}
 DistanceC: 17.114751274957705
Relative Position: LorenzVec{x=-17.114751274957705, y=0.0, z=15.257751899327829}
 }
19:50:21 `Enderman`16440434 missed {
 is already Found: false).
 Position: LorenzVec{x=0.90625, y=100.0, z=52.375}
 DistanceC: 17.000167941624373
Relative Position: LorenzVec{x=-17.000167941624373, y=0.0, z=13.914001899327829}
 }
19:50:21 `Rabbit`16444375 missed {
 is already Found: false).
 Position: LorenzVec{x=1.5, y=104.0, z=57.3125}
 DistanceC: 18.85150189932783
Relative Position: LorenzVec{x=-16.406417941624373, y=4.0, z=18.85150189932783}
 }
19:50:21 `Enderman`16447328 missed {
 is already Found: false).
 Position: LorenzVec{x=0.0, y=100.0, z=55.25}
 DistanceC: 17.906417941624373
Relative Position: LorenzVec{x=-17.906417941624373, y=0.0, z=16.78900189932783}
 }
19:50:21 `Chicken`16454704 missed {
 is already Found: false).
 Position: LorenzVec{x=0.4375, y=104.875, z=55.625}
 DistanceC: 17.468917941624373
Relative Position: LorenzVec{x=-17.468917941624373, y=4.875, z=17.16400189932783}
 }
19:50:21 `Enderman`16455512 missed {
 is already Found: false).
 Position: LorenzVec{x=0.4375, y=100.0, z=51.46875}
 DistanceC: 17.468917941624373
Relative Position: LorenzVec{x=-17.468917941624373, y=0.0, z=13.007751899327829}
 }
19:50:21 `Enderman`16457044 missed {
 is already Found: false).
 Position: LorenzVec{x=0.75, y=100.0, z=52.28125}
 DistanceC: 17.156417941624373
Relative Position: LorenzVec{x=-17.156417941624373, y=0.0, z=13.820251899327829}
 }
19:50:21 `Enderman`16457503 missed {
 is already Found: false).
 Position: LorenzVec{x=1.6354166666666667, y=100.0, z=52.614583333333336}
 DistanceC: 16.271001274957705
Relative Position: LorenzVec{x=-16.271001274957705, y=0.0, z=14.153585232661165}
 }
19:50:21 `Cow`16460558 missed {
 is already Found: false).
 Position: LorenzVec{x=1.5, y=104.0, z=55.5}
 DistanceC: 17.03900189932783
Relative Position: LorenzVec{x=-16.406417941624373, y=4.0, z=17.03900189932783}
 }
19:50:21 `Enderman`16446424 missed {
 is already Found: false).
 Position: LorenzVec{x=-1.5625, y=100.0, z=52.09375}
 DistanceC: 19.468917941624373
Relative Position: LorenzVec{x=-19.468917941624373, y=0.0, z=13.632751899327829}
 }
19:50:21 `Enderman`16447009 missed {
 is already Found: false).
 Position: LorenzVec{x=0.4375, y=100.0, z=51.59375}
 DistanceC: 17.468917941624373
Relative Position: LorenzVec{x=-17.468917941624373, y=0.0, z=13.132751899327829}
 }
19:50:21 `Chicken`16448732 missed {
 is already Found: false).
 Position: LorenzVec{x=-0.5625, y=104.875, z=54.8125}
 DistanceC: 18.468917941624373
Relative Position: LorenzVec{x=-18.468917941624373, y=4.875, z=16.35150189932783}
 }
19:50:21 `Cow`16452330 missed {
 is already Found: false).
 Position: LorenzVec{x=0.375, y=104.875, z=55.78125}
 DistanceC: 17.531417941624373
Relative Position: LorenzVec{x=-17.531417941624373, y=4.875, z=17.32025189932783}
 }
19:50:21 `Cow`16456683 missed {
 is already Found: false).
 Position: LorenzVec{x=0.03125, y=104.0, z=51.84375}
 DistanceC: 17.875167941624373
Relative Position: LorenzVec{x=-17.875167941624373, y=4.0, z=13.382751899327829}
 }
19:50:21 `Enderman`16435694 missed {
 is already Found: false).
 Position: LorenzVec{x=-1.75, y=100.0, z=56.71875}
 DistanceC: 19.656417941624373
Relative Position: LorenzVec{x=-19.656417941624373, y=0.0, z=18.25775189932783}
 }
19:50:21 `Cow`16464822 missed {
 is already Found: false).
 Position: LorenzVec{x=-1.5, y=104.0, z=53.5}
 DistanceC: 19.406417941624373
Relative Position: LorenzVec{x=-19.406417941624373, y=4.0, z=15.039001899327829}
 }
19:50:21 `Enderman`16426016 missed {
 is already Found: false).
 Position: LorenzVec{x=-2.0, y=100.0, z=56.3125}
 DistanceC: 19.906417941624373
Relative Position: LorenzVec{x=-19.906417941624373, y=0.0, z=17.85150189932783}
 }
19:50:21 `Cow`16425967 missed {
 is already Found: false).
 Position: LorenzVec{x=-2.5, y=104.0, z=56.84375}
 DistanceC: 20.406417941624373
Relative Position: LorenzVec{x=-20.406417941624373, y=4.0, z=18.38275189932783}
 }
19:50:21 `Chicken`16460079 missed {
 is already Found: false).
 Position: LorenzVec{x=-2.5, y=104.0, z=54.5}
 DistanceC: 20.406417941624373
Relative Position: LorenzVec{x=-20.406417941624373, y=4.0, z=16.03900189932783}
 }
19:50:21 `Enderman`16463379 missed {
 is already Found: false).
 Position: LorenzVec{x=-1.2708333333333335, y=100.0, z=52.25}
 DistanceC: 19.177251274957705
Relative Position: LorenzVec{x=-19.177251274957705, y=0.0, z=13.789001899327829}
 }
19:50:22 `Chicken`16465733 missed {
 is already Found: false).
 Position: LorenzVec{x=1.5, y=104.0, z=51.5}
 DistanceC: 16.406417941624373
Relative Position: LorenzVec{x=-16.406417941624373, y=4.0, z=13.039001899327829}
 }
19:50:23 `Rabbit`16466559 missed {
 is already Found: false).
 Position: LorenzVec{x=-1.5, y=104.0, z=55.5}
 DistanceC: 19.406417941624373
Relative Position: LorenzVec{x=-19.406417941624373, y=4.0, z=17.03900189932783}
 }
19:50:25 `Enderman`16467655 missed {
 is already Found: false).
 Position: LorenzVec{x=-2.34375, y=100.0, z=55.40625}
 DistanceC: 20.250167941624373
Relative Position: LorenzVec{x=-20.250167941624373, y=0.0, z=16.94525189932783}
 }
19:52:45 `Cow`16470690 missed {
 is already Found: false).
 Position: LorenzVec{x=0.875, y=104.0, z=51.46875}
 DistanceC: 17.603027310445384
Relative Position: LorenzVec{x=9.07586156624009, y=4.0, z=17.603027310445384}
 }
19:52:45 `Rabbit`16489555 missed {
 is already Found: false).
 Position: LorenzVec{x=-2.5, y=104.0, z=51.46875}
 DistanceC: 17.603027310445384
Relative Position: LorenzVec{x=5.700861566240089, y=4.0, z=17.603027310445384}
 }
19:52:45 `Rabbit`16444375 missed {
 is already Found: false).
 Position: LorenzVec{x=1.5, y=104.0, z=52.0}
 DistanceC: 18.134277310445384
Relative Position: LorenzVec{x=9.70086156624009, y=4.0, z=18.134277310445384}
 }
19:52:45 `Enderman`16470090 missed {
 is already Found: false).
 Position: LorenzVec{x=0.5625, y=100.0, z=52.0}
 DistanceC: 18.134277310445384
Relative Position: LorenzVec{x=8.76336156624009, y=0.0, z=18.134277310445384}
 }
19:52:45 `Enderman`16487109 missed {
 is already Found: false).
 Position: LorenzVec{x=-0.40625, y=100.0, z=52.0625}
 DistanceC: 18.196777310445384
Relative Position: LorenzVec{x=7.794611566240089, y=0.0, z=18.196777310445384}
 }
19:52:45 `Enderman`16491973 missed {
 is already Found: false).
 Position: LorenzVec{x=-0.625, y=100.0, z=52.0625}
 DistanceC: 18.196777310445384
Relative Position: LorenzVec{x=7.575861566240089, y=0.0, z=18.196777310445384}
 }
19:52:45 `Chicken`16508295 missed {
 is already Found: false).
 Position: LorenzVec{x=-2.5, y=104.0, z=52.5}
 DistanceC: 18.634277310445384
Relative Position: LorenzVec{x=5.700861566240089, y=4.0, z=18.634277310445384}
 }
19:52:45 `Enderman`16457503 missed {
 is already Found: false).
 Position: LorenzVec{x=-2.5625, y=100.0, z=54.96875}
 DistanceC: 21.103027310445384
Relative Position: LorenzVec{x=5.638361566240089, y=0.0, z=21.103027310445384}
 }
19:52:45 `Enderman`16477942 missed {
 is already Found: false).
 Position: LorenzVec{x=1.40625, y=100.0, z=55.5}
 DistanceC: 21.634277310445384
Relative Position: LorenzVec{x=9.60711156624009, y=0.0, z=21.634277310445384}
 }
19:52:45 `Cow`16501083 missed {
 is already Found: false).
 Position: LorenzVec{x=1.5, y=104.0, z=53.1875}
 DistanceC: 19.321777310445384
Relative Position: LorenzVec{x=9.70086156624009, y=4.0, z=19.321777310445384}
 }
19:52:45 `Enderman`16480833 missed {
 is already Found: false).
 Position: LorenzVec{x=-0.84375, y=100.0, z=54.75}
 DistanceC: 20.884277310445384
Relative Position: LorenzVec{x=7.357111566240089, y=0.0, z=20.884277310445384}
 }
19:52:45 `Enderman`16498173 missed {
 is already Found: false).
 Position: LorenzVec{x=-0.78125, y=100.0, z=53.65625}
 DistanceC: 19.790527310445384
Relative Position: LorenzVec{x=7.419611566240089, y=0.0, z=19.790527310445384}
 }
19:52:45 `Cow`16506126 missed {
 is already Found: false).
 Position: LorenzVec{x=-0.5, y=104.0, z=55.5}
 DistanceC: 21.634277310445384
Relative Position: LorenzVec{x=7.700861566240089, y=4.0, z=21.634277310445384}
 }
19:52:46 `Cow`16515105 missed {
 is already Found: false).
 Position: LorenzVec{x=1.875, y=104.0, z=55.78125}
 DistanceC: 21.915527310445384
Relative Position: LorenzVec{x=10.07586156624009, y=4.0, z=21.915527310445384}
 }
19:52:47 `Cow`16510362 missed {
 is already Found: false).
 Position: LorenzVec{x=-2.375, y=104.0, z=52.03125}
 DistanceC: 18.165527310445384
Relative Position: LorenzVec{x=5.825861566240089, y=4.0, z=18.165527310445384}
 }
19:52:48 `Enderman`16507570 missed {
 is already Found: false).
 Position: LorenzVec{x=-0.28125, y=100.0, z=55.625}
 DistanceC: 21.759277310445384
Relative Position: LorenzVec{x=7.919611566240089, y=0.0, z=21.759277310445384}
 }
19:52:50 `Enderman`16516454 missed {
 is already Found: false).
 Position: LorenzVec{x=-1.5, y=100.0, z=52.5}
 DistanceC: 18.634277310445384
Relative Position: LorenzVec{x=6.700861566240089, y=0.0, z=18.634277310445384}
 }
19:52:55 `Enderman`16518284 missed {
 is already Found: false).
 Position: LorenzVec{x=0.75, y=100.0, z=55.65625}
 DistanceC: 21.790527310445384
Relative Position: LorenzVec{x=8.95086156624009, y=0.0, z=21.790527310445384}
 }
19:52:56 `Chicken`16460079 missed {
 is already Found: false).
 Position: LorenzVec{x=-0.3125, y=105.21875, z=54.125}
 DistanceC: 20.259277310445384
Relative Position: LorenzVec{x=7.888361566240089, y=5.21875, z=20.259277310445384}
 }
19:52:57 `Enderman`16488236 missed {
 is already Found: false).
 Position: LorenzVec{x=-2.21875, y=100.0, z=52.53125}
 DistanceC: 18.665527310445384
Relative Position: LorenzVec{x=5.982111566240089, y=0.0, z=18.665527310445384}
 }
19:52:59 `Cow`16520109 missed {
 is already Found: false).
 Position: LorenzVec{x=1.0625, y=104.0, z=52.03125}
 DistanceC: 18.165527310445384
Relative Position: LorenzVec{x=9.26336156624009, y=4.0, z=18.165527310445384}
 }
19:53:02 `Chicken`16521110 missed {
 is already Found: false).
 Position: LorenzVec{x=-2.5, y=104.0, z=55.5}
 DistanceC: 21.634277310445384
Relative Position: LorenzVec{x=5.700861566240089, y=4.0, z=21.634277310445384}
 }
19:53:03 `Enderman`16521506 missed {
 is already Found: false).
 Position: LorenzVec{x=1.5, y=100.0, z=53.46875}
 DistanceC: 19.603027310445384
Relative Position: LorenzVec{x=9.70086156624009, y=0.0, z=19.603027310445384}
 }
19:53:11 `Enderman`16509925 missed {
 is already Found: false).
 Position: LorenzVec{x=-0.9895833333333334, y=100.0, z=53.395833333333336}
 DistanceC: 19.53011064377872
Relative Position: LorenzVec{x=7.211278232906756, y=0.0, z=19.53011064377872}
 }
19:53:14 `Rabbit`16525945 missed {
 is already Found: false).
 Position: LorenzVec{x=-0.5, y=105.875, z=54.84375}
 DistanceC: 20.978027310445384
Relative Position: LorenzVec{x=7.700861566240089, y=5.875, z=20.978027310445384}
 }
19:53:16 `Enderman`16526501 missed {
 is already Found: false).
 Position: LorenzVec{x=-2.0625, y=100.0, z=52.53125}
 DistanceC: 18.665527310445384
Relative Position: LorenzVec{x=6.138361566240089, y=0.0, z=18.665527310445384}
 }
19:53:20 `Chicken`16528115 missed {
 is already Found: false).
 Position: LorenzVec{x=-1.5, y=104.0, z=51.5}
 DistanceC: 17.634277310445384
Relative Position: LorenzVec{x=6.700861566240089, y=4.0, z=17.634277310445384}
 }
19:53:23 `Rabbit`16427776 missed {
 is already Found: false).
 Position: LorenzVec{x=1.5, y=104.0, z=51.96875}
 DistanceC: 18.103027310445384
Relative Position: LorenzVec{x=9.70086156624009, y=4.0, z=18.103027310445384}
 }
19:53:24 `Enderman`16498731 missed {
 is already Found: false).
 Position: LorenzVec{x=1.34375, y=100.0, z=54.614583333333336}
 DistanceC: 20.74886064377872
Relative Position: LorenzVec{x=9.54461156624009, y=0.0, z=20.74886064377872}
 }
19:53:26 `Cow`16530270 missed {
 is already Found: false).
 Position: LorenzVec{x=1.5, y=104.0, z=55.5}
 DistanceC: 19.311889711966117
Relative Position: LorenzVec{x=8.048737221771198, y=4.0, z=19.311889711966117}
 }
19:53:26 `Chicken`16514427 missed {
 is already Found: false).
 Position: LorenzVec{x=-2.46875, y=104.0, z=57.4375}
 DistanceC: 20.342504346867656
Relative Position: LorenzVec{x=4.115897982229685, y=4.0, z=20.342504346867656}
 }
19:53:31 `Rabbit`16516501 missed {
 is already Found: false).
 Position: LorenzVec{x=2.5, y=104.0, z=56.5}
 DistanceC: 19.8826820060181
Relative Position: LorenzVec{x=-11.696734100722509, y=4.0, z=19.8826820060181}
 }
19:53:31 `Enderman`16531491 missed {
 is already Found: false).
 Position: LorenzVec{x=1.625, y=100.0, z=55.03125}
 DistanceC: 18.4139320060181
Relative Position: LorenzVec{x=-12.571734100722509, y=0.0, z=18.4139320060181}
 }
19:53:31 `Chicken`16439180 missed {
 is already Found: false).
 Position: LorenzVec{x=-2.46875, y=104.0, z=54.40625}
 DistanceC: 17.7889320060181
Relative Position: LorenzVec{x=-16.66548410072251, y=4.0, z=17.7889320060181}
 }
19:53:31 `Chicken`16478183 missed {
 is already Found: false).
 Position: LorenzVec{x=-2.53125, y=104.0, z=57.5625}
 DistanceC: 20.9451820060181
Relative Position: LorenzVec{x=-16.72798410072251, y=4.0, z=20.9451820060181}
 }
19:53:35 `Enderman`16532646 missed {
 is already Found: false).
 Position: LorenzVec{x=-1.3125, y=100.0, z=52.125}
 DistanceC: 15.509234100722509
Relative Position: LorenzVec{x=-15.509234100722509, y=0.0, z=15.5076820060181}
 }
19:53:38 `Chicken`16533656 missed {
 is already Found: false).
 Position: LorenzVec{x=0.5, y=104.875, z=53.5}
 DistanceC: 16.8826820060181
Relative Position: LorenzVec{x=-13.696734100722509, y=4.875, z=16.8826820060181}
 }
19:53:39 `Rabbit`16533861 missed {
 is already Found: false).
 Position: LorenzVec{x=2.5, y=104.0, z=56.5}
 DistanceC: 19.8826820060181
Relative Position: LorenzVec{x=-11.696734100722509, y=4.0, z=19.8826820060181}
 }
19:53:40 `Cow`16534173 missed {
 is already Found: false).
 Position: LorenzVec{x=-2.4375, y=104.0, z=52.09375}
 DistanceC: 16.63423410072251
Relative Position: LorenzVec{x=-16.63423410072251, y=4.0, z=15.4764320060181}
 }
19:53:41 `Enderman`16534740 missed {
 is already Found: false).
 Position: LorenzVec{x=-1.75, y=100.0, z=54.5}
 DistanceC: 17.8826820060181
Relative Position: LorenzVec{x=-15.946734100722509, y=0.0, z=17.8826820060181}
 }
19:53:53 `Cow`16538163 missed {
 is already Found: false).
 Position: LorenzVec{x=1.5, y=104.0, z=55.5}
 DistanceC: 18.8826820060181
Relative Position: LorenzVec{x=-12.696734100722509, y=4.0, z=18.8826820060181}
 }
19:53:55 `Chicken`16538837 missed {
 is already Found: false).
 Position: LorenzVec{x=-1.5, y=104.0, z=54.5}
 DistanceC: 17.8826820060181
Relative Position: LorenzVec{x=-15.696734100722509, y=4.0, z=17.8826820060181}
 }
19:54:03 `Rabbit`16541195 missed {
 is already Found: false).
 Position: LorenzVec{x=0.5, y=104.0, z=52.5}
 DistanceC: 15.8826820060181
Relative Position: LorenzVec{x=-13.696734100722509, y=4.0, z=15.8826820060181}
 }
19:54:06 `Enderman`16542066 missed {
 is already Found: false).
 Position: LorenzVec{x=-0.75, y=100.0, z=52.53125}
 DistanceC: 15.9139320060181
Relative Position: LorenzVec{x=-14.946734100722509, y=0.0, z=15.9139320060181}
 }
19:54:06 `Enderman`16542171 missed {
 is already Found: false).
 Position: LorenzVec{x=1.5, y=100.0, z=57.5}
 DistanceC: 20.8826820060181
Relative Position: LorenzVec{x=-12.696734100722509, y=0.0, z=20.8826820060181}
 }
19:54:06 `Cow`16542172 missed {
 is already Found: false).
 Position: LorenzVec{x=-2.46875, y=104.0, z=53.0625}
 DistanceC: 16.66548410072251
Relative Position: LorenzVec{x=-16.66548410072251, y=4.0, z=16.4451820060181}
 }
19:54:07 `Enderman`16542441 missed {
 is already Found: false).
 Position: LorenzVec{x=-1.3125, y=100.0, z=52.6875}
 DistanceC: 16.0701820060181
Relative Position: LorenzVec{x=-15.509234100722509, y=0.0, z=16.0701820060181}
 }
19:54:13 `Chicken`16544199 missed {
 is already Found: false).
 Position: LorenzVec{x=0.5, y=104.0, z=52.5}
 DistanceC: 15.8826820060181
Relative Position: LorenzVec{x=-13.696734100722509, y=4.0, z=15.8826820060181}
 }
19:54:20 `Cow`16546152 missed {
 is already Found: false).
 Position: LorenzVec{x=1.5, y=104.0, z=55.5}
 DistanceC: 18.8826820060181
Relative Position: LorenzVec{x=-12.696734100722509, y=4.0, z=18.8826820060181}
 }
21:05:16 `563sh99zpa`123 missed {
 is already Found: false).
 Position: LorenzVec{x=-10.5, y=201.0, z=-103.5}
 DistanceC: 20.192951787117153
Relative Position: LorenzVec{x=19.93151501198296, y=1.0, z=20.192951787117153}
 }
21:14:20 `26oe3h63i4`137 missed {
 is already Found: false).
 Position: LorenzVec{x=33.5, y=201.93125, z=-139.5}
 DistanceC: 13.237086620532395
Relative Position: LorenzVec{x=-9.749234154833509, y=-0.06874999999999432, z=-13.237086620532395}
 }
21:14:42 `xmq0630l7g`8 missed {
 is already Found: false).
 Position: LorenzVec{x=5.375, y=200.0, z=-109.21875}
 DistanceC: 20.670187113013185
Relative Position: LorenzVec{x=-19.923607710672123, y=-5.495064620329799, z=20.670187113013185}
 }
21:14:43 `2hjga8wrk1`5 missed {
 is already Found: false).
 Position: LorenzVec{x=13.5, y=201.0, z=-148.5}
 DistanceC: 19.280889509072807
Relative Position: LorenzVec{x=-17.838636533160415, y=-1.8222582798288727, z=-19.280889509072807}
 }
21:14:51 `xmq0630l7g`8 missed {
 is already Found: false).
 Position: LorenzVec{x=5.375, y=200.0, z=-109.21875}
 DistanceC: 20.6225143590453
Relative Position: LorenzVec{x=-20.6225143590453, y=0.0, z=5.0446658703181555}
 }
21:14:59 `563sh99zpa`123 missed {
 is already Found: false).
 Position: LorenzVec{x=-10.5, y=201.0, z=-103.5}
 DistanceC: 20.49145835777459
Relative Position: LorenzVec{x=1.552671471988882, y=1.0, z=20.49145835777459}
 }
21:17:24 `o6uad321vr`113 missed {
 is already Found: false).
 Position: LorenzVec{x=84.0, y=224.0, z=-118.0}
 DistanceC: 11.871324881700005
Relative Position: LorenzVec{x=11.871324881700005, y=0.0, z=6.9201446815982735}
 }
21:18:59 `5y23u1h261`152 missed {
 is already Found: false).
 Position: LorenzVec{x=-30.0, y=213.49375, z=-89.0}
 DistanceC: 9.800000011920929
Relative Position: LorenzVec{x=7.10575019445286, y=-16.006249999999994, z=9.800000011920929}
 }
21:20:02 `26oe3h63i4`137 missed {
 is already Found: false).
 Position: LorenzVec{x=33.5, y=201.93125, z=-139.5}
 DistanceC: 14.0
Relative Position: LorenzVec{x=-5.0, y=-6.068749999999994, z=-14.0}
 }
21:20:59 `xmq0630l7g`8 missed {
 is already Found: false).
 Position: LorenzVec{x=5.375, y=200.0, z=-109.21875}
 DistanceC: 19.998682594740075
Relative Position: LorenzVec{x=-15.483611079621873, y=-5.157525004739028, z=19.998682594740075}
 }
21:20:59 `2hjga8wrk1`5 missed {
 is already Found: false).
 Position: LorenzVec{x=13.5, y=201.0, z=-148.5}
 DistanceC: 19.13803532608921
Relative Position: LorenzVec{x=-8.105916831772852, y=-3.2555431697504105, z=-19.13803532608921}
 }
21:21:06 `o6uad321vr`113 missed {
 is already Found: false).
 Position: LorenzVec{x=84.0, y=224.0, z=-118.0}
 DistanceC: 23.511873080395162
Relative Position: LorenzVec{x=23.511873080395162, y=3.0, z=15.5225446280092}
 }
21:21:12 `c13qzmh22s`134 missed {
 is already Found: false).
 Position: LorenzVec{x=35.5, y=201.93125, z=-148.5}
 DistanceC: 23.144086260998378
Relative Position: LorenzVec{x=22.03802194988948, y=1.5096500015258982, z=-23.144086260998378}
 }
21:21:18 `563sh99zpa`123 missed {
 is already Found: false).
 Position: LorenzVec{x=-10.5, y=201.0, z=-103.5}
 DistanceC: 17.79105032533043
Relative Position: LorenzVec{x=-0.6957400633745721, y=1.0, z=17.79105032533043}
 }
21:21:46 `Creeper`3930 missed {
 is already Found: false).
 Position: LorenzVec{x=-0.03125, y=76.0, z=39.40625}
 DistanceC: 15.230839130706194
Relative Position: LorenzVec{x=15.230839130706194, y=-52.0, z=-2.0257073690844365}
 }
21:22:59 `zg715l2mz7`112 missed {
 is already Found: false).
 Position: LorenzVec{x=-6.5, y=145.0, z=-18.5}
 DistanceC: 15.57931786036739
Relative Position: LorenzVec{x=-10.988775464839392, y=-2.0, z=15.57931786036739}
 }
21:23:02 `250x9j1151`167 missed {
 is already Found: false).
 Position: LorenzVec{x=23.5, y=151.0, z=-57.5}
 DistanceC: 23.42068213963261
Relative Position: LorenzVec{x=19.011224535160608, y=4.0, z=-23.42068213963261}
 }
21:23:16 `h097e84608`163 missed {
 is already Found: false).
 Position: LorenzVec{x=-22.5, y=151.0, z=-49.5}
 DistanceC: 19.747705872021882
Relative Position: LorenzVec{x=-16.12909003195203, y=2.0, z=19.747705872021882}
 }
21:25:41 `Enderman`10014149 missed {
 is already Found: false).
 Position: LorenzVec{x=-1.71875, y=100.0, z=56.78125}
 DistanceC: 15.997615916506668
Relative Position: LorenzVec{x=-3.4315790867300997, y=0.0, z=15.997615916506668}
 }
21:25:42 `Cow`10015795 missed {
 is already Found: false).
 Position: LorenzVec{x=0.5, y=104.0, z=56.5}
 DistanceC: 15.716365916506668
Relative Position: LorenzVec{x=-1.2128290867300997, y=4.0, z=15.716365916506668}
 }
21:29:16 `Zombie`745 missed {
 is already Found: false).
 Position: LorenzVec{x=805.21875, y=116.0, z=616.25}
 DistanceC: 12.480821865534722
Relative Position: LorenzVec{x=-5.258337066862737, y=61.0, z=12.480821865534722}
 }
21:53:49 `xdd8vzdzy3`42 missed {
 is already Found: false).
 Position: LorenzVec{x=530.5, y=106.0, z=556.5}
 DistanceC: 16.971098335933107
Relative Position: LorenzVec{x=6.979967677884133, y=5.688388792827382, z=16.971098335933107}
 }
00:37:09 `Zombie`198809 missed {
 is already Found: false).
 Position: LorenzVec{x=-29.76273148148148, y=70.0, z=-76.6576646090535}
 DistanceC: 10.80938972575413
Relative Position: LorenzVec{x=10.80938972575413, y=0.0, z=-10.357664597132569}
 }
00:38:07 `Zombie`178176 missed {
 is already Found: false).
 Position: LorenzVec{x=47.96875, y=72.0, z=-165.53125}
 DistanceC: 14.488881861356049
Relative Position: LorenzVec{x=-6.480404057956932, y=0.0, z=-14.488881861356049}
 }
00:39:11 `Villager`539 missed {
 is already Found: false).
 Position: LorenzVec{x=-2.5, y=70.0, z=-46.5}
 DistanceC: 19.730500882917482
Relative Position: LorenzVec{x=18.28139272949295, y=-14.5, z=19.730500882917482}
 }
00:39:13 `6f152pofav`237 missed {
 is already Found: false).
 Position: LorenzVec{x=-42.5, y=72.0, z=-54.5}
 DistanceC: 21.71860727050705
Relative Position: LorenzVec{x=-21.71860727050705, y=-12.5, z=11.730500882917482}
 }
00:39:13 `Villager`358 missed {
 is already Found: false).
 Position: LorenzVec{x=-0.5, y=70.0, z=-54.5}
 DistanceC: 20.28139272949295
Relative Position: LorenzVec{x=20.28139272949295, y=-14.5, z=11.730500882917482}
 }
00:39:13 `8kcqn9r23d`410 missed {
 is already Found: false).
 Position: LorenzVec{x=2.5, y=70.0, z=-75.5}
 DistanceC: 23.28139272949295
Relative Position: LorenzVec{x=23.28139272949295, y=-14.5, z=-9.269499117082518}
 }
00:39:13 `8pa881y04e`522 missed {
 is already Found: false).
 Position: LorenzVec{x=-39.5, y=70.0, z=-78.90625}
 DistanceC: 18.71860727050705
Relative Position: LorenzVec{x=-18.71860727050705, y=-14.5, z=-12.675749117082518}
 }
00:39:35 `Zombie`178176 missed {
 is already Found: false).
 Position: LorenzVec{x=49.53125, y=72.09375, z=-161.84375}
 DistanceC: 19.66444900667335
Relative Position: LorenzVec{x=7.270619816737344, y=1.09375, z=-19.66444900667335}
 }
00:39:57 `2ff15465d7`520 missed {
 is already Found: false).
 Position: LorenzVec{x=-6.5, y=55.0, z=-95.5}
 DistanceC: 19.86573132123469
Relative Position: LorenzVec{x=-1.300661055073565, y=-15.0, z=-19.86573132123469}
 }
00:39:57 `m4g2vckvf2`411 missed {
 is already Found: false).
 Position: LorenzVec{x=-7.5, y=70.0, z=-92.5}
 DistanceC: 16.86573132123469
Relative Position: LorenzVec{x=-2.300661055073565, y=0.0, z=-16.86573132123469}
 }
00:39:57 `Villager`362 missed {
 is already Found: false).
 Position: LorenzVec{x=-11.3125, y=70.0, z=-95.6875}
 DistanceC: 20.05323132123469
Relative Position: LorenzVec{x=-6.113161055073565, y=0.0, z=-20.05323132123469}
 }
00:40:00 `9o05y7doi4`244 missed {
 is already Found: false).
 Position: LorenzVec{x=-24.5, y=71.0, z=-58.5}
 DistanceC: 14.512283139136391
Relative Position: LorenzVec{x=-14.512283139136391, y=1.0, z=11.851472671448818}
 }
00:41:11 `6f152pofav`237 missed {
 is already Found: false).
 Position: LorenzVec{x=-42.5, y=72.0, z=-54.5}
 DistanceC: 19.4944594828931
Relative Position: LorenzVec{x=-19.4944594828931, y=-16.0, z=10.800000011920929}
 }
00:41:12 `Villager`539 missed {
 is already Found: false).
 Position: LorenzVec{x=-2.5, y=70.0, z=-46.5}
 DistanceC: 21.000175224881822
Relative Position: LorenzVec{x=21.000175224881822, y=-23.773432754562364, z=16.651426195331226}
 }
00:41:26 `kdq0005ma6`110 missed {
 is already Found: false).
 Position: LorenzVec{x=87.5, y=199.0, z=-115.5}
 DistanceC: 3.572589014309372
Relative Position: LorenzVec{x=3.572589014309372, y=0.0, z=-2.4307992023331195}
 }
00:41:26 `uq4jmm41p5`114 missed {
 is already Found: false).
 Position: LorenzVec{x=88.5, y=198.0, z=-98.5}
 DistanceC: 14.56920079766688
Relative Position: LorenzVec{x=4.572589014309372, y=-1.0, z=14.56920079766688}
 }
00:41:26 `0d35494n0n`119 missed {
 is already Found: false).
 Position: LorenzVec{x=88.0, y=199.0, z=-108.0}
 DistanceC: 5.0692007976668805
Relative Position: LorenzVec{x=4.072589014309372, y=0.0, z=5.0692007976668805}
 }
00:41:26 `47030s6an2`131 missed {
 is already Found: false).
 Position: LorenzVec{x=89.5, y=198.0, z=-92.5}
 DistanceC: 20.56920079766688
Relative Position: LorenzVec{x=5.572589014309372, y=-1.0, z=20.56920079766688}
 }
00:43:43 `lk36n9wqt7`257 missed {
 is already Found: false).
 Position: LorenzVec{x=51.5, y=71.0, z=-136.5}
 DistanceC: 10.106846680235066
Relative Position: LorenzVec{x=0.04987745595246196, y=0.0, z=10.106846680235066}
 }
00:43:44 `Villager`354 missed {
 is already Found: false).
 Position: LorenzVec{x=28.0, y=70.0, z=-116.0}
 DistanceC: 9.391728389538514
Relative Position: LorenzVec{x=-6.4742487421499035, y=-1.9412000391721733, z=9.391728389538514}
 }
00:43:50 `Bat`129354 missed {
 is already Found: false).
 Position: LorenzVec{x=-40.84375, y=58.53125, z=-90.4375}
 DistanceC: 20.16843904817837
Relative Position: LorenzVec{x=-20.16843904817837, y=-11.46875, z=-16.361145902607248}
 }
00:43:50 `fxbpo97ln5`584 missed {
 is already Found: false).
 Position: LorenzVec{x=0.5, y=70.0, z=-90.5}
 DistanceC: 21.32183571664923
Relative Position: LorenzVec{x=21.32183571664923, y=0.0, z=-16.423645902607248}
 }
00:43:50 `Villager`344 missed {
 is already Found: false).
 Position: LorenzVec{x=-7.5, y=70.0, z=-75.5}
 DistanceC: 13.321835716649229
Relative Position: LorenzVec{x=13.321835716649229, y=0.0, z=-1.423645902607248}
 }
00:43:50 `f27v9d4l26`410 missed {
 is already Found: false).
 Position: LorenzVec{x=2.5, y=70.0, z=-75.5}
 DistanceC: 23.32183571664923
Relative Position: LorenzVec{x=23.32183571664923, y=0.0, z=-1.423645902607248}
 }
00:43:50 `3g19n871lp`411 missed {
 is already Found: false).
 Position: LorenzVec{x=-7.5, y=70.0, z=-92.5}
 DistanceC: 18.423645902607248
Relative Position: LorenzVec{x=13.321835716649229, y=0.0, z=-18.423645902607248}
 }
00:43:50 `91ne2wweo7`520 missed {
 is already Found: false).
 Position: LorenzVec{x=-6.5, y=55.0, z=-95.5}
 DistanceC: 21.423645902607248
Relative Position: LorenzVec{x=14.321835716649229, y=-15.0, z=-21.423645902607248}
 }
00:43:51 `Villager`352 missed {
 is already Found: false).
 Position: LorenzVec{x=-16.5, y=70.0, z=-81.5}
 DistanceC: 7.423645902607248
Relative Position: LorenzVec{x=4.321835716649229, y=0.0, z=-7.423645902607248}
 }
00:43:51 `Villager`362 missed {
 is already Found: false).
 Position: LorenzVec{x=-11.3125, y=70.0, z=-95.6875}
 DistanceC: 21.611145902607248
Relative Position: LorenzVec{x=9.509335716649229, y=0.0, z=-21.611145902607248}
 }
00:43:51 `75nu2uk3iv`341 missed {
 is already Found: false).
 Position: LorenzVec{x=-10.0, y=70.0, z=-67.0}
 DistanceC: 10.821835716649229
Relative Position: LorenzVec{x=10.821835716649229, y=0.0, z=7.076354097392752}
 }
00:43:52 `svds0ji5gt`413 missed {
 is already Found: false).
 Position: LorenzVec{x=-31.0, y=73.0, z=-85.5}
 DistanceC: 11.423645902607248
Relative Position: LorenzVec{x=-10.178164283350771, y=3.0, z=-11.423645902607248}
 }
00:43:52 `2223fw2413`415 missed {
 is already Found: false).
 Position: LorenzVec{x=-31.0, y=73.0, z=-95.5}
 DistanceC: 21.423645902607248
Relative Position: LorenzVec{x=-10.178164283350771, y=3.0, z=-21.423645902607248}
 }
00:43:52 `h11307ed97`416 missed {
 is already Found: false).
 Position: LorenzVec{x=-36.0, y=73.0, z=-95.5}
 DistanceC: 21.423645902607248
Relative Position: LorenzVec{x=-15.178164283350771, y=3.0, z=-21.423645902607248}
 }
00:43:52 `4t24fbpy61`513 missed {
 is already Found: false).
 Position: LorenzVec{x=-29.5, y=57.0, z=-90.5}
 DistanceC: 16.423645902607248
Relative Position: LorenzVec{x=-8.678164283350771, y=-13.0, z=-16.423645902607248}
 }
00:43:52 `d4t2odgy25`521 missed {
 is already Found: false).
 Position: LorenzVec{x=-32.5, y=71.0, z=-76.5}
 DistanceC: 11.678164283350771
Relative Position: LorenzVec{x=-11.678164283350771, y=1.0, z=-2.423645902607248}
 }
00:43:55 `9gngxko101`237 missed {
 is already Found: false).
 Position: LorenzVec{x=-42.5, y=72.0, z=-54.5}
 DistanceC: 20.083015008998586
Relative Position: LorenzVec{x=-15.825167932281524, y=2.0, z=20.083015008998586}
 }
00:44:17 `8gof5v7c4p`487 missed {
 is already Found: false).
 Position: LorenzVec{x=23.0, y=71.0, z=-69.0}
 DistanceC: 18.687979823631203
Relative Position: LorenzVec{x=18.687979823631203, y=1.0, z=-7.668528860654483}
 }
00:44:17 `f32nbhube9`488 missed {
 is already Found: false).
 Position: LorenzVec{x=23.0, y=77.0, z=-69.5}
 DistanceC: 18.687979823631203
Relative Position: LorenzVec{x=18.687979823631203, y=7.0, z=-8.168528860654483}
 }
00:44:17 `bl69mc83l0`489 missed {
 is already Found: false).
 Position: LorenzVec{x=15.5, y=70.0, z=-71.8125}
 DistanceC: 13.699999988079085
Relative Position: LorenzVec{x=13.699999988079085, y=-0.5, z=-8.676924383686973}
 }
00:44:17 `f27v9d4l26`410 missed {
 is already Found: false).
 Position: LorenzVec{x=2.5, y=70.0, z=-75.5}
 DistanceC: 7.131782093216287
Relative Position: LorenzVec{x=6.1833047848073575, y=-6.98301735129175, z=-7.131782093216287}
 }
00:44:21 `75nu2uk3iv`341 missed {
 is already Found: false).
 Position: LorenzVec{x=-10.0, y=70.0, z=-67.0}
 DistanceC: 22.37153965982698
Relative Position: LorenzVec{x=22.37153965982698, y=-1.6073954500486565, z=8.430373462263134}
 }
00:44:21 `Villager`352 missed {
 is already Found: false).
 Position: LorenzVec{x=-16.5, y=70.0, z=-81.5}
 DistanceC: 15.87153965982698
Relative Position: LorenzVec{x=15.87153965982698, y=-1.0, z=-5.9518577303179825}
 }
00:44:23 `4t24fbpy61`513 missed {
 is already Found: false).
 Position: LorenzVec{x=-29.5, y=57.0, z=-90.5}
 DistanceC: 14.849386312059323
Relative Position: LorenzVec{x=2.871539659826979, y=-14.0, z=-14.849386312059323}
 }
00:44:23 `svds0ji5gt`413 missed {
 is already Found: false).
 Position: LorenzVec{x=-31.0, y=73.0, z=-85.5}
 DistanceC: 9.849386312059323
Relative Position: LorenzVec{x=1.3715396598269791, y=2.0, z=-9.849386312059323}
 }
00:44:23 `d4t2odgy25`521 missed {
 is already Found: false).
 Position: LorenzVec{x=-32.5, y=71.0, z=-76.5}
 DistanceC: 0.8493863120593232
Relative Position: LorenzVec{x=-0.12846034017302088, y=0.0, z=-0.8493863120593232}
 }
00:44:24 `2223fw2413`415 missed {
 is already Found: false).
 Position: LorenzVec{x=-31.0, y=73.0, z=-95.5}
 DistanceC: 19.849386312059323
Relative Position: LorenzVec{x=1.3715396598269791, y=2.0, z=-19.849386312059323}
 }
00:44:24 `Villager`362 missed {
 is already Found: false).
 Position: LorenzVec{x=-11.3125, y=70.0, z=-95.6875}
 DistanceC: 21.05903965982698
Relative Position: LorenzVec{x=21.05903965982698, y=-1.0, z=-20.036886312059323}
 }
00:44:25 `Villager`344 missed {
 is already Found: false).
 Position: LorenzVec{x=-7.5, y=70.0, z=-75.5}
 DistanceC: 9.799291121412658
Relative Position: LorenzVec{x=9.799291121412658, y=-5.784303310172447, z=-3.9737600947424028}
 }
00:44:27 `3g19n871lp`411 missed {
 is already Found: false).
 Position: LorenzVec{x=-7.5, y=70.0, z=-92.5}
 DistanceC: 22.724761705058228
Relative Position: LorenzVec{x=6.9565798192903365, y=0.0, z=-22.724761705058228}
 }
00:44:27 `1rupos4t6n`408 missed {
 is already Found: false).
 Position: LorenzVec{x=7.0, y=70.0, z=-85.0}
 DistanceC: 21.456579819290337
Relative Position: LorenzVec{x=21.456579819290337, y=0.0, z=-15.224761705058228}
 }
00:44:27 `fxbpo97ln5`584 missed {
 is already Found: false).
 Position: LorenzVec{x=0.5, y=70.0, z=-90.5}
 DistanceC: 20.633920446133402
Relative Position: LorenzVec{x=17.07025387253598, y=0.0, z=-20.633920446133402}
 }
00:46:24 `okcx93zs2h`17 missed {
 is already Found: false).
 Position: LorenzVec{x=4.5, y=72.0, z=-104.5}
 DistanceC: 17.700449488008495
Relative Position: LorenzVec{x=-17.700449488008495, y=2.0, z=-2.2330051365357804}
 }
00:46:28 `1rupos4t6n`408 missed {
 is already Found: false).
 Position: LorenzVec{x=7.0, y=70.0, z=-85.0}
 DistanceC: 20.759576080083214
Relative Position: LorenzVec{x=20.759576080083214, y=0.0, z=-8.537768115031554}
 }
00:46:29 `fxbpo97ln5`584 missed {
 is already Found: false).
 Position: LorenzVec{x=0.5, y=70.0, z=-90.5}
 DistanceC: 14.259576080083214
Relative Position: LorenzVec{x=14.259576080083214, y=0.0, z=-14.037768115031554}
 }
00:46:29 `f27v9d4l26`410 missed {
 is already Found: false).
 Position: LorenzVec{x=2.5, y=70.0, z=-75.5}
 DistanceC: 16.25956622191468
Relative Position: LorenzVec{x=16.25956622191468, y=0.0, z=0.6405552509718717}
 }
00:46:29 `91ne2wweo7`520 missed {
 is already Found: false).
 Position: LorenzVec{x=-6.5, y=55.0, z=-95.5}
 DistanceC: 20.18341174939455
Relative Position: LorenzVec{x=7.355605913823798, y=-15.0, z=-20.18341174939455}
 }
00:46:30 `Villager`344 missed {
 is already Found: false).
 Position: LorenzVec{x=-7.5, y=70.0, z=-75.5}
 DistanceC: 6.355605913823798
Relative Position: LorenzVec{x=6.355605913823798, y=0.0, z=-0.1834117493945513}
 }
00:46:30 `3g19n871lp`411 missed {
 is already Found: false).
 Position: LorenzVec{x=-7.5, y=70.0, z=-92.5}
 DistanceC: 17.18341174939455
Relative Position: LorenzVec{x=6.355605913823798, y=0.0, z=-17.18341174939455}
 }
00:46:30 `75nu2uk3iv`341 missed {
 is already Found: false).
 Position: LorenzVec{x=-10.0, y=70.0, z=-67.0}
 DistanceC: 8.316588250605449
Relative Position: LorenzVec{x=3.8556059138237977, y=0.0, z=8.316588250605449}
 }
00:46:30 `Villager`362 missed {
 is already Found: false).
 Position: LorenzVec{x=-11.3125, y=70.0, z=-95.6875}
 DistanceC: 20.37091174939455
Relative Position: LorenzVec{x=2.5431059138237977, y=0.0, z=-20.37091174939455}
 }
00:46:30 `Villager`352 missed {
 is already Found: false).
 Position: LorenzVec{x=-16.5, y=70.0, z=-81.5}
 DistanceC: 6.183411749394551
Relative Position: LorenzVec{x=-2.6443940861762023, y=0.0, z=-6.183411749394551}
 }
00:46:30 `Villager`358 missed {
 is already Found: false).
 Position: LorenzVec{x=-0.5, y=70.0, z=-54.5}
 DistanceC: 20.81658825060545
Relative Position: LorenzVec{x=13.355605913823798, y=0.0, z=20.81658825060545}
 }
00:46:31 `g9xz506x32`244 missed {
 is already Found: false).
 Position: LorenzVec{x=-24.5, y=71.0, z=-58.5}
 DistanceC: 16.81658825060545
Relative Position: LorenzVec{x=-10.644394086176202, y=1.0, z=16.81658825060545}
 }
00:46:31 `4t24fbpy61`513 missed {
 is already Found: false).
 Position: LorenzVec{x=-29.5, y=57.0, z=-90.5}
 DistanceC: 15.644394086176202
Relative Position: LorenzVec{x=-15.644394086176202, y=-13.0, z=-15.183411749394551}
 }
00:46:31 `svds0ji5gt`413 missed {
 is already Found: false).
 Position: LorenzVec{x=-31.0, y=73.0, z=-85.5}
 DistanceC: 17.144394086176202
Relative Position: LorenzVec{x=-17.144394086176202, y=3.0, z=-10.183411749394551}
 }
00:46:31 `2223fw2413`415 missed {
 is already Found: false).
 Position: LorenzVec{x=-31.0, y=73.0, z=-95.5}
 DistanceC: 20.18341174939455
Relative Position: LorenzVec{x=-17.144394086176202, y=3.0, z=-20.18341174939455}
 }
00:46:31 `d4t2odgy25`521 missed {
 is already Found: false).
 Position: LorenzVec{x=-32.5, y=71.0, z=-76.5}
 DistanceC: 18.644394086176202
Relative Position: LorenzVec{x=-18.644394086176202, y=1.0, z=-1.1834117493945513}
 }
00:46:31 `o353g10j4u`414 missed {
 is already Found: false).
 Position: LorenzVec{x=-36.0, y=73.0, z=-85.5}
 DistanceC: 22.144394086176202
Relative Position: LorenzVec{x=-22.144394086176202, y=3.0, z=-10.183411749394551}
 }
00:46:31 `h11307ed97`416 missed {
 is already Found: false).
 Position: LorenzVec{x=-36.0, y=73.0, z=-95.5}
 DistanceC: 22.144394086176202
Relative Position: LorenzVec{x=-22.144394086176202, y=3.0, z=-20.18341174939455}
 }
00:49:48 `ao307xc8wd`490 missed {
 is already Found: false).
 Position: LorenzVec{x=5.5, y=61.0, z=-134.0}
 DistanceC: 23.475031410059145
Relative Position: LorenzVec{x=-20.87448106210335, y=-9.0, z=-23.475031410059145}
 }
00:50:54 `Villager`344 missed {
 is already Found: false).
 Position: LorenzVec{x=-7.5, y=70.0, z=-75.5}
 DistanceC: 18.38837410664121
Relative Position: LorenzVec{x=-18.38837410664121, y=0.0, z=-17.04711305399961}
 }
00:51:02 `okcx93zs2h`17 missed {
 is already Found: false).
 Position: LorenzVec{x=4.5, y=72.0, z=-104.5}
 DistanceC: 20.370145099251673
Relative Position: LorenzVec{x=15.121635560502895, y=2.0, z=-20.370145099251673}
 }
