15:13:09 [EMPTY] §f §r§r§r§f §r§r§r§1 §r§r§r§0 §r§r§r§2 §r§r§r§f §r§r§r§f §r§r§r§2 §r§r§r§0 §r§r§r§4 §r§r§r§3 §r§r§r§9 §r§r§r§2 §r§r§r§0 §r§r§r§0 §r§r§r§3 §r§r§r§9 §r§r§r§2 §r§r§r§0 §r§r§r§0 §r§r§r§3 §r§r§r§9 §r§r§r§2 §r§r§r§0 §r§r§r§0 
15:13:09 [EMPTY] 
15:13:16 [EMPTY] §8 §r§8 §r§1 §r§3 §r§3 §r§7 §r§8 
15:13:18 [EMPTY] 
15:13:18 [EMPTY] 
15:13:20 [SKYMALL] §bNew day! §r§eYour §r§2Sky Mall §r§ebuff changed!
15:13:20 [SKYMALL] §eNew buff§r§r§r: §r§f§r§a-20%§r§f Pickaxe Ability cooldowns.
15:13:20 [SKYMALL] §8§oYou can disable this messaging by toggling Sky Mall in your /hotm!
15:15:01 [SKYMALL] §bNew day! §r§eYour §r§2Sky Mall §r§ebuff changed!
15:15:01 [SKYMALL] §eNew buff§r§r§r: §r§fGain §r§6+100⸕ Mining Speed§r§f.
15:15:01 [SKYMALL] §8§oYou can disable this messaging by toggling Sky Mall in your /hotm!
15:27:38 [EMPTY] 
15:27:38 [EMPTY] 
15:28:52 [EMPTY] §f
15:28:52 [EMPTY] §f
15:28:52 [EMPTY] §f
15:28:52 [EMPTY] §f
15:30:55 [EMPTY] 
15:30:55 [EMPTY] 
15:30:55 [EMPTY] 
15:30:55 [EMPTY] 
15:35:01 [SKYMALL] §bNew day! §r§eYour §r§2Sky Mall §r§ebuff changed!
15:35:01 [SKYMALL] §eNew buff§r§r§r: §r§fGain §r§6+100⸕ Mining Speed§r§f.
15:35:01 [SKYMALL] §8§oYou can disable this messaging by toggling Sky Mall in your /hotm!
15:40:04 [EMPTY] §8 §r§8 §r§1 §r§3 §r§3 §r§7 §r§8 
15:43:30 [EMPTY] §8 §r§8 §r§1 §r§3 §r§3 §r§7 §r§8 
15:43:44 [EMPTY] §8 §r§8 §r§1 §r§3 §r§3 §r§7 §r§8 
15:43:49 [EMPTY] §8 §r§8 §r§1 §r§3 §r§3 §r§7 §r§8 
15:44:52 [EMPTY] §8 §r§8 §r§1 §r§3 §r§3 §r§7 §r§8 
15:48:25 [EMPTY] 
15:53:07 [EMPTY] §f                                        
16:08:24 [EMPTY] 
16:13:04 [EMPTY] §f                                        
16:31:16 [EMPTY] 
16:33:06 [EMPTY] §f                                        
16:48:23 [EMPTY] 
16:53:04 [EMPTY] §f                                        
17:00:13 [EMPTY] §f
17:00:13 [EMPTY] §c
17:08:23 [EMPTY] 
17:13:04 [EMPTY] §f                                        
17:25:22 [EMPTY] 
17:25:22 [EMPTY] 
17:31:23 [EMPTY] 
17:33:01 [EMPTY] §f                                        
17:48:15 [EMPTY] 
17:53:09 [EMPTY] §f                                        
17:55:34 [EMPTY] §8 §r§8 §r§1 §r§3 §r§3 §r§7 §r§8 
18:08:00 [EMPTY] §f
18:08:03 [EMPTY] §8 §r§8 §r§1 §r§3 §r§3 §r§7 §r§8 
