22:21:30 DWARVEN_MINES
22:23:37 NONE
22:23:38 PRIVATE_ISLAND
22:26:50 NONE
22:26:51 HUB
22:32:06 NONE
22:32:06 PRIVATE_ISLAND
22:34:20 NONE
22:34:21 DWARVEN_MINES
22:56:07 NONE
22:56:08 PRIVATE_ISLAND
23:54:37 NONE
23:54:54 PRIVATE_ISLAND
00:11:25 NONE
00:11:25 THE_END
00:49:33 NONE
00:49:33 PRIVATE_ISLAND
00:51:00 NONE
00:51:00 DWARVEN_MINES
00:51:40 NONE
00:51:40 PRIVATE_ISLAND
07:19:38 NONE
07:19:41 PRIVATE_ISLAND
10:09:42 NONE
10:09:42 GARDEN
11:01:11 NONE
11:01:12 THE_END
11:13:14 NONE
11:13:14 PRIVATE_ISLAND
