04:13:04 `05bu0xv6j0`137 missed {
 is already Found: false).
 Position: LorenzVec{x=33.5, y=201.93125, z=-139.5}
 DistanceC: 10.418904591963525
Relative Position: LorenzVec{x=1.8209168555389752, y=-4.604590625044551, z=-10.418904591963525}
 }
04:13:07 `qpz3e9qs28`5 missed {
 is already Found: false).
 Position: LorenzVec{x=13.5, y=201.0, z=-148.5}
 DistanceC: 12.207078816224254
Relative Position: LorenzVec{x=8.916535287057865, y=0.5926045976350451, z=-12.207078816224254}
 }
04:13:13 `06b4sv8uj6`123 missed {
 is already Found: false).
 Position: LorenzVec{x=-10.5, y=201.0, z=-103.5}
 DistanceC: 22.993136664246705
Relative Position: LorenzVec{x=12.15037748251035, y=1.0, z=22.993136664246705}
 }
04:56:30 `Magma Cube`1180999 missed {
 is already Found: false).
 Position: LorenzVec{x=38.625, y=151.0, z=-555.375}
 DistanceC: 9.609781660226417
Relative Position: LorenzVec{x=6.866960322768701, y=-4.0, z=-9.609781660226417}
 }
04:56:30 `Magma Cube`1181001 missed {
 is already Found: false).
 Position: LorenzVec{x=46.666666666666664, y=135.72916666666666, z=-530.9479166666666}
 DistanceC: 14.908626989435366
Relative Position: LorenzVec{x=14.908626989435366, y=-19.270833333333343, z=14.817301673106954}
 }
04:56:30 `Magma Cube`1181003 missed {
 is already Found: false).
 Position: LorenzVec{x=35.625, y=151.0, z=-546.1875}
 DistanceC: 3.8669603227687013
Relative Position: LorenzVec{x=3.8669603227687013, y=-4.0, z=-0.42228166022641744}
 }
04:56:30 `Magma Cube`1181007 missed {
 is already Found: false).
 Position: LorenzVec{x=51.375, y=147.51041666666666, z=-549.375}
 DistanceC: 19.6169603227687
Relative Position: LorenzVec{x=19.6169603227687, y=-7.489583333333343, z=-3.6097816602264174}
 }
04:56:30 `Magma Cube`1181009 missed {
 is already Found: false).
 Position: LorenzVec{x=38.625, y=148.0, z=-543.625}
 DistanceC: 6.866960322768701
Relative Position: LorenzVec{x=6.866960322768701, y=-7.0, z=2.1402183397735826}
 }
05:13:48 `Magma Cube`1232336 missed {
 is already Found: false).
 Position: LorenzVec{x=6.625, y=148.11458333333334, z=-539.3645833333334}
 DistanceC: 18.306148923058075
Relative Position: LorenzVec{x=-18.306148923058075, y=-15.116940464253673, z=6.91060367072771}
 }
05:13:48 `Magma Cube`1232338 missed {
 is already Found: false).
 Position: LorenzVec{x=20.0625, y=156.67708333333334, z=-560.46875}
 DistanceC: 14.193562995938919
Relative Position: LorenzVec{x=-4.868648923058075, y=-6.554440464253673, z=-14.193562995938919}
 }
05:13:48 `Magma Cube`1232340 missed {
 is already Found: false).
 Position: LorenzVec{x=14.645833333333334, y=154.72916666666666, z=-553.1666666666666}
 DistanceC: 10.28531558972474
Relative Position: LorenzVec{x=-10.28531558972474, y=-8.502357130920359, z=-6.891479662605548}
 }
05:13:48 `Magma Cube`1232342 missed {
 is already Found: false).
 Position: LorenzVec{x=34.197916666666664, y=144.28125, z=-531.0520833333334}
 DistanceC: 15.22310367072771
Relative Position: LorenzVec{x=9.26676774360859, y=-18.950273797587016, z=15.22310367072771}
 }
05:13:48 `Magma Cube`1232344 missed {
 is already Found: false).
 Position: LorenzVec{x=32.260416666666664, y=159.10416666666666, z=-548.5729166666666}
 DistanceC: 7.32926774360859
Relative Position: LorenzVec{x=7.32926774360859, y=-4.127357130920359, z=-2.2977296626055477}
 }
05:13:57 `Magma Cube`1232346 missed {
 is already Found: false).
 Position: LorenzVec{x=0.625, y=163.0, z=-548.6875}
 DistanceC: 21.073759713759614
Relative Position: LorenzVec{x=-18.311420384027425, y=6.0, z=21.073759713759614}
 }
05:16:45 `n82eo5h76s`115 missed {
 is already Found: false).
 Position: LorenzVec{x=-15.25, y=136.43125, z=217.25}
 DistanceC: 15.498218273818972
Relative Position: LorenzVec{x=-15.498218273818972, y=6.4482326487082275, z=11.285740643624706}
 }
05:16:45 `343fl00qqw`117 missed {
 is already Found: false).
 Position: LorenzVec{x=15.5, y=128.0, z=206.5}
 DistanceC: 15.251781726181028
Relative Position: LorenzVec{x=15.251781726181028, y=-1.9830173512917781, z=0.5357406436247061}
 }
05:16:45 `o716y9438v`175 missed {
 is already Found: false).
 Position: LorenzVec{x=23.5, y=128.0, z=207.5}
 DistanceC: 23.25178172618103
Relative Position: LorenzVec{x=23.25178172618103, y=-1.9830173512917781, z=1.535740643624706}
 }
05:18:42 `0420l74365`187 missed {
 is already Found: false).
 Position: LorenzVec{x=-16.5, y=121.0, z=232.5}
 DistanceC: 19.89360254150851
Relative Position: LorenzVec{x=-19.89360254150851, y=0.0, z=10.070045863665314}
 }
05:18:54 `8kq8znn8av`133 missed {
 is already Found: false).
 Position: LorenzVec{x=2.5, y=120.775, z=237.5}
 DistanceC: 17.005524857767142
Relative Position: LorenzVec{x=-9.675441519439847, y=-0.22499999999999432, z=-17.005524857767142}
 }
05:18:56 `m16o4sj535`186 missed {
 is already Found: false).
 Position: LorenzVec{x=10.0, y=121.0, z=245.0}
 DistanceC: 10.907101633560245
Relative Position: LorenzVec{x=4.273640382006648, y=-5.501533884405319, z=10.907101633560245}
 }
05:18:58 `825a7bw0b7`9 missed {
 is already Found: false).
 Position: LorenzVec{x=28.0, y=120.0, z=238.5}
 DistanceC: 23.347815937046065
Relative Position: LorenzVec{x=23.347815937046065, y=-1.0, z=7.9725254657079745}
 }
05:19:00 `n82eo5h76s`115 missed {
 is already Found: false).
 Position: LorenzVec{x=-15.25, y=136.43125, z=217.25}
 DistanceC: 19.902184062953935
Relative Position: LorenzVec{x=-19.902184062953935, y=15.431250000000006, z=-13.277474534292026}
 }
05:19:01 `o716y9438v`175 missed {
 is already Found: false).
 Position: LorenzVec{x=23.5, y=128.0, z=207.5}
 DistanceC: 23.027474534292026
Relative Position: LorenzVec{x=18.847815937046065, y=7.0, z=-23.027474534292026}
 }
05:20:11 `m16o4sj535`186 missed {
 is already Found: false).
 Position: LorenzVec{x=10.0, y=121.0, z=245.0}
 DistanceC: 18.96932728206093
Relative Position: LorenzVec{x=6.498094728800078, y=0.0, z=18.96932728206093}
 }
05:20:17 `343fl00qqw`117 missed {
 is already Found: false).
 Position: LorenzVec{x=15.5, y=128.0, z=206.5}
 DistanceC: 18.02325683050705
Relative Position: LorenzVec{x=5.490153687676781, y=-9.0, z=-18.02325683050705}
 }
05:20:18 `o716y9438v`175 missed {
 is already Found: false).
 Position: LorenzVec{x=23.5, y=128.0, z=207.5}
 DistanceC: 10.2314782453391
Relative Position: LorenzVec{x=10.2314782453391, y=0.0, z=4.029643868188344}
 }
05:20:25 `0420l74365`187 missed {
 is already Found: false).
 Position: LorenzVec{x=-16.5, y=121.0, z=232.5}
 DistanceC: 2.0
Relative Position: LorenzVec{x=-1.0, y=-6.0, z=-2.0}
 }
05:20:26 `8kq8znn8av`133 missed {
 is already Found: false).
 Position: LorenzVec{x=2.5, y=120.775, z=237.5}
 DistanceC: 18.0
Relative Position: LorenzVec{x=18.0, y=-6.224999999999994, z=3.0}
 }
05:21:41 `n82eo5h76s`115 missed {
 is already Found: false).
 Position: LorenzVec{x=-15.25, y=136.43125, z=217.25}
 DistanceC: 14.642100766399677
Relative Position: LorenzVec{x=-14.642100766399677, y=13.931250000000006, z=4.303966117106739}
 }
05:21:41 `343fl00qqw`117 missed {
 is already Found: false).
 Position: LorenzVec{x=15.5, y=128.0, z=206.5}
 DistanceC: 16.107899233600325
Relative Position: LorenzVec{x=16.107899233600325, y=5.5, z=-6.446033882893261}
 }
05:21:41 `0420l74365`187 missed {
 is already Found: false).
 Position: LorenzVec{x=-16.5, y=121.0, z=232.5}
 DistanceC: 19.55396611710674
Relative Position: LorenzVec{x=-15.892100766399677, y=-1.5, z=19.55396611710674}
 }
05:21:58 `8kq8znn8av`133 missed {
 is already Found: false).
 Position: LorenzVec{x=2.5, y=120.775, z=237.5}
 DistanceC: 20.61140532950543
Relative Position: LorenzVec{x=3.6193310326652446, y=-0.22499999999999432, z=20.61140532950543}
 }
05:22:09 `m16o4sj535`186 missed {
 is already Found: false).
 Position: LorenzVec{x=10.0, y=121.0, z=245.0}
 DistanceC: 13.57559354157712
Relative Position: LorenzVec{x=10.908108894527283, y=0.0, z=13.57559354157712}
 }
05:22:26 `o716y9438v`175 missed {
 is already Found: false).
 Position: LorenzVec{x=23.5, y=128.0, z=207.5}
 DistanceC: 22.70537117123993
Relative Position: LorenzVec{x=22.70537117123993, y=7.0, z=-16.14599631795977}
 }
05:24:56 `Zombie`146799 missed {
 is already Found: false).
 Position: LorenzVec{x=-1.5, y=128.0, z=198.5}
 DistanceC: 18.33998528494098
Relative Position: LorenzVec{x=-2.021243440802209, y=7.0, z=-18.33998528494098}
 }
05:24:56 `n82eo5h76s`115 missed {
 is already Found: false).
 Position: LorenzVec{x=-15.25, y=136.43125, z=217.25}
 DistanceC: 15.771243440802209
Relative Position: LorenzVec{x=-15.771243440802209, y=15.431250000000006, z=0.4100147150590203}
 }
05:24:56 `343fl00qqw`117 missed {
 is already Found: false).
 Position: LorenzVec{x=15.5, y=128.0, z=206.5}
 DistanceC: 14.978756559197791
Relative Position: LorenzVec{x=14.978756559197791, y=7.0, z=-10.33998528494098}
 }
05:24:56 `o716y9438v`175 missed {
 is already Found: false).
 Position: LorenzVec{x=23.5, y=128.0, z=207.5}
 DistanceC: 22.97875655919779
Relative Position: LorenzVec{x=22.97875655919779, y=7.0, z=-9.33998528494098}
 }
05:24:57 `0420l74365`187 missed {
 is already Found: false).
 Position: LorenzVec{x=-16.5, y=121.0, z=232.5}
 DistanceC: 17.02124344080221
Relative Position: LorenzVec{x=-17.02124344080221, y=0.0, z=15.66001471505902}
 }
05:24:58 `8kq8znn8av`133 missed {
 is already Found: false).
 Position: LorenzVec{x=2.5, y=120.775, z=237.5}
 DistanceC: 20.66001471505902
Relative Position: LorenzVec{x=1.978756559197791, y=-0.22499999999999432, z=20.66001471505902}
 }
05:25:16 `m16o4sj535`186 missed {
 is already Found: false).
 Position: LorenzVec{x=10.0, y=121.0, z=245.0}
 DistanceC: 22.543248442496207
Relative Position: LorenzVec{x=7.45835970239257, y=0.0, z=22.543248442496207}
 }
05:27:31 `8kq8znn8av`133 missed {
 is already Found: false).
 Position: LorenzVec{x=2.5, y=120.775, z=237.5}
 DistanceC: 17.71552313155391
Relative Position: LorenzVec{x=-3.5742695171177488, y=-0.22499999999999432, z=17.71552313155391}
 }
05:27:31 `825a7bw0b7`9 missed {
 is already Found: false).
 Position: LorenzVec{x=28.0, y=120.0, z=238.5}
 DistanceC: 21.92573048288225
Relative Position: LorenzVec{x=21.92573048288225, y=-1.0, z=18.71552313155391}
 }
05:27:43 `m16o4sj535`186 missed {
 is already Found: false).
 Position: LorenzVec{x=10.0, y=121.0, z=245.0}
 DistanceC: 2.1912994865358595
Relative Position: LorenzVec{x=2.1912994865358595, y=0.0, z=1.4628602139468114}
 }
05:28:34 `n82eo5h76s`115 missed {
 is already Found: false).
 Position: LorenzVec{x=-15.25, y=136.43125, z=217.25}
 DistanceC: 16.75
Relative Position: LorenzVec{x=-15.75, y=8.431250000000006, z=16.75}
 }
05:28:34 `343fl00qqw`117 missed {
 is already Found: false).
 Position: LorenzVec{x=15.5, y=128.0, z=206.5}
 DistanceC: 15.0
Relative Position: LorenzVec{x=15.0, y=0.0, z=6.0}
 }
05:28:34 `o716y9438v`175 missed {
 is already Found: false).
 Position: LorenzVec{x=23.5, y=128.0, z=207.5}
 DistanceC: 23.0
Relative Position: LorenzVec{x=23.0, y=0.0, z=7.0}
 }
05:34:15 `n82eo5h76s`115 missed {
 is already Found: false).
 Position: LorenzVec{x=-15.25, y=136.43125, z=217.25}
 DistanceC: 15.321368000076916
Relative Position: LorenzVec{x=-15.311097085597634, y=8.431250000000006, z=15.321368000076916}
 }
05:34:15 `343fl00qqw`117 missed {
 is already Found: false).
 Position: LorenzVec{x=15.5, y=128.0, z=206.5}
 DistanceC: 15.438902914402366
Relative Position: LorenzVec{x=15.438902914402366, y=0.0, z=4.571368000076916}
 }
05:34:15 `o716y9438v`175 missed {
 is already Found: false).
 Position: LorenzVec{x=23.5, y=128.0, z=207.5}
 DistanceC: 23.438902914402366
Relative Position: LorenzVec{x=23.438902914402366, y=0.0, z=5.571368000076916}
 }
05:34:42 `0420l74365`187 missed {
 is already Found: false).
 Position: LorenzVec{x=-16.5, y=121.0, z=232.5}
 DistanceC: 20.7105672019864
Relative Position: LorenzVec{x=-20.7105672019864, y=0.0, z=3.5955185227029176}
 }
05:34:42 `8kq8znn8av`133 missed {
 is already Found: false).
 Position: LorenzVec{x=2.5, y=120.775, z=237.5}
 DistanceC: 8.595518522702918
Relative Position: LorenzVec{x=-1.710567201986402, y=-0.22499999999999432, z=8.595518522702918}
 }
05:34:45 `m16o4sj535`186 missed {
 is already Found: false).
 Position: LorenzVec{x=10.0, y=121.0, z=245.0}
 DistanceC: 16.095518522702918
Relative Position: LorenzVec{x=5.789432798013598, y=0.0, z=16.095518522702918}
 }
05:34:45 `825a7bw0b7`9 missed {
 is already Found: false).
 Position: LorenzVec{x=28.0, y=120.0, z=238.5}
 DistanceC: 23.7894327980136
Relative Position: LorenzVec{x=23.7894327980136, y=-1.0, z=9.595518522702918}
 }
05:39:03 `8kq8znn8av`133 missed {
 is already Found: false).
 Position: LorenzVec{x=2.5, y=120.775, z=237.5}
 DistanceC: 1.6492240542874015
Relative Position: LorenzVec{x=-0.7094202151718281, y=-3.7249999999999943, z=-1.6492240542874015}
 }
05:39:08 `o716y9438v`175 missed {
 is already Found: false).
 Position: LorenzVec{x=23.5, y=128.0, z=207.5}
 DistanceC: 17.56683316434271
Relative Position: LorenzVec{x=7.983209746424109, y=-13.0, z=-17.56683316434271}
 }
05:39:21 `0420l74365`187 missed {
 is already Found: false).
 Position: LorenzVec{x=-16.5, y=121.0, z=232.5}
 DistanceC: 3.0
Relative Position: LorenzVec{x=0.0, y=-6.0, z=-3.0}
 }
05:39:24 `8kq8znn8av`133 missed {
 is already Found: false).
 Position: LorenzVec{x=2.5, y=120.775, z=237.5}
 DistanceC: 1.10409400745354
Relative Position: LorenzVec{x=0.023497941700364677, y=-9.357993659646468, z=1.10409400745354}
 }
05:39:27 `343fl00qqw`117 missed {
 is already Found: false).
 Position: LorenzVec{x=15.5, y=128.0, z=206.5}
 DistanceC: 11.865267089666752
Relative Position: LorenzVec{x=11.865267089666752, y=0.0, z=6.919629834157234}
 }
05:39:34 `8kq8znn8av`133 missed {
 is already Found: false).
 Position: LorenzVec{x=2.5, y=120.775, z=237.5}
 DistanceC: 11.0
Relative Position: LorenzVec{x=-11.0, y=-20.1465999984741, z=7.0}
 }
05:39:39 `o716y9438v`175 missed {
 is already Found: false).
 Position: LorenzVec{x=23.5, y=128.0, z=207.5}
 DistanceC: 20.143573837990697
Relative Position: LorenzVec{x=20.143573837990697, y=0.0, z=12.081256597159893}
 }
05:39:46 `0420l74365`187 missed {
 is already Found: false).
 Position: LorenzVec{x=-16.5, y=121.0, z=232.5}
 DistanceC: 20.18489181828113
Relative Position: LorenzVec{x=-20.18489181828113, y=0.0, z=-0.3382793875839809}
 }
05:39:47 `8kq8znn8av`133 missed {
 is already Found: false).
 Position: LorenzVec{x=2.5, y=120.775, z=237.5}
 DistanceC: 4.661720612416019
Relative Position: LorenzVec{x=-1.1848918182811286, y=-0.22499999999999432, z=4.661720612416019}
 }
05:39:49 `m16o4sj535`186 missed {
 is already Found: false).
 Position: LorenzVec{x=10.0, y=121.0, z=245.0}
 DistanceC: 12.161720612416019
Relative Position: LorenzVec{x=6.3151081817188714, y=0.0, z=12.161720612416019}
 }
05:40:57 `Zombie`146799 missed {
 is already Found: false).
 Position: LorenzVec{x=-0.15625, y=149.0, z=248.88541666666669}
 DistanceC: 16.047137279082705
Relative Position: LorenzVec{x=-3.8411418182811286, y=28.0, z=16.047137279082705}
 }
05:41:06 `825a7bw0b7`9 missed {
 is already Found: false).
 Position: LorenzVec{x=28.0, y=120.0, z=238.5}
 DistanceC: 22.362008393229473
Relative Position: LorenzVec{x=22.362008393229473, y=-1.0, z=15.652634378131324}
 }
05:41:06 `o716y9438v`175 missed {
 is already Found: false).
 Position: LorenzVec{x=23.5, y=128.0, z=207.5}
 DistanceC: 17.862008393229473
Relative Position: LorenzVec{x=17.862008393229473, y=7.0, z=-15.347365621868676}
 }
05:41:27 `8kq8znn8av`133 missed {
 is already Found: false).
 Position: LorenzVec{x=2.5, y=120.775, z=237.5}
 DistanceC: 10.331716497500542
Relative Position: LorenzVec{x=-10.331716497500542, y=-19.224999999999994, z=6.149979708651955}
 }
05:59:21 `Magma Cube`1570437 missed {
 is already Found: false).
 Position: LorenzVec{x=17.84375, y=159.0, z=-572.375}
 DistanceC: 6.470302151875671
Relative Position: LorenzVec{x=-3.600105112836367, y=4.0, z=-6.470302151875671}
 }
05:59:21 `Magma Cube`1570439 missed {
 is already Found: false).
 Position: LorenzVec{x=17.75, y=158.0, z=-570.375}
 DistanceC: 4.470302151875671
Relative Position: LorenzVec{x=-3.693855112836367, y=3.0, z=-4.470302151875671}
 }
05:59:21 `Magma Cube`1570441 missed {
 is already Found: false).
 Position: LorenzVec{x=21.34375, y=156.0, z=-568.0625}
 DistanceC: 2.1578021518756714
Relative Position: LorenzVec{x=-0.10010511283636703, y=1.0, z=-2.1578021518756714}
 }
05:59:21 `Magma Cube`1570443 missed {
 is already Found: false).
 Position: LorenzVec{x=23.28125, y=160.0, z=-574.28125}
 DistanceC: 8.376552151875671
Relative Position: LorenzVec{x=1.837394887163633, y=5.0, z=-8.376552151875671}
 }
05:59:21 `Magma Cube`1570445 missed {
 is already Found: false).
 Position: LorenzVec{x=12.875, y=155.3125, z=-556.0625}
 DistanceC: 9.842197848124329
Relative Position: LorenzVec{x=-8.568855112836367, y=0.3125, z=9.842197848124329}
 }
05:59:21 `Magma Cube`1570447 missed {
 is already Found: false).
 Position: LorenzVec{x=15.1875, y=153.03125, z=-560.0625}
 DistanceC: 6.256355112836367
Relative Position: LorenzVec{x=-6.256355112836367, y=-1.96875, z=5.842197848124329}
 }
06:05:28 `Zombie`152191 missed {
 is already Found: false).
 Position: LorenzVec{x=-38.84375, y=57.0, z=-126.84375}
 DistanceC: 16.436132996600424
Relative Position: LorenzVec{x=-16.436132996600424, y=-19.09935711385296, z=7.239018428169686}
 }
06:05:54 `Villager`539 missed {
 is already Found: false).
 Position: LorenzVec{x=-2.5, y=70.0, z=-46.5}
 DistanceC: 22.0
Relative Position: LorenzVec{x=22.0, y=-22.0, z=14.0}
 }
06:07:54 `Zombie`152192 missed {
 is already Found: false).
 Position: LorenzVec{x=46.21875, y=72.0, z=-159.96875}
 DistanceC: 15.86901159813289
Relative Position: LorenzVec{x=15.86901159813289, y=-5.5, z=-4.076278599538341}
 }
06:08:04 `5d08h71154`410 missed {
 is already Found: false).
 Position: LorenzVec{x=2.5, y=70.0, z=-75.5}
 DistanceC: 15.72795310961871
Relative Position: LorenzVec{x=15.72795310961871, y=0.0, z=9.451134625757575}
 }
06:08:05 `mwto87k5qp`408 missed {
 is already Found: false).
 Position: LorenzVec{x=7.0, y=70.0, z=-85.0}
 DistanceC: 22.417262052214575
Relative Position: LorenzVec{x=22.417262052214575, y=2.0, z=17.751313834038584}
 }
06:08:10 `Villager`243 missed {
 is already Found: false).
 Position: LorenzVec{x=-32.5, y=69.0, z=-135.5}
 DistanceC: 16.658976303998003
Relative Position: LorenzVec{x=-9.544692267148701, y=0.2336320060424839, z=-16.658976303998003}
 }
06:08:10 `0h980xlfu4`498 missed {
 is already Found: false).
 Position: LorenzVec{x=-11.5, y=68.0, z=-140.5}
 DistanceC: 22.60620715889283
Relative Position: LorenzVec{x=11.184391878506656, y=-0.23152379758701613, z=-22.60620715889283}
 }
06:08:11 `4dux1f2ic7`327 missed {
 is already Found: false).
 Position: LorenzVec{x=-10.0, y=68.0, z=-130.0}
 DistanceC: 18.845855262911556
Relative Position: LorenzVec{x=12.162798452578809, y=0.0, z=-18.845855262911556}
 }
06:08:11 `Villager`241 missed {
 is already Found: false).
 Position: LorenzVec{x=-28.5, y=69.0, z=-125.5}
 DistanceC: 20.825118078374203
Relative Position: LorenzVec{x=-11.130863431103439, y=1.0, z=-20.825118078374203}
 }
06:08:11 `c6kqugf834`330 missed {
 is already Found: false).
 Position: LorenzVec{x=-9.0, y=68.0, z=-125.0}
 DistanceC: 21.38182747545116
Relative Position: LorenzVec{x=6.357463433244906, y=0.0, z=-21.38182747545116}
 }
06:08:11 `Villager`350 missed {
 is already Found: false).
 Position: LorenzVec{x=-21.5, y=68.0, z=-124.5}
 DistanceC: 20.88182747545116
Relative Position: LorenzVec{x=-6.142536566755094, y=0.0, z=-20.88182747545116}
 }
06:08:14 `1fc9kjx00k`1547 missed {
 is already Found: false).
 Position: LorenzVec{x=-2.5, y=72.0, z=-109.5}
 DistanceC: 17.447425595633405
Relative Position: LorenzVec{x=9.161536068704848, y=2.0, z=-17.447425595633405}
 }
06:08:15 `Villager`348 missed {
 is already Found: false).
 Position: LorenzVec{x=-25.6875, y=68.0, z=-103.09375}
 DistanceC: 15.131294399805682
Relative Position: LorenzVec{x=-14.83048463883309, y=-2.0, z=-15.131294399805682}
 }
06:08:15 `qboq1l6e7j`16 missed {
 is already Found: false).
 Position: LorenzVec{x=-3.5, y=72.0, z=-101.5}
 DistanceC: 15.21428671146225
Relative Position: LorenzVec{x=7.0366562082735555, y=2.0, z=-15.21428671146225}
 }
06:08:15 `Villager`362 missed {
 is already Found: false).
 Position: LorenzVec{x=-11.3125, y=70.0, z=-95.6875}
 DistanceC: 17.68444441910212
Relative Position: LorenzVec{x=-5.708038788190084, y=0.0, z=-17.68444441910212}
 }
06:08:15 `a57t40739v`520 missed {
 is already Found: false).
 Position: LorenzVec{x=-6.5, y=55.0, z=-95.5}
 DistanceC: 17.49694441910212
Relative Position: LorenzVec{x=-0.895538788190084, y=-15.0, z=-17.49694441910212}
 }
06:08:16 `251n20s8wg`411 missed {
 is already Found: false).
 Position: LorenzVec{x=-7.5, y=70.0, z=-92.5}
 DistanceC: 19.168356927292237
Relative Position: LorenzVec{x=-1.6406514859333763, y=0.0, z=-19.168356927292237}
 }
06:08:16 `39977phaln`583 missed {
 is already Found: false).
 Position: LorenzVec{x=0.5, y=70.0, z=-90.5}
 DistanceC: 17.87784545815444
Relative Position: LorenzVec{x=6.812418340966625, y=0.0, z=-17.87784545815444}
 }
06:08:16 `1cp6qxem11`513 missed {
 is already Found: false).
 Position: LorenzVec{x=-29.5, y=57.0, z=-90.5}
 DistanceC: 20.558493452425395
Relative Position: LorenzVec{x=-20.16647736669278, y=-13.0, z=-20.558493452425395}
 }
06:08:16 `Villager`352 missed {
 is already Found: false).
 Position: LorenzVec{x=-16.5, y=70.0, z=-81.5}
 DistanceC: 14.998681793825867
Relative Position: LorenzVec{x=-5.963204243156792, y=0.0, z=-14.998681793825867}
 }
06:08:16 `mwto87k5qp`408 missed {
 is already Found: false).
 Position: LorenzVec{x=7.0, y=70.0, z=-85.0}
 DistanceC: 20.096241737749764
Relative Position: LorenzVec{x=17.615885872313967, y=0.0, z=-20.096241737749764}
 }
06:08:16 `h95k2y8ket`413 missed {
 is already Found: false).
 Position: LorenzVec{x=-31.0, y=73.0, z=-85.5}
 DistanceC: 23.40675053540398
Relative Position: LorenzVec{x=-19.92751562265292, y=3.0, z=-23.40675053540398}
 }
06:08:17 `Villager`344 missed {
 is already Found: false).
 Position: LorenzVec{x=-7.5, y=70.0, z=-75.5}
 DistanceC: 13.760405249116403
Relative Position: LorenzVec{x=3.7010606945517104, y=0.0, z=-13.760405249116403}
 }
06:08:17 `5d08h71154`410 missed {
 is already Found: false).
 Position: LorenzVec{x=2.5, y=70.0, z=-75.5}
 DistanceC: 13.760405249116403
Relative Position: LorenzVec{x=13.70106069455171, y=0.0, z=-13.760405249116403}
 }
06:08:17 `k1pxa3525h`521 missed {
 is already Found: false).
 Position: LorenzVec{x=-32.5, y=71.0, z=-76.5}
 DistanceC: 21.253217315040054
Relative Position: LorenzVec{x=-21.253217315040054, y=1.0, z=-14.903326571336414}
 }
06:08:21 `Villager`360 missed {
 is already Found: false).
 Position: LorenzVec{x=10.5, y=70.0, z=-41.5}
 DistanceC: 21.746782684959946
Relative Position: LorenzVec{x=21.746782684959946, y=0.0, z=20.096673428663586}
 }
06:09:14 `7689k894u1`328 missed {
 is already Found: false).
 Position: LorenzVec{x=-44.5, y=85.0, z=-4.5}
 DistanceC: 22.127553615524334
Relative Position: LorenzVec{x=-20.221635423929847, y=14.0, z=22.127553615524334}
 }
06:10:05 `k1pxa3525h`521 missed {
 is already Found: false).
 Position: LorenzVec{x=-32.5, y=71.0, z=-76.5}
 DistanceC: 16.034822706018286
Relative Position: LorenzVec{x=-16.034822706018286, y=1.0, z=0.20273262102723777}
 }
06:10:05 `vwt4f527og`341 missed {
 is already Found: false).
 Position: LorenzVec{x=-10.0, y=70.0, z=-67.0}
 DistanceC: 9.702732621027238
Relative Position: LorenzVec{x=6.465177293981714, y=0.0, z=9.702732621027238}
 }
06:10:05 `7s5973zo5v`522 missed {
 is already Found: false).
 Position: LorenzVec{x=-39.5, y=70.0, z=-78.90625}
 DistanceC: 23.034822706018286
Relative Position: LorenzVec{x=-23.034822706018286, y=0.0, z=-2.2035173789727622}
 }
06:10:06 `Villager`352 missed {
 is already Found: false).
 Position: LorenzVec{x=-16.5, y=70.0, z=-81.5}
 DistanceC: 4.797267378972762
Relative Position: LorenzVec{x=-0.03482270601828574, y=0.0, z=-4.797267378972762}
 }
06:10:06 `h95k2y8ket`413 missed {
 is already Found: false).
 Position: LorenzVec{x=-31.0, y=73.0, z=-85.5}
 DistanceC: 14.534822706018286
Relative Position: LorenzVec{x=-14.534822706018286, y=3.0, z=-8.797267378972762}
 }
06:10:06 `p4ja9x80d4`414 missed {
 is already Found: false).
 Position: LorenzVec{x=-36.0, y=73.0, z=-85.5}
 DistanceC: 19.534822706018286
Relative Position: LorenzVec{x=-19.534822706018286, y=3.0, z=-8.797267378972762}
 }
06:10:06 `1cp6qxem11`513 missed {
 is already Found: false).
 Position: LorenzVec{x=-29.5, y=57.0, z=-90.5}
 DistanceC: 17.045657544859786
Relative Position: LorenzVec{x=-17.045657544859786, y=-13.0, z=-13.04321951602195}
 }
06:10:06 `Villager`362 missed {
 is already Found: false).
 Position: LorenzVec{x=-11.3125, y=70.0, z=-95.6875}
 DistanceC: 16.70135694248789
Relative Position: LorenzVec{x=-6.478481418030443, y=0.0, z=-16.70135694248789}
 }
06:10:07 `Villager`344 missed {
 is already Found: false).
 Position: LorenzVec{x=-7.5, y=70.0, z=-75.5}
 DistanceC: 3.8154092510097684
Relative Position: LorenzVec{x=-3.7370122796833307, y=0.0, z=3.8154092510097684}
 }
06:10:07 `251n20s8wg`411 missed {
 is already Found: false).
 Position: LorenzVec{x=-7.5, y=70.0, z=-92.5}
 DistanceC: 13.184590748990232
Relative Position: LorenzVec{x=-3.7370122796833307, y=0.0, z=-13.184590748990232}
 }
06:10:07 `a57t40739v`520 missed {
 is already Found: false).
 Position: LorenzVec{x=-6.5, y=55.0, z=-95.5}
 DistanceC: 15.828723545067106
Relative Position: LorenzVec{x=-3.8000055876839856, y=-15.0, z=-15.828723545067106}
 }
06:10:07 `39977phaln`583 missed {
 is already Found: false).
 Position: LorenzVec{x=0.5, y=70.0, z=-90.5}
 DistanceC: 8.108531192045348
Relative Position: LorenzVec{x=-2.950261355090815, y=0.0, z=-8.108531192045348}
 }
06:10:07 `5d08h71154`410 missed {
 is already Found: false).
 Position: LorenzVec{x=2.5, y=70.0, z=-75.5}
 DistanceC: 7.868452227828527
Relative Position: LorenzVec{x=-2.971157866501403, y=0.0, z=7.868452227828527}
 }
06:10:07 `mwto87k5qp`408 missed {
 is already Found: false).
 Position: LorenzVec{x=7.0, y=70.0, z=-85.0}
 DistanceC: 8.214567073637904
Relative Position: LorenzVec{x=-8.214567073637904, y=0.0, z=3.84731545370029}
 }
06:10:15 `Zombie`152192 missed {
 is already Found: false).
 Position: LorenzVec{x=46.21875, y=72.0, z=-159.03125}
 DistanceC: 13.810459251944792
Relative Position: LorenzVec{x=-1.1730603283113936, y=1.0, z=-13.810459251944792}
 }
06:10:28 `Villager`354 missed {
 is already Found: false).
 Position: LorenzVec{x=28.0, y=70.0, z=-116.0}
 DistanceC: 19.838825022625997
Relative Position: LorenzVec{x=8.798102804316358, y=0.0, z=-19.838825022625997}
 }
06:10:52 `vq698ocs0r`412 missed {
 is already Found: false).
 Position: LorenzVec{x=-46.5, y=73.0, z=-90.5}
 DistanceC: 14.374038769427699
Relative Position: LorenzVec{x=-11.532532349637464, y=-8.40739540236494, z=-14.374038769427699}
 }
06:10:53 `p4ja9x80d4`414 missed {
 is already Found: false).
 Position: LorenzVec{x=-36.0, y=73.0, z=-85.5}
 DistanceC: 20.96465524408073
Relative Position: LorenzVec{x=-10.652966350320757, y=-17.854893299348362, z=-20.96465524408073}
 }
06:10:54 `h95k2y8ket`413 missed {
 is already Found: false).
 Position: LorenzVec{x=-31.0, y=73.0, z=-85.5}
 DistanceC: 23.077005786077102
Relative Position: LorenzVec{x=-7.12544302972584, y=-21.50153388440532, z=-23.077005786077102}
 }
06:11:22 `qboq1l6e7j`16 missed {
 is already Found: false).
 Position: LorenzVec{x=-3.5, y=72.0, z=-101.5}
 DistanceC: 23.820133521529428
Relative Position: LorenzVec{x=-14.023007504361727, y=2.0, z=-23.820133521529428}
 }
06:11:22 `a57t40739v`520 missed {
 is already Found: false).
 Position: LorenzVec{x=-6.5, y=55.0, z=-95.5}
 DistanceC: 17.820133521529428
Relative Position: LorenzVec{x=-17.02300750436173, y=-15.0, z=-17.820133521529428}
 }
06:11:22 `Villager`358 missed {
 is already Found: false).
 Position: LorenzVec{x=-0.5, y=70.0, z=-54.5}
 DistanceC: 23.179866478470572
Relative Position: LorenzVec{x=-11.023007504361727, y=0.0, z=23.179866478470572}
 }
06:11:22 `Villager`362 missed {
 is already Found: false).
 Position: LorenzVec{x=-11.3125, y=70.0, z=-95.6875}
 DistanceC: 21.83550750436173
Relative Position: LorenzVec{x=-21.83550750436173, y=0.0, z=-18.007633521529428}
 }
06:13:40 `6dc0d1dd75`237 missed {
 is already Found: false).
 Position: LorenzVec{x=-42.5, y=72.0, z=-54.5}
 DistanceC: 4.4691389600598725
Relative Position: LorenzVec{x=4.4691389600598725, y=0.0, z=3.054768195815228}
 }
06:13:40 `h6g87c610h`238 missed {
 is already Found: false).
 Position: LorenzVec{x=-51.0, y=72.0, z=-60.5}
 DistanceC: 5.20980348617492
Relative Position: LorenzVec{x=-5.20980348617492, y=0.0, z=-1.1147290322234085}
 }
06:13:40 `bmv2nnw163`331 missed {
 is already Found: false).
 Position: LorenzVec{x=-49.5, y=70.0, z=-67.5}
 DistanceC: 8.114729032223408
Relative Position: LorenzVec{x=-3.70980348617492, y=-2.0, z=-8.114729032223408}
 }
06:13:40 `i70e198tx0`332 missed {
 is already Found: false).
 Position: LorenzVec{x=-41.5, y=70.0, z=-64.5}
 DistanceC: 4.429175073721581
Relative Position: LorenzVec{x=3.910176297825444, y=-2.0, z=-4.429175073721581}
 }
06:13:40 `t3377d9i55`239 missed {
 is already Found: false).
 Position: LorenzVec{x=-55.5, y=72.0, z=-56.5}
 DistanceC: 9.807320028664009
Relative Position: LorenzVec{x=-9.807320028664009, y=0.0, z=3.8689885984913985}
 }
06:13:41 `7s5973zo5v`522 missed {
 is already Found: false).
 Position: LorenzVec{x=-39.5, y=70.0, z=-78.90625}
 DistanceC: 12.80630661415816
Relative Position: LorenzVec{x=5.537403074259771, y=-1.5358406250445569, z=-12.80630661415816}
 }
06:13:41 `k1pxa3525h`521 missed {
 is already Found: false).
 Position: LorenzVec{x=-32.5, y=71.0, z=-76.5}
 DistanceC: 6.870401332103796
Relative Position: LorenzVec{x=6.667399206092213, y=1.0, z=-6.870401332103796}
 }
06:13:42 `p4ja9x80d4`414 missed {
 is already Found: false).
 Position: LorenzVec{x=-36.0, y=73.0, z=-85.5}
 DistanceC: 16.9751343567601
Relative Position: LorenzVec{x=-16.9751343567601, y=3.0, z=-9.601232431576818}
 }
06:13:43 `h95k2y8ket`413 missed {
 is already Found: false).
 Position: LorenzVec{x=-31.0, y=73.0, z=-85.5}
 DistanceC: 13.084356197288564
Relative Position: LorenzVec{x=-13.084356197288564, y=3.0, z=-9.481689808306172}
 }
06:13:43 `1cp6qxem11`513 missed {
 is already Found: false).
 Position: LorenzVec{x=-29.5, y=57.0, z=-90.5}
 DistanceC: 22.878108634967397
Relative Position: LorenzVec{x=-22.878108634967397, y=-13.0, z=-11.268378771185382}
 }
06:13:49 `Villager`354 missed {
 is already Found: false).
 Position: LorenzVec{x=28.0, y=70.0, z=-116.0}
 DistanceC: 23.097082892593797
Relative Position: LorenzVec{x=-23.097082892593797, y=-5.501964197431263, z=19.20609272650529}
 }
06:13:57 `Zombie`152192 missed {
 is already Found: false).
 Position: LorenzVec{x=46.46875, y=72.0, z=-158.21875}
 DistanceC: 10.552316268261734
Relative Position: LorenzVec{x=3.6113877551014824, y=0.0, z=10.552316268261734}
 }
06:14:06 `e02uu4ua8q`409 missed {
 is already Found: false).
 Position: LorenzVec{x=14.0, y=72.0, z=-106.0}
 DistanceC: 19.51910286774205
Relative Position: LorenzVec{x=-1.8040959813080821, y=2.0, z=-19.51910286774205}
 }
06:14:07 `Villager`356 missed {
 is already Found: false).
 Position: LorenzVec{x=17.5, y=70.0, z=-99.0}
 DistanceC: 12.519102867742049
Relative Position: LorenzVec{x=1.6959040186919179, y=0.0, z=-12.519102867742049}
 }
06:14:07 `vbkvl55021`17 missed {
 is already Found: false).
 Position: LorenzVec{x=4.5, y=72.0, z=-104.5}
 DistanceC: 18.01910286774205
Relative Position: LorenzVec{x=-11.304095981308082, y=2.0, z=-18.01910286774205}
 }
06:14:08 `1fc9kjx00k`1547 missed {
 is already Found: false).
 Position: LorenzVec{x=-2.5, y=72.0, z=-109.5}
 DistanceC: 23.01910286774205
Relative Position: LorenzVec{x=-18.30409598130808, y=2.0, z=-23.01910286774205}
 }
06:14:08 `qboq1l6e7j`16 missed {
 is already Found: false).
 Position: LorenzVec{x=-3.5, y=72.0, z=-101.5}
 DistanceC: 19.30409598130808
Relative Position: LorenzVec{x=-19.30409598130808, y=2.0, z=-15.019102867742049}
 }
06:14:08 `a57t40739v`520 missed {
 is already Found: false).
 Position: LorenzVec{x=-6.5, y=55.0, z=-95.5}
 DistanceC: 22.30409598130808
Relative Position: LorenzVec{x=-22.30409598130808, y=-15.0, z=-9.019102867742049}
 }
06:14:09 `Villager`344 missed {
 is already Found: false).
 Position: LorenzVec{x=-7.5, y=70.0, z=-75.5}
 DistanceC: 23.30409598130808
Relative Position: LorenzVec{x=-23.30409598130808, y=0.0, z=10.980897132257951}
 }
06:16:13 `g4r2g9c3n6`252 missed {
 is already Found: false).
 Position: LorenzVec{x=-73.5, y=71.0, z=-55.5}
 DistanceC: 21.438343726618598
Relative Position: LorenzVec{x=15.761952664932835, y=-3.0, z=21.438343726618598}
 }
06:16:26 `k1pxa3525h`521 missed {
 is already Found: false).
 Position: LorenzVec{x=-32.5, y=71.0, z=-76.5}
 DistanceC: 22.699225782558898
Relative Position: LorenzVec{x=2.3079750036387736, y=-20.507993659646488, z=-22.699225782558898}
 }
06:16:26 `bmv2nnw163`331 missed {
 is already Found: false).
 Position: LorenzVec{x=-49.5, y=70.0, z=-67.5}
 DistanceC: 15.989171288876854
Relative Position: LorenzVec{x=-15.989171288876854, y=-22.35801735129175, z=-13.767934782224543}
 }
06:16:26 `i70e198tx0`332 missed {
 is already Found: false).
 Position: LorenzVec{x=-41.5, y=70.0, z=-64.5}
 DistanceC: 19.0
Relative Position: LorenzVec{x=-19.0, y=-22.0, z=-3.0}
 }
06:16:26 `7s5973zo5v`522 missed {
 is already Found: false).
 Position: LorenzVec{x=-39.5, y=70.0, z=-78.90625}
 DistanceC: 17.40625
Relative Position: LorenzVec{x=-17.0, y=-22.0, z=-17.40625}
 }
06:16:28 `6dc0d1dd75`237 missed {
 is already Found: false).
 Position: LorenzVec{x=-42.5, y=72.0, z=-54.5}
 DistanceC: 20.0
Relative Position: LorenzVec{x=-20.0, y=-20.0, z=7.0}
 }
06:16:28 `h95k2y8ket`413 missed {
 is already Found: false).
 Position: LorenzVec{x=-31.0, y=73.0, z=-85.5}
 DistanceC: 24.0
Relative Position: LorenzVec{x=-8.5, y=-19.0, z=-24.0}
 }
06:16:28 `p4ja9x80d4`414 missed {
 is already Found: false).
 Position: LorenzVec{x=-36.0, y=73.0, z=-85.5}
 DistanceC: 24.0
Relative Position: LorenzVec{x=-13.5, y=-19.0, z=-24.0}
 }
06:16:31 `Villager`539 missed {
 is already Found: false).
 Position: LorenzVec{x=-2.5, y=70.0, z=-46.5}
 DistanceC: 20.0
Relative Position: LorenzVec{x=20.0, y=-22.0, z=15.0}
 }
06:18:10 `172a1osk3k`323 missed {
 is already Found: false).
 Position: LorenzVec{x=31.5, y=71.0, z=-101.5}
 DistanceC: 23.68898687754401
Relative Position: LorenzVec{x=-3.0041804225474067, y=1.0, z=23.68898687754401}
 }
06:18:10 `e02uu4ua8q`409 missed {
 is already Found: false).
 Position: LorenzVec{x=14.0, y=72.0, z=-106.0}
 DistanceC: 20.504180422547407
Relative Position: LorenzVec{x=-20.504180422547407, y=2.0, z=19.18898687754401}
 }
06:18:11 `Villager`354 missed {
 is already Found: false).
 Position: LorenzVec{x=28.0, y=70.0, z=-116.0}
 DistanceC: 9.18898687754401
Relative Position: LorenzVec{x=-6.504180422547407, y=0.0, z=9.18898687754401}
 }
06:18:12 `wq2l20hkp4`257 missed {
 is already Found: false).
 Position: LorenzVec{x=51.5, y=71.0, z=-136.5}
 DistanceC: 16.995819577452593
Relative Position: LorenzVec{x=16.995819577452593, y=1.0, z=-11.31101312245599}
 }
06:19:29 `vbkvl55021`17 missed {
 is already Found: false).
 Position: LorenzVec{x=4.5, y=72.0, z=-104.5}
 DistanceC: 23.00729407018075
Relative Position: LorenzVec{x=10.460917530492317, y=2.0, z=-23.00729407018075}
 }
06:19:29 `qboq1l6e7j`16 missed {
 is already Found: false).
 Position: LorenzVec{x=-3.5, y=72.0, z=-101.5}
 DistanceC: 20.769124155130058
Relative Position: LorenzVec{x=3.882264065855421, y=2.0, z=-20.769124155130058}
 }
06:19:40 `Zombie`152194 missed {
 is already Found: false).
 Position: LorenzVec{x=8.84375, y=70.125, z=-12.46875}
 DistanceC: 18.17526852465635
Relative Position: LorenzVec{x=18.17526852465635, y=-13.032525004739057, z=2.6559358954017647}
 }
06:19:40 `Zombie`152197 missed {
 is already Found: false).
 Position: LorenzVec{x=9.1875, y=70.0, z=-21.65625}
 DistanceC: 18.581684546125153
Relative Position: LorenzVec{x=18.581684546125153, y=-13.0, z=-6.820754647108394}
 }
06:19:44 `Zombie`152196 missed {
 is already Found: false).
 Position: LorenzVec{x=-0.71875, y=69.0, z=4.28125}
 DistanceC: 19.731159756231047
Relative Position: LorenzVec{x=19.731159756231047, y=-21.0, z=16.37579011064651}
 }
06:19:52 `Villager`360 missed {
 is already Found: false).
 Position: LorenzVec{x=10.5, y=70.0, z=-41.5}
 DistanceC: 21.681397012087672
Relative Position: LorenzVec{x=14.396643642659892, y=-7.0, z=-21.681397012087672}
 }
06:19:53 `Villager`340 missed {
 is already Found: false).
 Position: LorenzVec{x=20.0, y=61.0, z=-9.0}
 DistanceC: 22.226779329909245
Relative Position: LorenzVec{x=22.226779329909245, y=-14.40739540236494, z=14.049202575200876}
 }
06:20:07 `Zombie`152191 missed {
 is already Found: false).
 Position: LorenzVec{x=-37.89930555555556, y=57.0, z=-122.52777777777777}
 DistanceC: 16.652140580529682
Relative Position: LorenzVec{x=-16.652140580529682, y=-11.0, z=-5.542015634990946}
 }
06:20:32 `p4ja9x80d4`414 missed {
 is already Found: false).
 Position: LorenzVec{x=-36.0, y=73.0, z=-85.5}
 DistanceC: 18.0478268397847
Relative Position: LorenzVec{x=-18.0478268397847, y=2.5843541392125218, z=-15.440916608374025}
 }
06:20:32 `k1pxa3525h`521 missed {
 is already Found: false).
 Position: LorenzVec{x=-32.5, y=71.0, z=-76.5}
 DistanceC: 14.547826839784701
Relative Position: LorenzVec{x=-14.547826839784701, y=0.5843541392125218, z=-6.440916608374025}
 }
06:20:33 `h95k2y8ket`413 missed {
 is already Found: false).
 Position: LorenzVec{x=-31.0, y=73.0, z=-85.5}
 DistanceC: 15.70256462831459
Relative Position: LorenzVec{x=-13.433904975567337, y=3.0, z=-15.70256462831459}
 }
06:20:33 `7s5973zo5v`522 missed {
 is already Found: false).
 Position: LorenzVec{x=-39.5, y=70.0, z=-78.90625}
 DistanceC: 21.933904975567337
Relative Position: LorenzVec{x=-21.933904975567337, y=0.0, z=-9.10881462831459}
 }
06:20:34 `Villager`352 missed {
 is already Found: false).
 Position: LorenzVec{x=-16.5, y=70.0, z=-81.5}
 DistanceC: 11.70256462831459
Relative Position: LorenzVec{x=1.0660950244326628, y=0.0, z=-11.70256462831459}
 }
06:20:35 `Villager`344 missed {
 is already Found: false).
 Position: LorenzVec{x=-7.5, y=70.0, z=-75.5}
 DistanceC: 10.066095024432663
Relative Position: LorenzVec{x=10.066095024432663, y=0.0, z=-5.70256462831459}
 }
06:20:35 `i383tq5675`192530 missed {
 is already Found: false).
 Position: LorenzVec{x=-7.5, y=70.0, z=-92.5}
 DistanceC: 22.70256462831459
Relative Position: LorenzVec{x=10.066095024432663, y=0.0, z=-22.70256462831459}
 }
06:20:36 `39977phaln`583 missed {
 is already Found: false).
 Position: LorenzVec{x=0.5, y=70.0, z=-90.5}
 DistanceC: 20.70256462831459
Relative Position: LorenzVec{x=18.066095024432663, y=0.0, z=-20.70256462831459}
 }
06:20:36 `Villager`539 missed {
 is already Found: false).
 Position: LorenzVec{x=-2.5, y=70.0, z=-46.5}
 DistanceC: 23.29743537168541
Relative Position: LorenzVec{x=15.066095024432663, y=0.0, z=23.29743537168541}
 }
06:20:37 `1cp6qxem11`513 missed {
 is already Found: false).
 Position: LorenzVec{x=-29.5, y=57.0, z=-90.5}
 DistanceC: 20.70256462831459
Relative Position: LorenzVec{x=-11.933904975567337, y=-13.0, z=-20.70256462831459}
 }
06:22:03 `g4r2g9c3n6`252 missed {
 is already Found: false).
 Position: LorenzVec{x=-73.5, y=71.0, z=-55.5}
 DistanceC: 21.662837675382292
Relative Position: LorenzVec{x=-16.849513942567114, y=-5.0, z=21.662837675382292}
 }
06:22:55 `vwt4f527og`341 missed {
 is already Found: false).
 Position: LorenzVec{x=-10.0, y=70.0, z=-67.0}
 DistanceC: 17.807719217783188
Relative Position: LorenzVec{x=-5.346071531770412, y=0.0, z=-17.807719217783188}
 }
06:22:56 `036u98l0f4`489 missed {
 is already Found: false).
 Position: LorenzVec{x=15.5, y=70.0, z=-71.8125}
 DistanceC: 22.620219217783188
Relative Position: LorenzVec{x=20.153928468229587, y=0.0, z=-22.620219217783188}
 }
06:22:57 `Villager`358 missed {
 is already Found: false).
 Position: LorenzVec{x=-0.5, y=70.0, z=-54.5}
 DistanceC: 5.307719217783188
Relative Position: LorenzVec{x=4.153928468229588, y=0.0, z=-5.307719217783188}
 }
06:22:58 `Villager`539 missed {
 is already Found: false).
 Position: LorenzVec{x=-2.5, y=70.0, z=-46.5}
 DistanceC: 2.6922807822168124
Relative Position: LorenzVec{x=2.153928468229588, y=0.0, z=2.6922807822168124}
 }
06:22:58 `Villager`360 missed {
 is already Found: false).
 Position: LorenzVec{x=10.5, y=70.0, z=-41.5}
 DistanceC: 15.153928468229587
Relative Position: LorenzVec{x=15.153928468229587, y=0.0, z=7.692280782216812}
 }
06:22:59 `zs994iksmj`244 missed {
 is already Found: false).
 Position: LorenzVec{x=-24.5, y=71.0, z=-58.5}
 DistanceC: 19.846071531770413
Relative Position: LorenzVec{x=-19.846071531770413, y=1.0, z=-9.307719217783188}
 }
06:23:58 `vq698ocs0r`412 missed {
 is already Found: false).
 Position: LorenzVec{x=-46.5, y=73.0, z=-90.5}
 DistanceC: 10.420941108707154
Relative Position: LorenzVec{x=10.420941108707154, y=-13.0, z=5.530343568947316}
 }
06:23:58 `p4ja9x80d4`414 missed {
 is already Found: false).
 Position: LorenzVec{x=-36.0, y=73.0, z=-85.5}
 DistanceC: 20.920941108707154
Relative Position: LorenzVec{x=20.920941108707154, y=-13.0, z=10.530343568947316}
 }
06:23:58 `ec457381ni`416 missed {
 is already Found: false).
 Position: LorenzVec{x=-36.0, y=73.0, z=-95.5}
 DistanceC: 20.920941108707154
Relative Position: LorenzVec{x=20.920941108707154, y=-13.0, z=0.5303435689473162}
 }
06:23:59 `Villager`247 missed {
 is already Found: false).
 Position: LorenzVec{x=-35.5, y=69.0, z=-112.5}
 DistanceC: 21.420941108707154
Relative Position: LorenzVec{x=21.420941108707154, y=-17.0, z=-16.469656431052684}
 }
06:23:59 `7s5973zo5v`522 missed {
 is already Found: false).
 Position: LorenzVec{x=-39.5, y=70.0, z=-78.90625}
 DistanceC: 17.420941108707154
Relative Position: LorenzVec{x=17.420941108707154, y=-16.0, z=17.124093568947316}
 }
06:24:21 `k1pxa3525h`521 missed {
 is already Found: false).
 Position: LorenzVec{x=-32.5, y=71.0, z=-76.5}
 DistanceC: 7.77772265843808
Relative Position: LorenzVec{x=-3.4231506626689985, y=-12.92693221313013, z=-7.77772265843808}
 }
06:24:21 `h95k2y8ket`413 missed {
 is already Found: false).
 Position: LorenzVec{x=-31.0, y=73.0, z=-85.5}
 DistanceC: 16.91367348194335
Relative Position: LorenzVec{x=-2.1935838381416026, y=-12.034303310172447, z=-16.91367348194335}
 }
06:24:21 `bmv2nnw163`331 missed {
 is already Found: false).
 Position: LorenzVec{x=-49.5, y=70.0, z=-67.5}
 DistanceC: 21.342095562732244
Relative Position: LorenzVec{x=-21.342095562732244, y=-15.220441480937453, z=0.651946997207304}
 }
06:24:21 `i70e198tx0`332 missed {
 is already Found: false).
 Position: LorenzVec{x=-41.5, y=70.0, z=-64.5}
 DistanceC: 16.0
Relative Position: LorenzVec{x=-16.0, y=-15.0, z=2.0}
 }
06:24:22 `Villager`352 missed {
 is already Found: false).
 Position: LorenzVec{x=-16.5, y=70.0, z=-81.5}
 DistanceC: 15.850059349939045
Relative Position: LorenzVec{x=6.718172108791123, y=-21.134970081856068, z=-15.850059349939045}
 }
06:24:22 `zs994iksmj`244 missed {
 is already Found: false).
 Position: LorenzVec{x=-24.5, y=71.0, z=-58.5}
 DistanceC: 6.637843025137769
Relative Position: LorenzVec{x=-1.6448983905934682, y=-19.501964197431263, z=6.637843025137769}
 }
06:24:23 `6dc0d1dd75`237 missed {
 is already Found: false).
 Position: LorenzVec{x=-42.5, y=72.0, z=-54.5}
 DistanceC: 19.965151391486785
Relative Position: LorenzVec{x=-19.965151391486785, y=-18.0, z=10.045459168902994}
 }
06:24:23 `vwt4f527og`341 missed {
 is already Found: false).
 Position: LorenzVec{x=-10.0, y=70.0, z=-67.0}
 DistanceC: 9.941721975920373
Relative Position: LorenzVec{x=9.941721975920373, y=-19.766367993957516, z=-4.280826589083418}
 }
06:24:24 `Villager`344 missed {
 is already Found: false).
 Position: LorenzVec{x=-7.5, y=70.0, z=-75.5}
 DistanceC: 15.100030822953045
Relative Position: LorenzVec{x=10.442483589079114, y=-17.535840625044557, z=-15.100030822953045}
 }
06:24:26 `Villager`539 missed {
 is already Found: false).
 Position: LorenzVec{x=-2.5, y=70.0, z=-46.5}
 DistanceC: 5.850370259324592
Relative Position: LorenzVec{x=-3.577524835207243, y=0.0, z=5.850370259324592}
 }
06:24:27 `Villager`358 missed {
 is already Found: false).
 Position: LorenzVec{x=-0.5, y=70.0, z=-54.5}
 DistanceC: 8.868614708459418
Relative Position: LorenzVec{x=-8.868614708459418, y=0.0, z=0.46848253081684277}
 }
06:24:28 `lj1t767697`192526 missed {
 is already Found: false).
 Position: LorenzVec{x=2.5, y=70.0, z=-75.5}
 DistanceC: 15.05401967669821
Relative Position: LorenzVec{x=-15.05401967669821, y=0.0, z=14.978855791944241}
 }
