09:55:27 DWARVEN_MINES
09:56:35 NONE
09:56:35 PRIVATE_ISLAND
10:00:12 NONE
10:00:13 DWARVEN_MINES
10:00:21 NONE
10:00:22 PRIVATE_ISLAND
10:03:35 NONE
10:03:36 CRYSTAL_HOLLOWS
10:04:48 NONE
10:04:48 HUB
10:05:33 NONE
10:05:33 PRIVATE_ISLAND
10:05:48 NONE
10:07:13 PRIVATE_ISLAND
10:07:26 NONE
10:07:26 HUB
10:08:03 NONE
10:08:03 PRIVATE_ISLAND
10:08:50 NONE
10:08:53 PRIVATE_ISLAND
10:09:57 NONE
10:09:58 THE_PARK
10:13:27 NONE
10:13:28 THE_FARMING_ISLANDS
10:14:52 NONE
10:14:52 THE_PARK
10:15:29 NONE
10:15:29 HUB
10:16:27 NONE
10:16:27 THE_PARK
10:22:25 NONE
10:22:25 CRYSTAL_HOLLOWS
10:26:58 NONE
10:26:58 HUB
10:27:03 NONE
10:27:04 CRYSTAL_HOLLOWS
