22:06:23 `64qa8kmxs7`367 missed {
 is already Found: false).
 Position: LorenzVec{x=-59.5, y=89.0, z=-16.5}
 DistanceC: 12.800000011920929
Relative Position: LorenzVec{x=-9.739321637462616, y=18.0, z=12.800000011920929}
 }
22:07:17 `Rabbit`15599581 missed {
 is already Found: false).
 Position: LorenzVec{x=0.5, y=104.875, z=53.5}
 DistanceC: 17.531695013482036
Relative Position: LorenzVec{x=-11.427464884095425, y=4.875, z=17.531695013482036}
 }
22:07:17 `Rabbit`15599582 missed {
 is already Found: false).
 Position: LorenzVec{x=0.5, y=104.875, z=53.5}
 DistanceC: 17.531695013482036
Relative Position: LorenzVec{x=-11.427464884095425, y=4.875, z=17.531695013482036}
 }
22:07:17 `Enderman`15599488 missed {
 is already Found: false).
 Position: LorenzVec{x=1.59375, y=74.5, z=52.854166666666664}
 DistanceC: 16.8858616801487
Relative Position: LorenzVec{x=-10.333714884095425, y=-25.5, z=16.8858616801487}
 }
22:07:17 `Enderman`15599489 missed {
 is already Found: false).
 Position: LorenzVec{x=0.4375, y=100.0, z=53.21875}
 DistanceC: 17.250445013482036
Relative Position: LorenzVec{x=-11.489964884095425, y=0.0, z=17.250445013482036}
 }
22:07:17 `Enderman`15599491 missed {
 is already Found: false).
 Position: LorenzVec{x=-2.375, y=100.0, z=55.5}
 DistanceC: 19.531695013482036
Relative Position: LorenzVec{x=-14.302464884095425, y=0.0, z=19.531695013482036}
 }
22:07:17 `Cow`15599604 missed {
 is already Found: false).
 Position: LorenzVec{x=1.5, y=104.0, z=54.5}
 DistanceC: 18.531695013482036
Relative Position: LorenzVec{x=-10.427464884095425, y=4.0, z=18.531695013482036}
 }
22:07:17 `Cow`15599605 missed {
 is already Found: false).
 Position: LorenzVec{x=1.5, y=104.0, z=54.5}
 DistanceC: 18.531695013482036
Relative Position: LorenzVec{x=-10.427464884095425, y=4.0, z=18.531695013482036}
 }
22:07:17 `Cow`15599606 missed {
 is already Found: false).
 Position: LorenzVec{x=1.5, y=104.0, z=54.5}
 DistanceC: 18.531695013482036
Relative Position: LorenzVec{x=-10.427464884095425, y=4.0, z=18.531695013482036}
 }
22:07:17 `Cow`15599607 missed {
 is already Found: false).
 Position: LorenzVec{x=1.5, y=104.0, z=54.5}
 DistanceC: 18.531695013482036
Relative Position: LorenzVec{x=-10.427464884095425, y=4.0, z=18.531695013482036}
 }
22:07:18 `Enderman`15599648 missed {
 is already Found: false).
 Position: LorenzVec{x=1.25, y=100.0, z=53.94791666666667}
 DistanceC: 17.979611680148707
Relative Position: LorenzVec{x=-10.677464884095425, y=0.0, z=17.979611680148707}
 }
22:07:18 `Cow`15600378 missed {
 is already Found: false).
 Position: LorenzVec{x=-1.875, y=104.0, z=56.625}
 DistanceC: 20.656695013482036
Relative Position: LorenzVec{x=-13.802464884095425, y=4.0, z=20.656695013482036}
 }
22:08:35 `Bat`69121 missed {
 is already Found: false).
 Position: LorenzVec{x=-3.28125, y=70.21875, z=-73.96875}
 DistanceC: 15.547908040124668
Relative Position: LorenzVec{x=-12.768545524152097, y=0.21875, z=15.547908040124668}
 }
22:08:43 `Zombie`43150 missed {
 is already Found: false).
 Position: LorenzVec{x=51.53125, y=72.0, z=-163.15625}
 DistanceC: 19.252674627633724
Relative Position: LorenzVec{x=3.6856107874504147, y=-7.001964197431263, z=19.252674627633724}
 }
22:09:10 `Enderman`16976348 missed {
 is already Found: false).
 Position: LorenzVec{x=-0.75, y=100.0, z=52.3125}
 DistanceC: 16.29977695634465
Relative Position: LorenzVec{x=-12.108079803525026, y=0.0, z=16.29977695634465}
 }
22:09:10 `Enderman`16978474 missed {
 is already Found: false).
 Position: LorenzVec{x=1.34375, y=100.0, z=54.46875}
 DistanceC: 18.45602695634465
Relative Position: LorenzVec{x=-10.014329803525026, y=0.0, z=18.45602695634465}
 }
22:09:10 `Enderman`16980045 missed {
 is already Found: false).
 Position: LorenzVec{x=0.3125, y=100.0, z=53.59375}
 DistanceC: 17.58102695634465
Relative Position: LorenzVec{x=-11.045579803525026, y=0.0, z=17.58102695634465}
 }
22:09:10 `Enderman`16981183 missed {
 is already Found: false).
 Position: LorenzVec{x=-2.34375, y=100.0, z=55.46875}
 DistanceC: 19.45602695634465
Relative Position: LorenzVec{x=-13.701829803525026, y=0.0, z=19.45602695634465}
 }
22:09:10 `Enderman`16984605 missed {
 is already Found: false).
 Position: LorenzVec{x=-0.09375, y=100.0, z=53.75}
 DistanceC: 17.73727695634465
Relative Position: LorenzVec{x=-11.451829803525026, y=0.0, z=17.73727695634465}
 }
22:09:10 `Enderman`16987011 missed {
 is already Found: false).
 Position: LorenzVec{x=-2.0625, y=100.0, z=52.5}
 DistanceC: 16.48727695634465
Relative Position: LorenzVec{x=-13.420579803525026, y=0.0, z=16.48727695634465}
 }
22:09:10 `Enderman`16988239 missed {
 is already Found: false).
 Position: LorenzVec{x=-1.6875, y=100.0, z=54.5625}
 DistanceC: 18.54977695634465
Relative Position: LorenzVec{x=-13.045579803525026, y=0.0, z=18.54977695634465}
 }
22:09:10 `Enderman`16992054 missed {
 is already Found: false).
 Position: LorenzVec{x=-1.5, y=100.0, z=57.0}
 DistanceC: 20.98727695634465
Relative Position: LorenzVec{x=-12.858079803525026, y=0.0, z=20.98727695634465}
 }
22:09:10 `Enderman`16996422 missed {
 is already Found: false).
 Position: LorenzVec{x=-2.53125, y=100.0, z=54.5625}
 DistanceC: 18.54977695634465
Relative Position: LorenzVec{x=-13.889329803525026, y=0.0, z=18.54977695634465}
 }
22:09:10 `Enderman`16999526 missed {
 is already Found: false).
 Position: LorenzVec{x=1.5, y=100.0, z=56.46875}
 DistanceC: 20.45602695634465
Relative Position: LorenzVec{x=-9.858079803525026, y=0.0, z=20.45602695634465}
 }
22:09:25 `Blaze`16992577 missed {
 is already Found: false).
 Position: LorenzVec{x=33.75, y=106.0, z=10.625}
 DistanceC: 21.780480290841115
Relative Position: LorenzVec{x=21.780480290841115, y=0.5049353796701865, z=-14.587291475621718}
 }
22:10:30 `6u9lsy8p13`253 missed {
 is already Found: false).
 Position: LorenzVec{x=-74.0, y=65.0, z=-50.0}
 DistanceC: 23.53813542076867
Relative Position: LorenzVec{x=-23.53813542076867, y=-7.0, z=8.699999988079071}
 }
22:11:28 `yzscj7vv5o`413 missed {
 is already Found: false).
 Position: LorenzVec{x=-31.0, y=73.0, z=-85.5}
 DistanceC: 22.408530413909034
Relative Position: LorenzVec{x=8.697829943099094, y=-9.1315633992116, z=22.408530413909034}
 }
22:11:32 `Villager`350 missed {
 is already Found: false).
 Position: LorenzVec{x=-21.5, y=68.0, z=-124.5}
 DistanceC: 16.56589434046264
Relative Position: LorenzVec{x=-16.56589434046264, y=-24.92693221313013, z=0.19612128832079634}
 }
22:11:45 `Villager`352 missed {
 is already Found: false).
 Position: LorenzVec{x=-16.5, y=70.0, z=-81.5}
 DistanceC: 20.47660980134033
Relative Position: LorenzVec{x=4.135085472730886, y=-19.0, z=-20.47660980134033}
 }
22:11:45 `je8f0z5127`521 missed {
 is already Found: false).
 Position: LorenzVec{x=-32.5, y=71.0, z=-76.5}
 DistanceC: 15.827671685619237
Relative Position: LorenzVec{x=-10.635252661951636, y=-21.495064620329813, z=-15.827671685619237}
 }
22:11:45 `Villager`344 missed {
 is already Found: false).
 Position: LorenzVec{x=-7.5, y=70.0, z=-75.5}
 DistanceC: 14.89588284803365
Relative Position: LorenzVec{x=14.616638995011442, y=-23.1315633992116, z=-14.89588284803365}
 }
22:11:46 `2676d9w70y`341 missed {
 is already Found: false).
 Position: LorenzVec{x=-10.0, y=70.0, z=-67.0}
 DistanceC: 15.304887187867113
Relative Position: LorenzVec{x=15.304887187867113, y=-23.25554316975041, z=-6.681964240818658}
 }
22:11:46 `0pu5p08328`522 missed {
 is already Found: false).
 Position: LorenzVec{x=-39.5, y=70.0, z=-78.90625}
 DistanceC: 18.588214240818658
Relative Position: LorenzVec{x=-14.195112812132887, y=-23.25554316975041, z=-18.588214240818658}
 }
22:12:02 `Villager`354 missed {
 is already Found: false).
 Position: LorenzVec{x=28.0, y=70.0, z=-116.0}
 DistanceC: 16.360528877263405
Relative Position: LorenzVec{x=6.9545976468672634, y=0.0, z=-16.360528877263405}
 }
22:13:20 `e7gemb6x91`321 missed {
 is already Found: false).
 Position: LorenzVec{x=39.5, y=71.0, z=-100.5}
 DistanceC: 22.85800277812438
Relative Position: LorenzVec{x=22.85800277812438, y=1.0, z=-11.547977443510035}
 }
22:13:20 `bg9x91cf41`1573 missed {
 is already Found: false).
 Position: LorenzVec{x=-2.5, y=72.0, z=-109.5}
 DistanceC: 20.547977443510035
Relative Position: LorenzVec{x=-19.14199722187562, y=2.0, z=-20.547977443510035}
 }
22:13:21 `9w4n22p19x`1572 missed {
 is already Found: false).
 Position: LorenzVec{x=-0.5, y=72.0, z=-111.5}
 DistanceC: 22.547977443510035
Relative Position: LorenzVec{x=-17.14199722187562, y=2.0, z=-22.547977443510035}
 }
22:13:21 `cw19c39bxu`520 missed {
 is already Found: false).
 Position: LorenzVec{x=-6.5, y=55.0, z=-95.5}
 DistanceC: 23.14199722187562
Relative Position: LorenzVec{x=-23.14199722187562, y=-15.0, z=-6.547977443510035}
 }
22:13:47 `p56xa95fyj`409 missed {
 is already Found: false).
 Position: LorenzVec{x=14.0, y=72.0, z=-106.0}
 DistanceC: 19.024640822529108
Relative Position: LorenzVec{x=-19.024640822529108, y=2.0, z=18.789771931438864}
 }
22:14:00 `Villager`356 missed {
 is already Found: false).
 Position: LorenzVec{x=17.5, y=70.0, z=-99.0}
 DistanceC: 23.49177918353611
Relative Position: LorenzVec{x=-14.351617882882529, y=0.0, z=23.49177918353611}
 }
22:14:12 `f5706i8w44`410 missed {
 is already Found: false).
 Position: LorenzVec{x=2.5, y=70.0, z=-75.5}
 DistanceC: 21.0560045095922
Relative Position: LorenzVec{x=9.623568858233924, y=-3.3908394946300433, z=-21.0560045095922}
 }
22:15:51 `Villager`352 missed {
 is already Found: false).
 Position: LorenzVec{x=-16.5, y=70.0, z=-81.5}
 DistanceC: 22.584476445680615
Relative Position: LorenzVec{x=-6.4288376910842775, y=0.0, z=-22.584476445680615}
 }
22:15:52 `Villager`360 missed {
 is already Found: false).
 Position: LorenzVec{x=10.5, y=70.0, z=-41.5}
 DistanceC: 20.571162308915724
Relative Position: LorenzVec{x=20.571162308915724, y=0.0, z=17.415523554319385}
 }
22:15:53 `je8f0z5127`521 missed {
 is already Found: false).
 Position: LorenzVec{x=-32.5, y=71.0, z=-76.5}
 DistanceC: 22.428837691084276
Relative Position: LorenzVec{x=-22.428837691084276, y=1.0, z=-17.584476445680615}
 }
22:16:19 `2460gkz10x`408 missed {
 is already Found: false).
 Position: LorenzVec{x=7.0, y=70.0, z=-85.0}
 DistanceC: 17.822238301363683
Relative Position: LorenzVec{x=-16.29127005978765, y=0.0, z=17.822238301363683}
 }
22:16:27 `Zombie`33145 missed {
 is already Found: false).
 Position: LorenzVec{x=39.46875, y=72.0, z=-161.84375}
 DistanceC: 10.193662236123998
Relative Position: LorenzVec{x=2.2069162453196824, y=-10.40739540236494, z=-10.193662236123998}
 }
22:16:35 `76qwypam53`498 missed {
 is already Found: false).
 Position: LorenzVec{x=-11.5, y=68.0, z=-140.5}
 DistanceC: 8.972975176286692
Relative Position: LorenzVec{x=8.972975176286692, y=-3.0, z=7.761581328866384}
 }
22:16:36 `Villager`243 missed {
 is already Found: false).
 Position: LorenzVec{x=-32.5, y=69.0, z=-135.5}
 DistanceC: 12.761581328866384
Relative Position: LorenzVec{x=-12.027024823713308, y=-2.0, z=12.761581328866384}
 }
22:16:36 `ilzum60peu`327 missed {
 is already Found: false).
 Position: LorenzVec{x=-10.0, y=68.0, z=-130.0}
 DistanceC: 18.261581328866384
Relative Position: LorenzVec{x=10.472975176286692, y=-3.0, z=18.261581328866384}
 }
22:16:36 `Villager`241 missed {
 is already Found: false).
 Position: LorenzVec{x=-28.5, y=69.0, z=-125.5}
 DistanceC: 22.761581328866384
Relative Position: LorenzVec{x=-8.027024823713308, y=-2.0, z=22.761581328866384}
 }
22:16:36 `Villager`350 missed {
 is already Found: false).
 Position: LorenzVec{x=-21.5, y=68.0, z=-124.5}
 DistanceC: 23.761581328866384
Relative Position: LorenzVec{x=-1.0270248237133082, y=-3.0, z=23.761581328866384}
 }
22:16:37 `1nk307n867`329 missed {
 is already Found: false).
 Position: LorenzVec{x=-37.5, y=68.0, z=-125.5}
 DistanceC: 22.761581328866384
Relative Position: LorenzVec{x=-17.027024823713308, y=-3.0, z=22.761581328866384}
 }
22:16:37 `2cl0e48846`330 missed {
 is already Found: false).
 Position: LorenzVec{x=-9.0, y=68.0, z=-125.0}
 DistanceC: 23.261581328866384
Relative Position: LorenzVec{x=11.472975176286692, y=-3.0, z=23.261581328866384}
 }
22:17:22 `Zombie`33145 missed {
 is already Found: false).
 Position: LorenzVec{x=40.21875, y=72.0, z=-160.96875}
 DistanceC: 8.16479922313907
Relative Position: LorenzVec{x=8.16479922313907, y=-6.266367993957516, z=-7.916704128067806}
 }
22:17:31 `Villager`243 missed {
 is already Found: false).
 Position: LorenzVec{x=-32.5, y=69.0, z=-135.5}
 DistanceC: 3.0
Relative Position: LorenzVec{x=3.0, y=-15.125, z=-1.0}
 }
22:17:31 `76qwypam53`498 missed {
 is already Found: false).
 Position: LorenzVec{x=-11.5, y=68.0, z=-140.5}
 DistanceC: 24.0
Relative Position: LorenzVec{x=24.0, y=-16.125, z=-6.0}
 }
22:17:32 `Villager`241 missed {
 is already Found: false).
 Position: LorenzVec{x=-28.5, y=69.0, z=-125.5}
 DistanceC: 9.0
Relative Position: LorenzVec{x=7.0, y=-15.125, z=9.0}
 }
22:17:32 `Villager`350 missed {
 is already Found: false).
 Position: LorenzVec{x=-21.5, y=68.0, z=-124.5}
 DistanceC: 14.0
Relative Position: LorenzVec{x=14.0, y=-16.125, z=10.0}
 }
22:17:32 `Villager`247 missed {
 is already Found: false).
 Position: LorenzVec{x=-35.5, y=69.0, z=-112.5}
 DistanceC: 22.0
Relative Position: LorenzVec{x=0.0, y=-15.125, z=22.0}
 }
22:18:15 `Villager`348 missed {
 is already Found: false).
 Position: LorenzVec{x=-25.6875, y=68.0, z=-103.09375}
 DistanceC: 15.945555907814878
Relative Position: LorenzVec{x=15.945555907814878, y=-22.970441480937453, z=-8.17546244755684}
 }
22:18:28 `s524i893xc`412 missed {
 is already Found: false).
 Position: LorenzVec{x=-46.5, y=73.0, z=-90.5}
 DistanceC: 22.965958617913298
Relative Position: LorenzVec{x=-22.965958617913298, y=3.0, z=-15.245681183620889}
 }
22:19:02 `7pwcc12h2p`238 missed {
 is already Found: false).
 Position: LorenzVec{x=-51.0, y=72.0, z=-60.5}
 DistanceC: 17.40403266999091
Relative Position: LorenzVec{x=-17.40403266999091, y=2.0, z=3.3894623283063936}
 }
22:19:02 `087av004zf`331 missed {
 is already Found: false).
 Position: LorenzVec{x=-49.5, y=70.0, z=-67.5}
 DistanceC: 14.977922709592683
Relative Position: LorenzVec{x=-14.977922709592683, y=0.0, z=-1.3528845384434192}
 }
22:19:03 `ll8f60dk0u`332 missed {
 is already Found: false).
 Position: LorenzVec{x=-41.5, y=70.0, z=-64.5}
 DistanceC: 23.364056105284988
Relative Position: LorenzVec{x=-23.364056105284988, y=0.0, z=12.862780402641718}
 }
22:19:53 `Villager`320 missed {
 is already Found: false).
 Position: LorenzVec{x=56.5, y=70.0, z=-77.5}
 DistanceC: 23.873303093264866
Relative Position: LorenzVec{x=-23.873303093264866, y=0.0, z=-21.172222799725418}
 }
22:21:37 `Zombie`33145 missed {
 is already Found: false).
 Position: LorenzVec{x=41.40625, y=72.0, z=-158.8125}
 DistanceC: 20.92190920975372
Relative Position: LorenzVec{x=-20.92190920975372, y=0.0, z=0.7649213846011378}
 }
22:22:08 `Villager`354 missed {
 is already Found: false).
 Position: LorenzVec{x=28.0, y=70.0, z=-116.0}
 DistanceC: 23.238575334103245
Relative Position: LorenzVec{x=-13.826110305040942, y=-1.0, z=23.238575334103245}
 }
22:22:08 `nktg2kbdz6`337 missed {
 is already Found: false).
 Position: LorenzVec{x=62.5, y=71.0, z=-115.5}
 DistanceC: 23.738575334103245
Relative Position: LorenzVec{x=20.67388969495906, y=0.0, z=23.738575334103245}
 }
22:26:54 `Villager`539 missed {
 is already Found: false).
 Position: LorenzVec{x=-2.5, y=70.0, z=-46.5}
 DistanceC: 21.0
Relative Position: LorenzVec{x=21.0, y=-22.0, z=14.0}
 }
22:26:55 `e7ghn9gkv4`237 missed {
 is already Found: false).
 Position: LorenzVec{x=-42.5, y=72.0, z=-54.5}
 DistanceC: 19.0
Relative Position: LorenzVec{x=-19.0, y=-20.0, z=6.0}
 }
22:27:10 `usbo48ii26`9 missed {
 is already Found: false).
 Position: LorenzVec{x=-112.5, y=74.0, z=-36.5}
 DistanceC: 6.39869781791937
Relative Position: LorenzVec{x=-6.39869781791937, y=1.0, z=-4.290756787252917}
 }
22:27:17 `7pwcc12h2p`238 missed {
 is already Found: false).
 Position: LorenzVec{x=-51.0, y=72.0, z=-60.5}
 DistanceC: 19.855203620069567
Relative Position: LorenzVec{x=17.125936072478737, y=2.0, z=-19.855203620069567}
 }
22:27:43 `t2u0sg5xp4`252 missed {
 is already Found: false).
 Position: LorenzVec{x=-73.5, y=71.0, z=-55.5}
 DistanceC: 23.845090390527602
Relative Position: LorenzVec{x=-7.751717681753121, y=1.0, z=23.845090390527602}
 }
22:41:51 `76ho06qmk6`16 missed {
 is already Found: false).
 Position: LorenzVec{x=-3.5, y=72.0, z=-101.5}
 DistanceC: 8.166764185398321
Relative Position: LorenzVec{x=2.933226213246665, y=-16.375, z=8.166764185398321}
 }
22:41:51 `9o3nmctlq1`17 missed {
 is already Found: false).
 Position: LorenzVec{x=4.5, y=72.0, z=-104.5}
 DistanceC: 10.933226213246666
Relative Position: LorenzVec{x=10.933226213246666, y=-16.375, z=5.166764185398321}
 }
22:41:51 `Villager`241 missed {
 is already Found: false).
 Position: LorenzVec{x=-28.5, y=69.0, z=-125.5}
 DistanceC: 22.066773786753334
Relative Position: LorenzVec{x=-22.066773786753334, y=-19.375, z=-15.833235814601679}
 }
22:41:51 `Villager`362 missed {
 is already Found: false).
 Position: LorenzVec{x=-11.3125, y=70.0, z=-95.6875}
 DistanceC: 13.979264185398321
Relative Position: LorenzVec{x=-4.879273786753335, y=-18.375, z=13.979264185398321}
 }
22:41:51 `p56xa95fyj`409 missed {
 is already Found: false).
 Position: LorenzVec{x=14.0, y=72.0, z=-106.0}
 DistanceC: 20.433226213246666
Relative Position: LorenzVec{x=20.433226213246666, y=-16.375, z=3.6667641853983213}
 }
22:41:51 `28k1vidy82`411 missed {
 is already Found: false).
 Position: LorenzVec{x=-7.5, y=70.0, z=-92.5}
 DistanceC: 17.16676418539832
Relative Position: LorenzVec{x=-1.066773786753335, y=-18.375, z=17.16676418539832}
 }
22:41:51 `241p32gi08`584 missed {
 is already Found: false).
 Position: LorenzVec{x=0.5, y=70.0, z=-90.5}
 DistanceC: 19.16676418539832
Relative Position: LorenzVec{x=6.933226213246665, y=-18.375, z=19.16676418539832}
 }
22:41:51 `9w4n22p19x`1572 missed {
 is already Found: false).
 Position: LorenzVec{x=-0.5, y=72.0, z=-111.5}
 DistanceC: 5.933226213246665
Relative Position: LorenzVec{x=5.933226213246665, y=-16.375, z=-1.8332358146016787}
 }
22:41:51 `bg9x91cf41`1573 missed {
 is already Found: false).
 Position: LorenzVec{x=-2.5, y=72.0, z=-109.5}
 DistanceC: 3.933226213246665
Relative Position: LorenzVec{x=3.933226213246665, y=-16.375, z=0.16676418539832127}
 }
22:41:51 `Villager`356 missed {
 is already Found: false).
 Position: LorenzVec{x=17.5, y=70.0, z=-99.0}
 DistanceC: 23.933226213246666
Relative Position: LorenzVec{x=23.933226213246666, y=-18.375, z=10.666764185398321}
 }
22:42:02 `Villager`352 missed {
 is already Found: false).
 Position: LorenzVec{x=-16.5, y=70.0, z=-81.5}
 DistanceC: 18.066096960770487
Relative Position: LorenzVec{x=18.066096960770487, y=-2.7358406727282727, z=-5.682281544668314}
 }
22:42:06 `7pwcc12h2p`238 missed {
 is already Found: false).
 Position: LorenzVec{x=-51.0, y=72.0, z=-60.5}
 DistanceC: 20.544507341286213
Relative Position: LorenzVec{x=-9.133555926517147, y=2.0, z=-20.544507341286213}
 }
22:42:06 `e7ghn9gkv4`237 missed {
 is already Found: false).
 Position: LorenzVec{x=-42.5, y=72.0, z=-54.5}
 DistanceC: 15.22466768201366
Relative Position: LorenzVec{x=-3.742408998133101, y=1.0, z=-15.22466768201366}
 }
22:42:07 `3b02l2137m`239 missed {
 is already Found: false).
 Position: LorenzVec{x=-55.5, y=72.0, z=-56.5}
 DistanceC: 17.298794962429575
Relative Position: LorenzVec{x=-17.125009839833368, y=1.0, z=-17.298794962429575}
 }
22:42:17 `Villager`356 missed {
 is already Found: false).
 Position: LorenzVec{x=17.5, y=70.0, z=-99.0}
 DistanceC: 13.077870714302477
Relative Position: LorenzVec{x=-11.420140955403358, y=0.0, z=13.077870714302477}
 }
22:42:18 `p56xa95fyj`409 missed {
 is already Found: false).
 Position: LorenzVec{x=14.0, y=72.0, z=-106.0}
 DistanceC: 14.920140955403358
Relative Position: LorenzVec{x=-14.920140955403358, y=2.0, z=6.0778707143024775}
 }
22:42:19 `4zcshj90m5`490 missed {
 is already Found: false).
 Position: LorenzVec{x=5.5, y=61.0, z=-134.0}
 DistanceC: 23.420140955403358
Relative Position: LorenzVec{x=-23.420140955403358, y=-9.0, z=-21.922129285697523}
 }
22:44:45 `2460gkz10x`408 missed {
 is already Found: false).
 Position: LorenzVec{x=7.0, y=70.0, z=-85.0}
 DistanceC: 8.842620325182686
Relative Position: LorenzVec{x=-8.842620325182686, y=0.0, z=-0.49424136611078495}
 }
22:44:45 `241p32gi08`584 missed {
 is already Found: false).
 Position: LorenzVec{x=0.5, y=70.0, z=-90.5}
 DistanceC: 21.090257031453476
Relative Position: LorenzVec{x=-8.154721734471195, y=0.0, z=-21.090257031453476}
 }
22:44:50 `2676d9w70y`341 missed {
 is already Found: false).
 Position: LorenzVec{x=-10.0, y=70.0, z=-67.0}
 DistanceC: 22.5
Relative Position: LorenzVec{x=18.5, y=-2.231523797587016, z=-22.5}
 }
22:44:51 `567humk8xf`244 missed {
 is already Found: false).
 Position: LorenzVec{x=-24.5, y=71.0, z=-58.5}
 DistanceC: 14.634525098096162
Relative Position: LorenzVec{x=7.145079477101042, y=-2.0, z=-14.634525098096162}
 }
22:48:14 `§bSam `35167084 missed {
 is already Found: false).
 Position: LorenzVec{x=6.5, y=99.0, z=20.5}
 DistanceC: 18.402980671497843
Relative Position: LorenzVec{x=16.499063888062853, y=-1.0, z=-18.402980671497843}
 }
22:48:16 `Chicken`35202472 missed {
 is already Found: false).
 Position: LorenzVec{x=-2.5, y=104.0, z=55.5}
 DistanceC: 16.597019328502157
Relative Position: LorenzVec{x=7.499063888062853, y=4.0, z=16.597019328502157}
 }
22:48:16 `Cow`35204872 missed {
 is already Found: false).
 Position: LorenzVec{x=-1.5, y=104.0, z=55.5}
 DistanceC: 16.597019328502157
Relative Position: LorenzVec{x=8.499063888062853, y=4.0, z=16.597019328502157}
 }
22:48:16 `Cow`35222169 missed {
 is already Found: false).
 Position: LorenzVec{x=0.5, y=104.875, z=55.5}
 DistanceC: 16.597019328502157
Relative Position: LorenzVec{x=10.499063888062853, y=4.875, z=16.597019328502157}
 }
22:48:16 `Rabbit`35166344 missed {
 is already Found: false).
 Position: LorenzVec{x=1.5, y=104.0, z=56.5}
 DistanceC: 17.597019328502157
Relative Position: LorenzVec{x=11.499063888062853, y=4.0, z=17.597019328502157}
 }
22:48:16 `Rabbit`35166345 missed {
 is already Found: false).
 Position: LorenzVec{x=1.5, y=104.0, z=56.5}
 DistanceC: 17.597019328502157
Relative Position: LorenzVec{x=11.499063888062853, y=4.0, z=17.597019328502157}
 }
22:48:16 `Enderman`35166351 missed {
 is already Found: false).
 Position: LorenzVec{x=-1.4583333333333333, y=100.0, z=57.291666666666664}
 DistanceC: 18.38868599516882
Relative Position: LorenzVec{x=8.54073055472952, y=0.0, z=18.38868599516882}
 }
22:48:16 `Enderman`35166352 missed {
 is already Found: false).
 Position: LorenzVec{x=-1.75, y=100.0, z=56.4375}
 DistanceC: 17.534519328502157
Relative Position: LorenzVec{x=8.249063888062853, y=0.0, z=17.534519328502157}
 }
22:48:16 `Rabbit`35184223 missed {
 is already Found: false).
 Position: LorenzVec{x=1.5, y=104.0, z=56.5}
 DistanceC: 17.597019328502157
Relative Position: LorenzVec{x=11.499063888062853, y=4.0, z=17.597019328502157}
 }
22:48:16 `Cow`35213450 missed {
 is already Found: false).
 Position: LorenzVec{x=0.5, y=104.0, z=56.5}
 DistanceC: 17.597019328502157
Relative Position: LorenzVec{x=10.499063888062853, y=4.0, z=17.597019328502157}
 }
22:48:16 `Enderman`35166572 missed {
 is already Found: false).
 Position: LorenzVec{x=-0.7604166666666666, y=100.0, z=57.28125}
 DistanceC: 18.378269328502157
Relative Position: LorenzVec{x=9.238647221396187, y=0.0, z=18.378269328502157}
 }
22:48:16 `Chicken`35226107 missed {
 is already Found: false).
 Position: LorenzVec{x=-0.5, y=104.0, z=55.5}
 DistanceC: 16.597019328502157
Relative Position: LorenzVec{x=9.499063888062853, y=4.0, z=16.597019328502157}
 }
22:48:24 `Cow`35230859 missed {
 is already Found: false).
 Position: LorenzVec{x=-1.3541666666666667, y=104.0, z=56.572916666666664}
 DistanceC: 16.145767826360547
Relative Position: LorenzVec{x=6.358939624662965, y=4.0, z=16.145767826360547}
 }
22:50:36 `xa4n1tp361`224 missed {
 is already Found: false).
 Position: LorenzVec{x=25.0, y=65.0, z=-41.0}
 DistanceC: 21.39844392540858
Relative Position: LorenzVec{x=13.826238216833318, y=-5.0, z=21.39844392540858}
 }
22:51:38 `3c46bj2qn7`333 missed {
 is already Found: false).
 Position: LorenzVec{x=52.5, y=68.0, z=-82.5}
 DistanceC: 23.70259863621579
Relative Position: LorenzVec{x=5.796499733600719, y=-4.0, z=-23.70259863621579}
 }
22:52:10 `8t907azs31`338 missed {
 is already Found: false).
 Position: LorenzVec{x=65.5, y=71.0, z=-61.5}
 DistanceC: 20.48200720208076
Relative Position: LorenzVec{x=20.48200720208076, y=0.0, z=-3.0404401870190583}
 }
22:53:34 `c403tp78yr`500 missed {
 is already Found: false).
 Position: LorenzVec{x=46.5, y=69.0, z=-34.5}
 DistanceC: 23.80000001192093
Relative Position: LorenzVec{x=-0.19999998807907104, y=-2.0, z=23.80000001192093}
 }
22:54:13 `Villager`360 missed {
 is already Found: false).
 Position: LorenzVec{x=10.5, y=70.0, z=-41.5}
 DistanceC: 16.348149648831843
Relative Position: LorenzVec{x=-1.7705742613820021, y=0.0, z=16.348149648831843}
 }
22:54:14 `iaco5e188d`410 missed {
 is already Found: false).
 Position: LorenzVec{x=2.5, y=70.0, z=-75.5}
 DistanceC: 19.19178604454124
Relative Position: LorenzVec{x=-7.572985041313784, y=0.0, z=-19.19178604454124}
 }
22:54:14 `Villager`358 missed {
 is already Found: false).
 Position: LorenzVec{x=-0.5, y=70.0, z=-54.5}
 DistanceC: 10.167432808302083
Relative Position: LorenzVec{x=-10.167432808302083, y=0.0, z=2.206039456259333}
 }
22:54:14 `Villager`539 missed {
 is already Found: false).
 Position: LorenzVec{x=-2.5, y=70.0, z=-46.5}
 DistanceC: 11.714255229646511
Relative Position: LorenzVec{x=-11.714255229646511, y=0.0, z=10.470127222401047}
 }
22:54:15 `Villager`344 missed {
 is already Found: false).
 Position: LorenzVec{x=-7.5, y=70.0, z=-75.5}
 DistanceC: 17.829128349622387
Relative Position: LorenzVec{x=-15.306347919140403, y=0.0, z=-17.829128349622387}
 }
22:54:15 `qqt46918n6`341 missed {
 is already Found: false).
 Position: LorenzVec{x=-10.0, y=70.0, z=-67.0}
 DistanceC: 17.611378809895754
Relative Position: LorenzVec{x=-17.611378809895754, y=0.0, z=-9.043445118066039}
 }
22:54:45 `ilo49502m6`408 missed {
 is already Found: false).
 Position: LorenzVec{x=7.0, y=70.0, z=-85.0}
 DistanceC: 23.39768421603946
Relative Position: LorenzVec{x=-2.42760858460875, y=0.0, z=-23.39768421603946}
 }
22:55:00 `Villager`352 missed {
 is already Found: false).
 Position: LorenzVec{x=-16.5, y=70.0, z=-81.5}
 DistanceC: 23.31762710571896
Relative Position: LorenzVec{x=-23.31762710571896, y=0.0, z=-20.35212799121132}
 }
22:56:48 `Villager`352 missed {
 is already Found: false).
 Position: LorenzVec{x=-16.5, y=70.0, z=-81.5}
 DistanceC: 19.808080067528444
Relative Position: LorenzVec{x=-19.023944849963343, y=-0.0625, z=-19.808080067528444}
 }
23:00:31 `0wc26t6s3j`223 missed {
 is already Found: false).
 Position: LorenzVec{x=22.0, y=71.0, z=-45.5}
 DistanceC: 22.76986721961348
Relative Position: LorenzVec{x=-22.76986721961348, y=1.0, z=17.9723459034807}
 }
23:00:31 `xa4n1tp361`224 missed {
 is already Found: false).
 Position: LorenzVec{x=25.0, y=65.0, z=-41.0}
 DistanceC: 22.4723459034807
Relative Position: LorenzVec{x=-19.76986721961348, y=-5.0, z=22.4723459034807}
 }
23:00:31 `Villager`504 missed {
 is already Found: false).
 Position: LorenzVec{x=56.5, y=69.0, z=-39.5}
 DistanceC: 23.9723459034807
Relative Position: LorenzVec{x=11.73013278038652, y=-1.0, z=23.9723459034807}
 }
23:16:51 `nt3gvuwqmt`489 missed {
 is already Found: false).
 Position: LorenzVec{x=15.5, y=70.0, z=-71.8125}
 DistanceC: 13.845870879199637
Relative Position: LorenzVec{x=-13.845870879199637, y=-1.125, z=2.3936828257722738}
 }
23:16:55 `ilo49502m6`408 missed {
 is already Found: false).
 Position: LorenzVec{x=7.0, y=70.0, z=-85.0}
 DistanceC: 22.345870879199637
Relative Position: LorenzVec{x=-22.345870879199637, y=-1.125, z=-10.793817174227726}
 }
23:18:17 `Enderman`20701430 missed {
 is already Found: false).
 Position: LorenzVec{x=-2.25, y=100.0, z=56.0}
 DistanceC: 18.089631678103558
Relative Position: LorenzVec{x=7.02028022154264, y=0.0, z=18.089631678103558}
 }
23:18:17 `Cow`20712708 missed {
 is already Found: false).
 Position: LorenzVec{x=-1.5, y=104.0, z=56.5}
 DistanceC: 20.28606592526303
Relative Position: LorenzVec{x=5.238886297375654, y=4.0, z=20.28606592526303}
 }
23:18:18 `Chicken`20698431 missed {
 is already Found: false).
 Position: LorenzVec{x=1.5, y=104.0, z=53.5}
 DistanceC: 18.189257191849926
Relative Position: LorenzVec{x=-0.607191060623435, y=4.0, z=18.189257191849926}
 }
23:18:18 `Rabbit`20693832 missed {
 is already Found: false).
 Position: LorenzVec{x=1.15625, y=104.0, z=57.34375}
 DistanceC: 18.96839463773813
Relative Position: LorenzVec{x=-7.469897497889768, y=4.0, z=18.96839463773813}
 }
23:18:18 `Cow`20704589 missed {
 is already Found: false).
 Position: LorenzVec{x=1.5, y=104.0, z=57.5}
 DistanceC: 18.910146762346088
Relative Position: LorenzVec{x=-8.790900992138642, y=4.0, z=18.910146762346088}
 }
23:18:26 `Enderman`20721304 missed {
 is already Found: false).
 Position: LorenzVec{x=-1.9791666666666667, y=100.0, z=56.65625}
 DistanceC: 18.471668378843383
Relative Position: LorenzVec{x=-5.246623219700124, y=0.0, z=18.471668378843383}
 }
23:18:26 `Cow`20721434 missed {
 is already Found: false).
 Position: LorenzVec{x=-2.5, y=104.0, z=56.5}
 DistanceC: 18.315418378843383
Relative Position: LorenzVec{x=-5.767456553033458, y=4.0, z=18.315418378843383}
 }
23:18:32 `Rabbit`20725659 missed {
 is already Found: false).
 Position: LorenzVec{x=1.5, y=104.0, z=55.5}
 DistanceC: 19.297537102937547
Relative Position: LorenzVec{x=-1.4509724555937522, y=4.0, z=19.297537102937547}
 }
23:18:54 `Cow`20739055 missed {
 is already Found: false).
 Position: LorenzVec{x=-1.5, y=104.0, z=56.5}
 DistanceC: 19.057891691100956
Relative Position: LorenzVec{x=-5.825590626429598, y=2.2792823696772757, z=19.057891691100956}
 }
23:18:59 `Rabbit`20741810 missed {
 is already Found: false).
 Position: LorenzVec{x=0.5, y=104.0, z=56.5}
 DistanceC: 18.59610706232891
Relative Position: LorenzVec{x=-4.987656256980656, y=2.2792823696772757, z=18.59610706232891}
 }
23:19:04 `Enderman`20745304 missed {
 is already Found: false).
 Position: LorenzVec{x=1.59375, y=100.0, z=55.5}
 DistanceC: 17.59610706232891
Relative Position: LorenzVec{x=-3.8939062569806557, y=-1.7207176303227243, z=17.59610706232891}
 }
23:19:08 `Cow`20748167 missed {
 is already Found: false).
 Position: LorenzVec{x=0.5, y=104.0, z=56.5}
 DistanceC: 18.59610706232891
Relative Position: LorenzVec{x=-4.987656256980656, y=2.2792823696772757, z=18.59610706232891}
 }
23:21:55 `0tn6exr4ww`42 missed {
 is already Found: false).
 Position: LorenzVec{x=-22.5, y=76.0, z=92.5}
 DistanceC: 9.996660423020622
Relative Position: LorenzVec{x=9.996660423020622, y=-18.773432754562364, z=6.5828740254291915}
 }
23:21:59 `mqoty2k80u`2 missed {
 is already Found: false).
 Position: LorenzVec{x=-16.5, y=76.0, z=63.5}
 DistanceC: 3.6660290440147616
Relative Position: LorenzVec{x=-3.6660290440147616, y=-13.5, z=0.5308954032157231}
 }
23:22:51 `tcl43ssh5o`223 missed {
 is already Found: false).
 Position: LorenzVec{x=22.0, y=71.0, z=-45.5}
 DistanceC: 23.047846136134098
Relative Position: LorenzVec{x=-23.047846136134098, y=1.0, z=16.172278130868847}
 }
23:22:52 `8dlve35535`224 missed {
 is already Found: false).
 Position: LorenzVec{x=25.0, y=65.0, z=-41.0}
 DistanceC: 20.672278130868847
Relative Position: LorenzVec{x=-20.047846136134098, y=-5.0, z=20.672278130868847}
 }
23:40:18 `87g99i06h4`408 missed {
 is already Found: false).
 Position: LorenzVec{x=7.0, y=70.0, z=-85.0}
 DistanceC: 22.834404253172146
Relative Position: LorenzVec{x=19.394952965587954, y=0.0, z=-22.834404253172146}
 }
23:40:18 `7je41va1r3`410 missed {
 is already Found: false).
 Position: LorenzVec{x=2.5, y=70.0, z=-75.5}
 DistanceC: 17.55097182751871
Relative Position: LorenzVec{x=14.162014797168164, y=0.0, z=-17.55097182751871}
 }
23:40:19 `gh42pc3770`341 missed {
 is already Found: false).
 Position: LorenzVec{x=-10.0, y=70.0, z=-67.0}
 DistanceC: 16.013280772535808
Relative Position: LorenzVec{x=-5.207387358302347, y=0.0, z=-16.013280772535808}
 }
23:40:19 `Villager`358 missed {
 is already Found: false).
 Position: LorenzVec{x=-0.5, y=70.0, z=-54.5}
 DistanceC: 3.3521439794622907
Relative Position: LorenzVec{x=-0.9697181164858721, y=0.0, z=-3.3521439794622907}
 }
23:40:19 `Villager`344 missed {
 is already Found: false).
 Position: LorenzVec{x=-7.5, y=70.0, z=-75.5}
 DistanceC: 22.390255164814285
Relative Position: LorenzVec{x=-10.291478140792787, y=0.0, z=-22.390255164814285}
 }
23:40:20 `ci2igca1hd`584 missed {
 is already Found: false).
 Position: LorenzVec{x=0.5, y=70.0, z=-90.5}
 DistanceC: 12.023692117811464
Relative Position: LorenzVec{x=-10.593380054630257, y=0.0, z=-12.023692117811464}
 }
23:40:42 `vk3v9rmqp8`413 missed {
 is already Found: false).
 Position: LorenzVec{x=-31.0, y=73.0, z=-85.5}
 DistanceC: 22.92251935183975
Relative Position: LorenzVec{x=-22.92251935183975, y=3.0, z=-15.951986838174008}
 }
23:40:42 `Villager`352 missed {
 is already Found: false).
 Position: LorenzVec{x=-16.5, y=70.0, z=-81.5}
 DistanceC: 11.951986838174008
Relative Position: LorenzVec{x=-8.430719311518832, y=0.0, z=-11.951986838174008}
 }
23:40:44 `Villager`344 missed {
 is already Found: false).
 Position: LorenzVec{x=-7.5, y=70.0, z=-75.5}
 DistanceC: 5.951986838174008
Relative Position: LorenzVec{x=0.5692806884811681, y=0.0, z=-5.951986838174008}
 }
23:40:44 `wp41x24293`411 missed {
 is already Found: false).
 Position: LorenzVec{x=-7.5, y=70.0, z=-92.5}
 DistanceC: 22.951986838174008
Relative Position: LorenzVec{x=0.5692806884811681, y=0.0, z=-22.951986838174008}
 }
23:40:54 `Villager`55798 missed {
 is already Found: false).
 Position: LorenzVec{x=18.5, y=76.0, z=31.5}
 DistanceC: 23.85262422479046
Relative Position: LorenzVec{x=23.85262422479046, y=0.0, z=-18.393425770069143}
 }
23:42:40 `723wrbtmdt`411 missed {
 is already Found: false).
 Position: LorenzVec{x=-7.5, y=70.0, z=-92.5}
 DistanceC: 22.572174771656137
Relative Position: LorenzVec{x=0.6453596249065736, y=0.0, z=-22.572174771656137}
 }
23:44:10 `ady41897pu`518 missed {
 is already Found: false).
 Position: LorenzVec{x=-62.5, y=77.0, z=84.5}
 DistanceC: 1.800000011920929
Relative Position: LorenzVec{x=0.671594208560073, y=1.0, z=1.800000011920929}
 }
23:44:35 `ady41897pu`518 missed {
 is already Found: false).
 Position: LorenzVec{x=-62.5, y=77.0, z=84.5}
 DistanceC: 3.106522080460877
Relative Position: LorenzVec{x=3.067951971970274, y=1.0, z=3.106522080460877}
 }
23:45:01 `Enderman`11424499 missed {
 is already Found: false).
 Position: LorenzVec{x=-2.34375, y=100.0, z=55.53125}
 DistanceC: 17.91740976645636
Relative Position: LorenzVec{x=17.91740976645636, y=-7.132993659646488, z=8.795015691121819}
 }
23:45:01 `Enderman`11424501 missed {
 is already Found: false).
 Position: LorenzVec{x=-0.53125, y=100.0, z=56.90625}
 DistanceC: 19.72990976645636
Relative Position: LorenzVec{x=19.72990976645636, y=-7.132993659646488, z=10.170015691121819}
 }
23:45:01 `Enderman`11424500 missed {
 is already Found: false).
 Position: LorenzVec{x=-1.875, y=100.0, z=56.6875}
 DistanceC: 17.075254261124613
Relative Position: LorenzVec{x=17.075254261124613, y=-8.09935711385296, z=9.933527516421023}
 }
23:46:12 `§bSam `11424870 missed {
 is already Found: false).
 Position: LorenzVec{x=6.5, y=99.0, z=20.5}
 DistanceC: 9.222255983026088
Relative Position: LorenzVec{x=-8.61033995476788, y=-6.784303310172447, z=-9.222255983026088}
 }
23:46:29 `§bSam `11424870 missed {
 is already Found: false).
 Position: LorenzVec{x=6.5, y=99.0, z=20.5}
 DistanceC: 23.23239115864649
Relative Position: LorenzVec{x=-23.23239115864649, y=-4.700832369260581, z=-18.600004686434204}
 }
23:46:44 `§bSam `11424870 missed {
 is already Found: false).
 Position: LorenzVec{x=6.5, y=99.0, z=20.5}
 DistanceC: 8.061266409906949
Relative Position: LorenzVec{x=-8.061266409906949, y=-6.4950646203298135, z=-2.222009073172842}
 }
23:47:01 `§bSam `11424870 missed {
 is already Found: false).
 Position: LorenzVec{x=6.5, y=99.0, z=20.5}
 DistanceC: 11.694041856699647
Relative Position: LorenzVec{x=4.888322308413938, y=-1.0, z=11.694041856699647}
 }
23:47:34 `§bSam `11424870 missed {
 is already Found: false).
 Position: LorenzVec{x=6.5, y=99.0, z=20.5}
 DistanceC: 12.488576991699766
Relative Position: LorenzVec{x=-5.195959740312642, y=-6.970441480937453, z=-12.488576991699766}
 }
23:49:52 `§bSam `11424870 missed {
 is already Found: false).
 Position: LorenzVec{x=6.5, y=99.0, z=20.5}
 DistanceC: 19.46799503962934
Relative Position: LorenzVec{x=6.67394746403175, y=-2.0, z=19.46799503962934}
 }
23:54:24 `Blaze`11531734 missed {
 is already Found: false).
 Position: LorenzVec{x=29.84375, y=106.0, z=9.3125}
 DistanceC: 19.096053089207583
Relative Position: LorenzVec{x=19.096053089207583, y=6.0, z=-1.3751292129606814}
 }
23:54:26 `Blaze`11531733 missed {
 is already Found: false).
 Position: LorenzVec{x=32.020833333333336, y=106.0, z=7.729166666666667}
 DistanceC: 21.27313642254092
Relative Position: LorenzVec{x=21.27313642254092, y=6.0, z=-2.9584625462940144}
 }
23:54:27 `Blaze`11542197 missed {
 is already Found: false).
 Position: LorenzVec{x=32.46875, y=106.0, z=7.59375}
 DistanceC: 21.721053089207583
Relative Position: LorenzVec{x=21.721053089207583, y=6.0, z=-3.0938792129606814}
 }
23:54:31 `Blaze`11522613 missed {
 is already Found: false).
 Position: LorenzVec{x=32.15625, y=106.0, z=6.96875}
 DistanceC: 21.408553089207583
Relative Position: LorenzVec{x=21.408553089207583, y=6.0, z=-3.7188792129606814}
 }
23:54:37 `Blaze`11569413 missed {
 is already Found: false).
 Position: LorenzVec{x=32.28125, y=106.0, z=10.15625}
 DistanceC: 21.533553089207583
Relative Position: LorenzVec{x=21.533553089207583, y=6.0, z=-0.5313792129606814}
 }
23:54:58 `Blaze`11557734 missed {
 is already Found: false).
 Position: LorenzVec{x=32.625, y=106.0, z=6.4375}
 DistanceC: 21.877303089207583
Relative Position: LorenzVec{x=21.877303089207583, y=6.0, z=-4.250129212960681}
 }
23:54:59 `Blaze`11531735 missed {
 is already Found: false).
 Position: LorenzVec{x=32.375, y=106.0, z=8.96875}
 DistanceC: 21.627303089207583
Relative Position: LorenzVec{x=21.627303089207583, y=6.0, z=-1.7188792129606814}
 }
23:55:06 `Blaze`11542426 missed {
 is already Found: false).
 Position: LorenzVec{x=32.28125, y=106.0, z=6.34375}
 DistanceC: 21.533553089207583
Relative Position: LorenzVec{x=21.533553089207583, y=6.0, z=-4.343879212960681}
 }
23:55:11 `Blaze`11542427 missed {
 is already Found: false).
 Position: LorenzVec{x=32.0625, y=106.0, z=5.5}
 DistanceC: 21.314803089207583
Relative Position: LorenzVec{x=21.314803089207583, y=6.0, z=-5.187629212960681}
 }
23:55:12 `Blaze`11542196 missed {
 is already Found: false).
 Position: LorenzVec{x=32.32291666666667, y=106.0, z=7.260416666666666}
 DistanceC: 21.575219755874254
Relative Position: LorenzVec{x=21.575219755874254, y=6.0, z=-3.4272125462940153}
 }
23:55:16 `Blaze`11557736 missed {
 is already Found: false).
 Position: LorenzVec{x=32.0625, y=106.0, z=7.28125}
 DistanceC: 21.314803089207583
Relative Position: LorenzVec{x=21.314803089207583, y=6.0, z=-3.4063792129606814}
 }
23:55:23 `Blaze`11555749 missed {
 is already Found: false).
 Position: LorenzVec{x=32.34375, y=106.0, z=7.65625}
 DistanceC: 21.596053089207583
Relative Position: LorenzVec{x=21.596053089207583, y=6.0, z=-3.0313792129606814}
 }
23:55:55 `Blaze`11555748 missed {
 is already Found: false).
 Position: LorenzVec{x=32.6875, y=106.0, z=10.71875}
 DistanceC: 21.939803089207583
Relative Position: LorenzVec{x=21.939803089207583, y=6.0, z=0.031120787039318643}
 }
23:55:55 `Blaze`11590634 missed {
 is already Found: false).
 Position: LorenzVec{x=32.6875, y=106.0, z=7.03125}
 DistanceC: 21.939803089207583
Relative Position: LorenzVec{x=21.939803089207583, y=6.0, z=-3.6563792129606814}
 }
23:55:57 `Blaze`11593998 missed {
 is already Found: false).
 Position: LorenzVec{x=32.0, y=106.0, z=8.40625}
 DistanceC: 21.252303089207583
Relative Position: LorenzVec{x=21.252303089207583, y=6.0, z=-2.2813792129606814}
 }
23:56:14 `§bSam `11424870 missed {
 is already Found: false).
 Position: LorenzVec{x=6.5, y=99.0, z=20.5}
 DistanceC: 11.180400491692122
Relative Position: LorenzVec{x=-11.180400491692122, y=-1.0, z=-7.865592067743652}
 }
23:56:30 `§bSam `11424870 missed {
 is already Found: false).
 Position: LorenzVec{x=6.5, y=99.0, z=20.5}
 DistanceC: 8.04219826238173
Relative Position: LorenzVec{x=-3.500349715392023, y=-1.5358406250445569, z=8.04219826238173}
 }
23:57:49 `§bSam `11424870 missed {
 is already Found: false).
 Position: LorenzVec{x=6.5, y=99.0, z=20.5}
 DistanceC: 10.481948971748352
Relative Position: LorenzVec{x=-10.481948971748352, y=-1.9215999984741217, z=-4.315991955482794}
 }
23:59:51 `§bSam `11424870 missed {
 is already Found: false).
 Position: LorenzVec{x=6.5, y=99.0, z=20.5}
 DistanceC: 6.645804965893092
Relative Position: LorenzVec{x=-6.091791001845333, y=-1.0, z=-6.645804965893092}
 }
00:01:05 `Creeper`11665271 missed {
 is already Found: false).
 Position: LorenzVec{x=-1.5, y=99.0, z=-37.5}
 DistanceC: 17.334792110194883
Relative Position: LorenzVec{x=-17.334792110194883, y=-1.0, z=-16.589715113044406}
 }
00:01:05 `Creeper`11671578 missed {
 is already Found: false).
 Position: LorenzVec{x=-1.5, y=99.0, z=-37.5}
 DistanceC: 17.334792110194883
Relative Position: LorenzVec{x=-17.334792110194883, y=-1.0, z=-16.589715113044406}
 }
00:01:05 `Creeper`11677559 missed {
 is already Found: false).
 Position: LorenzVec{x=-0.5, y=99.0, z=-37.5}
 DistanceC: 16.589715113044406
Relative Position: LorenzVec{x=-16.334792110194883, y=-1.0, z=-16.589715113044406}
 }
00:01:05 `Creeper`11652731 missed {
 is already Found: false).
 Position: LorenzVec{x=0.5, y=99.0, z=-38.5}
 DistanceC: 17.589715113044406
Relative Position: LorenzVec{x=-15.334792110194885, y=-1.0, z=-17.589715113044406}
 }
00:01:05 `Creeper`11658782 missed {
 is already Found: false).
 Position: LorenzVec{x=-0.5, y=99.0, z=-38.5}
 DistanceC: 17.589715113044406
Relative Position: LorenzVec{x=-16.334792110194883, y=-1.0, z=-17.589715113044406}
 }
00:01:05 `Scion `11482248 missed {
 is already Found: false).
 Position: LorenzVec{x=9.5, y=75.19791666666666, z=-41.3125}
 DistanceC: 20.402215113044406
Relative Position: LorenzVec{x=-6.3347921101948845, y=-24.802083333333343, z=-20.402215113044406}
 }
00:01:05 `Scion `11628142 missed {
 is already Found: false).
 Position: LorenzVec{x=-2.5, y=75.5, z=-41.3125}
 DistanceC: 20.402215113044406
Relative Position: LorenzVec{x=-18.334792110194883, y=-24.5, z=-20.402215113044406}
 }
00:01:05 `Cave Spider`11640363 missed {
 is already Found: false).
 Position: LorenzVec{x=-3.375, y=99.39930555555556, z=-41.375}
 DistanceC: 20.464715113044406
Relative Position: LorenzVec{x=-19.209792110194883, y=-0.6006944444444429, z=-20.464715113044406}
 }
00:01:05 `Cave Spider`11649956 missed {
 is already Found: false).
 Position: LorenzVec{x=-3.375, y=99.75, z=-41.375}
 DistanceC: 20.464715113044406
Relative Position: LorenzVec{x=-19.209792110194883, y=-0.25, z=-20.464715113044406}
 }
00:01:05 `Cave Spider`11660132 missed {
 is already Found: false).
 Position: LorenzVec{x=-3.375, y=99.86458333333333, z=-41.375}
 DistanceC: 20.464715113044406
Relative Position: LorenzVec{x=-19.209792110194883, y=-0.1354166666666714, z=-20.464715113044406}
 }
00:01:05 `Cave Spider`11670284 missed {
 is already Found: false).
 Position: LorenzVec{x=-5.5, y=99.0, z=-41.5}
 DistanceC: 21.334792110194883
Relative Position: LorenzVec{x=-21.334792110194883, y=-1.0, z=-20.589715113044406}
 }
00:01:06 `Cave Spider`11679918 missed {
 is already Found: false).
 Position: LorenzVec{x=-5.5, y=99.0, z=-41.5}
 DistanceC: 21.334792110194883
Relative Position: LorenzVec{x=-21.334792110194883, y=-1.0, z=-20.589715113044406}
 }
00:01:34 `§bSam `11424870 missed {
 is already Found: false).
 Position: LorenzVec{x=6.5, y=99.0, z=20.5}
 DistanceC: 3.988822193699889
Relative Position: LorenzVec{x=-3.988822193699889, y=-4.0, z=-2.372091369619252}
 }
00:01:47 `§bSam `11424870 missed {
 is already Found: false).
 Position: LorenzVec{x=6.5, y=99.0, z=20.5}
 DistanceC: 7.756686663954973
Relative Position: LorenzVec{x=-7.756686663954973, y=-1.0, z=-0.554266341426171}
 }
00:01:59 `§bSam `11424870 missed {
 is already Found: false).
 Position: LorenzVec{x=6.5, y=99.0, z=20.5}
 DistanceC: 22.391407225258888
Relative Position: LorenzVec{x=15.433452181169748, y=-5.875, z=-22.391407225258888}
 }
00:02:56 `§bSam `11424870 missed {
 is already Found: false).
 Position: LorenzVec{x=6.5, y=99.0, z=20.5}
 DistanceC: 11.23080180155145
Relative Position: LorenzVec{x=-11.23080180155145, y=-3.7965999984741217, z=-9.563061634856844}
 }
00:03:52 `Blaze`11690639 missed {
 is already Found: false).
 Position: LorenzVec{x=36.84375, y=106.0, z=9.5625}
 DistanceC: 21.788027374425216
Relative Position: LorenzVec{x=20.441971261935816, y=3.125, z=-21.788027374425216}
 }
00:03:52 `Blaze`11701955 missed {
 is already Found: false).
 Position: LorenzVec{x=37.0, y=106.0, z=9.625}
 DistanceC: 21.725527374425216
Relative Position: LorenzVec{x=20.598221261935816, y=3.125, z=-21.725527374425216}
 }
00:03:52 `Blaze`11710165 missed {
 is already Found: false).
 Position: LorenzVec{x=34.4375, y=106.0, z=9.5}
 DistanceC: 21.850527374425216
Relative Position: LorenzVec{x=18.035721261935816, y=3.125, z=-21.850527374425216}
 }
00:03:52 `Blaze`11710312 missed {
 is already Found: false).
 Position: LorenzVec{x=37.0625, y=106.0, z=9.4375}
 DistanceC: 21.913027374425216
Relative Position: LorenzVec{x=20.660721261935816, y=3.125, z=-21.913027374425216}
 }
00:03:52 `Rabbit`11715223 missed {
 is already Found: false).
 Position: LorenzVec{x=2.5, y=104.0, z=52.5}
 DistanceC: 21.149472625574784
Relative Position: LorenzVec{x=-13.901778738064184, y=1.125, z=21.149472625574784}
 }
00:04:00 `Blaze`11710163 missed {
 is already Found: false).
 Position: LorenzVec{x=36.71875, y=106.0, z=11.5}
 DistanceC: 20.316971261935816
Relative Position: LorenzVec{x=20.316971261935816, y=3.125, z=-19.850527374425216}
 }
00:04:08 `Blaze`11700445 missed {
 is already Found: false).
 Position: LorenzVec{x=36.864583333333336, y=106.0, z=10.9375}
 DistanceC: 20.46280459526915
Relative Position: LorenzVec{x=20.46280459526915, y=3.125, z=-20.413027374425216}
 }
00:04:09 `Blaze`11693281 missed {
 is already Found: false).
 Position: LorenzVec{x=38.3125, y=106.0, z=10.25}
 DistanceC: 21.910721261935816
Relative Position: LorenzVec{x=21.910721261935816, y=3.125, z=-21.100527374425216}
 }
00:04:12 `Enderman`11714989 missed {
 is already Found: false).
 Position: LorenzVec{x=0.03125, y=100.0, z=52.375}
 DistanceC: 21.024472625574784
Relative Position: LorenzVec{x=-16.370528738064184, y=-2.875, z=21.024472625574784}
 }
00:04:13 `Cow`11716052 missed {
 is already Found: false).
 Position: LorenzVec{x=1.5, y=104.0, z=52.125}
 DistanceC: 20.774472625574784
Relative Position: LorenzVec{x=-14.901778738064184, y=1.125, z=20.774472625574784}
 }
00:04:14 `Blaze`11720600 missed {
 is already Found: false).
 Position: LorenzVec{x=37.46875, y=106.0, z=10.21875}
 DistanceC: 21.131777374425216
Relative Position: LorenzVec{x=21.066971261935816, y=3.125, z=-21.131777374425216}
 }
00:04:14 `Blaze`11720603 missed {
 is already Found: false).
 Position: LorenzVec{x=36.5, y=107.14583333333334, z=10.03125}
 DistanceC: 21.319277374425216
Relative Position: LorenzVec{x=20.098221261935816, y=4.270833333333343, z=-21.319277374425216}
 }
00:04:17 `Blaze`11719348 missed {
 is already Found: false).
 Position: LorenzVec{x=37.3125, y=106.0, z=10.6875}
 DistanceC: 20.910721261935816
Relative Position: LorenzVec{x=20.910721261935816, y=3.125, z=-20.663027374425216}
 }
00:04:18 `Enderman`11721555 missed {
 is already Found: false).
 Position: LorenzVec{x=-1.5, y=100.0, z=51.53125}
 DistanceC: 20.180722625574784
Relative Position: LorenzVec{x=-17.901778738064184, y=-2.875, z=20.180722625574784}
 }
00:04:21 `Rabbit`11721460 missed {
 is already Found: false).
 Position: LorenzVec{x=1.5625, y=104.0, z=51.96875}
 DistanceC: 20.618222625574784
Relative Position: LorenzVec{x=-14.839278738064184, y=1.125, z=20.618222625574784}
 }
00:04:24 `Enderman`11721559 missed {
 is already Found: false).
 Position: LorenzVec{x=-1.71875, y=100.0, z=52.78125}
 DistanceC: 21.430722625574784
Relative Position: LorenzVec{x=-18.120528738064184, y=-2.875, z=21.430722625574784}
 }
00:04:34 `Blaze`11693282 missed {
 is already Found: false).
 Position: LorenzVec{x=36.40625, y=106.0, z=10.0}
 DistanceC: 21.350527374425216
Relative Position: LorenzVec{x=20.004471261935816, y=3.125, z=-21.350527374425216}
 }
00:04:38 `Chicken`11726220 missed {
 is already Found: false).
 Position: LorenzVec{x=-0.5, y=104.0, z=51.5}
 DistanceC: 20.149472625574784
Relative Position: LorenzVec{x=-16.901778738064184, y=1.125, z=20.149472625574784}
 }
00:04:39 `Enderman`11726516 missed {
 is already Found: false).
 Position: LorenzVec{x=-0.5, y=100.0, z=52.5}
 DistanceC: 21.149472625574784
Relative Position: LorenzVec{x=-16.901778738064184, y=-2.875, z=21.149472625574784}
 }
00:04:41 `Enderman`11718411 missed {
 is already Found: false).
 Position: LorenzVec{x=-1.625, y=100.0, z=52.28125}
 DistanceC: 20.930722625574784
Relative Position: LorenzVec{x=-18.026778738064184, y=-2.875, z=20.930722625574784}
 }
00:04:44 `Cow`11722920 missed {
 is already Found: false).
 Position: LorenzVec{x=1.53125, y=104.0, z=52.1875}
 DistanceC: 20.836972625574784
Relative Position: LorenzVec{x=-14.870528738064184, y=1.125, z=20.836972625574784}
 }
00:04:46 `Enderman`11728130 missed {
 is already Found: false).
 Position: LorenzVec{x=-1.5, y=100.0, z=52.5}
 DistanceC: 21.149472625574784
Relative Position: LorenzVec{x=-17.901778738064184, y=-2.875, z=21.149472625574784}
 }
00:04:50 `Blaze`11710164 missed {
 is already Found: false).
 Position: LorenzVec{x=32.78125, y=106.0, z=9.40625}
 DistanceC: 21.944277374425216
Relative Position: LorenzVec{x=16.379471261935816, y=3.125, z=-21.944277374425216}
 }
00:04:51 `Blaze`11690637 missed {
 is already Found: false).
 Position: LorenzVec{x=37.125, y=106.0, z=10.28125}
 DistanceC: 21.069277374425216
Relative Position: LorenzVec{x=20.723221261935816, y=3.125, z=-21.069277374425216}
 }
00:05:00 `Blaze`11731249 missed {
 is already Found: false).
 Position: LorenzVec{x=36.46875, y=106.0, z=10.03125}
 DistanceC: 21.319277374425216
Relative Position: LorenzVec{x=20.066971261935816, y=3.125, z=-21.319277374425216}
 }
00:05:00 `Enderman`11730761 missed {
 is already Found: false).
 Position: LorenzVec{x=-1.53125, y=100.0, z=53.05208333333333}
 DistanceC: 21.701555958908113
Relative Position: LorenzVec{x=-17.933028738064184, y=-2.875, z=21.701555958908113}
 }
00:05:05 `Cow`11729739 missed {
 is already Found: false).
 Position: LorenzVec{x=1.53125, y=104.0, z=53.0625}
 DistanceC: 21.711972625574784
Relative Position: LorenzVec{x=-14.870528738064184, y=1.125, z=21.711972625574784}
 }
00:05:06 `Chicken`11721556 missed {
 is already Found: false).
 Position: LorenzVec{x=1.4375, y=104.0, z=51.46875}
 DistanceC: 20.118222625574784
Relative Position: LorenzVec{x=-14.964278738064184, y=1.125, z=20.118222625574784}
 }
00:05:13 `Enderman`11734527 missed {
 is already Found: false).
 Position: LorenzVec{x=-0.625, y=100.0, z=52.03125}
 DistanceC: 20.680722625574784
Relative Position: LorenzVec{x=-17.026778738064184, y=-2.875, z=20.680722625574784}
 }
00:05:14 `Enderman`11734672 missed {
 is already Found: false).
 Position: LorenzVec{x=0.5, y=100.0, z=51.5}
 DistanceC: 20.149472625574784
Relative Position: LorenzVec{x=-15.901778738064184, y=-2.875, z=20.149472625574784}
 }
00:05:17 `Chicken`11735152 missed {
 is already Found: false).
 Position: LorenzVec{x=-2.5, y=104.0, z=51.5}
 DistanceC: 20.149472625574784
Relative Position: LorenzVec{x=-18.901778738064184, y=1.125, z=20.149472625574784}
 }
00:05:19 `Blaze`11730758 missed {
 is already Found: false).
 Position: LorenzVec{x=37.875, y=106.0, z=10.25}
 DistanceC: 21.473221261935816
Relative Position: LorenzVec{x=21.473221261935816, y=3.125, z=-21.100527374425216}
 }
00:05:41 `Blaze`11704644 missed {
 is already Found: false).
 Position: LorenzVec{x=37.125, y=106.0, z=10.65625}
 DistanceC: 20.723221261935816
Relative Position: LorenzVec{x=20.723221261935816, y=3.125, z=-20.694277374425216}
 }
00:05:42 `Rabbit`11736874 missed {
 is already Found: false).
 Position: LorenzVec{x=1.5, y=104.0, z=51.875}
 DistanceC: 20.524472625574784
Relative Position: LorenzVec{x=-14.901778738064184, y=1.125, z=20.524472625574784}
 }
00:05:44 `Enderman`11740967 missed {
 is already Found: false).
 Position: LorenzVec{x=-0.625, y=100.0, z=52.125}
 DistanceC: 20.774472625574784
Relative Position: LorenzVec{x=-17.026778738064184, y=-2.875, z=20.774472625574784}
 }
00:05:46 `Blaze`11741809 missed {
 is already Found: false).
 Position: LorenzVec{x=36.5, y=106.0, z=10.5}
 DistanceC: 20.850527374425216
Relative Position: LorenzVec{x=20.098221261935816, y=3.125, z=-20.850527374425216}
 }
00:05:47 `Enderman`11739644 missed {
 is already Found: false).
 Position: LorenzVec{x=-1.96875, y=100.0, z=52.375}
 DistanceC: 21.024472625574784
Relative Position: LorenzVec{x=-18.370528738064184, y=-2.875, z=21.024472625574784}
 }
00:06:15 `Chicken`11748298 missed {
 is already Found: false).
 Position: LorenzVec{x=-0.5, y=104.0, z=52.5}
 DistanceC: 21.149472625574784
Relative Position: LorenzVec{x=-16.901778738064184, y=1.125, z=21.149472625574784}
 }
00:06:16 `Rabbit`11748700 missed {
 is already Found: false).
 Position: LorenzVec{x=-1.5, y=104.0, z=52.5}
 DistanceC: 21.149472625574784
Relative Position: LorenzVec{x=-17.901778738064184, y=1.125, z=21.149472625574784}
 }
00:06:17 `Blaze`11738124 missed {
 is already Found: false).
 Position: LorenzVec{x=38.03125, y=106.0, z=10.65625}
 DistanceC: 21.629471261935816
Relative Position: LorenzVec{x=21.629471261935816, y=3.125, z=-20.694277374425216}
 }
00:06:20 `Chicken`11743935 missed {
 is already Found: false).
 Position: LorenzVec{x=1.46875, y=104.0, z=51.5625}
 DistanceC: 20.211972625574784
Relative Position: LorenzVec{x=-14.933028738064184, y=1.125, z=20.211972625574784}
 }
00:06:23 `Cow`11742717 missed {
 is already Found: false).
 Position: LorenzVec{x=-2.5, y=104.0, z=52.0625}
 DistanceC: 20.711972625574784
Relative Position: LorenzVec{x=-18.901778738064184, y=1.125, z=20.711972625574784}
 }
00:06:30 `Enderman`11742187 missed {
 is already Found: false).
 Position: LorenzVec{x=-2.09375, y=100.0, z=52.46875}
 DistanceC: 21.118222625574784
Relative Position: LorenzVec{x=-18.495528738064184, y=-2.875, z=21.118222625574784}
 }
00:06:30 `Blaze`11731248 missed {
 is already Found: false).
 Position: LorenzVec{x=31.15625, y=106.0, z=10.03125}
 DistanceC: 21.319277374425216
Relative Position: LorenzVec{x=14.754471261935816, y=3.125, z=-21.319277374425216}
 }
00:06:32 `Blaze`11752348 missed {
 is already Found: false).
 Position: LorenzVec{x=36.5, y=106.0, z=10.03125}
 DistanceC: 21.319277374425216
Relative Position: LorenzVec{x=20.098221261935816, y=3.125, z=-21.319277374425216}
 }
00:06:32 `Blaze`11748297 missed {
 is already Found: false).
 Position: LorenzVec{x=37.09375, y=106.0, z=10.5}
 DistanceC: 20.850527374425216
Relative Position: LorenzVec{x=20.691971261935816, y=3.125, z=-20.850527374425216}
 }
00:06:36 `Enderman`11749958 missed {
 is already Found: false).
 Position: LorenzVec{x=0.4375, y=100.0, z=52.40625}
 DistanceC: 21.055722625574784
Relative Position: LorenzVec{x=-15.964278738064184, y=-2.875, z=21.055722625574784}
 }
00:06:39 `Enderman`11747164 missed {
 is already Found: false).
 Position: LorenzVec{x=1.25, y=100.0, z=52.5}
 DistanceC: 21.149472625574784
Relative Position: LorenzVec{x=-15.151778738064184, y=-2.875, z=21.149472625574784}
 }
00:07:02 `§bSam `11424870 missed {
 is already Found: false).
 Position: LorenzVec{x=6.5, y=99.0, z=20.5}
 DistanceC: 10.730378541488484
Relative Position: LorenzVec{x=-10.730378541488484, y=-2.231523797587016, z=-4.626858126312538}
 }
00:07:34 `§bSam `11424870 missed {
 is already Found: false).
 Position: LorenzVec{x=6.5, y=99.0, z=20.5}
 DistanceC: 15.988801361326964
Relative Position: LorenzVec{x=14.506146309422798, y=-1.0, z=-15.988801361326964}
 }
00:07:36 `Rabbit`11446632 missed {
 is already Found: false).
 Position: LorenzVec{x=1.5625, y=104.0, z=51.5}
 DistanceC: 15.011198638673036
Relative Position: LorenzVec{x=9.568646309422798, y=4.0, z=15.011198638673036}
 }
00:07:36 `Rabbit`11709692 missed {
 is already Found: false).
 Position: LorenzVec{x=-1.875, y=104.0, z=51.53125}
 DistanceC: 15.042448638673036
Relative Position: LorenzVec{x=6.131146309422798, y=4.0, z=15.042448638673036}
 }
00:07:36 `Cow`11722920 missed {
 is already Found: false).
 Position: LorenzVec{x=0.125, y=104.0, z=51.5625}
 DistanceC: 15.073698638673036
Relative Position: LorenzVec{x=8.131146309422798, y=4.0, z=15.073698638673036}
 }
00:07:36 `Chicken`11765549 missed {
 is already Found: false).
 Position: LorenzVec{x=0.5, y=104.0, z=51.5}
 DistanceC: 15.011198638673036
Relative Position: LorenzVec{x=8.506146309422798, y=4.0, z=15.011198638673036}
 }
00:07:36 `Cow`11742717 missed {
 is already Found: false).
 Position: LorenzVec{x=-2.0625, y=104.0, z=51.6875}
 DistanceC: 15.198698638673036
Relative Position: LorenzVec{x=5.943646309422798, y=4.0, z=15.198698638673036}
 }
00:07:36 `Enderman`11749958 missed {
 is already Found: false).
 Position: LorenzVec{x=-1.6875, y=100.0, z=52.09375}
 DistanceC: 15.604948638673036
Relative Position: LorenzVec{x=6.318646309422798, y=0.0, z=15.604948638673036}
 }
00:07:36 `Cow`11755970 missed {
 is already Found: false).
 Position: LorenzVec{x=-1.8125, y=104.0, z=57.34375}
 DistanceC: 20.854948638673036
Relative Position: LorenzVec{x=6.193646309422798, y=4.0, z=20.854948638673036}
 }
00:07:36 `Enderman`11757209 missed {
 is already Found: false).
 Position: LorenzVec{x=-2.28125, y=100.0, z=52.5}
 DistanceC: 16.011198638673036
Relative Position: LorenzVec{x=5.724896309422798, y=0.0, z=16.011198638673036}
 }
00:07:36 `Enderman`11765846 missed {
 is already Found: false).
 Position: LorenzVec{x=-2.09375, y=100.0, z=54.75}
 DistanceC: 18.261198638673036
Relative Position: LorenzVec{x=5.912396309422798, y=0.0, z=18.261198638673036}
 }
00:07:36 `Enderman`11739644 missed {
 is already Found: false).
 Position: LorenzVec{x=-1.0625, y=100.0, z=52.96875}
 DistanceC: 16.479948638673036
Relative Position: LorenzVec{x=6.943646309422798, y=0.0, z=16.479948638673036}
 }
00:07:36 `Enderman`11753774 missed {
 is already Found: false).
 Position: LorenzVec{x=-1.0625, y=100.0, z=52.4375}
 DistanceC: 15.948698638673036
Relative Position: LorenzVec{x=6.943646309422798, y=0.0, z=15.948698638673036}
 }
00:07:36 `Enderman`11424685 missed {
 is already Found: false).
 Position: LorenzVec{x=-10.927083333333334, y=74.0, z=52.427083333333336}
 DistanceC: 15.938281972006372
Relative Position: LorenzVec{x=-2.920937023910536, y=-26.0, z=15.938281972006372}
 }
00:07:36 `Enderman`11730761 missed {
 is already Found: false).
 Position: LorenzVec{x=1.2916666666666667, y=100.0, z=53.416666666666664}
 DistanceC: 16.9278653053397
Relative Position: LorenzVec{x=9.297812976089464, y=0.0, z=16.9278653053397}
 }
00:07:36 `Enderman`11740967 missed {
 is already Found: false).
 Position: LorenzVec{x=-0.25, y=100.0, z=52.875}
 DistanceC: 16.386198638673036
Relative Position: LorenzVec{x=7.756146309422798, y=0.0, z=16.386198638673036}
 }
00:07:36 `Enderman`11757516 missed {
 is already Found: false).
 Position: LorenzVec{x=-2.25, y=100.0, z=53.34375}
 DistanceC: 16.854948638673036
Relative Position: LorenzVec{x=5.756146309422798, y=0.0, z=16.854948638673036}
 }
00:07:36 `Enderman`11764985 missed {
 is already Found: false).
 Position: LorenzVec{x=0.05208333333333333, y=100.0, z=53.69791666666667}
 DistanceC: 17.209115305339708
Relative Position: LorenzVec{x=8.058229642756132, y=0.0, z=17.209115305339708}
 }
00:07:36 `Rabbit`11766346 missed {
 is already Found: false).
 Position: LorenzVec{x=1.5, y=104.0, z=54.5}
 DistanceC: 18.011198638673036
Relative Position: LorenzVec{x=9.506146309422798, y=4.0, z=18.011198638673036}
 }
00:07:36 `Enderman`11747164 missed {
 is already Found: false).
 Position: LorenzVec{x=-2.5625, y=100.0, z=55.0}
 DistanceC: 18.511198638673036
Relative Position: LorenzVec{x=5.443646309422798, y=0.0, z=18.511198638673036}
 }
00:07:36 `Chicken`11757211 missed {
 is already Found: false).
 Position: LorenzVec{x=-1.5, y=104.0, z=55.5}
 DistanceC: 19.011198638673036
Relative Position: LorenzVec{x=6.506146309422798, y=4.0, z=19.011198638673036}
 }
00:07:36 `Enderman`11726516 missed {
 is already Found: false).
 Position: LorenzVec{x=-0.875, y=100.0, z=57.0}
 DistanceC: 20.511198638673036
Relative Position: LorenzVec{x=7.131146309422798, y=0.0, z=20.511198638673036}
 }
00:07:36 `Rabbit`11736874 missed {
 is already Found: false).
 Position: LorenzVec{x=-2.40625, y=104.0, z=57.15625}
 DistanceC: 20.667448638673036
Relative Position: LorenzVec{x=5.599896309422798, y=4.0, z=20.667448638673036}
 }
00:07:36 `Enderman`11742187 missed {
 is already Found: false).
 Position: LorenzVec{x=-1.90625, y=100.0, z=53.458333333333336}
 DistanceC: 16.969531972006372
Relative Position: LorenzVec{x=6.099896309422798, y=0.0, z=16.969531972006372}
 }
00:07:36 `Enderman`11759648 missed {
 is already Found: false).
 Position: LorenzVec{x=-1.71875, y=100.0, z=57.15625}
 DistanceC: 20.667448638673036
Relative Position: LorenzVec{x=6.287396309422798, y=0.0, z=20.667448638673036}
 }
00:07:36 `Cow`11765174 missed {
 is already Found: false).
 Position: LorenzVec{x=-2.5, y=104.0, z=56.5}
 DistanceC: 20.011198638673036
Relative Position: LorenzVec{x=5.506146309422798, y=4.0, z=20.011198638673036}
 }
00:07:36 `Enderman`11765551 missed {
 is already Found: false).
 Position: LorenzVec{x=-2.5, y=100.0, z=56.53125}
 DistanceC: 20.042448638673036
Relative Position: LorenzVec{x=5.506146309422798, y=0.0, z=20.042448638673036}
 }
00:07:36 `Chicken`11726220 missed {
 is already Found: false).
 Position: LorenzVec{x=-2.53125, y=104.0, z=57.59375}
 DistanceC: 21.104948638673036
Relative Position: LorenzVec{x=5.474896309422798, y=4.0, z=21.104948638673036}
 }
00:07:36 `Rabbit`11754946 missed {
 is already Found: false).
 Position: LorenzVec{x=-0.5, y=104.39583333333334, z=56.03125}
 DistanceC: 19.542448638673036
Relative Position: LorenzVec{x=7.506146309422798, y=4.395833333333343, z=19.542448638673036}
 }
00:07:45 `Cow`11768098 missed {
 is already Found: false).
 Position: LorenzVec{x=-0.5, y=104.0, z=53.5}
 DistanceC: 17.011198638673036
Relative Position: LorenzVec{x=7.506146309422798, y=4.0, z=17.011198638673036}
 }
00:10:47 `b8985kcc11`6739 missed {
 is already Found: false).
 Position: LorenzVec{x=-20.5, y=71.0, z=-15.5}
 DistanceC: 21.15169610562051
Relative Position: LorenzVec{x=-21.15169610562051, y=0.0, z=-14.65531427871231}
 }
00:10:47 `9632l30z7d`6741 missed {
 is already Found: false).
 Position: LorenzVec{x=-22.5, y=71.0, z=-15.5}
 DistanceC: 23.15169610562051
Relative Position: LorenzVec{x=-23.15169610562051, y=0.0, z=-14.65531427871231}
 }
00:12:40 `§bSam `13335810 missed {
 is already Found: false).
 Position: LorenzVec{x=6.5, y=99.0, z=20.5}
 DistanceC: 11.778307424822053
Relative Position: LorenzVec{x=-11.778307424822053, y=-8.09935711385296, z=-1.5893812480036793}
 }
00:12:53 `§bSam `13335810 missed {
 is already Found: false).
 Position: LorenzVec{x=6.5, y=99.0, z=20.5}
 DistanceC: 18.827898896482374
Relative Position: LorenzVec{x=8.632318596633109, y=-3.881822189275624, z=-18.827898896482374}
 }
00:13:11 `§bSam `13335810 missed {
 is already Found: false).
 Position: LorenzVec{x=6.5, y=99.0, z=20.5}
 DistanceC: 17.374131920401503
Relative Position: LorenzVec{x=-2.250733441152992, y=-1.0, z=-17.374131920401503}
 }
00:13:12 `Enderman`13335419 missed {
 is already Found: false).
 Position: LorenzVec{x=-1.5, y=100.0, z=56.64583333333333}
 DistanceC: 18.771701412931826
Relative Position: LorenzVec{x=-10.250733441152992, y=0.0, z=18.771701412931826}
 }
00:13:12 `Rabbit`13335622 missed {
 is already Found: false).
 Position: LorenzVec{x=-2.5, y=104.0, z=57.5}
 DistanceC: 19.625868079598497
Relative Position: LorenzVec{x=-11.250733441152992, y=4.0, z=19.625868079598497}
 }
00:13:12 `Rabbit`13336057 missed {
 is already Found: false).
 Position: LorenzVec{x=1.5, y=104.0, z=52.96875}
 DistanceC: 15.094618079598497
Relative Position: LorenzVec{x=-7.250733441152992, y=4.0, z=15.094618079598497}
 }
00:13:12 `Enderman`13337714 missed {
 is already Found: false).
 Position: LorenzVec{x=1.34375, y=100.0, z=55.625}
 DistanceC: 17.750868079598497
Relative Position: LorenzVec{x=-7.406983441152992, y=0.0, z=17.750868079598497}
 }
00:13:12 `Rabbit`13339321 missed {
 is already Found: false).
 Position: LorenzVec{x=-2.46875, y=104.0, z=57.5}
 DistanceC: 19.625868079598497
Relative Position: LorenzVec{x=-11.219483441152992, y=4.0, z=19.625868079598497}
 }
00:13:12 `Enderman`13340459 missed {
 is already Found: false).
 Position: LorenzVec{x=-2.1875, y=100.0, z=53.5625}
 DistanceC: 15.688368079598497
Relative Position: LorenzVec{x=-10.938233441152992, y=0.0, z=15.688368079598497}
 }
00:13:12 `Enderman`13340585 missed {
 is already Found: false).
 Position: LorenzVec{x=-1.84375, y=100.0, z=56.59375}
 DistanceC: 18.719618079598497
Relative Position: LorenzVec{x=-10.594483441152992, y=0.0, z=18.719618079598497}
 }
00:13:12 `Chicken`13343210 missed {
 is already Found: false).
 Position: LorenzVec{x=0.14583333333333334, y=104.0, z=56.177083333333336}
 DistanceC: 18.302951412931833
Relative Position: LorenzVec{x=-8.604900107819658, y=4.0, z=18.302951412931833}
 }
00:13:12 `Enderman`13344360 missed {
 is already Found: false).
 Position: LorenzVec{x=-2.25, y=100.0, z=56.25}
 DistanceC: 18.375868079598497
Relative Position: LorenzVec{x=-11.000733441152992, y=0.0, z=18.375868079598497}
 }
00:13:12 `Cow`13345376 missed {
 is already Found: false).
 Position: LorenzVec{x=1.5, y=104.0, z=54.5}
 DistanceC: 16.625868079598497
Relative Position: LorenzVec{x=-7.250733441152992, y=4.0, z=16.625868079598497}
 }
00:13:12 `Enderman`13345847 missed {
 is already Found: false).
 Position: LorenzVec{x=-2.0, y=100.0, z=55.5625}
 DistanceC: 17.688368079598497
Relative Position: LorenzVec{x=-10.750733441152992, y=0.0, z=17.688368079598497}
 }
00:13:12 `Chicken`13345865 missed {
 is already Found: false).
 Position: LorenzVec{x=-1.5, y=104.0, z=54.5}
 DistanceC: 16.625868079598497
Relative Position: LorenzVec{x=-10.250733441152992, y=4.0, z=16.625868079598497}
 }
00:13:12 `Enderman`13346571 missed {
 is already Found: false).
 Position: LorenzVec{x=0.5625, y=100.0, z=56.0}
 DistanceC: 18.125868079598497
Relative Position: LorenzVec{x=-8.188233441152992, y=0.0, z=18.125868079598497}
 }
00:13:12 `Cow`13347282 missed {
 is already Found: false).
 Position: LorenzVec{x=-1.5, y=104.0, z=54.5}
 DistanceC: 16.625868079598497
Relative Position: LorenzVec{x=-10.250733441152992, y=4.0, z=16.625868079598497}
 }
00:13:12 `Cow`13349324 missed {
 is already Found: false).
 Position: LorenzVec{x=-0.5, y=104.0, z=56.5}
 DistanceC: 18.625868079598497
Relative Position: LorenzVec{x=-9.250733441152992, y=4.0, z=18.625868079598497}
 }
00:13:12 `Rabbit`13350105 missed {
 is already Found: false).
 Position: LorenzVec{x=0.14583333333333334, y=104.92708333333333, z=56.71875}
 DistanceC: 18.844618079598497
Relative Position: LorenzVec{x=-8.604900107819658, y=4.927083333333329, z=18.844618079598497}
 }
00:24:33 `§bSam `13335810 missed {
 is already Found: false).
 Position: LorenzVec{x=6.5, y=99.0, z=20.5}
 DistanceC: 7.57271852893102
Relative Position: LorenzVec{x=-3.18396636420354, y=-8.67693221313013, z=-7.57271852893102}
 }
00:26:39 `Rabbit`13569402 missed {
 is already Found: false).
 Position: LorenzVec{x=1.53125, y=104.0, z=57.59375}
 DistanceC: 16.116837349988153
Relative Position: LorenzVec{x=9.052503471775127, y=-2.0993571138529603, z=16.116837349988153}
 }
00:26:40 `Chicken`13537657 missed {
 is already Found: false).
 Position: LorenzVec{x=0.21875, y=104.0, z=57.46875}
 DistanceC: 15.232888140980087
Relative Position: LorenzVec{x=9.574678332886057, y=-1.5019641974312634, z=15.232888140980087}
 }
00:33:34 `§bSam `13335810 missed {
 is already Found: false).
 Position: LorenzVec{x=6.5, y=99.0, z=20.5}
 DistanceC: 20.838659355498258
Relative Position: LorenzVec{x=14.770936301592444, y=-5.1315633992116005, z=-20.838659355498258}
 }
00:33:52 `§bSam `13335810 missed {
 is already Found: false).
 Position: LorenzVec{x=6.5, y=99.0, z=20.5}
 DistanceC: 14.679538467288438
Relative Position: LorenzVec{x=-10.193147970429209, y=-1.0, z=-14.679538467288438}
 }
00:34:12 `§bSam `13335810 missed {
 is already Found: false).
 Position: LorenzVec{x=6.5, y=99.0, z=20.5}
 DistanceC: 15.956366180518337
Relative Position: LorenzVec{x=11.898125969412558, y=-1.0, z=-15.956366180518337}
 }
00:37:09 `Blaze`13796204 missed {
 is already Found: false).
 Position: LorenzVec{x=39.59375, y=106.0, z=11.34375}
 DistanceC: 21.539388350567553
Relative Position: LorenzVec{x=21.539388350567553, y=5.0, z=-14.544191018281566}
 }
00:37:09 `Blaze`13839654 missed {
 is already Found: false).
 Position: LorenzVec{x=37.5, y=106.0, z=11.5}
 DistanceC: 19.445638350567553
Relative Position: LorenzVec{x=19.445638350567553, y=5.0, z=-14.387941018281566}
 }
00:37:09 `Blaze`13787244 missed {
 is already Found: false).
 Position: LorenzVec{x=32.5, y=106.0, z=10.875}
 DistanceC: 15.012941018281566
Relative Position: LorenzVec{x=14.445638350567553, y=5.0, z=-15.012941018281566}
 }
00:37:09 `Blaze`13825515 missed {
 is already Found: false).
 Position: LorenzVec{x=36.15625, y=106.0, z=11.0625}
 DistanceC: 18.101888350567553
Relative Position: LorenzVec{x=18.101888350567553, y=5.0, z=-14.825441018281566}
 }
00:37:09 `Blaze`13811560 missed {
 is already Found: false).
 Position: LorenzVec{x=38.75, y=106.0, z=10.78125}
 DistanceC: 20.695638350567553
Relative Position: LorenzVec{x=20.695638350567553, y=5.0, z=-15.106691018281566}
 }
00:37:09 `Blaze`13782298 missed {
 is already Found: false).
 Position: LorenzVec{x=39.25, y=106.0, z=9.34375}
 DistanceC: 21.195638350567553
Relative Position: LorenzVec{x=21.195638350567553, y=5.0, z=-16.544191018281566}
 }
00:37:09 `Blaze`13796218 missed {
 is already Found: false).
 Position: LorenzVec{x=39.96875, y=106.0, z=9.25}
 DistanceC: 21.914388350567553
Relative Position: LorenzVec{x=21.914388350567553, y=5.0, z=-16.637941018281566}
 }
00:37:09 `Blaze`13837401 missed {
 is already Found: false).
 Position: LorenzVec{x=38.5, y=106.875, z=9.53125}
 DistanceC: 20.445638350567553
Relative Position: LorenzVec{x=20.445638350567553, y=5.875, z=-16.356691018281566}
 }
00:37:09 `Blaze`13782299 missed {
 is already Found: false).
 Position: LorenzVec{x=37.40625, y=106.0, z=9.03125}
 DistanceC: 19.351888350567553
Relative Position: LorenzVec{x=19.351888350567553, y=5.0, z=-16.856691018281566}
 }
00:37:09 `Blaze`13796219 missed {
 is already Found: false).
 Position: LorenzVec{x=31.9375, y=106.0, z=6.625}
 DistanceC: 19.262941018281566
Relative Position: LorenzVec{x=13.883138350567553, y=5.0, z=-19.262941018281566}
 }
00:37:09 `Blaze`13825009 missed {
 is already Found: false).
 Position: LorenzVec{x=37.625, y=106.0, z=8.6875}
 DistanceC: 19.570638350567553
Relative Position: LorenzVec{x=19.570638350567553, y=5.0, z=-17.200441018281566}
 }
00:37:09 `Blaze`13825505 missed {
 is already Found: false).
 Position: LorenzVec{x=39.25, y=106.0, z=8.25}
 DistanceC: 21.195638350567553
Relative Position: LorenzVec{x=21.195638350567553, y=5.0, z=-17.637941018281566}
 }
00:37:09 `Blaze`13799181 missed {
 is already Found: false).
 Position: LorenzVec{x=38.6875, y=106.875, z=7.0}
 DistanceC: 20.633138350567553
Relative Position: LorenzVec{x=20.633138350567553, y=5.875, z=-18.887941018281566}
 }
00:37:09 `Blaze`13811559 missed {
 is already Found: false).
 Position: LorenzVec{x=36.84375, y=106.0, z=7.0}
 DistanceC: 18.887941018281566
Relative Position: LorenzVec{x=18.789388350567553, y=5.0, z=-18.887941018281566}
 }
00:37:09 `Blaze`13828646 missed {
 is already Found: false).
 Position: LorenzVec{x=37.625, y=106.0, z=7.46875}
 DistanceC: 19.570638350567553
Relative Position: LorenzVec{x=19.570638350567553, y=5.0, z=-18.419191018281566}
 }
00:37:09 `Blaze`13812636 missed {
 is already Found: false).
 Position: LorenzVec{x=33.59375, y=106.0, z=6.875}
 DistanceC: 19.012941018281566
Relative Position: LorenzVec{x=15.539388350567553, y=5.0, z=-19.012941018281566}
 }
00:37:09 `Blaze`13782286 missed {
 is already Found: false).
 Position: LorenzVec{x=32.71875, y=106.0, z=6.59375}
 DistanceC: 19.294191018281566
Relative Position: LorenzVec{x=14.664388350567553, y=5.0, z=-19.294191018281566}
 }
00:37:09 `Blaze`13787243 missed {
 is already Found: false).
 Position: LorenzVec{x=38.6875, y=106.0, z=6.625}
 DistanceC: 20.633138350567553
Relative Position: LorenzVec{x=20.633138350567553, y=5.0, z=-19.262941018281566}
 }
00:37:09 `Blaze`13799182 missed {
 is already Found: false).
 Position: LorenzVec{x=39.03125, y=106.0, z=5.375}
 DistanceC: 20.976888350567553
Relative Position: LorenzVec{x=20.976888350567553, y=5.0, z=-20.512941018281566}
 }
00:37:09 `Blaze`13825012 missed {
 is already Found: false).
 Position: LorenzVec{x=36.625, y=106.0, z=6.53125}
 DistanceC: 19.356691018281566
Relative Position: LorenzVec{x=18.570638350567553, y=5.0, z=-19.356691018281566}
 }
00:37:09 `Blaze`13840349 missed {
 is already Found: false).
 Position: LorenzVec{x=37.78125, y=106.0, z=6.5}
 DistanceC: 19.726888350567553
Relative Position: LorenzVec{x=19.726888350567553, y=5.0, z=-19.387941018281566}
 }
00:37:09 `Blaze`13803433 missed {
 is already Found: false).
 Position: LorenzVec{x=31.90625, y=106.0, z=6.6875}
 DistanceC: 19.200441018281566
Relative Position: LorenzVec{x=13.851888350567553, y=5.0, z=-19.200441018281566}
 }
00:37:10 `Blaze`13812635 missed {
 is already Found: false).
 Position: LorenzVec{x=37.4375, y=106.0, z=5.15625}
 DistanceC: 20.35453946941911
Relative Position: LorenzVec{x=19.490005917272303, y=5.0, z=-20.35453946941911}
 }
00:37:10 `Blaze`13825516 missed {
 is already Found: false).
 Position: LorenzVec{x=36.4375, y=106.0, z=4.9375}
 DistanceC: 20.57328946941911
Relative Position: LorenzVec{x=18.490005917272303, y=5.0, z=-20.57328946941911}
 }
00:37:10 `Blaze`13816820 missed {
 is already Found: false).
 Position: LorenzVec{x=35.5, y=106.0, z=5.0625}
 DistanceC: 19.87728467104915
Relative Position: LorenzVec{x=17.75361604127661, y=5.078400001525878, z=-19.87728467104915}
 }
00:37:10 `Blaze`13791788 missed {
 is already Found: false).
 Position: LorenzVec{x=37.84375, y=106.0, z=4.78125}
 DistanceC: 20.340454455252896
Relative Position: LorenzVec{x=20.340454455252896, y=5.464159374955443, z=-19.51708939189522}
 }
00:37:10 `Blaze`13837402 missed {
 is already Found: false).
 Position: LorenzVec{x=37.875, y=106.0, z=4.53125}
 DistanceC: 20.499571814602874
Relative Position: LorenzVec{x=20.499571814602874, y=5.768476202412984, z=-19.470969693207557}
 }
00:37:48 `Blaze`13839654 missed {
 is already Found: false).
 Position: LorenzVec{x=36.59375, y=106.0, z=10.46875}
 DistanceC: 17.633461306956846
Relative Position: LorenzVec{x=17.633461306956846, y=4.0, z=-16.625247591408375}
 }
00:37:48 `Blaze`13860348 missed {
 is already Found: false).
 Position: LorenzVec{x=36.34375, y=106.0, z=11.5}
 DistanceC: 17.383461306956846
Relative Position: LorenzVec{x=17.383461306956846, y=4.0, z=-15.593997591408375}
 }
00:37:48 `Blaze`13811559 missed {
 is already Found: false).
 Position: LorenzVec{x=36.59375, y=106.0, z=9.78125}
 DistanceC: 17.633461306956846
Relative Position: LorenzVec{x=17.633461306956846, y=4.0, z=-17.312747591408375}
 }
00:37:48 `Blaze`13825515 missed {
 is already Found: false).
 Position: LorenzVec{x=33.75, y=106.0, z=9.5625}
 DistanceC: 17.531497591408375
Relative Position: LorenzVec{x=14.789711306956846, y=4.0, z=-17.531497591408375}
 }
00:37:48 `Blaze`13837401 missed {
 is already Found: false).
 Position: LorenzVec{x=38.510416666666664, y=106.02083333333333, z=10.447916666666666}
 DistanceC: 19.55012797362351
Relative Position: LorenzVec{x=19.55012797362351, y=4.020833333333329, z=-16.64608092474171}
 }
00:37:48 `Blaze`13839662 missed {
 is already Found: false).
 Position: LorenzVec{x=38.53125, y=106.0, z=10.84375}
 DistanceC: 19.570961306956846
Relative Position: LorenzVec{x=19.570961306956846, y=4.0, z=-16.250247591408375}
 }
00:37:48 `Blaze`13811560 missed {
 is already Found: false).
 Position: LorenzVec{x=38.75, y=106.0, z=10.78125}
 DistanceC: 19.789711306956846
Relative Position: LorenzVec{x=19.789711306956846, y=4.0, z=-16.312747591408375}
 }
00:37:48 `Blaze`13825009 missed {
 is already Found: false).
 Position: LorenzVec{x=37.71875, y=106.0, z=10.5625}
 DistanceC: 18.758461306956846
Relative Position: LorenzVec{x=18.758461306956846, y=4.0, z=-16.531497591408375}
 }
00:37:48 `Blaze`13796204 missed {
 is already Found: false).
 Position: LorenzVec{x=39.46875, y=107.07291666666667, z=9.25}
 DistanceC: 20.508461306956846
Relative Position: LorenzVec{x=20.508461306956846, y=5.072916666666671, z=-17.843997591408375}
 }
00:37:48 `Blaze`13799181 missed {
 is already Found: false).
 Position: LorenzVec{x=38.5, y=106.0, z=8.375}
 DistanceC: 19.539711306956846
Relative Position: LorenzVec{x=19.539711306956846, y=4.0, z=-18.718997591408375}
 }
00:37:48 `Blaze`13828646 missed {
 is already Found: false).
 Position: LorenzVec{x=37.5, y=106.0, z=9.53125}
 DistanceC: 18.539711306956846
Relative Position: LorenzVec{x=18.539711306956846, y=4.0, z=-17.562747591408375}
 }
00:37:48 `Blaze`13860336 missed {
 is already Found: false).
 Position: LorenzVec{x=37.28125, y=106.0, z=9.21875}
 DistanceC: 18.320961306956846
Relative Position: LorenzVec{x=18.320961306956846, y=4.0, z=-17.875247591408375}
 }
00:37:48 `Blaze`13825505 missed {
 is already Found: false).
 Position: LorenzVec{x=37.125, y=106.0, z=7.53125}
 DistanceC: 19.562747591408375
Relative Position: LorenzVec{x=18.164711306956846, y=4.0, z=-19.562747591408375}
 }
00:37:48 `Ghast`13856841 missed {
 is already Found: false).
 Position: LorenzVec{x=33.5, y=107.0, z=7.5}
 DistanceC: 19.593997591408375
Relative Position: LorenzVec{x=14.539711306956846, y=5.0, z=-19.593997591408375}
 }
00:37:48 `Blaze`13860349 missed {
 is already Found: false).
 Position: LorenzVec{x=35.84375, y=106.0, z=6.5}
 DistanceC: 20.593997591408375
Relative Position: LorenzVec{x=16.883461306956846, y=4.0, z=-20.593997591408375}
 }
00:37:48 `Blaze`13811550 missed {
 is already Found: false).
 Position: LorenzVec{x=40.15625, y=106.875, z=8.96875}
 DistanceC: 21.195961306956846
Relative Position: LorenzVec{x=21.195961306956846, y=4.875, z=-18.125247591408375}
 }
00:37:48 `Blaze`13825012 missed {
 is already Found: false).
 Position: LorenzVec{x=36.71875, y=106.0, z=5.625}
 DistanceC: 21.468997591408375
Relative Position: LorenzVec{x=17.758461306956846, y=4.0, z=-21.468997591408375}
 }
00:37:48 `Blaze`13840349 missed {
 is already Found: false).
 Position: LorenzVec{x=38.46875, y=106.0, z=6.03125}
 DistanceC: 21.062747591408375
Relative Position: LorenzVec{x=19.508461306956846, y=4.0, z=-21.062747591408375}
 }
00:37:48 `Blaze`13858839 missed {
 is already Found: false).
 Position: LorenzVec{x=38.5, y=106.0, z=6.5}
 DistanceC: 20.593997591408375
Relative Position: LorenzVec{x=19.539711306956846, y=4.0, z=-20.593997591408375}
 }
00:37:48 `Blaze`13796218 missed {
 is already Found: false).
 Position: LorenzVec{x=39.77083333333333, y=106.0, z=5.5625}
 DistanceC: 21.531497591408375
Relative Position: LorenzVec{x=20.810544640290175, y=4.0, z=-21.531497591408375}
 }
00:37:48 `Blaze`13796219 missed {
 is already Found: false).
 Position: LorenzVec{x=31.78125, y=106.0, z=5.875}
 DistanceC: 21.218997591408375
Relative Position: LorenzVec{x=12.820961306956846, y=4.0, z=-21.218997591408375}
 }
00:37:48 `Blaze`13839663 missed {
 is already Found: false).
 Position: LorenzVec{x=40.46875, y=106.0, z=10.25}
 DistanceC: 21.508461306956846
Relative Position: LorenzVec{x=21.508461306956846, y=4.0, z=-16.843997591408375}
 }
00:37:48 `Blaze`13856275 missed {
 is already Found: false).
 Position: LorenzVec{x=38.375, y=106.0, z=5.5}
 DistanceC: 21.593997591408375
Relative Position: LorenzVec{x=19.414711306956846, y=4.0, z=-21.593997591408375}
 }
00:37:48 `Blaze`13856276 missed {
 is already Found: false).
 Position: LorenzVec{x=39.65625, y=106.0, z=5.6875}
 DistanceC: 21.406497591408375
Relative Position: LorenzVec{x=20.695961306956846, y=4.0, z=-21.406497591408375}
 }
00:37:48 `Blaze`13812635 missed {
 is already Found: false).
 Position: LorenzVec{x=36.71875, y=106.0, z=5.25}
 DistanceC: 21.843997591408375
Relative Position: LorenzVec{x=17.758461306956846, y=4.0, z=-21.843997591408375}
 }
00:37:49 `Blaze`13837402 missed {
 is already Found: false).
 Position: LorenzVec{x=39.75, y=106.0, z=5.75}
 DistanceC: 21.343997591408375
Relative Position: LorenzVec{x=20.789711306956846, y=4.0, z=-21.343997591408375}
 }
00:37:49 `Blaze`13812636 missed {
 is already Found: false).
 Position: LorenzVec{x=30.625, y=106.0, z=5.28125}
 DistanceC: 21.812747591408375
Relative Position: LorenzVec{x=11.664711306956846, y=4.0, z=-21.812747591408375}
 }
00:42:03 `0pq6xs8508`15701 missed {
 is already Found: false).
 Position: LorenzVec{x=-0.5, y=71.0, z=-6.5}
 DistanceC: 17.209211443689394
Relative Position: LorenzVec{x=17.209211443689394, y=0.0, z=-4.523609236904525}
 }
00:42:36 `0pq6xs8508`15701 missed {
 is already Found: false).
 Position: LorenzVec{x=-0.5, y=71.0, z=-6.5}
 DistanceC: 7.964339317576795
Relative Position: LorenzVec{x=4.833663750213223, y=0.0, z=-7.964339317576795}
 }
00:45:38 `bhqdd9wimv`15685 missed {
 is already Found: false).
 Position: LorenzVec{x=-20.5, y=71.0, z=-15.5}
 DistanceC: 17.8443957474744
Relative Position: LorenzVec{x=-17.8443957474744, y=-1.0, z=-1.2231887845368536}
 }
00:45:38 `2su75nxyq7`15687 missed {
 is already Found: false).
 Position: LorenzVec{x=-24.5, y=71.0, z=-14.5}
 DistanceC: 21.8443957474744
Relative Position: LorenzVec{x=-21.8443957474744, y=-1.0, z=-0.22318878453685365}
 }
00:45:38 `975la6ualt`15704 missed {
 is already Found: false).
 Position: LorenzVec{x=-22.5, y=71.0, z=-15.5}
 DistanceC: 19.8443957474744
Relative Position: LorenzVec{x=-19.8443957474744, y=-1.0, z=-1.2231887845368536}
 }
00:45:43 `Villager`15780 missed {
 is already Found: false).
 Position: LorenzVec{x=5.28125, y=72.0, z=-15.125}
 DistanceC: 5.121367775213125
Relative Position: LorenzVec{x=0.970600740461796, y=0.625, z=-5.121367775213125}
 }
00:45:44 `0pq6xs8508`15701 missed {
 is already Found: false).
 Position: LorenzVec{x=-0.5, y=71.0, z=-6.5}
 DistanceC: 19.902864554022408
Relative Position: LorenzVec{x=19.902864554022408, y=0.0, z=-4.577565567163681}
 }
00:51:16 `Enderman`17539598 missed {
 is already Found: false).
 Position: LorenzVec{x=1.5, y=100.0, z=55.5}
 DistanceC: 16.0936392135698
Relative Position: LorenzVec{x=7.533710216141502, y=-0.08849330598143013, z=16.0936392135698}
 }
00:51:16 `Enderman`17539599 missed {
 is already Found: false).
 Position: LorenzVec{x=1.5, y=100.0, z=55.5}
 DistanceC: 16.0936392135698
Relative Position: LorenzVec{x=7.533710216141502, y=-0.08849330598143013, z=16.0936392135698}
 }
00:51:16 `Enderman`17539600 missed {
 is already Found: false).
 Position: LorenzVec{x=0.5, y=100.0, z=55.53125}
 DistanceC: 16.1248892135698
Relative Position: LorenzVec{x=6.533710216141502, y=-0.08849330598143013, z=16.1248892135698}
 }
00:51:16 `Enderman`17539601 missed {
 is already Found: false).
 Position: LorenzVec{x=-0.17708333333333331, y=100.0, z=54.88541666666667}
 DistanceC: 15.479055880236473
Relative Position: LorenzVec{x=5.856626882808169, y=-0.08849330598143013, z=15.479055880236473}
 }
00:51:16 `Enderman`17539602 missed {
 is already Found: false).
 Position: LorenzVec{x=1.25, y=100.0, z=54.9375}
 DistanceC: 15.531139213569801
Relative Position: LorenzVec{x=7.283710216141502, y=-0.08849330598143013, z=15.531139213569801}
 }
00:51:16 `Enderman`17539664 missed {
 is already Found: false).
 Position: LorenzVec{x=-0.48958333333333337, y=100.0, z=56.9375}
 DistanceC: 17.5311392135698
Relative Position: LorenzVec{x=5.544126882808169, y=-0.08849330598143013, z=17.5311392135698}
 }
00:51:16 `Enderman`17539707 missed {
 is already Found: false).
 Position: LorenzVec{x=-2.28125, y=100.0, z=56.71875}
 DistanceC: 17.3123892135698
Relative Position: LorenzVec{x=3.752460216141502, y=-0.08849330598143013, z=17.3123892135698}
 }
00:51:16 `Enderman`17539708 missed {
 is already Found: false).
 Position: LorenzVec{x=-1.71875, y=100.0, z=56.84375}
 DistanceC: 17.4373892135698
Relative Position: LorenzVec{x=4.314960216141502, y=-0.08849330598143013, z=17.4373892135698}
 }
00:51:16 `Enderman`17539709 missed {
 is already Found: false).
 Position: LorenzVec{x=-1.5, y=100.0, z=56.5}
 DistanceC: 17.0936392135698
Relative Position: LorenzVec{x=4.533710216141502, y=-0.08849330598143013, z=17.0936392135698}
 }
00:51:16 `Enderman`17539710 missed {
 is already Found: false).
 Position: LorenzVec{x=-0.65625, y=100.0, z=57.5625}
 DistanceC: 18.1561392135698
Relative Position: LorenzVec{x=5.377460216141502, y=-0.08849330598143013, z=18.1561392135698}
 }
00:51:16 `Enderman`17539711 missed {
 is already Found: false).
 Position: LorenzVec{x=-0.0625, y=100.0, z=56.5625}
 DistanceC: 17.1561392135698
Relative Position: LorenzVec{x=5.971210216141502, y=-0.08849330598143013, z=17.1561392135698}
 }
01:40:25 `5v93gw9nk5`13133 missed {
 is already Found: false).
 Position: LorenzVec{x=-0.5, y=71.0, z=-6.5}
 DistanceC: 19.2518078727792
Relative Position: LorenzVec{x=-0.9137344299875885, y=-2.0109763294860556, z=19.2518078727792}
 }
01:40:42 `5v93gw9nk5`13133 missed {
 is already Found: false).
 Position: LorenzVec{x=-0.5, y=71.0, z=-6.5}
 DistanceC: 4.463346121124582
Relative Position: LorenzVec{x=4.463346121124582, y=-1.7633088380446367, z=0.5621028340119016}
 }
01:41:25 `5v93gw9nk5`13133 missed {
 is already Found: false).
 Position: LorenzVec{x=-0.5, y=71.0, z=-6.5}
 DistanceC: 9.333579962195635
Relative Position: LorenzVec{x=-0.550114119700382, y=-0.6763334602613753, z=-9.333579962195635}
 }
01:41:39 `v23xy33dhf`13132 missed {
 is already Found: false).
 Position: LorenzVec{x=-20.5, y=71.0, z=-15.5}
 DistanceC: 11.271531745331401
Relative Position: LorenzVec{x=11.271531745331401, y=-1.4281877862013772, z=-0.5460715741683568}
 }
01:41:39 `vqmes62ov1`13138 missed {
 is already Found: false).
 Position: LorenzVec{x=-22.5, y=71.0, z=-15.5}
 DistanceC: 13.735630002274299
Relative Position: LorenzVec{x=13.735630002274299, y=-1.4281877862013772, z=-7.563032609413048}
 }
01:41:40 `7824p7ef8k`13137 missed {
 is already Found: false).
 Position: LorenzVec{x=-24.5, y=71.0, z=-14.5}
 DistanceC: 19.857328439427622
Relative Position: LorenzVec{x=13.692258357942983, y=-1.4281877862013772, z=-19.857328439427622}
 }
01:41:40 `2k966687g1`13136 missed {
 is already Found: false).
 Position: LorenzVec{x=-26.5, y=71.0, z=-14.5}
 DistanceC: 23.497472936529782
Relative Position: LorenzVec{x=10.766028604963147, y=-1.4281877862013772, z=-23.497472936529782}
 }
01:42:01 `Villager`13024 missed {
 is already Found: false).
 Position: LorenzVec{x=5.5, y=72.0, z=-15.5}
 DistanceC: 12.000464460325013
Relative Position: LorenzVec{x=0.5455117746502278, y=-0.43995698766293856, z=12.000464460325013}
 }
01:42:01 `§bShaggy `13472 missed {
 is already Found: false).
 Position: LorenzVec{x=4.5, y=72.0, z=-13.5}
 DistanceC: 14.693921502144306
Relative Position: LorenzVec{x=4.033685214839136, y=-0.43995698766293856, z=14.693921502144306}
 }
01:42:01 `Villager`13697 missed {
 is already Found: false).
 Position: LorenzVec{x=2.5, y=72.0, z=-11.5}
 DistanceC: 17.41846635280293
Relative Position: LorenzVec{x=3.2139713123208233, y=-0.43995698766293856, z=17.41846635280293}
 }
01:42:01 `Villager`13784 missed {
 is already Found: false).
 Position: LorenzVec{x=0.5, y=72.0, z=-10.5}
 DistanceC: 18.41846635280293
Relative Position: LorenzVec{x=1.2139713123208231, y=-0.43995698766293856, z=18.41846635280293}
 }
01:42:07 `v23xy33dhf`13132 missed {
 is already Found: false).
 Position: LorenzVec{x=-20.5, y=71.0, z=-15.5}
 DistanceC: 11.65146738785694
Relative Position: LorenzVec{x=6.481114083078335, y=-2.9317336470048048, z=11.65146738785694}
 }
01:45:24 `Villager`13784 missed {
 is already Found: false).
 Position: LorenzVec{x=0.5, y=72.0, z=-10.5}
 DistanceC: 9.00063306458199
Relative Position: LorenzVec{x=2.086987260737992, y=-15.477122004375445, z=9.00063306458199}
 }
01:45:24 `5v93gw9nk5`13133 missed {
 is already Found: false).
 Position: LorenzVec{x=-0.5, y=71.0, z=-6.5}
 DistanceC: 13.286535014335293
Relative Position: LorenzVec{x=0.13076360243991048, y=-16.477122004375445, z=13.286535014335293}
 }
01:45:45 `Villager`13024 missed {
 is already Found: false).
 Position: LorenzVec{x=5.5, y=72.0, z=-15.5}
 DistanceC: 19.463821137176623
Relative Position: LorenzVec{x=3.8500458819682315, y=-0.567993148727183, z=19.463821137176623}
 }
01:45:45 `§bShaggy `13472 missed {
 is already Found: false).
 Position: LorenzVec{x=4.5, y=72.0, z=-13.5}
 DistanceC: 21.463821137176623
Relative Position: LorenzVec{x=2.8500458819682315, y=-0.567993148727183, z=21.463821137176623}
 }
01:45:49 `5v93gw9nk5`13133 missed {
 is already Found: false).
 Position: LorenzVec{x=-0.5, y=71.0, z=-6.5}
 DistanceC: 19.852145230938532
Relative Position: LorenzVec{x=-19.852145230938532, y=-1.567993148727183, z=8.238022758846693}
 }
01:47:22 `5v93gw9nk5`13133 missed {
 is already Found: false).
 Position: LorenzVec{x=-0.5, y=71.0, z=-6.5}
 DistanceC: 20.076345533752026
Relative Position: LorenzVec{x=-0.5140489876545922, y=-2.471171553155415, z=20.076345533752026}
 }
01:47:22 `Villager`13784 missed {
 is already Found: false).
 Position: LorenzVec{x=0.5, y=72.0, z=-10.5}
 DistanceC: 18.548095272578138
Relative Position: LorenzVec{x=-0.6854048049457235, y=-1.3211715471949503, z=18.548095272578138}
 }
01:47:22 `Villager`13697 missed {
 is already Found: false).
 Position: LorenzVec{x=2.5, y=72.0, z=-11.5}
 DistanceC: 18.045481479671636
Relative Position: LorenzVec{x=1.1202822615947938, y=-1.0811715376582072, z=18.045481479671636}
 }
01:50:26 `Villager`13784 missed {
 is already Found: false).
 Position: LorenzVec{x=0.5, y=72.0, z=-10.5}
 DistanceC: 17.422221560383235
Relative Position: LorenzVec{x=7.587975574266482, y=-0.08196775565207304, z=17.422221560383235}
 }
01:50:26 `Villager`13697 missed {
 is already Found: false).
 Position: LorenzVec{x=2.5, y=72.0, z=-11.5}
 DistanceC: 16.04676298492363
Relative Position: LorenzVec{x=10.132403652309977, y=-0.08196775565207304, z=16.04676298492363}
 }
01:50:26 `§bShaggy `13472 missed {
 is already Found: false).
 Position: LorenzVec{x=4.5, y=72.0, z=-13.5}
 DistanceC: 13.763828266293576
Relative Position: LorenzVec{x=12.542668898980612, y=-0.08196775565207304, z=13.763828266293576}
 }
01:50:27 `5v93gw9nk5`13133 missed {
 is already Found: false).
 Position: LorenzVec{x=-0.5, y=71.0, z=-6.5}
 DistanceC: 20.235548456209234
Relative Position: LorenzVec{x=8.308693117022063, y=-1.081967755652073, z=20.235548456209234}
 }
01:54:48 `v23xy33dhf`13132 missed {
 is already Found: false).
 Position: LorenzVec{x=-20.5, y=71.0, z=-15.5}
 DistanceC: 20.80000001192093
Relative Position: LorenzVec{x=-20.80000001192093, y=-2.200000047683716, z=19.177846284455214}
 }
01:54:49 `vqmes62ov1`13138 missed {
 is already Found: false).
 Position: LorenzVec{x=-22.5, y=71.0, z=-15.5}
 DistanceC: 22.80000001192093
Relative Position: LorenzVec{x=-22.80000001192093, y=-2.1163680476016964, z=18.296455887104116}
 }
01:54:51 `7824p7ef8k`13137 missed {
 is already Found: false).
 Position: LorenzVec{x=-24.5, y=71.0, z=-14.5}
 DistanceC: 23.667423712277124
Relative Position: LorenzVec{x=-23.667423712277124, y=-2.1163680476016964, z=10.462508150611214}
 }
01:55:12 `2k966687g1`13136 missed {
 is already Found: false).
 Position: LorenzVec{x=-26.5, y=71.0, z=-14.5}
 DistanceC: 23.30183846340113
Relative Position: LorenzVec{x=-16.970043116504772, y=-2.1163680476016964, z=-23.30183846340113}
 }
01:55:39 `v23xy33dhf`13132 missed {
 is already Found: false).
 Position: LorenzVec{x=-20.5, y=71.0, z=-15.5}
 DistanceC: 22.091409738567098
Relative Position: LorenzVec{x=-22.091409738567098, y=-1.3462757785625712, z=14.12975923116501}
 }
01:55:50 `v23xy33dhf`13132 missed {
 is already Found: false).
 Position: LorenzVec{x=-20.5, y=71.0, z=-15.5}
 DistanceC: 22.36525980931656
Relative Position: LorenzVec{x=-22.36525980931656, y=-1.7184615362777294, z=21.214939264007157}
 }
01:55:51 `vqmes62ov1`13138 missed {
 is already Found: false).
 Position: LorenzVec{x=-22.5, y=71.0, z=-15.5}
 DistanceC: 23.713614635882
Relative Position: LorenzVec{x=-23.713614635882, y=-1.7184615362777294, z=10.140952508794783}
 }
01:55:52 `7824p7ef8k`13137 missed {
 is already Found: false).
 Position: LorenzVec{x=-24.5, y=71.0, z=-14.5}
 DistanceC: 19.531512958509552
Relative Position: LorenzVec{x=-19.531512958509552, y=-1.7184615362777294, z=-4.946044187064036}
 }
01:55:52 `2k966687g1`13136 missed {
 is already Found: false).
 Position: LorenzVec{x=-26.5, y=71.0, z=-14.5}
 DistanceC: 19.931096099215786
Relative Position: LorenzVec{x=-19.931096099215786, y=-1.7184615362777294, z=-11.743740945413485}
 }
01:56:03 `5v93gw9nk5`13133 missed {
 is already Found: false).
 Position: LorenzVec{x=-0.5, y=71.0, z=-6.5}
 DistanceC: 15.954585251938447
Relative Position: LorenzVec{x=0.1484453825411094, y=-1.0, z=15.954585251938447}
 }
01:56:03 `Villager`13784 missed {
 is already Found: false).
 Position: LorenzVec{x=0.5, y=72.0, z=-10.5}
 DistanceC: 12.56280140252927
Relative Position: LorenzVec{x=0.2808460805987144, y=0.0, z=12.56280140252927}
 }
01:56:03 `Villager`13697 missed {
 is already Found: false).
 Position: LorenzVec{x=2.5, y=72.0, z=-11.5}
 DistanceC: 11.729186362792962
Relative Position: LorenzVec{x=2.07368232880306, y=0.0, z=11.729186362792962}
 }
01:56:04 `§bShaggy `13472 missed {
 is already Found: false).
 Position: LorenzVec{x=4.5, y=72.0, z=-13.5}
 DistanceC: 10.103018131577699
Relative Position: LorenzVec{x=3.6983149066451038, y=0.0, z=10.103018131577699}
 }
01:56:04 `Villager`13024 missed {
 is already Found: false).
 Position: LorenzVec{x=5.5, y=72.0, z=-15.5}
 DistanceC: 8.772646053403808
Relative Position: LorenzVec{x=4.41749152016583, y=0.0, z=8.772646053403808}
 }
01:56:05 `v23xy33dhf`13132 missed {
 is already Found: false).
 Position: LorenzVec{x=-20.5, y=71.0, z=-15.5}
 DistanceC: 21.582407064108526
Relative Position: LorenzVec{x=-21.582407064108526, y=-1.0, z=9.313935736180547}
 }
01:56:05 `vqmes62ov1`13138 missed {
 is already Found: false).
 Position: LorenzVec{x=-22.5, y=71.0, z=-15.5}
 DistanceC: 23.582407064108526
Relative Position: LorenzVec{x=-23.582407064108526, y=-1.0, z=9.313935736180547}
 }
