12:05:05 [allowed] §b[MVP§3+§b] Euphaa§f §6slid into the lobby!
12:05:05 [allowed] §f§lHAPPY HOLIDAYS §e§lFROM HYPIXEL§r
§r§aYou may claim today's §bAdvent Calendar §areward!
§eClick here to claim!§r

12:05:05 [allowed] §b§m--------------§r§f  §r§aGuild: Message Of The Day  §r§b§m--------------
12:05:05 [allowed] §b| §r§fJoin the guild discord!
12:05:05 [allowed] §b| §r§fhttps://discord.gg/9En6jSENjY
12:05:05 [allowed] §b| §r§fHave a great day!
12:05:05 [allowed] §b§m-----------------------------------------------------
12:05:05 [allowed] §b[MVP§c+§b] EaseBinkie639§f §6slid into the lobby!
12:05:06 [allowed] §b[MVP§d+§b] Drache72YT§f §6slid into the lobby!
12:05:06 [allowed] §b[MVP§d+§b] Shes§f §6slid into the lobby!
12:05:07 [allowed]   §r§f§l➤ §r§6You have reached your Hype limit! Add Hype to Prototype Lobby minigames by right-clicking with the Hype Diamond!
12:05:08 [allowed] §b[MVP§c+§b] wrckls_§f §6slid into the lobby!
12:05:10 [allowed] §b[MVP§c+§b] Cycronicle§f §6slid into the lobby!
12:05:12 [allowed] §b[MVP§d+§b] Max_Bad§f §6slid into the lobby!
12:05:14 [allowed] §b[MVP§9+§b] Steven_Rush§f §6slid into the lobby!
12:05:17 [allowed] §2Guild > §b[MVP§3+§b] Euphaa§f: §rit was sbp
12:05:17 [allowed] §b[MVP§6+§b] Cotiso§f §6slid into the lobby!
12:05:19 [allowed] §b[MVP§2+§b] Trixterree§f §6slid into the lobby!
12:05:21 [allowed] §b[MVP§2+§b] canadas_§f §6slid into the lobby!
12:05:22 [allowed] §b[MVP§d+§b] noobmaster666go§f §6slid into the lobby!
12:05:24 [allowed] §b[MVP§6+§b] Feef_Sleepyfy§f §6slid into the lobby!
12:05:25 [allowed] §b[MVP§2+§b] spec1§f §6slid into the lobby!
12:05:26 [allowed] §b[MVP§c+§b] pinkere§f §6slid into the lobby!
12:05:27 [allowed] §b[MVP§a+§b] roidesdieux§f §6slid into the lobby!
12:05:29 [allowed] §b[MVP§d+§b] xKhronic§f §6slid into the lobby!
12:05:29 [allowed] §b[MVP§c+§b] Snikkarboden§f §6slid into the lobby!
12:05:30 [allowed] §2Guild > §b[MVP§4+§b] TheWeirdestFrog§f: §rwhich is?
12:05:31 [allowed] §b[MVP§f+§b] Drogony§f §6slid into the lobby!
12:05:32 [allowed] §b[MVP§3+§b] sinefelt§f §6slid into the lobby!
12:05:39 [allowed] §2Guild > §b[MVP§3+§b] Euphaa§f: §rskyblock personalized
12:05:39 [allowed] §b[MVP§c+§b] Redstemper45§f §6slid into the lobby!
12:05:39 [allowed] §b[MVP§3+§b] owlmanisaman§f §6slid into the lobby!
12:05:39 [allowed] §b[MVP§c+§b] Punkinou§f §6slid into the lobby!
12:05:39 [allowed] §b[MVP§c+§b] shortymafia420§f §6slid into the lobby!
12:05:41 [allowed] §b[MVP§4+§b] MarayRavell§f §6slid into the lobby!
12:05:41 [allowed] §b[MVP§c+§b] iFors§f §6slid into the lobby!
12:05:45 [allowed] §b[MVP§9+§b] mpje05§f §6slid into the lobby!
12:05:46 [allowed] §2Guild > §b[MVP§4+§b] TheWeirdestFrog§f: §roh
12:05:47 [allowed] §b[MVP§9+§b] Player201q§f §6slid into the lobby!
12:05:47 [allowed] §b[MVP§9+§b] Hilliage§f §6slid into the lobby!
12:05:48 [allowed] §b[MVP§d+§b] oraje§f §6slid into the lobby!
12:05:48 [allowed] §b[MVP§a+§b] aqieaqie01§f §6slid into the lobby!
12:05:52 [allowed] §b[MVP§f+§b] NsHero§f §6slid into the lobby!
12:05:54 [allowed] §b[MVP§2+§b] Naskem§f §6slid into the lobby!
12:05:56 [allowed] §7Sending to server mini15AC...
12:05:56 [allowed] §eYou haven't claimed your §r§6Holidays Rewards §r§eyet!
12:05:56 [allowed] §eTalk to the §r§cGingerbread §r§fMan §r§ein the §r§aHub§r§e!
12:05:59 [allowed] §eWelcome to §r§aHypixel SkyBlock§r§e!
12:05:59 [allowed] §6§lBONUS! §r§bTemporarily earn §r§a5% §r§bmore skill experience!
12:05:59 [allowed] §eLatest update: §bSkyBlock v0.20.9 §e§lCLICK
12:05:59 [allowed] §aYou are playing on profile: §eBanana§b (Co-op)
12:05:59 [allowed] §8Profile ID: 56e969f8-003b-4df1-bbed-3112b2f3dc94
12:06:20 [allowed] §2Guild > §7SLTGC §3[bot]§f: §rCreative_03534: Umm guys
12:06:33 [allowed] §2Guild > §b[MVP§4+§b] TheWeirdestFrog§f: §rwhy are kuudra teeth so cheap
12:06:43 [allowed] §c ☠ §r§7§r§bMajorReis§r§7 fell into the void§r§7.
12:06:47 [allowed] §2Guild > §7SLTGC §3[bot]§f: §rCreative_03534: Why is South Korea under martial law?
12:06:58 [allowed] §2Guild > §b[MVP§4+§b] TheWeirdestFrog§f: §ri thought they would be like 1m but they under 100k
12:07:59 [allowed] §7Warping...
12:07:59 [allowed] §7Sending to server mini68DG...
12:08:00 [allowed] §eYou haven't claimed your §r§6Holidays Rewards §r§eyet!
12:08:00 [allowed] §eTalk to the §r§cGingerbread §r§fMan §r§ein the §r§aHub§r§e!
12:08:03 [allowed] §aYou are playing on profile: §eBanana§b (Co-op)
12:08:03 [allowed] §8Profile ID: 56e969f8-003b-4df1-bbed-3112b2f3dc94
12:08:14 [allowed] §cThere are blocks in the way!
12:08:15 [allowed] §2Guild > §b[MVP§4+§b] TheWeirdestFrog§f: §risnt south korea always under martial law?
12:08:25 [allowed] §cYou have already claimed this reward!
12:08:26 [allowed] §cYou have already claimed this reward!
12:08:28 [allowed] §2Guild > §7SLTGC §3[bot]§f: §rCreative_03534: That’s North Korea
12:08:38 [allowed] §2Guild > §b[MVP§4+§b] TheWeirdestFrog§f: §roh yea
12:08:42 [allowed] §2Guild > §b[MVP§4+§b] TheWeirdestFrog§f: §rthen idk
12:08:52 [allowed] §cThere are blocks in the way!
12:08:53 [allowed] §cThere are blocks in the way!
12:08:53 [allowed] §cThere are blocks in the way!
12:09:01 [allowed] §cThere are blocks in the way!
12:09:03 [allowed] §7Warping you to your SkyBlock island...
12:09:03 [allowed] §7Sending to server mini194F...
12:09:04 [allowed] §eYou haven't claimed your §r§6Holidays Rewards §r§eyet!
12:09:04 [allowed] §eTalk to the §r§cGingerbread §r§fMan §r§ein the §r§aHub§r§e!
12:09:07 [allowed] §aYou are playing on profile: §eBanana§b (Co-op)
12:09:07 [allowed] §8Profile ID: 56e969f8-003b-4df1-bbed-3112b2f3dc94
12:09:34 [allowed] §2Guild > §7SLTGC §3[bot]§f: §rEuphaa ↷ Creative_03534: what does that mean
12:13:29 [allowed] §cThere are blocks in the way!
