12:05:05 [EMPTY] §f §r§r§r§f §r§r§r§1 §r§r§r§0 §r§r§r§2 §r§r§r§f §r§r§r§f §r§r§r§2 §r§r§r§0 §r§r§r§4 §r§r§r§3 §r§r§r§9 §r§r§r§2 §r§r§r§0 §r§r§r§0 §r§r§r§3 §r§r§r§9 §r§r§r§2 §r§r§r§0 §r§r§r§0 §r§r§r§3 §r§r§r§9 §r§r§r§2 §r§r§r§0 §r§r§r§0 
12:05:05 [EMPTY] 
12:05:56 [EMPTY] §8 §r§8 §r§1 §r§3 §r§3 §r§7 §r§8 
12:05:59 [EMPTY] 
12:05:59 [EMPTY] 
12:06:00 [EMPTY]  
12:06:00 [STASH_COMPACT] §f               §7You have §351,240 §7materials stashed away!
12:06:00 [STASH_COMPACT] §f              §8(This totals 5 types of materials stashed!)
12:06:00 [STASH_COMPACT] §f                §3§l>>> §3§lCLICK HERE§b to pick them up! §3§l<<<
12:06:00 [EMPTY]   
12:06:00 [EMPTY]  
12:06:00 [STASH_COMPACT] §f               §7You have §351,240 §7materials stashed away!
12:06:00 [STASH_COMPACT] §f              §8(This totals 5 types of materials stashed!)
12:06:00 [STASH_COMPACT] §f                §3§l>>> §3§lCLICK HERE§b to pick them up! §3§l<<<
12:06:00 [EMPTY]   
12:06:01 [SKYMALL] §bNew day! §r§eYour §r§2Sky Mall §r§ebuff changed!
12:06:01 [SKYMALL] §eNew buff§r§r§r: §r§fGain §r§a+15% §r§fmore Powder while mining.
12:06:01 [SKYMALL] §8§oYou can disable this messaging by toggling Sky Mall in your /hotm!
12:07:01 [EMPTY]  
12:07:01 [STASH_COMPACT] §f               §7You have §351,240 §7materials stashed away!
12:07:01 [STASH_COMPACT] §f              §8(This totals 5 types of materials stashed!)
12:07:01 [STASH_COMPACT] §f                §3§l>>> §3§lCLICK HERE§b to pick them up! §3§l<<<
12:07:01 [EMPTY]   
12:08:00 [EMPTY] §8 §r§8 §r§1 §r§3 §r§3 §r§7 §r§8 
12:08:03 [EMPTY]  
12:08:03 [STASH_COMPACT] §f               §7You have §351,240 §7materials stashed away!
12:08:03 [STASH_COMPACT] §f              §8(This totals 5 types of materials stashed!)
12:08:03 [STASH_COMPACT] §f                §3§l>>> §3§lCLICK HERE§b to pick them up! §3§l<<<
12:08:03 [EMPTY]   
12:08:34 [EMPTY]  
12:08:34 [STASH_COMPACT] §f               §7You have §351,240 §7materials stashed away!
12:08:34 [STASH_COMPACT] §f              §8(This totals 5 types of materials stashed!)
12:08:34 [STASH_COMPACT] §f                §3§l>>> §3§lCLICK HERE§b to pick them up! §3§l<<<
12:08:34 [EMPTY]   
12:09:04 [EMPTY] §8 §r§8 §r§1 §r§3 §r§3 §r§7 §r§8 
12:09:07 [EMPTY]  
12:09:07 [STASH_COMPACT] §f               §7You have §351,240 §7materials stashed away!
12:09:07 [STASH_COMPACT] §f              §8(This totals 5 types of materials stashed!)
12:09:07 [STASH_COMPACT] §f                §3§l>>> §3§lCLICK HERE§b to pick them up! §3§l<<<
12:09:07 [EMPTY]   
12:09:08 [EMPTY]  
12:09:08 [STASH_COMPACT] §f               §7You have §351,240 §7materials stashed away!
12:09:08 [STASH_COMPACT] §f              §8(This totals 5 types of materials stashed!)
12:09:08 [STASH_COMPACT] §f                §3§l>>> §3§lCLICK HERE§b to pick them up! §3§l<<<
12:09:08 [EMPTY]   
12:10:08 [EMPTY]  
12:10:08 [STASH_COMPACT] §f               §7You have §351,240 §7materials stashed away!
12:10:08 [STASH_COMPACT] §f              §8(This totals 5 types of materials stashed!)
12:10:08 [STASH_COMPACT] §f                §3§l>>> §3§lCLICK HERE§b to pick them up! §3§l<<<
12:10:08 [EMPTY]   
12:11:08 [EMPTY]  
12:11:08 [STASH_COMPACT] §f               §7You have §351,240 §7materials stashed away!
12:11:08 [STASH_COMPACT] §f              §8(This totals 5 types of materials stashed!)
12:11:08 [STASH_COMPACT] §f                §3§l>>> §3§lCLICK HERE§b to pick them up! §3§l<<<
12:11:08 [EMPTY]   
12:12:09 [EMPTY]  
12:12:09 [STASH_COMPACT] §f               §7You have §351,240 §7materials stashed away!
12:12:09 [STASH_COMPACT] §f              §8(This totals 5 types of materials stashed!)
12:12:09 [STASH_COMPACT] §f                §3§l>>> §3§lCLICK HERE§b to pick them up! §3§l<<<
12:12:09 [EMPTY]   
12:13:09 [EMPTY]  
12:13:09 [STASH_COMPACT] §f               §7You have §351,240 §7materials stashed away!
12:13:09 [STASH_COMPACT] §f              §8(This totals 5 types of materials stashed!)
12:13:09 [STASH_COMPACT] §f                §3§l>>> §3§lCLICK HERE§b to pick them up! §3§l<<<
12:13:09 [EMPTY]   
