22:22:05 `Enderman`231323 missed {
 is already Found: false).
 Position: LorenzVec{x=-2.15625, y=100.0, z=56.65625}
 DistanceC: 15.666963709913482
Relative Position: LorenzVec{x=-10.326434405967841, y=0.0, z=15.666963709913482}
 }
22:22:05 `Enderman`208895 missed {
 is already Found: false).
 Position: LorenzVec{x=-0.19791666666666666, y=100.0, z=55.989583333333336}
 DistanceC: 15.000297043246817
Relative Position: LorenzVec{x=-8.368101072634508, y=0.0, z=15.000297043246817}
 }
22:22:05 `Rabbit`208930 missed {
 is already Found: false).
 Position: LorenzVec{x=-2.59375, y=104.0, z=57.5}
 DistanceC: 16.51071370991348
Relative Position: LorenzVec{x=-10.763934405967841, y=4.0, z=16.51071370991348}
 }
22:22:05 `Cow`220490 missed {
 is already Found: false).
 Position: LorenzVec{x=-0.5, y=104.0, z=57.5}
 DistanceC: 16.51071370991348
Relative Position: LorenzVec{x=-8.670184405967841, y=4.0, z=16.51071370991348}
 }
22:22:05 `Enderman`225680 missed {
 is already Found: false).
 Position: LorenzVec{x=0.78125, y=100.0, z=57.5}
 DistanceC: 16.51071370991348
Relative Position: LorenzVec{x=-7.3889344059678415, y=0.0, z=16.51071370991348}
 }
22:22:40 `§bSam `209317 missed {
 is already Found: false).
 Position: LorenzVec{x=6.5, y=99.0, z=20.5}
 DistanceC: 16.23166857432299
Relative Position: LorenzVec{x=-11.844347684880525, y=-5.741574587805147, z=-16.23166857432299}
 }
22:22:55 `§bSam `209317 missed {
 is already Found: false).
 Position: LorenzVec{x=6.5, y=99.0, z=20.5}
 DistanceC: 15.262404564096812
Relative Position: LorenzVec{x=4.4293525886590865, y=-9.55193221313013, z=-15.262404564096812}
 }
22:23:07 `Scion `240572 missed {
 is already Found: false).
 Position: LorenzVec{x=2.5, y=99.0, z=-45.5}
 DistanceC: 21.330775101416783
Relative Position: LorenzVec{x=-0.7485518694117745, y=-2.0, z=-21.330775101416783}
 }
22:23:07 `Scion `208773 missed {
 is already Found: false).
 Position: LorenzVec{x=-1.4375, y=99.0, z=-46.0625}
 DistanceC: 21.893275101416783
Relative Position: LorenzVec{x=-4.6860518694117745, y=-2.0, z=-21.893275101416783}
 }
22:23:07 `Scion `209000 missed {
 is already Found: false).
 Position: LorenzVec{x=5.5, y=99.0, z=-46.15625}
 DistanceC: 21.987025101416783
Relative Position: LorenzVec{x=2.2514481305882255, y=-2.0, z=-21.987025101416783}
 }
22:23:08 `Scion `208777 missed {
 is already Found: false).
 Position: LorenzVec{x=-3.6875, y=99.0, z=-46.125}
 DistanceC: 21.955775101416783
Relative Position: LorenzVec{x=-6.9360518694117745, y=-2.0, z=-21.955775101416783}
 }
22:23:17 `§bSam `209317 missed {
 is already Found: false).
 Position: LorenzVec{x=6.5, y=99.0, z=20.5}
 DistanceC: 20.96539141449334
Relative Position: LorenzVec{x=15.558069378067684, y=-6.501533884405319, z=-20.96539141449334}
 }
22:23:25 `Enderman`260872 missed {
 is already Found: false).
 Position: LorenzVec{x=-0.5, y=100.0, z=54.5}
 DistanceC: 16.937108474798606
Relative Position: LorenzVec{x=0.5314601297894557, y=-3.875, z=16.937108474798606}
 }
22:23:29 `Rabbit`261764 missed {
 is already Found: false).
 Position: LorenzVec{x=2.5, y=105.5, z=55.5}
 DistanceC: 17.937108474798606
Relative Position: LorenzVec{x=3.5314601297894557, y=1.625, z=17.937108474798606}
 }
22:23:29 `Cow`261931 missed {
 is already Found: false).
 Position: LorenzVec{x=1.5, y=104.0, z=53.5}
 DistanceC: 15.937108474798606
Relative Position: LorenzVec{x=2.5314601297894557, y=0.125, z=15.937108474798606}
 }
22:23:53 `Rabbit`269006 missed {
 is already Found: false).
 Position: LorenzVec{x=1.5, y=104.0, z=54.5}
 DistanceC: 15.82819389242104
Relative Position: LorenzVec{x=-9.403831616740142, y=4.0, z=15.82819389242104}
 }
22:24:40 `Enderman`270187 missed {
 is already Found: false).
 Position: LorenzVec{x=-2.34375, y=100.0, z=56.5}
 DistanceC: 15.283134552476682
Relative Position: LorenzVec{x=-13.251031525980164, y=0.0, z=15.283134552476682}
 }
22:24:40 `Enderman`280497 missed {
 is already Found: false).
 Position: LorenzVec{x=0.625, y=100.0, z=56.3125}
 DistanceC: 15.095634552476682
Relative Position: LorenzVec{x=-10.282281525980164, y=0.0, z=15.095634552476682}
 }
22:24:40 `Enderman`260872 missed {
 is already Found: false).
 Position: LorenzVec{x=-1.5, y=100.0, z=56.5625}
 DistanceC: 15.345634552476682
Relative Position: LorenzVec{x=-12.407281525980164, y=0.0, z=15.345634552476682}
 }
22:24:40 `Chicken`215546 missed {
 is already Found: false).
 Position: LorenzVec{x=1.46875, y=104.0, z=57.53125}
 DistanceC: 16.31438455247668
Relative Position: LorenzVec{x=-9.438531525980164, y=4.0, z=16.31438455247668}
 }
22:24:40 `Rabbit`231608 missed {
 is already Found: false).
 Position: LorenzVec{x=1.3125, y=104.0, z=57.40625}
 DistanceC: 16.18938455247668
Relative Position: LorenzVec{x=-9.594781525980164, y=4.0, z=16.18938455247668}
 }
22:24:40 `Chicken`248587 missed {
 is already Found: false).
 Position: LorenzVec{x=1.5, y=104.0, z=57.40625}
 DistanceC: 16.18938455247668
Relative Position: LorenzVec{x=-9.407281525980164, y=4.0, z=16.18938455247668}
 }
22:24:40 `Chicken`265323 missed {
 is already Found: false).
 Position: LorenzVec{x=1.53125, y=104.0, z=57.40625}
 DistanceC: 16.18938455247668
Relative Position: LorenzVec{x=-9.376031525980164, y=4.0, z=16.18938455247668}
 }
22:24:40 `Rabbit`261764 missed {
 is already Found: false).
 Position: LorenzVec{x=2.5, y=106.15625, z=58.489583333333336}
 DistanceC: 17.272717885810017
Relative Position: LorenzVec{x=-8.407281525980164, y=6.15625, z=17.272717885810017}
 }
22:25:53 `§bSam `209317 missed {
 is already Found: false).
 Position: LorenzVec{x=6.5, y=99.0, z=20.5}
 DistanceC: 10.480826971766106
Relative Position: LorenzVec{x=-10.480826971766106, y=-3.0, z=-5.177899055153393}
 }
22:26:05 `§bSam `209317 missed {
 is already Found: false).
 Position: LorenzVec{x=6.5, y=99.0, z=20.5}
 DistanceC: 14.780155127702827
Relative Position: LorenzVec{x=14.780155127702827, y=-1.0, z=13.154177383745598}
 }
22:26:25 `Blaze`283547 missed {
 is already Found: false).
 Position: LorenzVec{x=39.0, y=106.0, z=10.5}
 DistanceC: 20.8674493429327
Relative Position: LorenzVec{x=20.8674493429327, y=4.0, z=-18.87893212566351}
 }
22:26:25 `Blaze`289677 missed {
 is already Found: false).
 Position: LorenzVec{x=33.71875, y=106.0, z=10.09375}
 DistanceC: 19.28518212566351
Relative Position: LorenzVec{x=15.586199342932701, y=4.0, z=-19.28518212566351}
 }
22:26:25 `Blaze`264617 missed {
 is already Found: false).
 Position: LorenzVec{x=30.09375, y=106.0, z=9.46875}
 DistanceC: 19.91018212566351
Relative Position: LorenzVec{x=11.961199342932701, y=4.0, z=-19.91018212566351}
 }
22:26:25 `Blaze`277039 missed {
 is already Found: false).
 Position: LorenzVec{x=37.4375, y=106.0, z=9.6875}
 DistanceC: 19.69143212566351
Relative Position: LorenzVec{x=19.3049493429327, y=4.0, z=-19.69143212566351}
 }
22:26:25 `Blaze`289689 missed {
 is already Found: false).
 Position: LorenzVec{x=39.25, y=106.0, z=9.6875}
 DistanceC: 21.1174493429327
Relative Position: LorenzVec{x=21.1174493429327, y=4.0, z=-19.69143212566351}
 }
22:26:25 `Blaze`264599 missed {
 is already Found: false).
 Position: LorenzVec{x=39.875, y=106.0, z=10.375}
 DistanceC: 21.7424493429327
Relative Position: LorenzVec{x=21.7424493429327, y=4.0, z=-19.00393212566351}
 }
22:26:25 `Blaze`277025 missed {
 is already Found: false).
 Position: LorenzVec{x=39.25, y=106.0, z=9.25}
 DistanceC: 21.1174493429327
Relative Position: LorenzVec{x=21.1174493429327, y=4.0, z=-20.12893212566351}
 }
22:26:25 `Blaze`277038 missed {
 is already Found: false).
 Position: LorenzVec{x=39.625, y=106.0, z=10.6875}
 DistanceC: 21.4924493429327
Relative Position: LorenzVec{x=21.4924493429327, y=4.0, z=-18.69143212566351}
 }
22:26:25 `Blaze`264618 missed {
 is already Found: false).
 Position: LorenzVec{x=39.25, y=106.0, z=9.25}
 DistanceC: 21.1174493429327
Relative Position: LorenzVec{x=21.1174493429327, y=4.0, z=-20.12893212566351}
 }
22:26:25 `Blaze`277351 missed {
 is already Found: false).
 Position: LorenzVec{x=38.03125, y=106.0, z=8.75}
 DistanceC: 20.62893212566351
Relative Position: LorenzVec{x=19.8986993429327, y=4.0, z=-20.62893212566351}
 }
22:26:25 `Blaze`292906 missed {
 is already Found: false).
 Position: LorenzVec{x=38.75, y=106.0, z=8.65625}
 DistanceC: 20.72268212566351
Relative Position: LorenzVec{x=20.6174493429327, y=4.0, z=-20.72268212566351}
 }
22:26:25 `Blaze`309736 missed {
 is already Found: false).
 Position: LorenzVec{x=39.6875, y=106.875, z=10.25}
 DistanceC: 21.5549493429327
Relative Position: LorenzVec{x=21.5549493429327, y=4.875, z=-19.12893212566351}
 }
22:26:25 `Blaze`309755 missed {
 is already Found: false).
 Position: LorenzVec{x=35.03125, y=106.0, z=8.53125}
 DistanceC: 20.84768212566351
Relative Position: LorenzVec{x=16.8986993429327, y=4.0, z=-20.84768212566351}
 }
22:26:25 `Blaze`311850 missed {
 is already Found: false).
 Position: LorenzVec{x=37.75, y=106.0, z=7.59375}
 DistanceC: 21.78518212566351
Relative Position: LorenzVec{x=19.6174493429327, y=4.0, z=-21.78518212566351}
 }
22:26:27 `Blaze`335171 missed {
 is already Found: false).
 Position: LorenzVec{x=39.375, y=106.875, z=10.5}
 DistanceC: 21.2424493429327
Relative Position: LorenzVec{x=21.2424493429327, y=4.875, z=-18.87893212566351}
 }
22:26:27 `Blaze`335181 missed {
 is already Found: false).
 Position: LorenzVec{x=39.375, y=106.0, z=11.53125}
 DistanceC: 21.2424493429327
Relative Position: LorenzVec{x=21.2424493429327, y=4.0, z=-17.84768212566351}
 }
22:26:27 `Blaze`335182 missed {
 is already Found: false).
 Position: LorenzVec{x=37.53125, y=106.0, z=8.5}
 DistanceC: 20.87893212566351
Relative Position: LorenzVec{x=19.3986993429327, y=4.0, z=-20.87893212566351}
 }
22:26:32 `Blaze`282056 missed {
 is already Found: false).
 Position: LorenzVec{x=39.97916666666667, y=105.90625, z=7.572916666666666}
 DistanceC: 21.846616009599373
Relative Position: LorenzVec{x=21.846616009599373, y=3.90625, z=-21.806015458996846}
 }
22:26:43 `Blaze`286910 missed {
 is already Found: false).
 Position: LorenzVec{x=39.71875, y=106.0, z=9.6875}
 DistanceC: 21.5861993429327
Relative Position: LorenzVec{x=21.5861993429327, y=4.0, z=-19.69143212566351}
 }
22:26:49 `Blaze`334641 missed {
 is already Found: false).
 Position: LorenzVec{x=39.28125, y=106.0, z=7.59375}
 DistanceC: 21.78518212566351
Relative Position: LorenzVec{x=21.1486993429327, y=4.0, z=-21.78518212566351}
 }
22:26:50 `Blaze`294650 missed {
 is already Found: false).
 Position: LorenzVec{x=37.46875, y=106.0, z=9.0}
 DistanceC: 20.37893212566351
Relative Position: LorenzVec{x=19.3361993429327, y=4.0, z=-20.37893212566351}
 }
22:26:51 `Blaze`333385 missed {
 is already Found: false).
 Position: LorenzVec{x=40.0, y=106.0, z=7.6875}
 DistanceC: 21.8674493429327
Relative Position: LorenzVec{x=21.8674493429327, y=4.0, z=-21.69143212566351}
 }
22:27:05 `Ghast`358628 missed {
 is already Found: false).
 Position: LorenzVec{x=33.5, y=107.0, z=7.5}
 DistanceC: 21.87893212566351
Relative Position: LorenzVec{x=15.367449342932701, y=5.0, z=-21.87893212566351}
 }
22:27:09 `Blaze`361570 missed {
 is already Found: false).
 Position: LorenzVec{x=38.75, y=106.0, z=8.5}
 DistanceC: 20.87893212566351
Relative Position: LorenzVec{x=20.6174493429327, y=4.0, z=-20.87893212566351}
 }
22:27:10 `Blaze`362075 missed {
 is already Found: false).
 Position: LorenzVec{x=39.84375, y=106.875, z=9.03125}
 DistanceC: 21.7111993429327
Relative Position: LorenzVec{x=21.7111993429327, y=4.875, z=-20.34768212566351}
 }
22:27:11 `Blaze`353243 missed {
 is already Found: false).
 Position: LorenzVec{x=37.5, y=106.0, z=8.65625}
 DistanceC: 20.72268212566351
Relative Position: LorenzVec{x=19.3674493429327, y=4.0, z=-20.72268212566351}
 }
22:27:13 `Blaze`338968 missed {
 is already Found: false).
 Position: LorenzVec{x=31.75, y=106.0, z=8.25}
 DistanceC: 21.12893212566351
Relative Position: LorenzVec{x=13.617449342932701, y=4.0, z=-21.12893212566351}
 }
22:27:28 `§bSam `209317 missed {
 is already Found: false).
 Position: LorenzVec{x=6.5, y=99.0, z=20.5}
 DistanceC: 9.876569643030614
Relative Position: LorenzVec{x=-9.876569643030614, y=-6.773432754562364, z=-8.639969551637613}
 }
22:27:41 `§bSam `209317 missed {
 is already Found: false).
 Position: LorenzVec{x=6.5, y=99.0, z=20.5}
 DistanceC: 14.751688337976546
Relative Position: LorenzVec{x=14.751688337976546, y=-1.0, z=-9.115683814896258}
 }
22:27:42 `Rabbit`216593 missed {
 is already Found: false).
 Position: LorenzVec{x=-2.5, y=104.0, z=51.5}
 DistanceC: 21.884316185103742
Relative Position: LorenzVec{x=5.751688337976546, y=4.0, z=21.884316185103742}
 }
22:27:42 `Rabbit`261764 missed {
 is already Found: false).
 Position: LorenzVec{x=1.59375, y=104.0, z=51.46875}
 DistanceC: 21.853066185103742
Relative Position: LorenzVec{x=9.845438337976546, y=4.0, z=21.853066185103742}
 }
22:27:42 `Chicken`376020 missed {
 is already Found: false).
 Position: LorenzVec{x=1.5, y=104.0, z=51.5}
 DistanceC: 21.884316185103742
Relative Position: LorenzVec{x=9.751688337976546, y=4.0, z=21.884316185103742}
 }
22:27:42 `Cow`308667 missed {
 is already Found: false).
 Position: LorenzVec{x=-1.84375, y=104.0, z=51.53125}
 DistanceC: 21.915566185103742
Relative Position: LorenzVec{x=6.407938337976546, y=4.0, z=21.915566185103742}
 }
22:27:42 `Cow`316936 missed {
 is already Found: false).
 Position: LorenzVec{x=0.90625, y=104.0, z=51.53125}
 DistanceC: 21.915566185103742
Relative Position: LorenzVec{x=9.157938337976546, y=4.0, z=21.915566185103742}
 }
22:27:42 `Rabbit`330342 missed {
 is already Found: false).
 Position: LorenzVec{x=-0.6875, y=104.0, z=51.40625}
 DistanceC: 21.790566185103742
Relative Position: LorenzVec{x=7.564188337976546, y=4.0, z=21.790566185103742}
 }
22:27:42 `Chicken`352050 missed {
 is already Found: false).
 Position: LorenzVec{x=1.53125, y=104.0, z=51.53125}
 DistanceC: 21.915566185103742
Relative Position: LorenzVec{x=9.782938337976546, y=4.0, z=21.915566185103742}
 }
22:27:49 `Chicken`363804 missed {
 is already Found: false).
 Position: LorenzVec{x=1.4375, y=104.0, z=51.5625}
 DistanceC: 21.946816185103742
Relative Position: LorenzVec{x=9.689188337976546, y=4.0, z=21.946816185103742}
 }
22:28:06 `Chicken`407048 missed {
 is already Found: false).
 Position: LorenzVec{x=0.5, y=104.0, z=51.5}
 DistanceC: 21.884316185103742
Relative Position: LorenzVec{x=8.751688337976546, y=4.0, z=21.884316185103742}
 }
22:28:17 `Chicken`391068 missed {
 is already Found: false).
 Position: LorenzVec{x=1.5625, y=104.0, z=51.4375}
 DistanceC: 21.821816185103742
Relative Position: LorenzVec{x=9.814188337976546, y=4.0, z=21.821816185103742}
 }
22:29:17 `Chicken`431343 missed {
 is already Found: false).
 Position: LorenzVec{x=1.4375, y=104.0, z=51.5625}
 DistanceC: 21.946816185103742
Relative Position: LorenzVec{x=9.689188337976546, y=4.0, z=21.946816185103742}
 }
22:29:40 `Rabbit`432914 missed {
 is already Found: false).
 Position: LorenzVec{x=1.5625, y=104.30208333333334, z=51.23958333333333}
 DistanceC: 21.62389951843707
Relative Position: LorenzVec{x=9.814188337976546, y=4.302083333333343, z=21.62389951843707}
 }
22:29:54 `Chicken`463918 missed {
 is already Found: false).
 Position: LorenzVec{x=1.53125, y=104.0, z=51.5625}
 DistanceC: 21.946816185103742
Relative Position: LorenzVec{x=9.782938337976546, y=4.0, z=21.946816185103742}
 }
22:29:58 `Enderman`425515 missed {
 is already Found: false).
 Position: LorenzVec{x=-0.59375, y=100.0, z=51.40625}
 DistanceC: 21.790566185103742
Relative Position: LorenzVec{x=7.657938337976546, y=0.0, z=21.790566185103742}
 }
22:30:27 `Chicken`474946 missed {
 is already Found: false).
 Position: LorenzVec{x=1.46875, y=104.0, z=51.4375}
 DistanceC: 21.821816185103742
Relative Position: LorenzVec{x=9.720438337976546, y=4.0, z=21.821816185103742}
 }
22:30:30 `Enderman`227788 missed {
 is already Found: false).
 Position: LorenzVec{x=-4.0, y=75.0, z=51.25}
 DistanceC: 21.634316185103742
Relative Position: LorenzVec{x=4.251688337976546, y=-25.0, z=21.634316185103742}
 }
22:30:37 `Cow`493411 missed {
 is already Found: false).
 Position: LorenzVec{x=-1.96875, y=104.0, z=51.5}
 DistanceC: 21.884316185103742
Relative Position: LorenzVec{x=6.282938337976546, y=4.0, z=21.884316185103742}
 }
22:30:49 `Chicken`485917 missed {
 is already Found: false).
 Position: LorenzVec{x=-2.53125, y=104.0, z=51.46875}
 DistanceC: 21.853066185103742
Relative Position: LorenzVec{x=5.720438337976546, y=4.0, z=21.853066185103742}
 }
22:30:53 `Rabbit`477585 missed {
 is already Found: false).
 Position: LorenzVec{x=1.46875, y=105.15625, z=51.5}
 DistanceC: 21.884316185103742
Relative Position: LorenzVec{x=9.720438337976546, y=5.15625, z=21.884316185103742}
 }
22:30:58 `Rabbit`208928 missed {
 is already Found: false).
 Position: LorenzVec{x=1.34375, y=104.0, z=51.25}
 DistanceC: 21.634316185103742
Relative Position: LorenzVec{x=9.595438337976546, y=4.0, z=21.634316185103742}
 }
22:31:03 `Chicken`517821 missed {
 is already Found: false).
 Position: LorenzVec{x=-1.5, y=104.0, z=51.5}
 DistanceC: 21.884316185103742
Relative Position: LorenzVec{x=6.751688337976546, y=4.0, z=21.884316185103742}
 }
22:31:39 `Chicken`538893 missed {
 is already Found: false).
 Position: LorenzVec{x=1.375, y=104.0, z=51.46875}
 DistanceC: 21.853066185103742
Relative Position: LorenzVec{x=9.626688337976546, y=4.0, z=21.853066185103742}
 }
22:31:50 `Rabbit`521660 missed {
 is already Found: false).
 Position: LorenzVec{x=-2.0625, y=104.0, z=51.5}
 DistanceC: 21.884316185103742
Relative Position: LorenzVec{x=6.189188337976546, y=4.0, z=21.884316185103742}
 }
22:31:56 `Chicken`545828 missed {
 is already Found: false).
 Position: LorenzVec{x=-0.5, y=104.0, z=51.5}
 DistanceC: 21.884316185103742
Relative Position: LorenzVec{x=7.751688337976546, y=4.0, z=21.884316185103742}
 }
22:32:23 `Chicken`551653 missed {
 is already Found: false).
 Position: LorenzVec{x=1.46875, y=104.0, z=51.4375}
 DistanceC: 21.821816185103742
Relative Position: LorenzVec{x=9.720438337976546, y=4.0, z=21.821816185103742}
 }
22:32:30 `Enderman`330360 missed {
 is already Found: false).
 Position: LorenzVec{x=-1.5, y=100.0, z=51.4375}
 DistanceC: 21.821816185103742
Relative Position: LorenzVec{x=6.751688337976546, y=0.0, z=21.821816185103742}
 }
22:32:48 `Enderman`555036 missed {
 is already Found: false).
 Position: LorenzVec{x=-2.375, y=100.0, z=52.53125}
 DistanceC: 20.187283379393392
Relative Position: LorenzVec{x=5.571782988676118, y=0.0, z=20.187283379393392}
 }
22:32:48 `Chicken`558015 missed {
 is already Found: false).
 Position: LorenzVec{x=-0.5, y=104.0, z=52.5}
 DistanceC: 20.156033379393392
Relative Position: LorenzVec{x=7.446782988676118, y=4.0, z=20.156033379393392}
 }
22:32:48 `Enderman`308668 missed {
 is already Found: false).
 Position: LorenzVec{x=-1.28125, y=100.0, z=53.09375}
 DistanceC: 20.749783379393392
Relative Position: LorenzVec{x=6.665532988676118, y=0.0, z=20.749783379393392}
 }
22:32:48 `Enderman`546246 missed {
 is already Found: false).
 Position: LorenzVec{x=-0.5, y=100.0, z=52.125}
 DistanceC: 19.781033379393392
Relative Position: LorenzVec{x=7.446782988676118, y=0.0, z=19.781033379393392}
 }
22:32:52 `Enderman`564032 missed {
 is already Found: false).
 Position: LorenzVec{x=-1.5, y=100.0, z=53.5}
 DistanceC: 21.156033379393392
Relative Position: LorenzVec{x=6.446782988676118, y=0.0, z=21.156033379393392}
 }
22:32:53 `Enderman`507353 missed {
 is already Found: false).
 Position: LorenzVec{x=-2.375, y=100.0, z=52.59375}
 DistanceC: 20.249783379393392
Relative Position: LorenzVec{x=5.571782988676118, y=0.0, z=20.249783379393392}
 }
22:32:53 `Chicken`563501 missed {
 is already Found: false).
 Position: LorenzVec{x=-0.03125, y=104.0, z=53.9375}
 DistanceC: 21.593533379393392
Relative Position: LorenzVec{x=7.915532988676118, y=4.0, z=21.593533379393392}
 }
22:32:55 `Chicken`441875 missed {
 is already Found: false).
 Position: LorenzVec{x=-2.46875, y=104.0, z=51.4375}
 DistanceC: 19.093533379393392
Relative Position: LorenzVec{x=5.478032988676118, y=4.0, z=19.093533379393392}
 }
22:32:56 `Enderman`351700 missed {
 is already Found: false).
 Position: LorenzVec{x=-0.625, y=100.0, z=53.4375}
 DistanceC: 21.093533379393392
Relative Position: LorenzVec{x=7.321782988676118, y=0.0, z=21.093533379393392}
 }
22:32:57 `Cow`554762 missed {
 is already Found: false).
 Position: LorenzVec{x=-1.96875, y=104.0, z=51.625}
 DistanceC: 19.281033379393392
Relative Position: LorenzVec{x=5.978032988676118, y=4.0, z=19.281033379393392}
 }
22:35:11 `Chicken`604190 missed {
 is already Found: false).
 Position: LorenzVec{x=-2.5, y=104.0, z=53.5}
 DistanceC: 17.588542807178634
Relative Position: LorenzVec{x=-8.259200884372007, y=4.0, z=17.588542807178634}
 }
22:35:19 `Cow`605245 missed {
 is already Found: false).
 Position: LorenzVec{x=0.8229166666666666, y=104.875, z=54.166666666666664}
 DistanceC: 16.13126993064786
Relative Position: LorenzVec{x=10.674137365693664, y=4.875, z=16.13126993064786}
 }
22:35:26 `Blaze`599408 missed {
 is already Found: false).
 Position: LorenzVec{x=33.0, y=106.0, z=8.75}
 DistanceC: 19.088020030337557
Relative Position: LorenzVec{x=14.046698486551605, y=4.0, z=-19.088020030337557}
 }
22:35:27 `Blaze`562899 missed {
 is already Found: false).
 Position: LorenzVec{x=38.09375, y=107.15625, z=10.5}
 DistanceC: 19.140448486551605
Relative Position: LorenzVec{x=19.140448486551605, y=5.15625, z=-17.338020030337557}
 }
22:35:27 `Blaze`583310 missed {
 is already Found: false).
 Position: LorenzVec{x=38.0, y=106.0, z=8.25}
 DistanceC: 19.588020030337557
Relative Position: LorenzVec{x=19.046698486551605, y=4.0, z=-19.588020030337557}
 }
22:35:27 `Blaze`599407 missed {
 is already Found: false).
 Position: LorenzVec{x=38.0, y=106.0, z=8.71875}
 DistanceC: 19.119270030337557
Relative Position: LorenzVec{x=19.046698486551605, y=4.0, z=-19.119270030337557}
 }
22:35:27 `Blaze`574946 missed {
 is already Found: false).
 Position: LorenzVec{x=38.03125, y=106.0, z=10.25}
 DistanceC: 19.077948486551605
Relative Position: LorenzVec{x=19.077948486551605, y=4.0, z=-17.588020030337557}
 }
22:35:27 `Blaze`599391 missed {
 is already Found: false).
 Position: LorenzVec{x=38.0, y=106.0, z=10.25}
 DistanceC: 19.046698486551605
Relative Position: LorenzVec{x=19.046698486551605, y=4.0, z=-17.588020030337557}
 }
22:35:28 `Blaze`574926 missed {
 is already Found: false).
 Position: LorenzVec{x=36.979166666666664, y=106.0, z=7.635416666666667}
 DistanceC: 20.20260336367089
Relative Position: LorenzVec{x=18.02586515321827, y=4.0, z=-20.20260336367089}
 }
22:35:28 `Blaze`587378 missed {
 is already Found: false).
 Position: LorenzVec{x=38.40625, y=106.875, z=7.28125}
 DistanceC: 20.556770030337557
Relative Position: LorenzVec{x=19.452948486551605, y=4.875, z=-20.556770030337557}
 }
22:35:28 `Blaze`562900 missed {
 is already Found: false).
 Position: LorenzVec{x=39.25, y=106.0, z=9.28125}
 DistanceC: 20.296698486551605
Relative Position: LorenzVec{x=20.296698486551605, y=4.0, z=-18.556770030337557}
 }
22:35:28 `Blaze`572167 missed {
 is already Found: false).
 Position: LorenzVec{x=39.11458333333333, y=106.875, z=8.958333333333332}
 DistanceC: 20.161281819884934
Relative Position: LorenzVec{x=20.161281819884934, y=4.875, z=-18.879686697004225}
 }
22:35:28 `Blaze`596766 missed {
 is already Found: false).
 Position: LorenzVec{x=39.96875, y=106.0, z=7.75}
 DistanceC: 21.015448486551605
Relative Position: LorenzVec{x=21.015448486551605, y=4.0, z=-20.088020030337557}
 }
22:35:28 `Blaze`605210 missed {
 is already Found: false).
 Position: LorenzVec{x=39.25, y=106.0, z=7.5}
 DistanceC: 20.338020030337557
Relative Position: LorenzVec{x=20.296698486551605, y=4.0, z=-20.338020030337557}
 }
22:35:28 `Blaze`587795 missed {
 is already Found: false).
 Position: LorenzVec{x=38.5, y=106.0, z=6.75}
 DistanceC: 21.088020030337557
Relative Position: LorenzVec{x=19.546698486551605, y=4.0, z=-21.088020030337557}
 }
22:35:28 `Blaze`606396 missed {
 is already Found: false).
 Position: LorenzVec{x=39.5, y=106.875, z=6.09375}
 DistanceC: 21.744270030337557
Relative Position: LorenzVec{x=20.546698486551605, y=4.875, z=-21.744270030337557}
 }
22:35:28 `Blaze`574947 missed {
 is already Found: false).
 Position: LorenzVec{x=40.25, y=106.0, z=10.875}
 DistanceC: 21.296698486551605
Relative Position: LorenzVec{x=21.296698486551605, y=4.0, z=-16.963020030337557}
 }
22:35:28 `Blaze`587379 missed {
 is already Found: false).
 Position: LorenzVec{x=40.25, y=106.0, z=10.5}
 DistanceC: 21.296698486551605
Relative Position: LorenzVec{x=21.296698486551605, y=4.0, z=-17.338020030337557}
 }
22:35:28 `Blaze`576169 missed {
 is already Found: false).
 Position: LorenzVec{x=40.3125, y=106.0, z=8.375}
 DistanceC: 21.359198486551605
Relative Position: LorenzVec{x=21.359198486551605, y=4.0, z=-19.463020030337557}
 }
22:35:28 `Blaze`562884 missed {
 is already Found: false).
 Position: LorenzVec{x=40.5, y=106.0, z=7.03125}
 DistanceC: 21.546698486551605
Relative Position: LorenzVec{x=21.546698486551605, y=4.0, z=-20.806770030337557}
 }
22:35:28 `Blaze`586690 missed {
 is already Found: false).
 Position: LorenzVec{x=40.28125, y=106.0, z=6.25}
 DistanceC: 21.588020030337557
Relative Position: LorenzVec{x=21.327948486551605, y=4.0, z=-21.588020030337557}
 }
22:35:28 `Blaze`587358 missed {
 is already Found: false).
 Position: LorenzVec{x=40.5, y=106.0, z=11.5}
 DistanceC: 21.546698486551605
Relative Position: LorenzVec{x=21.546698486551605, y=4.0, z=-16.338020030337557}
 }
22:35:28 `Blaze`596805 missed {
 is already Found: false).
 Position: LorenzVec{x=40.4375, y=106.0, z=8.1875}
 DistanceC: 21.484198486551605
Relative Position: LorenzVec{x=21.484198486551605, y=4.0, z=-19.650520030337557}
 }
22:35:34 `Blaze`565584 missed {
 is already Found: false).
 Position: LorenzVec{x=32.34375, y=106.0, z=6.75}
 DistanceC: 21.088020030337557
Relative Position: LorenzVec{x=13.390448486551605, y=4.0, z=-21.088020030337557}
 }
22:35:36 `Blaze`611079 missed {
 is already Found: false).
 Position: LorenzVec{x=37.5, y=106.0, z=10.010416666666668}
 DistanceC: 18.546698486551605
Relative Position: LorenzVec{x=18.546698486551605, y=4.0, z=-17.82760336367089}
 }
22:35:36 `Blaze`611084 missed {
 is already Found: false).
 Position: LorenzVec{x=37.53125, y=106.0, z=9.375}
 DistanceC: 18.577948486551605
Relative Position: LorenzVec{x=18.577948486551605, y=4.0, z=-18.463020030337557}
 }
22:35:36 `Blaze`611088 missed {
 is already Found: false).
 Position: LorenzVec{x=39.25, y=106.0, z=7.5}
 DistanceC: 20.338020030337557
Relative Position: LorenzVec{x=20.296698486551605, y=4.0, z=-20.338020030337557}
 }
22:35:40 `Blaze`604284 missed {
 is already Found: false).
 Position: LorenzVec{x=38.09375, y=106.0, z=6.15625}
 DistanceC: 21.681770030337557
Relative Position: LorenzVec{x=19.140448486551605, y=4.0, z=-21.681770030337557}
 }
22:35:49 `Blaze`614616 missed {
 is already Found: false).
 Position: LorenzVec{x=40.25, y=106.0, z=6.5}
 DistanceC: 21.338020030337557
Relative Position: LorenzVec{x=21.296698486551605, y=4.0, z=-21.338020030337557}
 }
22:35:51 `Ghast`615301 missed {
 is already Found: false).
 Position: LorenzVec{x=32.5, y=108.0, z=7.5}
 DistanceC: 20.338020030337557
Relative Position: LorenzVec{x=13.546698486551605, y=6.0, z=-20.338020030337557}
 }
22:35:52 `Blaze`593894 missed {
 is already Found: false).
 Position: LorenzVec{x=40.09375, y=106.0, z=6.65625}
 DistanceC: 21.181770030337557
Relative Position: LorenzVec{x=21.140448486551605, y=4.0, z=-21.181770030337557}
 }
22:35:53 `Blaze`614035 missed {
 is already Found: false).
 Position: LorenzVec{x=36.78125, y=106.0, z=7.4375}
 DistanceC: 20.400520030337557
Relative Position: LorenzVec{x=17.827948486551605, y=4.0, z=-20.400520030337557}
 }
22:36:29 `Blaze`599408 missed {
 is already Found: false).
 Position: LorenzVec{x=30.46875, y=106.0, z=9.3125}
 DistanceC: 21.91554777229963
Relative Position: LorenzVec{x=21.91554777229963, y=3.0, z=-10.863339568944351}
 }
22:36:51 `§bSam `209317 missed {
 is already Found: false).
 Position: LorenzVec{x=6.5, y=99.0, z=20.5}
 DistanceC: 22.0
Relative Position: LorenzVec{x=0.0, y=-1.0, z=-22.0}
 }
22:38:02 `Cow`660313 missed {
 is already Found: false).
 Position: LorenzVec{x=0.5, y=104.0, z=54.5}
 DistanceC: 15.040620922543177
Relative Position: LorenzVec{x=-5.440361779972712, y=4.0, z=15.040620922543177}
 }
22:38:09 `Chicken`662212 missed {
 is already Found: false).
 Position: LorenzVec{x=0.5, y=104.875, z=55.5}
 DistanceC: 16.040620922543177
Relative Position: LorenzVec{x=-5.440361779972712, y=4.875, z=16.040620922543177}
 }
22:38:14 `Rabbit`663543 missed {
 is already Found: false).
 Position: LorenzVec{x=2.53125, y=106.25, z=55.4375}
 DistanceC: 15.978120922543177
Relative Position: LorenzVec{x=-3.4091117799727124, y=6.25, z=15.978120922543177}
 }
22:38:29 `Cow`667859 missed {
 is already Found: false).
 Position: LorenzVec{x=0.5, y=104.0, z=56.5}
 DistanceC: 17.040620922543177
Relative Position: LorenzVec{x=-5.440361779972712, y=4.0, z=17.040620922543177}
 }
22:38:38 `Enderman`670262 missed {
 is already Found: false).
 Position: LorenzVec{x=1.0520833333333335, y=100.0, z=56.38541666666667}
 DistanceC: 16.926037589209848
Relative Position: LorenzVec{x=-4.888278446639379, y=0.0, z=16.926037589209848}
 }
22:38:42 `Cow`671815 missed {
 is already Found: false).
 Position: LorenzVec{x=1.5, y=104.0, z=56.5}
 DistanceC: 17.040620922543177
Relative Position: LorenzVec{x=-4.440361779972712, y=4.0, z=17.040620922543177}
 }
22:38:44 `Chicken`672611 missed {
 is already Found: false).
 Position: LorenzVec{x=-1.5, y=104.0, z=54.5}
 DistanceC: 15.040620922543177
Relative Position: LorenzVec{x=-7.440361779972712, y=4.0, z=15.040620922543177}
 }
22:39:02 `Rabbit`679528 missed {
 is already Found: false).
 Position: LorenzVec{x=-1.5, y=104.0, z=56.5}
 DistanceC: 17.040620922543177
Relative Position: LorenzVec{x=-7.440361779972712, y=4.0, z=17.040620922543177}
 }
22:39:09 `Cow`682157 missed {
 is already Found: false).
 Position: LorenzVec{x=-2.28125, y=104.0, z=56.0625}
 DistanceC: 16.603120922543177
Relative Position: LorenzVec{x=-8.221611779972712, y=4.0, z=16.603120922543177}
 }
22:39:22 `Cow`687095 missed {
 is already Found: false).
 Position: LorenzVec{x=-0.5, y=104.0, z=55.5}
 DistanceC: 16.040620922543177
Relative Position: LorenzVec{x=-6.440361779972712, y=4.0, z=16.040620922543177}
 }
22:39:40 `Enderman`694381 missed {
 is already Found: false).
 Position: LorenzVec{x=0.5, y=100.0, z=55.5}
 DistanceC: 16.040620922543177
Relative Position: LorenzVec{x=-5.440361779972712, y=0.0, z=16.040620922543177}
 }
22:40:02 `Cow`703165 missed {
 is already Found: false).
 Position: LorenzVec{x=-1.5, y=104.0, z=55.5}
 DistanceC: 16.040620922543177
Relative Position: LorenzVec{x=-7.440361779972712, y=4.0, z=16.040620922543177}
 }
22:40:12 `Enderman`707056 missed {
 is already Found: false).
 Position: LorenzVec{x=-2.0, y=100.0, z=54.71875}
 DistanceC: 15.259370922543177
Relative Position: LorenzVec{x=-7.940361779972712, y=0.0, z=15.259370922543177}
 }
22:40:15 `Rabbit`708167 missed {
 is already Found: false).
 Position: LorenzVec{x=-1.5, y=104.0, z=56.5}
 DistanceC: 17.040620922543177
Relative Position: LorenzVec{x=-7.440361779972712, y=4.0, z=17.040620922543177}
 }
22:40:15 `Cow`708342 missed {
 is already Found: false).
 Position: LorenzVec{x=1.5, y=104.0, z=56.5}
 DistanceC: 17.040620922543177
Relative Position: LorenzVec{x=-4.440361779972712, y=4.0, z=17.040620922543177}
 }
22:40:29 `Cow`713509 missed {
 is already Found: false).
 Position: LorenzVec{x=0.5, y=104.0, z=56.5}
 DistanceC: 17.040620922543177
Relative Position: LorenzVec{x=-5.440361779972712, y=4.0, z=17.040620922543177}
 }
22:40:30 `Chicken`714263 missed {
 is already Found: false).
 Position: LorenzVec{x=0.5, y=104.875, z=55.5}
 DistanceC: 16.040620922543177
Relative Position: LorenzVec{x=-5.440361779972712, y=4.875, z=16.040620922543177}
 }
22:40:39 `Rabbit`717485 missed {
 is already Found: false).
 Position: LorenzVec{x=0.5, y=104.875, z=55.5}
 DistanceC: 16.040620922543177
Relative Position: LorenzVec{x=-5.440361779972712, y=4.875, z=16.040620922543177}
 }
22:40:42 `Cow`718798 missed {
 is already Found: false).
 Position: LorenzVec{x=-2.5, y=104.0, z=55.5}
 DistanceC: 16.040620922543177
Relative Position: LorenzVec{x=-8.440361779972712, y=4.0, z=16.040620922543177}
 }
22:40:55 `Cow`723856 missed {
 is already Found: false).
 Position: LorenzVec{x=-2.5, y=104.0, z=55.5}
 DistanceC: 16.040620922543177
Relative Position: LorenzVec{x=-8.440361779972712, y=4.0, z=16.040620922543177}
 }
22:40:58 `Enderman`724827 missed {
 is already Found: false).
 Position: LorenzVec{x=-0.75, y=100.0, z=55.40625}
 DistanceC: 15.946870922543177
Relative Position: LorenzVec{x=-6.690361779972712, y=0.0, z=15.946870922543177}
 }
22:41:15 `Enderman`731674 missed {
 is already Found: false).
 Position: LorenzVec{x=-1.5, y=100.0, z=56.5}
 DistanceC: 15.642565822759565
Relative Position: LorenzVec{x=-10.91494807687959, y=0.0, z=15.642565822759565}
 }
22:41:49 `Cow`745355 missed {
 is already Found: false).
 Position: LorenzVec{x=0.5, y=104.0, z=57.5}
 DistanceC: 16.642565822759565
Relative Position: LorenzVec{x=-8.91494807687959, y=4.0, z=16.642565822759565}
 }
22:42:02 `Cow`750812 missed {
 is already Found: false).
 Position: LorenzVec{x=-2.5, y=104.0, z=57.5}
 DistanceC: 16.642565822759565
Relative Position: LorenzVec{x=-11.91494807687959, y=4.0, z=16.642565822759565}
 }
22:42:29 `Cow`761265 missed {
 is already Found: false).
 Position: LorenzVec{x=1.5, y=104.0, z=54.5}
 DistanceC: 16.045627866256943
Relative Position: LorenzVec{x=-9.243580803959873, y=4.0, z=16.045627866256943}
 }
22:43:27 `§bSam `209317 missed {
 is already Found: false).
 Position: LorenzVec{x=6.5, y=99.0, z=20.5}
 DistanceC: 12.7524437866239
Relative Position: LorenzVec{x=-2.2012990417884737, y=-5.676932213130129, z=-12.7524437866239}
 }
22:44:17 `Rabbit`805424 missed {
 is already Found: false).
 Position: LorenzVec{x=-0.5, y=104.0, z=56.5}
 DistanceC: 20.587063503387142
Relative Position: LorenzVec{x=-9.989689841582475, y=4.0, z=20.587063503387142}
 }
22:44:18 `Cow`804699 missed {
 is already Found: false).
 Position: LorenzVec{x=-0.5, y=104.0, z=57.5}
 DistanceC: 21.092487893965156
Relative Position: LorenzVec{x=-8.338569920022536, y=4.0, z=21.092487893965156}
 }
22:45:25 `Enderman`227788 missed {
 is already Found: false).
 Position: LorenzVec{x=10.84375, y=74.5, z=50.5625}
 DistanceC: 20.04530084410621
Relative Position: LorenzVec{x=20.04530084410621, y=-35.00196419743126, z=-0.10998182057920047}
 }
22:45:35 `Blaze`799889 missed {
 is already Found: false).
 Position: LorenzVec{x=30.65625, y=106.0, z=10.28125}
 DistanceC: 21.307604784233316
Relative Position: LorenzVec{x=21.307604784233316, y=-0.7734327545623643, z=4.314302160875565}
 }
22:45:36 `Blaze`782637 missed {
 is already Found: false).
 Position: LorenzVec{x=31.5, y=106.0, z=11.0}
 DistanceC: 21.831278508175725
Relative Position: LorenzVec{x=21.831278508175725, y=4.058799960827827, z=10.214839791247407}
 }
22:45:49 `Enderman`227788 missed {
 is already Found: false).
 Position: LorenzVec{x=12.4375, y=74.5, z=50.3125}
 DistanceC: 16.988302751632432
Relative Position: LorenzVec{x=11.40330891390501, y=-29.75554316975041, z=16.988302751632432}
 }
22:46:15 `Enderman`227788 missed {
 is already Found: false).
 Position: LorenzVec{x=11.625, y=74.0, z=51.71875}
 DistanceC: 16.475347097999173
Relative Position: LorenzVec{x=16.475347097999173, y=-29.005328813460707, z=2.3322417872902506}
 }
22:46:51 `Enderman`227788 missed {
 is already Found: false).
 Position: LorenzVec{x=13.09375, y=74.0, z=51.5}
 DistanceC: 21.46127909345708
Relative Position: LorenzVec{x=21.46127909345708, y=-36.966470789652504, z=12.966851567583682}
 }
22:46:55 `Rabbit`859391 missed {
 is already Found: false).
 Position: LorenzVec{x=2.5, y=104.0, z=55.5}
 DistanceC: 15.35329779038016
Relative Position: LorenzVec{x=-3.403871308849956, y=4.0, z=15.35329779038016}
 }
22:47:22 `Cow`867806 missed {
 is already Found: false).
 Position: LorenzVec{x=-0.5, y=104.875, z=54.5}
 DistanceC: 19.47989296782434
Relative Position: LorenzVec{x=19.47989296782434, y=4.875, z=8.388414859427087}
 }
22:47:25 `Enderman`868492 missed {
 is already Found: false).
 Position: LorenzVec{x=-0.25, y=100.0, z=53.0}
 DistanceC: 19.72989296782434
Relative Position: LorenzVec{x=19.72989296782434, y=0.0, z=6.888414859427087}
 }
22:47:36 `Cow`872131 missed {
 is already Found: false).
 Position: LorenzVec{x=1.5, y=104.0, z=54.5}
 DistanceC: 15.079027767025323
Relative Position: LorenzVec{x=15.079027767025323, y=4.0, z=9.882089263908647}
 }
22:47:44 `Rabbit`874912 missed {
 is already Found: false).
 Position: LorenzVec{x=1.5, y=104.0, z=52.5}
 DistanceC: 15.079027767025323
Relative Position: LorenzVec{x=15.079027767025323, y=4.0, z=7.882089263908647}
 }
