23:41:00 [EMPTY] §f §r§r§r§f §r§r§r§1 §r§r§r§0 §r§r§r§2 §r§r§r§f §r§r§r§f §r§r§r§2 §r§r§r§0 §r§r§r§4 §r§r§r§3 §r§r§r§9 §r§r§r§2 §r§r§r§0 §r§r§r§0 §r§r§r§3 §r§r§r§9 §r§r§r§2 §r§r§r§0 §r§r§r§0 §r§r§r§3 §r§r§r§9 §r§r§r§2 §r§r§r§0 §r§r§r§0 
23:41:00 [EMPTY] 
23:41:09 [EMPTY] §8 §r§8 §r§1 §r§3 §r§3 §r§7 §r§8 
23:41:11 [EMPTY] 
23:41:11 [EMPTY] 
23:41:12 [EMPTY]  
23:41:12 [STASH_COMPACT] §f               §7You have §310,595 §7materials stashed away!
23:41:12 [STASH_COMPACT] §f              §8(This totals 2 types of materials stashed!)
23:41:12 [STASH_COMPACT] §f                §3§l>>> §3§lCLICK HERE§b to pick them up! §3§l<<<
23:41:12 [EMPTY]   
23:41:13 [EMPTY]  
23:41:13 [STASH_COMPACT] §f               §7You have §310,595 §7materials stashed away!
23:41:13 [STASH_COMPACT] §f              §8(This totals 2 types of materials stashed!)
23:41:13 [STASH_COMPACT] §f                §3§l>>> §3§lCLICK HERE§b to pick them up! §3§l<<<
23:41:13 [EMPTY]   
23:41:13 [SKYMALL] §bNew day! §r§eYour §r§2Sky Mall §r§ebuff changed!
23:41:13 [SKYMALL] §eNew buff§r§r§r: §r§fGain §r§6+50☘ Mining Fortune§r§f.
23:41:13 [SKYMALL] §8§oYou can disable this messaging by toggling Sky Mall in your /hotm!
23:42:14 [EMPTY]  
23:42:14 [STASH_COMPACT] §f               §7You have §310,595 §7materials stashed away!
23:42:14 [STASH_COMPACT] §f              §8(This totals 2 types of materials stashed!)
23:42:14 [STASH_COMPACT] §f                §3§l>>> §3§lCLICK HERE§b to pick them up! §3§l<<<
23:42:14 [EMPTY]   
23:43:14 [EMPTY]  
23:43:14 [STASH_COMPACT] §f               §7You have §310,595 §7materials stashed away!
23:43:14 [STASH_COMPACT] §f              §8(This totals 2 types of materials stashed!)
23:43:14 [STASH_COMPACT] §f                §3§l>>> §3§lCLICK HERE§b to pick them up! §3§l<<<
23:43:14 [EMPTY]   
23:44:14 [EMPTY]  
23:44:14 [STASH_COMPACT] §f               §7You have §310,595 §7materials stashed away!
23:44:14 [STASH_COMPACT] §f              §8(This totals 2 types of materials stashed!)
23:44:14 [STASH_COMPACT] §f                §3§l>>> §3§lCLICK HERE§b to pick them up! §3§l<<<
23:44:14 [EMPTY]   
23:45:14 [EMPTY]  
23:45:14 [STASH_COMPACT] §f               §7You have §310,595 §7materials stashed away!
23:45:14 [STASH_COMPACT] §f              §8(This totals 2 types of materials stashed!)
23:45:14 [STASH_COMPACT] §f                §3§l>>> §3§lCLICK HERE§b to pick them up! §3§l<<<
23:45:14 [EMPTY]   
23:46:14 [EMPTY]  
23:46:14 [STASH_COMPACT] §f               §7You have §310,595 §7materials stashed away!
23:46:14 [STASH_COMPACT] §f              §8(This totals 2 types of materials stashed!)
23:46:14 [STASH_COMPACT] §f                §3§l>>> §3§lCLICK HERE§b to pick them up! §3§l<<<
23:46:14 [EMPTY]   
23:47:14 [EMPTY]  
23:47:14 [STASH_COMPACT] §f               §7You have §310,595 §7materials stashed away!
23:47:14 [STASH_COMPACT] §f              §8(This totals 2 types of materials stashed!)
23:47:14 [STASH_COMPACT] §f                §3§l>>> §3§lCLICK HERE§b to pick them up! §3§l<<<
23:47:14 [EMPTY]   
23:48:14 [EMPTY]  
23:48:14 [STASH_COMPACT] §f               §7You have §310,595 §7materials stashed away!
23:48:14 [STASH_COMPACT] §f              §8(This totals 2 types of materials stashed!)
23:48:14 [STASH_COMPACT] §f                §3§l>>> §3§lCLICK HERE§b to pick them up! §3§l<<<
23:48:14 [EMPTY]   
23:49:14 [EMPTY]  
23:49:14 [STASH_COMPACT] §f               §7You have §310,595 §7materials stashed away!
23:49:14 [STASH_COMPACT] §f              §8(This totals 2 types of materials stashed!)
23:49:14 [STASH_COMPACT] §f                §3§l>>> §3§lCLICK HERE§b to pick them up! §3§l<<<
23:49:14 [EMPTY]   
23:50:14 [EMPTY]  
23:50:14 [STASH_COMPACT] §f               §7You have §310,595 §7materials stashed away!
23:50:14 [STASH_COMPACT] §f              §8(This totals 2 types of materials stashed!)
23:50:14 [STASH_COMPACT] §f                §3§l>>> §3§lCLICK HERE§b to pick them up! §3§l<<<
23:50:14 [EMPTY]   
23:51:15 [EMPTY]  
23:51:15 [STASH_COMPACT] §f               §7You have §310,595 §7materials stashed away!
23:51:15 [STASH_COMPACT] §f              §8(This totals 2 types of materials stashed!)
23:51:15 [STASH_COMPACT] §f                §3§l>>> §3§lCLICK HERE§b to pick them up! §3§l<<<
23:51:15 [EMPTY]   
23:52:15 [EMPTY]  
23:52:15 [STASH_COMPACT] §f               §7You have §310,595 §7materials stashed away!
23:52:15 [STASH_COMPACT] §f              §8(This totals 2 types of materials stashed!)
23:52:15 [STASH_COMPACT] §f                §3§l>>> §3§lCLICK HERE§b to pick them up! §3§l<<<
23:52:15 [EMPTY]   
23:53:15 [EMPTY]  
23:53:15 [STASH_COMPACT] §f               §7You have §310,595 §7materials stashed away!
23:53:15 [STASH_COMPACT] §f              §8(This totals 2 types of materials stashed!)
23:53:15 [STASH_COMPACT] §f                §3§l>>> §3§lCLICK HERE§b to pick them up! §3§l<<<
23:53:15 [EMPTY]   
23:54:15 [EMPTY]  
23:54:15 [STASH_COMPACT] §f               §7You have §310,595 §7materials stashed away!
23:54:15 [STASH_COMPACT] §f              §8(This totals 2 types of materials stashed!)
23:54:15 [STASH_COMPACT] §f                §3§l>>> §3§lCLICK HERE§b to pick them up! §3§l<<<
23:54:15 [EMPTY]   
23:55:00 [SKYMALL] §bNew day! §r§eYour §r§2Sky Mall §r§ebuff changed!
23:55:00 [SKYMALL] §eNew buff§r§r§r: §r§f§r§a-20%§r§f Pickaxe Ability cooldowns.
23:55:00 [SKYMALL] §8§oYou can disable this messaging by toggling Sky Mall in your /hotm!
23:55:15 [EMPTY]  
23:55:15 [STASH_COMPACT] §f               §7You have §310,595 §7materials stashed away!
23:55:15 [STASH_COMPACT] §f              §8(This totals 2 types of materials stashed!)
23:55:15 [STASH_COMPACT] §f                §3§l>>> §3§lCLICK HERE§b to pick them up! §3§l<<<
23:55:15 [EMPTY]   
23:56:15 [EMPTY]  
23:56:15 [STASH_COMPACT] §f               §7You have §310,595 §7materials stashed away!
23:56:15 [STASH_COMPACT] §f              §8(This totals 2 types of materials stashed!)
23:56:15 [STASH_COMPACT] §f                §3§l>>> §3§lCLICK HERE§b to pick them up! §3§l<<<
23:56:15 [EMPTY]   
23:57:15 [EMPTY]  
23:57:15 [STASH_COMPACT] §f               §7You have §310,595 §7materials stashed away!
23:57:15 [STASH_COMPACT] §f              §8(This totals 2 types of materials stashed!)
23:57:15 [STASH_COMPACT] §f                §3§l>>> §3§lCLICK HERE§b to pick them up! §3§l<<<
23:57:15 [EMPTY]   
23:58:16 [EMPTY]  
23:58:16 [STASH_COMPACT] §f               §7You have §310,595 §7materials stashed away!
23:58:16 [STASH_COMPACT] §f              §8(This totals 2 types of materials stashed!)
23:58:16 [STASH_COMPACT] §f                §3§l>>> §3§lCLICK HERE§b to pick them up! §3§l<<<
23:58:16 [EMPTY]   
23:59:16 [EMPTY]  
23:59:16 [STASH_COMPACT] §f               §7You have §310,595 §7materials stashed away!
23:59:16 [STASH_COMPACT] §f              §8(This totals 2 types of materials stashed!)
23:59:16 [STASH_COMPACT] §f                §3§l>>> §3§lCLICK HERE§b to pick them up! §3§l<<<
23:59:16 [EMPTY]   
00:00:16 [EMPTY]  
00:00:16 [STASH_COMPACT] §f               §7You have §310,595 §7materials stashed away!
00:00:16 [STASH_COMPACT] §f              §8(This totals 2 types of materials stashed!)
00:00:16 [STASH_COMPACT] §f                §3§l>>> §3§lCLICK HERE§b to pick them up! §3§l<<<
00:00:16 [EMPTY]   
00:01:16 [EMPTY]  
00:01:16 [STASH_COMPACT] §f               §7You have §310,595 §7materials stashed away!
00:01:16 [STASH_COMPACT] §f              §8(This totals 2 types of materials stashed!)
00:01:16 [STASH_COMPACT] §f                §3§l>>> §3§lCLICK HERE§b to pick them up! §3§l<<<
00:01:16 [EMPTY]   
00:02:16 [EMPTY]  
00:02:16 [STASH_COMPACT] §f               §7You have §310,595 §7materials stashed away!
00:02:16 [STASH_COMPACT] §f              §8(This totals 2 types of materials stashed!)
00:02:16 [STASH_COMPACT] §f                §3§l>>> §3§lCLICK HERE§b to pick them up! §3§l<<<
00:02:16 [EMPTY]   
00:03:16 [EMPTY]  
00:03:16 [STASH_COMPACT] §f               §7You have §310,595 §7materials stashed away!
00:03:16 [STASH_COMPACT] §f              §8(This totals 2 types of materials stashed!)
00:03:16 [STASH_COMPACT] §f                §3§l>>> §3§lCLICK HERE§b to pick them up! §3§l<<<
00:03:16 [EMPTY]   
00:04:17 [EMPTY]  
00:04:17 [STASH_COMPACT] §f               §7You have §310,595 §7materials stashed away!
00:04:17 [STASH_COMPACT] §f              §8(This totals 2 types of materials stashed!)
00:04:17 [STASH_COMPACT] §f                §3§l>>> §3§lCLICK HERE§b to pick them up! §3§l<<<
00:04:17 [EMPTY]   
00:05:17 [EMPTY]  
00:05:17 [STASH_COMPACT] §f               §7You have §310,595 §7materials stashed away!
00:05:17 [STASH_COMPACT] §f              §8(This totals 2 types of materials stashed!)
00:05:17 [STASH_COMPACT] §f                §3§l>>> §3§lCLICK HERE§b to pick them up! §3§l<<<
00:05:17 [EMPTY]   
00:06:17 [EMPTY]  
00:06:17 [STASH_COMPACT] §f               §7You have §310,595 §7materials stashed away!
00:06:17 [STASH_COMPACT] §f              §8(This totals 2 types of materials stashed!)
00:06:17 [STASH_COMPACT] §f                §3§l>>> §3§lCLICK HERE§b to pick them up! §3§l<<<
00:06:17 [EMPTY]   
00:07:17 [EMPTY]  
00:07:17 [STASH_COMPACT] §f               §7You have §310,595 §7materials stashed away!
00:07:17 [STASH_COMPACT] §f              §8(This totals 2 types of materials stashed!)
00:07:17 [STASH_COMPACT] §f                §3§l>>> §3§lCLICK HERE§b to pick them up! §3§l<<<
00:07:17 [EMPTY]   
00:08:17 [EMPTY]  
00:08:17 [STASH_COMPACT] §f               §7You have §310,595 §7materials stashed away!
00:08:17 [STASH_COMPACT] §f              §8(This totals 2 types of materials stashed!)
00:08:17 [STASH_COMPACT] §f                §3§l>>> §3§lCLICK HERE§b to pick them up! §3§l<<<
00:08:17 [EMPTY]   
00:09:18 [EMPTY]  
00:09:18 [STASH_COMPACT] §f               §7You have §310,595 §7materials stashed away!
00:09:18 [STASH_COMPACT] §f              §8(This totals 2 types of materials stashed!)
00:09:18 [STASH_COMPACT] §f                §3§l>>> §3§lCLICK HERE§b to pick them up! §3§l<<<
00:09:18 [EMPTY]   
00:10:18 [EMPTY]  
00:10:18 [STASH_COMPACT] §f               §7You have §310,595 §7materials stashed away!
00:10:18 [STASH_COMPACT] §f              §8(This totals 2 types of materials stashed!)
00:10:18 [STASH_COMPACT] §f                §3§l>>> §3§lCLICK HERE§b to pick them up! §3§l<<<
00:10:18 [EMPTY]   
00:11:18 [EMPTY]  
00:11:18 [STASH_COMPACT] §f               §7You have §310,595 §7materials stashed away!
00:11:18 [STASH_COMPACT] §f              §8(This totals 2 types of materials stashed!)
00:11:18 [STASH_COMPACT] §f                §3§l>>> §3§lCLICK HERE§b to pick them up! §3§l<<<
00:11:18 [EMPTY]   
00:12:18 [EMPTY]  
00:12:18 [STASH_COMPACT] §f               §7You have §310,595 §7materials stashed away!
00:12:18 [STASH_COMPACT] §f              §8(This totals 2 types of materials stashed!)
00:12:18 [STASH_COMPACT] §f                §3§l>>> §3§lCLICK HERE§b to pick them up! §3§l<<<
00:12:18 [EMPTY]   
00:13:18 [EMPTY]  
00:13:18 [STASH_COMPACT] §f               §7You have §310,595 §7materials stashed away!
00:13:18 [STASH_COMPACT] §f              §8(This totals 2 types of materials stashed!)
00:13:18 [STASH_COMPACT] §f                §3§l>>> §3§lCLICK HERE§b to pick them up! §3§l<<<
00:13:18 [EMPTY]   
00:14:19 [EMPTY]  
00:14:19 [STASH_COMPACT] §f               §7You have §310,595 §7materials stashed away!
00:14:19 [STASH_COMPACT] §f              §8(This totals 2 types of materials stashed!)
00:14:19 [STASH_COMPACT] §f                §3§l>>> §3§lCLICK HERE§b to pick them up! §3§l<<<
00:14:19 [EMPTY]   
00:15:00 [SKYMALL] §bNew day! §r§eYour §r§2Sky Mall §r§ebuff changed!
00:15:00 [SKYMALL] §eNew buff§r§r§r: §r§f§r§a-20%§r§f Pickaxe Ability cooldowns.
00:15:00 [SKYMALL] §8§oYou can disable this messaging by toggling Sky Mall in your /hotm!
00:15:19 [EMPTY]  
00:15:19 [STASH_COMPACT] §f               §7You have §310,595 §7materials stashed away!
00:15:19 [STASH_COMPACT] §f              §8(This totals 2 types of materials stashed!)
00:15:19 [STASH_COMPACT] §f                §3§l>>> §3§lCLICK HERE§b to pick them up! §3§l<<<
00:15:19 [EMPTY]   
00:16:09 [EMPTY] §8 §r§8 §r§1 §r§3 §r§3 §r§7 §r§8 
00:16:12 [EMPTY]  
00:16:12 [STASH_COMPACT] §f               §7You have §310,595 §7materials stashed away!
00:16:12 [STASH_COMPACT] §f              §8(This totals 2 types of materials stashed!)
00:16:12 [STASH_COMPACT] §f                §3§l>>> §3§lCLICK HERE§b to pick them up! §3§l<<<
00:16:12 [EMPTY]   
00:16:22 [EMPTY]  
00:16:22 [STASH_COMPACT] §f               §7You have §310,595 §7materials stashed away!
00:16:22 [STASH_COMPACT] §f              §8(This totals 2 types of materials stashed!)
00:16:22 [STASH_COMPACT] §f                §3§l>>> §3§lCLICK HERE§b to pick them up! §3§l<<<
00:16:22 [EMPTY]   
00:16:46 [EMPTY] 
00:17:16 [EMPTY] §8 §r§8 §r§1 §r§3 §r§3 §r§7 §r§8 
00:17:19 [EMPTY]  
00:17:19 [STASH_COMPACT] §f               §7You have §310,595 §7materials stashed away!
00:17:19 [STASH_COMPACT] §f              §8(This totals 2 types of materials stashed!)
00:17:19 [STASH_COMPACT] §f                §3§l>>> §3§lCLICK HERE§b to pick them up! §3§l<<<
00:17:19 [EMPTY]   
00:17:20 [EMPTY]  
00:17:20 [STASH_COMPACT] §f               §7You have §310,595 §7materials stashed away!
00:17:20 [STASH_COMPACT] §f              §8(This totals 2 types of materials stashed!)
00:17:20 [STASH_COMPACT] §f                §3§l>>> §3§lCLICK HERE§b to pick them up! §3§l<<<
00:17:20 [EMPTY]   
00:17:24 [EMPTY] §8 §r§8 §r§1 §r§3 §r§3 §r§7 §r§8 
00:17:28 [EMPTY]  
00:17:28 [STASH_COMPACT] §f               §7You have §310,595 §7materials stashed away!
00:17:28 [STASH_COMPACT] §f              §8(This totals 2 types of materials stashed!)
00:17:28 [STASH_COMPACT] §f                §3§l>>> §3§lCLICK HERE§b to pick them up! §3§l<<<
00:17:28 [EMPTY]   
00:18:19 [EMPTY]  
00:18:19 [STASH_COMPACT] §f               §7You have §310,595 §7materials stashed away!
00:18:19 [STASH_COMPACT] §f              §8(This totals 2 types of materials stashed!)
00:18:19 [STASH_COMPACT] §f                §3§l>>> §3§lCLICK HERE§b to pick them up! §3§l<<<
00:18:19 [EMPTY]   
00:19:20 [EMPTY]  
00:19:20 [STASH_COMPACT] §f               §7You have §310,595 §7materials stashed away!
00:19:20 [STASH_COMPACT] §f              §8(This totals 2 types of materials stashed!)
00:19:20 [STASH_COMPACT] §f                §3§l>>> §3§lCLICK HERE§b to pick them up! §3§l<<<
00:19:20 [EMPTY]   
00:20:22 [EMPTY]  
00:20:22 [STASH_COMPACT] §f               §7You have §310,595 §7materials stashed away!
00:20:22 [STASH_COMPACT] §f              §8(This totals 2 types of materials stashed!)
00:20:22 [STASH_COMPACT] §f                §3§l>>> §3§lCLICK HERE§b to pick them up! §3§l<<<
00:20:22 [EMPTY]   
00:21:24 [EMPTY]  
00:21:24 [STASH_COMPACT] §f               §7You have §310,595 §7materials stashed away!
00:21:24 [STASH_COMPACT] §f              §8(This totals 2 types of materials stashed!)
00:21:24 [STASH_COMPACT] §f                §3§l>>> §3§lCLICK HERE§b to pick them up! §3§l<<<
00:21:24 [EMPTY]   
00:22:24 [EMPTY]  
00:22:24 [STASH_COMPACT] §f               §7You have §310,595 §7materials stashed away!
00:22:24 [STASH_COMPACT] §f              §8(This totals 2 types of materials stashed!)
00:22:24 [STASH_COMPACT] §f                §3§l>>> §3§lCLICK HERE§b to pick them up! §3§l<<<
00:22:24 [EMPTY]   
00:23:26 [EMPTY]  
00:23:26 [STASH_COMPACT] §f               §7You have §310,595 §7materials stashed away!
00:23:26 [STASH_COMPACT] §f              §8(This totals 2 types of materials stashed!)
00:23:26 [STASH_COMPACT] §f                §3§l>>> §3§lCLICK HERE§b to pick them up! §3§l<<<
00:23:26 [EMPTY]   
00:24:27 [EMPTY]  
00:24:27 [STASH_COMPACT] §f               §7You have §310,595 §7materials stashed away!
00:24:27 [STASH_COMPACT] §f              §8(This totals 2 types of materials stashed!)
00:24:27 [STASH_COMPACT] §f                §3§l>>> §3§lCLICK HERE§b to pick them up! §3§l<<<
00:24:27 [EMPTY]   
00:25:29 [EMPTY]  
00:25:29 [STASH_COMPACT] §f               §7You have §310,595 §7materials stashed away!
00:25:29 [STASH_COMPACT] §f              §8(This totals 2 types of materials stashed!)
00:25:29 [STASH_COMPACT] §f                §3§l>>> §3§lCLICK HERE§b to pick them up! §3§l<<<
00:25:29 [EMPTY]   
00:26:30 [EMPTY]  
00:26:30 [STASH_COMPACT] §f               §7You have §310,595 §7materials stashed away!
00:26:30 [STASH_COMPACT] §f              §8(This totals 2 types of materials stashed!)
00:26:30 [STASH_COMPACT] §f                §3§l>>> §3§lCLICK HERE§b to pick them up! §3§l<<<
00:26:30 [EMPTY]   
00:27:32 [EMPTY]  
00:27:32 [STASH_COMPACT] §f               §7You have §310,595 §7materials stashed away!
00:27:32 [STASH_COMPACT] §f              §8(This totals 2 types of materials stashed!)
00:27:32 [STASH_COMPACT] §f                §3§l>>> §3§lCLICK HERE§b to pick them up! §3§l<<<
00:27:32 [EMPTY]   
00:28:33 [EMPTY]  
00:28:33 [STASH_COMPACT] §f               §7You have §310,595 §7materials stashed away!
00:28:33 [STASH_COMPACT] §f              §8(This totals 2 types of materials stashed!)
00:28:33 [STASH_COMPACT] §f                §3§l>>> §3§lCLICK HERE§b to pick them up! §3§l<<<
00:28:33 [EMPTY]   
00:29:35 [EMPTY]  
00:29:35 [STASH_COMPACT] §f               §7You have §310,595 §7materials stashed away!
00:29:35 [STASH_COMPACT] §f              §8(This totals 2 types of materials stashed!)
00:29:35 [STASH_COMPACT] §f                §3§l>>> §3§lCLICK HERE§b to pick them up! §3§l<<<
00:29:35 [EMPTY]   
00:30:36 [EMPTY]  
00:30:36 [STASH_COMPACT] §f               §7You have §310,595 §7materials stashed away!
00:30:36 [STASH_COMPACT] §f              §8(This totals 2 types of materials stashed!)
00:30:36 [STASH_COMPACT] §f                §3§l>>> §3§lCLICK HERE§b to pick them up! §3§l<<<
00:30:36 [EMPTY]   
00:30:41 [EMPTY] 
00:31:37 [EMPTY]  
00:31:37 [STASH_COMPACT] §f               §7You have §310,595 §7materials stashed away!
00:31:37 [STASH_COMPACT] §f              §8(This totals 2 types of materials stashed!)
00:31:37 [STASH_COMPACT] §f                §3§l>>> §3§lCLICK HERE§b to pick them up! §3§l<<<
00:31:37 [EMPTY]   
00:32:07 [EMPTY] §f                                        
00:32:39 [EMPTY]  
00:32:39 [STASH_COMPACT] §f               §7You have §310,595 §7materials stashed away!
00:32:39 [STASH_COMPACT] §f              §8(This totals 2 types of materials stashed!)
00:32:39 [STASH_COMPACT] §f                §3§l>>> §3§lCLICK HERE§b to pick them up! §3§l<<<
00:32:39 [EMPTY]   
00:33:40 [EMPTY]  
00:33:40 [STASH_COMPACT] §f               §7You have §310,595 §7materials stashed away!
00:33:40 [STASH_COMPACT] §f              §8(This totals 2 types of materials stashed!)
00:33:40 [STASH_COMPACT] §f                §3§l>>> §3§lCLICK HERE§b to pick them up! §3§l<<<
00:33:40 [EMPTY]   
00:34:42 [EMPTY]  
00:34:42 [STASH_COMPACT] §f               §7You have §310,595 §7materials stashed away!
00:34:42 [STASH_COMPACT] §f              §8(This totals 2 types of materials stashed!)
00:34:42 [STASH_COMPACT] §f                §3§l>>> §3§lCLICK HERE§b to pick them up! §3§l<<<
00:34:42 [EMPTY]   
00:35:43 [EMPTY]  
00:35:43 [STASH_COMPACT] §f               §7You have §310,595 §7materials stashed away!
00:35:43 [STASH_COMPACT] §f              §8(This totals 2 types of materials stashed!)
00:35:43 [STASH_COMPACT] §f                §3§l>>> §3§lCLICK HERE§b to pick them up! §3§l<<<
00:35:43 [EMPTY]   
00:36:44 [EMPTY]  
00:36:44 [STASH_COMPACT] §f               §7You have §310,595 §7materials stashed away!
00:36:44 [STASH_COMPACT] §f              §8(This totals 2 types of materials stashed!)
00:36:44 [STASH_COMPACT] §f                §3§l>>> §3§lCLICK HERE§b to pick them up! §3§l<<<
00:36:44 [EMPTY]   
00:37:45 [EMPTY]  
00:37:45 [STASH_COMPACT] §f               §7You have §310,595 §7materials stashed away!
00:37:45 [STASH_COMPACT] §f              §8(This totals 2 types of materials stashed!)
00:37:45 [STASH_COMPACT] §f                §3§l>>> §3§lCLICK HERE§b to pick them up! §3§l<<<
00:37:45 [EMPTY]   
00:38:05 [EMPTY]  
00:38:05 [BESTIARY] §f                                  §6§lBESTIARY
00:38:05 [BESTIARY] §f                          §b§lAutomaton §7§8XIII §8➡§b §bXIV
00:38:05 [BESTIARY] 
00:38:05 [BESTIARY] §f                                  §r§6§lREWARDS
00:38:05 [BESTIARY] §f                        §r§8+§r§a4 Automaton §r§b✯ Magic Find
00:38:05 [BESTIARY] §f                        §r§8+§r§a4 Automaton §r§c❁ Strength
00:38:05 [BESTIARY] §f                            §r§8+§r§62% §r§aAutomaton §r§7coins
00:38:05 [BESTIARY] §f                    §r§8+§r§a50% §r§7chance for extra XP orbs
00:38:05 [BESTIARY] §f                               §r§8+§r§b1 SkyBlock XP
00:38:05 [BESTIARY] 
00:38:05 [BESTIARY] §3§l▬▬▬▬▬▬▬▬▬▬▬▬▬▬▬▬▬▬▬▬▬▬▬▬▬▬▬▬▬▬▬▬▬▬▬▬▬▬▬▬▬▬▬▬▬▬▬▬▬▬▬▬▬▬▬▬▬▬▬▬▬▬▬▬
00:38:46 [EMPTY]  
00:38:46 [STASH_COMPACT] §f               §7You have §310,595 §7materials stashed away!
00:38:46 [STASH_COMPACT] §f              §8(This totals 2 types of materials stashed!)
00:38:46 [STASH_COMPACT] §f                §3§l>>> §3§lCLICK HERE§b to pick them up! §3§l<<<
00:38:46 [EMPTY]   
00:39:47 [EMPTY]  
00:39:47 [STASH_COMPACT] §f               §7You have §310,595 §7materials stashed away!
00:39:47 [STASH_COMPACT] §f              §8(This totals 2 types of materials stashed!)
00:39:47 [STASH_COMPACT] §f                §3§l>>> §3§lCLICK HERE§b to pick them up! §3§l<<<
00:39:47 [EMPTY]   
00:40:48 [EMPTY]  
00:40:48 [STASH_COMPACT] §f               §7You have §310,595 §7materials stashed away!
00:40:48 [STASH_COMPACT] §f              §8(This totals 2 types of materials stashed!)
00:40:48 [STASH_COMPACT] §f                §3§l>>> §3§lCLICK HERE§b to pick them up! §3§l<<<
00:40:48 [EMPTY]   
00:41:49 [EMPTY]  
00:41:49 [STASH_COMPACT] §f               §7You have §310,595 §7materials stashed away!
00:41:49 [STASH_COMPACT] §f              §8(This totals 2 types of materials stashed!)
00:41:49 [STASH_COMPACT] §f                §3§l>>> §3§lCLICK HERE§b to pick them up! §3§l<<<
00:41:49 [EMPTY]   
00:42:50 [EMPTY]  
00:42:50 [STASH_COMPACT] §f               §7You have §310,595 §7materials stashed away!
00:42:50 [STASH_COMPACT] §f              §8(This totals 2 types of materials stashed!)
00:42:50 [STASH_COMPACT] §f                §3§l>>> §3§lCLICK HERE§b to pick them up! §3§l<<<
00:42:50 [EMPTY]   
00:43:51 [EMPTY]  
00:43:51 [STASH_COMPACT] §f               §7You have §310,595 §7materials stashed away!
00:43:51 [STASH_COMPACT] §f              §8(This totals 2 types of materials stashed!)
00:43:51 [STASH_COMPACT] §f                §3§l>>> §3§lCLICK HERE§b to pick them up! §3§l<<<
00:43:51 [EMPTY]   
00:44:52 [EMPTY]  
00:44:52 [STASH_COMPACT] §f               §7You have §310,595 §7materials stashed away!
00:44:52 [STASH_COMPACT] §f              §8(This totals 2 types of materials stashed!)
00:44:52 [STASH_COMPACT] §f                §3§l>>> §3§lCLICK HERE§b to pick them up! §3§l<<<
00:44:52 [EMPTY]   
00:45:52 [EMPTY]  
00:45:52 [STASH_COMPACT] §f               §7You have §310,595 §7materials stashed away!
00:45:52 [STASH_COMPACT] §f              §8(This totals 2 types of materials stashed!)
00:45:52 [STASH_COMPACT] §f                §3§l>>> §3§lCLICK HERE§b to pick them up! §3§l<<<
00:45:52 [EMPTY]   
00:46:53 [EMPTY]  
00:46:53 [STASH_COMPACT] §f               §7You have §310,595 §7materials stashed away!
00:46:53 [STASH_COMPACT] §f              §8(This totals 2 types of materials stashed!)
00:46:53 [STASH_COMPACT] §f                §3§l>>> §3§lCLICK HERE§b to pick them up! §3§l<<<
00:46:53 [EMPTY]   
00:47:54 [EMPTY]  
00:47:54 [STASH_COMPACT] §f               §7You have §310,595 §7materials stashed away!
00:47:54 [STASH_COMPACT] §f              §8(This totals 2 types of materials stashed!)
00:47:54 [STASH_COMPACT] §f                §3§l>>> §3§lCLICK HERE§b to pick them up! §3§l<<<
00:47:54 [EMPTY]   
00:48:55 [EMPTY]  
00:48:55 [STASH_COMPACT] §f               §7You have §310,595 §7materials stashed away!
00:48:55 [STASH_COMPACT] §f              §8(This totals 2 types of materials stashed!)
00:48:55 [STASH_COMPACT] §f                §3§l>>> §3§lCLICK HERE§b to pick them up! §3§l<<<
00:48:55 [EMPTY]   
00:49:56 [EMPTY]  
00:49:56 [STASH_COMPACT] §f               §7You have §310,595 §7materials stashed away!
00:49:56 [STASH_COMPACT] §f              §8(This totals 2 types of materials stashed!)
00:49:56 [STASH_COMPACT] §f                §3§l>>> §3§lCLICK HERE§b to pick them up! §3§l<<<
00:49:56 [EMPTY]   
00:50:25 [EMPTY] 
00:50:57 [EMPTY]  
00:50:57 [STASH_COMPACT] §f               §7You have §310,595 §7materials stashed away!
00:50:57 [STASH_COMPACT] §f              §8(This totals 2 types of materials stashed!)
00:50:57 [STASH_COMPACT] §f                §3§l>>> §3§lCLICK HERE§b to pick them up! §3§l<<<
00:50:57 [EMPTY]   
00:51:57 [EMPTY]  
00:51:57 [STASH_COMPACT] §f               §7You have §310,595 §7materials stashed away!
00:51:57 [STASH_COMPACT] §f              §8(This totals 2 types of materials stashed!)
00:51:57 [STASH_COMPACT] §f                §3§l>>> §3§lCLICK HERE§b to pick them up! §3§l<<<
00:51:57 [EMPTY]   
00:52:14 [EMPTY] §f                                        
00:52:57 [EMPTY]  
00:52:57 [STASH_COMPACT] §f               §7You have §310,595 §7materials stashed away!
00:52:57 [STASH_COMPACT] §f              §8(This totals 2 types of materials stashed!)
00:52:57 [STASH_COMPACT] §f                §3§l>>> §3§lCLICK HERE§b to pick them up! §3§l<<<
00:52:57 [EMPTY]   
00:53:58 [EMPTY]  
00:53:58 [STASH_COMPACT] §f               §7You have §310,595 §7materials stashed away!
00:53:58 [STASH_COMPACT] §f              §8(This totals 2 types of materials stashed!)
00:53:58 [STASH_COMPACT] §f                §3§l>>> §3§lCLICK HERE§b to pick them up! §3§l<<<
00:53:58 [EMPTY]   
00:54:58 [EMPTY]  
00:54:58 [STASH_COMPACT] §f               §7You have §310,595 §7materials stashed away!
00:54:58 [STASH_COMPACT] §f              §8(This totals 2 types of materials stashed!)
00:54:58 [STASH_COMPACT] §f                §3§l>>> §3§lCLICK HERE§b to pick them up! §3§l<<<
00:54:58 [EMPTY]   
00:55:59 [EMPTY]  
00:55:59 [STASH_COMPACT] §f               §7You have §310,595 §7materials stashed away!
00:55:59 [STASH_COMPACT] §f              §8(This totals 2 types of materials stashed!)
00:55:59 [STASH_COMPACT] §f                §3§l>>> §3§lCLICK HERE§b to pick them up! §3§l<<<
00:55:59 [EMPTY]   
00:57:00 [EMPTY]  
00:57:00 [STASH_COMPACT] §f               §7You have §310,595 §7materials stashed away!
00:57:00 [STASH_COMPACT] §f              §8(This totals 2 types of materials stashed!)
00:57:00 [STASH_COMPACT] §f                §3§l>>> §3§lCLICK HERE§b to pick them up! §3§l<<<
00:57:00 [EMPTY]   
00:58:01 [EMPTY]  
00:58:01 [STASH_COMPACT] §f               §7You have §310,595 §7materials stashed away!
00:58:01 [STASH_COMPACT] §f              §8(This totals 2 types of materials stashed!)
00:58:01 [STASH_COMPACT] §f                §3§l>>> §3§lCLICK HERE§b to pick them up! §3§l<<<
00:58:01 [EMPTY]   
00:59:02 [EMPTY]  
00:59:02 [STASH_COMPACT] §f               §7You have §310,595 §7materials stashed away!
00:59:02 [STASH_COMPACT] §f              §8(This totals 2 types of materials stashed!)
00:59:02 [STASH_COMPACT] §f                §3§l>>> §3§lCLICK HERE§b to pick them up! §3§l<<<
00:59:02 [EMPTY]   
01:00:03 [EMPTY]  
01:00:03 [STASH_COMPACT] §f               §7You have §310,595 §7materials stashed away!
01:00:03 [STASH_COMPACT] §f              §8(This totals 2 types of materials stashed!)
01:00:03 [STASH_COMPACT] §f                §3§l>>> §3§lCLICK HERE§b to pick them up! §3§l<<<
01:00:03 [EMPTY]   
01:00:20 [EMPTY] §f
01:00:20 [EMPTY] §c
01:01:04 [EMPTY]  
01:01:04 [STASH_COMPACT] §f               §7You have §310,595 §7materials stashed away!
01:01:04 [STASH_COMPACT] §f              §8(This totals 2 types of materials stashed!)
01:01:04 [STASH_COMPACT] §f                §3§l>>> §3§lCLICK HERE§b to pick them up! §3§l<<<
01:01:04 [EMPTY]   
01:02:05 [EMPTY]  
01:02:05 [STASH_COMPACT] §f               §7You have §310,595 §7materials stashed away!
01:02:05 [STASH_COMPACT] §f              §8(This totals 2 types of materials stashed!)
01:02:05 [STASH_COMPACT] §f                §3§l>>> §3§lCLICK HERE§b to pick them up! §3§l<<<
01:02:05 [EMPTY]   
01:03:06 [EMPTY]  
01:03:06 [STASH_COMPACT] §f               §7You have §310,595 §7materials stashed away!
01:03:06 [STASH_COMPACT] §f              §8(This totals 2 types of materials stashed!)
01:03:06 [STASH_COMPACT] §f                §3§l>>> §3§lCLICK HERE§b to pick them up! §3§l<<<
01:03:06 [EMPTY]   
01:04:07 [EMPTY]  
01:04:07 [STASH_COMPACT] §f               §7You have §310,595 §7materials stashed away!
01:04:07 [STASH_COMPACT] §f              §8(This totals 2 types of materials stashed!)
01:04:07 [STASH_COMPACT] §f                §3§l>>> §3§lCLICK HERE§b to pick them up! §3§l<<<
01:04:07 [EMPTY]   
01:05:08 [EMPTY]  
01:05:08 [STASH_COMPACT] §f               §7You have §310,595 §7materials stashed away!
01:05:08 [STASH_COMPACT] §f              §8(This totals 2 types of materials stashed!)
01:05:08 [STASH_COMPACT] §f                §3§l>>> §3§lCLICK HERE§b to pick them up! §3§l<<<
01:05:08 [EMPTY]   
01:06:09 [EMPTY]  
01:06:09 [STASH_COMPACT] §f               §7You have §310,595 §7materials stashed away!
01:06:09 [STASH_COMPACT] §f              §8(This totals 2 types of materials stashed!)
01:06:09 [STASH_COMPACT] §f                §3§l>>> §3§lCLICK HERE§b to pick them up! §3§l<<<
01:06:09 [EMPTY]   
01:07:10 [EMPTY]  
01:07:10 [STASH_COMPACT] §f               §7You have §310,595 §7materials stashed away!
01:07:10 [STASH_COMPACT] §f              §8(This totals 2 types of materials stashed!)
01:07:10 [STASH_COMPACT] §f                §3§l>>> §3§lCLICK HERE§b to pick them up! §3§l<<<
01:07:10 [EMPTY]   
01:07:27 [EMPTY] 
01:08:11 [EMPTY]  
01:08:11 [STASH_COMPACT] §f               §7You have §310,595 §7materials stashed away!
01:08:11 [STASH_COMPACT] §f              §8(This totals 2 types of materials stashed!)
01:08:11 [STASH_COMPACT] §f                §3§l>>> §3§lCLICK HERE§b to pick them up! §3§l<<<
01:08:11 [EMPTY]   
01:09:12 [EMPTY]  
01:09:12 [STASH_COMPACT] §f               §7You have §310,595 §7materials stashed away!
01:09:12 [STASH_COMPACT] §f              §8(This totals 2 types of materials stashed!)
01:09:12 [STASH_COMPACT] §f                §3§l>>> §3§lCLICK HERE§b to pick them up! §3§l<<<
01:09:12 [EMPTY]   
01:10:13 [EMPTY]  
01:10:13 [STASH_COMPACT] §f               §7You have §310,595 §7materials stashed away!
01:10:13 [STASH_COMPACT] §f              §8(This totals 2 types of materials stashed!)
01:10:13 [STASH_COMPACT] §f                §3§l>>> §3§lCLICK HERE§b to pick them up! §3§l<<<
01:10:13 [EMPTY]   
01:11:14 [EMPTY]  
01:11:14 [STASH_COMPACT] §f               §7You have §310,595 §7materials stashed away!
01:11:14 [STASH_COMPACT] §f              §8(This totals 2 types of materials stashed!)
01:11:14 [STASH_COMPACT] §f                §3§l>>> §3§lCLICK HERE§b to pick them up! §3§l<<<
01:11:14 [EMPTY]   
01:12:08 [EMPTY] §f                                        
01:12:15 [EMPTY]  
01:12:15 [STASH_COMPACT] §f               §7You have §310,595 §7materials stashed away!
01:12:15 [STASH_COMPACT] §f              §8(This totals 2 types of materials stashed!)
01:12:15 [STASH_COMPACT] §f                §3§l>>> §3§lCLICK HERE§b to pick them up! §3§l<<<
01:12:15 [EMPTY]   
01:13:16 [EMPTY]  
01:13:16 [STASH_COMPACT] §f               §7You have §310,595 §7materials stashed away!
01:13:16 [STASH_COMPACT] §f              §8(This totals 2 types of materials stashed!)
01:13:16 [STASH_COMPACT] §f                §3§l>>> §3§lCLICK HERE§b to pick them up! §3§l<<<
01:13:16 [EMPTY]   
01:14:18 [EMPTY]  
01:14:18 [STASH_COMPACT] §f               §7You have §310,595 §7materials stashed away!
01:14:18 [STASH_COMPACT] §f              §8(This totals 2 types of materials stashed!)
01:14:18 [STASH_COMPACT] §f                §3§l>>> §3§lCLICK HERE§b to pick them up! §3§l<<<
01:14:18 [EMPTY]   
01:15:19 [EMPTY]  
01:15:19 [STASH_COMPACT] §f               §7You have §310,595 §7materials stashed away!
01:15:19 [STASH_COMPACT] §f              §8(This totals 2 types of materials stashed!)
01:15:19 [STASH_COMPACT] §f                §3§l>>> §3§lCLICK HERE§b to pick them up! §3§l<<<
01:15:19 [EMPTY]   
01:16:20 [EMPTY]  
01:16:20 [STASH_COMPACT] §f               §7You have §310,595 §7materials stashed away!
01:16:20 [STASH_COMPACT] §f              §8(This totals 2 types of materials stashed!)
01:16:20 [STASH_COMPACT] §f                §3§l>>> §3§lCLICK HERE§b to pick them up! §3§l<<<
01:16:20 [EMPTY]   
01:17:22 [EMPTY]  
01:17:22 [STASH_COMPACT] §f               §7You have §310,595 §7materials stashed away!
01:17:22 [STASH_COMPACT] §f              §8(This totals 2 types of materials stashed!)
01:17:22 [STASH_COMPACT] §f                §3§l>>> §3§lCLICK HERE§b to pick them up! §3§l<<<
01:17:22 [EMPTY]   
01:18:22 [EMPTY]  
01:18:22 [STASH_COMPACT] §f               §7You have §310,595 §7materials stashed away!
01:18:22 [STASH_COMPACT] §f              §8(This totals 2 types of materials stashed!)
01:18:22 [STASH_COMPACT] §f                §3§l>>> §3§lCLICK HERE§b to pick them up! §3§l<<<
01:18:22 [EMPTY]   
01:19:23 [EMPTY]  
01:19:23 [STASH_COMPACT] §f               §7You have §310,595 §7materials stashed away!
01:19:23 [STASH_COMPACT] §f              §8(This totals 2 types of materials stashed!)
01:19:23 [STASH_COMPACT] §f                §3§l>>> §3§lCLICK HERE§b to pick them up! §3§l<<<
01:19:23 [EMPTY]   
01:20:24 [EMPTY]  
01:20:24 [STASH_COMPACT] §f               §7You have §310,595 §7materials stashed away!
01:20:24 [STASH_COMPACT] §f              §8(This totals 2 types of materials stashed!)
01:20:24 [STASH_COMPACT] §f                §3§l>>> §3§lCLICK HERE§b to pick them up! §3§l<<<
01:20:24 [EMPTY]   
01:21:25 [EMPTY]  
01:21:25 [STASH_COMPACT] §f               §7You have §310,595 §7materials stashed away!
01:21:25 [STASH_COMPACT] §f              §8(This totals 2 types of materials stashed!)
01:21:25 [STASH_COMPACT] §f                §3§l>>> §3§lCLICK HERE§b to pick them up! §3§l<<<
01:21:25 [EMPTY]   
01:22:26 [EMPTY]  
01:22:26 [STASH_COMPACT] §f               §7You have §310,595 §7materials stashed away!
01:22:26 [STASH_COMPACT] §f              §8(This totals 2 types of materials stashed!)
01:22:26 [STASH_COMPACT] §f                §3§l>>> §3§lCLICK HERE§b to pick them up! §3§l<<<
01:22:26 [EMPTY]   
01:23:27 [EMPTY]  
01:23:27 [STASH_COMPACT] §f               §7You have §310,595 §7materials stashed away!
01:23:27 [STASH_COMPACT] §f              §8(This totals 2 types of materials stashed!)
01:23:27 [STASH_COMPACT] §f                §3§l>>> §3§lCLICK HERE§b to pick them up! §3§l<<<
01:23:27 [EMPTY]   
01:24:28 [EMPTY]  
01:24:28 [STASH_COMPACT] §f               §7You have §310,595 §7materials stashed away!
01:24:28 [STASH_COMPACT] §f              §8(This totals 2 types of materials stashed!)
01:24:28 [STASH_COMPACT] §f                §3§l>>> §3§lCLICK HERE§b to pick them up! §3§l<<<
01:24:28 [EMPTY]   
01:25:29 [EMPTY]  
01:25:29 [STASH_COMPACT] §f               §7You have §310,595 §7materials stashed away!
01:25:29 [STASH_COMPACT] §f              §8(This totals 2 types of materials stashed!)
01:25:29 [STASH_COMPACT] §f                §3§l>>> §3§lCLICK HERE§b to pick them up! §3§l<<<
01:25:29 [EMPTY]   
01:26:30 [EMPTY]  
01:26:30 [STASH_COMPACT] §f               §7You have §310,595 §7materials stashed away!
01:26:30 [STASH_COMPACT] §f              §8(This totals 2 types of materials stashed!)
01:26:30 [STASH_COMPACT] §f                §3§l>>> §3§lCLICK HERE§b to pick them up! §3§l<<<
01:26:30 [EMPTY]   
01:27:19 [EMPTY] §8 §r§8 §r§1 §r§3 §r§3 §r§7 §r§8 
01:27:22 [EMPTY]  
01:27:22 [STASH_COMPACT] §f               §7You have §310,595 §7materials stashed away!
01:27:22 [STASH_COMPACT] §f              §8(This totals 2 types of materials stashed!)
01:27:22 [STASH_COMPACT] §f                §3§l>>> §3§lCLICK HERE§b to pick them up! §3§l<<<
01:27:22 [EMPTY]   
01:27:23 [EMPTY]  
01:27:23 [STASH_COMPACT] §f               §7You have §310,595 §7materials stashed away!
01:27:23 [STASH_COMPACT] §f              §8(This totals 2 types of materials stashed!)
01:27:23 [STASH_COMPACT] §f                §3§l>>> §3§lCLICK HERE§b to pick them up! §3§l<<<
01:27:23 [EMPTY]   
01:28:23 [EMPTY]  
01:28:23 [STASH_COMPACT] §f               §7You have §310,595 §7materials stashed away!
01:28:23 [STASH_COMPACT] §f              §8(This totals 2 types of materials stashed!)
01:28:23 [STASH_COMPACT] §f                §3§l>>> §3§lCLICK HERE§b to pick them up! §3§l<<<
01:28:23 [EMPTY]   
01:29:23 [EMPTY]  
01:29:23 [STASH_COMPACT] §f               §7You have §310,595 §7materials stashed away!
01:29:23 [STASH_COMPACT] §f              §8(This totals 2 types of materials stashed!)
01:29:23 [STASH_COMPACT] §f                §3§l>>> §3§lCLICK HERE§b to pick them up! §3§l<<<
01:29:23 [EMPTY]   
01:30:23 [EMPTY]  
01:30:23 [STASH_COMPACT] §f               §7You have §310,595 §7materials stashed away!
01:30:23 [STASH_COMPACT] §f              §8(This totals 2 types of materials stashed!)
01:30:23 [STASH_COMPACT] §f                §3§l>>> §3§lCLICK HERE§b to pick them up! §3§l<<<
01:30:23 [EMPTY]   
01:31:23 [EMPTY]  
01:31:23 [STASH_COMPACT] §f               §7You have §310,595 §7materials stashed away!
01:31:23 [STASH_COMPACT] §f              §8(This totals 2 types of materials stashed!)
01:31:23 [STASH_COMPACT] §f                §3§l>>> §3§lCLICK HERE§b to pick them up! §3§l<<<
01:31:23 [EMPTY]   
01:32:23 [EMPTY]  
01:32:23 [STASH_COMPACT] §f               §7You have §310,595 §7materials stashed away!
01:32:23 [STASH_COMPACT] §f              §8(This totals 2 types of materials stashed!)
01:32:23 [STASH_COMPACT] §f                §3§l>>> §3§lCLICK HERE§b to pick them up! §3§l<<<
01:32:23 [EMPTY]   
01:33:24 [EMPTY]  
01:33:24 [STASH_COMPACT] §f               §7You have §310,595 §7materials stashed away!
01:33:24 [STASH_COMPACT] §f              §8(This totals 2 types of materials stashed!)
01:33:24 [STASH_COMPACT] §f                §3§l>>> §3§lCLICK HERE§b to pick them up! §3§l<<<
01:33:24 [EMPTY]   
01:34:24 [EMPTY]  
01:34:24 [STASH_COMPACT] §f               §7You have §310,595 §7materials stashed away!
01:34:24 [STASH_COMPACT] §f              §8(This totals 2 types of materials stashed!)
01:34:24 [STASH_COMPACT] §f                §3§l>>> §3§lCLICK HERE§b to pick them up! §3§l<<<
01:34:24 [EMPTY]   
01:35:00 [SKYMALL] §bNew day! §r§eYour §r§2Sky Mall §r§ebuff changed!
01:35:00 [SKYMALL] §eNew buff§r§r§r: §r§fGain §r§6+50☘ Mining Fortune§r§f.
01:35:00 [SKYMALL] §8§oYou can disable this messaging by toggling Sky Mall in your /hotm!
01:35:24 [EMPTY]  
01:35:24 [STASH_COMPACT] §f               §7You have §310,595 §7materials stashed away!
01:35:24 [STASH_COMPACT] §f              §8(This totals 2 types of materials stashed!)
01:35:24 [STASH_COMPACT] §f                §3§l>>> §3§lCLICK HERE§b to pick them up! §3§l<<<
01:35:24 [EMPTY]   
01:36:24 [EMPTY]  
01:36:24 [STASH_COMPACT] §f               §7You have §310,595 §7materials stashed away!
01:36:24 [STASH_COMPACT] §f              §8(This totals 2 types of materials stashed!)
01:36:24 [STASH_COMPACT] §f                §3§l>>> §3§lCLICK HERE§b to pick them up! §3§l<<<
01:36:24 [EMPTY]   
01:37:24 [EMPTY]  
01:37:24 [STASH_COMPACT] §f               §7You have §310,595 §7materials stashed away!
01:37:24 [STASH_COMPACT] §f              §8(This totals 2 types of materials stashed!)
01:37:24 [STASH_COMPACT] §f                §3§l>>> §3§lCLICK HERE§b to pick them up! §3§l<<<
01:37:24 [EMPTY]   
01:38:24 [EMPTY]  
01:38:24 [STASH_COMPACT] §f               §7You have §310,595 §7materials stashed away!
01:38:24 [STASH_COMPACT] §f              §8(This totals 2 types of materials stashed!)
01:38:24 [STASH_COMPACT] §f                §3§l>>> §3§lCLICK HERE§b to pick them up! §3§l<<<
01:38:24 [EMPTY]   
01:39:24 [EMPTY]  
01:39:24 [STASH_COMPACT] §f               §7You have §310,595 §7materials stashed away!
01:39:24 [STASH_COMPACT] §f              §8(This totals 2 types of materials stashed!)
01:39:24 [STASH_COMPACT] §f                §3§l>>> §3§lCLICK HERE§b to pick them up! §3§l<<<
01:39:24 [EMPTY]   
01:40:21 [EMPTY] §8 §r§8 §r§1 §r§3 §r§3 §r§7 §r§8 
01:40:24 [EMPTY]  
01:40:24 [STASH_COMPACT] §f               §7You have §310,595 §7materials stashed away!
01:40:24 [STASH_COMPACT] §f              §8(This totals 2 types of materials stashed!)
01:40:24 [STASH_COMPACT] §f                §3§l>>> §3§lCLICK HERE§b to pick them up! §3§l<<<
01:40:24 [EMPTY]   
01:41:04 [EMPTY]  
01:41:04 [STASH_COMPACT] §f               §7You have §310,595 §7materials stashed away!
01:41:04 [STASH_COMPACT] §f              §8(This totals 2 types of materials stashed!)
01:41:04 [STASH_COMPACT] §f                §3§l>>> §3§lCLICK HERE§b to pick them up! §3§l<<<
01:41:04 [EMPTY]   
01:41:11 [EMPTY] §8 §r§8 §r§1 §r§3 §r§3 §r§7 §r§8 
01:41:14 [EMPTY]  
01:41:14 [STASH_COMPACT] §f               §7You have §310,595 §7materials stashed away!
01:41:14 [STASH_COMPACT] §f              §8(This totals 2 types of materials stashed!)
01:41:14 [STASH_COMPACT] §f                §3§l>>> §3§lCLICK HERE§b to pick them up! §3§l<<<
01:41:14 [EMPTY]   
01:41:15 [EMPTY]  
01:41:15 [STASH_COMPACT] §f               §7You have §310,595 §7materials stashed away!
01:41:15 [STASH_COMPACT] §f              §8(This totals 2 types of materials stashed!)
01:41:15 [STASH_COMPACT] §f                §3§l>>> §3§lCLICK HERE§b to pick them up! §3§l<<<
01:41:15 [EMPTY]   
01:42:15 [EMPTY]  
01:42:15 [STASH_COMPACT] §f               §7You have §310,595 §7materials stashed away!
01:42:15 [STASH_COMPACT] §f              §8(This totals 2 types of materials stashed!)
01:42:15 [STASH_COMPACT] §f                §3§l>>> §3§lCLICK HERE§b to pick them up! §3§l<<<
01:42:15 [EMPTY]   
01:43:15 [EMPTY]  
01:43:15 [STASH_COMPACT] §f               §7You have §310,595 §7materials stashed away!
01:43:15 [STASH_COMPACT] §f              §8(This totals 2 types of materials stashed!)
01:43:15 [STASH_COMPACT] §f                §3§l>>> §3§lCLICK HERE§b to pick them up! §3§l<<<
01:43:15 [EMPTY]   
01:44:16 [EMPTY]  
01:44:16 [STASH_COMPACT] §f               §7You have §310,595 §7materials stashed away!
01:44:16 [STASH_COMPACT] §f              §8(This totals 2 types of materials stashed!)
01:44:16 [STASH_COMPACT] §f                §3§l>>> §3§lCLICK HERE§b to pick them up! §3§l<<<
01:44:16 [EMPTY]   
01:45:16 [EMPTY]  
01:45:16 [STASH_COMPACT] §f               §7You have §310,595 §7materials stashed away!
01:45:16 [STASH_COMPACT] §f              §8(This totals 2 types of materials stashed!)
01:45:16 [STASH_COMPACT] §f                §3§l>>> §3§lCLICK HERE§b to pick them up! §3§l<<<
01:45:16 [EMPTY]   
01:46:16 [EMPTY]  
01:46:16 [STASH_COMPACT] §f               §7You have §310,595 §7materials stashed away!
01:46:16 [STASH_COMPACT] §f              §8(This totals 2 types of materials stashed!)
01:46:16 [STASH_COMPACT] §f                §3§l>>> §3§lCLICK HERE§b to pick them up! §3§l<<<
01:46:16 [EMPTY]   
01:46:33 [EMPTY] §f §r§r§r§f §r§r§r§1 §r§r§r§0 §r§r§r§2 §r§r§r§f §r§r§r§f §r§r§r§2 §r§r§r§0 §r§r§r§4 §r§r§r§3 §r§r§r§9 §r§r§r§2 §r§r§r§0 §r§r§r§0 §r§r§r§3 §r§r§r§9 §r§r§r§2 §r§r§r§0 §r§r§r§0 §r§r§r§3 §r§r§r§9 §r§r§r§2 §r§r§r§0 §r§r§r§0 
01:46:33 [EMPTY] 
01:47:37 [EMPTY] §8 §r§8 §r§1 §r§3 §r§3 §r§7 §r§8 
01:47:39 [EMPTY] 
01:47:39 [EMPTY] 
01:47:41 [EMPTY]  
01:47:41 [STASH_COMPACT] §f               §7You have §310,595 §7materials stashed away!
01:47:41 [STASH_COMPACT] §f              §8(This totals 2 types of materials stashed!)
01:47:41 [STASH_COMPACT] §f                §3§l>>> §3§lCLICK HERE§b to pick them up! §3§l<<<
01:47:41 [EMPTY]   
01:47:41 [EMPTY]  
01:47:41 [STASH_COMPACT] §f               §7You have §310,595 §7materials stashed away!
01:47:41 [STASH_COMPACT] §f              §8(This totals 2 types of materials stashed!)
01:47:41 [STASH_COMPACT] §f                §3§l>>> §3§lCLICK HERE§b to pick them up! §3§l<<<
01:47:41 [EMPTY]   
01:48:42 [EMPTY]  
01:48:42 [STASH_COMPACT] §f               §7You have §310,595 §7materials stashed away!
01:48:42 [STASH_COMPACT] §f              §8(This totals 2 types of materials stashed!)
01:48:42 [STASH_COMPACT] §f                §3§l>>> §3§lCLICK HERE§b to pick them up! §3§l<<<
01:48:42 [EMPTY]   
01:49:42 [EMPTY]  
01:49:42 [STASH_COMPACT] §f               §7You have §310,595 §7materials stashed away!
01:49:42 [STASH_COMPACT] §f              §8(This totals 2 types of materials stashed!)
01:49:42 [STASH_COMPACT] §f                §3§l>>> §3§lCLICK HERE§b to pick them up! §3§l<<<
01:49:42 [EMPTY]   
01:50:42 [EMPTY]  
01:50:42 [STASH_COMPACT] §f               §7You have §310,595 §7materials stashed away!
01:50:42 [STASH_COMPACT] §f              §8(This totals 2 types of materials stashed!)
01:50:42 [STASH_COMPACT] §f                §3§l>>> §3§lCLICK HERE§b to pick them up! §3§l<<<
01:50:42 [EMPTY]   
01:51:42 [EMPTY]  
01:51:42 [STASH_COMPACT] §f               §7You have §310,595 §7materials stashed away!
01:51:42 [STASH_COMPACT] §f              §8(This totals 2 types of materials stashed!)
01:51:42 [STASH_COMPACT] §f                §3§l>>> §3§lCLICK HERE§b to pick them up! §3§l<<<
01:51:42 [EMPTY]   
01:52:42 [EMPTY]  
01:52:42 [STASH_COMPACT] §f               §7You have §310,595 §7materials stashed away!
01:52:42 [STASH_COMPACT] §f              §8(This totals 2 types of materials stashed!)
01:52:42 [STASH_COMPACT] §f                §3§l>>> §3§lCLICK HERE§b to pick them up! §3§l<<<
01:52:42 [EMPTY]   
01:53:42 [EMPTY]  
01:53:42 [STASH_COMPACT] §f               §7You have §310,595 §7materials stashed away!
01:53:42 [STASH_COMPACT] §f              §8(This totals 2 types of materials stashed!)
01:53:42 [STASH_COMPACT] §f                §3§l>>> §3§lCLICK HERE§b to pick them up! §3§l<<<
01:53:42 [EMPTY]   
01:54:26 [EMPTY] §8 §r§8 §r§1 §r§3 §r§3 §r§7 §r§8 
01:54:29 [EMPTY]  
01:54:29 [STASH_COMPACT] §f               §7You have §310,595 §7materials stashed away!
01:54:29 [STASH_COMPACT] §f              §8(This totals 2 types of materials stashed!)
01:54:29 [STASH_COMPACT] §f                §3§l>>> §3§lCLICK HERE§b to pick them up! §3§l<<<
01:54:29 [EMPTY]   
01:54:38 [EMPTY] §8 §r§8 §r§1 §r§3 §r§3 §r§7 §r§8 
01:54:42 [EMPTY]  
01:54:42 [STASH_COMPACT] §f               §7You have §310,595 §7materials stashed away!
01:54:42 [STASH_COMPACT] §f              §8(This totals 2 types of materials stashed!)
01:54:42 [STASH_COMPACT] §f                §3§l>>> §3§lCLICK HERE§b to pick them up! §3§l<<<
01:54:42 [EMPTY]   
01:54:57 [EMPTY]  
01:54:57 [STASH_COMPACT] §f               §7You have §310,595 §7materials stashed away!
01:54:57 [STASH_COMPACT] §f              §8(This totals 2 types of materials stashed!)
01:54:57 [STASH_COMPACT] §f                §3§l>>> §3§lCLICK HERE§b to pick them up! §3§l<<<
01:54:57 [EMPTY]   
01:55:58 [EMPTY]  
01:55:58 [STASH_COMPACT] §f               §7You have §310,595 §7materials stashed away!
01:55:58 [STASH_COMPACT] §f              §8(This totals 2 types of materials stashed!)
01:55:58 [STASH_COMPACT] §f                §3§l>>> §3§lCLICK HERE§b to pick them up! §3§l<<<
01:55:58 [EMPTY]   
01:56:06 [EMPTY] 
01:56:06 [EMPTY] §f                                        
01:56:06 [EMPTY] 
01:56:59 [EMPTY]  
01:56:59 [STASH_COMPACT] §f               §7You have §310,595 §7materials stashed away!
01:56:59 [STASH_COMPACT] §f              §8(This totals 2 types of materials stashed!)
01:56:59 [STASH_COMPACT] §f                §3§l>>> §3§lCLICK HERE§b to pick them up! §3§l<<<
01:56:59 [EMPTY]   
01:57:31 [EMPTY] §8 §r§8 §r§1 §r§3 §r§3 §r§7 §r§8 
01:57:35 [EMPTY]  
01:57:35 [STASH_COMPACT] §f               §7You have §310,595 §7materials stashed away!
01:57:35 [STASH_COMPACT] §f              §8(This totals 2 types of materials stashed!)
01:57:35 [STASH_COMPACT] §f                §3§l>>> §3§lCLICK HERE§b to pick them up! §3§l<<<
01:57:35 [EMPTY]   
01:57:46 [EMPTY]  
01:57:46 [STASH_COMPACT] §f               §7You have §310,595 §7materials stashed away!
01:57:46 [STASH_COMPACT] §f              §8(This totals 2 types of materials stashed!)
01:57:46 [STASH_COMPACT] §f                §3§l>>> §3§lCLICK HERE§b to pick them up! §3§l<<<
01:57:46 [EMPTY]   
01:57:54 [EMPTY] 
01:57:59 [EMPTY] 
01:58:47 [EMPTY]  
01:58:47 [STASH_COMPACT] §f               §7You have §310,595 §7materials stashed away!
01:58:47 [STASH_COMPACT] §f              §8(This totals 2 types of materials stashed!)
01:58:47 [STASH_COMPACT] §f                §3§l>>> §3§lCLICK HERE§b to pick them up! §3§l<<<
01:58:47 [EMPTY]   
01:59:47 [EMPTY]  
01:59:47 [STASH_COMPACT] §f               §7You have §310,595 §7materials stashed away!
01:59:47 [STASH_COMPACT] §f              §8(This totals 2 types of materials stashed!)
01:59:47 [STASH_COMPACT] §f                §3§l>>> §3§lCLICK HERE§b to pick them up! §3§l<<<
01:59:47 [EMPTY]   
02:00:29 [EMPTY] §8 §r§8 §r§1 §r§3 §r§3 §r§7 §r§8 
02:00:32 [EMPTY]  
02:00:32 [STASH_COMPACT] §f               §7You have §310,595 §7materials stashed away!
02:00:32 [STASH_COMPACT] §f              §8(This totals 2 types of materials stashed!)
02:00:32 [STASH_COMPACT] §f                §3§l>>> §3§lCLICK HERE§b to pick them up! §3§l<<<
02:00:32 [EMPTY]   
02:00:33 [EMPTY]  
02:00:33 [STASH_COMPACT] §f               §7You have §310,595 §7materials stashed away!
02:00:33 [STASH_COMPACT] §f              §8(This totals 2 types of materials stashed!)
02:00:33 [STASH_COMPACT] §f                §3§l>>> §3§lCLICK HERE§b to pick them up! §3§l<<<
02:00:33 [EMPTY]   
02:00:45 [EMPTY] §8 §r§8 §r§1 §r§3 §r§3 §r§7 §r§8 
02:00:49 [EMPTY]  
02:00:49 [STASH_COMPACT] §f               §7You have §310,595 §7materials stashed away!
02:00:49 [STASH_COMPACT] §f              §8(This totals 2 types of materials stashed!)
02:00:49 [STASH_COMPACT] §f                §3§l>>> §3§lCLICK HERE§b to pick them up! §3§l<<<
02:00:49 [EMPTY]   
02:00:50 [EMPTY]  
02:00:50 [STASH_COMPACT] §f               §7You have §310,595 §7materials stashed away!
02:00:50 [STASH_COMPACT] §f              §8(This totals 2 types of materials stashed!)
02:00:50 [STASH_COMPACT] §f                §3§l>>> §3§lCLICK HERE§b to pick them up! §3§l<<<
02:00:50 [EMPTY]   
02:01:43 [EMPTY] §8 §r§8 §r§1 §r§3 §r§3 §r§7 §r§8 
02:01:46 [EMPTY]  
02:01:46 [STASH_COMPACT] §f               §7You have §310,595 §7materials stashed away!
02:01:46 [STASH_COMPACT] §f              §8(This totals 2 types of materials stashed!)
02:01:46 [STASH_COMPACT] §f                §3§l>>> §3§lCLICK HERE§b to pick them up! §3§l<<<
02:01:46 [EMPTY]   
02:01:47 [EMPTY]  
02:01:47 [STASH_COMPACT] §f               §7You have §310,595 §7materials stashed away!
02:01:47 [STASH_COMPACT] §f              §8(This totals 2 types of materials stashed!)
02:01:47 [STASH_COMPACT] §f                §3§l>>> §3§lCLICK HERE§b to pick them up! §3§l<<<
02:01:47 [EMPTY]   
02:01:47 [EMPTY] §8 §r§8 §r§1 §r§3 §r§3 §r§7 §r§8 
02:01:51 [EMPTY]  
02:01:51 [STASH_COMPACT] §f               §7You have §310,595 §7materials stashed away!
02:01:51 [STASH_COMPACT] §f              §8(This totals 2 types of materials stashed!)
02:01:51 [STASH_COMPACT] §f                §3§l>>> §3§lCLICK HERE§b to pick them up! §3§l<<<
02:01:51 [EMPTY]   
02:01:59 [EMPTY]  
02:01:59 [STASH_COMPACT] §f               §7You have §310,595 §7materials stashed away!
02:01:59 [STASH_COMPACT] §f              §8(This totals 2 types of materials stashed!)
02:01:59 [STASH_COMPACT] §f                §3§l>>> §3§lCLICK HERE§b to pick them up! §3§l<<<
02:01:59 [EMPTY]   
02:02:02 [EMPTY] §8 §r§8 §r§1 §r§3 §r§3 §r§7 §r§8 
02:02:06 [EMPTY]  
02:02:06 [STASH_COMPACT] §f               §7You have §310,595 §7materials stashed away!
02:02:06 [STASH_COMPACT] §f              §8(This totals 2 types of materials stashed!)
02:02:06 [STASH_COMPACT] §f                §3§l>>> §3§lCLICK HERE§b to pick them up! §3§l<<<
02:02:06 [EMPTY]   
02:02:08 [EMPTY] §8 §r§8 §r§1 §r§3 §r§3 §r§7 §r§8 
02:02:12 [EMPTY]  
02:02:12 [STASH_COMPACT] §f               §7You have §310,595 §7materials stashed away!
02:02:12 [STASH_COMPACT] §f              §8(This totals 2 types of materials stashed!)
02:02:12 [STASH_COMPACT] §f                §3§l>>> §3§lCLICK HERE§b to pick them up! §3§l<<<
02:02:12 [EMPTY]   
02:03:06 [EMPTY]  
02:03:06 [STASH_COMPACT] §f               §7You have §310,595 §7materials stashed away!
02:03:06 [STASH_COMPACT] §f              §8(This totals 2 types of materials stashed!)
02:03:06 [STASH_COMPACT] §f                §3§l>>> §3§lCLICK HERE§b to pick them up! §3§l<<<
02:03:06 [EMPTY]   
02:04:06 [EMPTY]  
02:04:06 [STASH_COMPACT] §f               §7You have §310,595 §7materials stashed away!
02:04:06 [STASH_COMPACT] §f              §8(This totals 2 types of materials stashed!)
02:04:06 [STASH_COMPACT] §f                §3§l>>> §3§lCLICK HERE§b to pick them up! §3§l<<<
02:04:06 [EMPTY]   
02:05:07 [EMPTY]  
02:05:07 [STASH_COMPACT] §f               §7You have §310,595 §7materials stashed away!
02:05:07 [STASH_COMPACT] §f              §8(This totals 2 types of materials stashed!)
02:05:07 [STASH_COMPACT] §f                §3§l>>> §3§lCLICK HERE§b to pick them up! §3§l<<<
02:05:07 [EMPTY]   
02:06:00 [EMPTY] 
02:06:07 [EMPTY]  
02:06:07 [STASH_COMPACT] §f               §7You have §310,595 §7materials stashed away!
02:06:07 [STASH_COMPACT] §f              §8(This totals 2 types of materials stashed!)
02:06:07 [STASH_COMPACT] §f                §3§l>>> §3§lCLICK HERE§b to pick them up! §3§l<<<
02:06:07 [EMPTY]   
02:07:08 [EMPTY]  
02:07:08 [STASH_COMPACT] §f               §7You have §310,595 §7materials stashed away!
02:07:08 [STASH_COMPACT] §f              §8(This totals 2 types of materials stashed!)
02:07:08 [STASH_COMPACT] §f                §3§l>>> §3§lCLICK HERE§b to pick them up! §3§l<<<
02:07:08 [EMPTY]   
02:07:49 [EMPTY] §f                                        
02:08:08 [EMPTY]  
02:08:08 [STASH_COMPACT] §f               §7You have §310,595 §7materials stashed away!
02:08:08 [STASH_COMPACT] §f              §8(This totals 2 types of materials stashed!)
02:08:08 [STASH_COMPACT] §f                §3§l>>> §3§lCLICK HERE§b to pick them up! §3§l<<<
02:08:08 [EMPTY]   
02:09:08 [EMPTY]  
02:09:08 [STASH_COMPACT] §f               §7You have §310,595 §7materials stashed away!
02:09:08 [STASH_COMPACT] §f              §8(This totals 2 types of materials stashed!)
02:09:08 [STASH_COMPACT] §f                §3§l>>> §3§lCLICK HERE§b to pick them up! §3§l<<<
02:09:08 [EMPTY]   
02:10:09 [EMPTY]  
02:10:09 [STASH_COMPACT] §f               §7You have §310,595 §7materials stashed away!
02:10:09 [STASH_COMPACT] §f              §8(This totals 2 types of materials stashed!)
02:10:09 [STASH_COMPACT] §f                §3§l>>> §3§lCLICK HERE§b to pick them up! §3§l<<<
02:10:09 [EMPTY]   
02:11:09 [EMPTY]  
02:11:09 [STASH_COMPACT] §f               §7You have §310,595 §7materials stashed away!
02:11:09 [STASH_COMPACT] §f              §8(This totals 2 types of materials stashed!)
02:11:09 [STASH_COMPACT] §f                §3§l>>> §3§lCLICK HERE§b to pick them up! §3§l<<<
02:11:09 [EMPTY]   
02:12:10 [EMPTY]  
02:12:10 [STASH_COMPACT] §f               §7You have §310,595 §7materials stashed away!
02:12:10 [STASH_COMPACT] §f              §8(This totals 2 types of materials stashed!)
02:12:10 [STASH_COMPACT] §f                §3§l>>> §3§lCLICK HERE§b to pick them up! §3§l<<<
02:12:10 [EMPTY]   
02:13:11 [EMPTY]  
02:13:11 [STASH_COMPACT] §f               §7You have §310,595 §7materials stashed away!
02:13:11 [STASH_COMPACT] §f              §8(This totals 2 types of materials stashed!)
02:13:11 [STASH_COMPACT] §f                §3§l>>> §3§lCLICK HERE§b to pick them up! §3§l<<<
02:13:11 [EMPTY]   
02:14:12 [EMPTY]  
02:14:12 [STASH_COMPACT] §f               §7You have §310,595 §7materials stashed away!
02:14:12 [STASH_COMPACT] §f              §8(This totals 2 types of materials stashed!)
02:14:12 [STASH_COMPACT] §f                §3§l>>> §3§lCLICK HERE§b to pick them up! §3§l<<<
02:14:12 [EMPTY]   
02:15:12 [EMPTY]  
02:15:12 [STASH_COMPACT] §f               §7You have §310,595 §7materials stashed away!
02:15:12 [STASH_COMPACT] §f              §8(This totals 2 types of materials stashed!)
02:15:12 [STASH_COMPACT] §f                §3§l>>> §3§lCLICK HERE§b to pick them up! §3§l<<<
02:15:12 [EMPTY]   
02:16:12 [EMPTY]  
02:16:12 [STASH_COMPACT] §f               §7You have §310,595 §7materials stashed away!
02:16:12 [STASH_COMPACT] §f              §8(This totals 2 types of materials stashed!)
02:16:12 [STASH_COMPACT] §f                §3§l>>> §3§lCLICK HERE§b to pick them up! §3§l<<<
02:16:12 [EMPTY]   
02:17:13 [EMPTY]  
02:17:13 [STASH_COMPACT] §f               §7You have §310,595 §7materials stashed away!
02:17:13 [STASH_COMPACT] §f              §8(This totals 2 types of materials stashed!)
02:17:13 [STASH_COMPACT] §f                §3§l>>> §3§lCLICK HERE§b to pick them up! §3§l<<<
02:17:13 [EMPTY]   
02:18:13 [EMPTY]  
02:18:13 [STASH_COMPACT] §f               §7You have §310,595 §7materials stashed away!
02:18:13 [STASH_COMPACT] §f              §8(This totals 2 types of materials stashed!)
02:18:14 [STASH_COMPACT] §f                §3§l>>> §3§lCLICK HERE§b to pick them up! §3§l<<<
02:18:14 [EMPTY]   
02:19:14 [EMPTY]  
02:19:14 [STASH_COMPACT] §f               §7You have §310,595 §7materials stashed away!
02:19:14 [STASH_COMPACT] §f              §8(This totals 2 types of materials stashed!)
02:19:14 [STASH_COMPACT] §f                §3§l>>> §3§lCLICK HERE§b to pick them up! §3§l<<<
02:19:14 [EMPTY]   
02:20:15 [EMPTY]  
02:20:15 [STASH_COMPACT] §f               §7You have §310,595 §7materials stashed away!
02:20:15 [STASH_COMPACT] §f              §8(This totals 2 types of materials stashed!)
02:20:15 [STASH_COMPACT] §f                §3§l>>> §3§lCLICK HERE§b to pick them up! §3§l<<<
02:20:15 [EMPTY]   
02:21:15 [EMPTY]  
02:21:15 [STASH_COMPACT] §f               §7You have §310,595 §7materials stashed away!
02:21:15 [STASH_COMPACT] §f              §8(This totals 2 types of materials stashed!)
02:21:15 [STASH_COMPACT] §f                §3§l>>> §3§lCLICK HERE§b to pick them up! §3§l<<<
02:21:15 [EMPTY]   
02:22:16 [EMPTY]  
02:22:16 [STASH_COMPACT] §f               §7You have §310,595 §7materials stashed away!
02:22:16 [STASH_COMPACT] §f              §8(This totals 2 types of materials stashed!)
02:22:16 [STASH_COMPACT] §f                §3§l>>> §3§lCLICK HERE§b to pick them up! §3§l<<<
02:22:16 [EMPTY]   
02:23:16 [EMPTY]  
02:23:16 [STASH_COMPACT] §f               §7You have §310,595 §7materials stashed away!
02:23:16 [STASH_COMPACT] §f              §8(This totals 2 types of materials stashed!)
02:23:16 [STASH_COMPACT] §f                §3§l>>> §3§lCLICK HERE§b to pick them up! §3§l<<<
02:23:16 [EMPTY]   
02:24:17 [EMPTY]  
02:24:17 [STASH_COMPACT] §f               §7You have §310,595 §7materials stashed away!
02:24:17 [STASH_COMPACT] §f              §8(This totals 2 types of materials stashed!)
02:24:17 [STASH_COMPACT] §f                §3§l>>> §3§lCLICK HERE§b to pick them up! §3§l<<<
02:24:17 [EMPTY]   
02:25:17 [EMPTY]  
02:25:17 [STASH_COMPACT] §f               §7You have §310,595 §7materials stashed away!
02:25:17 [STASH_COMPACT] §f              §8(This totals 2 types of materials stashed!)
02:25:17 [STASH_COMPACT] §f                §3§l>>> §3§lCLICK HERE§b to pick them up! §3§l<<<
02:25:17 [EMPTY]   
02:26:00 [EMPTY] 
02:26:19 [EMPTY]  
02:26:19 [STASH_COMPACT] §f               §7You have §310,595 §7materials stashed away!
02:26:19 [STASH_COMPACT] §f              §8(This totals 2 types of materials stashed!)
02:26:19 [STASH_COMPACT] §f                §3§l>>> §3§lCLICK HERE§b to pick them up! §3§l<<<
02:26:19 [EMPTY]   
02:27:19 [EMPTY]  
02:27:19 [STASH_COMPACT] §f               §7You have §310,595 §7materials stashed away!
02:27:19 [STASH_COMPACT] §f              §8(This totals 2 types of materials stashed!)
02:27:19 [STASH_COMPACT] §f                §3§l>>> §3§lCLICK HERE§b to pick them up! §3§l<<<
02:27:19 [EMPTY]   
02:27:49 [EMPTY] §f                                        
02:28:20 [EMPTY]  
02:28:20 [STASH_COMPACT] §f               §7You have §310,595 §7materials stashed away!
02:28:20 [STASH_COMPACT] §f              §8(This totals 2 types of materials stashed!)
02:28:20 [STASH_COMPACT] §f                §3§l>>> §3§lCLICK HERE§b to pick them up! §3§l<<<
02:28:20 [EMPTY]   
02:29:21 [EMPTY]  
02:29:21 [STASH_COMPACT] §f               §7You have §310,595 §7materials stashed away!
02:29:21 [STASH_COMPACT] §f              §8(This totals 2 types of materials stashed!)
02:29:21 [STASH_COMPACT] §f                §3§l>>> §3§lCLICK HERE§b to pick them up! §3§l<<<
02:29:21 [EMPTY]   
02:30:21 [EMPTY]  
02:30:21 [STASH_COMPACT] §f               §7You have §310,595 §7materials stashed away!
02:30:21 [STASH_COMPACT] §f              §8(This totals 2 types of materials stashed!)
02:30:21 [STASH_COMPACT] §f                §3§l>>> §3§lCLICK HERE§b to pick them up! §3§l<<<
02:30:21 [EMPTY]   
02:31:22 [EMPTY]  
02:31:22 [STASH_COMPACT] §f               §7You have §310,595 §7materials stashed away!
02:31:22 [STASH_COMPACT] §f              §8(This totals 2 types of materials stashed!)
02:31:22 [STASH_COMPACT] §f                §3§l>>> §3§lCLICK HERE§b to pick them up! §3§l<<<
02:31:22 [EMPTY]   
02:32:23 [EMPTY]  
02:32:23 [STASH_COMPACT] §f               §7You have §310,595 §7materials stashed away!
02:32:23 [STASH_COMPACT] §f              §8(This totals 2 types of materials stashed!)
02:32:23 [STASH_COMPACT] §f                §3§l>>> §3§lCLICK HERE§b to pick them up! §3§l<<<
02:32:23 [EMPTY]   
02:33:24 [EMPTY]  
02:33:24 [STASH_COMPACT] §f               §7You have §310,595 §7materials stashed away!
02:33:24 [STASH_COMPACT] §f              §8(This totals 2 types of materials stashed!)
02:33:24 [STASH_COMPACT] §f                §3§l>>> §3§lCLICK HERE§b to pick them up! §3§l<<<
02:33:24 [EMPTY]   
02:34:24 [EMPTY]  
02:34:24 [STASH_COMPACT] §f               §7You have §310,595 §7materials stashed away!
02:34:24 [STASH_COMPACT] §f              §8(This totals 2 types of materials stashed!)
02:34:24 [STASH_COMPACT] §f                §3§l>>> §3§lCLICK HERE§b to pick them up! §3§l<<<
02:34:24 [EMPTY]   
02:35:25 [EMPTY]  
02:35:25 [STASH_COMPACT] §f               §7You have §310,595 §7materials stashed away!
02:35:25 [STASH_COMPACT] §f              §8(This totals 2 types of materials stashed!)
02:35:25 [STASH_COMPACT] §f                §3§l>>> §3§lCLICK HERE§b to pick them up! §3§l<<<
02:35:25 [EMPTY]   
02:36:25 [EMPTY]  
02:36:25 [STASH_COMPACT] §f               §7You have §310,595 §7materials stashed away!
02:36:25 [STASH_COMPACT] §f              §8(This totals 2 types of materials stashed!)
02:36:25 [STASH_COMPACT] §f                §3§l>>> §3§lCLICK HERE§b to pick them up! §3§l<<<
02:36:25 [EMPTY]   
02:37:25 [EMPTY]  
02:37:25 [STASH_COMPACT] §f               §7You have §310,595 §7materials stashed away!
02:37:25 [STASH_COMPACT] §f              §8(This totals 2 types of materials stashed!)
02:37:25 [STASH_COMPACT] §f                §3§l>>> §3§lCLICK HERE§b to pick them up! §3§l<<<
02:37:25 [EMPTY]   
02:38:26 [EMPTY]  
02:38:26 [STASH_COMPACT] §f               §7You have §310,595 §7materials stashed away!
02:38:26 [STASH_COMPACT] §f              §8(This totals 2 types of materials stashed!)
02:38:26 [STASH_COMPACT] §f                §3§l>>> §3§lCLICK HERE§b to pick them up! §3§l<<<
02:38:26 [EMPTY]   
02:39:26 [EMPTY]  
02:39:26 [STASH_COMPACT] §f               §7You have §310,595 §7materials stashed away!
02:39:26 [STASH_COMPACT] §f              §8(This totals 2 types of materials stashed!)
02:39:26 [STASH_COMPACT] §f                §3§l>>> §3§lCLICK HERE§b to pick them up! §3§l<<<
02:39:26 [EMPTY]   
02:40:27 [EMPTY]  
02:40:27 [STASH_COMPACT] §f               §7You have §310,595 §7materials stashed away!
02:40:27 [STASH_COMPACT] §f              §8(This totals 2 types of materials stashed!)
02:40:27 [STASH_COMPACT] §f                §3§l>>> §3§lCLICK HERE§b to pick them up! §3§l<<<
02:40:27 [EMPTY]   
02:41:28 [EMPTY]  
02:41:28 [STASH_COMPACT] §f               §7You have §310,595 §7materials stashed away!
02:41:28 [STASH_COMPACT] §f              §8(This totals 2 types of materials stashed!)
02:41:28 [STASH_COMPACT] §f                §3§l>>> §3§lCLICK HERE§b to pick them up! §3§l<<<
02:41:28 [EMPTY]   
02:42:28 [EMPTY]  
02:42:28 [STASH_COMPACT] §f               §7You have §310,595 §7materials stashed away!
02:42:28 [STASH_COMPACT] §f              §8(This totals 2 types of materials stashed!)
02:42:28 [STASH_COMPACT] §f                §3§l>>> §3§lCLICK HERE§b to pick them up! §3§l<<<
02:42:28 [EMPTY]   
02:43:28 [EMPTY]  
02:43:28 [STASH_COMPACT] §f               §7You have §310,595 §7materials stashed away!
02:43:28 [STASH_COMPACT] §f              §8(This totals 2 types of materials stashed!)
02:43:28 [STASH_COMPACT] §f                §3§l>>> §3§lCLICK HERE§b to pick them up! §3§l<<<
02:43:28 [EMPTY]   
02:44:29 [EMPTY]  
02:44:29 [STASH_COMPACT] §f               §7You have §310,595 §7materials stashed away!
02:44:29 [STASH_COMPACT] §f              §8(This totals 2 types of materials stashed!)
02:44:29 [STASH_COMPACT] §f                §3§l>>> §3§lCLICK HERE§b to pick them up! §3§l<<<
02:44:29 [EMPTY]   
02:45:29 [EMPTY]  
02:45:29 [STASH_COMPACT] §f               §7You have §310,595 §7materials stashed away!
02:45:29 [STASH_COMPACT] §f              §8(This totals 2 types of materials stashed!)
02:45:29 [STASH_COMPACT] §f                §3§l>>> §3§lCLICK HERE§b to pick them up! §3§l<<<
02:45:29 [EMPTY]   
02:45:51 [EMPTY] §f
02:45:51 [EMPTY] §f
02:45:51 [EMPTY] §f
02:45:51 [EMPTY] §f
02:45:59 [EMPTY] 
02:46:30 [EMPTY]  
02:46:30 [STASH_COMPACT] §f               §7You have §310,595 §7materials stashed away!
02:46:30 [STASH_COMPACT] §f              §8(This totals 2 types of materials stashed!)
02:46:30 [STASH_COMPACT] §f                §3§l>>> §3§lCLICK HERE§b to pick them up! §3§l<<<
02:46:30 [EMPTY]   
02:47:31 [EMPTY]  
02:47:31 [STASH_COMPACT] §f               §7You have §310,595 §7materials stashed away!
02:47:31 [STASH_COMPACT] §f              §8(This totals 2 types of materials stashed!)
02:47:31 [STASH_COMPACT] §f                §3§l>>> §3§lCLICK HERE§b to pick them up! §3§l<<<
02:47:31 [EMPTY]   
02:47:49 [EMPTY] §f                                        
02:48:33 [EMPTY]  
02:48:33 [STASH_COMPACT] §f               §7You have §310,595 §7materials stashed away!
02:48:33 [STASH_COMPACT] §f              §8(This totals 2 types of materials stashed!)
02:48:33 [STASH_COMPACT] §f                §3§l>>> §3§lCLICK HERE§b to pick them up! §3§l<<<
02:48:33 [EMPTY]   
02:49:34 [EMPTY]  
02:49:34 [STASH_COMPACT] §f               §7You have §310,595 §7materials stashed away!
02:49:34 [STASH_COMPACT] §f              §8(This totals 2 types of materials stashed!)
02:49:34 [STASH_COMPACT] §f                §3§l>>> §3§lCLICK HERE§b to pick them up! §3§l<<<
02:49:34 [EMPTY]   
02:50:35 [EMPTY]  
02:50:35 [STASH_COMPACT] §f               §7You have §310,595 §7materials stashed away!
02:50:35 [STASH_COMPACT] §f              §8(This totals 2 types of materials stashed!)
02:50:35 [STASH_COMPACT] §f                §3§l>>> §3§lCLICK HERE§b to pick them up! §3§l<<<
02:50:35 [EMPTY]   
02:51:36 [EMPTY]  
02:51:36 [STASH_COMPACT] §f               §7You have §310,595 §7materials stashed away!
02:51:36 [STASH_COMPACT] §f              §8(This totals 2 types of materials stashed!)
02:51:36 [STASH_COMPACT] §f                §3§l>>> §3§lCLICK HERE§b to pick them up! §3§l<<<
02:51:36 [EMPTY]   
02:52:37 [EMPTY]  
02:52:37 [STASH_COMPACT] §f               §7You have §310,595 §7materials stashed away!
02:52:37 [STASH_COMPACT] §f              §8(This totals 2 types of materials stashed!)
02:52:37 [STASH_COMPACT] §f                §3§l>>> §3§lCLICK HERE§b to pick them up! §3§l<<<
02:52:37 [EMPTY]   
02:53:39 [EMPTY]  
02:53:39 [STASH_COMPACT] §f               §7You have §310,595 §7materials stashed away!
02:53:39 [STASH_COMPACT] §f              §8(This totals 2 types of materials stashed!)
02:53:39 [STASH_COMPACT] §f                §3§l>>> §3§lCLICK HERE§b to pick them up! §3§l<<<
02:53:39 [EMPTY]   
02:54:40 [EMPTY]  
02:54:40 [STASH_COMPACT] §f               §7You have §310,595 §7materials stashed away!
02:54:40 [STASH_COMPACT] §f              §8(This totals 2 types of materials stashed!)
02:54:40 [STASH_COMPACT] §f                §3§l>>> §3§lCLICK HERE§b to pick them up! §3§l<<<
02:54:40 [EMPTY]   
02:55:42 [EMPTY]  
02:55:42 [STASH_COMPACT] §f               §7You have §310,595 §7materials stashed away!
02:55:42 [STASH_COMPACT] §f              §8(This totals 2 types of materials stashed!)
02:55:42 [STASH_COMPACT] §f                §3§l>>> §3§lCLICK HERE§b to pick them up! §3§l<<<
02:55:42 [EMPTY]   
02:56:43 [EMPTY]  
02:56:43 [STASH_COMPACT] §f               §7You have §310,595 §7materials stashed away!
02:56:43 [STASH_COMPACT] §f              §8(This totals 2 types of materials stashed!)
02:56:43 [STASH_COMPACT] §f                §3§l>>> §3§lCLICK HERE§b to pick them up! §3§l<<<
02:56:43 [EMPTY]   
02:57:44 [EMPTY]  
02:57:44 [STASH_COMPACT] §f               §7You have §310,595 §7materials stashed away!
02:57:44 [STASH_COMPACT] §f              §8(This totals 2 types of materials stashed!)
02:57:44 [STASH_COMPACT] §f                §3§l>>> §3§lCLICK HERE§b to pick them up! §3§l<<<
02:57:44 [EMPTY]   
02:58:45 [EMPTY]  
02:58:45 [STASH_COMPACT] §f               §7You have §310,595 §7materials stashed away!
02:58:45 [STASH_COMPACT] §f              §8(This totals 2 types of materials stashed!)
02:58:45 [STASH_COMPACT] §f                §3§l>>> §3§lCLICK HERE§b to pick them up! §3§l<<<
02:58:45 [EMPTY]   
02:59:46 [EMPTY]  
02:59:46 [STASH_COMPACT] §f               §7You have §310,595 §7materials stashed away!
02:59:46 [STASH_COMPACT] §f              §8(This totals 2 types of materials stashed!)
02:59:46 [STASH_COMPACT] §f                §3§l>>> §3§lCLICK HERE§b to pick them up! §3§l<<<
02:59:46 [EMPTY]   
03:00:20 [EMPTY] §f
03:00:20 [EMPTY] §c
03:00:48 [EMPTY]  
03:00:48 [STASH_COMPACT] §f               §7You have §310,595 §7materials stashed away!
03:00:48 [STASH_COMPACT] §f              §8(This totals 2 types of materials stashed!)
03:00:48 [STASH_COMPACT] §f                §3§l>>> §3§lCLICK HERE§b to pick them up! §3§l<<<
03:00:48 [EMPTY]   
03:01:49 [EMPTY]  
03:01:49 [STASH_COMPACT] §f               §7You have §310,595 §7materials stashed away!
03:01:49 [STASH_COMPACT] §f              §8(This totals 2 types of materials stashed!)
03:01:49 [STASH_COMPACT] §f                §3§l>>> §3§lCLICK HERE§b to pick them up! §3§l<<<
03:01:49 [EMPTY]   
03:02:51 [EMPTY]  
03:02:51 [STASH_COMPACT] §f               §7You have §310,595 §7materials stashed away!
03:02:51 [STASH_COMPACT] §f              §8(This totals 2 types of materials stashed!)
03:02:51 [STASH_COMPACT] §f                §3§l>>> §3§lCLICK HERE§b to pick them up! §3§l<<<
03:02:51 [EMPTY]   
03:03:08 [EMPTY] 
03:03:52 [EMPTY]  
03:03:52 [STASH_COMPACT] §f               §7You have §310,595 §7materials stashed away!
03:03:52 [STASH_COMPACT] §f              §8(This totals 2 types of materials stashed!)
03:03:52 [STASH_COMPACT] §f                §3§l>>> §3§lCLICK HERE§b to pick them up! §3§l<<<
03:03:52 [EMPTY]   
03:04:52 [EMPTY]  
03:04:52 [STASH_COMPACT] §f               §7You have §310,595 §7materials stashed away!
03:04:52 [STASH_COMPACT] §f              §8(This totals 2 types of materials stashed!)
03:04:52 [STASH_COMPACT] §f                §3§l>>> §3§lCLICK HERE§b to pick them up! §3§l<<<
03:04:52 [EMPTY]   
03:05:52 [EMPTY]  
03:05:52 [STASH_COMPACT] §f               §7You have §310,595 §7materials stashed away!
03:05:52 [STASH_COMPACT] §f              §8(This totals 2 types of materials stashed!)
03:05:52 [STASH_COMPACT] §f                §3§l>>> §3§lCLICK HERE§b to pick them up! §3§l<<<
03:05:52 [EMPTY]   
03:06:53 [EMPTY]  
03:06:53 [STASH_COMPACT] §f               §7You have §310,595 §7materials stashed away!
03:06:53 [STASH_COMPACT] §f              §8(This totals 2 types of materials stashed!)
03:06:53 [STASH_COMPACT] §f                §3§l>>> §3§lCLICK HERE§b to pick them up! §3§l<<<
03:06:53 [EMPTY]   
03:07:47 [EMPTY] §f                                        
03:07:54 [EMPTY]  
03:07:54 [STASH_COMPACT] §f               §7You have §310,595 §7materials stashed away!
03:07:54 [STASH_COMPACT] §f              §8(This totals 2 types of materials stashed!)
03:07:54 [STASH_COMPACT] §f                §3§l>>> §3§lCLICK HERE§b to pick them up! §3§l<<<
03:07:54 [EMPTY]   
03:08:55 [EMPTY]  
03:08:55 [STASH_COMPACT] §f               §7You have §310,595 §7materials stashed away!
03:08:55 [STASH_COMPACT] §f              §8(This totals 2 types of materials stashed!)
03:08:55 [STASH_COMPACT] §f                §3§l>>> §3§lCLICK HERE§b to pick them up! §3§l<<<
03:08:55 [EMPTY]   
03:09:56 [EMPTY]  
03:09:56 [STASH_COMPACT] §f               §7You have §310,595 §7materials stashed away!
03:09:56 [STASH_COMPACT] §f              §8(This totals 2 types of materials stashed!)
03:09:56 [STASH_COMPACT] §f                §3§l>>> §3§lCLICK HERE§b to pick them up! §3§l<<<
03:09:56 [EMPTY]   
03:10:57 [EMPTY]  
03:10:57 [STASH_COMPACT] §f               §7You have §310,595 §7materials stashed away!
03:10:57 [STASH_COMPACT] §f              §8(This totals 2 types of materials stashed!)
03:10:57 [STASH_COMPACT] §f                §3§l>>> §3§lCLICK HERE§b to pick them up! §3§l<<<
03:10:57 [EMPTY]   
03:11:58 [EMPTY]  
03:11:58 [STASH_COMPACT] §f               §7You have §310,595 §7materials stashed away!
03:11:58 [STASH_COMPACT] §f              §8(This totals 2 types of materials stashed!)
03:11:58 [STASH_COMPACT] §f                §3§l>>> §3§lCLICK HERE§b to pick them up! §3§l<<<
03:11:58 [EMPTY]   
03:12:59 [EMPTY]  
03:12:59 [STASH_COMPACT] §f               §7You have §310,595 §7materials stashed away!
03:12:59 [STASH_COMPACT] §f              §8(This totals 2 types of materials stashed!)
03:12:59 [STASH_COMPACT] §f                §3§l>>> §3§lCLICK HERE§b to pick them up! §3§l<<<
03:12:59 [EMPTY]   
03:14:00 [EMPTY]  
03:14:00 [STASH_COMPACT] §f               §7You have §310,595 §7materials stashed away!
03:14:00 [STASH_COMPACT] §f              §8(This totals 2 types of materials stashed!)
03:14:00 [STASH_COMPACT] §f                §3§l>>> §3§lCLICK HERE§b to pick them up! §3§l<<<
03:14:00 [EMPTY]   
03:15:01 [EMPTY]  
03:15:01 [STASH_COMPACT] §f               §7You have §310,595 §7materials stashed away!
03:15:01 [STASH_COMPACT] §f              §8(This totals 2 types of materials stashed!)
03:15:01 [STASH_COMPACT] §f                §3§l>>> §3§lCLICK HERE§b to pick them up! §3§l<<<
03:15:01 [EMPTY]   
03:16:02 [EMPTY]  
03:16:02 [STASH_COMPACT] §f               §7You have §310,595 §7materials stashed away!
03:16:02 [STASH_COMPACT] §f              §8(This totals 2 types of materials stashed!)
03:16:02 [STASH_COMPACT] §f                §3§l>>> §3§lCLICK HERE§b to pick them up! §3§l<<<
03:16:02 [EMPTY]   
03:17:04 [EMPTY]  
03:17:04 [STASH_COMPACT] §f               §7You have §310,595 §7materials stashed away!
03:17:04 [STASH_COMPACT] §f              §8(This totals 2 types of materials stashed!)
03:17:04 [STASH_COMPACT] §f                §3§l>>> §3§lCLICK HERE§b to pick them up! §3§l<<<
03:17:04 [EMPTY]   
03:18:04 [EMPTY]  
03:18:04 [STASH_COMPACT] §f               §7You have §310,595 §7materials stashed away!
03:18:04 [STASH_COMPACT] §f              §8(This totals 2 types of materials stashed!)
03:18:04 [STASH_COMPACT] §f                §3§l>>> §3§lCLICK HERE§b to pick them up! §3§l<<<
03:18:04 [EMPTY]   
03:19:05 [EMPTY]  
03:19:05 [STASH_COMPACT] §f               §7You have §310,595 §7materials stashed away!
03:19:05 [STASH_COMPACT] §f              §8(This totals 2 types of materials stashed!)
03:19:05 [STASH_COMPACT] §f                §3§l>>> §3§lCLICK HERE§b to pick them up! §3§l<<<
03:19:05 [EMPTY]   
03:20:06 [EMPTY]  
03:20:06 [STASH_COMPACT] §f               §7You have §310,595 §7materials stashed away!
03:20:06 [STASH_COMPACT] §f              §8(This totals 2 types of materials stashed!)
03:20:06 [STASH_COMPACT] §f                §3§l>>> §3§lCLICK HERE§b to pick them up! §3§l<<<
03:20:06 [EMPTY]   
03:21:07 [EMPTY]  
03:21:07 [STASH_COMPACT] §f               §7You have §310,595 §7materials stashed away!
03:21:07 [STASH_COMPACT] §f              §8(This totals 2 types of materials stashed!)
03:21:07 [STASH_COMPACT] §f                §3§l>>> §3§lCLICK HERE§b to pick them up! §3§l<<<
03:21:07 [EMPTY]   
03:22:08 [EMPTY]  
03:22:08 [STASH_COMPACT] §f               §7You have §310,595 §7materials stashed away!
03:22:08 [STASH_COMPACT] §f              §8(This totals 2 types of materials stashed!)
03:22:08 [STASH_COMPACT] §f                §3§l>>> §3§lCLICK HERE§b to pick them up! §3§l<<<
03:22:08 [EMPTY]   
03:23:05 [EMPTY] 
03:23:11 [EMPTY]  
03:23:11 [STASH_COMPACT] §f               §7You have §310,595 §7materials stashed away!
03:23:11 [STASH_COMPACT] §f              §8(This totals 2 types of materials stashed!)
03:23:11 [STASH_COMPACT] §f                §3§l>>> §3§lCLICK HERE§b to pick them up! §3§l<<<
03:23:11 [EMPTY]   
03:24:12 [EMPTY]  
03:24:12 [STASH_COMPACT] §f               §7You have §310,595 §7materials stashed away!
03:24:12 [STASH_COMPACT] §f              §8(This totals 2 types of materials stashed!)
03:24:12 [STASH_COMPACT] §f                §3§l>>> §3§lCLICK HERE§b to pick them up! §3§l<<<
03:24:12 [EMPTY]   
03:25:13 [EMPTY]  
03:25:13 [STASH_COMPACT] §f               §7You have §310,595 §7materials stashed away!
03:25:13 [STASH_COMPACT] §f              §8(This totals 2 types of materials stashed!)
03:25:13 [STASH_COMPACT] §f                §3§l>>> §3§lCLICK HERE§b to pick them up! §3§l<<<
03:25:13 [EMPTY]   
03:26:14 [EMPTY]  
03:26:14 [STASH_COMPACT] §f               §7You have §310,595 §7materials stashed away!
03:26:14 [STASH_COMPACT] §f              §8(This totals 2 types of materials stashed!)
03:26:14 [STASH_COMPACT] §f                §3§l>>> §3§lCLICK HERE§b to pick them up! §3§l<<<
03:26:14 [EMPTY]   
03:27:16 [EMPTY]  
03:27:16 [STASH_COMPACT] §f               §7You have §310,595 §7materials stashed away!
03:27:16 [STASH_COMPACT] §f              §8(This totals 2 types of materials stashed!)
03:27:16 [STASH_COMPACT] §f                §3§l>>> §3§lCLICK HERE§b to pick them up! §3§l<<<
03:27:16 [EMPTY]   
03:27:46 [EMPTY] §f                                        
03:28:17 [EMPTY]  
03:28:17 [STASH_COMPACT] §f               §7You have §310,595 §7materials stashed away!
03:28:17 [STASH_COMPACT] §f              §8(This totals 2 types of materials stashed!)
03:28:17 [STASH_COMPACT] §f                §3§l>>> §3§lCLICK HERE§b to pick them up! §3§l<<<
03:28:17 [EMPTY]   
03:29:19 [EMPTY]  
03:29:19 [STASH_COMPACT] §f               §7You have §310,595 §7materials stashed away!
03:29:19 [STASH_COMPACT] §f              §8(This totals 2 types of materials stashed!)
03:29:19 [STASH_COMPACT] §f                §3§l>>> §3§lCLICK HERE§b to pick them up! §3§l<<<
03:29:19 [EMPTY]   
03:30:20 [EMPTY]  
03:30:20 [STASH_COMPACT] §f               §7You have §310,595 §7materials stashed away!
03:30:20 [STASH_COMPACT] §f              §8(This totals 2 types of materials stashed!)
03:30:20 [STASH_COMPACT] §f                §3§l>>> §3§lCLICK HERE§b to pick them up! §3§l<<<
03:30:20 [EMPTY]   
03:31:21 [EMPTY]  
03:31:21 [STASH_COMPACT] §f               §7You have §310,595 §7materials stashed away!
03:31:21 [STASH_COMPACT] §f              §8(This totals 2 types of materials stashed!)
03:31:21 [STASH_COMPACT] §f                §3§l>>> §3§lCLICK HERE§b to pick them up! §3§l<<<
03:31:21 [EMPTY]   
03:32:22 [EMPTY]  
03:32:22 [STASH_COMPACT] §f               §7You have §310,595 §7materials stashed away!
03:32:22 [STASH_COMPACT] §f              §8(This totals 2 types of materials stashed!)
03:32:22 [STASH_COMPACT] §f                §3§l>>> §3§lCLICK HERE§b to pick them up! §3§l<<<
03:32:22 [EMPTY]   
03:33:25 [EMPTY]  
03:33:25 [STASH_COMPACT] §f               §7You have §310,595 §7materials stashed away!
03:33:25 [STASH_COMPACT] §f              §8(This totals 2 types of materials stashed!)
03:33:25 [STASH_COMPACT] §f                §3§l>>> §3§lCLICK HERE§b to pick them up! §3§l<<<
03:33:25 [EMPTY]   
03:34:26 [EMPTY]  
03:34:26 [STASH_COMPACT] §f               §7You have §310,595 §7materials stashed away!
03:34:26 [STASH_COMPACT] §f              §8(This totals 2 types of materials stashed!)
03:34:26 [STASH_COMPACT] §f                §3§l>>> §3§lCLICK HERE§b to pick them up! §3§l<<<
03:34:26 [EMPTY]   
03:35:27 [EMPTY]  
03:35:27 [STASH_COMPACT] §f               §7You have §310,595 §7materials stashed away!
03:35:27 [STASH_COMPACT] §f              §8(This totals 2 types of materials stashed!)
03:35:27 [STASH_COMPACT] §f                §3§l>>> §3§lCLICK HERE§b to pick them up! §3§l<<<
03:35:27 [EMPTY]   
03:36:27 [EMPTY] §8 §r§8 §r§1 §r§3 §r§3 §r§7 §r§8 
03:36:30 [EMPTY]  
03:36:30 [STASH_COMPACT] §f               §7You have §310,595 §7materials stashed away!
03:36:30 [STASH_COMPACT] §f              §8(This totals 2 types of materials stashed!)
03:36:30 [STASH_COMPACT] §f                §3§l>>> §3§lCLICK HERE§b to pick them up! §3§l<<<
03:36:30 [EMPTY]   
03:36:31 [EMPTY]  
03:36:31 [STASH_COMPACT] §f               §7You have §310,595 §7materials stashed away!
03:36:31 [STASH_COMPACT] §f              §8(This totals 2 types of materials stashed!)
03:36:31 [STASH_COMPACT] §f                §3§l>>> §3§lCLICK HERE§b to pick them up! §3§l<<<
03:36:31 [EMPTY]   
03:37:31 [EMPTY]  
03:37:31 [STASH_COMPACT] §f               §7You have §310,595 §7materials stashed away!
03:37:31 [STASH_COMPACT] §f              §8(This totals 2 types of materials stashed!)
03:37:31 [STASH_COMPACT] §f                §3§l>>> §3§lCLICK HERE§b to pick them up! §3§l<<<
03:37:31 [EMPTY]   
03:38:31 [EMPTY]  
03:38:31 [STASH_COMPACT] §f               §7You have §310,595 §7materials stashed away!
03:38:31 [STASH_COMPACT] §f              §8(This totals 2 types of materials stashed!)
03:38:31 [STASH_COMPACT] §f                §3§l>>> §3§lCLICK HERE§b to pick them up! §3§l<<<
03:38:31 [EMPTY]   
03:39:31 [EMPTY]  
03:39:31 [STASH_COMPACT] §f               §7You have §310,595 §7materials stashed away!
03:39:31 [STASH_COMPACT] §f              §8(This totals 2 types of materials stashed!)
03:39:31 [STASH_COMPACT] §f                §3§l>>> §3§lCLICK HERE§b to pick them up! §3§l<<<
03:39:31 [EMPTY]   
03:40:31 [EMPTY]  
03:40:31 [STASH_COMPACT] §f               §7You have §310,595 §7materials stashed away!
03:40:31 [STASH_COMPACT] §f              §8(This totals 2 types of materials stashed!)
03:40:31 [STASH_COMPACT] §f                §3§l>>> §3§lCLICK HERE§b to pick them up! §3§l<<<
03:40:31 [EMPTY]   
03:41:32 [EMPTY]  
03:41:32 [STASH_COMPACT] §f               §7You have §310,595 §7materials stashed away!
03:41:32 [STASH_COMPACT] §f              §8(This totals 2 types of materials stashed!)
03:41:32 [STASH_COMPACT] §f                §3§l>>> §3§lCLICK HERE§b to pick them up! §3§l<<<
03:41:32 [EMPTY]   
03:42:32 [EMPTY]  
03:42:32 [STASH_COMPACT] §f               §7You have §310,595 §7materials stashed away!
03:42:32 [STASH_COMPACT] §f              §8(This totals 2 types of materials stashed!)
03:42:32 [STASH_COMPACT] §f                §3§l>>> §3§lCLICK HERE§b to pick them up! §3§l<<<
03:42:32 [EMPTY]   
03:43:32 [EMPTY]  
03:43:32 [STASH_COMPACT] §f               §7You have §310,595 §7materials stashed away!
03:43:32 [STASH_COMPACT] §f              §8(This totals 2 types of materials stashed!)
03:43:32 [STASH_COMPACT] §f                §3§l>>> §3§lCLICK HERE§b to pick them up! §3§l<<<
03:43:32 [EMPTY]   
03:44:32 [EMPTY]  
03:44:32 [STASH_COMPACT] §f               §7You have §310,595 §7materials stashed away!
03:44:32 [STASH_COMPACT] §f              §8(This totals 2 types of materials stashed!)
03:44:32 [STASH_COMPACT] §f                §3§l>>> §3§lCLICK HERE§b to pick them up! §3§l<<<
03:44:32 [EMPTY]   
03:45:32 [EMPTY]  
03:45:32 [STASH_COMPACT] §f               §7You have §310,595 §7materials stashed away!
03:45:32 [STASH_COMPACT] §f              §8(This totals 2 types of materials stashed!)
03:45:32 [STASH_COMPACT] §f                §3§l>>> §3§lCLICK HERE§b to pick them up! §3§l<<<
03:45:32 [EMPTY]   
03:46:32 [EMPTY]  
03:46:32 [STASH_COMPACT] §f               §7You have §310,595 §7materials stashed away!
03:46:32 [STASH_COMPACT] §f              §8(This totals 2 types of materials stashed!)
03:46:32 [STASH_COMPACT] §f                §3§l>>> §3§lCLICK HERE§b to pick them up! §3§l<<<
03:46:32 [EMPTY]   
03:47:32 [EMPTY]  
03:47:32 [STASH_COMPACT] §f               §7You have §310,595 §7materials stashed away!
03:47:32 [STASH_COMPACT] §f              §8(This totals 2 types of materials stashed!)
03:47:32 [STASH_COMPACT] §f                §3§l>>> §3§lCLICK HERE§b to pick them up! §3§l<<<
03:47:32 [EMPTY]   
03:48:32 [EMPTY]  
03:48:32 [STASH_COMPACT] §f               §7You have §310,595 §7materials stashed away!
03:48:32 [STASH_COMPACT] §f              §8(This totals 2 types of materials stashed!)
03:48:32 [STASH_COMPACT] §f                §3§l>>> §3§lCLICK HERE§b to pick them up! §3§l<<<
03:48:32 [EMPTY]   
03:49:32 [EMPTY]  
03:49:32 [STASH_COMPACT] §f               §7You have §310,595 §7materials stashed away!
03:49:32 [STASH_COMPACT] §f              §8(This totals 2 types of materials stashed!)
03:49:32 [STASH_COMPACT] §f                §3§l>>> §3§lCLICK HERE§b to pick them up! §3§l<<<
03:49:32 [EMPTY]   
03:50:32 [EMPTY]  
03:50:32 [STASH_COMPACT] §f               §7You have §310,595 §7materials stashed away!
03:50:32 [STASH_COMPACT] §f              §8(This totals 2 types of materials stashed!)
03:50:32 [STASH_COMPACT] §f                §3§l>>> §3§lCLICK HERE§b to pick them up! §3§l<<<
03:50:32 [EMPTY]   
03:51:32 [EMPTY]  
03:51:32 [STASH_COMPACT] §f               §7You have §310,595 §7materials stashed away!
03:51:32 [STASH_COMPACT] §f              §8(This totals 2 types of materials stashed!)
03:51:32 [STASH_COMPACT] §f                §3§l>>> §3§lCLICK HERE§b to pick them up! §3§l<<<
03:51:32 [EMPTY]   
03:52:33 [EMPTY]  
03:52:33 [STASH_COMPACT] §f               §7You have §310,595 §7materials stashed away!
03:52:33 [STASH_COMPACT] §f              §8(This totals 2 types of materials stashed!)
03:52:33 [STASH_COMPACT] §f                §3§l>>> §3§lCLICK HERE§b to pick them up! §3§l<<<
03:52:33 [EMPTY]   
03:53:33 [EMPTY]  
03:53:33 [STASH_COMPACT] §f               §7You have §310,595 §7materials stashed away!
03:53:33 [STASH_COMPACT] §f              §8(This totals 2 types of materials stashed!)
03:53:33 [STASH_COMPACT] §f                §3§l>>> §3§lCLICK HERE§b to pick them up! §3§l<<<
03:53:33 [EMPTY]   
