03:35:27 §f §r§r§r§f §r§r§r§1 §r§r§r§0 §r§r§r§2 §r§r§r§f §r§r§r§f §r§r§r§2 §r§r§r§0 §r§r§r§4 §r§r§r§3 §r§r§r§9 §r§r§r§2 §r§r§r§0 §r§r§r§0 §r§r§r§3 §r§r§r§9 §r§r§r§2 §r§r§r§0 §r§r§r§0 §r§r§r§3 §r§r§r§9 §r§r§r§2 §r§r§r§0 §r§r§r§0 
03:35:27 
03:36:37 §8 §r§8 §r§1 §r§3 §r§3 §r§7 §r§8 
03:36:39 
03:36:39 
03:36:40  
03:36:40   
03:36:44  
03:36:44   
03:37:45  
03:37:45   
03:38:46  
03:38:46   
03:39:47  
03:39:47   
03:40:48  
03:40:48   
03:41:49  
03:41:49   
03:42:51  
03:42:51   
03:43:52  
03:43:52   
03:44:34 §8 §r§8 §r§1 §r§3 §r§3 §r§7 §r§8 
03:44:39  
03:44:39   
03:44:39  
03:44:40   
03:45:35 
03:45:35 
03:45:39  
03:45:39   
03:46:39  
03:46:39   
03:47:40  
03:47:40   
03:48:40  
03:48:40   
03:49:40  
03:49:40   
