15:24:27 [EMPTY] §f §r§r§r§f §r§r§r§1 §r§r§r§0 §r§r§r§2 §r§r§r§f §r§r§r§f §r§r§r§2 §r§r§r§0 §r§r§r§4 §r§r§r§3 §r§r§r§9 §r§r§r§2 §r§r§r§0 §r§r§r§0 §r§r§r§3 §r§r§r§9 §r§r§r§2 §r§r§r§0 §r§r§r§0 §r§r§r§3 §r§r§r§9 §r§r§r§2 §r§r§r§0 §r§r§r§0 
15:24:27 [EMPTY] 
15:24:41 [EMPTY] §8 §r§8 §r§1 §r§3 §r§3 §r§7 §r§8 
15:24:43 [EMPTY] 
15:24:43 [EMPTY] 
15:24:45 [EMPTY]  
15:24:45 [STASH_COMPACT] §f              §7You have §3491,029 §7materials stashed away!
15:24:45 [STASH_COMPACT] §f             §8(This totals 19 types of materials stashed!)
15:24:45 [STASH_COMPACT] §f                §3§l>>> §3§lCLICK HERE§b to pick them up! §3§l<<<
15:24:45 [EMPTY]   
15:24:45 [EMPTY]  
15:24:45 [STASH_COMPACT] §f              §7You have §3491,029 §7materials stashed away!
15:24:45 [STASH_COMPACT] §f             §8(This totals 19 types of materials stashed!)
15:24:45 [STASH_COMPACT] §f                §3§l>>> §3§lCLICK HERE§b to pick them up! §3§l<<<
15:24:45 [EMPTY]   
15:24:46 [SKYMALL] §bNew day! §r§eYour §r§2Sky Mall §r§ebuff changed!
15:24:46 [SKYMALL] §eNew buff§r§r§r: §r§fGain §r§6+100⸕ Mining Speed§r§f.
15:24:46 [SKYMALL] §8§oYou can disable this messaging by toggling Sky Mall in your /hotm!
15:25:46 [EMPTY]  
15:25:46 [STASH_COMPACT] §f              §7You have §3491,029 §7materials stashed away!
15:25:46 [STASH_COMPACT] §f             §8(This totals 19 types of materials stashed!)
15:25:46 [STASH_COMPACT] §f                §3§l>>> §3§lCLICK HERE§b to pick them up! §3§l<<<
15:25:46 [EMPTY]   
15:26:46 [EMPTY]  
15:26:46 [STASH_COMPACT] §f              §7You have §3491,029 §7materials stashed away!
15:26:46 [STASH_COMPACT] §f             §8(This totals 19 types of materials stashed!)
15:26:46 [STASH_COMPACT] §f                §3§l>>> §3§lCLICK HERE§b to pick them up! §3§l<<<
15:26:46 [EMPTY]   
15:26:55 [EMPTY] §8 §r§8 §r§1 §r§3 §r§3 §r§7 §r§8 
15:26:59 [EMPTY]  
15:26:59 [STASH_COMPACT] §f              §7You have §3491,029 §7materials stashed away!
15:26:59 [STASH_COMPACT] §f             §8(This totals 19 types of materials stashed!)
15:26:59 [STASH_COMPACT] §f                §3§l>>> §3§lCLICK HERE§b to pick them up! §3§l<<<
15:26:59 [EMPTY]   
15:27:52 [EMPTY]  
15:27:52 [STASH_COMPACT] §f              §7You have §3491,029 §7materials stashed away!
15:27:52 [STASH_COMPACT] §f             §8(This totals 19 types of materials stashed!)
15:27:52 [STASH_COMPACT] §f                §3§l>>> §3§lCLICK HERE§b to pick them up! §3§l<<<
15:27:52 [EMPTY]   
15:28:53 [EMPTY]  
15:28:53 [STASH_COMPACT] §f              §7You have §3491,029 §7materials stashed away!
15:28:53 [STASH_COMPACT] §f             §8(This totals 19 types of materials stashed!)
15:28:53 [STASH_COMPACT] §f                §3§l>>> §3§lCLICK HERE§b to pick them up! §3§l<<<
15:28:53 [EMPTY]   
15:29:54 [EMPTY]  
15:29:54 [STASH_COMPACT] §f              §7You have §3491,029 §7materials stashed away!
15:29:54 [STASH_COMPACT] §f             §8(This totals 19 types of materials stashed!)
15:29:54 [STASH_COMPACT] §f                §3§l>>> §3§lCLICK HERE§b to pick them up! §3§l<<<
15:29:54 [EMPTY]   
15:30:54 [EMPTY]  
15:30:54 [STASH_COMPACT] §f              §7You have §3491,029 §7materials stashed away!
15:30:54 [STASH_COMPACT] §f             §8(This totals 19 types of materials stashed!)
15:30:54 [STASH_COMPACT] §f                §3§l>>> §3§lCLICK HERE§b to pick them up! §3§l<<<
15:30:54 [EMPTY]   
15:31:55 [EMPTY]  
15:31:55 [STASH_COMPACT] §f              §7You have §3491,029 §7materials stashed away!
15:31:55 [STASH_COMPACT] §f             §8(This totals 19 types of materials stashed!)
15:31:55 [STASH_COMPACT] §f                §3§l>>> §3§lCLICK HERE§b to pick them up! §3§l<<<
15:31:55 [EMPTY]   
15:32:56 [EMPTY]  
15:32:56 [STASH_COMPACT] §f              §7You have §3491,176 §7materials stashed away!
15:32:56 [STASH_COMPACT] §f             §8(This totals 19 types of materials stashed!)
15:32:56 [STASH_COMPACT] §f                §3§l>>> §3§lCLICK HERE§b to pick them up! §3§l<<<
15:32:56 [EMPTY]   
15:33:57 [EMPTY]  
15:33:57 [STASH_COMPACT] §f              §7You have §3491,176 §7materials stashed away!
15:33:57 [STASH_COMPACT] §f             §8(This totals 19 types of materials stashed!)
15:33:57 [STASH_COMPACT] §f                §3§l>>> §3§lCLICK HERE§b to pick them up! §3§l<<<
15:33:57 [EMPTY]   
15:34:58 [EMPTY]  
15:34:58 [STASH_COMPACT] §f              §7You have §3491,220 §7materials stashed away!
15:34:58 [STASH_COMPACT] §f             §8(This totals 19 types of materials stashed!)
15:34:58 [STASH_COMPACT] §f                §3§l>>> §3§lCLICK HERE§b to pick them up! §3§l<<<
15:34:58 [EMPTY]   
15:36:00 [EMPTY]  
15:36:00 [STASH_COMPACT] §f              §7You have §3491,711 §7materials stashed away!
15:36:00 [STASH_COMPACT] §f             §8(This totals 19 types of materials stashed!)
15:36:00 [STASH_COMPACT] §f                §3§l>>> §3§lCLICK HERE§b to pick them up! §3§l<<<
15:36:00 [EMPTY]   
15:37:01 [EMPTY]  
15:37:01 [STASH_COMPACT] §f              §7You have §3492,547 §7materials stashed away!
15:37:01 [STASH_COMPACT] §f             §8(This totals 19 types of materials stashed!)
15:37:01 [STASH_COMPACT] §f                §3§l>>> §3§lCLICK HERE§b to pick them up! §3§l<<<
15:37:01 [EMPTY]   
15:38:03 [EMPTY]  
15:38:03 [STASH_COMPACT] §f              §7You have §3494,590 §7materials stashed away!
15:38:03 [STASH_COMPACT] §f             §8(This totals 19 types of materials stashed!)
15:38:03 [STASH_COMPACT] §f                §3§l>>> §3§lCLICK HERE§b to pick them up! §3§l<<<
15:38:03 [EMPTY]   
15:39:05 [EMPTY]  
15:39:05 [STASH_COMPACT] §f              §7You have §3494,590 §7materials stashed away!
15:39:05 [STASH_COMPACT] §f             §8(This totals 19 types of materials stashed!)
15:39:05 [STASH_COMPACT] §f                §3§l>>> §3§lCLICK HERE§b to pick them up! §3§l<<<
15:39:05 [EMPTY]   
15:40:07 [EMPTY]  
15:40:07 [STASH_COMPACT] §f              §7You have §3495,318 §7materials stashed away!
15:40:07 [STASH_COMPACT] §f             §8(This totals 19 types of materials stashed!)
15:40:07 [STASH_COMPACT] §f                §3§l>>> §3§lCLICK HERE§b to pick them up! §3§l<<<
15:40:07 [EMPTY]   
15:41:09 [EMPTY]  
15:41:09 [STASH_COMPACT] §f              §7You have §3495,600 §7materials stashed away!
15:41:09 [STASH_COMPACT] §f             §8(This totals 19 types of materials stashed!)
15:41:09 [STASH_COMPACT] §f                §3§l>>> §3§lCLICK HERE§b to pick them up! §3§l<<<
15:41:09 [EMPTY]   
15:42:11 [EMPTY]  
15:42:11 [STASH_COMPACT] §f              §7You have §3502,128 §7materials stashed away!
15:42:11 [STASH_COMPACT] §f             §8(This totals 19 types of materials stashed!)
15:42:11 [STASH_COMPACT] §f                §3§l>>> §3§lCLICK HERE§b to pick them up! §3§l<<<
15:42:11 [EMPTY]   
15:42:41 [EMPTY] 
15:43:13 [EMPTY]  
15:43:13 [STASH_COMPACT] §f              §7You have §3504,874 §7materials stashed away!
15:43:13 [STASH_COMPACT] §f             §8(This totals 19 types of materials stashed!)
15:43:13 [STASH_COMPACT] §f                §3§l>>> §3§lCLICK HERE§b to pick them up! §3§l<<<
15:43:13 [EMPTY]   
15:44:14 [EMPTY]  
15:44:14 [STASH_COMPACT] §f              §7You have §3504,874 §7materials stashed away!
15:44:14 [STASH_COMPACT] §f             §8(This totals 19 types of materials stashed!)
15:44:14 [STASH_COMPACT] §f                §3§l>>> §3§lCLICK HERE§b to pick them up! §3§l<<<
15:44:14 [EMPTY]   
15:44:19 [EMPTY] §f                                        
15:45:16 [EMPTY]  
15:45:16 [STASH_COMPACT] §f              §7You have §3505,782 §7materials stashed away!
15:45:16 [STASH_COMPACT] §f             §8(This totals 19 types of materials stashed!)
15:45:16 [STASH_COMPACT] §f                §3§l>>> §3§lCLICK HERE§b to pick them up! §3§l<<<
15:45:16 [EMPTY]   
15:46:18 [EMPTY]  
15:46:18 [STASH_COMPACT] §f              §7You have §3505,900 §7materials stashed away!
15:46:18 [STASH_COMPACT] §f             §8(This totals 19 types of materials stashed!)
15:46:18 [STASH_COMPACT] §f                §3§l>>> §3§lCLICK HERE§b to pick them up! §3§l<<<
15:46:18 [EMPTY]   
15:47:20 [EMPTY]  
15:47:20 [STASH_COMPACT] §f              §7You have §3505,900 §7materials stashed away!
15:47:20 [STASH_COMPACT] §f             §8(This totals 19 types of materials stashed!)
15:47:20 [STASH_COMPACT] §f                §3§l>>> §3§lCLICK HERE§b to pick them up! §3§l<<<
15:47:20 [EMPTY]   
15:48:22 [EMPTY]  
15:48:22 [STASH_COMPACT] §f              §7You have §3505,900 §7materials stashed away!
15:48:22 [STASH_COMPACT] §f             §8(This totals 19 types of materials stashed!)
15:48:22 [STASH_COMPACT] §f                §3§l>>> §3§lCLICK HERE§b to pick them up! §3§l<<<
15:48:22 [EMPTY]   
15:49:24 [EMPTY]  
15:49:24 [STASH_COMPACT] §f              §7You have §3505,900 §7materials stashed away!
15:49:24 [STASH_COMPACT] §f             §8(This totals 19 types of materials stashed!)
15:49:24 [STASH_COMPACT] §f                §3§l>>> §3§lCLICK HERE§b to pick them up! §3§l<<<
15:49:24 [EMPTY]   
15:50:26 [EMPTY]  
15:50:26 [STASH_COMPACT] §f              §7You have §3506,110 §7materials stashed away!
15:50:26 [STASH_COMPACT] §f             §8(This totals 19 types of materials stashed!)
15:50:26 [STASH_COMPACT] §f                §3§l>>> §3§lCLICK HERE§b to pick them up! §3§l<<<
15:50:26 [EMPTY]   
15:51:28 [EMPTY]  
15:51:28 [STASH_COMPACT] §f              §7You have §3506,110 §7materials stashed away!
15:51:28 [STASH_COMPACT] §f             §8(This totals 19 types of materials stashed!)
15:51:28 [STASH_COMPACT] §f                §3§l>>> §3§lCLICK HERE§b to pick them up! §3§l<<<
15:51:28 [EMPTY]   
15:52:30 [EMPTY]  
15:52:30 [STASH_COMPACT] §f              §7You have §3506,144 §7materials stashed away!
15:52:30 [STASH_COMPACT] §f             §8(This totals 19 types of materials stashed!)
15:52:30 [STASH_COMPACT] §f                §3§l>>> §3§lCLICK HERE§b to pick them up! §3§l<<<
15:52:30 [EMPTY]   
15:53:32 [EMPTY]  
15:53:32 [STASH_COMPACT] §f              §7You have §3506,147 §7materials stashed away!
15:53:32 [STASH_COMPACT] §f             §8(This totals 19 types of materials stashed!)
15:53:32 [STASH_COMPACT] §f                §3§l>>> §3§lCLICK HERE§b to pick them up! §3§l<<<
15:53:32 [EMPTY]   
15:54:34 [EMPTY]  
15:54:34 [STASH_COMPACT] §f              §7You have §3506,147 §7materials stashed away!
15:54:34 [STASH_COMPACT] §f             §8(This totals 19 types of materials stashed!)
15:54:34 [STASH_COMPACT] §f                §3§l>>> §3§lCLICK HERE§b to pick them up! §3§l<<<
15:54:34 [EMPTY]   
15:55:35 [EMPTY]  
15:55:35 [STASH_COMPACT] §f              §7You have §3513,865 §7materials stashed away!
15:55:35 [STASH_COMPACT] §f             §8(This totals 19 types of materials stashed!)
15:55:35 [STASH_COMPACT] §f                §3§l>>> §3§lCLICK HERE§b to pick them up! §3§l<<<
15:55:35 [EMPTY]   
15:56:37 [EMPTY]  
15:56:37 [STASH_COMPACT] §f              §7You have §3513,865 §7materials stashed away!
15:56:37 [STASH_COMPACT] §f             §8(This totals 19 types of materials stashed!)
15:56:37 [STASH_COMPACT] §f                §3§l>>> §3§lCLICK HERE§b to pick them up! §3§l<<<
15:56:37 [EMPTY]   
15:57:38 [EMPTY]  
15:57:38 [STASH_COMPACT] §f              §7You have §3513,865 §7materials stashed away!
15:57:38 [STASH_COMPACT] §f             §8(This totals 19 types of materials stashed!)
15:57:38 [STASH_COMPACT] §f                §3§l>>> §3§lCLICK HERE§b to pick them up! §3§l<<<
15:57:38 [EMPTY]   
15:58:39 [EMPTY]  
15:58:39 [STASH_COMPACT] §f              §7You have §3513,865 §7materials stashed away!
15:58:39 [STASH_COMPACT] §f             §8(This totals 19 types of materials stashed!)
15:58:39 [STASH_COMPACT] §f                §3§l>>> §3§lCLICK HERE§b to pick them up! §3§l<<<
15:58:39 [EMPTY]   
15:59:40 [EMPTY]  
15:59:40 [STASH_COMPACT] §f              §7You have §3515,023 §7materials stashed away!
15:59:40 [STASH_COMPACT] §f             §8(This totals 19 types of materials stashed!)
15:59:40 [STASH_COMPACT] §f                §3§l>>> §3§lCLICK HERE§b to pick them up! §3§l<<<
15:59:40 [EMPTY]   
16:00:42 [EMPTY]  
16:00:42 [STASH_COMPACT] §f              §7You have §3515,316 §7materials stashed away!
16:00:42 [STASH_COMPACT] §f             §8(This totals 19 types of materials stashed!)
16:00:42 [STASH_COMPACT] §f                §3§l>>> §3§lCLICK HERE§b to pick them up! §3§l<<<
16:00:42 [EMPTY]   
16:01:43 [EMPTY]  
16:01:43 [STASH_COMPACT] §f              §7You have §3515,572 §7materials stashed away!
16:01:43 [STASH_COMPACT] §f             §8(This totals 19 types of materials stashed!)
16:01:43 [STASH_COMPACT] §f                §3§l>>> §3§lCLICK HERE§b to pick them up! §3§l<<<
16:01:43 [EMPTY]   
16:02:44 [EMPTY]  
16:02:44 [STASH_COMPACT] §f              §7You have §3515,572 §7materials stashed away!
16:02:44 [STASH_COMPACT] §f             §8(This totals 19 types of materials stashed!)
16:02:44 [STASH_COMPACT] §f                §3§l>>> §3§lCLICK HERE§b to pick them up! §3§l<<<
16:02:44 [EMPTY]   
16:02:49 [EMPTY] 
16:03:46 [EMPTY]  
16:03:46 [STASH_COMPACT] §f              §7You have §3515,820 §7materials stashed away!
16:03:46 [STASH_COMPACT] §f             §8(This totals 19 types of materials stashed!)
16:03:46 [STASH_COMPACT] §f                §3§l>>> §3§lCLICK HERE§b to pick them up! §3§l<<<
16:03:46 [EMPTY]   
16:04:27 [EMPTY] §f                                        
16:04:47 [EMPTY]  
16:04:47 [STASH_COMPACT] §f              §7You have §3515,820 §7materials stashed away!
16:04:47 [STASH_COMPACT] §f             §8(This totals 19 types of materials stashed!)
16:04:47 [STASH_COMPACT] §f                §3§l>>> §3§lCLICK HERE§b to pick them up! §3§l<<<
16:04:47 [EMPTY]   
16:05:48 [EMPTY]  
16:05:48 [STASH_COMPACT] §f              §7You have §3515,820 §7materials stashed away!
16:05:48 [STASH_COMPACT] §f             §8(This totals 19 types of materials stashed!)
16:05:48 [STASH_COMPACT] §f                §3§l>>> §3§lCLICK HERE§b to pick them up! §3§l<<<
16:05:48 [EMPTY]   
16:06:50 [EMPTY]  
16:06:50 [STASH_COMPACT] §f              §7You have §3515,820 §7materials stashed away!
16:06:50 [STASH_COMPACT] §f             §8(This totals 19 types of materials stashed!)
16:06:50 [STASH_COMPACT] §f                §3§l>>> §3§lCLICK HERE§b to pick them up! §3§l<<<
16:06:50 [EMPTY]   
16:07:51 [EMPTY]  
16:07:51 [STASH_COMPACT] §f              §7You have §3515,820 §7materials stashed away!
16:07:51 [STASH_COMPACT] §f             §8(This totals 19 types of materials stashed!)
16:07:51 [STASH_COMPACT] §f                §3§l>>> §3§lCLICK HERE§b to pick them up! §3§l<<<
16:07:51 [EMPTY]   
16:08:53 [EMPTY]  
16:08:53 [STASH_COMPACT] §f              §7You have §3515,820 §7materials stashed away!
16:08:53 [STASH_COMPACT] §f             §8(This totals 19 types of materials stashed!)
16:08:53 [STASH_COMPACT] §f                §3§l>>> §3§lCLICK HERE§b to pick them up! §3§l<<<
16:08:53 [EMPTY]   
16:09:53 [EMPTY]  
16:09:53 [STASH_COMPACT] §f              §7You have §3515,820 §7materials stashed away!
16:09:53 [STASH_COMPACT] §f             §8(This totals 19 types of materials stashed!)
16:09:53 [STASH_COMPACT] §f                §3§l>>> §3§lCLICK HERE§b to pick them up! §3§l<<<
16:09:54 [EMPTY]   
16:10:55 [EMPTY]  
16:10:55 [STASH_COMPACT] §f              §7You have §3515,820 §7materials stashed away!
16:10:55 [STASH_COMPACT] §f             §8(This totals 19 types of materials stashed!)
16:10:55 [STASH_COMPACT] §f                §3§l>>> §3§lCLICK HERE§b to pick them up! §3§l<<<
16:10:55 [EMPTY]   
16:11:56 [EMPTY]  
16:11:56 [STASH_COMPACT] §f              §7You have §3517,248 §7materials stashed away!
16:11:56 [STASH_COMPACT] §f             §8(This totals 19 types of materials stashed!)
16:11:56 [STASH_COMPACT] §f                §3§l>>> §3§lCLICK HERE§b to pick them up! §3§l<<<
16:11:56 [EMPTY]   
16:12:57 [EMPTY]  
16:12:57 [STASH_COMPACT] §f              §7You have §3517,248 §7materials stashed away!
16:12:57 [STASH_COMPACT] §f             §8(This totals 19 types of materials stashed!)
16:12:57 [STASH_COMPACT] §f                §3§l>>> §3§lCLICK HERE§b to pick them up! §3§l<<<
16:12:57 [EMPTY]   
16:13:58 [EMPTY]  
16:13:58 [STASH_COMPACT] §f              §7You have §3517,248 §7materials stashed away!
16:13:58 [STASH_COMPACT] §f             §8(This totals 19 types of materials stashed!)
16:13:58 [STASH_COMPACT] §f                §3§l>>> §3§lCLICK HERE§b to pick them up! §3§l<<<
16:13:58 [EMPTY]   
16:15:00 [EMPTY]  
16:15:00 [STASH_COMPACT] §f              §7You have §3517,626 §7materials stashed away!
16:15:00 [STASH_COMPACT] §f             §8(This totals 19 types of materials stashed!)
16:15:00 [STASH_COMPACT] §f                §3§l>>> §3§lCLICK HERE§b to pick them up! §3§l<<<
16:15:00 [EMPTY]   
16:16:02 [EMPTY]  
16:16:02 [STASH_COMPACT] §f              §7You have §3518,045 §7materials stashed away!
16:16:02 [STASH_COMPACT] §f             §8(This totals 19 types of materials stashed!)
16:16:02 [STASH_COMPACT] §f                §3§l>>> §3§lCLICK HERE§b to pick them up! §3§l<<<
16:16:02 [EMPTY]   
16:17:04 [EMPTY]  
16:17:04 [STASH_COMPACT] §f              §7You have §3518,045 §7materials stashed away!
16:17:04 [STASH_COMPACT] §f             §8(This totals 19 types of materials stashed!)
16:17:04 [STASH_COMPACT] §f                §3§l>>> §3§lCLICK HERE§b to pick them up! §3§l<<<
16:17:04 [EMPTY]   
16:18:05 [EMPTY]  
16:18:05 [STASH_COMPACT] §f              §7You have §3518,045 §7materials stashed away!
16:18:05 [STASH_COMPACT] §f             §8(This totals 19 types of materials stashed!)
16:18:05 [STASH_COMPACT] §f                §3§l>>> §3§lCLICK HERE§b to pick them up! §3§l<<<
16:18:05 [EMPTY]   
16:19:07 [EMPTY]  
16:19:07 [STASH_COMPACT] §f              §7You have §3518,045 §7materials stashed away!
16:19:07 [STASH_COMPACT] §f             §8(This totals 19 types of materials stashed!)
16:19:07 [STASH_COMPACT] §f                §3§l>>> §3§lCLICK HERE§b to pick them up! §3§l<<<
16:19:07 [EMPTY]   
16:19:50 [EMPTY] 
16:20:09 [EMPTY]  
16:20:09 [STASH_COMPACT] §f              §7You have §3518,045 §7materials stashed away!
16:20:09 [STASH_COMPACT] §f             §8(This totals 19 types of materials stashed!)
16:20:09 [STASH_COMPACT] §f                §3§l>>> §3§lCLICK HERE§b to pick them up! §3§l<<<
16:20:09 [EMPTY]   
16:21:10 [EMPTY]  
16:21:10 [STASH_COMPACT] §f              §7You have §3518,045 §7materials stashed away!
16:21:10 [STASH_COMPACT] §f             §8(This totals 19 types of materials stashed!)
16:21:10 [STASH_COMPACT] §f                §3§l>>> §3§lCLICK HERE§b to pick them up! §3§l<<<
16:21:10 [EMPTY]   
16:22:11 [EMPTY]  
16:22:11 [STASH_COMPACT] §f              §7You have §3518,045 §7materials stashed away!
16:22:11 [STASH_COMPACT] §f             §8(This totals 19 types of materials stashed!)
16:22:11 [STASH_COMPACT] §f                §3§l>>> §3§lCLICK HERE§b to pick them up! §3§l<<<
16:22:11 [EMPTY]   
16:23:12 [EMPTY]  
16:23:12 [STASH_COMPACT] §f              §7You have §3518,045 §7materials stashed away!
16:23:12 [STASH_COMPACT] §f             §8(This totals 19 types of materials stashed!)
16:23:12 [STASH_COMPACT] §f                §3§l>>> §3§lCLICK HERE§b to pick them up! §3§l<<<
16:23:12 [EMPTY]   
16:24:13 [EMPTY]  
16:24:13 [STASH_COMPACT] §f              §7You have §3518,045 §7materials stashed away!
16:24:13 [STASH_COMPACT] §f             §8(This totals 19 types of materials stashed!)
16:24:13 [STASH_COMPACT] §f                §3§l>>> §3§lCLICK HERE§b to pick them up! §3§l<<<
16:24:13 [EMPTY]   
16:24:18 [EMPTY] §f                                        
16:25:14 [EMPTY]  
16:25:14 [STASH_COMPACT] §f              §7You have §3518,217 §7materials stashed away!
16:25:14 [STASH_COMPACT] §f             §8(This totals 19 types of materials stashed!)
16:25:14 [STASH_COMPACT] §f                §3§l>>> §3§lCLICK HERE§b to pick them up! §3§l<<<
16:25:14 [EMPTY]   
16:26:15 [EMPTY]  
16:26:15 [STASH_COMPACT] §f              §7You have §3518,217 §7materials stashed away!
16:26:15 [STASH_COMPACT] §f             §8(This totals 19 types of materials stashed!)
16:26:15 [STASH_COMPACT] §f                §3§l>>> §3§lCLICK HERE§b to pick them up! §3§l<<<
16:26:15 [EMPTY]   
16:27:17 [EMPTY]  
16:27:17 [STASH_COMPACT] §f              §7You have §3518,217 §7materials stashed away!
16:27:17 [STASH_COMPACT] §f             §8(This totals 19 types of materials stashed!)
16:27:17 [STASH_COMPACT] §f                §3§l>>> §3§lCLICK HERE§b to pick them up! §3§l<<<
16:27:17 [EMPTY]   
16:28:18 [EMPTY]  
16:28:18 [STASH_COMPACT] §f              §7You have §3518,217 §7materials stashed away!
16:28:18 [STASH_COMPACT] §f             §8(This totals 19 types of materials stashed!)
16:28:18 [STASH_COMPACT] §f                §3§l>>> §3§lCLICK HERE§b to pick them up! §3§l<<<
16:28:18 [EMPTY]   
16:29:18 [EMPTY]  
16:29:18 [STASH_COMPACT] §f              §7You have §3518,418 §7materials stashed away!
16:29:18 [STASH_COMPACT] §f             §8(This totals 19 types of materials stashed!)
16:29:18 [STASH_COMPACT] §f                §3§l>>> §3§lCLICK HERE§b to pick them up! §3§l<<<
16:29:18 [EMPTY]   
16:30:20 [EMPTY]  
16:30:20 [STASH_COMPACT] §f              §7You have §3518,861 §7materials stashed away!
16:30:20 [STASH_COMPACT] §f             §8(This totals 19 types of materials stashed!)
16:30:20 [STASH_COMPACT] §f                §3§l>>> §3§lCLICK HERE§b to pick them up! §3§l<<<
16:30:20 [EMPTY]   
16:31:21 [EMPTY]  
16:31:21 [STASH_COMPACT] §f              §7You have §3518,861 §7materials stashed away!
16:31:21 [STASH_COMPACT] §f             §8(This totals 19 types of materials stashed!)
16:31:21 [STASH_COMPACT] §f                §3§l>>> §3§lCLICK HERE§b to pick them up! §3§l<<<
16:31:21 [EMPTY]   
16:32:22 [EMPTY]  
16:32:22 [STASH_COMPACT] §f              §7You have §3518,861 §7materials stashed away!
16:32:22 [STASH_COMPACT] §f             §8(This totals 19 types of materials stashed!)
16:32:22 [STASH_COMPACT] §f                §3§l>>> §3§lCLICK HERE§b to pick them up! §3§l<<<
16:32:22 [EMPTY]   
16:33:23 [EMPTY]  
16:33:23 [STASH_COMPACT] §f              §7You have §3518,861 §7materials stashed away!
16:33:23 [STASH_COMPACT] §f             §8(This totals 19 types of materials stashed!)
16:33:23 [STASH_COMPACT] §f                §3§l>>> §3§lCLICK HERE§b to pick them up! §3§l<<<
16:33:23 [EMPTY]   
16:34:25 [EMPTY]  
16:34:25 [STASH_COMPACT] §f              §7You have §3518,861 §7materials stashed away!
16:34:25 [STASH_COMPACT] §f             §8(This totals 19 types of materials stashed!)
16:34:25 [STASH_COMPACT] §f                §3§l>>> §3§lCLICK HERE§b to pick them up! §3§l<<<
16:34:25 [EMPTY]   
16:35:26 [EMPTY]  
16:35:26 [STASH_COMPACT] §f              §7You have §3518,861 §7materials stashed away!
16:35:26 [STASH_COMPACT] §f             §8(This totals 19 types of materials stashed!)
16:35:26 [STASH_COMPACT] §f                §3§l>>> §3§lCLICK HERE§b to pick them up! §3§l<<<
16:35:26 [EMPTY]   
16:36:27 [EMPTY]  
16:36:27 [STASH_COMPACT] §f              §7You have §3518,861 §7materials stashed away!
16:36:27 [STASH_COMPACT] §f             §8(This totals 19 types of materials stashed!)
16:36:27 [STASH_COMPACT] §f                §3§l>>> §3§lCLICK HERE§b to pick them up! §3§l<<<
16:36:27 [EMPTY]   
16:37:29 [EMPTY]  
16:37:29 [STASH_COMPACT] §f              §7You have §3518,861 §7materials stashed away!
16:37:29 [STASH_COMPACT] §f             §8(This totals 19 types of materials stashed!)
16:37:29 [STASH_COMPACT] §f                §3§l>>> §3§lCLICK HERE§b to pick them up! §3§l<<<
16:37:29 [EMPTY]   
16:38:30 [EMPTY]  
16:38:30 [STASH_COMPACT] §f              §7You have §3518,861 §7materials stashed away!
16:38:30 [STASH_COMPACT] §f             §8(This totals 19 types of materials stashed!)
16:38:30 [STASH_COMPACT] §f                §3§l>>> §3§lCLICK HERE§b to pick them up! §3§l<<<
16:38:30 [EMPTY]   
16:39:32 [EMPTY]  
16:39:32 [STASH_COMPACT] §f              §7You have §3518,861 §7materials stashed away!
16:39:32 [STASH_COMPACT] §f             §8(This totals 19 types of materials stashed!)
16:39:32 [STASH_COMPACT] §f                §3§l>>> §3§lCLICK HERE§b to pick them up! §3§l<<<
16:39:32 [EMPTY]   
16:39:37 [EMPTY] 
16:40:34 [EMPTY]  
16:40:34 [STASH_COMPACT] §f              §7You have §3518,861 §7materials stashed away!
16:40:34 [STASH_COMPACT] §f             §8(This totals 19 types of materials stashed!)
16:40:34 [STASH_COMPACT] §f                §3§l>>> §3§lCLICK HERE§b to pick them up! §3§l<<<
16:40:34 [EMPTY]   
16:41:35 [EMPTY]  
16:41:35 [STASH_COMPACT] §f              §7You have §3518,861 §7materials stashed away!
16:41:35 [STASH_COMPACT] §f             §8(This totals 19 types of materials stashed!)
16:41:35 [STASH_COMPACT] §f                §3§l>>> §3§lCLICK HERE§b to pick them up! §3§l<<<
16:41:35 [EMPTY]   
16:42:37 [EMPTY]  
16:42:37 [STASH_COMPACT] §f              §7You have §3518,861 §7materials stashed away!
16:42:37 [STASH_COMPACT] §f             §8(This totals 19 types of materials stashed!)
16:42:37 [STASH_COMPACT] §f                §3§l>>> §3§lCLICK HERE§b to pick them up! §3§l<<<
16:42:37 [EMPTY]   
16:43:38 [EMPTY]  
16:43:38 [STASH_COMPACT] §f              §7You have §3519,145 §7materials stashed away!
16:43:38 [STASH_COMPACT] §f             §8(This totals 19 types of materials stashed!)
16:43:38 [STASH_COMPACT] §f                §3§l>>> §3§lCLICK HERE§b to pick them up! §3§l<<<
16:43:38 [EMPTY]   
16:44:19 [EMPTY] §f                                        
16:44:39 [EMPTY]  
16:44:39 [STASH_COMPACT] §f              §7You have §3519,145 §7materials stashed away!
16:44:39 [STASH_COMPACT] §f             §8(This totals 19 types of materials stashed!)
16:44:39 [STASH_COMPACT] §f                §3§l>>> §3§lCLICK HERE§b to pick them up! §3§l<<<
16:44:39 [EMPTY]   
16:45:40 [EMPTY]  
16:45:40 [STASH_COMPACT] §f              §7You have §3519,145 §7materials stashed away!
16:45:40 [STASH_COMPACT] §f             §8(This totals 19 types of materials stashed!)
16:45:40 [STASH_COMPACT] §f                §3§l>>> §3§lCLICK HERE§b to pick them up! §3§l<<<
16:45:40 [EMPTY]   
16:46:41 [EMPTY]  
16:46:41 [STASH_COMPACT] §f              §7You have §3519,145 §7materials stashed away!
16:46:41 [STASH_COMPACT] §f             §8(This totals 19 types of materials stashed!)
16:46:41 [STASH_COMPACT] §f                §3§l>>> §3§lCLICK HERE§b to pick them up! §3§l<<<
16:46:41 [EMPTY]   
16:47:42 [EMPTY]  
16:47:42 [STASH_COMPACT] §f              §7You have §3519,145 §7materials stashed away!
16:47:42 [STASH_COMPACT] §f             §8(This totals 19 types of materials stashed!)
16:47:42 [STASH_COMPACT] §f                §3§l>>> §3§lCLICK HERE§b to pick them up! §3§l<<<
16:47:42 [EMPTY]   
16:48:44 [EMPTY]  
16:48:44 [STASH_COMPACT] §f              §7You have §3519,145 §7materials stashed away!
16:48:44 [STASH_COMPACT] §f             §8(This totals 19 types of materials stashed!)
16:48:44 [STASH_COMPACT] §f                §3§l>>> §3§lCLICK HERE§b to pick them up! §3§l<<<
16:48:44 [EMPTY]   
16:49:45 [EMPTY]  
16:49:45 [STASH_COMPACT] §f              §7You have §3519,145 §7materials stashed away!
16:49:45 [STASH_COMPACT] §f             §8(This totals 19 types of materials stashed!)
16:49:45 [STASH_COMPACT] §f                §3§l>>> §3§lCLICK HERE§b to pick them up! §3§l<<<
16:49:45 [EMPTY]   
16:50:46 [EMPTY]  
16:50:46 [STASH_COMPACT] §f              §7You have §3519,145 §7materials stashed away!
16:50:46 [STASH_COMPACT] §f             §8(This totals 19 types of materials stashed!)
16:50:46 [STASH_COMPACT] §f                §3§l>>> §3§lCLICK HERE§b to pick them up! §3§l<<<
16:50:46 [EMPTY]   
16:51:48 [EMPTY]  
16:51:48 [STASH_COMPACT] §f              §7You have §3519,145 §7materials stashed away!
16:51:48 [STASH_COMPACT] §f             §8(This totals 19 types of materials stashed!)
16:51:48 [STASH_COMPACT] §f                §3§l>>> §3§lCLICK HERE§b to pick them up! §3§l<<<
16:51:48 [EMPTY]   
16:52:49 [EMPTY]  
16:52:49 [STASH_COMPACT] §f              §7You have §3519,145 §7materials stashed away!
16:52:49 [STASH_COMPACT] §f             §8(This totals 19 types of materials stashed!)
16:52:49 [STASH_COMPACT] §f                §3§l>>> §3§lCLICK HERE§b to pick them up! §3§l<<<
16:52:49 [EMPTY]   
16:53:51 [EMPTY]  
16:53:51 [STASH_COMPACT] §f              §7You have §3519,145 §7materials stashed away!
16:53:51 [STASH_COMPACT] §f             §8(This totals 19 types of materials stashed!)
16:53:51 [STASH_COMPACT] §f                §3§l>>> §3§lCLICK HERE§b to pick them up! §3§l<<<
16:53:51 [EMPTY]   
16:54:53 [EMPTY]  
16:54:53 [STASH_COMPACT] §f              §7You have §3519,145 §7materials stashed away!
16:54:53 [STASH_COMPACT] §f             §8(This totals 19 types of materials stashed!)
16:54:53 [STASH_COMPACT] §f                §3§l>>> §3§lCLICK HERE§b to pick them up! §3§l<<<
16:54:53 [EMPTY]   
16:55:55 [EMPTY]  
16:55:55 [STASH_COMPACT] §f              §7You have §3519,145 §7materials stashed away!
16:55:55 [STASH_COMPACT] §f             §8(This totals 19 types of materials stashed!)
16:55:55 [STASH_COMPACT] §f                §3§l>>> §3§lCLICK HERE§b to pick them up! §3§l<<<
16:55:55 [EMPTY]   
16:56:57 [EMPTY]  
16:56:57 [STASH_COMPACT] §f              §7You have §3519,145 §7materials stashed away!
16:56:57 [STASH_COMPACT] §f             §8(This totals 19 types of materials stashed!)
16:56:57 [STASH_COMPACT] §f                §3§l>>> §3§lCLICK HERE§b to pick them up! §3§l<<<
16:56:57 [EMPTY]   
16:57:59 [EMPTY]  
16:57:59 [STASH_COMPACT] §f              §7You have §3519,145 §7materials stashed away!
16:57:59 [STASH_COMPACT] §f             §8(This totals 19 types of materials stashed!)
16:57:59 [STASH_COMPACT] §f                §3§l>>> §3§lCLICK HERE§b to pick them up! §3§l<<<
16:57:59 [EMPTY]   
16:59:01 [EMPTY]  
16:59:01 [STASH_COMPACT] §f              §7You have §3519,145 §7materials stashed away!
16:59:01 [STASH_COMPACT] §f             §8(This totals 19 types of materials stashed!)
16:59:01 [STASH_COMPACT] §f                §3§l>>> §3§lCLICK HERE§b to pick them up! §3§l<<<
16:59:01 [EMPTY]   
16:59:43 [EMPTY] 
17:00:03 [EMPTY]  
17:00:03 [STASH_COMPACT] §f              §7You have §3519,145 §7materials stashed away!
17:00:03 [STASH_COMPACT] §f             §8(This totals 19 types of materials stashed!)
17:00:03 [STASH_COMPACT] §f                §3§l>>> §3§lCLICK HERE§b to pick them up! §3§l<<<
17:00:03 [EMPTY]   
17:00:08 [EMPTY] §f
17:00:08 [EMPTY] §c
17:01:04 [EMPTY]  
17:01:04 [STASH_COMPACT] §f              §7You have §3519,145 §7materials stashed away!
17:01:04 [STASH_COMPACT] §f             §8(This totals 19 types of materials stashed!)
17:01:04 [STASH_COMPACT] §f                §3§l>>> §3§lCLICK HERE§b to pick them up! §3§l<<<
17:01:04 [EMPTY]   
17:02:07 [EMPTY]  
17:02:07 [STASH_COMPACT] §f              §7You have §3519,145 §7materials stashed away!
17:02:07 [STASH_COMPACT] §f             §8(This totals 19 types of materials stashed!)
17:02:07 [STASH_COMPACT] §f                §3§l>>> §3§lCLICK HERE§b to pick them up! §3§l<<<
17:02:07 [EMPTY]   
17:03:08 [EMPTY]  
17:03:08 [STASH_COMPACT] §f              §7You have §3519,145 §7materials stashed away!
17:03:08 [STASH_COMPACT] §f             §8(This totals 19 types of materials stashed!)
17:03:08 [STASH_COMPACT] §f                §3§l>>> §3§lCLICK HERE§b to pick them up! §3§l<<<
17:03:08 [EMPTY]   
17:04:10 [EMPTY]  
17:04:10 [STASH_COMPACT] §f              §7You have §3519,145 §7materials stashed away!
17:04:10 [STASH_COMPACT] §f             §8(This totals 19 types of materials stashed!)
17:04:10 [STASH_COMPACT] §f                §3§l>>> §3§lCLICK HERE§b to pick them up! §3§l<<<
17:04:10 [EMPTY]   
17:04:27 [EMPTY] §f                                        
17:05:12 [EMPTY]  
17:05:12 [STASH_COMPACT] §f              §7You have §3519,441 §7materials stashed away!
17:05:12 [STASH_COMPACT] §f             §8(This totals 19 types of materials stashed!)
17:05:12 [STASH_COMPACT] §f                §3§l>>> §3§lCLICK HERE§b to pick them up! §3§l<<<
17:05:12 [EMPTY]   
17:06:14 [EMPTY]  
17:06:14 [STASH_COMPACT] §f              §7You have §3519,441 §7materials stashed away!
17:06:14 [STASH_COMPACT] §f             §8(This totals 19 types of materials stashed!)
17:06:14 [STASH_COMPACT] §f                §3§l>>> §3§lCLICK HERE§b to pick them up! §3§l<<<
17:06:14 [EMPTY]   
17:07:15 [EMPTY]  
17:07:15 [STASH_COMPACT] §f              §7You have §3519,441 §7materials stashed away!
17:07:15 [STASH_COMPACT] §f             §8(This totals 19 types of materials stashed!)
17:07:15 [STASH_COMPACT] §f                §3§l>>> §3§lCLICK HERE§b to pick them up! §3§l<<<
17:07:15 [EMPTY]   
17:08:17 [EMPTY]  
17:08:17 [STASH_COMPACT] §f              §7You have §3519,441 §7materials stashed away!
17:08:17 [STASH_COMPACT] §f             §8(This totals 19 types of materials stashed!)
17:08:17 [STASH_COMPACT] §f                §3§l>>> §3§lCLICK HERE§b to pick them up! §3§l<<<
17:08:17 [EMPTY]   
17:09:19 [EMPTY]  
17:09:19 [STASH_COMPACT] §f              §7You have §3519,441 §7materials stashed away!
17:09:19 [STASH_COMPACT] §f             §8(This totals 19 types of materials stashed!)
17:09:19 [STASH_COMPACT] §f                §3§l>>> §3§lCLICK HERE§b to pick them up! §3§l<<<
17:09:19 [EMPTY]   
17:10:21 [EMPTY]  
17:10:21 [STASH_COMPACT] §f              §7You have §3519,441 §7materials stashed away!
17:10:21 [STASH_COMPACT] §f             §8(This totals 19 types of materials stashed!)
17:10:21 [STASH_COMPACT] §f                §3§l>>> §3§lCLICK HERE§b to pick them up! §3§l<<<
17:10:21 [EMPTY]   
17:11:23 [EMPTY]  
17:11:23 [STASH_COMPACT] §f              §7You have §3519,441 §7materials stashed away!
17:11:23 [STASH_COMPACT] §f             §8(This totals 19 types of materials stashed!)
17:11:23 [STASH_COMPACT] §f                §3§l>>> §3§lCLICK HERE§b to pick them up! §3§l<<<
17:11:23 [EMPTY]   
17:12:24 [EMPTY]  
17:12:24 [STASH_COMPACT] §f              §7You have §3519,441 §7materials stashed away!
17:12:24 [STASH_COMPACT] §f             §8(This totals 19 types of materials stashed!)
17:12:24 [STASH_COMPACT] §f                §3§l>>> §3§lCLICK HERE§b to pick them up! §3§l<<<
17:12:24 [EMPTY]   
17:13:25 [EMPTY]  
17:13:25 [STASH_COMPACT] §f              §7You have §3519,441 §7materials stashed away!
17:13:25 [STASH_COMPACT] §f             §8(This totals 19 types of materials stashed!)
17:13:25 [STASH_COMPACT] §f                §3§l>>> §3§lCLICK HERE§b to pick them up! §3§l<<<
17:13:25 [EMPTY]   
17:14:27 [EMPTY]  
17:14:27 [STASH_COMPACT] §f              §7You have §3519,749 §7materials stashed away!
17:14:27 [STASH_COMPACT] §f             §8(This totals 19 types of materials stashed!)
17:14:27 [STASH_COMPACT] §f                §3§l>>> §3§lCLICK HERE§b to pick them up! §3§l<<<
17:14:27 [EMPTY]   
17:15:28 [EMPTY]  
17:15:28 [STASH_COMPACT] §f              §7You have §3519,749 §7materials stashed away!
17:15:28 [STASH_COMPACT] §f             §8(This totals 19 types of materials stashed!)
17:15:28 [STASH_COMPACT] §f                §3§l>>> §3§lCLICK HERE§b to pick them up! §3§l<<<
17:15:28 [EMPTY]   
17:16:30 [EMPTY]  
17:16:30 [STASH_COMPACT] §f              §7You have §3519,749 §7materials stashed away!
17:16:30 [STASH_COMPACT] §f             §8(This totals 19 types of materials stashed!)
17:16:30 [STASH_COMPACT] §f                §3§l>>> §3§lCLICK HERE§b to pick them up! §3§l<<<
17:16:30 [EMPTY]   
17:17:32 [EMPTY]  
17:17:32 [STASH_COMPACT] §f              §7You have §3519,749 §7materials stashed away!
17:17:32 [STASH_COMPACT] §f             §8(This totals 19 types of materials stashed!)
17:17:32 [STASH_COMPACT] §f                §3§l>>> §3§lCLICK HERE§b to pick them up! §3§l<<<
17:17:32 [EMPTY]   
17:18:34 [EMPTY]  
17:18:34 [STASH_COMPACT] §f              §7You have §3519,749 §7materials stashed away!
17:18:34 [STASH_COMPACT] §f             §8(This totals 19 types of materials stashed!)
17:18:34 [STASH_COMPACT] §f                §3§l>>> §3§lCLICK HERE§b to pick them up! §3§l<<<
17:18:34 [EMPTY]   
17:19:36 [EMPTY]  
17:19:36 [STASH_COMPACT] §f              §7You have §3519,749 §7materials stashed away!
17:19:36 [STASH_COMPACT] §f             §8(This totals 19 types of materials stashed!)
17:19:36 [STASH_COMPACT] §f                §3§l>>> §3§lCLICK HERE§b to pick them up! §3§l<<<
17:19:36 [EMPTY]   
17:20:38 [EMPTY]  
17:20:38 [STASH_COMPACT] §f              §7You have §3519,749 §7materials stashed away!
17:20:38 [STASH_COMPACT] §f             §8(This totals 19 types of materials stashed!)
17:20:38 [STASH_COMPACT] §f                §3§l>>> §3§lCLICK HERE§b to pick them up! §3§l<<<
17:20:38 [EMPTY]   
17:21:40 [EMPTY]  
17:21:40 [STASH_COMPACT] §f              §7You have §3519,749 §7materials stashed away!
17:21:40 [STASH_COMPACT] §f             §8(This totals 19 types of materials stashed!)
17:21:40 [STASH_COMPACT] §f                §3§l>>> §3§lCLICK HERE§b to pick them up! §3§l<<<
17:21:40 [EMPTY]   
17:22:42 [EMPTY]  
17:22:42 [STASH_COMPACT] §f              §7You have §3519,749 §7materials stashed away!
17:22:42 [STASH_COMPACT] §f             §8(This totals 19 types of materials stashed!)
17:22:42 [STASH_COMPACT] §f                §3§l>>> §3§lCLICK HERE§b to pick them up! §3§l<<<
17:22:42 [EMPTY]   
17:22:59 [EMPTY] 
17:23:43 [EMPTY]  
17:23:43 [STASH_COMPACT] §f              §7You have §3520,983 §7materials stashed away!
17:23:43 [STASH_COMPACT] §f             §8(This totals 19 types of materials stashed!)
17:23:43 [STASH_COMPACT] §f                §3§l>>> §3§lCLICK HERE§b to pick them up! §3§l<<<
17:23:43 [EMPTY]   
17:24:25 [EMPTY] §f                                        
17:24:45 [EMPTY]  
17:24:45 [STASH_COMPACT] §f              §7You have §3520,983 §7materials stashed away!
17:24:45 [STASH_COMPACT] §f             §8(This totals 19 types of materials stashed!)
17:24:45 [STASH_COMPACT] §f                §3§l>>> §3§lCLICK HERE§b to pick them up! §3§l<<<
17:24:45 [EMPTY]   
17:25:47 [EMPTY]  
17:25:47 [STASH_COMPACT] §f              §7You have §3520,983 §7materials stashed away!
17:25:47 [STASH_COMPACT] §f             §8(This totals 19 types of materials stashed!)
17:25:47 [STASH_COMPACT] §f                §3§l>>> §3§lCLICK HERE§b to pick them up! §3§l<<<
17:25:47 [EMPTY]   
17:26:48 [EMPTY]  
17:26:48 [STASH_COMPACT] §f              §7You have §3520,983 §7materials stashed away!
17:26:48 [STASH_COMPACT] §f             §8(This totals 19 types of materials stashed!)
17:26:48 [STASH_COMPACT] §f                §3§l>>> §3§lCLICK HERE§b to pick them up! §3§l<<<
17:26:48 [EMPTY]   
17:27:50 [EMPTY]  
17:27:50 [STASH_COMPACT] §f              §7You have §3521,019 §7materials stashed away!
17:27:50 [STASH_COMPACT] §f             §8(This totals 19 types of materials stashed!)
17:27:50 [STASH_COMPACT] §f                §3§l>>> §3§lCLICK HERE§b to pick them up! §3§l<<<
17:27:50 [EMPTY]   
17:28:53 [EMPTY]  
17:28:53 [STASH_COMPACT] §f              §7You have §3521,019 §7materials stashed away!
17:28:53 [STASH_COMPACT] §f             §8(This totals 19 types of materials stashed!)
17:28:53 [STASH_COMPACT] §f                §3§l>>> §3§lCLICK HERE§b to pick them up! §3§l<<<
17:28:53 [EMPTY]   
17:29:55 [EMPTY]  
17:29:55 [STASH_COMPACT] §f              §7You have §3521,019 §7materials stashed away!
17:29:55 [STASH_COMPACT] §f             §8(This totals 19 types of materials stashed!)
17:29:55 [STASH_COMPACT] §f                §3§l>>> §3§lCLICK HERE§b to pick them up! §3§l<<<
17:29:55 [EMPTY]   
17:30:56 [EMPTY]  
17:30:56 [STASH_COMPACT] §f              §7You have §3521,019 §7materials stashed away!
17:30:56 [STASH_COMPACT] §f             §8(This totals 19 types of materials stashed!)
17:30:56 [STASH_COMPACT] §f                §3§l>>> §3§lCLICK HERE§b to pick them up! §3§l<<<
17:30:56 [EMPTY]   
17:31:58 [EMPTY]  
17:31:58 [STASH_COMPACT] §f              §7You have §3521,019 §7materials stashed away!
17:31:58 [STASH_COMPACT] §f             §8(This totals 19 types of materials stashed!)
17:31:58 [STASH_COMPACT] §f                §3§l>>> §3§lCLICK HERE§b to pick them up! §3§l<<<
17:31:58 [EMPTY]   
17:33:00 [EMPTY]  
17:33:00 [STASH_COMPACT] §f              §7You have §3521,019 §7materials stashed away!
17:33:00 [STASH_COMPACT] §f             §8(This totals 19 types of materials stashed!)
17:33:00 [STASH_COMPACT] §f                §3§l>>> §3§lCLICK HERE§b to pick them up! §3§l<<<
17:33:00 [EMPTY]   
17:34:02 [EMPTY]  
17:34:02 [STASH_COMPACT] §f              §7You have §3521,019 §7materials stashed away!
17:34:02 [STASH_COMPACT] §f             §8(This totals 19 types of materials stashed!)
17:34:02 [STASH_COMPACT] §f                §3§l>>> §3§lCLICK HERE§b to pick them up! §3§l<<<
17:34:02 [EMPTY]   
17:35:04 [EMPTY]  
17:35:04 [STASH_COMPACT] §f              §7You have §3521,019 §7materials stashed away!
17:35:04 [STASH_COMPACT] §f             §8(This totals 19 types of materials stashed!)
17:35:04 [STASH_COMPACT] §f                §3§l>>> §3§lCLICK HERE§b to pick them up! §3§l<<<
17:35:04 [EMPTY]   
17:36:05 [EMPTY]  
17:36:05 [STASH_COMPACT] §f              §7You have §3521,019 §7materials stashed away!
17:36:05 [STASH_COMPACT] §f             §8(This totals 19 types of materials stashed!)
17:36:05 [STASH_COMPACT] §f                §3§l>>> §3§lCLICK HERE§b to pick them up! §3§l<<<
17:36:05 [EMPTY]   
17:37:07 [EMPTY]  
17:37:07 [STASH_COMPACT] §f              §7You have §3521,019 §7materials stashed away!
17:37:07 [STASH_COMPACT] §f             §8(This totals 19 types of materials stashed!)
17:37:07 [STASH_COMPACT] §f                §3§l>>> §3§lCLICK HERE§b to pick them up! §3§l<<<
17:37:07 [EMPTY]   
17:37:45 [EMPTY] §f
17:38:09 [EMPTY]  
17:38:09 [STASH_COMPACT] §f              §7You have §3521,019 §7materials stashed away!
17:38:09 [STASH_COMPACT] §f             §8(This totals 19 types of materials stashed!)
17:38:09 [STASH_COMPACT] §f                §3§l>>> §3§lCLICK HERE§b to pick them up! §3§l<<<
17:38:09 [EMPTY]   
17:39:12 [EMPTY]  
17:39:12 [STASH_COMPACT] §f              §7You have §3521,019 §7materials stashed away!
17:39:12 [STASH_COMPACT] §f             §8(This totals 19 types of materials stashed!)
17:39:12 [STASH_COMPACT] §f                §3§l>>> §3§lCLICK HERE§b to pick them up! §3§l<<<
17:39:12 [EMPTY]   
17:39:54 [EMPTY] 
17:40:14 [EMPTY]  
17:40:14 [STASH_COMPACT] §f              §7You have §3521,019 §7materials stashed away!
17:40:14 [STASH_COMPACT] §f             §8(This totals 19 types of materials stashed!)
17:40:14 [STASH_COMPACT] §f                §3§l>>> §3§lCLICK HERE§b to pick them up! §3§l<<<
17:40:14 [EMPTY]   
17:41:16 [EMPTY]  
17:41:16 [STASH_COMPACT] §f              §7You have §3521,019 §7materials stashed away!
17:41:16 [STASH_COMPACT] §f             §8(This totals 19 types of materials stashed!)
17:41:16 [STASH_COMPACT] §f                §3§l>>> §3§lCLICK HERE§b to pick them up! §3§l<<<
17:41:16 [EMPTY]   
17:42:18 [EMPTY]  
17:42:18 [STASH_COMPACT] §f              §7You have §3521,019 §7materials stashed away!
17:42:18 [STASH_COMPACT] §f             §8(This totals 19 types of materials stashed!)
17:42:18 [STASH_COMPACT] §f                §3§l>>> §3§lCLICK HERE§b to pick them up! §3§l<<<
17:42:18 [EMPTY]   
17:43:19 [EMPTY]  
17:43:19 [STASH_COMPACT] §f              §7You have §3521,019 §7materials stashed away!
17:43:19 [STASH_COMPACT] §f             §8(This totals 19 types of materials stashed!)
17:43:19 [STASH_COMPACT] §f                §3§l>>> §3§lCLICK HERE§b to pick them up! §3§l<<<
17:43:19 [EMPTY]   
17:44:21 [EMPTY]  
17:44:21 [STASH_COMPACT] §f              §7You have §3521,019 §7materials stashed away!
17:44:21 [STASH_COMPACT] §f             §8(This totals 19 types of materials stashed!)
17:44:21 [STASH_COMPACT] §f                §3§l>>> §3§lCLICK HERE§b to pick them up! §3§l<<<
17:44:21 [EMPTY]   
17:44:26 [EMPTY] §f                                        
17:45:22 [EMPTY]  
17:45:22 [STASH_COMPACT] §f              §7You have §3521,019 §7materials stashed away!
17:45:22 [STASH_COMPACT] §f             §8(This totals 19 types of materials stashed!)
17:45:22 [STASH_COMPACT] §f                §3§l>>> §3§lCLICK HERE§b to pick them up! §3§l<<<
17:45:22 [EMPTY]   
17:46:24 [EMPTY]  
17:46:24 [STASH_COMPACT] §f              §7You have §3521,019 §7materials stashed away!
17:46:24 [STASH_COMPACT] §f             §8(This totals 19 types of materials stashed!)
17:46:24 [STASH_COMPACT] §f                §3§l>>> §3§lCLICK HERE§b to pick them up! §3§l<<<
17:46:24 [EMPTY]   
17:47:26 [EMPTY]  
17:47:26 [STASH_COMPACT] §f              §7You have §3521,019 §7materials stashed away!
17:47:26 [STASH_COMPACT] §f             §8(This totals 19 types of materials stashed!)
17:47:26 [STASH_COMPACT] §f                §3§l>>> §3§lCLICK HERE§b to pick them up! §3§l<<<
17:47:26 [EMPTY]   
17:48:27 [EMPTY]  
17:48:27 [STASH_COMPACT] §f              §7You have §3521,019 §7materials stashed away!
17:48:27 [STASH_COMPACT] §f             §8(This totals 19 types of materials stashed!)
17:48:27 [STASH_COMPACT] §f                §3§l>>> §3§lCLICK HERE§b to pick them up! §3§l<<<
17:48:27 [EMPTY]   
17:49:29 [EMPTY]  
17:49:29 [STASH_COMPACT] §f              §7You have §3521,019 §7materials stashed away!
17:49:29 [STASH_COMPACT] §f             §8(This totals 19 types of materials stashed!)
17:49:29 [STASH_COMPACT] §f                §3§l>>> §3§lCLICK HERE§b to pick them up! §3§l<<<
17:49:29 [EMPTY]   
17:50:30 [EMPTY]  
17:50:30 [STASH_COMPACT] §f              §7You have §3521,019 §7materials stashed away!
17:50:30 [STASH_COMPACT] §f             §8(This totals 19 types of materials stashed!)
17:50:30 [STASH_COMPACT] §f                §3§l>>> §3§lCLICK HERE§b to pick them up! §3§l<<<
17:50:30 [EMPTY]   
17:51:32 [EMPTY]  
17:51:32 [STASH_COMPACT] §f              §7You have §3521,072 §7materials stashed away!
17:51:32 [STASH_COMPACT] §f             §8(This totals 19 types of materials stashed!)
17:51:32 [STASH_COMPACT] §f                §3§l>>> §3§lCLICK HERE§b to pick them up! §3§l<<<
17:51:32 [EMPTY]   
17:52:33 [EMPTY]  
17:52:33 [STASH_COMPACT] §f              §7You have §3521,582 §7materials stashed away!
17:52:33 [STASH_COMPACT] §f             §8(This totals 19 types of materials stashed!)
17:52:33 [STASH_COMPACT] §f                §3§l>>> §3§lCLICK HERE§b to pick them up! §3§l<<<
17:52:33 [EMPTY]   
17:53:35 [EMPTY]  
17:53:35 [STASH_COMPACT] §f              §7You have §3524,447 §7materials stashed away!
17:53:35 [STASH_COMPACT] §f             §8(This totals 19 types of materials stashed!)
17:53:35 [STASH_COMPACT] §f                §3§l>>> §3§lCLICK HERE§b to pick them up! §3§l<<<
17:53:35 [EMPTY]   
17:54:36 [EMPTY]  
17:54:36 [STASH_COMPACT] §f              §7You have §3524,803 §7materials stashed away!
17:54:36 [STASH_COMPACT] §f             §8(This totals 19 types of materials stashed!)
17:54:36 [STASH_COMPACT] §f                §3§l>>> §3§lCLICK HERE§b to pick them up! §3§l<<<
17:54:36 [EMPTY]   
17:55:37 [EMPTY]  
17:55:37 [STASH_COMPACT] §f              §7You have §3524,803 §7materials stashed away!
17:55:37 [STASH_COMPACT] §f             §8(This totals 19 types of materials stashed!)
17:55:37 [STASH_COMPACT] §f                §3§l>>> §3§lCLICK HERE§b to pick them up! §3§l<<<
17:55:37 [EMPTY]   
17:56:38 [EMPTY]  
17:56:38 [STASH_COMPACT] §f              §7You have §3524,803 §7materials stashed away!
17:56:38 [STASH_COMPACT] §f             §8(This totals 19 types of materials stashed!)
17:56:38 [STASH_COMPACT] §f                §3§l>>> §3§lCLICK HERE§b to pick them up! §3§l<<<
17:56:38 [EMPTY]   
17:56:49 [EMPTY] 
17:57:38 [EMPTY]  
17:57:38 [STASH_COMPACT] §f              §7You have §3524,803 §7materials stashed away!
17:57:38 [STASH_COMPACT] §f             §8(This totals 19 types of materials stashed!)
17:57:38 [STASH_COMPACT] §f                §3§l>>> §3§lCLICK HERE§b to pick them up! §3§l<<<
17:57:38 [EMPTY]   
17:58:38 [EMPTY]  
17:58:38 [STASH_COMPACT] §f              §7You have §3524,803 §7materials stashed away!
17:58:38 [STASH_COMPACT] §f             §8(This totals 19 types of materials stashed!)
17:58:38 [STASH_COMPACT] §f                §3§l>>> §3§lCLICK HERE§b to pick them up! §3§l<<<
17:58:38 [EMPTY]   
17:58:56 [EMPTY] §8 §r§8 §r§1 §r§3 §r§3 §r§7 §r§8 
17:58:59 [EMPTY]  
17:58:59 [STASH_COMPACT] §f              §7You have §3524,803 §7materials stashed away!
17:58:59 [STASH_COMPACT] §f             §8(This totals 19 types of materials stashed!)
17:58:59 [STASH_COMPACT] §f                §3§l>>> §3§lCLICK HERE§b to pick them up! §3§l<<<
17:58:59 [EMPTY]   
17:59:37 [EMPTY]  
17:59:37 [STASH_COMPACT] §f              §7You have §3524,803 §7materials stashed away!
17:59:37 [STASH_COMPACT] §f             §8(This totals 19 types of materials stashed!)
17:59:37 [STASH_COMPACT] §f                §3§l>>> §3§lCLICK HERE§b to pick them up! §3§l<<<
17:59:37 [EMPTY]   
18:00:38 [EMPTY]  
18:00:38 [STASH_COMPACT] §f              §7You have §3524,803 §7materials stashed away!
18:00:38 [STASH_COMPACT] §f             §8(This totals 19 types of materials stashed!)
18:00:38 [STASH_COMPACT] §f                §3§l>>> §3§lCLICK HERE§b to pick them up! §3§l<<<
18:00:38 [EMPTY]   
18:01:38 [EMPTY]  
18:01:38 [STASH_COMPACT] §f              §7You have §3524,803 §7materials stashed away!
18:01:38 [STASH_COMPACT] §f             §8(This totals 19 types of materials stashed!)
18:01:38 [STASH_COMPACT] §f                §3§l>>> §3§lCLICK HERE§b to pick them up! §3§l<<<
18:01:38 [EMPTY]   
18:02:39 [EMPTY]  
18:02:39 [STASH_COMPACT] §f              §7You have §3524,803 §7materials stashed away!
18:02:39 [STASH_COMPACT] §f             §8(This totals 19 types of materials stashed!)
18:02:39 [STASH_COMPACT] §f                §3§l>>> §3§lCLICK HERE§b to pick them up! §3§l<<<
18:02:39 [EMPTY]   
18:03:39 [EMPTY]  
18:03:39 [STASH_COMPACT] §f              §7You have §3524,803 §7materials stashed away!
18:03:39 [STASH_COMPACT] §f             §8(This totals 19 types of materials stashed!)
18:03:39 [STASH_COMPACT] §f                §3§l>>> §3§lCLICK HERE§b to pick them up! §3§l<<<
18:03:39 [EMPTY]   
18:04:39 [EMPTY]  
18:04:39 [STASH_COMPACT] §f              §7You have §3524,803 §7materials stashed away!
18:04:39 [STASH_COMPACT] §f             §8(This totals 19 types of materials stashed!)
18:04:39 [STASH_COMPACT] §f                §3§l>>> §3§lCLICK HERE§b to pick them up! §3§l<<<
18:04:39 [EMPTY]   
18:05:40 [EMPTY]  
18:05:40 [STASH_COMPACT] §f              §7You have §3524,803 §7materials stashed away!
18:05:40 [STASH_COMPACT] §f             §8(This totals 19 types of materials stashed!)
18:05:40 [STASH_COMPACT] §f                §3§l>>> §3§lCLICK HERE§b to pick them up! §3§l<<<
18:05:40 [EMPTY]   
18:06:40 [EMPTY]  
18:06:40 [STASH_COMPACT] §f              §7You have §3524,803 §7materials stashed away!
18:06:40 [STASH_COMPACT] §f             §8(This totals 19 types of materials stashed!)
18:06:40 [STASH_COMPACT] §f                §3§l>>> §3§lCLICK HERE§b to pick them up! §3§l<<<
18:06:40 [EMPTY]   
18:07:40 [EMPTY]  
18:07:40 [STASH_COMPACT] §f              §7You have §3524,803 §7materials stashed away!
18:07:40 [STASH_COMPACT] §f             §8(This totals 19 types of materials stashed!)
18:07:40 [STASH_COMPACT] §f                §3§l>>> §3§lCLICK HERE§b to pick them up! §3§l<<<
18:07:40 [EMPTY]   
18:08:40 [EMPTY]  
18:08:40 [STASH_COMPACT] §f              §7You have §3524,803 §7materials stashed away!
18:08:40 [STASH_COMPACT] §f             §8(This totals 19 types of materials stashed!)
18:08:40 [STASH_COMPACT] §f                §3§l>>> §3§lCLICK HERE§b to pick them up! §3§l<<<
18:08:40 [EMPTY]   
18:09:41 [EMPTY]  
18:09:41 [STASH_COMPACT] §f              §7You have §3524,803 §7materials stashed away!
18:09:41 [STASH_COMPACT] §f             §8(This totals 19 types of materials stashed!)
18:09:41 [STASH_COMPACT] §f                §3§l>>> §3§lCLICK HERE§b to pick them up! §3§l<<<
18:09:41 [EMPTY]   
18:10:01 [EMPTY] §8 §r§8 §r§1 §r§3 §r§3 §r§7 §r§8 
18:10:04 [EMPTY]  
18:10:04 [STASH_COMPACT] §f              §7You have §3524,803 §7materials stashed away!
18:10:04 [STASH_COMPACT] §f             §8(This totals 19 types of materials stashed!)
18:10:04 [STASH_COMPACT] §f                §3§l>>> §3§lCLICK HERE§b to pick them up! §3§l<<<
18:10:04 [EMPTY]   
18:10:40 [EMPTY]  
18:10:40 [STASH_COMPACT] §f              §7You have §3524,803 §7materials stashed away!
18:10:40 [STASH_COMPACT] §f             §8(This totals 19 types of materials stashed!)
18:10:40 [STASH_COMPACT] §f                §3§l>>> §3§lCLICK HERE§b to pick them up! §3§l<<<
18:10:40 [EMPTY]   
18:11:40 [EMPTY]  
18:11:40 [STASH_COMPACT] §f              §7You have §3524,803 §7materials stashed away!
18:11:40 [STASH_COMPACT] §f             §8(This totals 19 types of materials stashed!)
18:11:40 [STASH_COMPACT] §f                §3§l>>> §3§lCLICK HERE§b to pick them up! §3§l<<<
18:11:40 [EMPTY]   
18:12:40 [EMPTY]  
18:12:40 [STASH_COMPACT] §f              §7You have §3524,803 §7materials stashed away!
18:12:40 [STASH_COMPACT] §f             §8(This totals 19 types of materials stashed!)
18:12:40 [STASH_COMPACT] §f                §3§l>>> §3§lCLICK HERE§b to pick them up! §3§l<<<
18:12:40 [EMPTY]   
18:13:40 [EMPTY]  
18:13:40 [STASH_COMPACT] §f              §7You have §3524,803 §7materials stashed away!
18:13:40 [STASH_COMPACT] §f             §8(This totals 19 types of materials stashed!)
18:13:40 [STASH_COMPACT] §f                §3§l>>> §3§lCLICK HERE§b to pick them up! §3§l<<<
18:13:40 [EMPTY]   
18:14:40 [EMPTY]  
18:14:40 [STASH_COMPACT] §f              §7You have §3524,803 §7materials stashed away!
18:14:40 [STASH_COMPACT] §f             §8(This totals 19 types of materials stashed!)
18:14:40 [STASH_COMPACT] §f                §3§l>>> §3§lCLICK HERE§b to pick them up! §3§l<<<
18:14:40 [EMPTY]   
18:15:00 [SKYMALL] §bNew day! §r§eYour §r§2Sky Mall §r§ebuff changed!
18:15:00 [SKYMALL] §eNew buff§r§r§r: §r§f§r§a-20%§r§f Pickaxe Ability cooldowns.
18:15:00 [SKYMALL] §8§oYou can disable this messaging by toggling Sky Mall in your /hotm!
18:15:40 [EMPTY]  
18:15:40 [STASH_COMPACT] §f              §7You have §3524,803 §7materials stashed away!
18:15:40 [STASH_COMPACT] §f             §8(This totals 19 types of materials stashed!)
18:15:40 [STASH_COMPACT] §f                §3§l>>> §3§lCLICK HERE§b to pick them up! §3§l<<<
18:15:40 [EMPTY]   
18:16:41 [EMPTY]  
18:16:41 [STASH_COMPACT] §f              §7You have §3524,803 §7materials stashed away!
18:16:41 [STASH_COMPACT] §f             §8(This totals 19 types of materials stashed!)
18:16:41 [STASH_COMPACT] §f                §3§l>>> §3§lCLICK HERE§b to pick them up! §3§l<<<
18:16:41 [EMPTY]   
18:17:41 [EMPTY]  
18:17:41 [STASH_COMPACT] §f              §7You have §3524,803 §7materials stashed away!
18:17:41 [STASH_COMPACT] §f             §8(This totals 19 types of materials stashed!)
18:17:41 [STASH_COMPACT] §f                §3§l>>> §3§lCLICK HERE§b to pick them up! §3§l<<<
18:17:41 [EMPTY]   
18:18:41 [EMPTY]  
18:18:41 [STASH_COMPACT] §f              §7You have §3524,803 §7materials stashed away!
18:18:41 [STASH_COMPACT] §f             §8(This totals 19 types of materials stashed!)
18:18:41 [STASH_COMPACT] §f                §3§l>>> §3§lCLICK HERE§b to pick them up! §3§l<<<
18:18:41 [EMPTY]   
18:19:41 [EMPTY]  
18:19:41 [STASH_COMPACT] §f              §7You have §3524,921 §7materials stashed away!
18:19:41 [STASH_COMPACT] §f             §8(This totals 20 types of materials stashed!)
18:19:41 [STASH_COMPACT] §f                §3§l>>> §3§lCLICK HERE§b to pick them up! §3§l<<<
18:19:41 [EMPTY]   
18:20:41 [EMPTY]  
18:20:41 [STASH_COMPACT] §f              §7You have §3524,953 §7materials stashed away!
18:20:41 [STASH_COMPACT] §f             §8(This totals 20 types of materials stashed!)
18:20:41 [STASH_COMPACT] §f                §3§l>>> §3§lCLICK HERE§b to pick them up! §3§l<<<
18:20:41 [EMPTY]   
18:21:42 [EMPTY]  
18:21:42 [STASH_COMPACT] §f              §7You have §3524,953 §7materials stashed away!
18:21:42 [STASH_COMPACT] §f             §8(This totals 20 types of materials stashed!)
18:21:42 [STASH_COMPACT] §f                §3§l>>> §3§lCLICK HERE§b to pick them up! §3§l<<<
18:21:42 [EMPTY]   
18:22:42 [EMPTY]  
18:22:42 [STASH_COMPACT] §f              §7You have §3524,953 §7materials stashed away!
18:22:42 [STASH_COMPACT] §f             §8(This totals 20 types of materials stashed!)
18:22:42 [STASH_COMPACT] §f                §3§l>>> §3§lCLICK HERE§b to pick them up! §3§l<<<
18:22:42 [EMPTY]   
18:23:42 [EMPTY]  
18:23:42 [STASH_COMPACT] §f              §7You have §3524,953 §7materials stashed away!
18:23:42 [STASH_COMPACT] §f             §8(This totals 20 types of materials stashed!)
18:23:42 [STASH_COMPACT] §f                §3§l>>> §3§lCLICK HERE§b to pick them up! §3§l<<<
18:23:42 [EMPTY]   
18:24:42 [EMPTY]  
18:24:42 [STASH_COMPACT] §f              §7You have §3524,953 §7materials stashed away!
18:24:42 [STASH_COMPACT] §f             §8(This totals 20 types of materials stashed!)
18:24:42 [STASH_COMPACT] §f                §3§l>>> §3§lCLICK HERE§b to pick them up! §3§l<<<
18:24:42 [EMPTY]   
18:25:12 [EMPTY] §8 §r§8 §r§1 §r§3 §r§3 §r§7 §r§8 
18:25:16 [EMPTY]  
18:25:16 [STASH_COMPACT] §f              §7You have §3524,953 §7materials stashed away!
18:25:16 [STASH_COMPACT] §f             §8(This totals 20 types of materials stashed!)
18:25:16 [STASH_COMPACT] §f                §3§l>>> §3§lCLICK HERE§b to pick them up! §3§l<<<
18:25:16 [EMPTY]   
18:25:23 [EMPTY] §8 §r§8 §r§1 §r§3 §r§3 §r§7 §r§8 
18:25:26 [EMPTY]  
18:25:26 [STASH_COMPACT] §f              §7You have §3524,953 §7materials stashed away!
18:25:26 [STASH_COMPACT] §f             §8(This totals 20 types of materials stashed!)
18:25:26 [STASH_COMPACT] §f                §3§l>>> §3§lCLICK HERE§b to pick them up! §3§l<<<
18:25:26 [EMPTY]   
18:25:27 [EMPTY]  
18:25:27 [STASH_COMPACT] §f              §7You have §3524,953 §7materials stashed away!
18:25:27 [STASH_COMPACT] §f             §8(This totals 20 types of materials stashed!)
18:25:27 [STASH_COMPACT] §f                §3§l>>> §3§lCLICK HERE§b to pick them up! §3§l<<<
18:25:27 [EMPTY]   
18:25:45 [EMPTY] §8 §r§8 §r§1 §r§3 §r§3 §r§7 §r§8 
18:25:49 [EMPTY]  
18:25:49 [STASH_COMPACT] §f              §7You have §3524,953 §7materials stashed away!
18:25:49 [STASH_COMPACT] §f             §8(This totals 20 types of materials stashed!)
18:25:49 [STASH_COMPACT] §f                §3§l>>> §3§lCLICK HERE§b to pick them up! §3§l<<<
18:25:49 [EMPTY]   
18:26:44 [EMPTY]  
18:26:44 [STASH_COMPACT] §f              §7You have §3524,953 §7materials stashed away!
18:26:44 [STASH_COMPACT] §f             §8(This totals 20 types of materials stashed!)
18:26:44 [STASH_COMPACT] §f                §3§l>>> §3§lCLICK HERE§b to pick them up! §3§l<<<
18:26:44 [EMPTY]   
18:27:46 [EMPTY]  
18:27:46 [STASH_COMPACT] §f              §7You have §3524,953 §7materials stashed away!
18:27:46 [STASH_COMPACT] §f             §8(This totals 20 types of materials stashed!)
18:27:46 [STASH_COMPACT] §f                §3§l>>> §3§lCLICK HERE§b to pick them up! §3§l<<<
18:27:46 [EMPTY]   
18:28:02 [EMPTY] §8 §r§8 §r§1 §r§3 §r§3 §r§7 §r§8 
18:28:06 [EMPTY]  
18:28:06 [STASH_COMPACT] §f              §7You have §3524,953 §7materials stashed away!
18:28:06 [STASH_COMPACT] §f             §8(This totals 20 types of materials stashed!)
18:28:06 [STASH_COMPACT] §f                §3§l>>> §3§lCLICK HERE§b to pick them up! §3§l<<<
18:28:06 [EMPTY]   
18:28:06 [EMPTY]  
18:28:06 [STASH_COMPACT] §f              §7You have §3524,953 §7materials stashed away!
18:28:06 [STASH_COMPACT] §f             §8(This totals 20 types of materials stashed!)
18:28:06 [STASH_COMPACT] §f                §3§l>>> §3§lCLICK HERE§b to pick them up! §3§l<<<
18:28:06 [EMPTY]   
18:28:07 [EMPTY] §8 §r§8 §r§1 §r§3 §r§3 §r§7 §r§8 
18:28:11 [EMPTY]  
18:28:11 [STASH_COMPACT] §f              §7You have §3524,953 §7materials stashed away!
18:28:11 [STASH_COMPACT] §f             §8(This totals 20 types of materials stashed!)
18:28:11 [STASH_COMPACT] §f                §3§l>>> §3§lCLICK HERE§b to pick them up! §3§l<<<
18:28:11 [EMPTY]   
18:28:46 [EMPTY]  
18:28:46 [STASH_COMPACT] §f              §7You have §3524,953 §7materials stashed away!
18:28:46 [STASH_COMPACT] §f             §8(This totals 20 types of materials stashed!)
18:28:46 [STASH_COMPACT] §f                §3§l>>> §3§lCLICK HERE§b to pick them up! §3§l<<<
18:28:46 [EMPTY]   
18:29:01 [EMPTY] §8 §r§8 §r§1 §r§3 §r§3 §r§7 §r§8 
18:29:05 [EMPTY] §8 §r§8 §r§1 §r§3 §r§3 §r§7 §r§8 
18:29:09 [EMPTY]  
18:29:09 [STASH_COMPACT] §f              §7You have §3524,953 §7materials stashed away!
18:29:09 [STASH_COMPACT] §f             §8(This totals 20 types of materials stashed!)
18:29:09 [STASH_COMPACT] §f                §3§l>>> §3§lCLICK HERE§b to pick them up! §3§l<<<
18:29:09 [EMPTY]   
18:29:10 [EMPTY]  
18:29:10 [STASH_COMPACT] §f              §7You have §3524,953 §7materials stashed away!
18:29:10 [STASH_COMPACT] §f             §8(This totals 20 types of materials stashed!)
18:29:10 [STASH_COMPACT] §f                §3§l>>> §3§lCLICK HERE§b to pick them up! §3§l<<<
18:29:10 [EMPTY]   
18:29:11 [EMPTY] §f
18:30:10 [EMPTY]  
18:30:10 [STASH_COMPACT] §f              §7You have §3524,953 §7materials stashed away!
18:30:10 [STASH_COMPACT] §f             §8(This totals 20 types of materials stashed!)
18:30:10 [STASH_COMPACT] §f                §3§l>>> §3§lCLICK HERE§b to pick them up! §3§l<<<
18:30:10 [EMPTY]   
18:31:10 [EMPTY]  
18:31:10 [STASH_COMPACT] §f              §7You have §3524,953 §7materials stashed away!
18:31:10 [STASH_COMPACT] §f             §8(This totals 20 types of materials stashed!)
18:31:10 [STASH_COMPACT] §f                §3§l>>> §3§lCLICK HERE§b to pick them up! §3§l<<<
18:31:10 [EMPTY]   
18:32:10 [EMPTY]  
18:32:10 [STASH_COMPACT] §f              §7You have §3524,953 §7materials stashed away!
18:32:10 [STASH_COMPACT] §f             §8(This totals 20 types of materials stashed!)
18:32:10 [STASH_COMPACT] §f                §3§l>>> §3§lCLICK HERE§b to pick them up! §3§l<<<
18:32:10 [EMPTY]   
18:33:11 [EMPTY]  
18:33:11 [STASH_COMPACT] §f              §7You have §3524,953 §7materials stashed away!
18:33:11 [STASH_COMPACT] §f             §8(This totals 20 types of materials stashed!)
18:33:11 [STASH_COMPACT] §f                §3§l>>> §3§lCLICK HERE§b to pick them up! §3§l<<<
18:33:11 [EMPTY]   
18:34:11 [EMPTY]  
18:34:11 [STASH_COMPACT] §f              §7You have §3524,953 §7materials stashed away!
18:34:11 [STASH_COMPACT] §f             §8(This totals 20 types of materials stashed!)
18:34:11 [STASH_COMPACT] §f                §3§l>>> §3§lCLICK HERE§b to pick them up! §3§l<<<
18:34:11 [EMPTY]   
18:35:00 [SKYMALL] §bNew day! §r§eYour §r§2Sky Mall §r§ebuff changed!
18:35:00 [SKYMALL] §eNew buff§r§r§r: §r§fGain §r§a+15% §r§fmore Powder while mining.
18:35:00 [SKYMALL] §8§oYou can disable this messaging by toggling Sky Mall in your /hotm!
18:35:11 [EMPTY]  
18:35:11 [STASH_COMPACT] §f              §7You have §3524,953 §7materials stashed away!
18:35:11 [STASH_COMPACT] §f             §8(This totals 20 types of materials stashed!)
18:35:11 [STASH_COMPACT] §f                §3§l>>> §3§lCLICK HERE§b to pick them up! §3§l<<<
18:35:11 [EMPTY]   
18:36:12 [EMPTY]  
18:36:12 [STASH_COMPACT] §f              §7You have §3524,953 §7materials stashed away!
18:36:12 [STASH_COMPACT] §f             §8(This totals 20 types of materials stashed!)
18:36:12 [STASH_COMPACT] §f                §3§l>>> §3§lCLICK HERE§b to pick them up! §3§l<<<
18:36:12 [EMPTY]   
18:37:12 [EMPTY]  
18:37:12 [STASH_COMPACT] §f              §7You have §3524,953 §7materials stashed away!
18:37:12 [STASH_COMPACT] §f             §8(This totals 20 types of materials stashed!)
18:37:12 [STASH_COMPACT] §f                §3§l>>> §3§lCLICK HERE§b to pick them up! §3§l<<<
18:37:12 [EMPTY]   
18:38:12 [EMPTY]  
18:38:12 [STASH_COMPACT] §f              §7You have §3524,953 §7materials stashed away!
18:38:12 [STASH_COMPACT] §f             §8(This totals 20 types of materials stashed!)
18:38:12 [STASH_COMPACT] §f                §3§l>>> §3§lCLICK HERE§b to pick them up! §3§l<<<
18:38:12 [EMPTY]   
18:39:12 [EMPTY]  
18:39:12 [STASH_COMPACT] §f              §7You have §3524,953 §7materials stashed away!
18:39:12 [STASH_COMPACT] §f             §8(This totals 20 types of materials stashed!)
18:39:12 [STASH_COMPACT] §f                §3§l>>> §3§lCLICK HERE§b to pick them up! §3§l<<<
18:39:12 [EMPTY]   
18:40:12 [EMPTY]  
18:40:12 [STASH_COMPACT] §f              §7You have §3524,953 §7materials stashed away!
18:40:12 [STASH_COMPACT] §f             §8(This totals 20 types of materials stashed!)
18:40:12 [STASH_COMPACT] §f                §3§l>>> §3§lCLICK HERE§b to pick them up! §3§l<<<
18:40:12 [EMPTY]   
18:41:12 [EMPTY]  
18:41:12 [STASH_COMPACT] §f              §7You have §3524,953 §7materials stashed away!
18:41:12 [STASH_COMPACT] §f             §8(This totals 20 types of materials stashed!)
18:41:12 [STASH_COMPACT] §f                §3§l>>> §3§lCLICK HERE§b to pick them up! §3§l<<<
18:41:12 [EMPTY]   
18:41:19 [EMPTY] 
18:41:19 [EMPTY] 
18:42:13 [EMPTY]  
18:42:13 [STASH_COMPACT] §f              §7You have §3524,953 §7materials stashed away!
18:42:13 [STASH_COMPACT] §f             §8(This totals 20 types of materials stashed!)
18:42:13 [STASH_COMPACT] §f                §3§l>>> §3§lCLICK HERE§b to pick them up! §3§l<<<
18:42:13 [EMPTY]   
18:43:13 [EMPTY]  
18:43:13 [STASH_COMPACT] §f              §7You have §3524,953 §7materials stashed away!
18:43:13 [STASH_COMPACT] §f             §8(This totals 20 types of materials stashed!)
18:43:13 [STASH_COMPACT] §f                §3§l>>> §3§lCLICK HERE§b to pick them up! §3§l<<<
18:43:13 [EMPTY]   
18:44:13 [EMPTY]  
18:44:13 [STASH_COMPACT] §f              §7You have §3524,953 §7materials stashed away!
18:44:13 [STASH_COMPACT] §f             §8(This totals 20 types of materials stashed!)
18:44:13 [STASH_COMPACT] §f                §3§l>>> §3§lCLICK HERE§b to pick them up! §3§l<<<
18:44:13 [EMPTY]   
18:45:13 [EMPTY]  
18:45:13 [STASH_COMPACT] §f              §7You have §3524,953 §7materials stashed away!
18:45:13 [STASH_COMPACT] §f             §8(This totals 20 types of materials stashed!)
18:45:13 [STASH_COMPACT] §f                §3§l>>> §3§lCLICK HERE§b to pick them up! §3§l<<<
18:45:13 [EMPTY]   
18:46:13 [EMPTY]  
18:46:13 [STASH_COMPACT] §f              §7You have §3524,953 §7materials stashed away!
18:46:13 [STASH_COMPACT] §f             §8(This totals 20 types of materials stashed!)
18:46:13 [STASH_COMPACT] §f                §3§l>>> §3§lCLICK HERE§b to pick them up! §3§l<<<
18:46:13 [EMPTY]   
18:47:13 [EMPTY]  
18:47:13 [STASH_COMPACT] §f              §7You have §3524,953 §7materials stashed away!
18:47:13 [STASH_COMPACT] §f             §8(This totals 20 types of materials stashed!)
18:47:13 [STASH_COMPACT] §f                §3§l>>> §3§lCLICK HERE§b to pick them up! §3§l<<<
18:47:13 [EMPTY]   
18:48:14 [EMPTY]  
18:48:14 [STASH_COMPACT] §f              §7You have §3524,953 §7materials stashed away!
18:48:14 [STASH_COMPACT] §f             §8(This totals 20 types of materials stashed!)
18:48:14 [STASH_COMPACT] §f                §3§l>>> §3§lCLICK HERE§b to pick them up! §3§l<<<
18:48:14 [EMPTY]   
18:49:14 [EMPTY]  
18:49:14 [STASH_COMPACT] §f              §7You have §3524,953 §7materials stashed away!
18:49:14 [STASH_COMPACT] §f             §8(This totals 20 types of materials stashed!)
18:49:14 [STASH_COMPACT] §f                §3§l>>> §3§lCLICK HERE§b to pick them up! §3§l<<<
18:49:14 [EMPTY]   
18:50:14 [EMPTY]  
18:50:14 [STASH_COMPACT] §f              §7You have §3524,953 §7materials stashed away!
18:50:14 [STASH_COMPACT] §f             §8(This totals 20 types of materials stashed!)
18:50:14 [STASH_COMPACT] §f                §3§l>>> §3§lCLICK HERE§b to pick them up! §3§l<<<
18:50:14 [EMPTY]   
18:51:14 [EMPTY]  
18:51:14 [STASH_COMPACT] §f              §7You have §3524,953 §7materials stashed away!
18:51:14 [STASH_COMPACT] §f             §8(This totals 20 types of materials stashed!)
18:51:14 [STASH_COMPACT] §f                §3§l>>> §3§lCLICK HERE§b to pick them up! §3§l<<<
18:51:14 [EMPTY]   
18:52:14 [EMPTY]  
18:52:14 [STASH_COMPACT] §f              §7You have §3524,953 §7materials stashed away!
18:52:14 [STASH_COMPACT] §f             §8(This totals 20 types of materials stashed!)
18:52:14 [STASH_COMPACT] §f                §3§l>>> §3§lCLICK HERE§b to pick them up! §3§l<<<
18:52:14 [EMPTY]   
18:53:14 [EMPTY]  
18:53:14 [STASH_COMPACT] §f              §7You have §3524,953 §7materials stashed away!
18:53:14 [STASH_COMPACT] §f             §8(This totals 20 types of materials stashed!)
18:53:14 [STASH_COMPACT] §f                §3§l>>> §3§lCLICK HERE§b to pick them up! §3§l<<<
18:53:14 [EMPTY]   
18:53:51 [EMPTY]  
18:53:51 [BESTIARY] §f                                  §6§lBESTIARY
18:53:51 [BESTIARY] §f                             §b§lAgarimoo §7§8X §8➡§b §bXI
18:53:51 [BESTIARY] 
18:53:51 [BESTIARY] §f                                  §r§6§lREWARDS
18:53:51 [BESTIARY] §f                        §r§8+§r§a4 Agarimoo §r§b✯ Magic Find
18:53:51 [BESTIARY] §f                         §r§8+§r§a4 Agarimoo §r§c❁ Strength
18:53:51 [BESTIARY] §f                            §r§8+§r§62% §r§aAgarimoo §r§7coins
18:53:51 [BESTIARY] §f                    §r§8+§r§a50% §r§7chance for extra XP orbs
18:53:51 [BESTIARY] §f                               §r§8+§r§b1 SkyBlock XP
18:53:51 [BESTIARY] 
18:53:51 [BESTIARY]   §r§f                         §6§lBESTIARY MILESTONE
18:53:51 [BESTIARY]   §r§f                                §8CCLXI➡§eCCLXII
18:53:51 [BESTIARY] 
18:53:51 [BESTIARY] §3§l▬▬▬▬▬▬▬▬▬▬▬▬▬▬▬▬▬▬▬▬▬▬▬▬▬▬▬▬▬▬▬▬▬▬▬▬▬▬▬▬▬▬▬▬▬▬▬▬▬▬▬▬▬▬▬▬▬▬▬▬▬▬▬▬
18:54:15 [EMPTY]  
18:54:15 [STASH_COMPACT] §f              §7You have §3524,953 §7materials stashed away!
18:54:15 [STASH_COMPACT] §f             §8(This totals 20 types of materials stashed!)
18:54:15 [STASH_COMPACT] §f                §3§l>>> §3§lCLICK HERE§b to pick them up! §3§l<<<
18:54:15 [EMPTY]   
18:55:00 [SKYMALL] §bNew day! §r§eYour §r§2Sky Mall §r§ebuff changed!
18:55:00 [SKYMALL] §eNew buff§r§r§r: §r§fGain §r§6+50☘ Mining Fortune§r§f.
18:55:00 [SKYMALL] §8§oYou can disable this messaging by toggling Sky Mall in your /hotm!
18:55:15 [EMPTY]  
18:55:15 [STASH_COMPACT] §f              §7You have §3524,953 §7materials stashed away!
18:55:15 [STASH_COMPACT] §f             §8(This totals 20 types of materials stashed!)
18:55:15 [STASH_COMPACT] §f                §3§l>>> §3§lCLICK HERE§b to pick them up! §3§l<<<
18:55:15 [EMPTY]   
18:56:15 [EMPTY]  
18:56:15 [STASH_COMPACT] §f              §7You have §3524,953 §7materials stashed away!
18:56:15 [STASH_COMPACT] §f             §8(This totals 20 types of materials stashed!)
18:56:15 [STASH_COMPACT] §f                §3§l>>> §3§lCLICK HERE§b to pick them up! §3§l<<<
18:56:15 [EMPTY]   
18:57:15 [EMPTY]  
18:57:15 [STASH_COMPACT] §f              §7You have §3524,953 §7materials stashed away!
18:57:15 [STASH_COMPACT] §f             §8(This totals 20 types of materials stashed!)
18:57:15 [STASH_COMPACT] §f                §3§l>>> §3§lCLICK HERE§b to pick them up! §3§l<<<
18:57:15 [EMPTY]   
18:58:15 [EMPTY]  
18:58:15 [STASH_COMPACT] §f              §7You have §3524,953 §7materials stashed away!
18:58:15 [STASH_COMPACT] §f             §8(This totals 20 types of materials stashed!)
18:58:15 [STASH_COMPACT] §f                §3§l>>> §3§lCLICK HERE§b to pick them up! §3§l<<<
18:58:15 [EMPTY]   
18:59:16 [EMPTY]  
18:59:16 [STASH_COMPACT] §f              §7You have §3524,953 §7materials stashed away!
18:59:16 [STASH_COMPACT] §f             §8(This totals 20 types of materials stashed!)
18:59:16 [STASH_COMPACT] §f                §3§l>>> §3§lCLICK HERE§b to pick them up! §3§l<<<
18:59:16 [EMPTY]   
19:00:08 [EMPTY] §f
19:00:08 [EMPTY] §c
19:00:17 [EMPTY]  
19:00:17 [STASH_COMPACT] §f              §7You have §3524,953 §7materials stashed away!
19:00:17 [STASH_COMPACT] §f             §8(This totals 20 types of materials stashed!)
19:00:17 [STASH_COMPACT] §f                §3§l>>> §3§lCLICK HERE§b to pick them up! §3§l<<<
19:00:17 [EMPTY]   
19:01:17 [EMPTY]  
19:01:17 [STASH_COMPACT] §f              §7You have §3524,953 §7materials stashed away!
19:01:17 [STASH_COMPACT] §f             §8(This totals 20 types of materials stashed!)
19:01:17 [STASH_COMPACT] §f                §3§l>>> §3§lCLICK HERE§b to pick them up! §3§l<<<
19:01:17 [EMPTY]   
19:01:23 [EMPTY] 
19:01:23 [EMPTY] 
19:02:17 [EMPTY]  
19:02:17 [STASH_COMPACT] §f              §7You have §3524,953 §7materials stashed away!
19:02:17 [STASH_COMPACT] §f             §8(This totals 20 types of materials stashed!)
19:02:17 [STASH_COMPACT] §f                §3§l>>> §3§lCLICK HERE§b to pick them up! §3§l<<<
19:02:17 [EMPTY]   
19:03:17 [EMPTY]  
19:03:17 [STASH_COMPACT] §f              §7You have §3524,953 §7materials stashed away!
19:03:17 [STASH_COMPACT] §f             §8(This totals 20 types of materials stashed!)
19:03:17 [STASH_COMPACT] §f                §3§l>>> §3§lCLICK HERE§b to pick them up! §3§l<<<
19:03:17 [EMPTY]   
19:04:17 [EMPTY]  
19:04:17 [STASH_COMPACT] §f              §7You have §3524,953 §7materials stashed away!
19:04:17 [STASH_COMPACT] §f             §8(This totals 20 types of materials stashed!)
19:04:17 [STASH_COMPACT] §f                §3§l>>> §3§lCLICK HERE§b to pick them up! §3§l<<<
19:04:17 [EMPTY]   
19:04:55 [EMPTY]  
19:04:55 [BESTIARY] §f                                  §6§lBESTIARY
19:04:55 [BESTIARY] §f                         §b§lSea Guardian §7§8XI §8➡§b §bXII
19:04:55 [BESTIARY] 
19:04:55 [BESTIARY] §f                                  §r§6§lREWARDS
19:04:55 [BESTIARY] §f                      §r§8+§r§a4 Sea Guardian §r§b✯ Magic Find
19:04:55 [BESTIARY] §f                      §r§8+§r§a4 Sea Guardian §r§c❁ Strength
19:04:55 [BESTIARY] §f                          §r§8+§r§62% §r§aSea Guardian §r§7coins
19:04:55 [BESTIARY] §f                    §r§8+§r§a50% §r§7chance for extra XP orbs
19:04:55 [BESTIARY] §f                               §r§8+§r§b1 SkyBlock XP
19:04:55 [BESTIARY] 
19:04:55 [BESTIARY] §3§l▬▬▬▬▬▬▬▬▬▬▬▬▬▬▬▬▬▬▬▬▬▬▬▬▬▬▬▬▬▬▬▬▬▬▬▬▬▬▬▬▬▬▬▬▬▬▬▬▬▬▬▬▬▬▬▬▬▬▬▬▬▬▬▬
19:05:18 [EMPTY]  
19:05:18 [STASH_COMPACT] §f              §7You have §3524,953 §7materials stashed away!
19:05:18 [STASH_COMPACT] §f             §8(This totals 20 types of materials stashed!)
19:05:18 [STASH_COMPACT] §f                §3§l>>> §3§lCLICK HERE§b to pick them up! §3§l<<<
19:05:18 [EMPTY]   
19:06:18 [EMPTY]  
19:06:18 [STASH_COMPACT] §f              §7You have §3524,953 §7materials stashed away!
19:06:18 [STASH_COMPACT] §f             §8(This totals 20 types of materials stashed!)
19:06:18 [STASH_COMPACT] §f                §3§l>>> §3§lCLICK HERE§b to pick them up! §3§l<<<
19:06:18 [EMPTY]   
19:07:18 [EMPTY]  
19:07:18 [STASH_COMPACT] §f              §7You have §3524,953 §7materials stashed away!
19:07:18 [STASH_COMPACT] §f             §8(This totals 20 types of materials stashed!)
19:07:18 [STASH_COMPACT] §f                §3§l>>> §3§lCLICK HERE§b to pick them up! §3§l<<<
19:07:18 [EMPTY]   
19:08:19 [EMPTY]  
19:08:19 [STASH_COMPACT] §f              §7You have §3524,953 §7materials stashed away!
19:08:19 [STASH_COMPACT] §f             §8(This totals 20 types of materials stashed!)
19:08:19 [STASH_COMPACT] §f                §3§l>>> §3§lCLICK HERE§b to pick them up! §3§l<<<
19:08:19 [EMPTY]   
19:09:19 [EMPTY]  
19:09:19 [STASH_COMPACT] §f              §7You have §3524,953 §7materials stashed away!
19:09:19 [STASH_COMPACT] §f             §8(This totals 20 types of materials stashed!)
19:09:19 [STASH_COMPACT] §f                §3§l>>> §3§lCLICK HERE§b to pick them up! §3§l<<<
19:09:19 [EMPTY]   
19:10:19 [EMPTY]  
19:10:19 [STASH_COMPACT] §f              §7You have §3524,953 §7materials stashed away!
19:10:19 [STASH_COMPACT] §f             §8(This totals 20 types of materials stashed!)
19:10:19 [STASH_COMPACT] §f                §3§l>>> §3§lCLICK HERE§b to pick them up! §3§l<<<
19:10:19 [EMPTY]   
19:11:19 [EMPTY]  
19:11:19 [STASH_COMPACT] §f              §7You have §3524,953 §7materials stashed away!
19:11:19 [STASH_COMPACT] §f             §8(This totals 20 types of materials stashed!)
19:11:19 [STASH_COMPACT] §f                §3§l>>> §3§lCLICK HERE§b to pick them up! §3§l<<<
19:11:19 [EMPTY]   
19:12:20 [EMPTY]  
19:12:20 [STASH_COMPACT] §f              §7You have §3524,953 §7materials stashed away!
19:12:20 [STASH_COMPACT] §f             §8(This totals 20 types of materials stashed!)
19:12:20 [STASH_COMPACT] §f                §3§l>>> §3§lCLICK HERE§b to pick them up! §3§l<<<
19:12:20 [EMPTY]   
19:13:20 [EMPTY]  
19:13:20 [STASH_COMPACT] §f              §7You have §3524,953 §7materials stashed away!
19:13:20 [STASH_COMPACT] §f             §8(This totals 20 types of materials stashed!)
19:13:20 [STASH_COMPACT] §f                §3§l>>> §3§lCLICK HERE§b to pick them up! §3§l<<<
19:13:20 [EMPTY]   
19:14:20 [EMPTY]  
19:14:20 [STASH_COMPACT] §f              §7You have §3524,953 §7materials stashed away!
19:14:20 [STASH_COMPACT] §f             §8(This totals 20 types of materials stashed!)
19:14:20 [STASH_COMPACT] §f                §3§l>>> §3§lCLICK HERE§b to pick them up! §3§l<<<
19:14:20 [EMPTY]   
19:15:01 [SKYMALL] §bNew day! §r§eYour §r§2Sky Mall §r§ebuff changed!
19:15:01 [SKYMALL] §eNew buff§r§r§r: §r§fGain §r§6+50☘ Mining Fortune§r§f.
19:15:01 [SKYMALL] §8§oYou can disable this messaging by toggling Sky Mall in your /hotm!
19:15:21 [EMPTY]  
19:15:21 [STASH_COMPACT] §f              §7You have §3524,953 §7materials stashed away!
19:15:21 [STASH_COMPACT] §f             §8(This totals 20 types of materials stashed!)
19:15:21 [STASH_COMPACT] §f                §3§l>>> §3§lCLICK HERE§b to pick them up! §3§l<<<
19:15:21 [EMPTY]   
19:15:24 [EMPTY] §8 §r§8 §r§1 §r§3 §r§3 §r§7 §r§8 
19:15:27 [EMPTY]  
19:15:27 [STASH_COMPACT] §f              §7You have §3524,953 §7materials stashed away!
19:15:27 [STASH_COMPACT] §f             §8(This totals 20 types of materials stashed!)
19:15:27 [STASH_COMPACT] §f                §3§l>>> §3§lCLICK HERE§b to pick them up! §3§l<<<
19:15:27 [EMPTY]   
19:15:28 [EMPTY]  
19:15:28 [STASH_COMPACT] §f              §7You have §3524,953 §7materials stashed away!
19:15:28 [STASH_COMPACT] §f             §8(This totals 20 types of materials stashed!)
19:15:28 [STASH_COMPACT] §f                §3§l>>> §3§lCLICK HERE§b to pick them up! §3§l<<<
19:15:28 [EMPTY]   
19:15:45 [EMPTY] §8 §r§8 §r§1 §r§3 §r§3 §r§7 §r§8 
19:15:49 [EMPTY]  
19:15:49 [STASH_COMPACT] §f              §7You have §3524,953 §7materials stashed away!
19:15:49 [STASH_COMPACT] §f             §8(This totals 20 types of materials stashed!)
19:15:49 [STASH_COMPACT] §f                §3§l>>> §3§lCLICK HERE§b to pick them up! §3§l<<<
19:15:49 [EMPTY]   
19:16:23 [EMPTY]  
19:16:23 [STASH_COMPACT] §f              §7You have §3524,953 §7materials stashed away!
19:16:23 [STASH_COMPACT] §f             §8(This totals 20 types of materials stashed!)
19:16:23 [STASH_COMPACT] §f                §3§l>>> §3§lCLICK HERE§b to pick them up! §3§l<<<
19:16:23 [EMPTY]   
19:17:23 [EMPTY]  
19:17:23 [STASH_COMPACT] §f              §7You have §3524,953 §7materials stashed away!
19:17:23 [STASH_COMPACT] §f             §8(This totals 20 types of materials stashed!)
19:17:23 [STASH_COMPACT] §f                §3§l>>> §3§lCLICK HERE§b to pick them up! §3§l<<<
19:17:23 [EMPTY]   
19:18:21 [EMPTY] 
19:18:21 [EMPTY] 
19:18:23 [EMPTY]  
19:18:23 [STASH_COMPACT] §f              §7You have §3524,953 §7materials stashed away!
19:18:23 [STASH_COMPACT] §f             §8(This totals 20 types of materials stashed!)
19:18:23 [STASH_COMPACT] §f                §3§l>>> §3§lCLICK HERE§b to pick them up! §3§l<<<
19:18:23 [EMPTY]   
19:19:23 [EMPTY]  
19:19:23 [STASH_COMPACT] §f              §7You have §3524,953 §7materials stashed away!
19:19:23 [STASH_COMPACT] §f             §8(This totals 20 types of materials stashed!)
19:19:23 [STASH_COMPACT] §f                §3§l>>> §3§lCLICK HERE§b to pick them up! §3§l<<<
19:19:23 [EMPTY]   
19:20:23 [EMPTY]  
19:20:23 [STASH_COMPACT] §f              §7You have §3524,953 §7materials stashed away!
19:20:23 [STASH_COMPACT] §f             §8(This totals 20 types of materials stashed!)
19:20:23 [STASH_COMPACT] §f                §3§l>>> §3§lCLICK HERE§b to pick them up! §3§l<<<
19:20:23 [EMPTY]   
19:21:23 [EMPTY]  
19:21:23 [STASH_COMPACT] §f              §7You have §3524,953 §7materials stashed away!
19:21:23 [STASH_COMPACT] §f             §8(This totals 20 types of materials stashed!)
19:21:23 [STASH_COMPACT] §f                §3§l>>> §3§lCLICK HERE§b to pick them up! §3§l<<<
19:21:23 [EMPTY]   
19:22:23 [EMPTY]  
19:22:23 [STASH_COMPACT] §f              §7You have §3524,953 §7materials stashed away!
19:22:23 [STASH_COMPACT] §f             §8(This totals 20 types of materials stashed!)
19:22:23 [STASH_COMPACT] §f                §3§l>>> §3§lCLICK HERE§b to pick them up! §3§l<<<
19:22:23 [EMPTY]   
19:23:23 [EMPTY]  
19:23:23 [STASH_COMPACT] §f              §7You have §3524,953 §7materials stashed away!
19:23:23 [STASH_COMPACT] §f             §8(This totals 20 types of materials stashed!)
19:23:23 [STASH_COMPACT] §f                §3§l>>> §3§lCLICK HERE§b to pick them up! §3§l<<<
19:23:23 [EMPTY]   
19:24:23 [EMPTY]  
19:24:23 [STASH_COMPACT] §f              §7You have §3524,953 §7materials stashed away!
19:24:23 [STASH_COMPACT] §f             §8(This totals 20 types of materials stashed!)
19:24:23 [STASH_COMPACT] §f                §3§l>>> §3§lCLICK HERE§b to pick them up! §3§l<<<
19:24:23 [EMPTY]   
19:25:23 [EMPTY]  
19:25:23 [STASH_COMPACT] §f              §7You have §3524,953 §7materials stashed away!
19:25:23 [STASH_COMPACT] §f             §8(This totals 20 types of materials stashed!)
19:25:23 [STASH_COMPACT] §f                §3§l>>> §3§lCLICK HERE§b to pick them up! §3§l<<<
19:25:23 [EMPTY]   
19:26:23 [EMPTY]  
19:26:23 [STASH_COMPACT] §f              §7You have §3524,953 §7materials stashed away!
19:26:23 [STASH_COMPACT] §f             §8(This totals 20 types of materials stashed!)
19:26:23 [STASH_COMPACT] §f                §3§l>>> §3§lCLICK HERE§b to pick them up! §3§l<<<
19:26:23 [EMPTY]   
19:27:23 [EMPTY]  
19:27:23 [STASH_COMPACT] §f              §7You have §3524,953 §7materials stashed away!
19:27:23 [STASH_COMPACT] §f             §8(This totals 20 types of materials stashed!)
19:27:23 [STASH_COMPACT] §f                §3§l>>> §3§lCLICK HERE§b to pick them up! §3§l<<<
19:27:23 [EMPTY]   
19:28:23 [EMPTY]  
19:28:23 [STASH_COMPACT] §f              §7You have §3524,953 §7materials stashed away!
19:28:23 [STASH_COMPACT] §f             §8(This totals 20 types of materials stashed!)
19:28:23 [STASH_COMPACT] §f                §3§l>>> §3§lCLICK HERE§b to pick them up! §3§l<<<
19:28:23 [EMPTY]   
19:29:24 [EMPTY]  
19:29:24 [STASH_COMPACT] §f              §7You have §3524,953 §7materials stashed away!
19:29:24 [STASH_COMPACT] §f             §8(This totals 20 types of materials stashed!)
19:29:24 [STASH_COMPACT] §f                §3§l>>> §3§lCLICK HERE§b to pick them up! §3§l<<<
19:29:24 [EMPTY]   
19:30:24 [EMPTY]  
19:30:24 [STASH_COMPACT] §f              §7You have §3524,953 §7materials stashed away!
19:30:24 [STASH_COMPACT] §f             §8(This totals 20 types of materials stashed!)
19:30:24 [STASH_COMPACT] §f                §3§l>>> §3§lCLICK HERE§b to pick them up! §3§l<<<
19:30:24 [EMPTY]   
19:31:24 [EMPTY]  
19:31:24 [STASH_COMPACT] §f              §7You have §3524,953 §7materials stashed away!
19:31:24 [STASH_COMPACT] §f             §8(This totals 20 types of materials stashed!)
19:31:24 [STASH_COMPACT] §f                §3§l>>> §3§lCLICK HERE§b to pick them up! §3§l<<<
19:31:24 [EMPTY]   
19:32:24 [EMPTY]  
19:32:24 [STASH_COMPACT] §f              §7You have §3524,953 §7materials stashed away!
19:32:24 [STASH_COMPACT] §f             §8(This totals 20 types of materials stashed!)
19:32:24 [STASH_COMPACT] §f                §3§l>>> §3§lCLICK HERE§b to pick them up! §3§l<<<
19:32:24 [EMPTY]   
19:33:24 [EMPTY]  
19:33:24 [STASH_COMPACT] §f              §7You have §3524,953 §7materials stashed away!
19:33:24 [STASH_COMPACT] §f             §8(This totals 20 types of materials stashed!)
19:33:24 [STASH_COMPACT] §f                §3§l>>> §3§lCLICK HERE§b to pick them up! §3§l<<<
19:33:24 [EMPTY]   
19:34:24 [EMPTY]  
19:34:24 [STASH_COMPACT] §f              §7You have §3524,953 §7materials stashed away!
19:34:24 [STASH_COMPACT] §f             §8(This totals 20 types of materials stashed!)
19:34:24 [STASH_COMPACT] §f                §3§l>>> §3§lCLICK HERE§b to pick them up! §3§l<<<
19:34:24 [EMPTY]   
19:35:00 [SKYMALL] §bNew day! §r§eYour §r§2Sky Mall §r§ebuff changed!
19:35:00 [SKYMALL] §eNew buff§r§r§r: §r§fGain §r§6+50☘ Mining Fortune§r§f.
19:35:00 [SKYMALL] §8§oYou can disable this messaging by toggling Sky Mall in your /hotm!
19:35:24 [EMPTY]  
19:35:24 [STASH_COMPACT] §f              §7You have §3524,953 §7materials stashed away!
19:35:24 [STASH_COMPACT] §f             §8(This totals 20 types of materials stashed!)
19:35:24 [STASH_COMPACT] §f                §3§l>>> §3§lCLICK HERE§b to pick them up! §3§l<<<
19:35:24 [EMPTY]   
19:36:05 [EMPTY] §8 §r§8 §r§1 §r§3 §r§3 §r§7 §r§8 
19:36:09 [EMPTY]  
19:36:09 [STASH_COMPACT] §f              §7You have §3524,953 §7materials stashed away!
19:36:09 [STASH_COMPACT] §f             §8(This totals 20 types of materials stashed!)
19:36:09 [STASH_COMPACT] §f                §3§l>>> §3§lCLICK HERE§b to pick them up! §3§l<<<
19:36:09 [EMPTY]   
19:36:31 [EMPTY]  
19:36:31 [STASH_COMPACT] §f              §7You have §3524,953 §7materials stashed away!
19:36:31 [STASH_COMPACT] §f             §8(This totals 20 types of materials stashed!)
19:36:31 [STASH_COMPACT] §f                §3§l>>> §3§lCLICK HERE§b to pick them up! §3§l<<<
19:36:31 [EMPTY]   
19:37:32 [EMPTY]  
19:37:32 [STASH_COMPACT] §f              §7You have §3524,953 §7materials stashed away!
19:37:32 [STASH_COMPACT] §f             §8(This totals 20 types of materials stashed!)
19:37:32 [STASH_COMPACT] §f                §3§l>>> §3§lCLICK HERE§b to pick them up! §3§l<<<
19:37:32 [EMPTY]   
19:38:32 [EMPTY]  
19:38:32 [STASH_COMPACT] §f              §7You have §3524,953 §7materials stashed away!
19:38:32 [STASH_COMPACT] §f             §8(This totals 20 types of materials stashed!)
19:38:32 [STASH_COMPACT] §f                §3§l>>> §3§lCLICK HERE§b to pick them up! §3§l<<<
19:38:32 [EMPTY]   
19:39:32 [EMPTY]  
19:39:32 [STASH_COMPACT] §f              §7You have §3524,953 §7materials stashed away!
19:39:32 [STASH_COMPACT] §f             §8(This totals 20 types of materials stashed!)
19:39:32 [STASH_COMPACT] §f                §3§l>>> §3§lCLICK HERE§b to pick them up! §3§l<<<
19:39:32 [EMPTY]   
19:40:32 [EMPTY]  
19:40:32 [STASH_COMPACT] §f              §7You have §3524,953 §7materials stashed away!
19:40:32 [STASH_COMPACT] §f             §8(This totals 20 types of materials stashed!)
19:40:32 [STASH_COMPACT] §f                §3§l>>> §3§lCLICK HERE§b to pick them up! §3§l<<<
19:40:32 [EMPTY]   
19:41:32 [EMPTY]  
19:41:32 [STASH_COMPACT] §f              §7You have §3524,953 §7materials stashed away!
19:41:32 [STASH_COMPACT] §f             §8(This totals 20 types of materials stashed!)
19:41:32 [STASH_COMPACT] §f                §3§l>>> §3§lCLICK HERE§b to pick them up! §3§l<<<
19:41:32 [EMPTY]   
19:42:32 [EMPTY]  
19:42:32 [STASH_COMPACT] §f              §7You have §3524,953 §7materials stashed away!
19:42:32 [STASH_COMPACT] §f             §8(This totals 20 types of materials stashed!)
19:42:32 [STASH_COMPACT] §f                §3§l>>> §3§lCLICK HERE§b to pick them up! §3§l<<<
19:42:32 [EMPTY]   
19:43:32 [EMPTY]  
19:43:32 [STASH_COMPACT] §f              §7You have §3524,953 §7materials stashed away!
19:43:32 [STASH_COMPACT] §f             §8(This totals 20 types of materials stashed!)
19:43:32 [STASH_COMPACT] §f                §3§l>>> §3§lCLICK HERE§b to pick them up! §3§l<<<
19:43:32 [EMPTY]   
19:44:13 [EMPTY] §8 §r§8 §r§1 §r§3 §r§3 §r§7 §r§8 
19:44:17 [EMPTY]  
19:44:17 [STASH_COMPACT] §f              §7You have §3524,953 §7materials stashed away!
19:44:17 [STASH_COMPACT] §f             §8(This totals 20 types of materials stashed!)
19:44:17 [STASH_COMPACT] §f                §3§l>>> §3§lCLICK HERE§b to pick them up! §3§l<<<
19:44:17 [EMPTY]   
19:44:49 [EMPTY] 
19:44:53 [EMPTY]  
19:44:53 [STASH_COMPACT] §f              §7You have §3524,953 §7materials stashed away!
19:44:53 [STASH_COMPACT] §f             §8(This totals 20 types of materials stashed!)
19:44:53 [STASH_COMPACT] §f                §3§l>>> §3§lCLICK HERE§b to pick them up! §3§l<<<
19:44:53 [EMPTY]   
19:45:53 [EMPTY]  
19:45:53 [STASH_COMPACT] §f              §7You have §3524,953 §7materials stashed away!
19:45:53 [STASH_COMPACT] §f             §8(This totals 20 types of materials stashed!)
19:45:53 [STASH_COMPACT] §f                §3§l>>> §3§lCLICK HERE§b to pick them up! §3§l<<<
19:45:53 [EMPTY]   
19:46:49 [EMPTY] §f                                        
19:46:49 [EMPTY] §f                                        
19:46:54 [EMPTY]  
19:46:54 [STASH_COMPACT] §f              §7You have §3524,953 §7materials stashed away!
19:46:54 [STASH_COMPACT] §f             §8(This totals 20 types of materials stashed!)
19:46:54 [STASH_COMPACT] §f                §3§l>>> §3§lCLICK HERE§b to pick them up! §3§l<<<
19:46:54 [EMPTY]   
19:47:54 [EMPTY]  
19:47:54 [STASH_COMPACT] §f              §7You have §3524,953 §7materials stashed away!
19:47:54 [STASH_COMPACT] §f             §8(This totals 20 types of materials stashed!)
19:47:54 [STASH_COMPACT] §f                §3§l>>> §3§lCLICK HERE§b to pick them up! §3§l<<<
19:47:54 [EMPTY]   
19:48:55 [EMPTY]  
19:48:55 [STASH_COMPACT] §f              §7You have §3524,953 §7materials stashed away!
19:48:55 [STASH_COMPACT] §f             §8(This totals 20 types of materials stashed!)
19:48:55 [STASH_COMPACT] §f                §3§l>>> §3§lCLICK HERE§b to pick them up! §3§l<<<
19:48:55 [EMPTY]   
19:49:56 [EMPTY]  
19:49:56 [STASH_COMPACT] §f              §7You have §3524,953 §7materials stashed away!
19:49:56 [STASH_COMPACT] §f             §8(This totals 20 types of materials stashed!)
19:49:56 [STASH_COMPACT] §f                §3§l>>> §3§lCLICK HERE§b to pick them up! §3§l<<<
19:49:56 [EMPTY]   
19:50:57 [EMPTY]  
19:50:57 [STASH_COMPACT] §f              §7You have §3524,953 §7materials stashed away!
19:50:57 [STASH_COMPACT] §f             §8(This totals 20 types of materials stashed!)
19:50:57 [STASH_COMPACT] §f                §3§l>>> §3§lCLICK HERE§b to pick them up! §3§l<<<
19:50:57 [EMPTY]   
19:51:58 [EMPTY]  
19:51:58 [STASH_COMPACT] §f              §7You have §3524,953 §7materials stashed away!
19:51:58 [STASH_COMPACT] §f             §8(This totals 20 types of materials stashed!)
19:51:58 [STASH_COMPACT] §f                §3§l>>> §3§lCLICK HERE§b to pick them up! §3§l<<<
19:51:58 [EMPTY]   
19:52:59 [EMPTY]  
19:52:59 [STASH_COMPACT] §f              §7You have §3524,953 §7materials stashed away!
19:52:59 [STASH_COMPACT] §f             §8(This totals 20 types of materials stashed!)
19:52:59 [STASH_COMPACT] §f                §3§l>>> §3§lCLICK HERE§b to pick them up! §3§l<<<
19:52:59 [EMPTY]   
19:54:00 [EMPTY]  
19:54:00 [STASH_COMPACT] §f              §7You have §3524,953 §7materials stashed away!
19:54:00 [STASH_COMPACT] §f             §8(This totals 20 types of materials stashed!)
19:54:00 [STASH_COMPACT] §f                §3§l>>> §3§lCLICK HERE§b to pick them up! §3§l<<<
19:54:00 [EMPTY]   
19:55:01 [EMPTY]  
19:55:01 [STASH_COMPACT] §f              §7You have §3524,953 §7materials stashed away!
19:55:01 [STASH_COMPACT] §f             §8(This totals 20 types of materials stashed!)
19:55:01 [STASH_COMPACT] §f                §3§l>>> §3§lCLICK HERE§b to pick them up! §3§l<<<
19:55:01 [EMPTY]   
19:56:02 [EMPTY]  
19:56:02 [STASH_COMPACT] §f              §7You have §3524,953 §7materials stashed away!
19:56:02 [STASH_COMPACT] §f             §8(This totals 20 types of materials stashed!)
19:56:02 [STASH_COMPACT] §f                §3§l>>> §3§lCLICK HERE§b to pick them up! §3§l<<<
19:56:02 [EMPTY]   
19:57:03 [EMPTY]  
19:57:03 [STASH_COMPACT] §f              §7You have §3524,953 §7materials stashed away!
19:57:03 [STASH_COMPACT] §f             §8(This totals 20 types of materials stashed!)
19:57:03 [STASH_COMPACT] §f                §3§l>>> §3§lCLICK HERE§b to pick them up! §3§l<<<
19:57:03 [EMPTY]   
19:58:04 [EMPTY]  
19:58:04 [STASH_COMPACT] §f              §7You have §3524,953 §7materials stashed away!
19:58:04 [STASH_COMPACT] §f             §8(This totals 20 types of materials stashed!)
19:58:04 [STASH_COMPACT] §f                §3§l>>> §3§lCLICK HERE§b to pick them up! §3§l<<<
19:58:04 [EMPTY]   
19:59:04 [EMPTY]  
19:59:04 [STASH_COMPACT] §f              §7You have §3524,953 §7materials stashed away!
19:59:04 [STASH_COMPACT] §f             §8(This totals 20 types of materials stashed!)
19:59:04 [STASH_COMPACT] §f                §3§l>>> §3§lCLICK HERE§b to pick them up! §3§l<<<
19:59:04 [EMPTY]   
20:00:05 [EMPTY]  
20:00:05 [STASH_COMPACT] §f              §7You have §3524,953 §7materials stashed away!
20:00:05 [STASH_COMPACT] §f             §8(This totals 20 types of materials stashed!)
20:00:05 [STASH_COMPACT] §f                §3§l>>> §3§lCLICK HERE§b to pick them up! §3§l<<<
20:00:05 [EMPTY]   
20:01:06 [EMPTY]  
20:01:06 [STASH_COMPACT] §f              §7You have §3524,953 §7materials stashed away!
20:01:06 [STASH_COMPACT] §f             §8(This totals 20 types of materials stashed!)
20:01:06 [STASH_COMPACT] §f                §3§l>>> §3§lCLICK HERE§b to pick them up! §3§l<<<
20:01:06 [EMPTY]   
