15:24:27 §e[SkyHanni] §aSkyHanni found a new update: 0.28.Beta.18. Check §b/sh download update §afor more info.§r
15:24:45 §e[SkyHanni] §bYou have §3491k §bmaterials in stash, §btotalling §319 types§b. §bClick to §3pickup §byour stash!§r
15:32:56 §e[SkyHanni] §bYou have §3491k §bmaterials in stash, §btotalling §319 types§b. §bClick to §3pickup §byour stash!§r
15:34:58 §e[SkyHanni] §bYou have §3491k §bmaterials in stash, §btotalling §319 types§b. §bClick to §3pickup §byour stash!§r
15:36:00 §e[SkyHanni] §bYou have §3491k §bmaterials in stash, §btotalling §319 types§b. §bClick to §3pickup §byour stash!§r
15:37:01 §e[SkyHanni] §bYou have §3492k §bmaterials in stash, §btotalling §319 types§b. §bClick to §3pickup §byour stash!§r
15:38:03 §e[SkyHanni] §bYou have §3494k §bmaterials in stash, §btotalling §319 types§b. §bClick to §3pickup §byour stash!§r
15:40:07 §e[SkyHanni] §bYou have §3495k §bmaterials in stash, §btotalling §319 types§b. §bClick to §3pickup §byour stash!§r
15:41:09 §e[SkyHanni] §bYou have §3495k §bmaterials in stash, §btotalling §319 types§b. §bClick to §3pickup §byour stash!§r
15:42:11 §e[SkyHanni] §bYou have §3502k §bmaterials in stash, §btotalling §319 types§b. §bClick to §3pickup §byour stash!§r
15:43:13 §e[SkyHanni] §bYou have §3504k §bmaterials in stash, §btotalling §319 types§b. §bClick to §3pickup §byour stash!§r
15:45:16 §e[SkyHanni] §bYou have §3505k §bmaterials in stash, §btotalling §319 types§b. §bClick to §3pickup §byour stash!§r
15:46:18 §e[SkyHanni] §bYou have §3505k §bmaterials in stash, §btotalling §319 types§b. §bClick to §3pickup §byour stash!§r
15:50:26 §e[SkyHanni] §bYou have §3506k §bmaterials in stash, §btotalling §319 types§b. §bClick to §3pickup §byour stash!§r
15:52:30 §e[SkyHanni] §bYou have §3506k §bmaterials in stash, §btotalling §319 types§b. §bClick to §3pickup §byour stash!§r
15:53:32 §e[SkyHanni] §bYou have §3506k §bmaterials in stash, §btotalling §319 types§b. §bClick to §3pickup §byour stash!§r
15:55:35 §e[SkyHanni] §bYou have §3513k §bmaterials in stash, §btotalling §319 types§b. §bClick to §3pickup §byour stash!§r
15:59:40 §e[SkyHanni] §bYou have §3515k §bmaterials in stash, §btotalling §319 types§b. §bClick to §3pickup §byour stash!§r
16:00:42 §e[SkyHanni] §bYou have §3515k §bmaterials in stash, §btotalling §319 types§b. §bClick to §3pickup §byour stash!§r
16:01:43 §e[SkyHanni] §bYou have §3515k §bmaterials in stash, §btotalling §319 types§b. §bClick to §3pickup §byour stash!§r
16:03:46 §e[SkyHanni] §bYou have §3515k §bmaterials in stash, §btotalling §319 types§b. §bClick to §3pickup §byour stash!§r
16:11:56 §e[SkyHanni] §bYou have §3517k §bmaterials in stash, §btotalling §319 types§b. §bClick to §3pickup §byour stash!§r
16:15:00 §e[SkyHanni] §bYou have §3517k §bmaterials in stash, §btotalling §319 types§b. §bClick to §3pickup §byour stash!§r
16:16:02 §e[SkyHanni] §bYou have §3518k §bmaterials in stash, §btotalling §319 types§b. §bClick to §3pickup §byour stash!§r
16:25:14 §e[SkyHanni] §bYou have §3518k §bmaterials in stash, §btotalling §319 types§b. §bClick to §3pickup §byour stash!§r
16:29:18 §e[SkyHanni] §bYou have §3518k §bmaterials in stash, §btotalling §319 types§b. §bClick to §3pickup §byour stash!§r
16:30:20 §e[SkyHanni] §bYou have §3518k §bmaterials in stash, §btotalling §319 types§b. §bClick to §3pickup §byour stash!§r
16:43:38 §e[SkyHanni] §bYou have §3519k §bmaterials in stash, §btotalling §319 types§b. §bClick to §3pickup §byour stash!§r
17:05:12 §e[SkyHanni] §bYou have §3519k §bmaterials in stash, §btotalling §319 types§b. §bClick to §3pickup §byour stash!§r
17:14:27 §e[SkyHanni] §bYou have §3519k §bmaterials in stash, §btotalling §319 types§b. §bClick to §3pickup §byour stash!§r
17:23:43 §e[SkyHanni] §bYou have §3520k §bmaterials in stash, §btotalling §319 types§b. §bClick to §3pickup §byour stash!§r
17:27:50 §e[SkyHanni] §bYou have §3521k §bmaterials in stash, §btotalling §319 types§b. §bClick to §3pickup §byour stash!§r
17:51:32 §e[SkyHanni] §bYou have §3521k §bmaterials in stash, §btotalling §319 types§b. §bClick to §3pickup §byour stash!§r
17:52:33 §e[SkyHanni] §bYou have §3521k §bmaterials in stash, §btotalling §319 types§b. §bClick to §3pickup §byour stash!§r
17:53:35 §e[SkyHanni] §bYou have §3524k §bmaterials in stash, §btotalling §319 types§b. §bClick to §3pickup §byour stash!§r
17:54:36 §e[SkyHanni] §bYou have §3524k §bmaterials in stash, §btotalling §319 types§b. §bClick to §3pickup §byour stash!§r
17:57:13 §e[SkyHanni] §lCLICK HERE§r§e to grab §ax1645 §9§a❤ Flawed Ruby Gemstone§e from sacks!§r
17:57:19 §e[SkyHanni] §lCLICK HERE§r§e to grab §ax400 §9§9❤ Fine Ruby Gemstone§e from sacks!§r
18:08:14 §e[SkyHanni] §lCLICK HERE§r§e to grab §ax1163 §9§aα Flawed Aquamarine Gemstone§e from sacks!§r
18:08:17 §e[SkyHanni] §lCLICK HERE§r§e to grab §ax82 §9§9α Fine Aquamarine Gemstone§e from sacks!§r
18:19:41 §e[SkyHanni] §bYou have §3524k §bmaterials in stash, §btotalling §320 types§b. §bClick to §3pickup §byour stash!§r
18:20:41 §e[SkyHanni] §bYou have §3524k §bmaterials in stash, §btotalling §320 types§b. §bClick to §3pickup §byour stash!§r
18:53:51 §6§lBESTIARY §r§b§lAgarimoo §7§8X §8➡§b §bXI§r
19:00:33 §e[SkyHanni] §lCLICK HERE§r§e to grab §ax15 §9§9Enchanted Sulphur§e from sacks!§r
19:04:55 §6§lBESTIARY §r§b§lSea Guardian §7§8XI §8➡§b §bXII§r
