15:33:08 Trying to load config from config/skyhanni/config.json
15:33:08 load-config-now
15:33:08 Loaded config from file
15:33:08 Trying to load sacks from config/skyhanni/sacks.json
15:33:08 load-sacks-now
15:33:08 Loaded sacks from file
15:33:08 Trying to load friends from config/skyhanni/friends.json
15:33:08 load-friends-now
15:33:08 Loaded friends from file
15:33:08 Trying to load known_features from config/skyhanni/known_features.json
15:33:08 load-known_features-now
15:33:08 Loaded known_features from file
15:33:08 Trying to load jacob_contests from config/skyhanni/jacob_contests.json
15:33:08 load-jacob_contests-now
15:33:08 Loaded jacob_contests from file
15:33:08 Trying to load visual_words from config/skyhanni/visual_words.json
15:33:08 Setting visual_words to be blank as it did not exist. It will be saved once something is written to it
15:33:18 saveConfig: Updated known feature flags
15:33:18 Saving known_features file
15:34:08 saveConfig: auto-save-60s
15:34:08 Saving config file
15:35:08 saveConfig: auto-save-60s
15:35:08 Saving config file
15:36:08 saveConfig: auto-save-60s
15:36:08 Saving config file
15:37:08 saveConfig: auto-save-60s
15:37:08 Saving config file
15:38:08 saveConfig: auto-save-60s
15:38:08 Saving config file
15:39:08 saveConfig: auto-save-60s
15:39:08 Saving config file
15:40:08 saveConfig: auto-save-60s
15:40:08 Saving config file
15:41:08 saveConfig: auto-save-60s
15:41:08 Saving config file
15:41:15 saveConfig: saving-data
15:41:15 Saving sacks file
15:42:08 saveConfig: auto-save-60s
15:42:08 Saving config file
15:43:08 saveConfig: auto-save-60s
15:43:08 Saving config file
15:44:08 saveConfig: auto-save-60s
15:44:08 Saving config file
15:45:08 saveConfig: auto-save-60s
15:45:08 Saving config file
15:46:08 saveConfig: auto-save-60s
15:46:08 Saving config file
15:47:04 saveConfig: saving-data
15:47:04 Saving sacks file
15:47:08 saveConfig: auto-save-60s
15:47:08 Saving config file
15:47:30 saveConfig: saving-data
15:47:30 Saving sacks file
15:48:08 saveConfig: auto-save-60s
15:48:08 Saving config file
15:49:08 saveConfig: auto-save-60s
15:49:08 Saving config file
15:50:08 saveConfig: auto-save-60s
15:50:08 Saving config file
15:51:08 saveConfig: auto-save-60s
15:51:08 Saving config file
15:52:08 saveConfig: auto-save-60s
15:52:08 Saving config file
15:53:08 saveConfig: auto-save-60s
15:53:08 Saving config file
15:54:08 saveConfig: auto-save-60s
15:54:08 Saving config file
15:55:08 saveConfig: auto-save-60s
15:55:08 Saving config file
15:56:00 saveConfig: saving-data
15:56:00 Saving sacks file
15:56:03 saveConfig: saving-data
15:56:03 Saving sacks file
15:56:08 saveConfig: auto-save-60s
15:56:08 Saving config file
15:57:08 saveConfig: auto-save-60s
15:57:08 Saving config file
15:58:08 saveConfig: auto-save-60s
15:58:08 Saving config file
15:59:08 saveConfig: auto-save-60s
15:59:08 Saving config file
16:00:08 saveConfig: auto-save-60s
16:00:08 Saving config file
16:01:08 saveConfig: auto-save-60s
16:01:08 Saving config file
16:02:08 saveConfig: auto-save-60s
16:02:08 Saving config file
16:03:08 saveConfig: auto-save-60s
16:03:08 Saving config file
16:04:08 saveConfig: auto-save-60s
16:04:08 Saving config file
16:05:08 saveConfig: auto-save-60s
16:05:08 Saving config file
16:06:08 saveConfig: auto-save-60s
16:06:08 Saving config file
16:07:08 saveConfig: auto-save-60s
16:07:08 Saving config file
16:08:08 saveConfig: auto-save-60s
16:08:08 Saving config file
16:09:08 saveConfig: auto-save-60s
16:09:08 Saving config file
16:10:08 saveConfig: auto-save-60s
16:10:08 Saving config file
16:11:08 saveConfig: auto-save-60s
16:11:08 Saving config file
16:12:08 saveConfig: auto-save-60s
16:12:08 Saving config file
16:12:17 saveConfig: saving-data
16:12:17 Saving sacks file
16:13:08 saveConfig: auto-save-60s
16:13:08 Saving config file
16:13:09 saveConfig: saving-data
16:13:09 Saving sacks file
16:14:08 saveConfig: auto-save-60s
16:14:08 Saving config file
16:15:08 saveConfig: auto-save-60s
16:15:08 Saving config file
16:16:08 saveConfig: auto-save-60s
16:16:08 Saving config file
16:17:08 saveConfig: auto-save-60s
16:17:08 Saving config file
16:18:08 saveConfig: auto-save-60s
16:18:08 Saving config file
16:19:08 saveConfig: auto-save-60s
16:19:08 Saving config file
16:20:08 saveConfig: auto-save-60s
16:20:08 Saving config file
16:21:08 saveConfig: auto-save-60s
16:21:08 Saving config file
16:22:08 saveConfig: auto-save-60s
16:22:08 Saving config file
16:23:08 saveConfig: auto-save-60s
16:23:08 Saving config file
16:24:08 saveConfig: auto-save-60s
16:24:08 Saving config file
16:25:08 saveConfig: auto-save-60s
16:25:08 Saving config file
16:26:08 saveConfig: auto-save-60s
16:26:08 Saving config file
16:27:08 saveConfig: auto-save-60s
16:27:08 Saving config file
16:28:08 saveConfig: auto-save-60s
16:28:08 Saving config file
16:29:08 saveConfig: auto-save-60s
16:29:08 Saving config file
16:30:08 saveConfig: auto-save-60s
16:30:08 Saving config file
16:31:08 saveConfig: auto-save-60s
16:31:08 Saving config file
16:32:08 saveConfig: auto-save-60s
16:32:08 Saving config file
16:33:08 saveConfig: auto-save-60s
16:33:08 Saving config file
16:34:08 saveConfig: auto-save-60s
16:34:08 Saving config file
16:35:08 saveConfig: auto-save-60s
16:35:08 Saving config file
16:36:08 saveConfig: auto-save-60s
16:36:08 Saving config file
16:37:08 saveConfig: auto-save-60s
16:37:08 Saving config file
16:38:08 saveConfig: auto-save-60s
16:38:08 Saving config file
16:39:08 saveConfig: auto-save-60s
16:39:08 Saving config file
16:40:08 saveConfig: auto-save-60s
16:40:08 Saving config file
16:41:08 saveConfig: auto-save-60s
16:41:08 Saving config file
16:42:08 saveConfig: auto-save-60s
16:42:08 Saving config file
16:43:08 saveConfig: auto-save-60s
16:43:08 Saving config file
16:44:08 saveConfig: auto-save-60s
16:44:08 Saving config file
16:45:08 saveConfig: auto-save-60s
16:45:08 Saving config file
16:46:08 saveConfig: auto-save-60s
16:46:08 Saving config file
16:47:08 saveConfig: auto-save-60s
16:47:08 Saving config file
16:48:08 saveConfig: auto-save-60s
16:48:08 Saving config file
16:49:08 saveConfig: auto-save-60s
16:49:08 Saving config file
16:50:08 saveConfig: auto-save-60s
16:50:08 Saving config file
16:51:08 saveConfig: auto-save-60s
16:51:08 Saving config file
16:52:08 saveConfig: auto-save-60s
16:52:08 Saving config file
16:53:08 saveConfig: auto-save-60s
16:53:08 Saving config file
16:54:08 saveConfig: auto-save-60s
16:54:08 Saving config file
16:55:08 saveConfig: auto-save-60s
16:55:08 Saving config file
16:56:08 saveConfig: auto-save-60s
16:56:08 Saving config file
16:57:08 saveConfig: auto-save-60s
16:57:08 Saving config file
16:58:08 saveConfig: auto-save-60s
16:58:08 Saving config file
16:59:08 saveConfig: auto-save-60s
16:59:08 Saving config file
17:00:08 saveConfig: auto-save-60s
17:00:08 Saving config file
17:01:08 saveConfig: auto-save-60s
17:01:08 Saving config file
17:02:08 saveConfig: auto-save-60s
17:02:08 Saving config file
17:03:08 saveConfig: auto-save-60s
17:03:08 Saving config file
17:04:08 saveConfig: auto-save-60s
17:04:08 Saving config file
17:05:08 saveConfig: auto-save-60s
17:05:08 Saving config file
17:06:08 saveConfig: auto-save-60s
17:06:08 Saving config file
17:07:08 saveConfig: auto-save-60s
17:07:08 Saving config file
17:08:08 saveConfig: auto-save-60s
17:08:08 Saving config file
17:09:08 saveConfig: auto-save-60s
17:09:08 Saving config file
17:10:08 saveConfig: auto-save-60s
17:10:08 Saving config file
17:11:08 saveConfig: auto-save-60s
17:11:08 Saving config file
17:12:08 saveConfig: auto-save-60s
17:12:08 Saving config file
17:13:08 saveConfig: auto-save-60s
17:13:08 Saving config file
17:14:08 saveConfig: auto-save-60s
17:14:08 Saving config file
17:15:08 saveConfig: auto-save-60s
17:15:08 Saving config file
17:16:08 saveConfig: auto-save-60s
17:16:08 Saving config file
17:17:08 saveConfig: auto-save-60s
17:17:08 Saving config file
17:18:08 saveConfig: auto-save-60s
17:18:08 Saving config file
17:19:08 saveConfig: auto-save-60s
17:19:08 Saving config file
17:20:08 saveConfig: auto-save-60s
17:20:08 Saving config file
17:21:08 saveConfig: auto-save-60s
17:21:08 Saving config file
17:22:08 saveConfig: auto-save-60s
17:22:08 Saving config file
17:23:08 saveConfig: auto-save-60s
17:23:08 Saving config file
17:24:08 saveConfig: auto-save-60s
17:24:08 Saving config file
17:25:08 saveConfig: auto-save-60s
17:25:08 Saving config file
17:26:08 saveConfig: auto-save-60s
17:26:08 Saving config file
17:27:08 saveConfig: auto-save-60s
17:27:08 Saving config file
17:28:08 saveConfig: auto-save-60s
17:28:08 Saving config file
17:29:08 saveConfig: auto-save-60s
17:29:08 Saving config file
17:30:08 saveConfig: auto-save-60s
17:30:08 Saving config file
17:31:08 saveConfig: auto-save-60s
17:31:08 Saving config file
17:32:08 saveConfig: auto-save-60s
17:32:08 Saving config file
17:33:08 saveConfig: auto-save-60s
17:33:08 Saving config file
17:34:08 saveConfig: auto-save-60s
17:34:08 Saving config file
17:35:08 saveConfig: auto-save-60s
17:35:08 Saving config file
17:36:08 saveConfig: auto-save-60s
17:36:08 Saving config file
17:37:08 saveConfig: auto-save-60s
17:37:08 Saving config file
17:38:08 saveConfig: auto-save-60s
17:38:08 Saving config file
17:39:08 saveConfig: auto-save-60s
17:39:08 Saving config file
17:40:08 saveConfig: auto-save-60s
17:40:08 Saving config file
17:41:08 saveConfig: auto-save-60s
17:41:08 Saving config file
17:42:08 saveConfig: auto-save-60s
17:42:08 Saving config file
17:43:08 saveConfig: auto-save-60s
17:43:08 Saving config file
17:44:08 saveConfig: auto-save-60s
17:44:08 Saving config file
17:45:08 saveConfig: auto-save-60s
17:45:08 Saving config file
17:46:08 saveConfig: auto-save-60s
17:46:08 Saving config file
17:47:08 saveConfig: auto-save-60s
17:47:08 Saving config file
17:48:08 saveConfig: auto-save-60s
17:48:08 Saving config file
17:49:08 saveConfig: auto-save-60s
17:49:08 Saving config file
17:50:08 saveConfig: auto-save-60s
17:50:08 Saving config file
17:51:08 saveConfig: auto-save-60s
17:51:08 Saving config file
17:52:08 saveConfig: auto-save-60s
17:52:08 Saving config file
17:53:08 saveConfig: auto-save-60s
17:53:08 Saving config file
17:54:08 saveConfig: auto-save-60s
17:54:08 Saving config file
17:55:08 saveConfig: auto-save-60s
17:55:08 Saving config file
17:56:08 saveConfig: auto-save-60s
17:56:08 Saving config file
17:57:08 saveConfig: auto-save-60s
17:57:08 Saving config file
17:58:08 saveConfig: auto-save-60s
17:58:08 Saving config file
17:59:08 saveConfig: auto-save-60s
17:59:08 Saving config file
18:00:08 saveConfig: auto-save-60s
18:00:08 Saving config file
18:01:08 saveConfig: auto-save-60s
18:01:08 Saving config file
18:02:08 saveConfig: auto-save-60s
18:02:08 Saving config file
18:03:08 saveConfig: auto-save-60s
18:03:08 Saving config file
18:04:08 saveConfig: auto-save-60s
18:04:08 Saving config file
18:05:08 saveConfig: auto-save-60s
18:05:08 Saving config file
18:06:08 saveConfig: auto-save-60s
18:06:08 Saving config file
18:07:08 saveConfig: auto-save-60s
18:07:08 Saving config file
18:08:08 saveConfig: auto-save-60s
18:08:08 Saving config file
18:09:08 saveConfig: auto-save-60s
18:09:08 Saving config file
18:10:08 saveConfig: auto-save-60s
18:10:08 Saving config file
18:11:08 saveConfig: auto-save-60s
18:11:08 Saving config file
18:12:08 saveConfig: auto-save-60s
18:12:08 Saving config file
18:13:08 saveConfig: auto-save-60s
18:13:08 Saving config file
18:14:08 saveConfig: auto-save-60s
18:14:08 Saving config file
18:15:08 saveConfig: auto-save-60s
18:15:08 Saving config file
18:16:08 saveConfig: auto-save-60s
18:16:08 Saving config file
18:17:08 saveConfig: auto-save-60s
18:17:08 Saving config file
18:18:08 saveConfig: auto-save-60s
18:18:08 Saving config file
18:19:08 saveConfig: auto-save-60s
18:19:08 Saving config file
18:20:08 saveConfig: auto-save-60s
18:20:08 Saving config file
18:21:08 saveConfig: auto-save-60s
18:21:08 Saving config file
18:22:08 saveConfig: auto-save-60s
18:22:08 Saving config file
18:23:08 saveConfig: auto-save-60s
18:23:08 Saving config file
18:24:08 saveConfig: auto-save-60s
18:24:08 Saving config file
18:25:08 saveConfig: auto-save-60s
18:25:08 Saving config file
18:26:08 saveConfig: auto-save-60s
18:26:08 Saving config file
18:27:08 saveConfig: auto-save-60s
18:27:08 Saving config file
18:28:08 saveConfig: auto-save-60s
18:28:08 Saving config file
18:29:08 saveConfig: auto-save-60s
18:29:08 Saving config file
18:30:08 saveConfig: auto-save-60s
18:30:08 Saving config file
18:31:08 saveConfig: auto-save-60s
18:31:08 Saving config file
18:32:08 saveConfig: auto-save-60s
18:32:08 Saving config file
18:33:08 saveConfig: auto-save-60s
18:33:08 Saving config file
18:34:08 saveConfig: auto-save-60s
18:34:08 Saving config file
18:35:08 saveConfig: auto-save-60s
18:35:08 Saving config file
18:36:08 saveConfig: auto-save-60s
18:36:08 Saving config file
18:37:08 saveConfig: auto-save-60s
18:37:08 Saving config file
18:38:08 saveConfig: auto-save-60s
18:38:08 Saving config file
18:39:08 saveConfig: auto-save-60s
18:39:08 Saving config file
18:40:08 saveConfig: auto-save-60s
18:40:08 Saving config file
18:41:08 saveConfig: auto-save-60s
18:41:08 Saving config file
18:42:07 saveConfig: saving-data
18:42:07 Saving sacks file
18:42:08 saveConfig: auto-save-60s
18:42:08 Saving config file
18:42:34 saveConfig: saving-data
18:42:34 Saving sacks file
18:43:08 saveConfig: auto-save-60s
18:43:08 Saving config file
18:44:08 saveConfig: auto-save-60s
18:44:08 Saving config file
18:45:08 saveConfig: auto-save-60s
18:45:08 Saving config file
18:46:08 saveConfig: auto-save-60s
18:46:08 Saving config file
18:47:08 saveConfig: auto-save-60s
18:47:08 Saving config file
18:48:08 saveConfig: auto-save-60s
18:48:08 Saving config file
18:49:08 saveConfig: auto-save-60s
18:49:08 Saving config file
18:50:08 saveConfig: auto-save-60s
18:50:08 Saving config file
18:51:08 saveConfig: auto-save-60s
18:51:08 Saving config file
18:52:08 saveConfig: auto-save-60s
18:52:08 Saving config file
18:53:08 saveConfig: auto-save-60s
18:53:08 Saving config file
18:54:08 saveConfig: auto-save-60s
18:54:08 Saving config file
18:55:08 saveConfig: auto-save-60s
18:55:08 Saving config file
18:56:08 saveConfig: auto-save-60s
18:56:08 Saving config file
18:57:08 saveConfig: auto-save-60s
18:57:08 Saving config file
18:58:08 saveConfig: auto-save-60s
18:58:08 Saving config file
18:59:08 saveConfig: auto-save-60s
18:59:08 Saving config file
19:00:08 saveConfig: auto-save-60s
19:00:08 Saving config file
19:01:08 saveConfig: auto-save-60s
19:01:08 Saving config file
19:02:08 saveConfig: auto-save-60s
19:02:08 Saving config file
19:03:08 saveConfig: auto-save-60s
19:03:08 Saving config file
19:04:08 saveConfig: auto-save-60s
19:04:08 Saving config file
19:05:08 saveConfig: auto-save-60s
19:05:08 Saving config file
19:06:08 saveConfig: auto-save-60s
19:06:08 Saving config file
19:07:08 saveConfig: auto-save-60s
19:07:08 Saving config file
19:08:08 saveConfig: auto-save-60s
19:08:08 Saving config file
19:09:08 saveConfig: auto-save-60s
19:09:08 Saving config file
19:10:08 saveConfig: auto-save-60s
19:10:08 Saving config file
19:11:08 saveConfig: auto-save-60s
19:11:08 Saving config file
19:12:08 saveConfig: auto-save-60s
19:12:08 Saving config file
19:13:08 saveConfig: auto-save-60s
19:13:08 Saving config file
19:14:08 saveConfig: auto-save-60s
19:14:08 Saving config file
19:15:08 saveConfig: auto-save-60s
19:15:08 Saving config file
19:16:08 saveConfig: auto-save-60s
19:16:08 Saving config file
19:17:08 saveConfig: auto-save-60s
19:17:08 Saving config file
19:18:08 saveConfig: auto-save-60s
19:18:08 Saving config file
19:19:08 saveConfig: auto-save-60s
19:19:08 Saving config file
19:20:08 saveConfig: auto-save-60s
19:20:08 Saving config file
19:21:08 saveConfig: auto-save-60s
19:21:08 Saving config file
19:22:08 saveConfig: auto-save-60s
19:22:08 Saving config file
19:23:08 saveConfig: auto-save-60s
19:23:08 Saving config file
19:24:08 saveConfig: auto-save-60s
19:24:08 Saving config file
19:25:08 saveConfig: auto-save-60s
19:25:08 Saving config file
19:26:08 saveConfig: auto-save-60s
19:26:08 Saving config file
19:27:08 saveConfig: auto-save-60s
19:27:08 Saving config file
19:28:08 saveConfig: auto-save-60s
19:28:08 Saving config file
19:29:08 saveConfig: auto-save-60s
19:29:08 Saving config file
19:30:08 saveConfig: auto-save-60s
19:30:08 Saving config file
19:31:08 saveConfig: auto-save-60s
19:31:08 Saving config file
19:32:08 saveConfig: auto-save-60s
19:32:08 Saving config file
19:33:08 saveConfig: auto-save-60s
19:33:08 Saving config file
19:34:08 saveConfig: auto-save-60s
19:34:08 Saving config file
19:35:08 saveConfig: auto-save-60s
19:35:08 Saving config file
19:36:08 saveConfig: auto-save-60s
19:36:08 Saving config file
19:37:08 saveConfig: auto-save-60s
19:37:08 Saving config file
19:38:08 saveConfig: auto-save-60s
19:38:08 Saving config file
19:39:08 saveConfig: auto-save-60s
19:39:08 Saving config file
19:40:08 saveConfig: auto-save-60s
19:40:08 Saving config file
19:41:08 saveConfig: auto-save-60s
19:41:08 Saving config file
19:42:08 saveConfig: auto-save-60s
19:42:08 Saving config file
19:43:08 saveConfig: auto-save-60s
19:43:08 Saving config file
19:44:08 saveConfig: auto-save-60s
19:44:08 Saving config file
19:45:08 saveConfig: auto-save-60s
19:45:08 Saving config file
19:46:08 saveConfig: auto-save-60s
19:46:08 Saving config file
19:47:08 saveConfig: auto-save-60s
19:47:08 Saving config file
19:48:08 saveConfig: auto-save-60s
19:48:08 Saving config file
19:49:08 saveConfig: auto-save-60s
19:49:08 Saving config file
19:50:08 saveConfig: auto-save-60s
19:50:08 Saving config file
19:51:08 saveConfig: auto-save-60s
19:51:08 Saving config file
19:52:08 saveConfig: auto-save-60s
19:52:08 Saving config file
19:53:08 saveConfig: auto-save-60s
19:53:08 Saving config file
19:54:08 saveConfig: auto-save-60s
19:54:08 Saving config file
19:55:08 saveConfig: auto-save-60s
19:55:08 Saving config file
19:56:08 saveConfig: auto-save-60s
19:56:08 Saving config file
19:57:08 saveConfig: auto-save-60s
19:57:08 Saving config file
19:58:08 saveConfig: auto-save-60s
19:58:08 Saving config file
19:59:08 saveConfig: auto-save-60s
19:59:08 Saving config file
20:00:08 saveConfig: auto-save-60s
20:00:08 Saving config file
20:01:08 saveConfig: auto-save-60s
20:01:08 Saving config file
20:02:08 saveConfig: auto-save-60s
20:02:08 Saving config file
20:03:08 saveConfig: auto-save-60s
20:03:08 Saving config file
20:04:08 saveConfig: auto-save-60s
20:04:08 Saving config file
20:05:08 saveConfig: auto-save-60s
20:05:08 Saving config file
20:06:08 saveConfig: auto-save-60s
20:06:08 Saving config file
20:07:08 saveConfig: auto-save-60s
20:07:08 Saving config file
20:08:08 saveConfig: auto-save-60s
20:08:08 Saving config file
20:09:08 saveConfig: auto-save-60s
20:09:08 Saving config file
20:10:08 saveConfig: auto-save-60s
20:10:08 Saving config file
20:11:08 saveConfig: auto-save-60s
20:11:08 Saving config file
20:12:08 saveConfig: auto-save-60s
20:12:08 Saving config file
20:13:08 saveConfig: auto-save-60s
20:13:08 Saving config file
20:14:08 saveConfig: auto-save-60s
20:14:08 Saving config file
20:15:08 saveConfig: auto-save-60s
20:15:08 Saving config file
20:16:08 saveConfig: auto-save-60s
20:16:08 Saving config file
20:17:08 saveConfig: auto-save-60s
20:17:08 Saving config file
20:18:08 saveConfig: auto-save-60s
20:18:08 Saving config file
20:19:08 saveConfig: auto-save-60s
20:19:08 Saving config file
20:20:08 saveConfig: auto-save-60s
20:20:08 Saving config file
20:21:08 saveConfig: auto-save-60s
20:21:08 Saving config file
20:22:08 saveConfig: auto-save-60s
20:22:08 Saving config file
20:23:08 saveConfig: auto-save-60s
20:23:08 Saving config file
20:24:08 saveConfig: auto-save-60s
20:24:08 Saving config file
20:25:08 saveConfig: auto-save-60s
20:25:08 Saving config file
20:26:08 saveConfig: auto-save-60s
20:26:08 Saving config file
20:27:08 saveConfig: auto-save-60s
20:27:08 Saving config file
20:28:08 saveConfig: auto-save-60s
20:28:08 Saving config file
20:29:08 saveConfig: auto-save-60s
20:29:08 Saving config file
20:30:08 saveConfig: auto-save-60s
20:30:08 Saving config file
20:31:08 saveConfig: auto-save-60s
20:31:08 Saving config file
20:31:16 saveConfig: saving-data
20:31:16 Saving sacks file
20:32:08 saveConfig: auto-save-60s
20:32:08 Saving config file
20:33:08 saveConfig: auto-save-60s
20:33:08 Saving config file
20:34:08 saveConfig: auto-save-60s
20:34:08 Saving config file
20:35:08 saveConfig: auto-save-60s
20:35:08 Saving config file
20:36:08 saveConfig: auto-save-60s
20:36:08 Saving config file
20:37:08 saveConfig: auto-save-60s
20:37:08 Saving config file
20:38:08 saveConfig: auto-save-60s
20:38:08 Saving config file
20:39:08 saveConfig: auto-save-60s
20:39:08 Saving config file
20:40:08 saveConfig: auto-save-60s
20:40:08 Saving config file
20:41:08 saveConfig: auto-save-60s
20:41:08 Saving config file
20:42:08 saveConfig: auto-save-60s
20:42:08 Saving config file
20:43:08 saveConfig: auto-save-60s
20:43:08 Saving config file
20:44:08 saveConfig: auto-save-60s
20:44:08 Saving config file
20:45:08 saveConfig: auto-save-60s
20:45:08 Saving config file
20:46:08 saveConfig: auto-save-60s
20:46:08 Saving config file
20:47:08 saveConfig: auto-save-60s
20:47:08 Saving config file
20:48:08 saveConfig: auto-save-60s
20:48:08 Saving config file
20:49:08 saveConfig: auto-save-60s
20:49:08 Saving config file
20:50:08 saveConfig: auto-save-60s
20:50:08 Saving config file
20:51:08 saveConfig: auto-save-60s
20:51:08 Saving config file
20:52:08 saveConfig: auto-save-60s
20:52:08 Saving config file
20:53:08 saveConfig: auto-save-60s
20:53:08 Saving config file
20:54:08 saveConfig: auto-save-60s
20:54:08 Saving config file
20:55:08 saveConfig: auto-save-60s
20:55:08 Saving config file
20:56:08 saveConfig: auto-save-60s
20:56:08 Saving config file
20:57:08 saveConfig: auto-save-60s
20:57:08 Saving config file
20:58:08 saveConfig: auto-save-60s
20:58:08 Saving config file
20:59:08 saveConfig: auto-save-60s
20:59:08 Saving config file
21:00:08 saveConfig: auto-save-60s
21:00:08 Saving config file
21:01:08 saveConfig: auto-save-60s
21:01:08 Saving config file
21:02:08 saveConfig: auto-save-60s
21:02:08 Saving config file
21:03:08 saveConfig: auto-save-60s
21:03:08 Saving config file
21:04:08 saveConfig: auto-save-60s
21:04:08 Saving config file
21:05:08 saveConfig: auto-save-60s
21:05:08 Saving config file
21:06:08 saveConfig: auto-save-60s
21:06:08 Saving config file
21:07:08 saveConfig: auto-save-60s
21:07:08 Saving config file
21:08:08 saveConfig: auto-save-60s
21:08:08 Saving config file
21:09:08 saveConfig: auto-save-60s
21:09:08 Saving config file
21:10:08 saveConfig: auto-save-60s
21:10:08 Saving config file
21:11:08 saveConfig: auto-save-60s
21:11:08 Saving config file
21:12:08 saveConfig: auto-save-60s
21:12:08 Saving config file
21:13:08 saveConfig: auto-save-60s
21:13:08 Saving config file
21:14:08 saveConfig: auto-save-60s
21:14:08 Saving config file
21:15:08 saveConfig: auto-save-60s
21:15:08 Saving config file
21:15:32 saveConfig: saving-data
21:15:32 Saving sacks file
21:16:08 saveConfig: auto-save-60s
21:16:08 Saving config file
21:16:20 saveConfig: saving-data
21:16:20 Saving sacks file
21:16:24 saveConfig: saving-data
21:16:24 Saving sacks file
21:17:08 saveConfig: auto-save-60s
21:17:08 Saving config file
21:18:08 saveConfig: auto-save-60s
21:18:08 Saving config file
21:19:08 saveConfig: auto-save-60s
21:19:08 Saving config file
21:20:08 saveConfig: auto-save-60s
21:20:08 Saving config file
21:21:08 saveConfig: auto-save-60s
21:21:08 Saving config file
21:22:08 saveConfig: auto-save-60s
21:22:08 Saving config file
21:22:58 saveConfig: saving-data
21:22:58 Saving sacks file
21:23:08 saveConfig: auto-save-60s
21:23:08 Saving config file
21:24:08 saveConfig: auto-save-60s
21:24:08 Saving config file
21:25:08 saveConfig: auto-save-60s
21:25:08 Saving config file
21:26:08 saveConfig: auto-save-60s
21:26:08 Saving config file
21:27:08 saveConfig: auto-save-60s
21:27:08 Saving config file
21:27:45 saveConfig: saving-data
21:27:45 Saving sacks file
21:28:08 saveConfig: auto-save-60s
21:28:08 Saving config file
21:29:08 saveConfig: auto-save-60s
21:29:08 Saving config file
21:30:08 saveConfig: auto-save-60s
21:30:08 Saving config file
21:31:08 saveConfig: auto-save-60s
21:31:08 Saving config file
21:32:08 saveConfig: auto-save-60s
21:32:08 Saving config file
21:33:08 saveConfig: auto-save-60s
21:33:08 Saving config file
21:34:08 saveConfig: auto-save-60s
21:34:08 Saving config file
21:35:08 saveConfig: auto-save-60s
21:35:08 Saving config file
21:36:08 saveConfig: auto-save-60s
21:36:08 Saving config file
21:37:08 saveConfig: auto-save-60s
21:37:08 Saving config file
21:38:08 saveConfig: auto-save-60s
21:38:08 Saving config file
21:39:08 saveConfig: auto-save-60s
21:39:08 Saving config file
21:40:08 saveConfig: auto-save-60s
21:40:08 Saving config file
21:41:08 saveConfig: auto-save-60s
21:41:08 Saving config file
21:42:08 saveConfig: auto-save-60s
21:42:08 Saving config file
21:43:08 saveConfig: auto-save-60s
21:43:08 Saving config file
21:44:08 saveConfig: auto-save-60s
21:44:08 Saving config file
21:45:08 saveConfig: auto-save-60s
21:45:08 Saving config file
21:46:08 saveConfig: auto-save-60s
21:46:08 Saving config file
21:47:08 saveConfig: auto-save-60s
21:47:08 Saving config file
21:48:08 saveConfig: auto-save-60s
21:48:08 Saving config file
21:49:08 saveConfig: auto-save-60s
21:49:08 Saving config file
21:50:08 saveConfig: auto-save-60s
21:50:08 Saving config file
21:51:08 saveConfig: auto-save-60s
21:51:08 Saving config file
21:52:08 saveConfig: auto-save-60s
21:52:08 Saving config file
21:53:08 saveConfig: auto-save-60s
21:53:08 Saving config file
21:54:08 saveConfig: auto-save-60s
21:54:08 Saving config file
21:55:08 saveConfig: auto-save-60s
21:55:08 Saving config file
21:56:08 saveConfig: auto-save-60s
21:56:08 Saving config file
21:57:08 saveConfig: auto-save-60s
21:57:08 Saving config file
21:58:08 saveConfig: auto-save-60s
21:58:08 Saving config file
21:59:08 saveConfig: auto-save-60s
21:59:08 Saving config file
22:00:08 saveConfig: auto-save-60s
22:00:08 Saving config file
22:01:08 saveConfig: auto-save-60s
22:01:08 Saving config file
22:02:08 saveConfig: auto-save-60s
22:02:08 Saving config file
22:03:08 saveConfig: auto-save-60s
22:03:08 Saving config file
22:04:08 saveConfig: auto-save-60s
22:04:08 Saving config file
22:05:08 saveConfig: auto-save-60s
22:05:08 Saving config file
22:06:08 saveConfig: auto-save-60s
22:06:08 Saving config file
22:07:08 saveConfig: auto-save-60s
22:07:08 Saving config file
22:08:08 saveConfig: auto-save-60s
22:08:08 Saving config file
22:09:08 saveConfig: auto-save-60s
22:09:08 Saving config file
22:10:08 saveConfig: auto-save-60s
22:10:08 Saving config file
22:11:08 saveConfig: auto-save-60s
22:11:08 Saving config file
22:12:08 saveConfig: auto-save-60s
22:12:08 Saving config file
22:13:08 saveConfig: auto-save-60s
22:13:08 Saving config file
22:14:08 saveConfig: auto-save-60s
22:14:08 Saving config file
22:15:08 saveConfig: auto-save-60s
22:15:08 Saving config file
22:16:08 saveConfig: auto-save-60s
22:16:08 Saving config file
22:17:08 saveConfig: auto-save-60s
22:17:08 Saving config file
22:18:08 saveConfig: auto-save-60s
22:18:08 Saving config file
22:18:50 saveConfig: saving-data
22:18:50 Saving sacks file
22:19:08 saveConfig: auto-save-60s
22:19:08 Saving config file
22:20:08 saveConfig: auto-save-60s
22:20:08 Saving config file
22:21:08 saveConfig: auto-save-60s
22:21:08 Saving config file
22:22:08 saveConfig: auto-save-60s
22:22:08 Saving config file
22:23:08 saveConfig: auto-save-60s
22:23:08 Saving config file
22:24:08 saveConfig: auto-save-60s
22:24:08 Saving config file
22:25:08 saveConfig: auto-save-60s
22:25:08 Saving config file
22:26:08 saveConfig: auto-save-60s
22:26:08 Saving config file
22:27:08 saveConfig: auto-save-60s
22:27:08 Saving config file
22:28:08 saveConfig: auto-save-60s
22:28:08 Saving config file
22:29:08 saveConfig: auto-save-60s
22:29:08 Saving config file
22:30:08 saveConfig: auto-save-60s
22:30:08 Saving config file
22:31:08 saveConfig: auto-save-60s
22:31:08 Saving config file
22:32:08 saveConfig: auto-save-60s
22:32:08 Saving config file
22:33:08 saveConfig: auto-save-60s
22:33:08 Saving config file
22:34:08 saveConfig: auto-save-60s
22:34:08 Saving config file
22:35:08 saveConfig: auto-save-60s
22:35:08 Saving config file
22:36:08 saveConfig: auto-save-60s
22:36:08 Saving config file
22:37:08 saveConfig: auto-save-60s
22:37:08 Saving config file
22:38:08 saveConfig: auto-save-60s
22:38:08 Saving config file
22:39:08 saveConfig: auto-save-60s
22:39:08 Saving config file
22:40:08 saveConfig: auto-save-60s
22:40:08 Saving config file
22:41:08 saveConfig: auto-save-60s
22:41:08 Saving config file
22:42:08 saveConfig: auto-save-60s
22:42:08 Saving config file
22:43:08 saveConfig: auto-save-60s
22:43:08 Saving config file
22:44:08 saveConfig: auto-save-60s
22:44:08 Saving config file
22:45:08 saveConfig: auto-save-60s
22:45:08 Saving config file
22:46:08 saveConfig: auto-save-60s
22:46:08 Saving config file
22:47:08 saveConfig: auto-save-60s
22:47:08 Saving config file
22:48:08 saveConfig: auto-save-60s
22:48:08 Saving config file
22:48:55 saveConfig: saving-data
22:48:55 Saving sacks file
22:49:08 saveConfig: auto-save-60s
22:49:08 Saving config file
22:50:08 saveConfig: auto-save-60s
22:50:08 Saving config file
22:51:08 saveConfig: auto-save-60s
22:51:08 Saving config file
22:52:08 saveConfig: auto-save-60s
22:52:08 Saving config file
22:53:08 saveConfig: auto-save-60s
22:53:08 Saving config file
22:54:08 saveConfig: auto-save-60s
22:54:08 Saving config file
22:55:08 saveConfig: auto-save-60s
22:55:08 Saving config file
22:56:08 saveConfig: auto-save-60s
22:56:08 Saving config file
22:57:08 saveConfig: auto-save-60s
22:57:08 Saving config file
22:58:08 saveConfig: auto-save-60s
22:58:08 Saving config file
22:59:08 saveConfig: auto-save-60s
22:59:08 Saving config file
23:00:08 saveConfig: auto-save-60s
23:00:08 Saving config file
23:01:08 saveConfig: auto-save-60s
23:01:08 Saving config file
23:02:08 saveConfig: auto-save-60s
23:02:08 Saving config file
23:03:08 saveConfig: auto-save-60s
23:03:08 Saving config file
23:04:08 saveConfig: auto-save-60s
23:04:08 Saving config file
23:05:08 saveConfig: auto-save-60s
23:05:08 Saving config file
23:06:08 saveConfig: auto-save-60s
23:06:08 Saving config file
23:07:08 saveConfig: auto-save-60s
23:07:08 Saving config file
23:08:08 saveConfig: auto-save-60s
23:08:08 Saving config file
23:09:08 saveConfig: auto-save-60s
23:09:08 Saving config file
23:10:08 saveConfig: auto-save-60s
23:10:08 Saving config file
23:11:08 saveConfig: auto-save-60s
23:11:08 Saving config file
23:12:08 saveConfig: auto-save-60s
23:12:08 Saving config file
23:13:08 saveConfig: auto-save-60s
23:13:08 Saving config file
23:14:08 saveConfig: auto-save-60s
23:14:08 Saving config file
23:15:08 saveConfig: auto-save-60s
23:15:08 Saving config file
23:16:08 saveConfig: auto-save-60s
23:16:08 Saving config file
23:17:08 saveConfig: auto-save-60s
23:17:08 Saving config file
23:18:08 saveConfig: auto-save-60s
23:18:08 Saving config file
23:19:08 saveConfig: auto-save-60s
23:19:08 Saving config file
23:20:08 saveConfig: auto-save-60s
23:20:08 Saving config file
23:21:08 saveConfig: auto-save-60s
23:21:08 Saving config file
23:22:08 saveConfig: auto-save-60s
23:22:08 Saving config file
23:23:08 saveConfig: auto-save-60s
23:23:08 Saving config file
23:24:08 saveConfig: auto-save-60s
23:24:08 Saving config file
23:25:08 saveConfig: auto-save-60s
23:25:08 Saving config file
23:26:08 saveConfig: auto-save-60s
23:26:08 Saving config file
23:27:08 saveConfig: auto-save-60s
23:27:08 Saving config file
23:28:08 saveConfig: auto-save-60s
23:28:08 Saving config file
23:29:08 saveConfig: auto-save-60s
23:29:08 Saving config file
23:30:08 saveConfig: auto-save-60s
23:30:08 Saving config file
23:31:08 saveConfig: auto-save-60s
23:31:08 Saving config file
23:31:37 saveConfig: Save file
23:31:37 Saving friends file
23:32:08 saveConfig: auto-save-60s
23:32:08 Saving config file
23:33:08 saveConfig: auto-save-60s
23:33:08 Saving config file
23:34:08 saveConfig: auto-save-60s
23:34:08 Saving config file
23:34:43 saveConfig: saving-data
23:34:43 Saving sacks file
23:34:45 saveConfig: saving-data
23:34:45 Saving sacks file
23:35:08 saveConfig: auto-save-60s
23:35:08 Saving config file
23:36:08 saveConfig: auto-save-60s
23:36:08 Saving config file
23:37:08 saveConfig: auto-save-60s
23:37:08 Saving config file
23:38:08 saveConfig: auto-save-60s
23:38:08 Saving config file
23:38:23 saveConfig: saving-data
23:38:23 Saving sacks file
23:39:08 saveConfig: auto-save-60s
23:39:08 Saving config file
23:39:14 saveConfig: saving-data
23:39:14 Saving sacks file
23:39:18 saveConfig: saving-data
23:39:18 Saving sacks file
23:39:26 saveConfig: saving-data
23:39:26 Saving sacks file
23:39:33 saveConfig: saving-data
23:39:33 Saving sacks file
23:39:44 saveConfig: saving-data
23:39:44 Saving sacks file
23:39:56 saveConfig: saving-data
23:39:56 Saving sacks file
23:40:02 saveConfig: saving-data
23:40:02 Saving sacks file
23:40:08 saveConfig: auto-save-60s
23:40:08 Saving config file
23:40:23 saveConfig: saving-data
23:40:23 Saving sacks file
23:40:34 saveConfig: saving-data
23:40:34 Saving sacks file
23:40:58 saveConfig: saving-data
23:40:58 Saving sacks file
23:41:08 saveConfig: auto-save-60s
23:41:08 Saving config file
23:42:00 saveConfig: saving-data
23:42:00 Saving sacks file
23:42:08 saveConfig: auto-save-60s
23:42:08 Saving config file
23:43:08 saveConfig: auto-save-60s
23:43:08 Saving config file
23:44:08 saveConfig: auto-save-60s
23:44:08 Saving config file
23:45:08 saveConfig: auto-save-60s
23:45:08 Saving config file
23:46:08 saveConfig: auto-save-60s
23:46:08 Saving config file
23:47:08 saveConfig: auto-save-60s
23:47:08 Saving config file
23:48:08 saveConfig: auto-save-60s
23:48:08 Saving config file
23:49:08 saveConfig: auto-save-60s
23:49:08 Saving config file
23:50:08 saveConfig: auto-save-60s
23:50:08 Saving config file
23:51:08 saveConfig: auto-save-60s
23:51:08 Saving config file
23:52:08 saveConfig: auto-save-60s
23:52:08 Saving config file
23:53:08 saveConfig: auto-save-60s
23:53:08 Saving config file
23:54:08 saveConfig: auto-save-60s
23:54:08 Saving config file
23:55:08 saveConfig: auto-save-60s
23:55:08 Saving config file
23:56:08 saveConfig: auto-save-60s
23:56:08 Saving config file
23:57:08 saveConfig: auto-save-60s
23:57:08 Saving config file
23:58:08 saveConfig: auto-save-60s
23:58:08 Saving config file
23:59:08 saveConfig: auto-save-60s
23:59:08 Saving config file
00:00:08 saveConfig: auto-save-60s
00:00:08 Saving config file
00:01:08 saveConfig: auto-save-60s
00:01:08 Saving config file
00:02:08 saveConfig: auto-save-60s
00:02:08 Saving config file
00:03:08 saveConfig: auto-save-60s
00:03:08 Saving config file
00:04:08 saveConfig: auto-save-60s
00:04:08 Saving config file
00:05:08 saveConfig: auto-save-60s
00:05:08 Saving config file
00:06:08 saveConfig: auto-save-60s
00:06:08 Saving config file
00:07:08 saveConfig: auto-save-60s
00:07:08 Saving config file
00:08:08 saveConfig: auto-save-60s
00:08:08 Saving config file
00:09:08 saveConfig: auto-save-60s
00:09:08 Saving config file
00:10:08 saveConfig: auto-save-60s
00:10:08 Saving config file
00:11:08 saveConfig: auto-save-60s
00:11:08 Saving config file
00:12:08 saveConfig: auto-save-60s
00:12:08 Saving config file
00:13:08 saveConfig: auto-save-60s
00:13:08 Saving config file
00:14:08 saveConfig: auto-save-60s
00:14:08 Saving config file
00:15:08 saveConfig: auto-save-60s
00:15:08 Saving config file
00:16:08 saveConfig: auto-save-60s
00:16:08 Saving config file
00:17:08 saveConfig: auto-save-60s
00:17:08 Saving config file
00:18:08 saveConfig: auto-save-60s
00:18:08 Saving config file
00:19:08 saveConfig: auto-save-60s
00:19:08 Saving config file
00:20:08 saveConfig: auto-save-60s
00:20:08 Saving config file
00:21:08 saveConfig: auto-save-60s
00:21:08 Saving config file
00:22:08 saveConfig: auto-save-60s
00:22:08 Saving config file
00:23:08 saveConfig: auto-save-60s
00:23:08 Saving config file
00:24:08 saveConfig: auto-save-60s
00:24:08 Saving config file
00:25:08 saveConfig: auto-save-60s
00:25:08 Saving config file
00:26:08 saveConfig: auto-save-60s
00:26:08 Saving config file
00:27:08 saveConfig: auto-save-60s
00:27:08 Saving config file
00:28:08 saveConfig: auto-save-60s
00:28:08 Saving config file
00:29:08 saveConfig: auto-save-60s
00:29:08 Saving config file
00:30:08 saveConfig: auto-save-60s
00:30:08 Saving config file
00:31:08 saveConfig: auto-save-60s
00:31:08 Saving config file
00:32:08 saveConfig: auto-save-60s
00:32:08 Saving config file
00:33:08 saveConfig: auto-save-60s
00:33:08 Saving config file
00:34:08 saveConfig: auto-save-60s
00:34:08 Saving config file
00:35:08 saveConfig: auto-save-60s
00:35:08 Saving config file
00:36:08 saveConfig: auto-save-60s
00:36:08 Saving config file
00:37:08 saveConfig: auto-save-60s
00:37:08 Saving config file
00:38:08 saveConfig: auto-save-60s
00:38:08 Saving config file
00:39:08 saveConfig: auto-save-60s
00:39:08 Saving config file
00:40:08 saveConfig: auto-save-60s
00:40:08 Saving config file
00:41:08 saveConfig: auto-save-60s
00:41:08 Saving config file
00:42:08 saveConfig: auto-save-60s
00:42:08 Saving config file
00:43:08 saveConfig: auto-save-60s
00:43:08 Saving config file
00:44:08 saveConfig: auto-save-60s
00:44:08 Saving config file
00:45:08 saveConfig: auto-save-60s
00:45:08 Saving config file
00:46:08 saveConfig: auto-save-60s
00:46:08 Saving config file
00:47:08 saveConfig: auto-save-60s
00:47:08 Saving config file
00:48:08 saveConfig: auto-save-60s
00:48:08 Saving config file
00:49:08 saveConfig: auto-save-60s
00:49:08 Saving config file
00:50:08 saveConfig: auto-save-60s
00:50:08 Saving config file
00:51:08 saveConfig: auto-save-60s
00:51:08 Saving config file
00:52:08 saveConfig: auto-save-60s
00:52:08 Saving config file
00:53:08 saveConfig: auto-save-60s
00:53:08 Saving config file
00:54:08 saveConfig: auto-save-60s
00:54:08 Saving config file
00:55:08 saveConfig: auto-save-60s
00:55:08 Saving config file
00:56:08 saveConfig: auto-save-60s
00:56:08 Saving config file
00:57:08 saveConfig: auto-save-60s
00:57:08 Saving config file
00:58:08 saveConfig: auto-save-60s
00:58:08 Saving config file
00:59:08 saveConfig: auto-save-60s
00:59:08 Saving config file
01:00:08 saveConfig: auto-save-60s
01:00:08 Saving config file
01:01:08 saveConfig: auto-save-60s
01:01:08 Saving config file
01:02:08 saveConfig: auto-save-60s
01:02:08 Saving config file
01:03:08 saveConfig: auto-save-60s
01:03:08 Saving config file
01:04:08 saveConfig: auto-save-60s
01:04:08 Saving config file
01:05:08 saveConfig: auto-save-60s
01:05:08 Saving config file
01:06:08 saveConfig: auto-save-60s
01:06:08 Saving config file
01:07:08 saveConfig: auto-save-60s
01:07:08 Saving config file
01:08:08 saveConfig: auto-save-60s
01:08:08 Saving config file
01:09:08 saveConfig: auto-save-60s
01:09:08 Saving config file
01:10:08 saveConfig: auto-save-60s
01:10:08 Saving config file
01:11:08 saveConfig: auto-save-60s
01:11:08 Saving config file
01:12:08 saveConfig: auto-save-60s
01:12:08 Saving config file
01:13:08 saveConfig: auto-save-60s
01:13:08 Saving config file
01:14:08 saveConfig: auto-save-60s
01:14:08 Saving config file
01:15:08 saveConfig: auto-save-60s
01:15:08 Saving config file
01:16:08 saveConfig: auto-save-60s
01:16:08 Saving config file
01:17:08 saveConfig: auto-save-60s
01:17:08 Saving config file
01:18:08 saveConfig: auto-save-60s
01:18:08 Saving config file
01:19:08 saveConfig: auto-save-60s
01:19:08 Saving config file
01:20:08 saveConfig: auto-save-60s
01:20:08 Saving config file
01:21:08 saveConfig: auto-save-60s
01:21:08 Saving config file
01:22:08 saveConfig: auto-save-60s
01:22:08 Saving config file
01:23:08 saveConfig: auto-save-60s
01:23:08 Saving config file
01:24:08 saveConfig: auto-save-60s
01:24:08 Saving config file
01:25:08 saveConfig: auto-save-60s
01:25:08 Saving config file
01:26:08 saveConfig: auto-save-60s
01:26:08 Saving config file
01:27:08 saveConfig: auto-save-60s
01:27:08 Saving config file
01:28:08 saveConfig: auto-save-60s
01:28:08 Saving config file
01:29:08 saveConfig: auto-save-60s
01:29:08 Saving config file
01:30:08 saveConfig: auto-save-60s
01:30:08 Saving config file
01:31:08 saveConfig: auto-save-60s
01:31:08 Saving config file
01:31:49 saveConfig: saving-data
01:31:49 Saving sacks file
01:31:51 saveConfig: saving-data
01:31:51 Saving sacks file
01:32:08 saveConfig: auto-save-60s
01:32:08 Saving config file
01:33:08 saveConfig: auto-save-60s
01:33:08 Saving config file
01:34:08 saveConfig: auto-save-60s
01:34:08 Saving config file
01:35:08 saveConfig: auto-save-60s
01:35:08 Saving config file
01:36:08 saveConfig: auto-save-60s
01:36:08 Saving config file
01:37:08 saveConfig: auto-save-60s
01:37:08 Saving config file
01:38:08 saveConfig: auto-save-60s
01:38:08 Saving config file
01:39:08 saveConfig: auto-save-60s
01:39:08 Saving config file
01:40:08 saveConfig: auto-save-60s
01:40:08 Saving config file
01:41:08 saveConfig: auto-save-60s
01:41:08 Saving config file
01:42:08 saveConfig: auto-save-60s
01:42:08 Saving config file
01:43:08 saveConfig: auto-save-60s
01:43:08 Saving config file
01:44:08 saveConfig: auto-save-60s
01:44:08 Saving config file
01:45:08 saveConfig: auto-save-60s
01:45:08 Saving config file
01:46:08 saveConfig: auto-save-60s
01:46:08 Saving config file
01:47:08 saveConfig: auto-save-60s
01:47:08 Saving config file
01:48:08 saveConfig: auto-save-60s
01:48:08 Saving config file
01:49:08 saveConfig: auto-save-60s
01:49:08 Saving config file
01:50:08 saveConfig: auto-save-60s
01:50:08 Saving config file
01:51:08 saveConfig: auto-save-60s
01:51:08 Saving config file
01:52:08 saveConfig: auto-save-60s
01:52:08 Saving config file
01:53:08 saveConfig: auto-save-60s
01:53:08 Saving config file
01:54:08 saveConfig: auto-save-60s
01:54:08 Saving config file
01:55:08 saveConfig: auto-save-60s
01:55:08 Saving config file
01:56:08 saveConfig: auto-save-60s
01:56:08 Saving config file
01:57:08 saveConfig: auto-save-60s
01:57:08 Saving config file
01:58:08 saveConfig: auto-save-60s
01:58:08 Saving config file
01:59:08 saveConfig: auto-save-60s
01:59:08 Saving config file
02:00:08 saveConfig: auto-save-60s
02:00:08 Saving config file
02:01:08 saveConfig: auto-save-60s
02:01:08 Saving config file
02:02:08 saveConfig: auto-save-60s
02:02:08 Saving config file
02:03:08 saveConfig: auto-save-60s
02:03:08 Saving config file
02:04:08 saveConfig: auto-save-60s
02:04:08 Saving config file
02:05:08 saveConfig: auto-save-60s
02:05:08 Saving config file
02:06:08 saveConfig: auto-save-60s
02:06:08 Saving config file
02:07:08 saveConfig: auto-save-60s
02:07:08 Saving config file
02:08:08 saveConfig: auto-save-60s
02:08:08 Saving config file
02:09:08 saveConfig: auto-save-60s
02:09:08 Saving config file
02:10:08 saveConfig: auto-save-60s
02:10:08 Saving config file
02:11:08 saveConfig: auto-save-60s
02:11:08 Saving config file
02:12:08 saveConfig: auto-save-60s
02:12:08 Saving config file
02:13:08 saveConfig: auto-save-60s
02:13:08 Saving config file
02:14:08 saveConfig: auto-save-60s
02:14:08 Saving config file
02:15:09 saveConfig: auto-save-60s
02:15:09 Saving config file
02:16:08 saveConfig: auto-save-60s
02:16:08 Saving config file
02:16:09 saveConfig: saving-data
02:16:09 Saving sacks file
02:17:08 saveConfig: auto-save-60s
02:17:08 Saving config file
02:18:08 saveConfig: auto-save-60s
02:18:08 Saving config file
02:19:08 saveConfig: auto-save-60s
02:19:08 Saving config file
02:20:08 saveConfig: auto-save-60s
02:20:08 Saving config file
02:21:08 saveConfig: auto-save-60s
02:21:08 Saving config file
02:22:08 saveConfig: auto-save-60s
02:22:08 Saving config file
02:23:08 saveConfig: auto-save-60s
02:23:08 Saving config file
02:24:08 saveConfig: auto-save-60s
02:24:08 Saving config file
02:24:16 saveConfig: saving-data
02:24:16 Saving sacks file
02:25:08 saveConfig: auto-save-60s
02:25:08 Saving config file
02:26:08 saveConfig: auto-save-60s
02:26:08 Saving config file
02:27:08 saveConfig: auto-save-60s
02:27:08 Saving config file
02:28:08 saveConfig: auto-save-60s
02:28:08 Saving config file
02:29:08 saveConfig: auto-save-60s
02:29:08 Saving config file
02:30:08 saveConfig: auto-save-60s
02:30:08 Saving config file
02:31:08 saveConfig: auto-save-60s
02:31:08 Saving config file
02:32:08 saveConfig: auto-save-60s
02:32:08 Saving config file
02:33:08 saveConfig: auto-save-60s
02:33:08 Saving config file
02:34:08 saveConfig: auto-save-60s
02:34:08 Saving config file
02:35:08 saveConfig: auto-save-60s
02:35:08 Saving config file
02:36:08 saveConfig: auto-save-60s
02:36:08 Saving config file
02:37:08 saveConfig: auto-save-60s
02:37:08 Saving config file
02:38:08 saveConfig: auto-save-60s
02:38:08 Saving config file
02:39:09 saveConfig: auto-save-60s
02:39:09 Saving config file
02:39:09 saveConfig: saving-data
02:39:09 Saving sacks file
02:40:08 saveConfig: auto-save-60s
02:40:08 Saving config file
02:41:08 saveConfig: auto-save-60s
02:41:08 Saving config file
02:42:08 saveConfig: auto-save-60s
02:42:08 Saving config file
02:43:08 saveConfig: auto-save-60s
02:43:08 Saving config file
02:44:08 saveConfig: auto-save-60s
02:44:08 Saving config file
02:45:08 saveConfig: auto-save-60s
02:45:08 Saving config file
02:46:08 saveConfig: auto-save-60s
02:46:08 Saving config file
02:47:08 saveConfig: auto-save-60s
02:47:08 Saving config file
02:48:08 saveConfig: auto-save-60s
02:48:08 Saving config file
02:49:08 saveConfig: auto-save-60s
02:49:08 Saving config file
02:50:08 saveConfig: auto-save-60s
02:50:08 Saving config file
02:51:08 saveConfig: auto-save-60s
02:51:08 Saving config file
02:52:08 saveConfig: auto-save-60s
02:52:08 Saving config file
02:53:08 saveConfig: auto-save-60s
02:53:08 Saving config file
02:54:08 saveConfig: auto-save-60s
02:54:08 Saving config file
02:55:08 saveConfig: auto-save-60s
02:55:08 Saving config file
02:56:08 saveConfig: auto-save-60s
02:56:08 Saving config file
02:57:08 saveConfig: auto-save-60s
02:57:08 Saving config file
02:58:08 saveConfig: auto-save-60s
02:58:08 Saving config file
02:58:46 saveConfig: saving-data
02:58:46 Saving sacks file
02:59:08 saveConfig: auto-save-60s
02:59:08 Saving config file
03:00:08 saveConfig: auto-save-60s
03:00:08 Saving config file
03:01:08 saveConfig: auto-save-60s
03:01:08 Saving config file
03:02:08 saveConfig: auto-save-60s
03:02:08 Saving config file
03:02:09 saveConfig: saving-data
03:02:09 Saving sacks file
03:03:08 saveConfig: auto-save-60s
03:03:08 Saving config file
03:04:08 saveConfig: auto-save-60s
03:04:08 Saving config file
03:05:08 saveConfig: auto-save-60s
03:05:08 Saving config file
03:05:27 saveConfig: saving-data
03:05:27 Saving sacks file
03:06:08 saveConfig: auto-save-60s
03:06:08 Saving config file
03:07:08 saveConfig: auto-save-60s
03:07:08 Saving config file
03:08:04 saveConfig: saving-data
03:08:04 Saving sacks file
03:08:08 saveConfig: auto-save-60s
03:08:08 Saving config file
03:09:08 saveConfig: auto-save-60s
03:09:08 Saving config file
03:10:08 saveConfig: auto-save-60s
03:10:08 Saving config file
03:11:08 saveConfig: auto-save-60s
03:11:08 Saving config file
03:12:08 saveConfig: auto-save-60s
03:12:08 Saving config file
03:13:08 saveConfig: auto-save-60s
03:13:08 Saving config file
03:14:08 saveConfig: auto-save-60s
03:14:08 Saving config file
03:15:08 saveConfig: auto-save-60s
03:15:08 Saving config file
03:16:08 saveConfig: auto-save-60s
03:16:08 Saving config file
03:16:30 saveConfig: saving-data
03:16:30 Saving sacks file
03:17:08 saveConfig: auto-save-60s
03:17:08 Saving config file
03:18:08 saveConfig: auto-save-60s
03:18:08 Saving config file
03:18:58 saveConfig: saving-data
03:18:58 Saving sacks file
03:19:08 saveConfig: auto-save-60s
03:19:08 Saving config file
03:20:08 saveConfig: auto-save-60s
03:20:08 Saving config file
03:21:08 saveConfig: auto-save-60s
03:21:08 Saving config file
03:22:08 saveConfig: auto-save-60s
03:22:08 Saving config file
03:22:13 saveConfig: saving-data
03:22:13 Saving sacks file
03:22:49 saveConfig: saving-data
03:22:49 Saving sacks file
03:23:08 saveConfig: auto-save-60s
03:23:08 Saving config file
03:24:08 saveConfig: auto-save-60s
03:24:08 Saving config file
03:25:08 saveConfig: auto-save-60s
03:25:08 Saving config file
03:25:17 saveConfig: saving-data
03:25:17 Saving sacks file
03:25:41 saveConfig: saving-data
03:25:41 Saving sacks file
03:26:08 saveConfig: auto-save-60s
03:26:08 Saving config file
03:27:08 saveConfig: auto-save-60s
03:27:08 Saving config file
03:28:08 saveConfig: auto-save-60s
03:28:08 Saving config file
03:29:08 saveConfig: auto-save-60s
03:29:08 Saving config file
03:30:08 saveConfig: auto-save-60s
03:30:08 Saving config file
03:31:08 saveConfig: auto-save-60s
03:31:08 Saving config file
03:31:31 saveConfig: saving-data
03:31:31 Saving sacks file
03:32:08 saveConfig: auto-save-60s
03:32:08 Saving config file
03:33:08 saveConfig: auto-save-60s
03:33:08 Saving config file
03:34:08 saveConfig: auto-save-60s
03:34:08 Saving config file
03:35:08 saveConfig: auto-save-60s
03:35:08 Saving config file
03:36:08 saveConfig: auto-save-60s
03:36:08 Saving config file
03:37:08 saveConfig: auto-save-60s
03:37:08 Saving config file
03:38:08 saveConfig: auto-save-60s
03:38:08 Saving config file
03:39:08 saveConfig: auto-save-60s
03:39:08 Saving config file
03:40:08 saveConfig: auto-save-60s
03:40:08 Saving config file
03:41:08 saveConfig: auto-save-60s
03:41:08 Saving config file
03:42:08 saveConfig: auto-save-60s
03:42:08 Saving config file
03:43:08 saveConfig: auto-save-60s
03:43:08 Saving config file
03:44:08 saveConfig: auto-save-60s
03:44:08 Saving config file
03:45:08 saveConfig: auto-save-60s
03:45:08 Saving config file
03:46:08 saveConfig: auto-save-60s
03:46:08 Saving config file
03:47:08 saveConfig: auto-save-60s
03:47:08 Saving config file
03:48:08 saveConfig: auto-save-60s
03:48:08 Saving config file
03:49:08 saveConfig: auto-save-60s
03:49:08 Saving config file
03:50:08 saveConfig: auto-save-60s
03:50:08 Saving config file
03:51:08 saveConfig: auto-save-60s
03:51:08 Saving config file
03:52:08 saveConfig: auto-save-60s
03:52:08 Saving config file
03:53:08 saveConfig: auto-save-60s
03:53:08 Saving config file
03:54:08 saveConfig: auto-save-60s
03:54:08 Saving config file
03:55:08 saveConfig: auto-save-60s
03:55:08 Saving config file
03:56:08 saveConfig: auto-save-60s
03:56:08 Saving config file
03:57:08 saveConfig: auto-save-60s
03:57:08 Saving config file
03:58:08 saveConfig: auto-save-60s
03:58:08 Saving config file
03:59:08 saveConfig: auto-save-60s
03:59:08 Saving config file
04:00:08 saveConfig: auto-save-60s
04:00:08 Saving config file
04:01:08 saveConfig: auto-save-60s
04:01:08 Saving config file
04:02:08 saveConfig: auto-save-60s
04:02:08 Saving config file
04:03:08 saveConfig: auto-save-60s
04:03:08 Saving config file
04:04:08 saveConfig: auto-save-60s
04:04:08 Saving config file
04:05:08 saveConfig: auto-save-60s
04:05:08 Saving config file
04:06:08 saveConfig: auto-save-60s
04:06:08 Saving config file
04:07:08 saveConfig: auto-save-60s
04:07:08 Saving config file
04:08:08 saveConfig: auto-save-60s
04:08:08 Saving config file
04:08:37 saveConfig: saving-data
04:08:37 Saving sacks file
04:09:08 saveConfig: auto-save-60s
04:09:08 Saving config file
04:10:08 saveConfig: auto-save-60s
04:10:08 Saving config file
04:11:08 saveConfig: auto-save-60s
04:11:08 Saving config file
04:12:08 saveConfig: auto-save-60s
04:12:08 Saving config file
04:13:08 saveConfig: auto-save-60s
04:13:08 Saving config file
04:14:08 saveConfig: auto-save-60s
04:14:08 Saving config file
04:15:08 saveConfig: auto-save-60s
04:15:08 Saving config file
04:16:08 saveConfig: auto-save-60s
04:16:08 Saving config file
04:17:08 saveConfig: auto-save-60s
04:17:08 Saving config file
04:18:08 saveConfig: auto-save-60s
04:18:08 Saving config file
04:19:08 saveConfig: auto-save-60s
04:19:08 Saving config file
04:20:08 saveConfig: auto-save-60s
04:20:08 Saving config file
04:21:08 saveConfig: auto-save-60s
04:21:08 Saving config file
04:22:08 saveConfig: auto-save-60s
04:22:08 Saving config file
04:23:08 saveConfig: auto-save-60s
04:23:08 Saving config file
04:24:08 saveConfig: auto-save-60s
04:24:08 Saving config file
04:25:08 saveConfig: auto-save-60s
04:25:08 Saving config file
04:26:08 saveConfig: auto-save-60s
04:26:08 Saving config file
04:27:08 saveConfig: auto-save-60s
04:27:08 Saving config file
04:28:08 saveConfig: auto-save-60s
04:28:08 Saving config file
04:29:08 saveConfig: auto-save-60s
04:29:08 Saving config file
04:30:08 saveConfig: auto-save-60s
04:30:08 Saving config file
04:31:08 saveConfig: auto-save-60s
04:31:08 Saving config file
04:32:08 saveConfig: auto-save-60s
04:32:08 Saving config file
04:33:08 saveConfig: auto-save-60s
04:33:08 Saving config file
04:34:08 saveConfig: auto-save-60s
04:34:08 Saving config file
04:35:08 saveConfig: auto-save-60s
04:35:08 Saving config file
04:36:08 saveConfig: auto-save-60s
04:36:08 Saving config file
04:37:08 saveConfig: auto-save-60s
04:37:08 Saving config file
04:38:08 saveConfig: auto-save-60s
04:38:08 Saving config file
04:39:08 saveConfig: auto-save-60s
04:39:08 Saving config file
04:40:08 saveConfig: auto-save-60s
04:40:08 Saving config file
04:41:08 saveConfig: auto-save-60s
04:41:08 Saving config file
04:42:08 saveConfig: auto-save-60s
04:42:08 Saving config file
04:43:08 saveConfig: auto-save-60s
04:43:08 Saving config file
04:44:08 saveConfig: auto-save-60s
04:44:08 Saving config file
04:45:08 saveConfig: auto-save-60s
04:45:08 Saving config file
04:46:08 saveConfig: auto-save-60s
04:46:08 Saving config file
04:47:08 saveConfig: auto-save-60s
04:47:08 Saving config file
04:48:08 saveConfig: auto-save-60s
04:48:08 Saving config file
04:49:08 saveConfig: auto-save-60s
04:49:08 Saving config file
04:50:08 saveConfig: auto-save-60s
04:50:08 Saving config file
04:51:08 saveConfig: auto-save-60s
04:51:08 Saving config file
04:52:08 saveConfig: auto-save-60s
04:52:08 Saving config file
04:53:08 saveConfig: auto-save-60s
04:53:08 Saving config file
04:54:08 saveConfig: auto-save-60s
04:54:08 Saving config file
04:55:08 saveConfig: auto-save-60s
04:55:08 Saving config file
04:56:08 saveConfig: auto-save-60s
04:56:08 Saving config file
04:57:08 saveConfig: auto-save-60s
04:57:08 Saving config file
04:58:08 saveConfig: auto-save-60s
04:58:08 Saving config file
04:59:08 saveConfig: auto-save-60s
04:59:08 Saving config file
05:00:08 saveConfig: auto-save-60s
05:00:08 Saving config file
05:01:08 saveConfig: auto-save-60s
05:01:08 Saving config file
05:02:08 saveConfig: auto-save-60s
05:02:08 Saving config file
05:03:08 saveConfig: auto-save-60s
05:03:08 Saving config file
05:04:08 saveConfig: auto-save-60s
05:04:08 Saving config file
05:04:50 saveConfig: saving-data
05:04:50 Saving sacks file
05:04:55 saveConfig: saving-data
05:04:55 Saving sacks file
05:04:56 saveConfig: saving-data
05:04:56 Saving sacks file
05:05:08 saveConfig: auto-save-60s
05:05:08 Saving config file
05:06:08 saveConfig: auto-save-60s
05:06:08 Saving config file
05:07:08 saveConfig: auto-save-60s
05:07:08 Saving config file
05:08:08 saveConfig: auto-save-60s
05:08:08 Saving config file
05:09:08 saveConfig: auto-save-60s
05:09:08 Saving config file
05:10:08 saveConfig: auto-save-60s
05:10:08 Saving config file
05:11:08 saveConfig: auto-save-60s
05:11:08 Saving config file
05:12:08 saveConfig: auto-save-60s
05:12:08 Saving config file
05:13:08 saveConfig: auto-save-60s
05:13:08 Saving config file
05:14:09 saveConfig: auto-save-60s
05:14:09 Saving config file
05:15:08 saveConfig: auto-save-60s
05:15:08 Saving config file
05:16:08 saveConfig: auto-save-60s
05:16:08 Saving config file
05:17:08 saveConfig: auto-save-60s
05:17:08 Saving config file
05:18:08 saveConfig: auto-save-60s
05:18:08 Saving config file
05:19:08 saveConfig: auto-save-60s
05:19:08 Saving config file
05:20:08 saveConfig: auto-save-60s
05:20:08 Saving config file
05:21:08 saveConfig: auto-save-60s
05:21:08 Saving config file
05:22:08 saveConfig: auto-save-60s
05:22:08 Saving config file
05:23:08 saveConfig: auto-save-60s
05:23:08 Saving config file
05:24:08 saveConfig: auto-save-60s
05:24:08 Saving config file
05:25:08 saveConfig: auto-save-60s
05:25:08 Saving config file
05:26:08 saveConfig: auto-save-60s
05:26:08 Saving config file
05:27:08 saveConfig: auto-save-60s
05:27:08 Saving config file
05:28:08 saveConfig: auto-save-60s
05:28:08 Saving config file
05:29:08 saveConfig: auto-save-60s
05:29:08 Saving config file
05:30:08 saveConfig: auto-save-60s
05:30:08 Saving config file
05:31:08 saveConfig: auto-save-60s
05:31:08 Saving config file
05:32:08 saveConfig: auto-save-60s
05:32:08 Saving config file
05:32:26 saveConfig: saving-data
05:32:26 Saving sacks file
05:33:08 saveConfig: auto-save-60s
05:33:08 Saving config file
05:34:08 saveConfig: auto-save-60s
05:34:08 Saving config file
05:35:08 saveConfig: auto-save-60s
05:35:08 Saving config file
05:36:08 saveConfig: auto-save-60s
05:36:08 Saving config file
05:37:08 saveConfig: auto-save-60s
05:37:08 Saving config file
05:38:08 saveConfig: auto-save-60s
05:38:08 Saving config file
05:39:08 saveConfig: auto-save-60s
05:39:08 Saving config file
05:40:08 saveConfig: auto-save-60s
05:40:08 Saving config file
05:41:08 saveConfig: auto-save-60s
05:41:08 Saving config file
05:42:08 saveConfig: auto-save-60s
05:42:08 Saving config file
05:43:08 saveConfig: auto-save-60s
05:43:08 Saving config file
05:44:08 saveConfig: auto-save-60s
05:44:08 Saving config file
05:45:08 saveConfig: auto-save-60s
05:45:08 Saving config file
05:46:08 saveConfig: auto-save-60s
05:46:08 Saving config file
05:47:08 saveConfig: auto-save-60s
05:47:08 Saving config file
05:48:08 saveConfig: auto-save-60s
05:48:08 Saving config file
05:49:08 saveConfig: auto-save-60s
05:49:08 Saving config file
05:50:08 saveConfig: auto-save-60s
05:50:08 Saving config file
05:51:08 saveConfig: auto-save-60s
05:51:08 Saving config file
05:52:08 saveConfig: auto-save-60s
05:52:08 Saving config file
05:53:08 saveConfig: auto-save-60s
05:53:08 Saving config file
05:54:08 saveConfig: auto-save-60s
05:54:08 Saving config file
05:55:08 saveConfig: auto-save-60s
05:55:08 Saving config file
05:56:08 saveConfig: auto-save-60s
05:56:08 Saving config file
05:57:08 saveConfig: auto-save-60s
05:57:08 Saving config file
05:58:08 saveConfig: auto-save-60s
05:58:08 Saving config file
05:59:08 saveConfig: auto-save-60s
05:59:08 Saving config file
06:00:08 saveConfig: auto-save-60s
06:00:08 Saving config file
06:01:08 saveConfig: auto-save-60s
06:01:08 Saving config file
06:02:08 saveConfig: auto-save-60s
06:02:08 Saving config file
06:03:08 saveConfig: auto-save-60s
06:03:08 Saving config file
06:04:08 saveConfig: auto-save-60s
06:04:08 Saving config file
06:05:08 saveConfig: auto-save-60s
06:05:08 Saving config file
06:06:08 saveConfig: auto-save-60s
06:06:08 Saving config file
06:07:08 saveConfig: auto-save-60s
06:07:08 Saving config file
06:08:08 saveConfig: auto-save-60s
06:08:08 Saving config file
06:09:08 saveConfig: auto-save-60s
06:09:08 Saving config file
06:10:08 saveConfig: auto-save-60s
06:10:08 Saving config file
06:10:26 saveConfig: saving-data
06:10:26 Saving sacks file
06:11:08 saveConfig: auto-save-60s
06:11:08 Saving config file
06:12:08 saveConfig: auto-save-60s
06:12:08 Saving config file
06:13:08 saveConfig: auto-save-60s
06:13:08 Saving config file
06:14:08 saveConfig: auto-save-60s
06:14:08 Saving config file
06:15:08 saveConfig: auto-save-60s
06:15:08 Saving config file
06:16:08 saveConfig: auto-save-60s
06:16:08 Saving config file
06:17:08 saveConfig: auto-save-60s
06:17:08 Saving config file
06:18:08 saveConfig: auto-save-60s
06:18:08 Saving config file
06:19:08 saveConfig: auto-save-60s
06:19:08 Saving config file
06:20:08 saveConfig: auto-save-60s
06:20:08 Saving config file
06:21:08 saveConfig: auto-save-60s
06:21:08 Saving config file
06:22:08 saveConfig: auto-save-60s
06:22:08 Saving config file
06:23:01 saveConfig: saving-data
06:23:01 Saving sacks file
06:23:08 saveConfig: auto-save-60s
06:23:08 Saving config file
06:24:08 saveConfig: auto-save-60s
06:24:08 Saving config file
06:25:08 saveConfig: auto-save-60s
06:25:08 Saving config file
06:26:08 saveConfig: auto-save-60s
06:26:08 Saving config file
06:27:08 saveConfig: auto-save-60s
06:27:08 Saving config file
06:28:08 saveConfig: auto-save-60s
06:28:08 Saving config file
06:29:08 saveConfig: auto-save-60s
06:29:08 Saving config file
06:30:08 saveConfig: auto-save-60s
06:30:08 Saving config file
06:31:08 saveConfig: auto-save-60s
06:31:08 Saving config file
06:32:08 saveConfig: auto-save-60s
06:32:08 Saving config file
06:33:08 saveConfig: auto-save-60s
06:33:08 Saving config file
06:34:08 saveConfig: auto-save-60s
06:34:08 Saving config file
06:35:08 saveConfig: auto-save-60s
06:35:08 Saving config file
06:36:08 saveConfig: auto-save-60s
06:36:08 Saving config file
06:37:08 saveConfig: auto-save-60s
06:37:08 Saving config file
06:38:08 saveConfig: auto-save-60s
06:38:08 Saving config file
06:39:08 saveConfig: auto-save-60s
06:39:08 Saving config file
06:40:08 saveConfig: auto-save-60s
06:40:08 Saving config file
06:41:08 saveConfig: auto-save-60s
06:41:08 Saving config file
06:42:08 saveConfig: auto-save-60s
06:42:08 Saving config file
06:43:08 saveConfig: auto-save-60s
06:43:08 Saving config file
06:44:08 saveConfig: auto-save-60s
06:44:08 Saving config file
06:45:08 saveConfig: auto-save-60s
06:45:08 Saving config file
06:46:08 saveConfig: auto-save-60s
06:46:08 Saving config file
06:47:08 saveConfig: auto-save-60s
06:47:08 Saving config file
06:48:08 saveConfig: auto-save-60s
06:48:08 Saving config file
06:49:08 saveConfig: auto-save-60s
06:49:08 Saving config file
06:50:08 saveConfig: auto-save-60s
06:50:08 Saving config file
06:51:08 saveConfig: auto-save-60s
06:51:08 Saving config file
06:52:08 saveConfig: auto-save-60s
06:52:08 Saving config file
06:53:08 saveConfig: auto-save-60s
06:53:08 Saving config file
06:54:08 saveConfig: auto-save-60s
06:54:08 Saving config file
06:55:08 saveConfig: auto-save-60s
06:55:08 Saving config file
06:56:08 saveConfig: auto-save-60s
06:56:08 Saving config file
06:57:08 saveConfig: auto-save-60s
06:57:08 Saving config file
06:58:08 saveConfig: auto-save-60s
06:58:08 Saving config file
06:59:08 saveConfig: auto-save-60s
06:59:08 Saving config file
07:00:08 saveConfig: auto-save-60s
07:00:08 Saving config file
07:01:08 saveConfig: auto-save-60s
07:01:08 Saving config file
07:02:08 saveConfig: auto-save-60s
07:02:08 Saving config file
07:03:08 saveConfig: auto-save-60s
07:03:08 Saving config file
07:04:08 saveConfig: auto-save-60s
07:04:08 Saving config file
07:05:08 saveConfig: auto-save-60s
07:05:08 Saving config file
07:06:08 saveConfig: auto-save-60s
07:06:08 Saving config file
07:07:08 saveConfig: auto-save-60s
07:07:08 Saving config file
07:08:08 saveConfig: auto-save-60s
07:08:08 Saving config file
07:09:08 saveConfig: auto-save-60s
07:09:08 Saving config file
07:10:08 saveConfig: auto-save-60s
07:10:08 Saving config file
07:11:08 saveConfig: auto-save-60s
07:11:08 Saving config file
07:12:08 saveConfig: auto-save-60s
07:12:08 Saving config file
07:13:08 saveConfig: auto-save-60s
07:13:08 Saving config file
07:14:08 saveConfig: auto-save-60s
07:14:08 Saving config file
07:15:08 saveConfig: auto-save-60s
07:15:08 Saving config file
07:16:08 saveConfig: auto-save-60s
07:16:08 Saving config file
07:17:08 saveConfig: auto-save-60s
07:17:08 Saving config file
07:18:08 saveConfig: auto-save-60s
07:18:08 Saving config file
07:18:52 saveConfig: saving-data
07:18:52 Saving sacks file
07:18:54 saveConfig: saving-data
07:18:54 Saving sacks file
07:19:08 saveConfig: auto-save-60s
07:19:08 Saving config file
07:20:08 saveConfig: auto-save-60s
07:20:08 Saving config file
07:21:08 saveConfig: auto-save-60s
07:21:08 Saving config file
07:22:08 saveConfig: auto-save-60s
07:22:08 Saving config file
07:23:08 saveConfig: auto-save-60s
07:23:08 Saving config file
07:24:08 saveConfig: auto-save-60s
07:24:08 Saving config file
07:25:08 saveConfig: auto-save-60s
07:25:08 Saving config file
07:26:08 saveConfig: auto-save-60s
07:26:08 Saving config file
07:27:08 saveConfig: auto-save-60s
07:27:08 Saving config file
07:28:08 saveConfig: auto-save-60s
07:28:08 Saving config file
07:29:08 saveConfig: auto-save-60s
07:29:08 Saving config file
07:30:08 saveConfig: auto-save-60s
07:30:08 Saving config file
07:31:08 saveConfig: auto-save-60s
07:31:08 Saving config file
07:32:08 saveConfig: auto-save-60s
07:32:08 Saving config file
07:33:08 saveConfig: auto-save-60s
07:33:08 Saving config file
07:34:08 saveConfig: auto-save-60s
07:34:08 Saving config file
07:35:08 saveConfig: auto-save-60s
07:35:08 Saving config file
07:35:10 saveConfig: saving-data
07:35:10 Saving sacks file
07:36:08 saveConfig: auto-save-60s
07:36:08 Saving config file
07:37:08 saveConfig: auto-save-60s
07:37:08 Saving config file
07:38:08 saveConfig: auto-save-60s
07:38:08 Saving config file
07:39:08 saveConfig: auto-save-60s
07:39:08 Saving config file
07:40:08 saveConfig: auto-save-60s
07:40:08 Saving config file
07:41:08 saveConfig: auto-save-60s
07:41:08 Saving config file
07:42:08 saveConfig: auto-save-60s
07:42:08 Saving config file
07:43:08 saveConfig: auto-save-60s
07:43:08 Saving config file
07:44:08 saveConfig: auto-save-60s
07:44:08 Saving config file
07:45:08 saveConfig: auto-save-60s
07:45:08 Saving config file
07:46:08 saveConfig: auto-save-60s
07:46:08 Saving config file
07:47:08 saveConfig: auto-save-60s
07:47:08 Saving config file
07:48:08 saveConfig: auto-save-60s
07:48:08 Saving config file
07:49:08 saveConfig: auto-save-60s
07:49:08 Saving config file
07:50:08 saveConfig: auto-save-60s
07:50:08 Saving config file
07:51:08 saveConfig: auto-save-60s
07:51:08 Saving config file
07:52:08 saveConfig: auto-save-60s
07:52:08 Saving config file
07:53:08 saveConfig: auto-save-60s
07:53:08 Saving config file
07:54:08 saveConfig: auto-save-60s
07:54:08 Saving config file
07:55:08 saveConfig: auto-save-60s
07:55:08 Saving config file
07:56:08 saveConfig: auto-save-60s
07:56:08 Saving config file
07:57:08 saveConfig: auto-save-60s
07:57:08 Saving config file
07:58:08 saveConfig: auto-save-60s
07:58:08 Saving config file
07:59:08 saveConfig: auto-save-60s
07:59:08 Saving config file
08:00:08 saveConfig: auto-save-60s
08:00:08 Saving config file
08:01:08 saveConfig: auto-save-60s
08:01:08 Saving config file
08:01:29 saveConfig: shutdown-hook
08:01:29 Saving config file
