10:46:37 Trying to load config from config/skyhanni/config.json
10:46:37 load-config-now
10:46:37 Loaded config from file
10:46:37 Trying to load sacks from config/skyhanni/sacks.json
10:46:37 load-sacks-now
10:46:37 Loaded sacks from file
10:46:37 Trying to load friends from config/skyhanni/friends.json
10:46:37 load-friends-now
10:46:37 Loaded friends from file
10:46:37 Trying to load known_features from config/skyhanni/known_features.json
10:46:37 load-known_features-now
10:46:37 Loaded known_features from file
10:46:37 Trying to load jacob_contests from config/skyhanni/jacob_contests.json
10:46:37 load-jacob_contests-now
10:46:37 Loaded jacob_contests from file
10:46:37 Trying to load visual_words from config/skyhanni/visual_words.json
10:46:37 Setting visual_words to be blank as it did not exist. It will be saved once something is written to it
10:46:49 saveConfig: Updated known feature flags
10:46:49 Saving known_features file
10:46:59 saveConfig: close-gui
10:46:59 Saving config file
10:47:37 saveConfig: auto-save-60s
10:47:37 Saving config file
10:48:37 saveConfig: auto-save-60s
10:48:37 Saving config file
10:49:37 saveConfig: auto-save-60s
10:49:37 Saving config file
10:50:37 saveConfig: auto-save-60s
10:50:37 Saving config file
10:51:37 saveConfig: auto-save-60s
10:51:37 Saving config file
10:52:37 saveConfig: auto-save-60s
10:52:37 Saving config file
10:53:37 saveConfig: auto-save-60s
10:53:37 Saving config file
10:54:37 saveConfig: auto-save-60s
10:54:37 Saving config file
10:55:37 saveConfig: auto-save-60s
10:55:37 Saving config file
10:56:37 saveConfig: auto-save-60s
10:56:37 Saving config file
10:57:37 saveConfig: auto-save-60s
10:57:37 Saving config file
10:58:37 saveConfig: auto-save-60s
10:58:37 Saving config file
10:59:37 saveConfig: auto-save-60s
10:59:37 Saving config file
11:00:37 saveConfig: auto-save-60s
11:00:37 Saving config file
11:01:37 saveConfig: auto-save-60s
11:01:37 Saving config file
11:02:37 saveConfig: auto-save-60s
11:02:37 Saving config file
11:03:37 saveConfig: auto-save-60s
11:03:37 Saving config file
11:04:37 saveConfig: auto-save-60s
11:04:37 Saving config file
11:05:37 saveConfig: auto-save-60s
11:05:37 Saving config file
11:06:37 saveConfig: auto-save-60s
11:06:37 Saving config file
11:07:37 saveConfig: auto-save-60s
11:07:37 Saving config file
11:08:37 saveConfig: auto-save-60s
11:08:37 Saving config file
11:09:37 saveConfig: auto-save-60s
11:09:37 Saving config file
11:10:37 saveConfig: auto-save-60s
11:10:37 Saving config file
11:11:37 saveConfig: auto-save-60s
11:11:37 Saving config file
11:12:37 saveConfig: auto-save-60s
11:12:37 Saving config file
11:13:37 saveConfig: auto-save-60s
11:13:37 Saving config file
11:14:37 saveConfig: auto-save-60s
11:14:37 Saving config file
11:15:37 saveConfig: auto-save-60s
11:15:37 Saving config file
11:16:13 saveConfig: saving-data
11:16:13 Saving sacks file
11:16:37 saveConfig: auto-save-60s
11:16:37 Saving config file
11:17:37 saveConfig: auto-save-60s
11:17:37 Saving config file
11:18:37 saveConfig: auto-save-60s
11:18:37 Saving config file
11:19:37 saveConfig: auto-save-60s
11:19:37 Saving config file
11:20:37 saveConfig: auto-save-60s
11:20:37 Saving config file
11:21:37 saveConfig: auto-save-60s
11:21:37 Saving config file
11:22:37 saveConfig: auto-save-60s
11:22:37 Saving config file
11:23:37 saveConfig: auto-save-60s
11:23:37 Saving config file
11:24:37 saveConfig: auto-save-60s
11:24:37 Saving config file
11:25:37 saveConfig: auto-save-60s
11:25:37 Saving config file
11:26:37 saveConfig: auto-save-60s
11:26:37 Saving config file
11:27:37 saveConfig: auto-save-60s
11:27:37 Saving config file
11:28:37 saveConfig: auto-save-60s
11:28:37 Saving config file
11:29:37 saveConfig: auto-save-60s
11:29:37 Saving config file
11:30:37 saveConfig: auto-save-60s
11:30:37 Saving config file
11:31:37 saveConfig: auto-save-60s
11:31:37 Saving config file
11:32:37 saveConfig: auto-save-60s
11:32:37 Saving config file
11:33:37 saveConfig: auto-save-60s
11:33:37 Saving config file
11:34:37 saveConfig: auto-save-60s
11:34:37 Saving config file
11:35:37 saveConfig: auto-save-60s
11:35:37 Saving config file
11:36:37 saveConfig: auto-save-60s
11:36:37 Saving config file
11:37:37 saveConfig: auto-save-60s
11:37:37 Saving config file
11:38:37 saveConfig: auto-save-60s
11:38:37 Saving config file
11:39:37 saveConfig: auto-save-60s
11:39:37 Saving config file
11:40:37 saveConfig: auto-save-60s
11:40:37 Saving config file
11:41:37 saveConfig: auto-save-60s
11:41:37 Saving config file
11:42:37 saveConfig: auto-save-60s
11:42:37 Saving config file
11:43:37 saveConfig: auto-save-60s
11:43:37 Saving config file
11:44:37 saveConfig: auto-save-60s
11:44:37 Saving config file
11:45:37 saveConfig: auto-save-60s
11:45:37 Saving config file
11:46:34 saveConfig: saving-data
11:46:34 Saving sacks file
11:46:37 saveConfig: auto-save-60s
11:46:37 Saving config file
11:47:37 saveConfig: auto-save-60s
11:47:37 Saving config file
11:48:37 saveConfig: auto-save-60s
11:48:37 Saving config file
11:49:37 saveConfig: auto-save-60s
11:49:37 Saving config file
11:50:37 saveConfig: auto-save-60s
11:50:37 Saving config file
11:51:37 saveConfig: auto-save-60s
11:51:37 Saving config file
11:52:37 saveConfig: auto-save-60s
11:52:37 Saving config file
11:53:37 saveConfig: auto-save-60s
11:53:37 Saving config file
11:54:37 saveConfig: auto-save-60s
11:54:37 Saving config file
11:55:37 saveConfig: auto-save-60s
11:55:37 Saving config file
11:56:37 saveConfig: auto-save-60s
11:56:37 Saving config file
11:57:37 saveConfig: auto-save-60s
11:57:37 Saving config file
11:58:37 saveConfig: auto-save-60s
11:58:37 Saving config file
11:59:37 saveConfig: auto-save-60s
11:59:37 Saving config file
12:00:37 saveConfig: auto-save-60s
12:00:37 Saving config file
12:01:37 saveConfig: auto-save-60s
12:01:37 Saving config file
12:02:37 saveConfig: auto-save-60s
12:02:37 Saving config file
12:03:37 saveConfig: auto-save-60s
12:03:37 Saving config file
12:04:37 saveConfig: auto-save-60s
12:04:37 Saving config file
12:05:37 saveConfig: auto-save-60s
12:05:37 Saving config file
12:06:37 saveConfig: auto-save-60s
12:06:37 Saving config file
12:07:37 saveConfig: auto-save-60s
12:07:37 Saving config file
12:08:37 saveConfig: auto-save-60s
12:08:37 Saving config file
12:09:37 saveConfig: auto-save-60s
12:09:37 Saving config file
12:10:37 saveConfig: auto-save-60s
12:10:37 Saving config file
12:11:37 saveConfig: auto-save-60s
12:11:37 Saving config file
12:12:37 saveConfig: auto-save-60s
12:12:37 Saving config file
12:13:37 saveConfig: auto-save-60s
12:13:37 Saving config file
12:13:56 saveConfig: saving-data
12:13:56 Saving sacks file
12:14:37 saveConfig: auto-save-60s
12:14:37 Saving config file
12:15:37 saveConfig: auto-save-60s
12:15:37 Saving config file
12:16:37 saveConfig: auto-save-60s
12:16:37 Saving config file
12:17:37 saveConfig: auto-save-60s
12:17:37 Saving config file
12:18:37 saveConfig: auto-save-60s
12:18:37 Saving config file
12:19:37 saveConfig: auto-save-60s
12:19:37 Saving config file
12:20:37 saveConfig: auto-save-60s
12:20:37 Saving config file
12:21:37 saveConfig: auto-save-60s
12:21:37 Saving config file
12:22:37 saveConfig: auto-save-60s
12:22:37 Saving config file
12:23:37 saveConfig: auto-save-60s
12:23:37 Saving config file
12:24:37 saveConfig: auto-save-60s
12:24:37 Saving config file
12:25:37 saveConfig: auto-save-60s
12:25:37 Saving config file
12:26:37 saveConfig: auto-save-60s
12:26:37 Saving config file
12:27:37 saveConfig: auto-save-60s
12:27:37 Saving config file
12:28:37 saveConfig: auto-save-60s
12:28:37 Saving config file
12:29:37 saveConfig: auto-save-60s
12:29:37 Saving config file
12:30:37 saveConfig: auto-save-60s
12:30:37 Saving config file
12:31:37 saveConfig: auto-save-60s
12:31:37 Saving config file
12:32:37 saveConfig: auto-save-60s
12:32:37 Saving config file
12:33:37 saveConfig: auto-save-60s
12:33:37 Saving config file
12:34:37 saveConfig: auto-save-60s
12:34:37 Saving config file
12:35:37 saveConfig: auto-save-60s
12:35:37 Saving config file
12:36:37 saveConfig: auto-save-60s
12:36:37 Saving config file
12:37:37 saveConfig: auto-save-60s
12:37:37 Saving config file
12:38:37 saveConfig: auto-save-60s
12:38:37 Saving config file
12:39:37 saveConfig: auto-save-60s
12:39:37 Saving config file
12:40:37 saveConfig: auto-save-60s
12:40:37 Saving config file
12:41:37 saveConfig: auto-save-60s
12:41:37 Saving config file
12:42:37 saveConfig: auto-save-60s
12:42:37 Saving config file
12:43:37 saveConfig: auto-save-60s
12:43:37 Saving config file
12:44:37 saveConfig: auto-save-60s
12:44:37 Saving config file
12:45:37 saveConfig: auto-save-60s
12:45:37 Saving config file
12:46:37 saveConfig: auto-save-60s
12:46:37 Saving config file
12:47:37 saveConfig: auto-save-60s
12:47:37 Saving config file
12:48:37 saveConfig: auto-save-60s
12:48:37 Saving config file
12:49:37 saveConfig: auto-save-60s
12:49:37 Saving config file
12:50:37 saveConfig: auto-save-60s
12:50:37 Saving config file
12:51:37 saveConfig: auto-save-60s
12:51:37 Saving config file
12:52:37 saveConfig: auto-save-60s
12:52:37 Saving config file
12:53:37 saveConfig: auto-save-60s
12:53:37 Saving config file
12:54:37 saveConfig: auto-save-60s
12:54:37 Saving config file
12:55:37 saveConfig: auto-save-60s
12:55:37 Saving config file
12:56:37 saveConfig: auto-save-60s
12:56:37 Saving config file
12:57:37 saveConfig: auto-save-60s
12:57:37 Saving config file
12:58:37 saveConfig: auto-save-60s
12:58:37 Saving config file
12:59:37 saveConfig: auto-save-60s
12:59:37 Saving config file
13:00:37 saveConfig: auto-save-60s
13:00:37 Saving config file
13:01:37 saveConfig: auto-save-60s
13:01:37 Saving config file
13:02:37 saveConfig: auto-save-60s
13:02:37 Saving config file
13:03:37 saveConfig: auto-save-60s
13:03:37 Saving config file
13:04:37 saveConfig: auto-save-60s
13:04:37 Saving config file
13:05:37 saveConfig: auto-save-60s
13:05:37 Saving config file
13:06:37 saveConfig: auto-save-60s
13:06:37 Saving config file
13:07:37 saveConfig: auto-save-60s
13:07:37 Saving config file
13:08:37 saveConfig: auto-save-60s
13:08:37 Saving config file
13:09:37 saveConfig: auto-save-60s
13:09:37 Saving config file
13:10:37 saveConfig: auto-save-60s
13:10:37 Saving config file
13:11:37 saveConfig: auto-save-60s
13:11:37 Saving config file
13:12:37 saveConfig: auto-save-60s
13:12:37 Saving config file
13:13:37 saveConfig: auto-save-60s
13:13:37 Saving config file
13:14:37 saveConfig: auto-save-60s
13:14:37 Saving config file
13:15:37 saveConfig: auto-save-60s
13:15:37 Saving config file
13:16:37 saveConfig: auto-save-60s
13:16:37 Saving config file
13:17:37 saveConfig: auto-save-60s
13:17:37 Saving config file
13:18:37 saveConfig: auto-save-60s
13:18:37 Saving config file
13:19:37 saveConfig: auto-save-60s
13:19:37 Saving config file
13:20:37 saveConfig: auto-save-60s
13:20:37 Saving config file
13:21:37 saveConfig: auto-save-60s
13:21:37 Saving config file
13:22:37 saveConfig: auto-save-60s
13:22:37 Saving config file
13:23:37 saveConfig: auto-save-60s
13:23:37 Saving config file
13:24:37 saveConfig: auto-save-60s
13:24:37 Saving config file
13:24:39 saveConfig: shutdown-hook
13:24:39 Saving config file
