15:17:19 Trying to load config from config/skyhanni/config.json
15:17:19 load-config-now
15:17:19 Loaded config from file
15:17:19 Trying to load sacks from config/skyhanni/sacks.json
15:17:19 load-sacks-now
15:17:19 Loaded sacks from file
15:17:19 Trying to load friends from config/skyhanni/friends.json
15:17:19 load-friends-now
15:17:19 Loaded friends from file
15:17:19 Trying to load known_features from config/skyhanni/known_features.json
15:17:19 load-known_features-now
15:17:19 Loaded known_features from file
15:17:19 Trying to load jacob_contests from config/skyhanni/jacob_contests.json
15:17:19 load-jacob_contests-now
15:17:19 Loaded jacob_contests from file
15:17:19 Trying to load visual_words from config/skyhanni/visual_words.json
15:17:19 Setting visual_words to be blank as it did not exist. It will be saved once something is written to it
15:18:19 saveConfig: auto-save-60s
15:18:19 Saving config file
15:19:19 saveConfig: auto-save-60s
15:19:19 Saving config file
15:20:19 saveConfig: auto-save-60s
15:20:19 Saving config file
15:21:19 saveConfig: auto-save-60s
15:21:19 Saving config file
15:22:19 saveConfig: auto-save-60s
15:22:19 Saving config file
15:23:19 saveConfig: auto-save-60s
15:23:19 Saving config file
15:24:19 saveConfig: auto-save-60s
15:24:19 Saving config file
15:24:26 saveConfig: Updated known feature flags
15:24:26 Saving known_features file
15:25:19 saveConfig: auto-save-60s
15:25:19 Saving config file
15:26:19 saveConfig: auto-save-60s
15:26:19 Saving config file
15:27:19 saveConfig: auto-save-60s
15:27:19 Saving config file
15:28:11 saveConfig: saving-data
15:28:11 Saving sacks file
15:28:19 saveConfig: auto-save-60s
15:28:19 Saving config file
15:29:19 saveConfig: auto-save-60s
15:29:19 Saving config file
15:30:19 saveConfig: auto-save-60s
15:30:19 Saving config file
15:31:19 saveConfig: auto-save-60s
15:31:19 Saving config file
15:32:19 saveConfig: auto-save-60s
15:32:19 Saving config file
15:33:19 saveConfig: auto-save-60s
15:33:19 Saving config file
15:34:19 saveConfig: auto-save-60s
15:34:19 Saving config file
15:35:19 saveConfig: auto-save-60s
15:35:19 Saving config file
15:35:26 saveConfig: saving-data
15:35:26 Saving sacks file
15:36:19 saveConfig: auto-save-60s
15:36:19 Saving config file
15:37:19 saveConfig: auto-save-60s
15:37:19 Saving config file
15:38:19 saveConfig: auto-save-60s
15:38:19 Saving config file
15:39:19 saveConfig: auto-save-60s
15:39:19 Saving config file
15:40:19 saveConfig: auto-save-60s
15:40:19 Saving config file
15:41:19 saveConfig: auto-save-60s
15:41:19 Saving config file
15:42:19 saveConfig: auto-save-60s
15:42:19 Saving config file
15:43:19 saveConfig: auto-save-60s
15:43:19 Saving config file
15:44:19 saveConfig: auto-save-60s
15:44:19 Saving config file
15:45:19 saveConfig: auto-save-60s
15:45:19 Saving config file
15:46:19 saveConfig: auto-save-60s
15:46:19 Saving config file
15:47:19 saveConfig: auto-save-60s
15:47:19 Saving config file
15:48:19 saveConfig: auto-save-60s
15:48:19 Saving config file
15:49:19 saveConfig: auto-save-60s
15:49:19 Saving config file
15:50:19 saveConfig: auto-save-60s
15:50:19 Saving config file
15:51:19 saveConfig: auto-save-60s
15:51:19 Saving config file
15:52:19 saveConfig: auto-save-60s
15:52:19 Saving config file
15:53:19 saveConfig: auto-save-60s
15:53:19 Saving config file
15:54:19 saveConfig: auto-save-60s
15:54:19 Saving config file
15:55:19 saveConfig: auto-save-60s
15:55:19 Saving config file
15:56:19 saveConfig: auto-save-60s
15:56:19 Saving config file
15:57:19 saveConfig: auto-save-60s
15:57:19 Saving config file
15:58:19 saveConfig: auto-save-60s
15:58:19 Saving config file
15:59:19 saveConfig: auto-save-60s
15:59:19 Saving config file
16:00:19 saveConfig: auto-save-60s
16:00:19 Saving config file
16:01:19 saveConfig: auto-save-60s
16:01:19 Saving config file
16:02:19 saveConfig: auto-save-60s
16:02:19 Saving config file
16:03:19 saveConfig: auto-save-60s
16:03:19 Saving config file
16:04:19 saveConfig: auto-save-60s
16:04:19 Saving config file
16:05:19 saveConfig: auto-save-60s
16:05:19 Saving config file
16:06:19 saveConfig: auto-save-60s
16:06:19 Saving config file
16:07:19 saveConfig: auto-save-60s
16:07:19 Saving config file
16:08:19 saveConfig: auto-save-60s
16:08:19 Saving config file
16:09:19 saveConfig: auto-save-60s
16:09:19 Saving config file
16:10:19 saveConfig: auto-save-60s
16:10:19 Saving config file
16:11:19 saveConfig: auto-save-60s
16:11:19 Saving config file
16:12:19 saveConfig: auto-save-60s
16:12:19 Saving config file
16:13:19 saveConfig: auto-save-60s
16:13:19 Saving config file
16:14:19 saveConfig: auto-save-60s
16:14:19 Saving config file
16:15:19 saveConfig: auto-save-60s
16:15:19 Saving config file
16:16:19 saveConfig: auto-save-60s
16:16:19 Saving config file
16:17:19 saveConfig: auto-save-60s
16:17:19 Saving config file
16:18:19 saveConfig: auto-save-60s
16:18:19 Saving config file
16:19:19 saveConfig: auto-save-60s
16:19:19 Saving config file
16:20:19 saveConfig: auto-save-60s
16:20:19 Saving config file
16:21:19 saveConfig: auto-save-60s
16:21:19 Saving config file
16:22:19 saveConfig: auto-save-60s
16:22:19 Saving config file
16:23:19 saveConfig: auto-save-60s
16:23:19 Saving config file
16:24:19 saveConfig: auto-save-60s
16:24:19 Saving config file
16:25:19 saveConfig: auto-save-60s
16:25:19 Saving config file
16:26:19 saveConfig: auto-save-60s
16:26:19 Saving config file
16:27:19 saveConfig: auto-save-60s
16:27:19 Saving config file
16:28:19 saveConfig: auto-save-60s
16:28:19 Saving config file
16:29:19 saveConfig: auto-save-60s
16:29:19 Saving config file
16:30:19 saveConfig: auto-save-60s
16:30:19 Saving config file
16:31:19 saveConfig: auto-save-60s
16:31:19 Saving config file
16:32:19 saveConfig: auto-save-60s
16:32:19 Saving config file
16:33:19 saveConfig: auto-save-60s
16:33:19 Saving config file
16:34:19 saveConfig: auto-save-60s
16:34:19 Saving config file
16:35:19 saveConfig: auto-save-60s
16:35:19 Saving config file
16:36:19 saveConfig: auto-save-60s
16:36:19 Saving config file
16:37:19 saveConfig: auto-save-60s
16:37:19 Saving config file
16:38:19 saveConfig: auto-save-60s
16:38:19 Saving config file
16:39:19 saveConfig: auto-save-60s
16:39:19 Saving config file
16:40:19 saveConfig: auto-save-60s
16:40:19 Saving config file
16:41:19 saveConfig: auto-save-60s
16:41:19 Saving config file
16:42:19 saveConfig: auto-save-60s
16:42:19 Saving config file
16:43:19 saveConfig: auto-save-60s
16:43:19 Saving config file
16:44:19 saveConfig: auto-save-60s
16:44:19 Saving config file
16:45:19 saveConfig: auto-save-60s
16:45:19 Saving config file
16:46:19 saveConfig: auto-save-60s
16:46:19 Saving config file
16:47:19 saveConfig: auto-save-60s
16:47:19 Saving config file
16:48:19 saveConfig: auto-save-60s
16:48:19 Saving config file
16:49:19 saveConfig: auto-save-60s
16:49:19 Saving config file
16:50:19 saveConfig: auto-save-60s
16:50:19 Saving config file
16:51:19 saveConfig: auto-save-60s
16:51:19 Saving config file
16:52:19 saveConfig: auto-save-60s
16:52:19 Saving config file
16:53:19 saveConfig: auto-save-60s
16:53:19 Saving config file
16:54:19 saveConfig: auto-save-60s
16:54:19 Saving config file
16:55:19 saveConfig: auto-save-60s
16:55:19 Saving config file
16:56:19 saveConfig: auto-save-60s
16:56:19 Saving config file
16:57:19 saveConfig: auto-save-60s
16:57:19 Saving config file
16:58:19 saveConfig: auto-save-60s
16:58:19 Saving config file
16:59:19 saveConfig: auto-save-60s
16:59:19 Saving config file
17:00:19 saveConfig: auto-save-60s
17:00:19 Saving config file
17:01:19 saveConfig: auto-save-60s
17:01:19 Saving config file
17:02:19 saveConfig: auto-save-60s
17:02:19 Saving config file
17:03:19 saveConfig: auto-save-60s
17:03:19 Saving config file
17:04:19 saveConfig: auto-save-60s
17:04:19 Saving config file
17:05:19 saveConfig: auto-save-60s
17:05:19 Saving config file
17:06:19 saveConfig: auto-save-60s
17:06:19 Saving config file
17:07:19 saveConfig: auto-save-60s
17:07:19 Saving config file
17:08:19 saveConfig: auto-save-60s
17:08:19 Saving config file
17:09:19 saveConfig: auto-save-60s
17:09:19 Saving config file
17:10:19 saveConfig: auto-save-60s
17:10:19 Saving config file
17:11:19 saveConfig: auto-save-60s
17:11:19 Saving config file
17:12:19 saveConfig: auto-save-60s
17:12:19 Saving config file
17:13:19 saveConfig: auto-save-60s
17:13:19 Saving config file
17:13:25 saveConfig: saving-data
17:13:25 Saving sacks file
17:14:19 saveConfig: auto-save-60s
17:14:19 Saving config file
17:15:19 saveConfig: auto-save-60s
17:15:19 Saving config file
17:16:19 saveConfig: auto-save-60s
17:16:19 Saving config file
17:17:19 saveConfig: auto-save-60s
17:17:19 Saving config file
17:18:19 saveConfig: auto-save-60s
17:18:19 Saving config file
17:19:19 saveConfig: auto-save-60s
17:19:19 Saving config file
17:20:19 saveConfig: auto-save-60s
17:20:19 Saving config file
17:21:19 saveConfig: auto-save-60s
17:21:19 Saving config file
17:22:19 saveConfig: auto-save-60s
17:22:19 Saving config file
17:23:19 saveConfig: auto-save-60s
17:23:19 Saving config file
17:24:19 saveConfig: auto-save-60s
17:24:19 Saving config file
17:25:19 saveConfig: auto-save-60s
17:25:19 Saving config file
17:26:19 saveConfig: auto-save-60s
17:26:19 Saving config file
17:27:19 saveConfig: auto-save-60s
17:27:19 Saving config file
17:28:19 saveConfig: auto-save-60s
17:28:19 Saving config file
17:29:19 saveConfig: auto-save-60s
17:29:19 Saving config file
17:30:19 saveConfig: auto-save-60s
17:30:19 Saving config file
17:31:19 saveConfig: auto-save-60s
17:31:19 Saving config file
17:32:19 saveConfig: auto-save-60s
17:32:19 Saving config file
17:33:19 saveConfig: auto-save-60s
17:33:19 Saving config file
17:34:19 saveConfig: auto-save-60s
17:34:19 Saving config file
17:35:19 saveConfig: auto-save-60s
17:35:19 Saving config file
17:36:19 saveConfig: auto-save-60s
17:36:19 Saving config file
17:37:19 saveConfig: auto-save-60s
17:37:19 Saving config file
17:38:19 saveConfig: auto-save-60s
17:38:19 Saving config file
17:39:19 saveConfig: auto-save-60s
17:39:19 Saving config file
17:40:19 saveConfig: auto-save-60s
17:40:19 Saving config file
17:41:19 saveConfig: auto-save-60s
17:41:19 Saving config file
17:42:19 saveConfig: auto-save-60s
17:42:19 Saving config file
17:43:19 saveConfig: auto-save-60s
17:43:19 Saving config file
17:44:19 saveConfig: auto-save-60s
17:44:19 Saving config file
17:45:19 saveConfig: auto-save-60s
17:45:19 Saving config file
17:45:24 saveConfig: saving-data
17:45:24 Saving sacks file
17:46:19 saveConfig: auto-save-60s
17:46:19 Saving config file
17:47:19 saveConfig: auto-save-60s
17:47:19 Saving config file
17:48:19 saveConfig: auto-save-60s
17:48:19 Saving config file
17:49:19 saveConfig: auto-save-60s
17:49:19 Saving config file
17:50:19 saveConfig: auto-save-60s
17:50:19 Saving config file
17:51:19 saveConfig: auto-save-60s
17:51:19 Saving config file
17:52:19 saveConfig: auto-save-60s
17:52:19 Saving config file
17:53:19 saveConfig: auto-save-60s
17:53:19 Saving config file
17:54:19 saveConfig: auto-save-60s
17:54:19 Saving config file
17:55:11 saveConfig: saving-data
17:55:11 Saving sacks file
17:55:19 saveConfig: auto-save-60s
17:55:19 Saving config file
17:55:58 saveConfig: saving-data
17:55:58 Saving sacks file
17:56:19 saveConfig: auto-save-60s
17:56:19 Saving config file
17:57:19 saveConfig: auto-save-60s
17:57:19 Saving config file
17:58:19 saveConfig: auto-save-60s
17:58:19 Saving config file
17:59:19 saveConfig: auto-save-60s
17:59:19 Saving config file
17:59:24 saveConfig: saving-data
17:59:24 Saving sacks file
18:00:19 saveConfig: auto-save-60s
18:00:19 Saving config file
18:01:19 saveConfig: auto-save-60s
18:01:19 Saving config file
18:02:16 saveConfig: saving-data
18:02:16 Saving sacks file
18:02:19 saveConfig: auto-save-60s
18:02:19 Saving config file
18:03:19 saveConfig: auto-save-60s
18:03:19 Saving config file
18:04:19 saveConfig: auto-save-60s
18:04:19 Saving config file
18:05:19 saveConfig: auto-save-60s
18:05:19 Saving config file
18:06:19 saveConfig: auto-save-60s
18:06:19 Saving config file
18:07:19 saveConfig: auto-save-60s
18:07:19 Saving config file
18:07:58 saveConfig: saving-data
18:07:58 Saving sacks file
18:08:19 saveConfig: auto-save-60s
18:08:19 Saving config file
18:09:19 saveConfig: auto-save-60s
18:09:19 Saving config file
18:10:19 saveConfig: auto-save-60s
18:10:19 Saving config file
18:11:04 saveConfig: saving-data
18:11:04 Saving sacks file
18:11:19 saveConfig: auto-save-60s
18:11:19 Saving config file
18:12:19 saveConfig: auto-save-60s
18:12:19 Saving config file
18:13:19 saveConfig: auto-save-60s
18:13:19 Saving config file
18:14:15 saveConfig: saving-data
18:14:15 Saving sacks file
18:14:19 saveConfig: auto-save-60s
18:14:19 Saving config file
18:15:19 saveConfig: auto-save-60s
18:15:19 Saving config file
18:16:19 saveConfig: auto-save-60s
18:16:19 Saving config file
18:17:19 saveConfig: auto-save-60s
18:17:19 Saving config file
18:18:19 saveConfig: auto-save-60s
18:18:19 Saving config file
18:19:19 saveConfig: auto-save-60s
18:19:19 Saving config file
18:19:53 saveConfig: saving-data
18:19:53 Saving sacks file
18:20:19 saveConfig: auto-save-60s
18:20:19 Saving config file
18:20:36 saveConfig: saving-data
18:20:36 Saving sacks file
18:21:19 saveConfig: auto-save-60s
18:21:19 Saving config file
18:22:19 saveConfig: auto-save-60s
18:22:19 Saving config file
18:23:19 saveConfig: auto-save-60s
18:23:19 Saving config file
18:24:19 saveConfig: auto-save-60s
18:24:19 Saving config file
18:25:19 saveConfig: auto-save-60s
18:25:19 Saving config file
18:26:19 saveConfig: auto-save-60s
18:26:19 Saving config file
18:27:19 saveConfig: auto-save-60s
18:27:19 Saving config file
18:28:19 saveConfig: auto-save-60s
18:28:19 Saving config file
18:29:19 saveConfig: auto-save-60s
18:29:19 Saving config file
18:30:19 saveConfig: auto-save-60s
18:30:19 Saving config file
18:31:19 saveConfig: auto-save-60s
18:31:19 Saving config file
18:32:19 saveConfig: auto-save-60s
18:32:19 Saving config file
18:33:19 saveConfig: auto-save-60s
18:33:19 Saving config file
18:34:16 saveConfig: saving-data
18:34:16 Saving sacks file
18:34:17 saveConfig: saving-data
18:34:17 Saving sacks file
18:34:19 saveConfig: auto-save-60s
18:34:19 Saving config file
18:35:19 saveConfig: auto-save-60s
18:35:19 Saving config file
18:36:19 saveConfig: auto-save-60s
18:36:19 Saving config file
18:37:19 saveConfig: auto-save-60s
18:37:19 Saving config file
18:38:19 saveConfig: auto-save-60s
18:38:19 Saving config file
18:39:19 saveConfig: auto-save-60s
18:39:19 Saving config file
18:40:19 saveConfig: auto-save-60s
18:40:19 Saving config file
18:41:19 saveConfig: auto-save-60s
18:41:19 Saving config file
18:42:19 saveConfig: auto-save-60s
18:42:19 Saving config file
18:43:19 saveConfig: auto-save-60s
18:43:19 Saving config file
18:44:19 saveConfig: auto-save-60s
18:44:19 Saving config file
18:44:29 saveConfig: saving-data
18:44:29 Saving sacks file
18:45:19 saveConfig: auto-save-60s
18:45:19 Saving config file
18:46:19 saveConfig: auto-save-60s
18:46:19 Saving config file
18:47:19 saveConfig: auto-save-60s
18:47:19 Saving config file
18:48:19 saveConfig: auto-save-60s
18:48:19 Saving config file
18:49:19 saveConfig: auto-save-60s
18:49:19 Saving config file
18:50:19 saveConfig: auto-save-60s
18:50:19 Saving config file
18:51:19 saveConfig: auto-save-60s
18:51:19 Saving config file
18:52:19 saveConfig: auto-save-60s
18:52:19 Saving config file
18:53:19 saveConfig: auto-save-60s
18:53:19 Saving config file
18:54:19 saveConfig: auto-save-60s
18:54:19 Saving config file
18:55:19 saveConfig: auto-save-60s
18:55:19 Saving config file
18:56:19 saveConfig: auto-save-60s
18:56:19 Saving config file
18:57:19 saveConfig: auto-save-60s
18:57:19 Saving config file
18:58:19 saveConfig: auto-save-60s
18:58:19 Saving config file
18:59:19 saveConfig: auto-save-60s
18:59:19 Saving config file
19:00:19 saveConfig: auto-save-60s
19:00:19 Saving config file
19:01:19 saveConfig: auto-save-60s
19:01:19 Saving config file
19:02:19 saveConfig: auto-save-60s
19:02:19 Saving config file
19:03:19 saveConfig: auto-save-60s
19:03:19 Saving config file
19:04:19 saveConfig: auto-save-60s
19:04:19 Saving config file
19:05:19 saveConfig: auto-save-60s
19:05:19 Saving config file
19:06:19 saveConfig: auto-save-60s
19:06:19 Saving config file
19:07:19 saveConfig: auto-save-60s
19:07:19 Saving config file
19:08:19 saveConfig: auto-save-60s
19:08:19 Saving config file
19:09:19 saveConfig: auto-save-60s
19:09:19 Saving config file
19:10:19 saveConfig: auto-save-60s
19:10:19 Saving config file
19:11:19 saveConfig: auto-save-60s
19:11:19 Saving config file
19:12:19 saveConfig: auto-save-60s
19:12:19 Saving config file
19:13:19 saveConfig: auto-save-60s
19:13:19 Saving config file
19:14:19 saveConfig: auto-save-60s
19:14:19 Saving config file
19:15:19 saveConfig: auto-save-60s
19:15:19 Saving config file
19:16:19 saveConfig: auto-save-60s
19:16:19 Saving config file
19:17:19 saveConfig: auto-save-60s
19:17:19 Saving config file
19:18:19 saveConfig: auto-save-60s
19:18:19 Saving config file
19:19:19 saveConfig: auto-save-60s
19:19:19 Saving config file
19:20:19 saveConfig: auto-save-60s
19:20:19 Saving config file
19:21:19 saveConfig: auto-save-60s
19:21:19 Saving config file
19:22:19 saveConfig: auto-save-60s
19:22:19 Saving config file
19:23:19 saveConfig: auto-save-60s
19:23:19 Saving config file
19:24:19 saveConfig: auto-save-60s
19:24:19 Saving config file
19:25:19 saveConfig: auto-save-60s
19:25:19 Saving config file
19:26:19 saveConfig: auto-save-60s
19:26:19 Saving config file
19:27:19 saveConfig: auto-save-60s
19:27:19 Saving config file
19:28:19 saveConfig: auto-save-60s
19:28:19 Saving config file
19:29:19 saveConfig: auto-save-60s
19:29:19 Saving config file
19:30:19 saveConfig: auto-save-60s
19:30:19 Saving config file
19:31:19 saveConfig: auto-save-60s
19:31:19 Saving config file
19:32:19 saveConfig: auto-save-60s
19:32:19 Saving config file
19:33:19 saveConfig: auto-save-60s
19:33:19 Saving config file
19:34:19 saveConfig: auto-save-60s
19:34:19 Saving config file
19:35:19 saveConfig: auto-save-60s
19:35:19 Saving config file
19:36:19 saveConfig: auto-save-60s
19:36:19 Saving config file
19:37:19 saveConfig: auto-save-60s
19:37:19 Saving config file
19:38:19 saveConfig: auto-save-60s
19:38:19 Saving config file
19:39:19 saveConfig: auto-save-60s
19:39:19 Saving config file
19:40:19 saveConfig: auto-save-60s
19:40:19 Saving config file
19:41:19 saveConfig: auto-save-60s
19:41:19 Saving config file
19:42:19 saveConfig: auto-save-60s
19:42:19 Saving config file
19:43:19 saveConfig: auto-save-60s
19:43:19 Saving config file
19:44:19 saveConfig: auto-save-60s
19:44:19 Saving config file
19:45:19 saveConfig: auto-save-60s
19:45:19 Saving config file
19:46:19 saveConfig: auto-save-60s
19:46:19 Saving config file
19:47:19 saveConfig: auto-save-60s
19:47:19 Saving config file
19:48:19 saveConfig: auto-save-60s
19:48:19 Saving config file
19:49:19 saveConfig: auto-save-60s
19:49:19 Saving config file
19:50:19 saveConfig: auto-save-60s
19:50:19 Saving config file
19:51:19 saveConfig: auto-save-60s
19:51:19 Saving config file
19:52:19 saveConfig: auto-save-60s
19:52:19 Saving config file
19:53:19 saveConfig: auto-save-60s
19:53:19 Saving config file
19:54:19 saveConfig: auto-save-60s
19:54:19 Saving config file
19:55:19 saveConfig: auto-save-60s
19:55:19 Saving config file
19:56:19 saveConfig: auto-save-60s
19:56:19 Saving config file
19:57:19 saveConfig: auto-save-60s
19:57:19 Saving config file
19:58:19 saveConfig: auto-save-60s
19:58:19 Saving config file
19:59:19 saveConfig: auto-save-60s
19:59:19 Saving config file
20:00:19 saveConfig: auto-save-60s
20:00:19 Saving config file
20:01:19 saveConfig: auto-save-60s
20:01:19 Saving config file
20:01:55 saveConfig: shutdown-hook
20:01:55 Saving config file
