05:36:08 §f                                  §6§lBESTIARY
05:36:08 §f                                 §b§lBal §7§8X §8➡§b §bXI
05:36:08 
05:36:08 §f                                  §r§6§lREWARDS
05:36:08 §f                            §r§8+§r§a4 §r§c§lBal §r§b✯ Magic Find
05:36:08 §f                            §r§8+§r§a4 §r§c§lBal §r§c❁ Strength
05:36:08 §f                                §r§8+§r§62% §r§a§r§c§lBal §r§7coins
05:36:08 §f                    §r§8+§r§a50% §r§7chance for extra XP orbs
05:36:08 §f                               §r§8+§r§b1 SkyBlock XP
05:36:08 
05:36:08 §3§l▬▬▬▬▬▬▬▬▬▬▬▬▬▬▬▬▬▬▬▬▬▬▬▬▬▬▬▬▬▬▬▬▬▬▬▬▬▬▬▬▬▬▬▬▬▬▬▬▬▬▬▬▬▬▬▬▬▬▬▬▬▬▬▬
07:00:19 §f                                  §6§lBESTIARY
07:00:19 §f                                §b§lBal §7§8XI §8➡§b §bXII
07:00:19 
07:00:19 §f                                  §r§6§lREWARDS
07:00:19 §f                            §r§8+§r§a4 §r§c§lBal §r§b✯ Magic Find
07:00:19 §f                            §r§8+§r§a4 §r§c§lBal §r§c❁ Strength
07:00:19 §f                                §r§8+§r§62% §r§a§r§c§lBal §r§7coins
07:00:19 §f                    §r§8+§r§a50% §r§7chance for extra XP orbs
07:00:19 §f                               §r§8+§r§b1 SkyBlock XP
07:00:19 
07:00:19 §3§l▬▬▬▬▬▬▬▬▬▬▬▬▬▬▬▬▬▬▬▬▬▬▬▬▬▬▬▬▬▬▬▬▬▬▬▬▬▬▬▬▬▬▬▬▬▬▬▬▬▬▬▬▬▬▬▬▬▬▬▬▬▬▬▬
