04:02:18 §f §r§r§r§f §r§r§r§1 §r§r§r§0 §r§r§r§2 §r§r§r§f §r§r§r§f §r§r§r§2 §r§r§r§0 §r§r§r§4 §r§r§r§3 §r§r§r§9 §r§r§r§2 §r§r§r§0 §r§r§r§0 §r§r§r§3 §r§r§r§9 §r§r§r§2 §r§r§r§0 §r§r§r§0 §r§r§r§3 §r§r§r§9 §r§r§r§2 §r§r§r§0 §r§r§r§0 
04:02:18 
04:02:39 §8 §r§8 §r§1 §r§3 §r§3 §r§7 §r§8 
04:02:41 
04:02:41 
04:02:42  
04:02:42   
04:02:43  
04:02:43   
04:03:43  
04:03:43   
04:04:44  
04:04:44   
04:05:44  
04:05:44   
04:06:45  
04:06:46   
04:07:46  
04:07:46   
04:08:46  
04:08:46   
04:09:46  
04:09:46   
04:10:46  
04:10:46   
04:11:46  
04:11:46   
04:12:47  
04:12:47   
04:13:47  
04:13:47   
04:14:47  
04:14:47   
04:15:47  
04:15:47   
04:16:47  
04:16:47   
04:17:48  
04:17:48   
04:18:48  
04:18:48   
04:19:48  
04:19:48   
04:20:48  
04:20:48   
04:21:49  
04:21:49   
04:22:49  
04:22:49   
04:23:49  
04:23:49   
04:24:50  
04:24:50   
04:25:50  
04:25:50   
04:26:50  
04:26:50   
04:27:51  
04:27:51   
04:28:39 §8 §r§8 §r§1 §r§3 §r§3 §r§7 §r§8 
04:28:43  
04:28:43   
04:28:53  
04:28:53   
04:29:53  
04:29:53   
04:30:54  
04:30:54   
04:31:54  
04:31:54   
04:32:55  
04:32:55   
04:33:56  
04:33:56   
04:34:56  
04:34:56   
04:35:57  
04:35:57   
04:36:58  
04:36:58   
04:37:58  
04:37:58   
04:38:21 §8 §r§8 §r§1 §r§3 §r§3 §r§7 §r§8 
04:38:25  
04:38:25   
04:38:26  
04:38:26   
04:38:30 §8 §r§8 §r§1 §r§3 §r§3 §r§7 §r§8 
04:38:34  
04:38:34   
04:39:17  
04:39:17   
04:40:18  
04:40:18   
04:41:19  
04:41:19   
04:42:20  
04:42:20   
04:43:12 §8 §r§8 §r§1 §r§3 §r§3 §r§7 §r§8 
04:43:16  
04:43:16   
04:43:26  
04:43:26   
04:44:27  
04:44:27   
04:45:28  
04:45:28   
04:46:29  
04:46:29   
04:47:03 
04:47:30  
04:47:30   
04:48:31  
04:48:31   
04:49:32  
04:49:32   
04:50:34  
04:50:34   
04:51:35  
04:51:35   
04:52:36  
04:52:36   
04:53:37  
04:53:37   
04:54:38  
04:54:38   
04:55:39  
04:55:39   
04:56:40  
04:56:40   
04:56:43 
04:57:41  
04:57:41   
04:58:42  
04:58:42   
04:59:15 
04:59:42  
04:59:42   
05:00:16 §f
05:00:16 §c
05:01:23 §f                                        
05:04:47  
05:04:47   
05:05:48  
05:05:48   
05:06:19 
05:06:49  
05:06:49   
05:07:00 
05:07:50  
05:07:50   
05:07:56 
05:08:09 
05:08:52  
05:08:52   
05:09:13 
05:09:53  
05:09:53   
05:09:53 
05:10:46 
05:10:55  
05:10:55   
05:11:41 
05:11:56  
05:11:56   
05:11:59 
05:12:18 
05:12:57  
05:12:57   
05:13:01 
05:13:36 
05:13:57  
05:13:57   
05:14:08 
05:14:28 
05:14:41 
05:14:50 
05:14:58  
05:14:58   
05:15:10 
05:15:34 
05:15:59  
05:15:59   
05:16:19 
05:16:39 
05:16:58 
05:17:00  
05:17:00   
05:17:25 
05:17:41 
05:18:00  
05:18:00   
05:18:27 
05:18:58 
05:19:01  
05:19:01   
05:19:07 
05:19:18 
05:19:46 
05:19:54 
05:20:01  
05:20:01   
05:20:26 
05:21:02  
05:21:02   
05:21:18 
05:21:29 §f                                        
05:22:02  
05:22:02   
05:23:03  
05:23:03   
05:23:38 
05:23:48 
05:24:04  
05:24:04   
05:24:43 
05:24:55 
05:25:04  
05:25:04   
05:25:38 
05:25:51 
05:26:05  
05:26:05   
05:26:26 
05:26:58 
05:27:06  
05:27:06   
05:27:48 
05:27:57 
05:28:07  
05:28:07   
05:28:27 
05:28:37 
05:29:08  
05:29:08   
05:29:11 
05:29:34 
05:30:08  
05:30:08   
05:31:09  
05:31:09   
05:31:13 
05:31:21 
05:32:10  
05:32:10   
05:32:11 
05:32:47 
05:33:11  
05:33:11   
05:33:17 
05:33:27 
05:33:53 
05:34:03 
05:34:12  
05:34:12   
05:35:02 
05:35:13  
05:35:13   
05:35:23 
05:36:08  
05:36:12 
05:36:14  
05:36:14   
05:36:20 
05:36:42 
05:36:44 
05:36:53 
05:37:15  
05:37:15   
05:37:32 
05:38:04 
05:38:16  
05:38:16   
05:38:39 
05:39:17  
05:39:17   
05:40:04 
05:40:14 
05:40:18  
05:40:18   
05:40:22 
05:40:37 
05:41:10 
05:41:20  
05:41:20   
05:41:23 §f                                        
05:41:43 
05:42:21  
05:42:21   
05:42:31 
05:43:22  
05:43:22   
05:44:01 
05:44:10 
05:44:23  
05:44:23   
05:44:50 
05:45:15 
05:45:25  
05:45:25   
05:45:39 
05:45:57 
05:46:24 
05:46:26  
05:46:26   
05:46:32 
05:47:09 
05:47:27  
05:47:27   
05:47:28 
05:48:12 
05:48:20 
05:48:28  
05:48:28   
05:48:43 
05:48:51 
05:49:24 
05:49:29  
05:49:29   
05:49:54 
05:50:16 
05:50:30  
05:50:30   
05:51:26 
05:51:31  
05:51:31   
05:51:35 
05:51:46 
05:52:32  
05:52:32   
05:52:42 
05:53:18 
05:53:33  
05:53:33   
05:53:53 
05:54:03 
05:54:33  
05:54:33   
05:55:32 
05:55:34  
05:55:34   
05:55:44 
05:56:05 
05:56:28 
05:56:35  
05:56:35   
05:56:38 
05:57:06 
05:57:26 
05:57:34 
05:57:36  
05:57:36   
05:57:46 
05:58:26 
05:58:36  
05:58:36   
05:58:56 
05:59:19 
05:59:37  
05:59:37   
06:00:14 
06:00:21 
06:00:31 
06:00:38  
06:00:38   
06:01:09 
06:01:29 §f                                        
06:01:31 
06:01:39  
06:01:39   
06:01:47 
06:01:57 
06:02:17 
06:02:27 
06:02:39  
06:02:39   
06:03:01 
06:03:21 
06:03:40  
06:03:40   
06:04:24 
06:04:33 
06:04:42  
06:04:42   
06:05:01 
06:05:09 
06:05:43  
06:05:43   
06:05:47 
06:06:11 
06:06:43  
06:06:43   
06:06:48 
06:07:02 
06:07:28 
06:07:37 
06:07:44  
06:07:44   
06:08:20 
06:08:41 
06:08:45  
06:08:45   
06:09:44 
06:09:46  
06:09:46   
06:09:55 
06:10:22 
06:10:34 
06:10:47  
06:10:47   
06:11:17 
06:11:46 
06:11:47  
06:11:47   
06:12:48  
06:12:48   
06:13:16 
06:13:49  
06:13:49   
06:14:02 
06:14:32 
06:14:47 
06:14:49  
06:14:49   
06:15:50  
06:15:50   
06:16:44 
06:16:51  
06:16:51   
06:17:33 
06:17:52  
06:17:52   
06:18:35 
06:18:49 
06:18:54  
06:18:54   
06:19:14 
06:19:24 
06:19:46 
06:19:55  
06:19:55   
06:20:00 
06:20:19 
06:20:56  
06:20:56   
06:21:12 
06:21:24 §f                                        
06:21:36 
06:21:48 
06:21:57 
06:21:57  
06:21:57   
06:22:56 
06:22:59  
06:22:59   
06:23:18 
06:23:54 
06:24:01  
06:24:01   
06:24:10 
06:24:44 
06:24:54 
06:25:02  
06:25:02   
06:25:23 
06:25:44 
06:26:04  
06:26:04   
06:27:05 
06:27:05  
06:27:05   
06:27:14 
06:27:37 
06:27:45 
06:28:06  
06:28:06   
06:28:19 
06:28:47 
06:29:08  
06:29:08   
06:29:19 
06:29:47 
06:29:57 
06:30:06 
06:30:10  
06:30:10   
06:30:53 
06:31:11  
06:31:11   
06:31:15 
06:31:43 
06:31:53 
06:32:12  
06:32:12   
06:33:11 
06:33:13  
06:33:13   
06:33:19 
06:33:53 
06:34:14  
06:34:14   
06:34:25 
06:35:15  
06:35:15   
06:35:29 
06:36:04 
06:36:15 
06:36:16  
06:36:16   
06:36:27 
06:36:44 
06:37:12 
06:37:17  
06:37:17   
06:37:32 
06:38:18  
06:38:18   
06:38:41 
06:38:51 
06:39:15 
06:39:19  
06:39:19   
06:39:23 
06:40:01 
06:40:19  
06:40:19   
06:40:26 
06:41:20  
06:41:20   
06:41:23 §f                                        
06:42:21  
06:42:21   
06:43:21  
06:43:21   
06:43:34 
06:44:03 
06:44:14 
06:44:22  
06:44:22   
06:44:22 
06:45:17 
06:45:23  
06:45:23   
06:45:48 
06:46:22 
06:46:24  
06:46:24   
06:46:31 
06:46:56 
06:47:03 
06:47:25  
06:47:25   
06:47:46 
06:48:12 
06:48:23 
06:48:25  
06:48:25   
06:48:50 
06:49:07 
06:49:21 
06:49:26  
06:49:26   
06:50:27  
06:50:27   
06:51:28  
06:51:28   
06:52:29  
06:52:29   
06:52:46 
06:53:12 
06:53:29  
06:53:29   
06:54:03 
06:54:15 
06:54:30  
06:54:30   
06:54:45 
06:54:59 
06:55:31  
06:55:31   
06:55:44 
06:56:07 
06:56:31  
06:56:31   
06:56:36 
06:56:49 
06:57:13 
06:57:24 
06:57:32  
06:57:32   
06:58:01 
06:58:27 
06:58:33  
06:58:33   
06:58:42 
06:59:09 
06:59:34  
06:59:34   
06:59:37 
07:00:16 §f
07:00:16 §c
07:00:19  
07:00:28 
07:00:34  
07:00:34   
07:00:37 
07:01:20 
07:01:26 §f                                        
07:01:35  
07:01:35   
07:01:47 
07:02:36  
07:02:36   
07:02:51 
07:03:19 
07:03:28 
07:03:36 
07:03:37  
07:03:37   
07:04:12 
07:04:36 
07:04:38  
07:04:38   
07:04:57 
07:05:19 
07:05:38  
07:05:38   
07:06:31 
07:06:39  
07:06:39   
07:06:48 
07:07:40  
07:07:40   
07:07:55 
07:08:14 
07:08:35 
07:08:40  
07:08:40   
07:08:47 
07:09:15 
07:09:25 
07:09:41  
07:09:41   
07:09:59 
07:10:27 
07:10:41  
07:10:41   
07:10:52 
07:11:05 
07:11:29 
07:11:38 
07:11:42  
07:11:42   
07:12:20 
07:12:41 
07:12:42  
07:12:42   
07:12:54 
07:13:04 
07:13:26 
07:13:40 
07:13:43  
07:13:43   
07:14:38 
07:14:44  
07:14:44   
07:15:04 
07:15:41 
07:15:45  
07:15:45   
07:15:58 
07:16:08 
07:16:29 
07:16:46  
07:16:46   
07:17:38 
07:17:46  
07:17:46   
07:18:05 
07:18:47  
07:18:47   
07:19:04 
07:19:28 
07:19:37 
07:19:39 
07:19:45 
07:19:48  
07:19:48   
07:20:21 
07:20:42 
07:20:49  
07:20:49   
07:21:28 §f                                        
07:21:44 
07:21:49  
07:21:49   
07:21:53 
07:22:17 
07:22:26 
07:22:50  
07:22:50   
07:22:59 
07:23:30 
07:23:51  
07:23:51   
07:24:08 
07:24:32 
07:24:43 
07:24:50 
07:24:52  
07:24:52   
07:25:23 
07:25:44 
07:25:52  
07:25:52   
07:26:29 
07:26:40 
07:26:53  
07:26:53   
07:27:05 
07:27:13 
07:27:54  
07:27:54   
07:28:54  
07:28:54   
07:29:55  
07:29:55   
07:30:55  
07:30:55   
07:31:56  
07:31:56   
07:32:56  
07:32:56   
07:33:57  
07:33:57   
07:34:58  
07:34:58   
07:35:45 §8 §r§8 §r§1 §r§3 §r§3 §r§7 §r§8 
07:35:47  
07:35:47   
07:35:49  
07:35:49   
07:36:47  
07:36:47   
07:37:48  
07:37:48   
07:38:49  
07:38:49   
07:39:15 §8 §r§8 §r§1 §r§3 §r§3 §r§7 §r§8 
07:39:19  
07:39:19   
07:39:40 
07:39:55  
07:39:55   
07:40:55  
07:40:55   
07:41:41 
07:41:56  
07:41:56   
07:42:56  
07:42:56   
07:43:29 §f                                        
07:43:57  
07:43:57   
07:44:58  
07:44:58   
07:45:59  
07:45:59   
07:47:00  
07:47:00   
07:48:01  
07:48:01   
07:49:02  
07:49:02   
07:50:02  
07:50:02   
07:51:03  
07:51:03   
07:52:04  
07:52:04   
07:53:05  
07:53:05   
07:54:01 §8 §r§8 §r§1 §r§3 §r§3 §r§7 §r§8 
07:56:21 
07:56:21 §f                                        
07:56:21 
08:13:10 §f                                        
