04:02:42 §f                §7You have §37,898 §7materials stashed away!
04:02:42 §f              §8(This totals 3 types of materials stashed!)
04:02:42 §f                §3§l>>> §3§lCLICK HERE§b to pick them up! §3§l<<<
04:02:43 §f                §7You have §37,898 §7materials stashed away!
04:02:43 §f              §8(This totals 3 types of materials stashed!)
04:02:43 §f                §3§l>>> §3§lCLICK HERE§b to pick them up! §3§l<<<
04:03:43 §f                §7You have §37,898 §7materials stashed away!
04:03:43 §f              §8(This totals 3 types of materials stashed!)
04:03:43 §f                §3§l>>> §3§lCLICK HERE§b to pick them up! §3§l<<<
04:04:44 §f                §7You have §37,898 §7materials stashed away!
04:04:44 §f              §8(This totals 3 types of materials stashed!)
04:04:44 §f                §3§l>>> §3§lCLICK HERE§b to pick them up! §3§l<<<
04:05:44 §f                §7You have §37,898 §7materials stashed away!
04:05:44 §f              §8(This totals 3 types of materials stashed!)
04:05:44 §f                §3§l>>> §3§lCLICK HERE§b to pick them up! §3§l<<<
04:06:45 §f                §7You have §37,898 §7materials stashed away!
04:06:46 §f              §8(This totals 3 types of materials stashed!)
04:06:46 §f                §3§l>>> §3§lCLICK HERE§b to pick them up! §3§l<<<
04:07:46 §f                §7You have §37,898 §7materials stashed away!
04:07:46 §f              §8(This totals 3 types of materials stashed!)
04:07:46 §f                §3§l>>> §3§lCLICK HERE§b to pick them up! §3§l<<<
04:08:46 §f                §7You have §37,898 §7materials stashed away!
04:08:46 §f              §8(This totals 3 types of materials stashed!)
04:08:46 §f                §3§l>>> §3§lCLICK HERE§b to pick them up! §3§l<<<
04:09:46 §f                §7You have §37,898 §7materials stashed away!
04:09:46 §f              §8(This totals 3 types of materials stashed!)
04:09:46 §f                §3§l>>> §3§lCLICK HERE§b to pick them up! §3§l<<<
04:10:46 §f                §7You have §37,898 §7materials stashed away!
04:10:46 §f              §8(This totals 3 types of materials stashed!)
04:10:46 §f                §3§l>>> §3§lCLICK HERE§b to pick them up! §3§l<<<
04:11:46 §f                §7You have §37,898 §7materials stashed away!
04:11:46 §f              §8(This totals 3 types of materials stashed!)
04:11:46 §f                §3§l>>> §3§lCLICK HERE§b to pick them up! §3§l<<<
04:12:47 §f                §7You have §37,898 §7materials stashed away!
04:12:47 §f              §8(This totals 3 types of materials stashed!)
04:12:47 §f                §3§l>>> §3§lCLICK HERE§b to pick them up! §3§l<<<
04:13:47 §f                §7You have §37,898 §7materials stashed away!
04:13:47 §f              §8(This totals 3 types of materials stashed!)
04:13:47 §f                §3§l>>> §3§lCLICK HERE§b to pick them up! §3§l<<<
04:14:47 §f                §7You have §37,898 §7materials stashed away!
04:14:47 §f              §8(This totals 3 types of materials stashed!)
04:14:47 §f                §3§l>>> §3§lCLICK HERE§b to pick them up! §3§l<<<
04:15:47 §f                §7You have §37,898 §7materials stashed away!
04:15:47 §f              §8(This totals 3 types of materials stashed!)
04:15:47 §f                §3§l>>> §3§lCLICK HERE§b to pick them up! §3§l<<<
04:16:47 §f                §7You have §37,898 §7materials stashed away!
04:16:47 §f              §8(This totals 3 types of materials stashed!)
04:16:47 §f                §3§l>>> §3§lCLICK HERE§b to pick them up! §3§l<<<
04:17:48 §f                §7You have §37,898 §7materials stashed away!
04:17:48 §f              §8(This totals 3 types of materials stashed!)
04:17:48 §f                §3§l>>> §3§lCLICK HERE§b to pick them up! §3§l<<<
04:18:48 §f                §7You have §37,898 §7materials stashed away!
04:18:48 §f              §8(This totals 3 types of materials stashed!)
04:18:48 §f                §3§l>>> §3§lCLICK HERE§b to pick them up! §3§l<<<
04:19:48 §f                §7You have §37,898 §7materials stashed away!
04:19:48 §f              §8(This totals 3 types of materials stashed!)
04:19:48 §f                §3§l>>> §3§lCLICK HERE§b to pick them up! §3§l<<<
04:20:48 §f                §7You have §37,898 §7materials stashed away!
04:20:48 §f              §8(This totals 3 types of materials stashed!)
04:20:48 §f                §3§l>>> §3§lCLICK HERE§b to pick them up! §3§l<<<
04:21:49 §f                §7You have §37,898 §7materials stashed away!
04:21:49 §f              §8(This totals 3 types of materials stashed!)
04:21:49 §f                §3§l>>> §3§lCLICK HERE§b to pick them up! §3§l<<<
04:22:49 §f                §7You have §37,898 §7materials stashed away!
04:22:49 §f              §8(This totals 3 types of materials stashed!)
04:22:49 §f                §3§l>>> §3§lCLICK HERE§b to pick them up! §3§l<<<
04:23:49 §f                §7You have §37,898 §7materials stashed away!
04:23:49 §f              §8(This totals 3 types of materials stashed!)
04:23:49 §f                §3§l>>> §3§lCLICK HERE§b to pick them up! §3§l<<<
04:24:50 §f                §7You have §37,898 §7materials stashed away!
04:24:50 §f              §8(This totals 3 types of materials stashed!)
04:24:50 §f                §3§l>>> §3§lCLICK HERE§b to pick them up! §3§l<<<
04:25:50 §f                §7You have §37,898 §7materials stashed away!
04:25:50 §f              §8(This totals 3 types of materials stashed!)
04:25:50 §f                §3§l>>> §3§lCLICK HERE§b to pick them up! §3§l<<<
04:26:50 §f                §7You have §37,898 §7materials stashed away!
04:26:50 §f              §8(This totals 3 types of materials stashed!)
04:26:50 §f                §3§l>>> §3§lCLICK HERE§b to pick them up! §3§l<<<
04:27:51 §f                §7You have §37,898 §7materials stashed away!
04:27:51 §f              §8(This totals 3 types of materials stashed!)
04:27:51 §f                §3§l>>> §3§lCLICK HERE§b to pick them up! §3§l<<<
04:28:43 §f                §7You have §37,898 §7materials stashed away!
04:28:43 §f              §8(This totals 3 types of materials stashed!)
04:28:43 §f                §3§l>>> §3§lCLICK HERE§b to pick them up! §3§l<<<
04:28:53 §f                §7You have §37,898 §7materials stashed away!
04:28:53 §f              §8(This totals 3 types of materials stashed!)
04:28:53 §f                §3§l>>> §3§lCLICK HERE§b to pick them up! §3§l<<<
04:29:53 §f                §7You have §37,898 §7materials stashed away!
04:29:53 §f              §8(This totals 3 types of materials stashed!)
04:29:53 §f                §3§l>>> §3§lCLICK HERE§b to pick them up! §3§l<<<
04:30:54 §f                §7You have §37,898 §7materials stashed away!
04:30:54 §f              §8(This totals 3 types of materials stashed!)
04:30:54 §f                §3§l>>> §3§lCLICK HERE§b to pick them up! §3§l<<<
04:31:54 §f                §7You have §37,898 §7materials stashed away!
04:31:54 §f              §8(This totals 3 types of materials stashed!)
04:31:54 §f                §3§l>>> §3§lCLICK HERE§b to pick them up! §3§l<<<
04:32:55 §f                §7You have §37,898 §7materials stashed away!
04:32:55 §f              §8(This totals 3 types of materials stashed!)
04:32:55 §f                §3§l>>> §3§lCLICK HERE§b to pick them up! §3§l<<<
04:33:56 §f                §7You have §37,898 §7materials stashed away!
04:33:56 §f              §8(This totals 3 types of materials stashed!)
04:33:56 §f                §3§l>>> §3§lCLICK HERE§b to pick them up! §3§l<<<
04:34:56 §f                §7You have §37,898 §7materials stashed away!
04:34:56 §f              §8(This totals 3 types of materials stashed!)
04:34:56 §f                §3§l>>> §3§lCLICK HERE§b to pick them up! §3§l<<<
04:35:57 §f                §7You have §37,898 §7materials stashed away!
04:35:57 §f              §8(This totals 3 types of materials stashed!)
04:35:57 §f                §3§l>>> §3§lCLICK HERE§b to pick them up! §3§l<<<
04:36:58 §f                §7You have §37,898 §7materials stashed away!
04:36:58 §f              §8(This totals 3 types of materials stashed!)
04:36:58 §f                §3§l>>> §3§lCLICK HERE§b to pick them up! §3§l<<<
04:37:58 §f                §7You have §37,898 §7materials stashed away!
04:37:58 §f              §8(This totals 3 types of materials stashed!)
04:37:58 §f                §3§l>>> §3§lCLICK HERE§b to pick them up! §3§l<<<
04:38:25 §f                §7You have §37,898 §7materials stashed away!
04:38:25 §f              §8(This totals 3 types of materials stashed!)
04:38:25 §f                §3§l>>> §3§lCLICK HERE§b to pick them up! §3§l<<<
04:38:26 §f                §7You have §37,898 §7materials stashed away!
04:38:26 §f              §8(This totals 3 types of materials stashed!)
04:38:26 §f                §3§l>>> §3§lCLICK HERE§b to pick them up! §3§l<<<
04:38:34 §f                §7You have §37,898 §7materials stashed away!
04:38:34 §f              §8(This totals 3 types of materials stashed!)
04:38:34 §f                §3§l>>> §3§lCLICK HERE§b to pick them up! §3§l<<<
04:39:17 §f                §7You have §37,898 §7materials stashed away!
04:39:17 §f              §8(This totals 3 types of materials stashed!)
04:39:17 §f                §3§l>>> §3§lCLICK HERE§b to pick them up! §3§l<<<
04:40:18 §f                §7You have §37,898 §7materials stashed away!
04:40:18 §f              §8(This totals 3 types of materials stashed!)
04:40:18 §f                §3§l>>> §3§lCLICK HERE§b to pick them up! §3§l<<<
04:41:19 §f                §7You have §37,898 §7materials stashed away!
04:41:19 §f              §8(This totals 3 types of materials stashed!)
04:41:19 §f                §3§l>>> §3§lCLICK HERE§b to pick them up! §3§l<<<
04:42:20 §f                §7You have §37,898 §7materials stashed away!
04:42:20 §f              §8(This totals 3 types of materials stashed!)
04:42:20 §f                §3§l>>> §3§lCLICK HERE§b to pick them up! §3§l<<<
04:43:16 §f                §7You have §37,898 §7materials stashed away!
04:43:16 §f              §8(This totals 3 types of materials stashed!)
04:43:16 §f                §3§l>>> §3§lCLICK HERE§b to pick them up! §3§l<<<
04:43:26 §f                §7You have §37,898 §7materials stashed away!
04:43:26 §f              §8(This totals 3 types of materials stashed!)
04:43:26 §f                §3§l>>> §3§lCLICK HERE§b to pick them up! §3§l<<<
04:44:27 §f                §7You have §37,898 §7materials stashed away!
04:44:27 §f              §8(This totals 3 types of materials stashed!)
04:44:27 §f                §3§l>>> §3§lCLICK HERE§b to pick them up! §3§l<<<
04:45:28 §f                §7You have §37,898 §7materials stashed away!
04:45:28 §f              §8(This totals 3 types of materials stashed!)
04:45:28 §f                §3§l>>> §3§lCLICK HERE§b to pick them up! §3§l<<<
04:46:29 §f                §7You have §37,898 §7materials stashed away!
04:46:29 §f              §8(This totals 3 types of materials stashed!)
04:46:29 §f                §3§l>>> §3§lCLICK HERE§b to pick them up! §3§l<<<
04:47:30 §f                §7You have §37,898 §7materials stashed away!
04:47:30 §f              §8(This totals 3 types of materials stashed!)
04:47:30 §f                §3§l>>> §3§lCLICK HERE§b to pick them up! §3§l<<<
04:48:31 §f                §7You have §37,898 §7materials stashed away!
04:48:31 §f              §8(This totals 3 types of materials stashed!)
04:48:31 §f                §3§l>>> §3§lCLICK HERE§b to pick them up! §3§l<<<
04:49:32 §f                §7You have §38,280 §7materials stashed away!
04:49:32 §f              §8(This totals 3 types of materials stashed!)
04:49:32 §f                §3§l>>> §3§lCLICK HERE§b to pick them up! §3§l<<<
04:50:34 §f                §7You have §38,358 §7materials stashed away!
04:50:34 §f              §8(This totals 3 types of materials stashed!)
04:50:34 §f                §3§l>>> §3§lCLICK HERE§b to pick them up! §3§l<<<
04:51:35 §f                §7You have §38,358 §7materials stashed away!
04:51:35 §f              §8(This totals 3 types of materials stashed!)
04:51:35 §f                §3§l>>> §3§lCLICK HERE§b to pick them up! §3§l<<<
04:52:36 §f               §7You have §315,287 §7materials stashed away!
04:52:36 §f              §8(This totals 4 types of materials stashed!)
04:52:36 §f                §3§l>>> §3§lCLICK HERE§b to pick them up! §3§l<<<
04:53:37 §f               §7You have §315,287 §7materials stashed away!
04:53:37 §f              §8(This totals 4 types of materials stashed!)
04:53:37 §f                §3§l>>> §3§lCLICK HERE§b to pick them up! §3§l<<<
04:54:38 §f               §7You have §316,644 §7materials stashed away!
04:54:38 §f              §8(This totals 4 types of materials stashed!)
04:54:38 §f                §3§l>>> §3§lCLICK HERE§b to pick them up! §3§l<<<
04:55:39 §f               §7You have §317,212 §7materials stashed away!
04:55:39 §f              §8(This totals 4 types of materials stashed!)
04:55:39 §f                §3§l>>> §3§lCLICK HERE§b to pick them up! §3§l<<<
04:56:40 §f               §7You have §317,977 §7materials stashed away!
04:56:40 §f              §8(This totals 4 types of materials stashed!)
04:56:40 §f                §3§l>>> §3§lCLICK HERE§b to pick them up! §3§l<<<
04:57:41 §f               §7You have §319,226 §7materials stashed away!
04:57:41 §f              §8(This totals 4 types of materials stashed!)
04:57:41 §f                §3§l>>> §3§lCLICK HERE§b to pick them up! §3§l<<<
04:58:42 §f               §7You have §330,517 §7materials stashed away!
04:58:42 §f              §8(This totals 4 types of materials stashed!)
04:58:42 §f                §3§l>>> §3§lCLICK HERE§b to pick them up! §3§l<<<
04:59:42 §f               §7You have §331,639 §7materials stashed away!
04:59:42 §f              §8(This totals 4 types of materials stashed!)
04:59:42 §f                §3§l>>> §3§lCLICK HERE§b to pick them up! §3§l<<<
05:04:47 §f                 §7You have §376 §7materials stashed away!
05:04:47 §f               §8(This totals 1 type of material stashed!)
05:04:47 §f                §3§l>>> §3§lCLICK HERE§b to pick them up! §3§l<<<
05:05:48 §f                 §7You have §376 §7materials stashed away!
05:05:48 §f               §8(This totals 1 type of material stashed!)
05:05:48 §f                §3§l>>> §3§lCLICK HERE§b to pick them up! §3§l<<<
05:06:49 §f                 §7You have §376 §7materials stashed away!
05:06:49 §f               §8(This totals 1 type of material stashed!)
05:06:49 §f                §3§l>>> §3§lCLICK HERE§b to pick them up! §3§l<<<
05:07:50 §f                 §7You have §3510 §7materials stashed away!
05:07:50 §f              §8(This totals 2 types of materials stashed!)
05:07:50 §f                §3§l>>> §3§lCLICK HERE§b to pick them up! §3§l<<<
05:08:52 §f                 §7You have §3510 §7materials stashed away!
05:08:52 §f              §8(This totals 2 types of materials stashed!)
05:08:52 §f                §3§l>>> §3§lCLICK HERE§b to pick them up! §3§l<<<
05:09:53 §f                 §7You have §3510 §7materials stashed away!
05:09:53 §f              §8(This totals 2 types of materials stashed!)
05:09:53 §f                §3§l>>> §3§lCLICK HERE§b to pick them up! §3§l<<<
05:10:55 §f                 §7You have §3510 §7materials stashed away!
05:10:55 §f              §8(This totals 2 types of materials stashed!)
05:10:55 §f                §3§l>>> §3§lCLICK HERE§b to pick them up! §3§l<<<
05:11:56 §f                 §7You have §3510 §7materials stashed away!
05:11:56 §f              §8(This totals 2 types of materials stashed!)
05:11:56 §f                §3§l>>> §3§lCLICK HERE§b to pick them up! §3§l<<<
05:12:57 §f                 §7You have §3510 §7materials stashed away!
05:12:57 §f              §8(This totals 2 types of materials stashed!)
05:12:57 §f                §3§l>>> §3§lCLICK HERE§b to pick them up! §3§l<<<
05:13:57 §f                 §7You have §3510 §7materials stashed away!
05:13:57 §f              §8(This totals 2 types of materials stashed!)
05:13:57 §f                §3§l>>> §3§lCLICK HERE§b to pick them up! §3§l<<<
05:14:58 §f                 §7You have §3510 §7materials stashed away!
05:14:58 §f              §8(This totals 2 types of materials stashed!)
05:14:58 §f                §3§l>>> §3§lCLICK HERE§b to pick them up! §3§l<<<
05:15:59 §f                 §7You have §3510 §7materials stashed away!
05:15:59 §f              §8(This totals 2 types of materials stashed!)
05:15:59 §f                §3§l>>> §3§lCLICK HERE§b to pick them up! §3§l<<<
05:17:00 §f                 §7You have §3565 §7materials stashed away!
05:17:00 §f              §8(This totals 3 types of materials stashed!)
05:17:00 §f                §3§l>>> §3§lCLICK HERE§b to pick them up! §3§l<<<
05:18:00 §f                 §7You have §3565 §7materials stashed away!
05:18:00 §f              §8(This totals 3 types of materials stashed!)
05:18:00 §f                §3§l>>> §3§lCLICK HERE§b to pick them up! §3§l<<<
05:19:01 §f                 §7You have §3565 §7materials stashed away!
05:19:01 §f              §8(This totals 3 types of materials stashed!)
05:19:01 §f                §3§l>>> §3§lCLICK HERE§b to pick them up! §3§l<<<
05:20:01 §f                 §7You have §3565 §7materials stashed away!
05:20:01 §f              §8(This totals 3 types of materials stashed!)
05:20:01 §f                §3§l>>> §3§lCLICK HERE§b to pick them up! §3§l<<<
05:21:02 §f                 §7You have §3565 §7materials stashed away!
05:21:02 §f              §8(This totals 3 types of materials stashed!)
05:21:02 §f                §3§l>>> §3§lCLICK HERE§b to pick them up! §3§l<<<
05:22:02 §f                §7You have §31,677 §7materials stashed away!
05:22:02 §f              §8(This totals 3 types of materials stashed!)
05:22:02 §f                §3§l>>> §3§lCLICK HERE§b to pick them up! §3§l<<<
05:23:03 §f                §7You have §31,677 §7materials stashed away!
05:23:03 §f              §8(This totals 3 types of materials stashed!)
05:23:03 §f                §3§l>>> §3§lCLICK HERE§b to pick them up! §3§l<<<
05:24:04 §f                §7You have §31,677 §7materials stashed away!
05:24:04 §f              §8(This totals 3 types of materials stashed!)
05:24:04 §f                §3§l>>> §3§lCLICK HERE§b to pick them up! §3§l<<<
05:25:04 §f                §7You have §31,677 §7materials stashed away!
05:25:04 §f              §8(This totals 3 types of materials stashed!)
05:25:04 §f                §3§l>>> §3§lCLICK HERE§b to pick them up! §3§l<<<
05:26:05 §f                §7You have §31,677 §7materials stashed away!
05:26:05 §f              §8(This totals 3 types of materials stashed!)
05:26:05 §f                §3§l>>> §3§lCLICK HERE§b to pick them up! §3§l<<<
05:27:06 §f                §7You have §31,720 §7materials stashed away!
05:27:06 §f              §8(This totals 3 types of materials stashed!)
05:27:06 §f                §3§l>>> §3§lCLICK HERE§b to pick them up! §3§l<<<
05:28:07 §f                §7You have §31,720 §7materials stashed away!
05:28:07 §f              §8(This totals 3 types of materials stashed!)
05:28:07 §f                §3§l>>> §3§lCLICK HERE§b to pick them up! §3§l<<<
05:29:08 §f                §7You have §31,720 §7materials stashed away!
05:29:08 §f              §8(This totals 3 types of materials stashed!)
05:29:08 §f                §3§l>>> §3§lCLICK HERE§b to pick them up! §3§l<<<
05:30:08 §f                §7You have §31,720 §7materials stashed away!
05:30:08 §f              §8(This totals 3 types of materials stashed!)
05:30:08 §f                §3§l>>> §3§lCLICK HERE§b to pick them up! §3§l<<<
05:31:09 §f                §7You have §31,720 §7materials stashed away!
05:31:09 §f              §8(This totals 3 types of materials stashed!)
05:31:09 §f                §3§l>>> §3§lCLICK HERE§b to pick them up! §3§l<<<
05:32:10 §f                §7You have §31,720 §7materials stashed away!
05:32:10 §f              §8(This totals 3 types of materials stashed!)
05:32:10 §f                §3§l>>> §3§lCLICK HERE§b to pick them up! §3§l<<<
05:33:11 §f                §7You have §31,988 §7materials stashed away!
05:33:11 §f              §8(This totals 3 types of materials stashed!)
05:33:11 §f                §3§l>>> §3§lCLICK HERE§b to pick them up! §3§l<<<
05:34:12 §f                §7You have §31,988 §7materials stashed away!
05:34:12 §f              §8(This totals 3 types of materials stashed!)
05:34:12 §f                §3§l>>> §3§lCLICK HERE§b to pick them up! §3§l<<<
05:35:13 §f                §7You have §31,988 §7materials stashed away!
05:35:13 §f              §8(This totals 3 types of materials stashed!)
05:35:13 §f                §3§l>>> §3§lCLICK HERE§b to pick them up! §3§l<<<
05:36:14 §f                §7You have §31,988 §7materials stashed away!
05:36:14 §f              §8(This totals 3 types of materials stashed!)
05:36:14 §f                §3§l>>> §3§lCLICK HERE§b to pick them up! §3§l<<<
05:37:15 §f                §7You have §31,988 §7materials stashed away!
05:37:15 §f              §8(This totals 3 types of materials stashed!)
05:37:15 §f                §3§l>>> §3§lCLICK HERE§b to pick them up! §3§l<<<
05:38:16 §f                §7You have §32,136 §7materials stashed away!
05:38:16 §f              §8(This totals 3 types of materials stashed!)
05:38:16 §f                §3§l>>> §3§lCLICK HERE§b to pick them up! §3§l<<<
05:39:17 §f                §7You have §32,136 §7materials stashed away!
05:39:17 §f              §8(This totals 3 types of materials stashed!)
05:39:17 §f                §3§l>>> §3§lCLICK HERE§b to pick them up! §3§l<<<
05:40:18 §f                §7You have §32,136 §7materials stashed away!
05:40:18 §f              §8(This totals 3 types of materials stashed!)
05:40:18 §f                §3§l>>> §3§lCLICK HERE§b to pick them up! §3§l<<<
05:41:20 §f                §7You have §32,818 §7materials stashed away!
05:41:20 §f              §8(This totals 3 types of materials stashed!)
05:41:20 §f                §3§l>>> §3§lCLICK HERE§b to pick them up! §3§l<<<
05:42:21 §f                §7You have §32,849 §7materials stashed away!
05:42:21 §f              §8(This totals 3 types of materials stashed!)
05:42:21 §f                §3§l>>> §3§lCLICK HERE§b to pick them up! §3§l<<<
05:43:22 §f                §7You have §32,849 §7materials stashed away!
05:43:22 §f              §8(This totals 3 types of materials stashed!)
05:43:22 §f                §3§l>>> §3§lCLICK HERE§b to pick them up! §3§l<<<
05:44:23 §f                §7You have §32,849 §7materials stashed away!
05:44:23 §f              §8(This totals 3 types of materials stashed!)
05:44:23 §f                §3§l>>> §3§lCLICK HERE§b to pick them up! §3§l<<<
05:45:25 §f                §7You have §32,874 §7materials stashed away!
05:45:25 §f              §8(This totals 3 types of materials stashed!)
05:45:25 §f                §3§l>>> §3§lCLICK HERE§b to pick them up! §3§l<<<
05:46:26 §f                §7You have §32,874 §7materials stashed away!
05:46:26 §f              §8(This totals 3 types of materials stashed!)
05:46:26 §f                §3§l>>> §3§lCLICK HERE§b to pick them up! §3§l<<<
05:47:27 §f                §7You have §32,874 §7materials stashed away!
05:47:27 §f              §8(This totals 3 types of materials stashed!)
05:47:27 §f                §3§l>>> §3§lCLICK HERE§b to pick them up! §3§l<<<
05:48:28 §f                §7You have §32,874 §7materials stashed away!
05:48:28 §f              §8(This totals 3 types of materials stashed!)
05:48:28 §f                §3§l>>> §3§lCLICK HERE§b to pick them up! §3§l<<<
05:49:29 §f                §7You have §32,874 §7materials stashed away!
05:49:29 §f              §8(This totals 3 types of materials stashed!)
05:49:29 §f                §3§l>>> §3§lCLICK HERE§b to pick them up! §3§l<<<
05:50:30 §f                §7You have §32,874 §7materials stashed away!
05:50:30 §f              §8(This totals 3 types of materials stashed!)
05:50:30 §f                §3§l>>> §3§lCLICK HERE§b to pick them up! §3§l<<<
05:51:31 §f                §7You have §32,874 §7materials stashed away!
05:51:31 §f              §8(This totals 3 types of materials stashed!)
05:51:31 §f                §3§l>>> §3§lCLICK HERE§b to pick them up! §3§l<<<
05:52:32 §f                §7You have §32,874 §7materials stashed away!
05:52:32 §f              §8(This totals 3 types of materials stashed!)
05:52:32 §f                §3§l>>> §3§lCLICK HERE§b to pick them up! §3§l<<<
05:53:33 §f                §7You have §33,025 §7materials stashed away!
05:53:33 §f              §8(This totals 3 types of materials stashed!)
05:53:33 §f                §3§l>>> §3§lCLICK HERE§b to pick them up! §3§l<<<
05:54:33 §f                §7You have §33,025 §7materials stashed away!
05:54:33 §f              §8(This totals 3 types of materials stashed!)
05:54:33 §f                §3§l>>> §3§lCLICK HERE§b to pick them up! §3§l<<<
05:55:34 §f                §7You have §33,025 §7materials stashed away!
05:55:34 §f              §8(This totals 3 types of materials stashed!)
05:55:34 §f                §3§l>>> §3§lCLICK HERE§b to pick them up! §3§l<<<
05:56:35 §f                §7You have §33,025 §7materials stashed away!
05:56:35 §f              §8(This totals 3 types of materials stashed!)
05:56:35 §f                §3§l>>> §3§lCLICK HERE§b to pick them up! §3§l<<<
05:57:36 §f                §7You have §33,025 §7materials stashed away!
05:57:36 §f              §8(This totals 3 types of materials stashed!)
05:57:36 §f                §3§l>>> §3§lCLICK HERE§b to pick them up! §3§l<<<
05:58:36 §f                §7You have §33,025 §7materials stashed away!
05:58:36 §f              §8(This totals 3 types of materials stashed!)
05:58:36 §f                §3§l>>> §3§lCLICK HERE§b to pick them up! §3§l<<<
05:59:37 §f                §7You have §33,025 §7materials stashed away!
05:59:37 §f              §8(This totals 3 types of materials stashed!)
05:59:37 §f                §3§l>>> §3§lCLICK HERE§b to pick them up! §3§l<<<
06:00:38 §f                §7You have §33,025 §7materials stashed away!
06:00:38 §f              §8(This totals 3 types of materials stashed!)
06:00:38 §f                §3§l>>> §3§lCLICK HERE§b to pick them up! §3§l<<<
06:01:39 §f                §7You have §33,025 §7materials stashed away!
06:01:39 §f              §8(This totals 3 types of materials stashed!)
06:01:39 §f                §3§l>>> §3§lCLICK HERE§b to pick them up! §3§l<<<
06:02:39 §f                §7You have §33,025 §7materials stashed away!
06:02:39 §f              §8(This totals 3 types of materials stashed!)
06:02:39 §f                §3§l>>> §3§lCLICK HERE§b to pick them up! §3§l<<<
06:03:40 §f                §7You have §33,025 §7materials stashed away!
06:03:40 §f              §8(This totals 3 types of materials stashed!)
06:03:40 §f                §3§l>>> §3§lCLICK HERE§b to pick them up! §3§l<<<
06:04:42 §f                §7You have §33,025 §7materials stashed away!
06:04:42 §f              §8(This totals 3 types of materials stashed!)
06:04:42 §f                §3§l>>> §3§lCLICK HERE§b to pick them up! §3§l<<<
06:05:43 §f                §7You have §33,025 §7materials stashed away!
06:05:43 §f              §8(This totals 3 types of materials stashed!)
06:05:43 §f                §3§l>>> §3§lCLICK HERE§b to pick them up! §3§l<<<
06:06:43 §f                §7You have §33,069 §7materials stashed away!
06:06:43 §f              §8(This totals 3 types of materials stashed!)
06:06:43 §f                §3§l>>> §3§lCLICK HERE§b to pick them up! §3§l<<<
06:07:44 §f                §7You have §33,069 §7materials stashed away!
06:07:44 §f              §8(This totals 3 types of materials stashed!)
06:07:44 §f                §3§l>>> §3§lCLICK HERE§b to pick them up! §3§l<<<
06:08:45 §f                §7You have §33,069 §7materials stashed away!
06:08:45 §f              §8(This totals 3 types of materials stashed!)
06:08:45 §f                §3§l>>> §3§lCLICK HERE§b to pick them up! §3§l<<<
06:09:46 §f                §7You have §33,069 §7materials stashed away!
06:09:46 §f              §8(This totals 3 types of materials stashed!)
06:09:46 §f                §3§l>>> §3§lCLICK HERE§b to pick them up! §3§l<<<
06:10:47 §f                §7You have §33,069 §7materials stashed away!
06:10:47 §f              §8(This totals 3 types of materials stashed!)
06:10:47 §f                §3§l>>> §3§lCLICK HERE§b to pick them up! §3§l<<<
06:11:47 §f                §7You have §33,158 §7materials stashed away!
06:11:47 §f              §8(This totals 3 types of materials stashed!)
06:11:47 §f                §3§l>>> §3§lCLICK HERE§b to pick them up! §3§l<<<
06:12:48 §f                §7You have §33,158 §7materials stashed away!
06:12:48 §f              §8(This totals 3 types of materials stashed!)
06:12:48 §f                §3§l>>> §3§lCLICK HERE§b to pick them up! §3§l<<<
06:13:49 §f                §7You have §33,158 §7materials stashed away!
06:13:49 §f              §8(This totals 3 types of materials stashed!)
06:13:49 §f                §3§l>>> §3§lCLICK HERE§b to pick them up! §3§l<<<
06:14:49 §f                §7You have §33,158 §7materials stashed away!
06:14:49 §f              §8(This totals 3 types of materials stashed!)
06:14:49 §f                §3§l>>> §3§lCLICK HERE§b to pick them up! §3§l<<<
06:15:50 §f                §7You have §33,158 §7materials stashed away!
06:15:50 §f              §8(This totals 3 types of materials stashed!)
06:15:50 §f                §3§l>>> §3§lCLICK HERE§b to pick them up! §3§l<<<
06:16:51 §f                §7You have §33,158 §7materials stashed away!
06:16:51 §f              §8(This totals 3 types of materials stashed!)
06:16:51 §f                §3§l>>> §3§lCLICK HERE§b to pick them up! §3§l<<<
06:17:52 §f                §7You have §33,399 §7materials stashed away!
06:17:52 §f              §8(This totals 3 types of materials stashed!)
06:17:52 §f                §3§l>>> §3§lCLICK HERE§b to pick them up! §3§l<<<
06:18:54 §f                §7You have §33,399 §7materials stashed away!
06:18:54 §f              §8(This totals 3 types of materials stashed!)
06:18:54 §f                §3§l>>> §3§lCLICK HERE§b to pick them up! §3§l<<<
06:19:55 §f                §7You have §33,399 §7materials stashed away!
06:19:55 §f              §8(This totals 3 types of materials stashed!)
06:19:55 §f                §3§l>>> §3§lCLICK HERE§b to pick them up! §3§l<<<
06:20:56 §f                §7You have §33,399 §7materials stashed away!
06:20:56 §f              §8(This totals 3 types of materials stashed!)
06:20:56 §f                §3§l>>> §3§lCLICK HERE§b to pick them up! §3§l<<<
06:21:57 §f                §7You have §33,399 §7materials stashed away!
06:21:57 §f              §8(This totals 3 types of materials stashed!)
06:21:57 §f                §3§l>>> §3§lCLICK HERE§b to pick them up! §3§l<<<
06:22:59 §f                §7You have §33,399 §7materials stashed away!
06:22:59 §f              §8(This totals 3 types of materials stashed!)
06:22:59 §f                §3§l>>> §3§lCLICK HERE§b to pick them up! §3§l<<<
06:24:01 §f                §7You have §33,411 §7materials stashed away!
06:24:01 §f              §8(This totals 3 types of materials stashed!)
06:24:01 §f                §3§l>>> §3§lCLICK HERE§b to pick them up! §3§l<<<
06:25:02 §f                §7You have §33,411 §7materials stashed away!
06:25:02 §f              §8(This totals 3 types of materials stashed!)
06:25:02 §f                §3§l>>> §3§lCLICK HERE§b to pick them up! §3§l<<<
06:26:04 §f                §7You have §33,411 §7materials stashed away!
06:26:04 §f              §8(This totals 3 types of materials stashed!)
06:26:04 §f                §3§l>>> §3§lCLICK HERE§b to pick them up! §3§l<<<
06:27:05 §f                §7You have §33,411 §7materials stashed away!
06:27:05 §f              §8(This totals 3 types of materials stashed!)
06:27:05 §f                §3§l>>> §3§lCLICK HERE§b to pick them up! §3§l<<<
06:28:06 §f                §7You have §33,411 §7materials stashed away!
06:28:06 §f              §8(This totals 3 types of materials stashed!)
06:28:06 §f                §3§l>>> §3§lCLICK HERE§b to pick them up! §3§l<<<
06:29:08 §f                §7You have §33,411 §7materials stashed away!
06:29:08 §f              §8(This totals 3 types of materials stashed!)
06:29:08 §f                §3§l>>> §3§lCLICK HERE§b to pick them up! §3§l<<<
06:30:10 §f                §7You have §33,411 §7materials stashed away!
06:30:10 §f              §8(This totals 3 types of materials stashed!)
06:30:10 §f                §3§l>>> §3§lCLICK HERE§b to pick them up! §3§l<<<
06:31:11 §f                §7You have §33,411 §7materials stashed away!
06:31:11 §f              §8(This totals 3 types of materials stashed!)
06:31:11 §f                §3§l>>> §3§lCLICK HERE§b to pick them up! §3§l<<<
06:32:12 §f                §7You have §33,411 §7materials stashed away!
06:32:12 §f              §8(This totals 3 types of materials stashed!)
06:32:12 §f                §3§l>>> §3§lCLICK HERE§b to pick them up! §3§l<<<
06:33:13 §f                §7You have §33,411 §7materials stashed away!
06:33:13 §f              §8(This totals 3 types of materials stashed!)
06:33:13 §f                §3§l>>> §3§lCLICK HERE§b to pick them up! §3§l<<<
06:34:14 §f                §7You have §33,724 §7materials stashed away!
06:34:14 §f              §8(This totals 3 types of materials stashed!)
06:34:14 §f                §3§l>>> §3§lCLICK HERE§b to pick them up! §3§l<<<
06:35:15 §f                §7You have §33,724 §7materials stashed away!
06:35:15 §f              §8(This totals 3 types of materials stashed!)
06:35:15 §f                §3§l>>> §3§lCLICK HERE§b to pick them up! §3§l<<<
06:36:16 §f                §7You have §33,724 §7materials stashed away!
06:36:16 §f              §8(This totals 3 types of materials stashed!)
06:36:16 §f                §3§l>>> §3§lCLICK HERE§b to pick them up! §3§l<<<
06:37:17 §f                §7You have §33,724 §7materials stashed away!
06:37:17 §f              §8(This totals 3 types of materials stashed!)
06:37:17 §f                §3§l>>> §3§lCLICK HERE§b to pick them up! §3§l<<<
06:38:18 §f                §7You have §33,724 §7materials stashed away!
06:38:18 §f              §8(This totals 3 types of materials stashed!)
06:38:18 §f                §3§l>>> §3§lCLICK HERE§b to pick them up! §3§l<<<
06:39:19 §f                §7You have §33,724 §7materials stashed away!
06:39:19 §f              §8(This totals 3 types of materials stashed!)
06:39:19 §f                §3§l>>> §3§lCLICK HERE§b to pick them up! §3§l<<<
06:40:19 §f                §7You have §33,763 §7materials stashed away!
06:40:19 §f              §8(This totals 3 types of materials stashed!)
06:40:19 §f                §3§l>>> §3§lCLICK HERE§b to pick them up! §3§l<<<
06:41:20 §f                §7You have §33,763 §7materials stashed away!
06:41:20 §f              §8(This totals 3 types of materials stashed!)
06:41:20 §f                §3§l>>> §3§lCLICK HERE§b to pick them up! §3§l<<<
06:42:21 §f                §7You have §33,763 §7materials stashed away!
06:42:21 §f              §8(This totals 3 types of materials stashed!)
06:42:21 §f                §3§l>>> §3§lCLICK HERE§b to pick them up! §3§l<<<
06:43:21 §f                §7You have §33,763 §7materials stashed away!
06:43:21 §f              §8(This totals 3 types of materials stashed!)
06:43:21 §f                §3§l>>> §3§lCLICK HERE§b to pick them up! §3§l<<<
06:44:22 §f                §7You have §33,763 §7materials stashed away!
06:44:22 §f              §8(This totals 3 types of materials stashed!)
06:44:22 §f                §3§l>>> §3§lCLICK HERE§b to pick them up! §3§l<<<
06:45:23 §f                §7You have §33,763 §7materials stashed away!
06:45:23 §f              §8(This totals 3 types of materials stashed!)
06:45:23 §f                §3§l>>> §3§lCLICK HERE§b to pick them up! §3§l<<<
06:46:24 §f                §7You have §33,763 §7materials stashed away!
06:46:24 §f              §8(This totals 3 types of materials stashed!)
06:46:24 §f                §3§l>>> §3§lCLICK HERE§b to pick them up! §3§l<<<
06:47:25 §f                §7You have §33,763 §7materials stashed away!
06:47:25 §f              §8(This totals 3 types of materials stashed!)
06:47:25 §f                §3§l>>> §3§lCLICK HERE§b to pick them up! §3§l<<<
06:48:25 §f                §7You have §33,763 §7materials stashed away!
06:48:25 §f              §8(This totals 3 types of materials stashed!)
06:48:25 §f                §3§l>>> §3§lCLICK HERE§b to pick them up! §3§l<<<
06:49:26 §f                §7You have §33,763 §7materials stashed away!
06:49:26 §f              §8(This totals 3 types of materials stashed!)
06:49:26 §f                §3§l>>> §3§lCLICK HERE§b to pick them up! §3§l<<<
06:50:27 §f                §7You have §33,763 §7materials stashed away!
06:50:27 §f              §8(This totals 3 types of materials stashed!)
06:50:27 §f                §3§l>>> §3§lCLICK HERE§b to pick them up! §3§l<<<
06:51:28 §f                §7You have §33,763 §7materials stashed away!
06:51:28 §f              §8(This totals 3 types of materials stashed!)
06:51:28 §f                §3§l>>> §3§lCLICK HERE§b to pick them up! §3§l<<<
06:52:29 §f                §7You have §33,763 §7materials stashed away!
06:52:29 §f              §8(This totals 3 types of materials stashed!)
06:52:29 §f                §3§l>>> §3§lCLICK HERE§b to pick them up! §3§l<<<
06:53:29 §f                §7You have §33,763 §7materials stashed away!
06:53:29 §f              §8(This totals 3 types of materials stashed!)
06:53:29 §f                §3§l>>> §3§lCLICK HERE§b to pick them up! §3§l<<<
06:54:30 §f                §7You have §33,763 §7materials stashed away!
06:54:30 §f              §8(This totals 3 types of materials stashed!)
06:54:30 §f                §3§l>>> §3§lCLICK HERE§b to pick them up! §3§l<<<
06:55:31 §f                §7You have §33,763 §7materials stashed away!
06:55:31 §f              §8(This totals 3 types of materials stashed!)
06:55:31 §f                §3§l>>> §3§lCLICK HERE§b to pick them up! §3§l<<<
06:56:31 §f                §7You have §33,763 §7materials stashed away!
06:56:31 §f              §8(This totals 3 types of materials stashed!)
06:56:31 §f                §3§l>>> §3§lCLICK HERE§b to pick them up! §3§l<<<
06:57:32 §f                §7You have §33,763 §7materials stashed away!
06:57:32 §f              §8(This totals 3 types of materials stashed!)
06:57:32 §f                §3§l>>> §3§lCLICK HERE§b to pick them up! §3§l<<<
06:58:33 §f                §7You have §33,828 §7materials stashed away!
06:58:33 §f              §8(This totals 3 types of materials stashed!)
06:58:33 §f                §3§l>>> §3§lCLICK HERE§b to pick them up! §3§l<<<
06:59:34 §f                §7You have §33,828 §7materials stashed away!
06:59:34 §f              §8(This totals 3 types of materials stashed!)
06:59:34 §f                §3§l>>> §3§lCLICK HERE§b to pick them up! §3§l<<<
07:00:34 §f                §7You have §33,828 §7materials stashed away!
07:00:34 §f              §8(This totals 3 types of materials stashed!)
07:00:34 §f                §3§l>>> §3§lCLICK HERE§b to pick them up! §3§l<<<
07:01:35 §f                §7You have §33,828 §7materials stashed away!
07:01:35 §f              §8(This totals 3 types of materials stashed!)
07:01:35 §f                §3§l>>> §3§lCLICK HERE§b to pick them up! §3§l<<<
07:02:36 §f                §7You have §33,828 §7materials stashed away!
07:02:36 §f              §8(This totals 3 types of materials stashed!)
07:02:36 §f                §3§l>>> §3§lCLICK HERE§b to pick them up! §3§l<<<
07:03:37 §f                §7You have §33,828 §7materials stashed away!
07:03:37 §f              §8(This totals 3 types of materials stashed!)
07:03:37 §f                §3§l>>> §3§lCLICK HERE§b to pick them up! §3§l<<<
07:04:38 §f                §7You have §33,828 §7materials stashed away!
07:04:38 §f              §8(This totals 3 types of materials stashed!)
07:04:38 §f                §3§l>>> §3§lCLICK HERE§b to pick them up! §3§l<<<
07:05:38 §f                §7You have §33,828 §7materials stashed away!
07:05:38 §f              §8(This totals 3 types of materials stashed!)
07:05:38 §f                §3§l>>> §3§lCLICK HERE§b to pick them up! §3§l<<<
07:06:39 §f                §7You have §33,828 §7materials stashed away!
07:06:39 §f              §8(This totals 3 types of materials stashed!)
07:06:39 §f                §3§l>>> §3§lCLICK HERE§b to pick them up! §3§l<<<
07:07:40 §f                §7You have §33,828 §7materials stashed away!
07:07:40 §f              §8(This totals 3 types of materials stashed!)
07:07:40 §f                §3§l>>> §3§lCLICK HERE§b to pick them up! §3§l<<<
07:08:40 §f                §7You have §33,828 §7materials stashed away!
07:08:40 §f              §8(This totals 3 types of materials stashed!)
07:08:40 §f                §3§l>>> §3§lCLICK HERE§b to pick them up! §3§l<<<
07:09:41 §f                §7You have §33,828 §7materials stashed away!
07:09:41 §f              §8(This totals 3 types of materials stashed!)
07:09:41 §f                §3§l>>> §3§lCLICK HERE§b to pick them up! §3§l<<<
07:10:41 §f                §7You have §34,094 §7materials stashed away!
07:10:41 §f              §8(This totals 3 types of materials stashed!)
07:10:41 §f                §3§l>>> §3§lCLICK HERE§b to pick them up! §3§l<<<
07:11:42 §f                §7You have §34,094 §7materials stashed away!
07:11:42 §f              §8(This totals 3 types of materials stashed!)
07:11:42 §f                §3§l>>> §3§lCLICK HERE§b to pick them up! §3§l<<<
07:12:42 §f                §7You have §34,094 §7materials stashed away!
07:12:42 §f              §8(This totals 3 types of materials stashed!)
07:12:42 §f                §3§l>>> §3§lCLICK HERE§b to pick them up! §3§l<<<
07:13:43 §f                §7You have §34,094 §7materials stashed away!
07:13:43 §f              §8(This totals 3 types of materials stashed!)
07:13:43 §f                §3§l>>> §3§lCLICK HERE§b to pick them up! §3§l<<<
07:14:44 §f                §7You have §34,094 §7materials stashed away!
07:14:44 §f              §8(This totals 3 types of materials stashed!)
07:14:44 §f                §3§l>>> §3§lCLICK HERE§b to pick them up! §3§l<<<
07:15:45 §f                §7You have §34,094 §7materials stashed away!
07:15:45 §f              §8(This totals 3 types of materials stashed!)
07:15:45 §f                §3§l>>> §3§lCLICK HERE§b to pick them up! §3§l<<<
07:16:46 §f                §7You have §34,094 §7materials stashed away!
07:16:46 §f              §8(This totals 3 types of materials stashed!)
07:16:46 §f                §3§l>>> §3§lCLICK HERE§b to pick them up! §3§l<<<
07:17:46 §f                §7You have §34,094 §7materials stashed away!
07:17:46 §f              §8(This totals 3 types of materials stashed!)
07:17:46 §f                §3§l>>> §3§lCLICK HERE§b to pick them up! §3§l<<<
07:18:47 §f                §7You have §34,128 §7materials stashed away!
07:18:47 §f              §8(This totals 3 types of materials stashed!)
07:18:47 §f                §3§l>>> §3§lCLICK HERE§b to pick them up! §3§l<<<
07:19:48 §f                §7You have §34,128 §7materials stashed away!
07:19:48 §f              §8(This totals 3 types of materials stashed!)
07:19:48 §f                §3§l>>> §3§lCLICK HERE§b to pick them up! §3§l<<<
07:20:49 §f                §7You have §34,128 §7materials stashed away!
07:20:49 §f              §8(This totals 3 types of materials stashed!)
07:20:49 §f                §3§l>>> §3§lCLICK HERE§b to pick them up! §3§l<<<
07:21:49 §f                §7You have §34,128 §7materials stashed away!
07:21:49 §f              §8(This totals 3 types of materials stashed!)
07:21:49 §f                §3§l>>> §3§lCLICK HERE§b to pick them up! §3§l<<<
07:22:50 §f                §7You have §34,128 §7materials stashed away!
07:22:50 §f              §8(This totals 3 types of materials stashed!)
07:22:50 §f                §3§l>>> §3§lCLICK HERE§b to pick them up! §3§l<<<
07:23:51 §f                §7You have §34,395 §7materials stashed away!
07:23:51 §f              §8(This totals 3 types of materials stashed!)
07:23:51 §f                §3§l>>> §3§lCLICK HERE§b to pick them up! §3§l<<<
07:24:52 §f                §7You have §34,395 §7materials stashed away!
07:24:52 §f              §8(This totals 3 types of materials stashed!)
07:24:52 §f                §3§l>>> §3§lCLICK HERE§b to pick them up! §3§l<<<
07:25:52 §f                §7You have §34,395 §7materials stashed away!
07:25:52 §f              §8(This totals 3 types of materials stashed!)
07:25:52 §f                §3§l>>> §3§lCLICK HERE§b to pick them up! §3§l<<<
07:26:53 §f                §7You have §34,395 §7materials stashed away!
07:26:53 §f              §8(This totals 3 types of materials stashed!)
07:26:53 §f                §3§l>>> §3§lCLICK HERE§b to pick them up! §3§l<<<
07:27:54 §f                §7You have §34,395 §7materials stashed away!
07:27:54 §f              §8(This totals 3 types of materials stashed!)
07:27:54 §f                §3§l>>> §3§lCLICK HERE§b to pick them up! §3§l<<<
07:28:54 §f                §7You have §34,395 §7materials stashed away!
07:28:54 §f              §8(This totals 3 types of materials stashed!)
07:28:54 §f                §3§l>>> §3§lCLICK HERE§b to pick them up! §3§l<<<
07:29:55 §f                §7You have §34,395 §7materials stashed away!
07:29:55 §f              §8(This totals 3 types of materials stashed!)
07:29:55 §f                §3§l>>> §3§lCLICK HERE§b to pick them up! §3§l<<<
07:30:55 §f                §7You have §34,395 §7materials stashed away!
07:30:55 §f              §8(This totals 3 types of materials stashed!)
07:30:55 §f                §3§l>>> §3§lCLICK HERE§b to pick them up! §3§l<<<
07:31:56 §f                §7You have §34,395 §7materials stashed away!
07:31:56 §f              §8(This totals 3 types of materials stashed!)
07:31:56 §f                §3§l>>> §3§lCLICK HERE§b to pick them up! §3§l<<<
07:32:56 §f                §7You have §34,395 §7materials stashed away!
07:32:56 §f              §8(This totals 3 types of materials stashed!)
07:32:56 §f                §3§l>>> §3§lCLICK HERE§b to pick them up! §3§l<<<
07:33:57 §f                §7You have §34,395 §7materials stashed away!
07:33:57 §f              §8(This totals 3 types of materials stashed!)
07:33:57 §f                §3§l>>> §3§lCLICK HERE§b to pick them up! §3§l<<<
07:34:58 §f                §7You have §34,395 §7materials stashed away!
07:34:58 §f              §8(This totals 3 types of materials stashed!)
07:34:58 §f                §3§l>>> §3§lCLICK HERE§b to pick them up! §3§l<<<
07:35:47 §f                §7You have §34,395 §7materials stashed away!
07:35:47 §f              §8(This totals 3 types of materials stashed!)
07:35:47 §f                §3§l>>> §3§lCLICK HERE§b to pick them up! §3§l<<<
07:35:49 §f                §7You have §34,395 §7materials stashed away!
07:35:49 §f              §8(This totals 3 types of materials stashed!)
07:35:49 §f                §3§l>>> §3§lCLICK HERE§b to pick them up! §3§l<<<
07:36:47 §f                §7You have §34,395 §7materials stashed away!
07:36:47 §f              §8(This totals 3 types of materials stashed!)
07:36:47 §f                §3§l>>> §3§lCLICK HERE§b to pick them up! §3§l<<<
07:37:48 §f                §7You have §34,395 §7materials stashed away!
07:37:48 §f              §8(This totals 3 types of materials stashed!)
07:37:48 §f                §3§l>>> §3§lCLICK HERE§b to pick them up! §3§l<<<
07:38:49 §f                §7You have §34,395 §7materials stashed away!
07:38:49 §f              §8(This totals 3 types of materials stashed!)
07:38:49 §f                §3§l>>> §3§lCLICK HERE§b to pick them up! §3§l<<<
07:39:19 §f                §7You have §34,395 §7materials stashed away!
07:39:19 §f              §8(This totals 3 types of materials stashed!)
07:39:19 §f                §3§l>>> §3§lCLICK HERE§b to pick them up! §3§l<<<
07:39:55 §f                §7You have §34,395 §7materials stashed away!
07:39:55 §f              §8(This totals 3 types of materials stashed!)
07:39:55 §f                §3§l>>> §3§lCLICK HERE§b to pick them up! §3§l<<<
07:40:55 §f               §7You have §360,201 §7materials stashed away!
07:40:55 §f              §8(This totals 4 types of materials stashed!)
07:40:55 §f                §3§l>>> §3§lCLICK HERE§b to pick them up! §3§l<<<
07:41:56 §f               §7You have §366,956 §7materials stashed away!
07:41:56 §f              §8(This totals 4 types of materials stashed!)
07:41:56 §f                §3§l>>> §3§lCLICK HERE§b to pick them up! §3§l<<<
07:42:56 §f               §7You have §369,519 §7materials stashed away!
07:42:56 §f              §8(This totals 4 types of materials stashed!)
07:42:56 §f                §3§l>>> §3§lCLICK HERE§b to pick them up! §3§l<<<
07:43:57 §f               §7You have §369,519 §7materials stashed away!
07:43:57 §f              §8(This totals 4 types of materials stashed!)
07:43:57 §f                §3§l>>> §3§lCLICK HERE§b to pick them up! §3§l<<<
07:44:58 §f               §7You have §381,901 §7materials stashed away!
07:44:58 §f              §8(This totals 4 types of materials stashed!)
07:44:58 §f                §3§l>>> §3§lCLICK HERE§b to pick them up! §3§l<<<
07:45:59 §f               §7You have §381,957 §7materials stashed away!
07:45:59 §f              §8(This totals 4 types of materials stashed!)
07:45:59 §f                §3§l>>> §3§lCLICK HERE§b to pick them up! §3§l<<<
07:47:00 §f               §7You have §383,276 §7materials stashed away!
07:47:00 §f              §8(This totals 4 types of materials stashed!)
07:47:00 §f                §3§l>>> §3§lCLICK HERE§b to pick them up! §3§l<<<
07:48:01 §f               §7You have §388,229 §7materials stashed away!
07:48:01 §f              §8(This totals 4 types of materials stashed!)
07:48:01 §f                §3§l>>> §3§lCLICK HERE§b to pick them up! §3§l<<<
07:49:02 §f               §7You have §388,451 §7materials stashed away!
07:49:02 §f              §8(This totals 4 types of materials stashed!)
07:49:02 §f                §3§l>>> §3§lCLICK HERE§b to pick them up! §3§l<<<
07:50:02 §f               §7You have §394,903 §7materials stashed away!
07:50:02 §f              §8(This totals 4 types of materials stashed!)
07:50:02 §f                §3§l>>> §3§lCLICK HERE§b to pick them up! §3§l<<<
07:51:03 §f               §7You have §395,589 §7materials stashed away!
07:51:03 §f              §8(This totals 4 types of materials stashed!)
07:51:03 §f                §3§l>>> §3§lCLICK HERE§b to pick them up! §3§l<<<
07:52:04 §f               §7You have §397,498 §7materials stashed away!
07:52:04 §f              §8(This totals 4 types of materials stashed!)
07:52:04 §f                §3§l>>> §3§lCLICK HERE§b to pick them up! §3§l<<<
07:53:05 §f               §7You have §394,188 §7materials stashed away!
07:53:05 §f               §8(This totals 1 type of material stashed!)
07:53:05 §f                §3§l>>> §3§lCLICK HERE§b to pick them up! §3§l<<<
