22:04:45 §e[SkyHanni] §bYou have §395k §bmaterials in stash, §btotalling §310 types§b. §bClick to §3pickup §byour stash!§r
22:07:46 §e[SkyHanni] You have gained §b109,334 §eBits.§r
22:55:23 §e[SkyHanni] §eYou have §63 §eitems in stash. §eClick to §6pickup §eyour stash!§r
22:55:23 §e[SkyHanni] §bYou have §395k §bmaterials in stash, §btotalling §312 types§b. §bClick to §3pickup §byour stash!§r
22:56:23 §e[SkyHanni] §eYou have §69 §eitems in stash. §eClick to §6pickup §eyour stash!§r
22:56:23 §e[SkyHanni] §bYou have §395k §bmaterials in stash, §btotalling §313 types§b. §bClick to §3pickup §byour stash!§r
22:57:23 §e[SkyHanni] §eYou have §69 §eitems in stash. §eClick to §6pickup §eyour stash!§r
22:57:23 §e[SkyHanni] §bYou have §395k §bmaterials in stash, §btotalling §313 types§b. §bClick to §3pickup §byour stash!§r
22:58:23 §e[SkyHanni] §eYou have §69 §eitems in stash. §eClick to §6pickup §eyour stash!§r
22:58:23 §e[SkyHanni] §bYou have §395k §bmaterials in stash, §btotalling §313 types§b. §bClick to §3pickup §byour stash!§r
22:59:23 §e[SkyHanni] §eYou have §614 §eitems in stash. §eClick to §6pickup §eyour stash!§r
22:59:23 §e[SkyHanni] §bYou have §395k §bmaterials in stash, §btotalling §313 types§b. §bClick to §3pickup §byour stash!§r
23:00:23 §e[SkyHanni] §eYou have §614 §eitems in stash. §eClick to §6pickup §eyour stash!§r
23:00:23 §e[SkyHanni] §bYou have §395k §bmaterials in stash, §btotalling §313 types§b. §bClick to §3pickup §byour stash!§r
23:01:23 §e[SkyHanni] §eYou have §618 §eitems in stash. §eClick to §6pickup §eyour stash!§r
23:01:23 §e[SkyHanni] §bYou have §395k §bmaterials in stash, §btotalling §313 types§b. §bClick to §3pickup §byour stash!§r
23:02:23 §e[SkyHanni] §eYou have §622 §eitems in stash. §eClick to §6pickup §eyour stash!§r
23:02:23 §e[SkyHanni] §bYou have §395k §bmaterials in stash, §btotalling §313 types§b. §bClick to §3pickup §byour stash!§r
23:03:23 §e[SkyHanni] §eYou have §622 §eitems in stash. §eClick to §6pickup §eyour stash!§r
23:03:23 §e[SkyHanni] §bYou have §395k §bmaterials in stash, §btotalling §313 types§b. §bClick to §3pickup §byour stash!§r
23:04:23 §e[SkyHanni] §eYou have §624 §eitems in stash. §eClick to §6pickup §eyour stash!§r
23:04:23 §e[SkyHanni] §bYou have §395k §bmaterials in stash, §btotalling §313 types§b. §bClick to §3pickup §byour stash!§r
23:05:24 §e[SkyHanni] §eYou have §628 §eitems in stash. §eClick to §6pickup §eyour stash!§r
23:05:24 §e[SkyHanni] §bYou have §395k §bmaterials in stash, §btotalling §313 types§b. §bClick to §3pickup §byour stash!§r
23:06:24 §e[SkyHanni] §eYou have §628 §eitems in stash. §eClick to §6pickup §eyour stash!§r
23:06:24 §e[SkyHanni] §bYou have §395k §bmaterials in stash, §btotalling §313 types§b. §bClick to §3pickup §byour stash!§r
23:07:24 §e[SkyHanni] §eYou have §634 §eitems in stash. §eClick to §6pickup §eyour stash!§r
23:07:24 §e[SkyHanni] §bYou have §395k §bmaterials in stash, §btotalling §313 types§b. §bClick to §3pickup §byour stash!§r
23:08:24 §e[SkyHanni] §eYou have §634 §eitems in stash. §eClick to §6pickup §eyour stash!§r
23:08:24 §e[SkyHanni] §bYou have §395k §bmaterials in stash, §btotalling §313 types§b. §bClick to §3pickup §byour stash!§r
23:09:24 §e[SkyHanni] §eYou have §634 §eitems in stash. §eClick to §6pickup §eyour stash!§r
23:09:24 §e[SkyHanni] §bYou have §395k §bmaterials in stash, §btotalling §313 types§b. §bClick to §3pickup §byour stash!§r
23:10:24 §e[SkyHanni] §eYou have §634 §eitems in stash. §eClick to §6pickup §eyour stash!§r
23:10:24 §e[SkyHanni] §bYou have §395k §bmaterials in stash, §btotalling §313 types§b. §bClick to §3pickup §byour stash!§r
23:11:24 §e[SkyHanni] §eYou have §636 §eitems in stash. §eClick to §6pickup §eyour stash!§r
23:11:24 §e[SkyHanni] §bYou have §395k §bmaterials in stash, §btotalling §313 types§b. §bClick to §3pickup §byour stash!§r
23:12:24 §e[SkyHanni] §eYou have §639 §eitems in stash. §eClick to §6pickup §eyour stash!§r
23:12:24 §e[SkyHanni] §bYou have §395k §bmaterials in stash, §btotalling §314 types§b. §bClick to §3pickup §byour stash!§r
23:13:24 §e[SkyHanni] §eYou have §640 §eitems in stash. §eClick to §6pickup §eyour stash!§r
23:13:24 §e[SkyHanni] §bYou have §395k §bmaterials in stash, §btotalling §314 types§b. §bClick to §3pickup §byour stash!§r
23:14:24 §e[SkyHanni] §eYou have §649 §eitems in stash. §eClick to §6pickup §eyour stash!§r
23:14:24 §e[SkyHanni] §bYou have §395k §bmaterials in stash, §btotalling §314 types§b. §bClick to §3pickup §byour stash!§r
23:15:24 §e[SkyHanni] §eYou have §653 §eitems in stash. §eClick to §6pickup §eyour stash!§r
23:15:24 §e[SkyHanni] §bYou have §395k §bmaterials in stash, §btotalling §314 types§b. §bClick to §3pickup §byour stash!§r
23:16:24 §e[SkyHanni] §eYou have §659 §eitems in stash. §eClick to §6pickup §eyour stash!§r
23:16:24 §e[SkyHanni] §bYou have §395k §bmaterials in stash, §btotalling §314 types§b. §bClick to §3pickup §byour stash!§r
23:17:06 §e[SkyHanni] §eYou have §659 §eitems in stash. §eClick to §6pickup §eyour stash!§r
23:17:06 §e[SkyHanni] §bYou have §395k §bmaterials in stash, §btotalling §314 types§b. §bClick to §3pickup §byour stash!§r
23:17:07 §e[SkyHanni] §eYou have §659 §eitems in stash. §eClick to §6pickup §eyour stash!§r
23:17:07 §e[SkyHanni] §bYou have §395k §bmaterials in stash, §btotalling §314 types§b. §bClick to §3pickup §byour stash!§r
23:18:07 §e[SkyHanni] §eYou have §659 §eitems in stash. §eClick to §6pickup §eyour stash!§r
23:18:07 §e[SkyHanni] §bYou have §395k §bmaterials in stash, §btotalling §314 types§b. §bClick to §3pickup §byour stash!§r
23:19:07 §e[SkyHanni] §eYou have §659 §eitems in stash. §eClick to §6pickup §eyour stash!§r
23:19:07 §e[SkyHanni] §bYou have §395k §bmaterials in stash, §btotalling §314 types§b. §bClick to §3pickup §byour stash!§r
23:19:22 §e[SkyHanni] §eYou have §659 §eitems in stash. §eClick to §6pickup §eyour stash!§r
23:19:22 §e[SkyHanni] §bYou have §395k §bmaterials in stash, §btotalling §314 types§b. §bClick to §3pickup §byour stash!§r
23:19:37 §e[SkyHanni] §eYou have §659 §eitems in stash. §eClick to §6pickup §eyour stash!§r
23:19:37 §e[SkyHanni] §bYou have §395k §bmaterials in stash, §btotalling §314 types§b. §bClick to §3pickup §byour stash!§r
23:20:37 §e[SkyHanni] §eYou have §659 §eitems in stash. §eClick to §6pickup §eyour stash!§r
23:20:37 §e[SkyHanni] §bYou have §395k §bmaterials in stash, §btotalling §314 types§b. §bClick to §3pickup §byour stash!§r
23:20:40 §e[SkyHanni] §b+4 SkyBlock XP §7(Accessory Bag§7)§b (10/100)§r
23:20:46 §e[SkyHanni] §b+3 SkyBlock XP §7(Accessory Bag§7)§b (13/100)§r
23:20:53 §e[SkyHanni] §b+5 SkyBlock XP §7(Accessory Bag§7)§b (18/100)§r
23:21:38 §e[SkyHanni] §eYou have §659 §eitems in stash. §eClick to §6pickup §eyour stash!§r
23:21:38 §e[SkyHanni] §bYou have §395k §bmaterials in stash, §btotalling §314 types§b. §bClick to §3pickup §byour stash!§r
23:22:19 §e[SkyHanni] §eYou have §659 §eitems in stash. §eClick to §6pickup §eyour stash!§r
23:22:19 §e[SkyHanni] §bYou have §395k §bmaterials in stash, §btotalling §314 types§b. §bClick to §3pickup §byour stash!§r
23:22:25 §e[SkyHanni] §eYou have §659 §eitems in stash. §eClick to §6pickup §eyour stash!§r
23:22:25 §e[SkyHanni] §bYou have §395k §bmaterials in stash, §btotalling §314 types§b. §bClick to §3pickup §byour stash!§r
23:23:12 §e[SkyHanni] §b+6 SkyBlock XP §7(Museum Donations§7)§b (24/100)§r
23:23:18 §e[SkyHanni] §eYou have §659 §eitems in stash. §eClick to §6pickup §eyour stash!§r
23:23:18 §e[SkyHanni] §bYou have §395k §bmaterials in stash, §btotalling §314 types§b. §bClick to §3pickup §byour stash!§r
23:24:18 §e[SkyHanni] §eYou have §659 §eitems in stash. §eClick to §6pickup §eyour stash!§r
23:24:18 §e[SkyHanni] §bYou have §395k §bmaterials in stash, §btotalling §314 types§b. §bClick to §3pickup §byour stash!§r
23:25:18 §e[SkyHanni] §eYou have §662 §eitems in stash. §eClick to §6pickup §eyour stash!§r
23:25:18 §e[SkyHanni] §bYou have §395k §bmaterials in stash, §btotalling §315 types§b. §bClick to §3pickup §byour stash!§r
23:26:18 §e[SkyHanni] §eYou have §667 §eitems in stash. §eClick to §6pickup §eyour stash!§r
23:26:18 §e[SkyHanni] §bYou have §395k §bmaterials in stash, §btotalling §315 types§b. §bClick to §3pickup §byour stash!§r
23:27:18 §e[SkyHanni] §eYou have §673 §eitems in stash. §eClick to §6pickup §eyour stash!§r
23:27:18 §e[SkyHanni] §bYou have §395k §bmaterials in stash, §btotalling §316 types§b. §bClick to §3pickup §byour stash!§r
23:28:18 §e[SkyHanni] §eYou have §676 §eitems in stash. §eClick to §6pickup §eyour stash!§r
23:28:18 §e[SkyHanni] §bYou have §395k §bmaterials in stash, §btotalling §316 types§b. §bClick to §3pickup §byour stash!§r
23:29:18 §e[SkyHanni] §eYou have §680 §eitems in stash. §eClick to §6pickup §eyour stash!§r
23:29:18 §e[SkyHanni] §bYou have §395k §bmaterials in stash, §btotalling §316 types§b. §bClick to §3pickup §byour stash!§r
23:30:13 §a§lPotion Effect! §r§aFarming XP Boost II§r
23:30:18 §e[SkyHanni] §eYou have §685 §eitems in stash. §eClick to §6pickup §eyour stash!§r
23:30:18 §e[SkyHanni] §bYou have §395k §bmaterials in stash, §btotalling §316 types§b. §bClick to §3pickup §byour stash!§r
23:31:18 §e[SkyHanni] §eYou have §688 §eitems in stash. §eClick to §6pickup §eyour stash!§r
23:31:18 §e[SkyHanni] §bYou have §395k §bmaterials in stash, §btotalling §316 types§b. §bClick to §3pickup §byour stash!§r
23:32:18 §e[SkyHanni] §eYou have §688 §eitems in stash. §eClick to §6pickup §eyour stash!§r
23:32:18 §e[SkyHanni] §bYou have §395k §bmaterials in stash, §btotalling §316 types§b. §bClick to §3pickup §byour stash!§r
23:33:18 §e[SkyHanni] §eYou have §689 §eitems in stash. §eClick to §6pickup §eyour stash!§r
23:33:18 §e[SkyHanni] §bYou have §395k §bmaterials in stash, §btotalling §317 types§b. §bClick to §3pickup §byour stash!§r
23:34:18 §e[SkyHanni] §eYou have §693 §eitems in stash. §eClick to §6pickup §eyour stash!§r
23:34:18 §e[SkyHanni] §bYou have §395k §bmaterials in stash, §btotalling §317 types§b. §bClick to §3pickup §byour stash!§r
23:35:18 §e[SkyHanni] §eYou have §694 §eitems in stash. §eClick to §6pickup §eyour stash!§r
23:35:18 §e[SkyHanni] §bYou have §395k §bmaterials in stash, §btotalling §317 types§b. §bClick to §3pickup §byour stash!§r
23:36:18 §e[SkyHanni] §eYou have §694 §eitems in stash. §eClick to §6pickup §eyour stash!§r
23:36:18 §e[SkyHanni] §bYou have §395k §bmaterials in stash, §btotalling §317 types§b. §bClick to §3pickup §byour stash!§r
23:37:19 §e[SkyHanni] §eYou have §695 §eitems in stash. §eClick to §6pickup §eyour stash!§r
23:37:19 §e[SkyHanni] §bYou have §395k §bmaterials in stash, §btotalling §317 types§b. §bClick to §3pickup §byour stash!§r
23:38:19 §e[SkyHanni] §eYou have §699 §eitems in stash. §eClick to §6pickup §eyour stash!§r
23:38:19 §e[SkyHanni] §bYou have §395k §bmaterials in stash, §btotalling §317 types§b. §bClick to §3pickup §byour stash!§r
23:39:19 §e[SkyHanni] §eYou have §6103 §eitems in stash. §eClick to §6pickup §eyour stash!§r
23:39:19 §e[SkyHanni] §bYou have §395k §bmaterials in stash, §btotalling §317 types§b. §bClick to §3pickup §byour stash!§r
23:40:19 §e[SkyHanni] §eYou have §6103 §eitems in stash. §eClick to §6pickup §eyour stash!§r
23:40:19 §e[SkyHanni] §bYou have §395k §bmaterials in stash, §btotalling §318 types§b. §bClick to §3pickup §byour stash!§r
23:40:48 §e[SkyHanni] §eYou have §6103 §eitems in stash. §eClick to §6pickup §eyour stash!§r
23:40:48 §e[SkyHanni] §bYou have §395k §bmaterials in stash, §btotalling §318 types§b. §bClick to §3pickup §byour stash!§r
23:41:12 §e[SkyHanni] §b+4 SkyBlock XP §7(Accessory Bag§7)§b (28/100)§r
23:41:22 §e[SkyHanni] §eYou have §6103 §eitems in stash. §eClick to §6pickup §eyour stash!§r
23:41:22 §e[SkyHanni] §bYou have §395k §bmaterials in stash, §btotalling §318 types§b. §bClick to §3pickup §byour stash!§r
23:41:40 §e[SkyHanni] §eYou have §6103 §eitems in stash. §eClick to §6pickup §eyour stash!§r
23:41:40 §e[SkyHanni] §bYou have §395k §bmaterials in stash, §btotalling §318 types§b. §bClick to §3pickup §byour stash!§r
23:41:51 §e[SkyHanni] §b+6 SkyBlock XP §7(Accessory Bag§7)§b (34/100)§r
23:42:06 §e[SkyHanni] §eYou have §6103 §eitems in stash. §eClick to §6pickup §eyour stash!§r
23:42:06 §e[SkyHanni] §bYou have §395k §bmaterials in stash, §btotalling §318 types§b. §bClick to §3pickup §byour stash!§r
23:43:07 §e[SkyHanni] §eYou have §6103 §eitems in stash. §eClick to §6pickup §eyour stash!§r
23:43:07 §e[SkyHanni] §bYou have §395k §bmaterials in stash, §btotalling §318 types§b. §bClick to §3pickup §byour stash!§r
23:43:10 §e[SkyHanni] §eYou have §6103 §eitems in stash. §eClick to §6pickup §eyour stash!§r
23:43:10 §e[SkyHanni] §bYou have §395k §bmaterials in stash, §btotalling §318 types§b. §bClick to §3pickup §byour stash!§r
23:44:07 §e[SkyHanni] §eYou have §6103 §eitems in stash. §eClick to §6pickup §eyour stash!§r
23:44:07 §e[SkyHanni] §bYou have §395k §bmaterials in stash, §btotalling §318 types§b. §bClick to §3pickup §byour stash!§r
23:44:46 §e[SkyHanni] §eYou have §6103 §eitems in stash. §eClick to §6pickup §eyour stash!§r
23:44:46 §e[SkyHanni] §bYou have §395k §bmaterials in stash, §btotalling §318 types§b. §bClick to §3pickup §byour stash!§r
23:44:47 §e[SkyHanni] §eYou have §6103 §eitems in stash. §eClick to §6pickup §eyour stash!§r
23:44:47 §e[SkyHanni] §bYou have §395k §bmaterials in stash, §btotalling §318 types§b. §bClick to §3pickup §byour stash!§r
23:45:47 §e[SkyHanni] §eYou have §6103 §eitems in stash. §eClick to §6pickup §eyour stash!§r
23:45:47 §e[SkyHanni] §bYou have §395k §bmaterials in stash, §btotalling §318 types§b. §bClick to §3pickup §byour stash!§r
23:46:47 §e[SkyHanni] §eYou have §6103 §eitems in stash. §eClick to §6pickup §eyour stash!§r
23:46:47 §e[SkyHanni] §bYou have §395k §bmaterials in stash, §btotalling §318 types§b. §bClick to §3pickup §byour stash!§r
23:47:47 §e[SkyHanni] §eYou have §6103 §eitems in stash. §eClick to §6pickup §eyour stash!§r
23:47:47 §e[SkyHanni] §bYou have §395k §bmaterials in stash, §btotalling §318 types§b. §bClick to §3pickup §byour stash!§r
23:48:47 §e[SkyHanni] §eYou have §6103 §eitems in stash. §eClick to §6pickup §eyour stash!§r
23:48:47 §e[SkyHanni] §bYou have §395k §bmaterials in stash, §btotalling §318 types§b. §bClick to §3pickup §byour stash!§r
23:49:47 §e[SkyHanni] §eYou have §6103 §eitems in stash. §eClick to §6pickup §eyour stash!§r
23:49:47 §e[SkyHanni] §bYou have §395k §bmaterials in stash, §btotalling §318 types§b. §bClick to §3pickup §byour stash!§r
23:49:51 §e[SkyHanni] Click here to load 41 more collected egg locations from NEU PV!§r
23:49:51 §e[SkyHanni] Click here to load Trophy Fishing data from NEU PV!§r
23:50:48 §e[SkyHanni] §eYou have §6103 §eitems in stash. §eClick to §6pickup §eyour stash!§r
23:50:48 §e[SkyHanni] §bYou have §395k §bmaterials in stash, §btotalling §318 types§b. §bClick to §3pickup §byour stash!§r
23:51:48 §e[SkyHanni] §eYou have §6103 §eitems in stash. §eClick to §6pickup §eyour stash!§r
23:51:48 §e[SkyHanni] §bYou have §395k §bmaterials in stash, §btotalling §318 types§b. §bClick to §3pickup §byour stash!§r
23:52:48 §e[SkyHanni] §eYou have §6103 §eitems in stash. §eClick to §6pickup §eyour stash!§r
23:52:48 §e[SkyHanni] §bYou have §395k §bmaterials in stash, §btotalling §318 types§b. §bClick to §3pickup §byour stash!§r
23:53:48 §e[SkyHanni] §eYou have §6103 §eitems in stash. §eClick to §6pickup §eyour stash!§r
23:53:48 §e[SkyHanni] §bYou have §395k §bmaterials in stash, §btotalling §318 types§b. §bClick to §3pickup §byour stash!§r
23:54:48 §e[SkyHanni] §eYou have §6103 §eitems in stash. §eClick to §6pickup §eyour stash!§r
23:54:48 §e[SkyHanni] §bYou have §395k §bmaterials in stash, §btotalling §318 types§b. §bClick to §3pickup §byour stash!§r
23:55:48 §e[SkyHanni] §eYou have §6103 §eitems in stash. §eClick to §6pickup §eyour stash!§r
23:55:48 §e[SkyHanni] §bYou have §395k §bmaterials in stash, §btotalling §318 types§b. §bClick to §3pickup §byour stash!§r
23:56:49 §e[SkyHanni] §eYou have §6103 §eitems in stash. §eClick to §6pickup §eyour stash!§r
23:56:49 §e[SkyHanni] §bYou have §395k §bmaterials in stash, §btotalling §318 types§b. §bClick to §3pickup §byour stash!§r
23:57:49 §e[SkyHanni] §eYou have §6103 §eitems in stash. §eClick to §6pickup §eyour stash!§r
23:57:49 §e[SkyHanni] §bYou have §395k §bmaterials in stash, §btotalling §318 types§b. §bClick to §3pickup §byour stash!§r
23:58:49 §e[SkyHanni] §eYou have §6103 §eitems in stash. §eClick to §6pickup §eyour stash!§r
23:58:49 §e[SkyHanni] §bYou have §395k §bmaterials in stash, §btotalling §318 types§b. §bClick to §3pickup §byour stash!§r
23:59:49 §e[SkyHanni] §eYou have §6103 §eitems in stash. §eClick to §6pickup §eyour stash!§r
23:59:49 §e[SkyHanni] §bYou have §395k §bmaterials in stash, §btotalling §318 types§b. §bClick to §3pickup §byour stash!§r
00:00:50 §e[SkyHanni] §eYou have §6103 §eitems in stash. §eClick to §6pickup §eyour stash!§r
00:00:50 §e[SkyHanni] §bYou have §395k §bmaterials in stash, §btotalling §318 types§b. §bClick to §3pickup §byour stash!§r
00:01:50 §e[SkyHanni] §eYou have §6103 §eitems in stash. §eClick to §6pickup §eyour stash!§r
00:01:50 §e[SkyHanni] §bYou have §395k §bmaterials in stash, §btotalling §318 types§b. §bClick to §3pickup §byour stash!§r
00:02:51 §e[SkyHanni] §eYou have §6103 §eitems in stash. §eClick to §6pickup §eyour stash!§r
00:02:51 §e[SkyHanni] §bYou have §395k §bmaterials in stash, §btotalling §318 types§b. §bClick to §3pickup §byour stash!§r
00:03:51 §e[SkyHanni] §eYou have §6103 §eitems in stash. §eClick to §6pickup §eyour stash!§r
00:03:51 §e[SkyHanni] §bYou have §395k §bmaterials in stash, §btotalling §318 types§b. §bClick to §3pickup §byour stash!§r
00:04:52 §e[SkyHanni] §eYou have §6103 §eitems in stash. §eClick to §6pickup §eyour stash!§r
00:04:52 §e[SkyHanni] §bYou have §395k §bmaterials in stash, §btotalling §318 types§b. §bClick to §3pickup §byour stash!§r
00:05:52 §e[SkyHanni] §eYou have §6103 §eitems in stash. §eClick to §6pickup §eyour stash!§r
00:05:52 §e[SkyHanni] §bYou have §395k §bmaterials in stash, §btotalling §318 types§b. §bClick to §3pickup §byour stash!§r
00:06:53 §e[SkyHanni] §eYou have §6103 §eitems in stash. §eClick to §6pickup §eyour stash!§r
00:06:53 §e[SkyHanni] §bYou have §395k §bmaterials in stash, §btotalling §318 types§b. §bClick to §3pickup §byour stash!§r
00:07:54 §e[SkyHanni] §eYou have §6103 §eitems in stash. §eClick to §6pickup §eyour stash!§r
00:07:54 §e[SkyHanni] §bYou have §395k §bmaterials in stash, §btotalling §318 types§b. §bClick to §3pickup §byour stash!§r
00:08:36 §e[SkyHanni] §aJacob §eis visiting your garden!§r
00:08:36 §e[SkyHanni] §9Royal Resident §eis visiting your garden!§r
00:08:36 §e[SkyHanni] §9Shifty §eis visiting your garden!§r
00:08:36 §e[SkyHanni] §aEmissary Ceanna §eis visiting your garden!§r
00:08:36 §e[SkyHanni] §aFisherman §eis visiting your garden!§r
00:08:39 §e[SkyHanni] §eYou have §6103 §eitems in stash. §eClick to §6pickup §eyour stash!§r
00:08:39 §e[SkyHanni] §bYou have §395k §bmaterials in stash, §btotalling §318 types§b. §bClick to §3pickup §byour stash!§r
00:08:40 §e[SkyHanni] §eYou have §6103 §eitems in stash. §eClick to §6pickup §eyour stash!§r
00:08:40 §e[SkyHanni] §bYou have §395k §bmaterials in stash, §btotalling §318 types§b. §bClick to §3pickup §byour stash!§r
00:09:40 §e[SkyHanni] §eYou have §6103 §eitems in stash. §eClick to §6pickup §eyour stash!§r
00:09:40 §e[SkyHanni] §bYou have §395k §bmaterials in stash, §btotalling §318 types§b. §bClick to §3pickup §byour stash!§r
00:10:40 §e[SkyHanni] §eYou have §6103 §eitems in stash. §eClick to §6pickup §eyour stash!§r
00:10:40 §e[SkyHanni] §bYou have §395k §bmaterials in stash, §btotalling §318 types§b. §bClick to §3pickup §byour stash!§r
00:11:22 §e[SkyHanni] §eYou have §665 §eitems in stash. §eClick to §6pickup §eyour stash!§r
00:11:22 §e[SkyHanni] §bYou have §395k §bmaterials in stash, §btotalling §318 types§b. §bClick to §3pickup §byour stash!§r
00:11:23 §e[SkyHanni] §eYou have §665 §eitems in stash. §eClick to §6pickup §eyour stash!§r
00:11:23 §e[SkyHanni] §bYou have §395k §bmaterials in stash, §btotalling §318 types§b. §bClick to §3pickup §byour stash!§r
00:12:23 §e[SkyHanni] §eYou have §665 §eitems in stash. §eClick to §6pickup §eyour stash!§r
00:12:23 §e[SkyHanni] §bYou have §395k §bmaterials in stash, §btotalling §318 types§b. §bClick to §3pickup §byour stash!§r
00:13:23 §e[SkyHanni] §eYou have §665 §eitems in stash. §eClick to §6pickup §eyour stash!§r
00:13:23 §e[SkyHanni] §bYou have §395k §bmaterials in stash, §btotalling §318 types§b. §bClick to §3pickup §byour stash!§r
00:14:24 §e[SkyHanni] §eYou have §665 §eitems in stash. §eClick to §6pickup §eyour stash!§r
00:14:24 §e[SkyHanni] §bYou have §395k §bmaterials in stash, §btotalling §318 types§b. §bClick to §3pickup §byour stash!§r
00:15:24 §e[SkyHanni] §eYou have §665 §eitems in stash. §eClick to §6pickup §eyour stash!§r
00:15:24 §e[SkyHanni] §bYou have §395k §bmaterials in stash, §btotalling §318 types§b. §bClick to §3pickup §byour stash!§r
00:16:24 §e[SkyHanni] §eYou have §622 §eitems in stash. §eClick to §6pickup §eyour stash!§r
00:16:24 §e[SkyHanni] §bYou have §395k §bmaterials in stash, §btotalling §317 types§b. §bClick to §3pickup §byour stash!§r
00:17:24 §e[SkyHanni] §bYou have §395k §bmaterials in stash, §btotalling §317 types§b. §bClick to §3pickup §byour stash!§r
00:39:12 §e[SkyHanni] §aJack §eis visiting your garden!§r
00:46:43 §e[SkyHanni] §aGimley §eis visiting your garden!§r
00:52:53 §e[SkyHanni] §lCLICK HERE§r§e to grab §ax451 §9§a☘ Flawed Peridot Gemstone§e from sacks!§r
00:52:57 §e[SkyHanni] §lCLICK HERE§r§e to grab §ax30 §9§9☘ Fine Peridot Gemstone§e from sacks!§r
00:56:45 §e[SkyHanni] §bYou have §395k §bmaterials in stash, §btotalling §318 types§b. §bClick to §3pickup §byour stash!§r
00:58:17 §e[SkyHanni] §aShaggy §eis visiting your garden!§r
01:02:50 §e[SkyHanni] §aJamie §eis visiting your garden!§r
01:06:51 §e[SkyHanni] §aAndrew §eis visiting your garden!§r
01:15:06 §e[SkyHanni] Started tracking your Jacob Contest Blocks Per Second!§r
01:19:46 §e[SkyHanni] Loaded Pumpkin milestone data from tab list!§r
01:19:47 §e[SkyHanni] You changed the crop during the contest, resetting the Blocks Per Second calculation..§r
01:35:01 §e[SkyHanni] Stats for Pumpkin Contest:§r
01:35:01 §e[SkyHanni] §7Blocks Broken in total: §e0§r
01:35:01 §e[SkyHanni] §7Average Blocks Per Second: §a0.0§r
01:35:01 §e[SkyHanni] §7Participated for §b15m 13s§r
