12:00:16 Trying to load config from config/skyhanni/config.json
12:00:16 load-config-now
12:00:16 Loaded config from file
12:00:16 Trying to load sacks from config/skyhanni/sacks.json
12:00:16 load-sacks-now
12:00:16 Loaded sacks from file
12:00:16 Trying to load friends from config/skyhanni/friends.json
12:00:16 load-friends-now
12:00:16 Loaded friends from file
12:00:16 Trying to load known_features from config/skyhanni/known_features.json
12:00:16 load-known_features-now
12:00:16 Loaded known_features from file
12:00:16 Trying to load jacob_contests from config/skyhanni/jacob_contests.json
12:00:16 load-jacob_contests-now
12:00:16 Loaded jacob_contests from file
12:00:16 Trying to load visual_words from config/skyhanni/visual_words.json
12:00:16 Setting visual_words to be blank as it did not exist. It will be saved once something is written to it
12:00:28 saveConfig: Updated known feature flags
12:00:28 Saving known_features file
12:00:30 saveConfig: shutdown-hook
12:00:30 Saving config file
