15:13:09 §f §r§r§r§f §r§r§r§1 §r§r§r§0 §r§r§r§2 §r§r§r§f §r§r§r§f §r§r§r§2 §r§r§r§0 §r§r§r§4 §r§r§r§3 §r§r§r§9 §r§r§r§2 §r§r§r§0 §r§r§r§0 §r§r§r§3 §r§r§r§9 §r§r§r§2 §r§r§r§0 §r§r§r§0 §r§r§r§3 §r§r§r§9 §r§r§r§2 §r§r§r§0 §r§r§r§0 
15:13:09 
15:13:16 §8 §r§8 §r§1 §r§3 §r§3 §r§7 §r§8 
15:13:18 
15:13:18 
15:27:38 
15:27:38 
15:28:52 §f
15:28:52 §f
15:28:52 §f
15:28:52 §f
15:30:55 
15:30:55 
15:30:55 
15:30:55 
15:40:04 §8 §r§8 §r§1 §r§3 §r§3 §r§7 §r§8 
15:43:30 §8 §r§8 §r§1 §r§3 §r§3 §r§7 §r§8 
15:43:44 §8 §r§8 §r§1 §r§3 §r§3 §r§7 §r§8 
15:43:49 §8 §r§8 §r§1 §r§3 §r§3 §r§7 §r§8 
15:44:52 §8 §r§8 §r§1 §r§3 §r§3 §r§7 §r§8 
15:48:25 
15:53:07 §f                                        
16:08:24 
16:13:04 §f                                        
16:31:16 
16:33:06 §f                                        
16:48:23 
16:53:04 §f                                        
17:00:13 §f
17:00:13 §c
17:08:23 
17:13:04 §f                                        
17:25:22 
17:25:22 
17:31:23 
17:33:01 §f                                        
17:48:15 
17:53:09 §f                                        
17:55:34 §8 §r§8 §r§1 §r§3 §r§3 §r§7 §r§8 
18:08:00 §f
18:08:03 §8 §r§8 §r§1 §r§3 §r§3 §r§7 §r§8 
