22:18:07 Trying to load config from config/skyhanni/config.json
22:18:07 load-config-now
22:18:07 Loaded config from file
22:18:07 Trying to load sacks from config/skyhanni/sacks.json
22:18:07 load-sacks-now
22:18:07 Loaded sacks from file
22:18:07 Trying to load friends from config/skyhanni/friends.json
22:18:07 load-friends-now
22:18:07 Loaded friends from file
22:18:07 Trying to load known_features from config/skyhanni/known_features.json
22:18:07 load-known_features-now
22:18:07 Loaded known_features from file
22:18:07 Trying to load jacob_contests from config/skyhanni/jacob_contests.json
22:18:07 load-jacob_contests-now
22:18:07 Loaded jacob_contests from file
22:18:07 Trying to load visual_words from config/skyhanni/visual_words.json
22:18:07 Setting visual_words to be blank as it did not exist. It will be saved once something is written to it
22:19:07 saveConfig: auto-save-60s
22:19:07 Saving config file
22:20:07 saveConfig: auto-save-60s
22:20:07 Saving config file
22:21:07 saveConfig: auto-save-60s
22:21:07 Saving config file
22:21:21 saveConfig: Updated known feature flags
22:21:21 Saving known_features file
22:22:07 saveConfig: auto-save-60s
22:22:07 Saving config file
22:23:07 saveConfig: auto-save-60s
22:23:07 Saving config file
22:23:41 saveConfig: saving-data
22:23:41 Saving sacks file
22:23:45 saveConfig: saving-data
22:23:45 Saving sacks file
22:23:46 saveConfig: saving-data
22:23:46 Saving sacks file
22:23:53 saveConfig: saving-data
22:23:53 Saving sacks file
22:24:07 saveConfig: auto-save-60s
22:24:07 Saving config file
22:25:07 saveConfig: auto-save-60s
22:25:07 Saving config file
22:26:07 saveConfig: auto-save-60s
22:26:07 Saving config file
22:27:07 saveConfig: auto-save-60s
22:27:07 Saving config file
22:28:07 saveConfig: auto-save-60s
22:28:07 Saving config file
22:29:07 saveConfig: auto-save-60s
22:29:07 Saving config file
22:30:07 saveConfig: auto-save-60s
22:30:07 Saving config file
22:31:07 saveConfig: auto-save-60s
22:31:07 Saving config file
22:32:07 saveConfig: auto-save-60s
22:32:07 Saving config file
22:32:50 saveConfig: saving-data
22:32:50 Saving sacks file
22:33:00 saveConfig: saving-data
22:33:00 Saving sacks file
22:33:07 saveConfig: auto-save-60s
22:33:07 Saving config file
22:34:07 saveConfig: auto-save-60s
22:34:07 Saving config file
22:35:07 saveConfig: auto-save-60s
22:35:07 Saving config file
22:36:07 saveConfig: auto-save-60s
22:36:07 Saving config file
22:37:07 saveConfig: auto-save-60s
22:37:07 Saving config file
22:38:07 saveConfig: auto-save-60s
22:38:07 Saving config file
22:39:07 saveConfig: auto-save-60s
22:39:07 Saving config file
22:40:07 saveConfig: auto-save-60s
22:40:07 Saving config file
22:41:07 saveConfig: auto-save-60s
22:41:07 Saving config file
22:42:07 saveConfig: auto-save-60s
22:42:07 Saving config file
22:43:07 saveConfig: auto-save-60s
22:43:07 Saving config file
22:44:07 saveConfig: auto-save-60s
22:44:07 Saving config file
22:45:07 saveConfig: auto-save-60s
22:45:07 Saving config file
22:46:07 saveConfig: auto-save-60s
22:46:07 Saving config file
22:47:07 saveConfig: auto-save-60s
22:47:07 Saving config file
22:48:07 saveConfig: auto-save-60s
22:48:07 Saving config file
22:49:07 saveConfig: auto-save-60s
22:49:07 Saving config file
22:50:07 saveConfig: auto-save-60s
22:50:07 Saving config file
22:51:07 saveConfig: auto-save-60s
22:51:07 Saving config file
22:52:07 saveConfig: auto-save-60s
22:52:07 Saving config file
22:53:07 saveConfig: auto-save-60s
22:53:07 Saving config file
22:54:07 saveConfig: auto-save-60s
22:54:07 Saving config file
22:55:07 saveConfig: auto-save-60s
22:55:07 Saving config file
22:56:07 saveConfig: auto-save-60s
22:56:07 Saving config file
22:57:07 saveConfig: auto-save-60s
22:57:07 Saving config file
22:58:07 saveConfig: auto-save-60s
22:58:07 Saving config file
22:59:07 saveConfig: auto-save-60s
22:59:07 Saving config file
23:00:07 saveConfig: auto-save-60s
23:00:07 Saving config file
23:01:07 saveConfig: auto-save-60s
23:01:07 Saving config file
23:02:07 saveConfig: auto-save-60s
23:02:07 Saving config file
23:03:07 saveConfig: auto-save-60s
23:03:07 Saving config file
23:04:07 saveConfig: auto-save-60s
23:04:07 Saving config file
23:05:07 saveConfig: auto-save-60s
23:05:07 Saving config file
23:06:07 saveConfig: auto-save-60s
23:06:07 Saving config file
23:07:07 saveConfig: auto-save-60s
23:07:07 Saving config file
23:08:07 saveConfig: auto-save-60s
23:08:07 Saving config file
23:09:07 saveConfig: auto-save-60s
23:09:07 Saving config file
23:10:07 saveConfig: auto-save-60s
23:10:07 Saving config file
23:11:07 saveConfig: auto-save-60s
23:11:07 Saving config file
23:12:07 saveConfig: auto-save-60s
23:12:07 Saving config file
23:13:07 saveConfig: auto-save-60s
23:13:07 Saving config file
23:14:07 saveConfig: auto-save-60s
23:14:07 Saving config file
23:15:07 saveConfig: auto-save-60s
23:15:07 Saving config file
23:16:07 saveConfig: auto-save-60s
23:16:07 Saving config file
23:17:07 saveConfig: auto-save-60s
23:17:07 Saving config file
23:18:07 saveConfig: auto-save-60s
23:18:07 Saving config file
23:19:07 saveConfig: auto-save-60s
23:19:07 Saving config file
23:20:07 saveConfig: auto-save-60s
23:20:07 Saving config file
23:21:07 saveConfig: auto-save-60s
23:21:07 Saving config file
23:22:07 saveConfig: auto-save-60s
23:22:07 Saving config file
23:23:07 saveConfig: auto-save-60s
23:23:07 Saving config file
23:24:07 saveConfig: auto-save-60s
23:24:07 Saving config file
23:25:07 saveConfig: auto-save-60s
23:25:07 Saving config file
23:26:07 saveConfig: auto-save-60s
23:26:07 Saving config file
23:27:07 saveConfig: auto-save-60s
23:27:07 Saving config file
23:28:07 saveConfig: auto-save-60s
23:28:07 Saving config file
23:29:07 saveConfig: auto-save-60s
23:29:07 Saving config file
23:30:07 saveConfig: auto-save-60s
23:30:07 Saving config file
23:31:07 saveConfig: auto-save-60s
23:31:07 Saving config file
23:32:07 saveConfig: auto-save-60s
23:32:07 Saving config file
23:33:07 saveConfig: auto-save-60s
23:33:07 Saving config file
23:34:07 saveConfig: auto-save-60s
23:34:07 Saving config file
23:35:07 saveConfig: auto-save-60s
23:35:07 Saving config file
23:36:07 saveConfig: auto-save-60s
23:36:07 Saving config file
23:37:07 saveConfig: auto-save-60s
23:37:07 Saving config file
23:38:07 saveConfig: auto-save-60s
23:38:07 Saving config file
23:39:07 saveConfig: auto-save-60s
23:39:07 Saving config file
23:40:07 saveConfig: auto-save-60s
23:40:07 Saving config file
23:41:07 saveConfig: auto-save-60s
23:41:07 Saving config file
23:42:07 saveConfig: auto-save-60s
23:42:07 Saving config file
23:43:07 saveConfig: auto-save-60s
23:43:07 Saving config file
23:44:07 saveConfig: auto-save-60s
23:44:07 Saving config file
23:45:07 saveConfig: auto-save-60s
23:45:07 Saving config file
23:46:07 saveConfig: auto-save-60s
23:46:07 Saving config file
23:47:07 saveConfig: auto-save-60s
23:47:07 Saving config file
23:48:07 saveConfig: auto-save-60s
23:48:07 Saving config file
23:49:07 saveConfig: auto-save-60s
23:49:07 Saving config file
23:50:07 saveConfig: auto-save-60s
23:50:07 Saving config file
23:51:07 saveConfig: auto-save-60s
23:51:07 Saving config file
23:52:07 saveConfig: auto-save-60s
23:52:07 Saving config file
23:53:07 saveConfig: auto-save-60s
23:53:07 Saving config file
23:54:07 saveConfig: auto-save-60s
23:54:07 Saving config file
23:55:07 saveConfig: auto-save-60s
23:55:07 Saving config file
23:56:07 saveConfig: auto-save-60s
23:56:07 Saving config file
23:57:07 saveConfig: auto-save-60s
23:57:07 Saving config file
23:58:07 saveConfig: auto-save-60s
23:58:07 Saving config file
23:59:07 saveConfig: auto-save-60s
23:59:07 Saving config file
00:00:07 saveConfig: auto-save-60s
00:00:07 Saving config file
00:01:07 saveConfig: auto-save-60s
00:01:07 Saving config file
00:02:07 saveConfig: auto-save-60s
00:02:07 Saving config file
00:03:07 saveConfig: auto-save-60s
00:03:07 Saving config file
00:04:07 saveConfig: auto-save-60s
00:04:07 Saving config file
00:05:07 saveConfig: auto-save-60s
00:05:07 Saving config file
00:06:07 saveConfig: auto-save-60s
00:06:07 Saving config file
00:07:07 saveConfig: auto-save-60s
00:07:07 Saving config file
00:08:07 saveConfig: auto-save-60s
00:08:07 Saving config file
00:09:07 saveConfig: auto-save-60s
00:09:07 Saving config file
00:10:07 saveConfig: auto-save-60s
00:10:07 Saving config file
00:11:07 saveConfig: auto-save-60s
00:11:07 Saving config file
00:11:46 saveConfig: saving-data
00:11:46 Saving sacks file
00:12:07 saveConfig: auto-save-60s
00:12:07 Saving config file
00:13:07 saveConfig: auto-save-60s
00:13:07 Saving config file
00:14:07 saveConfig: auto-save-60s
00:14:07 Saving config file
00:15:07 saveConfig: auto-save-60s
00:15:07 Saving config file
00:16:07 saveConfig: auto-save-60s
00:16:07 Saving config file
00:17:07 saveConfig: auto-save-60s
00:17:07 Saving config file
00:18:07 saveConfig: auto-save-60s
00:18:07 Saving config file
00:19:07 saveConfig: auto-save-60s
00:19:07 Saving config file
00:20:07 saveConfig: auto-save-60s
00:20:07 Saving config file
00:21:07 saveConfig: auto-save-60s
00:21:07 Saving config file
00:22:07 saveConfig: auto-save-60s
00:22:07 Saving config file
00:22:55 saveConfig: saving-data
00:22:55 Saving sacks file
00:23:07 saveConfig: auto-save-60s
00:23:07 Saving config file
00:24:07 saveConfig: auto-save-60s
00:24:07 Saving config file
00:25:07 saveConfig: auto-save-60s
00:25:07 Saving config file
00:26:07 saveConfig: auto-save-60s
00:26:07 Saving config file
00:27:07 saveConfig: auto-save-60s
00:27:07 Saving config file
00:28:07 saveConfig: auto-save-60s
00:28:07 Saving config file
00:29:07 saveConfig: auto-save-60s
00:29:07 Saving config file
00:30:07 saveConfig: auto-save-60s
00:30:07 Saving config file
00:31:07 saveConfig: auto-save-60s
00:31:07 Saving config file
00:32:07 saveConfig: auto-save-60s
00:32:07 Saving config file
00:33:07 saveConfig: auto-save-60s
00:33:07 Saving config file
00:34:07 saveConfig: auto-save-60s
00:34:07 Saving config file
00:35:07 saveConfig: auto-save-60s
00:35:07 Saving config file
00:36:07 saveConfig: auto-save-60s
00:36:07 Saving config file
00:37:07 saveConfig: auto-save-60s
00:37:07 Saving config file
00:38:07 saveConfig: auto-save-60s
00:38:07 Saving config file
00:39:07 saveConfig: auto-save-60s
00:39:07 Saving config file
00:40:07 saveConfig: auto-save-60s
00:40:07 Saving config file
00:41:07 saveConfig: auto-save-60s
00:41:07 Saving config file
00:42:07 saveConfig: auto-save-60s
00:42:07 Saving config file
00:43:07 saveConfig: auto-save-60s
00:43:07 Saving config file
00:44:07 saveConfig: auto-save-60s
00:44:07 Saving config file
00:44:16 saveConfig: saving-data
00:44:16 Saving sacks file
00:45:07 saveConfig: auto-save-60s
00:45:07 Saving config file
00:46:07 saveConfig: auto-save-60s
00:46:07 Saving config file
00:47:07 saveConfig: auto-save-60s
00:47:07 Saving config file
00:48:07 saveConfig: auto-save-60s
00:48:07 Saving config file
00:49:07 saveConfig: auto-save-60s
00:49:07 Saving config file
00:50:07 saveConfig: auto-save-60s
00:50:07 Saving config file
00:51:07 saveConfig: auto-save-60s
00:51:07 Saving config file
00:52:07 saveConfig: auto-save-60s
00:52:07 Saving config file
00:52:58 saveConfig: saving-data
00:52:58 Saving sacks file
00:53:07 saveConfig: auto-save-60s
00:53:07 Saving config file
00:54:07 saveConfig: auto-save-60s
00:54:07 Saving config file
00:55:07 saveConfig: auto-save-60s
00:55:07 Saving config file
00:56:07 saveConfig: auto-save-60s
00:56:07 Saving config file
00:57:07 saveConfig: auto-save-60s
00:57:07 Saving config file
00:58:07 saveConfig: auto-save-60s
00:58:07 Saving config file
00:59:07 saveConfig: auto-save-60s
00:59:07 Saving config file
01:00:07 saveConfig: auto-save-60s
01:00:07 Saving config file
01:01:07 saveConfig: auto-save-60s
01:01:07 Saving config file
01:02:07 saveConfig: auto-save-60s
01:02:07 Saving config file
01:03:07 saveConfig: auto-save-60s
01:03:07 Saving config file
01:04:07 saveConfig: auto-save-60s
01:04:07 Saving config file
01:05:07 saveConfig: auto-save-60s
01:05:07 Saving config file
01:06:07 saveConfig: auto-save-60s
01:06:07 Saving config file
01:07:07 saveConfig: auto-save-60s
01:07:07 Saving config file
01:08:07 saveConfig: auto-save-60s
01:08:07 Saving config file
01:09:07 saveConfig: auto-save-60s
01:09:07 Saving config file
01:10:07 saveConfig: auto-save-60s
01:10:07 Saving config file
01:11:07 saveConfig: auto-save-60s
01:11:07 Saving config file
01:12:07 saveConfig: auto-save-60s
01:12:07 Saving config file
01:13:07 saveConfig: auto-save-60s
01:13:07 Saving config file
01:14:07 saveConfig: auto-save-60s
01:14:07 Saving config file
01:15:07 saveConfig: auto-save-60s
01:15:07 Saving config file
01:16:07 saveConfig: auto-save-60s
01:16:07 Saving config file
01:17:07 saveConfig: auto-save-60s
01:17:07 Saving config file
01:18:07 saveConfig: auto-save-60s
01:18:07 Saving config file
01:19:07 saveConfig: auto-save-60s
01:19:07 Saving config file
01:20:07 saveConfig: auto-save-60s
01:20:07 Saving config file
01:21:07 saveConfig: auto-save-60s
01:21:07 Saving config file
01:22:07 saveConfig: auto-save-60s
01:22:07 Saving config file
01:23:07 saveConfig: auto-save-60s
01:23:07 Saving config file
01:24:07 saveConfig: auto-save-60s
01:24:07 Saving config file
01:25:07 saveConfig: auto-save-60s
01:25:07 Saving config file
01:26:07 saveConfig: auto-save-60s
01:26:07 Saving config file
01:27:07 saveConfig: auto-save-60s
01:27:07 Saving config file
01:28:07 saveConfig: auto-save-60s
01:28:07 Saving config file
01:29:07 saveConfig: auto-save-60s
01:29:07 Saving config file
01:30:07 saveConfig: auto-save-60s
01:30:07 Saving config file
01:31:07 saveConfig: auto-save-60s
01:31:07 Saving config file
01:32:07 saveConfig: auto-save-60s
01:32:07 Saving config file
01:33:07 saveConfig: auto-save-60s
01:33:07 Saving config file
01:34:07 saveConfig: auto-save-60s
01:34:07 Saving config file
01:35:07 saveConfig: auto-save-60s
01:35:07 Saving config file
01:36:07 saveConfig: auto-save-60s
01:36:07 Saving config file
01:37:07 saveConfig: auto-save-60s
01:37:07 Saving config file
01:38:07 saveConfig: auto-save-60s
01:38:07 Saving config file
01:39:07 saveConfig: auto-save-60s
01:39:07 Saving config file
01:40:07 saveConfig: auto-save-60s
01:40:07 Saving config file
01:41:07 saveConfig: auto-save-60s
01:41:07 Saving config file
01:42:07 saveConfig: auto-save-60s
01:42:07 Saving config file
01:43:07 saveConfig: auto-save-60s
01:43:07 Saving config file
01:44:07 saveConfig: auto-save-60s
01:44:07 Saving config file
01:45:07 saveConfig: auto-save-60s
01:45:07 Saving config file
01:46:07 saveConfig: auto-save-60s
01:46:07 Saving config file
01:47:07 saveConfig: auto-save-60s
01:47:07 Saving config file
01:48:07 saveConfig: auto-save-60s
01:48:07 Saving config file
01:49:07 saveConfig: auto-save-60s
01:49:07 Saving config file
01:50:07 saveConfig: auto-save-60s
01:50:07 Saving config file
01:51:07 saveConfig: auto-save-60s
01:51:07 Saving config file
01:52:07 saveConfig: auto-save-60s
01:52:07 Saving config file
01:53:07 saveConfig: auto-save-60s
01:53:07 Saving config file
01:54:07 saveConfig: auto-save-60s
01:54:07 Saving config file
01:55:07 saveConfig: auto-save-60s
01:55:07 Saving config file
01:56:07 saveConfig: auto-save-60s
01:56:07 Saving config file
01:57:07 saveConfig: auto-save-60s
01:57:07 Saving config file
01:58:07 saveConfig: auto-save-60s
01:58:07 Saving config file
01:59:07 saveConfig: auto-save-60s
01:59:07 Saving config file
02:00:07 saveConfig: auto-save-60s
02:00:07 Saving config file
02:01:07 saveConfig: auto-save-60s
02:01:07 Saving config file
02:02:07 saveConfig: auto-save-60s
02:02:07 Saving config file
02:03:07 saveConfig: auto-save-60s
02:03:07 Saving config file
02:04:07 saveConfig: auto-save-60s
02:04:07 Saving config file
02:05:07 saveConfig: auto-save-60s
02:05:07 Saving config file
02:06:07 saveConfig: auto-save-60s
02:06:07 Saving config file
02:07:07 saveConfig: auto-save-60s
02:07:07 Saving config file
02:08:07 saveConfig: auto-save-60s
02:08:07 Saving config file
02:09:07 saveConfig: auto-save-60s
02:09:07 Saving config file
02:10:07 saveConfig: auto-save-60s
02:10:07 Saving config file
02:11:07 saveConfig: auto-save-60s
02:11:07 Saving config file
02:12:07 saveConfig: auto-save-60s
02:12:07 Saving config file
02:13:07 saveConfig: auto-save-60s
02:13:07 Saving config file
02:14:07 saveConfig: auto-save-60s
02:14:07 Saving config file
02:15:07 saveConfig: auto-save-60s
02:15:07 Saving config file
02:16:07 saveConfig: auto-save-60s
02:16:07 Saving config file
02:17:07 saveConfig: auto-save-60s
02:17:07 Saving config file
02:18:07 saveConfig: auto-save-60s
02:18:07 Saving config file
02:19:07 saveConfig: auto-save-60s
02:19:07 Saving config file
02:20:07 saveConfig: auto-save-60s
02:20:07 Saving config file
02:21:07 saveConfig: auto-save-60s
02:21:07 Saving config file
02:22:07 saveConfig: auto-save-60s
02:22:07 Saving config file
02:23:07 saveConfig: auto-save-60s
02:23:07 Saving config file
02:24:07 saveConfig: auto-save-60s
02:24:07 Saving config file
02:25:07 saveConfig: auto-save-60s
02:25:07 Saving config file
02:26:07 saveConfig: auto-save-60s
02:26:07 Saving config file
02:27:07 saveConfig: auto-save-60s
02:27:07 Saving config file
02:28:07 saveConfig: auto-save-60s
02:28:07 Saving config file
02:29:07 saveConfig: auto-save-60s
02:29:07 Saving config file
02:30:07 saveConfig: auto-save-60s
02:30:07 Saving config file
02:31:07 saveConfig: auto-save-60s
02:31:07 Saving config file
02:32:07 saveConfig: auto-save-60s
02:32:07 Saving config file
02:33:07 saveConfig: auto-save-60s
02:33:07 Saving config file
02:34:07 saveConfig: auto-save-60s
02:34:07 Saving config file
02:35:07 saveConfig: auto-save-60s
02:35:07 Saving config file
02:36:07 saveConfig: auto-save-60s
02:36:07 Saving config file
02:37:07 saveConfig: auto-save-60s
02:37:07 Saving config file
02:38:07 saveConfig: auto-save-60s
02:38:07 Saving config file
02:39:07 saveConfig: auto-save-60s
02:39:07 Saving config file
02:40:07 saveConfig: auto-save-60s
02:40:07 Saving config file
02:41:07 saveConfig: auto-save-60s
02:41:07 Saving config file
02:42:07 saveConfig: auto-save-60s
02:42:07 Saving config file
02:43:07 saveConfig: auto-save-60s
02:43:07 Saving config file
02:44:07 saveConfig: auto-save-60s
02:44:07 Saving config file
02:45:07 saveConfig: auto-save-60s
02:45:07 Saving config file
02:46:07 saveConfig: auto-save-60s
02:46:07 Saving config file
02:47:07 saveConfig: auto-save-60s
02:47:07 Saving config file
02:48:07 saveConfig: auto-save-60s
02:48:07 Saving config file
02:49:07 saveConfig: auto-save-60s
02:49:07 Saving config file
02:50:07 saveConfig: auto-save-60s
02:50:07 Saving config file
02:51:07 saveConfig: auto-save-60s
02:51:07 Saving config file
02:52:07 saveConfig: auto-save-60s
02:52:07 Saving config file
02:53:07 saveConfig: auto-save-60s
02:53:07 Saving config file
02:54:07 saveConfig: auto-save-60s
02:54:07 Saving config file
02:55:07 saveConfig: auto-save-60s
02:55:07 Saving config file
02:56:07 saveConfig: auto-save-60s
02:56:07 Saving config file
02:57:07 saveConfig: auto-save-60s
02:57:07 Saving config file
02:58:07 saveConfig: auto-save-60s
02:58:07 Saving config file
02:59:07 saveConfig: auto-save-60s
02:59:07 Saving config file
03:00:07 saveConfig: auto-save-60s
03:00:07 Saving config file
03:01:07 saveConfig: auto-save-60s
03:01:07 Saving config file
03:02:07 saveConfig: auto-save-60s
03:02:07 Saving config file
03:03:07 saveConfig: auto-save-60s
03:03:07 Saving config file
03:04:07 saveConfig: auto-save-60s
03:04:07 Saving config file
03:05:07 saveConfig: auto-save-60s
03:05:07 Saving config file
03:06:07 saveConfig: auto-save-60s
03:06:07 Saving config file
03:07:07 saveConfig: auto-save-60s
03:07:07 Saving config file
03:08:07 saveConfig: auto-save-60s
03:08:07 Saving config file
03:09:07 saveConfig: auto-save-60s
03:09:07 Saving config file
03:10:07 saveConfig: auto-save-60s
03:10:07 Saving config file
03:11:07 saveConfig: auto-save-60s
03:11:07 Saving config file
03:12:07 saveConfig: auto-save-60s
03:12:07 Saving config file
03:13:07 saveConfig: auto-save-60s
03:13:07 Saving config file
03:14:07 saveConfig: auto-save-60s
03:14:07 Saving config file
03:15:07 saveConfig: auto-save-60s
03:15:07 Saving config file
03:16:07 saveConfig: auto-save-60s
03:16:07 Saving config file
03:17:07 saveConfig: auto-save-60s
03:17:07 Saving config file
03:18:07 saveConfig: auto-save-60s
03:18:07 Saving config file
03:19:07 saveConfig: auto-save-60s
03:19:07 Saving config file
03:20:07 saveConfig: auto-save-60s
03:20:07 Saving config file
03:21:07 saveConfig: auto-save-60s
03:21:07 Saving config file
03:22:07 saveConfig: auto-save-60s
03:22:07 Saving config file
03:23:07 saveConfig: auto-save-60s
03:23:07 Saving config file
03:24:07 saveConfig: auto-save-60s
03:24:07 Saving config file
03:25:07 saveConfig: auto-save-60s
03:25:07 Saving config file
03:26:07 saveConfig: auto-save-60s
03:26:07 Saving config file
03:27:07 saveConfig: auto-save-60s
03:27:07 Saving config file
03:28:07 saveConfig: auto-save-60s
03:28:07 Saving config file
03:29:07 saveConfig: auto-save-60s
03:29:07 Saving config file
03:30:07 saveConfig: auto-save-60s
03:30:07 Saving config file
03:31:07 saveConfig: auto-save-60s
03:31:07 Saving config file
03:32:07 saveConfig: auto-save-60s
03:32:07 Saving config file
03:33:07 saveConfig: auto-save-60s
03:33:07 Saving config file
03:34:07 saveConfig: auto-save-60s
03:34:07 Saving config file
03:35:07 saveConfig: auto-save-60s
03:35:07 Saving config file
03:36:07 saveConfig: auto-save-60s
03:36:07 Saving config file
03:37:07 saveConfig: auto-save-60s
03:37:07 Saving config file
03:38:07 saveConfig: auto-save-60s
03:38:07 Saving config file
03:39:07 saveConfig: auto-save-60s
03:39:07 Saving config file
03:40:07 saveConfig: auto-save-60s
03:40:07 Saving config file
03:41:07 saveConfig: auto-save-60s
03:41:07 Saving config file
03:42:07 saveConfig: auto-save-60s
03:42:07 Saving config file
03:43:07 saveConfig: auto-save-60s
03:43:07 Saving config file
03:44:07 saveConfig: auto-save-60s
03:44:07 Saving config file
03:45:07 saveConfig: auto-save-60s
03:45:07 Saving config file
03:46:07 saveConfig: auto-save-60s
03:46:07 Saving config file
03:47:07 saveConfig: auto-save-60s
03:47:07 Saving config file
03:48:07 saveConfig: auto-save-60s
03:48:07 Saving config file
03:49:07 saveConfig: auto-save-60s
03:49:07 Saving config file
03:50:07 saveConfig: auto-save-60s
03:50:07 Saving config file
03:51:07 saveConfig: auto-save-60s
03:51:07 Saving config file
03:52:07 saveConfig: auto-save-60s
03:52:07 Saving config file
03:53:07 saveConfig: auto-save-60s
03:53:07 Saving config file
03:54:07 saveConfig: auto-save-60s
03:54:07 Saving config file
03:55:07 saveConfig: auto-save-60s
03:55:07 Saving config file
03:56:07 saveConfig: auto-save-60s
03:56:07 Saving config file
03:57:07 saveConfig: auto-save-60s
03:57:07 Saving config file
03:58:07 saveConfig: auto-save-60s
03:58:07 Saving config file
03:59:07 saveConfig: auto-save-60s
03:59:07 Saving config file
04:00:07 saveConfig: auto-save-60s
04:00:07 Saving config file
04:01:07 saveConfig: auto-save-60s
04:01:07 Saving config file
04:02:07 saveConfig: auto-save-60s
04:02:07 Saving config file
04:03:07 saveConfig: auto-save-60s
04:03:07 Saving config file
04:04:07 saveConfig: auto-save-60s
04:04:07 Saving config file
04:05:07 saveConfig: auto-save-60s
04:05:07 Saving config file
04:06:07 saveConfig: auto-save-60s
04:06:07 Saving config file
04:07:07 saveConfig: auto-save-60s
04:07:07 Saving config file
04:08:07 saveConfig: auto-save-60s
04:08:07 Saving config file
04:09:07 saveConfig: auto-save-60s
04:09:07 Saving config file
04:10:07 saveConfig: auto-save-60s
04:10:07 Saving config file
04:11:07 saveConfig: auto-save-60s
04:11:07 Saving config file
04:12:07 saveConfig: auto-save-60s
04:12:07 Saving config file
04:13:07 saveConfig: auto-save-60s
04:13:07 Saving config file
04:14:07 saveConfig: auto-save-60s
04:14:07 Saving config file
04:15:07 saveConfig: auto-save-60s
04:15:07 Saving config file
04:16:07 saveConfig: auto-save-60s
04:16:07 Saving config file
04:17:07 saveConfig: auto-save-60s
04:17:07 Saving config file
04:18:07 saveConfig: auto-save-60s
04:18:07 Saving config file
04:19:07 saveConfig: auto-save-60s
04:19:07 Saving config file
04:20:07 saveConfig: auto-save-60s
04:20:07 Saving config file
04:21:07 saveConfig: auto-save-60s
04:21:07 Saving config file
04:22:07 saveConfig: auto-save-60s
04:22:07 Saving config file
04:23:07 saveConfig: auto-save-60s
04:23:07 Saving config file
04:24:07 saveConfig: auto-save-60s
04:24:07 Saving config file
04:25:07 saveConfig: auto-save-60s
04:25:07 Saving config file
04:26:07 saveConfig: auto-save-60s
04:26:07 Saving config file
04:27:07 saveConfig: auto-save-60s
04:27:07 Saving config file
04:28:07 saveConfig: auto-save-60s
04:28:07 Saving config file
04:29:07 saveConfig: auto-save-60s
04:29:07 Saving config file
04:30:07 saveConfig: auto-save-60s
04:30:07 Saving config file
04:31:07 saveConfig: auto-save-60s
04:31:07 Saving config file
04:32:07 saveConfig: auto-save-60s
04:32:07 Saving config file
04:33:07 saveConfig: auto-save-60s
04:33:07 Saving config file
04:34:07 saveConfig: auto-save-60s
04:34:07 Saving config file
04:35:07 saveConfig: auto-save-60s
04:35:07 Saving config file
04:36:07 saveConfig: auto-save-60s
04:36:07 Saving config file
04:37:07 saveConfig: auto-save-60s
04:37:07 Saving config file
04:38:07 saveConfig: auto-save-60s
04:38:07 Saving config file
04:39:07 saveConfig: auto-save-60s
04:39:07 Saving config file
04:40:07 saveConfig: auto-save-60s
04:40:07 Saving config file
04:41:07 saveConfig: auto-save-60s
04:41:07 Saving config file
04:42:07 saveConfig: auto-save-60s
04:42:07 Saving config file
04:43:07 saveConfig: auto-save-60s
04:43:07 Saving config file
04:44:07 saveConfig: auto-save-60s
04:44:07 Saving config file
04:45:07 saveConfig: auto-save-60s
04:45:07 Saving config file
04:46:07 saveConfig: auto-save-60s
04:46:07 Saving config file
04:47:07 saveConfig: auto-save-60s
04:47:07 Saving config file
04:48:07 saveConfig: auto-save-60s
04:48:07 Saving config file
04:49:07 saveConfig: auto-save-60s
04:49:07 Saving config file
04:50:07 saveConfig: auto-save-60s
04:50:07 Saving config file
04:51:07 saveConfig: auto-save-60s
04:51:07 Saving config file
04:52:07 saveConfig: auto-save-60s
04:52:07 Saving config file
04:53:07 saveConfig: auto-save-60s
04:53:07 Saving config file
04:54:07 saveConfig: auto-save-60s
04:54:07 Saving config file
04:55:07 saveConfig: auto-save-60s
04:55:07 Saving config file
04:56:07 saveConfig: auto-save-60s
04:56:07 Saving config file
04:57:07 saveConfig: auto-save-60s
04:57:07 Saving config file
04:58:07 saveConfig: auto-save-60s
04:58:07 Saving config file
04:59:07 saveConfig: auto-save-60s
04:59:07 Saving config file
05:00:07 saveConfig: auto-save-60s
05:00:07 Saving config file
05:01:07 saveConfig: auto-save-60s
05:01:07 Saving config file
05:02:07 saveConfig: auto-save-60s
05:02:07 Saving config file
05:03:07 saveConfig: auto-save-60s
05:03:07 Saving config file
05:04:07 saveConfig: auto-save-60s
05:04:07 Saving config file
05:05:07 saveConfig: auto-save-60s
05:05:07 Saving config file
05:06:07 saveConfig: auto-save-60s
05:06:07 Saving config file
05:07:07 saveConfig: auto-save-60s
05:07:07 Saving config file
05:08:07 saveConfig: auto-save-60s
05:08:07 Saving config file
05:09:07 saveConfig: auto-save-60s
05:09:07 Saving config file
05:10:07 saveConfig: auto-save-60s
05:10:07 Saving config file
05:11:07 saveConfig: auto-save-60s
05:11:07 Saving config file
05:12:07 saveConfig: auto-save-60s
05:12:07 Saving config file
05:13:07 saveConfig: auto-save-60s
05:13:07 Saving config file
05:14:07 saveConfig: auto-save-60s
05:14:07 Saving config file
05:15:07 saveConfig: auto-save-60s
05:15:07 Saving config file
05:16:07 saveConfig: auto-save-60s
05:16:07 Saving config file
05:17:07 saveConfig: auto-save-60s
05:17:07 Saving config file
05:18:07 saveConfig: auto-save-60s
05:18:07 Saving config file
05:19:07 saveConfig: auto-save-60s
05:19:07 Saving config file
05:20:07 saveConfig: auto-save-60s
05:20:07 Saving config file
05:21:07 saveConfig: auto-save-60s
05:21:07 Saving config file
05:22:07 saveConfig: auto-save-60s
05:22:07 Saving config file
05:23:07 saveConfig: auto-save-60s
05:23:07 Saving config file
05:24:07 saveConfig: auto-save-60s
05:24:07 Saving config file
05:25:07 saveConfig: auto-save-60s
05:25:07 Saving config file
05:26:07 saveConfig: auto-save-60s
05:26:07 Saving config file
05:27:07 saveConfig: auto-save-60s
05:27:07 Saving config file
05:28:07 saveConfig: auto-save-60s
05:28:07 Saving config file
05:29:07 saveConfig: auto-save-60s
05:29:07 Saving config file
05:30:07 saveConfig: auto-save-60s
05:30:07 Saving config file
05:31:07 saveConfig: auto-save-60s
05:31:07 Saving config file
05:32:07 saveConfig: auto-save-60s
05:32:07 Saving config file
05:33:07 saveConfig: auto-save-60s
05:33:07 Saving config file
05:34:07 saveConfig: auto-save-60s
05:34:07 Saving config file
05:35:07 saveConfig: auto-save-60s
05:35:07 Saving config file
05:36:07 saveConfig: auto-save-60s
05:36:07 Saving config file
05:37:07 saveConfig: auto-save-60s
05:37:07 Saving config file
05:38:07 saveConfig: auto-save-60s
05:38:07 Saving config file
05:39:07 saveConfig: auto-save-60s
05:39:07 Saving config file
05:40:07 saveConfig: auto-save-60s
05:40:07 Saving config file
05:41:07 saveConfig: auto-save-60s
05:41:07 Saving config file
05:42:07 saveConfig: auto-save-60s
05:42:07 Saving config file
05:43:07 saveConfig: auto-save-60s
05:43:07 Saving config file
05:44:07 saveConfig: auto-save-60s
05:44:07 Saving config file
05:45:07 saveConfig: auto-save-60s
05:45:07 Saving config file
05:46:07 saveConfig: auto-save-60s
05:46:07 Saving config file
05:47:07 saveConfig: auto-save-60s
05:47:07 Saving config file
05:48:07 saveConfig: auto-save-60s
05:48:07 Saving config file
05:49:07 saveConfig: auto-save-60s
05:49:07 Saving config file
05:50:07 saveConfig: auto-save-60s
05:50:07 Saving config file
05:51:07 saveConfig: auto-save-60s
05:51:07 Saving config file
05:52:07 saveConfig: auto-save-60s
05:52:07 Saving config file
05:53:07 saveConfig: auto-save-60s
05:53:07 Saving config file
05:54:07 saveConfig: auto-save-60s
05:54:07 Saving config file
05:55:07 saveConfig: auto-save-60s
05:55:07 Saving config file
05:56:07 saveConfig: auto-save-60s
05:56:07 Saving config file
05:57:07 saveConfig: auto-save-60s
05:57:07 Saving config file
05:58:07 saveConfig: auto-save-60s
05:58:07 Saving config file
05:59:07 saveConfig: auto-save-60s
05:59:07 Saving config file
06:00:07 saveConfig: auto-save-60s
06:00:07 Saving config file
06:01:07 saveConfig: auto-save-60s
06:01:07 Saving config file
06:02:07 saveConfig: auto-save-60s
06:02:07 Saving config file
06:03:07 saveConfig: auto-save-60s
06:03:07 Saving config file
06:04:07 saveConfig: auto-save-60s
06:04:07 Saving config file
06:05:07 saveConfig: auto-save-60s
06:05:07 Saving config file
06:06:07 saveConfig: auto-save-60s
06:06:07 Saving config file
06:07:07 saveConfig: auto-save-60s
06:07:07 Saving config file
06:08:07 saveConfig: auto-save-60s
06:08:07 Saving config file
06:09:07 saveConfig: auto-save-60s
06:09:07 Saving config file
06:10:07 saveConfig: auto-save-60s
06:10:07 Saving config file
06:11:07 saveConfig: auto-save-60s
06:11:07 Saving config file
06:12:07 saveConfig: auto-save-60s
06:12:07 Saving config file
06:13:07 saveConfig: auto-save-60s
06:13:07 Saving config file
06:14:07 saveConfig: auto-save-60s
06:14:07 Saving config file
06:15:07 saveConfig: auto-save-60s
06:15:07 Saving config file
06:16:07 saveConfig: auto-save-60s
06:16:07 Saving config file
06:17:07 saveConfig: auto-save-60s
06:17:07 Saving config file
06:18:07 saveConfig: auto-save-60s
06:18:07 Saving config file
06:19:07 saveConfig: auto-save-60s
06:19:07 Saving config file
06:20:07 saveConfig: auto-save-60s
06:20:07 Saving config file
06:21:07 saveConfig: auto-save-60s
06:21:07 Saving config file
06:22:07 saveConfig: auto-save-60s
06:22:07 Saving config file
06:23:07 saveConfig: auto-save-60s
06:23:07 Saving config file
06:24:07 saveConfig: auto-save-60s
06:24:07 Saving config file
06:25:07 saveConfig: auto-save-60s
06:25:07 Saving config file
06:26:07 saveConfig: auto-save-60s
06:26:07 Saving config file
06:27:07 saveConfig: auto-save-60s
06:27:07 Saving config file
06:28:07 saveConfig: auto-save-60s
06:28:07 Saving config file
06:29:07 saveConfig: auto-save-60s
06:29:07 Saving config file
06:30:07 saveConfig: auto-save-60s
06:30:07 Saving config file
06:31:07 saveConfig: auto-save-60s
06:31:07 Saving config file
06:32:07 saveConfig: auto-save-60s
06:32:07 Saving config file
06:33:07 saveConfig: auto-save-60s
06:33:07 Saving config file
06:34:07 saveConfig: auto-save-60s
06:34:07 Saving config file
06:35:07 saveConfig: auto-save-60s
06:35:07 Saving config file
06:36:07 saveConfig: auto-save-60s
06:36:07 Saving config file
06:37:07 saveConfig: auto-save-60s
06:37:07 Saving config file
06:38:07 saveConfig: auto-save-60s
06:38:07 Saving config file
06:39:07 saveConfig: auto-save-60s
06:39:07 Saving config file
06:40:07 saveConfig: auto-save-60s
06:40:07 Saving config file
06:41:07 saveConfig: auto-save-60s
06:41:07 Saving config file
06:42:07 saveConfig: auto-save-60s
06:42:07 Saving config file
06:43:07 saveConfig: auto-save-60s
06:43:07 Saving config file
06:44:07 saveConfig: auto-save-60s
06:44:07 Saving config file
06:45:07 saveConfig: auto-save-60s
06:45:07 Saving config file
06:46:07 saveConfig: auto-save-60s
06:46:07 Saving config file
06:47:07 saveConfig: auto-save-60s
06:47:07 Saving config file
06:48:07 saveConfig: auto-save-60s
06:48:07 Saving config file
06:49:07 saveConfig: auto-save-60s
06:49:07 Saving config file
06:50:07 saveConfig: auto-save-60s
06:50:07 Saving config file
06:51:07 saveConfig: auto-save-60s
06:51:07 Saving config file
06:52:07 saveConfig: auto-save-60s
06:52:07 Saving config file
06:53:07 saveConfig: auto-save-60s
06:53:07 Saving config file
06:54:07 saveConfig: auto-save-60s
06:54:07 Saving config file
06:55:07 saveConfig: auto-save-60s
06:55:07 Saving config file
06:56:07 saveConfig: auto-save-60s
06:56:07 Saving config file
06:57:07 saveConfig: auto-save-60s
06:57:07 Saving config file
06:58:07 saveConfig: auto-save-60s
06:58:07 Saving config file
06:59:07 saveConfig: auto-save-60s
06:59:07 Saving config file
07:00:07 saveConfig: auto-save-60s
07:00:07 Saving config file
07:01:07 saveConfig: auto-save-60s
07:01:07 Saving config file
07:02:07 saveConfig: auto-save-60s
07:02:07 Saving config file
07:03:07 saveConfig: auto-save-60s
07:03:07 Saving config file
07:04:07 saveConfig: auto-save-60s
07:04:07 Saving config file
07:05:07 saveConfig: auto-save-60s
07:05:07 Saving config file
07:06:07 saveConfig: auto-save-60s
07:06:07 Saving config file
07:07:07 saveConfig: auto-save-60s
07:07:07 Saving config file
07:08:07 saveConfig: auto-save-60s
07:08:07 Saving config file
07:09:07 saveConfig: auto-save-60s
07:09:07 Saving config file
07:10:07 saveConfig: auto-save-60s
07:10:07 Saving config file
07:11:07 saveConfig: auto-save-60s
07:11:07 Saving config file
07:12:07 saveConfig: auto-save-60s
07:12:07 Saving config file
07:13:07 saveConfig: auto-save-60s
07:13:07 Saving config file
07:14:07 saveConfig: auto-save-60s
07:14:07 Saving config file
07:15:07 saveConfig: auto-save-60s
07:15:07 Saving config file
07:16:07 saveConfig: auto-save-60s
07:16:07 Saving config file
07:17:07 saveConfig: auto-save-60s
07:17:07 Saving config file
07:18:07 saveConfig: auto-save-60s
07:18:07 Saving config file
07:19:07 saveConfig: auto-save-60s
07:19:07 Saving config file
07:20:07 saveConfig: auto-save-60s
07:20:07 Saving config file
07:20:33 saveConfig: saving-data
07:20:33 Saving sacks file
07:20:34 saveConfig: saving-data
07:20:34 Saving sacks file
07:20:52 saveConfig: saving-data
07:20:52 Saving sacks file
07:21:07 saveConfig: auto-save-60s
07:21:07 Saving config file
07:22:07 saveConfig: auto-save-60s
07:22:07 Saving config file
07:23:07 saveConfig: auto-save-60s
07:23:07 Saving config file
07:24:07 saveConfig: auto-save-60s
07:24:07 Saving config file
07:25:07 saveConfig: auto-save-60s
07:25:07 Saving config file
07:26:07 saveConfig: auto-save-60s
07:26:07 Saving config file
07:27:07 saveConfig: auto-save-60s
07:27:07 Saving config file
07:28:07 saveConfig: auto-save-60s
07:28:07 Saving config file
07:29:07 saveConfig: auto-save-60s
07:29:07 Saving config file
07:30:07 saveConfig: auto-save-60s
07:30:07 Saving config file
07:31:07 saveConfig: auto-save-60s
07:31:07 Saving config file
07:32:07 saveConfig: auto-save-60s
07:32:07 Saving config file
07:33:07 saveConfig: auto-save-60s
07:33:07 Saving config file
07:34:07 saveConfig: auto-save-60s
07:34:07 Saving config file
07:35:07 saveConfig: auto-save-60s
07:35:07 Saving config file
07:36:07 saveConfig: auto-save-60s
07:36:07 Saving config file
07:37:07 saveConfig: auto-save-60s
07:37:07 Saving config file
07:38:07 saveConfig: auto-save-60s
07:38:07 Saving config file
07:39:07 saveConfig: auto-save-60s
07:39:07 Saving config file
07:40:07 saveConfig: auto-save-60s
07:40:07 Saving config file
07:41:07 saveConfig: auto-save-60s
07:41:07 Saving config file
07:42:07 saveConfig: auto-save-60s
07:42:07 Saving config file
07:43:07 saveConfig: auto-save-60s
07:43:07 Saving config file
07:44:07 saveConfig: auto-save-60s
07:44:07 Saving config file
07:45:07 saveConfig: auto-save-60s
07:45:07 Saving config file
07:46:07 saveConfig: auto-save-60s
07:46:07 Saving config file
07:47:07 saveConfig: auto-save-60s
07:47:07 Saving config file
07:48:07 saveConfig: auto-save-60s
07:48:07 Saving config file
07:49:07 saveConfig: auto-save-60s
07:49:07 Saving config file
07:50:07 saveConfig: auto-save-60s
07:50:07 Saving config file
07:51:07 saveConfig: auto-save-60s
07:51:07 Saving config file
07:52:07 saveConfig: auto-save-60s
07:52:07 Saving config file
07:53:07 saveConfig: auto-save-60s
07:53:07 Saving config file
07:54:07 saveConfig: auto-save-60s
07:54:07 Saving config file
07:55:07 saveConfig: auto-save-60s
07:55:07 Saving config file
07:56:07 saveConfig: auto-save-60s
07:56:07 Saving config file
07:57:07 saveConfig: auto-save-60s
07:57:07 Saving config file
07:58:07 saveConfig: auto-save-60s
07:58:07 Saving config file
07:59:07 saveConfig: auto-save-60s
07:59:07 Saving config file
08:00:07 saveConfig: auto-save-60s
08:00:07 Saving config file
08:01:07 saveConfig: auto-save-60s
08:01:07 Saving config file
08:02:07 saveConfig: auto-save-60s
08:02:07 Saving config file
08:03:07 saveConfig: auto-save-60s
08:03:07 Saving config file
08:04:07 saveConfig: auto-save-60s
08:04:07 Saving config file
08:05:07 saveConfig: auto-save-60s
08:05:07 Saving config file
08:06:07 saveConfig: auto-save-60s
08:06:07 Saving config file
08:07:07 saveConfig: auto-save-60s
08:07:07 Saving config file
08:08:07 saveConfig: auto-save-60s
08:08:07 Saving config file
08:09:07 saveConfig: auto-save-60s
08:09:07 Saving config file
08:10:07 saveConfig: auto-save-60s
08:10:07 Saving config file
08:11:07 saveConfig: auto-save-60s
08:11:07 Saving config file
08:12:07 saveConfig: auto-save-60s
08:12:07 Saving config file
08:13:07 saveConfig: auto-save-60s
08:13:07 Saving config file
08:14:07 saveConfig: auto-save-60s
08:14:07 Saving config file
08:15:07 saveConfig: auto-save-60s
08:15:07 Saving config file
08:16:07 saveConfig: auto-save-60s
08:16:07 Saving config file
08:16:28 saveConfig: saving-data
08:16:28 Saving sacks file
08:17:07 saveConfig: auto-save-60s
08:17:07 Saving config file
08:18:07 saveConfig: auto-save-60s
08:18:07 Saving config file
08:19:07 saveConfig: auto-save-60s
08:19:07 Saving config file
08:20:07 saveConfig: auto-save-60s
08:20:07 Saving config file
08:21:07 saveConfig: auto-save-60s
08:21:07 Saving config file
08:22:07 saveConfig: auto-save-60s
08:22:07 Saving config file
08:23:07 saveConfig: auto-save-60s
08:23:07 Saving config file
08:24:07 saveConfig: auto-save-60s
08:24:07 Saving config file
08:25:07 saveConfig: auto-save-60s
08:25:07 Saving config file
08:26:07 saveConfig: auto-save-60s
08:26:07 Saving config file
08:27:07 saveConfig: auto-save-60s
08:27:07 Saving config file
08:28:07 saveConfig: auto-save-60s
08:28:07 Saving config file
08:29:07 saveConfig: auto-save-60s
08:29:07 Saving config file
08:30:07 saveConfig: auto-save-60s
08:30:07 Saving config file
08:31:07 saveConfig: auto-save-60s
08:31:07 Saving config file
08:32:07 saveConfig: auto-save-60s
08:32:07 Saving config file
08:33:07 saveConfig: auto-save-60s
08:33:07 Saving config file
08:34:07 saveConfig: auto-save-60s
08:34:07 Saving config file
08:35:07 saveConfig: auto-save-60s
08:35:07 Saving config file
08:36:07 saveConfig: auto-save-60s
08:36:07 Saving config file
08:37:07 saveConfig: auto-save-60s
08:37:07 Saving config file
08:38:07 saveConfig: auto-save-60s
08:38:07 Saving config file
08:39:07 saveConfig: auto-save-60s
08:39:07 Saving config file
08:40:07 saveConfig: auto-save-60s
08:40:07 Saving config file
08:41:07 saveConfig: auto-save-60s
08:41:07 Saving config file
08:42:07 saveConfig: auto-save-60s
08:42:07 Saving config file
08:43:07 saveConfig: auto-save-60s
08:43:07 Saving config file
08:44:07 saveConfig: auto-save-60s
08:44:07 Saving config file
08:45:07 saveConfig: auto-save-60s
08:45:07 Saving config file
08:46:07 saveConfig: auto-save-60s
08:46:07 Saving config file
08:47:07 saveConfig: auto-save-60s
08:47:07 Saving config file
08:48:07 saveConfig: auto-save-60s
08:48:07 Saving config file
08:49:07 saveConfig: auto-save-60s
08:49:07 Saving config file
08:50:07 saveConfig: auto-save-60s
08:50:07 Saving config file
08:51:07 saveConfig: auto-save-60s
08:51:07 Saving config file
08:52:07 saveConfig: auto-save-60s
08:52:07 Saving config file
08:53:07 saveConfig: auto-save-60s
08:53:07 Saving config file
08:54:07 saveConfig: auto-save-60s
08:54:07 Saving config file
08:55:07 saveConfig: auto-save-60s
08:55:07 Saving config file
08:56:07 saveConfig: auto-save-60s
08:56:07 Saving config file
08:57:07 saveConfig: auto-save-60s
08:57:07 Saving config file
08:58:07 saveConfig: auto-save-60s
08:58:07 Saving config file
08:59:07 saveConfig: auto-save-60s
08:59:07 Saving config file
09:00:07 saveConfig: auto-save-60s
09:00:07 Saving config file
09:01:07 saveConfig: auto-save-60s
09:01:07 Saving config file
09:02:07 saveConfig: auto-save-60s
09:02:07 Saving config file
09:03:07 saveConfig: auto-save-60s
09:03:07 Saving config file
09:04:07 saveConfig: auto-save-60s
09:04:07 Saving config file
09:05:07 saveConfig: auto-save-60s
09:05:07 Saving config file
09:06:07 saveConfig: auto-save-60s
09:06:07 Saving config file
09:07:07 saveConfig: auto-save-60s
09:07:07 Saving config file
09:08:07 saveConfig: auto-save-60s
09:08:07 Saving config file
09:09:07 saveConfig: auto-save-60s
09:09:07 Saving config file
09:10:07 saveConfig: auto-save-60s
09:10:07 Saving config file
09:11:07 saveConfig: auto-save-60s
09:11:07 Saving config file
09:12:07 saveConfig: auto-save-60s
09:12:07 Saving config file
09:13:07 saveConfig: auto-save-60s
09:13:07 Saving config file
09:14:07 saveConfig: auto-save-60s
09:14:07 Saving config file
09:15:07 saveConfig: auto-save-60s
09:15:07 Saving config file
09:16:07 saveConfig: auto-save-60s
09:16:07 Saving config file
09:17:07 saveConfig: auto-save-60s
09:17:07 Saving config file
09:18:07 saveConfig: auto-save-60s
09:18:07 Saving config file
09:19:07 saveConfig: auto-save-60s
09:19:07 Saving config file
09:20:07 saveConfig: auto-save-60s
09:20:07 Saving config file
09:21:07 saveConfig: auto-save-60s
09:21:07 Saving config file
09:22:07 saveConfig: auto-save-60s
09:22:07 Saving config file
09:23:07 saveConfig: auto-save-60s
09:23:07 Saving config file
09:24:07 saveConfig: auto-save-60s
09:24:07 Saving config file
09:25:07 saveConfig: auto-save-60s
09:25:07 Saving config file
09:26:07 saveConfig: auto-save-60s
09:26:07 Saving config file
09:27:07 saveConfig: auto-save-60s
09:27:07 Saving config file
09:28:07 saveConfig: auto-save-60s
09:28:07 Saving config file
09:29:07 saveConfig: auto-save-60s
09:29:07 Saving config file
09:30:07 saveConfig: auto-save-60s
09:30:07 Saving config file
09:31:07 saveConfig: auto-save-60s
09:31:07 Saving config file
09:32:07 saveConfig: auto-save-60s
09:32:07 Saving config file
09:33:07 saveConfig: auto-save-60s
09:33:07 Saving config file
09:34:07 saveConfig: auto-save-60s
09:34:07 Saving config file
09:35:07 saveConfig: auto-save-60s
09:35:07 Saving config file
09:35:21 saveConfig: saving-data
09:35:21 Saving sacks file
09:36:07 saveConfig: auto-save-60s
09:36:07 Saving config file
09:37:07 saveConfig: auto-save-60s
09:37:07 Saving config file
09:38:07 saveConfig: auto-save-60s
09:38:07 Saving config file
09:39:07 saveConfig: auto-save-60s
09:39:07 Saving config file
09:40:07 saveConfig: auto-save-60s
09:40:07 Saving config file
09:41:07 saveConfig: auto-save-60s
09:41:07 Saving config file
09:42:07 saveConfig: auto-save-60s
09:42:07 Saving config file
09:43:07 saveConfig: auto-save-60s
09:43:07 Saving config file
09:44:07 saveConfig: auto-save-60s
09:44:07 Saving config file
09:45:07 saveConfig: auto-save-60s
09:45:07 Saving config file
09:46:07 saveConfig: auto-save-60s
09:46:07 Saving config file
09:47:07 saveConfig: auto-save-60s
09:47:07 Saving config file
09:48:07 saveConfig: auto-save-60s
09:48:07 Saving config file
09:49:07 saveConfig: auto-save-60s
09:49:07 Saving config file
09:50:07 saveConfig: auto-save-60s
09:50:07 Saving config file
09:51:07 saveConfig: auto-save-60s
09:51:07 Saving config file
09:52:07 saveConfig: auto-save-60s
09:52:07 Saving config file
09:53:07 saveConfig: auto-save-60s
09:53:07 Saving config file
09:54:07 saveConfig: auto-save-60s
09:54:07 Saving config file
09:55:07 saveConfig: auto-save-60s
09:55:07 Saving config file
09:56:07 saveConfig: auto-save-60s
09:56:07 Saving config file
09:57:07 saveConfig: auto-save-60s
09:57:07 Saving config file
09:58:07 saveConfig: auto-save-60s
09:58:07 Saving config file
09:59:07 saveConfig: auto-save-60s
09:59:07 Saving config file
10:00:07 saveConfig: auto-save-60s
10:00:07 Saving config file
10:01:07 saveConfig: auto-save-60s
10:01:07 Saving config file
10:02:07 saveConfig: auto-save-60s
10:02:07 Saving config file
10:03:07 saveConfig: auto-save-60s
10:03:07 Saving config file
10:04:07 saveConfig: auto-save-60s
10:04:07 Saving config file
10:05:07 saveConfig: auto-save-60s
10:05:07 Saving config file
10:06:07 saveConfig: auto-save-60s
10:06:07 Saving config file
10:07:07 saveConfig: auto-save-60s
10:07:07 Saving config file
10:08:07 saveConfig: auto-save-60s
10:08:07 Saving config file
10:09:07 saveConfig: auto-save-60s
10:09:07 Saving config file
10:10:07 saveConfig: auto-save-60s
10:10:07 Saving config file
10:11:07 saveConfig: auto-save-60s
10:11:07 Saving config file
10:12:07 saveConfig: auto-save-60s
10:12:07 Saving config file
10:13:07 saveConfig: auto-save-60s
10:13:07 Saving config file
10:14:07 saveConfig: auto-save-60s
10:14:07 Saving config file
10:15:07 saveConfig: auto-save-60s
10:15:07 Saving config file
10:16:07 saveConfig: auto-save-60s
10:16:07 Saving config file
10:17:07 saveConfig: auto-save-60s
10:17:07 Saving config file
10:18:07 saveConfig: auto-save-60s
10:18:07 Saving config file
10:19:07 saveConfig: auto-save-60s
10:19:07 Saving config file
10:20:07 saveConfig: auto-save-60s
10:20:07 Saving config file
10:21:07 saveConfig: auto-save-60s
10:21:07 Saving config file
10:22:07 saveConfig: auto-save-60s
10:22:07 Saving config file
10:23:07 saveConfig: auto-save-60s
10:23:07 Saving config file
10:24:07 saveConfig: auto-save-60s
10:24:07 Saving config file
10:25:07 saveConfig: auto-save-60s
10:25:07 Saving config file
10:26:07 saveConfig: auto-save-60s
10:26:07 Saving config file
10:27:07 saveConfig: auto-save-60s
10:27:07 Saving config file
10:28:07 saveConfig: auto-save-60s
10:28:07 Saving config file
10:29:07 saveConfig: auto-save-60s
10:29:07 Saving config file
10:30:07 saveConfig: auto-save-60s
10:30:07 Saving config file
10:31:07 saveConfig: auto-save-60s
10:31:07 Saving config file
10:32:07 saveConfig: auto-save-60s
10:32:07 Saving config file
10:33:07 saveConfig: auto-save-60s
10:33:07 Saving config file
10:34:07 saveConfig: auto-save-60s
10:34:07 Saving config file
10:35:07 saveConfig: auto-save-60s
10:35:07 Saving config file
10:36:07 saveConfig: auto-save-60s
10:36:07 Saving config file
10:37:07 saveConfig: auto-save-60s
10:37:07 Saving config file
10:38:07 saveConfig: auto-save-60s
10:38:07 Saving config file
10:39:07 saveConfig: auto-save-60s
10:39:07 Saving config file
10:40:07 saveConfig: auto-save-60s
10:40:07 Saving config file
10:41:07 saveConfig: auto-save-60s
10:41:07 Saving config file
10:42:07 saveConfig: auto-save-60s
10:42:07 Saving config file
10:42:33 saveConfig: saving-data
10:42:33 Saving sacks file
10:42:52 saveConfig: saving-data
10:42:52 Saving sacks file
10:43:07 saveConfig: auto-save-60s
10:43:07 Saving config file
10:44:07 saveConfig: auto-save-60s
10:44:07 Saving config file
10:45:07 saveConfig: auto-save-60s
10:45:07 Saving config file
10:46:07 saveConfig: auto-save-60s
10:46:07 Saving config file
10:47:07 saveConfig: auto-save-60s
10:47:07 Saving config file
10:48:07 saveConfig: auto-save-60s
10:48:07 Saving config file
10:49:07 saveConfig: auto-save-60s
10:49:07 Saving config file
10:50:07 saveConfig: auto-save-60s
10:50:07 Saving config file
10:51:07 saveConfig: auto-save-60s
10:51:07 Saving config file
10:52:07 saveConfig: auto-save-60s
10:52:07 Saving config file
10:53:07 saveConfig: auto-save-60s
10:53:07 Saving config file
10:54:07 saveConfig: auto-save-60s
10:54:07 Saving config file
10:55:07 saveConfig: auto-save-60s
10:55:07 Saving config file
10:56:07 saveConfig: auto-save-60s
10:56:07 Saving config file
10:57:07 saveConfig: auto-save-60s
10:57:07 Saving config file
10:58:07 saveConfig: auto-save-60s
10:58:07 Saving config file
10:59:07 saveConfig: auto-save-60s
10:59:07 Saving config file
11:00:07 saveConfig: auto-save-60s
11:00:07 Saving config file
11:01:07 saveConfig: auto-save-60s
11:01:07 Saving config file
11:01:21 saveConfig: saving-data
11:01:21 Saving sacks file
11:02:07 saveConfig: auto-save-60s
11:02:07 Saving config file
11:03:07 saveConfig: auto-save-60s
11:03:07 Saving config file
11:04:07 saveConfig: auto-save-60s
11:04:07 Saving config file
11:05:07 saveConfig: auto-save-60s
11:05:07 Saving config file
11:06:07 saveConfig: auto-save-60s
11:06:07 Saving config file
11:07:07 saveConfig: auto-save-60s
11:07:07 Saving config file
11:08:07 saveConfig: auto-save-60s
11:08:07 Saving config file
11:09:07 saveConfig: auto-save-60s
11:09:07 Saving config file
11:09:39 saveConfig: saving-data
11:09:39 Saving sacks file
11:10:07 saveConfig: auto-save-60s
11:10:07 Saving config file
11:11:07 saveConfig: auto-save-60s
11:11:07 Saving config file
11:12:07 saveConfig: auto-save-60s
11:12:07 Saving config file
11:12:44 saveConfig: saving-data
11:12:44 Saving sacks file
11:12:46 saveConfig: saving-data
11:12:46 Saving sacks file
11:13:07 saveConfig: auto-save-60s
11:13:07 Saving config file
11:14:07 saveConfig: auto-save-60s
11:14:07 Saving config file
11:15:07 saveConfig: auto-save-60s
11:15:07 Saving config file
11:16:07 saveConfig: auto-save-60s
11:16:07 Saving config file
11:17:07 saveConfig: auto-save-60s
11:17:07 Saving config file
11:18:07 saveConfig: auto-save-60s
11:18:07 Saving config file
11:19:02 saveConfig: saving-data
11:19:02 Saving sacks file
11:19:07 saveConfig: auto-save-60s
11:19:07 Saving config file
11:19:36 saveConfig: saving-data
11:19:36 Saving sacks file
11:20:07 saveConfig: auto-save-60s
11:20:07 Saving config file
11:21:07 saveConfig: auto-save-60s
11:21:07 Saving config file
11:22:07 saveConfig: auto-save-60s
11:22:07 Saving config file
11:23:07 saveConfig: auto-save-60s
11:23:07 Saving config file
11:24:07 saveConfig: auto-save-60s
11:24:07 Saving config file
11:25:07 saveConfig: auto-save-60s
11:25:07 Saving config file
11:26:07 saveConfig: auto-save-60s
11:26:07 Saving config file
11:27:07 saveConfig: auto-save-60s
11:27:07 Saving config file
11:28:07 saveConfig: auto-save-60s
11:28:07 Saving config file
11:29:07 saveConfig: auto-save-60s
11:29:07 Saving config file
11:30:07 saveConfig: auto-save-60s
11:30:07 Saving config file
11:31:07 saveConfig: auto-save-60s
11:31:07 Saving config file
11:32:07 saveConfig: auto-save-60s
11:32:07 Saving config file
11:33:07 saveConfig: auto-save-60s
11:33:07 Saving config file
11:34:07 saveConfig: auto-save-60s
11:34:07 Saving config file
11:35:07 saveConfig: auto-save-60s
11:35:07 Saving config file
11:36:07 saveConfig: auto-save-60s
11:36:07 Saving config file
11:37:07 saveConfig: auto-save-60s
11:37:07 Saving config file
11:38:07 saveConfig: auto-save-60s
11:38:07 Saving config file
11:39:07 saveConfig: auto-save-60s
11:39:07 Saving config file
11:40:07 saveConfig: auto-save-60s
11:40:07 Saving config file
11:41:07 saveConfig: auto-save-60s
11:41:07 Saving config file
11:42:07 saveConfig: auto-save-60s
11:42:07 Saving config file
11:43:07 saveConfig: auto-save-60s
11:43:07 Saving config file
11:44:07 saveConfig: auto-save-60s
11:44:07 Saving config file
11:45:07 saveConfig: auto-save-60s
11:45:07 Saving config file
11:46:07 saveConfig: auto-save-60s
11:46:07 Saving config file
11:47:07 saveConfig: auto-save-60s
11:47:07 Saving config file
11:47:20 saveConfig: shutdown-hook
11:47:20 Saving config file
