17:45:58 §f                                  §6§lBESTIARY
17:45:58 §f                              §b§lGolem §7§8XIV §8➡§b §bXV
17:45:58 
17:45:58 §f                                  §r§6§lREWARDS
17:45:58 §f                           §r§8+§r§a4 Golem §r§b✯ Magic Find
17:45:58 §f                           §r§8+§r§a4 Golem §r§c❁ Strength
17:45:58 §f                               §r§8+§r§62% §r§aGolem §r§7coins
17:45:58 §f                    §r§8+§r§a50% §r§7chance for extra XP orbs
17:45:58 §f                               §r§8+§r§b1 SkyBlock XP
17:45:58 
17:45:58 §3§l▬▬▬▬▬▬▬▬▬▬▬▬▬▬▬▬▬▬▬▬▬▬▬▬▬▬▬▬▬▬▬▬▬▬▬▬▬▬▬▬▬▬▬▬▬▬▬▬▬▬▬▬▬▬▬▬▬▬▬▬▬▬▬▬
19:17:23 §f                                  §6§lBESTIARY
19:17:23 §f                     §b§lHeadless Horseman §7§8X §8➡§b §bXI
19:17:23 
19:17:23 §f                                  §r§6§lREWARDS
19:17:23 §f                  §r§8+§r§a4 §r§6Headless Horseman §r§b✯ Magic Find
19:17:23 §f                   §r§8+§r§a4 §r§6Headless Horseman §r§c❁ Strength
19:17:23 §f                      §r§8+§r§62% §r§a§r§6Headless Horseman §r§7coins
19:17:23 §f                    §r§8+§r§a50% §r§7chance for extra XP orbs
19:17:23 §f                               §r§8+§r§b1 SkyBlock XP
19:17:23 
19:17:23 §3§l▬▬▬▬▬▬▬▬▬▬▬▬▬▬▬▬▬▬▬▬▬▬▬▬▬▬▬▬▬▬▬▬▬▬▬▬▬▬▬▬▬▬▬▬▬▬▬▬▬▬▬▬▬▬▬▬▬▬▬▬▬▬▬▬
23:11:28 §f                                  §6§lBESTIARY
23:11:28 §f                    §b§lUndead Skeleton §7§8XXIII §8➡§b §bXXIV
23:11:28 
23:11:28 §f                                  §r§6§lREWARDS
23:11:28 §f                    §r§8+§r§a6 Undead Skeleton §r§b✯ Magic Find
23:11:28 §f                    §r§8+§r§a6 Undead Skeleton §r§c❁ Strength
23:11:28 §f                        §r§8+§r§62% §r§aUndead Skeleton §r§7coins
23:11:28 §f                    §r§8+§r§a50% §r§7chance for extra XP orbs
23:11:28 §f                               §r§8+§r§b1 SkyBlock XP
23:11:28 
23:11:28 §3§l▬▬▬▬▬▬▬▬▬▬▬▬▬▬▬▬▬▬▬▬▬▬▬▬▬▬▬▬▬▬▬▬▬▬▬▬▬▬▬▬▬▬▬▬▬▬▬▬▬▬▬▬▬▬▬▬▬▬▬▬▬▬▬▬
