14:11:10 §f §r§r§r§f §r§r§r§1 §r§r§r§0 §r§r§r§2 §r§r§r§f §r§r§r§f §r§r§r§2 §r§r§r§0 §r§r§r§4 §r§r§r§3 §r§r§r§9 §r§r§r§2 §r§r§r§0 §r§r§r§0 §r§r§r§3 §r§r§r§9 §r§r§r§2 §r§r§r§0 §r§r§r§0 §r§r§r§3 §r§r§r§9 §r§r§r§2 §r§r§r§0 §r§r§r§0 
14:11:10 
14:11:21 §8 §r§8 §r§1 §r§3 §r§3 §r§7 §r§8 
14:11:23 
14:11:23 
14:11:24  
14:11:24   
14:11:25  
14:11:25   
14:12:25  
14:12:25   
14:13:25  
14:13:25   
14:14:25  
14:14:25   
14:15:26  
14:15:26   
14:16:26  
14:16:26   
14:17:26  
14:17:26   
14:18:26  
14:18:26   
14:19:26  
14:19:26   
14:20:27  
14:20:27   
14:21:27  
14:21:27   
14:22:27  
14:22:27   
14:23:27  
14:23:27   
14:24:28  
14:24:28   
14:25:28  
14:25:28   
14:26:28  
14:26:28   
14:27:29  
14:27:29   
14:28:29  
14:28:29   
14:29:29  
14:29:29   
14:30:29  
14:30:29   
14:31:29  
14:31:29   
14:32:29  
14:32:29   
14:33:30  
14:33:30   
14:34:30  
14:34:30   
14:35:30  
14:35:30   
14:36:30  
14:36:30   
14:37:30  
14:37:30   
14:38:30  
14:38:30   
14:39:30  
14:39:31   
14:40:31  
14:40:31   
14:41:31  
14:41:31   
14:42:31  
14:42:31   
14:43:31  
14:43:31   
14:44:32  
14:44:32   
14:45:32  
14:45:32   
14:46:32  
14:46:32   
14:47:33  
14:47:33   
14:48:33  
14:48:33   
14:49:34  
14:49:34   
14:50:34  
14:50:34   
14:51:35  
14:51:35   
14:52:35  
14:52:35   
14:53:36  
14:53:36   
14:54:36  
14:54:36   
14:55:36  
14:55:36   
14:56:37  
14:56:37   
14:57:37  
14:57:37   
14:58:37  
14:58:37   
14:59:38  
14:59:38   
15:00:02 §f
15:00:02 §c
15:00:38  
15:00:38   
15:01:38  
15:01:38   
15:02:38  
15:02:38   
15:03:39  
15:03:39   
15:04:39  
15:04:39   
15:05:39  
15:05:39   
15:06:39  
15:06:39   
15:07:39  
15:07:39   
15:08:39  
15:08:39   
15:09:39  
15:09:39   
15:10:39  
15:10:40   
15:11:40  
15:11:40   
15:12:40  
15:12:40   
15:13:40  
15:13:40   
15:14:40  
15:14:40   
15:15:40  
15:15:40   
15:16:40  
15:16:40   
15:17:40  
15:17:40   
15:18:41  
15:18:41   
15:19:41  
15:19:41   
15:20:41  
15:20:41   
15:21:41  
15:21:41   
15:22:41  
15:22:41   
15:23:41  
15:23:41   
15:24:41  
15:24:41   
15:25:41  
15:25:41   
15:26:42  
15:26:42   
15:27:42  
15:27:42   
15:28:08 §8 §r§8 §r§1 §r§3 §r§3 §r§7 §r§8 
15:28:12  
15:28:12   
15:28:41  
15:28:41   
15:29:14 §8 §r§8 §r§1 §r§3 §r§3 §r§7 §r§8 
15:29:18  
15:29:18   
15:29:19  
15:29:19   
15:30:19  
15:30:19   
15:31:19  
15:31:19   
15:32:19  
15:32:19   
15:33:19  
15:33:19   
15:34:19  
15:34:19   
15:35:15 
15:35:15 
15:35:20  
15:35:20   
15:36:20  
15:36:20   
15:37:20  
15:37:20   
15:38:20  
15:38:20   
15:39:21  
15:39:21   
15:40:21  
15:40:21   
15:41:21  
15:41:21   
15:42:21  
15:42:21   
15:43:21  
15:43:21   
15:44:21  
15:44:21   
15:45:22  
15:45:22   
15:46:22  
15:46:22   
15:47:22  
15:47:22   
15:48:22  
15:48:22   
15:49:22  
15:49:22   
15:50:22  
15:50:22   
15:51:23  
15:51:23   
15:52:23  
15:52:23   
15:53:23  
15:53:23   
15:54:23  
15:54:23   
15:55:23  
15:55:23   
15:56:23  
15:56:23   
15:57:24  
15:57:24   
15:58:24  
15:58:24   
15:59:24  
15:59:24   
16:00:24  
16:00:24   
16:01:24  
16:01:24   
16:02:24  
16:02:24   
16:03:24  
16:03:24   
16:04:25  
16:04:25   
16:05:25  
16:05:25   
16:06:25  
16:06:25   
16:07:25  
16:07:25   
16:08:25  
16:08:25   
16:09:25  
16:09:25   
16:10:25  
16:10:25   
16:11:26  
16:11:26   
16:12:26  
16:12:26   
16:13:26  
16:13:26   
16:14:26  
16:14:26   
16:15:26  
16:15:26   
16:16:27  
16:16:27   
16:17:27  
16:17:27   
16:18:27  
16:18:27   
16:19:27  
16:19:27   
16:20:27  
16:20:27   
16:21:27  
16:21:27   
16:22:28  
16:22:28   
16:23:28  
16:23:28   
16:24:28  
16:24:28   
16:25:28  
16:25:28   
16:26:28  
16:26:28   
16:27:28  
16:27:28   
16:28:28  
16:28:28   
16:29:29  
16:29:29   
16:30:29  
16:30:29   
16:31:29  
16:31:29   
16:32:29  
16:32:29   
16:33:29  
16:33:29   
16:34:29  
16:34:29   
16:35:30  
16:35:30   
16:36:30  
16:36:30   
16:37:30  
16:37:30   
16:38:30  
16:38:30   
16:39:30  
16:39:30   
16:40:26 
16:40:26 
16:40:30  
16:40:30   
16:41:30  
16:41:30   
16:42:31  
16:42:31   
16:43:31  
16:43:31   
16:44:31  
16:44:31   
16:45:31  
16:45:31   
16:46:31  
16:46:31   
16:47:31  
16:47:31   
16:48:32  
16:48:32   
16:49:32  
16:49:32   
16:50:32  
16:50:32   
16:51:32  
16:51:32   
16:52:32  
16:52:32   
16:53:32  
16:53:32   
16:54:32  
16:54:32   
16:55:33  
16:55:33   
16:56:33  
16:56:33   
16:57:33  
16:57:33   
16:58:33  
16:58:33   
16:59:33  
16:59:33   
17:00:02 §f
17:00:03 §c
17:00:33  
17:00:33   
17:01:33  
17:01:33   
17:02:33  
17:02:33   
17:03:33  
17:03:33   
17:04:33 §f
17:04:33 §f
17:04:33 §f
17:04:33 §f
17:04:33 §f
17:04:33  
17:04:33   
17:05:29 
17:05:29 
17:05:34  
17:05:34   
17:06:34  
17:06:34   
17:07:34  
17:07:34   
17:08:34  
17:08:34   
17:09:34  
17:09:34   
17:10:34  
17:10:34   
17:11:28 §f
17:11:34  
17:11:34   
17:12:34  
17:12:34   
17:13:35  
17:13:35   
17:14:35  
17:14:35   
17:15:01 §8 §r§8 §r§1 §r§3 §r§3 §r§7 §r§8 
17:15:05  
17:15:05   
17:15:13  
17:15:13   
17:16:14  
17:16:14   
17:17:14  
17:17:14   
17:18:14  
17:18:14   
17:19:15  
17:19:15   
17:19:22 §8 §r§8 §r§1 §r§3 §r§3 §r§7 §r§8 
17:19:25  
17:19:25   
17:19:26  
17:19:26   
17:20:25  
17:20:25   
17:21:25  
17:21:25   
17:22:26  
17:22:26   
17:23:26  
17:23:26   
17:23:39 §8 §r§8 §r§1 §r§3 §r§3 §r§7 §r§8 
17:23:42  
17:23:42   
17:23:42  
17:23:42   
17:24:45  
17:24:45   
17:25:45  
17:25:45   
17:26:54  
17:26:54   
17:27:56  
17:27:56   
17:28:03 
17:28:04 
17:28:04 
17:28:04 
17:28:28 §8 §r§8 §r§1 §r§3 §r§3 §r§7 §r§8 
17:28:31  
17:28:31   
17:28:31  
17:28:31   
17:29:35  
17:29:35   
17:30:31 
17:30:31 
17:30:36  
17:30:36   
17:31:23 
17:31:23 
17:31:23 
17:31:23 
17:31:36  
17:31:36   
17:32:03 §8 §r§8 §r§1 §r§3 §r§3 §r§7 §r§8 
17:32:06  
17:32:06   
17:32:06  
17:32:06   
17:33:07  
17:33:07   
17:34:07  
17:34:07   
17:34:22 §8 §r§8 §r§1 §r§3 §r§3 §r§7 §r§8 
17:34:25  
17:34:25   
17:35:22  
17:35:22   
17:36:22  
17:36:22   
17:37:22  
17:37:23   
17:38:23  
17:38:23   
17:38:59 §8 §r§8 §r§1 §r§3 §r§3 §r§7 §r§8 
17:39:02  
17:39:02   
17:39:47  
17:39:47   
17:40:48  
17:40:48   
17:41:08 §8 §r§8 §r§1 §r§3 §r§3 §r§7 §r§8 
17:41:12  
17:41:12   
17:41:13  
17:41:13   
17:42:14  
17:42:14   
17:43:15  
17:43:15   
17:44:16  
17:44:16   
17:45:17  
17:45:17   
17:45:58  
17:46:18  
17:46:18   
17:47:01 
17:47:01 
17:47:01 
17:47:01 
17:47:19  
17:47:19   
17:48:19  
17:48:19   
17:49:19  
17:49:19   
17:50:02 §8 §r§8 §r§1 §r§3 §r§3 §r§7 §r§8 
17:50:06  
17:50:06   
17:50:42  
17:50:42   
17:51:42  
17:51:42   
17:52:43  
17:52:43   
17:53:43  
17:53:43   
17:54:43  
17:54:43   
17:55:40 
17:55:40 
17:55:44  
17:55:44   
17:56:44  
17:56:44   
17:57:12 §8 §r§8 §r§1 §r§3 §r§3 §r§7 §r§8 
17:57:15  
17:57:15   
17:57:15  
17:57:15   
17:58:17  
17:58:17   
17:59:17  
17:59:17   
18:00:19  
18:00:19   
18:00:39 
18:00:39 
18:00:39 
18:00:39 
18:00:55 §8 §r§8 §r§1 §r§3 §r§3 §r§7 §r§8 
18:00:59  
18:00:59   
18:00:59  
18:00:59   
18:02:00  
18:02:00   
18:02:56 
18:02:56 
18:02:56 
18:03:01  
18:03:01   
18:03:04 
18:03:04 
18:03:04 
18:03:11 
18:03:11 
18:03:11 
18:04:01  
18:04:01   
18:05:03 
18:05:03 
18:05:03 
18:05:03 
18:05:04  
18:05:04   
18:05:23 §8 §r§8 §r§1 §r§3 §r§3 §r§7 §r§8 
18:05:27  
18:05:27   
18:06:07  
18:06:07   
18:07:08  
18:07:08   
18:08:08  
18:08:08   
18:09:09  
18:09:09   
18:10:03 §8 §r§8 §r§1 §r§3 §r§3 §r§7 §r§8 
18:10:06  
18:10:06   
18:10:06  
18:10:06   
18:11:08  
18:11:08   
18:12:08  
18:12:08   
18:13:09  
18:13:09   
18:14:09  
18:14:09   
18:15:09  
18:15:09   
18:16:12  
18:16:12   
18:17:12  
18:17:12   
18:18:13  
18:18:13   
18:19:13  
18:19:13   
18:20:13  
18:20:13   
18:21:14  
18:21:14   
18:22:14  
18:22:14   
18:23:14  
18:23:14   
18:24:15  
18:24:15   
18:25:18  
18:25:18   
18:26:08 §8 §r§8 §r§1 §r§3 §r§3 §r§7 §r§8 
18:26:11  
18:26:11   
18:26:14 §8 §r§8 §r§1 §r§3 §r§3 §r§7 §r§8 
18:26:17  
18:26:17   
18:26:18  
18:26:18   
18:27:18  
18:27:18   
18:28:04 §8 §r§8 §r§1 §r§3 §r§3 §r§7 §r§8 
18:28:08  
18:28:08   
18:28:13 §8 §r§8 §r§1 §r§3 §r§3 §r§7 §r§8 
18:28:17  
18:28:17   
18:28:17  
18:28:17   
18:29:18  
18:29:18   
18:30:19  
18:30:19   
18:31:22  
18:31:22   
18:32:23  
18:32:23   
18:33:09 §8 §r§8 §r§1 §r§3 §r§3 §r§7 §r§8 
18:33:11  
18:33:11   
18:33:13  
18:33:13   
18:34:11  
18:34:11   
18:35:11  
18:35:11   
18:36:11  
18:36:11   
18:37:12  
18:37:12   
18:38:12  
18:38:12   
18:39:13  
18:39:13   
18:40:13  
18:40:13   
18:41:14  
18:41:14   
18:42:14  
18:42:14   
18:43:15  
18:43:15   
18:44:15  
18:44:15   
18:44:22 §8 §r§8 §r§1 §r§3 §r§3 §r§7 §r§8 
18:44:25  
18:44:25   
18:44:25  
18:44:25   
18:45:26  
18:45:26   
18:46:26  
18:46:26   
18:47:27  
18:47:27   
18:48:28  
18:48:28   
18:48:29 §8 §r§8 §r§1 §r§3 §r§3 §r§7 §r§8 
18:48:32  
18:48:32   
18:48:33  
18:48:33   
18:49:34  
18:49:34   
18:49:37 §8 §r§8 §r§1 §r§3 §r§3 §r§7 §r§8 
18:49:40  
18:49:40   
18:50:09  
18:50:09   
18:50:53 §8 §r§8 §r§1 §r§3 §r§3 §r§7 §r§8 
18:50:57  
18:50:57   
18:50:58  
18:50:58   
18:51:58  
18:51:58   
18:52:58  
18:52:58   
18:53:59  
18:53:59   
18:54:59  
18:54:59   
18:55:59  
18:55:59   
18:56:59  
18:56:59   
18:57:31 §8 §r§8 §r§1 §r§3 §r§3 §r§7 §r§8 
18:57:34  
18:57:34   
18:57:42 §8 §r§8 §r§1 §r§3 §r§3 §r§7 §r§8 
18:57:45  
18:57:45   
18:58:00  
18:58:00   
18:59:00  
18:59:00   
18:59:34 
18:59:34 
18:59:34 
18:59:34 
18:59:56 §8 §r§8 §r§1 §r§3 §r§3 §r§7 §r§8 
18:59:59  
18:59:59   
19:00:00  
19:00:00   
19:00:03 §f
19:00:03 §c
19:00:22 
19:00:22 
19:00:24 
19:00:24 
19:00:26 
19:00:26 
19:00:28 
19:00:28 
19:00:29 
19:00:29 
19:01:00  
19:01:00   
19:02:00  
19:02:00   
19:02:36 §8 §r§8 §r§1 §r§3 §r§3 §r§7 §r§8 
19:02:40  
19:02:40   
19:02:41  
19:02:41   
19:03:41  
19:03:41   
19:04:41  
19:04:41   
19:05:41  
19:05:41   
19:06:41  
19:06:41   
19:07:41  
19:07:41   
19:08:41  
19:08:41   
19:09:41  
19:09:41   
19:10:42  
19:10:42   
19:11:42  
19:11:42   
19:12:42  
19:12:42   
19:13:42  
19:13:42   
19:14:30 §8 §r§8 §r§1 §r§3 §r§3 §r§7 §r§8 
19:14:33  
19:14:33   
19:14:34 §8 §r§8 §r§1 §r§3 §r§3 §r§7 §r§8 
19:14:38  
19:14:38   
19:15:23 
19:15:23 
19:15:23 
19:15:23 
19:15:27  
19:15:27   
19:16:27  
19:16:28   
19:16:49 
19:16:49 
19:16:49 
19:16:49 
19:17:23 
19:17:23 
19:17:23 
19:17:23 
19:17:23  
19:17:28  
19:17:28   
19:17:49 §8 §r§8 §r§1 §r§3 §r§3 §r§7 §r§8 
19:17:52  
19:17:52   
19:17:53  
19:17:53   
19:18:53  
19:18:53   
19:19:45 
19:19:53  
19:19:53   
19:20:54  
19:20:54   
19:21:54  
19:21:54   
19:21:57 §8 §r§8 §r§1 §r§3 §r§3 §r§7 §r§8 
19:22:00  
19:22:00   
19:22:22  
19:22:22   
19:23:23  
19:23:23   
19:24:24  
19:24:24   
19:24:49 §8 §r§8 §r§1 §r§3 §r§3 §r§7 §r§8 
19:24:52  
19:24:52   
19:24:53  
19:24:53   
19:25:53  
19:25:53   
19:26:54  
19:26:54   
19:27:54  
19:27:54   
19:28:54  
19:28:54   
19:29:54  
19:29:54   
19:30:54  
19:30:54   
19:31:54  
19:31:54   
19:32:55  
19:32:55   
19:33:55  
19:33:55   
19:34:55  
19:34:55   
19:35:55  
19:35:55   
19:36:55  
19:36:55   
19:37:56  
19:37:56   
19:38:56  
19:38:56   
19:39:56  
19:39:56   
19:40:57  
19:40:57   
19:41:57  
19:41:57   
19:42:57  
19:42:57   
19:43:58  
19:43:58   
19:44:58  
19:44:58   
19:45:58  
19:45:58   
19:46:58  
19:46:58   
19:47:59  
19:47:59   
19:48:59  
19:48:59   
19:49:59  
19:49:59   
19:50:59  
19:50:59   
19:51:59  
19:51:59   
19:53:00  
19:53:00   
19:54:00  
19:54:00   
19:55:00  
19:55:00   
19:56:00  
19:56:00   
19:57:00  
19:57:00   
19:58:00  
19:58:00   
19:59:01  
19:59:01   
20:00:01  
20:00:01   
20:01:01  
20:01:01   
20:02:01  
20:02:01   
20:03:02  
20:03:02   
20:04:02  
20:04:02   
20:05:02  
20:05:02   
20:06:02  
20:06:02   
20:07:02  
20:07:02   
20:07:09 §8 §r§8 §r§1 §r§3 §r§3 §r§7 §r§8 
20:07:09  
20:07:09   
20:07:13  
20:07:13   
20:08:10  
20:08:10   
20:09:10  
20:09:10   
20:10:11  
20:10:11   
20:11:12  
20:11:12   
20:12:13  
20:12:13   
20:13:14  
20:13:14   
20:14:15  
20:14:15   
20:15:15  
20:15:15   
20:16:16  
20:16:16   
20:17:16  
20:17:16   
20:18:16  
20:18:16   
20:18:24 §8 §r§8 §r§1 §r§3 §r§3 §r§7 §r§8 
20:18:27  
20:18:27   
20:18:28  
20:18:28   
20:19:28  
20:19:28   
20:20:29  
20:20:29   
20:21:29  
20:21:29   
20:22:29  
20:22:29   
20:23:30  
20:23:30   
20:24:30  
20:24:30   
20:25:30  
20:25:30   
20:26:31  
20:26:31   
20:27:31  
20:27:31   
20:28:31  
20:28:31   
20:29:31  
20:29:31   
20:30:32  
20:30:32   
20:31:32  
20:31:32   
20:32:32  
20:32:32   
20:33:32  
20:33:32   
20:34:32  
20:34:32   
20:35:33  
20:35:33   
20:36:33  
20:36:33   
20:37:33  
20:37:33   
20:38:33  
20:38:33   
20:39:33  
20:39:33   
20:40:34  
20:40:34   
20:41:34  
20:41:34   
20:42:34  
20:42:34   
20:43:35  
20:43:35   
20:44:35  
20:44:35   
20:45:35  
20:45:35   
20:46:35  
20:46:35   
20:47:36  
20:47:36   
20:48:36  
20:48:36   
20:49:36  
20:49:36   
20:50:36  
20:50:36   
20:51:36  
20:51:36   
20:52:37  
20:52:37   
20:53:37  
20:53:37   
20:54:37  
20:54:37   
20:55:37  
20:55:37   
20:56:38  
20:56:38   
20:57:38  
20:57:38   
20:58:38  
20:58:38   
20:59:38  
20:59:38   
21:00:03 §f
21:00:03 §c
21:00:38  
21:00:38   
21:01:38  
21:01:38   
21:02:39  
21:02:39   
21:03:39  
21:03:39   
21:04:39  
21:04:39   
21:05:40  
21:05:40   
21:06:40  
21:06:40   
21:07:40  
21:07:40   
21:08:40  
21:08:40   
21:09:40  
21:09:40   
21:10:40  
21:10:40   
21:11:41  
21:11:41   
21:12:41  
21:12:41   
21:13:41  
21:13:41   
21:13:45 §8 §r§8 §r§1 §r§3 §r§3 §r§7 §r§8 
21:13:49  
21:13:49   
21:14:36  
21:14:36   
21:15:37  
21:15:37   
21:16:01 §8 §r§8 §r§1 §r§3 §r§3 §r§7 §r§8 
21:16:04  
21:16:04   
21:16:05  
21:16:05   
21:17:05  
21:17:05   
21:17:32 §f
21:18:05  
21:18:05   
21:19:05  
21:19:05   
21:19:25 §8 §r§8 §r§1 §r§3 §r§3 §r§7 §r§8 
21:19:28  
21:19:28   
21:19:46  
21:19:46   
21:20:46  
21:20:46   
21:21:47  
21:21:47   
21:22:56  
21:22:56   
21:23:23 §f §r§r§r§f §r§r§r§1 §r§r§r§0 §r§r§r§2 §r§r§r§f §r§r§r§f §r§r§r§2 §r§r§r§0 §r§r§r§4 §r§r§r§3 §r§r§r§9 §r§r§r§2 §r§r§r§0 §r§r§r§0 §r§r§r§3 §r§r§r§9 §r§r§r§2 §r§r§r§0 §r§r§r§0 §r§r§r§3 §r§r§r§9 §r§r§r§2 §r§r§r§0 §r§r§r§0 
21:23:23 
21:23:25 §8 §r§8 §r§1 §r§3 §r§3 §r§7 §r§8 
21:23:28 
21:23:28 
21:23:29  
21:23:29   
21:23:48  
21:23:48   
21:24:29 §f
21:24:48 §8 §r§8 §r§1 §r§3 §r§3 §r§7 §r§8 
21:24:50  
21:24:50   
21:24:51  
21:24:51   
21:25:04 §8 §r§8 §r§1 §r§3 §r§3 §r§7 §r§8 
21:25:07  
21:25:07   
21:25:07  
21:25:07   
21:25:10 §f
21:25:10 §f
21:26:08  
21:26:08   
21:27:09  
21:27:09   
21:28:09  
21:28:09   
21:29:10  
21:29:10   
21:29:55 
21:29:55 
21:29:55 
21:29:55 
21:29:57 
21:29:57 
21:30:02 §8 §r§8 §r§1 §r§3 §r§3 §r§7 §r§8 
21:30:05  
21:30:05   
21:30:06  
21:30:06   
21:30:37 
21:30:37 
21:30:37 
21:30:59 
21:30:59 
21:31:00 
21:31:06  
21:31:06   
21:31:33 
21:31:33 
21:31:33 
21:32:07  
21:32:07   
21:33:07  
21:33:07   
21:34:07  
21:34:07   
21:35:07  
21:35:07   
21:35:10 
21:35:10 
21:35:10 
21:35:10 
21:35:12 
21:35:12 
21:35:19 §8 §r§8 §r§1 §r§3 §r§3 §r§7 §r§8 
21:35:20 §f
21:35:20 §f
21:35:22  
21:35:22   
21:35:22  
21:35:22   
21:36:23  
21:36:23   
21:37:23  
21:37:23   
21:38:24  
21:38:24   
21:39:14 
21:39:15 
21:39:15 
21:39:15 
21:39:16 
21:39:16 
21:39:22 §8 §r§8 §r§1 §r§3 §r§3 §r§7 §r§8 
21:39:26  
21:39:26   
21:39:26  
21:39:26   
21:40:26  
21:40:26   
21:41:05 
21:41:05 
21:41:05 
21:41:12 
21:41:12 
21:41:12 
21:41:19 
21:41:19 
21:41:19 
21:41:28  
21:41:28   
21:42:29  
21:42:29   
21:43:01 
21:43:02 
21:43:02 
21:43:02 
21:43:03 
21:43:03 
21:43:11 §8 §r§8 §r§1 §r§3 §r§3 §r§7 §r§8 
21:43:14  
21:43:14   
21:43:14  
21:43:14   
21:44:15  
21:44:15   
21:45:16  
21:45:16   
21:46:16  
21:46:16   
21:46:47 
21:46:48 
21:46:48 
21:46:48 
21:46:49 
21:46:49 
21:47:00 §8 §r§8 §r§1 §r§3 §r§3 §r§7 §r§8 
21:47:03  
21:47:03   
21:47:03  
21:47:03   
21:47:46 
21:47:46 
21:47:46 
21:47:53 
21:47:53 
21:47:53 
21:48:01 
21:48:01 
21:48:01 
21:48:06  
21:48:06   
21:49:08  
21:49:08   
21:49:08  
21:49:08   
21:50:08  
21:50:08   
21:50:08  
21:50:08   
21:51:01 
21:51:01 
21:51:01 
21:51:01 
21:51:03 
21:51:03 
21:51:07 §8 §r§8 §r§1 §r§3 §r§3 §r§7 §r§8 
21:51:11  
21:51:11   
21:51:11  
21:51:11   
21:51:43  
21:51:43   
21:51:43  
21:51:43   
21:51:57 §8 §r§8 §r§1 §r§3 §r§3 §r§7 §r§8 
21:52:00  
21:52:00   
21:52:00  
21:52:00   
21:52:00  
21:52:00   
21:52:00  
21:52:00   
21:53:02  
21:53:02   
21:53:02  
21:53:02   
21:53:38 
21:53:38 
21:53:38 
21:54:03  
21:54:03   
21:54:03  
21:54:03   
21:55:03  
21:55:03   
21:55:03  
21:55:03   
21:55:09 
21:55:09 
21:55:09 
21:55:20 
21:55:20 
21:55:20 
21:56:04  
21:56:04   
21:56:04  
21:56:04   
21:56:32 
21:56:32 
21:56:32 
21:56:32 
21:56:34 
21:56:34 
21:57:04  
21:57:04   
21:57:04  
21:57:04   
21:58:04  
21:58:04   
21:58:04  
21:58:04   
21:58:32 §8 §r§8 §r§1 §r§3 §r§3 §r§7 §r§8 
21:58:36  
21:58:36   
21:58:36  
21:58:36   
21:58:45 §f
21:58:58 §8 §r§8 §r§1 §r§3 §r§3 §r§7 §r§8 
21:59:01  
21:59:01   
21:59:01  
21:59:01   
21:59:02  
21:59:02   
21:59:02  
21:59:02   
21:59:24 
21:59:24 
21:59:24 
21:59:31 
21:59:31 
21:59:31 
21:59:39 
21:59:39 
21:59:39 
22:00:02  
22:00:02   
22:00:02  
22:00:02   
22:01:02  
22:01:02   
22:01:02  
22:01:02   
22:02:03  
22:02:03   
22:02:03  
22:02:03   
22:02:47 
22:02:47 
22:02:47 
22:02:47 
22:02:49 
22:02:49 
22:02:57 §8 §r§8 §r§1 §r§3 §r§3 §r§7 §r§8 
22:03:00  
22:03:00   
22:03:00  
22:03:00   
22:03:00  
22:03:00   
22:03:00  
22:03:00   
22:04:01  
22:04:01   
22:04:01  
22:04:01   
22:05:01  
22:05:01   
22:05:01  
22:05:01   
22:06:02  
22:06:02   
22:06:02  
22:06:02   
22:06:48 
22:06:48 
22:06:48 
22:06:48 
22:06:50 
22:06:50 
22:06:56 §8 §r§8 §r§1 §r§3 §r§3 §r§7 §r§8 
22:07:00  
22:07:00   
22:07:00  
22:07:00   
22:07:04  
22:07:04   
22:07:04  
22:07:04   
22:07:07 §8 §r§8 §r§1 §r§3 §r§3 §r§7 §r§8 
22:07:10  
22:07:10   
22:07:10  
22:07:10   
22:07:14 §8 §r§8 §r§1 §r§3 §r§3 §r§7 §r§8 
22:07:18  
22:07:18   
22:07:18  
22:07:18   
22:07:24 §8 §r§8 §r§1 §r§3 §r§3 §r§7 §r§8 
22:07:27  
22:07:27   
22:07:27  
22:07:27   
22:07:27  
22:07:27   
22:07:27  
22:07:27   
22:08:11 
22:08:11 
22:08:11 
22:08:19 
22:08:19 
22:08:19 
22:08:26 
22:08:26 
22:08:26 
22:08:28  
22:08:28   
22:08:28  
22:08:28   
22:09:30  
22:09:30   
22:09:30  
22:09:30   
22:10:31  
22:10:31   
22:10:31  
22:10:31   
22:11:03 
22:11:03 
22:11:03 
22:11:03 
22:11:05 
22:11:05 
22:11:14 §8 §r§8 §r§1 §r§3 §r§3 §r§7 §r§8 
22:11:18  
22:11:18   
22:11:18  
22:11:18   
22:11:30  
22:11:30   
22:11:30  
22:11:30   
22:12:30  
22:12:30   
22:12:30  
22:12:30   
22:12:37 §8 §r§8 §r§1 §r§3 §r§3 §r§7 §r§8 
22:12:41  
22:12:41   
22:12:41  
22:12:41   
22:12:41  
22:12:41   
22:12:41  
22:12:41   
22:13:41  
22:13:41   
22:13:41  
22:13:41   
22:13:52 
22:13:52 
22:13:52 
22:14:00 
22:14:00 
22:14:00 
22:14:09 
22:14:09 
22:14:09 
22:14:42  
22:14:42   
22:14:42  
22:14:42   
22:15:42  
22:15:42   
22:15:42  
22:15:42   
22:16:42  
22:16:42   
22:16:42  
22:16:42   
22:17:31 
22:17:31 
22:17:31 
22:17:31 
22:17:33 
22:17:33 
22:17:42  
22:17:42   
22:17:42  
22:17:42   
22:17:44 §8 §r§8 §r§1 §r§3 §r§3 §r§7 §r§8 
22:17:47  
22:17:47   
22:17:47  
22:17:47   
22:17:47  
22:17:47   
22:17:47  
22:17:47   
22:18:09 §8 §r§8 §r§1 §r§3 §r§3 §r§7 §r§8 
22:18:12  
22:18:12   
22:18:12  
22:18:12   
22:18:29 §8 §r§8 §r§1 §r§3 §r§3 §r§7 §r§8 
22:18:33  
22:18:33   
22:18:33  
22:18:33   
22:18:33  
22:18:33   
22:18:33  
22:18:33   
22:20:39  
22:20:39   
22:20:39  
22:20:39   
22:21:40  
22:21:40   
22:21:40  
22:21:40   
22:22:40  
22:22:40   
22:22:40  
22:22:40   
22:23:40 
22:23:40 
22:23:40 
22:23:40 
22:23:42 
22:23:42 
22:23:44  
22:23:44   
22:23:44  
22:23:44   
22:23:52 §8 §r§8 §r§1 §r§3 §r§3 §r§7 §r§8 
22:23:56  
22:23:56   
22:23:56  
22:23:56   
22:23:56  
22:23:56   
22:23:56  
22:23:56   
22:24:57  
22:24:57   
22:24:57  
22:24:57   
22:26:01  
22:26:01   
22:26:01  
22:26:01   
22:27:02  
22:27:02   
22:27:02  
22:27:02   
22:28:05  
22:28:05   
22:28:05  
22:28:05   
22:28:08 
22:28:08 
22:28:08 
22:28:08 
22:28:10 
22:28:10 
22:28:19 §8 §r§8 §r§1 §r§3 §r§3 §r§7 §r§8 
22:28:22  
22:28:22   
22:28:22  
22:28:22   
22:28:23  
22:28:23   
22:28:23  
22:28:23   
22:29:22  
22:29:22   
22:29:22  
22:29:22   
22:30:26  
22:30:26   
22:30:26  
22:30:26   
22:31:29  
22:31:29   
22:31:29  
22:31:29   
22:32:30  
22:32:30   
22:32:30  
22:32:30   
22:33:30  
22:33:30   
22:33:30  
22:33:30   
22:34:08 
22:34:08 
22:34:08 
22:34:08 
22:34:10 
22:34:10 
22:34:19 §8 §r§8 §r§1 §r§3 §r§3 §r§7 §r§8 
22:34:22  
22:34:22   
22:34:22  
22:34:22   
22:34:22  
22:34:22   
22:34:22  
22:34:22   
22:35:23  
22:35:23   
22:35:23  
22:35:23   
22:36:03 
22:36:03 
22:36:03 
22:36:10 
22:36:10 
22:36:10 
22:36:23  
22:36:23   
22:36:23  
22:36:23   
22:36:31 
22:36:31 
22:36:31 
22:37:27  
22:37:27   
22:37:27  
22:37:27   
22:38:29  
22:38:29   
22:38:29  
22:38:29   
22:39:07 
22:39:07 
22:39:07 
22:39:07 
22:39:09 
22:39:09 
22:39:19 §8 §r§8 §r§1 §r§3 §r§3 §r§7 §r§8 
22:39:23  
22:39:23   
22:39:23  
22:39:23   
22:39:23  
22:39:23   
22:39:23  
22:39:23   
22:40:02 
22:40:02 
22:40:02 
22:40:10 
22:40:10 
22:40:10 
22:40:18 
22:40:18 
22:40:18 
22:40:24  
22:40:24   
22:40:24  
22:40:24   
22:41:24  
22:41:24   
22:41:24  
22:41:24   
22:42:24  
22:42:24   
22:42:24  
22:42:24   
22:43:25  
22:43:25   
22:43:25  
22:43:25   
22:43:25 
22:43:26 
22:43:26 
22:43:26 
22:43:27 
22:43:27 
22:43:44 §8 §r§8 §r§1 §r§3 §r§3 §r§7 §r§8 
22:43:48  
22:43:48   
22:43:48  
22:43:48   
22:43:48  
22:43:48   
22:43:48  
22:43:48   
22:44:49  
22:44:49   
22:44:49  
22:44:49   
22:45:49  
22:45:49   
22:45:49  
22:45:49   
22:46:50  
22:46:50   
22:46:50  
22:46:50   
22:47:50  
22:47:50   
22:47:50  
22:47:50   
22:48:24 
22:48:24 
22:48:24 
22:48:24 
22:48:26 
22:48:26 
22:48:40 §8 §r§8 §r§1 §r§3 §r§3 §r§7 §r§8 
22:48:43  
22:48:43   
22:48:43  
22:48:43   
22:48:44  
22:48:44   
22:48:44  
22:48:44   
22:49:44  
22:49:44   
22:49:44  
22:49:44   
22:49:49 §8 §r§8 §r§1 §r§3 §r§3 §r§7 §r§8 
22:49:53  
22:49:53   
22:49:53  
22:49:53   
22:49:53  
22:49:53   
22:49:53  
22:49:53   
22:50:55  
22:50:55   
22:50:55  
22:50:55   
22:51:55  
22:51:55   
22:51:55  
22:51:55   
22:53:01  
22:53:01   
22:53:01  
22:53:01   
22:53:42 
22:53:43 
22:53:43 
22:53:43 
22:53:44 
22:53:44 
22:53:56 §8 §r§8 §r§1 §r§3 §r§3 §r§7 §r§8 
22:53:59  
22:53:59   
22:53:59  
22:53:59   
22:53:59  
22:53:59   
22:53:59  
22:53:59   
22:54:59  
22:54:59   
22:54:59  
22:54:59   
22:56:00  
22:56:00   
22:56:00  
22:56:00   
22:56:01 
22:56:01 
22:56:01 
22:56:08 
22:56:08 
22:56:08 
22:56:15 
22:56:15 
22:56:15 
22:57:00  
22:57:00   
22:57:00  
22:57:00   
22:57:51 
22:57:51 
22:57:51 
22:57:51 
22:57:53 
22:57:53 
22:58:00  
22:58:00   
22:58:00  
22:58:00   
22:58:03 §8 §r§8 §r§1 §r§3 §r§3 §r§7 §r§8 
22:58:04 §f
22:58:06  
22:58:06   
22:58:06  
22:58:06   
22:58:23  
22:58:23   
22:58:23  
22:58:23   
22:59:24  
22:59:24   
22:59:24  
22:59:24   
22:59:25 §8 §r§8 §r§1 §r§3 §r§3 §r§7 §r§8 
22:59:28  
22:59:28   
22:59:28  
22:59:28   
22:59:28  
22:59:28   
22:59:28  
22:59:28   
23:00:03 §f
23:00:03 §c
23:00:28  
23:00:28   
23:00:28  
23:00:28   
23:01:29  
23:01:29   
23:01:29  
23:01:29   
23:02:29  
23:02:29   
23:02:29  
23:02:29   
23:03:29  
23:03:29   
23:03:29  
23:03:29   
23:04:21 
23:04:21 
23:04:21 
23:04:21 
23:04:23 
23:04:23 
23:04:29  
23:04:29   
23:04:29  
23:04:29   
23:04:31 §8 §r§8 §r§1 §r§3 §r§3 §r§7 §r§8 
23:04:34  
23:04:34   
23:04:34  
23:04:34   
23:04:34  
23:04:34   
23:04:34  
23:04:34   
23:05:35  
23:05:35   
23:05:35  
23:05:35   
23:06:37  
23:06:37   
23:06:37  
23:06:37   
23:07:38  
23:07:38   
23:07:38  
23:07:38   
23:08:40  
23:08:40   
23:08:40  
23:08:40   
23:09:07 
23:09:08 
23:09:08 
23:09:08 
23:09:09 
23:09:09 
23:09:19 §8 §r§8 §r§1 §r§3 §r§3 §r§7 §r§8 
23:09:22  
23:09:22   
23:09:22  
23:09:22   
23:09:23  
23:09:23   
23:09:23  
23:09:23   
23:10:25 
23:10:25 
23:10:25 
23:10:26  
23:10:26   
23:10:26  
23:10:26   
23:10:32 
23:10:32 
23:10:32 
23:10:39 
23:10:39 
23:10:39 
23:11:27  
23:11:27   
23:11:27  
23:11:27   
23:11:28  
23:12:29  
23:12:29   
23:12:29  
23:12:29   
23:13:29  
23:13:29   
23:13:29  
23:13:29   
23:13:46 
23:13:47 
23:13:47 
23:13:47 
23:13:48 
23:13:48 
23:13:52 §8 §r§8 §r§1 §r§3 §r§3 §r§7 §r§8 
23:13:56  
23:13:56   
23:13:56  
23:13:56   
23:14:16  
23:14:16   
23:14:16  
23:14:16   
23:15:17  
23:15:17   
23:15:17  
23:15:17   
23:15:25 §8 §r§8 §r§1 §r§3 §r§3 §r§7 §r§8 
23:15:29  
23:15:29   
23:15:29  
23:15:29   
23:16:07  
23:16:07   
23:16:07  
23:16:07   
23:17:07  
23:17:07   
23:17:07  
23:17:07   
23:17:21 §8 §r§8 §r§1 §r§3 §r§3 §r§7 §r§8 
23:17:25  
23:17:25   
23:17:25  
23:17:25   
23:17:25  
23:17:25   
23:17:25  
23:17:26   
23:18:28  
23:18:28   
23:18:28  
23:18:28   
23:19:28  
23:19:28   
23:19:28  
23:19:28   
23:20:28 
23:20:28 
23:20:28 
23:20:29  
23:20:29   
23:20:29  
23:20:29   
23:20:36 
23:20:36 
23:20:36 
23:20:47 
23:20:47 
23:20:47 
23:21:30  
23:21:30   
23:21:30  
23:21:30   
23:22:17 
23:22:17 
23:22:17 
23:22:17 
23:22:19 
23:22:19 
23:22:27 §8 §r§8 §r§1 §r§3 §r§3 §r§7 §r§8 
23:22:30  
23:22:30   
23:22:30  
23:22:30   
23:22:30  
23:22:30   
23:22:30  
23:22:30   
23:23:28 
23:23:28 
23:23:28 
23:23:31  
23:23:31   
23:23:31  
23:23:31   
23:23:41 
23:23:41 
23:23:41 
23:23:49 
23:23:49 
23:23:49 
23:24:31  
23:24:31   
23:24:31  
23:24:31   
23:25:31  
23:25:31   
23:25:31  
23:25:31   
23:26:32  
23:26:32   
23:26:32  
23:26:32   
23:27:08 
23:27:08 
23:27:08 
23:27:08 
23:27:10 
23:27:10 
23:27:19 §8 §r§8 §r§1 §r§3 §r§3 §r§7 §r§8 
23:27:22  
23:27:22   
23:27:22  
23:27:22   
23:27:22  
23:27:22   
23:27:22  
23:27:22   
23:28:23  
23:28:23   
23:28:23  
23:28:23   
23:29:24  
23:29:24   
23:29:24  
23:29:24   
23:30:26  
23:30:26   
23:30:26  
23:30:26   
23:31:26  
23:31:26   
23:31:26  
23:31:26   
23:32:00 
23:32:01 
23:32:01 
23:32:01 
23:32:02 
23:32:02 
23:32:17 §8 §r§8 §r§1 §r§3 §r§3 §r§7 §r§8 
23:32:20  
23:32:20   
23:32:20  
23:32:20   
23:32:40 
23:32:40 
23:32:44 
23:32:44 
23:32:50 
23:32:50 
23:32:56 
23:32:56 
23:33:00 
23:33:00 
23:33:05 
23:33:05 
23:33:08 
23:33:08 
23:33:11 
23:33:11 
23:33:12  
23:33:12   
23:33:12  
23:33:12   
23:33:27 
23:33:27 
23:33:45 
23:33:45 
23:33:52 
23:33:52 
23:34:12  
23:34:12   
23:34:12  
23:34:12   
23:34:27 
23:34:27 
23:34:33 
23:34:33 
23:34:50 
23:34:50 
23:34:56 
23:34:56 
23:34:59 
23:34:59 
23:35:02 
23:35:02 
23:35:06 
23:35:06 
23:35:12 
23:35:12 
23:35:13  
23:35:13   
23:35:13  
23:35:13   
23:35:14 
23:35:14 
23:35:23 
23:35:23 
23:35:29 
23:35:29 
23:35:34 
23:35:34 
23:35:39 
23:35:39 
23:35:55 
23:35:55 
23:36:03 
23:36:03 
23:36:07 
23:36:07 
23:36:11 
23:36:11 
23:36:13  
23:36:13   
23:36:13  
23:36:13   
23:36:15 
23:36:15 
23:36:28 
23:36:28 
23:37:14  
23:37:14   
23:37:14  
23:37:14   
23:38:14  
23:38:14   
23:38:14  
23:38:14   
23:39:15  
23:39:15   
23:39:15  
23:39:15   
23:40:15  
23:40:15   
23:40:15  
23:40:15   
23:41:16  
23:41:16   
23:41:16  
23:41:16   
23:42:16  
23:42:16   
23:42:16  
23:42:16   
23:43:17  
23:43:17   
23:43:17  
23:43:17   
23:44:17  
23:44:17   
23:44:17  
23:44:17   
23:45:17  
23:45:17   
23:45:17  
23:45:17   
23:46:18  
23:46:18   
23:46:18  
23:46:18   
23:47:18  
23:47:18   
23:47:18  
23:47:18   
23:48:18  
23:48:18   
23:48:18  
23:48:18   
23:49:19  
23:49:19   
23:49:19  
23:49:19   
23:50:19  
23:50:19   
23:50:19  
23:50:19   
23:51:20  
23:51:20   
23:51:20  
23:51:20   
23:52:21  
23:52:21   
23:52:21  
23:52:21   
23:53:21  
23:53:21   
23:53:21  
23:53:21   
23:54:22  
23:54:22   
23:54:22  
23:54:22   
23:55:22  
23:55:22   
23:55:22  
23:55:22   
23:56:22  
23:56:22   
23:56:22  
23:56:22   
23:57:23  
23:57:23   
23:57:23  
23:57:23   
23:58:23  
23:58:23   
23:58:23  
23:58:23   
23:59:15 §8 §r§8 §r§1 §r§3 §r§3 §r§7 §r§8 
23:59:19  
23:59:19   
23:59:19  
23:59:19   
23:59:28  
23:59:28   
23:59:28  
23:59:28   
00:00:29  
00:00:29   
00:00:29  
00:00:29   
00:01:29  
00:01:29   
00:01:29  
00:01:29   
00:02:26 
00:02:26 
00:02:30  
00:02:30   
00:02:30  
00:02:30   
00:03:30  
00:03:30   
00:03:30  
00:03:30   
00:04:31  
00:04:31   
00:04:31  
00:04:31   
00:05:32  
00:05:32   
00:05:32  
00:05:32   
00:06:33  
00:06:33   
00:06:33  
00:06:33   
00:07:33  
00:07:33   
00:07:33  
00:07:33   
