15:29:24 §eYou received §a77x Enchanted Nether Wart §efor killing a §2Beetle§e!
15:29:31 §eYou received §a99x Enchanted Nether Wart §efor killing a §2Beetle§e!
15:29:40 §eYou received §a116x Enchanted Nether Wart §efor killing a §2Beetle§e!
15:29:53 §eYou received §a128x Enchanted Cocoa Beans §efor killing a §2Moth§e!
15:29:55 §eYou received §a46x Enchanted Wheat §efor killing a §2Fly§e!
15:30:08 §eYou received §a134x Enchanted Nether Wart §efor killing a §2Beetle§e!
15:30:11 §eYou received §a234x Enchanted Melon §efor killing an §2Earthworm§e!
15:30:19 §eYou received §a134x Enchanted Cocoa Beans §efor killing a §2Moth§e!
16:10:17 §eYou received §a45x Enchanted Wheat §efor killing a §2Fly§e!
16:10:23 §eYou received §a234x Enchanted Melon §efor killing an §2Earthworm§e!
16:10:33 §eYou received §a46x Enchanted Pumpkin §efor killing a §2Rat§e!
16:10:38 §eYou received §a95x Enchanted Sugar §efor killing a §2Mosquito§e!
16:10:38 §eYou received §a46x Enchanted Pumpkin §efor killing a §2Rat§e!
16:10:40 §eYou received §a46x Enchanted Pumpkin §efor killing a §2Rat§e!
16:10:42 §eYou received §a46x Enchanted Pumpkin §efor killing a §2Rat§e!
16:10:43 §eYou received §a46x Enchanted Pumpkin §efor killing a §2Rat§e!
16:10:44 §eYou received §a45x Enchanted Pumpkin §efor killing a §2Rat§e!
16:10:47 §eYou received §a95x Enchanted Sugar §efor killing a §2Mosquito§e!
16:10:48 §eYou received §a45x Enchanted Pumpkin §efor killing a §2Rat§e!
16:10:48 §eYou received §a94x Enchanted Cactus Green §efor killing a §2Mite§e!
16:45:10 §eYou received §a133x Enchanted Nether Wart §efor killing a §2Beetle§e!
16:45:16 §eYou received §a134x Enchanted Nether Wart §efor killing a §2Beetle§e!
16:45:27 §eYou received §a134x Enchanted Nether Wart §efor killing a §2Beetle§e!
16:45:34 §eYou received §a134x Enchanted Nether Wart §efor killing a §2Beetle§e!
17:10:15 §eYou received §a134x Enchanted Nether Wart §efor killing a §2Beetle§e!
17:10:16 §eYou received §a134x Enchanted Nether Wart §efor killing a §2Beetle§e!
17:10:27 §eYou received §a134x Enchanted Nether Wart §efor killing a §2Beetle§e!
17:10:32 §eYou received §a134x Enchanted Nether Wart §efor killing a §2Beetle§e!
