14:11:25 §bNew day! §r§eYour §r§2Sky Mall §r§ebuff changed!
14:11:25 §eNew buff§r§r§r: §r§f§r§a-20%§r§f Pickaxe Ability cooldowns.
14:11:25 §8§oYou can disable this messaging by toggling Sky Mall in your /hotm!
14:15:00 §bNew day! §r§eYour §r§2Sky Mall §r§ebuff changed!
14:15:00 §eNew buff§r§r§r: §r§fGain §r§6+100⸕ Mining Speed§r§f.
14:15:00 §8§oYou can disable this messaging by toggling Sky Mall in your /hotm!
14:35:00 §bNew day! §r§eYour §r§2Sky Mall §r§ebuff changed!
14:35:00 §eNew buff§r§r§r: §r§fGain §r§6+50☘ Mining Fortune§r§f.
14:35:00 §8§oYou can disable this messaging by toggling Sky Mall in your /hotm!
14:55:00 §bNew day! §r§eYour §r§2Sky Mall §r§ebuff changed!
14:55:00 §eNew buff§r§r§r: §r§f§r§a-20%§r§f Pickaxe Ability cooldowns.
14:55:00 §8§oYou can disable this messaging by toggling Sky Mall in your /hotm!
15:15:00 §bNew day! §r§eYour §r§2Sky Mall §r§ebuff changed!
15:15:00 §eNew buff§r§r§r: §r§f§r§a-20%§r§f Pickaxe Ability cooldowns.
15:15:00 §8§oYou can disable this messaging by toggling Sky Mall in your /hotm!
15:35:01 §bNew day! §r§eYour §r§2Sky Mall §r§ebuff changed!
15:35:01 §eNew buff§r§r§r: §r§f§r§a-20%§r§f Pickaxe Ability cooldowns.
15:35:01 §8§oYou can disable this messaging by toggling Sky Mall in your /hotm!
15:55:00 §bNew day! §r§eYour §r§2Sky Mall §r§ebuff changed!
15:55:00 §eNew buff§r§r§r: §r§fGain §r§a5x §r§9Titanium §r§fdrops
15:55:00 §8§oYou can disable this messaging by toggling Sky Mall in your /hotm!
16:15:01 §bNew day! §r§eYour §r§2Sky Mall §r§ebuff changed!
16:15:01 §eNew buff§r§r§r: §r§fGain §r§a+15% §r§fmore Powder while mining.
16:15:01 §8§oYou can disable this messaging by toggling Sky Mall in your /hotm!
16:35:01 §bNew day! §r§eYour §r§2Sky Mall §r§ebuff changed!
16:35:01 §eNew buff§r§r§r: §r§fGain §r§6+100⸕ Mining Speed§r§f.
16:35:01 §8§oYou can disable this messaging by toggling Sky Mall in your /hotm!
16:55:01 §bNew day! §r§eYour §r§2Sky Mall §r§ebuff changed!
16:55:01 §eNew buff§r§r§r: §r§fGain §r§6+100⸕ Mining Speed§r§f.
16:55:01 §8§oYou can disable this messaging by toggling Sky Mall in your /hotm!
17:15:00 §bNew day! §r§eYour §r§2Sky Mall §r§ebuff changed!
17:15:00 §eNew buff§r§r§r: §r§f§r§a-20%§r§f Pickaxe Ability cooldowns.
17:15:00 §8§oYou can disable this messaging by toggling Sky Mall in your /hotm!
17:35:00 §bNew day! §r§eYour §r§2Sky Mall §r§ebuff changed!
17:35:00 §eNew buff§r§r§r: §r§fGain §r§a+15% §r§fmore Powder while mining.
17:35:00 §8§oYou can disable this messaging by toggling Sky Mall in your /hotm!
17:55:01 §bNew day! §r§eYour §r§2Sky Mall §r§ebuff changed!
17:55:01 §eNew buff§r§r§r: §r§f§r§a-20%§r§f Pickaxe Ability cooldowns.
17:55:01 §8§oYou can disable this messaging by toggling Sky Mall in your /hotm!
18:15:00 §bNew day! §r§eYour §r§2Sky Mall §r§ebuff changed!
18:15:00 §eNew buff§r§r§r: §r§fGain §r§a+15% §r§fmore Powder while mining.
18:15:00 §8§oYou can disable this messaging by toggling Sky Mall in your /hotm!
18:35:00 §bNew day! §r§eYour §r§2Sky Mall §r§ebuff changed!
18:35:00 §eNew buff§r§r§r: §r§fGain §r§a+15% §r§fmore Powder while mining.
18:35:00 §8§oYou can disable this messaging by toggling Sky Mall in your /hotm!
18:55:00 §bNew day! §r§eYour §r§2Sky Mall §r§ebuff changed!
18:55:00 §eNew buff§r§r§r: §r§f§r§a-20%§r§f Pickaxe Ability cooldowns.
18:55:00 §8§oYou can disable this messaging by toggling Sky Mall in your /hotm!
19:15:00 §bNew day! §r§eYour §r§2Sky Mall §r§ebuff changed!
19:15:00 §eNew buff§r§r§r: §r§fGain §r§a5x §r§9Titanium §r§fdrops
19:15:00 §8§oYou can disable this messaging by toggling Sky Mall in your /hotm!
19:35:00 §bNew day! §r§eYour §r§2Sky Mall §r§ebuff changed!
19:35:00 §eNew buff§r§r§r: §r§f§r§a-20%§r§f Pickaxe Ability cooldowns.
19:35:00 §8§oYou can disable this messaging by toggling Sky Mall in your /hotm!
19:55:00 §bNew day! §r§eYour §r§2Sky Mall §r§ebuff changed!
19:55:00 §eNew buff§r§r§r: §r§fGain §r§6+50☘ Mining Fortune§r§f.
19:55:00 §8§oYou can disable this messaging by toggling Sky Mall in your /hotm!
20:35:00 §bNew day! §r§eYour §r§2Sky Mall §r§ebuff changed!
20:35:00 §eNew buff§r§r§r: §r§fGain §r§6+50☘ Mining Fortune§r§f.
20:35:00 §8§oYou can disable this messaging by toggling Sky Mall in your /hotm!
20:55:01 §bNew day! §r§eYour §r§2Sky Mall §r§ebuff changed!
20:55:01 §eNew buff§r§r§r: §r§fGain §r§6+50☘ Mining Fortune§r§f.
20:55:01 §8§oYou can disable this messaging by toggling Sky Mall in your /hotm!
21:15:01 §bNew day! §r§eYour §r§2Sky Mall §r§ebuff changed!
21:15:01 §eNew buff§r§r§r: §r§fGain §r§6+100⸕ Mining Speed§r§f.
21:15:01 §8§oYou can disable this messaging by toggling Sky Mall in your /hotm!
21:35:00 §bNew day! §r§eYour §r§2Sky Mall §r§ebuff changed!
21:35:00 §eNew buff§r§r§r: §r§f§r§a-20%§r§f Pickaxe Ability cooldowns.
21:35:00 §8§oYou can disable this messaging by toggling Sky Mall in your /hotm!
21:55:00 §bNew day! §r§eYour §r§2Sky Mall §r§ebuff changed!
21:55:00 §eNew buff§r§r§r: §r§fGain §r§6+100⸕ Mining Speed§r§f.
21:55:00 §8§oYou can disable this messaging by toggling Sky Mall in your /hotm!
22:15:00 §bNew day! §r§eYour §r§2Sky Mall §r§ebuff changed!
22:15:00 §eNew buff§r§r§r: §r§fGain §r§6+100⸕ Mining Speed§r§f.
22:15:00 §8§oYou can disable this messaging by toggling Sky Mall in your /hotm!
22:35:01 §bNew day! §r§eYour §r§2Sky Mall §r§ebuff changed!
22:35:01 §eNew buff§r§r§r: §r§fGain §r§6+100⸕ Mining Speed§r§f.
22:35:01 §8§oYou can disable this messaging by toggling Sky Mall in your /hotm!
22:55:01 §bNew day! §r§eYour §r§2Sky Mall §r§ebuff changed!
22:55:01 §eNew buff§r§r§r: §r§fGain §r§6+50☘ Mining Fortune§r§f.
22:55:01 §8§oYou can disable this messaging by toggling Sky Mall in your /hotm!
23:15:01 §bNew day! §r§eYour §r§2Sky Mall §r§ebuff changed!
23:15:01 §eNew buff§r§r§r: §r§fGain §r§6+50☘ Mining Fortune§r§f.
23:15:01 §8§oYou can disable this messaging by toggling Sky Mall in your /hotm!
23:35:01 §bNew day! §r§eYour §r§2Sky Mall §r§ebuff changed!
23:35:01 §eNew buff§r§r§r: §r§f§r§a-20%§r§f Pickaxe Ability cooldowns.
23:35:01 §8§oYou can disable this messaging by toggling Sky Mall in your /hotm!
23:55:00 §bNew day! §r§eYour §r§2Sky Mall §r§ebuff changed!
23:55:00 §eNew buff§r§r§r: §r§fGain §r§a5x §r§9Titanium §r§fdrops
23:55:00 §8§oYou can disable this messaging by toggling Sky Mall in your /hotm!
