22:03:41 Trying to load config from config/skyhanni/config.json
22:03:41 load-config-now
22:03:41 Loaded config from file
22:03:41 Trying to load sacks from config/skyhanni/sacks.json
22:03:41 load-sacks-now
22:03:41 Loaded sacks from file
22:03:41 Trying to load friends from config/skyhanni/friends.json
22:03:41 load-friends-now
22:03:41 Loaded friends from file
22:03:41 Trying to load known_features from config/skyhanni/known_features.json
22:03:41 load-known_features-now
22:03:41 Loaded known_features from file
22:03:41 Trying to load jacob_contests from config/skyhanni/jacob_contests.json
22:03:41 load-jacob_contests-now
22:03:41 Loaded jacob_contests from file
22:03:41 Trying to load visual_words from config/skyhanni/visual_words.json
22:03:41 Setting visual_words to be blank as it did not exist. It will be saved once something is written to it
22:04:41 saveConfig: auto-save-60s
22:04:41 Saving config file
22:05:41 saveConfig: auto-save-60s
22:05:41 Saving config file
22:06:41 saveConfig: auto-save-60s
22:06:41 Saving config file
22:07:41 saveConfig: auto-save-60s
22:07:41 Saving config file
22:08:41 saveConfig: auto-save-60s
22:08:41 Saving config file
22:09:41 saveConfig: auto-save-60s
22:09:41 Saving config file
22:10:41 saveConfig: auto-save-60s
22:10:41 Saving config file
22:11:41 saveConfig: auto-save-60s
22:11:41 Saving config file
22:12:41 saveConfig: auto-save-60s
22:12:41 Saving config file
22:13:41 saveConfig: auto-save-60s
22:13:41 Saving config file
22:14:41 saveConfig: auto-save-60s
22:14:41 Saving config file
22:15:41 saveConfig: auto-save-60s
22:15:41 Saving config file
22:16:41 saveConfig: auto-save-60s
22:16:41 Saving config file
22:17:41 saveConfig: auto-save-60s
22:17:41 Saving config file
22:18:41 saveConfig: auto-save-60s
22:18:41 Saving config file
22:19:41 saveConfig: auto-save-60s
22:19:41 Saving config file
22:20:41 saveConfig: auto-save-60s
22:20:41 Saving config file
22:21:41 saveConfig: auto-save-60s
22:21:41 Saving config file
22:22:41 saveConfig: auto-save-60s
22:22:41 Saving config file
22:23:41 saveConfig: auto-save-60s
22:23:41 Saving config file
22:24:41 saveConfig: auto-save-60s
22:24:41 Saving config file
22:25:41 saveConfig: auto-save-60s
22:25:41 Saving config file
22:26:41 saveConfig: auto-save-60s
22:26:41 Saving config file
22:27:41 saveConfig: auto-save-60s
22:27:41 Saving config file
22:28:41 saveConfig: auto-save-60s
22:28:41 Saving config file
22:29:41 saveConfig: auto-save-60s
22:29:41 Saving config file
22:30:41 saveConfig: auto-save-60s
22:30:41 Saving config file
22:31:41 saveConfig: auto-save-60s
22:31:41 Saving config file
22:32:41 saveConfig: auto-save-60s
22:32:41 Saving config file
22:33:41 saveConfig: auto-save-60s
22:33:41 Saving config file
22:34:41 saveConfig: auto-save-60s
22:34:41 Saving config file
22:35:41 saveConfig: auto-save-60s
22:35:41 Saving config file
22:36:41 saveConfig: auto-save-60s
22:36:41 Saving config file
22:37:41 saveConfig: auto-save-60s
22:37:41 Saving config file
22:38:41 saveConfig: auto-save-60s
22:38:41 Saving config file
22:39:41 saveConfig: auto-save-60s
22:39:41 Saving config file
22:40:41 saveConfig: auto-save-60s
22:40:41 Saving config file
22:41:41 saveConfig: auto-save-60s
22:41:41 Saving config file
22:42:41 saveConfig: auto-save-60s
22:42:41 Saving config file
22:43:41 saveConfig: auto-save-60s
22:43:41 Saving config file
22:44:41 saveConfig: auto-save-60s
22:44:41 Saving config file
22:45:41 saveConfig: auto-save-60s
22:45:41 Saving config file
22:46:41 saveConfig: auto-save-60s
22:46:41 Saving config file
22:47:41 saveConfig: auto-save-60s
22:47:41 Saving config file
22:48:41 saveConfig: auto-save-60s
22:48:41 Saving config file
22:49:41 saveConfig: auto-save-60s
22:49:41 Saving config file
22:50:41 saveConfig: auto-save-60s
22:50:41 Saving config file
22:51:41 saveConfig: auto-save-60s
22:51:41 Saving config file
22:52:41 saveConfig: auto-save-60s
22:52:41 Saving config file
22:53:41 saveConfig: auto-save-60s
22:53:41 Saving config file
22:54:41 saveConfig: auto-save-60s
22:54:41 Saving config file
22:55:41 saveConfig: auto-save-60s
22:55:41 Saving config file
22:56:41 saveConfig: auto-save-60s
22:56:41 Saving config file
22:57:41 saveConfig: auto-save-60s
22:57:41 Saving config file
22:58:41 saveConfig: auto-save-60s
22:58:41 Saving config file
22:59:41 saveConfig: auto-save-60s
22:59:41 Saving config file
23:00:41 saveConfig: auto-save-60s
23:00:41 Saving config file
23:01:41 saveConfig: auto-save-60s
23:01:41 Saving config file
23:02:41 saveConfig: auto-save-60s
23:02:41 Saving config file
23:03:41 saveConfig: auto-save-60s
23:03:41 Saving config file
23:04:41 saveConfig: auto-save-60s
23:04:41 Saving config file
23:05:41 saveConfig: auto-save-60s
23:05:41 Saving config file
23:06:41 saveConfig: auto-save-60s
23:06:41 Saving config file
23:07:41 saveConfig: auto-save-60s
23:07:41 Saving config file
23:08:41 saveConfig: auto-save-60s
23:08:41 Saving config file
23:09:41 saveConfig: auto-save-60s
23:09:41 Saving config file
23:10:41 saveConfig: auto-save-60s
23:10:41 Saving config file
23:11:41 saveConfig: auto-save-60s
23:11:41 Saving config file
23:12:41 saveConfig: auto-save-60s
23:12:41 Saving config file
23:13:31 saveConfig: Updated known feature flags
23:13:31 Saving known_features file
23:13:41 saveConfig: auto-save-60s
23:13:41 Saving config file
23:14:41 saveConfig: auto-save-60s
23:14:41 Saving config file
23:14:55 saveConfig: Save file
23:14:55 Saving friends file
23:15:41 saveConfig: auto-save-60s
23:15:41 Saving config file
23:16:41 saveConfig: auto-save-60s
23:16:41 Saving config file
23:17:41 saveConfig: auto-save-60s
23:17:41 Saving config file
23:18:41 saveConfig: auto-save-60s
23:18:41 Saving config file
23:19:41 saveConfig: auto-save-60s
23:19:41 Saving config file
23:20:41 saveConfig: auto-save-60s
23:20:41 Saving config file
23:21:41 saveConfig: auto-save-60s
23:21:41 Saving config file
23:22:41 saveConfig: auto-save-60s
23:22:41 Saving config file
23:23:41 saveConfig: auto-save-60s
23:23:41 Saving config file
23:24:41 saveConfig: auto-save-60s
23:24:41 Saving config file
23:25:41 saveConfig: auto-save-60s
23:25:41 Saving config file
23:26:41 saveConfig: auto-save-60s
23:26:41 Saving config file
23:27:41 saveConfig: auto-save-60s
23:27:41 Saving config file
23:28:41 saveConfig: auto-save-60s
23:28:41 Saving config file
23:29:41 saveConfig: auto-save-60s
23:29:41 Saving config file
23:30:41 saveConfig: auto-save-60s
23:30:41 Saving config file
23:31:41 saveConfig: auto-save-60s
23:31:41 Saving config file
23:32:41 saveConfig: auto-save-60s
23:32:41 Saving config file
23:33:41 saveConfig: auto-save-60s
23:33:41 Saving config file
23:34:41 saveConfig: auto-save-60s
23:34:41 Saving config file
23:35:41 saveConfig: auto-save-60s
23:35:41 Saving config file
23:36:41 saveConfig: auto-save-60s
23:36:41 Saving config file
23:37:41 saveConfig: auto-save-60s
23:37:41 Saving config file
23:37:57 saveConfig: saving-data
23:37:57 Saving sacks file
23:38:41 saveConfig: auto-save-60s
23:38:41 Saving config file
23:39:41 saveConfig: auto-save-60s
23:39:41 Saving config file
23:40:41 saveConfig: auto-save-60s
23:40:41 Saving config file
23:41:41 saveConfig: auto-save-60s
23:41:41 Saving config file
23:42:41 saveConfig: auto-save-60s
23:42:41 Saving config file
23:42:49 saveConfig: saving-data
23:42:49 Saving sacks file
23:43:41 saveConfig: auto-save-60s
23:43:41 Saving config file
23:44:41 saveConfig: auto-save-60s
23:44:41 Saving config file
23:45:41 saveConfig: auto-save-60s
23:45:41 Saving config file
23:46:41 saveConfig: auto-save-60s
23:46:41 Saving config file
23:47:41 saveConfig: auto-save-60s
23:47:41 Saving config file
23:48:41 saveConfig: auto-save-60s
23:48:41 Saving config file
23:49:41 saveConfig: auto-save-60s
23:49:41 Saving config file
23:50:41 saveConfig: auto-save-60s
23:50:41 Saving config file
23:51:41 saveConfig: auto-save-60s
23:51:41 Saving config file
23:52:41 saveConfig: auto-save-60s
23:52:41 Saving config file
23:53:41 saveConfig: auto-save-60s
23:53:41 Saving config file
23:54:41 saveConfig: auto-save-60s
23:54:41 Saving config file
23:55:41 saveConfig: auto-save-60s
23:55:41 Saving config file
23:56:41 saveConfig: auto-save-60s
23:56:41 Saving config file
23:57:41 saveConfig: auto-save-60s
23:57:41 Saving config file
23:58:41 saveConfig: auto-save-60s
23:58:41 Saving config file
23:59:41 saveConfig: auto-save-60s
23:59:41 Saving config file
00:00:41 saveConfig: auto-save-60s
00:00:41 Saving config file
00:01:41 saveConfig: auto-save-60s
00:01:41 Saving config file
00:02:41 saveConfig: auto-save-60s
00:02:41 Saving config file
00:03:41 saveConfig: auto-save-60s
00:03:41 Saving config file
00:04:41 saveConfig: auto-save-60s
00:04:41 Saving config file
00:05:41 saveConfig: auto-save-60s
00:05:41 Saving config file
00:06:41 saveConfig: auto-save-60s
00:06:41 Saving config file
00:07:41 saveConfig: auto-save-60s
00:07:41 Saving config file
00:08:41 saveConfig: auto-save-60s
00:08:41 Saving config file
00:09:41 saveConfig: auto-save-60s
00:09:41 Saving config file
00:10:41 saveConfig: auto-save-60s
00:10:41 Saving config file
00:11:41 saveConfig: auto-save-60s
00:11:41 Saving config file
00:12:41 saveConfig: auto-save-60s
00:12:41 Saving config file
00:13:41 saveConfig: auto-save-60s
00:13:41 Saving config file
00:14:41 saveConfig: auto-save-60s
00:14:41 Saving config file
00:15:41 saveConfig: auto-save-60s
00:15:41 Saving config file
00:16:41 saveConfig: auto-save-60s
00:16:41 Saving config file
00:17:41 saveConfig: auto-save-60s
00:17:41 Saving config file
00:18:41 saveConfig: auto-save-60s
00:18:41 Saving config file
00:19:41 saveConfig: auto-save-60s
00:19:41 Saving config file
00:20:41 saveConfig: auto-save-60s
00:20:41 Saving config file
00:21:41 saveConfig: auto-save-60s
00:21:41 Saving config file
00:22:41 saveConfig: auto-save-60s
00:22:41 Saving config file
00:23:41 saveConfig: auto-save-60s
00:23:41 Saving config file
00:24:41 saveConfig: auto-save-60s
00:24:41 Saving config file
00:25:41 saveConfig: auto-save-60s
00:25:41 Saving config file
00:26:41 saveConfig: auto-save-60s
00:26:41 Saving config file
00:27:41 saveConfig: auto-save-60s
00:27:41 Saving config file
00:28:41 saveConfig: auto-save-60s
00:28:41 Saving config file
00:29:41 saveConfig: auto-save-60s
00:29:41 Saving config file
00:30:41 saveConfig: auto-save-60s
00:30:41 Saving config file
00:31:41 saveConfig: auto-save-60s
00:31:41 Saving config file
00:32:41 saveConfig: auto-save-60s
00:32:41 Saving config file
00:33:41 saveConfig: auto-save-60s
00:33:41 Saving config file
00:34:41 saveConfig: auto-save-60s
00:34:41 Saving config file
00:35:41 saveConfig: auto-save-60s
00:35:41 Saving config file
00:36:41 saveConfig: auto-save-60s
00:36:41 Saving config file
00:37:41 saveConfig: auto-save-60s
00:37:41 Saving config file
00:38:41 saveConfig: auto-save-60s
00:38:41 Saving config file
00:39:41 saveConfig: auto-save-60s
00:39:41 Saving config file
00:40:41 saveConfig: auto-save-60s
00:40:41 Saving config file
00:41:41 saveConfig: auto-save-60s
00:41:41 Saving config file
00:42:41 saveConfig: auto-save-60s
00:42:41 Saving config file
00:43:41 saveConfig: auto-save-60s
00:43:41 Saving config file
00:44:41 saveConfig: auto-save-60s
00:44:41 Saving config file
00:45:41 saveConfig: auto-save-60s
00:45:41 Saving config file
00:46:41 saveConfig: auto-save-60s
00:46:41 Saving config file
00:47:41 saveConfig: auto-save-60s
00:47:41 Saving config file
00:48:41 saveConfig: auto-save-60s
00:48:41 Saving config file
00:49:41 saveConfig: auto-save-60s
00:49:41 Saving config file
00:50:41 saveConfig: auto-save-60s
00:50:41 Saving config file
00:51:41 saveConfig: auto-save-60s
00:51:41 Saving config file
00:52:41 saveConfig: auto-save-60s
00:52:41 Saving config file
00:53:41 saveConfig: auto-save-60s
00:53:41 Saving config file
00:54:41 saveConfig: auto-save-60s
00:54:41 Saving config file
00:55:41 saveConfig: auto-save-60s
00:55:41 Saving config file
00:56:41 saveConfig: auto-save-60s
00:56:41 Saving config file
00:57:41 saveConfig: auto-save-60s
00:57:41 Saving config file
00:58:41 saveConfig: auto-save-60s
00:58:41 Saving config file
00:59:41 saveConfig: auto-save-60s
00:59:41 Saving config file
01:00:41 saveConfig: auto-save-60s
01:00:41 Saving config file
01:01:41 saveConfig: auto-save-60s
01:01:41 Saving config file
01:02:41 saveConfig: auto-save-60s
01:02:41 Saving config file
01:03:41 saveConfig: auto-save-60s
01:03:41 Saving config file
01:04:41 saveConfig: auto-save-60s
01:04:41 Saving config file
01:05:41 saveConfig: auto-save-60s
01:05:41 Saving config file
01:06:41 saveConfig: auto-save-60s
01:06:41 Saving config file
01:07:41 saveConfig: auto-save-60s
01:07:41 Saving config file
01:08:41 saveConfig: auto-save-60s
01:08:41 Saving config file
01:09:41 saveConfig: auto-save-60s
01:09:41 Saving config file
01:10:41 saveConfig: auto-save-60s
01:10:41 Saving config file
01:11:41 saveConfig: auto-save-60s
01:11:41 Saving config file
01:12:41 saveConfig: auto-save-60s
01:12:41 Saving config file
01:13:41 saveConfig: auto-save-60s
01:13:41 Saving config file
01:14:41 saveConfig: auto-save-60s
01:14:41 Saving config file
01:15:41 saveConfig: auto-save-60s
01:15:41 Saving config file
01:16:41 saveConfig: auto-save-60s
01:16:41 Saving config file
01:17:41 saveConfig: auto-save-60s
01:17:41 Saving config file
01:18:41 saveConfig: auto-save-60s
01:18:41 Saving config file
01:19:41 saveConfig: auto-save-60s
01:19:41 Saving config file
01:20:41 saveConfig: auto-save-60s
01:20:41 Saving config file
01:21:41 saveConfig: auto-save-60s
01:21:41 Saving config file
01:22:41 saveConfig: auto-save-60s
01:22:41 Saving config file
01:23:41 saveConfig: auto-save-60s
01:23:41 Saving config file
01:24:41 saveConfig: auto-save-60s
01:24:41 Saving config file
01:25:41 saveConfig: auto-save-60s
01:25:41 Saving config file
01:26:41 saveConfig: auto-save-60s
01:26:41 Saving config file
01:27:41 saveConfig: auto-save-60s
01:27:41 Saving config file
01:28:41 saveConfig: auto-save-60s
01:28:41 Saving config file
01:29:41 saveConfig: auto-save-60s
01:29:41 Saving config file
01:30:41 saveConfig: auto-save-60s
01:30:41 Saving config file
01:31:41 saveConfig: auto-save-60s
01:31:41 Saving config file
01:32:41 saveConfig: auto-save-60s
01:32:41 Saving config file
01:33:41 saveConfig: auto-save-60s
01:33:41 Saving config file
01:34:41 saveConfig: auto-save-60s
01:34:41 Saving config file
01:35:41 saveConfig: auto-save-60s
01:35:41 Saving config file
01:36:41 saveConfig: auto-save-60s
01:36:41 Saving config file
01:37:41 saveConfig: auto-save-60s
01:37:41 Saving config file
01:38:41 saveConfig: auto-save-60s
01:38:41 Saving config file
01:39:41 saveConfig: auto-save-60s
01:39:41 Saving config file
01:40:41 saveConfig: auto-save-60s
01:40:41 Saving config file
01:41:41 saveConfig: auto-save-60s
01:41:41 Saving config file
01:42:41 saveConfig: auto-save-60s
01:42:41 Saving config file
01:43:41 saveConfig: auto-save-60s
01:43:41 Saving config file
01:44:41 saveConfig: auto-save-60s
01:44:41 Saving config file
01:45:41 saveConfig: auto-save-60s
01:45:41 Saving config file
01:46:41 saveConfig: auto-save-60s
01:46:41 Saving config file
01:47:41 saveConfig: auto-save-60s
01:47:41 Saving config file
01:48:41 saveConfig: auto-save-60s
01:48:41 Saving config file
01:49:41 saveConfig: auto-save-60s
01:49:41 Saving config file
01:50:41 saveConfig: auto-save-60s
01:50:41 Saving config file
01:51:41 saveConfig: auto-save-60s
01:51:41 Saving config file
01:52:41 saveConfig: auto-save-60s
01:52:41 Saving config file
01:53:41 saveConfig: auto-save-60s
01:53:41 Saving config file
01:54:41 saveConfig: auto-save-60s
01:54:41 Saving config file
01:55:41 saveConfig: auto-save-60s
01:55:41 Saving config file
01:56:41 saveConfig: auto-save-60s
01:56:41 Saving config file
01:57:41 saveConfig: auto-save-60s
01:57:41 Saving config file
01:58:41 saveConfig: auto-save-60s
01:58:41 Saving config file
01:59:41 saveConfig: auto-save-60s
01:59:41 Saving config file
02:00:41 saveConfig: auto-save-60s
02:00:41 Saving config file
02:01:41 saveConfig: auto-save-60s
02:01:41 Saving config file
02:02:41 saveConfig: auto-save-60s
02:02:41 Saving config file
02:03:41 saveConfig: auto-save-60s
02:03:41 Saving config file
02:04:41 saveConfig: auto-save-60s
02:04:41 Saving config file
02:05:41 saveConfig: auto-save-60s
02:05:41 Saving config file
02:06:41 saveConfig: auto-save-60s
02:06:41 Saving config file
02:07:41 saveConfig: auto-save-60s
02:07:41 Saving config file
02:08:41 saveConfig: auto-save-60s
02:08:41 Saving config file
02:09:41 saveConfig: auto-save-60s
02:09:41 Saving config file
02:10:41 saveConfig: auto-save-60s
02:10:41 Saving config file
02:11:41 saveConfig: auto-save-60s
02:11:41 Saving config file
02:12:41 saveConfig: auto-save-60s
02:12:41 Saving config file
02:13:41 saveConfig: auto-save-60s
02:13:41 Saving config file
02:14:41 saveConfig: auto-save-60s
02:14:41 Saving config file
02:15:41 saveConfig: auto-save-60s
02:15:41 Saving config file
02:16:41 saveConfig: auto-save-60s
02:16:41 Saving config file
02:17:41 saveConfig: auto-save-60s
02:17:41 Saving config file
02:18:41 saveConfig: auto-save-60s
02:18:41 Saving config file
02:19:41 saveConfig: auto-save-60s
02:19:41 Saving config file
02:20:41 saveConfig: auto-save-60s
02:20:41 Saving config file
02:21:41 saveConfig: auto-save-60s
02:21:41 Saving config file
02:22:41 saveConfig: auto-save-60s
02:22:41 Saving config file
02:23:41 saveConfig: auto-save-60s
02:23:41 Saving config file
02:24:41 saveConfig: auto-save-60s
02:24:41 Saving config file
02:25:41 saveConfig: auto-save-60s
02:25:41 Saving config file
02:26:41 saveConfig: auto-save-60s
02:26:41 Saving config file
02:27:41 saveConfig: auto-save-60s
02:27:41 Saving config file
02:28:41 saveConfig: auto-save-60s
02:28:41 Saving config file
02:29:41 saveConfig: auto-save-60s
02:29:41 Saving config file
02:30:41 saveConfig: auto-save-60s
02:30:41 Saving config file
02:31:41 saveConfig: auto-save-60s
02:31:41 Saving config file
02:32:41 saveConfig: auto-save-60s
02:32:41 Saving config file
02:33:41 saveConfig: auto-save-60s
02:33:41 Saving config file
02:34:41 saveConfig: auto-save-60s
02:34:41 Saving config file
02:35:41 saveConfig: auto-save-60s
02:35:41 Saving config file
02:36:41 saveConfig: auto-save-60s
02:36:41 Saving config file
02:37:41 saveConfig: auto-save-60s
02:37:41 Saving config file
02:38:41 saveConfig: auto-save-60s
02:38:41 Saving config file
02:39:41 saveConfig: auto-save-60s
02:39:41 Saving config file
02:40:41 saveConfig: auto-save-60s
02:40:41 Saving config file
02:41:41 saveConfig: auto-save-60s
02:41:41 Saving config file
02:42:41 saveConfig: auto-save-60s
02:42:41 Saving config file
02:43:41 saveConfig: auto-save-60s
02:43:41 Saving config file
02:44:41 saveConfig: auto-save-60s
02:44:41 Saving config file
02:45:41 saveConfig: auto-save-60s
02:45:41 Saving config file
02:46:41 saveConfig: auto-save-60s
02:46:41 Saving config file
02:47:41 saveConfig: auto-save-60s
02:47:41 Saving config file
02:48:41 saveConfig: auto-save-60s
02:48:41 Saving config file
02:49:41 saveConfig: auto-save-60s
02:49:41 Saving config file
02:50:41 saveConfig: auto-save-60s
02:50:41 Saving config file
02:51:41 saveConfig: auto-save-60s
02:51:41 Saving config file
02:52:41 saveConfig: auto-save-60s
02:52:41 Saving config file
02:53:41 saveConfig: auto-save-60s
02:53:41 Saving config file
02:54:41 saveConfig: auto-save-60s
02:54:41 Saving config file
02:55:41 saveConfig: auto-save-60s
02:55:41 Saving config file
02:56:41 saveConfig: auto-save-60s
02:56:41 Saving config file
02:57:41 saveConfig: auto-save-60s
02:57:41 Saving config file
02:58:41 saveConfig: auto-save-60s
02:58:41 Saving config file
02:59:41 saveConfig: auto-save-60s
02:59:41 Saving config file
03:00:41 saveConfig: auto-save-60s
03:00:41 Saving config file
03:01:41 saveConfig: auto-save-60s
03:01:41 Saving config file
03:02:41 saveConfig: auto-save-60s
03:02:41 Saving config file
03:03:41 saveConfig: auto-save-60s
03:03:41 Saving config file
03:04:41 saveConfig: auto-save-60s
03:04:41 Saving config file
03:05:41 saveConfig: auto-save-60s
03:05:41 Saving config file
03:06:41 saveConfig: auto-save-60s
03:06:41 Saving config file
03:07:41 saveConfig: auto-save-60s
03:07:41 Saving config file
03:08:41 saveConfig: auto-save-60s
03:08:41 Saving config file
03:09:41 saveConfig: auto-save-60s
03:09:41 Saving config file
03:10:41 saveConfig: auto-save-60s
03:10:41 Saving config file
03:11:41 saveConfig: auto-save-60s
03:11:41 Saving config file
03:12:41 saveConfig: auto-save-60s
03:12:41 Saving config file
03:13:41 saveConfig: auto-save-60s
03:13:41 Saving config file
03:14:41 saveConfig: auto-save-60s
03:14:41 Saving config file
03:15:41 saveConfig: auto-save-60s
03:15:41 Saving config file
03:16:18 saveConfig: saving-data
03:16:18 Saving sacks file
03:16:19 saveConfig: saving-data
03:16:19 Saving sacks file
03:16:35 saveConfig: saving-data
03:16:35 Saving sacks file
03:16:41 saveConfig: auto-save-60s
03:16:41 Saving config file
03:17:41 saveConfig: auto-save-60s
03:17:41 Saving config file
03:18:25 saveConfig: saving-data
03:18:25 Saving sacks file
03:18:41 saveConfig: auto-save-60s
03:18:41 Saving config file
03:19:19 saveConfig: saving-data
03:19:19 Saving sacks file
03:19:41 saveConfig: auto-save-60s
03:19:41 Saving config file
03:20:30 saveConfig: saving-data
03:20:30 Saving sacks file
03:20:41 saveConfig: auto-save-60s
03:20:41 Saving config file
03:21:38 saveConfig: saving-data
03:21:38 Saving sacks file
03:21:41 saveConfig: auto-save-60s
03:21:41 Saving config file
03:21:46 saveConfig: saving-data
03:21:46 Saving sacks file
03:22:41 saveConfig: auto-save-60s
03:22:41 Saving config file
03:23:41 saveConfig: auto-save-60s
03:23:41 Saving config file
03:24:13 saveConfig: shutdown-hook
03:24:13 Saving config file
