06:52:54 Trying to load config from config/skyhanni/config.json
06:52:54 load-config-now
06:52:54 Loaded config from file
06:52:54 Trying to load sacks from config/skyhanni/sacks.json
06:52:54 load-sacks-now
06:52:54 Loaded sacks from file
06:52:54 Trying to load friends from config/skyhanni/friends.json
06:52:54 load-friends-now
06:52:54 Loaded friends from file
06:52:54 Trying to load known_features from config/skyhanni/known_features.json
06:52:54 load-known_features-now
06:52:54 Loaded known_features from file
06:52:54 Trying to load jacob_contests from config/skyhanni/jacob_contests.json
06:52:54 load-jacob_contests-now
06:52:54 Loaded jacob_contests from file
06:52:54 Trying to load visual_words from config/skyhanni/visual_words.json
06:52:54 Setting visual_words to be blank as it did not exist. It will be saved once something is written to it
06:53:14 saveConfig: Updated known feature flags
06:53:14 Saving known_features file
06:53:54 saveConfig: auto-save-60s
06:53:54 Saving config file
06:54:54 saveConfig: auto-save-60s
06:54:54 Saving config file
06:55:54 saveConfig: auto-save-60s
06:55:54 Saving config file
06:56:54 saveConfig: auto-save-60s
06:56:54 Saving config file
06:57:54 saveConfig: auto-save-60s
06:57:54 Saving config file
06:58:54 saveConfig: auto-save-60s
06:58:54 Saving config file
06:59:54 saveConfig: auto-save-60s
06:59:54 Saving config file
07:00:54 saveConfig: auto-save-60s
07:00:54 Saving config file
07:01:54 saveConfig: auto-save-60s
07:01:54 Saving config file
07:02:54 saveConfig: auto-save-60s
07:02:54 Saving config file
07:03:54 saveConfig: auto-save-60s
07:03:54 Saving config file
07:04:54 saveConfig: auto-save-60s
07:04:54 Saving config file
07:05:54 saveConfig: auto-save-60s
07:05:54 Saving config file
07:06:54 saveConfig: auto-save-60s
07:06:54 Saving config file
07:07:54 saveConfig: auto-save-60s
07:07:54 Saving config file
07:08:54 saveConfig: auto-save-60s
07:08:54 Saving config file
07:09:54 saveConfig: auto-save-60s
07:09:54 Saving config file
07:10:54 saveConfig: auto-save-60s
07:10:54 Saving config file
07:11:54 saveConfig: auto-save-60s
07:11:54 Saving config file
07:12:54 saveConfig: auto-save-60s
07:12:54 Saving config file
07:13:54 saveConfig: auto-save-60s
07:13:54 Saving config file
07:14:54 saveConfig: auto-save-60s
07:14:54 Saving config file
07:15:54 saveConfig: auto-save-60s
07:15:54 Saving config file
07:16:54 saveConfig: auto-save-60s
07:16:54 Saving config file
07:17:54 saveConfig: auto-save-60s
07:17:54 Saving config file
07:18:54 saveConfig: auto-save-60s
07:18:54 Saving config file
07:19:54 saveConfig: auto-save-60s
07:19:54 Saving config file
07:20:54 saveConfig: auto-save-60s
07:20:54 Saving config file
07:21:54 saveConfig: auto-save-60s
07:21:54 Saving config file
07:22:54 saveConfig: auto-save-60s
07:22:54 Saving config file
07:23:54 saveConfig: auto-save-60s
07:23:54 Saving config file
07:24:54 saveConfig: auto-save-60s
07:24:54 Saving config file
07:25:54 saveConfig: auto-save-60s
07:25:54 Saving config file
07:26:54 saveConfig: auto-save-60s
07:26:54 Saving config file
07:27:54 saveConfig: auto-save-60s
07:27:54 Saving config file
07:28:54 saveConfig: auto-save-60s
07:28:54 Saving config file
07:29:54 saveConfig: auto-save-60s
07:29:54 Saving config file
07:30:54 saveConfig: auto-save-60s
07:30:54 Saving config file
07:31:54 saveConfig: auto-save-60s
07:31:54 Saving config file
07:32:54 saveConfig: auto-save-60s
07:32:54 Saving config file
07:33:54 saveConfig: auto-save-60s
07:33:54 Saving config file
07:34:54 saveConfig: auto-save-60s
07:34:54 Saving config file
07:35:54 saveConfig: auto-save-60s
07:35:54 Saving config file
07:36:54 saveConfig: auto-save-60s
07:36:54 Saving config file
07:37:54 saveConfig: auto-save-60s
07:37:54 Saving config file
07:38:54 saveConfig: auto-save-60s
07:38:54 Saving config file
07:39:54 saveConfig: auto-save-60s
07:39:54 Saving config file
07:40:54 saveConfig: auto-save-60s
07:40:54 Saving config file
07:41:54 saveConfig: auto-save-60s
07:41:54 Saving config file
07:42:54 saveConfig: auto-save-60s
07:42:54 Saving config file
07:43:54 saveConfig: auto-save-60s
07:43:54 Saving config file
07:44:54 saveConfig: auto-save-60s
07:44:54 Saving config file
07:45:54 saveConfig: auto-save-60s
07:45:54 Saving config file
07:46:54 saveConfig: auto-save-60s
07:46:54 Saving config file
07:47:54 saveConfig: auto-save-60s
07:47:54 Saving config file
07:48:54 saveConfig: auto-save-60s
07:48:54 Saving config file
07:49:54 saveConfig: auto-save-60s
07:49:54 Saving config file
07:50:54 saveConfig: auto-save-60s
07:50:54 Saving config file
07:51:54 saveConfig: auto-save-60s
07:51:54 Saving config file
07:52:54 saveConfig: auto-save-60s
07:52:54 Saving config file
07:53:54 saveConfig: auto-save-60s
07:53:54 Saving config file
07:54:54 saveConfig: auto-save-60s
07:54:54 Saving config file
07:55:54 saveConfig: auto-save-60s
07:55:54 Saving config file
07:56:54 saveConfig: auto-save-60s
07:56:54 Saving config file
07:57:54 saveConfig: auto-save-60s
07:57:54 Saving config file
07:58:54 saveConfig: auto-save-60s
07:58:54 Saving config file
07:59:17 saveConfig: shutdown-hook
07:59:17 Saving config file
