22:36:44 §e[SkyHanni] Looks like you updated SkyHanni. Click here to configure the newly introduced options, or run /shdefaultoptions 0.28.Beta.16 0.28.Beta.17.§r
22:39:45 §e[SkyHanni] §bYou have §384k §bmaterials in stash, §btotalling §38 types§b. §bClick to §3pickup §byour stash!§r
23:03:49 §e[SkyHanni] §bNo Bits Available! §eClick to buy booster cookies on the bazaar.§r
23:03:49 §e[SkyHanni] You have gained §b97,888 §eBits.§r
23:45:38 §e[SkyHanni] §lCLICK HERE§r§e to grab §ax64 §9§9✧ Fine Topaz Gemstone§e from sacks!§r
23:45:46 §e[SkyHanni] §lCLICK HERE§r§e to grab §ax912 §9§a✧ Flawed Topaz Gemstone§e from sacks!§r
23:45:50 §e[SkyHanni] §lCLICK HERE§r§e to grab §ax11 §9§9✧ Fine Topaz Gemstone§e from sacks!§r
23:56:10 §e[SkyHanni] §b+3 SkyBlock XP §7(Museum Donations§7)§b (3/100)§r
00:26:39 §e[SkyHanni] §bYou have §385k §bmaterials in stash, §btotalling §38 types§b. §bClick to §3pickup §byour stash!§r
00:27:40 §e[SkyHanni] §bYou have §385k §bmaterials in stash, §btotalling §38 types§b. §bClick to §3pickup §byour stash!§r
00:28:33 §e[SkyHanni] Profit for §9Lapis Corpse§e: §6476k§r
00:28:43 §e[SkyHanni] Profit for §9Lapis Corpse§e: §651k§r
00:31:28 §e[SkyHanni] §bYou have §385k §bmaterials in stash, §btotalling §38 types§b. §bClick to §3pickup §byour stash!§r
00:32:28 §e[SkyHanni] §bYou have §386k §bmaterials in stash, §btotalling §38 types§b. §bClick to §3pickup §byour stash!§r
00:33:49 §e[SkyHanni] Profit for §9Lapis Corpse§e: §662k§r
00:34:00 §e[SkyHanni] Profit for §9Lapis Corpse§e: §640k§r
00:36:11 §e[SkyHanni] §bYou have §386k §bmaterials in stash, §btotalling §38 types§b. §bClick to §3pickup §byour stash!§r
00:38:12 §e[SkyHanni] §bYou have §387k §bmaterials in stash, §btotalling §38 types§b. §bClick to §3pickup §byour stash!§r
00:40:14 §e[SkyHanni] §bYou have §387k §bmaterials in stash, §btotalling §38 types§b. §bClick to §3pickup §byour stash!§r
00:42:01 §e[SkyHanni] §bYou have §388k §bmaterials in stash, §btotalling §38 types§b. §bClick to §3pickup §byour stash!§r
00:42:21 §e[SkyHanni] Profit for §9Lapis Corpse§e: §659k§r
00:43:02 §e[SkyHanni] §bYou have §388k §bmaterials in stash, §btotalling §38 types§b. §bClick to §3pickup §byour stash!§r
00:43:49 §e[SkyHanni] §bYou have §390k §bmaterials in stash, §btotalling §38 types§b. §bClick to §3pickup §byour stash!§r
00:48:55 §e[SkyHanni] Profit for §9Lapis Corpse§e: §6223k§r
00:49:07 §e[SkyHanni] §bYou have §391k §bmaterials in stash, §btotalling §38 types§b. §bClick to §3pickup §byour stash!§r
00:50:07 §e[SkyHanni] §bYou have §391k §bmaterials in stash, §btotalling §38 types§b. §bClick to §3pickup §byour stash!§r
00:51:08 §e[SkyHanni] §bYou have §392k §bmaterials in stash, §btotalling §38 types§b. §bClick to §3pickup §byour stash!§r
00:54:51 §e[SkyHanni] §bYou have §392k §bmaterials in stash, §btotalling §38 types§b. §bClick to §3pickup §byour stash!§r
01:25:15 §e[SkyHanni] §aJacob §eis visiting your garden!§r
01:25:15 §e[SkyHanni] §9Royal Resident §eis visiting your garden!§r
01:25:15 §e[SkyHanni] §9Shifty §eis visiting your garden!§r
01:25:15 §e[SkyHanni] §aEmissary Ceanna §eis visiting your garden!§r
01:25:15 §e[SkyHanni] §aFisherman §eis visiting your garden!§r
01:47:54 §e[SkyHanni] Click here to load 41 more collected egg locations from NEU PV!§r
01:47:54 §e[SkyHanni] Click here to load Trophy Fishing data from NEU PV!§r
02:01:26 §e[SkyHanni] §b+3 SkyBlock XP §7(HOTM Progression§7)§b (5/100)§r
02:20:00 §e[SkyHanni] §b+1 SkyBlock XP §7(HOTM Progression§7)§b (6/100)§r
03:21:51 §e[SkyHanni] Low on arrows §e(100 left)§r
03:22:22 §e[SkyHanni] Low on arrows §e(66 left)§r
03:22:52 §e[SkyHanni] Low on arrows §e(23 left)§r
03:50:27 §e[SkyHanni] §fYou were in Limbo for §e4m 58s§f.§r
04:01:58 §e[SkyHanni] Loaded Mushroom milestone data from tab list!§r
04:02:11 §e[SkyHanni] §bYou have §394k §bmaterials in stash, §btotalling §310 types§b. §bClick to §3pickup §byour stash!§r
04:03:11 §e[SkyHanni] §bYou have §395k §bmaterials in stash, §btotalling §310 types§b. §bClick to §3pickup §byour stash!§r
04:26:27 §e[SkyHanni] Started tracking your Jacob Contest Blocks Per Second!§r
04:31:32 §e[SkyHanni] §7Your spray on §aPlot §7- §b4 §7expired.§r
04:35:00 §e[SkyHanni] Stats for Carrot Contest:§r
04:35:00 §e[SkyHanni] §7Blocks Broken in total: §e0§r
04:35:00 §e[SkyHanni] §7Average Blocks Per Second: §a0.0§r
04:35:00 §e[SkyHanni] §7Participated for §b8m 32s§r
