06:53:14 §f §r§r§r§f §r§r§r§1 §r§r§r§0 §r§r§r§2 §r§r§r§f §r§r§r§f §r§r§r§2 §r§r§r§0 §r§r§r§4 §r§r§r§3 §r§r§r§9 §r§r§r§2 §r§r§r§0 §r§r§r§0 §r§r§r§3 §r§r§r§9 §r§r§r§2 §r§r§r§0 §r§r§r§0 §r§r§r§3 §r§r§r§9 §r§r§r§2 §r§r§r§0 §r§r§r§0 
06:53:14 
06:53:23 §8 §r§8 §r§1 §r§3 §r§3 §r§7 §r§8 
06:53:26 
06:53:26 
06:53:27  
06:53:27   
06:53:33 
06:53:33 
06:53:58  
06:53:58   
06:54:59  
06:54:59   
06:56:00  
06:56:00   
06:56:02 
06:56:02 
06:57:00  
06:57:01   
06:58:01  
06:58:01   
06:59:02  
06:59:02   
07:00:03  
07:00:03   
07:00:22 §f
07:00:22 §c
07:01:04  
07:01:04   
07:01:59 §8 §r§8 §r§1 §r§3 §r§3 §r§7 §r§8 
07:02:03  
07:02:03   
07:02:04  
07:02:04   
07:03:04  
07:03:04   
07:04:04  
07:04:04   
07:05:04  
07:05:04   
07:06:04  
07:06:04   
07:07:05  
07:07:05   
07:08:05  
07:08:05   
07:09:05  
07:09:05   
07:10:05  
07:10:05   
07:11:05  
07:11:05   
07:12:05  
07:12:05   
07:13:05  
07:13:05   
07:14:05  
07:14:05   
07:15:05  
07:15:05   
07:16:05  
07:16:05   
07:17:05  
07:17:05   
07:18:06  
07:18:06   
07:19:06  
07:19:06   
07:20:06  
07:20:06   
07:21:06  
07:21:06   
07:22:06  
07:22:06   
07:23:06  
07:23:06   
07:24:06  
07:24:06   
07:25:06  
07:25:06   
07:26:07  
07:26:07   
07:27:07  
07:27:07   
07:28:07  
07:28:07   
07:29:07  
07:29:07   
07:30:07  
07:30:07   
07:31:07  
07:31:07   
07:32:07  
07:32:07   
07:33:07  
07:33:07   
07:34:07  
07:34:07   
07:35:08  
07:35:08   
07:36:08  
07:36:08   
07:37:08  
07:37:08   
07:38:08  
07:38:08   
07:39:09  
07:39:09   
07:40:09  
07:40:09   
07:41:09  
07:41:09   
07:42:09  
07:42:09   
07:43:09  
07:43:09   
07:44:09  
07:44:09   
07:45:09  
07:45:09   
07:46:10  
07:46:10   
07:47:10  
07:47:10   
07:48:10  
07:48:10   
07:49:10  
07:49:10   
07:50:10  
07:50:10   
07:51:10  
07:51:10   
07:52:10  
07:52:10   
07:53:10  
07:53:10   
07:54:11  
07:54:11   
07:55:11  
07:55:11   
07:56:11  
07:56:11   
07:57:11  
07:57:11   
07:58:11  
07:58:11   
07:59:11  
07:59:11   
