14:11:24 §e[SkyHanni] §bYou have §395k §bmaterials in stash, §btotalling §318 types§b. §bClick to §3pickup §byour stash!§r
15:29:15 §e[SkyHanni] §aJack §eis visiting your garden!§r
15:29:15 §e[SkyHanni] §aGimley §eis visiting your garden!§r
15:29:15 §e[SkyHanni] §aShaggy §eis visiting your garden!§r
15:29:15 §e[SkyHanni] §aJamie §eis visiting your garden!§r
15:29:15 §e[SkyHanni] §aAndrew §eis visiting your garden!§r
15:29:15 §e[SkyHanni] Successfully loaded this year's contests from elitebot.dev automatically!§r
15:29:53 §e[SkyHanni] Started tracking your Jacob Contest Blocks Per Second!§r
15:32:49 §e[SkyHanni] You changed the crop during the contest, resetting the Blocks Per Second calculation..§r
15:35:02 §e[SkyHanni] Stats for Wheat Contest:§r
15:35:02 §e[SkyHanni] §7Blocks Broken in total: §e1,711§r
15:35:02 §e[SkyHanni] §7Average Blocks Per Second: §a12.86§r
15:35:02 §e[SkyHanni] §7Participated for §b2m 13s§r
17:19:38 §e[SkyHanni] Click here to share the location of this chocolate egg with the server!§r
17:19:38 §e[SkyHanni] §b+10 SkyBlock XP §7(Mythic Chocolate Rabbits§7)§b (45/100)§r
17:20:31 §e[SkyHanni] Click here to share the location of this chocolate egg with the server!§r
17:23:41 §c[SkyHanni-0.28.Beta.17]: Could not find server id§c. Click here to copy the error into the clipboard.§r
17:34:30 §e[SkyHanni] §eNext egg available in §b6m 19s§e.§r
17:37:02 §e[SkyHanni] Click here to share the location of this chocolate egg with the server!§r
17:41:10 §c[SkyHanni-0.28.Beta.17]: Could not find server id§c. Click here to copy the error into the clipboard.§r
17:45:58 §6§lBESTIARY §r§b§lGolem §7§8XIV §8➡§b §bXV§r
17:50:15 §e[SkyHanni] Click here to share the location of this chocolate egg with the server!§r
17:50:22 §e[SkyHanni] Click here to share the location of this chocolate egg with the server!§r
17:57:13 §c[SkyHanni-0.28.Beta.17]: Could not find server id§c. Click here to copy the error into the clipboard.§r
17:57:19 §a§lPotion Effect! §r§4Regeneration IV§r
17:57:19 §a§lPotion Effect! §r§4Strength V§r
17:57:19 §a§lPotion Effect! §r§4Critical III§r
17:57:19 §a§lPotion Effect! §r§9Speed III§r
17:57:19 §a§lPotion Effect! §r§aResistance V§r
17:57:19 §a§lPotion Effect! §r§bArchery III§r
18:00:59 §a§lPotion Effect! §r§4Regeneration IV§r
18:00:59 §a§lPotion Effect! §r§4Strength V§r
18:00:59 §a§lPotion Effect! §r§4Critical III§r
18:00:59 §a§lPotion Effect! §r§9Speed III§r
18:00:59 §a§lPotion Effect! §r§aResistance V§r
18:00:59 §a§lPotion Effect! §r§bArchery III§r
18:43:23 §e[SkyHanni] Click here to share the location of this chocolate egg with the server!§r
18:50:31 §e[SkyHanni] §lCLICK HERE§r§e to grab §ax1 §9§9Enchanted Packed Ice§e from sacks!§r
18:50:32 §e[SkyHanni] §lCLICK HERE§r§e to grab §ax1 §9§9Enchanted Packed Ice§e from sacks!§r
19:00:25 §e[SkyHanni] §aJotraeline Greatforge §eis visiting your garden!§r
19:17:23 §6§lBESTIARY §r§b§lHeadless Horseman §7§8X §8➡§b §bXI§r
19:22:29 §e[SkyHanni] §b+15 SkyBlock XP §7(Unlocking Power§7)§b (66/100)§r
19:48:11 §e[SkyHanni] §lCLICK HERE§r§e to grab §ax100 §9§aEnchanted Blaze Powder§e from sacks!§r
20:16:39 §e[SkyHanni] Click here to share the location of this chocolate egg with the server!§r
20:17:09 §e[SkyHanni] Click here to share the location of this chocolate egg with the server!§r
21:24:05 §e[SkyHanni] §eNext egg available in §b2m 34s§e.§r
21:30:04 §c[SkyHanni-0.28.Beta.17]: Could not find server id§c. Click here to copy the error into the clipboard.§r
21:40:04 §c[SkyHanni-0.28.Beta.17]: Could not find server id§c. Click here to copy the error into the clipboard.§r
21:49:08 §e[SkyHanni] §eYou have §62 §eitems in stash. §eClick to §6pickup §eyour stash!§r
21:49:08 §e[SkyHanni] §bYou have §395k §bmaterials in stash, §btotalling §318 types§b. §bClick to §3pickup §byour stash!§r
21:50:04 §c[SkyHanni-0.28.Beta.17]: Could not find server id§c. Click here to copy the error into the clipboard.§r
21:50:08 §e[SkyHanni] §eYou have §62 §eitems in stash. §eClick to §6pickup §eyour stash!§r
21:50:08 §e[SkyHanni] §bYou have §395k §bmaterials in stash, §btotalling §318 types§b. §bClick to §3pickup §byour stash!§r
21:51:11 §e[SkyHanni] §eYou have §62 §eitems in stash. §eClick to §6pickup §eyour stash!§r
21:51:11 §e[SkyHanni] §bYou have §395k §bmaterials in stash, §btotalling §318 types§b. §bClick to §3pickup §byour stash!§r
21:51:18 §e[SkyHanni] Click here to share the location of this chocolate egg with the server!§r
21:51:43 §e[SkyHanni] §eYou have §62 §eitems in stash. §eClick to §6pickup §eyour stash!§r
21:51:43 §e[SkyHanni] §bYou have §395k §bmaterials in stash, §btotalling §318 types§b. §bClick to §3pickup §byour stash!§r
21:52:00 §e[SkyHanni] §eYou have §62 §eitems in stash. §eClick to §6pickup §eyour stash!§r
21:52:00 §e[SkyHanni] §bYou have §395k §bmaterials in stash, §btotalling §318 types§b. §bClick to §3pickup §byour stash!§r
21:52:00 §e[SkyHanni] §eYou have §62 §eitems in stash. §eClick to §6pickup §eyour stash!§r
21:52:00 §e[SkyHanni] §bYou have §395k §bmaterials in stash, §btotalling §318 types§b. §bClick to §3pickup §byour stash!§r
21:53:02 §e[SkyHanni] §eYou have §62 §eitems in stash. §eClick to §6pickup §eyour stash!§r
21:53:02 §e[SkyHanni] §bYou have §395k §bmaterials in stash, §btotalling §318 types§b. §bClick to §3pickup §byour stash!§r
21:54:03 §e[SkyHanni] §eYou have §62 §eitems in stash. §eClick to §6pickup §eyour stash!§r
21:54:03 §e[SkyHanni] §bYou have §395k §bmaterials in stash, §btotalling §318 types§b. §bClick to §3pickup §byour stash!§r
21:55:03 §e[SkyHanni] §eYou have §62 §eitems in stash. §eClick to §6pickup §eyour stash!§r
21:55:03 §e[SkyHanni] §bYou have §395k §bmaterials in stash, §btotalling §318 types§b. §bClick to §3pickup §byour stash!§r
21:56:04 §e[SkyHanni] §eYou have §62 §eitems in stash. §eClick to §6pickup §eyour stash!§r
21:56:04 §e[SkyHanni] §bYou have §395k §bmaterials in stash, §btotalling §318 types§b. §bClick to §3pickup §byour stash!§r
21:57:04 §e[SkyHanni] §eYou have §62 §eitems in stash. §eClick to §6pickup §eyour stash!§r
21:57:04 §e[SkyHanni] §bYou have §395k §bmaterials in stash, §btotalling §318 types§b. §bClick to §3pickup §byour stash!§r
21:58:04 §e[SkyHanni] §eYou have §62 §eitems in stash. §eClick to §6pickup §eyour stash!§r
21:58:04 §e[SkyHanni] §bYou have §395k §bmaterials in stash, §btotalling §318 types§b. §bClick to §3pickup §byour stash!§r
21:58:36 §e[SkyHanni] §eYou have §62 §eitems in stash. §eClick to §6pickup §eyour stash!§r
21:58:36 §e[SkyHanni] §bYou have §395k §bmaterials in stash, §btotalling §318 types§b. §bClick to §3pickup §byour stash!§r
21:59:01 §e[SkyHanni] §eYou have §62 §eitems in stash. §eClick to §6pickup §eyour stash!§r
21:59:01 §e[SkyHanni] §bYou have §395k §bmaterials in stash, §btotalling §318 types§b. §bClick to §3pickup §byour stash!§r
21:59:02 §e[SkyHanni] §eYou have §62 §eitems in stash. §eClick to §6pickup §eyour stash!§r
21:59:02 §e[SkyHanni] §bYou have §395k §bmaterials in stash, §btotalling §318 types§b. §bClick to §3pickup §byour stash!§r
22:00:02 §e[SkyHanni] §eYou have §62 §eitems in stash. §eClick to §6pickup §eyour stash!§r
22:00:02 §e[SkyHanni] §bYou have §395k §bmaterials in stash, §btotalling §318 types§b. §bClick to §3pickup §byour stash!§r
22:00:04 §c[SkyHanni-0.28.Beta.17]: Could not find server id§c. Click here to copy the error into the clipboard.§r
22:01:02 §e[SkyHanni] §eYou have §62 §eitems in stash. §eClick to §6pickup §eyour stash!§r
22:01:02 §e[SkyHanni] §bYou have §395k §bmaterials in stash, §btotalling §318 types§b. §bClick to §3pickup §byour stash!§r
22:02:03 §e[SkyHanni] §eYou have §62 §eitems in stash. §eClick to §6pickup §eyour stash!§r
22:02:03 §e[SkyHanni] §bYou have §395k §bmaterials in stash, §btotalling §318 types§b. §bClick to §3pickup §byour stash!§r
22:03:00 §e[SkyHanni] §eYou have §62 §eitems in stash. §eClick to §6pickup §eyour stash!§r
22:03:00 §e[SkyHanni] §bYou have §395k §bmaterials in stash, §btotalling §318 types§b. §bClick to §3pickup §byour stash!§r
22:03:00 §e[SkyHanni] §eYou have §62 §eitems in stash. §eClick to §6pickup §eyour stash!§r
22:03:00 §e[SkyHanni] §bYou have §395k §bmaterials in stash, §btotalling §318 types§b. §bClick to §3pickup §byour stash!§r
22:04:01 §e[SkyHanni] §eYou have §62 §eitems in stash. §eClick to §6pickup §eyour stash!§r
22:04:01 §e[SkyHanni] §bYou have §395k §bmaterials in stash, §btotalling §318 types§b. §bClick to §3pickup §byour stash!§r
22:05:01 §e[SkyHanni] §eYou have §62 §eitems in stash. §eClick to §6pickup §eyour stash!§r
22:05:01 §e[SkyHanni] §bYou have §395k §bmaterials in stash, §btotalling §318 types§b. §bClick to §3pickup §byour stash!§r
22:06:02 §e[SkyHanni] §eYou have §62 §eitems in stash. §eClick to §6pickup §eyour stash!§r
22:06:02 §e[SkyHanni] §bYou have §395k §bmaterials in stash, §btotalling §318 types§b. §bClick to §3pickup §byour stash!§r
22:07:00 §e[SkyHanni] §eYou have §62 §eitems in stash. §eClick to §6pickup §eyour stash!§r
22:07:00 §e[SkyHanni] §bYou have §395k §bmaterials in stash, §btotalling §318 types§b. §bClick to §3pickup §byour stash!§r
22:07:04 §e[SkyHanni] §eYou have §62 §eitems in stash. §eClick to §6pickup §eyour stash!§r
22:07:04 §e[SkyHanni] §bYou have §395k §bmaterials in stash, §btotalling §318 types§b. §bClick to §3pickup §byour stash!§r
22:07:10 §e[SkyHanni] §eYou have §62 §eitems in stash. §eClick to §6pickup §eyour stash!§r
22:07:10 §e[SkyHanni] §bYou have §395k §bmaterials in stash, §btotalling §318 types§b. §bClick to §3pickup §byour stash!§r
22:07:18 §e[SkyHanni] §eYou have §62 §eitems in stash. §eClick to §6pickup §eyour stash!§r
22:07:18 §e[SkyHanni] §bYou have §395k §bmaterials in stash, §btotalling §318 types§b. §bClick to §3pickup §byour stash!§r
22:07:27 §e[SkyHanni] §eYou have §62 §eitems in stash. §eClick to §6pickup §eyour stash!§r
22:07:27 §e[SkyHanni] §bYou have §395k §bmaterials in stash, §btotalling §318 types§b. §bClick to §3pickup §byour stash!§r
22:07:27 §e[SkyHanni] §eYou have §62 §eitems in stash. §eClick to §6pickup §eyour stash!§r
22:07:27 §e[SkyHanni] §bYou have §395k §bmaterials in stash, §btotalling §318 types§b. §bClick to §3pickup §byour stash!§r
22:08:28 §e[SkyHanni] §eYou have §62 §eitems in stash. §eClick to §6pickup §eyour stash!§r
22:08:28 §e[SkyHanni] §bYou have §395k §bmaterials in stash, §btotalling §318 types§b. §bClick to §3pickup §byour stash!§r
22:09:30 §e[SkyHanni] §eYou have §62 §eitems in stash. §eClick to §6pickup §eyour stash!§r
22:09:30 §e[SkyHanni] §bYou have §395k §bmaterials in stash, §btotalling §318 types§b. §bClick to §3pickup §byour stash!§r
22:10:04 §c[SkyHanni-0.28.Beta.17]: Could not find server id§c. Click here to copy the error into the clipboard.§r
22:10:31 §e[SkyHanni] §eYou have §62 §eitems in stash. §eClick to §6pickup §eyour stash!§r
22:10:31 §e[SkyHanni] §bYou have §395k §bmaterials in stash, §btotalling §318 types§b. §bClick to §3pickup §byour stash!§r
22:11:18 §e[SkyHanni] §eYou have §62 §eitems in stash. §eClick to §6pickup §eyour stash!§r
22:11:18 §e[SkyHanni] §bYou have §395k §bmaterials in stash, §btotalling §318 types§b. §bClick to §3pickup §byour stash!§r
22:11:30 §e[SkyHanni] §eYou have §62 §eitems in stash. §eClick to §6pickup §eyour stash!§r
22:11:30 §e[SkyHanni] §bYou have §395k §bmaterials in stash, §btotalling §318 types§b. §bClick to §3pickup §byour stash!§r
22:12:30 §e[SkyHanni] §eYou have §62 §eitems in stash. §eClick to §6pickup §eyour stash!§r
22:12:30 §e[SkyHanni] §bYou have §395k §bmaterials in stash, §btotalling §318 types§b. §bClick to §3pickup §byour stash!§r
22:12:41 §e[SkyHanni] §eYou have §62 §eitems in stash. §eClick to §6pickup §eyour stash!§r
22:12:41 §e[SkyHanni] §bYou have §395k §bmaterials in stash, §btotalling §318 types§b. §bClick to §3pickup §byour stash!§r
22:12:41 §e[SkyHanni] §eYou have §62 §eitems in stash. §eClick to §6pickup §eyour stash!§r
22:12:41 §e[SkyHanni] §bYou have §395k §bmaterials in stash, §btotalling §318 types§b. §bClick to §3pickup §byour stash!§r
22:13:41 §e[SkyHanni] §eYou have §62 §eitems in stash. §eClick to §6pickup §eyour stash!§r
22:13:41 §e[SkyHanni] §bYou have §395k §bmaterials in stash, §btotalling §318 types§b. §bClick to §3pickup §byour stash!§r
22:14:42 §e[SkyHanni] §eYou have §62 §eitems in stash. §eClick to §6pickup §eyour stash!§r
22:14:42 §e[SkyHanni] §bYou have §395k §bmaterials in stash, §btotalling §318 types§b. §bClick to §3pickup §byour stash!§r
22:15:42 §e[SkyHanni] §eYou have §62 §eitems in stash. §eClick to §6pickup §eyour stash!§r
22:15:42 §e[SkyHanni] §bYou have §395k §bmaterials in stash, §btotalling §318 types§b. §bClick to §3pickup §byour stash!§r
22:16:42 §e[SkyHanni] §eYou have §62 §eitems in stash. §eClick to §6pickup §eyour stash!§r
22:16:42 §e[SkyHanni] §bYou have §395k §bmaterials in stash, §btotalling §318 types§b. §bClick to §3pickup §byour stash!§r
22:17:42 §e[SkyHanni] §eYou have §62 §eitems in stash. §eClick to §6pickup §eyour stash!§r
22:17:42 §e[SkyHanni] §bYou have §395k §bmaterials in stash, §btotalling §318 types§b. §bClick to §3pickup §byour stash!§r
22:17:47 §e[SkyHanni] §eYou have §62 §eitems in stash. §eClick to §6pickup §eyour stash!§r
22:17:47 §e[SkyHanni] §bYou have §395k §bmaterials in stash, §btotalling §318 types§b. §bClick to §3pickup §byour stash!§r
22:17:47 §e[SkyHanni] §eYou have §62 §eitems in stash. §eClick to §6pickup §eyour stash!§r
22:17:47 §e[SkyHanni] §bYou have §395k §bmaterials in stash, §btotalling §318 types§b. §bClick to §3pickup §byour stash!§r
22:18:12 §e[SkyHanni] §eYou have §62 §eitems in stash. §eClick to §6pickup §eyour stash!§r
22:18:12 §e[SkyHanni] §bYou have §395k §bmaterials in stash, §btotalling §318 types§b. §bClick to §3pickup §byour stash!§r
22:18:33 §e[SkyHanni] §eYou have §62 §eitems in stash. §eClick to §6pickup §eyour stash!§r
22:18:33 §e[SkyHanni] §bYou have §395k §bmaterials in stash, §btotalling §318 types§b. §bClick to §3pickup §byour stash!§r
22:18:33 §e[SkyHanni] §eYou have §62 §eitems in stash. §eClick to §6pickup §eyour stash!§r
22:18:33 §e[SkyHanni] §bYou have §395k §bmaterials in stash, §btotalling §318 types§b. §bClick to §3pickup §byour stash!§r
22:20:05 §c[SkyHanni-0.28.Beta.17]: Could not find server id§c. Click here to copy the error into the clipboard.§r
22:20:39 §e[SkyHanni] §eYou have §63 §eitems in stash. §eClick to §6pickup §eyour stash!§r
22:20:39 §e[SkyHanni] §bYou have §395k §bmaterials in stash, §btotalling §318 types§b. §bClick to §3pickup §byour stash!§r
22:21:40 §e[SkyHanni] §eYou have §63 §eitems in stash. §eClick to §6pickup §eyour stash!§r
22:21:40 §e[SkyHanni] §bYou have §395k §bmaterials in stash, §btotalling §318 types§b. §bClick to §3pickup §byour stash!§r
22:22:40 §e[SkyHanni] §eYou have §63 §eitems in stash. §eClick to §6pickup §eyour stash!§r
22:22:40 §e[SkyHanni] §bYou have §395k §bmaterials in stash, §btotalling §318 types§b. §bClick to §3pickup §byour stash!§r
22:23:44 §e[SkyHanni] §eYou have §63 §eitems in stash. §eClick to §6pickup §eyour stash!§r
22:23:44 §e[SkyHanni] §bYou have §395k §bmaterials in stash, §btotalling §318 types§b. §bClick to §3pickup §byour stash!§r
22:23:56 §e[SkyHanni] §eYou have §63 §eitems in stash. §eClick to §6pickup §eyour stash!§r
22:23:56 §e[SkyHanni] §bYou have §395k §bmaterials in stash, §btotalling §318 types§b. §bClick to §3pickup §byour stash!§r
22:23:56 §e[SkyHanni] §eYou have §63 §eitems in stash. §eClick to §6pickup §eyour stash!§r
22:23:56 §e[SkyHanni] §bYou have §395k §bmaterials in stash, §btotalling §318 types§b. §bClick to §3pickup §byour stash!§r
22:24:57 §e[SkyHanni] §eYou have §63 §eitems in stash. §eClick to §6pickup §eyour stash!§r
22:24:57 §e[SkyHanni] §bYou have §395k §bmaterials in stash, §btotalling §318 types§b. §bClick to §3pickup §byour stash!§r
22:26:01 §e[SkyHanni] §eYou have §63 §eitems in stash. §eClick to §6pickup §eyour stash!§r
22:26:01 §e[SkyHanni] §bYou have §395k §bmaterials in stash, §btotalling §318 types§b. §bClick to §3pickup §byour stash!§r
22:27:02 §e[SkyHanni] §eYou have §63 §eitems in stash. §eClick to §6pickup §eyour stash!§r
22:27:02 §e[SkyHanni] §bYou have §395k §bmaterials in stash, §btotalling §318 types§b. §bClick to §3pickup §byour stash!§r
22:28:05 §e[SkyHanni] §eYou have §63 §eitems in stash. §eClick to §6pickup §eyour stash!§r
22:28:05 §e[SkyHanni] §bYou have §395k §bmaterials in stash, §btotalling §318 types§b. §bClick to §3pickup §byour stash!§r
22:28:22 §e[SkyHanni] §eYou have §63 §eitems in stash. §eClick to §6pickup §eyour stash!§r
22:28:22 §e[SkyHanni] §bYou have §395k §bmaterials in stash, §btotalling §318 types§b. §bClick to §3pickup §byour stash!§r
22:28:23 §e[SkyHanni] §eYou have §63 §eitems in stash. §eClick to §6pickup §eyour stash!§r
22:28:23 §e[SkyHanni] §bYou have §395k §bmaterials in stash, §btotalling §318 types§b. §bClick to §3pickup §byour stash!§r
22:29:22 §e[SkyHanni] §eYou have §63 §eitems in stash. §eClick to §6pickup §eyour stash!§r
22:29:22 §e[SkyHanni] §bYou have §395k §bmaterials in stash, §btotalling §318 types§b. §bClick to §3pickup §byour stash!§r
22:30:05 §c[SkyHanni-0.28.Beta.17]: Could not find server id§c. Click here to copy the error into the clipboard.§r
22:30:26 §e[SkyHanni] §eYou have §64 §eitems in stash. §eClick to §6pickup §eyour stash!§r
22:30:26 §e[SkyHanni] §bYou have §395k §bmaterials in stash, §btotalling §318 types§b. §bClick to §3pickup §byour stash!§r
22:31:29 §e[SkyHanni] §eYou have §64 §eitems in stash. §eClick to §6pickup §eyour stash!§r
22:31:29 §e[SkyHanni] §bYou have §395k §bmaterials in stash, §btotalling §318 types§b. §bClick to §3pickup §byour stash!§r
22:32:30 §e[SkyHanni] §eYou have §65 §eitems in stash. §eClick to §6pickup §eyour stash!§r
22:32:30 §e[SkyHanni] §bYou have §395k §bmaterials in stash, §btotalling §318 types§b. §bClick to §3pickup §byour stash!§r
22:33:30 §e[SkyHanni] §eYou have §65 §eitems in stash. §eClick to §6pickup §eyour stash!§r
22:33:30 §e[SkyHanni] §bYou have §395k §bmaterials in stash, §btotalling §318 types§b. §bClick to §3pickup §byour stash!§r
22:34:22 §e[SkyHanni] §eYou have §65 §eitems in stash. §eClick to §6pickup §eyour stash!§r
22:34:22 §e[SkyHanni] §bYou have §395k §bmaterials in stash, §btotalling §318 types§b. §bClick to §3pickup §byour stash!§r
22:34:22 §e[SkyHanni] §eYou have §65 §eitems in stash. §eClick to §6pickup §eyour stash!§r
22:34:22 §e[SkyHanni] §bYou have §395k §bmaterials in stash, §btotalling §318 types§b. §bClick to §3pickup §byour stash!§r
22:35:23 §e[SkyHanni] §eYou have §65 §eitems in stash. §eClick to §6pickup §eyour stash!§r
22:35:23 §e[SkyHanni] §bYou have §395k §bmaterials in stash, §btotalling §319 types§b. §bClick to §3pickup §byour stash!§r
22:36:23 §e[SkyHanni] §eYou have §65 §eitems in stash. §eClick to §6pickup §eyour stash!§r
22:36:23 §e[SkyHanni] §bYou have §395k §bmaterials in stash, §btotalling §319 types§b. §bClick to §3pickup §byour stash!§r
22:37:27 §e[SkyHanni] §eYou have §65 §eitems in stash. §eClick to §6pickup §eyour stash!§r
22:37:27 §e[SkyHanni] §bYou have §395k §bmaterials in stash, §btotalling §319 types§b. §bClick to §3pickup §byour stash!§r
22:38:29 §e[SkyHanni] §eYou have §65 §eitems in stash. §eClick to §6pickup §eyour stash!§r
22:38:29 §e[SkyHanni] §bYou have §395k §bmaterials in stash, §btotalling §319 types§b. §bClick to §3pickup §byour stash!§r
22:39:23 §e[SkyHanni] §eYou have §65 §eitems in stash. §eClick to §6pickup §eyour stash!§r
22:39:23 §e[SkyHanni] §bYou have §395k §bmaterials in stash, §btotalling §319 types§b. §bClick to §3pickup §byour stash!§r
22:39:23 §e[SkyHanni] §eYou have §65 §eitems in stash. §eClick to §6pickup §eyour stash!§r
22:39:23 §e[SkyHanni] §bYou have §395k §bmaterials in stash, §btotalling §319 types§b. §bClick to §3pickup §byour stash!§r
22:40:05 §c[SkyHanni-0.28.Beta.17]: Could not find server id§c. Click here to copy the error into the clipboard.§r
22:40:24 §e[SkyHanni] §eYou have §65 §eitems in stash. §eClick to §6pickup §eyour stash!§r
22:40:24 §e[SkyHanni] §bYou have §395k §bmaterials in stash, §btotalling §319 types§b. §bClick to §3pickup §byour stash!§r
22:41:24 §e[SkyHanni] §eYou have §65 §eitems in stash. §eClick to §6pickup §eyour stash!§r
22:41:24 §e[SkyHanni] §bYou have §395k §bmaterials in stash, §btotalling §319 types§b. §bClick to §3pickup §byour stash!§r
22:42:24 §e[SkyHanni] §eYou have §65 §eitems in stash. §eClick to §6pickup §eyour stash!§r
22:42:24 §e[SkyHanni] §bYou have §395k §bmaterials in stash, §btotalling §319 types§b. §bClick to §3pickup §byour stash!§r
22:43:25 §e[SkyHanni] §eYou have §65 §eitems in stash. §eClick to §6pickup §eyour stash!§r
22:43:25 §e[SkyHanni] §bYou have §395k §bmaterials in stash, §btotalling §319 types§b. §bClick to §3pickup §byour stash!§r
22:43:48 §e[SkyHanni] §eYou have §65 §eitems in stash. §eClick to §6pickup §eyour stash!§r
22:43:48 §e[SkyHanni] §bYou have §395k §bmaterials in stash, §btotalling §319 types§b. §bClick to §3pickup §byour stash!§r
22:43:48 §e[SkyHanni] §eYou have §65 §eitems in stash. §eClick to §6pickup §eyour stash!§r
22:43:48 §e[SkyHanni] §bYou have §395k §bmaterials in stash, §btotalling §319 types§b. §bClick to §3pickup §byour stash!§r
22:44:49 §e[SkyHanni] §eYou have §65 §eitems in stash. §eClick to §6pickup §eyour stash!§r
22:44:49 §e[SkyHanni] §bYou have §395k §bmaterials in stash, §btotalling §319 types§b. §bClick to §3pickup §byour stash!§r
22:45:49 §e[SkyHanni] §eYou have §65 §eitems in stash. §eClick to §6pickup §eyour stash!§r
22:45:49 §e[SkyHanni] §bYou have §395k §bmaterials in stash, §btotalling §319 types§b. §bClick to §3pickup §byour stash!§r
22:46:50 §e[SkyHanni] §eYou have §65 §eitems in stash. §eClick to §6pickup §eyour stash!§r
22:46:50 §e[SkyHanni] §bYou have §395k §bmaterials in stash, §btotalling §319 types§b. §bClick to §3pickup §byour stash!§r
22:47:50 §e[SkyHanni] §eYou have §65 §eitems in stash. §eClick to §6pickup §eyour stash!§r
22:47:50 §e[SkyHanni] §bYou have §395k §bmaterials in stash, §btotalling §319 types§b. §bClick to §3pickup §byour stash!§r
22:48:43 §e[SkyHanni] §eYou have §65 §eitems in stash. §eClick to §6pickup §eyour stash!§r
22:48:43 §e[SkyHanni] §bYou have §395k §bmaterials in stash, §btotalling §319 types§b. §bClick to §3pickup §byour stash!§r
22:48:44 §e[SkyHanni] §eYou have §65 §eitems in stash. §eClick to §6pickup §eyour stash!§r
22:48:44 §e[SkyHanni] §bYou have §395k §bmaterials in stash, §btotalling §319 types§b. §bClick to §3pickup §byour stash!§r
22:48:52 §e[SkyHanni] Click here to share the location of this chocolate egg with the server!§r
22:49:44 §e[SkyHanni] §eYou have §65 §eitems in stash. §eClick to §6pickup §eyour stash!§r
22:49:44 §e[SkyHanni] §bYou have §395k §bmaterials in stash, §btotalling §319 types§b. §bClick to §3pickup §byour stash!§r
22:49:53 §e[SkyHanni] §eYou have §65 §eitems in stash. §eClick to §6pickup §eyour stash!§r
22:49:53 §e[SkyHanni] §bYou have §395k §bmaterials in stash, §btotalling §319 types§b. §bClick to §3pickup §byour stash!§r
22:49:53 §e[SkyHanni] §eYou have §65 §eitems in stash. §eClick to §6pickup §eyour stash!§r
22:49:53 §e[SkyHanni] §bYou have §395k §bmaterials in stash, §btotalling §319 types§b. §bClick to §3pickup §byour stash!§r
22:50:05 §c[SkyHanni-0.28.Beta.17]: Could not find server id§c. Click here to copy the error into the clipboard.§r
22:50:55 §e[SkyHanni] §eYou have §65 §eitems in stash. §eClick to §6pickup §eyour stash!§r
22:50:55 §e[SkyHanni] §bYou have §395k §bmaterials in stash, §btotalling §319 types§b. §bClick to §3pickup §byour stash!§r
22:51:55 §e[SkyHanni] §eYou have §65 §eitems in stash. §eClick to §6pickup §eyour stash!§r
22:51:55 §e[SkyHanni] §bYou have §395k §bmaterials in stash, §btotalling §319 types§b. §bClick to §3pickup §byour stash!§r
22:53:01 §e[SkyHanni] §eYou have §65 §eitems in stash. §eClick to §6pickup §eyour stash!§r
22:53:01 §e[SkyHanni] §bYou have §395k §bmaterials in stash, §btotalling §319 types§b. §bClick to §3pickup §byour stash!§r
22:53:59 §e[SkyHanni] §eYou have §65 §eitems in stash. §eClick to §6pickup §eyour stash!§r
22:53:59 §e[SkyHanni] §bYou have §395k §bmaterials in stash, §btotalling §319 types§b. §bClick to §3pickup §byour stash!§r
22:53:59 §e[SkyHanni] §eYou have §65 §eitems in stash. §eClick to §6pickup §eyour stash!§r
22:53:59 §e[SkyHanni] §bYou have §395k §bmaterials in stash, §btotalling §319 types§b. §bClick to §3pickup §byour stash!§r
22:54:59 §e[SkyHanni] §eYou have §65 §eitems in stash. §eClick to §6pickup §eyour stash!§r
22:54:59 §e[SkyHanni] §bYou have §395k §bmaterials in stash, §btotalling §319 types§b. §bClick to §3pickup §byour stash!§r
22:56:00 §e[SkyHanni] §eYou have §65 §eitems in stash. §eClick to §6pickup §eyour stash!§r
22:56:00 §e[SkyHanni] §bYou have §395k §bmaterials in stash, §btotalling §319 types§b. §bClick to §3pickup §byour stash!§r
22:57:00 §e[SkyHanni] §eYou have §65 §eitems in stash. §eClick to §6pickup §eyour stash!§r
22:57:00 §e[SkyHanni] §bYou have §395k §bmaterials in stash, §btotalling §319 types§b. §bClick to §3pickup §byour stash!§r
22:58:00 §e[SkyHanni] §eYou have §65 §eitems in stash. §eClick to §6pickup §eyour stash!§r
22:58:00 §e[SkyHanni] §bYou have §395k §bmaterials in stash, §btotalling §319 types§b. §bClick to §3pickup §byour stash!§r
22:58:06 §e[SkyHanni] §eYou have §65 §eitems in stash. §eClick to §6pickup §eyour stash!§r
22:58:06 §e[SkyHanni] §bYou have §395k §bmaterials in stash, §btotalling §319 types§b. §bClick to §3pickup §byour stash!§r
22:58:12 §e[SkyHanni] §eNext egg available in §b2m 37s§e.§r
22:58:23 §e[SkyHanni] §eYou have §65 §eitems in stash. §eClick to §6pickup §eyour stash!§r
22:58:23 §e[SkyHanni] §bYou have §395k §bmaterials in stash, §btotalling §319 types§b. §bClick to §3pickup §byour stash!§r
22:59:24 §e[SkyHanni] §eYou have §65 §eitems in stash. §eClick to §6pickup §eyour stash!§r
22:59:24 §e[SkyHanni] §bYou have §395k §bmaterials in stash, §btotalling §319 types§b. §bClick to §3pickup §byour stash!§r
22:59:28 §e[SkyHanni] §eYou have §65 §eitems in stash. §eClick to §6pickup §eyour stash!§r
22:59:28 §e[SkyHanni] §bYou have §395k §bmaterials in stash, §btotalling §319 types§b. §bClick to §3pickup §byour stash!§r
22:59:28 §e[SkyHanni] §eYou have §65 §eitems in stash. §eClick to §6pickup §eyour stash!§r
22:59:28 §e[SkyHanni] §bYou have §395k §bmaterials in stash, §btotalling §319 types§b. §bClick to §3pickup §byour stash!§r
23:00:05 §c[SkyHanni-0.28.Beta.17]: Could not find server id§c. Click here to copy the error into the clipboard.§r
23:00:28 §e[SkyHanni] §eYou have §65 §eitems in stash. §eClick to §6pickup §eyour stash!§r
23:00:28 §e[SkyHanni] §bYou have §395k §bmaterials in stash, §btotalling §319 types§b. §bClick to §3pickup §byour stash!§r
23:01:29 §e[SkyHanni] §eYou have §65 §eitems in stash. §eClick to §6pickup §eyour stash!§r
23:01:29 §e[SkyHanni] §bYou have §395k §bmaterials in stash, §btotalling §319 types§b. §bClick to §3pickup §byour stash!§r
23:02:29 §e[SkyHanni] §eYou have §65 §eitems in stash. §eClick to §6pickup §eyour stash!§r
23:02:29 §e[SkyHanni] §bYou have §395k §bmaterials in stash, §btotalling §319 types§b. §bClick to §3pickup §byour stash!§r
23:03:29 §e[SkyHanni] §eYou have §65 §eitems in stash. §eClick to §6pickup §eyour stash!§r
23:03:29 §e[SkyHanni] §bYou have §395k §bmaterials in stash, §btotalling §319 types§b. §bClick to §3pickup §byour stash!§r
23:04:29 §e[SkyHanni] §eYou have §65 §eitems in stash. §eClick to §6pickup §eyour stash!§r
23:04:29 §e[SkyHanni] §bYou have §395k §bmaterials in stash, §btotalling §319 types§b. §bClick to §3pickup §byour stash!§r
23:04:34 §e[SkyHanni] §eYou have §65 §eitems in stash. §eClick to §6pickup §eyour stash!§r
23:04:34 §e[SkyHanni] §bYou have §395k §bmaterials in stash, §btotalling §319 types§b. §bClick to §3pickup §byour stash!§r
23:04:34 §e[SkyHanni] §eYou have §65 §eitems in stash. §eClick to §6pickup §eyour stash!§r
23:04:34 §e[SkyHanni] §bYou have §395k §bmaterials in stash, §btotalling §319 types§b. §bClick to §3pickup §byour stash!§r
23:05:35 §e[SkyHanni] §eYou have §65 §eitems in stash. §eClick to §6pickup §eyour stash!§r
23:05:35 §e[SkyHanni] §bYou have §395k §bmaterials in stash, §btotalling §319 types§b. §bClick to §3pickup §byour stash!§r
23:06:37 §e[SkyHanni] §eYou have §65 §eitems in stash. §eClick to §6pickup §eyour stash!§r
23:06:37 §e[SkyHanni] §bYou have §395k §bmaterials in stash, §btotalling §319 types§b. §bClick to §3pickup §byour stash!§r
23:07:38 §e[SkyHanni] §eYou have §65 §eitems in stash. §eClick to §6pickup §eyour stash!§r
23:07:38 §e[SkyHanni] §bYou have §395k §bmaterials in stash, §btotalling §319 types§b. §bClick to §3pickup §byour stash!§r
23:08:40 §e[SkyHanni] §eYou have §65 §eitems in stash. §eClick to §6pickup §eyour stash!§r
23:08:40 §e[SkyHanni] §bYou have §395k §bmaterials in stash, §btotalling §319 types§b. §bClick to §3pickup §byour stash!§r
23:09:22 §e[SkyHanni] §eYou have §65 §eitems in stash. §eClick to §6pickup §eyour stash!§r
23:09:22 §e[SkyHanni] §bYou have §395k §bmaterials in stash, §btotalling §319 types§b. §bClick to §3pickup §byour stash!§r
23:09:23 §e[SkyHanni] §eYou have §65 §eitems in stash. §eClick to §6pickup §eyour stash!§r
23:09:23 §e[SkyHanni] §bYou have §395k §bmaterials in stash, §btotalling §319 types§b. §bClick to §3pickup §byour stash!§r
23:10:05 §c[SkyHanni-0.28.Beta.17]: Could not find server id§c. Click here to copy the error into the clipboard.§r
23:10:26 §e[SkyHanni] §eYou have §65 §eitems in stash. §eClick to §6pickup §eyour stash!§r
23:10:26 §e[SkyHanni] §bYou have §395k §bmaterials in stash, §btotalling §319 types§b. §bClick to §3pickup §byour stash!§r
23:11:27 §e[SkyHanni] §eYou have §65 §eitems in stash. §eClick to §6pickup §eyour stash!§r
23:11:27 §e[SkyHanni] §bYou have §395k §bmaterials in stash, §btotalling §319 types§b. §bClick to §3pickup §byour stash!§r
23:11:28 §6§lBESTIARY §r§b§lUndead Skeleton §7§8XXIII §8➡§b §bXXIV§r
23:12:29 §e[SkyHanni] §eYou have §65 §eitems in stash. §eClick to §6pickup §eyour stash!§r
23:12:29 §e[SkyHanni] §bYou have §395k §bmaterials in stash, §btotalling §319 types§b. §bClick to §3pickup §byour stash!§r
23:13:29 §e[SkyHanni] §eYou have §65 §eitems in stash. §eClick to §6pickup §eyour stash!§r
23:13:29 §e[SkyHanni] §bYou have §395k §bmaterials in stash, §btotalling §319 types§b. §bClick to §3pickup §byour stash!§r
23:13:56 §e[SkyHanni] §eYou have §65 §eitems in stash. §eClick to §6pickup §eyour stash!§r
23:13:56 §e[SkyHanni] §bYou have §395k §bmaterials in stash, §btotalling §319 types§b. §bClick to §3pickup §byour stash!§r
23:14:16 §e[SkyHanni] §eYou have §65 §eitems in stash. §eClick to §6pickup §eyour stash!§r
23:14:16 §e[SkyHanni] §bYou have §395k §bmaterials in stash, §btotalling §319 types§b. §bClick to §3pickup §byour stash!§r
23:15:17 §e[SkyHanni] §eYou have §65 §eitems in stash. §eClick to §6pickup §eyour stash!§r
23:15:17 §e[SkyHanni] §bYou have §395k §bmaterials in stash, §btotalling §319 types§b. §bClick to §3pickup §byour stash!§r
23:15:29 §e[SkyHanni] §eYou have §65 §eitems in stash. §eClick to §6pickup §eyour stash!§r
23:15:29 §e[SkyHanni] §bYou have §395k §bmaterials in stash, §btotalling §319 types§b. §bClick to §3pickup §byour stash!§r
23:16:07 §e[SkyHanni] §eYou have §65 §eitems in stash. §eClick to §6pickup §eyour stash!§r
23:16:07 §e[SkyHanni] §bYou have §395k §bmaterials in stash, §btotalling §319 types§b. §bClick to §3pickup §byour stash!§r
23:17:07 §e[SkyHanni] §eYou have §65 §eitems in stash. §eClick to §6pickup §eyour stash!§r
23:17:07 §e[SkyHanni] §bYou have §395k §bmaterials in stash, §btotalling §319 types§b. §bClick to §3pickup §byour stash!§r
23:17:25 §e[SkyHanni] §eYou have §65 §eitems in stash. §eClick to §6pickup §eyour stash!§r
23:17:25 §e[SkyHanni] §bYou have §395k §bmaterials in stash, §btotalling §319 types§b. §bClick to §3pickup §byour stash!§r
23:17:25 §e[SkyHanni] §eYou have §65 §eitems in stash. §eClick to §6pickup §eyour stash!§r
23:17:26 §e[SkyHanni] §bYou have §395k §bmaterials in stash, §btotalling §319 types§b. §bClick to §3pickup §byour stash!§r
23:18:28 §e[SkyHanni] §eYou have §65 §eitems in stash. §eClick to §6pickup §eyour stash!§r
23:18:28 §e[SkyHanni] §bYou have §395k §bmaterials in stash, §btotalling §319 types§b. §bClick to §3pickup §byour stash!§r
23:19:28 §e[SkyHanni] §eYou have §65 §eitems in stash. §eClick to §6pickup §eyour stash!§r
23:19:28 §e[SkyHanni] §bYou have §395k §bmaterials in stash, §btotalling §319 types§b. §bClick to §3pickup §byour stash!§r
23:20:05 §c[SkyHanni-0.28.Beta.17]: Could not find server id§c. Click here to copy the error into the clipboard.§r
23:20:29 §e[SkyHanni] §eYou have §65 §eitems in stash. §eClick to §6pickup §eyour stash!§r
23:20:29 §e[SkyHanni] §bYou have §395k §bmaterials in stash, §btotalling §319 types§b. §bClick to §3pickup §byour stash!§r
23:21:30 §e[SkyHanni] §eYou have §65 §eitems in stash. §eClick to §6pickup §eyour stash!§r
23:21:30 §e[SkyHanni] §bYou have §395k §bmaterials in stash, §btotalling §319 types§b. §bClick to §3pickup §byour stash!§r
23:22:30 §e[SkyHanni] §eYou have §65 §eitems in stash. §eClick to §6pickup §eyour stash!§r
23:22:30 §e[SkyHanni] §bYou have §395k §bmaterials in stash, §btotalling §319 types§b. §bClick to §3pickup §byour stash!§r
23:22:30 §e[SkyHanni] §eYou have §65 §eitems in stash. §eClick to §6pickup §eyour stash!§r
23:22:30 §e[SkyHanni] §bYou have §395k §bmaterials in stash, §btotalling §319 types§b. §bClick to §3pickup §byour stash!§r
23:23:31 §e[SkyHanni] §eYou have §65 §eitems in stash. §eClick to §6pickup §eyour stash!§r
23:23:31 §e[SkyHanni] §bYou have §395k §bmaterials in stash, §btotalling §319 types§b. §bClick to §3pickup §byour stash!§r
23:24:31 §e[SkyHanni] §eYou have §65 §eitems in stash. §eClick to §6pickup §eyour stash!§r
23:24:31 §e[SkyHanni] §bYou have §395k §bmaterials in stash, §btotalling §319 types§b. §bClick to §3pickup §byour stash!§r
23:25:31 §e[SkyHanni] §eYou have §65 §eitems in stash. §eClick to §6pickup §eyour stash!§r
23:25:31 §e[SkyHanni] §bYou have §395k §bmaterials in stash, §btotalling §319 types§b. §bClick to §3pickup §byour stash!§r
23:26:32 §e[SkyHanni] §eYou have §65 §eitems in stash. §eClick to §6pickup §eyour stash!§r
23:26:32 §e[SkyHanni] §bYou have §395k §bmaterials in stash, §btotalling §319 types§b. §bClick to §3pickup §byour stash!§r
23:27:22 §e[SkyHanni] §eYou have §65 §eitems in stash. §eClick to §6pickup §eyour stash!§r
23:27:22 §e[SkyHanni] §bYou have §395k §bmaterials in stash, §btotalling §319 types§b. §bClick to §3pickup §byour stash!§r
23:27:22 §e[SkyHanni] §eYou have §65 §eitems in stash. §eClick to §6pickup §eyour stash!§r
23:27:22 §e[SkyHanni] §bYou have §395k §bmaterials in stash, §btotalling §319 types§b. §bClick to §3pickup §byour stash!§r
23:28:04 §e[SkyHanni] §c§lPUZZLE FAILED! §r§bSrk5 §r§efailed a puzzle. 
§eClick here to get §5Architect's First Draft §7(§e19x left§7)§r
23:28:23 §e[SkyHanni] §eYou have §65 §eitems in stash. §eClick to §6pickup §eyour stash!§r
23:28:23 §e[SkyHanni] §bYou have §395k §bmaterials in stash, §btotalling §319 types§b. §bClick to §3pickup §byour stash!§r
23:29:24 §e[SkyHanni] §eYou have §65 §eitems in stash. §eClick to §6pickup §eyour stash!§r
23:29:24 §e[SkyHanni] §bYou have §395k §bmaterials in stash, §btotalling §319 types§b. §bClick to §3pickup §byour stash!§r
23:30:05 §c[SkyHanni-0.28.Beta.17]: Could not find server id§c. Click here to copy the error into the clipboard.§r
23:30:26 §e[SkyHanni] §eYou have §66 §eitems in stash. §eClick to §6pickup §eyour stash!§r
23:30:26 §e[SkyHanni] §bYou have §395k §bmaterials in stash, §btotalling §319 types§b. §bClick to §3pickup §byour stash!§r
23:31:26 §e[SkyHanni] §eYou have §66 §eitems in stash. §eClick to §6pickup §eyour stash!§r
23:31:26 §e[SkyHanni] §bYou have §395k §bmaterials in stash, §btotalling §319 types§b. §bClick to §3pickup §byour stash!§r
23:32:20 §e[SkyHanni] §eYou have §66 §eitems in stash. §eClick to §6pickup §eyour stash!§r
23:32:20 §e[SkyHanni] §bYou have §395k §bmaterials in stash, §btotalling §319 types§b. §bClick to §3pickup §byour stash!§r
23:33:12 §e[SkyHanni] §eYou have §66 §eitems in stash. §eClick to §6pickup §eyour stash!§r
23:33:12 §e[SkyHanni] §bYou have §395k §bmaterials in stash, §btotalling §319 types§b. §bClick to §3pickup §byour stash!§r
23:34:12 §e[SkyHanni] §eYou have §66 §eitems in stash. §eClick to §6pickup §eyour stash!§r
23:34:12 §e[SkyHanni] §bYou have §395k §bmaterials in stash, §btotalling §319 types§b. §bClick to §3pickup §byour stash!§r
23:35:13 §e[SkyHanni] §eYou have §66 §eitems in stash. §eClick to §6pickup §eyour stash!§r
23:35:13 §e[SkyHanni] §bYou have §395k §bmaterials in stash, §btotalling §319 types§b. §bClick to §3pickup §byour stash!§r
23:36:13 §e[SkyHanni] §eYou have §66 §eitems in stash. §eClick to §6pickup §eyour stash!§r
23:36:13 §e[SkyHanni] §bYou have §395k §bmaterials in stash, §btotalling §319 types§b. §bClick to §3pickup §byour stash!§r
23:37:14 §e[SkyHanni] §eYou have §66 §eitems in stash. §eClick to §6pickup §eyour stash!§r
23:37:14 §e[SkyHanni] §bYou have §395k §bmaterials in stash, §btotalling §319 types§b. §bClick to §3pickup §byour stash!§r
23:37:58 §e[SkyHanni] §b+6 SkyBlock XP §7(Accessory Bag§7)§b (73/100)§r
23:38:14 §e[SkyHanni] §eYou have §66 §eitems in stash. §eClick to §6pickup §eyour stash!§r
23:38:14 §e[SkyHanni] §bYou have §395k §bmaterials in stash, §btotalling §319 types§b. §bClick to §3pickup §byour stash!§r
23:38:25 §e[SkyHanni] Click here to share the location of this chocolate egg with the server!§r
23:39:15 §e[SkyHanni] §eYou have §66 §eitems in stash. §eClick to §6pickup §eyour stash!§r
23:39:15 §e[SkyHanni] §bYou have §395k §bmaterials in stash, §btotalling §319 types§b. §bClick to §3pickup §byour stash!§r
23:40:15 §e[SkyHanni] §eYou have §66 §eitems in stash. §eClick to §6pickup §eyour stash!§r
23:40:15 §e[SkyHanni] §bYou have §395k §bmaterials in stash, §btotalling §319 types§b. §bClick to §3pickup §byour stash!§r
23:41:16 §e[SkyHanni] §eYou have §66 §eitems in stash. §eClick to §6pickup §eyour stash!§r
23:41:16 §e[SkyHanni] §bYou have §395k §bmaterials in stash, §btotalling §319 types§b. §bClick to §3pickup §byour stash!§r
23:42:16 §e[SkyHanni] §eYou have §66 §eitems in stash. §eClick to §6pickup §eyour stash!§r
23:42:16 §e[SkyHanni] §bYou have §395k §bmaterials in stash, §btotalling §319 types§b. §bClick to §3pickup §byour stash!§r
23:43:17 §e[SkyHanni] §eYou have §66 §eitems in stash. §eClick to §6pickup §eyour stash!§r
23:43:17 §e[SkyHanni] §bYou have §395k §bmaterials in stash, §btotalling §319 types§b. §bClick to §3pickup §byour stash!§r
23:44:17 §e[SkyHanni] §eYou have §66 §eitems in stash. §eClick to §6pickup §eyour stash!§r
23:44:17 §e[SkyHanni] §bYou have §395k §bmaterials in stash, §btotalling §319 types§b. §bClick to §3pickup §byour stash!§r
23:45:17 §e[SkyHanni] §eYou have §66 §eitems in stash. §eClick to §6pickup §eyour stash!§r
23:45:17 §e[SkyHanni] §bYou have §395k §bmaterials in stash, §btotalling §319 types§b. §bClick to §3pickup §byour stash!§r
23:46:18 §e[SkyHanni] §eYou have §66 §eitems in stash. §eClick to §6pickup §eyour stash!§r
23:46:18 §e[SkyHanni] §bYou have §395k §bmaterials in stash, §btotalling §319 types§b. §bClick to §3pickup §byour stash!§r
23:46:54 §e[SkyHanni] Click here to share the location of this chocolate egg with the server!§r
23:47:18 §e[SkyHanni] §eYou have §66 §eitems in stash. §eClick to §6pickup §eyour stash!§r
23:47:18 §e[SkyHanni] §bYou have §395k §bmaterials in stash, §btotalling §319 types§b. §bClick to §3pickup §byour stash!§r
23:47:38 §e[SkyHanni] §eNext egg available in §b4m 51s§e.§r
23:47:42 §e[SkyHanni] Click here to share the location of this chocolate egg with the server!§r
23:48:18 §e[SkyHanni] §eYou have §66 §eitems in stash. §eClick to §6pickup §eyour stash!§r
23:48:18 §e[SkyHanni] §bYou have §395k §bmaterials in stash, §btotalling §319 types§b. §bClick to §3pickup §byour stash!§r
23:48:21 §e[SkyHanni] §eNext egg available in §b4m 8s§e.§r
23:49:19 §e[SkyHanni] §eYou have §66 §eitems in stash. §eClick to §6pickup §eyour stash!§r
23:49:19 §e[SkyHanni] §bYou have §395k §bmaterials in stash, §btotalling §319 types§b. §bClick to §3pickup §byour stash!§r
23:50:19 §e[SkyHanni] §eYou have §66 §eitems in stash. §eClick to §6pickup §eyour stash!§r
23:50:19 §e[SkyHanni] §bYou have §395k §bmaterials in stash, §btotalling §319 types§b. §bClick to §3pickup §byour stash!§r
23:51:20 §e[SkyHanni] §eYou have §66 §eitems in stash. §eClick to §6pickup §eyour stash!§r
23:51:20 §e[SkyHanni] §bYou have §395k §bmaterials in stash, §btotalling §319 types§b. §bClick to §3pickup §byour stash!§r
23:52:21 §e[SkyHanni] §eYou have §66 §eitems in stash. §eClick to §6pickup §eyour stash!§r
23:52:21 §e[SkyHanni] §bYou have §395k §bmaterials in stash, §btotalling §319 types§b. §bClick to §3pickup §byour stash!§r
23:53:21 §e[SkyHanni] §eYou have §66 §eitems in stash. §eClick to §6pickup §eyour stash!§r
23:53:21 §e[SkyHanni] §bYou have §395k §bmaterials in stash, §btotalling §319 types§b. §bClick to §3pickup §byour stash!§r
23:54:22 §e[SkyHanni] §eYou have §66 §eitems in stash. §eClick to §6pickup §eyour stash!§r
23:54:22 §e[SkyHanni] §bYou have §395k §bmaterials in stash, §btotalling §319 types§b. §bClick to §3pickup §byour stash!§r
23:55:22 §e[SkyHanni] §eYou have §66 §eitems in stash. §eClick to §6pickup §eyour stash!§r
23:55:22 §e[SkyHanni] §bYou have §395k §bmaterials in stash, §btotalling §319 types§b. §bClick to §3pickup §byour stash!§r
23:56:22 §e[SkyHanni] §eYou have §66 §eitems in stash. §eClick to §6pickup §eyour stash!§r
23:56:22 §e[SkyHanni] §bYou have §395k §bmaterials in stash, §btotalling §319 types§b. §bClick to §3pickup §byour stash!§r
23:57:23 §e[SkyHanni] §eYou have §66 §eitems in stash. §eClick to §6pickup §eyour stash!§r
23:57:23 §e[SkyHanni] §bYou have §395k §bmaterials in stash, §btotalling §319 types§b. §bClick to §3pickup §byour stash!§r
23:58:23 §e[SkyHanni] §eYou have §66 §eitems in stash. §eClick to §6pickup §eyour stash!§r
23:58:23 §e[SkyHanni] §bYou have §395k §bmaterials in stash, §btotalling §319 types§b. §bClick to §3pickup §byour stash!§r
23:59:19 §e[SkyHanni] §eYou have §66 §eitems in stash. §eClick to §6pickup §eyour stash!§r
23:59:19 §e[SkyHanni] §bYou have §395k §bmaterials in stash, §btotalling §319 types§b. §bClick to §3pickup §byour stash!§r
23:59:28 §e[SkyHanni] §eYou have §66 §eitems in stash. §eClick to §6pickup §eyour stash!§r
23:59:28 §e[SkyHanni] §bYou have §395k §bmaterials in stash, §btotalling §319 types§b. §bClick to §3pickup §byour stash!§r
00:00:29 §e[SkyHanni] §eYou have §66 §eitems in stash. §eClick to §6pickup §eyour stash!§r
00:00:29 §e[SkyHanni] §bYou have §395k §bmaterials in stash, §btotalling §319 types§b. §bClick to §3pickup §byour stash!§r
00:01:29 §e[SkyHanni] §eYou have §66 §eitems in stash. §eClick to §6pickup §eyour stash!§r
00:01:29 §e[SkyHanni] §bYou have §395k §bmaterials in stash, §btotalling §319 types§b. §bClick to §3pickup §byour stash!§r
00:02:30 §e[SkyHanni] §eYou have §66 §eitems in stash. §eClick to §6pickup §eyour stash!§r
00:02:30 §e[SkyHanni] §bYou have §395k §bmaterials in stash, §btotalling §319 types§b. §bClick to §3pickup §byour stash!§r
00:03:30 §e[SkyHanni] §eYou have §66 §eitems in stash. §eClick to §6pickup §eyour stash!§r
00:03:30 §e[SkyHanni] §bYou have §395k §bmaterials in stash, §btotalling §319 types§b. §bClick to §3pickup §byour stash!§r
00:04:31 §e[SkyHanni] §eYou have §66 §eitems in stash. §eClick to §6pickup §eyour stash!§r
00:04:31 §e[SkyHanni] §bYou have §395k §bmaterials in stash, §btotalling §319 types§b. §bClick to §3pickup §byour stash!§r
00:05:32 §e[SkyHanni] §eYou have §66 §eitems in stash. §eClick to §6pickup §eyour stash!§r
00:05:32 §e[SkyHanni] §bYou have §395k §bmaterials in stash, §btotalling §319 types§b. §bClick to §3pickup §byour stash!§r
00:06:33 §e[SkyHanni] §eYou have §66 §eitems in stash. §eClick to §6pickup §eyour stash!§r
00:06:33 §e[SkyHanni] §bYou have §395k §bmaterials in stash, §btotalling §319 types§b. §bClick to §3pickup §byour stash!§r
00:07:33 §e[SkyHanni] §eYou have §66 §eitems in stash. §eClick to §6pickup §eyour stash!§r
00:07:33 §e[SkyHanni] §bYou have §395k §bmaterials in stash, §btotalling §319 types§b. §bClick to §3pickup §byour stash!§r
