22:11:19 §f §r§r§r§f §r§r§r§1 §r§r§r§0 §r§r§r§2 §r§r§r§f §r§r§r§f §r§r§r§2 §r§r§r§0 §r§r§r§4 §r§r§r§3 §r§r§r§9 §r§r§r§2 §r§r§r§0 §r§r§r§0 §r§r§r§3 §r§r§r§9 §r§r§r§2 §r§r§r§0 §r§r§r§0 §r§r§r§3 §r§r§r§9 §r§r§r§2 §r§r§r§0 §r§r§r§0 
22:11:19 
22:11:37 §8 §r§8 §r§1 §r§3 §r§3 §r§7 §r§8 
22:11:39 
22:11:39 
22:13:32 §8 §r§8 §r§1 §r§3 §r§3 §r§7 §r§8 
22:15:02 §8 §r§8 §r§1 §r§3 §r§3 §r§7 §r§8 
22:15:26 §8 §r§8 §r§1 §r§3 §r§3 §r§7 §r§8 
22:48:29 §8 §r§8 §r§1 §r§3 §r§3 §r§7 §r§8 
22:51:07 §f                                        
22:52:21 §8 §r§8 §r§1 §r§3 §r§3 §r§7 §r§8 
22:52:50 
22:52:51 §8 §r§8 §r§1 §r§3 §r§3 §r§7 §r§8 
22:52:56 §8 §r§8 §r§1 §r§3 §r§3 §r§7 §r§8 
23:00:18 §f
23:00:18 §c
23:01:22  
23:05:30 §8 §r§8 §r§1 §r§3 §r§3 §r§7 §r§8 
23:12:39 
23:12:39 
23:23:48 §8 §r§8 §r§1 §r§3 §r§3 §r§7 §r§8 
23:28:27 
23:30:16 §f                                        
23:45:22 
23:48:28 
23:50:18 §f                                        
23:54:24 §8 §r§8 §r§1 §r§3 §r§3 §r§7 §r§8 
23:54:29 §8 §r§8 §r§1 §r§3 §r§3 §r§7 §r§8 
00:00:31 
00:02:08 §f                                        
00:06:34 §8 §r§8 §r§1 §r§3 §r§3 §r§7 §r§8 
00:43:59 §8 §r§8 §r§1 §r§3 §r§3 §r§7 §r§8 
00:44:47 
00:44:56 
00:46:45 §f                                        
00:47:50 
00:47:51 
00:47:51 
00:47:52 
00:47:52 
00:47:53 
00:47:54 
00:47:54 
00:47:54 
00:47:55 
00:47:55 
00:47:55 
00:47:56 
00:47:56 
00:47:57 
00:47:57 
00:47:58 
00:47:58 
00:47:59 
00:47:59 
00:48:00 
00:48:00 
00:48:01 
00:48:01 
00:48:02 
00:48:02 
00:48:02 
00:48:03 
00:48:06 
00:48:06 
00:48:07 
00:48:08 
00:48:08 
00:48:09 
00:48:09 
00:48:10 
00:48:11 
00:48:12 
00:48:13 
00:48:29  
00:48:29   
00:49:31  
00:49:31   
00:50:32  
00:50:32   
00:51:34  
00:51:34   
00:52:36  
00:52:36   
00:53:37  
00:53:37   
00:54:38  
00:54:38   
00:55:40  
00:55:40   
00:56:40  
00:56:40   
00:57:42  
00:57:42   
00:58:43  
00:58:43   
00:59:44  
00:59:44   
01:00:18 §f
01:00:18 §c
01:00:46  
01:00:46   
01:01:47  
01:01:47   
01:02:06 
01:02:49  
01:02:49   
01:03:41 §8 §r§8 §r§1 §r§3 §r§3 §r§7 §r§8 
01:03:45  
01:03:45   
01:03:46  
01:03:46   
01:03:56 §8 §r§8 §r§1 §r§3 §r§3 §r§7 §r§8 
01:03:59  
01:03:59   
01:04:43  
01:04:43   
01:05:24 §f                                        
01:05:43  
01:05:43   
01:06:43  
01:06:43   
01:07:44  
01:07:44   
01:08:44  
01:08:44   
01:09:44  
01:09:44   
01:10:44  
01:10:44   
01:11:44  
01:11:44   
01:12:44  
01:12:44   
01:13:44  
01:13:44   
01:14:45  
01:14:45   
01:15:45  
01:15:45   
01:16:45  
01:16:45   
01:17:45  
01:17:45   
01:18:45  
01:18:45   
01:19:45  
01:19:45   
01:20:45  
01:20:45   
01:21:45  
01:21:46   
01:22:46  
01:22:46   
01:23:27 
01:23:46  
01:23:46   
01:24:46  
01:24:46   
01:25:27 §f                                        
01:25:46  
01:25:46   
01:26:46  
01:26:46   
01:27:46  
01:27:46   
01:28:46  
01:28:46   
01:29:47  
01:29:47   
01:30:47  
01:30:47   
01:31:47  
01:31:47   
01:32:48  
01:32:48   
01:33:48  
01:33:48   
01:34:48  
01:34:48   
01:35:49  
01:35:49   
01:36:49  
01:36:49   
01:37:50  
01:37:50   
01:38:51  
01:38:51   
01:39:51  
01:39:51   
01:40:32 
01:40:51  
01:40:51   
01:41:52  
01:41:52   
01:42:52  
01:42:52   
01:43:53  
01:43:53   
01:44:53  
01:44:53   
01:45:22 §f                                        
01:45:54  
01:45:54   
01:46:54  
01:46:54   
01:47:54  
01:47:54   
01:48:55  
01:48:55   
01:49:55  
01:49:55   
01:50:56  
01:50:56   
01:51:57  
01:51:57   
01:51:59 
01:52:00 
01:52:00 
01:52:00 
01:52:01 
01:52:02 
01:52:03 
01:52:04 
01:52:04 
01:52:04 
01:52:04 
01:52:05 
01:52:05 
01:52:07 
01:52:07 
01:52:08 
01:52:37 
01:52:37 
01:52:38 
01:52:39 
01:52:39 
01:52:39 
01:52:40 
01:52:41 
01:52:42 
01:52:42 
01:52:42 
01:52:43 
01:52:43 
01:52:44 
01:52:44 
01:52:44 
01:52:45 
01:52:45 
01:52:46 
01:52:46 
01:52:47 
01:52:47 
01:52:48 
01:52:49 
01:52:49 
01:52:50 
01:52:50 
01:52:51 
01:52:51 
01:52:52 
01:52:53 
01:52:54 
01:52:54 
01:52:55 
01:52:55 
01:52:56 
01:52:56 
01:52:56 
01:52:57 
01:52:57 
01:52:58  
01:52:58   
01:52:58 
01:52:58 
01:52:59 
01:53:31 
01:53:31 
01:53:32 
01:53:32 
01:53:33 
01:53:34 
01:53:34 
01:53:34 
01:53:35 
01:53:36 
01:53:36 
01:53:36 
01:53:37 
01:53:37 
01:53:37 
01:53:38 
01:53:38 
01:53:39 
01:53:39 
01:53:40 
01:53:40 
01:53:40 
01:53:41 
01:53:42 
01:53:42 
01:53:43 
01:53:43 
01:53:44 
01:53:44 
01:53:45 
01:53:45 
01:53:46 
01:53:46 
01:53:47 
01:53:47 
01:53:47 
01:53:48 
01:53:48 
01:53:48 
01:53:49 
01:53:59  
01:53:59   
01:54:32 
01:54:32 
01:54:33 
01:54:33 
01:54:34 
01:54:34 
01:54:35 
01:54:35 
01:54:36 
01:54:37 
01:54:38 
01:54:38 
01:54:38 
01:54:39 
01:54:40 
01:54:41 
01:54:42 
01:54:42 
01:54:43 
01:54:43 
01:54:44 
01:54:44 
01:54:44 
01:54:45 
01:54:46 
01:54:46 
01:54:46 
01:54:47 
01:54:47 
01:54:47 
01:54:48 
01:54:49 
01:54:49 
01:54:49 
01:54:50 
01:54:51 
01:54:51 
01:54:51 
01:54:52 
01:54:52 
01:54:53 
01:54:53 
01:54:54 
01:54:55 
01:54:55 
01:54:56 
01:54:56 
01:54:57 
01:54:57 
01:54:57 
01:54:58 
01:54:58 
01:54:59 
01:55:00 
01:55:00  
01:55:00   
01:55:01 
01:55:01 
01:55:22 
01:55:22 
01:55:23 
01:55:23 
01:55:23 
01:55:24 
01:55:25 
01:55:25 
01:55:26 
01:55:26 
01:55:27 
01:55:27 
01:55:28 
01:55:28 
01:55:29 
01:55:29 
01:55:29 
01:55:30 
01:55:30 
01:55:31 
01:55:31 
01:55:32 
01:55:32 
01:55:32 
01:55:33 
01:55:33 
01:55:34 
01:55:34 
01:55:34 
01:55:35 
01:55:35 
01:55:36 
01:55:37 
01:55:37 
01:56:01  
01:56:01   
01:56:03 
01:56:03 
01:56:03 
01:56:03 
01:56:04 
01:56:04 
01:56:05 
01:56:05 
01:56:06 
01:56:06 
01:56:06 
01:56:08 
01:56:08 
01:56:09 
01:56:09 
01:56:10 
01:56:10 
01:56:11 
01:56:11 
01:56:12 
01:56:12 
01:56:13 
01:56:13 
01:56:14 
01:56:14 
01:56:15 
01:56:15 
01:56:15 
01:56:16 
01:56:16 
01:56:17 
01:56:17 
01:56:18 
01:56:19 
01:56:19 
01:56:20 
01:56:44 
01:56:45 
01:56:46 
01:56:46 
01:56:47 
01:56:47 
01:56:49 
01:56:49 
01:56:50 
01:56:51 
01:56:51 
01:56:51 
01:56:52 
01:56:52 
01:56:53 
01:56:54 
01:56:54 
01:56:54 
01:56:54 
01:56:55 
01:56:55 
01:56:56 
01:56:56 
01:57:02  
01:57:02   
01:58:02  
01:58:02   
01:59:03  
01:59:03   
02:00:04  
02:00:04   
02:01:04  
02:01:04   
02:02:04  
02:02:04   
02:03:05  
02:03:05   
02:03:35 
02:04:06  
02:04:06   
02:05:06  
02:05:06   
02:05:23 §f                                        
02:06:07  
02:06:07   
02:07:07  
02:07:07   
02:08:08  
02:08:08   
02:09:09  
02:09:09   
02:10:09  
02:10:09   
02:11:10  
02:11:10   
02:12:11  
02:12:11   
02:13:12  
02:13:12   
02:14:13  
02:14:13   
02:15:13  
02:15:13   
02:16:14  
02:16:14   
02:17:14  
02:17:14   
02:18:15  
02:18:15   
02:19:16  
02:19:16   
02:20:17  
02:20:17   
02:20:34 
02:21:18  
02:21:18   
02:22:18  
02:22:18   
02:23:19  
02:23:19   
02:24:20  
02:24:20   
02:25:20  
02:25:20   
02:25:25 §f                                        
02:26:21  
02:26:21   
02:27:22  
02:27:22   
02:28:22  
02:28:22   
02:29:23  
02:29:23   
02:30:23  
02:30:23   
02:31:23  
02:31:23   
02:32:24  
02:32:24   
02:33:24  
02:33:24   
02:34:25  
02:34:25   
02:35:25  
02:35:25   
02:36:26  
02:36:26   
02:37:26  
02:37:26   
02:38:26  
02:38:26   
02:39:27  
02:39:27   
02:40:27  
02:40:27   
02:41:27  
02:41:27   
02:42:28  
02:42:28   
02:43:29  
02:43:29   
02:43:34 
02:44:30  
02:44:30   
02:45:23 §f                                        
02:45:30  
02:45:30   
02:46:31  
02:46:31   
02:47:32  
02:47:32   
02:48:33  
02:48:33   
02:49:34  
02:49:34   
02:50:35  
02:50:35   
02:51:35  
02:51:35   
02:52:36  
02:52:36   
02:53:36  
02:53:36   
02:54:37  
02:54:37   
02:55:38  
02:55:38   
02:56:39  
02:56:39   
02:57:39  
02:57:39   
02:58:40  
02:58:40   
02:59:41  
02:59:41   
03:00:18 §f
03:00:18 §c
03:00:41  
03:00:41   
03:01:42  
03:01:42   
03:02:43  
03:02:43   
03:03:36 
03:03:44  
03:03:44   
03:04:44  
03:04:44   
03:05:26 §f                                        
03:05:45  
03:05:45   
03:06:46  
03:06:46   
03:07:46  
03:07:46   
03:08:47  
03:08:47   
03:09:48  
03:09:48   
03:10:48  
03:10:48   
03:11:49  
03:11:49   
03:12:49  
03:12:49   
03:13:50  
03:13:50   
03:14:51  
03:14:51   
03:15:51  
03:15:51   
03:16:52  
03:16:52   
03:17:52  
03:17:52   
03:18:53  
03:18:53   
03:19:53  
03:19:53   
03:20:54  
03:20:54   
03:21:55  
03:21:55   
03:22:56  
03:22:56   
03:23:38 
03:23:57  
03:23:57   
03:24:58  
03:24:58   
03:25:27 §f                                        
03:25:59  
03:25:59   
03:27:00  
03:27:00   
03:28:01  
03:28:01   
03:29:02  
03:29:02   
03:30:03  
03:30:03   
03:31:04  
03:31:04   
03:32:05  
03:32:05   
03:33:05  
03:33:05   
03:34:06  
03:34:06   
03:35:07  
03:35:07   
03:36:08  
03:36:08   
03:37:09  
03:37:09   
03:38:10  
03:38:10   
03:39:11  
03:39:11   
03:40:11  
03:40:11   
03:41:12  
03:41:12   
03:42:13  
03:42:13   
03:43:14  
03:43:14   
03:43:44 
03:44:15  
03:44:15   
03:45:15  
03:45:15   
03:45:33 §f                                        
03:46:16  
03:46:16   
03:47:17  
03:47:17   
03:48:17  
03:48:17   
03:49:18  
03:49:18   
03:50:19  
03:50:19   
03:51:20  
03:51:20   
03:52:20  
03:52:20   
03:53:21  
03:53:21   
03:54:21  
03:54:21   
03:55:22  
03:55:22   
03:56:23  
03:56:23   
03:57:24  
03:57:24   
03:58:25  
03:58:25   
03:59:21 §8 §r§8 §r§1 §r§3 §r§3 §r§7 §r§8 
03:59:25  
03:59:25   
03:59:26  
03:59:26   
04:00:26  
04:00:26   
04:01:26  
04:01:26   
04:02:27  
04:02:27   
04:03:27  
04:03:27   
04:04:27  
04:04:27   
04:05:27  
04:05:27   
04:06:28  
04:06:28   
04:07:28  
04:07:28   
04:08:28  
04:08:28   
04:09:28  
04:09:28   
04:10:28  
04:10:28   
04:11:29  
04:11:29   
04:12:29  
04:12:29   
04:13:29  
04:13:29   
04:14:30  
04:14:30   
04:15:30  
04:15:30   
04:16:30  
04:16:30   
04:17:30  
04:17:30   
04:18:31  
04:18:31   
04:19:31  
04:19:31   
04:20:31  
04:20:31   
04:21:31  
04:21:31   
04:22:32  
04:22:32   
04:23:32  
04:23:32   
04:24:32  
04:24:32   
04:25:32  
04:25:32   
04:26:33  
04:26:33   
04:27:33  
04:27:33   
04:28:34  
04:28:34   
04:29:34  
04:29:34   
04:30:34  
04:30:34   
04:31:35  
04:31:35   
04:32:35  
04:32:35   
04:33:35  
04:33:35   
04:34:35  
04:34:35   
04:35:35  
04:35:35   
04:36:36  
04:36:36   
04:37:36  
04:37:36   
04:38:36  
04:38:36   
04:39:36  
04:39:36   
04:40:36  
04:40:36   
04:41:37  
04:41:37   
04:42:36 §8 §r§8 §r§1 §r§3 §r§3 §r§7 §r§8 
04:42:40  
04:42:40   
04:42:56  
04:42:56   
04:43:57  
04:43:57   
04:44:57  
04:44:57   
04:45:58  
04:45:58   
04:46:59  
04:46:59   
04:47:18 §f                                        
04:47:59  
04:47:59   
04:49:00  
04:49:00   
04:50:00  
04:50:00   
04:51:01  
04:51:01   
04:52:01  
04:52:01   
04:53:02  
04:53:02   
04:54:02  
04:54:02   
04:55:03  
04:55:03   
04:56:03  
04:56:03   
04:57:04  
04:57:04   
04:58:05  
04:58:05   
04:59:05  
04:59:05   
05:00:06  
05:00:06   
05:00:19 §f
05:00:19 §c
05:00:35 §8 §r§8 §r§1 §r§3 §r§3 §r§7 §r§8 
05:00:39  
05:00:39   
05:00:39  
05:00:40   
05:01:40  
05:01:40   
05:02:40  
05:02:40   
05:03:40  
05:03:40   
05:04:40  
05:04:40   
05:05:40  
05:05:40   
05:05:46 §8 §r§8 §r§1 §r§3 §r§3 §r§7 §r§8 
05:05:50  
05:05:50   
05:06:11  
05:06:11   
05:07:11  
05:07:11   
05:07:18 §f                                        
05:08:12  
05:08:12   
05:09:13  
05:09:13   
05:10:15  
05:10:15   
05:11:16  
05:11:16   
05:12:17  
05:12:17   
05:13:18  
05:13:18   
05:14:20  
05:14:20   
05:15:21  
05:15:21   
05:16:22  
05:16:22   
05:17:23  
05:17:23   
05:18:24  
05:18:24   
05:19:25  
05:19:25   
05:20:26  
05:20:26   
05:21:27  
05:21:27   
05:22:27  
05:22:27   
05:23:28  
05:23:28   
05:24:29  
05:24:29   
05:25:30  
05:25:30   
05:25:37 
05:26:31  
05:26:31   
05:27:14 §f                                        
05:27:31  
05:27:31   
05:28:32  
05:28:32   
05:29:33  
05:29:33   
05:30:33  
05:30:33   
05:31:34  
05:31:34   
05:32:35  
05:32:35   
05:33:36  
05:33:36   
05:34:36  
05:34:36   
05:35:37  
05:35:37   
05:36:38  
05:36:38   
05:37:38  
05:37:38   
05:38:39  
05:38:39   
05:39:39  
05:39:39   
05:40:40  
05:40:40   
05:41:41  
05:41:41   
05:42:41  
05:42:41   
05:43:42  
05:43:42   
05:44:42  
05:44:42   
05:45:26 
05:45:43  
05:45:43   
05:46:44  
05:46:44   
05:47:15 §f                                        
05:47:44  
05:47:44   
05:48:45  
05:48:45   
05:49:45  
05:49:45   
05:50:46  
05:50:46   
05:51:47  
05:51:47   
05:52:47  
05:52:47   
05:53:47  
05:53:47   
05:54:48  
05:54:48   
05:55:48  
05:55:48   
05:56:49  
05:56:49   
05:57:13 §8 §r§8 §r§1 §r§3 §r§3 §r§7 §r§8 
05:57:17  
05:57:17   
05:57:18  
05:57:18   
05:58:02 §8 §r§8 §r§1 §r§3 §r§3 §r§7 §r§8 
05:58:06  
05:58:06   
05:58:06  
05:58:06   
05:59:07  
05:59:07   
06:00:07  
06:00:07   
06:01:07  
06:01:07   
06:02:08  
06:02:08   
06:03:08  
06:03:08   
06:04:08  
06:04:08   
06:05:08  
06:05:09   
06:06:09  
06:06:09   
06:07:09  
06:07:09   
06:08:09  
06:08:09   
06:09:10  
06:09:10   
06:10:10  
06:10:10   
06:11:10  
06:11:10   
06:12:10  
06:12:10   
06:13:10  
06:13:10   
06:14:11  
06:14:11   
06:14:33 §8 §r§8 §r§1 §r§3 §r§3 §r§7 §r§8 
06:14:36  
06:14:36   
06:15:16  
06:15:16   
06:16:17  
06:16:17   
06:17:17  
06:17:17   
06:18:18  
06:18:18   
06:19:19  
06:19:19   
06:20:20  
06:20:20   
06:21:21  
06:21:21   
06:22:22  
06:22:22   
06:23:22  
06:23:22   
06:24:23  
06:24:23   
06:25:23  
06:25:23   
06:25:30 
06:26:24  
06:26:24   
06:27:19 §f                                        
06:27:19 §f                                        
06:27:25  
06:27:25   
06:28:26  
06:28:26   
06:29:27  
06:29:27   
06:29:37 §8 §r§8 §r§1 §r§3 §r§3 §r§7 §r§8 
06:29:41  
06:29:41   
06:30:11  
06:30:11   
06:30:31 §f                                        
06:31:13  
06:31:13   
06:32:14  
06:32:14   
06:33:15  
06:33:15   
06:34:16  
06:34:16   
06:35:17  
06:35:17   
06:36:19  
06:36:19   
06:37:20  
06:37:20   
06:38:22  
06:38:22   
06:39:23  
06:39:23   
06:40:25  
06:40:25   
06:41:26  
06:41:27   
06:42:28  
06:42:28   
06:43:29  
06:43:29   
06:44:31  
06:44:31   
06:45:32  
06:45:32   
06:46:33  
06:46:33   
06:47:35  
06:47:35   
06:48:36  
06:48:36   
06:48:56 
06:49:37  
06:49:37   
06:50:34 §f                                        
06:50:38  
06:50:38   
06:51:39  
06:51:39   
06:52:41  
06:52:41   
06:53:43  
06:53:43   
06:54:44  
06:54:44   
06:55:24 §f
06:55:24 §f
06:55:24 §f
06:55:24 §f
06:55:45  
06:55:45   
06:56:47  
06:56:47   
06:57:48  
06:57:48   
06:58:50  
06:58:50   
06:59:51  
06:59:51   
07:00:19 §f
07:00:19 §c
07:00:53  
07:00:53   
07:01:54  
07:01:54   
07:02:55  
07:02:55   
07:03:57  
07:03:57   
07:04:59  
07:04:59   
07:05:55 
07:06:00  
07:06:00   
07:07:01  
07:07:01   
07:07:23 §8 §r§8 §r§1 §r§3 §r§3 §r§7 §r§8 
07:07:27  
07:07:27   
07:07:27  
07:07:27   
07:08:28  
07:08:28   
07:08:37 §8 §r§8 §r§1 §r§3 §r§3 §r§7 §r§8 
07:08:41  
07:08:41   
07:09:25  
07:09:25   
07:10:25  
07:10:25   
07:11:26  
07:11:26   
07:12:27  
07:12:27   
07:13:28  
07:13:28   
07:14:29  
07:14:29   
07:15:29  
07:15:29   
07:16:30  
07:16:30   
07:17:30  
07:17:30   
07:18:31  
07:18:31   
07:19:31  
07:19:31   
07:20:32  
07:20:32   
07:21:32  
07:21:32   
07:22:33  
07:22:33   
07:23:34  
07:23:34   
07:24:34  
07:24:34   
07:25:35  
07:25:35   
07:26:36  
07:26:36   
07:27:36  
07:27:36   
07:27:37 
07:27:37 
07:28:37  
07:28:37   
07:29:38  
07:29:38   
07:30:38  
07:30:38   
07:31:39  
07:31:39   
07:32:40  
07:32:40   
07:33:40  
07:33:40   
07:34:41  
07:34:41   
07:35:42  
07:35:42   
07:36:23 §f §r§r§r§f §r§r§r§1 §r§r§r§0 §r§r§r§2 §r§r§r§f §r§r§r§f §r§r§r§2 §r§r§r§0 §r§r§r§4 §r§r§r§3 §r§r§r§9 §r§r§r§2 §r§r§r§0 §r§r§r§0 §r§r§r§3 §r§r§r§9 §r§r§r§2 §r§r§r§0 §r§r§r§0 §r§r§r§3 §r§r§r§9 §r§r§r§2 §r§r§r§0 §r§r§r§0 
07:36:23 
