22:15:00 §bNew day! §r§eYour §r§2Sky Mall §r§ebuff changed!
22:15:00 §eNew buff§r§r§r: §r§fGain §r§a+15% §r§fmore Powder while mining.
22:15:00 §8§oYou can disable this messaging by toggling Sky Mall in your /hotm!
22:35:00 §bNew day! §r§eYour §r§2Sky Mall §r§ebuff changed!
22:35:00 §eNew buff§r§r§r: §r§fGain §r§6+100⸕ Mining Speed§r§f.
22:35:00 §8§oYou can disable this messaging by toggling Sky Mall in your /hotm!
23:15:00 §bNew day! §r§eYour §r§2Sky Mall §r§ebuff changed!
23:15:00 §eNew buff§r§r§r: §r§f§r§a-20%§r§f Pickaxe Ability cooldowns.
23:15:00 §8§oYou can disable this messaging by toggling Sky Mall in your /hotm!
00:11:20 §bNew day! §r§eYour §r§2Sky Mall §r§ebuff changed!
00:11:20 §eNew buff§r§r§r: §r§f§r§a-20%§r§f Pickaxe Ability cooldowns.
00:11:20 §8§oYou can disable this messaging by toggling Sky Mall in your /hotm!
00:15:00 §bNew day! §r§eYour §r§2Sky Mall §r§ebuff changed!
00:15:00 §eNew buff§r§r§r: §r§fGain §r§6+50☘ Mining Fortune§r§f.
00:15:00 §8§oYou can disable this messaging by toggling Sky Mall in your /hotm!
00:35:01 §bNew day! §r§eYour §r§2Sky Mall §r§ebuff changed!
00:35:01 §eNew buff§r§r§r: §r§fGain §r§a+15% §r§fmore Powder while mining.
00:35:01 §8§oYou can disable this messaging by toggling Sky Mall in your /hotm!
04:15:00 §bNew day! §r§eYour §r§2Sky Mall §r§ebuff changed!
04:15:00 §eNew buff§r§r§r: §r§f§r§a-20%§r§f Pickaxe Ability cooldowns.
04:15:00 §8§oYou can disable this messaging by toggling Sky Mall in your /hotm!
04:35:01 §bNew day! §r§eYour §r§2Sky Mall §r§ebuff changed!
04:35:01 §eNew buff§r§r§r: §r§fGain §r§6+50☘ Mining Fortune§r§f.
04:35:01 §8§oYou can disable this messaging by toggling Sky Mall in your /hotm!
07:15:01 §bNew day! §r§eYour §r§2Sky Mall §r§ebuff changed!
07:15:01 §eNew buff§r§r§r: §r§f§r§a-20%§r§f Pickaxe Ability cooldowns.
07:15:01 §8§oYou can disable this messaging by toggling Sky Mall in your /hotm!
07:35:01 §bNew day! §r§eYour §r§2Sky Mall §r§ebuff changed!
07:35:01 §eNew buff§r§r§r: §r§fGain §r§a5x §r§9Titanium §r§fdrops
07:35:01 §8§oYou can disable this messaging by toggling Sky Mall in your /hotm!
