00:48:29 §f                 §7You have §3614 §7materials stashed away!
00:48:29 §f               §8(This totals 1 type of material stashed!)
00:48:29 §f                §3§l>>> §3§lCLICK HERE§b to pick them up! §3§l<<<
00:49:31 §f                 §7You have §3614 §7materials stashed away!
00:49:31 §f               §8(This totals 1 type of material stashed!)
00:49:31 §f                §3§l>>> §3§lCLICK HERE§b to pick them up! §3§l<<<
00:50:32 §f                 §7You have §3614 §7materials stashed away!
00:50:32 §f               §8(This totals 1 type of material stashed!)
00:50:32 §f                §3§l>>> §3§lCLICK HERE§b to pick them up! §3§l<<<
00:51:34 §f                 §7You have §3614 §7materials stashed away!
00:51:34 §f               §8(This totals 1 type of material stashed!)
00:51:34 §f                §3§l>>> §3§lCLICK HERE§b to pick them up! §3§l<<<
00:52:36 §f                 §7You have §3614 §7materials stashed away!
00:52:36 §f               §8(This totals 1 type of material stashed!)
00:52:36 §f                §3§l>>> §3§lCLICK HERE§b to pick them up! §3§l<<<
00:53:37 §f                 §7You have §3614 §7materials stashed away!
00:53:37 §f               §8(This totals 1 type of material stashed!)
00:53:37 §f                §3§l>>> §3§lCLICK HERE§b to pick them up! §3§l<<<
00:54:38 §f                 §7You have §3614 §7materials stashed away!
00:54:38 §f               §8(This totals 1 type of material stashed!)
00:54:38 §f                §3§l>>> §3§lCLICK HERE§b to pick them up! §3§l<<<
00:55:40 §f                 §7You have §3614 §7materials stashed away!
00:55:40 §f               §8(This totals 1 type of material stashed!)
00:55:40 §f                §3§l>>> §3§lCLICK HERE§b to pick them up! §3§l<<<
00:56:40 §f                 §7You have §3614 §7materials stashed away!
00:56:40 §f               §8(This totals 1 type of material stashed!)
00:56:40 §f                §3§l>>> §3§lCLICK HERE§b to pick them up! §3§l<<<
00:57:42 §f                 §7You have §3614 §7materials stashed away!
00:57:42 §f               §8(This totals 1 type of material stashed!)
00:57:42 §f                §3§l>>> §3§lCLICK HERE§b to pick them up! §3§l<<<
00:58:43 §f                 §7You have §3614 §7materials stashed away!
00:58:43 §f               §8(This totals 1 type of material stashed!)
00:58:43 §f                §3§l>>> §3§lCLICK HERE§b to pick them up! §3§l<<<
00:59:44 §f                 §7You have §3614 §7materials stashed away!
00:59:44 §f               §8(This totals 1 type of material stashed!)
00:59:44 §f                §3§l>>> §3§lCLICK HERE§b to pick them up! §3§l<<<
01:00:46 §f                 §7You have §3614 §7materials stashed away!
01:00:46 §f               §8(This totals 1 type of material stashed!)
01:00:46 §f                §3§l>>> §3§lCLICK HERE§b to pick them up! §3§l<<<
01:01:47 §f                 §7You have §3614 §7materials stashed away!
01:01:47 §f               §8(This totals 1 type of material stashed!)
01:01:47 §f                §3§l>>> §3§lCLICK HERE§b to pick them up! §3§l<<<
01:02:49 §f                 §7You have §3614 §7materials stashed away!
01:02:49 §f               §8(This totals 1 type of material stashed!)
01:02:49 §f                §3§l>>> §3§lCLICK HERE§b to pick them up! §3§l<<<
01:03:45 §f                 §7You have §3614 §7materials stashed away!
01:03:45 §f               §8(This totals 1 type of material stashed!)
01:03:45 §f                §3§l>>> §3§lCLICK HERE§b to pick them up! §3§l<<<
01:03:46 §f                 §7You have §3614 §7materials stashed away!
01:03:46 §f               §8(This totals 1 type of material stashed!)
01:03:46 §f                §3§l>>> §3§lCLICK HERE§b to pick them up! §3§l<<<
01:03:59 §f                 §7You have §3614 §7materials stashed away!
01:03:59 §f               §8(This totals 1 type of material stashed!)
01:03:59 §f                §3§l>>> §3§lCLICK HERE§b to pick them up! §3§l<<<
01:04:43 §f                 §7You have §3614 §7materials stashed away!
01:04:43 §f               §8(This totals 1 type of material stashed!)
01:04:43 §f                §3§l>>> §3§lCLICK HERE§b to pick them up! §3§l<<<
01:05:43 §f                 §7You have §3614 §7materials stashed away!
01:05:43 §f               §8(This totals 1 type of material stashed!)
01:05:43 §f                §3§l>>> §3§lCLICK HERE§b to pick them up! §3§l<<<
01:06:43 §f                 §7You have §3614 §7materials stashed away!
01:06:43 §f               §8(This totals 1 type of material stashed!)
01:06:43 §f                §3§l>>> §3§lCLICK HERE§b to pick them up! §3§l<<<
01:07:44 §f                 §7You have §3614 §7materials stashed away!
01:07:44 §f               §8(This totals 1 type of material stashed!)
01:07:44 §f                §3§l>>> §3§lCLICK HERE§b to pick them up! §3§l<<<
01:08:44 §f                 §7You have §3614 §7materials stashed away!
01:08:44 §f               §8(This totals 1 type of material stashed!)
01:08:44 §f                §3§l>>> §3§lCLICK HERE§b to pick them up! §3§l<<<
01:09:44 §f                 §7You have §3614 §7materials stashed away!
01:09:44 §f               §8(This totals 1 type of material stashed!)
01:09:44 §f                §3§l>>> §3§lCLICK HERE§b to pick them up! §3§l<<<
01:10:44 §f                 §7You have §3614 §7materials stashed away!
01:10:44 §f               §8(This totals 1 type of material stashed!)
01:10:44 §f                §3§l>>> §3§lCLICK HERE§b to pick them up! §3§l<<<
01:11:44 §f                 §7You have §3614 §7materials stashed away!
01:11:44 §f               §8(This totals 1 type of material stashed!)
01:11:44 §f                §3§l>>> §3§lCLICK HERE§b to pick them up! §3§l<<<
01:12:44 §f                 §7You have §3614 §7materials stashed away!
01:12:44 §f               §8(This totals 1 type of material stashed!)
01:12:44 §f                §3§l>>> §3§lCLICK HERE§b to pick them up! §3§l<<<
01:13:44 §f                 §7You have §3614 §7materials stashed away!
01:13:44 §f               §8(This totals 1 type of material stashed!)
01:13:44 §f                §3§l>>> §3§lCLICK HERE§b to pick them up! §3§l<<<
01:14:45 §f                 §7You have §3614 §7materials stashed away!
01:14:45 §f               §8(This totals 1 type of material stashed!)
01:14:45 §f                §3§l>>> §3§lCLICK HERE§b to pick them up! §3§l<<<
01:15:45 §f                 §7You have §3614 §7materials stashed away!
01:15:45 §f               §8(This totals 1 type of material stashed!)
01:15:45 §f                §3§l>>> §3§lCLICK HERE§b to pick them up! §3§l<<<
01:16:45 §f                 §7You have §3614 §7materials stashed away!
01:16:45 §f               §8(This totals 1 type of material stashed!)
01:16:45 §f                §3§l>>> §3§lCLICK HERE§b to pick them up! §3§l<<<
01:17:45 §f                 §7You have §3614 §7materials stashed away!
01:17:45 §f               §8(This totals 1 type of material stashed!)
01:17:45 §f                §3§l>>> §3§lCLICK HERE§b to pick them up! §3§l<<<
01:18:45 §f                 §7You have §3614 §7materials stashed away!
01:18:45 §f               §8(This totals 1 type of material stashed!)
01:18:45 §f                §3§l>>> §3§lCLICK HERE§b to pick them up! §3§l<<<
01:19:45 §f                 §7You have §3614 §7materials stashed away!
01:19:45 §f               §8(This totals 1 type of material stashed!)
01:19:45 §f                §3§l>>> §3§lCLICK HERE§b to pick them up! §3§l<<<
01:20:45 §f                 §7You have §3614 §7materials stashed away!
01:20:45 §f               §8(This totals 1 type of material stashed!)
01:20:45 §f                §3§l>>> §3§lCLICK HERE§b to pick them up! §3§l<<<
01:21:46 §f                 §7You have §3614 §7materials stashed away!
01:21:46 §f               §8(This totals 1 type of material stashed!)
01:21:46 §f                §3§l>>> §3§lCLICK HERE§b to pick them up! §3§l<<<
01:22:46 §f                 §7You have §3614 §7materials stashed away!
01:22:46 §f               §8(This totals 1 type of material stashed!)
01:22:46 §f                §3§l>>> §3§lCLICK HERE§b to pick them up! §3§l<<<
01:23:46 §f                 §7You have §3614 §7materials stashed away!
01:23:46 §f               §8(This totals 1 type of material stashed!)
01:23:46 §f                §3§l>>> §3§lCLICK HERE§b to pick them up! §3§l<<<
01:24:46 §f                 §7You have §3614 §7materials stashed away!
01:24:46 §f               §8(This totals 1 type of material stashed!)
01:24:46 §f                §3§l>>> §3§lCLICK HERE§b to pick them up! §3§l<<<
01:25:46 §f                 §7You have §3614 §7materials stashed away!
01:25:46 §f               §8(This totals 1 type of material stashed!)
01:25:46 §f                §3§l>>> §3§lCLICK HERE§b to pick them up! §3§l<<<
01:26:46 §f                 §7You have §3614 §7materials stashed away!
01:26:46 §f               §8(This totals 1 type of material stashed!)
01:26:46 §f                §3§l>>> §3§lCLICK HERE§b to pick them up! §3§l<<<
01:27:46 §f                 §7You have §3614 §7materials stashed away!
01:27:46 §f               §8(This totals 1 type of material stashed!)
01:27:46 §f                §3§l>>> §3§lCLICK HERE§b to pick them up! §3§l<<<
01:28:46 §f                 §7You have §3614 §7materials stashed away!
01:28:46 §f               §8(This totals 1 type of material stashed!)
01:28:46 §f                §3§l>>> §3§lCLICK HERE§b to pick them up! §3§l<<<
01:29:47 §f                 §7You have §3614 §7materials stashed away!
01:29:47 §f               §8(This totals 1 type of material stashed!)
01:29:47 §f                §3§l>>> §3§lCLICK HERE§b to pick them up! §3§l<<<
01:30:47 §f                 §7You have §3614 §7materials stashed away!
01:30:47 §f               §8(This totals 1 type of material stashed!)
01:30:47 §f                §3§l>>> §3§lCLICK HERE§b to pick them up! §3§l<<<
01:31:47 §f                 §7You have §3614 §7materials stashed away!
01:31:47 §f               §8(This totals 1 type of material stashed!)
01:31:47 §f                §3§l>>> §3§lCLICK HERE§b to pick them up! §3§l<<<
01:32:48 §f                 §7You have §3614 §7materials stashed away!
01:32:48 §f               §8(This totals 1 type of material stashed!)
01:32:48 §f                §3§l>>> §3§lCLICK HERE§b to pick them up! §3§l<<<
01:33:48 §f                 §7You have §3614 §7materials stashed away!
01:33:48 §f               §8(This totals 1 type of material stashed!)
01:33:48 §f                §3§l>>> §3§lCLICK HERE§b to pick them up! §3§l<<<
01:34:48 §f                 §7You have §3614 §7materials stashed away!
01:34:48 §f               §8(This totals 1 type of material stashed!)
01:34:48 §f                §3§l>>> §3§lCLICK HERE§b to pick them up! §3§l<<<
01:35:49 §f                 §7You have §3614 §7materials stashed away!
01:35:49 §f               §8(This totals 1 type of material stashed!)
01:35:49 §f                §3§l>>> §3§lCLICK HERE§b to pick them up! §3§l<<<
01:36:49 §f                 §7You have §3614 §7materials stashed away!
01:36:49 §f               §8(This totals 1 type of material stashed!)
01:36:49 §f                §3§l>>> §3§lCLICK HERE§b to pick them up! §3§l<<<
01:37:50 §f                 §7You have §3614 §7materials stashed away!
01:37:50 §f               §8(This totals 1 type of material stashed!)
01:37:50 §f                §3§l>>> §3§lCLICK HERE§b to pick them up! §3§l<<<
01:38:51 §f                 §7You have §3614 §7materials stashed away!
01:38:51 §f               §8(This totals 1 type of material stashed!)
01:38:51 §f                §3§l>>> §3§lCLICK HERE§b to pick them up! §3§l<<<
01:39:51 §f                 §7You have §3614 §7materials stashed away!
01:39:51 §f               §8(This totals 1 type of material stashed!)
01:39:51 §f                §3§l>>> §3§lCLICK HERE§b to pick them up! §3§l<<<
01:40:51 §f                 §7You have §3614 §7materials stashed away!
01:40:51 §f               §8(This totals 1 type of material stashed!)
01:40:51 §f                §3§l>>> §3§lCLICK HERE§b to pick them up! §3§l<<<
01:41:52 §f                 §7You have §3614 §7materials stashed away!
01:41:52 §f               §8(This totals 1 type of material stashed!)
01:41:52 §f                §3§l>>> §3§lCLICK HERE§b to pick them up! §3§l<<<
01:42:52 §f                 §7You have §3614 §7materials stashed away!
01:42:52 §f               §8(This totals 1 type of material stashed!)
01:42:52 §f                §3§l>>> §3§lCLICK HERE§b to pick them up! §3§l<<<
01:43:53 §f                 §7You have §3614 §7materials stashed away!
01:43:53 §f               §8(This totals 1 type of material stashed!)
01:43:53 §f                §3§l>>> §3§lCLICK HERE§b to pick them up! §3§l<<<
01:44:53 §f                 §7You have §3614 §7materials stashed away!
01:44:53 §f               §8(This totals 1 type of material stashed!)
01:44:53 §f                §3§l>>> §3§lCLICK HERE§b to pick them up! §3§l<<<
01:45:54 §f                 §7You have §3614 §7materials stashed away!
01:45:54 §f               §8(This totals 1 type of material stashed!)
01:45:54 §f                §3§l>>> §3§lCLICK HERE§b to pick them up! §3§l<<<
01:46:54 §f                 §7You have §3614 §7materials stashed away!
01:46:54 §f               §8(This totals 1 type of material stashed!)
01:46:54 §f                §3§l>>> §3§lCLICK HERE§b to pick them up! §3§l<<<
01:47:54 §f                 §7You have §3614 §7materials stashed away!
01:47:54 §f               §8(This totals 1 type of material stashed!)
01:47:54 §f                §3§l>>> §3§lCLICK HERE§b to pick them up! §3§l<<<
01:48:55 §f                 §7You have §3614 §7materials stashed away!
01:48:55 §f               §8(This totals 1 type of material stashed!)
01:48:55 §f                §3§l>>> §3§lCLICK HERE§b to pick them up! §3§l<<<
01:49:55 §f                 §7You have §3614 §7materials stashed away!
01:49:55 §f               §8(This totals 1 type of material stashed!)
01:49:55 §f                §3§l>>> §3§lCLICK HERE§b to pick them up! §3§l<<<
01:50:56 §f                 §7You have §3614 §7materials stashed away!
01:50:56 §f               §8(This totals 1 type of material stashed!)
01:50:56 §f                §3§l>>> §3§lCLICK HERE§b to pick them up! §3§l<<<
01:51:57 §f                §7You have §31,395 §7materials stashed away!
01:51:57 §f              §8(This totals 2 types of materials stashed!)
01:51:57 §f                §3§l>>> §3§lCLICK HERE§b to pick them up! §3§l<<<
01:52:58 §f                §7You have §31,420 §7materials stashed away!
01:52:58 §f              §8(This totals 2 types of materials stashed!)
01:52:58 §f                §3§l>>> §3§lCLICK HERE§b to pick them up! §3§l<<<
01:53:59 §f                §7You have §36,787 §7materials stashed away!
01:53:59 §f              §8(This totals 2 types of materials stashed!)
01:53:59 §f                §3§l>>> §3§lCLICK HERE§b to pick them up! §3§l<<<
01:55:00 §f                §7You have §38,102 §7materials stashed away!
01:55:00 §f              §8(This totals 2 types of materials stashed!)
01:55:00 §f                §3§l>>> §3§lCLICK HERE§b to pick them up! §3§l<<<
01:56:01 §f                §7You have §39,790 §7materials stashed away!
01:56:01 §f              §8(This totals 2 types of materials stashed!)
01:56:01 §f                §3§l>>> §3§lCLICK HERE§b to pick them up! §3§l<<<
01:57:02 §f               §7You have §310,595 §7materials stashed away!
01:57:02 §f              §8(This totals 2 types of materials stashed!)
01:57:02 §f                §3§l>>> §3§lCLICK HERE§b to pick them up! §3§l<<<
01:58:02 §f               §7You have §310,595 §7materials stashed away!
01:58:02 §f              §8(This totals 2 types of materials stashed!)
01:58:02 §f                §3§l>>> §3§lCLICK HERE§b to pick them up! §3§l<<<
01:59:03 §f               §7You have §310,595 §7materials stashed away!
01:59:03 §f              §8(This totals 2 types of materials stashed!)
01:59:03 §f                §3§l>>> §3§lCLICK HERE§b to pick them up! §3§l<<<
02:00:04 §f               §7You have §310,595 §7materials stashed away!
02:00:04 §f              §8(This totals 2 types of materials stashed!)
02:00:04 §f                §3§l>>> §3§lCLICK HERE§b to pick them up! §3§l<<<
02:01:04 §f               §7You have §310,595 §7materials stashed away!
02:01:04 §f              §8(This totals 2 types of materials stashed!)
02:01:04 §f                §3§l>>> §3§lCLICK HERE§b to pick them up! §3§l<<<
02:02:04 §f               §7You have §310,595 §7materials stashed away!
02:02:04 §f              §8(This totals 2 types of materials stashed!)
02:02:04 §f                §3§l>>> §3§lCLICK HERE§b to pick them up! §3§l<<<
02:03:05 §f               §7You have §310,595 §7materials stashed away!
02:03:05 §f              §8(This totals 2 types of materials stashed!)
02:03:05 §f                §3§l>>> §3§lCLICK HERE§b to pick them up! §3§l<<<
02:04:06 §f               §7You have §310,595 §7materials stashed away!
02:04:06 §f              §8(This totals 2 types of materials stashed!)
02:04:06 §f                §3§l>>> §3§lCLICK HERE§b to pick them up! §3§l<<<
02:05:06 §f               §7You have §310,595 §7materials stashed away!
02:05:06 §f              §8(This totals 2 types of materials stashed!)
02:05:06 §f                §3§l>>> §3§lCLICK HERE§b to pick them up! §3§l<<<
02:06:07 §f               §7You have §310,595 §7materials stashed away!
02:06:07 §f              §8(This totals 2 types of materials stashed!)
02:06:07 §f                §3§l>>> §3§lCLICK HERE§b to pick them up! §3§l<<<
02:07:07 §f               §7You have §310,595 §7materials stashed away!
02:07:07 §f              §8(This totals 2 types of materials stashed!)
02:07:07 §f                §3§l>>> §3§lCLICK HERE§b to pick them up! §3§l<<<
02:08:08 §f               §7You have §310,595 §7materials stashed away!
02:08:08 §f              §8(This totals 2 types of materials stashed!)
02:08:08 §f                §3§l>>> §3§lCLICK HERE§b to pick them up! §3§l<<<
02:09:09 §f               §7You have §310,595 §7materials stashed away!
02:09:09 §f              §8(This totals 2 types of materials stashed!)
02:09:09 §f                §3§l>>> §3§lCLICK HERE§b to pick them up! §3§l<<<
02:10:09 §f               §7You have §310,595 §7materials stashed away!
02:10:09 §f              §8(This totals 2 types of materials stashed!)
02:10:09 §f                §3§l>>> §3§lCLICK HERE§b to pick them up! §3§l<<<
02:11:10 §f               §7You have §310,595 §7materials stashed away!
02:11:10 §f              §8(This totals 2 types of materials stashed!)
02:11:10 §f                §3§l>>> §3§lCLICK HERE§b to pick them up! §3§l<<<
02:12:11 §f               §7You have §310,595 §7materials stashed away!
02:12:11 §f              §8(This totals 2 types of materials stashed!)
02:12:11 §f                §3§l>>> §3§lCLICK HERE§b to pick them up! §3§l<<<
02:13:12 §f               §7You have §310,595 §7materials stashed away!
02:13:12 §f              §8(This totals 2 types of materials stashed!)
02:13:12 §f                §3§l>>> §3§lCLICK HERE§b to pick them up! §3§l<<<
02:14:13 §f               §7You have §310,595 §7materials stashed away!
02:14:13 §f              §8(This totals 2 types of materials stashed!)
02:14:13 §f                §3§l>>> §3§lCLICK HERE§b to pick them up! §3§l<<<
02:15:13 §f               §7You have §310,595 §7materials stashed away!
02:15:13 §f              §8(This totals 2 types of materials stashed!)
02:15:13 §f                §3§l>>> §3§lCLICK HERE§b to pick them up! §3§l<<<
02:16:14 §f               §7You have §310,595 §7materials stashed away!
02:16:14 §f              §8(This totals 2 types of materials stashed!)
02:16:14 §f                §3§l>>> §3§lCLICK HERE§b to pick them up! §3§l<<<
02:17:14 §f               §7You have §310,595 §7materials stashed away!
02:17:14 §f              §8(This totals 2 types of materials stashed!)
02:17:14 §f                §3§l>>> §3§lCLICK HERE§b to pick them up! §3§l<<<
02:18:15 §f               §7You have §310,595 §7materials stashed away!
02:18:15 §f              §8(This totals 2 types of materials stashed!)
02:18:15 §f                §3§l>>> §3§lCLICK HERE§b to pick them up! §3§l<<<
02:19:16 §f               §7You have §310,595 §7materials stashed away!
02:19:16 §f              §8(This totals 2 types of materials stashed!)
02:19:16 §f                §3§l>>> §3§lCLICK HERE§b to pick them up! §3§l<<<
02:20:17 §f               §7You have §310,595 §7materials stashed away!
02:20:17 §f              §8(This totals 2 types of materials stashed!)
02:20:17 §f                §3§l>>> §3§lCLICK HERE§b to pick them up! §3§l<<<
02:21:18 §f               §7You have §310,595 §7materials stashed away!
02:21:18 §f              §8(This totals 2 types of materials stashed!)
02:21:18 §f                §3§l>>> §3§lCLICK HERE§b to pick them up! §3§l<<<
02:22:18 §f               §7You have §310,595 §7materials stashed away!
02:22:18 §f              §8(This totals 2 types of materials stashed!)
02:22:18 §f                §3§l>>> §3§lCLICK HERE§b to pick them up! §3§l<<<
02:23:19 §f               §7You have §310,595 §7materials stashed away!
02:23:19 §f              §8(This totals 2 types of materials stashed!)
02:23:19 §f                §3§l>>> §3§lCLICK HERE§b to pick them up! §3§l<<<
02:24:20 §f               §7You have §310,595 §7materials stashed away!
02:24:20 §f              §8(This totals 2 types of materials stashed!)
02:24:20 §f                §3§l>>> §3§lCLICK HERE§b to pick them up! §3§l<<<
02:25:20 §f               §7You have §310,595 §7materials stashed away!
02:25:20 §f              §8(This totals 2 types of materials stashed!)
02:25:20 §f                §3§l>>> §3§lCLICK HERE§b to pick them up! §3§l<<<
02:26:21 §f               §7You have §310,595 §7materials stashed away!
02:26:21 §f              §8(This totals 2 types of materials stashed!)
02:26:21 §f                §3§l>>> §3§lCLICK HERE§b to pick them up! §3§l<<<
02:27:22 §f               §7You have §310,595 §7materials stashed away!
02:27:22 §f              §8(This totals 2 types of materials stashed!)
02:27:22 §f                §3§l>>> §3§lCLICK HERE§b to pick them up! §3§l<<<
02:28:22 §f               §7You have §310,595 §7materials stashed away!
02:28:22 §f              §8(This totals 2 types of materials stashed!)
02:28:22 §f                §3§l>>> §3§lCLICK HERE§b to pick them up! §3§l<<<
02:29:23 §f               §7You have §310,595 §7materials stashed away!
02:29:23 §f              §8(This totals 2 types of materials stashed!)
02:29:23 §f                §3§l>>> §3§lCLICK HERE§b to pick them up! §3§l<<<
02:30:23 §f               §7You have §310,595 §7materials stashed away!
02:30:23 §f              §8(This totals 2 types of materials stashed!)
02:30:23 §f                §3§l>>> §3§lCLICK HERE§b to pick them up! §3§l<<<
02:31:23 §f               §7You have §310,595 §7materials stashed away!
02:31:23 §f              §8(This totals 2 types of materials stashed!)
02:31:23 §f                §3§l>>> §3§lCLICK HERE§b to pick them up! §3§l<<<
02:32:24 §f               §7You have §310,595 §7materials stashed away!
02:32:24 §f              §8(This totals 2 types of materials stashed!)
02:32:24 §f                §3§l>>> §3§lCLICK HERE§b to pick them up! §3§l<<<
02:33:24 §f               §7You have §310,595 §7materials stashed away!
02:33:24 §f              §8(This totals 2 types of materials stashed!)
02:33:24 §f                §3§l>>> §3§lCLICK HERE§b to pick them up! §3§l<<<
02:34:25 §f               §7You have §310,595 §7materials stashed away!
02:34:25 §f              §8(This totals 2 types of materials stashed!)
02:34:25 §f                §3§l>>> §3§lCLICK HERE§b to pick them up! §3§l<<<
02:35:25 §f               §7You have §310,595 §7materials stashed away!
02:35:25 §f              §8(This totals 2 types of materials stashed!)
02:35:25 §f                §3§l>>> §3§lCLICK HERE§b to pick them up! §3§l<<<
02:36:26 §f               §7You have §310,595 §7materials stashed away!
02:36:26 §f              §8(This totals 2 types of materials stashed!)
02:36:26 §f                §3§l>>> §3§lCLICK HERE§b to pick them up! §3§l<<<
02:37:26 §f               §7You have §310,595 §7materials stashed away!
02:37:26 §f              §8(This totals 2 types of materials stashed!)
02:37:26 §f                §3§l>>> §3§lCLICK HERE§b to pick them up! §3§l<<<
02:38:26 §f               §7You have §310,595 §7materials stashed away!
02:38:26 §f              §8(This totals 2 types of materials stashed!)
02:38:26 §f                §3§l>>> §3§lCLICK HERE§b to pick them up! §3§l<<<
02:39:27 §f               §7You have §310,595 §7materials stashed away!
02:39:27 §f              §8(This totals 2 types of materials stashed!)
02:39:27 §f                §3§l>>> §3§lCLICK HERE§b to pick them up! §3§l<<<
02:40:27 §f               §7You have §310,595 §7materials stashed away!
02:40:27 §f              §8(This totals 2 types of materials stashed!)
02:40:27 §f                §3§l>>> §3§lCLICK HERE§b to pick them up! §3§l<<<
02:41:27 §f               §7You have §310,595 §7materials stashed away!
02:41:27 §f              §8(This totals 2 types of materials stashed!)
02:41:27 §f                §3§l>>> §3§lCLICK HERE§b to pick them up! §3§l<<<
02:42:28 §f               §7You have §310,595 §7materials stashed away!
02:42:28 §f              §8(This totals 2 types of materials stashed!)
02:42:28 §f                §3§l>>> §3§lCLICK HERE§b to pick them up! §3§l<<<
02:43:29 §f               §7You have §310,595 §7materials stashed away!
02:43:29 §f              §8(This totals 2 types of materials stashed!)
02:43:29 §f                §3§l>>> §3§lCLICK HERE§b to pick them up! §3§l<<<
02:44:30 §f               §7You have §310,595 §7materials stashed away!
02:44:30 §f              §8(This totals 2 types of materials stashed!)
02:44:30 §f                §3§l>>> §3§lCLICK HERE§b to pick them up! §3§l<<<
02:45:30 §f               §7You have §310,595 §7materials stashed away!
02:45:30 §f              §8(This totals 2 types of materials stashed!)
02:45:30 §f                §3§l>>> §3§lCLICK HERE§b to pick them up! §3§l<<<
02:46:31 §f               §7You have §310,595 §7materials stashed away!
02:46:31 §f              §8(This totals 2 types of materials stashed!)
02:46:31 §f                §3§l>>> §3§lCLICK HERE§b to pick them up! §3§l<<<
02:47:32 §f               §7You have §310,595 §7materials stashed away!
02:47:32 §f              §8(This totals 2 types of materials stashed!)
02:47:32 §f                §3§l>>> §3§lCLICK HERE§b to pick them up! §3§l<<<
02:48:33 §f               §7You have §310,595 §7materials stashed away!
02:48:33 §f              §8(This totals 2 types of materials stashed!)
02:48:33 §f                §3§l>>> §3§lCLICK HERE§b to pick them up! §3§l<<<
02:49:34 §f               §7You have §310,595 §7materials stashed away!
02:49:34 §f              §8(This totals 2 types of materials stashed!)
02:49:34 §f                §3§l>>> §3§lCLICK HERE§b to pick them up! §3§l<<<
02:50:35 §f               §7You have §310,595 §7materials stashed away!
02:50:35 §f              §8(This totals 2 types of materials stashed!)
02:50:35 §f                §3§l>>> §3§lCLICK HERE§b to pick them up! §3§l<<<
02:51:35 §f               §7You have §310,595 §7materials stashed away!
02:51:35 §f              §8(This totals 2 types of materials stashed!)
02:51:35 §f                §3§l>>> §3§lCLICK HERE§b to pick them up! §3§l<<<
02:52:36 §f               §7You have §310,595 §7materials stashed away!
02:52:36 §f              §8(This totals 2 types of materials stashed!)
02:52:36 §f                §3§l>>> §3§lCLICK HERE§b to pick them up! §3§l<<<
02:53:36 §f               §7You have §310,595 §7materials stashed away!
02:53:36 §f              §8(This totals 2 types of materials stashed!)
02:53:36 §f                §3§l>>> §3§lCLICK HERE§b to pick them up! §3§l<<<
02:54:37 §f               §7You have §310,595 §7materials stashed away!
02:54:37 §f              §8(This totals 2 types of materials stashed!)
02:54:37 §f                §3§l>>> §3§lCLICK HERE§b to pick them up! §3§l<<<
02:55:38 §f               §7You have §310,595 §7materials stashed away!
02:55:38 §f              §8(This totals 2 types of materials stashed!)
02:55:38 §f                §3§l>>> §3§lCLICK HERE§b to pick them up! §3§l<<<
02:56:39 §f               §7You have §310,595 §7materials stashed away!
02:56:39 §f              §8(This totals 2 types of materials stashed!)
02:56:39 §f                §3§l>>> §3§lCLICK HERE§b to pick them up! §3§l<<<
02:57:39 §f               §7You have §310,595 §7materials stashed away!
02:57:39 §f              §8(This totals 2 types of materials stashed!)
02:57:39 §f                §3§l>>> §3§lCLICK HERE§b to pick them up! §3§l<<<
02:58:40 §f               §7You have §310,595 §7materials stashed away!
02:58:40 §f              §8(This totals 2 types of materials stashed!)
02:58:40 §f                §3§l>>> §3§lCLICK HERE§b to pick them up! §3§l<<<
02:59:41 §f               §7You have §310,595 §7materials stashed away!
02:59:41 §f              §8(This totals 2 types of materials stashed!)
02:59:41 §f                §3§l>>> §3§lCLICK HERE§b to pick them up! §3§l<<<
03:00:41 §f               §7You have §310,595 §7materials stashed away!
03:00:41 §f              §8(This totals 2 types of materials stashed!)
03:00:41 §f                §3§l>>> §3§lCLICK HERE§b to pick them up! §3§l<<<
03:01:42 §f               §7You have §310,595 §7materials stashed away!
03:01:42 §f              §8(This totals 2 types of materials stashed!)
03:01:42 §f                §3§l>>> §3§lCLICK HERE§b to pick them up! §3§l<<<
03:02:43 §f               §7You have §310,595 §7materials stashed away!
03:02:43 §f              §8(This totals 2 types of materials stashed!)
03:02:43 §f                §3§l>>> §3§lCLICK HERE§b to pick them up! §3§l<<<
03:03:44 §f               §7You have §310,595 §7materials stashed away!
03:03:44 §f              §8(This totals 2 types of materials stashed!)
03:03:44 §f                §3§l>>> §3§lCLICK HERE§b to pick them up! §3§l<<<
03:04:44 §f               §7You have §310,595 §7materials stashed away!
03:04:44 §f              §8(This totals 2 types of materials stashed!)
03:04:44 §f                §3§l>>> §3§lCLICK HERE§b to pick them up! §3§l<<<
03:05:45 §f               §7You have §310,595 §7materials stashed away!
03:05:45 §f              §8(This totals 2 types of materials stashed!)
03:05:45 §f                §3§l>>> §3§lCLICK HERE§b to pick them up! §3§l<<<
03:06:46 §f               §7You have §310,595 §7materials stashed away!
03:06:46 §f              §8(This totals 2 types of materials stashed!)
03:06:46 §f                §3§l>>> §3§lCLICK HERE§b to pick them up! §3§l<<<
03:07:46 §f               §7You have §310,595 §7materials stashed away!
03:07:46 §f              §8(This totals 2 types of materials stashed!)
03:07:46 §f                §3§l>>> §3§lCLICK HERE§b to pick them up! §3§l<<<
03:08:47 §f               §7You have §310,595 §7materials stashed away!
03:08:47 §f              §8(This totals 2 types of materials stashed!)
03:08:47 §f                §3§l>>> §3§lCLICK HERE§b to pick them up! §3§l<<<
03:09:48 §f               §7You have §310,595 §7materials stashed away!
03:09:48 §f              §8(This totals 2 types of materials stashed!)
03:09:48 §f                §3§l>>> §3§lCLICK HERE§b to pick them up! §3§l<<<
03:10:48 §f               §7You have §310,595 §7materials stashed away!
03:10:48 §f              §8(This totals 2 types of materials stashed!)
03:10:48 §f                §3§l>>> §3§lCLICK HERE§b to pick them up! §3§l<<<
03:11:49 §f               §7You have §310,595 §7materials stashed away!
03:11:49 §f              §8(This totals 2 types of materials stashed!)
03:11:49 §f                §3§l>>> §3§lCLICK HERE§b to pick them up! §3§l<<<
03:12:49 §f               §7You have §310,595 §7materials stashed away!
03:12:49 §f              §8(This totals 2 types of materials stashed!)
03:12:49 §f                §3§l>>> §3§lCLICK HERE§b to pick them up! §3§l<<<
03:13:50 §f               §7You have §310,595 §7materials stashed away!
03:13:50 §f              §8(This totals 2 types of materials stashed!)
03:13:50 §f                §3§l>>> §3§lCLICK HERE§b to pick them up! §3§l<<<
03:14:51 §f               §7You have §310,595 §7materials stashed away!
03:14:51 §f              §8(This totals 2 types of materials stashed!)
03:14:51 §f                §3§l>>> §3§lCLICK HERE§b to pick them up! §3§l<<<
03:15:51 §f               §7You have §310,595 §7materials stashed away!
03:15:51 §f              §8(This totals 2 types of materials stashed!)
03:15:51 §f                §3§l>>> §3§lCLICK HERE§b to pick them up! §3§l<<<
03:16:52 §f               §7You have §310,595 §7materials stashed away!
03:16:52 §f              §8(This totals 2 types of materials stashed!)
03:16:52 §f                §3§l>>> §3§lCLICK HERE§b to pick them up! §3§l<<<
03:17:52 §f               §7You have §310,595 §7materials stashed away!
03:17:52 §f              §8(This totals 2 types of materials stashed!)
03:17:52 §f                §3§l>>> §3§lCLICK HERE§b to pick them up! §3§l<<<
03:18:53 §f               §7You have §310,595 §7materials stashed away!
03:18:53 §f              §8(This totals 2 types of materials stashed!)
03:18:53 §f                §3§l>>> §3§lCLICK HERE§b to pick them up! §3§l<<<
03:19:53 §f               §7You have §310,595 §7materials stashed away!
03:19:53 §f              §8(This totals 2 types of materials stashed!)
03:19:53 §f                §3§l>>> §3§lCLICK HERE§b to pick them up! §3§l<<<
03:20:54 §f               §7You have §310,595 §7materials stashed away!
03:20:54 §f              §8(This totals 2 types of materials stashed!)
03:20:54 §f                §3§l>>> §3§lCLICK HERE§b to pick them up! §3§l<<<
03:21:55 §f               §7You have §310,595 §7materials stashed away!
03:21:55 §f              §8(This totals 2 types of materials stashed!)
03:21:55 §f                §3§l>>> §3§lCLICK HERE§b to pick them up! §3§l<<<
03:22:56 §f               §7You have §310,595 §7materials stashed away!
03:22:56 §f              §8(This totals 2 types of materials stashed!)
03:22:56 §f                §3§l>>> §3§lCLICK HERE§b to pick them up! §3§l<<<
03:23:57 §f               §7You have §310,595 §7materials stashed away!
03:23:57 §f              §8(This totals 2 types of materials stashed!)
03:23:57 §f                §3§l>>> §3§lCLICK HERE§b to pick them up! §3§l<<<
03:24:58 §f               §7You have §310,595 §7materials stashed away!
03:24:58 §f              §8(This totals 2 types of materials stashed!)
03:24:58 §f                §3§l>>> §3§lCLICK HERE§b to pick them up! §3§l<<<
03:25:59 §f               §7You have §310,595 §7materials stashed away!
03:25:59 §f              §8(This totals 2 types of materials stashed!)
03:25:59 §f                §3§l>>> §3§lCLICK HERE§b to pick them up! §3§l<<<
03:27:00 §f               §7You have §310,595 §7materials stashed away!
03:27:00 §f              §8(This totals 2 types of materials stashed!)
03:27:00 §f                §3§l>>> §3§lCLICK HERE§b to pick them up! §3§l<<<
03:28:01 §f               §7You have §310,595 §7materials stashed away!
03:28:01 §f              §8(This totals 2 types of materials stashed!)
03:28:01 §f                §3§l>>> §3§lCLICK HERE§b to pick them up! §3§l<<<
03:29:02 §f               §7You have §310,595 §7materials stashed away!
03:29:02 §f              §8(This totals 2 types of materials stashed!)
03:29:02 §f                §3§l>>> §3§lCLICK HERE§b to pick them up! §3§l<<<
03:30:03 §f               §7You have §310,595 §7materials stashed away!
03:30:03 §f              §8(This totals 2 types of materials stashed!)
03:30:03 §f                §3§l>>> §3§lCLICK HERE§b to pick them up! §3§l<<<
03:31:04 §f               §7You have §310,595 §7materials stashed away!
03:31:04 §f              §8(This totals 2 types of materials stashed!)
03:31:04 §f                §3§l>>> §3§lCLICK HERE§b to pick them up! §3§l<<<
03:32:05 §f               §7You have §310,595 §7materials stashed away!
03:32:05 §f              §8(This totals 2 types of materials stashed!)
03:32:05 §f                §3§l>>> §3§lCLICK HERE§b to pick them up! §3§l<<<
03:33:05 §f               §7You have §310,595 §7materials stashed away!
03:33:05 §f              §8(This totals 2 types of materials stashed!)
03:33:05 §f                §3§l>>> §3§lCLICK HERE§b to pick them up! §3§l<<<
03:34:06 §f               §7You have §310,595 §7materials stashed away!
03:34:06 §f              §8(This totals 2 types of materials stashed!)
03:34:06 §f                §3§l>>> §3§lCLICK HERE§b to pick them up! §3§l<<<
03:35:07 §f               §7You have §310,595 §7materials stashed away!
03:35:07 §f              §8(This totals 2 types of materials stashed!)
03:35:07 §f                §3§l>>> §3§lCLICK HERE§b to pick them up! §3§l<<<
03:36:08 §f               §7You have §310,595 §7materials stashed away!
03:36:08 §f              §8(This totals 2 types of materials stashed!)
03:36:08 §f                §3§l>>> §3§lCLICK HERE§b to pick them up! §3§l<<<
03:37:09 §f               §7You have §310,595 §7materials stashed away!
03:37:09 §f              §8(This totals 2 types of materials stashed!)
03:37:09 §f                §3§l>>> §3§lCLICK HERE§b to pick them up! §3§l<<<
03:38:10 §f               §7You have §310,595 §7materials stashed away!
03:38:10 §f              §8(This totals 2 types of materials stashed!)
03:38:10 §f                §3§l>>> §3§lCLICK HERE§b to pick them up! §3§l<<<
03:39:11 §f               §7You have §310,595 §7materials stashed away!
03:39:11 §f              §8(This totals 2 types of materials stashed!)
03:39:11 §f                §3§l>>> §3§lCLICK HERE§b to pick them up! §3§l<<<
03:40:11 §f               §7You have §310,595 §7materials stashed away!
03:40:11 §f              §8(This totals 2 types of materials stashed!)
03:40:11 §f                §3§l>>> §3§lCLICK HERE§b to pick them up! §3§l<<<
03:41:12 §f               §7You have §310,595 §7materials stashed away!
03:41:12 §f              §8(This totals 2 types of materials stashed!)
03:41:12 §f                §3§l>>> §3§lCLICK HERE§b to pick them up! §3§l<<<
03:42:13 §f               §7You have §310,595 §7materials stashed away!
03:42:13 §f              §8(This totals 2 types of materials stashed!)
03:42:13 §f                §3§l>>> §3§lCLICK HERE§b to pick them up! §3§l<<<
03:43:14 §f               §7You have §310,595 §7materials stashed away!
03:43:14 §f              §8(This totals 2 types of materials stashed!)
03:43:14 §f                §3§l>>> §3§lCLICK HERE§b to pick them up! §3§l<<<
03:44:15 §f               §7You have §310,595 §7materials stashed away!
03:44:15 §f              §8(This totals 2 types of materials stashed!)
03:44:15 §f                §3§l>>> §3§lCLICK HERE§b to pick them up! §3§l<<<
03:45:15 §f               §7You have §310,595 §7materials stashed away!
03:45:15 §f              §8(This totals 2 types of materials stashed!)
03:45:15 §f                §3§l>>> §3§lCLICK HERE§b to pick them up! §3§l<<<
03:46:16 §f               §7You have §310,595 §7materials stashed away!
03:46:16 §f              §8(This totals 2 types of materials stashed!)
03:46:16 §f                §3§l>>> §3§lCLICK HERE§b to pick them up! §3§l<<<
03:47:17 §f               §7You have §310,595 §7materials stashed away!
03:47:17 §f              §8(This totals 2 types of materials stashed!)
03:47:17 §f                §3§l>>> §3§lCLICK HERE§b to pick them up! §3§l<<<
03:48:17 §f               §7You have §310,595 §7materials stashed away!
03:48:17 §f              §8(This totals 2 types of materials stashed!)
03:48:17 §f                §3§l>>> §3§lCLICK HERE§b to pick them up! §3§l<<<
03:49:18 §f               §7You have §310,595 §7materials stashed away!
03:49:18 §f              §8(This totals 2 types of materials stashed!)
03:49:18 §f                §3§l>>> §3§lCLICK HERE§b to pick them up! §3§l<<<
03:50:19 §f               §7You have §310,595 §7materials stashed away!
03:50:19 §f              §8(This totals 2 types of materials stashed!)
03:50:19 §f                §3§l>>> §3§lCLICK HERE§b to pick them up! §3§l<<<
03:51:20 §f               §7You have §310,595 §7materials stashed away!
03:51:20 §f              §8(This totals 2 types of materials stashed!)
03:51:20 §f                §3§l>>> §3§lCLICK HERE§b to pick them up! §3§l<<<
03:52:20 §f               §7You have §310,595 §7materials stashed away!
03:52:20 §f              §8(This totals 2 types of materials stashed!)
03:52:20 §f                §3§l>>> §3§lCLICK HERE§b to pick them up! §3§l<<<
03:53:21 §f               §7You have §310,595 §7materials stashed away!
03:53:21 §f              §8(This totals 2 types of materials stashed!)
03:53:21 §f                §3§l>>> §3§lCLICK HERE§b to pick them up! §3§l<<<
03:54:21 §f               §7You have §310,595 §7materials stashed away!
03:54:21 §f              §8(This totals 2 types of materials stashed!)
03:54:21 §f                §3§l>>> §3§lCLICK HERE§b to pick them up! §3§l<<<
03:55:22 §f               §7You have §310,595 §7materials stashed away!
03:55:22 §f              §8(This totals 2 types of materials stashed!)
03:55:22 §f                §3§l>>> §3§lCLICK HERE§b to pick them up! §3§l<<<
03:56:23 §f               §7You have §310,595 §7materials stashed away!
03:56:23 §f              §8(This totals 2 types of materials stashed!)
03:56:23 §f                §3§l>>> §3§lCLICK HERE§b to pick them up! §3§l<<<
03:57:24 §f               §7You have §310,595 §7materials stashed away!
03:57:24 §f              §8(This totals 2 types of materials stashed!)
03:57:24 §f                §3§l>>> §3§lCLICK HERE§b to pick them up! §3§l<<<
03:58:25 §f               §7You have §310,595 §7materials stashed away!
03:58:25 §f              §8(This totals 2 types of materials stashed!)
03:58:25 §f                §3§l>>> §3§lCLICK HERE§b to pick them up! §3§l<<<
03:59:25 §f               §7You have §310,595 §7materials stashed away!
03:59:25 §f              §8(This totals 2 types of materials stashed!)
03:59:25 §f                §3§l>>> §3§lCLICK HERE§b to pick them up! §3§l<<<
03:59:26 §f               §7You have §310,595 §7materials stashed away!
03:59:26 §f              §8(This totals 2 types of materials stashed!)
03:59:26 §f                §3§l>>> §3§lCLICK HERE§b to pick them up! §3§l<<<
04:00:26 §f               §7You have §310,595 §7materials stashed away!
04:00:26 §f              §8(This totals 2 types of materials stashed!)
04:00:26 §f                §3§l>>> §3§lCLICK HERE§b to pick them up! §3§l<<<
04:01:26 §f               §7You have §310,595 §7materials stashed away!
04:01:26 §f              §8(This totals 2 types of materials stashed!)
04:01:26 §f                §3§l>>> §3§lCLICK HERE§b to pick them up! §3§l<<<
04:02:27 §f               §7You have §310,595 §7materials stashed away!
04:02:27 §f              §8(This totals 2 types of materials stashed!)
04:02:27 §f                §3§l>>> §3§lCLICK HERE§b to pick them up! §3§l<<<
04:03:27 §f               §7You have §310,595 §7materials stashed away!
04:03:27 §f              §8(This totals 2 types of materials stashed!)
04:03:27 §f                §3§l>>> §3§lCLICK HERE§b to pick them up! §3§l<<<
04:04:27 §f               §7You have §310,595 §7materials stashed away!
04:04:27 §f              §8(This totals 2 types of materials stashed!)
04:04:27 §f                §3§l>>> §3§lCLICK HERE§b to pick them up! §3§l<<<
04:05:27 §f               §7You have §310,595 §7materials stashed away!
04:05:27 §f              §8(This totals 2 types of materials stashed!)
04:05:27 §f                §3§l>>> §3§lCLICK HERE§b to pick them up! §3§l<<<
04:06:28 §f               §7You have §310,595 §7materials stashed away!
04:06:28 §f              §8(This totals 2 types of materials stashed!)
04:06:28 §f                §3§l>>> §3§lCLICK HERE§b to pick them up! §3§l<<<
04:07:28 §f               §7You have §310,595 §7materials stashed away!
04:07:28 §f              §8(This totals 2 types of materials stashed!)
04:07:28 §f                §3§l>>> §3§lCLICK HERE§b to pick them up! §3§l<<<
04:08:28 §f               §7You have §310,595 §7materials stashed away!
04:08:28 §f              §8(This totals 2 types of materials stashed!)
04:08:28 §f                §3§l>>> §3§lCLICK HERE§b to pick them up! §3§l<<<
04:09:28 §f               §7You have §310,595 §7materials stashed away!
04:09:28 §f              §8(This totals 2 types of materials stashed!)
04:09:28 §f                §3§l>>> §3§lCLICK HERE§b to pick them up! §3§l<<<
04:10:28 §f               §7You have §310,595 §7materials stashed away!
04:10:28 §f              §8(This totals 2 types of materials stashed!)
04:10:28 §f                §3§l>>> §3§lCLICK HERE§b to pick them up! §3§l<<<
04:11:29 §f               §7You have §310,595 §7materials stashed away!
04:11:29 §f              §8(This totals 2 types of materials stashed!)
04:11:29 §f                §3§l>>> §3§lCLICK HERE§b to pick them up! §3§l<<<
04:12:29 §f               §7You have §310,595 §7materials stashed away!
04:12:29 §f              §8(This totals 2 types of materials stashed!)
04:12:29 §f                §3§l>>> §3§lCLICK HERE§b to pick them up! §3§l<<<
04:13:29 §f               §7You have §310,595 §7materials stashed away!
04:13:29 §f              §8(This totals 2 types of materials stashed!)
04:13:29 §f                §3§l>>> §3§lCLICK HERE§b to pick them up! §3§l<<<
04:14:30 §f               §7You have §310,595 §7materials stashed away!
04:14:30 §f              §8(This totals 2 types of materials stashed!)
04:14:30 §f                §3§l>>> §3§lCLICK HERE§b to pick them up! §3§l<<<
04:15:30 §f               §7You have §310,595 §7materials stashed away!
04:15:30 §f              §8(This totals 2 types of materials stashed!)
04:15:30 §f                §3§l>>> §3§lCLICK HERE§b to pick them up! §3§l<<<
04:16:30 §f               §7You have §310,595 §7materials stashed away!
04:16:30 §f              §8(This totals 2 types of materials stashed!)
04:16:30 §f                §3§l>>> §3§lCLICK HERE§b to pick them up! §3§l<<<
04:17:30 §f               §7You have §310,595 §7materials stashed away!
04:17:30 §f              §8(This totals 2 types of materials stashed!)
04:17:30 §f                §3§l>>> §3§lCLICK HERE§b to pick them up! §3§l<<<
04:18:31 §f               §7You have §310,595 §7materials stashed away!
04:18:31 §f              §8(This totals 2 types of materials stashed!)
04:18:31 §f                §3§l>>> §3§lCLICK HERE§b to pick them up! §3§l<<<
04:19:31 §f               §7You have §310,595 §7materials stashed away!
04:19:31 §f              §8(This totals 2 types of materials stashed!)
04:19:31 §f                §3§l>>> §3§lCLICK HERE§b to pick them up! §3§l<<<
04:20:31 §f               §7You have §310,595 §7materials stashed away!
04:20:31 §f              §8(This totals 2 types of materials stashed!)
04:20:31 §f                §3§l>>> §3§lCLICK HERE§b to pick them up! §3§l<<<
04:21:31 §f               §7You have §310,595 §7materials stashed away!
04:21:31 §f              §8(This totals 2 types of materials stashed!)
04:21:31 §f                §3§l>>> §3§lCLICK HERE§b to pick them up! §3§l<<<
04:22:32 §f               §7You have §310,595 §7materials stashed away!
04:22:32 §f              §8(This totals 2 types of materials stashed!)
04:22:32 §f                §3§l>>> §3§lCLICK HERE§b to pick them up! §3§l<<<
04:23:32 §f               §7You have §310,595 §7materials stashed away!
04:23:32 §f              §8(This totals 2 types of materials stashed!)
04:23:32 §f                §3§l>>> §3§lCLICK HERE§b to pick them up! §3§l<<<
04:24:32 §f               §7You have §310,595 §7materials stashed away!
04:24:32 §f              §8(This totals 2 types of materials stashed!)
04:24:32 §f                §3§l>>> §3§lCLICK HERE§b to pick them up! §3§l<<<
04:25:32 §f               §7You have §310,595 §7materials stashed away!
04:25:32 §f              §8(This totals 2 types of materials stashed!)
04:25:32 §f                §3§l>>> §3§lCLICK HERE§b to pick them up! §3§l<<<
04:26:33 §f               §7You have §310,595 §7materials stashed away!
04:26:33 §f              §8(This totals 2 types of materials stashed!)
04:26:33 §f                §3§l>>> §3§lCLICK HERE§b to pick them up! §3§l<<<
04:27:33 §f               §7You have §310,595 §7materials stashed away!
04:27:33 §f              §8(This totals 2 types of materials stashed!)
04:27:33 §f                §3§l>>> §3§lCLICK HERE§b to pick them up! §3§l<<<
04:28:34 §f               §7You have §310,595 §7materials stashed away!
04:28:34 §f              §8(This totals 2 types of materials stashed!)
04:28:34 §f                §3§l>>> §3§lCLICK HERE§b to pick them up! §3§l<<<
04:29:34 §f               §7You have §310,595 §7materials stashed away!
04:29:34 §f              §8(This totals 2 types of materials stashed!)
04:29:34 §f                §3§l>>> §3§lCLICK HERE§b to pick them up! §3§l<<<
04:30:34 §f               §7You have §310,595 §7materials stashed away!
04:30:34 §f              §8(This totals 2 types of materials stashed!)
04:30:34 §f                §3§l>>> §3§lCLICK HERE§b to pick them up! §3§l<<<
04:31:35 §f               §7You have §310,595 §7materials stashed away!
04:31:35 §f              §8(This totals 2 types of materials stashed!)
04:31:35 §f                §3§l>>> §3§lCLICK HERE§b to pick them up! §3§l<<<
04:32:35 §f               §7You have §310,595 §7materials stashed away!
04:32:35 §f              §8(This totals 2 types of materials stashed!)
04:32:35 §f                §3§l>>> §3§lCLICK HERE§b to pick them up! §3§l<<<
04:33:35 §f               §7You have §310,595 §7materials stashed away!
04:33:35 §f              §8(This totals 2 types of materials stashed!)
04:33:35 §f                §3§l>>> §3§lCLICK HERE§b to pick them up! §3§l<<<
04:34:35 §f               §7You have §310,595 §7materials stashed away!
04:34:35 §f              §8(This totals 2 types of materials stashed!)
04:34:35 §f                §3§l>>> §3§lCLICK HERE§b to pick them up! §3§l<<<
04:35:35 §f               §7You have §310,595 §7materials stashed away!
04:35:35 §f              §8(This totals 2 types of materials stashed!)
04:35:35 §f                §3§l>>> §3§lCLICK HERE§b to pick them up! §3§l<<<
04:36:36 §f               §7You have §310,595 §7materials stashed away!
04:36:36 §f              §8(This totals 2 types of materials stashed!)
04:36:36 §f                §3§l>>> §3§lCLICK HERE§b to pick them up! §3§l<<<
04:37:36 §f               §7You have §310,595 §7materials stashed away!
04:37:36 §f              §8(This totals 2 types of materials stashed!)
04:37:36 §f                §3§l>>> §3§lCLICK HERE§b to pick them up! §3§l<<<
04:38:36 §f               §7You have §310,595 §7materials stashed away!
04:38:36 §f              §8(This totals 2 types of materials stashed!)
04:38:36 §f                §3§l>>> §3§lCLICK HERE§b to pick them up! §3§l<<<
04:39:36 §f               §7You have §310,595 §7materials stashed away!
04:39:36 §f              §8(This totals 2 types of materials stashed!)
04:39:36 §f                §3§l>>> §3§lCLICK HERE§b to pick them up! §3§l<<<
04:40:36 §f               §7You have §310,595 §7materials stashed away!
04:40:36 §f              §8(This totals 2 types of materials stashed!)
04:40:36 §f                §3§l>>> §3§lCLICK HERE§b to pick them up! §3§l<<<
04:41:37 §f               §7You have §310,595 §7materials stashed away!
04:41:37 §f              §8(This totals 2 types of materials stashed!)
04:41:37 §f                §3§l>>> §3§lCLICK HERE§b to pick them up! §3§l<<<
04:42:40 §f               §7You have §310,595 §7materials stashed away!
04:42:40 §f              §8(This totals 2 types of materials stashed!)
04:42:40 §f                §3§l>>> §3§lCLICK HERE§b to pick them up! §3§l<<<
04:42:56 §f               §7You have §310,595 §7materials stashed away!
04:42:56 §f              §8(This totals 2 types of materials stashed!)
04:42:56 §f                §3§l>>> §3§lCLICK HERE§b to pick them up! §3§l<<<
04:43:57 §f               §7You have §310,595 §7materials stashed away!
04:43:57 §f              §8(This totals 2 types of materials stashed!)
04:43:57 §f                §3§l>>> §3§lCLICK HERE§b to pick them up! §3§l<<<
04:44:57 §f               §7You have §310,595 §7materials stashed away!
04:44:57 §f              §8(This totals 2 types of materials stashed!)
04:44:57 §f                §3§l>>> §3§lCLICK HERE§b to pick them up! §3§l<<<
04:45:58 §f               §7You have §310,595 §7materials stashed away!
04:45:58 §f              §8(This totals 2 types of materials stashed!)
04:45:58 §f                §3§l>>> §3§lCLICK HERE§b to pick them up! §3§l<<<
04:46:59 §f               §7You have §310,595 §7materials stashed away!
04:46:59 §f              §8(This totals 2 types of materials stashed!)
04:46:59 §f                §3§l>>> §3§lCLICK HERE§b to pick them up! §3§l<<<
04:47:59 §f               §7You have §310,595 §7materials stashed away!
04:47:59 §f              §8(This totals 2 types of materials stashed!)
04:47:59 §f                §3§l>>> §3§lCLICK HERE§b to pick them up! §3§l<<<
04:49:00 §f               §7You have §310,595 §7materials stashed away!
04:49:00 §f              §8(This totals 2 types of materials stashed!)
04:49:00 §f                §3§l>>> §3§lCLICK HERE§b to pick them up! §3§l<<<
04:50:00 §f               §7You have §310,595 §7materials stashed away!
04:50:00 §f              §8(This totals 2 types of materials stashed!)
04:50:00 §f                §3§l>>> §3§lCLICK HERE§b to pick them up! §3§l<<<
04:51:01 §f               §7You have §310,595 §7materials stashed away!
04:51:01 §f              §8(This totals 2 types of materials stashed!)
04:51:01 §f                §3§l>>> §3§lCLICK HERE§b to pick them up! §3§l<<<
04:52:01 §f               §7You have §310,595 §7materials stashed away!
04:52:01 §f              §8(This totals 2 types of materials stashed!)
04:52:01 §f                §3§l>>> §3§lCLICK HERE§b to pick them up! §3§l<<<
04:53:02 §f               §7You have §310,595 §7materials stashed away!
04:53:02 §f              §8(This totals 2 types of materials stashed!)
04:53:02 §f                §3§l>>> §3§lCLICK HERE§b to pick them up! §3§l<<<
04:54:02 §f               §7You have §310,595 §7materials stashed away!
04:54:02 §f              §8(This totals 2 types of materials stashed!)
04:54:02 §f                §3§l>>> §3§lCLICK HERE§b to pick them up! §3§l<<<
04:55:03 §f               §7You have §310,595 §7materials stashed away!
04:55:03 §f              §8(This totals 2 types of materials stashed!)
04:55:03 §f                §3§l>>> §3§lCLICK HERE§b to pick them up! §3§l<<<
04:56:03 §f               §7You have §310,595 §7materials stashed away!
04:56:03 §f              §8(This totals 2 types of materials stashed!)
04:56:03 §f                §3§l>>> §3§lCLICK HERE§b to pick them up! §3§l<<<
04:57:04 §f               §7You have §310,595 §7materials stashed away!
04:57:04 §f              §8(This totals 2 types of materials stashed!)
04:57:04 §f                §3§l>>> §3§lCLICK HERE§b to pick them up! §3§l<<<
04:58:05 §f               §7You have §310,595 §7materials stashed away!
04:58:05 §f              §8(This totals 2 types of materials stashed!)
04:58:05 §f                §3§l>>> §3§lCLICK HERE§b to pick them up! §3§l<<<
04:59:05 §f               §7You have §310,595 §7materials stashed away!
04:59:05 §f              §8(This totals 2 types of materials stashed!)
04:59:05 §f                §3§l>>> §3§lCLICK HERE§b to pick them up! §3§l<<<
05:00:06 §f               §7You have §310,595 §7materials stashed away!
05:00:06 §f              §8(This totals 2 types of materials stashed!)
05:00:06 §f                §3§l>>> §3§lCLICK HERE§b to pick them up! §3§l<<<
05:00:39 §f               §7You have §310,595 §7materials stashed away!
05:00:39 §f              §8(This totals 2 types of materials stashed!)
05:00:39 §f                §3§l>>> §3§lCLICK HERE§b to pick them up! §3§l<<<
05:00:40 §f               §7You have §310,595 §7materials stashed away!
05:00:40 §f              §8(This totals 2 types of materials stashed!)
05:00:40 §f                §3§l>>> §3§lCLICK HERE§b to pick them up! §3§l<<<
05:01:40 §f               §7You have §310,595 §7materials stashed away!
05:01:40 §f              §8(This totals 2 types of materials stashed!)
05:01:40 §f                §3§l>>> §3§lCLICK HERE§b to pick them up! §3§l<<<
05:02:40 §f               §7You have §310,595 §7materials stashed away!
05:02:40 §f              §8(This totals 2 types of materials stashed!)
05:02:40 §f                §3§l>>> §3§lCLICK HERE§b to pick them up! §3§l<<<
05:03:40 §f               §7You have §310,595 §7materials stashed away!
05:03:40 §f              §8(This totals 2 types of materials stashed!)
05:03:40 §f                §3§l>>> §3§lCLICK HERE§b to pick them up! §3§l<<<
05:04:40 §f               §7You have §310,595 §7materials stashed away!
05:04:40 §f              §8(This totals 2 types of materials stashed!)
05:04:40 §f                §3§l>>> §3§lCLICK HERE§b to pick them up! §3§l<<<
05:05:40 §f               §7You have §310,595 §7materials stashed away!
05:05:40 §f              §8(This totals 2 types of materials stashed!)
05:05:40 §f                §3§l>>> §3§lCLICK HERE§b to pick them up! §3§l<<<
05:05:50 §f               §7You have §310,595 §7materials stashed away!
05:05:50 §f              §8(This totals 2 types of materials stashed!)
05:05:50 §f                §3§l>>> §3§lCLICK HERE§b to pick them up! §3§l<<<
05:06:11 §f               §7You have §310,595 §7materials stashed away!
05:06:11 §f              §8(This totals 2 types of materials stashed!)
05:06:11 §f                §3§l>>> §3§lCLICK HERE§b to pick them up! §3§l<<<
05:07:11 §f               §7You have §310,595 §7materials stashed away!
05:07:11 §f              §8(This totals 2 types of materials stashed!)
05:07:11 §f                §3§l>>> §3§lCLICK HERE§b to pick them up! §3§l<<<
05:08:12 §f               §7You have §310,595 §7materials stashed away!
05:08:12 §f              §8(This totals 2 types of materials stashed!)
05:08:12 §f                §3§l>>> §3§lCLICK HERE§b to pick them up! §3§l<<<
05:09:13 §f               §7You have §310,595 §7materials stashed away!
05:09:13 §f              §8(This totals 2 types of materials stashed!)
05:09:13 §f                §3§l>>> §3§lCLICK HERE§b to pick them up! §3§l<<<
05:10:15 §f               §7You have §310,595 §7materials stashed away!
05:10:15 §f              §8(This totals 2 types of materials stashed!)
05:10:15 §f                §3§l>>> §3§lCLICK HERE§b to pick them up! §3§l<<<
05:11:16 §f               §7You have §310,595 §7materials stashed away!
05:11:16 §f              §8(This totals 2 types of materials stashed!)
05:11:16 §f                §3§l>>> §3§lCLICK HERE§b to pick them up! §3§l<<<
05:12:17 §f               §7You have §310,595 §7materials stashed away!
05:12:17 §f              §8(This totals 2 types of materials stashed!)
05:12:17 §f                §3§l>>> §3§lCLICK HERE§b to pick them up! §3§l<<<
05:13:18 §f               §7You have §310,595 §7materials stashed away!
05:13:18 §f              §8(This totals 2 types of materials stashed!)
05:13:18 §f                §3§l>>> §3§lCLICK HERE§b to pick them up! §3§l<<<
05:14:20 §f               §7You have §310,595 §7materials stashed away!
05:14:20 §f              §8(This totals 2 types of materials stashed!)
05:14:20 §f                §3§l>>> §3§lCLICK HERE§b to pick them up! §3§l<<<
05:15:21 §f               §7You have §310,595 §7materials stashed away!
05:15:21 §f              §8(This totals 2 types of materials stashed!)
05:15:21 §f                §3§l>>> §3§lCLICK HERE§b to pick them up! §3§l<<<
05:16:22 §f               §7You have §310,595 §7materials stashed away!
05:16:22 §f              §8(This totals 2 types of materials stashed!)
05:16:22 §f                §3§l>>> §3§lCLICK HERE§b to pick them up! §3§l<<<
05:17:23 §f               §7You have §310,595 §7materials stashed away!
05:17:23 §f              §8(This totals 2 types of materials stashed!)
05:17:23 §f                §3§l>>> §3§lCLICK HERE§b to pick them up! §3§l<<<
05:18:24 §f               §7You have §310,595 §7materials stashed away!
05:18:24 §f              §8(This totals 2 types of materials stashed!)
05:18:24 §f                §3§l>>> §3§lCLICK HERE§b to pick them up! §3§l<<<
05:19:25 §f               §7You have §310,595 §7materials stashed away!
05:19:25 §f              §8(This totals 2 types of materials stashed!)
05:19:25 §f                §3§l>>> §3§lCLICK HERE§b to pick them up! §3§l<<<
05:20:26 §f               §7You have §310,595 §7materials stashed away!
05:20:26 §f              §8(This totals 2 types of materials stashed!)
05:20:26 §f                §3§l>>> §3§lCLICK HERE§b to pick them up! §3§l<<<
05:21:27 §f               §7You have §310,595 §7materials stashed away!
05:21:27 §f              §8(This totals 2 types of materials stashed!)
05:21:27 §f                §3§l>>> §3§lCLICK HERE§b to pick them up! §3§l<<<
05:22:27 §f               §7You have §310,595 §7materials stashed away!
05:22:27 §f              §8(This totals 2 types of materials stashed!)
05:22:27 §f                §3§l>>> §3§lCLICK HERE§b to pick them up! §3§l<<<
05:23:28 §f               §7You have §310,595 §7materials stashed away!
05:23:28 §f              §8(This totals 2 types of materials stashed!)
05:23:28 §f                §3§l>>> §3§lCLICK HERE§b to pick them up! §3§l<<<
05:24:29 §f               §7You have §310,595 §7materials stashed away!
05:24:29 §f              §8(This totals 2 types of materials stashed!)
05:24:29 §f                §3§l>>> §3§lCLICK HERE§b to pick them up! §3§l<<<
05:25:30 §f               §7You have §310,595 §7materials stashed away!
05:25:30 §f              §8(This totals 2 types of materials stashed!)
05:25:30 §f                §3§l>>> §3§lCLICK HERE§b to pick them up! §3§l<<<
05:26:31 §f               §7You have §310,595 §7materials stashed away!
05:26:31 §f              §8(This totals 2 types of materials stashed!)
05:26:31 §f                §3§l>>> §3§lCLICK HERE§b to pick them up! §3§l<<<
05:27:31 §f               §7You have §310,595 §7materials stashed away!
05:27:31 §f              §8(This totals 2 types of materials stashed!)
05:27:31 §f                §3§l>>> §3§lCLICK HERE§b to pick them up! §3§l<<<
05:28:32 §f               §7You have §310,595 §7materials stashed away!
05:28:32 §f              §8(This totals 2 types of materials stashed!)
05:28:32 §f                §3§l>>> §3§lCLICK HERE§b to pick them up! §3§l<<<
05:29:33 §f               §7You have §310,595 §7materials stashed away!
05:29:33 §f              §8(This totals 2 types of materials stashed!)
05:29:33 §f                §3§l>>> §3§lCLICK HERE§b to pick them up! §3§l<<<
05:30:33 §f               §7You have §310,595 §7materials stashed away!
05:30:33 §f              §8(This totals 2 types of materials stashed!)
05:30:33 §f                §3§l>>> §3§lCLICK HERE§b to pick them up! §3§l<<<
05:31:34 §f               §7You have §310,595 §7materials stashed away!
05:31:34 §f              §8(This totals 2 types of materials stashed!)
05:31:34 §f                §3§l>>> §3§lCLICK HERE§b to pick them up! §3§l<<<
05:32:35 §f               §7You have §310,595 §7materials stashed away!
05:32:35 §f              §8(This totals 2 types of materials stashed!)
05:32:35 §f                §3§l>>> §3§lCLICK HERE§b to pick them up! §3§l<<<
05:33:36 §f               §7You have §310,595 §7materials stashed away!
05:33:36 §f              §8(This totals 2 types of materials stashed!)
05:33:36 §f                §3§l>>> §3§lCLICK HERE§b to pick them up! §3§l<<<
05:34:36 §f               §7You have §310,595 §7materials stashed away!
05:34:36 §f              §8(This totals 2 types of materials stashed!)
05:34:36 §f                §3§l>>> §3§lCLICK HERE§b to pick them up! §3§l<<<
05:35:37 §f               §7You have §310,595 §7materials stashed away!
05:35:37 §f              §8(This totals 2 types of materials stashed!)
05:35:37 §f                §3§l>>> §3§lCLICK HERE§b to pick them up! §3§l<<<
05:36:38 §f               §7You have §310,595 §7materials stashed away!
05:36:38 §f              §8(This totals 2 types of materials stashed!)
05:36:38 §f                §3§l>>> §3§lCLICK HERE§b to pick them up! §3§l<<<
05:37:38 §f               §7You have §310,595 §7materials stashed away!
05:37:38 §f              §8(This totals 2 types of materials stashed!)
05:37:38 §f                §3§l>>> §3§lCLICK HERE§b to pick them up! §3§l<<<
05:38:39 §f               §7You have §310,595 §7materials stashed away!
05:38:39 §f              §8(This totals 2 types of materials stashed!)
05:38:39 §f                §3§l>>> §3§lCLICK HERE§b to pick them up! §3§l<<<
05:39:39 §f               §7You have §310,595 §7materials stashed away!
05:39:39 §f              §8(This totals 2 types of materials stashed!)
05:39:39 §f                §3§l>>> §3§lCLICK HERE§b to pick them up! §3§l<<<
05:40:40 §f               §7You have §310,595 §7materials stashed away!
05:40:40 §f              §8(This totals 2 types of materials stashed!)
05:40:40 §f                §3§l>>> §3§lCLICK HERE§b to pick them up! §3§l<<<
05:41:41 §f               §7You have §310,595 §7materials stashed away!
05:41:41 §f              §8(This totals 2 types of materials stashed!)
05:41:41 §f                §3§l>>> §3§lCLICK HERE§b to pick them up! §3§l<<<
05:42:41 §f               §7You have §310,595 §7materials stashed away!
05:42:41 §f              §8(This totals 2 types of materials stashed!)
05:42:41 §f                §3§l>>> §3§lCLICK HERE§b to pick them up! §3§l<<<
05:43:42 §f               §7You have §310,595 §7materials stashed away!
05:43:42 §f              §8(This totals 2 types of materials stashed!)
05:43:42 §f                §3§l>>> §3§lCLICK HERE§b to pick them up! §3§l<<<
05:44:42 §f               §7You have §310,595 §7materials stashed away!
05:44:42 §f              §8(This totals 2 types of materials stashed!)
05:44:42 §f                §3§l>>> §3§lCLICK HERE§b to pick them up! §3§l<<<
05:45:43 §f               §7You have §310,595 §7materials stashed away!
05:45:43 §f              §8(This totals 2 types of materials stashed!)
05:45:43 §f                §3§l>>> §3§lCLICK HERE§b to pick them up! §3§l<<<
05:46:44 §f               §7You have §310,595 §7materials stashed away!
05:46:44 §f              §8(This totals 2 types of materials stashed!)
05:46:44 §f                §3§l>>> §3§lCLICK HERE§b to pick them up! §3§l<<<
05:47:44 §f               §7You have §310,595 §7materials stashed away!
05:47:44 §f              §8(This totals 2 types of materials stashed!)
05:47:44 §f                §3§l>>> §3§lCLICK HERE§b to pick them up! §3§l<<<
05:48:45 §f               §7You have §310,595 §7materials stashed away!
05:48:45 §f              §8(This totals 2 types of materials stashed!)
05:48:45 §f                §3§l>>> §3§lCLICK HERE§b to pick them up! §3§l<<<
05:49:45 §f               §7You have §310,595 §7materials stashed away!
05:49:45 §f              §8(This totals 2 types of materials stashed!)
05:49:45 §f                §3§l>>> §3§lCLICK HERE§b to pick them up! §3§l<<<
05:50:46 §f               §7You have §310,595 §7materials stashed away!
05:50:46 §f              §8(This totals 2 types of materials stashed!)
05:50:46 §f                §3§l>>> §3§lCLICK HERE§b to pick them up! §3§l<<<
05:51:47 §f               §7You have §310,595 §7materials stashed away!
05:51:47 §f              §8(This totals 2 types of materials stashed!)
05:51:47 §f                §3§l>>> §3§lCLICK HERE§b to pick them up! §3§l<<<
05:52:47 §f               §7You have §310,595 §7materials stashed away!
05:52:47 §f              §8(This totals 2 types of materials stashed!)
05:52:47 §f                §3§l>>> §3§lCLICK HERE§b to pick them up! §3§l<<<
05:53:47 §f               §7You have §310,595 §7materials stashed away!
05:53:47 §f              §8(This totals 2 types of materials stashed!)
05:53:47 §f                §3§l>>> §3§lCLICK HERE§b to pick them up! §3§l<<<
05:54:48 §f               §7You have §310,595 §7materials stashed away!
05:54:48 §f              §8(This totals 2 types of materials stashed!)
05:54:48 §f                §3§l>>> §3§lCLICK HERE§b to pick them up! §3§l<<<
05:55:48 §f               §7You have §310,595 §7materials stashed away!
05:55:48 §f              §8(This totals 2 types of materials stashed!)
05:55:48 §f                §3§l>>> §3§lCLICK HERE§b to pick them up! §3§l<<<
05:56:49 §f               §7You have §310,595 §7materials stashed away!
05:56:49 §f              §8(This totals 2 types of materials stashed!)
05:56:49 §f                §3§l>>> §3§lCLICK HERE§b to pick them up! §3§l<<<
05:57:17 §f               §7You have §310,595 §7materials stashed away!
05:57:17 §f              §8(This totals 2 types of materials stashed!)
05:57:17 §f                §3§l>>> §3§lCLICK HERE§b to pick them up! §3§l<<<
05:57:18 §f               §7You have §310,595 §7materials stashed away!
05:57:18 §f              §8(This totals 2 types of materials stashed!)
05:57:18 §f                §3§l>>> §3§lCLICK HERE§b to pick them up! §3§l<<<
05:58:06 §f               §7You have §310,595 §7materials stashed away!
05:58:06 §f              §8(This totals 2 types of materials stashed!)
05:58:06 §f                §3§l>>> §3§lCLICK HERE§b to pick them up! §3§l<<<
05:58:06 §f               §7You have §310,595 §7materials stashed away!
05:58:06 §f              §8(This totals 2 types of materials stashed!)
05:58:06 §f                §3§l>>> §3§lCLICK HERE§b to pick them up! §3§l<<<
05:59:07 §f               §7You have §310,595 §7materials stashed away!
05:59:07 §f              §8(This totals 2 types of materials stashed!)
05:59:07 §f                §3§l>>> §3§lCLICK HERE§b to pick them up! §3§l<<<
06:00:07 §f               §7You have §310,595 §7materials stashed away!
06:00:07 §f              §8(This totals 2 types of materials stashed!)
06:00:07 §f                §3§l>>> §3§lCLICK HERE§b to pick them up! §3§l<<<
06:01:07 §f               §7You have §310,595 §7materials stashed away!
06:01:07 §f              §8(This totals 2 types of materials stashed!)
06:01:07 §f                §3§l>>> §3§lCLICK HERE§b to pick them up! §3§l<<<
06:02:08 §f               §7You have §310,595 §7materials stashed away!
06:02:08 §f              §8(This totals 2 types of materials stashed!)
06:02:08 §f                §3§l>>> §3§lCLICK HERE§b to pick them up! §3§l<<<
06:03:08 §f               §7You have §310,595 §7materials stashed away!
06:03:08 §f              §8(This totals 2 types of materials stashed!)
06:03:08 §f                §3§l>>> §3§lCLICK HERE§b to pick them up! §3§l<<<
06:04:08 §f               §7You have §310,595 §7materials stashed away!
06:04:08 §f              §8(This totals 2 types of materials stashed!)
06:04:08 §f                §3§l>>> §3§lCLICK HERE§b to pick them up! §3§l<<<
06:05:08 §f               §7You have §310,595 §7materials stashed away!
06:05:08 §f              §8(This totals 2 types of materials stashed!)
06:05:09 §f                §3§l>>> §3§lCLICK HERE§b to pick them up! §3§l<<<
06:06:09 §f               §7You have §310,595 §7materials stashed away!
06:06:09 §f              §8(This totals 2 types of materials stashed!)
06:06:09 §f                §3§l>>> §3§lCLICK HERE§b to pick them up! §3§l<<<
06:07:09 §f               §7You have §310,595 §7materials stashed away!
06:07:09 §f              §8(This totals 2 types of materials stashed!)
06:07:09 §f                §3§l>>> §3§lCLICK HERE§b to pick them up! §3§l<<<
06:08:09 §f               §7You have §310,595 §7materials stashed away!
06:08:09 §f              §8(This totals 2 types of materials stashed!)
06:08:09 §f                §3§l>>> §3§lCLICK HERE§b to pick them up! §3§l<<<
06:09:10 §f               §7You have §310,595 §7materials stashed away!
06:09:10 §f              §8(This totals 2 types of materials stashed!)
06:09:10 §f                §3§l>>> §3§lCLICK HERE§b to pick them up! §3§l<<<
06:10:10 §f               §7You have §310,595 §7materials stashed away!
06:10:10 §f              §8(This totals 2 types of materials stashed!)
06:10:10 §f                §3§l>>> §3§lCLICK HERE§b to pick them up! §3§l<<<
06:11:10 §f               §7You have §310,595 §7materials stashed away!
06:11:10 §f              §8(This totals 2 types of materials stashed!)
06:11:10 §f                §3§l>>> §3§lCLICK HERE§b to pick them up! §3§l<<<
06:12:10 §f               §7You have §310,595 §7materials stashed away!
06:12:10 §f              §8(This totals 2 types of materials stashed!)
06:12:10 §f                §3§l>>> §3§lCLICK HERE§b to pick them up! §3§l<<<
06:13:10 §f               §7You have §310,595 §7materials stashed away!
06:13:10 §f              §8(This totals 2 types of materials stashed!)
06:13:10 §f                §3§l>>> §3§lCLICK HERE§b to pick them up! §3§l<<<
06:14:11 §f               §7You have §310,595 §7materials stashed away!
06:14:11 §f              §8(This totals 2 types of materials stashed!)
06:14:11 §f                §3§l>>> §3§lCLICK HERE§b to pick them up! §3§l<<<
06:14:36 §f               §7You have §310,595 §7materials stashed away!
06:14:36 §f              §8(This totals 2 types of materials stashed!)
06:14:36 §f                §3§l>>> §3§lCLICK HERE§b to pick them up! §3§l<<<
06:15:16 §f               §7You have §310,595 §7materials stashed away!
06:15:16 §f              §8(This totals 2 types of materials stashed!)
06:15:16 §f                §3§l>>> §3§lCLICK HERE§b to pick them up! §3§l<<<
06:16:17 §f               §7You have §310,595 §7materials stashed away!
06:16:17 §f              §8(This totals 2 types of materials stashed!)
06:16:17 §f                §3§l>>> §3§lCLICK HERE§b to pick them up! §3§l<<<
06:17:17 §f               §7You have §310,595 §7materials stashed away!
06:17:17 §f              §8(This totals 2 types of materials stashed!)
06:17:17 §f                §3§l>>> §3§lCLICK HERE§b to pick them up! §3§l<<<
06:18:18 §f               §7You have §310,595 §7materials stashed away!
06:18:18 §f              §8(This totals 2 types of materials stashed!)
06:18:18 §f                §3§l>>> §3§lCLICK HERE§b to pick them up! §3§l<<<
06:19:19 §f               §7You have §310,595 §7materials stashed away!
06:19:19 §f              §8(This totals 2 types of materials stashed!)
06:19:19 §f                §3§l>>> §3§lCLICK HERE§b to pick them up! §3§l<<<
06:20:20 §f               §7You have §310,595 §7materials stashed away!
06:20:20 §f              §8(This totals 2 types of materials stashed!)
06:20:20 §f                §3§l>>> §3§lCLICK HERE§b to pick them up! §3§l<<<
06:21:21 §f               §7You have §310,595 §7materials stashed away!
06:21:21 §f              §8(This totals 2 types of materials stashed!)
06:21:21 §f                §3§l>>> §3§lCLICK HERE§b to pick them up! §3§l<<<
06:22:22 §f               §7You have §310,595 §7materials stashed away!
06:22:22 §f              §8(This totals 2 types of materials stashed!)
06:22:22 §f                §3§l>>> §3§lCLICK HERE§b to pick them up! §3§l<<<
06:23:22 §f               §7You have §310,595 §7materials stashed away!
06:23:22 §f              §8(This totals 2 types of materials stashed!)
06:23:22 §f                §3§l>>> §3§lCLICK HERE§b to pick them up! §3§l<<<
06:24:23 §f               §7You have §310,595 §7materials stashed away!
06:24:23 §f              §8(This totals 2 types of materials stashed!)
06:24:23 §f                §3§l>>> §3§lCLICK HERE§b to pick them up! §3§l<<<
06:25:23 §f               §7You have §310,595 §7materials stashed away!
06:25:23 §f              §8(This totals 2 types of materials stashed!)
06:25:23 §f                §3§l>>> §3§lCLICK HERE§b to pick them up! §3§l<<<
06:26:24 §f               §7You have §310,595 §7materials stashed away!
06:26:24 §f              §8(This totals 2 types of materials stashed!)
06:26:24 §f                §3§l>>> §3§lCLICK HERE§b to pick them up! §3§l<<<
06:27:25 §f               §7You have §310,595 §7materials stashed away!
06:27:25 §f              §8(This totals 2 types of materials stashed!)
06:27:25 §f                §3§l>>> §3§lCLICK HERE§b to pick them up! §3§l<<<
06:28:26 §f               §7You have §310,595 §7materials stashed away!
06:28:26 §f              §8(This totals 2 types of materials stashed!)
06:28:26 §f                §3§l>>> §3§lCLICK HERE§b to pick them up! §3§l<<<
06:29:27 §f               §7You have §310,595 §7materials stashed away!
06:29:27 §f              §8(This totals 2 types of materials stashed!)
06:29:27 §f                §3§l>>> §3§lCLICK HERE§b to pick them up! §3§l<<<
06:29:41 §f               §7You have §310,595 §7materials stashed away!
06:29:41 §f              §8(This totals 2 types of materials stashed!)
06:29:41 §f                §3§l>>> §3§lCLICK HERE§b to pick them up! §3§l<<<
06:30:11 §f               §7You have §310,595 §7materials stashed away!
06:30:11 §f              §8(This totals 2 types of materials stashed!)
06:30:11 §f                §3§l>>> §3§lCLICK HERE§b to pick them up! §3§l<<<
06:31:13 §f               §7You have §310,595 §7materials stashed away!
06:31:13 §f              §8(This totals 2 types of materials stashed!)
06:31:13 §f                §3§l>>> §3§lCLICK HERE§b to pick them up! §3§l<<<
06:32:14 §f               §7You have §310,595 §7materials stashed away!
06:32:14 §f              §8(This totals 2 types of materials stashed!)
06:32:14 §f                §3§l>>> §3§lCLICK HERE§b to pick them up! §3§l<<<
06:33:15 §f               §7You have §310,595 §7materials stashed away!
06:33:15 §f              §8(This totals 2 types of materials stashed!)
06:33:15 §f                §3§l>>> §3§lCLICK HERE§b to pick them up! §3§l<<<
06:34:16 §f               §7You have §310,595 §7materials stashed away!
06:34:16 §f              §8(This totals 2 types of materials stashed!)
06:34:16 §f                §3§l>>> §3§lCLICK HERE§b to pick them up! §3§l<<<
06:35:17 §f               §7You have §310,595 §7materials stashed away!
06:35:17 §f              §8(This totals 2 types of materials stashed!)
06:35:17 §f                §3§l>>> §3§lCLICK HERE§b to pick them up! §3§l<<<
06:36:19 §f               §7You have §310,595 §7materials stashed away!
06:36:19 §f              §8(This totals 2 types of materials stashed!)
06:36:19 §f                §3§l>>> §3§lCLICK HERE§b to pick them up! §3§l<<<
06:37:20 §f               §7You have §310,595 §7materials stashed away!
06:37:20 §f              §8(This totals 2 types of materials stashed!)
06:37:20 §f                §3§l>>> §3§lCLICK HERE§b to pick them up! §3§l<<<
06:38:22 §f               §7You have §310,595 §7materials stashed away!
06:38:22 §f              §8(This totals 2 types of materials stashed!)
06:38:22 §f                §3§l>>> §3§lCLICK HERE§b to pick them up! §3§l<<<
06:39:23 §f               §7You have §310,595 §7materials stashed away!
06:39:23 §f              §8(This totals 2 types of materials stashed!)
06:39:23 §f                §3§l>>> §3§lCLICK HERE§b to pick them up! §3§l<<<
06:40:25 §f               §7You have §310,595 §7materials stashed away!
06:40:25 §f              §8(This totals 2 types of materials stashed!)
06:40:25 §f                §3§l>>> §3§lCLICK HERE§b to pick them up! §3§l<<<
06:41:26 §f               §7You have §310,595 §7materials stashed away!
06:41:27 §f              §8(This totals 2 types of materials stashed!)
06:41:27 §f                §3§l>>> §3§lCLICK HERE§b to pick them up! §3§l<<<
06:42:28 §f               §7You have §310,595 §7materials stashed away!
06:42:28 §f              §8(This totals 2 types of materials stashed!)
06:42:28 §f                §3§l>>> §3§lCLICK HERE§b to pick them up! §3§l<<<
06:43:29 §f               §7You have §310,595 §7materials stashed away!
06:43:29 §f              §8(This totals 2 types of materials stashed!)
06:43:29 §f                §3§l>>> §3§lCLICK HERE§b to pick them up! §3§l<<<
06:44:31 §f               §7You have §310,595 §7materials stashed away!
06:44:31 §f              §8(This totals 2 types of materials stashed!)
06:44:31 §f                §3§l>>> §3§lCLICK HERE§b to pick them up! §3§l<<<
06:45:32 §f               §7You have §310,595 §7materials stashed away!
06:45:32 §f              §8(This totals 2 types of materials stashed!)
06:45:32 §f                §3§l>>> §3§lCLICK HERE§b to pick them up! §3§l<<<
06:46:33 §f               §7You have §310,595 §7materials stashed away!
06:46:33 §f              §8(This totals 2 types of materials stashed!)
06:46:33 §f                §3§l>>> §3§lCLICK HERE§b to pick them up! §3§l<<<
06:47:35 §f               §7You have §310,595 §7materials stashed away!
06:47:35 §f              §8(This totals 2 types of materials stashed!)
06:47:35 §f                §3§l>>> §3§lCLICK HERE§b to pick them up! §3§l<<<
06:48:36 §f               §7You have §310,595 §7materials stashed away!
06:48:36 §f              §8(This totals 2 types of materials stashed!)
06:48:36 §f                §3§l>>> §3§lCLICK HERE§b to pick them up! §3§l<<<
06:49:37 §f               §7You have §310,595 §7materials stashed away!
06:49:37 §f              §8(This totals 2 types of materials stashed!)
06:49:37 §f                §3§l>>> §3§lCLICK HERE§b to pick them up! §3§l<<<
06:50:38 §f               §7You have §310,595 §7materials stashed away!
06:50:38 §f              §8(This totals 2 types of materials stashed!)
06:50:38 §f                §3§l>>> §3§lCLICK HERE§b to pick them up! §3§l<<<
06:51:39 §f               §7You have §310,595 §7materials stashed away!
06:51:39 §f              §8(This totals 2 types of materials stashed!)
06:51:39 §f                §3§l>>> §3§lCLICK HERE§b to pick them up! §3§l<<<
06:52:41 §f               §7You have §310,595 §7materials stashed away!
06:52:41 §f              §8(This totals 2 types of materials stashed!)
06:52:41 §f                §3§l>>> §3§lCLICK HERE§b to pick them up! §3§l<<<
06:53:43 §f               §7You have §310,595 §7materials stashed away!
06:53:43 §f              §8(This totals 2 types of materials stashed!)
06:53:43 §f                §3§l>>> §3§lCLICK HERE§b to pick them up! §3§l<<<
06:54:44 §f               §7You have §310,595 §7materials stashed away!
06:54:44 §f              §8(This totals 2 types of materials stashed!)
06:54:44 §f                §3§l>>> §3§lCLICK HERE§b to pick them up! §3§l<<<
06:55:45 §f               §7You have §310,595 §7materials stashed away!
06:55:45 §f              §8(This totals 2 types of materials stashed!)
06:55:45 §f                §3§l>>> §3§lCLICK HERE§b to pick them up! §3§l<<<
06:56:47 §f               §7You have §310,595 §7materials stashed away!
06:56:47 §f              §8(This totals 2 types of materials stashed!)
06:56:47 §f                §3§l>>> §3§lCLICK HERE§b to pick them up! §3§l<<<
06:57:48 §f               §7You have §310,595 §7materials stashed away!
06:57:48 §f              §8(This totals 2 types of materials stashed!)
06:57:48 §f                §3§l>>> §3§lCLICK HERE§b to pick them up! §3§l<<<
06:58:50 §f               §7You have §310,595 §7materials stashed away!
06:58:50 §f              §8(This totals 2 types of materials stashed!)
06:58:50 §f                §3§l>>> §3§lCLICK HERE§b to pick them up! §3§l<<<
06:59:51 §f               §7You have §310,595 §7materials stashed away!
06:59:51 §f              §8(This totals 2 types of materials stashed!)
06:59:51 §f                §3§l>>> §3§lCLICK HERE§b to pick them up! §3§l<<<
07:00:53 §f               §7You have §310,595 §7materials stashed away!
07:00:53 §f              §8(This totals 2 types of materials stashed!)
07:00:53 §f                §3§l>>> §3§lCLICK HERE§b to pick them up! §3§l<<<
07:01:54 §f               §7You have §310,595 §7materials stashed away!
07:01:54 §f              §8(This totals 2 types of materials stashed!)
07:01:54 §f                §3§l>>> §3§lCLICK HERE§b to pick them up! §3§l<<<
07:02:55 §f               §7You have §310,595 §7materials stashed away!
07:02:55 §f              §8(This totals 2 types of materials stashed!)
07:02:55 §f                §3§l>>> §3§lCLICK HERE§b to pick them up! §3§l<<<
07:03:57 §f               §7You have §310,595 §7materials stashed away!
07:03:57 §f              §8(This totals 2 types of materials stashed!)
07:03:57 §f                §3§l>>> §3§lCLICK HERE§b to pick them up! §3§l<<<
07:04:59 §f               §7You have §310,595 §7materials stashed away!
07:04:59 §f              §8(This totals 2 types of materials stashed!)
07:04:59 §f                §3§l>>> §3§lCLICK HERE§b to pick them up! §3§l<<<
07:06:00 §f               §7You have §310,595 §7materials stashed away!
07:06:00 §f              §8(This totals 2 types of materials stashed!)
07:06:00 §f                §3§l>>> §3§lCLICK HERE§b to pick them up! §3§l<<<
07:07:01 §f               §7You have §310,595 §7materials stashed away!
07:07:01 §f              §8(This totals 2 types of materials stashed!)
07:07:01 §f                §3§l>>> §3§lCLICK HERE§b to pick them up! §3§l<<<
07:07:27 §f               §7You have §310,595 §7materials stashed away!
07:07:27 §f              §8(This totals 2 types of materials stashed!)
07:07:27 §f                §3§l>>> §3§lCLICK HERE§b to pick them up! §3§l<<<
07:07:27 §f               §7You have §310,595 §7materials stashed away!
07:07:27 §f              §8(This totals 2 types of materials stashed!)
07:07:27 §f                §3§l>>> §3§lCLICK HERE§b to pick them up! §3§l<<<
07:08:28 §f               §7You have §310,595 §7materials stashed away!
07:08:28 §f              §8(This totals 2 types of materials stashed!)
07:08:28 §f                §3§l>>> §3§lCLICK HERE§b to pick them up! §3§l<<<
07:08:41 §f               §7You have §310,595 §7materials stashed away!
07:08:41 §f              §8(This totals 2 types of materials stashed!)
07:08:41 §f                §3§l>>> §3§lCLICK HERE§b to pick them up! §3§l<<<
07:09:25 §f               §7You have §310,595 §7materials stashed away!
07:09:25 §f              §8(This totals 2 types of materials stashed!)
07:09:25 §f                §3§l>>> §3§lCLICK HERE§b to pick them up! §3§l<<<
07:10:25 §f               §7You have §310,595 §7materials stashed away!
07:10:25 §f              §8(This totals 2 types of materials stashed!)
07:10:25 §f                §3§l>>> §3§lCLICK HERE§b to pick them up! §3§l<<<
07:11:26 §f               §7You have §310,595 §7materials stashed away!
07:11:26 §f              §8(This totals 2 types of materials stashed!)
07:11:26 §f                §3§l>>> §3§lCLICK HERE§b to pick them up! §3§l<<<
07:12:27 §f               §7You have §310,595 §7materials stashed away!
07:12:27 §f              §8(This totals 2 types of materials stashed!)
07:12:27 §f                §3§l>>> §3§lCLICK HERE§b to pick them up! §3§l<<<
07:13:28 §f               §7You have §310,595 §7materials stashed away!
07:13:28 §f              §8(This totals 2 types of materials stashed!)
07:13:28 §f                §3§l>>> §3§lCLICK HERE§b to pick them up! §3§l<<<
07:14:29 §f               §7You have §310,595 §7materials stashed away!
07:14:29 §f              §8(This totals 2 types of materials stashed!)
07:14:29 §f                §3§l>>> §3§lCLICK HERE§b to pick them up! §3§l<<<
07:15:29 §f               §7You have §310,595 §7materials stashed away!
07:15:29 §f              §8(This totals 2 types of materials stashed!)
07:15:29 §f                §3§l>>> §3§lCLICK HERE§b to pick them up! §3§l<<<
07:16:30 §f               §7You have §310,595 §7materials stashed away!
07:16:30 §f              §8(This totals 2 types of materials stashed!)
07:16:30 §f                §3§l>>> §3§lCLICK HERE§b to pick them up! §3§l<<<
07:17:30 §f               §7You have §310,595 §7materials stashed away!
07:17:30 §f              §8(This totals 2 types of materials stashed!)
07:17:30 §f                §3§l>>> §3§lCLICK HERE§b to pick them up! §3§l<<<
07:18:31 §f               §7You have §310,595 §7materials stashed away!
07:18:31 §f              §8(This totals 2 types of materials stashed!)
07:18:31 §f                §3§l>>> §3§lCLICK HERE§b to pick them up! §3§l<<<
07:19:31 §f               §7You have §310,595 §7materials stashed away!
07:19:31 §f              §8(This totals 2 types of materials stashed!)
07:19:31 §f                §3§l>>> §3§lCLICK HERE§b to pick them up! §3§l<<<
07:20:32 §f               §7You have §310,595 §7materials stashed away!
07:20:32 §f              §8(This totals 2 types of materials stashed!)
07:20:32 §f                §3§l>>> §3§lCLICK HERE§b to pick them up! §3§l<<<
07:21:32 §f               §7You have §310,595 §7materials stashed away!
07:21:32 §f              §8(This totals 2 types of materials stashed!)
07:21:32 §f                §3§l>>> §3§lCLICK HERE§b to pick them up! §3§l<<<
07:22:33 §f               §7You have §310,595 §7materials stashed away!
07:22:33 §f              §8(This totals 2 types of materials stashed!)
07:22:33 §f                §3§l>>> §3§lCLICK HERE§b to pick them up! §3§l<<<
07:23:34 §f               §7You have §310,595 §7materials stashed away!
07:23:34 §f              §8(This totals 2 types of materials stashed!)
07:23:34 §f                §3§l>>> §3§lCLICK HERE§b to pick them up! §3§l<<<
07:24:34 §f               §7You have §310,595 §7materials stashed away!
07:24:34 §f              §8(This totals 2 types of materials stashed!)
07:24:34 §f                §3§l>>> §3§lCLICK HERE§b to pick them up! §3§l<<<
07:25:35 §f               §7You have §310,595 §7materials stashed away!
07:25:35 §f              §8(This totals 2 types of materials stashed!)
07:25:35 §f                §3§l>>> §3§lCLICK HERE§b to pick them up! §3§l<<<
07:26:36 §f               §7You have §310,595 §7materials stashed away!
07:26:36 §f              §8(This totals 2 types of materials stashed!)
07:26:36 §f                §3§l>>> §3§lCLICK HERE§b to pick them up! §3§l<<<
07:27:36 §f               §7You have §310,595 §7materials stashed away!
07:27:36 §f              §8(This totals 2 types of materials stashed!)
07:27:36 §f                §3§l>>> §3§lCLICK HERE§b to pick them up! §3§l<<<
07:28:37 §f               §7You have §310,595 §7materials stashed away!
07:28:37 §f              §8(This totals 2 types of materials stashed!)
07:28:37 §f                §3§l>>> §3§lCLICK HERE§b to pick them up! §3§l<<<
07:29:38 §f               §7You have §310,595 §7materials stashed away!
07:29:38 §f              §8(This totals 2 types of materials stashed!)
07:29:38 §f                §3§l>>> §3§lCLICK HERE§b to pick them up! §3§l<<<
07:30:38 §f               §7You have §310,595 §7materials stashed away!
07:30:38 §f              §8(This totals 2 types of materials stashed!)
07:30:38 §f                §3§l>>> §3§lCLICK HERE§b to pick them up! §3§l<<<
07:31:39 §f               §7You have §310,595 §7materials stashed away!
07:31:39 §f              §8(This totals 2 types of materials stashed!)
07:31:39 §f                §3§l>>> §3§lCLICK HERE§b to pick them up! §3§l<<<
07:32:40 §f               §7You have §310,595 §7materials stashed away!
07:32:40 §f              §8(This totals 2 types of materials stashed!)
07:32:40 §f                §3§l>>> §3§lCLICK HERE§b to pick them up! §3§l<<<
07:33:40 §f               §7You have §310,595 §7materials stashed away!
07:33:40 §f              §8(This totals 2 types of materials stashed!)
07:33:40 §f                §3§l>>> §3§lCLICK HERE§b to pick them up! §3§l<<<
07:34:41 §f               §7You have §310,595 §7materials stashed away!
07:34:41 §f              §8(This totals 2 types of materials stashed!)
07:34:41 §f                §3§l>>> §3§lCLICK HERE§b to pick them up! §3§l<<<
07:35:42 §f               §7You have §310,595 §7materials stashed away!
07:35:42 §f              §8(This totals 2 types of materials stashed!)
07:35:42 §f                §3§l>>> §3§lCLICK HERE§b to pick them up! §3§l<<<
