03:39:07 `Zombie`460919 missed {
 is already Found: false).
 Position: LorenzVec{x=-29.09375, y=70.0, z=-75.96875}
 DistanceC: 20.201900135863532
Relative Position: LorenzVec{x=-20.201900135863532, y=0.0, z=-0.7342349719398413}
 }
03:39:14 `8xgc5r6zcw`493 missed {
 is already Found: false).
 Position: LorenzVec{x=5.5, y=61.0, z=-134.0}
 DistanceC: 19.263010859539897
Relative Position: LorenzVec{x=19.263010859539897, y=-7.0, z=-15.502147969263717}
 }
03:39:14 `Villager`245 missed {
 is already Found: false).
 Position: LorenzVec{x=-32.5, y=69.0, z=-135.5}
 DistanceC: 18.736989140460103
Relative Position: LorenzVec{x=-18.736989140460103, y=1.0, z=-17.002147969263717}
 }
03:39:27 `Zombie`113280 missed {
 is already Found: false).
 Position: LorenzVec{x=-40.80208333333333, y=57.0, z=-115.76041666666666}
 DistanceC: 20.658556381379583
Relative Position: LorenzVec{x=-17.75666576752272, y=-12.0, z=20.658556381379583}
 }
03:39:30 `Villager`250 missed {
 is already Found: false).
 Position: LorenzVec{x=-35.5, y=69.0, z=-112.5}
 DistanceC: 23.91897304804624
Relative Position: LorenzVec{x=-12.45458243418939, y=0.0, z=23.91897304804624}
 }
03:40:38 `Villager`347 missed {
 is already Found: false).
 Position: LorenzVec{x=-7.5, y=70.0, z=-75.5}
 DistanceC: 21.622555081768418
Relative Position: LorenzVec{x=-21.622555081768418, y=0.0, z=8.084331904215503}
 }
03:40:38 `1ue2bj8n21`413 missed {
 is already Found: false).
 Position: LorenzVec{x=2.5, y=70.0, z=-75.5}
 DistanceC: 11.622555081768418
Relative Position: LorenzVec{x=-11.622555081768418, y=0.0, z=8.084331904215503}
 }
03:40:39 `020w836g85`492 missed {
 is already Found: false).
 Position: LorenzVec{x=15.5, y=70.0, z=-71.8125}
 DistanceC: 19.41143781081601
Relative Position: LorenzVec{x=-1.5803498332365784, y=0.0, z=19.41143781081601}
 }
03:40:45 `Villager`357 missed {
 is already Found: false).
 Position: LorenzVec{x=28.0, y=70.0, z=-116.0}
 DistanceC: 16.203761964394147
Relative Position: LorenzVec{x=7.521461115680427, y=0.0, z=-16.203761964394147}
 }
03:40:49 `Villager`359 missed {
 is already Found: false).
 Position: LorenzVec{x=17.5, y=70.0, z=-99.0}
 DistanceC: 18.863075227125496
Relative Position: LorenzVec{x=18.863075227125496, y=0.0, z=-16.581521879162338}
 }
03:40:49 `2qga04wi81`412 missed {
 is already Found: false).
 Position: LorenzVec{x=14.0, y=72.0, z=-106.0}
 DistanceC: 23.581521879162338
Relative Position: LorenzVec{x=15.363075227125494, y=2.0, z=-23.581521879162338}
 }
03:40:50 `p9igx39pc2`411 missed {
 is already Found: false).
 Position: LorenzVec{x=7.0, y=70.0, z=-85.0}
 DistanceC: 8.363075227125494
Relative Position: LorenzVec{x=8.363075227125494, y=0.0, z=-2.581521879162338}
 }
03:40:50 `wi1d3e149x`19 missed {
 is already Found: false).
 Position: LorenzVec{x=4.5, y=72.0, z=-104.5}
 DistanceC: 22.081521879162338
Relative Position: LorenzVec{x=5.863075227125494, y=2.0, z=-22.081521879162338}
 }
03:40:50 `j57v01c1hh`18 missed {
 is already Found: false).
 Position: LorenzVec{x=-3.5, y=72.0, z=-101.5}
 DistanceC: 19.081521879162338
Relative Position: LorenzVec{x=-2.1369247728745058, y=2.0, z=-19.081521879162338}
 }
03:40:50 `1ue2bj8n21`413 missed {
 is already Found: false).
 Position: LorenzVec{x=2.5, y=70.0, z=-75.5}
 DistanceC: 6.918478120837662
Relative Position: LorenzVec{x=3.8630752271254942, y=0.0, z=6.918478120837662}
 }
03:40:50 `020w836g85`492 missed {
 is already Found: false).
 Position: LorenzVec{x=15.5, y=70.0, z=-71.8125}
 DistanceC: 16.863075227125496
Relative Position: LorenzVec{x=16.863075227125496, y=0.0, z=10.605978120837662}
 }
03:40:51 `d9ym7a51h1`523 missed {
 is already Found: false).
 Position: LorenzVec{x=-6.5, y=55.0, z=-95.5}
 DistanceC: 13.081521879162338
Relative Position: LorenzVec{x=-5.136924772874506, y=-15.0, z=-13.081521879162338}
 }
03:40:51 `Villager`347 missed {
 is already Found: false).
 Position: LorenzVec{x=-7.5, y=70.0, z=-75.5}
 DistanceC: 6.918478120837662
Relative Position: LorenzVec{x=-6.136924772874506, y=0.0, z=6.918478120837662}
 }
03:40:51 `718335n83k`414 missed {
 is already Found: false).
 Position: LorenzVec{x=-7.5, y=70.0, z=-92.5}
 DistanceC: 10.081521879162338
Relative Position: LorenzVec{x=-6.136924772874506, y=0.0, z=-10.081521879162338}
 }
03:40:51 `88bcv5622e`344 missed {
 is already Found: false).
 Position: LorenzVec{x=-10.0, y=70.0, z=-67.0}
 DistanceC: 15.418478120837662
Relative Position: LorenzVec{x=-8.636924772874506, y=0.0, z=15.418478120837662}
 }
03:40:51 `Villager`365 missed {
 is already Found: false).
 Position: LorenzVec{x=-11.3125, y=70.0, z=-95.6875}
 DistanceC: 13.269021879162338
Relative Position: LorenzVec{x=-9.949424772874506, y=0.0, z=-13.269021879162338}
 }
03:40:51 `Villager`355 missed {
 is already Found: false).
 Position: LorenzVec{x=-16.5, y=70.0, z=-81.5}
 DistanceC: 15.136924772874506
Relative Position: LorenzVec{x=-15.136924772874506, y=0.0, z=0.918478120837662}
 }
03:40:52 `fk7h92xx73`246 missed {
 is already Found: false).
 Position: LorenzVec{x=-24.5, y=71.0, z=-58.5}
 DistanceC: 23.918478120837662
Relative Position: LorenzVec{x=-23.136924772874504, y=1.0, z=23.918478120837662}
 }
03:43:00 `Zombie`460255 missed {
 is already Found: false).
 Position: LorenzVec{x=-17.96875, y=70.0, z=-71.34375}
 DistanceC: 16.605674772874504
Relative Position: LorenzVec{x=-16.605674772874504, y=0.0, z=11.074728120837662}
 }
03:44:47 `Enderman`445 missed {
 is already Found: false).
 Position: LorenzVec{x=-1.125, y=100.0, z=52.3125}
 DistanceC: 15.174574597790425
Relative Position: LorenzVec{x=4.326774241582781, y=0.0, z=15.174574597790425}
 }
03:44:47 `Cow`438 missed {
 is already Found: false).
 Position: LorenzVec{x=-2.5, y=104.0, z=55.5}
 DistanceC: 18.362074597790425
Relative Position: LorenzVec{x=2.951774241582781, y=4.0, z=18.362074597790425}
 }
03:44:47 `Cow`439 missed {
 is already Found: false).
 Position: LorenzVec{x=-2.5, y=104.0, z=55.5}
 DistanceC: 18.362074597790425
Relative Position: LorenzVec{x=2.951774241582781, y=4.0, z=18.362074597790425}
 }
03:44:47 `Cow`440 missed {
 is already Found: false).
 Position: LorenzVec{x=-2.5, y=104.0, z=55.5}
 DistanceC: 18.362074597790425
Relative Position: LorenzVec{x=2.951774241582781, y=4.0, z=18.362074597790425}
 }
03:44:47 `Cow`441 missed {
 is already Found: false).
 Position: LorenzVec{x=-2.5, y=104.0, z=55.5}
 DistanceC: 18.362074597790425
Relative Position: LorenzVec{x=2.951774241582781, y=4.0, z=18.362074597790425}
 }
03:44:48 `Enderman`504 missed {
 is already Found: false).
 Position: LorenzVec{x=-1.875, y=100.0, z=52.6875}
 DistanceC: 15.549574597790425
Relative Position: LorenzVec{x=3.576774241582781, y=0.0, z=15.549574597790425}
 }
03:44:48 `Enderman`505 missed {
 is already Found: false).
 Position: LorenzVec{x=1.40625, y=100.0, z=55.5}
 DistanceC: 18.362074597790425
Relative Position: LorenzVec{x=6.858024241582781, y=0.0, z=18.362074597790425}
 }
03:44:48 `Enderman`446 missed {
 is already Found: false).
 Position: LorenzVec{x=-1.90625, y=100.0, z=53.09375}
 DistanceC: 15.955824597790425
Relative Position: LorenzVec{x=3.545524241582781, y=0.0, z=15.955824597790425}
 }
03:44:49 `Enderman`507 missed {
 is already Found: false).
 Position: LorenzVec{x=-0.75, y=100.0, z=55.0}
 DistanceC: 17.862074597790425
Relative Position: LorenzVec{x=4.701774241582781, y=0.0, z=17.862074597790425}
 }
03:44:49 `Enderman`506 missed {
 is already Found: false).
 Position: LorenzVec{x=0.26041666666666663, y=100.0, z=56.73263888888889}
 DistanceC: 19.594713486679318
Relative Position: LorenzVec{x=5.712190908249448, y=0.0, z=19.594713486679318}
 }
03:44:49 `Enderman`500 missed {
 is already Found: false).
 Position: LorenzVec{x=-0.0625, y=100.0, z=55.6875}
 DistanceC: 18.549574597790425
Relative Position: LorenzVec{x=5.389274241582781, y=0.0, z=18.549574597790425}
 }
03:44:49 `Enderman`499 missed {
 is already Found: false).
 Position: LorenzVec{x=-1.75, y=100.0, z=54.3125}
 DistanceC: 17.174574597790425
Relative Position: LorenzVec{x=3.701774241582781, y=0.0, z=17.174574597790425}
 }
03:44:49 `Enderman`501 missed {
 is already Found: false).
 Position: LorenzVec{x=1.40625, y=100.0, z=56.11458333333333}
 DistanceC: 18.976657931123754
Relative Position: LorenzVec{x=6.858024241582781, y=0.0, z=18.976657931123754}
 }
03:44:49 `Enderman`502 missed {
 is already Found: false).
 Position: LorenzVec{x=1.65625, y=100.0, z=56.03125}
 DistanceC: 18.893324597790425
Relative Position: LorenzVec{x=7.108024241582781, y=0.0, z=18.893324597790425}
 }
03:44:50 `Enderman`1660 missed {
 is already Found: false).
 Position: LorenzVec{x=-0.65625, y=100.0, z=55.4375}
 DistanceC: 18.299574597790425
Relative Position: LorenzVec{x=4.795524241582781, y=0.0, z=18.299574597790425}
 }
03:44:50 `Chicken`1679 missed {
 is already Found: false).
 Position: LorenzVec{x=-0.5, y=104.0, z=53.5}
 DistanceC: 16.362074597790425
Relative Position: LorenzVec{x=4.951774241582781, y=4.0, z=16.362074597790425}
 }
03:44:50 `Rabbit`1233 missed {
 is already Found: false).
 Position: LorenzVec{x=-0.5, y=104.0, z=56.5}
 DistanceC: 19.362074597790425
Relative Position: LorenzVec{x=4.951774241582781, y=4.0, z=19.362074597790425}
 }
03:44:50 `Cow`1541 missed {
 is already Found: false).
 Position: LorenzVec{x=1.03125, y=104.0, z=57.0625}
 DistanceC: 19.924574597790425
Relative Position: LorenzVec{x=6.483024241582781, y=4.0, z=19.924574597790425}
 }
03:45:46 `Enderman`9942 missed {
 is already Found: false).
 Position: LorenzVec{x=1.5, y=100.0, z=57.5}
 DistanceC: 15.000946658291902
Relative Position: LorenzVec{x=-3.1610109791176555, y=0.0, z=15.000946658291902}
 }
03:46:16 `§bSam `654 missed {
 is already Found: false).
 Position: LorenzVec{x=6.5, y=99.0, z=20.5}
 DistanceC: 16.98008030326127
Relative Position: LorenzVec{x=16.98008030326127, y=-1.0, z=2.612664284767874}
 }
