06:53:30 `1d962blf72`246 missed {
 is already Found: false).
 Position: LorenzVec{x=-24.5, y=71.0, z=-58.5}
 DistanceC: 21.809477446630183
Relative Position: LorenzVec{x=-21.809477446630183, y=1.0, z=12.966077159814532}
 }
06:56:23 `745d22b6b8`260 missed {
 is already Found: false).
 Position: LorenzVec{x=51.5, y=71.0, z=-136.5}
 DistanceC: 11.706494352206846
Relative Position: LorenzVec{x=-1.8604622773769677, y=-0.03584062504455687, z=11.706494352206846}
 }
06:56:27 `Villager`357 missed {
 is already Found: false).
 Position: LorenzVec{x=28.0, y=70.0, z=-116.0}
 DistanceC: 22.622038895832418
Relative Position: LorenzVec{x=8.860262247630128, y=0.0, z=-22.622038895832418}
 }
06:56:32 `6xx69v2g2c`20045 missed {
 is already Found: false).
 Position: LorenzVec{x=2.5, y=70.0, z=-75.5}
 DistanceC: 14.125103890260059
Relative Position: LorenzVec{x=14.125103890260059, y=0.0, z=4.735673951381301}
 }
06:56:32 `lk04437vcr`344 missed {
 is already Found: false).
 Position: LorenzVec{x=-10.0, y=70.0, z=-67.0}
 DistanceC: 13.235673951381301
Relative Position: LorenzVec{x=1.6251038902600587, y=0.0, z=13.235673951381301}
 }
06:56:33 `Villager`347 missed {
 is already Found: false).
 Position: LorenzVec{x=-7.5, y=70.0, z=-75.5}
 DistanceC: 4.735673951381301
Relative Position: LorenzVec{x=4.125103890260059, y=0.0, z=4.735673951381301}
 }
06:56:33 `lfbxehsa4q`20044 missed {
 is already Found: false).
 Position: LorenzVec{x=7.0, y=70.0, z=-85.0}
 DistanceC: 18.625103890260057
Relative Position: LorenzVec{x=18.625103890260057, y=0.0, z=-4.764326048618699}
 }
06:56:34 `1d962blf72`246 missed {
 is already Found: false).
 Position: LorenzVec{x=-24.5, y=71.0, z=-58.5}
 DistanceC: 21.7356739513813
Relative Position: LorenzVec{x=-12.874896109739941, y=1.0, z=21.7356739513813}
 }
06:56:35 `9dh486n2nh`524 missed {
 is already Found: false).
 Position: LorenzVec{x=-32.5, y=71.0, z=-76.5}
 DistanceC: 20.874896109739943
Relative Position: LorenzVec{x=-20.874896109739943, y=1.0, z=3.735673951381301}
 }
06:56:35 `Villager`355 missed {
 is already Found: false).
 Position: LorenzVec{x=-16.5, y=70.0, z=-81.5}
 DistanceC: 4.874896109739941
Relative Position: LorenzVec{x=-4.874896109739941, y=0.0, z=-1.264326048618699}
 }
06:56:35 `m328s9b057`416 missed {
 is already Found: false).
 Position: LorenzVec{x=-31.0, y=73.0, z=-85.5}
 DistanceC: 19.374896109739943
Relative Position: LorenzVec{x=-19.374896109739943, y=3.0, z=-5.264326048618699}
 }
06:56:36 `c5c15p7r54`516 missed {
 is already Found: false).
 Position: LorenzVec{x=-29.5, y=57.0, z=-90.5}
 DistanceC: 17.874896109739943
Relative Position: LorenzVec{x=-17.874896109739943, y=-13.0, z=-10.264326048618699}
 }
06:56:36 `9uy8sm23g8`20046 missed {
 is already Found: false).
 Position: LorenzVec{x=-7.5, y=70.0, z=-92.5}
 DistanceC: 12.264326048618699
Relative Position: LorenzVec{x=4.125103890260059, y=0.0, z=-12.264326048618699}
 }
06:56:36 `Villager`351 missed {
 is already Found: false).
 Position: LorenzVec{x=-25.6875, y=68.0, z=-103.09375}
 DistanceC: 22.8580760486187
Relative Position: LorenzVec{x=-14.062396109739941, y=-2.0, z=-22.8580760486187}
 }
06:56:36 `Villager`365 missed {
 is already Found: false).
 Position: LorenzVec{x=-11.3125, y=70.0, z=-95.6875}
 DistanceC: 15.451826048618699
Relative Position: LorenzVec{x=0.31260389026005875, y=0.0, z=-15.451826048618699}
 }
06:56:36 `s8qk735r36`18 missed {
 is already Found: false).
 Position: LorenzVec{x=-3.5, y=72.0, z=-101.5}
 DistanceC: 21.2643260486187
Relative Position: LorenzVec{x=8.125103890260059, y=2.0, z=-21.2643260486187}
 }
06:56:36 `v33fs41518`418 missed {
 is already Found: false).
 Position: LorenzVec{x=-31.0, y=73.0, z=-95.5}
 DistanceC: 19.374896109739943
Relative Position: LorenzVec{x=-19.374896109739943, y=3.0, z=-15.264326048618699}
 }
06:56:36 `9z43bykg43`523 missed {
 is already Found: false).
 Position: LorenzVec{x=-6.5, y=55.0, z=-95.5}
 DistanceC: 15.264326048618699
Relative Position: LorenzVec{x=5.125103890260059, y=-15.0, z=-15.264326048618699}
 }
07:01:52 `3k2251o9tt`492 missed {
 is already Found: false).
 Position: LorenzVec{x=15.5, y=70.0, z=-71.8125}
 DistanceC: 9.737023696453733
Relative Position: LorenzVec{x=-6.492888471517929, y=0.0, z=9.737023696453733}
 }
07:01:53 `8igo684j84`491 missed {
 is already Found: false).
 Position: LorenzVec{x=23.0, y=77.0, z=-69.5}
 DistanceC: 21.71740607446641
Relative Position: LorenzVec{x=-21.71740607446641, y=9.0, z=11.065463612552435}
 }
07:01:53 `d9ey41l210`490 missed {
 is already Found: false).
 Position: LorenzVec{x=23.0, y=71.0, z=-69.0}
 DistanceC: 22.50397710284591
Relative Position: LorenzVec{x=-22.50397710284591, y=3.0, z=12.341627128426026}
 }
07:01:56 `u4fts1372v`327 missed {
 is already Found: false).
 Position: LorenzVec{x=31.5, y=70.0, z=-94.5}
 DistanceC: 9.978810352750155
Relative Position: LorenzVec{x=9.978810352750155, y=0.0, z=3.0173804818512906}
 }
07:01:57 `qd82lm2213`325 missed {
 is already Found: false).
 Position: LorenzVec{x=34.5, y=71.0, z=-96.5}
 DistanceC: 13.887427050831484
Relative Position: LorenzVec{x=13.887427050831484, y=1.0, z=-2.1999167010909275}
 }
07:01:57 `uvd7910u29`326 missed {
 is already Found: false).
 Position: LorenzVec{x=31.5, y=71.0, z=-101.5}
 DistanceC: 10.887427050831484
Relative Position: LorenzVec{x=10.887427050831484, y=1.0, z=-7.1999167010909275}
 }
07:01:57 `7965eatugs`324 missed {
 is already Found: false).
 Position: LorenzVec{x=39.5, y=71.0, z=-100.5}
 DistanceC: 21.569805445110518
Relative Position: LorenzVec{x=21.569805445110518, y=1.0, z=-11.097457520473839}
 }
07:01:57 `Villager`359 missed {
 is already Found: false).
 Position: LorenzVec{x=17.5, y=70.0, z=-99.0}
 DistanceC: 19.872553587733123
Relative Position: LorenzVec{x=6.411406838840309, y=0.0, z=-19.872553587733123}
 }
07:02:12 `Creeper`471936 missed {
 is already Found: false).
 Position: LorenzVec{x=-1.5, y=99.0, z=-37.0}
 DistanceC: 20.69213407960961
Relative Position: LorenzVec{x=-0.7835842763881133, y=-2.0, z=-20.69213407960961}
 }
07:02:21 `Creeper`468265 missed {
 is already Found: false).
 Position: LorenzVec{x=-1.5, y=99.0, z=-37.0}
 DistanceC: 20.69213407960961
Relative Position: LorenzVec{x=-0.7835842763881133, y=-2.0, z=-20.69213407960961}
 }
07:02:25 `Creeper`468266 missed {
 is already Found: false).
 Position: LorenzVec{x=0.28125, y=99.0, z=-36.875}
 DistanceC: 20.56713407960961
Relative Position: LorenzVec{x=0.9976657236118867, y=-2.0, z=-20.56713407960961}
 }
07:03:05 `Creeper`492881 missed {
 is already Found: false).
 Position: LorenzVec{x=-1.5, y=99.0, z=-36.5}
 DistanceC: 20.19213407960961
Relative Position: LorenzVec{x=-0.7835842763881133, y=-2.0, z=-20.19213407960961}
 }
07:03:59 `Creeper`514149 missed {
 is already Found: false).
 Position: LorenzVec{x=-0.5, y=99.0, z=-36.5}
 DistanceC: 20.19213407960961
Relative Position: LorenzVec{x=0.21641572361188666, y=-2.0, z=-20.19213407960961}
 }
07:04:25 `Creeper`527586 missed {
 is already Found: false).
 Position: LorenzVec{x=-0.96875, y=99.0, z=-36.59375}
 DistanceC: 20.28588407960961
Relative Position: LorenzVec{x=-0.25233427638811334, y=-2.0, z=-20.28588407960961}
 }
07:52:07 `Enderman`1868851 missed {
 is already Found: false).
 Position: LorenzVec{x=-0.5, y=100.0, z=55.5}
 DistanceC: 17.306674634229374
Relative Position: LorenzVec{x=-12.308376171780916, y=0.0, z=17.306674634229374}
 }
07:52:07 `Cow`1869101 missed {
 is already Found: false).
 Position: LorenzVec{x=-2.5, y=104.0, z=55.5}
 DistanceC: 17.306674634229374
Relative Position: LorenzVec{x=-14.308376171780916, y=4.0, z=17.306674634229374}
 }
07:52:09 `Enderman`1870712 missed {
 is already Found: false).
 Position: LorenzVec{x=0.5, y=100.0, z=53.5}
 DistanceC: 15.306674634229374
Relative Position: LorenzVec{x=-11.308376171780916, y=0.0, z=15.306674634229374}
 }
07:52:12 `Rabbit`1872846 missed {
 is already Found: false).
 Position: LorenzVec{x=2.5, y=104.0, z=55.5}
 DistanceC: 17.306674634229374
Relative Position: LorenzVec{x=-9.308376171780916, y=4.0, z=17.306674634229374}
 }
07:52:58 `Scion `1424035 missed {
 is already Found: false).
 Position: LorenzVec{x=2.65625, y=99.0, z=-46.125}
 DistanceC: 15.27551505660331
Relative Position: LorenzVec{x=3.2790976818831385, y=-2.0, z=-15.27551505660331}
 }
07:52:58 `Scion `1536175 missed {
 is already Found: false).
 Position: LorenzVec{x=-11.9375, y=74.0, z=-46.90625}
 DistanceC: 16.05676505660331
Relative Position: LorenzVec{x=-11.314652318116861, y=-27.0, z=-16.05676505660331}
 }
07:52:58 `Scion `1645643 missed {
 is already Found: false).
 Position: LorenzVec{x=5.03125, y=99.0, z=-48.09375}
 DistanceC: 17.24426505660331
Relative Position: LorenzVec{x=5.6540976818831385, y=-2.0, z=-17.24426505660331}
 }
07:52:58 `Scion `1784965 missed {
 is already Found: false).
 Position: LorenzVec{x=5.0, y=99.0, z=-48.09375}
 DistanceC: 17.24426505660331
Relative Position: LorenzVec{x=5.6228476818831385, y=-2.0, z=-17.24426505660331}
 }
07:52:58 `Scion `630645 missed {
 is already Found: false).
 Position: LorenzVec{x=-12.5, y=74.96875, z=-48.6875}
 DistanceC: 17.83801505660331
Relative Position: LorenzVec{x=-11.877152318116861, y=-26.03125, z=-17.83801505660331}
 }
07:52:58 `Scion `670784 missed {
 is already Found: false).
 Position: LorenzVec{x=-3.5, y=74.5, z=-48.6875}
 DistanceC: 17.83801505660331
Relative Position: LorenzVec{x=-2.8771523181168615, y=-26.5, z=-17.83801505660331}
 }
07:52:58 `Scion `1054200 missed {
 is already Found: false).
 Position: LorenzVec{x=-14.5, y=74.5, z=-48.6875}
 DistanceC: 17.83801505660331
Relative Position: LorenzVec{x=-13.877152318116861, y=-26.5, z=-17.83801505660331}
 }
07:53:47 `Scion `767657 missed {
 is already Found: false).
 Position: LorenzVec{x=21.125, y=74.0, z=-47.5}
 DistanceC: 21.747847681883137
Relative Position: LorenzVec{x=21.747847681883137, y=-27.0, z=-16.65051505660331}
 }
07:54:21 `Scion `1975447 missed {
 is already Found: false).
 Position: LorenzVec{x=5.21875, y=99.0, z=-46.03125}
 DistanceC: 15.18176505660331
Relative Position: LorenzVec{x=5.8415976818831385, y=-2.0, z=-15.18176505660331}
 }
07:58:28 `Scion `2144484 missed {
 is already Found: false).
 Position: LorenzVec{x=-4.5, y=99.0, z=-47.5}
 DistanceC: 16.65051505660331
Relative Position: LorenzVec{x=-3.8771523181168615, y=-2.0, z=-16.65051505660331}
 }
07:58:28 `Scion `2144485 missed {
 is already Found: false).
 Position: LorenzVec{x=3.5, y=99.0, z=-48.5}
 DistanceC: 17.65051505660331
Relative Position: LorenzVec{x=4.1228476818831385, y=-2.0, z=-17.65051505660331}
 }
