15:24:47 `Enderman`1409891 missed {
 is already Found: false).
 Position: LorenzVec{x=-1.5, y=100.0, z=57.25}
 DistanceC: 19.41278656418188
Relative Position: LorenzVec{x=-10.947478646236783, y=0.0, z=19.41278656418188}
 }
15:24:47 `Enderman`1409892 missed {
 is already Found: false).
 Position: LorenzVec{x=1.5, y=100.0, z=55.5}
 DistanceC: 17.66278656418188
Relative Position: LorenzVec{x=-7.9474786462367835, y=0.0, z=17.66278656418188}
 }
15:24:47 `Enderman`1409893 missed {
 is already Found: false).
 Position: LorenzVec{x=1.5, y=100.0, z=55.5}
 DistanceC: 17.66278656418188
Relative Position: LorenzVec{x=-7.9474786462367835, y=0.0, z=17.66278656418188}
 }
15:24:47 `Enderman`1409894 missed {
 is already Found: false).
 Position: LorenzVec{x=1.6875, y=100.0, z=55.34375}
 DistanceC: 17.50653656418188
Relative Position: LorenzVec{x=-7.7599786462367835, y=0.0, z=17.50653656418188}
 }
15:24:47 `Enderman`1409973 missed {
 is already Found: false).
 Position: LorenzVec{x=-2.5, y=100.0, z=55.5}
 DistanceC: 17.66278656418188
Relative Position: LorenzVec{x=-11.947478646236783, y=0.0, z=17.66278656418188}
 }
15:24:47 `Enderman`1409974 missed {
 is already Found: false).
 Position: LorenzVec{x=-1.6145833333333333, y=100.0, z=54.65625}
 DistanceC: 16.81903656418188
Relative Position: LorenzVec{x=-11.062061979570117, y=0.0, z=16.81903656418188}
 }
15:24:47 `Enderman`1409975 missed {
 is already Found: false).
 Position: LorenzVec{x=-2.5, y=100.0, z=55.5}
 DistanceC: 17.66278656418188
Relative Position: LorenzVec{x=-11.947478646236783, y=0.0, z=17.66278656418188}
 }
15:24:47 `Enderman`1409976 missed {
 is already Found: false).
 Position: LorenzVec{x=-2.5, y=100.0, z=55.5}
 DistanceC: 17.66278656418188
Relative Position: LorenzVec{x=-11.947478646236783, y=0.0, z=17.66278656418188}
 }
15:24:47 `Enderman`1410059 missed {
 is already Found: false).
 Position: LorenzVec{x=1.34375, y=100.0, z=54.427083333333336}
 DistanceC: 16.589869897515214
Relative Position: LorenzVec{x=-8.103728646236783, y=0.0, z=16.589869897515214}
 }
15:24:48 `Cow`1411292 missed {
 is already Found: false).
 Position: LorenzVec{x=1.5, y=104.0, z=57.5}
 DistanceC: 19.66278656418188
Relative Position: LorenzVec{x=-7.9474786462367835, y=4.0, z=19.66278656418188}
 }
15:25:19 `Enderman`1415651 missed {
 is already Found: false).
 Position: LorenzVec{x=0.5104166666666666, y=100.0, z=56.239583333333336}
 DistanceC: 17.88779560289158
Relative Position: LorenzVec{x=7.83500781833525, y=-6.091470789652504, z=17.88779560289158}
 }
15:25:57 `Enderman`1442905 missed {
 is already Found: false).
 Position: LorenzVec{x=-2.5, y=100.0, z=52.5}
 DistanceC: 18.256078174316947
Relative Position: LorenzVec{x=-17.071919268698455, y=-0.875, z=18.256078174316947}
 }
15:26:06 `Cow`1443634 missed {
 is already Found: false).
 Position: LorenzVec{x=0.5, y=104.875, z=55.5}
 DistanceC: 15.671406390211658
Relative Position: LorenzVec{x=14.783570923456285, y=4.875, z=15.671406390211658}
 }
15:26:17 `Blaze`1410998 missed {
 is already Found: false).
 Position: LorenzVec{x=32.46875, y=106.0, z=10.0}
 DistanceC: 15.93626957055806
Relative Position: LorenzVec{x=15.93626957055806, y=6.0, z=-10.314609853941345}
 }
15:26:17 `Blaze`1410053 missed {
 is already Found: false).
 Position: LorenzVec{x=32.125, y=106.0, z=5.375}
 DistanceC: 15.59251957055806
Relative Position: LorenzVec{x=15.59251957055806, y=6.0, z=-14.939609853941345}
 }
15:26:18 `Blaze`1409888 missed {
 is already Found: false).
 Position: LorenzVec{x=34.15625, y=106.0, z=10.84375}
 DistanceC: 17.62376957055806
Relative Position: LorenzVec{x=17.62376957055806, y=6.0, z=-9.470859853941345}
 }
15:26:18 `Blaze`1433502 missed {
 is already Found: false).
 Position: LorenzVec{x=34.083333333333336, y=106.0, z=9.5625}
 DistanceC: 17.550852903891396
Relative Position: LorenzVec{x=17.550852903891396, y=6.0, z=-10.752109853941345}
 }
15:26:19 `Blaze`1409887 missed {
 is already Found: false).
 Position: LorenzVec{x=36.15625, y=106.0, z=10.125}
 DistanceC: 19.62376957055806
Relative Position: LorenzVec{x=19.62376957055806, y=6.0, z=-10.189609853941345}
 }
15:26:19 `Ghast`1441374 missed {
 is already Found: false).
 Position: LorenzVec{x=33.5, y=107.0, z=7.5}
 DistanceC: 16.96751957055806
Relative Position: LorenzVec{x=16.96751957055806, y=7.0, z=-12.814609853941345}
 }
15:26:19 `Blaze`1410996 missed {
 is already Found: false).
 Position: LorenzVec{x=33.09375, y=106.0, z=8.59375}
 DistanceC: 16.56126957055806
Relative Position: LorenzVec{x=16.56126957055806, y=6.0, z=-11.720859853941345}
 }
15:26:19 `Blaze`1410157 missed {
 is already Found: false).
 Position: LorenzVec{x=34.46875, y=106.0, z=8.21875}
 DistanceC: 17.93626957055806
Relative Position: LorenzVec{x=17.93626957055806, y=6.0, z=-12.095859853941345}
 }
15:26:19 `Blaze`1437181 missed {
 is already Found: false).
 Position: LorenzVec{x=37.375, y=106.0, z=9.53125}
 DistanceC: 20.84251957055806
Relative Position: LorenzVec{x=20.84251957055806, y=6.0, z=-10.783359853941345}
 }
15:26:19 `Blaze`1410161 missed {
 is already Found: false).
 Position: LorenzVec{x=38.03125, y=106.0, z=8.75}
 DistanceC: 21.49876957055806
Relative Position: LorenzVec{x=21.49876957055806, y=6.0, z=-11.564609853941345}
 }
15:26:19 `Blaze`1431880 missed {
 is already Found: false).
 Position: LorenzVec{x=35.979166666666664, y=106.0, z=5.447916666666667}
 DistanceC: 19.446686237224725
Relative Position: LorenzVec{x=19.446686237224725, y=6.0, z=-14.866693187274677}
 }
15:26:19 `Blaze`1409865 missed {
 is already Found: false).
 Position: LorenzVec{x=35.427083333333336, y=106.0, z=7.333333333333333}
 DistanceC: 18.894602903891396
Relative Position: LorenzVec{x=18.894602903891396, y=6.0, z=-12.981276520608013}
 }
15:26:19 `Blaze`1410054 missed {
 is already Found: false).
 Position: LorenzVec{x=36.35416666666667, y=106.0, z=8.354166666666668}
 DistanceC: 19.821686237224732
Relative Position: LorenzVec{x=19.821686237224732, y=6.0, z=-11.960443187274677}
 }
15:26:19 `Blaze`1410997 missed {
 is already Found: false).
 Position: LorenzVec{x=37.84375, y=106.0, z=10.90625}
 DistanceC: 21.31126957055806
Relative Position: LorenzVec{x=21.31126957055806, y=6.0, z=-9.408359853941345}
 }
15:26:20 `Blaze`1451261 missed {
 is already Found: false).
 Position: LorenzVec{x=37.65625, y=106.0, z=5.34375}
 DistanceC: 21.12376957055806
Relative Position: LorenzVec{x=21.12376957055806, y=6.0, z=-14.970859853941345}
 }
15:26:25 `Blaze`1437180 missed {
 is already Found: false).
 Position: LorenzVec{x=37.291666666666664, y=106.0, z=5.0}
 DistanceC: 20.759186237224725
Relative Position: LorenzVec{x=20.759186237224725, y=6.0, z=-15.314609853941345}
 }
15:26:25 `Blaze`1455443 missed {
 is already Found: false).
 Position: LorenzVec{x=38.53125, y=106.875, z=8.104166666666668}
 DistanceC: 21.99876957055806
Relative Position: LorenzVec{x=21.99876957055806, y=6.875, z=-12.210443187274677}
 }
15:26:28 `Blaze`1410012 missed {
 is already Found: false).
 Position: LorenzVec{x=37.5625, y=106.0, z=4.84375}
 DistanceC: 21.03001957055806
Relative Position: LorenzVec{x=21.03001957055806, y=6.0, z=-15.470859853941345}
 }
15:26:34 `Blaze`1418677 missed {
 is already Found: false).
 Position: LorenzVec{x=38.5, y=106.0, z=6.21875}
 DistanceC: 21.96751957055806
Relative Position: LorenzVec{x=21.96751957055806, y=6.0, z=-14.095859853941345}
 }
15:26:42 `Enderman`1451280 missed {
 is already Found: false).
 Position: LorenzVec{x=-1.4375, y=100.0, z=57.0625}
 DistanceC: 18.46674121692852
Relative Position: LorenzVec{x=4.236930736971389, y=0.0, z=18.46674121692852}
 }
15:26:42 `Rabbit`1451639 missed {
 is already Found: false).
 Position: LorenzVec{x=0.5, y=104.0, z=54.5}
 DistanceC: 15.904241216928519
Relative Position: LorenzVec{x=6.174430736971389, y=4.0, z=15.904241216928519}
 }
15:26:42 `Enderman`1455558 missed {
 is already Found: false).
 Position: LorenzVec{x=0.5, y=100.0, z=55.5}
 DistanceC: 16.90424121692852
Relative Position: LorenzVec{x=6.174430736971389, y=0.0, z=16.90424121692852}
 }
15:26:42 `Cow`1456910 missed {
 is already Found: false).
 Position: LorenzVec{x=-1.5, y=104.0, z=56.78125}
 DistanceC: 18.18549121692852
Relative Position: LorenzVec{x=4.174430736971389, y=4.0, z=18.18549121692852}
 }
15:26:42 `Rabbit`1463285 missed {
 is already Found: false).
 Position: LorenzVec{x=1.5, y=104.0, z=55.5}
 DistanceC: 16.90424121692852
Relative Position: LorenzVec{x=7.174430736971389, y=4.0, z=16.90424121692852}
 }
15:26:42 `Cow`1463328 missed {
 is already Found: false).
 Position: LorenzVec{x=0.5, y=104.875, z=55.5}
 DistanceC: 16.90424121692852
Relative Position: LorenzVec{x=6.174430736971389, y=4.875, z=16.90424121692852}
 }
15:26:52 `Enderman`1468098 missed {
 is already Found: false).
 Position: LorenzVec{x=-1.75, y=100.0, z=54.4375}
 DistanceC: 18.539521910992626
Relative Position: LorenzVec{x=3.2749854378103906, y=0.0, z=18.539521910992626}
 }
15:26:53 `Enderman`1468581 missed {
 is already Found: false).
 Position: LorenzVec{x=0.5, y=100.0, z=57.5}
 DistanceC: 21.602021910992626
Relative Position: LorenzVec{x=5.524985437810391, y=0.0, z=21.602021910992626}
 }
15:29:28 `Zombie`331 missed {
 is already Found: false).
 Position: LorenzVec{x=808.625, y=187.0, z=623.75}
 DistanceC: 11.752630953140283
Relative Position: LorenzVec{x=11.752630953140283, y=143.0, z=-8.826706486501848}
 }
15:32:58 `Bat`18018 missed {
 is already Found: false).
 Position: LorenzVec{x=785.1458333333333, y=66.90625, z=585.4861111111111}
 DistanceC: 17.955534411251392
Relative Position: LorenzVec{x=-17.955534411251392, y=29.90625, z=4.852504615983548}
 }
15:33:13 `Bat`18601 missed {
 is already Found: false).
 Position: LorenzVec{x=796.8541666666666, y=73.15625, z=575.21875}
 DistanceC: 20.961045190283244
Relative Position: LorenzVec{x=-20.961045190283244, y=28.15625, z=2.918749988079071}
 }
15:34:08 `Bat`18597 missed {
 is already Found: false).
 Position: LorenzVec{x=779.6875, y=64.03125, z=598.84375}
 DistanceC: 19.61250001192093
Relative Position: LorenzVec{x=-19.61250001192093, y=2.599726154729268, z=15.391103214640339}
 }
15:34:18 `Bat`19446 missed {
 is already Found: false).
 Position: LorenzVec{x=784.6145833333334, y=68.21875, z=578.0104166666666}
 DistanceC: 17.110184816267633
Relative Position: LorenzVec{x=-17.110184816267633, y=5.21875, z=-5.772671549169445}
 }
15:35:21 `Bat`18190 missed {
 is already Found: false).
 Position: LorenzVec{x=768.46875, y=65.125, z=592.46875}
 DistanceC: 16.690506548409417
Relative Position: LorenzVec{x=-9.511110938797628, y=19.125, z=16.690506548409417}
 }
15:35:28 `Bat`17365 missed {
 is already Found: false).
 Position: LorenzVec{x=768.2395833333333, y=90.375, z=558.7395833333333}
 DistanceC: 16.561868191893154
Relative Position: LorenzVec{x=-12.236902569711788, y=46.375, z=-16.561868191893154}
 }
15:35:58 `Bat`18367 missed {
 is already Found: false).
 Position: LorenzVec{x=771.7291666666667, y=82.57291666666666, z=590.3333333333333}
 DistanceC: 18.094400993657814
Relative Position: LorenzVec{x=-14.374274226236139, y=47.55291665593782, z=18.094400993657814}
 }
15:39:10 `Zombie`331 missed {
 is already Found: false).
 Position: LorenzVec{x=792.53125, y=187.0, z=613.59375}
 DistanceC: 16.62146684204481
Relative Position: LorenzVec{x=16.62146684204481, y=137.0, z=3.26335429474409}
 }
16:40:37 `Zombie`32373 missed {
 is already Found: false).
 Position: LorenzVec{x=777.6354166666667, y=44.90625, z=593.3333333333333}
 DistanceC: 6.924470795811089
Relative Position: LorenzVec{x=3.491960296634943, y=1.90625, z=-6.924470795811089}
 }
17:04:33 `Bat`56811 missed {
 is already Found: false).
 Position: LorenzVec{x=774.4479166666666, y=73.625, z=569.5520833333334}
 DistanceC: 19.982811402865877
Relative Position: LorenzVec{x=-19.982811402865877, y=18.625, z=0.9975594173768059}
 }
17:04:45 `Bat`59549 missed {
 is already Found: false).
 Position: LorenzVec{x=775.40625, y=69.48958333333334, z=590.1458333333333}
 DistanceC: 15.748251471179401
Relative Position: LorenzVec{x=-2.5896262549176754, y=24.489583333333343, z=15.748251471179401}
 }
17:04:48 `Bat`59555 missed {
 is already Found: false).
 Position: LorenzVec{x=770.59375, y=66.25, z=591.0}
 DistanceC: 16.602418137846144
Relative Position: LorenzVec{x=-7.402126254917675, y=21.25, z=16.602418137846144}
 }
17:04:48 `Bat`59547 missed {
 is already Found: false).
 Position: LorenzVec{x=783.8020833333333, y=74.55208333333334, z=594.5208333333333}
 DistanceC: 20.1232514711794
Relative Position: LorenzVec{x=5.806207078415582, y=29.552083333333343, z=20.1232514711794}
 }
17:04:57 `Bat`60082 missed {
 is already Found: false).
 Position: LorenzVec{x=773.2083333333333, y=65.28125, z=592.4791666666667}
 DistanceC: 7.581014826344131
Relative Position: LorenzVec{x=3.129846051830441, y=20.28125, z=7.581014826344131}
 }
17:04:57 `Bat`60084 missed {
 is already Found: false).
 Position: LorenzVec{x=770.7708333333333, y=71.0625, z=584.3541666666667}
 DistanceC: 0.692346051830441
Relative Position: LorenzVec{x=0.692346051830441, y=26.0625, z=-0.5439851736558694}
 }
17:04:57 `Bat`60086 missed {
 is already Found: false).
 Position: LorenzVec{x=777.6354166666667, y=65.20833333333334, z=594.75}
 DistanceC: 9.851848159677388
Relative Position: LorenzVec{x=7.556929385163926, y=20.208333333333343, z=9.851848159677388}
 }
17:04:57 `Bat`60088 missed {
 is already Found: false).
 Position: LorenzVec{x=755.0, y=68.33333333333334, z=594.03125}
 DistanceC: 15.078487281502817
Relative Position: LorenzVec{x=-15.078487281502817, y=23.333333333333343, z=9.133098159677388}
 }
17:04:57 `Bat`60090 missed {
 is already Found: false).
 Position: LorenzVec{x=768.875, y=65.98958333333334, z=593.5208333333333}
 DistanceC: 8.622681493010646
Relative Position: LorenzVec{x=-1.2034872815028166, y=20.989583333333343, z=8.622681493010646}
 }
17:05:02 `Bat`56813 missed {
 is already Found: false).
 Position: LorenzVec{x=755.3854166666667, y=83.84375, z=562.6354166666667}
 DistanceC: 21.33208188644619
Relative Position: LorenzVec{x=-14.459742853569082, y=38.84375, z=-21.33208188644619}
 }
17:05:14 `Bat`60609 missed {
 is already Found: false).
 Position: LorenzVec{x=775.3194444444445, y=65.52430555555556, z=597.2534722222222}
 DistanceC: 6.959753096655618
Relative Position: LorenzVec{x=1.5029179768420136, y=21.524305555555557, z=6.959753096655618}
 }
17:05:14 `Bat`60611 missed {
 is already Found: false).
 Position: LorenzVec{x=774.1076388888888, y=63.607638888888886, z=586.9201388888888}
 DistanceC: 3.3735802366777534
Relative Position: LorenzVec{x=0.29111242128635695, y=19.607638888888886, z=-3.3735802366777534}
 }
17:05:14 `Bat`60613 missed {
 is already Found: false).
 Position: LorenzVec{x=771.5729166666666, y=67.0, z=604.0}
 DistanceC: 13.706280874433446
Relative Position: LorenzVec{x=-2.2436098009358147, y=23.0, z=13.706280874433446}
 }
17:05:14 `Bat`60615 missed {
 is already Found: false).
 Position: LorenzVec{x=771.9097222222222, y=65.61458333333333, z=594.1805555555555}
 DistanceC: 3.886836429988989
Relative Position: LorenzVec{x=-1.9068042453802718, y=21.61458333333333, z=3.886836429988989}
 }
17:05:14 `Bat`60617 missed {
 is already Found: false).
 Position: LorenzVec{x=777.4930555555555, y=64.74305555555556, z=591.8055555555555}
 DistanceC: 3.6765290879530994
Relative Position: LorenzVec{x=3.6765290879530994, y=20.743055555555557, z=1.511836429988989}
 }
17:05:14 `Bat`60619 missed {
 is already Found: false).
 Position: LorenzVec{x=769.9756944444445, y=71.33680555555556, z=597.8333333333334}
 DistanceC: 7.539614207766817
Relative Position: LorenzVec{x=-3.8408320231579864, y=27.336805555555557, z=7.539614207766817}
 }
17:05:35 `Bat`61370 missed {
 is already Found: false).
 Position: LorenzVec{x=775.0, y=65.0625, z=596.6875}
 DistanceC: 2.1875
Relative Position: LorenzVec{x=-0.5, y=19.0625, z=2.1875}
 }
17:05:35 `Bat`61376 missed {
 is already Found: false).
 Position: LorenzVec{x=755.21875, y=68.09375, z=574.09375}
 DistanceC: 20.40625
Relative Position: LorenzVec{x=-20.28125, y=22.09375, z=-20.40625}
 }
17:05:35 `Bat`61378 missed {
 is already Found: false).
 Position: LorenzVec{x=768.0625, y=65.03125, z=591.28125}
 DistanceC: 7.4375
Relative Position: LorenzVec{x=-7.4375, y=19.03125, z=-3.21875}
 }
17:05:40 `Bat`61540 missed {
 is already Found: false).
 Position: LorenzVec{x=754.6875, y=70.23958333333334, z=582.46875}
 DistanceC: 20.85768659604537
Relative Position: LorenzVec{x=-20.85768659604537, y=24.239583333333343, z=-12.361662003672905}
 }
17:05:40 `Bat`61544 missed {
 is already Found: false).
 Position: LorenzVec{x=767.21875, y=71.17708333333334, z=601.9895833333333}
 DistanceC: 8.326436596045369
Relative Position: LorenzVec{x=-8.326436596045369, y=25.177083333333343, z=7.159171329660353}
 }
17:05:40 `Bat`61546 missed {
 is already Found: false).
 Position: LorenzVec{x=768.7395833333333, y=64.05208333333334, z=593.2604166666667}
 DistanceC: 6.805603262712111
Relative Position: LorenzVec{x=-6.805603262712111, y=18.052083333333343, z=-1.5699953370061621}
 }
17:05:40 `Bat`61548 missed {
 is already Found: false).
 Position: LorenzVec{x=770.2418981481482, y=66.48263888888889, z=585.8159722222222}
 DistanceC: 9.014439781450733
Relative Position: LorenzVec{x=-5.303288447897216, y=20.482638888888886, z=-9.014439781450733}
 }
17:05:42 `Bat`61560 missed {
 is already Found: false).
 Position: LorenzVec{x=768.46875, y=66.53125, z=601.71875}
 DistanceC: 7.076436596045369
Relative Position: LorenzVec{x=-7.076436596045369, y=20.53125, z=6.888337996327095}
 }
17:05:42 `Bat`61562 missed {
 is already Found: false).
 Position: LorenzVec{x=772.9375, y=67.5, z=587.75}
 DistanceC: 7.080412003672905
Relative Position: LorenzVec{x=-2.607686596045369, y=21.5, z=-7.080412003672905}
 }
17:05:42 `Bat`61564 missed {
 is already Found: false).
 Position: LorenzVec{x=764.40625, y=71.21875, z=596.5}
 DistanceC: 11.138936596045369
Relative Position: LorenzVec{x=-11.138936596045369, y=25.21875, z=1.6695879963270954}
 }
17:05:42 `Bat`61566 missed {
 is already Found: false).
 Position: LorenzVec{x=769.46875, y=64.0, z=598.78125}
 DistanceC: 6.076436596045369
Relative Position: LorenzVec{x=-6.076436596045369, y=18.0, z=3.9508379963270954}
 }
17:05:42 `Bat`61568 missed {
 is already Found: false).
 Position: LorenzVec{x=770.9375, y=69.0625, z=583.09375}
 DistanceC: 11.736662003672905
Relative Position: LorenzVec{x=-4.607686596045369, y=23.0625, z=-11.736662003672905}
 }
17:05:56 `Bat`61805 missed {
 is already Found: false).
 Position: LorenzVec{x=773.0, y=68.84375, z=590.03125}
 DistanceC: 8.670639632031452
Relative Position: LorenzVec{x=-0.8440967364928156, y=25.84375, z=-8.670639632031452}
 }
17:05:56 `Bat`61811 missed {
 is already Found: false).
 Position: LorenzVec{x=768.15625, y=68.03125, z=603.59375}
 DistanceC: 5.687846736492816
Relative Position: LorenzVec{x=-5.687846736492816, y=25.03125, z=4.8918603679685475}
 }
17:57:32 `n9884ua7ib`42 missed {
 is already Found: false).
 Position: LorenzVec{x=530.5, y=106.0, z=556.5}
 DistanceC: 10.832516616614726
Relative Position: LorenzVec{x=10.832516616614726, y=-11.40739540236494, z=-0.5902467550157553}
 }
17:59:01 `Enderman`6735169 missed {
 is already Found: false).
 Position: LorenzVec{x=-1.75, y=100.0, z=56.25}
 DistanceC: 17.226804801919968
Relative Position: LorenzVec{x=-7.2678386807202155, y=0.0, z=17.226804801919968}
 }
17:59:01 `Enderman`6735330 missed {
 is already Found: false).
 Position: LorenzVec{x=1.2604166666666665, y=100.0, z=54.26041666666667}
 DistanceC: 15.23722146858664
Relative Position: LorenzVec{x=-4.2574220140535495, y=0.0, z=15.23722146858664}
 }
17:59:01 `Enderman`6735409 missed {
 is already Found: false).
 Position: LorenzVec{x=-1.4895833333333335, y=100.0, z=56.44791666666667}
 DistanceC: 17.42472146858664
Relative Position: LorenzVec{x=-7.0074220140535495, y=0.0, z=17.42472146858664}
 }
17:59:09 `Enderman`6742057 missed {
 is already Found: false).
 Position: LorenzVec{x=-0.125, y=100.0, z=55.25}
 DistanceC: 19.215392845983374
Relative Position: LorenzVec{x=-11.11758837011476, y=0.0, z=19.215392845983374}
 }
17:59:11 `Enderman`6742471 missed {
 is already Found: false).
 Position: LorenzVec{x=-1.5, y=100.0, z=54.5}
 DistanceC: 18.465392845983374
Relative Position: LorenzVec{x=-12.49258837011476, y=0.0, z=18.465392845983374}
 }
17:59:11 `Rabbit`6742513 missed {
 is already Found: false).
 Position: LorenzVec{x=-0.5, y=104.875, z=54.5}
 DistanceC: 18.465392845983374
Relative Position: LorenzVec{x=-11.49258837011476, y=4.875, z=18.465392845983374}
 }
17:59:13 `Cow`6742806 missed {
 is already Found: false).
 Position: LorenzVec{x=1.5, y=104.0, z=55.5}
 DistanceC: 19.465392845983374
Relative Position: LorenzVec{x=-9.49258837011476, y=4.0, z=19.465392845983374}
 }
17:59:19 `Chicken`6744228 missed {
 is already Found: false).
 Position: LorenzVec{x=-1.5, y=104.0, z=52.5}
 DistanceC: 16.465392845983374
Relative Position: LorenzVec{x=-12.49258837011476, y=4.0, z=16.465392845983374}
 }
17:59:27 `Cow`6745768 missed {
 is already Found: false).
 Position: LorenzVec{x=-2.5, y=104.0, z=55.5}
 DistanceC: 19.465392845983374
Relative Position: LorenzVec{x=-13.49258837011476, y=4.0, z=19.465392845983374}
 }
17:59:32 `Enderman`6746858 missed {
 is already Found: false).
 Position: LorenzVec{x=-0.15625, y=100.0, z=52.65625}
 DistanceC: 17.593683206012656
Relative Position: LorenzVec{x=-12.414285653454524, y=-4.741574587805147, z=17.593683206012656}
 }
17:59:38 `Blaze`6735313 missed {
 is already Found: false).
 Position: LorenzVec{x=35.625, y=106.0, z=11.5}
 DistanceC: 18.568352416753143
Relative Position: LorenzVec{x=18.568352416753143, y=4.0, z=-15.329726047011444}
 }
17:59:38 `Blaze`6746850 missed {
 is already Found: false).
 Position: LorenzVec{x=35.375, y=106.0, z=11.5}
 DistanceC: 18.318352416753143
Relative Position: LorenzVec{x=18.318352416753143, y=4.0, z=-15.329726047011444}
 }
17:59:38 `Blaze`6737152 missed {
 is already Found: false).
 Position: LorenzVec{x=33.96875, y=106.0, z=9.8125}
 DistanceC: 17.113581306429932
Relative Position: LorenzVec{x=16.844682679175705, y=4.0, z=-17.113581306429932}
 }
17:59:38 `Blaze`6735150 missed {
 is already Found: false).
 Position: LorenzVec{x=36.65625, y=106.0, z=9.5}
 DistanceC: 19.35830143828786
Relative Position: LorenzVec{x=19.35830143828786, y=4.0, z=-17.759079757855577}
 }
17:59:38 `Blaze`6746260 missed {
 is already Found: false).
 Position: LorenzVec{x=37.625, y=106.0, z=8.21875}
 DistanceC: 21.76028196654996
Relative Position: LorenzVec{x=19.67756387508307, y=4.0, z=-21.76028196654996}
 }
17:59:39 `Blaze`6746851 missed {
 is already Found: false).
 Position: LorenzVec{x=38.78125, y=106.875, z=10.90625}
 DistanceC: 21.02563041827278
Relative Position: LorenzVec{x=21.02563041827278, y=4.875, z=-20.323853082873594}
 }
17:59:48 `Blaze`6742051 missed {
 is already Found: false).
 Position: LorenzVec{x=31.708333333333336, y=106.0, z=8.614583333333332}
 DistanceC: 17.428188967316768
Relative Position: LorenzVec{x=15.580149488143892, y=4.0, z=-17.428188967316768}
 }
17:59:48 `Blaze`6735207 missed {
 is already Found: false).
 Position: LorenzVec{x=31.3125, y=106.0, z=5.84375}
 DistanceC: 19.340169442762445
Relative Position: LorenzVec{x=17.21933341354007, y=2.979999989271164, z=-19.340169442762445}
 }
17:59:49 `Blaze`6737717 missed {
 is already Found: false).
 Position: LorenzVec{x=31.3125, y=106.0, z=5.875}
 DistanceC: 19.339939154839914
Relative Position: LorenzVec{x=19.339939154839914, y=-0.13156339921160054, z=-17.925031788223787}
 }
18:00:16 `§bSam `6735541 missed {
 is already Found: false).
 Position: LorenzVec{x=6.5, y=99.0, z=20.5}
 DistanceC: 9.301966829916982
Relative Position: LorenzVec{x=9.301966829916982, y=-1.0, z=4.446471791733263}
 }
18:01:09 `§bSam `6735541 missed {
 is already Found: false).
 Position: LorenzVec{x=6.5, y=99.0, z=20.5}
 DistanceC: 23.341115040791493
Relative Position: LorenzVec{x=17.007249050077306, y=-5.875, z=-23.341115040791493}
 }
18:01:54 `Chicken`6824567 missed {
 is already Found: false).
 Position: LorenzVec{x=-1.5, y=104.0, z=54.5}
 DistanceC: 15.451372686913679
Relative Position: LorenzVec{x=-14.21874165225962, y=4.0, z=15.451372686913679}
 }
18:02:04 `Cow`6833389 missed {
 is already Found: false).
 Position: LorenzVec{x=1.5, y=104.0, z=54.5}
 DistanceC: 15.451372686913679
Relative Position: LorenzVec{x=-11.21874165225962, y=4.0, z=15.451372686913679}
 }
18:02:59 `Chicken`6870466 missed {
 is already Found: false).
 Position: LorenzVec{x=1.5, y=104.0, z=55.5}
 DistanceC: 18.15058748218414
Relative Position: LorenzVec{x=18.15058748218414, y=-0.875, z=12.555958660704405}
 }
18:02:59 `Enderman`6871940 missed {
 is already Found: false).
 Position: LorenzVec{x=-0.84375, y=100.0, z=53.53125}
 DistanceC: 15.80683748218414
Relative Position: LorenzVec{x=15.80683748218414, y=-4.875, z=10.587208660704405}
 }
18:03:02 `Cow`6878845 missed {
 is already Found: false).
 Position: LorenzVec{x=-1.5, y=104.0, z=56.5}
 DistanceC: 15.15058748218414
Relative Position: LorenzVec{x=15.15058748218414, y=-0.875, z=13.555958660704405}
 }
18:03:08 `Rabbit`6883706 missed {
 is already Found: false).
 Position: LorenzVec{x=2.03125, y=104.0625, z=53.59375}
 DistanceC: 18.68183748218414
Relative Position: LorenzVec{x=18.68183748218414, y=-0.8125, z=10.649708660704405}
 }
18:03:11 `Chicken`6885897 missed {
 is already Found: false).
 Position: LorenzVec{x=1.5, y=104.0, z=54.5}
 DistanceC: 18.15058748218414
Relative Position: LorenzVec{x=18.15058748218414, y=-0.875, z=11.555958660704405}
 }
18:03:16 `Cow`6889634 missed {
 is already Found: false).
 Position: LorenzVec{x=0.5, y=104.875, z=53.5}
 DistanceC: 17.15058748218414
Relative Position: LorenzVec{x=17.15058748218414, y=0.0, z=10.555958660704405}
 }
18:03:21 `Enderman`6893239 missed {
 is already Found: false).
 Position: LorenzVec{x=-0.5, y=100.0, z=52.5}
 DistanceC: 16.15058748218414
Relative Position: LorenzVec{x=16.15058748218414, y=-4.875, z=9.555958660704405}
 }
18:03:41 `§bSam `6735541 missed {
 is already Found: false).
 Position: LorenzVec{x=6.5, y=99.0, z=20.5}
 DistanceC: 4.530126781514799
Relative Position: LorenzVec{x=-4.530126781514799, y=-7.676932213130129, z=-3.18944489623032}
 }
18:06:53 `Enderman`7048001 missed {
 is already Found: false).
 Position: LorenzVec{x=0.5, y=100.0, z=57.5}
 DistanceC: 15.238303597476254
Relative Position: LorenzVec{x=-7.099164334768274, y=0.0, z=15.238303597476254}
 }
18:08:01 `Cow`7076420 missed {
 is already Found: false).
 Position: LorenzVec{x=-0.5, y=104.0, z=57.5}
 DistanceC: 19.13783582817132
Relative Position: LorenzVec{x=-9.623093490299768, y=4.0, z=19.13783582817132}
 }
18:08:09 `Rabbit`7078214 missed {
 is already Found: false).
 Position: LorenzVec{x=1.5, y=104.0, z=55.5}
 DistanceC: 17.13783582817132
Relative Position: LorenzVec{x=-7.623093490299768, y=4.0, z=17.13783582817132}
 }
18:08:10 `Enderman`7078360 missed {
 is already Found: false).
 Position: LorenzVec{x=-2.5625, y=100.0, z=54.03125}
 DistanceC: 15.669085828171319
Relative Position: LorenzVec{x=-11.685593490299768, y=0.0, z=15.669085828171319}
 }
18:08:16 `Cow`7079660 missed {
 is already Found: false).
 Position: LorenzVec{x=-1.90625, y=104.0, z=53.53125}
 DistanceC: 15.169085828171319
Relative Position: LorenzVec{x=-11.029343490299768, y=4.0, z=15.169085828171319}
 }
18:08:20 `Chicken`7080595 missed {
 is already Found: false).
 Position: LorenzVec{x=-2.5, y=104.0, z=55.5}
 DistanceC: 17.13783582817132
Relative Position: LorenzVec{x=-11.623093490299768, y=4.0, z=17.13783582817132}
 }
18:09:15 `Rabbit`7092241 missed {
 is already Found: false).
 Position: LorenzVec{x=-0.5, y=104.0, z=55.5}
 DistanceC: 15.21820552892882
Relative Position: LorenzVec{x=-8.40388461422741, y=4.0, z=15.21820552892882}
 }
18:09:17 `Chicken`7092802 missed {
 is already Found: false).
 Position: LorenzVec{x=-1.5, y=104.0, z=55.5}
 DistanceC: 15.21820552892882
Relative Position: LorenzVec{x=-9.40388461422741, y=4.0, z=15.21820552892882}
 }
18:09:27 `Cow`7094762 missed {
 is already Found: false).
 Position: LorenzVec{x=1.5, y=104.0, z=55.5}
 DistanceC: 15.21820552892882
Relative Position: LorenzVec{x=-6.40388461422741, y=4.0, z=15.21820552892882}
 }
18:09:27 `Enderman`7094857 missed {
 is already Found: false).
 Position: LorenzVec{x=1.0, y=100.0, z=56.03125}
 DistanceC: 15.74945552892882
Relative Position: LorenzVec{x=-6.90388461422741, y=0.0, z=15.74945552892882}
 }
18:09:40 `Blaze`7027557 missed {
 is already Found: false).
 Position: LorenzVec{x=31.40625, y=106.0, z=7.34375}
 DistanceC: 15.903098143116313
Relative Position: LorenzVec{x=12.078471901579, y=6.0, z=-15.903098143116313}
 }
18:09:41 `Blaze`7061801 missed {
 is already Found: false).
 Position: LorenzVec{x=39.65625, y=106.0, z=9.25}
 DistanceC: 20.328471901579
Relative Position: LorenzVec{x=20.328471901579, y=6.0, z=-13.996848143116313}
 }
18:09:41 `Blaze`7070221 missed {
 is already Found: false).
 Position: LorenzVec{x=39.25, y=106.0, z=7.25}
 DistanceC: 19.922221901579
Relative Position: LorenzVec{x=19.922221901579, y=6.0, z=-15.996848143116313}
 }
18:09:41 `Blaze`7027558 missed {
 is already Found: false).
 Position: LorenzVec{x=39.25, y=106.0, z=9.71875}
 DistanceC: 19.922221901579
Relative Position: LorenzVec{x=19.922221901579, y=6.0, z=-13.528098143116313}
 }
18:09:41 `Blaze`7061800 missed {
 is already Found: false).
 Position: LorenzVec{x=39.875, y=106.0, z=7.5}
 DistanceC: 20.547221901579
Relative Position: LorenzVec{x=20.547221901579, y=6.0, z=-15.746848143116313}
 }
18:09:41 `Blaze`7047975 missed {
 is already Found: false).
 Position: LorenzVec{x=39.65625, y=106.0, z=9.6875}
 DistanceC: 20.328471901579
Relative Position: LorenzVec{x=20.328471901579, y=6.0, z=-13.559348143116313}
 }
18:09:41 `Blaze`7070418 missed {
 is already Found: false).
 Position: LorenzVec{x=33.57291666666667, y=106.0, z=6.916666666666666}
 DistanceC: 16.330181476449646
Relative Position: LorenzVec{x=14.245138568245672, y=6.0, z=-16.330181476449646}
 }
18:09:41 `Blaze`7070419 missed {
 is already Found: false).
 Position: LorenzVec{x=37.59375, y=106.0, z=5.09375}
 DistanceC: 18.265971901579
Relative Position: LorenzVec{x=18.265971901579, y=6.0, z=-18.153098143116313}
 }
18:09:41 `Blaze`7047560 missed {
 is already Found: false).
 Position: LorenzVec{x=39.58333333333333, y=106.0, z=5.135416666666666}
 DistanceC: 20.25555523491233
Relative Position: LorenzVec{x=20.25555523491233, y=6.0, z=-18.111431476449646}
 }
18:09:41 `Blaze`7061840 missed {
 is already Found: false).
 Position: LorenzVec{x=39.25, y=106.0, z=7.25}
 DistanceC: 19.922221901579
Relative Position: LorenzVec{x=19.922221901579, y=6.0, z=-15.996848143116313}
 }
18:09:41 `Blaze`7047561 missed {
 is already Found: false).
 Position: LorenzVec{x=36.09375, y=106.0, z=4.71875}
 DistanceC: 18.528098143116313
Relative Position: LorenzVec{x=16.765971901579, y=6.0, z=-18.528098143116313}
 }
18:09:42 `Blaze`7085293 missed {
 is already Found: false).
 Position: LorenzVec{x=40.25, y=106.0, z=10.4375}
 DistanceC: 20.922221901579
Relative Position: LorenzVec{x=20.922221901579, y=6.0, z=-12.809348143116313}
 }
18:09:42 `Blaze`7095631 missed {
 is already Found: false).
 Position: LorenzVec{x=40.5, y=106.0, z=10.5}
 DistanceC: 21.172221901579
Relative Position: LorenzVec{x=21.172221901579, y=6.0, z=-12.746848143116313}
 }
18:09:42 `Blaze`7085292 missed {
 is already Found: false).
 Position: LorenzVec{x=35.46875, y=106.0, z=9.9375}
 DistanceC: 16.140971901579
Relative Position: LorenzVec{x=16.140971901579, y=6.0, z=-13.309348143116313}
 }
18:09:42 `Blaze`7075494 missed {
 is already Found: false).
 Position: LorenzVec{x=40.5, y=106.0, z=7.65625}
 DistanceC: 21.172221901579
Relative Position: LorenzVec{x=21.172221901579, y=6.0, z=-15.590598143116313}
 }
18:09:42 `Blaze`7078917 missed {
 is already Found: false).
 Position: LorenzVec{x=40.25, y=106.0, z=9.0}
 DistanceC: 20.922221901579
Relative Position: LorenzVec{x=20.922221901579, y=6.0, z=-14.246848143116313}
 }
18:09:42 `Blaze`7075493 missed {
 is already Found: false).
 Position: LorenzVec{x=39.25, y=106.0, z=7.25}
 DistanceC: 19.922221901579
Relative Position: LorenzVec{x=19.922221901579, y=6.0, z=-15.996848143116313}
 }
18:09:42 `Blaze`7075495 missed {
 is already Found: false).
 Position: LorenzVec{x=37.375, y=106.0, z=7.40625}
 DistanceC: 18.047221901579
Relative Position: LorenzVec{x=18.047221901579, y=6.0, z=-15.840598143116313}
 }
18:09:42 `Blaze`7078358 missed {
 is already Found: false).
 Position: LorenzVec{x=39.5, y=106.0, z=7.6875}
 DistanceC: 20.172221901579
Relative Position: LorenzVec{x=20.172221901579, y=6.0, z=-15.559348143116313}
 }
18:09:42 `Blaze`7085294 missed {
 is already Found: false).
 Position: LorenzVec{x=39.96875, y=106.0, z=7.34375}
 DistanceC: 20.640971901579
Relative Position: LorenzVec{x=20.640971901579, y=6.0, z=-15.903098143116313}
 }
18:09:42 `Blaze`7086519 missed {
 is already Found: false).
 Position: LorenzVec{x=36.46875, y=106.0, z=7.5}
 DistanceC: 17.140971901579
Relative Position: LorenzVec{x=17.140971901579, y=6.0, z=-15.746848143116313}
 }
18:09:42 `Blaze`7095630 missed {
 is already Found: false).
 Position: LorenzVec{x=38.65625, y=106.875, z=7.9375}
 DistanceC: 19.328471901579
Relative Position: LorenzVec{x=19.328471901579, y=6.875, z=-15.309348143116313}
 }
18:09:42 `Blaze`7096605 missed {
 is already Found: false).
 Position: LorenzVec{x=38.5, y=106.875, z=7.5}
 DistanceC: 19.172221901579
Relative Position: LorenzVec{x=19.172221901579, y=6.875, z=-15.746848143116313}
 }
18:09:42 `Blaze`7078916 missed {
 is already Found: false).
 Position: LorenzVec{x=36.4375, y=106.0, z=6.15625}
 DistanceC: 17.109721901579
Relative Position: LorenzVec{x=17.109721901579, y=6.0, z=-17.090598143116313}
 }
18:09:42 `Blaze`7087424 missed {
 is already Found: false).
 Position: LorenzVec{x=40.25, y=106.0, z=6.53125}
 DistanceC: 20.922221901579
Relative Position: LorenzVec{x=20.922221901579, y=6.0, z=-16.715598143116313}
 }
18:09:42 `Blaze`7095651 missed {
 is already Found: false).
 Position: LorenzVec{x=36.5, y=106.0, z=6.5}
 DistanceC: 17.172221901579
Relative Position: LorenzVec{x=17.172221901579, y=6.0, z=-16.746848143116313}
 }
18:09:42 `Blaze`7096604 missed {
 is already Found: false).
 Position: LorenzVec{x=37.0, y=106.0, z=5.21875}
 DistanceC: 18.028098143116313
Relative Position: LorenzVec{x=17.672221901579, y=6.0, z=-18.028098143116313}
 }
18:09:42 `Blaze`7087425 missed {
 is already Found: false).
 Position: LorenzVec{x=37.5, y=106.0, z=4.5}
 DistanceC: 18.746848143116313
Relative Position: LorenzVec{x=18.172221901579, y=6.0, z=-18.746848143116313}
 }
18:09:42 `Blaze`7094844 missed {
 is already Found: false).
 Position: LorenzVec{x=39.65625, y=106.0, z=4.65625}
 DistanceC: 20.328471901579
Relative Position: LorenzVec{x=20.328471901579, y=6.0, z=-18.590598143116313}
 }
18:09:57 `§bSam `6735541 missed {
 is already Found: false).
 Position: LorenzVec{x=6.5, y=99.0, z=20.5}
 DistanceC: 23.042846526608116
Relative Position: LorenzVec{x=5.292949710322161, y=-1.0, z=-23.042846526608116}
 }
18:10:23 `Dinnerbone`31 missed {
 is already Found: false).
 Position: LorenzVec{x=185.375, y=30.0, z=-486.53125}
 DistanceC: 21.92500001192093
Relative Position: LorenzVec{x=-21.92500001192093, y=-13.0, z=15.776585814083205}
 }
18:10:23 `Dinnerbone`32 missed {
 is already Found: false).
 Position: LorenzVec{x=185.375, y=30.0, z=-486.53125}
 DistanceC: 21.92500001192093
Relative Position: LorenzVec{x=-21.92500001192093, y=-13.0, z=15.776585814083205}
 }
18:10:23 `Dinnerbone`33 missed {
 is already Found: false).
 Position: LorenzVec{x=185.375, y=33.0, z=-486.53125}
 DistanceC: 21.92500001192093
Relative Position: LorenzVec{x=-21.92500001192093, y=-10.0, z=15.776585814083205}
 }
18:10:23 `Dinnerbone`34 missed {
 is already Found: false).
 Position: LorenzVec{x=185.375, y=33.0, z=-486.53125}
 DistanceC: 21.92500001192093
Relative Position: LorenzVec{x=-21.92500001192093, y=-10.0, z=15.776585814083205}
 }
18:10:24 `2m45i6qxnt`10 missed {
 is already Found: false).
 Position: LorenzVec{x=206.0, y=43.0, z=-500.0}
 DistanceC: 2.307835814083205
Relative Position: LorenzVec{x=-1.300000011920929, y=0.0, z=2.307835814083205}
 }
18:11:19 `Dinnerbone`36 missed {
 is already Found: false).
 Position: LorenzVec{x=175.5, y=29.0, z=-501.5}
 DistanceC: 12.157999853173862
Relative Position: LorenzVec{x=-6.834590440636362, y=-17.495064620329813, z=-12.157999853173862}
 }
18:11:20 `Dinnerbone`35 missed {
 is already Found: false).
 Position: LorenzVec{x=170.5, y=29.0, z=-501.5}
 DistanceC: 10.467456260556332
Relative Position: LorenzVec{x=-6.831025839397427, y=-15.0, z=-10.467456260556332}
 }
18:11:57 `2m45i6qxnt`10 missed {
 is already Found: false).
 Position: LorenzVec{x=206.0, y=43.0, z=-500.0}
 DistanceC: 18.358779143426062
Relative Position: LorenzVec{x=-18.358779143426062, y=-10.0, z=4.949422037035163}
 }
18:12:20 `Dinnerbone`31 missed {
 is already Found: false).
 Position: LorenzVec{x=185.375, y=30.0, z=-486.53125}
 DistanceC: 18.57943512009092
Relative Position: LorenzVec{x=-14.889422928853008, y=-13.0, z=-18.57943512009092}
 }
18:12:20 `Dinnerbone`32 missed {
 is already Found: false).
 Position: LorenzVec{x=185.375, y=30.0, z=-486.53125}
 DistanceC: 18.57943512009092
Relative Position: LorenzVec{x=-14.889422928853008, y=-13.0, z=-18.57943512009092}
 }
18:12:20 `Dinnerbone`33 missed {
 is already Found: false).
 Position: LorenzVec{x=185.375, y=33.0, z=-486.53125}
 DistanceC: 18.57943512009092
Relative Position: LorenzVec{x=-14.889422928853008, y=-10.0, z=-18.57943512009092}
 }
18:12:20 `Dinnerbone`34 missed {
 is already Found: false).
 Position: LorenzVec{x=185.375, y=33.0, z=-486.53125}
 DistanceC: 18.57943512009092
Relative Position: LorenzVec{x=-14.889422928853008, y=-10.0, z=-18.57943512009092}
 }
18:12:42 `2m45i6qxnt`10 missed {
 is already Found: false).
 Position: LorenzVec{x=206.0, y=43.0, z=-500.0}
 DistanceC: 23.634415459830393
Relative Position: LorenzVec{x=4.287074592470674, y=1.0, z=23.634415459830393}
 }
18:13:14 `2m45i6qxnt`10 missed {
 is already Found: false).
 Position: LorenzVec{x=206.0, y=43.0, z=-500.0}
 DistanceC: 7.0018485921746105
Relative Position: LorenzVec{x=-6.746254004325607, y=-3.6769322131301365, z=7.0018485921746105}
 }
18:13:26 `Dinnerbone`31 missed {
 is already Found: false).
 Position: LorenzVec{x=185.375, y=30.0, z=-486.53125}
 DistanceC: 9.745937087778628
Relative Position: LorenzVec{x=-9.745937087778628, y=-13.0, z=-6.81909656875257}
 }
18:13:26 `Dinnerbone`32 missed {
 is already Found: false).
 Position: LorenzVec{x=185.375, y=30.0, z=-486.53125}
 DistanceC: 9.745937087778628
Relative Position: LorenzVec{x=-9.745937087778628, y=-13.0, z=-6.81909656875257}
 }
18:13:26 `Dinnerbone`33 missed {
 is already Found: false).
 Position: LorenzVec{x=185.375, y=33.0, z=-486.53125}
 DistanceC: 9.745937087778628
Relative Position: LorenzVec{x=-9.745937087778628, y=-10.0, z=-6.81909656875257}
 }
18:13:26 `Dinnerbone`34 missed {
 is already Found: false).
 Position: LorenzVec{x=185.375, y=33.0, z=-486.53125}
 DistanceC: 9.745937087778628
Relative Position: LorenzVec{x=-9.745937087778628, y=-10.0, z=-6.81909656875257}
 }
18:13:46 `2m45i6qxnt`10 missed {
 is already Found: false).
 Position: LorenzVec{x=206.0, y=43.0, z=-500.0}
 DistanceC: 20.463778586393346
Relative Position: LorenzVec{x=17.148237352365697, y=1.0, z=20.463778586393346}
 }
18:14:29 `2m45i6qxnt`10 missed {
 is already Found: false).
 Position: LorenzVec{x=206.0, y=43.0, z=-500.0}
 DistanceC: 5.142192798478959
Relative Position: LorenzVec{x=5.142192798478959, y=0.0, z=-3.837384919903286}
 }
18:14:32 `Dinnerbone`31 missed {
 is already Found: false).
 Position: LorenzVec{x=185.375, y=30.0, z=-486.53125}
 DistanceC: 8.6767205649804
Relative Position: LorenzVec{x=8.6767205649804, y=-14.0, z=-2.627721677638249}
 }
18:14:32 `Dinnerbone`32 missed {
 is already Found: false).
 Position: LorenzVec{x=185.375, y=30.0, z=-486.53125}
 DistanceC: 8.6767205649804
Relative Position: LorenzVec{x=8.6767205649804, y=-14.0, z=-2.627721677638249}
 }
18:14:32 `Dinnerbone`33 missed {
 is already Found: false).
 Position: LorenzVec{x=185.375, y=33.0, z=-486.53125}
 DistanceC: 8.6767205649804
Relative Position: LorenzVec{x=8.6767205649804, y=-11.0, z=-2.627721677638249}
 }
18:14:32 `Dinnerbone`34 missed {
 is already Found: false).
 Position: LorenzVec{x=185.375, y=33.0, z=-486.53125}
 DistanceC: 8.6767205649804
Relative Position: LorenzVec{x=8.6767205649804, y=-11.0, z=-2.627721677638249}
 }
18:14:52 `2m45i6qxnt`10 missed {
 is already Found: false).
 Position: LorenzVec{x=206.0, y=43.0, z=-500.0}
 DistanceC: 22.231699280641124
Relative Position: LorenzVec{x=16.19581804936061, y=1.0, z=22.231699280641124}
 }
18:15:15 `2m45i6qxnt`10 missed {
 is already Found: false).
 Position: LorenzVec{x=206.0, y=43.0, z=-500.0}
 DistanceC: 22.717654081501138
Relative Position: LorenzVec{x=22.717654081501138, y=0.0, z=-19.3922284260928}
 }
18:15:16 `Dinnerbone`31 missed {
 is already Found: false).
 Position: LorenzVec{x=185.375, y=30.0, z=-486.53125}
 DistanceC: 10.684321919745969
Relative Position: LorenzVec{x=-5.777097504609856, y=-13.0, z=-10.684321919745969}
 }
18:15:16 `Dinnerbone`32 missed {
 is already Found: false).
 Position: LorenzVec{x=185.375, y=30.0, z=-486.53125}
 DistanceC: 10.684321919745969
Relative Position: LorenzVec{x=-5.777097504609856, y=-13.0, z=-10.684321919745969}
 }
18:15:16 `Dinnerbone`33 missed {
 is already Found: false).
 Position: LorenzVec{x=185.375, y=33.0, z=-486.53125}
 DistanceC: 10.684321919745969
Relative Position: LorenzVec{x=-5.777097504609856, y=-10.0, z=-10.684321919745969}
 }
18:15:16 `Dinnerbone`34 missed {
 is already Found: false).
 Position: LorenzVec{x=185.375, y=33.0, z=-486.53125}
 DistanceC: 10.684321919745969
Relative Position: LorenzVec{x=-5.777097504609856, y=-10.0, z=-10.684321919745969}
 }
18:15:39 `2m45i6qxnt`10 missed {
 is already Found: false).
 Position: LorenzVec{x=206.0, y=43.0, z=-500.0}
 DistanceC: 13.15616637815819
Relative Position: LorenzVec{x=-13.15616637815819, y=-8.0, z=-12.326288188480362}
 }
18:16:29 `2m45i6qxnt`10 missed {
 is already Found: false).
 Position: LorenzVec{x=206.0, y=43.0, z=-500.0}
 DistanceC: 19.69999998807907
Relative Position: LorenzVec{x=-19.69999998807907, y=-9.0, z=7.733318537215155}
 }
18:16:38 `Dinnerbone`31 missed {
 is already Found: false).
 Position: LorenzVec{x=185.375, y=30.0, z=-486.53125}
 DistanceC: 11.837929608489901
Relative Position: LorenzVec{x=-11.837929608489901, y=-13.0, z=-9.007961652025017}
 }
18:16:38 `Dinnerbone`32 missed {
 is already Found: false).
 Position: LorenzVec{x=185.375, y=30.0, z=-486.53125}
 DistanceC: 11.837929608489901
Relative Position: LorenzVec{x=-11.837929608489901, y=-13.0, z=-9.007961652025017}
 }
18:16:38 `Dinnerbone`33 missed {
 is already Found: false).
 Position: LorenzVec{x=185.375, y=33.0, z=-486.53125}
 DistanceC: 11.837929608489901
Relative Position: LorenzVec{x=-11.837929608489901, y=-10.0, z=-9.007961652025017}
 }
18:16:38 `Dinnerbone`34 missed {
 is already Found: false).
 Position: LorenzVec{x=185.375, y=33.0, z=-486.53125}
 DistanceC: 11.837929608489901
Relative Position: LorenzVec{x=-11.837929608489901, y=-10.0, z=-9.007961652025017}
 }
18:17:03 `2m45i6qxnt`10 missed {
 is already Found: false).
 Position: LorenzVec{x=206.0, y=43.0, z=-500.0}
 DistanceC: 14.171491606105633
Relative Position: LorenzVec{x=3.446938981886319, y=1.0, z=14.171491606105633}
 }
18:17:30 `2m45i6qxnt`10 missed {
 is already Found: false).
 Position: LorenzVec{x=206.0, y=43.0, z=-500.0}
 DistanceC: 9.84767844641766
Relative Position: LorenzVec{x=-9.84767844641766, y=-6.766367993957523, z=-9.453875284084063}
 }
18:18:05 `Dinnerbone`31 missed {
 is already Found: false).
 Position: LorenzVec{x=185.375, y=30.0, z=-486.53125}
 DistanceC: 9.275898282359236
Relative Position: LorenzVec{x=9.275898282359236, y=-14.0, z=-7.1544478412282615}
 }
18:18:05 `Dinnerbone`32 missed {
 is already Found: false).
 Position: LorenzVec{x=185.375, y=30.0, z=-486.53125}
 DistanceC: 9.275898282359236
Relative Position: LorenzVec{x=9.275898282359236, y=-14.0, z=-7.1544478412282615}
 }
18:18:05 `Dinnerbone`33 missed {
 is already Found: false).
 Position: LorenzVec{x=185.375, y=33.0, z=-486.53125}
 DistanceC: 9.275898282359236
Relative Position: LorenzVec{x=9.275898282359236, y=-11.0, z=-7.1544478412282615}
 }
18:18:05 `Dinnerbone`34 missed {
 is already Found: false).
 Position: LorenzVec{x=185.375, y=33.0, z=-486.53125}
 DistanceC: 9.275898282359236
Relative Position: LorenzVec{x=9.275898282359236, y=-11.0, z=-7.1544478412282615}
 }
18:18:11 `2m45i6qxnt`10 missed {
 is already Found: false).
 Position: LorenzVec{x=206.0, y=43.0, z=-500.0}
 DistanceC: 22.220161534364934
Relative Position: LorenzVec{x=4.979045934868651, y=1.0, z=22.220161534364934}
 }
18:18:50 `Dinnerbone`35 missed {
 is already Found: false).
 Position: LorenzVec{x=170.5, y=29.0, z=-501.5}
 DistanceC: 19.63834433603597
Relative Position: LorenzVec{x=-17.04395523329933, y=-14.0625, z=-19.63834433603597}
 }
18:18:50 `Dinnerbone`36 missed {
 is already Found: false).
 Position: LorenzVec{x=175.5, y=29.0, z=-501.5}
 DistanceC: 19.63834433603597
Relative Position: LorenzVec{x=-12.043955233299329, y=-14.0625, z=-19.63834433603597}
 }
18:18:51 `2m45i6qxnt`10 missed {
 is already Found: false).
 Position: LorenzVec{x=206.0, y=43.0, z=-500.0}
 DistanceC: 20.350893788562644
Relative Position: LorenzVec{x=13.914302508272044, y=0.0, z=-20.350893788562644}
 }
18:19:01 `Dinnerbone`31 missed {
 is already Found: false).
 Position: LorenzVec{x=185.375, y=30.0, z=-486.53125}
 DistanceC: 17.737810133913626
Relative Position: LorenzVec{x=14.7240771066202, y=-14.0625, z=-17.737810133913626}
 }
18:19:01 `Dinnerbone`32 missed {
 is already Found: false).
 Position: LorenzVec{x=185.375, y=30.0, z=-486.53125}
 DistanceC: 17.737810133913626
Relative Position: LorenzVec{x=14.7240771066202, y=-14.0625, z=-17.737810133913626}
 }
18:19:01 `Dinnerbone`33 missed {
 is already Found: false).
 Position: LorenzVec{x=185.375, y=33.0, z=-486.53125}
 DistanceC: 17.737810133913626
Relative Position: LorenzVec{x=14.7240771066202, y=-11.0625, z=-17.737810133913626}
 }
18:19:01 `Dinnerbone`34 missed {
 is already Found: false).
 Position: LorenzVec{x=185.375, y=33.0, z=-486.53125}
 DistanceC: 17.737810133913626
Relative Position: LorenzVec{x=14.7240771066202, y=-11.0625, z=-17.737810133913626}
 }
18:19:27 `2m45i6qxnt`10 missed {
 is already Found: false).
 Position: LorenzVec{x=206.0, y=43.0, z=-500.0}
 DistanceC: 20.158336815096504
Relative Position: LorenzVec{x=13.956751022460566, y=0.0, z=-20.158336815096504}
 }
18:19:28 `Dinnerbone`31 missed {
 is already Found: false).
 Position: LorenzVec{x=185.375, y=30.0, z=-486.53125}
 DistanceC: 10.10270458842541
Relative Position: LorenzVec{x=-9.136492301262592, y=-13.0, z=-10.10270458842541}
 }
18:19:28 `Dinnerbone`32 missed {
 is already Found: false).
 Position: LorenzVec{x=185.375, y=30.0, z=-486.53125}
 DistanceC: 10.10270458842541
Relative Position: LorenzVec{x=-9.136492301262592, y=-13.0, z=-10.10270458842541}
 }
18:19:28 `Dinnerbone`33 missed {
 is already Found: false).
 Position: LorenzVec{x=185.375, y=33.0, z=-486.53125}
 DistanceC: 10.10270458842541
Relative Position: LorenzVec{x=-9.136492301262592, y=-10.0, z=-10.10270458842541}
 }
18:19:28 `Dinnerbone`34 missed {
 is already Found: false).
 Position: LorenzVec{x=185.375, y=33.0, z=-486.53125}
 DistanceC: 10.10270458842541
Relative Position: LorenzVec{x=-9.136492301262592, y=-10.0, z=-10.10270458842541}
 }
18:20:11 `2m45i6qxnt`10 missed {
 is already Found: false).
 Position: LorenzVec{x=206.0, y=43.0, z=-500.0}
 DistanceC: 15.700755191088035
Relative Position: LorenzVec{x=-15.700755191088035, y=-11.0, z=0.43631102284467715}
 }
18:23:20 `05d81g75ye`21 missed {
 is already Found: false).
 Position: LorenzVec{x=388.5, y=85.0, z=-372.5}
 DistanceC: 19.7307803366632
Relative Position: LorenzVec{x=14.280785791837104, y=2.0, z=19.7307803366632}
 }
18:24:27 `05d81g75ye`21 missed {
 is already Found: false).
 Position: LorenzVec{x=388.5, y=85.0, z=-372.5}
 DistanceC: 7.273336350477905
Relative Position: LorenzVec{x=1.4796477797034413, y=-4.305438451751215, z=7.273336350477905}
 }
18:26:03 `3kqogbb26z`342 missed {
 is already Found: false).
 Position: LorenzVec{x=51.5, y=79.0, z=-13.5}
 DistanceC: 22.80000001192093
Relative Position: LorenzVec{x=5.205752496792854, y=10.0, z=22.80000001192093}
 }
18:26:40 `rrf2p96tot`331 missed {
 is already Found: false).
 Position: LorenzVec{x=-49.5, y=70.0, z=-67.5}
 DistanceC: 22.159065670181747
Relative Position: LorenzVec{x=-20.7265396736634, y=2.0, z=-22.159065670181747}
 }
18:26:40 `165m3h0cf6`238 missed {
 is already Found: false).
 Position: LorenzVec{x=-51.0, y=72.0, z=-60.5}
 DistanceC: 22.2265396736634
Relative Position: LorenzVec{x=-22.2265396736634, y=4.0, z=-15.159065670181747}
 }
18:26:40 `0jrl9ki093`248 missed {
 is already Found: false).
 Position: LorenzVec{x=-51.0, y=71.0, z=-27.5}
 DistanceC: 22.2265396736634
Relative Position: LorenzVec{x=-22.2265396736634, y=3.0, z=17.840934329818253}
 }
18:26:40 `7452j9j663`250 missed {
 is already Found: false).
 Position: LorenzVec{x=-52.0, y=65.0, z=-29.0}
 DistanceC: 23.2265396736634
Relative Position: LorenzVec{x=-23.2265396736634, y=-3.0, z=16.340934329818253}
 }
18:26:59 `ImEmma841`30235 missed {
 is already Found: false).
 Position: LorenzVec{x=-21.261574074074076, y=71.05787037037037, z=-64.849451303155}
 DistanceC: 19.508516973336754
Relative Position: LorenzVec{x=7.511886252262524, y=3.0578703703703667, z=-19.508516973336754}
 }
18:28:01 `Villager`352 missed {
 is already Found: false).
 Position: LorenzVec{x=-16.5, y=70.0, z=-81.5}
 DistanceC: 17.19999998807907
Relative Position: LorenzVec{x=-17.19999998807907, y=0.0, z=-13.012658589486819}
 }
19:39:40 `Chicken`240 missed {
 is already Found: false).
 Position: LorenzVec{x=71.375, y=105.0, z=30.59375}
 DistanceC: 12.852302973953535
Relative Position: LorenzVec{x=-0.3469863384962082, y=28.268476202412984, z=-12.852302973953535}
 }
19:40:19 `u0p272s688`36 missed {
 is already Found: false).
 Position: LorenzVec{x=49.5, y=81.0, z=50.5}
 DistanceC: 18.44850608322995
Relative Position: LorenzVec{x=-16.7562822956005, y=4.0, z=18.44850608322995}
 }
19:43:12 `Chicken`240 missed {
 is already Found: false).
 Position: LorenzVec{x=68.16666666666666, y=105.0625, z=33.67708333333333}
 DistanceC: 7.514346864347296
Relative Position: LorenzVec{x=7.514346864347296, y=2.7570615482487852, z=4.967119668688003}
 }
19:44:43 `sysec61y4t`112 missed {
 is already Found: false).
 Position: LorenzVec{x=-6.5, y=145.0, z=-18.5}
 DistanceC: 6.651256603036668
Relative Position: LorenzVec{x=6.651256603036668, y=0.0, z=-0.5451052514558654}
 }
19:45:04 `2p6uj1dlr8`128 missed {
 is already Found: false).
 Position: LorenzVec{x=42.5, y=134.5, z=22.5}
 DistanceC: 20.835843904131004
Relative Position: LorenzVec{x=11.613281201889599, y=6.5, z=-20.835843904131004}
 }
19:45:05 `ii14uvq6rv`185 missed {
 is already Found: false).
 Position: LorenzVec{x=53.0625, y=141.5, z=19.5}
 DistanceC: 23.835843904131004
Relative Position: LorenzVec{x=22.1757812018896, y=13.5, z=-23.835843904131004}
 }
19:45:19 `sysec61y4t`112 missed {
 is already Found: false).
 Position: LorenzVec{x=-6.5, y=145.0, z=-18.5}
 DistanceC: 1.216888138420809
Relative Position: LorenzVec{x=-1.216888138420809, y=-1.0, z=0.5482569187269952}
 }
19:47:47 `779rr5i8sq`125 missed {
 is already Found: false).
 Position: LorenzVec{x=-72.5, y=153.0, z=-10.5}
 DistanceC: 18.498585580131408
Relative Position: LorenzVec{x=5.814908040008348, y=10.0, z=-18.498585580131408}
 }
19:50:00 `x238630w13`114 missed {
 is already Found: false).
 Position: LorenzVec{x=88.5, y=198.0, z=-98.5}
 DistanceC: 19.73704388428152
Relative Position: LorenzVec{x=16.239925886844247, y=3.5, z=-19.73704388428152}
 }
19:51:31 `644b103vo8`118 missed {
 is already Found: false).
 Position: LorenzVec{x=77.5, y=199.0, z=-110.5}
 DistanceC: 12.128768762708205
Relative Position: LorenzVec{x=0.9642392254306458, y=1.0, z=-12.128768762708205}
 }
19:51:32 `f00rg1m2fj`110 missed {
 is already Found: false).
 Position: LorenzVec{x=87.5, y=199.0, z=-115.5}
 DistanceC: 23.042304057445875
Relative Position: LorenzVec{x=23.042304057445875, y=-1.0, z=-11.833481976244556}
 }
19:51:32 `x39d4saz56`119 missed {
 is already Found: false).
 Position: LorenzVec{x=88.0, y=199.0, z=-108.0}
 DistanceC: 23.542304057445875
Relative Position: LorenzVec{x=23.542304057445875, y=-1.0, z=-4.333481976244556}
 }
19:51:39 `h4w559ir98`137 missed {
 is already Found: false).
 Position: LorenzVec{x=33.5, y=201.93125, z=-139.5}
 DistanceC: 10.288062747784352
Relative Position: LorenzVec{x=6.6973351437084965, y=-1.0687499999999943, z=-10.288062747784352}
 }
19:51:39 `343g1328z4`5 missed {
 is already Found: false).
 Position: LorenzVec{x=13.5, y=201.0, z=-148.5}
 DistanceC: 19.27363609221362
Relative Position: LorenzVec{x=-13.451797990431135, y=-2.5, z=-19.27363609221362}
 }
19:51:40 `foh56jqc0g`134 missed {
 is already Found: false).
 Position: LorenzVec{x=35.5, y=201.93125, z=-148.5}
 DistanceC: 19.27363609221362
Relative Position: LorenzVec{x=8.49516997476707, y=-1.5687499999999943, z=-19.27363609221362}
 }
19:51:40 `ucvc2493l2`136 missed {
 is already Found: false).
 Position: LorenzVec{x=29.5, y=201.93125, z=-151.5}
 DistanceC: 22.27363609221362
Relative Position: LorenzVec{x=2.4951699747670695, y=-1.5687499999999943, z=-22.27363609221362}
 }
19:51:41 `4r766hpui6`135 missed {
 is already Found: false).
 Position: LorenzVec{x=37.5, y=201.93125, z=-150.5}
 DistanceC: 21.27363609221362
Relative Position: LorenzVec{x=10.49516997476707, y=-1.5687499999999943, z=-21.27363609221362}
 }
19:54:59 `f00rg1m2fj`110 missed {
 is already Found: false).
 Position: LorenzVec{x=87.5, y=199.0, z=-115.5}
 DistanceC: 16.511575984613685
Relative Position: LorenzVec{x=12.50117395794868, y=1.0, z=-16.511575984613685}
 }
19:54:59 `x39d4saz56`119 missed {
 is already Found: false).
 Position: LorenzVec{x=88.0, y=199.0, z=-108.0}
 DistanceC: 13.00117395794868
Relative Position: LorenzVec{x=13.00117395794868, y=1.0, z=-9.011575984613685}
 }
19:54:59 `x238630w13`114 missed {
 is already Found: false).
 Position: LorenzVec{x=88.5, y=198.0, z=-98.5}
 DistanceC: 14.533153551004546
Relative Position: LorenzVec{x=14.533153551004546, y=0.0, z=0.4281715574341405}
 }
19:56:31 `jks3044l72`113 missed {
 is already Found: false).
 Position: LorenzVec{x=84.0, y=224.0, z=-118.0}
 DistanceC: 23.514693528296633
Relative Position: LorenzVec{x=23.514693528296633, y=12.0, z=15.81689146335924}
 }
19:56:35 `4r766hpui6`135 missed {
 is already Found: false).
 Position: LorenzVec{x=37.5, y=201.93125, z=-150.5}
 DistanceC: 19.907902502314112
Relative Position: LorenzVec{x=19.907902502314112, y=-1.0687499999999943, z=-17.44436914877292}
 }
