02:06:36 Trying to load config from config/skyhanni/config.json
02:06:36 load-config-now
02:06:36 Loaded config from file
02:06:36 Trying to load sacks from config/skyhanni/sacks.json
02:06:36 load-sacks-now
02:06:36 Loaded sacks from file
02:06:36 Trying to load friends from config/skyhanni/friends.json
02:06:36 load-friends-now
02:06:36 Loaded friends from file
02:06:36 Trying to load known_features from config/skyhanni/known_features.json
02:06:36 load-known_features-now
02:06:36 Loaded known_features from file
02:06:36 Trying to load jacob_contests from config/skyhanni/jacob_contests.json
02:06:36 load-jacob_contests-now
02:06:36 Loaded jacob_contests from file
02:06:36 Trying to load visual_words from config/skyhanni/visual_words.json
02:06:36 Setting visual_words to be blank as it did not exist. It will be saved once something is written to it
02:06:59 saveConfig: Updated known feature flags
02:06:59 Saving known_features file
02:07:36 saveConfig: auto-save-60s
02:07:36 Saving config file
02:08:36 saveConfig: auto-save-60s
02:08:36 Saving config file
02:09:36 saveConfig: auto-save-60s
02:09:36 Saving config file
02:10:36 saveConfig: auto-save-60s
02:10:36 Saving config file
02:11:36 saveConfig: auto-save-60s
02:11:36 Saving config file
02:12:36 saveConfig: auto-save-60s
02:12:36 Saving config file
02:13:36 saveConfig: auto-save-60s
02:13:36 Saving config file
02:14:36 saveConfig: auto-save-60s
02:14:36 Saving config file
02:15:36 saveConfig: auto-save-60s
02:15:36 Saving config file
02:16:36 saveConfig: auto-save-60s
02:16:36 Saving config file
02:17:36 saveConfig: auto-save-60s
02:17:36 Saving config file
02:18:36 saveConfig: auto-save-60s
02:18:36 Saving config file
02:19:36 saveConfig: auto-save-60s
02:19:36 Saving config file
02:20:36 saveConfig: auto-save-60s
02:20:36 Saving config file
02:21:36 saveConfig: auto-save-60s
02:21:36 Saving config file
02:22:36 saveConfig: auto-save-60s
02:22:36 Saving config file
02:23:36 saveConfig: auto-save-60s
02:23:36 Saving config file
02:24:36 saveConfig: auto-save-60s
02:24:36 Saving config file
02:25:36 saveConfig: auto-save-60s
02:25:36 Saving config file
02:26:36 saveConfig: auto-save-60s
02:26:36 Saving config file
02:27:36 saveConfig: auto-save-60s
02:27:36 Saving config file
02:28:36 saveConfig: auto-save-60s
02:28:36 Saving config file
02:29:36 saveConfig: auto-save-60s
02:29:36 Saving config file
02:30:36 saveConfig: auto-save-60s
02:30:36 Saving config file
02:31:36 saveConfig: auto-save-60s
02:31:36 Saving config file
02:32:36 saveConfig: auto-save-60s
02:32:36 Saving config file
02:33:36 saveConfig: auto-save-60s
02:33:36 Saving config file
02:34:36 saveConfig: auto-save-60s
02:34:36 Saving config file
02:35:36 saveConfig: auto-save-60s
02:35:36 Saving config file
02:36:36 saveConfig: auto-save-60s
02:36:36 Saving config file
02:37:36 saveConfig: auto-save-60s
02:37:36 Saving config file
02:38:36 saveConfig: auto-save-60s
02:38:36 Saving config file
02:39:36 saveConfig: auto-save-60s
02:39:36 Saving config file
02:40:36 saveConfig: auto-save-60s
02:40:36 Saving config file
02:41:36 saveConfig: auto-save-60s
02:41:36 Saving config file
02:42:36 saveConfig: auto-save-60s
02:42:36 Saving config file
02:43:36 saveConfig: auto-save-60s
02:43:36 Saving config file
02:44:36 saveConfig: auto-save-60s
02:44:36 Saving config file
02:45:36 saveConfig: auto-save-60s
02:45:36 Saving config file
02:46:36 saveConfig: auto-save-60s
02:46:36 Saving config file
02:47:36 saveConfig: auto-save-60s
02:47:36 Saving config file
02:48:36 saveConfig: auto-save-60s
02:48:36 Saving config file
02:49:29 saveConfig: saving-data
02:49:29 Saving sacks file
02:49:36 saveConfig: auto-save-60s
02:49:36 Saving config file
02:50:36 saveConfig: auto-save-60s
02:50:36 Saving config file
02:51:36 saveConfig: auto-save-60s
02:51:36 Saving config file
02:52:36 saveConfig: auto-save-60s
02:52:36 Saving config file
02:53:36 saveConfig: auto-save-60s
02:53:36 Saving config file
02:54:36 saveConfig: auto-save-60s
02:54:36 Saving config file
02:55:36 saveConfig: auto-save-60s
02:55:36 Saving config file
02:56:36 saveConfig: auto-save-60s
02:56:36 Saving config file
02:57:36 saveConfig: auto-save-60s
02:57:36 Saving config file
02:58:36 saveConfig: auto-save-60s
02:58:36 Saving config file
02:59:36 saveConfig: auto-save-60s
02:59:36 Saving config file
03:00:36 saveConfig: auto-save-60s
03:00:36 Saving config file
03:01:36 saveConfig: auto-save-60s
03:01:36 Saving config file
03:02:36 saveConfig: auto-save-60s
03:02:36 Saving config file
03:03:36 saveConfig: auto-save-60s
03:03:36 Saving config file
03:04:36 saveConfig: auto-save-60s
03:04:36 Saving config file
03:05:36 saveConfig: auto-save-60s
03:05:36 Saving config file
03:06:36 saveConfig: auto-save-60s
03:06:36 Saving config file
03:07:36 saveConfig: auto-save-60s
03:07:36 Saving config file
03:08:36 saveConfig: auto-save-60s
03:08:36 Saving config file
03:09:36 saveConfig: auto-save-60s
03:09:36 Saving config file
03:10:36 saveConfig: auto-save-60s
03:10:36 Saving config file
03:11:36 saveConfig: auto-save-60s
03:11:36 Saving config file
03:12:36 saveConfig: auto-save-60s
03:12:36 Saving config file
03:13:36 saveConfig: auto-save-60s
03:13:36 Saving config file
03:14:36 saveConfig: auto-save-60s
03:14:36 Saving config file
03:15:36 saveConfig: auto-save-60s
03:15:36 Saving config file
03:16:36 saveConfig: auto-save-60s
03:16:36 Saving config file
03:17:36 saveConfig: auto-save-60s
03:17:36 Saving config file
03:18:36 saveConfig: auto-save-60s
03:18:36 Saving config file
03:19:36 saveConfig: auto-save-60s
03:19:36 Saving config file
03:20:36 saveConfig: auto-save-60s
03:20:36 Saving config file
03:21:36 saveConfig: auto-save-60s
03:21:36 Saving config file
03:22:36 saveConfig: auto-save-60s
03:22:36 Saving config file
03:23:36 saveConfig: auto-save-60s
03:23:36 Saving config file
03:24:36 saveConfig: auto-save-60s
03:24:36 Saving config file
03:25:36 saveConfig: auto-save-60s
03:25:36 Saving config file
03:26:36 saveConfig: auto-save-60s
03:26:36 Saving config file
03:27:36 saveConfig: auto-save-60s
03:27:36 Saving config file
03:28:36 saveConfig: auto-save-60s
03:28:36 Saving config file
03:29:36 saveConfig: auto-save-60s
03:29:36 Saving config file
03:30:36 saveConfig: auto-save-60s
03:30:36 Saving config file
03:31:36 saveConfig: auto-save-60s
03:31:36 Saving config file
03:32:36 saveConfig: auto-save-60s
03:32:36 Saving config file
03:33:36 saveConfig: auto-save-60s
03:33:36 Saving config file
03:34:36 saveConfig: auto-save-60s
03:34:36 Saving config file
03:35:36 saveConfig: auto-save-60s
03:35:36 Saving config file
03:36:36 saveConfig: auto-save-60s
03:36:36 Saving config file
03:37:36 saveConfig: auto-save-60s
03:37:36 Saving config file
03:38:36 saveConfig: auto-save-60s
03:38:36 Saving config file
03:39:36 saveConfig: auto-save-60s
03:39:36 Saving config file
03:40:36 saveConfig: auto-save-60s
03:40:36 Saving config file
03:41:36 saveConfig: auto-save-60s
03:41:36 Saving config file
03:42:36 saveConfig: auto-save-60s
03:42:36 Saving config file
03:43:36 saveConfig: auto-save-60s
03:43:36 Saving config file
03:44:36 saveConfig: auto-save-60s
03:44:36 Saving config file
03:45:36 saveConfig: auto-save-60s
03:45:36 Saving config file
03:46:36 saveConfig: auto-save-60s
03:46:36 Saving config file
03:47:36 saveConfig: auto-save-60s
03:47:36 Saving config file
03:48:36 saveConfig: auto-save-60s
03:48:36 Saving config file
03:49:36 saveConfig: auto-save-60s
03:49:36 Saving config file
03:50:36 saveConfig: auto-save-60s
03:50:36 Saving config file
03:51:36 saveConfig: auto-save-60s
03:51:36 Saving config file
03:52:36 saveConfig: auto-save-60s
03:52:36 Saving config file
03:53:36 saveConfig: auto-save-60s
03:53:36 Saving config file
03:54:36 saveConfig: auto-save-60s
03:54:36 Saving config file
03:55:36 saveConfig: auto-save-60s
03:55:36 Saving config file
03:56:36 saveConfig: auto-save-60s
03:56:36 Saving config file
03:57:36 saveConfig: auto-save-60s
03:57:36 Saving config file
03:58:36 saveConfig: auto-save-60s
03:58:36 Saving config file
03:59:36 saveConfig: auto-save-60s
03:59:36 Saving config file
04:00:36 saveConfig: auto-save-60s
04:00:36 Saving config file
04:01:36 saveConfig: auto-save-60s
04:01:36 Saving config file
04:02:36 saveConfig: auto-save-60s
04:02:36 Saving config file
04:03:36 saveConfig: auto-save-60s
04:03:36 Saving config file
04:04:36 saveConfig: auto-save-60s
04:04:36 Saving config file
04:05:13 saveConfig: saving-data
04:05:13 Saving sacks file
04:05:15 saveConfig: saving-data
04:05:15 Saving sacks file
04:05:36 saveConfig: auto-save-60s
04:05:36 Saving config file
04:06:36 saveConfig: auto-save-60s
04:06:36 Saving config file
04:07:36 saveConfig: auto-save-60s
04:07:36 Saving config file
04:08:36 saveConfig: auto-save-60s
04:08:36 Saving config file
04:09:36 saveConfig: auto-save-60s
04:09:36 Saving config file
04:10:36 saveConfig: auto-save-60s
04:10:36 Saving config file
04:11:36 saveConfig: auto-save-60s
04:11:36 Saving config file
04:12:36 saveConfig: auto-save-60s
04:12:36 Saving config file
04:13:36 saveConfig: auto-save-60s
04:13:36 Saving config file
04:14:36 saveConfig: auto-save-60s
04:14:36 Saving config file
04:15:36 saveConfig: auto-save-60s
04:15:36 Saving config file
04:16:36 saveConfig: auto-save-60s
04:16:36 Saving config file
04:17:36 saveConfig: auto-save-60s
04:17:36 Saving config file
04:18:36 saveConfig: auto-save-60s
04:18:36 Saving config file
04:18:59 saveConfig: saving-data
04:18:59 Saving sacks file
04:19:01 saveConfig: saving-data
04:19:01 Saving sacks file
04:19:36 saveConfig: auto-save-60s
04:19:36 Saving config file
04:20:36 saveConfig: auto-save-60s
04:20:36 Saving config file
04:21:36 saveConfig: auto-save-60s
04:21:36 Saving config file
04:22:36 saveConfig: auto-save-60s
04:22:36 Saving config file
04:23:36 saveConfig: auto-save-60s
04:23:36 Saving config file
04:24:36 saveConfig: auto-save-60s
04:24:36 Saving config file
04:25:36 saveConfig: auto-save-60s
04:25:36 Saving config file
04:26:36 saveConfig: auto-save-60s
04:26:36 Saving config file
04:27:36 saveConfig: auto-save-60s
04:27:36 Saving config file
04:28:36 saveConfig: auto-save-60s
04:28:36 Saving config file
04:29:36 saveConfig: auto-save-60s
04:29:36 Saving config file
04:30:36 saveConfig: auto-save-60s
04:30:36 Saving config file
04:31:36 saveConfig: auto-save-60s
04:31:36 Saving config file
04:32:36 saveConfig: auto-save-60s
04:32:36 Saving config file
04:33:36 saveConfig: auto-save-60s
04:33:36 Saving config file
04:34:36 saveConfig: auto-save-60s
04:34:36 Saving config file
04:35:36 saveConfig: auto-save-60s
04:35:36 Saving config file
04:36:36 saveConfig: auto-save-60s
04:36:36 Saving config file
04:37:36 saveConfig: auto-save-60s
04:37:36 Saving config file
04:38:36 saveConfig: auto-save-60s
04:38:36 Saving config file
04:39:36 saveConfig: auto-save-60s
04:39:36 Saving config file
04:40:36 saveConfig: auto-save-60s
04:40:36 Saving config file
04:41:36 saveConfig: auto-save-60s
04:41:36 Saving config file
04:42:36 saveConfig: auto-save-60s
04:42:36 Saving config file
04:43:36 saveConfig: auto-save-60s
04:43:36 Saving config file
04:44:36 saveConfig: auto-save-60s
04:44:36 Saving config file
04:45:36 saveConfig: auto-save-60s
04:45:36 Saving config file
04:46:36 saveConfig: auto-save-60s
04:46:36 Saving config file
04:47:36 saveConfig: auto-save-60s
04:47:36 Saving config file
04:48:36 saveConfig: auto-save-60s
04:48:36 Saving config file
04:49:36 saveConfig: auto-save-60s
04:49:36 Saving config file
04:49:59 saveConfig: saving-data
04:49:59 Saving sacks file
04:50:36 saveConfig: auto-save-60s
04:50:36 Saving config file
04:51:36 saveConfig: auto-save-60s
04:51:36 Saving config file
04:52:36 saveConfig: auto-save-60s
04:52:36 Saving config file
04:53:36 saveConfig: auto-save-60s
04:53:36 Saving config file
04:54:36 saveConfig: auto-save-60s
04:54:36 Saving config file
04:55:36 saveConfig: auto-save-60s
04:55:36 Saving config file
04:56:06 saveConfig: saving-data
04:56:06 Saving sacks file
04:56:36 saveConfig: auto-save-60s
04:56:36 Saving config file
04:57:36 saveConfig: auto-save-60s
04:57:36 Saving config file
04:58:36 saveConfig: auto-save-60s
04:58:36 Saving config file
04:59:36 saveConfig: auto-save-60s
04:59:36 Saving config file
05:00:36 saveConfig: auto-save-60s
05:00:36 Saving config file
05:01:36 saveConfig: auto-save-60s
05:01:36 Saving config file
05:02:36 saveConfig: auto-save-60s
05:02:36 Saving config file
05:03:36 saveConfig: auto-save-60s
05:03:36 Saving config file
05:04:36 saveConfig: auto-save-60s
05:04:36 Saving config file
05:05:36 saveConfig: auto-save-60s
05:05:36 Saving config file
05:06:36 saveConfig: auto-save-60s
05:06:36 Saving config file
05:07:36 saveConfig: auto-save-60s
05:07:36 Saving config file
05:08:36 saveConfig: auto-save-60s
05:08:36 Saving config file
05:09:36 saveConfig: auto-save-60s
05:09:36 Saving config file
05:10:36 saveConfig: auto-save-60s
05:10:36 Saving config file
05:11:36 saveConfig: auto-save-60s
05:11:36 Saving config file
05:12:36 saveConfig: auto-save-60s
05:12:36 Saving config file
05:13:36 saveConfig: auto-save-60s
05:13:36 Saving config file
05:14:02 saveConfig: saving-data
05:14:02 Saving sacks file
05:14:36 saveConfig: auto-save-60s
05:14:36 Saving config file
05:15:36 saveConfig: auto-save-60s
05:15:36 Saving config file
05:16:36 saveConfig: auto-save-60s
05:16:36 Saving config file
05:17:36 saveConfig: auto-save-60s
05:17:36 Saving config file
05:18:36 saveConfig: auto-save-60s
05:18:36 Saving config file
05:19:36 saveConfig: auto-save-60s
05:19:36 Saving config file
05:20:36 saveConfig: auto-save-60s
05:20:36 Saving config file
05:21:36 saveConfig: auto-save-60s
05:21:36 Saving config file
05:22:36 saveConfig: auto-save-60s
05:22:36 Saving config file
05:23:36 saveConfig: auto-save-60s
05:23:36 Saving config file
05:23:57 saveConfig: saving-data
05:23:57 Saving sacks file
05:24:36 saveConfig: auto-save-60s
05:24:36 Saving config file
05:25:36 saveConfig: auto-save-60s
05:25:36 Saving config file
05:26:36 saveConfig: auto-save-60s
05:26:36 Saving config file
05:27:36 saveConfig: auto-save-60s
05:27:36 Saving config file
05:28:36 saveConfig: auto-save-60s
05:28:36 Saving config file
05:29:36 saveConfig: auto-save-60s
05:29:36 Saving config file
05:30:36 saveConfig: auto-save-60s
05:30:36 Saving config file
05:31:36 saveConfig: auto-save-60s
05:31:36 Saving config file
05:32:36 saveConfig: auto-save-60s
05:32:36 Saving config file
05:33:36 saveConfig: auto-save-60s
05:33:36 Saving config file
05:34:36 saveConfig: auto-save-60s
05:34:36 Saving config file
05:35:36 saveConfig: auto-save-60s
05:35:36 Saving config file
05:36:36 saveConfig: auto-save-60s
05:36:36 Saving config file
05:37:36 saveConfig: auto-save-60s
05:37:36 Saving config file
05:38:36 saveConfig: auto-save-60s
05:38:36 Saving config file
05:39:36 saveConfig: auto-save-60s
05:39:36 Saving config file
05:40:14 saveConfig: saving-data
05:40:14 Saving sacks file
05:40:36 saveConfig: auto-save-60s
05:40:36 Saving config file
05:41:36 saveConfig: auto-save-60s
05:41:36 Saving config file
05:41:51 saveConfig: saving-data
05:41:51 Saving sacks file
05:42:36 saveConfig: auto-save-60s
05:42:36 Saving config file
05:43:36 saveConfig: auto-save-60s
05:43:36 Saving config file
05:44:36 saveConfig: auto-save-60s
05:44:36 Saving config file
05:44:41 saveConfig: saving-data
05:44:41 Saving sacks file
05:45:17 saveConfig: saving-data
05:45:17 Saving sacks file
05:45:36 saveConfig: auto-save-60s
05:45:36 Saving config file
05:46:36 saveConfig: auto-save-60s
05:46:36 Saving config file
05:47:36 saveConfig: auto-save-60s
05:47:36 Saving config file
05:48:36 saveConfig: auto-save-60s
05:48:36 Saving config file
05:49:36 saveConfig: auto-save-60s
05:49:36 Saving config file
05:50:36 saveConfig: auto-save-60s
05:50:36 Saving config file
05:51:36 saveConfig: auto-save-60s
05:51:36 Saving config file
05:52:02 saveConfig: saving-data
05:52:02 Saving sacks file
05:52:36 saveConfig: auto-save-60s
05:52:36 Saving config file
05:53:34 saveConfig: saving-data
05:53:34 Saving sacks file
05:53:36 saveConfig: auto-save-60s
05:53:36 Saving config file
05:54:36 saveConfig: auto-save-60s
05:54:36 Saving config file
05:55:03 saveConfig: saving-data
05:55:03 Saving sacks file
05:55:36 saveConfig: auto-save-60s
05:55:36 Saving config file
05:56:09 saveConfig: saving-data
05:56:09 Saving sacks file
05:56:31 saveConfig: saving-data
05:56:31 Saving sacks file
05:56:36 saveConfig: auto-save-60s
05:56:36 Saving config file
05:57:36 saveConfig: auto-save-60s
05:57:36 Saving config file
05:58:36 saveConfig: auto-save-60s
05:58:36 Saving config file
05:59:36 saveConfig: auto-save-60s
05:59:36 Saving config file
05:59:54 saveConfig: saving-data
05:59:54 Saving sacks file
06:00:36 saveConfig: auto-save-60s
06:00:36 Saving config file
06:01:36 saveConfig: auto-save-60s
06:01:36 Saving config file
06:02:36 saveConfig: auto-save-60s
06:02:36 Saving config file
06:03:36 saveConfig: auto-save-60s
06:03:36 Saving config file
06:04:36 saveConfig: auto-save-60s
06:04:36 Saving config file
06:05:36 saveConfig: auto-save-60s
06:05:36 Saving config file
06:06:36 saveConfig: auto-save-60s
06:06:36 Saving config file
06:07:36 saveConfig: auto-save-60s
06:07:36 Saving config file
06:08:36 saveConfig: auto-save-60s
06:08:36 Saving config file
06:09:36 saveConfig: auto-save-60s
06:09:36 Saving config file
06:10:36 saveConfig: auto-save-60s
06:10:36 Saving config file
06:11:36 saveConfig: auto-save-60s
06:11:36 Saving config file
06:12:36 saveConfig: auto-save-60s
06:12:36 Saving config file
06:13:36 saveConfig: auto-save-60s
06:13:36 Saving config file
06:14:36 saveConfig: auto-save-60s
06:14:36 Saving config file
06:15:36 saveConfig: auto-save-60s
06:15:36 Saving config file
06:16:36 saveConfig: auto-save-60s
06:16:36 Saving config file
06:17:36 saveConfig: auto-save-60s
06:17:36 Saving config file
06:18:36 saveConfig: auto-save-60s
06:18:36 Saving config file
06:19:36 saveConfig: auto-save-60s
06:19:36 Saving config file
06:20:36 saveConfig: auto-save-60s
06:20:36 Saving config file
06:21:36 saveConfig: auto-save-60s
06:21:36 Saving config file
06:22:36 saveConfig: auto-save-60s
06:22:36 Saving config file
06:22:38 saveConfig: shutdown-hook
06:22:38 Saving config file
