04:57:41 §f §r§r§r§f §r§r§r§1 §r§r§r§0 §r§r§r§2 §r§r§r§f §r§r§r§f §r§r§r§2 §r§r§r§0 §r§r§r§4 §r§r§r§3 §r§r§r§9 §r§r§r§2 §r§r§r§0 §r§r§r§0 §r§r§r§3 §r§r§r§9 §r§r§r§2 §r§r§r§0 §r§r§r§0 §r§r§r§3 §r§r§r§9 §r§r§r§2 §r§r§r§0 §r§r§r§0 
04:57:41 
04:57:45 §8 §r§8 §r§1 §r§3 §r§3 §r§7 §r§8 
04:57:47 
04:57:47 
04:57:48  
04:57:48   
04:57:49  
04:57:49   
04:58:39 §8 §r§8 §r§1 §r§3 §r§3 §r§7 §r§8 
04:58:43  
04:58:43   
04:58:43  
04:58:43   
04:59:43  
04:59:43   
05:00:02 §f
05:00:02 §c
05:00:44  
05:00:44   
05:01:44  
05:01:44   
05:02:44  
05:02:44   
05:03:44  
05:03:44   
