12:06:21 `TheAngryEnder`121542 missed {
 is already Found: false).
 Position: LorenzVec{x=-35.3125, y=70.0, z=-76.59375}
 DistanceC: 10.15656623959255
Relative Position: LorenzVec{x=10.15656623959255, y=0.0, z=-9.921972922920077}
 }
12:06:27 `4np9d5vh60`520 missed {
 is already Found: false).
 Position: LorenzVec{x=-6.5, y=55.0, z=-95.5}
 DistanceC: 18.72708103605224
Relative Position: LorenzVec{x=11.050621280867958, y=-15.0, z=-18.72708103605224}
 }
12:06:27 `Villager`358 missed {
 is already Found: false).
 Position: LorenzVec{x=-0.5, y=70.0, z=-54.5}
 DistanceC: 22.27291896394776
Relative Position: LorenzVec{x=17.050621280867958, y=0.0, z=22.27291896394776}
 }
12:07:01 `Villager`241 missed {
 is already Found: false).
 Position: LorenzVec{x=-28.5, y=69.0, z=-125.5}
 DistanceC: 10.653312773907459
Relative Position: LorenzVec{x=-8.14128948929714, y=1.0, z=-10.653312773907459}
 }
12:07:01 `k834uom53h`329 missed {
 is already Found: false).
 Position: LorenzVec{x=-37.5, y=68.0, z=-125.5}
 DistanceC: 17.14128948929714
Relative Position: LorenzVec{x=-17.14128948929714, y=0.0, z=-10.653312773907459}
 }
12:07:01 `09g548ypxr`330 missed {
 is already Found: false).
 Position: LorenzVec{x=-9.0, y=68.0, z=-125.0}
 DistanceC: 11.716357841461296
Relative Position: LorenzVec{x=11.716357841461296, y=0.0, z=-10.755947211622868}
 }
12:07:01 `Villager`350 missed {
 is already Found: false).
 Position: LorenzVec{x=-21.5, y=68.0, z=-124.5}
 DistanceC: 10.770318949490758
Relative Position: LorenzVec{x=-0.27836302519300204, y=0.0, z=-10.770318949490758}
 }
12:07:02 `Villager`247 missed {
 is already Found: false).
 Position: LorenzVec{x=-35.5, y=69.0, z=-112.5}
 DistanceC: 20.213904653262965
Relative Position: LorenzVec{x=-20.213904653262965, y=-0.5, z=-14.693611217914139}
 }
12:07:09 `90y18109wp`73239 missed {
 is already Found: false).
 Position: LorenzVec{x=7.0, y=70.0, z=-85.0}
 DistanceC: 21.620605766078327
Relative Position: LorenzVec{x=21.620605766078327, y=0.0, z=-15.597718600390266}
 }
12:07:10 `Villager`352 missed {
 is already Found: false).
 Position: LorenzVec{x=-16.5, y=70.0, z=-81.5}
 DistanceC: 19.226591220709963
Relative Position: LorenzVec{x=-3.1207954221220824, y=0.0, z=-19.226591220709963}
 }
12:07:33 `TheAngryEnder`121542 missed {
 is already Found: false).
 Position: LorenzVec{x=-11.5, y=70.0, z=-70.53125}
 DistanceC: 16.583721129251884
Relative Position: LorenzVec{x=-16.102122910411683, y=0.0, z=-16.583721129251884}
 }
12:09:09 `Enderman`3341163 missed {
 is already Found: false).
 Position: LorenzVec{x=0.7083333333333333, y=100.0, z=52.82291666666667}
 DistanceC: 16.778766054845008
Relative Position: LorenzVec{x=4.915587777326196, y=0.0, z=16.778766054845008}
 }
12:09:09 `Enderman`3341296 missed {
 is already Found: false).
 Position: LorenzVec{x=1.5, y=100.0, z=54.5}
 DistanceC: 18.455849388178336
Relative Position: LorenzVec{x=5.707254443992863, y=0.0, z=18.455849388178336}
 }
12:09:09 `Enderman`3341297 missed {
 is already Found: false).
 Position: LorenzVec{x=1.25, y=100.0, z=55.08333333333333}
 DistanceC: 19.039182721511665
Relative Position: LorenzVec{x=5.457254443992863, y=0.0, z=19.039182721511665}
 }
12:09:09 `Enderman`3341298 missed {
 is already Found: false).
 Position: LorenzVec{x=1.5, y=100.0, z=54.5}
 DistanceC: 18.455849388178336
Relative Position: LorenzVec{x=5.707254443992863, y=0.0, z=18.455849388178336}
 }
12:09:09 `Enderman`3341299 missed {
 is already Found: false).
 Position: LorenzVec{x=1.59375, y=100.0, z=54.97916666666667}
 DistanceC: 18.935016054845008
Relative Position: LorenzVec{x=5.801004443992863, y=0.0, z=18.935016054845008}
 }
12:09:09 `Enderman`3341300 missed {
 is already Found: false).
 Position: LorenzVec{x=1.3333333333333335, y=100.0, z=56.58333333333333}
 DistanceC: 20.539182721511665
Relative Position: LorenzVec{x=5.540587777326197, y=0.0, z=20.539182721511665}
 }
12:09:12 `Chicken`3342676 missed {
 is already Found: false).
 Position: LorenzVec{x=-0.5, y=104.0, z=53.5}
 DistanceC: 17.455849388178336
Relative Position: LorenzVec{x=3.7072544439928627, y=4.0, z=17.455849388178336}
 }
12:09:12 `Cow`3342664 missed {
 is already Found: false).
 Position: LorenzVec{x=-0.5, y=104.0, z=57.5}
 DistanceC: 21.455849388178336
Relative Position: LorenzVec{x=3.7072544439928627, y=4.0, z=21.455849388178336}
 }
12:09:17 `Enderman`3344795 missed {
 is already Found: false).
 Position: LorenzVec{x=-0.4375, y=100.0, z=54.71875}
 DistanceC: 18.674599388178336
Relative Position: LorenzVec{x=3.7697544439928627, y=0.0, z=18.674599388178336}
 }
12:09:26 `Cow`3348447 missed {
 is already Found: false).
 Position: LorenzVec{x=-0.5, y=104.0, z=55.5}
 DistanceC: 19.455849388178336
Relative Position: LorenzVec{x=3.7072544439928627, y=4.0, z=19.455849388178336}
 }
12:09:29 `Rabbit`3349375 missed {
 is already Found: false).
 Position: LorenzVec{x=1.1145833333333335, y=105.9375, z=53.63541666666667}
 DistanceC: 17.591266054845008
Relative Position: LorenzVec{x=5.321837777326197, y=5.9375, z=17.591266054845008}
 }
12:09:31 `Chicken`3350428 missed {
 is already Found: false).
 Position: LorenzVec{x=1.5, y=104.0, z=51.65625}
 DistanceC: 15.612099388178336
Relative Position: LorenzVec{x=5.707254443992863, y=4.0, z=15.612099388178336}
 }
12:09:37 `Enderman`3353667 missed {
 is already Found: false).
 Position: LorenzVec{x=1.5, y=100.0, z=53.5}
 DistanceC: 19.877188643674387
Relative Position: LorenzVec{x=14.163627567097471, y=0.0, z=19.877188643674387}
 }
12:09:55 `Rabbit`3361234 missed {
 is already Found: false).
 Position: LorenzVec{x=-1.5, y=104.0, z=53.5}
 DistanceC: 16.092463746755605
Relative Position: LorenzVec{x=-16.092463746755605, y=4.0, z=15.747427218056856}
 }
12:10:09 `Cow`3366569 missed {
 is already Found: false).
 Position: LorenzVec{x=-1.5, y=104.0, z=57.5}
 DistanceC: 19.747427218056856
Relative Position: LorenzVec{x=-16.092463746755605, y=4.0, z=19.747427218056856}
 }
12:10:10 `Chicken`3367130 missed {
 is already Found: false).
 Position: LorenzVec{x=-1.5, y=104.0, z=55.5}
 DistanceC: 17.747427218056856
Relative Position: LorenzVec{x=-16.092463746755605, y=4.0, z=17.747427218056856}
 }
12:10:11 `Enderman`3367966 missed {
 is already Found: false).
 Position: LorenzVec{x=1.5, y=100.0, z=53.5}
 DistanceC: 15.747427218056856
Relative Position: LorenzVec{x=-13.092463746755607, y=0.0, z=15.747427218056856}
 }
12:10:13 `Enderman`3368554 missed {
 is already Found: false).
 Position: LorenzVec{x=-1.125, y=100.0, z=54.0}
 DistanceC: 16.247427218056856
Relative Position: LorenzVec{x=-15.717463746755607, y=0.0, z=16.247427218056856}
 }
12:10:19 `Enderman`3370961 missed {
 is already Found: false).
 Position: LorenzVec{x=1.125, y=100.0, z=55.5625}
 DistanceC: 17.809927218056856
Relative Position: LorenzVec{x=-13.467463746755607, y=0.0, z=17.809927218056856}
 }
12:10:21 `Rabbit`3371730 missed {
 is already Found: false).
 Position: LorenzVec{x=0.5, y=104.875, z=53.5}
 DistanceC: 15.747427218056856
Relative Position: LorenzVec{x=-14.092463746755607, y=4.875, z=15.747427218056856}
 }
12:10:23 `Cow`3372541 missed {
 is already Found: false).
 Position: LorenzVec{x=1.5, y=104.0, z=55.5}
 DistanceC: 17.747427218056856
Relative Position: LorenzVec{x=-13.092463746755607, y=4.0, z=17.747427218056856}
 }
12:10:37 `Cow`3378637 missed {
 is already Found: false).
 Position: LorenzVec{x=1.5, y=104.0, z=55.5}
 DistanceC: 17.747427218056856
Relative Position: LorenzVec{x=-13.092463746755607, y=4.0, z=17.747427218056856}
 }
12:10:40 `Enderman`3379879 missed {
 is already Found: false).
 Position: LorenzVec{x=1.21875, y=100.0, z=53.6875}
 DistanceC: 15.934927218056856
Relative Position: LorenzVec{x=-13.373713746755607, y=0.0, z=15.934927218056856}
 }
12:10:45 `Enderman`3381838 missed {
 is already Found: false).
 Position: LorenzVec{x=-2.375, y=100.0, z=55.22916666666667}
 DistanceC: 17.476593884723528
Relative Position: LorenzVec{x=-16.967463746755605, y=0.0, z=17.476593884723528}
 }
12:10:47 `Rabbit`3382536 missed {
 is already Found: false).
 Position: LorenzVec{x=-0.5, y=104.0, z=52.5}
 DistanceC: 15.092463746755607
Relative Position: LorenzVec{x=-15.092463746755607, y=4.0, z=14.747427218056856}
 }
12:10:52 `Cow`3384606 missed {
 is already Found: false).
 Position: LorenzVec{x=-1.0416666666666667, y=104.0, z=55.45833333333333}
 DistanceC: 17.705760551390185
Relative Position: LorenzVec{x=-15.634130413422273, y=4.0, z=17.705760551390185}
 }
12:10:58 `Enderman`3387519 missed {
 is already Found: false).
 Position: LorenzVec{x=-1.625, y=100.0, z=52.0625}
 DistanceC: 16.217463746755605
Relative Position: LorenzVec{x=-16.217463746755605, y=0.0, z=14.309927218056856}
 }
12:11:06 `Cow`3391186 missed {
 is already Found: false).
 Position: LorenzVec{x=1.8125, y=104.0, z=54.09375}
 DistanceC: 16.341177218056856
Relative Position: LorenzVec{x=-12.779963746755607, y=4.0, z=16.341177218056856}
 }
12:11:07 `Chicken`3391973 missed {
 is already Found: false).
 Position: LorenzVec{x=0.5, y=104.0, z=54.5}
 DistanceC: 16.747427218056856
Relative Position: LorenzVec{x=-14.092463746755607, y=4.0, z=16.747427218056856}
 }
12:11:13 `Rabbit`3394231 missed {
 is already Found: false).
 Position: LorenzVec{x=-1.5, y=104.0, z=52.5}
 DistanceC: 16.092463746755605
Relative Position: LorenzVec{x=-16.092463746755605, y=4.0, z=14.747427218056856}
 }
12:11:19 `Enderman`3396274 missed {
 is already Found: false).
 Position: LorenzVec{x=-1.3125, y=100.0, z=54.0625}
 DistanceC: 16.309927218056856
Relative Position: LorenzVec{x=-15.904963746755607, y=0.0, z=16.309927218056856}
 }
12:11:20 `Cow`3396597 missed {
 is already Found: false).
 Position: LorenzVec{x=1.5, y=104.0, z=56.5}
 DistanceC: 18.747427218056856
Relative Position: LorenzVec{x=-13.092463746755607, y=4.0, z=18.747427218056856}
 }
12:11:27 `Chicken`3399346 missed {
 is already Found: false).
 Position: LorenzVec{x=1.5, y=104.0, z=53.5}
 DistanceC: 15.747427218056856
Relative Position: LorenzVec{x=-13.092463746755607, y=4.0, z=15.747427218056856}
 }
12:11:34 `Cow`3402411 missed {
 is already Found: false).
 Position: LorenzVec{x=1.5, y=104.0, z=54.5}
 DistanceC: 16.747427218056856
Relative Position: LorenzVec{x=-13.092463746755607, y=4.0, z=16.747427218056856}
 }
12:11:36 `Enderman`3403101 missed {
 is already Found: false).
 Position: LorenzVec{x=-0.6875, y=100.0, z=54.78125}
 DistanceC: 17.028677218056856
Relative Position: LorenzVec{x=-15.279963746755607, y=0.0, z=17.028677218056856}
 }
12:11:36 `Enderman`3403361 missed {
 is already Found: false).
 Position: LorenzVec{x=1.5, y=100.0, z=57.5}
 DistanceC: 19.747427218056856
Relative Position: LorenzVec{x=-13.092463746755607, y=0.0, z=19.747427218056856}
 }
12:11:39 `Rabbit`3404670 missed {
 is already Found: false).
 Position: LorenzVec{x=-0.5, y=104.0, z=53.5}
 DistanceC: 15.747427218056856
Relative Position: LorenzVec{x=-15.092463746755607, y=4.0, z=15.747427218056856}
 }
12:11:46 `Chicken`3407456 missed {
 is already Found: false).
 Position: LorenzVec{x=1.90625, y=104.25, z=53.59375}
 DistanceC: 15.841177218056856
Relative Position: LorenzVec{x=-12.686213746755607, y=4.25, z=15.841177218056856}
 }
12:11:48 `Cow`3408419 missed {
 is already Found: false).
 Position: LorenzVec{x=-1.5, y=104.0, z=53.5}
 DistanceC: 16.092463746755605
Relative Position: LorenzVec{x=-16.092463746755605, y=4.0, z=15.747427218056856}
 }
12:11:53 `Enderman`3410350 missed {
 is already Found: false).
 Position: LorenzVec{x=-2.0625, y=100.0, z=54.28125}
 DistanceC: 16.654963746755605
Relative Position: LorenzVec{x=-16.654963746755605, y=0.0, z=16.528677218056856}
 }
12:12:03 `Cow`3414429 missed {
 is already Found: false).
 Position: LorenzVec{x=0.5, y=104.0, z=57.5}
 DistanceC: 19.747427218056856
Relative Position: LorenzVec{x=-14.092463746755607, y=4.0, z=19.747427218056856}
 }
12:12:03 `Enderman`3414684 missed {
 is already Found: false).
 Position: LorenzVec{x=-0.5, y=100.0, z=54.375}
 DistanceC: 16.622427218056856
Relative Position: LorenzVec{x=-15.092463746755607, y=0.0, z=16.622427218056856}
 }
12:12:05 `Chicken`3415441 missed {
 is already Found: false).
 Position: LorenzVec{x=-0.5, y=104.0, z=52.5}
 DistanceC: 15.092463746755607
Relative Position: LorenzVec{x=-15.092463746755607, y=4.0, z=14.747427218056856}
 }
12:12:06 `Rabbit`3415632 missed {
 is already Found: false).
 Position: LorenzVec{x=2.5, y=104.0, z=53.5}
 DistanceC: 15.747427218056856
Relative Position: LorenzVec{x=-12.092463746755607, y=4.0, z=15.747427218056856}
 }
12:12:15 `Enderman`3419800 missed {
 is already Found: false).
 Position: LorenzVec{x=-1.0, y=100.0, z=54.75}
 DistanceC: 16.997427218056856
Relative Position: LorenzVec{x=-15.592463746755607, y=0.0, z=16.997427218056856}
 }
12:12:17 `Cow`3420633 missed {
 is already Found: false).
 Position: LorenzVec{x=-1.15625, y=104.0, z=57.71875}
 DistanceC: 19.966177218056856
Relative Position: LorenzVec{x=-15.748713746755607, y=4.0, z=19.966177218056856}
 }
12:12:24 `Chicken`3423916 missed {
 is already Found: false).
 Position: LorenzVec{x=-2.5, y=104.0, z=54.5}
 DistanceC: 17.092463746755605
Relative Position: LorenzVec{x=-17.092463746755605, y=4.0, z=16.747427218056856}
 }
12:12:27 `Enderman`3424965 missed {
 is already Found: false).
 Position: LorenzVec{x=-2.0625, y=100.0, z=52.46875}
 DistanceC: 16.654963746755605
Relative Position: LorenzVec{x=-16.654963746755605, y=0.0, z=14.716177218056856}
 }
12:12:32 `Rabbit`3427150 missed {
 is already Found: false).
 Position: LorenzVec{x=-0.5, y=104.0, z=56.5}
 DistanceC: 18.747427218056856
Relative Position: LorenzVec{x=-15.092463746755607, y=4.0, z=18.747427218056856}
 }
12:12:44 `Chicken`3432476 missed {
 is already Found: false).
 Position: LorenzVec{x=0.5, y=104.875, z=55.5}
 DistanceC: 17.747427218056856
Relative Position: LorenzVec{x=-14.092463746755607, y=4.875, z=17.747427218056856}
 }
12:12:45 `Cow`3433212 missed {
 is already Found: false).
 Position: LorenzVec{x=-1.5, y=104.0, z=53.5}
 DistanceC: 16.092463746755605
Relative Position: LorenzVec{x=-16.092463746755605, y=4.0, z=15.747427218056856}
 }
12:12:53 `Enderman`3436475 missed {
 is already Found: false).
 Position: LorenzVec{x=-0.4375, y=100.0, z=55.96875}
 DistanceC: 18.216177218056856
Relative Position: LorenzVec{x=-15.029963746755607, y=0.0, z=18.216177218056856}
 }
12:12:58 `Rabbit`3438291 missed {
 is already Found: false).
 Position: LorenzVec{x=1.5, y=104.0, z=54.5}
 DistanceC: 16.747427218056856
Relative Position: LorenzVec{x=-13.092463746755607, y=4.0, z=16.747427218056856}
 }
12:12:59 `Enderman`3438591 missed {
 is already Found: false).
 Position: LorenzVec{x=-2.09375, y=100.0, z=54.46875}
 DistanceC: 16.716177218056856
Relative Position: LorenzVec{x=-16.686213746755605, y=0.0, z=16.716177218056856}
 }
12:13:00 `Cow`3438970 missed {
 is already Found: false).
 Position: LorenzVec{x=-1.5, y=104.0, z=57.5}
 DistanceC: 19.747427218056856
Relative Position: LorenzVec{x=-16.092463746755605, y=4.0, z=19.747427218056856}
 }
12:13:01 `Enderman`3439371 missed {
 is already Found: false).
 Position: LorenzVec{x=1.125, y=100.0, z=55.5625}
 DistanceC: 17.809927218056856
Relative Position: LorenzVec{x=-13.467463746755607, y=0.0, z=17.809927218056856}
 }
12:13:03 `Chicken`3440321 missed {
 is already Found: false).
 Position: LorenzVec{x=1.5, y=104.0, z=54.5}
 DistanceC: 16.747427218056856
Relative Position: LorenzVec{x=-13.092463746755607, y=4.0, z=16.747427218056856}
 }
12:13:42 `§bSam `3341660 missed {
 is already Found: false).
 Position: LorenzVec{x=6.5, y=99.0, z=20.5}
 DistanceC: 7.754569998031111
Relative Position: LorenzVec{x=7.754569998031111, y=-1.0, z=5.1285288833060605}
 }
