18:21:37 §f §r§r§r§f §r§r§r§1 §r§r§r§0 §r§r§r§2 §r§r§r§f §r§r§r§f §r§r§r§2 §r§r§r§0 §r§r§r§4 §r§r§r§3 §r§r§r§9 §r§r§r§2 §r§r§r§0 §r§r§r§0 §r§r§r§3 §r§r§r§9 §r§r§r§2 §r§r§r§0 §r§r§r§0 §r§r§r§3 §r§r§r§9 §r§r§r§2 §r§r§r§0 §r§r§r§0 
18:21:37 
18:21:39 §8 §r§8 §r§1 §r§3 §r§3 §r§7 §r§8 
18:21:42 
18:21:42 
18:21:43  
18:21:43   
18:21:43  
18:21:43   
18:22:15  
18:22:15   
18:22:15  
18:22:15   
18:23:16  
18:23:16   
18:23:16  
18:23:16   
18:24:17  
18:24:17   
18:24:17  
18:24:17   
18:25:18  
18:25:18   
18:25:18  
18:25:18   
18:25:22 §8 §r§8 §r§1 §r§3 §r§3 §r§7 §r§8 
18:25:24  
18:25:24   
18:25:24  
18:25:24   
18:25:26  
18:25:26   
18:25:26  
18:25:26   
18:25:54 §8 §r§8 §r§1 §r§3 §r§3 §r§7 §r§8 
18:25:57  
18:25:57   
18:25:57  
18:25:57   
18:25:58  
18:25:58   
18:25:58  
18:25:58   
18:26:58  
18:26:58   
18:26:58  
18:26:58   
18:27:59  
18:27:59   
18:27:59  
18:27:59   
18:28:31 §8 §r§8 §r§1 §r§3 §r§3 §r§7 §r§8 
18:28:34  
18:28:34   
18:28:34  
18:28:34   
18:28:49  
18:28:49   
18:28:49  
18:28:49   
18:29:31 
18:29:49  
18:29:49   
18:29:49  
18:29:49   
18:30:50  
18:30:50   
18:30:50  
18:30:50   
18:31:07 §f                                        
18:31:07 §f                                        
18:31:50  
18:31:50   
18:31:50  
18:31:50   
18:32:50 §8 §r§8 §r§1 §r§3 §r§3 §r§7 §r§8 
18:32:53  
18:32:53   
18:32:53  
18:32:53   
18:33:00  
18:33:00   
18:33:00  
18:33:00   
18:33:01 §8 §r§8 §r§1 §r§3 §r§3 §r§7 §r§8 
18:33:05  
18:33:05   
18:33:05  
18:33:05   
18:33:55  
18:33:55   
18:33:55  
18:33:55   
18:34:56  
18:34:56   
18:34:56  
18:34:56   
18:35:28 §8 §r§8 §r§1 §r§3 §r§3 §r§7 §r§8 
18:35:31  
18:35:31   
18:35:31  
18:35:31   
18:35:37 §8 §r§8 §r§1 §r§3 §r§3 §r§7 §r§8 
18:35:41  
18:35:41   
18:35:41  
18:35:41   
18:35:41  
18:35:41   
18:35:41  
18:35:41   
18:36:42  
18:36:42   
18:36:42  
18:36:42   
18:37:42  
18:37:42   
18:37:42  
18:37:42   
18:38:42  
18:38:42   
18:38:42  
18:38:42   
18:39:42  
18:39:42   
18:39:42  
18:39:42   
18:40:42  
18:40:42   
18:40:42  
18:40:42   
18:41:43  
18:41:43   
18:41:43  
18:41:43   
18:42:43  
18:42:43   
18:42:43  
18:42:43   
18:43:43  
18:43:43   
18:43:43  
18:43:43   
18:44:43  
18:44:43   
18:44:43  
18:44:43   
18:45:43  
18:45:43   
18:45:43  
18:45:43   
18:46:43  
18:46:43   
18:46:43  
18:46:43   
18:47:39 
18:47:39 
18:47:44  
18:47:44   
18:47:44  
18:47:44   
18:48:44  
18:48:44   
18:48:44  
18:48:44   
18:49:44  
18:49:44   
18:49:44  
18:49:44   
18:50:44  
18:50:44   
18:50:44  
18:50:44   
18:51:44  
18:51:44   
18:51:44  
18:51:44   
18:52:44  
18:52:44   
18:52:44  
18:52:44   
18:53:44  
18:53:44   
18:53:44  
18:53:44   
18:54:45  
18:54:45   
18:54:45  
18:54:45   
18:55:45  
18:55:45   
18:55:45  
18:55:45   
18:56:26 §8 §r§8 §r§1 §r§3 §r§3 §r§7 §r§8 
18:56:30  
18:56:30   
18:56:30  
18:56:30   
18:57:04 §8 §r§8 §r§1 §r§3 §r§3 §r§7 §r§8 
18:57:08  
18:57:08   
18:57:08  
18:57:08   
18:57:09 §8 §r§8 §r§1 §r§3 §r§3 §r§7 §r§8 
18:57:13  
18:57:13   
18:57:13  
18:57:13   
18:57:14  
18:57:14   
18:57:14  
18:57:14   
18:57:18 §8 §r§8 §r§1 §r§3 §r§3 §r§7 §r§8 
18:57:21  
18:57:21   
18:57:21  
18:57:21   
18:57:24 §8 §r§8 §r§1 §r§3 §r§3 §r§7 §r§8 
18:57:28  
18:57:28   
18:57:28  
18:57:28   
18:57:59  
18:57:59   
18:57:59  
18:57:59   
18:59:00  
18:59:00   
18:59:00  
18:59:00   
19:00:01  
19:00:01   
19:00:01  
19:00:01   
19:00:05 §f
19:00:05 §c
19:00:45 §f                                        
19:01:01  
19:01:01   
19:01:01  
19:01:01   
19:02:02  
19:02:02   
19:02:02  
19:02:02   
19:03:03  
19:03:03   
19:03:03  
19:03:03   
19:04:03  
19:04:03   
19:04:03  
19:04:03   
19:05:04  
19:05:04   
19:05:04  
19:05:04   
19:06:05  
19:06:05   
19:06:05  
19:06:05   
19:06:35 
19:06:41 
19:07:06  
19:07:06   
19:07:06  
19:07:06   
19:08:06  
19:08:06   
19:08:06  
19:08:06   
19:09:07  
19:09:07   
19:09:07  
19:09:07   
19:10:08  
19:10:08   
19:10:08  
19:10:08   
19:11:08  
19:11:08   
19:11:08  
19:11:08   
19:12:09  
19:12:09   
19:12:09  
19:12:09   
19:13:10  
19:13:10   
19:13:10  
19:13:10   
19:14:10  
19:14:10   
19:14:10  
19:14:10   
19:15:07 
19:15:07 
19:15:11  
19:15:11   
19:15:11  
19:15:11   
19:15:55 
19:16:12  
19:16:12   
19:16:12  
19:16:12   
19:17:12  
19:17:12   
19:17:12  
19:17:12   
19:18:13  
19:18:13   
19:18:13  
19:18:13   
19:19:13  
19:19:13   
19:19:13  
19:19:13   
19:20:14  
19:20:14   
19:20:14  
19:20:14   
19:20:46 §f                                        
19:21:15  
19:21:15   
19:21:15  
19:21:15   
19:22:15  
19:22:15   
19:22:15  
19:22:15   
19:23:16  
19:23:16   
19:23:16  
19:23:16   
19:24:16  
19:24:16   
19:24:16  
19:24:16   
19:25:17  
19:25:17   
19:25:17  
19:25:17   
19:26:17  
19:26:17   
19:26:17  
19:26:17   
19:27:18  
19:27:18   
19:27:18  
19:27:18   
19:28:19  
19:28:19   
19:28:19  
19:28:19   
19:29:19  
19:29:19   
19:29:19  
19:29:19   
19:30:20  
19:30:20   
19:30:20  
19:30:20   
19:31:21  
19:31:21   
19:31:21  
19:31:21   
19:32:22  
19:32:22   
19:32:22  
19:32:22   
19:33:23  
19:33:23   
19:33:23  
19:33:23   
19:34:23  
19:34:23   
19:34:23  
19:34:23   
19:35:24  
19:35:24   
19:35:24  
19:35:24   
19:35:57 
19:36:26  
19:36:26   
19:36:26  
19:36:26   
19:37:22 
19:37:22 
19:37:26  
19:37:26   
19:37:26  
19:37:26   
19:38:27  
19:38:27   
19:38:27  
19:38:27   
19:39:27  
19:39:27   
19:39:27  
19:39:27   
19:40:28  
19:40:28   
19:40:28  
19:40:28   
19:40:48 §f                                        
19:41:29  
19:41:29   
19:41:29  
19:41:29   
19:42:29  
19:42:29   
19:42:29  
19:42:29   
19:43:30  
19:43:30   
19:43:30  
19:43:30   
19:44:31  
19:44:31   
19:44:31  
19:44:31   
19:45:31  
19:45:31   
19:45:31  
19:45:31   
19:46:32  
19:46:32   
19:46:32  
19:46:32   
19:47:33  
19:47:33   
19:47:33  
19:47:33   
19:47:59 §8 §r§8 §r§1 §r§3 §r§3 §r§7 §r§8 
19:48:03  
19:48:03   
19:48:03  
19:48:03   
19:48:03  
19:48:03   
19:48:03  
19:48:03   
19:49:04  
19:49:04   
19:49:04  
19:49:04   
19:50:04  
19:50:04   
19:50:04  
19:50:04   
19:51:04  
19:51:04   
19:51:04  
19:51:04   
19:52:05  
19:52:05   
19:52:05  
19:52:05   
19:52:21 
19:53:05  
19:53:05   
19:53:05  
19:53:05   
19:54:06  
19:54:06   
19:54:06  
19:54:06   
19:54:42 §8 §r§8 §r§1 §r§3 §r§3 §r§7 §r§8 
19:54:45  
19:54:45   
19:54:45  
19:54:45   
19:54:49  
19:54:49   
19:54:49  
19:54:49   
19:55:50  
19:55:50   
19:55:50  
19:55:50   
21:05:07 §f §r§r§r§f §r§r§r§1 §r§r§r§0 §r§r§r§2 §r§r§r§f §r§r§r§f §r§r§r§2 §r§r§r§0 §r§r§r§4 §r§r§r§3 §r§r§r§9 §r§r§r§2 §r§r§r§0 §r§r§r§0 §r§r§r§3 §r§r§r§9 §r§r§r§2 §r§r§r§0 §r§r§r§0 §r§r§r§3 §r§r§r§9 §r§r§r§2 §r§r§r§0 §r§r§r§0 
21:05:07 
21:05:10 §8 §r§8 §r§1 §r§3 §r§3 §r§7 §r§8 
21:05:12 
21:05:12 
21:05:13  
21:05:13   
21:05:13  
21:05:13   
21:05:31  
21:05:31   
21:05:31  
21:05:31   
21:06:31  
21:06:31   
21:06:31  
21:06:31   
21:07:32  
21:07:32   
21:07:32  
21:07:32   
21:08:28 
21:08:32  
21:08:32   
21:08:32  
21:08:32   
21:09:33  
21:09:33   
21:09:33  
21:09:33   
21:10:17 §f                                        
21:10:17 §f                                        
21:10:34  
21:10:34   
21:10:34  
21:10:34   
21:11:34  
21:11:34   
21:11:34  
21:11:34   
21:12:34  
21:12:34   
21:12:34  
21:12:34   
21:13:35  
21:13:35   
21:13:35  
21:13:35   
21:14:36  
21:14:36   
21:14:36  
21:14:36   
21:15:36  
21:15:36   
21:15:36  
21:15:36   
21:16:37  
21:16:37   
21:16:37  
21:16:37   
21:17:37  
21:17:37   
21:17:37  
21:17:37   
21:18:38  
21:18:38   
21:18:38  
21:18:38   
21:19:38  
21:19:38   
21:19:38  
21:19:38   
21:20:34 
21:20:34 
21:20:39  
21:20:39   
21:20:39  
21:20:39   
21:21:39  
21:21:39   
21:21:39  
21:21:39   
21:22:40  
21:22:40   
21:22:40  
21:22:40   
21:23:35 §8 §r§8 §r§1 §r§3 §r§3 §r§7 §r§8 
21:23:39  
21:23:39   
21:23:39  
21:23:39   
21:23:44  
21:23:44   
21:23:44  
21:23:44   
21:24:45  
21:24:45   
21:24:45  
21:24:45   
21:25:24 §8 §r§8 §r§1 §r§3 §r§3 §r§7 §r§8 
21:25:28  
21:25:28   
21:25:28  
21:25:28   
21:25:29  
21:25:29   
21:25:29  
21:25:29   
21:25:48 §8 §r§8 §r§1 §r§3 §r§3 §r§7 §r§8 
21:25:51  
21:25:51   
21:25:51  
21:25:51   
21:25:59 §8 §r§8 §r§1 §r§3 §r§3 §r§7 §r§8 
21:26:03  
21:26:03   
21:26:03  
21:26:03   
21:26:03 §8 §r§8 §r§1 §r§3 §r§3 §r§7 §r§8 
21:26:07  
21:26:07   
21:26:07  
21:26:07   
21:26:10 §8 §r§8 §r§1 §r§3 §r§3 §r§7 §r§8 
21:26:13  
21:26:13   
21:26:13  
21:26:13   
21:26:15 §8 §r§8 §r§1 §r§3 §r§3 §r§7 §r§8 
21:26:18  
21:26:18   
21:26:18  
21:26:18   
21:26:59  
21:26:59   
21:26:59  
21:26:59   
21:28:01  
21:28:01   
21:28:01  
21:28:01   
21:29:02  
21:29:02   
21:29:02  
21:29:02   
21:30:03  
21:30:03   
21:30:03  
21:30:03   
21:30:57 §8 §r§8 §r§1 §r§3 §r§3 §r§7 §r§8 
21:31:02  
21:31:02   
21:31:02  
21:31:02   
21:31:05 §8 §r§8 §r§1 §r§3 §r§3 §r§7 §r§8 
21:31:09  
21:31:09   
21:31:09  
21:31:09   
21:31:45  
21:31:45   
21:31:45  
21:31:45   
21:32:45  
21:32:45   
21:32:45  
21:32:45   
21:33:46  
21:33:46   
21:33:46  
21:33:46   
21:34:47  
21:34:47   
21:34:47  
21:34:47   
21:35:48  
21:35:48   
21:35:48  
21:35:48   
21:36:48  
21:36:48   
21:36:48  
21:36:48   
21:37:50  
21:37:50   
21:37:50  
21:37:50   
21:38:51  
21:38:51   
21:38:51  
21:38:51   
21:39:51  
21:39:51   
21:39:51  
21:39:51   
21:40:52  
21:40:52   
21:40:52  
21:40:52   
21:41:53  
21:41:53   
21:41:53  
21:41:53   
21:42:54  
21:42:54   
21:42:54  
21:42:54   
21:43:37 
21:43:54  
21:43:54   
21:43:54  
21:43:54   
21:44:55  
21:44:55   
21:44:55  
21:44:55   
21:45:26 §f                                        
21:45:56  
21:45:56   
21:45:56  
21:45:56   
21:46:52 
21:46:52 
21:46:56  
21:46:56   
21:46:56  
21:46:56   
21:47:57  
21:47:57   
21:47:57  
21:47:57   
21:48:58  
21:48:58   
21:48:58  
21:48:58   
21:50:16 §f §r§r§r§f §r§r§r§1 §r§r§r§0 §r§r§r§2 §r§r§r§f §r§r§r§f §r§r§r§2 §r§r§r§0 §r§r§r§4 §r§r§r§3 §r§r§r§9 §r§r§r§2 §r§r§r§0 §r§r§r§0 §r§r§r§3 §r§r§r§9 §r§r§r§2 §r§r§r§0 §r§r§r§0 §r§r§r§3 §r§r§r§9 §r§r§r§2 §r§r§r§0 §r§r§r§0 
21:50:17 
21:52:37 §8 §r§8 §r§1 §r§3 §r§3 §r§7 §r§8 
21:52:40 
21:52:40 
21:52:41  
21:52:41   
21:52:41  
21:52:41   
21:52:42  
21:52:42   
21:52:42  
21:52:42   
21:53:23 §8 §r§8 §r§1 §r§3 §r§3 §r§7 §r§8 
21:53:27  
21:53:27   
21:53:27  
21:53:27   
21:53:32  
21:53:32   
21:53:32  
21:53:32   
21:53:41 §f                                        
21:54:34  
21:54:34   
21:54:34  
21:54:34   
21:55:35  
21:55:35   
21:55:35  
21:55:35   
21:56:35  
21:56:35   
21:56:35  
21:56:35   
21:57:36  
21:57:36   
21:57:36  
21:57:36   
21:58:38  
21:58:38   
21:58:38  
21:58:38   
21:59:38  
21:59:38   
21:59:38  
21:59:38   
22:00:39  
22:00:39   
22:00:39  
22:00:39   
22:01:40  
22:01:40   
22:01:40  
22:01:40   
22:02:41  
22:02:41   
22:02:41  
22:02:41   
22:03:42  
22:03:42   
22:03:42  
22:03:42   
22:04:43  
22:04:43   
22:04:43  
22:04:43   
22:05:44  
22:05:44   
22:05:44  
22:05:44   
22:06:45  
22:06:45   
22:06:45  
22:06:45   
22:07:45  
22:07:45   
22:07:45  
22:07:46   
22:08:46  
22:08:46   
22:08:46  
22:08:46   
22:09:47  
22:09:47   
22:09:47  
22:09:47   
22:10:48  
22:10:48   
22:10:48  
22:10:48   
22:11:48  
22:11:48   
22:11:48  
22:11:48   
22:11:56 
22:12:49  
22:12:49   
22:12:49  
22:12:49   
22:13:34 §f                                        
22:13:50  
22:13:50   
22:13:50  
22:13:50   
22:14:51  
22:14:51   
22:14:51  
22:14:51   
22:15:52  
22:15:52   
22:15:52  
22:15:52   
22:16:53  
22:16:53   
22:16:53  
22:16:53   
22:17:55  
22:17:55   
22:17:55  
22:17:55   
22:18:55  
22:18:55   
22:18:55  
22:18:55   
22:19:52 
22:19:52 
22:19:57  
22:19:57   
22:19:57  
22:19:57   
22:20:58  
22:20:58   
22:20:58  
22:20:58   
22:21:59  
22:21:59   
22:21:59  
22:21:59   
22:23:01  
22:23:01   
22:23:01  
22:23:01   
22:24:02  
22:24:02   
22:24:02  
22:24:02   
22:25:03  
22:25:03   
22:25:03  
22:25:03   
22:26:06  
22:26:06   
22:26:06  
22:26:06   
22:27:07  
22:27:07   
22:27:07  
22:27:07   
22:28:09  
22:28:09   
22:28:09  
22:28:09   
22:29:11  
22:29:11   
22:29:11  
22:29:11   
22:30:13  
22:30:13   
22:30:13  
22:30:13   
22:31:16  
22:31:16   
22:31:16  
22:31:16   
22:32:01 
22:32:17  
22:32:17   
22:32:17  
22:32:17   
22:33:18  
22:33:18   
22:33:18  
22:33:18   
22:33:39 §f                                        
22:34:19  
22:34:19   
22:34:19  
22:34:19   
22:35:20  
22:35:20   
22:35:20  
22:35:20   
22:36:21  
22:36:21   
22:36:21  
22:36:21   
22:37:23  
22:37:23   
22:37:23  
22:37:23   
22:38:24  
22:38:24   
22:38:24  
22:38:24   
22:39:26  
22:39:26   
22:39:26  
22:39:26   
22:40:27  
22:40:27   
22:40:27  
22:40:27   
22:41:28  
22:41:28   
22:41:28  
22:41:28   
22:42:30  
22:42:30   
22:42:30  
22:42:30   
22:43:26 
22:43:26 
22:43:31  
22:43:31   
22:43:31  
22:43:31   
22:44:32  
22:44:32   
22:44:32  
22:44:32   
22:45:34  
22:45:34   
22:45:34  
22:45:34   
22:46:35  
22:46:35   
22:46:35  
22:46:35   
22:47:37  
22:47:37   
22:47:37  
22:47:37   
22:48:38  
22:48:38   
22:48:38  
22:48:38   
22:49:40  
22:49:40   
22:49:40  
22:49:40   
22:50:41  
22:50:41   
22:50:41  
22:50:41   
22:51:42  
22:51:42   
22:51:42  
22:51:42   
22:52:02 
22:52:43  
22:52:43   
22:52:43  
22:52:43   
22:53:40 §f                                        
22:53:44  
22:53:44   
22:53:44  
22:53:44   
22:54:45  
22:54:45   
22:54:45  
22:54:45   
22:55:46  
22:55:46   
22:55:46  
22:55:46   
22:56:46  
22:56:46   
22:56:46  
22:56:46   
22:57:47  
22:57:47   
22:57:47  
22:57:47   
22:58:48  
22:58:48   
22:58:48  
22:58:48   
22:59:49  
22:59:49   
22:59:49  
22:59:49   
23:00:05 §f
23:00:05 §c
23:00:50  
23:00:50   
23:00:50  
23:00:50   
23:01:51  
23:01:51   
23:01:51  
23:01:51   
23:02:04  
23:02:52  
23:02:52   
23:02:52  
23:02:52   
23:03:53  
23:03:53   
23:03:53  
23:03:53   
23:04:54  
23:04:54   
23:04:54  
23:04:54   
23:05:55  
23:05:55   
23:05:55  
23:05:55   
23:06:52 
23:06:52 
23:06:57  
23:06:57   
23:06:57  
23:06:57   
23:07:57  
23:07:57   
23:07:57  
23:07:57   
23:08:58  
23:08:58   
23:08:58  
23:08:58   
23:09:59  
23:09:59   
23:09:59  
23:09:59   
23:11:00  
23:11:00   
23:11:00  
23:11:00   
23:11:57 
23:12:01  
23:12:01   
23:12:01  
23:12:01   
23:13:02  
23:13:02   
23:13:02  
23:13:02   
23:13:34 §f                                        
23:14:02  
23:14:02   
23:14:02  
23:14:02   
23:15:03  
23:15:03   
23:15:03  
23:15:03   
23:16:05  
23:16:05   
23:16:05  
23:16:05   
23:17:06  
23:17:06   
23:17:06  
23:17:06   
23:18:07  
23:18:07   
23:18:07  
23:18:07   
23:19:08  
23:19:08   
23:19:08  
23:19:08   
23:20:09  
23:20:09   
23:20:09  
23:20:09   
23:21:10  
23:21:10   
23:21:10  
23:21:10   
23:22:11  
23:22:11   
23:22:11  
23:22:11   
23:23:12  
23:23:12   
23:23:12  
23:23:12   
23:24:13  
23:24:13   
23:24:13  
23:24:13   
23:25:14  
23:25:14   
23:25:14  
23:25:14   
23:26:15  
23:26:15   
23:26:15  
23:26:15   
23:27:16  
23:27:16   
23:27:16  
23:27:16   
23:28:17  
23:28:17   
23:28:17  
23:28:17   
23:29:18  
23:29:18   
23:29:18  
23:29:18   
23:30:19  
23:30:19   
23:30:19  
23:30:19   
23:31:20  
23:31:20   
23:31:20  
23:31:20   
23:31:52 
23:32:21  
23:32:21   
23:32:21  
23:32:21   
23:33:22  
23:33:22   
23:33:22  
23:33:22   
23:33:42 §f                                        
23:34:22  
23:34:22   
23:34:22  
23:34:22   
23:35:23  
23:35:23   
23:35:23  
23:35:23   
23:36:24  
23:36:24   
23:36:24  
23:36:24   
23:37:25  
23:37:25   
23:37:25  
23:37:25   
23:38:26  
23:38:26   
23:38:26  
23:38:26   
23:39:26  
23:39:26   
23:39:26  
23:39:26   
23:40:27  
23:40:27   
23:40:27  
23:40:27   
23:41:27  
23:41:27   
23:41:27  
23:41:27   
23:42:28  
23:42:28   
23:42:28  
23:42:28   
23:43:31  
23:43:31   
23:43:31  
23:43:31   
23:44:32  
23:44:32   
23:44:32  
23:44:32   
23:45:33  
23:45:33   
23:45:33  
23:45:33   
23:46:35  
23:46:35   
23:46:35  
23:46:35   
23:47:37  
23:47:37   
23:47:37  
23:47:37   
23:48:38  
23:48:38   
23:48:38  
23:48:38   
23:48:58 
23:49:40  
23:49:40   
23:49:40  
23:49:40   
23:50:40  
23:50:40   
23:50:40  
23:50:40   
23:51:41  
23:51:41   
23:51:41  
23:51:41   
23:52:42  
23:52:42   
23:52:42  
23:52:42   
23:53:39 §f                                        
23:53:43  
23:53:43   
23:53:43  
23:53:43   
23:54:44  
23:54:44   
23:54:44  
23:54:44   
23:55:46  
23:55:46   
23:55:46  
23:55:46   
23:56:47  
23:56:47   
23:56:47  
23:56:47   
23:57:48  
23:57:48   
23:57:48  
23:57:48   
23:58:49  
23:58:49   
23:58:49  
23:58:49   
23:59:50  
23:59:50   
23:59:50  
23:59:50   
00:00:51  
00:00:51   
00:00:51  
00:00:51   
00:01:52  
00:01:52   
00:01:52  
00:01:52   
00:02:49 
00:02:49 
00:02:53  
00:02:53   
00:02:53  
00:02:53   
00:03:55  
00:03:55   
00:03:55  
00:03:55   
00:04:56  
00:04:56   
00:04:56  
00:04:56   
00:05:54  
00:05:54  
00:05:54  
00:05:58  
00:05:58   
00:05:58  
00:05:58   
00:06:59  
00:06:59   
00:06:59  
00:06:59   
00:08:00  
00:08:00   
00:08:00  
00:08:00   
00:09:01  
00:09:01   
00:09:01  
00:09:01   
00:10:02  
00:10:02   
00:10:02  
00:10:02   
00:11:03  
00:11:03   
00:11:03  
00:11:03   
00:12:00 
00:12:04  
00:12:04   
00:12:04  
00:12:04   
00:13:05  
00:13:05   
00:13:05  
00:13:05   
00:13:37 §f                                        
00:14:05  
00:14:05   
00:14:05  
00:14:05   
00:15:06  
00:15:06   
00:15:06  
00:15:06   
00:16:07  
00:16:07   
00:16:07  
00:16:07   
00:17:08  
00:17:08   
00:17:08  
00:17:08   
00:18:09  
00:18:09   
00:18:09  
00:18:09   
00:19:09  
00:19:09   
00:19:09  
00:19:09   
00:20:10  
00:20:10   
00:20:10  
00:20:10   
00:21:11  
00:21:11   
00:21:11  
00:21:11   
00:22:12  
00:22:12   
00:22:12  
00:22:12   
00:23:12  
00:23:12   
00:23:12  
00:23:12   
00:24:13  
00:24:13   
00:24:13  
00:24:13   
00:25:09 
00:25:09 
00:25:14  
00:25:14   
00:25:14  
00:25:14   
00:26:14  
00:26:14   
00:26:14  
00:26:14   
00:27:15  
00:27:15   
00:27:15  
00:27:15   
00:28:16  
00:28:16   
00:28:16  
00:28:16   
00:29:16  
00:29:16   
00:29:16  
00:29:16   
00:30:16  
00:30:16   
00:30:16  
00:30:16   
00:31:16  
00:31:16   
00:31:16  
00:31:16   
00:31:49 
00:32:17  
00:32:17   
00:32:17  
00:32:17   
00:33:17  
00:33:17   
00:33:17  
00:33:17   
00:33:37 §f                                        
00:34:17  
00:34:17   
00:34:17  
00:34:17   
00:35:17  
00:35:17   
00:35:17  
00:35:17   
00:35:25  
00:35:25  
00:36:17  
00:36:17   
00:36:17  
00:36:17   
00:37:01 §8 §r§8 §r§1 §r§3 §r§3 §r§7 §r§8 
00:37:04  
00:37:04   
00:37:04  
00:37:04   
00:38:00  
00:38:00   
00:38:00  
00:38:00   
00:39:01  
00:39:01   
00:39:01  
00:39:01   
00:40:02  
00:40:02   
00:40:02  
00:40:02   
00:41:03  
00:41:03   
00:41:03  
00:41:03   
00:41:19 §8 §r§8 §r§1 §r§3 §r§3 §r§7 §r§8 
00:41:22  
00:41:22   
00:41:22  
00:41:22   
00:41:23  
00:41:23   
00:41:23  
00:41:23   
00:42:19 §8 §r§8 §r§1 §r§3 §r§3 §r§7 §r§8 
00:42:23  
00:42:23   
00:42:23  
00:42:23   
00:42:31  
00:42:31   
00:42:31  
00:42:31   
00:43:32  
00:43:32   
00:43:32  
00:43:32   
00:44:34  
00:44:34   
00:44:34  
00:44:34   
00:45:35  
00:45:35   
00:45:35  
00:45:35   
00:46:33 §f
00:46:36  
00:46:36   
00:46:36  
00:46:36   
00:47:36  
00:47:36   
00:47:36  
00:47:36   
00:48:37  
00:48:37   
00:48:37  
00:48:37   
00:49:38  
00:49:38   
00:49:38  
00:49:38   
00:50:39  
00:50:39   
00:50:39  
00:50:39   
