18:08:50 [EMPTY] §f §r§r§r§f §r§r§r§1 §r§r§r§0 §r§r§r§2 §r§r§r§f §r§r§r§f §r§r§r§2 §r§r§r§0 §r§r§r§4 §r§r§r§3 §r§r§r§9 §r§r§r§2 §r§r§r§0 §r§r§r§0 §r§r§r§3 §r§r§r§9 §r§r§r§2 §r§r§r§0 §r§r§r§0 §r§r§r§3 §r§r§r§9 §r§r§r§2 §r§r§r§0 §r§r§r§0 
18:08:51 [EMPTY] 
18:08:54 [EMPTY] §8 §r§8 §r§1 §r§3 §r§3 §r§7 §r§8 
18:08:56 [EMPTY] 
18:08:56 [EMPTY] 
18:08:57 [EMPTY] §8 §r§8 §r§1 §r§3 §r§3 §r§7 §r§8 
18:11:36 [EMPTY]  
18:11:36 [STASH_COMPACT] §f                 §7You have §3137 §7materials stashed away!
18:11:36 [STASH_COMPACT] §f               §8(This totals 1 type of material stashed!)
18:11:36 [STASH_COMPACT] §f                §3§l>>> §3§lCLICK HERE§b to pick them up! §3§l<<<
18:11:36 [EMPTY]   
18:12:29 [EMPTY] 
18:12:37 [EMPTY]  
18:12:37 [STASH_COMPACT] §f                 §7You have §3587 §7materials stashed away!
18:12:37 [STASH_COMPACT] §f               §8(This totals 1 type of material stashed!)
18:12:37 [STASH_COMPACT] §f                §3§l>>> §3§lCLICK HERE§b to pick them up! §3§l<<<
18:12:37 [EMPTY]   
18:13:38 [EMPTY]  
18:13:38 [STASH_COMPACT] §f                 §7You have §3587 §7materials stashed away!
18:13:38 [STASH_COMPACT] §f               §8(This totals 1 type of material stashed!)
18:13:38 [STASH_COMPACT] §f                §3§l>>> §3§lCLICK HERE§b to pick them up! §3§l<<<
18:13:38 [EMPTY]   
18:14:06 [EMPTY] §f                                        
18:14:39 [EMPTY]  
18:14:39 [STASH_COMPACT] §f                 §7You have §3587 §7materials stashed away!
18:14:39 [STASH_COMPACT] §f               §8(This totals 1 type of material stashed!)
18:14:39 [STASH_COMPACT] §f                §3§l>>> §3§lCLICK HERE§b to pick them up! §3§l<<<
18:14:39 [EMPTY]   
18:15:40 [EMPTY]  
18:15:40 [STASH_COMPACT] §f                 §7You have §3654 §7materials stashed away!
18:15:40 [STASH_COMPACT] §f               §8(This totals 1 type of material stashed!)
18:15:40 [STASH_COMPACT] §f                §3§l>>> §3§lCLICK HERE§b to pick them up! §3§l<<<
18:15:40 [EMPTY]   
18:16:42 [EMPTY]  
18:16:42 [STASH_COMPACT] §f                 §7You have §3654 §7materials stashed away!
18:16:42 [STASH_COMPACT] §f               §8(This totals 1 type of material stashed!)
18:16:42 [STASH_COMPACT] §f                §3§l>>> §3§lCLICK HERE§b to pick them up! §3§l<<<
18:16:42 [EMPTY]   
18:17:43 [EMPTY]  
18:17:43 [STASH_COMPACT] §f                 §7You have §3654 §7materials stashed away!
18:17:43 [STASH_COMPACT] §f               §8(This totals 1 type of material stashed!)
18:17:43 [STASH_COMPACT] §f                §3§l>>> §3§lCLICK HERE§b to pick them up! §3§l<<<
18:17:43 [EMPTY]   
18:18:44 [EMPTY]  
18:18:44 [STASH_COMPACT] §f                 §7You have §3654 §7materials stashed away!
18:18:44 [STASH_COMPACT] §f               §8(This totals 1 type of material stashed!)
18:18:44 [STASH_COMPACT] §f                §3§l>>> §3§lCLICK HERE§b to pick them up! §3§l<<<
18:18:44 [EMPTY]   
18:19:45 [EMPTY]  
18:19:45 [STASH_COMPACT] §f                 §7You have §3654 §7materials stashed away!
18:19:45 [STASH_COMPACT] §f               §8(This totals 1 type of material stashed!)
18:19:45 [STASH_COMPACT] §f                §3§l>>> §3§lCLICK HERE§b to pick them up! §3§l<<<
18:19:45 [EMPTY]   
18:20:46 [EMPTY]  
18:20:46 [STASH_COMPACT] §f                 §7You have §3654 §7materials stashed away!
18:20:46 [STASH_COMPACT] §f               §8(This totals 1 type of material stashed!)
18:20:46 [STASH_COMPACT] §f                §3§l>>> §3§lCLICK HERE§b to pick them up! §3§l<<<
18:20:46 [EMPTY]   
18:21:47 [EMPTY]  
18:21:47 [STASH_COMPACT] §f                 §7You have §3654 §7materials stashed away!
18:21:47 [STASH_COMPACT] §f               §8(This totals 1 type of material stashed!)
18:21:47 [STASH_COMPACT] §f                §3§l>>> §3§lCLICK HERE§b to pick them up! §3§l<<<
18:21:47 [EMPTY]   
18:22:49 [EMPTY]  
18:22:49 [STASH_COMPACT] §f                 §7You have §3654 §7materials stashed away!
18:22:49 [STASH_COMPACT] §f               §8(This totals 1 type of material stashed!)
18:22:49 [STASH_COMPACT] §f                §3§l>>> §3§lCLICK HERE§b to pick them up! §3§l<<<
18:22:49 [EMPTY]   
18:23:50 [EMPTY]  
18:23:50 [STASH_COMPACT] §f                 §7You have §3654 §7materials stashed away!
18:23:50 [STASH_COMPACT] §f               §8(This totals 1 type of material stashed!)
18:23:50 [STASH_COMPACT] §f                §3§l>>> §3§lCLICK HERE§b to pick them up! §3§l<<<
18:23:50 [EMPTY]   
18:24:51 [EMPTY]  
18:24:51 [STASH_COMPACT] §f                 §7You have §3654 §7materials stashed away!
18:24:51 [STASH_COMPACT] §f               §8(This totals 1 type of material stashed!)
18:24:51 [STASH_COMPACT] §f                §3§l>>> §3§lCLICK HERE§b to pick them up! §3§l<<<
18:24:51 [EMPTY]   
18:25:53 [EMPTY]  
18:25:53 [STASH_COMPACT] §f                 §7You have §3654 §7materials stashed away!
18:25:53 [STASH_COMPACT] §f               §8(This totals 1 type of material stashed!)
18:25:53 [STASH_COMPACT] §f                §3§l>>> §3§lCLICK HERE§b to pick them up! §3§l<<<
18:25:53 [EMPTY]   
18:26:54 [EMPTY]  
18:26:54 [STASH_COMPACT] §f                 §7You have §3654 §7materials stashed away!
18:26:54 [STASH_COMPACT] §f               §8(This totals 1 type of material stashed!)
18:26:54 [STASH_COMPACT] §f                §3§l>>> §3§lCLICK HERE§b to pick them up! §3§l<<<
18:26:54 [EMPTY]   
18:27:56 [EMPTY]  
18:27:56 [STASH_COMPACT] §f                 §7You have §3654 §7materials stashed away!
18:27:56 [STASH_COMPACT] §f               §8(This totals 1 type of material stashed!)
18:27:56 [STASH_COMPACT] §f                §3§l>>> §3§lCLICK HERE§b to pick them up! §3§l<<<
18:27:56 [EMPTY]   
18:28:58 [EMPTY]  
18:28:58 [STASH_COMPACT] §f                 §7You have §3654 §7materials stashed away!
18:28:58 [STASH_COMPACT] §f               §8(This totals 1 type of material stashed!)
18:28:58 [STASH_COMPACT] §f                §3§l>>> §3§lCLICK HERE§b to pick them up! §3§l<<<
18:28:58 [EMPTY]   
18:29:26 [EMPTY] 
18:29:59 [EMPTY]  
18:29:59 [STASH_COMPACT] §f                 §7You have §3654 §7materials stashed away!
18:29:59 [STASH_COMPACT] §f               §8(This totals 1 type of material stashed!)
18:29:59 [STASH_COMPACT] §f                §3§l>>> §3§lCLICK HERE§b to pick them up! §3§l<<<
18:29:59 [EMPTY]   
18:30:59 [EMPTY]  
18:30:59 [STASH_COMPACT] §f                 §7You have §3654 §7materials stashed away!
18:30:59 [STASH_COMPACT] §f               §8(This totals 1 type of material stashed!)
18:30:59 [STASH_COMPACT] §f                §3§l>>> §3§lCLICK HERE§b to pick them up! §3§l<<<
18:30:59 [EMPTY]   
18:32:00 [EMPTY]  
18:32:00 [STASH_COMPACT] §f                 §7You have §3654 §7materials stashed away!
18:32:00 [STASH_COMPACT] §f               §8(This totals 1 type of material stashed!)
18:32:00 [STASH_COMPACT] §f                §3§l>>> §3§lCLICK HERE§b to pick them up! §3§l<<<
18:32:00 [EMPTY]   
18:33:00 [EMPTY]  
18:33:00 [STASH_COMPACT] §f                 §7You have §3654 §7materials stashed away!
18:33:00 [STASH_COMPACT] §f               §8(This totals 1 type of material stashed!)
18:33:00 [STASH_COMPACT] §f                §3§l>>> §3§lCLICK HERE§b to pick them up! §3§l<<<
18:33:00 [EMPTY]   
18:34:01 [EMPTY]  
18:34:01 [STASH_COMPACT] §f                 §7You have §3654 §7materials stashed away!
18:34:01 [STASH_COMPACT] §f               §8(This totals 1 type of material stashed!)
18:34:01 [STASH_COMPACT] §f                §3§l>>> §3§lCLICK HERE§b to pick them up! §3§l<<<
18:34:01 [EMPTY]   
18:34:05 [EMPTY] §f                                        
18:35:01 [EMPTY]  
18:35:01 [STASH_COMPACT] §f                 §7You have §3654 §7materials stashed away!
18:35:01 [STASH_COMPACT] §f               §8(This totals 1 type of material stashed!)
18:35:01 [STASH_COMPACT] §f                §3§l>>> §3§lCLICK HERE§b to pick them up! §3§l<<<
18:35:01 [EMPTY]   
18:36:02 [EMPTY]  
18:36:02 [STASH_COMPACT] §f                 §7You have §3654 §7materials stashed away!
18:36:02 [STASH_COMPACT] §f               §8(This totals 1 type of material stashed!)
18:36:02 [STASH_COMPACT] §f                §3§l>>> §3§lCLICK HERE§b to pick them up! §3§l<<<
18:36:02 [EMPTY]   
18:37:02 [EMPTY]  
18:37:02 [STASH_COMPACT] §f                 §7You have §3654 §7materials stashed away!
18:37:02 [STASH_COMPACT] §f               §8(This totals 1 type of material stashed!)
18:37:02 [STASH_COMPACT] §f                §3§l>>> §3§lCLICK HERE§b to pick them up! §3§l<<<
18:37:02 [EMPTY]   
18:38:03 [EMPTY]  
18:38:04 [STASH_COMPACT] §f                 §7You have §3654 §7materials stashed away!
18:38:04 [STASH_COMPACT] §f               §8(This totals 1 type of material stashed!)
18:38:04 [STASH_COMPACT] §f                §3§l>>> §3§lCLICK HERE§b to pick them up! §3§l<<<
18:38:04 [EMPTY]   
18:39:05 [EMPTY]  
18:39:05 [STASH_COMPACT] §f                 §7You have §3654 §7materials stashed away!
18:39:05 [STASH_COMPACT] §f               §8(This totals 1 type of material stashed!)
18:39:05 [STASH_COMPACT] §f                §3§l>>> §3§lCLICK HERE§b to pick them up! §3§l<<<
18:39:05 [EMPTY]   
18:40:06 [EMPTY]  
18:40:06 [STASH_COMPACT] §f                 §7You have §3654 §7materials stashed away!
18:40:06 [STASH_COMPACT] §f               §8(This totals 1 type of material stashed!)
18:40:06 [STASH_COMPACT] §f                §3§l>>> §3§lCLICK HERE§b to pick them up! §3§l<<<
18:40:06 [EMPTY]   
18:41:07 [EMPTY]  
18:41:07 [STASH_COMPACT] §f                 §7You have §3654 §7materials stashed away!
18:41:07 [STASH_COMPACT] §f               §8(This totals 1 type of material stashed!)
18:41:07 [STASH_COMPACT] §f                §3§l>>> §3§lCLICK HERE§b to pick them up! §3§l<<<
18:41:07 [EMPTY]   
18:42:09 [EMPTY]  
18:42:09 [STASH_COMPACT] §f                 §7You have §3654 §7materials stashed away!
18:42:09 [STASH_COMPACT] §f               §8(This totals 1 type of material stashed!)
18:42:09 [STASH_COMPACT] §f                §3§l>>> §3§lCLICK HERE§b to pick them up! §3§l<<<
18:42:09 [EMPTY]   
18:43:11 [EMPTY]  
18:43:11 [STASH_COMPACT] §f                 §7You have §3654 §7materials stashed away!
18:43:11 [STASH_COMPACT] §f               §8(This totals 1 type of material stashed!)
18:43:11 [STASH_COMPACT] §f                §3§l>>> §3§lCLICK HERE§b to pick them up! §3§l<<<
18:43:11 [EMPTY]   
18:44:12 [EMPTY]  
18:44:12 [STASH_COMPACT] §f                 §7You have §3654 §7materials stashed away!
18:44:12 [STASH_COMPACT] §f               §8(This totals 1 type of material stashed!)
18:44:12 [STASH_COMPACT] §f                §3§l>>> §3§lCLICK HERE§b to pick them up! §3§l<<<
18:44:12 [EMPTY]   
18:45:13 [EMPTY]  
18:45:13 [STASH_COMPACT] §f                 §7You have §3654 §7materials stashed away!
18:45:13 [STASH_COMPACT] §f               §8(This totals 1 type of material stashed!)
18:45:13 [STASH_COMPACT] §f                §3§l>>> §3§lCLICK HERE§b to pick them up! §3§l<<<
18:45:13 [EMPTY]   
18:46:15 [EMPTY]  
18:46:15 [STASH_COMPACT] §f                 §7You have §3654 §7materials stashed away!
18:46:15 [STASH_COMPACT] §f               §8(This totals 1 type of material stashed!)
18:46:15 [STASH_COMPACT] §f                §3§l>>> §3§lCLICK HERE§b to pick them up! §3§l<<<
18:46:15 [EMPTY]   
18:47:16 [EMPTY]  
18:47:16 [STASH_COMPACT] §f                 §7You have §3654 §7materials stashed away!
18:47:16 [STASH_COMPACT] §f               §8(This totals 1 type of material stashed!)
18:47:16 [STASH_COMPACT] §f                §3§l>>> §3§lCLICK HERE§b to pick them up! §3§l<<<
18:47:16 [EMPTY]   
18:48:18 [EMPTY]  
18:48:18 [STASH_COMPACT] §f                 §7You have §3654 §7materials stashed away!
18:48:18 [STASH_COMPACT] §f               §8(This totals 1 type of material stashed!)
18:48:18 [STASH_COMPACT] §f                §3§l>>> §3§lCLICK HERE§b to pick them up! §3§l<<<
18:48:18 [EMPTY]   
18:49:19 [EMPTY]  
18:49:19 [STASH_COMPACT] §f                 §7You have §3654 §7materials stashed away!
18:49:19 [STASH_COMPACT] §f               §8(This totals 1 type of material stashed!)
18:49:19 [STASH_COMPACT] §f                §3§l>>> §3§lCLICK HERE§b to pick them up! §3§l<<<
18:49:19 [EMPTY]   
18:50:20 [EMPTY]  
18:50:20 [STASH_COMPACT] §f                 §7You have §3654 §7materials stashed away!
18:50:20 [STASH_COMPACT] §f               §8(This totals 1 type of material stashed!)
18:50:20 [STASH_COMPACT] §f                §3§l>>> §3§lCLICK HERE§b to pick them up! §3§l<<<
18:50:20 [EMPTY]   
18:51:21 [EMPTY]  
18:51:21 [STASH_COMPACT] §f                 §7You have §3654 §7materials stashed away!
18:51:21 [STASH_COMPACT] §f               §8(This totals 1 type of material stashed!)
18:51:21 [STASH_COMPACT] §f                §3§l>>> §3§lCLICK HERE§b to pick them up! §3§l<<<
18:51:21 [EMPTY]   
18:52:23 [EMPTY]  
18:52:23 [STASH_COMPACT] §f                 §7You have §3654 §7materials stashed away!
18:52:23 [STASH_COMPACT] §f               §8(This totals 1 type of material stashed!)
18:52:23 [STASH_COMPACT] §f                §3§l>>> §3§lCLICK HERE§b to pick them up! §3§l<<<
18:52:23 [EMPTY]   
18:52:26 [EMPTY] 
18:53:24 [EMPTY]  
18:53:24 [STASH_COMPACT] §f                 §7You have §3654 §7materials stashed away!
18:53:24 [STASH_COMPACT] §f               §8(This totals 1 type of material stashed!)
18:53:24 [STASH_COMPACT] §f                §3§l>>> §3§lCLICK HERE§b to pick them up! §3§l<<<
18:53:24 [EMPTY]   
18:54:25 [EMPTY]  
18:54:25 [STASH_COMPACT] §f                 §7You have §3654 §7materials stashed away!
18:54:25 [STASH_COMPACT] §f               §8(This totals 1 type of material stashed!)
18:54:25 [STASH_COMPACT] §f                §3§l>>> §3§lCLICK HERE§b to pick them up! §3§l<<<
18:54:25 [EMPTY]   
18:55:26 [EMPTY]  
18:55:26 [STASH_COMPACT] §f                 §7You have §3654 §7materials stashed away!
18:55:26 [STASH_COMPACT] §f               §8(This totals 1 type of material stashed!)
18:55:26 [STASH_COMPACT] §f                §3§l>>> §3§lCLICK HERE§b to pick them up! §3§l<<<
18:55:26 [EMPTY]   
18:56:27 [EMPTY]  
18:56:27 [STASH_COMPACT] §f                 §7You have §3654 §7materials stashed away!
18:56:27 [STASH_COMPACT] §f               §8(This totals 1 type of material stashed!)
18:56:27 [STASH_COMPACT] §f                §3§l>>> §3§lCLICK HERE§b to pick them up! §3§l<<<
18:56:27 [EMPTY]   
18:57:28 [EMPTY]  
18:57:28 [STASH_COMPACT] §f                 §7You have §3654 §7materials stashed away!
18:57:28 [STASH_COMPACT] §f               §8(This totals 1 type of material stashed!)
18:57:28 [STASH_COMPACT] §f                §3§l>>> §3§lCLICK HERE§b to pick them up! §3§l<<<
18:57:28 [EMPTY]   
18:58:29 [EMPTY]  
18:58:29 [STASH_COMPACT] §f                 §7You have §3654 §7materials stashed away!
18:58:29 [STASH_COMPACT] §f               §8(This totals 1 type of material stashed!)
18:58:29 [STASH_COMPACT] §f                §3§l>>> §3§lCLICK HERE§b to pick them up! §3§l<<<
18:58:29 [EMPTY]   
18:59:30 [EMPTY]  
18:59:30 [STASH_COMPACT] §f                 §7You have §3654 §7materials stashed away!
18:59:30 [STASH_COMPACT] §f               §8(This totals 1 type of material stashed!)
18:59:30 [STASH_COMPACT] §f                §3§l>>> §3§lCLICK HERE§b to pick them up! §3§l<<<
18:59:30 [EMPTY]   
19:00:13 [EMPTY] §f
19:00:13 [EMPTY] §c
19:00:31 [EMPTY]  
19:00:31 [STASH_COMPACT] §f                 §7You have §3654 §7materials stashed away!
19:00:31 [STASH_COMPACT] §f               §8(This totals 1 type of material stashed!)
19:00:31 [STASH_COMPACT] §f                §3§l>>> §3§lCLICK HERE§b to pick them up! §3§l<<<
19:00:31 [EMPTY]   
19:01:32 [EMPTY]  
19:01:32 [STASH_COMPACT] §f                 §7You have §3654 §7materials stashed away!
19:01:32 [STASH_COMPACT] §f               §8(This totals 1 type of material stashed!)
19:01:32 [STASH_COMPACT] §f                §3§l>>> §3§lCLICK HERE§b to pick them up! §3§l<<<
19:01:32 [EMPTY]   
19:02:33 [EMPTY]  
19:02:33 [STASH_COMPACT] §f                 §7You have §3654 §7materials stashed away!
19:02:33 [STASH_COMPACT] §f               §8(This totals 1 type of material stashed!)
19:02:33 [STASH_COMPACT] §f                §3§l>>> §3§lCLICK HERE§b to pick them up! §3§l<<<
19:02:33 [EMPTY]   
19:03:34 [EMPTY]  
19:03:34 [STASH_COMPACT] §f                 §7You have §3654 §7materials stashed away!
19:03:34 [STASH_COMPACT] §f               §8(This totals 1 type of material stashed!)
19:03:34 [STASH_COMPACT] §f                §3§l>>> §3§lCLICK HERE§b to pick them up! §3§l<<<
19:03:34 [EMPTY]   
19:04:35 [EMPTY]  
19:04:35 [STASH_COMPACT] §f                 §7You have §3654 §7materials stashed away!
19:04:35 [STASH_COMPACT] §f               §8(This totals 1 type of material stashed!)
19:04:35 [STASH_COMPACT] §f                §3§l>>> §3§lCLICK HERE§b to pick them up! §3§l<<<
19:04:35 [EMPTY]   
19:05:36 [EMPTY]  
19:05:36 [STASH_COMPACT] §f                 §7You have §3654 §7materials stashed away!
19:05:36 [STASH_COMPACT] §f               §8(This totals 1 type of material stashed!)
19:05:36 [STASH_COMPACT] §f                §3§l>>> §3§lCLICK HERE§b to pick them up! §3§l<<<
19:05:36 [EMPTY]   
19:06:37 [EMPTY]  
19:06:37 [STASH_COMPACT] §f                 §7You have §3654 §7materials stashed away!
19:06:37 [STASH_COMPACT] §f               §8(This totals 1 type of material stashed!)
19:06:37 [STASH_COMPACT] §f                §3§l>>> §3§lCLICK HERE§b to pick them up! §3§l<<<
19:06:37 [EMPTY]   
19:07:38 [EMPTY]  
19:07:38 [STASH_COMPACT] §f                 §7You have §3654 §7materials stashed away!
19:07:38 [STASH_COMPACT] §f               §8(This totals 1 type of material stashed!)
19:07:38 [STASH_COMPACT] §f                §3§l>>> §3§lCLICK HERE§b to pick them up! §3§l<<<
19:07:38 [EMPTY]   
19:08:39 [EMPTY]  
19:08:39 [STASH_COMPACT] §f                 §7You have §3654 §7materials stashed away!
19:08:39 [STASH_COMPACT] §f               §8(This totals 1 type of material stashed!)
19:08:39 [STASH_COMPACT] §f                §3§l>>> §3§lCLICK HERE§b to pick them up! §3§l<<<
19:08:39 [EMPTY]   
19:09:41 [EMPTY]  
19:09:41 [STASH_COMPACT] §f                 §7You have §3654 §7materials stashed away!
19:09:41 [STASH_COMPACT] §f               §8(This totals 1 type of material stashed!)
19:09:41 [STASH_COMPACT] §f                §3§l>>> §3§lCLICK HERE§b to pick them up! §3§l<<<
19:09:41 [EMPTY]   
19:10:42 [EMPTY]  
19:10:42 [STASH_COMPACT] §f                 §7You have §3654 §7materials stashed away!
19:10:42 [STASH_COMPACT] §f               §8(This totals 1 type of material stashed!)
19:10:42 [STASH_COMPACT] §f                §3§l>>> §3§lCLICK HERE§b to pick them up! §3§l<<<
19:10:42 [EMPTY]   
19:11:43 [EMPTY]  
19:11:43 [STASH_COMPACT] §f                 §7You have §3654 §7materials stashed away!
19:11:43 [STASH_COMPACT] §f               §8(This totals 1 type of material stashed!)
19:11:43 [STASH_COMPACT] §f                §3§l>>> §3§lCLICK HERE§b to pick them up! §3§l<<<
19:11:43 [EMPTY]   
19:12:44 [EMPTY]  
19:12:44 [STASH_COMPACT] §f                 §7You have §3654 §7materials stashed away!
19:12:44 [STASH_COMPACT] §f               §8(This totals 1 type of material stashed!)
19:12:44 [STASH_COMPACT] §f                §3§l>>> §3§lCLICK HERE§b to pick them up! §3§l<<<
19:12:44 [EMPTY]   
19:13:45 [EMPTY]  
19:13:45 [STASH_COMPACT] §f                 §7You have §3654 §7materials stashed away!
19:13:45 [STASH_COMPACT] §f               §8(This totals 1 type of material stashed!)
19:13:45 [STASH_COMPACT] §f                §3§l>>> §3§lCLICK HERE§b to pick them up! §3§l<<<
19:13:45 [EMPTY]   
19:14:01 [EMPTY] §f                                        
19:14:46 [EMPTY]  
19:14:46 [STASH_COMPACT] §f                 §7You have §3654 §7materials stashed away!
19:14:46 [STASH_COMPACT] §f               §8(This totals 1 type of material stashed!)
19:14:46 [STASH_COMPACT] §f                §3§l>>> §3§lCLICK HERE§b to pick them up! §3§l<<<
19:14:46 [EMPTY]   
19:15:47 [EMPTY]  
19:15:47 [STASH_COMPACT] §f                 §7You have §3654 §7materials stashed away!
19:15:47 [STASH_COMPACT] §f               §8(This totals 1 type of material stashed!)
19:15:47 [STASH_COMPACT] §f                §3§l>>> §3§lCLICK HERE§b to pick them up! §3§l<<<
19:15:47 [EMPTY]   
19:16:49 [EMPTY]  
19:16:49 [STASH_COMPACT] §f                 §7You have §3654 §7materials stashed away!
19:16:49 [STASH_COMPACT] §f               §8(This totals 1 type of material stashed!)
19:16:49 [STASH_COMPACT] §f                §3§l>>> §3§lCLICK HERE§b to pick them up! §3§l<<<
19:16:49 [EMPTY]   
19:17:50 [EMPTY]  
19:17:50 [STASH_COMPACT] §f                 §7You have §3654 §7materials stashed away!
19:17:50 [STASH_COMPACT] §f               §8(This totals 1 type of material stashed!)
19:17:50 [STASH_COMPACT] §f                §3§l>>> §3§lCLICK HERE§b to pick them up! §3§l<<<
19:17:50 [EMPTY]   
19:18:51 [EMPTY]  
19:18:51 [STASH_COMPACT] §f                 §7You have §3654 §7materials stashed away!
19:18:51 [STASH_COMPACT] §f               §8(This totals 1 type of material stashed!)
19:18:51 [STASH_COMPACT] §f                §3§l>>> §3§lCLICK HERE§b to pick them up! §3§l<<<
19:18:51 [EMPTY]   
19:19:52 [EMPTY]  
19:19:52 [STASH_COMPACT] §f                 §7You have §3654 §7materials stashed away!
19:19:52 [STASH_COMPACT] §f               §8(This totals 1 type of material stashed!)
19:19:52 [STASH_COMPACT] §f                §3§l>>> §3§lCLICK HERE§b to pick them up! §3§l<<<
19:19:52 [EMPTY]   
19:20:54 [EMPTY]  
19:20:54 [STASH_COMPACT] §f                 §7You have §3654 §7materials stashed away!
19:20:54 [STASH_COMPACT] §f               §8(This totals 1 type of material stashed!)
19:20:54 [STASH_COMPACT] §f                §3§l>>> §3§lCLICK HERE§b to pick them up! §3§l<<<
19:20:54 [EMPTY]   
19:21:55 [EMPTY]  
19:21:55 [STASH_COMPACT] §f                 §7You have §3654 §7materials stashed away!
19:21:55 [STASH_COMPACT] §f               §8(This totals 1 type of material stashed!)
19:21:55 [STASH_COMPACT] §f                §3§l>>> §3§lCLICK HERE§b to pick them up! §3§l<<<
19:21:55 [EMPTY]   
19:22:56 [EMPTY]  
19:22:56 [STASH_COMPACT] §f                 §7You have §3654 §7materials stashed away!
19:22:56 [STASH_COMPACT] §f               §8(This totals 1 type of material stashed!)
19:22:56 [STASH_COMPACT] §f                §3§l>>> §3§lCLICK HERE§b to pick them up! §3§l<<<
19:22:56 [EMPTY]   
19:23:57 [EMPTY]  
19:23:57 [STASH_COMPACT] §f                 §7You have §3654 §7materials stashed away!
19:23:57 [STASH_COMPACT] §f               §8(This totals 1 type of material stashed!)
19:23:57 [STASH_COMPACT] §f                §3§l>>> §3§lCLICK HERE§b to pick them up! §3§l<<<
19:23:57 [EMPTY]   
19:24:58 [EMPTY]  
19:24:58 [STASH_COMPACT] §f                 §7You have §3654 §7materials stashed away!
19:24:58 [STASH_COMPACT] §f               §8(This totals 1 type of material stashed!)
19:24:58 [STASH_COMPACT] §f                §3§l>>> §3§lCLICK HERE§b to pick them up! §3§l<<<
19:24:58 [EMPTY]   
19:25:59 [EMPTY]  
19:25:59 [STASH_COMPACT] §f                 §7You have §3654 §7materials stashed away!
19:25:59 [STASH_COMPACT] §f               §8(This totals 1 type of material stashed!)
19:25:59 [STASH_COMPACT] §f                §3§l>>> §3§lCLICK HERE§b to pick them up! §3§l<<<
19:25:59 [EMPTY]   
19:27:00 [EMPTY]  
19:27:00 [STASH_COMPACT] §f                 §7You have §3654 §7materials stashed away!
19:27:00 [STASH_COMPACT] §f               §8(This totals 1 type of material stashed!)
19:27:00 [STASH_COMPACT] §f                §3§l>>> §3§lCLICK HERE§b to pick them up! §3§l<<<
19:27:00 [EMPTY]   
19:28:01 [EMPTY]  
19:28:01 [STASH_COMPACT] §f                 §7You have §3654 §7materials stashed away!
19:28:01 [STASH_COMPACT] §f               §8(This totals 1 type of material stashed!)
19:28:01 [STASH_COMPACT] §f                §3§l>>> §3§lCLICK HERE§b to pick them up! §3§l<<<
19:28:01 [EMPTY]   
19:29:02 [EMPTY]  
19:29:02 [STASH_COMPACT] §f                 §7You have §3654 §7materials stashed away!
19:29:02 [STASH_COMPACT] §f               §8(This totals 1 type of material stashed!)
19:29:02 [STASH_COMPACT] §f                §3§l>>> §3§lCLICK HERE§b to pick them up! §3§l<<<
19:29:02 [EMPTY]   
19:30:03 [EMPTY]  
19:30:03 [STASH_COMPACT] §f                 §7You have §3654 §7materials stashed away!
19:30:03 [STASH_COMPACT] §f               §8(This totals 1 type of material stashed!)
19:30:03 [STASH_COMPACT] §f                §3§l>>> §3§lCLICK HERE§b to pick them up! §3§l<<<
19:30:03 [EMPTY]   
19:31:04 [EMPTY]  
19:31:04 [STASH_COMPACT] §f                 §7You have §3654 §7materials stashed away!
19:31:04 [STASH_COMPACT] §f               §8(This totals 1 type of material stashed!)
19:31:04 [STASH_COMPACT] §f                §3§l>>> §3§lCLICK HERE§b to pick them up! §3§l<<<
19:31:04 [EMPTY]   
19:32:05 [EMPTY]  
19:32:05 [STASH_COMPACT] §f                 §7You have §3654 §7materials stashed away!
19:32:05 [STASH_COMPACT] §f               §8(This totals 1 type of material stashed!)
19:32:05 [STASH_COMPACT] §f                §3§l>>> §3§lCLICK HERE§b to pick them up! §3§l<<<
19:32:05 [EMPTY]   
19:32:21 [EMPTY] 
19:33:06 [EMPTY]  
19:33:06 [STASH_COMPACT] §f                 §7You have §3654 §7materials stashed away!
19:33:06 [STASH_COMPACT] §f               §8(This totals 1 type of material stashed!)
19:33:06 [STASH_COMPACT] §f                §3§l>>> §3§lCLICK HERE§b to pick them up! §3§l<<<
19:33:06 [EMPTY]   
19:34:07 [EMPTY]  
19:34:07 [STASH_COMPACT] §f                 §7You have §3654 §7materials stashed away!
19:34:07 [STASH_COMPACT] §f               §8(This totals 1 type of material stashed!)
19:34:07 [STASH_COMPACT] §f                §3§l>>> §3§lCLICK HERE§b to pick them up! §3§l<<<
19:34:07 [EMPTY]   
19:34:11 [EMPTY] §f                                        
19:35:08 [EMPTY]  
19:35:08 [STASH_COMPACT] §f                 §7You have §3654 §7materials stashed away!
19:35:08 [STASH_COMPACT] §f               §8(This totals 1 type of material stashed!)
19:35:08 [STASH_COMPACT] §f                §3§l>>> §3§lCLICK HERE§b to pick them up! §3§l<<<
19:35:08 [EMPTY]   
19:36:10 [EMPTY]  
19:36:10 [STASH_COMPACT] §f                 §7You have §3654 §7materials stashed away!
19:36:10 [STASH_COMPACT] §f               §8(This totals 1 type of material stashed!)
19:36:10 [STASH_COMPACT] §f                §3§l>>> §3§lCLICK HERE§b to pick them up! §3§l<<<
19:36:10 [EMPTY]   
19:37:11 [EMPTY]  
19:37:11 [STASH_COMPACT] §f                 §7You have §3654 §7materials stashed away!
19:37:11 [STASH_COMPACT] §f               §8(This totals 1 type of material stashed!)
19:37:11 [STASH_COMPACT] §f                §3§l>>> §3§lCLICK HERE§b to pick them up! §3§l<<<
19:37:11 [EMPTY]   
19:38:12 [EMPTY]  
19:38:12 [STASH_COMPACT] §f                 §7You have §3654 §7materials stashed away!
19:38:12 [STASH_COMPACT] §f               §8(This totals 1 type of material stashed!)
19:38:12 [STASH_COMPACT] §f                §3§l>>> §3§lCLICK HERE§b to pick them up! §3§l<<<
19:38:12 [EMPTY]   
19:39:12 [EMPTY]  
19:39:12 [STASH_COMPACT] §f                 §7You have §3654 §7materials stashed away!
19:39:12 [STASH_COMPACT] §f               §8(This totals 1 type of material stashed!)
19:39:12 [STASH_COMPACT] §f                §3§l>>> §3§lCLICK HERE§b to pick them up! §3§l<<<
19:39:12 [EMPTY]   
19:40:13 [EMPTY]  
19:40:13 [STASH_COMPACT] §f                 §7You have §3654 §7materials stashed away!
19:40:13 [STASH_COMPACT] §f               §8(This totals 1 type of material stashed!)
19:40:13 [STASH_COMPACT] §f                §3§l>>> §3§lCLICK HERE§b to pick them up! §3§l<<<
19:40:13 [EMPTY]   
19:41:14 [EMPTY]  
19:41:14 [STASH_COMPACT] §f                 §7You have §3654 §7materials stashed away!
19:41:14 [STASH_COMPACT] §f               §8(This totals 1 type of material stashed!)
19:41:14 [STASH_COMPACT] §f                §3§l>>> §3§lCLICK HERE§b to pick them up! §3§l<<<
19:41:14 [EMPTY]   
19:42:15 [EMPTY]  
19:42:15 [STASH_COMPACT] §f                 §7You have §3654 §7materials stashed away!
19:42:15 [STASH_COMPACT] §f               §8(This totals 1 type of material stashed!)
19:42:15 [STASH_COMPACT] §f                §3§l>>> §3§lCLICK HERE§b to pick them up! §3§l<<<
19:42:15 [EMPTY]   
19:43:15 [EMPTY]  
19:43:15 [STASH_COMPACT] §f                 §7You have §3654 §7materials stashed away!
19:43:15 [STASH_COMPACT] §f               §8(This totals 1 type of material stashed!)
19:43:15 [STASH_COMPACT] §f                §3§l>>> §3§lCLICK HERE§b to pick them up! §3§l<<<
19:43:15 [EMPTY]   
19:44:16 [EMPTY]  
19:44:16 [STASH_COMPACT] §f                 §7You have §3654 §7materials stashed away!
19:44:16 [STASH_COMPACT] §f               §8(This totals 1 type of material stashed!)
19:44:16 [STASH_COMPACT] §f                §3§l>>> §3§lCLICK HERE§b to pick them up! §3§l<<<
19:44:16 [EMPTY]   
19:45:17 [EMPTY]  
19:45:17 [STASH_COMPACT] §f                 §7You have §3654 §7materials stashed away!
19:45:17 [STASH_COMPACT] §f               §8(This totals 1 type of material stashed!)
19:45:17 [STASH_COMPACT] §f                §3§l>>> §3§lCLICK HERE§b to pick them up! §3§l<<<
19:45:17 [EMPTY]   
19:46:17 [EMPTY]  
19:46:17 [STASH_COMPACT] §f                 §7You have §3654 §7materials stashed away!
19:46:17 [STASH_COMPACT] §f               §8(This totals 1 type of material stashed!)
19:46:17 [STASH_COMPACT] §f                §3§l>>> §3§lCLICK HERE§b to pick them up! §3§l<<<
19:46:17 [EMPTY]   
19:47:18 [EMPTY]  
19:47:18 [STASH_COMPACT] §f                 §7You have §3654 §7materials stashed away!
19:47:18 [STASH_COMPACT] §f               §8(This totals 1 type of material stashed!)
19:47:18 [STASH_COMPACT] §f                §3§l>>> §3§lCLICK HERE§b to pick them up! §3§l<<<
19:47:18 [EMPTY]   
19:48:19 [EMPTY]  
19:48:19 [STASH_COMPACT] §f                 §7You have §3654 §7materials stashed away!
19:48:19 [STASH_COMPACT] §f               §8(This totals 1 type of material stashed!)
19:48:19 [STASH_COMPACT] §f                §3§l>>> §3§lCLICK HERE§b to pick them up! §3§l<<<
19:48:19 [EMPTY]   
19:49:05 [EMPTY] §f
19:49:20 [EMPTY]  
19:49:20 [STASH_COMPACT] §f                 §7You have §3654 §7materials stashed away!
19:49:20 [STASH_COMPACT] §f               §8(This totals 1 type of material stashed!)
19:49:20 [STASH_COMPACT] §f                §3§l>>> §3§lCLICK HERE§b to pick them up! §3§l<<<
19:49:20 [EMPTY]   
19:50:17 [EMPTY] §8 §r§8 §r§1 §r§3 §r§3 §r§7 §r§8 
19:50:20 [EMPTY]  
19:50:20 [STASH_COMPACT] §f                 §7You have §3654 §7materials stashed away!
19:50:20 [STASH_COMPACT] §f               §8(This totals 1 type of material stashed!)
19:50:20 [STASH_COMPACT] §f                §3§l>>> §3§lCLICK HERE§b to pick them up! §3§l<<<
19:50:20 [EMPTY]   
19:50:22 [EMPTY]  
19:50:22 [STASH_COMPACT] §f                 §7You have §3654 §7materials stashed away!
19:50:22 [STASH_COMPACT] §f               §8(This totals 1 type of material stashed!)
19:50:22 [STASH_COMPACT] §f                §3§l>>> §3§lCLICK HERE§b to pick them up! §3§l<<<
19:50:22 [EMPTY]   
19:51:23 [EMPTY]  
19:51:23 [STASH_COMPACT] §f                 §7You have §3654 §7materials stashed away!
19:51:23 [STASH_COMPACT] §f               §8(This totals 1 type of material stashed!)
19:51:23 [STASH_COMPACT] §f                §3§l>>> §3§lCLICK HERE§b to pick them up! §3§l<<<
19:51:23 [EMPTY]   
19:52:24 [EMPTY]  
19:52:24 [STASH_COMPACT] §f                 §7You have §3654 §7materials stashed away!
19:52:24 [STASH_COMPACT] §f               §8(This totals 1 type of material stashed!)
19:52:24 [STASH_COMPACT] §f                §3§l>>> §3§lCLICK HERE§b to pick them up! §3§l<<<
19:52:24 [EMPTY]   
19:53:20 [EMPTY] 
19:53:20 [EMPTY] 
19:53:24 [EMPTY]  
19:53:24 [STASH_COMPACT] §f                 §7You have §3654 §7materials stashed away!
19:53:24 [STASH_COMPACT] §f               §8(This totals 1 type of material stashed!)
19:53:24 [STASH_COMPACT] §f                §3§l>>> §3§lCLICK HERE§b to pick them up! §3§l<<<
19:53:24 [EMPTY]   
19:54:25 [EMPTY]  
19:54:25 [STASH_COMPACT] §f                 §7You have §3654 §7materials stashed away!
19:54:25 [STASH_COMPACT] §f               §8(This totals 1 type of material stashed!)
19:54:25 [STASH_COMPACT] §f                §3§l>>> §3§lCLICK HERE§b to pick them up! §3§l<<<
19:54:25 [EMPTY]   
19:55:26 [EMPTY]  
19:55:26 [STASH_COMPACT] §f                 §7You have §3654 §7materials stashed away!
19:55:26 [STASH_COMPACT] §f               §8(This totals 1 type of material stashed!)
19:55:26 [STASH_COMPACT] §f                §3§l>>> §3§lCLICK HERE§b to pick them up! §3§l<<<
19:55:26 [EMPTY]   
19:56:26 [EMPTY]  
19:56:26 [STASH_COMPACT] §f                 §7You have §3654 §7materials stashed away!
19:56:26 [STASH_COMPACT] §f               §8(This totals 1 type of material stashed!)
19:56:26 [STASH_COMPACT] §f                §3§l>>> §3§lCLICK HERE§b to pick them up! §3§l<<<
19:56:26 [EMPTY]   
19:57:27 [EMPTY]  
19:57:27 [STASH_COMPACT] §f                 §7You have §3654 §7materials stashed away!
19:57:27 [STASH_COMPACT] §f               §8(This totals 1 type of material stashed!)
19:57:27 [STASH_COMPACT] §f                §3§l>>> §3§lCLICK HERE§b to pick them up! §3§l<<<
19:57:27 [EMPTY]   
19:58:27 [EMPTY]  
19:58:27 [STASH_COMPACT] §f                 §7You have §3654 §7materials stashed away!
19:58:27 [STASH_COMPACT] §f               §8(This totals 1 type of material stashed!)
19:58:27 [STASH_COMPACT] §f                §3§l>>> §3§lCLICK HERE§b to pick them up! §3§l<<<
19:58:27 [EMPTY]   
19:59:28 [EMPTY]  
19:59:28 [STASH_COMPACT] §f                 §7You have §3654 §7materials stashed away!
19:59:28 [STASH_COMPACT] §f               §8(This totals 1 type of material stashed!)
19:59:28 [STASH_COMPACT] §f                §3§l>>> §3§lCLICK HERE§b to pick them up! §3§l<<<
19:59:28 [EMPTY]   
20:00:29 [EMPTY]  
20:00:29 [STASH_COMPACT] §f                 §7You have §3654 §7materials stashed away!
20:00:29 [STASH_COMPACT] §f               §8(This totals 1 type of material stashed!)
20:00:29 [STASH_COMPACT] §f                §3§l>>> §3§lCLICK HERE§b to pick them up! §3§l<<<
20:00:29 [EMPTY]   
20:01:29 [EMPTY]  
20:01:29 [STASH_COMPACT] §f                 §7You have §3654 §7materials stashed away!
20:01:29 [STASH_COMPACT] §f               §8(This totals 1 type of material stashed!)
20:01:29 [STASH_COMPACT] §f                §3§l>>> §3§lCLICK HERE§b to pick them up! §3§l<<<
20:01:29 [EMPTY]   
20:02:30 [EMPTY]  
20:02:30 [STASH_COMPACT] §f                 §7You have §3654 §7materials stashed away!
20:02:30 [STASH_COMPACT] §f               §8(This totals 1 type of material stashed!)
20:02:30 [STASH_COMPACT] §f                §3§l>>> §3§lCLICK HERE§b to pick them up! §3§l<<<
20:02:30 [EMPTY]   
20:03:30 [EMPTY]  
20:03:30 [STASH_COMPACT] §f                 §7You have §3654 §7materials stashed away!
20:03:30 [STASH_COMPACT] §f               §8(This totals 1 type of material stashed!)
20:03:30 [STASH_COMPACT] §f                §3§l>>> §3§lCLICK HERE§b to pick them up! §3§l<<<
20:03:30 [EMPTY]   
20:04:31 [EMPTY]  
20:04:31 [STASH_COMPACT] §f                 §7You have §3654 §7materials stashed away!
20:04:31 [STASH_COMPACT] §f               §8(This totals 1 type of material stashed!)
20:04:31 [STASH_COMPACT] §f                §3§l>>> §3§lCLICK HERE§b to pick them up! §3§l<<<
20:04:31 [EMPTY]   
