20:59:40 Trying to load config from config/skyhanni/config.json
20:59:40 load-config-now
20:59:40 Loaded config from file
20:59:40 Trying to load sacks from config/skyhanni/sacks.json
20:59:40 load-sacks-now
20:59:40 Loaded sacks from file
20:59:40 Trying to load friends from config/skyhanni/friends.json
20:59:40 load-friends-now
20:59:40 Loaded friends from file
20:59:40 Trying to load known_features from config/skyhanni/known_features.json
20:59:40 load-known_features-now
20:59:40 Loaded known_features from file
20:59:40 Trying to load jacob_contests from config/skyhanni/jacob_contests.json
20:59:40 load-jacob_contests-now
20:59:40 Loaded jacob_contests from file
20:59:40 Trying to load visual_words from config/skyhanni/visual_words.json
20:59:40 Setting visual_words to be blank as it did not exist. It will be saved once something is written to it
21:00:40 saveConfig: auto-save-60s
21:00:40 Saving config file
21:01:40 saveConfig: auto-save-60s
21:01:40 Saving config file
21:02:40 saveConfig: auto-save-60s
21:02:40 Saving config file
21:03:40 saveConfig: auto-save-60s
21:03:40 Saving config file
21:04:40 saveConfig: auto-save-60s
21:04:40 Saving config file
21:05:40 saveConfig: auto-save-60s
21:05:40 Saving config file
21:06:40 saveConfig: auto-save-60s
21:06:40 Saving config file
21:06:40 saveConfig: Updated known feature flags
21:06:40 Saving known_features file
21:07:40 saveConfig: auto-save-60s
21:07:40 Saving config file
21:08:40 saveConfig: auto-save-60s
21:08:40 Saving config file
21:08:57 saveConfig: saving-data
21:08:57 Saving sacks file
21:09:37 saveConfig: saving-data
21:09:37 Saving sacks file
21:09:40 saveConfig: auto-save-60s
21:09:40 Saving config file
21:10:29 saveConfig: Save contests
21:10:29 Saving jacob_contests file
21:10:40 saveConfig: auto-save-60s
21:10:40 Saving config file
21:11:40 saveConfig: auto-save-60s
21:11:40 Saving config file
21:12:40 saveConfig: auto-save-60s
21:12:40 Saving config file
21:13:40 saveConfig: auto-save-60s
21:13:40 Saving config file
21:14:40 saveConfig: auto-save-60s
21:14:40 Saving config file
21:15:40 saveConfig: auto-save-60s
21:15:40 Saving config file
21:16:40 saveConfig: auto-save-60s
21:16:40 Saving config file
21:17:40 saveConfig: auto-save-60s
21:17:40 Saving config file
21:18:40 saveConfig: auto-save-60s
21:18:40 Saving config file
21:19:40 saveConfig: auto-save-60s
21:19:40 Saving config file
21:20:40 saveConfig: auto-save-60s
21:20:40 Saving config file
21:21:40 saveConfig: auto-save-60s
21:21:40 Saving config file
21:22:40 saveConfig: auto-save-60s
21:22:40 Saving config file
21:23:40 saveConfig: auto-save-60s
21:23:40 Saving config file
21:24:40 saveConfig: auto-save-60s
21:24:40 Saving config file
21:25:40 saveConfig: auto-save-60s
21:25:40 Saving config file
21:26:40 saveConfig: auto-save-60s
21:26:40 Saving config file
21:27:40 saveConfig: auto-save-60s
21:27:40 Saving config file
21:28:40 saveConfig: auto-save-60s
21:28:40 Saving config file
21:29:40 saveConfig: auto-save-60s
21:29:40 Saving config file
21:30:40 saveConfig: auto-save-60s
21:30:40 Saving config file
21:31:40 saveConfig: auto-save-60s
21:31:40 Saving config file
21:32:40 saveConfig: auto-save-60s
21:32:40 Saving config file
21:33:40 saveConfig: auto-save-60s
21:33:40 Saving config file
21:34:40 saveConfig: auto-save-60s
21:34:40 Saving config file
21:35:40 saveConfig: auto-save-60s
21:35:40 Saving config file
21:36:40 saveConfig: auto-save-60s
21:36:40 Saving config file
21:37:40 saveConfig: auto-save-60s
21:37:40 Saving config file
21:38:40 saveConfig: auto-save-60s
21:38:40 Saving config file
21:39:40 saveConfig: auto-save-60s
21:39:40 Saving config file
21:40:40 saveConfig: auto-save-60s
21:40:40 Saving config file
21:41:40 saveConfig: auto-save-60s
21:41:40 Saving config file
21:42:40 saveConfig: auto-save-60s
21:42:40 Saving config file
21:43:39 saveConfig: saving-data
21:43:39 Saving sacks file
21:43:40 saveConfig: auto-save-60s
21:43:40 Saving config file
21:44:40 saveConfig: auto-save-60s
21:44:40 Saving config file
21:45:20 saveConfig: saving-data
21:45:20 Saving sacks file
21:45:40 saveConfig: auto-save-60s
21:45:40 Saving config file
21:46:40 saveConfig: auto-save-60s
21:46:40 Saving config file
21:47:29 saveConfig: saving-data
21:47:29 Saving sacks file
21:47:40 saveConfig: auto-save-60s
21:47:40 Saving config file
21:48:40 saveConfig: auto-save-60s
21:48:40 Saving config file
21:49:40 saveConfig: auto-save-60s
21:49:40 Saving config file
21:50:08 saveConfig: saving-data
21:50:08 Saving sacks file
21:50:40 saveConfig: auto-save-60s
21:50:40 Saving config file
21:51:40 saveConfig: auto-save-60s
21:51:40 Saving config file
21:52:06 saveConfig: saving-data
21:52:06 Saving sacks file
21:52:40 saveConfig: auto-save-60s
21:52:40 Saving config file
21:53:40 saveConfig: auto-save-60s
21:53:40 Saving config file
21:54:40 saveConfig: auto-save-60s
21:54:40 Saving config file
21:55:40 saveConfig: auto-save-60s
21:55:40 Saving config file
21:56:40 saveConfig: auto-save-60s
21:56:40 Saving config file
21:57:40 saveConfig: auto-save-60s
21:57:40 Saving config file
21:58:40 saveConfig: auto-save-60s
21:58:40 Saving config file
21:59:40 saveConfig: auto-save-60s
21:59:40 Saving config file
22:00:04 saveConfig: saving-data
22:00:04 Saving sacks file
22:00:11 saveConfig: saving-data
22:00:11 Saving sacks file
22:00:30 saveConfig: saving-data
22:00:30 Saving sacks file
22:00:40 saveConfig: auto-save-60s
22:00:40 Saving config file
22:01:40 saveConfig: auto-save-60s
22:01:40 Saving config file
22:02:40 saveConfig: auto-save-60s
22:02:40 Saving config file
22:03:40 saveConfig: auto-save-60s
22:03:40 Saving config file
22:04:40 saveConfig: auto-save-60s
22:04:40 Saving config file
22:05:40 saveConfig: auto-save-60s
22:05:40 Saving config file
22:06:40 saveConfig: auto-save-60s
22:06:40 Saving config file
22:07:40 saveConfig: auto-save-60s
22:07:40 Saving config file
22:08:40 saveConfig: auto-save-60s
22:08:40 Saving config file
22:09:40 saveConfig: auto-save-60s
22:09:40 Saving config file
22:10:40 saveConfig: auto-save-60s
22:10:40 Saving config file
22:11:40 saveConfig: auto-save-60s
22:11:40 Saving config file
22:12:40 saveConfig: auto-save-60s
22:12:40 Saving config file
22:13:40 saveConfig: auto-save-60s
22:13:40 Saving config file
22:14:40 saveConfig: auto-save-60s
22:14:40 Saving config file
22:15:37 saveConfig: saving-data
22:15:37 Saving sacks file
22:15:40 saveConfig: auto-save-60s
22:15:40 Saving config file
22:16:40 saveConfig: auto-save-60s
22:16:40 Saving config file
22:17:40 saveConfig: auto-save-60s
22:17:40 Saving config file
22:18:40 saveConfig: auto-save-60s
22:18:40 Saving config file
22:19:40 saveConfig: auto-save-60s
22:19:40 Saving config file
22:20:40 saveConfig: auto-save-60s
22:20:40 Saving config file
22:21:40 saveConfig: auto-save-60s
22:21:40 Saving config file
22:22:40 saveConfig: auto-save-60s
22:22:40 Saving config file
22:23:40 saveConfig: auto-save-60s
22:23:40 Saving config file
22:24:40 saveConfig: auto-save-60s
22:24:40 Saving config file
22:25:40 saveConfig: auto-save-60s
22:25:40 Saving config file
22:26:40 saveConfig: auto-save-60s
22:26:40 Saving config file
22:27:40 saveConfig: auto-save-60s
22:27:40 Saving config file
22:28:40 saveConfig: auto-save-60s
22:28:40 Saving config file
22:29:40 saveConfig: auto-save-60s
22:29:40 Saving config file
22:30:40 saveConfig: auto-save-60s
22:30:40 Saving config file
22:31:40 saveConfig: auto-save-60s
22:31:40 Saving config file
22:32:40 saveConfig: auto-save-60s
22:32:40 Saving config file
22:33:40 saveConfig: auto-save-60s
22:33:40 Saving config file
22:34:40 saveConfig: auto-save-60s
22:34:40 Saving config file
22:35:40 saveConfig: auto-save-60s
22:35:40 Saving config file
22:36:40 saveConfig: auto-save-60s
22:36:40 Saving config file
22:37:40 saveConfig: auto-save-60s
22:37:40 Saving config file
22:38:40 saveConfig: auto-save-60s
22:38:40 Saving config file
22:39:40 saveConfig: auto-save-60s
22:39:40 Saving config file
22:40:40 saveConfig: auto-save-60s
22:40:40 Saving config file
22:41:40 saveConfig: auto-save-60s
22:41:40 Saving config file
22:42:40 saveConfig: auto-save-60s
22:42:40 Saving config file
22:43:40 saveConfig: auto-save-60s
22:43:40 Saving config file
22:44:40 saveConfig: auto-save-60s
22:44:40 Saving config file
22:45:40 saveConfig: auto-save-60s
22:45:40 Saving config file
22:46:40 saveConfig: auto-save-60s
22:46:40 Saving config file
22:47:40 saveConfig: auto-save-60s
22:47:40 Saving config file
22:48:40 saveConfig: auto-save-60s
22:48:40 Saving config file
22:49:40 saveConfig: auto-save-60s
22:49:40 Saving config file
22:50:40 saveConfig: auto-save-60s
22:50:40 Saving config file
22:51:40 saveConfig: auto-save-60s
22:51:40 Saving config file
22:52:40 saveConfig: auto-save-60s
22:52:40 Saving config file
22:53:40 saveConfig: auto-save-60s
22:53:40 Saving config file
22:54:40 saveConfig: auto-save-60s
22:54:40 Saving config file
22:55:40 saveConfig: auto-save-60s
22:55:40 Saving config file
22:56:40 saveConfig: auto-save-60s
22:56:40 Saving config file
22:57:40 saveConfig: auto-save-60s
22:57:40 Saving config file
22:57:46 saveConfig: saving-data
22:57:46 Saving sacks file
22:58:40 saveConfig: auto-save-60s
22:58:40 Saving config file
22:59:40 saveConfig: auto-save-60s
22:59:40 Saving config file
23:00:40 saveConfig: auto-save-60s
23:00:40 Saving config file
23:01:40 saveConfig: auto-save-60s
23:01:40 Saving config file
23:02:40 saveConfig: auto-save-60s
23:02:40 Saving config file
23:02:41 saveConfig: saving-data
23:02:41 Saving sacks file
23:03:40 saveConfig: auto-save-60s
23:03:40 Saving config file
23:04:23 saveConfig: saving-data
23:04:23 Saving sacks file
23:04:40 saveConfig: auto-save-60s
23:04:40 Saving config file
23:05:40 saveConfig: auto-save-60s
23:05:40 Saving config file
23:06:40 saveConfig: auto-save-60s
23:06:40 Saving config file
23:07:40 saveConfig: auto-save-60s
23:07:40 Saving config file
23:08:40 saveConfig: auto-save-60s
23:08:40 Saving config file
23:09:40 saveConfig: auto-save-60s
23:09:40 Saving config file
23:10:40 saveConfig: auto-save-60s
23:10:40 Saving config file
23:11:40 saveConfig: auto-save-60s
23:11:40 Saving config file
23:12:40 saveConfig: auto-save-60s
23:12:40 Saving config file
23:13:40 saveConfig: auto-save-60s
23:13:40 Saving config file
23:14:40 saveConfig: auto-save-60s
23:14:40 Saving config file
23:15:40 saveConfig: auto-save-60s
23:15:40 Saving config file
23:16:40 saveConfig: auto-save-60s
23:16:40 Saving config file
23:17:40 saveConfig: auto-save-60s
23:17:40 Saving config file
23:18:40 saveConfig: auto-save-60s
23:18:40 Saving config file
23:19:40 saveConfig: auto-save-60s
23:19:40 Saving config file
23:20:40 saveConfig: auto-save-60s
23:20:40 Saving config file
23:21:40 saveConfig: auto-save-60s
23:21:40 Saving config file
23:22:40 saveConfig: auto-save-60s
23:22:40 Saving config file
23:23:40 saveConfig: auto-save-60s
23:23:40 Saving config file
23:24:40 saveConfig: auto-save-60s
23:24:40 Saving config file
23:25:40 saveConfig: auto-save-60s
23:25:40 Saving config file
23:26:40 saveConfig: auto-save-60s
23:26:40 Saving config file
23:27:40 saveConfig: auto-save-60s
23:27:40 Saving config file
23:28:40 saveConfig: auto-save-60s
23:28:40 Saving config file
23:29:40 saveConfig: auto-save-60s
23:29:40 Saving config file
23:30:40 saveConfig: auto-save-60s
23:30:40 Saving config file
23:31:40 saveConfig: saving-data
23:31:40 Saving sacks file
23:31:40 saveConfig: auto-save-60s
23:31:40 Saving config file
23:32:40 saveConfig: auto-save-60s
23:32:40 Saving config file
23:33:40 saveConfig: auto-save-60s
23:33:40 Saving config file
23:34:40 saveConfig: auto-save-60s
23:34:40 Saving config file
23:35:40 saveConfig: auto-save-60s
23:35:40 Saving config file
23:36:40 saveConfig: auto-save-60s
23:36:40 Saving config file
23:37:40 saveConfig: auto-save-60s
23:37:40 Saving config file
23:38:40 saveConfig: auto-save-60s
23:38:40 Saving config file
23:39:40 saveConfig: auto-save-60s
23:39:40 Saving config file
23:40:40 saveConfig: auto-save-60s
23:40:40 Saving config file
23:41:40 saveConfig: auto-save-60s
23:41:40 Saving config file
23:42:40 saveConfig: auto-save-60s
23:42:40 Saving config file
23:43:40 saveConfig: auto-save-60s
23:43:40 Saving config file
23:44:40 saveConfig: auto-save-60s
23:44:40 Saving config file
23:45:40 saveConfig: auto-save-60s
23:45:40 Saving config file
23:46:40 saveConfig: auto-save-60s
23:46:40 Saving config file
23:47:40 saveConfig: auto-save-60s
23:47:40 Saving config file
23:48:40 saveConfig: auto-save-60s
23:48:40 Saving config file
23:49:40 saveConfig: auto-save-60s
23:49:40 Saving config file
23:50:40 saveConfig: auto-save-60s
23:50:40 Saving config file
23:51:40 saveConfig: auto-save-60s
23:51:40 Saving config file
23:52:40 saveConfig: auto-save-60s
23:52:40 Saving config file
23:53:40 saveConfig: auto-save-60s
23:53:40 Saving config file
23:54:40 saveConfig: auto-save-60s
23:54:40 Saving config file
23:55:40 saveConfig: auto-save-60s
23:55:40 Saving config file
23:56:40 saveConfig: auto-save-60s
23:56:40 Saving config file
23:57:40 saveConfig: auto-save-60s
23:57:40 Saving config file
23:58:40 saveConfig: auto-save-60s
23:58:40 Saving config file
23:59:40 saveConfig: auto-save-60s
23:59:40 Saving config file
00:00:40 saveConfig: auto-save-60s
00:00:40 Saving config file
00:01:40 saveConfig: auto-save-60s
00:01:40 Saving config file
00:02:40 saveConfig: auto-save-60s
00:02:40 Saving config file
00:03:40 saveConfig: auto-save-60s
00:03:40 Saving config file
00:04:40 saveConfig: auto-save-60s
00:04:40 Saving config file
00:05:40 saveConfig: auto-save-60s
00:05:40 Saving config file
00:06:40 saveConfig: auto-save-60s
00:06:40 Saving config file
00:07:40 saveConfig: auto-save-60s
00:07:40 Saving config file
00:08:40 saveConfig: auto-save-60s
00:08:40 Saving config file
00:09:40 saveConfig: auto-save-60s
00:09:40 Saving config file
00:10:40 saveConfig: auto-save-60s
00:10:40 Saving config file
00:11:40 saveConfig: auto-save-60s
00:11:40 Saving config file
00:12:40 saveConfig: auto-save-60s
00:12:40 Saving config file
00:13:40 saveConfig: auto-save-60s
00:13:40 Saving config file
00:14:40 saveConfig: auto-save-60s
00:14:40 Saving config file
00:15:40 saveConfig: auto-save-60s
00:15:40 Saving config file
00:16:40 saveConfig: auto-save-60s
00:16:40 Saving config file
00:17:40 saveConfig: auto-save-60s
00:17:40 Saving config file
00:18:40 saveConfig: auto-save-60s
00:18:40 Saving config file
00:19:40 saveConfig: auto-save-60s
00:19:40 Saving config file
00:20:40 saveConfig: auto-save-60s
00:20:40 Saving config file
00:21:40 saveConfig: auto-save-60s
00:21:40 Saving config file
00:22:40 saveConfig: auto-save-60s
00:22:40 Saving config file
00:23:40 saveConfig: auto-save-60s
00:23:40 Saving config file
00:24:40 saveConfig: auto-save-60s
00:24:40 Saving config file
00:25:40 saveConfig: auto-save-60s
00:25:40 Saving config file
00:26:40 saveConfig: auto-save-60s
00:26:40 Saving config file
00:27:40 saveConfig: auto-save-60s
00:27:40 Saving config file
00:28:40 saveConfig: auto-save-60s
00:28:40 Saving config file
00:29:40 saveConfig: auto-save-60s
00:29:40 Saving config file
00:30:40 saveConfig: auto-save-60s
00:30:40 Saving config file
00:31:40 saveConfig: auto-save-60s
00:31:40 Saving config file
00:32:40 saveConfig: auto-save-60s
00:32:40 Saving config file
00:33:40 saveConfig: auto-save-60s
00:33:40 Saving config file
00:34:40 saveConfig: auto-save-60s
00:34:40 Saving config file
00:35:40 saveConfig: auto-save-60s
00:35:40 Saving config file
00:36:40 saveConfig: auto-save-60s
00:36:40 Saving config file
00:37:40 saveConfig: auto-save-60s
00:37:40 Saving config file
00:38:40 saveConfig: auto-save-60s
00:38:40 Saving config file
00:39:40 saveConfig: auto-save-60s
00:39:40 Saving config file
00:40:40 saveConfig: auto-save-60s
00:40:40 Saving config file
00:41:40 saveConfig: auto-save-60s
00:41:40 Saving config file
00:42:40 saveConfig: auto-save-60s
00:42:40 Saving config file
00:43:40 saveConfig: auto-save-60s
00:43:40 Saving config file
00:44:40 saveConfig: auto-save-60s
00:44:40 Saving config file
00:45:40 saveConfig: auto-save-60s
00:45:40 Saving config file
00:46:40 saveConfig: auto-save-60s
00:46:40 Saving config file
00:47:40 saveConfig: auto-save-60s
00:47:40 Saving config file
00:48:40 saveConfig: auto-save-60s
00:48:40 Saving config file
00:49:40 saveConfig: auto-save-60s
00:49:40 Saving config file
00:50:40 saveConfig: auto-save-60s
00:50:40 Saving config file
00:51:40 saveConfig: auto-save-60s
00:51:40 Saving config file
00:52:40 saveConfig: auto-save-60s
00:52:40 Saving config file
00:53:40 saveConfig: auto-save-60s
00:53:40 Saving config file
00:54:40 saveConfig: auto-save-60s
00:54:40 Saving config file
00:55:40 saveConfig: auto-save-60s
00:55:40 Saving config file
00:56:40 saveConfig: auto-save-60s
00:56:40 Saving config file
00:57:40 saveConfig: auto-save-60s
00:57:40 Saving config file
00:58:40 saveConfig: auto-save-60s
00:58:40 Saving config file
00:59:40 saveConfig: auto-save-60s
00:59:40 Saving config file
01:00:40 saveConfig: auto-save-60s
01:00:40 Saving config file
01:01:40 saveConfig: auto-save-60s
01:01:40 Saving config file
01:02:40 saveConfig: auto-save-60s
01:02:40 Saving config file
01:03:40 saveConfig: auto-save-60s
01:03:40 Saving config file
01:04:40 saveConfig: auto-save-60s
01:04:40 Saving config file
01:05:40 saveConfig: auto-save-60s
01:05:40 Saving config file
01:06:40 saveConfig: auto-save-60s
01:06:40 Saving config file
01:07:40 saveConfig: auto-save-60s
01:07:40 Saving config file
01:08:40 saveConfig: auto-save-60s
01:08:40 Saving config file
01:09:40 saveConfig: auto-save-60s
01:09:40 Saving config file
01:10:40 saveConfig: auto-save-60s
01:10:40 Saving config file
01:11:40 saveConfig: auto-save-60s
01:11:40 Saving config file
01:12:40 saveConfig: auto-save-60s
01:12:40 Saving config file
01:13:40 saveConfig: auto-save-60s
01:13:40 Saving config file
01:14:40 saveConfig: auto-save-60s
01:14:40 Saving config file
01:15:40 saveConfig: auto-save-60s
01:15:40 Saving config file
01:16:40 saveConfig: auto-save-60s
01:16:40 Saving config file
01:17:40 saveConfig: auto-save-60s
01:17:40 Saving config file
01:18:40 saveConfig: auto-save-60s
01:18:40 Saving config file
01:19:40 saveConfig: auto-save-60s
01:19:40 Saving config file
01:20:40 saveConfig: auto-save-60s
01:20:40 Saving config file
01:21:40 saveConfig: auto-save-60s
01:21:40 Saving config file
01:22:40 saveConfig: auto-save-60s
01:22:40 Saving config file
01:23:40 saveConfig: auto-save-60s
01:23:40 Saving config file
01:24:40 saveConfig: auto-save-60s
01:24:40 Saving config file
01:25:40 saveConfig: auto-save-60s
01:25:40 Saving config file
01:26:40 saveConfig: auto-save-60s
01:26:40 Saving config file
01:27:40 saveConfig: auto-save-60s
01:27:40 Saving config file
01:28:40 saveConfig: auto-save-60s
01:28:40 Saving config file
01:29:40 saveConfig: auto-save-60s
01:29:40 Saving config file
01:30:40 saveConfig: auto-save-60s
01:30:40 Saving config file
01:31:40 saveConfig: auto-save-60s
01:31:40 Saving config file
01:32:40 saveConfig: auto-save-60s
01:32:40 Saving config file
01:33:40 saveConfig: auto-save-60s
01:33:40 Saving config file
01:34:40 saveConfig: auto-save-60s
01:34:40 Saving config file
01:35:40 saveConfig: auto-save-60s
01:35:40 Saving config file
01:36:40 saveConfig: auto-save-60s
01:36:40 Saving config file
01:37:40 saveConfig: auto-save-60s
01:37:40 Saving config file
01:38:40 saveConfig: auto-save-60s
01:38:40 Saving config file
01:39:40 saveConfig: auto-save-60s
01:39:40 Saving config file
01:40:40 saveConfig: auto-save-60s
01:40:40 Saving config file
01:41:40 saveConfig: auto-save-60s
01:41:40 Saving config file
01:42:40 saveConfig: auto-save-60s
01:42:40 Saving config file
01:43:40 saveConfig: auto-save-60s
01:43:40 Saving config file
01:44:40 saveConfig: auto-save-60s
01:44:40 Saving config file
01:45:40 saveConfig: auto-save-60s
01:45:40 Saving config file
01:46:40 saveConfig: auto-save-60s
01:46:40 Saving config file
01:47:40 saveConfig: auto-save-60s
01:47:40 Saving config file
01:48:40 saveConfig: auto-save-60s
01:48:40 Saving config file
01:49:40 saveConfig: auto-save-60s
01:49:40 Saving config file
01:50:40 saveConfig: auto-save-60s
01:50:40 Saving config file
01:51:40 saveConfig: auto-save-60s
01:51:40 Saving config file
01:52:40 saveConfig: auto-save-60s
01:52:40 Saving config file
01:53:40 saveConfig: auto-save-60s
01:53:40 Saving config file
01:54:40 saveConfig: auto-save-60s
01:54:40 Saving config file
01:55:40 saveConfig: auto-save-60s
01:55:40 Saving config file
01:56:40 saveConfig: auto-save-60s
01:56:40 Saving config file
01:57:40 saveConfig: auto-save-60s
01:57:40 Saving config file
01:58:40 saveConfig: auto-save-60s
01:58:40 Saving config file
01:59:40 saveConfig: auto-save-60s
01:59:40 Saving config file
02:00:40 saveConfig: auto-save-60s
02:00:40 Saving config file
02:01:40 saveConfig: auto-save-60s
02:01:40 Saving config file
02:02:40 saveConfig: auto-save-60s
02:02:40 Saving config file
02:03:40 saveConfig: auto-save-60s
02:03:40 Saving config file
02:04:40 saveConfig: auto-save-60s
02:04:40 Saving config file
02:05:40 saveConfig: auto-save-60s
02:05:40 Saving config file
02:06:40 saveConfig: auto-save-60s
02:06:40 Saving config file
02:07:40 saveConfig: auto-save-60s
02:07:40 Saving config file
02:08:40 saveConfig: auto-save-60s
02:08:40 Saving config file
02:09:40 saveConfig: auto-save-60s
02:09:40 Saving config file
02:10:40 saveConfig: auto-save-60s
02:10:40 Saving config file
02:11:40 saveConfig: auto-save-60s
02:11:40 Saving config file
02:12:40 saveConfig: auto-save-60s
02:12:40 Saving config file
02:13:40 saveConfig: auto-save-60s
02:13:40 Saving config file
02:14:40 saveConfig: auto-save-60s
02:14:40 Saving config file
02:15:40 saveConfig: auto-save-60s
02:15:40 Saving config file
02:16:40 saveConfig: auto-save-60s
02:16:40 Saving config file
02:17:40 saveConfig: auto-save-60s
02:17:40 Saving config file
02:18:40 saveConfig: auto-save-60s
02:18:40 Saving config file
02:19:40 saveConfig: auto-save-60s
02:19:40 Saving config file
02:20:40 saveConfig: auto-save-60s
02:20:40 Saving config file
02:21:40 saveConfig: auto-save-60s
02:21:40 Saving config file
02:22:40 saveConfig: auto-save-60s
02:22:40 Saving config file
02:23:40 saveConfig: auto-save-60s
02:23:40 Saving config file
02:24:40 saveConfig: auto-save-60s
02:24:40 Saving config file
02:25:40 saveConfig: auto-save-60s
02:25:40 Saving config file
02:26:40 saveConfig: auto-save-60s
02:26:40 Saving config file
02:27:40 saveConfig: auto-save-60s
02:27:40 Saving config file
02:28:40 saveConfig: auto-save-60s
02:28:40 Saving config file
02:29:40 saveConfig: auto-save-60s
02:29:40 Saving config file
02:30:40 saveConfig: auto-save-60s
02:30:40 Saving config file
02:31:40 saveConfig: auto-save-60s
02:31:40 Saving config file
02:32:40 saveConfig: auto-save-60s
02:32:40 Saving config file
02:33:40 saveConfig: auto-save-60s
02:33:40 Saving config file
02:34:40 saveConfig: auto-save-60s
02:34:40 Saving config file
02:35:40 saveConfig: auto-save-60s
02:35:40 Saving config file
02:36:40 saveConfig: auto-save-60s
02:36:40 Saving config file
02:37:40 saveConfig: auto-save-60s
02:37:40 Saving config file
02:38:40 saveConfig: auto-save-60s
02:38:40 Saving config file
02:39:40 saveConfig: auto-save-60s
02:39:40 Saving config file
02:40:40 saveConfig: auto-save-60s
02:40:40 Saving config file
02:41:40 saveConfig: auto-save-60s
02:41:40 Saving config file
02:42:40 saveConfig: auto-save-60s
02:42:40 Saving config file
02:43:40 saveConfig: auto-save-60s
02:43:40 Saving config file
02:44:40 saveConfig: auto-save-60s
02:44:40 Saving config file
02:45:40 saveConfig: auto-save-60s
02:45:40 Saving config file
02:46:40 saveConfig: auto-save-60s
02:46:40 Saving config file
02:47:40 saveConfig: auto-save-60s
02:47:40 Saving config file
02:48:40 saveConfig: auto-save-60s
02:48:40 Saving config file
02:49:40 saveConfig: auto-save-60s
02:49:40 Saving config file
02:50:40 saveConfig: auto-save-60s
02:50:40 Saving config file
02:51:40 saveConfig: auto-save-60s
02:51:40 Saving config file
02:52:40 saveConfig: auto-save-60s
02:52:40 Saving config file
02:53:40 saveConfig: auto-save-60s
02:53:40 Saving config file
02:54:40 saveConfig: auto-save-60s
02:54:40 Saving config file
02:55:40 saveConfig: auto-save-60s
02:55:40 Saving config file
02:56:40 saveConfig: auto-save-60s
02:56:40 Saving config file
02:57:40 saveConfig: auto-save-60s
02:57:40 Saving config file
02:58:40 saveConfig: auto-save-60s
02:58:40 Saving config file
02:59:40 saveConfig: auto-save-60s
02:59:40 Saving config file
03:00:40 saveConfig: auto-save-60s
03:00:40 Saving config file
03:01:40 saveConfig: auto-save-60s
03:01:40 Saving config file
03:02:40 saveConfig: auto-save-60s
03:02:40 Saving config file
03:03:40 saveConfig: auto-save-60s
03:03:40 Saving config file
03:04:40 saveConfig: auto-save-60s
03:04:40 Saving config file
03:05:40 saveConfig: auto-save-60s
03:05:40 Saving config file
03:06:40 saveConfig: auto-save-60s
03:06:40 Saving config file
03:07:40 saveConfig: auto-save-60s
03:07:40 Saving config file
03:08:40 saveConfig: auto-save-60s
03:08:40 Saving config file
03:09:40 saveConfig: auto-save-60s
03:09:40 Saving config file
03:10:40 saveConfig: auto-save-60s
03:10:40 Saving config file
03:11:40 saveConfig: auto-save-60s
03:11:40 Saving config file
03:12:40 saveConfig: auto-save-60s
03:12:40 Saving config file
03:13:40 saveConfig: auto-save-60s
03:13:40 Saving config file
03:14:40 saveConfig: auto-save-60s
03:14:40 Saving config file
03:15:40 saveConfig: auto-save-60s
03:15:40 Saving config file
03:16:40 saveConfig: auto-save-60s
03:16:40 Saving config file
03:17:40 saveConfig: auto-save-60s
03:17:40 Saving config file
03:18:40 saveConfig: auto-save-60s
03:18:40 Saving config file
03:19:40 saveConfig: auto-save-60s
03:19:40 Saving config file
03:20:40 saveConfig: auto-save-60s
03:20:40 Saving config file
03:21:40 saveConfig: auto-save-60s
03:21:40 Saving config file
03:22:40 saveConfig: auto-save-60s
03:22:40 Saving config file
03:23:40 saveConfig: auto-save-60s
03:23:40 Saving config file
03:24:40 saveConfig: auto-save-60s
03:24:40 Saving config file
03:25:40 saveConfig: auto-save-60s
03:25:40 Saving config file
03:26:40 saveConfig: auto-save-60s
03:26:40 Saving config file
03:27:40 saveConfig: auto-save-60s
03:27:40 Saving config file
03:28:40 saveConfig: auto-save-60s
03:28:40 Saving config file
03:29:40 saveConfig: auto-save-60s
03:29:40 Saving config file
03:30:40 saveConfig: auto-save-60s
03:30:40 Saving config file
03:31:40 saveConfig: auto-save-60s
03:31:40 Saving config file
03:32:40 saveConfig: auto-save-60s
03:32:40 Saving config file
03:33:40 saveConfig: auto-save-60s
03:33:40 Saving config file
03:34:40 saveConfig: auto-save-60s
03:34:40 Saving config file
03:35:40 saveConfig: auto-save-60s
03:35:40 Saving config file
03:36:40 saveConfig: auto-save-60s
03:36:40 Saving config file
03:37:40 saveConfig: auto-save-60s
03:37:40 Saving config file
03:38:40 saveConfig: auto-save-60s
03:38:40 Saving config file
03:39:40 saveConfig: auto-save-60s
03:39:40 Saving config file
03:40:40 saveConfig: auto-save-60s
03:40:40 Saving config file
03:41:40 saveConfig: auto-save-60s
03:41:40 Saving config file
03:42:40 saveConfig: auto-save-60s
03:42:40 Saving config file
03:43:40 saveConfig: auto-save-60s
03:43:40 Saving config file
03:44:40 saveConfig: auto-save-60s
03:44:40 Saving config file
03:45:40 saveConfig: auto-save-60s
03:45:40 Saving config file
03:46:40 saveConfig: auto-save-60s
03:46:40 Saving config file
03:47:40 saveConfig: auto-save-60s
03:47:40 Saving config file
03:48:40 saveConfig: auto-save-60s
03:48:40 Saving config file
03:49:40 saveConfig: auto-save-60s
03:49:40 Saving config file
03:50:40 saveConfig: auto-save-60s
03:50:40 Saving config file
03:51:40 saveConfig: auto-save-60s
03:51:40 Saving config file
03:52:40 saveConfig: auto-save-60s
03:52:40 Saving config file
03:53:40 saveConfig: auto-save-60s
03:53:40 Saving config file
03:54:40 saveConfig: auto-save-60s
03:54:40 Saving config file
03:55:40 saveConfig: auto-save-60s
03:55:40 Saving config file
03:56:40 saveConfig: auto-save-60s
03:56:40 Saving config file
03:57:40 saveConfig: auto-save-60s
03:57:40 Saving config file
03:58:40 saveConfig: auto-save-60s
03:58:40 Saving config file
03:59:40 saveConfig: auto-save-60s
03:59:40 Saving config file
04:00:40 saveConfig: auto-save-60s
04:00:40 Saving config file
04:01:40 saveConfig: auto-save-60s
04:01:40 Saving config file
04:02:40 saveConfig: auto-save-60s
04:02:40 Saving config file
04:03:40 saveConfig: auto-save-60s
04:03:40 Saving config file
04:04:40 saveConfig: auto-save-60s
04:04:40 Saving config file
04:05:40 saveConfig: auto-save-60s
04:05:40 Saving config file
04:06:40 saveConfig: auto-save-60s
04:06:40 Saving config file
04:07:40 saveConfig: auto-save-60s
04:07:40 Saving config file
04:08:40 saveConfig: auto-save-60s
04:08:40 Saving config file
04:09:40 saveConfig: auto-save-60s
04:09:40 Saving config file
04:10:40 saveConfig: auto-save-60s
04:10:40 Saving config file
04:11:40 saveConfig: auto-save-60s
04:11:40 Saving config file
04:12:40 saveConfig: auto-save-60s
04:12:40 Saving config file
04:13:40 saveConfig: auto-save-60s
04:13:40 Saving config file
04:14:40 saveConfig: auto-save-60s
04:14:40 Saving config file
04:15:40 saveConfig: auto-save-60s
04:15:40 Saving config file
04:16:40 saveConfig: auto-save-60s
04:16:40 Saving config file
04:17:40 saveConfig: auto-save-60s
04:17:40 Saving config file
04:18:40 saveConfig: auto-save-60s
04:18:40 Saving config file
04:19:40 saveConfig: auto-save-60s
04:19:40 Saving config file
04:20:40 saveConfig: auto-save-60s
04:20:40 Saving config file
04:21:40 saveConfig: auto-save-60s
04:21:40 Saving config file
04:22:40 saveConfig: auto-save-60s
04:22:40 Saving config file
04:23:40 saveConfig: auto-save-60s
04:23:40 Saving config file
04:24:40 saveConfig: auto-save-60s
04:24:40 Saving config file
04:25:40 saveConfig: auto-save-60s
04:25:40 Saving config file
04:26:40 saveConfig: auto-save-60s
04:26:40 Saving config file
04:27:40 saveConfig: auto-save-60s
04:27:40 Saving config file
04:28:40 saveConfig: auto-save-60s
04:28:40 Saving config file
04:29:40 saveConfig: auto-save-60s
04:29:40 Saving config file
04:30:40 saveConfig: auto-save-60s
04:30:40 Saving config file
04:31:40 saveConfig: auto-save-60s
04:31:40 Saving config file
04:32:40 saveConfig: auto-save-60s
04:32:40 Saving config file
04:33:40 saveConfig: auto-save-60s
04:33:40 Saving config file
04:34:40 saveConfig: auto-save-60s
04:34:40 Saving config file
04:35:40 saveConfig: auto-save-60s
04:35:40 Saving config file
04:36:40 saveConfig: auto-save-60s
04:36:40 Saving config file
04:37:40 saveConfig: auto-save-60s
04:37:40 Saving config file
04:38:40 saveConfig: auto-save-60s
04:38:40 Saving config file
04:39:40 saveConfig: auto-save-60s
04:39:40 Saving config file
04:40:40 saveConfig: auto-save-60s
04:40:40 Saving config file
04:41:40 saveConfig: auto-save-60s
04:41:40 Saving config file
04:42:40 saveConfig: auto-save-60s
04:42:40 Saving config file
04:43:40 saveConfig: auto-save-60s
04:43:40 Saving config file
04:44:40 saveConfig: auto-save-60s
04:44:40 Saving config file
04:45:40 saveConfig: auto-save-60s
04:45:40 Saving config file
04:46:40 saveConfig: auto-save-60s
04:46:40 Saving config file
04:47:40 saveConfig: auto-save-60s
04:47:40 Saving config file
04:48:40 saveConfig: auto-save-60s
04:48:40 Saving config file
04:49:40 saveConfig: auto-save-60s
04:49:40 Saving config file
04:50:40 saveConfig: auto-save-60s
04:50:40 Saving config file
04:51:40 saveConfig: auto-save-60s
04:51:40 Saving config file
04:52:40 saveConfig: auto-save-60s
04:52:40 Saving config file
04:53:40 saveConfig: auto-save-60s
04:53:40 Saving config file
04:54:40 saveConfig: auto-save-60s
04:54:40 Saving config file
04:55:40 saveConfig: auto-save-60s
04:55:40 Saving config file
04:56:40 saveConfig: auto-save-60s
04:56:40 Saving config file
04:57:40 saveConfig: auto-save-60s
04:57:40 Saving config file
04:58:40 saveConfig: auto-save-60s
04:58:40 Saving config file
04:59:40 saveConfig: auto-save-60s
04:59:40 Saving config file
05:00:40 saveConfig: auto-save-60s
05:00:40 Saving config file
05:01:40 saveConfig: auto-save-60s
05:01:40 Saving config file
05:02:40 saveConfig: auto-save-60s
05:02:40 Saving config file
05:03:40 saveConfig: auto-save-60s
05:03:40 Saving config file
05:04:40 saveConfig: auto-save-60s
05:04:40 Saving config file
05:05:40 saveConfig: auto-save-60s
05:05:40 Saving config file
05:06:40 saveConfig: auto-save-60s
05:06:40 Saving config file
05:07:40 saveConfig: auto-save-60s
05:07:40 Saving config file
05:08:40 saveConfig: auto-save-60s
05:08:40 Saving config file
05:09:40 saveConfig: auto-save-60s
05:09:40 Saving config file
05:10:40 saveConfig: auto-save-60s
05:10:40 Saving config file
05:11:40 saveConfig: auto-save-60s
05:11:40 Saving config file
05:12:40 saveConfig: auto-save-60s
05:12:40 Saving config file
05:13:40 saveConfig: auto-save-60s
05:13:40 Saving config file
05:14:40 saveConfig: auto-save-60s
05:14:40 Saving config file
05:15:40 saveConfig: auto-save-60s
05:15:40 Saving config file
05:16:40 saveConfig: auto-save-60s
05:16:40 Saving config file
05:17:40 saveConfig: auto-save-60s
05:17:40 Saving config file
05:18:40 saveConfig: auto-save-60s
05:18:40 Saving config file
05:19:40 saveConfig: auto-save-60s
05:19:40 Saving config file
05:20:40 saveConfig: auto-save-60s
05:20:40 Saving config file
05:21:40 saveConfig: auto-save-60s
05:21:40 Saving config file
05:22:40 saveConfig: auto-save-60s
05:22:40 Saving config file
05:23:40 saveConfig: auto-save-60s
05:23:40 Saving config file
05:24:40 saveConfig: auto-save-60s
05:24:40 Saving config file
05:25:40 saveConfig: auto-save-60s
05:25:40 Saving config file
05:26:40 saveConfig: auto-save-60s
05:26:40 Saving config file
05:27:40 saveConfig: auto-save-60s
05:27:40 Saving config file
05:28:40 saveConfig: auto-save-60s
05:28:40 Saving config file
05:29:40 saveConfig: auto-save-60s
05:29:40 Saving config file
05:30:40 saveConfig: auto-save-60s
05:30:40 Saving config file
05:31:40 saveConfig: auto-save-60s
05:31:40 Saving config file
05:32:40 saveConfig: auto-save-60s
05:32:40 Saving config file
05:33:40 saveConfig: auto-save-60s
05:33:40 Saving config file
05:34:40 saveConfig: auto-save-60s
05:34:40 Saving config file
05:35:40 saveConfig: auto-save-60s
05:35:40 Saving config file
05:36:40 saveConfig: auto-save-60s
05:36:40 Saving config file
05:37:40 saveConfig: auto-save-60s
05:37:40 Saving config file
05:38:40 saveConfig: auto-save-60s
05:38:40 Saving config file
05:39:40 saveConfig: auto-save-60s
05:39:40 Saving config file
05:40:40 saveConfig: auto-save-60s
05:40:40 Saving config file
05:41:40 saveConfig: auto-save-60s
05:41:40 Saving config file
05:42:40 saveConfig: auto-save-60s
05:42:40 Saving config file
05:43:40 saveConfig: auto-save-60s
05:43:40 Saving config file
05:44:40 saveConfig: auto-save-60s
05:44:40 Saving config file
05:45:40 saveConfig: auto-save-60s
05:45:40 Saving config file
05:46:40 saveConfig: auto-save-60s
05:46:40 Saving config file
05:47:40 saveConfig: auto-save-60s
05:47:40 Saving config file
05:48:40 saveConfig: auto-save-60s
05:48:40 Saving config file
05:49:40 saveConfig: auto-save-60s
05:49:40 Saving config file
05:50:40 saveConfig: auto-save-60s
05:50:40 Saving config file
05:51:40 saveConfig: auto-save-60s
05:51:40 Saving config file
05:52:40 saveConfig: auto-save-60s
05:52:40 Saving config file
05:53:40 saveConfig: auto-save-60s
05:53:40 Saving config file
05:54:40 saveConfig: auto-save-60s
05:54:40 Saving config file
05:55:40 saveConfig: auto-save-60s
05:55:40 Saving config file
05:56:40 saveConfig: auto-save-60s
05:56:40 Saving config file
05:57:40 saveConfig: auto-save-60s
05:57:40 Saving config file
05:58:40 saveConfig: auto-save-60s
05:58:40 Saving config file
05:59:40 saveConfig: auto-save-60s
05:59:40 Saving config file
06:00:40 saveConfig: auto-save-60s
06:00:40 Saving config file
06:01:40 saveConfig: auto-save-60s
06:01:40 Saving config file
06:02:40 saveConfig: auto-save-60s
06:02:40 Saving config file
06:03:40 saveConfig: auto-save-60s
06:03:40 Saving config file
06:04:40 saveConfig: auto-save-60s
06:04:40 Saving config file
06:05:40 saveConfig: auto-save-60s
06:05:40 Saving config file
06:06:40 saveConfig: auto-save-60s
06:06:40 Saving config file
06:07:40 saveConfig: auto-save-60s
06:07:40 Saving config file
06:08:40 saveConfig: auto-save-60s
06:08:40 Saving config file
06:09:40 saveConfig: auto-save-60s
06:09:40 Saving config file
06:10:40 saveConfig: auto-save-60s
06:10:40 Saving config file
06:11:40 saveConfig: auto-save-60s
06:11:40 Saving config file
06:12:40 saveConfig: auto-save-60s
06:12:40 Saving config file
06:13:40 saveConfig: auto-save-60s
06:13:40 Saving config file
06:14:40 saveConfig: auto-save-60s
06:14:40 Saving config file
06:15:40 saveConfig: auto-save-60s
06:15:40 Saving config file
06:16:40 saveConfig: auto-save-60s
06:16:40 Saving config file
06:17:40 saveConfig: auto-save-60s
06:17:40 Saving config file
06:18:40 saveConfig: auto-save-60s
06:18:40 Saving config file
06:19:40 saveConfig: auto-save-60s
06:19:40 Saving config file
06:20:40 saveConfig: auto-save-60s
06:20:40 Saving config file
06:21:40 saveConfig: auto-save-60s
06:21:40 Saving config file
06:22:40 saveConfig: auto-save-60s
06:22:40 Saving config file
06:23:40 saveConfig: auto-save-60s
06:23:40 Saving config file
06:24:40 saveConfig: auto-save-60s
06:24:40 Saving config file
06:25:40 saveConfig: auto-save-60s
06:25:40 Saving config file
06:26:40 saveConfig: auto-save-60s
06:26:40 Saving config file
06:27:40 saveConfig: auto-save-60s
06:27:40 Saving config file
06:28:40 saveConfig: auto-save-60s
06:28:40 Saving config file
06:29:40 saveConfig: auto-save-60s
06:29:40 Saving config file
06:30:40 saveConfig: auto-save-60s
06:30:40 Saving config file
06:31:40 saveConfig: auto-save-60s
06:31:40 Saving config file
06:32:40 saveConfig: auto-save-60s
06:32:40 Saving config file
06:33:40 saveConfig: auto-save-60s
06:33:40 Saving config file
06:34:40 saveConfig: auto-save-60s
06:34:40 Saving config file
06:35:40 saveConfig: auto-save-60s
06:35:40 Saving config file
06:36:40 saveConfig: auto-save-60s
06:36:40 Saving config file
06:37:40 saveConfig: auto-save-60s
06:37:40 Saving config file
06:38:40 saveConfig: auto-save-60s
06:38:40 Saving config file
06:39:40 saveConfig: auto-save-60s
06:39:40 Saving config file
06:40:40 saveConfig: auto-save-60s
06:40:40 Saving config file
06:41:40 saveConfig: auto-save-60s
06:41:40 Saving config file
06:42:40 saveConfig: auto-save-60s
06:42:40 Saving config file
06:43:40 saveConfig: auto-save-60s
06:43:40 Saving config file
06:44:40 saveConfig: auto-save-60s
06:44:40 Saving config file
06:45:40 saveConfig: auto-save-60s
06:45:40 Saving config file
06:46:40 saveConfig: auto-save-60s
06:46:40 Saving config file
06:47:40 saveConfig: auto-save-60s
06:47:40 Saving config file
06:48:40 saveConfig: auto-save-60s
06:48:40 Saving config file
06:49:40 saveConfig: auto-save-60s
06:49:40 Saving config file
06:50:40 saveConfig: auto-save-60s
06:50:40 Saving config file
06:51:40 saveConfig: auto-save-60s
06:51:40 Saving config file
06:52:40 saveConfig: auto-save-60s
06:52:40 Saving config file
06:53:40 saveConfig: auto-save-60s
06:53:40 Saving config file
06:54:40 saveConfig: auto-save-60s
06:54:40 Saving config file
06:55:40 saveConfig: auto-save-60s
06:55:40 Saving config file
06:56:40 saveConfig: auto-save-60s
06:56:40 Saving config file
06:57:40 saveConfig: auto-save-60s
06:57:40 Saving config file
06:58:40 saveConfig: auto-save-60s
06:58:40 Saving config file
06:59:40 saveConfig: auto-save-60s
06:59:40 Saving config file
07:00:40 saveConfig: auto-save-60s
07:00:40 Saving config file
07:01:40 saveConfig: auto-save-60s
07:01:40 Saving config file
07:02:40 saveConfig: auto-save-60s
07:02:40 Saving config file
07:03:40 saveConfig: auto-save-60s
07:03:40 Saving config file
07:04:40 saveConfig: auto-save-60s
07:04:40 Saving config file
07:05:40 saveConfig: auto-save-60s
07:05:40 Saving config file
07:06:40 saveConfig: auto-save-60s
07:06:40 Saving config file
07:07:40 saveConfig: auto-save-60s
07:07:40 Saving config file
07:08:40 saveConfig: auto-save-60s
07:08:40 Saving config file
07:09:40 saveConfig: auto-save-60s
07:09:40 Saving config file
07:10:40 saveConfig: auto-save-60s
07:10:40 Saving config file
07:11:40 saveConfig: auto-save-60s
07:11:40 Saving config file
07:12:40 saveConfig: auto-save-60s
07:12:40 Saving config file
07:13:40 saveConfig: auto-save-60s
07:13:40 Saving config file
07:14:40 saveConfig: auto-save-60s
07:14:40 Saving config file
07:15:40 saveConfig: auto-save-60s
07:15:40 Saving config file
07:16:40 saveConfig: auto-save-60s
07:16:40 Saving config file
07:17:40 saveConfig: auto-save-60s
07:17:40 Saving config file
07:18:40 saveConfig: auto-save-60s
07:18:40 Saving config file
07:19:40 saveConfig: auto-save-60s
07:19:40 Saving config file
07:20:40 saveConfig: auto-save-60s
07:20:40 Saving config file
07:21:40 saveConfig: auto-save-60s
07:21:40 Saving config file
07:22:40 saveConfig: auto-save-60s
07:22:40 Saving config file
07:23:40 saveConfig: auto-save-60s
07:23:40 Saving config file
07:24:40 saveConfig: auto-save-60s
07:24:40 Saving config file
07:25:40 saveConfig: auto-save-60s
07:25:40 Saving config file
07:26:40 saveConfig: auto-save-60s
07:26:40 Saving config file
07:27:40 saveConfig: auto-save-60s
07:27:40 Saving config file
07:28:40 saveConfig: auto-save-60s
07:28:40 Saving config file
07:29:40 saveConfig: auto-save-60s
07:29:40 Saving config file
07:30:40 saveConfig: auto-save-60s
07:30:40 Saving config file
07:31:40 saveConfig: auto-save-60s
07:31:40 Saving config file
07:32:40 saveConfig: auto-save-60s
07:32:40 Saving config file
07:33:40 saveConfig: auto-save-60s
07:33:40 Saving config file
07:34:40 saveConfig: auto-save-60s
07:34:40 Saving config file
07:35:40 saveConfig: auto-save-60s
07:35:40 Saving config file
07:36:40 saveConfig: auto-save-60s
07:36:40 Saving config file
07:37:40 saveConfig: auto-save-60s
07:37:40 Saving config file
07:38:40 saveConfig: auto-save-60s
07:38:40 Saving config file
07:39:40 saveConfig: auto-save-60s
07:39:40 Saving config file
07:40:40 saveConfig: auto-save-60s
07:40:40 Saving config file
07:41:40 saveConfig: auto-save-60s
07:41:40 Saving config file
07:42:40 saveConfig: auto-save-60s
07:42:40 Saving config file
07:43:40 saveConfig: auto-save-60s
07:43:40 Saving config file
07:44:40 saveConfig: auto-save-60s
07:44:40 Saving config file
07:45:40 saveConfig: auto-save-60s
07:45:40 Saving config file
07:46:40 saveConfig: auto-save-60s
07:46:40 Saving config file
07:47:40 saveConfig: auto-save-60s
07:47:40 Saving config file
07:48:40 saveConfig: auto-save-60s
07:48:40 Saving config file
07:49:40 saveConfig: auto-save-60s
07:49:40 Saving config file
07:50:40 saveConfig: auto-save-60s
07:50:40 Saving config file
07:51:40 saveConfig: auto-save-60s
07:51:40 Saving config file
07:52:40 saveConfig: auto-save-60s
07:52:40 Saving config file
07:53:40 saveConfig: auto-save-60s
07:53:40 Saving config file
07:54:40 saveConfig: auto-save-60s
07:54:40 Saving config file
07:55:40 saveConfig: auto-save-60s
07:55:40 Saving config file
07:56:40 saveConfig: auto-save-60s
07:56:40 Saving config file
07:57:40 saveConfig: auto-save-60s
07:57:40 Saving config file
07:58:40 saveConfig: auto-save-60s
07:58:40 Saving config file
07:59:40 saveConfig: auto-save-60s
07:59:40 Saving config file
08:00:40 saveConfig: auto-save-60s
08:00:40 Saving config file
08:01:40 saveConfig: auto-save-60s
08:01:40 Saving config file
08:02:40 saveConfig: auto-save-60s
08:02:40 Saving config file
08:03:40 saveConfig: auto-save-60s
08:03:40 Saving config file
08:04:40 saveConfig: auto-save-60s
08:04:40 Saving config file
08:05:40 saveConfig: auto-save-60s
08:05:40 Saving config file
08:06:40 saveConfig: auto-save-60s
08:06:40 Saving config file
08:07:40 saveConfig: auto-save-60s
08:07:40 Saving config file
08:08:40 saveConfig: auto-save-60s
08:08:40 Saving config file
08:09:40 saveConfig: auto-save-60s
08:09:40 Saving config file
08:10:40 saveConfig: auto-save-60s
08:10:40 Saving config file
08:11:40 saveConfig: auto-save-60s
08:11:40 Saving config file
08:12:40 saveConfig: auto-save-60s
08:12:40 Saving config file
08:13:40 saveConfig: auto-save-60s
08:13:40 Saving config file
08:14:40 saveConfig: auto-save-60s
08:14:40 Saving config file
08:15:40 saveConfig: auto-save-60s
08:15:40 Saving config file
08:16:40 saveConfig: auto-save-60s
08:16:40 Saving config file
08:17:40 saveConfig: auto-save-60s
08:17:40 Saving config file
08:18:40 saveConfig: auto-save-60s
08:18:40 Saving config file
08:19:40 saveConfig: auto-save-60s
08:19:40 Saving config file
08:20:40 saveConfig: auto-save-60s
08:20:40 Saving config file
08:21:40 saveConfig: auto-save-60s
08:21:40 Saving config file
08:22:40 saveConfig: auto-save-60s
08:22:40 Saving config file
08:23:40 saveConfig: auto-save-60s
08:23:40 Saving config file
08:24:40 saveConfig: auto-save-60s
08:24:40 Saving config file
08:25:40 saveConfig: auto-save-60s
08:25:40 Saving config file
08:26:40 saveConfig: auto-save-60s
08:26:40 Saving config file
08:27:40 saveConfig: auto-save-60s
08:27:40 Saving config file
08:28:40 saveConfig: auto-save-60s
08:28:40 Saving config file
08:29:40 saveConfig: auto-save-60s
08:29:40 Saving config file
08:30:40 saveConfig: auto-save-60s
08:30:40 Saving config file
08:31:40 saveConfig: auto-save-60s
08:31:40 Saving config file
08:32:40 saveConfig: auto-save-60s
08:32:40 Saving config file
08:33:40 saveConfig: auto-save-60s
08:33:40 Saving config file
08:34:40 saveConfig: auto-save-60s
08:34:40 Saving config file
08:35:40 saveConfig: auto-save-60s
08:35:40 Saving config file
08:36:40 saveConfig: auto-save-60s
08:36:40 Saving config file
08:37:40 saveConfig: auto-save-60s
08:37:40 Saving config file
08:38:40 saveConfig: auto-save-60s
08:38:40 Saving config file
08:39:40 saveConfig: auto-save-60s
08:39:40 Saving config file
08:40:40 saveConfig: auto-save-60s
08:40:40 Saving config file
08:41:40 saveConfig: auto-save-60s
08:41:40 Saving config file
08:42:40 saveConfig: auto-save-60s
08:42:40 Saving config file
08:43:40 saveConfig: auto-save-60s
08:43:40 Saving config file
08:44:40 saveConfig: auto-save-60s
08:44:40 Saving config file
08:45:40 saveConfig: auto-save-60s
08:45:40 Saving config file
08:46:40 saveConfig: auto-save-60s
08:46:40 Saving config file
08:47:40 saveConfig: auto-save-60s
08:47:40 Saving config file
08:48:40 saveConfig: auto-save-60s
08:48:40 Saving config file
08:49:40 saveConfig: auto-save-60s
08:49:40 Saving config file
08:50:40 saveConfig: auto-save-60s
08:50:40 Saving config file
08:51:40 saveConfig: auto-save-60s
08:51:40 Saving config file
08:52:40 saveConfig: auto-save-60s
08:52:40 Saving config file
08:53:40 saveConfig: auto-save-60s
08:53:40 Saving config file
08:54:40 saveConfig: auto-save-60s
08:54:40 Saving config file
08:55:40 saveConfig: auto-save-60s
08:55:40 Saving config file
08:56:40 saveConfig: auto-save-60s
08:56:40 Saving config file
08:57:40 saveConfig: auto-save-60s
08:57:40 Saving config file
08:58:40 saveConfig: auto-save-60s
08:58:40 Saving config file
08:59:40 saveConfig: auto-save-60s
08:59:40 Saving config file
09:00:40 saveConfig: auto-save-60s
09:00:40 Saving config file
09:01:40 saveConfig: auto-save-60s
09:01:40 Saving config file
09:02:40 saveConfig: auto-save-60s
09:02:40 Saving config file
09:03:40 saveConfig: auto-save-60s
09:03:40 Saving config file
09:04:40 saveConfig: auto-save-60s
09:04:40 Saving config file
09:05:40 saveConfig: auto-save-60s
09:05:40 Saving config file
09:06:40 saveConfig: auto-save-60s
09:06:40 Saving config file
09:07:40 saveConfig: auto-save-60s
09:07:40 Saving config file
09:08:40 saveConfig: auto-save-60s
09:08:40 Saving config file
09:09:40 saveConfig: auto-save-60s
09:09:40 Saving config file
09:10:40 saveConfig: auto-save-60s
09:10:40 Saving config file
09:11:40 saveConfig: auto-save-60s
09:11:40 Saving config file
09:12:40 saveConfig: auto-save-60s
09:12:40 Saving config file
09:13:40 saveConfig: auto-save-60s
09:13:40 Saving config file
09:14:40 saveConfig: auto-save-60s
09:14:40 Saving config file
09:15:40 saveConfig: auto-save-60s
09:15:40 Saving config file
09:16:40 saveConfig: auto-save-60s
09:16:40 Saving config file
09:17:40 saveConfig: auto-save-60s
09:17:40 Saving config file
09:18:40 saveConfig: auto-save-60s
09:18:40 Saving config file
09:19:40 saveConfig: auto-save-60s
09:19:40 Saving config file
09:20:40 saveConfig: auto-save-60s
09:20:40 Saving config file
09:21:40 saveConfig: auto-save-60s
09:21:40 Saving config file
09:22:40 saveConfig: auto-save-60s
09:22:40 Saving config file
09:23:40 saveConfig: auto-save-60s
09:23:40 Saving config file
09:24:40 saveConfig: auto-save-60s
09:24:40 Saving config file
09:25:40 saveConfig: auto-save-60s
09:25:40 Saving config file
09:26:40 saveConfig: auto-save-60s
09:26:40 Saving config file
09:27:40 saveConfig: auto-save-60s
09:27:40 Saving config file
09:28:40 saveConfig: auto-save-60s
09:28:40 Saving config file
09:29:40 saveConfig: auto-save-60s
09:29:40 Saving config file
09:30:40 saveConfig: auto-save-60s
09:30:40 Saving config file
09:31:40 saveConfig: auto-save-60s
09:31:40 Saving config file
09:32:40 saveConfig: auto-save-60s
09:32:40 Saving config file
09:33:40 saveConfig: auto-save-60s
09:33:40 Saving config file
09:34:40 saveConfig: auto-save-60s
09:34:40 Saving config file
09:35:40 saveConfig: auto-save-60s
09:35:40 Saving config file
09:36:40 saveConfig: auto-save-60s
09:36:40 Saving config file
09:37:40 saveConfig: auto-save-60s
09:37:40 Saving config file
09:38:40 saveConfig: auto-save-60s
09:38:40 Saving config file
09:39:40 saveConfig: auto-save-60s
09:39:40 Saving config file
09:40:40 saveConfig: auto-save-60s
09:40:40 Saving config file
09:41:40 saveConfig: auto-save-60s
09:41:40 Saving config file
09:42:40 saveConfig: auto-save-60s
09:42:40 Saving config file
09:43:40 saveConfig: auto-save-60s
09:43:40 Saving config file
09:44:40 saveConfig: auto-save-60s
09:44:40 Saving config file
09:45:40 saveConfig: auto-save-60s
09:45:40 Saving config file
09:46:40 saveConfig: auto-save-60s
09:46:40 Saving config file
09:47:40 saveConfig: auto-save-60s
09:47:40 Saving config file
09:48:40 saveConfig: auto-save-60s
09:48:40 Saving config file
09:49:40 saveConfig: auto-save-60s
09:49:40 Saving config file
09:50:40 saveConfig: auto-save-60s
09:50:40 Saving config file
09:51:40 saveConfig: auto-save-60s
09:51:40 Saving config file
09:52:40 saveConfig: auto-save-60s
09:52:40 Saving config file
09:53:40 saveConfig: auto-save-60s
09:53:40 Saving config file
09:54:40 saveConfig: auto-save-60s
09:54:40 Saving config file
09:55:40 saveConfig: auto-save-60s
09:55:40 Saving config file
09:56:40 saveConfig: auto-save-60s
09:56:40 Saving config file
09:57:40 saveConfig: auto-save-60s
09:57:40 Saving config file
09:58:40 saveConfig: auto-save-60s
09:58:40 Saving config file
09:59:40 saveConfig: auto-save-60s
09:59:40 Saving config file
10:00:40 saveConfig: auto-save-60s
10:00:40 Saving config file
10:01:40 saveConfig: auto-save-60s
10:01:40 Saving config file
10:02:40 saveConfig: auto-save-60s
10:02:40 Saving config file
10:03:40 saveConfig: auto-save-60s
10:03:40 Saving config file
10:04:40 saveConfig: auto-save-60s
10:04:40 Saving config file
10:05:40 saveConfig: auto-save-60s
10:05:40 Saving config file
10:06:40 saveConfig: auto-save-60s
10:06:40 Saving config file
10:07:40 saveConfig: auto-save-60s
10:07:40 Saving config file
10:08:40 saveConfig: auto-save-60s
10:08:40 Saving config file
10:09:40 saveConfig: auto-save-60s
10:09:40 Saving config file
10:10:40 saveConfig: auto-save-60s
10:10:40 Saving config file
10:11:40 saveConfig: auto-save-60s
10:11:40 Saving config file
10:12:40 saveConfig: auto-save-60s
10:12:40 Saving config file
10:13:40 saveConfig: auto-save-60s
10:13:40 Saving config file
10:14:40 saveConfig: auto-save-60s
10:14:40 Saving config file
10:15:40 saveConfig: auto-save-60s
10:15:40 Saving config file
10:16:40 saveConfig: auto-save-60s
10:16:40 Saving config file
10:17:40 saveConfig: auto-save-60s
10:17:40 Saving config file
10:18:40 saveConfig: auto-save-60s
10:18:40 Saving config file
10:19:40 saveConfig: auto-save-60s
10:19:40 Saving config file
10:20:40 saveConfig: auto-save-60s
10:20:40 Saving config file
10:21:40 saveConfig: auto-save-60s
10:21:40 Saving config file
10:22:40 saveConfig: auto-save-60s
10:22:40 Saving config file
10:23:40 saveConfig: auto-save-60s
10:23:40 Saving config file
10:24:40 saveConfig: auto-save-60s
10:24:40 Saving config file
10:25:40 saveConfig: auto-save-60s
10:25:40 Saving config file
10:26:40 saveConfig: auto-save-60s
10:26:40 Saving config file
10:27:40 saveConfig: auto-save-60s
10:27:40 Saving config file
10:28:40 saveConfig: auto-save-60s
10:28:40 Saving config file
10:29:40 saveConfig: auto-save-60s
10:29:40 Saving config file
10:30:40 saveConfig: auto-save-60s
10:30:40 Saving config file
10:31:40 saveConfig: auto-save-60s
10:31:40 Saving config file
10:32:40 saveConfig: auto-save-60s
10:32:40 Saving config file
10:33:40 saveConfig: auto-save-60s
10:33:40 Saving config file
10:34:40 saveConfig: auto-save-60s
10:34:40 Saving config file
10:35:40 saveConfig: auto-save-60s
10:35:40 Saving config file
10:36:40 saveConfig: auto-save-60s
10:36:40 Saving config file
10:37:40 saveConfig: auto-save-60s
10:37:40 Saving config file
10:38:40 saveConfig: auto-save-60s
10:38:40 Saving config file
10:39:40 saveConfig: auto-save-60s
10:39:40 Saving config file
10:40:40 saveConfig: auto-save-60s
10:40:40 Saving config file
10:41:40 saveConfig: auto-save-60s
10:41:40 Saving config file
10:42:40 saveConfig: auto-save-60s
10:42:40 Saving config file
10:43:40 saveConfig: auto-save-60s
10:43:40 Saving config file
10:44:40 saveConfig: auto-save-60s
10:44:40 Saving config file
10:45:40 saveConfig: auto-save-60s
10:45:40 Saving config file
10:46:40 saveConfig: auto-save-60s
10:46:40 Saving config file
10:47:40 saveConfig: auto-save-60s
10:47:40 Saving config file
10:48:40 saveConfig: auto-save-60s
10:48:40 Saving config file
10:49:40 saveConfig: auto-save-60s
10:49:40 Saving config file
10:50:40 saveConfig: auto-save-60s
10:50:40 Saving config file
10:51:40 saveConfig: auto-save-60s
10:51:40 Saving config file
10:52:40 saveConfig: auto-save-60s
10:52:40 Saving config file
10:53:40 saveConfig: auto-save-60s
10:53:40 Saving config file
10:54:40 saveConfig: auto-save-60s
10:54:40 Saving config file
10:55:40 saveConfig: auto-save-60s
10:55:40 Saving config file
10:56:40 saveConfig: auto-save-60s
10:56:40 Saving config file
10:57:40 saveConfig: auto-save-60s
10:57:40 Saving config file
10:58:40 saveConfig: auto-save-60s
10:58:40 Saving config file
10:59:40 saveConfig: auto-save-60s
10:59:40 Saving config file
11:00:40 saveConfig: auto-save-60s
11:00:40 Saving config file
11:01:40 saveConfig: auto-save-60s
11:01:40 Saving config file
11:02:40 saveConfig: auto-save-60s
11:02:40 Saving config file
11:03:40 saveConfig: auto-save-60s
11:03:40 Saving config file
11:04:40 saveConfig: auto-save-60s
11:04:40 Saving config file
11:05:40 saveConfig: auto-save-60s
11:05:40 Saving config file
11:06:40 saveConfig: auto-save-60s
11:06:40 Saving config file
11:07:40 saveConfig: auto-save-60s
11:07:40 Saving config file
11:08:40 saveConfig: auto-save-60s
11:08:40 Saving config file
11:09:40 saveConfig: auto-save-60s
11:09:40 Saving config file
11:10:40 saveConfig: auto-save-60s
11:10:40 Saving config file
11:11:40 saveConfig: auto-save-60s
11:11:40 Saving config file
11:12:40 saveConfig: auto-save-60s
11:12:40 Saving config file
11:13:40 saveConfig: auto-save-60s
11:13:40 Saving config file
11:14:40 saveConfig: auto-save-60s
11:14:40 Saving config file
11:15:40 saveConfig: auto-save-60s
11:15:40 Saving config file
11:16:40 saveConfig: auto-save-60s
11:16:40 Saving config file
11:17:40 saveConfig: auto-save-60s
11:17:40 Saving config file
11:18:40 saveConfig: auto-save-60s
11:18:40 Saving config file
11:19:40 saveConfig: auto-save-60s
11:19:40 Saving config file
11:20:40 saveConfig: auto-save-60s
11:20:40 Saving config file
11:21:40 saveConfig: auto-save-60s
11:21:40 Saving config file
11:22:40 saveConfig: auto-save-60s
11:22:40 Saving config file
11:23:40 saveConfig: auto-save-60s
11:23:40 Saving config file
11:24:40 saveConfig: auto-save-60s
11:24:40 Saving config file
11:25:40 saveConfig: auto-save-60s
11:25:40 Saving config file
11:26:40 saveConfig: auto-save-60s
11:26:40 Saving config file
11:27:40 saveConfig: auto-save-60s
11:27:40 Saving config file
11:28:40 saveConfig: auto-save-60s
11:28:40 Saving config file
11:29:40 saveConfig: auto-save-60s
11:29:40 Saving config file
11:30:40 saveConfig: auto-save-60s
11:30:40 Saving config file
11:31:40 saveConfig: auto-save-60s
11:31:40 Saving config file
11:32:40 saveConfig: auto-save-60s
11:32:40 Saving config file
11:33:40 saveConfig: auto-save-60s
11:33:40 Saving config file
11:34:40 saveConfig: auto-save-60s
11:34:40 Saving config file
11:35:40 saveConfig: auto-save-60s
11:35:40 Saving config file
11:36:40 saveConfig: auto-save-60s
11:36:40 Saving config file
11:37:40 saveConfig: auto-save-60s
11:37:40 Saving config file
11:38:40 saveConfig: auto-save-60s
11:38:40 Saving config file
11:39:40 saveConfig: auto-save-60s
11:39:40 Saving config file
11:40:40 saveConfig: auto-save-60s
11:40:40 Saving config file
11:41:40 saveConfig: auto-save-60s
11:41:40 Saving config file
11:42:40 saveConfig: auto-save-60s
11:42:40 Saving config file
11:43:40 saveConfig: auto-save-60s
11:43:40 Saving config file
11:44:40 saveConfig: auto-save-60s
11:44:40 Saving config file
11:45:40 saveConfig: auto-save-60s
11:45:40 Saving config file
11:46:40 saveConfig: auto-save-60s
11:46:40 Saving config file
11:47:40 saveConfig: auto-save-60s
11:47:40 Saving config file
11:48:40 saveConfig: auto-save-60s
11:48:40 Saving config file
11:49:10 saveConfig: saving-data
11:49:10 Saving sacks file
11:49:18 saveConfig: saving-data
11:49:18 Saving sacks file
11:49:40 saveConfig: auto-save-60s
11:49:40 Saving config file
11:50:16 saveConfig: shutdown-hook
11:50:16 Saving config file
