11:56:22 Trying to load config from config/skyhanni/config.json
11:56:22 load-config-now
11:56:23 Loaded config from file
11:56:23 Trying to load sacks from config/skyhanni/sacks.json
11:56:23 load-sacks-now
11:56:23 Loaded sacks from file
11:56:23 Trying to load friends from config/skyhanni/friends.json
11:56:23 load-friends-now
11:56:23 Loaded friends from file
11:56:23 Trying to load known_features from config/skyhanni/known_features.json
11:56:23 load-known_features-now
11:56:23 Loaded known_features from file
11:56:23 Trying to load jacob_contests from config/skyhanni/jacob_contests.json
11:56:23 load-jacob_contests-now
11:56:23 Loaded jacob_contests from file
11:56:23 Trying to load visual_words from config/skyhanni/visual_words.json
11:56:23 Setting visual_words to be blank as it did not exist. It will be saved once something is written to it
11:57:23 saveConfig: auto-save-60s
11:57:23 Saving config file
11:57:39 saveConfig: Updated known feature flags
11:57:39 Saving known_features file
11:57:41 saveConfig: shutdown-hook
11:57:41 Saving config file
