17:25:46 HUB
17:27:18 NONE
17:27:19 THE_RIFT
17:58:47 NONE
17:58:48 HUB
17:59:02 NONE
17:59:03 THE_RIFT
18:10:40 NONE
18:10:41 THE_PARK
18:11:47 NONE
18:11:48 PRIVATE_ISLAND
18:12:21 NONE
18:12:22 HUB
18:13:10 NONE
18:13:10 THE_PARK
18:16:05 NONE
18:16:06 HUB
18:16:10 NONE
18:16:10 THE_RIFT
18:17:52 NONE
18:17:53 DEEP_CAVERNS
18:19:11 NONE
18:19:12 DWARVEN_MINES
18:20:40 NONE
18:20:40 PRIVATE_ISLAND
18:21:18 NONE
18:21:18 HUB
18:21:47 NONE
18:21:48 PRIVATE_ISLAND
18:23:19 NONE
18:23:20 DWARVEN_MINES
18:23:44 NONE
18:23:45 HUB
18:23:48 NONE
18:23:48 THE_RIFT
18:25:25 NONE
18:25:26 DWARVEN_MINES
18:25:53 NONE
18:25:53 HUB
18:25:57 NONE
18:25:57 THE_RIFT
18:27:10 NONE
18:27:10 DWARVEN_MINES
18:27:50 NONE
18:27:50 HUB
18:27:53 NONE
18:27:53 THE_RIFT
18:28:23 NONE
18:28:24 PRIVATE_ISLAND
18:28:28 NONE
18:28:29 HUB
18:28:44 NONE
18:28:45 PRIVATE_ISLAND
18:30:15 NONE
18:30:15 DWARVEN_MINES
18:30:41 NONE
18:30:41 DEEP_CAVERNS
18:31:05 NONE
18:31:06 PRIVATE_ISLAND
18:50:25 NONE
18:50:25 HUB
18:50:29 NONE
18:50:29 THE_RIFT
19:07:38 NONE
19:07:38 THE_PARK
19:07:48 NONE
19:07:48 SPIDER_DEN
19:08:41 NONE
19:08:41 HUB
19:17:02 NONE
19:17:03 PRIVATE_ISLAND
19:21:47 NONE
19:21:47 THE_FARMING_ISLANDS
19:23:15 NONE
19:23:15 HUB
19:23:22 NONE
19:23:22 THE_RIFT
19:24:02 NONE
19:24:03 THE_FARMING_ISLANDS
19:25:49 NONE
19:25:49 HUB
19:25:57 NONE
19:25:58 THE_FARMING_ISLANDS
19:26:55 NONE
19:26:55 HUB
19:26:59 NONE
19:27:00 THE_FARMING_ISLANDS
19:28:57 NONE
19:28:57 PRIVATE_ISLAND
19:29:22 NONE
19:29:22 THE_FARMING_ISLANDS
19:36:16 NONE
19:36:17 HUB
19:36:22 NONE
19:36:23 THE_FARMING_ISLANDS
19:36:52 NONE
19:36:53 HUB
19:36:58 NONE
19:36:58 THE_RIFT
20:15:06 NONE
20:15:07 HUB
20:15:10 NONE
20:15:10 THE_RIFT
20:52:10 NONE
20:52:10 HUB
20:52:15 NONE
20:52:15 THE_RIFT
20:52:47 NONE
20:52:48 HUB
20:52:51 NONE
20:52:51 THE_RIFT
21:01:55 NONE
21:01:56 HUB
21:01:59 NONE
21:01:59 THE_RIFT
21:02:50 NONE
21:02:52 HUB
21:13:40 NONE
21:13:41 DWARVEN_MINES
21:19:44 NONE
21:19:44 PRIVATE_ISLAND
21:19:52 NONE
21:19:53 HUB
21:22:13 NONE
21:22:13 PRIVATE_ISLAND
21:22:19 NONE
21:22:20 HUB
21:22:38 NONE
21:22:39 PRIVATE_ISLAND
23:42:46 NONE
23:42:47 GARDEN
23:43:00 NONE
23:43:01 HUB
23:44:30 NONE
23:44:31 GARDEN
00:10:11 NONE
00:10:11 PRIVATE_ISLAND
00:10:25 NONE
00:10:26 GARDEN
01:19:07 NONE
01:19:07 PRIVATE_ISLAND
01:20:16 NONE
01:20:16 GARDEN
01:55:32 NONE
01:55:33 DWARVEN_MINES
