22:16:16 [EMPTY] §f §r§r§r§f §r§r§r§1 §r§r§r§0 §r§r§r§2 §r§r§r§f §r§r§r§f §r§r§r§2 §r§r§r§0 §r§r§r§4 §r§r§r§3 §r§r§r§9 §r§r§r§2 §r§r§r§0 §r§r§r§0 §r§r§r§3 §r§r§r§9 §r§r§r§2 §r§r§r§0 §r§r§r§0 §r§r§r§3 §r§r§r§9 §r§r§r§2 §r§r§r§0 §r§r§r§0 
22:16:16 [allowed] §b[MVP§3+§b] Euphaa§f §6slid into the lobby!
22:16:16 [allowed] §b§m--------------§r§f  §r§aGuild: Message Of The Day  §r§b§m--------------
22:16:16 [allowed] §b| §r§fJoin the guild discord!
22:16:16 [allowed] §b| §r§fhttps://discord.gg/9En6jSENjY
22:16:16 [allowed] §b| §r§fHave a great day!
22:16:16 [allowed] §b§m-----------------------------------------------------
22:16:17 [EMPTY] 
22:16:17 [allowed] §f§lHAPPY HOLIDAYS §e§lFROM HYPIXEL§r
§r§aYou may claim today's §bAdvent Calendar §areward!
§eClick here to claim!§r

22:16:19 [allowed]   §r§f§l➤ §r§6You have reached your Hype limit! Add Hype to Prototype Lobby minigames by right-clicking with the Hype Diamond!
22:16:21 [allowed] §b[MVP§e+§b] samtheturtles§f §6slid into the lobby!
22:16:24 [allowed] §b[MVP§c+§b] Styllek§f §6slid into the lobby!
22:16:24 [allowed] §b[MVP§c+§b] nochcraft72§f §6slid into the lobby!
22:16:26 [allowed] §b[MVP§a+§b] Arkt1k0s§f §6slid into the lobby!
22:16:26 [allowed] §b[MVP§d+§b] TypeAdiabetes§f §6slid into the lobby!
22:16:38 [allowed] §b[MVP§9+§b] c9llah§f §6slid into the lobby!
22:16:40 [allowed] §b[MVP§d+§b] Cheesy_Mouse§f §6slid into the lobby!
22:16:41 [allowed] §b[MVP§9+§b] janos088_§f §6slid into the lobby!
22:16:43 [allowed] §b[MVP§c+§b] LuchiBB§f §6slid into the lobby!
22:16:46 [allowed] §b[MVP§c+§b] DqrkHearts§f §6slid into the lobby!
22:16:47 [allowed] §b[MVP§9+§b] EmisterXD§f §6slid into the lobby!
22:16:50 [allowed] §b[MVP§2+§b] hysu§f §6slid into the lobby!
22:16:54 [allowed] §b[MVP§2+§b] KillerKitten52§f §6slid into the lobby!
22:16:54 [allowed] §b[MVP§2+§b] HalfChungus§f §6slid into the lobby!
22:16:56 [allowed] §b[MVP§c+§b] TheUnknownWookie§f §6slid into the lobby!
22:16:57 [allowed] §b[MVP§d+§b] Shedness_§f §6slid into the lobby!
22:17:01 [allowed] §b[MVP§c+§b] Anonymous11§f §6slid into the lobby!
22:17:08 [allowed] §b[MVP§2+§b] Eudaimony§f §6slid into the lobby!
22:17:10 [allowed] §b[MVP§2+§b] Doctor_Badass_§f §6slid into the lobby!
22:17:10 [allowed] §b[MVP§9+§b] Shivaz§f §6slid into the lobby!
22:17:14 [allowed] §b[MVP§9+§b] VAENO_§f §6slid into the lobby!
22:17:14 [allowed] §b[MVP§f+§b] Dcck§f §6slid into the lobby!
22:17:14 [allowed] §b[MVP§9+§b] CaptainCovs§f §6slid into the lobby!
22:17:17 [allowed] §b[MVP§9+§b] SuperPigham§f §6slid into the lobby!
22:17:18 [allowed] §b[MVP§d+§b] Daisy_while§f §6slid into the lobby!
22:17:20 [allowed] §b[MVP§c+§b] Deadpeak§f §6slid into the lobby!
22:17:26 [allowed] §b[MVP§2+§b] Buddles_§f §6slid into the lobby!
22:17:33 [allowed] §b[MVP§2+§b] legoman1223§f §6slid into the lobby!
22:17:34 [allowed]  §b>§c>§a>§r §r§6[MVP§6++§6] trilltofer§f §6slid into the lobby!§r §a<§c<§b<
22:17:36 [allowed] §b[MVP§4+§b] _Casually§f §6slid into the lobby!
22:17:37 [allowed] §b[MVP§3+§b] RNGCarriedMoment§f §6slid into the lobby!
22:17:37 [allowed] §b[MVP§c+§b] semperfire75§f §6slid into the lobby!
22:17:38 [allowed] §b[MVP§e+§b] EggBlazer§f §6slid into the lobby!
22:17:40 [allowed] §b[MVP§0+§b] X1ry§f §6slid into the lobby!
22:17:41 [allowed] §b[MVP§c+§b] LuchiBB§f §6slid into the lobby!
22:17:42 [allowed] §b[MVP§c+§b] defacating§f §6slid into the lobby!
22:17:42 [allowed] §b[MVP§c+§b] Segion§f §6slid into the lobby!
22:17:46 [allowed] §b[MVP§2+§b] MenehuneBoy§f §6slid into the lobby!
22:17:46 [allowed]  §b>§c>§a>§r §r§6[MVP§9++§6] xiery§f §6slid into the lobby!§r §a<§c<§b<
22:17:50 [allowed] §b[MVP§3+§b] vlture§f §6slid into the lobby!
22:17:51 [allowed] §7Wolfein777§7§r§7: g
22:17:51 [allowed] §b[MVP§a+§b] Hiccoryduder§f §6slid into the lobby!
22:17:51 [allowed] §b[MVP§9+§b] Timewarp77§f §6slid into the lobby!
22:17:54 [allowed] §b[MVP§2+§b] c_hp§f §6slid into the lobby!
22:17:58 [allowed] §b[MVP§d+§b] Shedness_§f §6slid into the lobby!
22:18:00 [allowed] §b[MVP§d+§b] ImGalaxy§f §6slid into the lobby!
22:18:05 [allowed] §b[MVP§c+§b] ____Corrupt____§f §6slid into the lobby!
22:18:08 [allowed] §b[MVP§9+§b] MopePro_REAL§f §6slid into the lobby!
22:18:12 [allowed]  §b>§c>§a>§r §r§6[MVP§f++§6] Sarge14§f §6slid into the lobby!§r §a<§c<§b<
22:18:12 [allowed] §b[MVP§2+§b] zj2§f §6slid into the lobby!
22:18:12 [allowed] §b[MVP§c+§b] TheBabaYega86§f §6slid into the lobby!
22:18:19 [allowed] §b[MVP§9+§b] Boat42§f §6slid into the lobby!
22:18:26 [allowed] §b[MVP§0+§b] FroggyKing8§f §6slid into the lobby!
22:18:26 [allowed] §b[MVP§9+§b] EmberPenguin§f §6slid into the lobby!
22:18:27 [allowed] §b[MVP§2+§b] Xuarig§f §6slid into the lobby!
22:18:28 [allowed] §b[MVP§c+§b] speedsterr§f §6slid into the lobby!
22:18:37 [allowed] §b[MVP§c+§b] Naveen7777§f §6slid into the lobby!
22:18:43 [allowed] §b[MVP§d+§b] NovaInitium§f §6slid into the lobby!
22:18:46 [allowed] §a§lThis is the finish line for the parkour! Get to the start line and climb back up here!
22:18:51 [allowed] §b[MVP§c+§b] Gannon357§f §6slid into the lobby!
22:18:52 [allowed] §b[MVP§2+§b] RubyJack73§f §6slid into the lobby!
22:18:55 [allowed] §b[MVP§c+§b] Edge_of_duality2§f §6slid into the lobby!
22:18:57 [allowed] §b[MVP§d+§b] IShowSlow_§f §6slid into the lobby!
22:18:59 [allowed] §b[MVP§2+§b] Digitizes§f §6slid into the lobby!
22:18:59 [allowed] §b[MVP§c+§b] Abhishek§f §6slid into the lobby!
22:19:01 [allowed] §b[MVP§2+§b] MuchoLinguine§f §6slid into the lobby!
22:19:03 [allowed] §b[MVP§c+§b] PeacfulGamer§f §6slid into the lobby!
22:19:03 [allowed] §b[MVP§2+§b] HarambeWaifu§f §6slid into the lobby!
22:19:10 [allowed] §b[MVP§d+§b] ABombWrenJinn§f §6slid into the lobby!
22:19:11 [allowed] §b[MVP§d+§b] _pandin§f §6slid into the lobby!
22:19:15 [allowed] §b[MVP§c+§b] djwowhd1§f §6slid into the lobby!
22:19:15 [allowed] §b[MVP§f+§b] flickkzz§f §6slid into the lobby!
22:19:17 [allowed] §b[MVP§f+§b] BenXDDDD§f §6slid into the lobby!
22:19:18 [allowed] §b[MVP§c+§b] Ra1n_kkk§f §6slid into the lobby!
22:19:25 [allowed] §b[MVP§2+§b] zj2§f §6slid into the lobby!
22:19:26 [allowed] §b[MVP§a+§b] Felcyn_§f §6slid into the lobby!
22:19:27 [allowed] §b[MVP§c+§b] just_kyle10§f §6slid into the lobby!
22:19:36 [allowed] §b[MVP§f+§b] RyeJow§f §6slid into the lobby!
22:19:50 [allowed] §b[MVP§8+§b] Pandy_§f §6slid into the lobby!
22:19:53 [allowed] §b[MVP§f+§b] Reckrage§f §6slid into the lobby!
22:19:53 [allowed] §b[MVP§f+§b] StratusClouds§f §6slid into the lobby!
22:19:53 [allowed] §b[MVP§c+§b] FifthTing§f §6slid into the lobby!
22:19:59 [allowed] §b[MVP§d+§b] Vinxey§f §6slid into the lobby!
22:20:03 [allowed] §b[MVP§2+§b] FourthTing§f §6slid into the lobby!
22:20:07 [allowed] §b[MVP§c+§b] SchurgerDaddy§f §6slid into the lobby!
22:20:12 [allowed] §b[MVP§d+§b] temyatemya§f §6slid into the lobby!
22:20:15 [allowed] §b[MVP§6+§b] J_ROCK_2112§f §6slid into the lobby!
22:20:15 [allowed] §b[MVP§f+§b] EighthTing§f §6slid into the lobby!
22:20:17 [allowed] §b[MVP§f+§b] GodNianyi§f §6slid into the lobby!
22:20:20 [allowed] §b[MVP§c+§b] BrettB123§f §6slid into the lobby!
22:20:21 [allowed] §b[MVP§c+§b] qiYoYip§f §6slid into the lobby!
22:20:22 [allowed] §b[MVP§f+§b] UKBetter§f §6slid into the lobby!
22:20:23 [allowed] §b[MVP§c+§b] Black_Haze_§f §6slid into the lobby!
22:20:24 [allowed]  §b>§c>§a>§r §r§6[MVP§0++§6] boofyOOF§f §6slid into the lobby!§r §a<§c<§b<
22:20:25 [allowed] §b[MVP§c+§b] Fey_Fairy_Josie§f §6slid into the lobby!
22:20:28 [allowed] §b[MVP§4+§b] TwistyDuck§f §6slid into the lobby!
22:20:29 [allowed] §b[MVP§2+§b] Cody_Ciel§f §6slid into the lobby!
22:20:35 [allowed] §7Sending to server mini1027J...
22:20:35 [EMPTY] §8 §r§8 §r§1 §r§3 §r§3 §r§7 §r§8 
22:20:35 [allowed] §eYou haven't claimed your §r§6Holidays Rewards §r§eyet!
22:20:35 [allowed] §eTalk to the §r§cGingerbread §r§fMan §r§ein the §r§aHub§r§e!
22:20:38 [EMPTY] 
22:20:38 [allowed] §eWelcome to §r§aHypixel SkyBlock§r§e!
22:20:38 [allowed] §6§lBONUS! §r§bTemporarily earn §r§a5% §r§bmore skill experience!
22:20:38 [EMPTY] 
22:20:38 [allowed] §eLatest update: §bSkyBlock v0.21 §e§lCLICK
22:20:38 [allowed] §aYou are playing on profile: §eBanana§b (Co-op)
22:20:38 [allowed] §8Profile ID: 56e969f8-003b-4df1-bbed-3112b2f3dc94
22:20:39 [EMPTY]  
22:20:39 [STASH_COMPACT] §f               §7You have §310,595 §7materials stashed away!
22:20:39 [STASH_COMPACT] §f              §8(This totals 2 types of materials stashed!)
22:20:39 [STASH_COMPACT] §f                §3§l>>> §3§lCLICK HERE§b to pick them up! §3§l<<<
22:20:39 [EMPTY]   
22:20:40 [EMPTY]  
22:20:40 [STASH_COMPACT] §f               §7You have §310,595 §7materials stashed away!
22:20:40 [STASH_COMPACT] §f              §8(This totals 2 types of materials stashed!)
22:20:40 [STASH_COMPACT] §f                §3§l>>> §3§lCLICK HERE§b to pick them up! §3§l<<<
22:20:40 [EMPTY]   
22:20:40 [SKYMALL] §bNew day! §r§eYour §r§2Sky Mall §r§ebuff changed!
22:20:40 [SKYMALL] §eNew buff§r§r§r: §r§fGain §r§6+100⸕ Mining Speed§r§f.
22:20:40 [SKYMALL] §8§oYou can disable this messaging by toggling Sky Mall in your /hotm!
22:21:26 [allowed] §cThere are blocks in the way!
22:21:26 [allowed] §cThere are blocks in the way!
22:21:26 [allowed] §cThere are blocks in the way!
22:21:27 [allowed] §cThere are blocks in the way!
22:21:27 [allowed] §cThere are blocks in the way!
22:21:28 [allowed] §cThere are blocks in the way!
22:21:30 [allowed] §cThere are blocks in the way!
22:21:31 [allowed] §7Your Implosion hit §r§c23 §r§7enemies for §r§c6,036,395.4 §r§7damage.
22:21:35 [allowed] §cThere are blocks in the way!
22:21:35 [allowed] §7Your Implosion hit §r§c6 §r§7enemies for §r§c1,584,228.1 §r§7damage.
22:21:40 [EMPTY]  
22:21:40 [STASH_COMPACT] §f               §7You have §310,595 §7materials stashed away!
22:21:40 [STASH_COMPACT] §f              §8(This totals 2 types of materials stashed!)
22:21:40 [STASH_COMPACT] §f                §3§l>>> §3§lCLICK HERE§b to pick them up! §3§l<<<
22:21:40 [EMPTY]   
22:21:45 [allowed] §cThere are blocks in the way!
22:21:45 [allowed] §7Your Implosion hit §r§c5 §r§7enemies for §r§c1,320,190.1 §r§7damage.
22:21:53 [allowed] §cThere are blocks in the way!
22:21:53 [allowed] §7Your Implosion hit §r§c3 §r§7enemies for §r§c792,114 §r§7damage.
22:21:58 [allowed] §cThere are blocks in the way!
22:21:58 [allowed] §cThere are blocks in the way!
22:22:40 [EMPTY]  
22:22:40 [STASH_COMPACT] §f               §7You have §310,595 §7materials stashed away!
22:22:40 [STASH_COMPACT] §f              §8(This totals 2 types of materials stashed!)
22:22:40 [STASH_COMPACT] §f                §3§l>>> §3§lCLICK HERE§b to pick them up! §3§l<<<
22:22:40 [EMPTY]   
22:23:40 [EMPTY]  
22:23:40 [STASH_COMPACT] §f               §7You have §310,595 §7materials stashed away!
22:23:40 [STASH_COMPACT] §f              §8(This totals 2 types of materials stashed!)
22:23:40 [STASH_COMPACT] §f                §3§l>>> §3§lCLICK HERE§b to pick them up! §3§l<<<
22:23:40 [EMPTY]   
22:24:40 [EMPTY]  
22:24:40 [STASH_COMPACT] §f               §7You have §310,595 §7materials stashed away!
22:24:40 [STASH_COMPACT] §f              §8(This totals 2 types of materials stashed!)
22:24:40 [STASH_COMPACT] §f                §3§l>>> §3§lCLICK HERE§b to pick them up! §3§l<<<
22:24:40 [EMPTY]   
22:25:07 [allowed] §e✆ §r§aHoppity§r§e ✆ 
22:25:07 [allowed] §a✆ RING... §r §r§2§l[PICK UP]
22:25:08 [allowed] §a✆ RING... RING... §r §r§2§l[PICK UP]
22:25:09 [allowed] §a✆ RING... RING... RING... §r §r§2§l[PICK UP]
22:25:12 [allowed] §e[NPC] §aHoppity§f: §b✆ §f§rWhat's up, §bEuphaa§f?
22:25:14 [allowed] §e[NPC] §aHoppity§f: §b✆ §f§rI just got a new Chocolate Rabbit and was wondering if you wanted to buy it.
22:25:15 [allowed] §eSelect an option: §r§a[Yes] §r§c[No] 
22:25:18 [allowed] §e[NPC] §aHoppity§f: §b✆ §f§rAlright, maybe next time.
22:25:19 [allowed] §e[NPC] §aHoppity§f: §b✆ §f§rSee you around!
22:25:36 [allowed] §aYou earned §r§2363 GEXP §r§afrom playing SkyBlock!
22:25:40 [EMPTY]  
22:25:40 [STASH_COMPACT] §f               §7You have §310,595 §7materials stashed away!
22:25:40 [STASH_COMPACT] §f              §8(This totals 2 types of materials stashed!)
22:25:40 [STASH_COMPACT] §f                §3§l>>> §3§lCLICK HERE§b to pick them up! §3§l<<<
22:25:40 [EMPTY]   
22:25:44 [allowed] §cThere are blocks in the way!
22:26:40 [EMPTY]  
22:26:40 [STASH_COMPACT] §f               §7You have §310,595 §7materials stashed away!
22:26:40 [STASH_COMPACT] §f              §8(This totals 2 types of materials stashed!)
22:26:40 [STASH_COMPACT] §f                §3§l>>> §3§lCLICK HERE§b to pick them up! §3§l<<<
22:26:40 [EMPTY]   
22:27:40 [EMPTY]  
22:27:40 [STASH_COMPACT] §f               §7You have §310,595 §7materials stashed away!
22:27:40 [STASH_COMPACT] §f              §8(This totals 2 types of materials stashed!)
22:27:40 [STASH_COMPACT] §f                §3§l>>> §3§lCLICK HERE§b to pick them up! §3§l<<<
22:27:40 [EMPTY]   
22:28:40 [EMPTY]  
22:28:40 [STASH_COMPACT] §f               §7You have §310,595 §7materials stashed away!
22:28:40 [STASH_COMPACT] §f              §8(This totals 2 types of materials stashed!)
22:28:40 [STASH_COMPACT] §f                §3§l>>> §3§lCLICK HERE§b to pick them up! §3§l<<<
22:28:40 [EMPTY]   
22:29:41 [EMPTY]  
22:29:41 [STASH_COMPACT] §f               §7You have §310,595 §7materials stashed away!
22:29:41 [STASH_COMPACT] §f              §8(This totals 2 types of materials stashed!)
22:29:41 [STASH_COMPACT] §f                §3§l>>> §3§lCLICK HERE§b to pick them up! §3§l<<<
22:29:41 [EMPTY]   
22:30:36 [allowed] §aYou earned §r§2386 GEXP §r§afrom playing SkyBlock!
22:30:41 [EMPTY]  
22:30:41 [STASH_COMPACT] §f               §7You have §310,595 §7materials stashed away!
22:30:41 [STASH_COMPACT] §f              §8(This totals 2 types of materials stashed!)
22:30:41 [STASH_COMPACT] §f                §3§l>>> §3§lCLICK HERE§b to pick them up! §3§l<<<
22:30:41 [EMPTY]   
22:31:41 [EMPTY]  
22:31:41 [STASH_COMPACT] §f               §7You have §310,595 §7materials stashed away!
22:31:41 [STASH_COMPACT] §f              §8(This totals 2 types of materials stashed!)
22:31:41 [STASH_COMPACT] §f                §3§l>>> §3§lCLICK HERE§b to pick them up! §3§l<<<
22:31:41 [EMPTY]   
22:32:41 [EMPTY]  
22:32:41 [STASH_COMPACT] §f               §7You have §310,595 §7materials stashed away!
22:32:41 [STASH_COMPACT] §f              §8(This totals 2 types of materials stashed!)
22:32:41 [STASH_COMPACT] §f                §3§l>>> §3§lCLICK HERE§b to pick them up! §3§l<<<
22:32:41 [EMPTY]   
22:33:41 [EMPTY]  
22:33:41 [STASH_COMPACT] §f               §7You have §310,595 §7materials stashed away!
22:33:41 [STASH_COMPACT] §f              §8(This totals 2 types of materials stashed!)
22:33:41 [STASH_COMPACT] §f                §3§l>>> §3§lCLICK HERE§b to pick them up! §3§l<<<
22:33:41 [EMPTY]   
22:34:30 [allowed] §aFriend > §r§bMineBlastr §r§eleft.
22:34:41 [EMPTY]  
22:34:41 [STASH_COMPACT] §f               §7You have §310,595 §7materials stashed away!
22:34:41 [STASH_COMPACT] §f              §8(This totals 2 types of materials stashed!)
22:34:41 [STASH_COMPACT] §f                §3§l>>> §3§lCLICK HERE§b to pick them up! §3§l<<<
22:34:41 [EMPTY]   
22:35:00 [SKYMALL] §bNew day! §r§eYour §r§2Sky Mall §r§ebuff changed!
22:35:00 [SKYMALL] §eNew buff§r§r§r: §r§fGain §r§6+100⸕ Mining Speed§r§f.
22:35:00 [SKYMALL] §8§oYou can disable this messaging by toggling Sky Mall in your /hotm!
22:35:37 [allowed] §aYou earned §r§2188 GEXP §r§afrom playing SkyBlock!
22:35:41 [EMPTY]  
22:35:41 [STASH_COMPACT] §f               §7You have §310,595 §7materials stashed away!
22:35:41 [STASH_COMPACT] §f              §8(This totals 2 types of materials stashed!)
22:35:41 [STASH_COMPACT] §f                §3§l>>> §3§lCLICK HERE§b to pick them up! §3§l<<<
22:35:41 [EMPTY]   
22:36:41 [EMPTY]  
22:36:41 [STASH_COMPACT] §f               §7You have §310,595 §7materials stashed away!
22:36:41 [STASH_COMPACT] §f              §8(This totals 2 types of materials stashed!)
22:36:41 [STASH_COMPACT] §f                §3§l>>> §3§lCLICK HERE§b to pick them up! §3§l<<<
22:36:41 [EMPTY]   
22:36:49 [allowed] §cThere are blocks in the way!
22:37:17 [allowed] §cThere are blocks in the way!
22:37:18 [allowed] §cThere are blocks in the way!
22:37:19 [allowed] §cThere are blocks in the way!
22:37:24 [allowed] §cThere are blocks in the way!
22:37:41 [EMPTY]  
22:37:41 [STASH_COMPACT] §f               §7You have §310,595 §7materials stashed away!
22:37:41 [STASH_COMPACT] §f              §8(This totals 2 types of materials stashed!)
22:37:41 [STASH_COMPACT] §f                §3§l>>> §3§lCLICK HERE§b to pick them up! §3§l<<<
22:37:41 [EMPTY]   
22:38:42 [EMPTY]  
22:38:42 [STASH_COMPACT] §f               §7You have §310,595 §7materials stashed away!
22:38:42 [STASH_COMPACT] §f              §8(This totals 2 types of materials stashed!)
22:38:42 [STASH_COMPACT] §f                §3§l>>> §3§lCLICK HERE§b to pick them up! §3§l<<<
22:38:42 [EMPTY]   
22:39:42 [EMPTY]  
22:39:42 [STASH_COMPACT] §f               §7You have §310,595 §7materials stashed away!
22:39:42 [STASH_COMPACT] §f              §8(This totals 2 types of materials stashed!)
22:39:42 [STASH_COMPACT] §f                §3§l>>> §3§lCLICK HERE§b to pick them up! §3§l<<<
22:39:42 [EMPTY]   
22:40:37 [allowed] §aYou earned §r§2419 GEXP §r§afrom playing SkyBlock!
22:40:42 [EMPTY]  
22:40:42 [STASH_COMPACT] §f               §7You have §310,595 §7materials stashed away!
22:40:42 [STASH_COMPACT] §f              §8(This totals 2 types of materials stashed!)
22:40:42 [STASH_COMPACT] §f                §3§l>>> §3§lCLICK HERE§b to pick them up! §3§l<<<
22:40:42 [EMPTY]   
22:41:42 [EMPTY]  
22:41:42 [STASH_COMPACT] §f               §7You have §310,595 §7materials stashed away!
22:41:42 [STASH_COMPACT] §f              §8(This totals 2 types of materials stashed!)
22:41:42 [STASH_COMPACT] §f                §3§l>>> §3§lCLICK HERE§b to pick them up! §3§l<<<
22:41:42 [EMPTY]   
22:42:42 [EMPTY]  
22:42:42 [STASH_COMPACT] §f               §7You have §310,595 §7materials stashed away!
22:42:42 [STASH_COMPACT] §f              §8(This totals 2 types of materials stashed!)
22:42:42 [STASH_COMPACT] §f                §3§l>>> §3§lCLICK HERE§b to pick them up! §3§l<<<
22:42:42 [EMPTY]   
22:43:17 [allowed] §cThere are blocks in the way!
22:43:18 [allowed] §cThere are blocks in the way!
22:43:42 [EMPTY]  
22:43:42 [STASH_COMPACT] §f               §7You have §310,595 §7materials stashed away!
22:43:42 [STASH_COMPACT] §f              §8(This totals 2 types of materials stashed!)
22:43:42 [STASH_COMPACT] §f                §3§l>>> §3§lCLICK HERE§b to pick them up! §3§l<<<
22:43:42 [EMPTY]   
22:43:44 [allowed] §cThere are blocks in the way!
22:43:55 [allowed] §aFriend > §r§bTeany §r§eleft.
22:44:42 [EMPTY]  
22:44:42 [STASH_COMPACT] §f               §7You have §310,595 §7materials stashed away!
22:44:42 [STASH_COMPACT] §f              §8(This totals 2 types of materials stashed!)
22:44:42 [STASH_COMPACT] §f                §3§l>>> §3§lCLICK HERE§b to pick them up! §3§l<<<
22:44:42 [EMPTY]   
22:45:38 [allowed] §aYou earned §r§2238 GEXP §r§afrom playing SkyBlock!
22:45:43 [EMPTY]  
22:45:43 [STASH_COMPACT] §f               §7You have §310,595 §7materials stashed away!
22:45:43 [STASH_COMPACT] §f              §8(This totals 2 types of materials stashed!)
22:45:43 [STASH_COMPACT] §f                §3§l>>> §3§lCLICK HERE§b to pick them up! §3§l<<<
22:45:43 [EMPTY]   
22:46:43 [EMPTY]  
22:46:43 [STASH_COMPACT] §f               §7You have §310,595 §7materials stashed away!
22:46:43 [STASH_COMPACT] §f              §8(This totals 2 types of materials stashed!)
22:46:43 [STASH_COMPACT] §f                §3§l>>> §3§lCLICK HERE§b to pick them up! §3§l<<<
22:46:43 [EMPTY]   
22:46:49 [allowed] §cThere are blocks in the way!
22:47:14 [allowed] §cThere are blocks in the way!
22:47:25 [allowed] §aYou have upgraded your Minion to Tier VIII
22:47:43 [EMPTY]  
22:47:43 [STASH_COMPACT] §f               §7You have §310,595 §7materials stashed away!
22:47:43 [STASH_COMPACT] §f              §8(This totals 2 types of materials stashed!)
22:47:43 [STASH_COMPACT] §f                §3§l>>> §3§lCLICK HERE§b to pick them up! §3§l<<<
22:47:43 [EMPTY]   
22:48:03 [allowed] §cThere are blocks in the way!
