22:16:16 [EMPTY] §f §r§r§r§f §r§r§r§1 §r§r§r§0 §r§r§r§2 §r§r§r§f §r§r§r§f §r§r§r§2 §r§r§r§0 §r§r§r§4 §r§r§r§3 §r§r§r§9 §r§r§r§2 §r§r§r§0 §r§r§r§0 §r§r§r§3 §r§r§r§9 §r§r§r§2 §r§r§r§0 §r§r§r§0 §r§r§r§3 §r§r§r§9 §r§r§r§2 §r§r§r§0 §r§r§r§0 
22:16:17 [EMPTY] 
22:20:35 [EMPTY] §8 §r§8 §r§1 §r§3 §r§3 §r§7 §r§8 
22:20:38 [EMPTY] 
22:20:38 [EMPTY] 
22:20:39 [EMPTY]  
22:20:39 [STASH_COMPACT] §f               §7You have §310,595 §7materials stashed away!
22:20:39 [STASH_COMPACT] §f              §8(This totals 2 types of materials stashed!)
22:20:39 [STASH_COMPACT] §f                §3§l>>> §3§lCLICK HERE§b to pick them up! §3§l<<<
22:20:39 [EMPTY]   
22:20:40 [EMPTY]  
22:20:40 [STASH_COMPACT] §f               §7You have §310,595 §7materials stashed away!
22:20:40 [STASH_COMPACT] §f              §8(This totals 2 types of materials stashed!)
22:20:40 [STASH_COMPACT] §f                §3§l>>> §3§lCLICK HERE§b to pick them up! §3§l<<<
22:20:40 [EMPTY]   
22:20:40 [SKYMALL] §bNew day! §r§eYour §r§2Sky Mall §r§ebuff changed!
22:20:40 [SKYMALL] §eNew buff§r§r§r: §r§fGain §r§6+100⸕ Mining Speed§r§f.
22:20:40 [SKYMALL] §8§oYou can disable this messaging by toggling Sky Mall in your /hotm!
22:21:40 [EMPTY]  
22:21:40 [STASH_COMPACT] §f               §7You have §310,595 §7materials stashed away!
22:21:40 [STASH_COMPACT] §f              §8(This totals 2 types of materials stashed!)
22:21:40 [STASH_COMPACT] §f                §3§l>>> §3§lCLICK HERE§b to pick them up! §3§l<<<
22:21:40 [EMPTY]   
22:22:40 [EMPTY]  
22:22:40 [STASH_COMPACT] §f               §7You have §310,595 §7materials stashed away!
22:22:40 [STASH_COMPACT] §f              §8(This totals 2 types of materials stashed!)
22:22:40 [STASH_COMPACT] §f                §3§l>>> §3§lCLICK HERE§b to pick them up! §3§l<<<
22:22:40 [EMPTY]   
22:23:40 [EMPTY]  
22:23:40 [STASH_COMPACT] §f               §7You have §310,595 §7materials stashed away!
22:23:40 [STASH_COMPACT] §f              §8(This totals 2 types of materials stashed!)
22:23:40 [STASH_COMPACT] §f                §3§l>>> §3§lCLICK HERE§b to pick them up! §3§l<<<
22:23:40 [EMPTY]   
22:24:40 [EMPTY]  
22:24:40 [STASH_COMPACT] §f               §7You have §310,595 §7materials stashed away!
22:24:40 [STASH_COMPACT] §f              §8(This totals 2 types of materials stashed!)
22:24:40 [STASH_COMPACT] §f                §3§l>>> §3§lCLICK HERE§b to pick them up! §3§l<<<
22:24:40 [EMPTY]   
22:25:40 [EMPTY]  
22:25:40 [STASH_COMPACT] §f               §7You have §310,595 §7materials stashed away!
22:25:40 [STASH_COMPACT] §f              §8(This totals 2 types of materials stashed!)
22:25:40 [STASH_COMPACT] §f                §3§l>>> §3§lCLICK HERE§b to pick them up! §3§l<<<
22:25:40 [EMPTY]   
22:26:40 [EMPTY]  
22:26:40 [STASH_COMPACT] §f               §7You have §310,595 §7materials stashed away!
22:26:40 [STASH_COMPACT] §f              §8(This totals 2 types of materials stashed!)
22:26:40 [STASH_COMPACT] §f                §3§l>>> §3§lCLICK HERE§b to pick them up! §3§l<<<
22:26:40 [EMPTY]   
22:27:40 [EMPTY]  
22:27:40 [STASH_COMPACT] §f               §7You have §310,595 §7materials stashed away!
22:27:40 [STASH_COMPACT] §f              §8(This totals 2 types of materials stashed!)
22:27:40 [STASH_COMPACT] §f                §3§l>>> §3§lCLICK HERE§b to pick them up! §3§l<<<
22:27:40 [EMPTY]   
22:28:40 [EMPTY]  
22:28:40 [STASH_COMPACT] §f               §7You have §310,595 §7materials stashed away!
22:28:40 [STASH_COMPACT] §f              §8(This totals 2 types of materials stashed!)
22:28:40 [STASH_COMPACT] §f                §3§l>>> §3§lCLICK HERE§b to pick them up! §3§l<<<
22:28:40 [EMPTY]   
22:29:41 [EMPTY]  
22:29:41 [STASH_COMPACT] §f               §7You have §310,595 §7materials stashed away!
22:29:41 [STASH_COMPACT] §f              §8(This totals 2 types of materials stashed!)
22:29:41 [STASH_COMPACT] §f                §3§l>>> §3§lCLICK HERE§b to pick them up! §3§l<<<
22:29:41 [EMPTY]   
22:30:41 [EMPTY]  
22:30:41 [STASH_COMPACT] §f               §7You have §310,595 §7materials stashed away!
22:30:41 [STASH_COMPACT] §f              §8(This totals 2 types of materials stashed!)
22:30:41 [STASH_COMPACT] §f                §3§l>>> §3§lCLICK HERE§b to pick them up! §3§l<<<
22:30:41 [EMPTY]   
22:31:41 [EMPTY]  
22:31:41 [STASH_COMPACT] §f               §7You have §310,595 §7materials stashed away!
22:31:41 [STASH_COMPACT] §f              §8(This totals 2 types of materials stashed!)
22:31:41 [STASH_COMPACT] §f                §3§l>>> §3§lCLICK HERE§b to pick them up! §3§l<<<
22:31:41 [EMPTY]   
22:32:41 [EMPTY]  
22:32:41 [STASH_COMPACT] §f               §7You have §310,595 §7materials stashed away!
22:32:41 [STASH_COMPACT] §f              §8(This totals 2 types of materials stashed!)
22:32:41 [STASH_COMPACT] §f                §3§l>>> §3§lCLICK HERE§b to pick them up! §3§l<<<
22:32:41 [EMPTY]   
22:33:41 [EMPTY]  
22:33:41 [STASH_COMPACT] §f               §7You have §310,595 §7materials stashed away!
22:33:41 [STASH_COMPACT] §f              §8(This totals 2 types of materials stashed!)
22:33:41 [STASH_COMPACT] §f                §3§l>>> §3§lCLICK HERE§b to pick them up! §3§l<<<
22:33:41 [EMPTY]   
22:34:41 [EMPTY]  
22:34:41 [STASH_COMPACT] §f               §7You have §310,595 §7materials stashed away!
22:34:41 [STASH_COMPACT] §f              §8(This totals 2 types of materials stashed!)
22:34:41 [STASH_COMPACT] §f                §3§l>>> §3§lCLICK HERE§b to pick them up! §3§l<<<
22:34:41 [EMPTY]   
22:35:00 [SKYMALL] §bNew day! §r§eYour §r§2Sky Mall §r§ebuff changed!
22:35:00 [SKYMALL] §eNew buff§r§r§r: §r§fGain §r§6+100⸕ Mining Speed§r§f.
22:35:00 [SKYMALL] §8§oYou can disable this messaging by toggling Sky Mall in your /hotm!
22:35:41 [EMPTY]  
22:35:41 [STASH_COMPACT] §f               §7You have §310,595 §7materials stashed away!
22:35:41 [STASH_COMPACT] §f              §8(This totals 2 types of materials stashed!)
22:35:41 [STASH_COMPACT] §f                §3§l>>> §3§lCLICK HERE§b to pick them up! §3§l<<<
22:35:41 [EMPTY]   
22:36:41 [EMPTY]  
22:36:41 [STASH_COMPACT] §f               §7You have §310,595 §7materials stashed away!
22:36:41 [STASH_COMPACT] §f              §8(This totals 2 types of materials stashed!)
22:36:41 [STASH_COMPACT] §f                §3§l>>> §3§lCLICK HERE§b to pick them up! §3§l<<<
22:36:41 [EMPTY]   
22:37:41 [EMPTY]  
22:37:41 [STASH_COMPACT] §f               §7You have §310,595 §7materials stashed away!
22:37:41 [STASH_COMPACT] §f              §8(This totals 2 types of materials stashed!)
22:37:41 [STASH_COMPACT] §f                §3§l>>> §3§lCLICK HERE§b to pick them up! §3§l<<<
22:37:41 [EMPTY]   
22:38:42 [EMPTY]  
22:38:42 [STASH_COMPACT] §f               §7You have §310,595 §7materials stashed away!
22:38:42 [STASH_COMPACT] §f              §8(This totals 2 types of materials stashed!)
22:38:42 [STASH_COMPACT] §f                §3§l>>> §3§lCLICK HERE§b to pick them up! §3§l<<<
22:38:42 [EMPTY]   
22:39:42 [EMPTY]  
22:39:42 [STASH_COMPACT] §f               §7You have §310,595 §7materials stashed away!
22:39:42 [STASH_COMPACT] §f              §8(This totals 2 types of materials stashed!)
22:39:42 [STASH_COMPACT] §f                §3§l>>> §3§lCLICK HERE§b to pick them up! §3§l<<<
22:39:42 [EMPTY]   
22:40:42 [EMPTY]  
22:40:42 [STASH_COMPACT] §f               §7You have §310,595 §7materials stashed away!
22:40:42 [STASH_COMPACT] §f              §8(This totals 2 types of materials stashed!)
22:40:42 [STASH_COMPACT] §f                §3§l>>> §3§lCLICK HERE§b to pick them up! §3§l<<<
22:40:42 [EMPTY]   
22:41:42 [EMPTY]  
22:41:42 [STASH_COMPACT] §f               §7You have §310,595 §7materials stashed away!
22:41:42 [STASH_COMPACT] §f              §8(This totals 2 types of materials stashed!)
22:41:42 [STASH_COMPACT] §f                §3§l>>> §3§lCLICK HERE§b to pick them up! §3§l<<<
22:41:42 [EMPTY]   
22:42:42 [EMPTY]  
22:42:42 [STASH_COMPACT] §f               §7You have §310,595 §7materials stashed away!
22:42:42 [STASH_COMPACT] §f              §8(This totals 2 types of materials stashed!)
22:42:42 [STASH_COMPACT] §f                §3§l>>> §3§lCLICK HERE§b to pick them up! §3§l<<<
22:42:42 [EMPTY]   
22:43:42 [EMPTY]  
22:43:42 [STASH_COMPACT] §f               §7You have §310,595 §7materials stashed away!
22:43:42 [STASH_COMPACT] §f              §8(This totals 2 types of materials stashed!)
22:43:42 [STASH_COMPACT] §f                §3§l>>> §3§lCLICK HERE§b to pick them up! §3§l<<<
22:43:42 [EMPTY]   
22:44:42 [EMPTY]  
22:44:42 [STASH_COMPACT] §f               §7You have §310,595 §7materials stashed away!
22:44:42 [STASH_COMPACT] §f              §8(This totals 2 types of materials stashed!)
22:44:42 [STASH_COMPACT] §f                §3§l>>> §3§lCLICK HERE§b to pick them up! §3§l<<<
22:44:42 [EMPTY]   
22:45:43 [EMPTY]  
22:45:43 [STASH_COMPACT] §f               §7You have §310,595 §7materials stashed away!
22:45:43 [STASH_COMPACT] §f              §8(This totals 2 types of materials stashed!)
22:45:43 [STASH_COMPACT] §f                §3§l>>> §3§lCLICK HERE§b to pick them up! §3§l<<<
22:45:43 [EMPTY]   
22:46:43 [EMPTY]  
22:46:43 [STASH_COMPACT] §f               §7You have §310,595 §7materials stashed away!
22:46:43 [STASH_COMPACT] §f              §8(This totals 2 types of materials stashed!)
22:46:43 [STASH_COMPACT] §f                §3§l>>> §3§lCLICK HERE§b to pick them up! §3§l<<<
22:46:43 [EMPTY]   
22:47:43 [EMPTY]  
22:47:43 [STASH_COMPACT] §f               §7You have §310,595 §7materials stashed away!
22:47:43 [STASH_COMPACT] §f              §8(This totals 2 types of materials stashed!)
22:47:43 [STASH_COMPACT] §f                §3§l>>> §3§lCLICK HERE§b to pick them up! §3§l<<<
22:47:43 [EMPTY]   
