15:14:20 `flamingrockeli`1076527 missed {
 is already Found: false).
 Position: LorenzVec{x=-503.0, y=101.0, z=-275.0}
 DistanceC: 4.46448659439659
Relative Position: LorenzVec{x=-3.571988692462412, y=-9.890447453259966, z=4.46448659439659}
 }
15:14:43 `t2bi5d47t5`75 missed {
 is already Found: false).
 Position: LorenzVec{x=-504.5, y=101.0, z=-284.5}
 DistanceC: 17.842061713214832
Relative Position: LorenzVec{x=2.364247426660029, y=-3.5054384994349306, z=17.842061713214832}
 }
15:14:50 `dzmz0tw3zg`7 missed {
 is already Found: false).
 Position: LorenzVec{x=-494.5, y=121.0, z=-241.5}
 DistanceC: 16.717624858618137
Relative Position: LorenzVec{x=16.717624858618137, y=-4.1315633992116005, z=-5.588003143621364}
 }
15:15:21 `dzmz0tw3zg`7 missed {
 is already Found: false).
 Position: LorenzVec{x=-494.5, y=121.0, z=-241.5}
 DistanceC: 20.98520200450602
Relative Position: LorenzVec{x=4.767875910369071, y=-6.1315633992116005, z=-20.98520200450602}
 }
15:15:45 `dzmz0tw3zg`7 missed {
 is already Found: false).
 Position: LorenzVec{x=-494.5, y=121.0, z=-241.5}
 DistanceC: 11.729094092441528
Relative Position: LorenzVec{x=11.729094092441528, y=3.0, z=5.995626092160592}
 }
15:16:01 `dzmz0tw3zg`7 missed {
 is already Found: false).
 Position: LorenzVec{x=-494.5, y=121.0, z=-241.5}
 DistanceC: 10.043257150250952
Relative Position: LorenzVec{x=10.043257150250952, y=5.8684366007883995, z=9.84304448496735}
 }
15:16:24 `dzmz0tw3zg`7 missed {
 is already Found: false).
 Position: LorenzVec{x=-494.5, y=121.0, z=-241.5}
 DistanceC: 9.1530718887621
Relative Position: LorenzVec{x=7.744812062369419, y=7.0, z=9.1530718887621}
 }
15:16:37 `dzmz0tw3zg`7 missed {
 is already Found: false).
 Position: LorenzVec{x=-494.5, y=121.0, z=-241.5}
 DistanceC: 8.0
Relative Position: LorenzVec{x=5.0, y=7.0, z=8.0}
 }
15:16:44 `t2bi5d47t5`75 missed {
 is already Found: false).
 Position: LorenzVec{x=-504.5, y=101.0, z=-284.5}
 DistanceC: 7.690366718809514
Relative Position: LorenzVec{x=-3.3768890899531243, y=-9.890447453259966, z=-7.690366718809514}
 }
15:17:01 `dzmz0tw3zg`7 missed {
 is already Found: false).
 Position: LorenzVec{x=-494.5, y=121.0, z=-241.5}
 DistanceC: 10.974927629795616
Relative Position: LorenzVec{x=10.974927629795616, y=1.0, z=-0.19999998807907104}
 }
15:17:16 `t2bi5d47t5`75 missed {
 is already Found: false).
 Position: LorenzVec{x=-504.5, y=101.0, z=-284.5}
 DistanceC: 10.021376610144102
Relative Position: LorenzVec{x=10.021376610144102, y=1.0, z=3.156785814510272}
 }
15:17:38 `dzmz0tw3zg`7 missed {
 is already Found: false).
 Position: LorenzVec{x=-494.5, y=121.0, z=-241.5}
 DistanceC: 9.83866882799731
Relative Position: LorenzVec{x=9.83866882799731, y=0.9006428861470397, z=4.537654026521636}
 }
15:17:57 `dzmz0tw3zg`7 missed {
 is already Found: false).
 Position: LorenzVec{x=-494.5, y=121.0, z=-241.5}
 DistanceC: 8.165467652407756
Relative Position: LorenzVec{x=8.165467652407756, y=4.768476202412984, z=8.038485405822428}
 }
15:18:12 `t2bi5d47t5`75 missed {
 is already Found: false).
 Position: LorenzVec{x=-504.5, y=101.0, z=-284.5}
 DistanceC: 16.670654632646688
Relative Position: LorenzVec{x=16.16258037123214, y=-6.091470789652504, z=-16.670654632646688}
 }
15:18:19 `dzmz0tw3zg`7 missed {
 is already Found: false).
 Position: LorenzVec{x=-494.5, y=121.0, z=-241.5}
 DistanceC: 21.812073890068632
Relative Position: LorenzVec{x=21.812073890068632, y=17.0, z=21.307779830182938}
 }
15:18:46 `dzmz0tw3zg`7 missed {
 is already Found: false).
 Position: LorenzVec{x=-494.5, y=121.0, z=-241.5}
 DistanceC: 14.248502869239928
Relative Position: LorenzVec{x=14.248502869239928, y=-1.7633323692605813, z=-4.494833835055772}
 }
15:19:12 `dzmz0tw3zg`7 missed {
 is already Found: false).
 Position: LorenzVec{x=-494.5, y=121.0, z=-241.5}
 DistanceC: 10.728595219037857
Relative Position: LorenzVec{x=10.728595219037857, y=-12.0, z=3.9832269298631786}
 }
15:19:31 `dzmz0tw3zg`7 missed {
 is already Found: false).
 Position: LorenzVec{x=-494.5, y=121.0, z=-241.5}
 DistanceC: 18.30000001192093
Relative Position: LorenzVec{x=8.298222944878944, y=19.5, z=18.30000001192093}
 }
15:19:46 `t2bi5d47t5`75 missed {
 is already Found: false).
 Position: LorenzVec{x=-504.5, y=101.0, z=-284.5}
 DistanceC: 23.72952396178914
Relative Position: LorenzVec{x=3.39908266418297, y=-1.0, z=-23.72952396178914}
 }
15:20:03 `dzmz0tw3zg`7 missed {
 is already Found: false).
 Position: LorenzVec{x=-494.5, y=121.0, z=-241.5}
 DistanceC: 20.491700691768074
Relative Position: LorenzVec{x=20.491700691768074, y=-1.0, z=-8.844834515770259}
 }
15:20:50 `Endermite`94 missed {
 is already Found: false).
 Position: LorenzVec{x=-587.0, y=17.0, z=-277.0}
 DistanceC: 20.84552244846924
Relative Position: LorenzVec{x=-5.717604100815606, y=-105.85489329934836, z=20.84552244846924}
 }
15:40:00 `Bat`1146726 missed {
 is already Found: false).
 Position: LorenzVec{x=-525.875, y=101.15625, z=-261.28125}
 DistanceC: 13.482935506982585
Relative Position: LorenzVec{x=13.482935506982585, y=-33.935220789652504, z=12.945557178745787}
 }
15:43:43 `Villager`542 missed {
 is already Found: false).
 Position: LorenzVec{x=-2.5, y=70.0, z=-46.5}
 DistanceC: 21.64052930150699
Relative Position: LorenzVec{x=21.64052930150699, y=-1.0, z=13.800000011920929}
 }
15:43:55 `Villager`359 missed {
 is already Found: false).
 Position: LorenzVec{x=17.5, y=70.0, z=-99.0}
 DistanceC: 20.046300784219056
Relative Position: LorenzVec{x=20.046300784219056, y=0.0, z=-20.01083516719494}
 }
15:43:55 `7n0v0m40e8`246 missed {
 is already Found: false).
 Position: LorenzVec{x=-24.5, y=71.0, z=-58.5}
 DistanceC: 21.953699215780944
Relative Position: LorenzVec{x=-21.953699215780944, y=1.0, z=20.48916483280506}
 }
15:44:08 `3a3jubb2v0`240 missed {
 is already Found: false).
 Position: LorenzVec{x=-51.0, y=72.0, z=-60.5}
 DistanceC: 23.412265350047306
Relative Position: LorenzVec{x=-23.412265350047306, y=2.0, z=15.098339130867146}
 }
15:44:23 `4cxc50394d`241 missed {
 is already Found: false).
 Position: LorenzVec{x=-55.5, y=72.0, z=-56.5}
 DistanceC: 21.735161763935025
Relative Position: LorenzVec{x=-21.735161763935025, y=1.0, z=18.922324206841225}
 }
15:44:37 `Villager`351 missed {
 is already Found: false).
 Position: LorenzVec{x=-25.6875, y=68.0, z=-103.09375}
 DistanceC: 20.317489119171285
Relative Position: LorenzVec{x=-19.568155679754877, y=-2.0, z=-20.317489119171285}
 }
15:44:38 `Villager`359 missed {
 is already Found: false).
 Position: LorenzVec{x=17.5, y=70.0, z=-99.0}
 DistanceC: 23.619344320245123
Relative Position: LorenzVec{x=23.619344320245123, y=0.0, z=-16.223739119171285}
 }
15:44:38 `9723dd8519`412 missed {
 is already Found: false).
 Position: LorenzVec{x=14.0, y=72.0, z=-106.0}
 DistanceC: 23.223739119171285
Relative Position: LorenzVec{x=20.119344320245123, y=2.0, z=-23.223739119171285}
 }
17:56:21 `k3zbx513s7`225 missed {
 is already Found: false).
 Position: LorenzVec{x=22.0, y=71.0, z=-45.5}
 DistanceC: 13.63422617123764
Relative Position: LorenzVec{x=13.63422617123764, y=1.0, z=6.804206489719249}
 }
18:03:23 `Zombie`5487 missed {
 is already Found: false).
 Position: LorenzVec{x=-49.479166666666664, y=70.0, z=-43.46875}
 DistanceC: 18.15416564611744
Relative Position: LorenzVec{x=18.15416564611744, y=0.0, z=-0.6708340949404814}
 }
18:07:19 `32t7pbu317`335 missed {
 is already Found: false).
 Position: LorenzVec{x=-41.5, y=70.0, z=-64.5}
 DistanceC: 21.46069939943628
Relative Position: LorenzVec{x=14.519441880075291, y=0.0, z=-21.46069939943628}
 }
