07:44:43 Trying to load config from config/skyhanni/config.json
07:44:43 load-config-now
07:44:43 Loaded config from file
07:44:43 Trying to load sacks from config/skyhanni/sacks.json
07:44:43 load-sacks-now
07:44:43 Loaded sacks from file
07:44:43 Trying to load friends from config/skyhanni/friends.json
07:44:43 load-friends-now
07:44:43 Loaded friends from file
07:44:43 Trying to load known_features from config/skyhanni/known_features.json
07:44:43 load-known_features-now
07:44:43 Loaded known_features from file
07:44:43 Trying to load jacob_contests from config/skyhanni/jacob_contests.json
07:44:43 load-jacob_contests-now
07:44:43 Loaded jacob_contests from file
07:44:43 Trying to load visual_words from config/skyhanni/visual_words.json
07:44:43 Setting visual_words to be blank as it did not exist. It will be saved once something is written to it
07:45:43 saveConfig: auto-save-60s
07:45:43 Saving config file
07:45:49 saveConfig: Updated known feature flags
07:45:49 Saving known_features file
07:46:18 saveConfig: shutdown-hook
07:46:18 Saving config file
