22:03:52 §f §r§r§r§f §r§r§r§1 §r§r§r§0 §r§r§r§2 §r§r§r§f §r§r§r§f §r§r§r§2 §r§r§r§0 §r§r§r§4 §r§r§r§3 §r§r§r§9 §r§r§r§2 §r§r§r§0 §r§r§r§0 §r§r§r§3 §r§r§r§9 §r§r§r§2 §r§r§r§0 §r§r§r§0 §r§r§r§3 §r§r§r§9 §r§r§r§2 §r§r§r§0 §r§r§r§0 
22:03:52 
22:04:42 §8 §r§8 §r§1 §r§3 §r§3 §r§7 §r§8 
22:04:44 
22:04:44 
22:04:45  
22:04:45   
22:04:46  
22:04:46   
22:04:49 §8 §r§8 §r§1 §r§3 §r§3 §r§7 §r§8 
22:04:53  
22:04:53   
22:05:38  
22:05:38   
22:06:07 §f §r§r§r§f §r§r§r§1 §r§r§r§0 §r§r§r§2 §r§r§r§f §r§r§r§f §r§r§r§2 §r§r§r§0 §r§r§r§4 §r§r§r§3 §r§r§r§9 §r§r§r§2 §r§r§r§0 §r§r§r§0 §r§r§r§3 §r§r§r§9 §r§r§r§2 §r§r§r§0 §r§r§r§0 §r§r§r§3 §r§r§r§9 §r§r§r§2 §r§r§r§0 §r§r§r§0 
22:06:08 
22:06:11 §8 §r§8 §r§1 §r§3 §r§3 §r§7 §r§8 
22:06:13 
22:06:13 
22:06:15 §8 §r§8 §r§1 §r§3 §r§3 §r§7 §r§8 
22:07:10 §8 §r§8 §r§1 §r§3 §r§3 §r§7 §r§8 
22:07:32 §f §r§r§r§f §r§r§r§1 §r§r§r§0 §r§r§r§2 §r§r§r§f §r§r§r§f §r§r§r§2 §r§r§r§0 §r§r§r§4 §r§r§r§3 §r§r§r§9 §r§r§r§2 §r§r§r§0 §r§r§r§0 §r§r§r§3 §r§r§r§9 §r§r§r§2 §r§r§r§0 §r§r§r§0 §r§r§r§3 §r§r§r§9 §r§r§r§2 §r§r§r§0 §r§r§r§0 
22:07:32 
22:07:42 §f §r§r§r§f §r§r§r§1 §r§r§r§0 §r§r§r§2 §r§r§r§f §r§r§r§f §r§r§r§2 §r§r§r§0 §r§r§r§4 §r§r§r§3 §r§r§r§9 §r§r§r§2 §r§r§r§0 §r§r§r§0 §r§r§r§3 §r§r§r§9 §r§r§r§2 §r§r§r§0 §r§r§r§0 §r§r§r§3 §r§r§r§9 §r§r§r§2 §r§r§r§0 §r§r§r§0 
22:07:42 
22:07:45 §8 §r§8 §r§1 §r§3 §r§3 §r§7 §r§8 
22:07:47 
22:07:47 
22:07:49  
22:07:49   
22:08:14  
22:08:14   
22:09:05 §8 §r§8 §r§1 §r§3 §r§3 §r§7 §r§8 
22:09:08  
22:09:08   
22:09:58  
22:09:58   
22:10:16 §8 §r§8 §r§1 §r§3 §r§3 §r§7 §r§8 
22:10:20  
22:10:20   
22:10:54  
22:10:54   
22:11:55  
22:11:55   
22:12:56  
22:12:56   
22:13:13 §f
22:13:13 §f
22:13:13 §f
22:13:13 §f
22:13:13 §f
22:13:13 §f
22:13:57  
22:13:57   
22:14:58  
22:14:58   
22:15:59  
22:15:59   
22:17:00  
22:17:00   
22:17:56 
22:17:56 
22:18:01  
22:18:01   
22:19:02  
22:19:02   
22:20:03  
22:20:03   
22:21:04  
22:21:04   
22:22:05  
22:22:05   
22:23:06  
22:23:06   
22:24:07  
22:24:07   
22:25:07  
22:25:08   
22:26:09  
22:26:09   
22:27:10  
22:27:10   
22:28:10  
22:28:10   
22:29:12  
22:29:12   
22:30:12  
22:30:12   
22:31:13  
22:31:13   
22:32:14  
22:32:14   
22:33:14  
22:33:14   
22:34:15  
22:34:15   
22:35:16  
22:35:16   
22:36:16  
22:36:16   
22:37:17  
22:37:17   
22:38:18  
22:38:18   
22:39:19  
22:39:19   
22:40:19  
22:40:19   
22:41:20  
22:41:20   
22:42:21  
22:42:21   
22:43:22  
22:43:22   
22:44:22  
22:44:22   
22:45:23  
22:45:23   
22:46:23  
22:46:23   
22:46:43 §8 §r§8 §r§1 §r§3 §r§3 §r§7 §r§8 
22:46:46  
22:46:47   
22:46:47  
22:46:47   
22:47:48  
22:47:48   
22:48:48  
22:48:48   
22:49:48  
22:49:48   
22:50:03 §8 §r§8 §r§1 §r§3 §r§3 §r§7 §r§8 
22:50:08  
22:50:08   
22:50:09 §8 §r§8 §r§1 §r§3 §r§3 §r§7 §r§8 
22:50:13  
22:50:13   
22:50:23  
22:50:23   
22:51:23  
22:51:23   
22:52:23  
22:52:23   
22:53:23  
22:53:23   
22:54:23  
22:54:23   
22:55:23  
22:55:23   
22:55:23  
22:55:23   
22:56:23  
22:56:23   
22:56:23  
22:56:23   
22:57:23  
22:57:23   
22:57:23  
22:57:23   
22:58:23  
22:58:23   
22:58:23  
22:58:23   
22:59:23  
22:59:23   
22:59:23  
22:59:23   
23:00:01 §f
23:00:01 §c
23:00:23  
23:00:23   
23:00:23  
23:00:23   
23:01:23  
23:01:23   
23:01:23  
23:01:23   
23:02:23  
23:02:23   
23:02:23  
23:02:23   
23:03:23  
23:03:23   
23:03:23  
23:03:23   
23:04:23  
23:04:23   
23:04:23  
23:04:23   
23:05:19 
23:05:19 
23:05:24  
23:05:24   
23:05:24  
23:05:24   
23:06:24  
23:06:24   
23:06:24  
23:06:24   
23:07:24  
23:07:24   
23:07:24  
23:07:24   
23:08:24  
23:08:24   
23:08:24  
23:08:24   
23:09:24  
23:09:24   
23:09:24  
23:09:24   
23:10:24  
23:10:24   
23:10:24  
23:10:24   
23:11:24  
23:11:24   
23:11:24  
23:11:24   
23:12:24  
23:12:24   
23:12:24  
23:12:24   
23:13:24  
23:13:24   
23:13:24  
23:13:24   
23:14:24  
23:14:24   
23:14:24  
23:14:24   
23:15:24  
23:15:24   
23:15:24  
23:15:24   
23:16:24  
23:16:24   
23:16:24  
23:16:24   
23:17:02 §8 §r§8 §r§1 §r§3 §r§3 §r§7 §r§8 
23:17:06  
23:17:06   
23:17:06  
23:17:06   
23:17:07  
23:17:07   
23:17:07  
23:17:07   
23:18:07  
23:18:07   
23:18:07  
23:18:07   
23:19:07  
23:19:07   
23:19:07  
23:19:07   
23:19:18 §8 §r§8 §r§1 §r§3 §r§3 §r§7 §r§8 
23:19:22  
23:19:22   
23:19:22  
23:19:22   
23:19:37  
23:19:37   
23:19:37  
23:19:37   
23:20:37  
23:20:37   
23:20:37  
23:20:37   
23:21:38  
23:21:38   
23:21:38  
23:21:38   
23:22:12 §8 §r§8 §r§1 §r§3 §r§3 §r§7 §r§8 
23:22:16 §8 §r§8 §r§1 §r§3 §r§3 §r§7 §r§8 
23:22:19  
23:22:19   
23:22:19  
23:22:19   
23:22:21 §8 §r§8 §r§1 §r§3 §r§3 §r§7 §r§8 
23:22:25  
23:22:25   
23:22:25  
23:22:25   
23:23:18  
23:23:18   
23:23:18  
23:23:18   
23:24:18  
23:24:18   
23:24:18  
23:24:18   
23:25:18  
23:25:18   
23:25:18  
23:25:18   
23:26:18  
23:26:18   
23:26:18  
23:26:18   
23:27:18  
23:27:18   
23:27:18  
23:27:18   
23:28:18  
23:28:18   
23:28:18  
23:28:18   
23:29:18  
23:29:18   
23:29:18  
23:29:18   
23:30:18  
23:30:18   
23:30:18  
23:30:18   
23:31:18  
23:31:18   
23:31:18  
23:31:18   
23:32:18  
23:32:18   
23:32:18  
23:32:18   
23:33:18  
23:33:18   
23:33:18  
23:33:18   
23:34:18  
23:34:18   
23:34:18  
23:34:18   
23:35:18  
23:35:18   
23:35:18  
23:35:18   
23:36:18  
23:36:18   
23:36:18  
23:36:18   
23:37:19  
23:37:19   
23:37:19  
23:37:19   
23:38:19  
23:38:19   
23:38:19  
23:38:19   
23:39:19  
23:39:19   
23:39:19  
23:39:19   
23:40:19  
23:40:19   
23:40:19  
23:40:19   
23:40:44 §8 §r§8 §r§1 §r§3 §r§3 §r§7 §r§8 
23:40:48  
23:40:48   
23:40:48  
23:40:48   
23:41:22  
23:41:22   
23:41:22  
23:41:22   
23:41:36 §8 §r§8 §r§1 §r§3 §r§3 §r§7 §r§8 
23:41:40  
23:41:40   
23:41:40  
23:41:40   
23:42:06  
23:42:06   
23:42:06  
23:42:06   
23:42:58 §f §r§r§r§f §r§r§r§1 §r§r§r§0 §r§r§r§2 §r§r§r§f §r§r§r§f §r§r§r§2 §r§r§r§0 §r§r§r§4 §r§r§r§3 §r§r§r§9 §r§r§r§2 §r§r§r§0 §r§r§r§0 §r§r§r§3 §r§r§r§9 §r§r§r§2 §r§r§r§0 §r§r§r§0 §r§r§r§3 §r§r§r§9 §r§r§r§2 §r§r§r§0 §r§r§r§0 
23:42:58 
23:43:06 §8 §r§8 §r§1 §r§3 §r§3 §r§7 §r§8 
23:43:07  
23:43:07   
23:43:07  
23:43:07   
23:43:09 
23:43:09 
23:43:10  
23:43:10   
23:43:10  
23:43:10   
23:44:07  
23:44:07   
23:44:07  
23:44:08   
23:44:42 §8 §r§8 §r§1 §r§3 §r§3 §r§7 §r§8 
23:44:46  
23:44:46   
23:44:46  
23:44:46   
23:44:47  
23:44:47   
23:44:47  
23:44:47   
23:45:47  
23:45:47   
23:45:47  
23:45:47   
23:46:47  
23:46:47   
23:46:47  
23:46:47   
23:47:47  
23:47:47   
23:47:47  
23:47:47   
23:48:47  
23:48:47   
23:48:47  
23:48:47   
23:49:47  
23:49:47   
23:49:47  
23:49:47   
23:50:48  
23:50:48   
23:50:48  
23:50:48   
23:51:48  
23:51:48   
23:51:48  
23:51:48   
23:52:48  
23:52:48   
23:52:48  
23:52:48   
23:53:48  
23:53:48   
23:53:48  
23:53:48   
23:54:48  
23:54:48   
23:54:48  
23:54:48   
23:55:48  
23:55:48   
23:55:48  
23:55:48   
23:56:49  
23:56:49   
23:56:49  
23:56:49   
23:57:49  
23:57:49   
23:57:49  
23:57:49   
23:58:49  
23:58:49   
23:58:49  
23:58:49   
23:59:49  
23:59:49   
23:59:49  
23:59:49   
00:00:50  
00:00:50   
00:00:50  
00:00:50   
00:01:50  
00:01:50   
00:01:50  
00:01:50   
00:02:46 
00:02:46 
00:02:51  
00:02:51   
00:02:51  
00:02:51   
00:03:51  
00:03:51   
00:03:51  
00:03:51   
00:04:52  
00:04:52   
00:04:52  
00:04:52   
00:05:52  
00:05:52   
00:05:52  
00:05:52   
00:06:53  
00:06:53   
00:06:53  
00:06:53   
00:07:54  
00:07:54   
00:07:54  
00:07:54   
00:08:36 §8 §r§8 §r§1 §r§3 §r§3 §r§7 §r§8 
00:08:39  
00:08:39   
00:08:39  
00:08:39   
00:08:40  
00:08:40   
00:08:40  
00:08:40   
00:09:40  
00:09:40   
00:09:40  
00:09:40   
00:10:40  
00:10:40   
00:10:40  
00:10:40   
00:11:19 §8 §r§8 §r§1 §r§3 §r§3 §r§7 §r§8 
00:11:22  
00:11:22   
00:11:22  
00:11:22   
00:11:23  
00:11:23   
00:11:23  
00:11:23   
00:12:23  
00:12:23   
00:12:23  
00:12:23   
00:13:23  
00:13:23   
00:13:23  
00:13:23   
00:14:24  
00:14:24   
00:14:24  
00:14:24   
00:15:24  
00:15:24   
00:15:24  
00:15:24   
00:16:24  
00:16:24   
00:16:24  
00:16:24   
00:17:24  
00:17:24   
00:18:24  
00:18:24   
00:19:25  
00:19:25   
00:20:25  
00:20:25   
00:21:25  
00:21:25   
00:22:25  
00:22:25   
00:23:25  
00:23:25   
00:24:25  
00:24:25   
00:25:26  
00:25:26   
00:26:26  
00:26:26   
00:27:26  
00:27:26   
00:28:26  
00:28:26   
00:29:26  
00:29:26   
00:30:27  
00:30:27   
00:31:22 
00:31:22 
00:31:27  
00:31:27   
00:32:27  
00:32:27   
00:33:27  
00:33:27   
00:34:27  
00:34:27   
00:35:27  
00:35:27   
00:36:28  
00:36:28   
00:37:28  
00:37:28   
00:37:53 §f
00:38:00 §8 §r§8 §r§1 §r§3 §r§3 §r§7 §r§8 
00:38:03  
00:38:03   
00:38:04  
00:38:04   
00:39:04  
00:39:04   
00:39:07 
00:39:07 
00:39:09 
00:39:09 
00:39:11 
00:39:11 
00:39:13 
00:39:13 
00:40:04  
00:40:04   
00:41:04  
00:41:04   
00:42:04  
00:42:04   
00:43:04  
00:43:04   
00:44:05  
00:44:05   
00:45:05  
00:45:05   
00:46:05  
00:46:05   
00:47:05  
00:47:05   
00:48:05  
00:48:05   
00:49:05  
00:49:05   
00:50:05  
00:50:05   
00:51:05  
00:51:05   
00:51:11 §8 §r§8 §r§1 §r§3 §r§3 §r§7 §r§8 
00:51:15  
00:51:15   
00:51:15  
00:51:15   
00:51:40 §8 §r§8 §r§1 §r§3 §r§3 §r§7 §r§8 
00:51:43  
00:51:43   
00:51:44  
00:51:44   
00:52:44  
00:52:44   
00:53:44  
00:53:44   
00:54:44  
00:54:44   
00:55:44  
00:55:44   
00:56:45  
00:56:45   
00:57:45  
00:57:45   
00:58:45  
00:58:45   
00:59:45  
00:59:45   
01:00:01 §f
01:00:01 §c
01:00:45  
01:00:45   
01:01:45  
01:01:45   
01:02:45  
01:02:45   
01:03:41 
01:03:41 
01:03:45  
01:03:45   
01:04:46  
01:04:46   
01:05:46  
01:05:46   
01:06:46  
01:06:46   
01:07:46  
01:07:46   
01:08:46  
01:08:46   
01:09:46  
01:09:46   
01:10:46  
01:10:46   
01:11:46  
01:11:46   
01:12:46  
01:12:46   
01:13:47  
01:13:47   
01:14:47  
01:14:47   
01:15:47  
01:15:47   
01:16:47  
01:16:47   
01:17:47  
01:17:47   
01:18:47  
01:18:47   
01:19:47  
01:19:47   
01:20:47  
01:20:47   
01:21:48  
01:21:48   
01:22:48  
01:22:48   
01:23:48  
01:23:48   
01:24:48  
01:24:48   
01:25:43 
01:25:43 
01:25:48  
01:25:48   
01:26:48  
01:26:48   
01:27:48  
01:27:48   
01:28:48  
01:28:48   
01:29:48  
01:29:48   
01:30:48  
01:30:48   
01:31:48  
01:31:48   
01:32:48  
01:32:48   
01:33:48  
01:33:48   
01:34:48  
01:34:48   
01:35:48  
01:35:48   
01:36:48  
01:36:48   
01:37:48  
01:37:48   
01:38:49  
01:38:49   
01:39:49  
01:39:49   
01:40:49  
01:40:49   
01:41:49  
01:41:49   
01:42:49  
01:42:49   
01:43:49  
01:43:49   
01:44:49  
01:44:49   
01:45:49  
01:45:49   
01:46:49  
01:46:49   
01:47:45 
01:47:45 
01:47:49  
01:47:49   
01:48:49  
01:48:49   
01:49:50  
01:49:50   
01:50:50  
01:50:50   
01:51:50  
01:51:50   
01:52:50  
01:52:50   
01:53:50  
01:53:50   
01:54:50  
01:54:50   
01:55:50  
01:55:50   
