00:08:50 §eYou received §a33x Enchanted Red Mushroom §efor killing a §2Slug§e!
00:08:56 §eYou received §a113x Enchanted Nether Wart §efor killing a §2Beetle§e!
00:09:03 §eYou received §a123x Enchanted Nether Wart §efor killing a §2Beetle§e!
00:09:11 §eYou received §a129x Enchanted Nether Wart §efor killing a §2Beetle§e!
00:09:15 §eYou received §a129x Enchanted Nether Wart §efor killing a §2Beetle§e!
00:09:27 §eYou received §a129x Enchanted Nether Wart §efor killing a §2Beetle§e!
00:09:38 §eYou received §a130x Enchanted Nether Wart §efor killing a §2Beetle§e!
00:09:48 §eYou received §a129x Enchanted Nether Wart §efor killing a §2Beetle§e!
00:39:59 §eYou received §a91x Enchanted Cactus Green §efor killing a §2Mite§e!
00:39:59 §eYou received §a155x Enchanted Potato §efor killing a §2Locust§e!
00:40:00 §eYou received §a45x Enchanted Red Mushroom §efor killing a §2Slug§e!
00:40:03 §eYou received §a91x Enchanted Cactus Green §efor killing a §2Mite§e!
00:40:04 §eYou received §a91x Enchanted Cactus Green §efor killing a §2Mite§e!
00:40:04 §eYou received §a45x Enchanted Pumpkin §efor killing a §2Rat§e!
00:40:07 §eYou received §a129x Enchanted Nether Wart §efor killing a §2Beetle§e!
00:40:08 §eYou received §a91x Enchanted Cactus Green §efor killing a §2Mite§e!
00:40:09 §eYou received §a44x Enchanted Pumpkin §efor killing a §2Rat§e!
01:09:00 §eYou received §a131x Enchanted Nether Wart §efor killing a §2Beetle§e!
01:09:00 §eYou received §a131x Enchanted Nether Wart §efor killing a §2Beetle§e!
01:09:09 §eYou received §a132x Enchanted Nether Wart §efor killing a §2Beetle§e!
01:19:38 §eYou received §a158x Enchanted Carrot §efor killing a §2Cricket§e!
01:19:46 §eYou received §a45x Enchanted Pumpkin §efor killing a §2Rat§e!
01:38:53 §eYou received §a132x Enchanted Nether Wart §efor killing a §2Beetle§e!
01:39:02 §eYou received §a132x Enchanted Nether Wart §efor killing a §2Beetle§e!
01:39:04 §eYou received §a132x Enchanted Nether Wart §efor killing a §2Beetle§e!
01:39:14 §eYou received §a92x Enchanted Cactus Green §efor killing a §2Mite§e!
01:48:45 §eYou received §a92x Enchanted Cactus Green §efor killing a §2Mite§e!
01:48:45 §eYou received §a46x Enchanted Pumpkin §efor killing a §2Rat§e!
01:48:46 §eYou received §a45x Enchanted Pumpkin §efor killing a §2Rat§e!
01:48:50 §eYou received §a92x Enchanted Cactus Green §efor killing a §2Mite§e!
01:48:50 §eYou received §a45x Enchanted Pumpkin §efor killing a §2Rat§e!
01:48:51 §eYou received §a45x Enchanted Pumpkin §efor killing a §2Rat§e!
01:48:54 §eYou received §a92x Enchanted Cactus Green §efor killing a §2Mite§e!
01:48:55 §eYou received §a92x Enchanted Cactus Green §efor killing a §2Mite§e!
01:48:56 §eYou received §a46x Enchanted Pumpkin §efor killing a §2Rat§e!
