22:04:46 §bNew day! §r§eYour §r§2Sky Mall §r§ebuff changed!
22:04:46 §eNew buff§r§r§r: §r§fGain §r§6+100⸕ Mining Speed§r§f.
22:04:46 §8§oYou can disable this messaging by toggling Sky Mall in your /hotm!
22:15:01 §bNew day! §r§eYour §r§2Sky Mall §r§ebuff changed!
22:15:01 §eNew buff§r§r§r: §r§fGain §r§a+15% §r§fmore Powder while mining.
22:15:01 §8§oYou can disable this messaging by toggling Sky Mall in your /hotm!
22:35:01 §bNew day! §r§eYour §r§2Sky Mall §r§ebuff changed!
22:35:01 §eNew buff§r§r§r: §r§fGain §r§a+15% §r§fmore Powder while mining.
22:35:01 §8§oYou can disable this messaging by toggling Sky Mall in your /hotm!
22:55:00 §bNew day! §r§eYour §r§2Sky Mall §r§ebuff changed!
22:55:00 §eNew buff§r§r§r: §r§fGain §r§6+100⸕ Mining Speed§r§f.
22:55:00 §8§oYou can disable this messaging by toggling Sky Mall in your /hotm!
23:15:00 §bNew day! §r§eYour §r§2Sky Mall §r§ebuff changed!
23:15:00 §eNew buff§r§r§r: §r§f§r§a-20%§r§f Pickaxe Ability cooldowns.
23:15:00 §8§oYou can disable this messaging by toggling Sky Mall in your /hotm!
23:35:00 §bNew day! §r§eYour §r§2Sky Mall §r§ebuff changed!
23:35:00 §eNew buff§r§r§r: §r§fGain §r§a+15% §r§fmore Powder while mining.
23:35:00 §8§oYou can disable this messaging by toggling Sky Mall in your /hotm!
23:55:00 §bNew day! §r§eYour §r§2Sky Mall §r§ebuff changed!
23:55:00 §eNew buff§r§r§r: §r§fGain §r§6+50☘ Mining Fortune§r§f.
23:55:00 §8§oYou can disable this messaging by toggling Sky Mall in your /hotm!
00:15:00 §bNew day! §r§eYour §r§2Sky Mall §r§ebuff changed!
00:15:00 §eNew buff§r§r§r: §r§fGain §r§6+50☘ Mining Fortune§r§f.
00:15:00 §8§oYou can disable this messaging by toggling Sky Mall in your /hotm!
00:35:01 §bNew day! §r§eYour §r§2Sky Mall §r§ebuff changed!
00:35:01 §eNew buff§r§r§r: §r§fGain §r§a+15% §r§fmore Powder while mining.
00:35:01 §8§oYou can disable this messaging by toggling Sky Mall in your /hotm!
00:55:01 §bNew day! §r§eYour §r§2Sky Mall §r§ebuff changed!
00:55:01 §eNew buff§r§r§r: §r§fGain §r§6+100⸕ Mining Speed§r§f.
00:55:01 §8§oYou can disable this messaging by toggling Sky Mall in your /hotm!
01:15:00 §bNew day! §r§eYour §r§2Sky Mall §r§ebuff changed!
01:15:00 §eNew buff§r§r§r: §r§fGain §r§6+50☘ Mining Fortune§r§f.
01:15:00 §8§oYou can disable this messaging by toggling Sky Mall in your /hotm!
01:35:00 §bNew day! §r§eYour §r§2Sky Mall §r§ebuff changed!
01:35:00 §eNew buff§r§r§r: §r§fGain §r§6+50☘ Mining Fortune§r§f.
01:35:00 §8§oYou can disable this messaging by toggling Sky Mall in your /hotm!
01:55:00 §bNew day! §r§eYour §r§2Sky Mall §r§ebuff changed!
01:55:00 §eNew buff§r§r§r: §r§f§r§a-20%§r§f Pickaxe Ability cooldowns.
01:55:00 §8§oYou can disable this messaging by toggling Sky Mall in your /hotm!
