22:04:45 §f               §7You have §395,284 §7materials stashed away!
22:04:45 §f             §8(This totals 10 types of materials stashed!)
22:04:45 §f                §3§l>>> §3§lCLICK HERE§b to pick them up! §3§l<<<
22:04:46 §f               §7You have §395,284 §7materials stashed away!
22:04:46 §f             §8(This totals 10 types of materials stashed!)
22:04:46 §f                §3§l>>> §3§lCLICK HERE§b to pick them up! §3§l<<<
22:04:53 §f               §7You have §395,284 §7materials stashed away!
22:04:53 §f             §8(This totals 10 types of materials stashed!)
22:04:53 §f                §3§l>>> §3§lCLICK HERE§b to pick them up! §3§l<<<
22:05:38 §f               §7You have §395,284 §7materials stashed away!
22:05:38 §f             §8(This totals 10 types of materials stashed!)
22:05:38 §f                §3§l>>> §3§lCLICK HERE§b to pick them up! §3§l<<<
22:07:49 §f               §7You have §395,284 §7materials stashed away!
22:07:49 §f             §8(This totals 10 types of materials stashed!)
22:07:49 §f                §3§l>>> §3§lCLICK HERE§b to pick them up! §3§l<<<
22:08:14 §f               §7You have §395,284 §7materials stashed away!
22:08:14 §f             §8(This totals 10 types of materials stashed!)
22:08:14 §f                §3§l>>> §3§lCLICK HERE§b to pick them up! §3§l<<<
22:09:08 §f               §7You have §395,284 §7materials stashed away!
22:09:08 §f             §8(This totals 10 types of materials stashed!)
22:09:08 §f                §3§l>>> §3§lCLICK HERE§b to pick them up! §3§l<<<
22:09:58 §f               §7You have §395,284 §7materials stashed away!
22:09:58 §f             §8(This totals 10 types of materials stashed!)
22:09:58 §f                §3§l>>> §3§lCLICK HERE§b to pick them up! §3§l<<<
22:10:20 §f               §7You have §395,284 §7materials stashed away!
22:10:20 §f             §8(This totals 10 types of materials stashed!)
22:10:20 §f                §3§l>>> §3§lCLICK HERE§b to pick them up! §3§l<<<
22:10:54 §f               §7You have §395,284 §7materials stashed away!
22:10:54 §f             §8(This totals 10 types of materials stashed!)
22:10:54 §f                §3§l>>> §3§lCLICK HERE§b to pick them up! §3§l<<<
22:11:55 §f               §7You have §395,284 §7materials stashed away!
22:11:55 §f             §8(This totals 10 types of materials stashed!)
22:11:55 §f                §3§l>>> §3§lCLICK HERE§b to pick them up! §3§l<<<
22:12:56 §f               §7You have §395,284 §7materials stashed away!
22:12:56 §f             §8(This totals 10 types of materials stashed!)
22:12:56 §f                §3§l>>> §3§lCLICK HERE§b to pick them up! §3§l<<<
22:13:57 §f               §7You have §395,284 §7materials stashed away!
22:13:57 §f             §8(This totals 10 types of materials stashed!)
22:13:57 §f                §3§l>>> §3§lCLICK HERE§b to pick them up! §3§l<<<
22:14:58 §f               §7You have §395,284 §7materials stashed away!
22:14:58 §f             §8(This totals 10 types of materials stashed!)
22:14:58 §f                §3§l>>> §3§lCLICK HERE§b to pick them up! §3§l<<<
22:15:59 §f               §7You have §395,284 §7materials stashed away!
22:15:59 §f             §8(This totals 10 types of materials stashed!)
22:15:59 §f                §3§l>>> §3§lCLICK HERE§b to pick them up! §3§l<<<
22:17:00 §f               §7You have §395,284 §7materials stashed away!
22:17:00 §f             §8(This totals 10 types of materials stashed!)
22:17:00 §f                §3§l>>> §3§lCLICK HERE§b to pick them up! §3§l<<<
22:18:01 §f               §7You have §395,284 §7materials stashed away!
22:18:01 §f             §8(This totals 10 types of materials stashed!)
22:18:01 §f                §3§l>>> §3§lCLICK HERE§b to pick them up! §3§l<<<
22:19:02 §f               §7You have §395,284 §7materials stashed away!
22:19:02 §f             §8(This totals 10 types of materials stashed!)
22:19:02 §f                §3§l>>> §3§lCLICK HERE§b to pick them up! §3§l<<<
22:20:03 §f               §7You have §395,284 §7materials stashed away!
22:20:03 §f             §8(This totals 10 types of materials stashed!)
22:20:03 §f                §3§l>>> §3§lCLICK HERE§b to pick them up! §3§l<<<
22:21:04 §f               §7You have §395,284 §7materials stashed away!
22:21:04 §f             §8(This totals 10 types of materials stashed!)
22:21:04 §f                §3§l>>> §3§lCLICK HERE§b to pick them up! §3§l<<<
22:22:05 §f               §7You have §395,284 §7materials stashed away!
22:22:05 §f             §8(This totals 10 types of materials stashed!)
22:22:05 §f                §3§l>>> §3§lCLICK HERE§b to pick them up! §3§l<<<
22:23:06 §f               §7You have §395,284 §7materials stashed away!
22:23:06 §f             §8(This totals 10 types of materials stashed!)
22:23:06 §f                §3§l>>> §3§lCLICK HERE§b to pick them up! §3§l<<<
22:24:07 §f               §7You have §395,284 §7materials stashed away!
22:24:07 §f             §8(This totals 10 types of materials stashed!)
22:24:07 §f                §3§l>>> §3§lCLICK HERE§b to pick them up! §3§l<<<
22:25:07 §f               §7You have §395,284 §7materials stashed away!
22:25:07 §f             §8(This totals 10 types of materials stashed!)
22:25:08 §f                §3§l>>> §3§lCLICK HERE§b to pick them up! §3§l<<<
22:26:09 §f               §7You have §395,284 §7materials stashed away!
22:26:09 §f             §8(This totals 10 types of materials stashed!)
22:26:09 §f                §3§l>>> §3§lCLICK HERE§b to pick them up! §3§l<<<
22:27:10 §f               §7You have §395,284 §7materials stashed away!
22:27:10 §f             §8(This totals 10 types of materials stashed!)
22:27:10 §f                §3§l>>> §3§lCLICK HERE§b to pick them up! §3§l<<<
22:28:10 §f               §7You have §395,284 §7materials stashed away!
22:28:10 §f             §8(This totals 10 types of materials stashed!)
22:28:10 §f                §3§l>>> §3§lCLICK HERE§b to pick them up! §3§l<<<
22:29:12 §f               §7You have §395,284 §7materials stashed away!
22:29:12 §f             §8(This totals 10 types of materials stashed!)
22:29:12 §f                §3§l>>> §3§lCLICK HERE§b to pick them up! §3§l<<<
22:30:12 §f               §7You have §395,284 §7materials stashed away!
22:30:12 §f             §8(This totals 10 types of materials stashed!)
22:30:12 §f                §3§l>>> §3§lCLICK HERE§b to pick them up! §3§l<<<
22:31:13 §f               §7You have §395,284 §7materials stashed away!
22:31:13 §f             §8(This totals 10 types of materials stashed!)
22:31:13 §f                §3§l>>> §3§lCLICK HERE§b to pick them up! §3§l<<<
22:32:14 §f               §7You have §395,284 §7materials stashed away!
22:32:14 §f             §8(This totals 10 types of materials stashed!)
22:32:14 §f                §3§l>>> §3§lCLICK HERE§b to pick them up! §3§l<<<
22:33:14 §f               §7You have §395,284 §7materials stashed away!
22:33:14 §f             §8(This totals 10 types of materials stashed!)
22:33:14 §f                §3§l>>> §3§lCLICK HERE§b to pick them up! §3§l<<<
22:34:15 §f               §7You have §395,284 §7materials stashed away!
22:34:15 §f             §8(This totals 10 types of materials stashed!)
22:34:15 §f                §3§l>>> §3§lCLICK HERE§b to pick them up! §3§l<<<
22:35:16 §f               §7You have §395,284 §7materials stashed away!
22:35:16 §f             §8(This totals 10 types of materials stashed!)
22:35:16 §f                §3§l>>> §3§lCLICK HERE§b to pick them up! §3§l<<<
22:36:16 §f               §7You have §395,284 §7materials stashed away!
22:36:16 §f             §8(This totals 10 types of materials stashed!)
22:36:16 §f                §3§l>>> §3§lCLICK HERE§b to pick them up! §3§l<<<
22:37:17 §f               §7You have §395,284 §7materials stashed away!
22:37:17 §f             §8(This totals 10 types of materials stashed!)
22:37:17 §f                §3§l>>> §3§lCLICK HERE§b to pick them up! §3§l<<<
22:38:18 §f               §7You have §395,284 §7materials stashed away!
22:38:18 §f             §8(This totals 10 types of materials stashed!)
22:38:18 §f                §3§l>>> §3§lCLICK HERE§b to pick them up! §3§l<<<
22:39:19 §f               §7You have §395,284 §7materials stashed away!
22:39:19 §f             §8(This totals 10 types of materials stashed!)
22:39:19 §f                §3§l>>> §3§lCLICK HERE§b to pick them up! §3§l<<<
22:40:19 §f               §7You have §395,284 §7materials stashed away!
22:40:19 §f             §8(This totals 10 types of materials stashed!)
22:40:19 §f                §3§l>>> §3§lCLICK HERE§b to pick them up! §3§l<<<
22:41:20 §f               §7You have §395,284 §7materials stashed away!
22:41:20 §f             §8(This totals 10 types of materials stashed!)
22:41:20 §f                §3§l>>> §3§lCLICK HERE§b to pick them up! §3§l<<<
22:42:21 §f               §7You have §395,284 §7materials stashed away!
22:42:21 §f             §8(This totals 10 types of materials stashed!)
22:42:21 §f                §3§l>>> §3§lCLICK HERE§b to pick them up! §3§l<<<
22:43:22 §f               §7You have §395,284 §7materials stashed away!
22:43:22 §f             §8(This totals 10 types of materials stashed!)
22:43:22 §f                §3§l>>> §3§lCLICK HERE§b to pick them up! §3§l<<<
22:44:22 §f               §7You have §395,284 §7materials stashed away!
22:44:22 §f             §8(This totals 10 types of materials stashed!)
22:44:22 §f                §3§l>>> §3§lCLICK HERE§b to pick them up! §3§l<<<
22:45:23 §f               §7You have §395,284 §7materials stashed away!
22:45:23 §f             §8(This totals 10 types of materials stashed!)
22:45:23 §f                §3§l>>> §3§lCLICK HERE§b to pick them up! §3§l<<<
22:46:23 §f               §7You have §395,284 §7materials stashed away!
22:46:23 §f             §8(This totals 10 types of materials stashed!)
22:46:23 §f                §3§l>>> §3§lCLICK HERE§b to pick them up! §3§l<<<
22:46:46 §f               §7You have §395,284 §7materials stashed away!
22:46:47 §f             §8(This totals 10 types of materials stashed!)
22:46:47 §f                §3§l>>> §3§lCLICK HERE§b to pick them up! §3§l<<<
22:46:47 §f               §7You have §395,284 §7materials stashed away!
22:46:47 §f             §8(This totals 10 types of materials stashed!)
22:46:47 §f                §3§l>>> §3§lCLICK HERE§b to pick them up! §3§l<<<
22:47:48 §f               §7You have §395,284 §7materials stashed away!
22:47:48 §f             §8(This totals 10 types of materials stashed!)
22:47:48 §f                §3§l>>> §3§lCLICK HERE§b to pick them up! §3§l<<<
22:48:48 §f               §7You have §395,284 §7materials stashed away!
22:48:48 §f             §8(This totals 10 types of materials stashed!)
22:48:48 §f                §3§l>>> §3§lCLICK HERE§b to pick them up! §3§l<<<
22:49:48 §f               §7You have §395,284 §7materials stashed away!
22:49:48 §f             §8(This totals 10 types of materials stashed!)
22:49:48 §f                §3§l>>> §3§lCLICK HERE§b to pick them up! §3§l<<<
22:50:08 §f               §7You have §395,284 §7materials stashed away!
22:50:08 §f             §8(This totals 10 types of materials stashed!)
22:50:08 §f                §3§l>>> §3§lCLICK HERE§b to pick them up! §3§l<<<
22:50:13 §f               §7You have §395,284 §7materials stashed away!
22:50:13 §f             §8(This totals 10 types of materials stashed!)
22:50:13 §f                §3§l>>> §3§lCLICK HERE§b to pick them up! §3§l<<<
22:50:23 §f               §7You have §395,284 §7materials stashed away!
22:50:23 §f             §8(This totals 10 types of materials stashed!)
22:50:23 §f                §3§l>>> §3§lCLICK HERE§b to pick them up! §3§l<<<
22:51:23 §f               §7You have §395,284 §7materials stashed away!
22:51:23 §f             §8(This totals 10 types of materials stashed!)
22:51:23 §f                §3§l>>> §3§lCLICK HERE§b to pick them up! §3§l<<<
22:52:23 §f               §7You have §395,284 §7materials stashed away!
22:52:23 §f             §8(This totals 10 types of materials stashed!)
22:52:23 §f                §3§l>>> §3§lCLICK HERE§b to pick them up! §3§l<<<
22:53:23 §f               §7You have §395,284 §7materials stashed away!
22:53:23 §f             §8(This totals 10 types of materials stashed!)
22:53:23 §f                §3§l>>> §3§lCLICK HERE§b to pick them up! §3§l<<<
22:54:23 §f               §7You have §395,284 §7materials stashed away!
22:54:23 §f             §8(This totals 10 types of materials stashed!)
22:54:23 §f                §3§l>>> §3§lCLICK HERE§b to pick them up! §3§l<<<
22:55:03 §eOne or more items didn't fit in your inventory and were added to your item stash! §6Click here §eto pick them up!
22:55:07 §eOne or more items didn't fit in your inventory and were added to your material stash! §6Click here §eto pick them up!
22:55:07 §eOne or more items didn't fit in your inventory and were added to your item stash! §6Click here §eto pick them up!
22:55:16 §eOne or more items didn't fit in your inventory and were added to your item stash! §6Click here §eto pick them up!
22:55:20 §eOne or more items didn't fit in your inventory and were added to your material stash! §6Click here §eto pick them up!
22:55:20 §eOne or more items didn't fit in your inventory and were added to your item stash! §6Click here §eto pick them up!
22:55:21 §eOne or more items didn't fit in your inventory and were added to your item stash! §6Click here §eto pick them up!
22:55:23 §f                     §7You have §a3 §7items stashed away!
22:55:23 §f                §6§l>>> §6§lCLICK HERE§e to pick them up! §6§l<<<
22:55:23 §f               §7You have §395,286 §7materials stashed away!
22:55:23 §f             §8(This totals 12 types of materials stashed!)
22:55:23 §f                §3§l>>> §3§lCLICK HERE§b to pick them up! §3§l<<<
22:55:26 §eOne or more items didn't fit in your inventory and were added to your item stash! §6Click here §eto pick them up!
22:55:32 §eOne or more items didn't fit in your inventory and were added to your item stash! §6Click here §eto pick them up!
22:55:33 §eOne or more items didn't fit in your inventory and were added to your material stash! §6Click here §eto pick them up!
22:55:33 §eOne or more items didn't fit in your inventory and were added to your item stash! §6Click here §eto pick them up!
22:55:33 §eOne or more items didn't fit in your inventory and were added to your item stash! §6Click here §eto pick them up!
22:55:35 §eOne or more items didn't fit in your inventory and were added to your item stash! §6Click here §eto pick them up!
22:55:35 §eOne or more items didn't fit in your inventory and were added to your item stash! §6Click here §eto pick them up!
22:55:36 §eOne or more items didn't fit in your inventory and were added to your item stash! §6Click here §eto pick them up!
22:56:23 §f                     §7You have §a9 §7items stashed away!
22:56:23 §f                §6§l>>> §6§lCLICK HERE§e to pick them up! §6§l<<<
22:56:23 §f               §7You have §395,287 §7materials stashed away!
22:56:23 §f             §8(This totals 13 types of materials stashed!)
22:56:23 §f                §3§l>>> §3§lCLICK HERE§b to pick them up! §3§l<<<
22:57:23 §f                     §7You have §a9 §7items stashed away!
22:57:23 §f                §6§l>>> §6§lCLICK HERE§e to pick them up! §6§l<<<
22:57:23 §f               §7You have §395,287 §7materials stashed away!
22:57:23 §f             §8(This totals 13 types of materials stashed!)
22:57:23 §f                §3§l>>> §3§lCLICK HERE§b to pick them up! §3§l<<<
22:58:23 §f                     §7You have §a9 §7items stashed away!
22:58:23 §f                §6§l>>> §6§lCLICK HERE§e to pick them up! §6§l<<<
22:58:23 §f               §7You have §395,287 §7materials stashed away!
22:58:23 §f             §8(This totals 13 types of materials stashed!)
22:58:23 §f                §3§l>>> §3§lCLICK HERE§b to pick them up! §3§l<<<
22:58:44 §eOne or more items didn't fit in your inventory and were added to your item stash! §6Click here §eto pick them up!
22:58:53 §eOne or more items didn't fit in your inventory and were added to your item stash! §6Click here §eto pick them up!
22:58:57 §eOne or more items didn't fit in your inventory and were added to your item stash! §6Click here §eto pick them up!
22:59:10 §eOne or more items didn't fit in your inventory and were added to your item stash! §6Click here §eto pick them up!
22:59:17 §eOne or more items didn't fit in your inventory and were added to your item stash! §6Click here §eto pick them up!
22:59:23 §f                    §7You have §a14 §7items stashed away!
22:59:23 §f                §6§l>>> §6§lCLICK HERE§e to pick them up! §6§l<<<
22:59:23 §f               §7You have §395,287 §7materials stashed away!
22:59:23 §f             §8(This totals 13 types of materials stashed!)
22:59:23 §f                §3§l>>> §3§lCLICK HERE§b to pick them up! §3§l<<<
23:00:23 §f                    §7You have §a14 §7items stashed away!
23:00:23 §f                §6§l>>> §6§lCLICK HERE§e to pick them up! §6§l<<<
23:00:23 §f               §7You have §395,287 §7materials stashed away!
23:00:23 §f             §8(This totals 13 types of materials stashed!)
23:00:23 §f                §3§l>>> §3§lCLICK HERE§b to pick them up! §3§l<<<
23:00:51 §eOne or more items didn't fit in your inventory and were added to your item stash! §6Click here §eto pick them up!
23:00:58 §eOne or more items didn't fit in your inventory and were added to your item stash! §6Click here §eto pick them up!
23:00:59 §eOne or more items didn't fit in your inventory and were added to your item stash! §6Click here §eto pick them up!
23:01:05 §eOne or more items didn't fit in your inventory and were added to your item stash! §6Click here §eto pick them up!
23:01:23 §f                    §7You have §a18 §7items stashed away!
23:01:23 §f                §6§l>>> §6§lCLICK HERE§e to pick them up! §6§l<<<
23:01:23 §f               §7You have §395,287 §7materials stashed away!
23:01:23 §f             §8(This totals 13 types of materials stashed!)
23:01:23 §f                §3§l>>> §3§lCLICK HERE§b to pick them up! §3§l<<<
23:02:06 §eOne or more items didn't fit in your inventory and were added to your item stash! §6Click here §eto pick them up!
23:02:06 §eOne or more items didn't fit in your inventory and were added to your item stash! §6Click here §eto pick them up!
23:02:12 §eOne or more items didn't fit in your inventory and were added to your item stash! §6Click here §eto pick them up!
23:02:12 §eOne or more items didn't fit in your inventory and were added to your item stash! §6Click here §eto pick them up!
23:02:23 §f                    §7You have §a22 §7items stashed away!
23:02:23 §f                §6§l>>> §6§lCLICK HERE§e to pick them up! §6§l<<<
23:02:23 §f               §7You have §395,287 §7materials stashed away!
23:02:23 §f             §8(This totals 13 types of materials stashed!)
23:02:23 §f                §3§l>>> §3§lCLICK HERE§b to pick them up! §3§l<<<
23:03:23 §f                    §7You have §a22 §7items stashed away!
23:03:23 §f                §6§l>>> §6§lCLICK HERE§e to pick them up! §6§l<<<
23:03:23 §f               §7You have §395,287 §7materials stashed away!
23:03:23 §f             §8(This totals 13 types of materials stashed!)
23:03:23 §f                §3§l>>> §3§lCLICK HERE§b to pick them up! §3§l<<<
23:04:05 §eOne or more items didn't fit in your inventory and were added to your item stash! §6Click here §eto pick them up!
23:04:06 §eOne or more items didn't fit in your inventory and were added to your material stash! §6Click here §eto pick them up!
23:04:06 §eOne or more items didn't fit in your inventory and were added to your item stash! §6Click here §eto pick them up!
23:04:18 §eOne or more items didn't fit in your inventory and were added to your material stash! §6Click here §eto pick them up!
23:04:18 §eOne or more items didn't fit in your inventory and were added to your item stash! §6Click here §eto pick them up!
23:04:18 §eOne or more items didn't fit in your inventory and were added to your item stash! §6Click here §eto pick them up!
23:04:23 §f                    §7You have §a24 §7items stashed away!
23:04:23 §f                §6§l>>> §6§lCLICK HERE§e to pick them up! §6§l<<<
23:04:23 §f               §7You have §395,289 §7materials stashed away!
23:04:23 §f             §8(This totals 13 types of materials stashed!)
23:04:23 §f                §3§l>>> §3§lCLICK HERE§b to pick them up! §3§l<<<
23:04:24 §eOne or more items didn't fit in your inventory and were added to your item stash! §6Click here §eto pick them up!
23:04:24 §eOne or more items didn't fit in your inventory and were added to your item stash! §6Click here §eto pick them up!
23:04:24 §eOne or more items didn't fit in your inventory and were added to your item stash! §6Click here §eto pick them up!
23:04:38 §eOne or more items didn't fit in your inventory and were added to your item stash! §6Click here §eto pick them up!
23:05:24 §f                    §7You have §a28 §7items stashed away!
23:05:24 §f                §6§l>>> §6§lCLICK HERE§e to pick them up! §6§l<<<
23:05:24 §f               §7You have §395,289 §7materials stashed away!
23:05:24 §f             §8(This totals 13 types of materials stashed!)
23:05:24 §f                §3§l>>> §3§lCLICK HERE§b to pick them up! §3§l<<<
23:06:24 §f                    §7You have §a28 §7items stashed away!
23:06:24 §f                §6§l>>> §6§lCLICK HERE§e to pick them up! §6§l<<<
23:06:24 §f               §7You have §395,289 §7materials stashed away!
23:06:24 §f             §8(This totals 13 types of materials stashed!)
23:06:24 §f                §3§l>>> §3§lCLICK HERE§b to pick them up! §3§l<<<
23:06:49 §eOne or more items didn't fit in your inventory and were added to your item stash! §6Click here §eto pick them up!
23:06:49 §eOne or more items didn't fit in your inventory and were added to your item stash! §6Click here §eto pick them up!
23:06:56 §eOne or more items didn't fit in your inventory and were added to your item stash! §6Click here §eto pick them up!
23:07:03 §eOne or more items didn't fit in your inventory and were added to your item stash! §6Click here §eto pick them up!
23:07:15 §eOne or more items didn't fit in your inventory and were added to your item stash! §6Click here §eto pick them up!
23:07:22 §eOne or more items didn't fit in your inventory and were added to your item stash! §6Click here §eto pick them up!
23:07:24 §f                    §7You have §a34 §7items stashed away!
23:07:24 §f                §6§l>>> §6§lCLICK HERE§e to pick them up! §6§l<<<
23:07:24 §f               §7You have §395,289 §7materials stashed away!
23:07:24 §f             §8(This totals 13 types of materials stashed!)
23:07:24 §f                §3§l>>> §3§lCLICK HERE§b to pick them up! §3§l<<<
23:08:24 §f                    §7You have §a34 §7items stashed away!
23:08:24 §f                §6§l>>> §6§lCLICK HERE§e to pick them up! §6§l<<<
23:08:24 §f               §7You have §395,289 §7materials stashed away!
23:08:24 §f             §8(This totals 13 types of materials stashed!)
23:08:24 §f                §3§l>>> §3§lCLICK HERE§b to pick them up! §3§l<<<
23:09:24 §f                    §7You have §a34 §7items stashed away!
23:09:24 §f                §6§l>>> §6§lCLICK HERE§e to pick them up! §6§l<<<
23:09:24 §f               §7You have §395,289 §7materials stashed away!
23:09:24 §f             §8(This totals 13 types of materials stashed!)
23:09:24 §f                §3§l>>> §3§lCLICK HERE§b to pick them up! §3§l<<<
23:10:24 §f                    §7You have §a34 §7items stashed away!
23:10:24 §f                §6§l>>> §6§lCLICK HERE§e to pick them up! §6§l<<<
23:10:24 §f               §7You have §395,289 §7materials stashed away!
23:10:24 §f             §8(This totals 13 types of materials stashed!)
23:10:24 §f                §3§l>>> §3§lCLICK HERE§b to pick them up! §3§l<<<
23:10:38 §eOne or more items didn't fit in your inventory and were added to your item stash! §6Click here §eto pick them up!
23:11:07 §eOne or more items didn't fit in your inventory and were added to your item stash! §6Click here §eto pick them up!
23:11:22 §eOne or more items didn't fit in your inventory and were added to your material stash! §6Click here §eto pick them up!
23:11:22 §eOne or more items didn't fit in your inventory and were added to your item stash! §6Click here §eto pick them up!
23:11:24 §f                    §7You have §a36 §7items stashed away!
23:11:24 §f                §6§l>>> §6§lCLICK HERE§e to pick them up! §6§l<<<
23:11:24 §f               §7You have §395,290 §7materials stashed away!
23:11:24 §f             §8(This totals 13 types of materials stashed!)
23:11:24 §f                §3§l>>> §3§lCLICK HERE§b to pick them up! §3§l<<<
23:11:35 §eOne or more items didn't fit in your inventory and were added to your item stash! §6Click here §eto pick them up!
23:11:35 §eOne or more items didn't fit in your inventory and were added to your item stash! §6Click here §eto pick them up!
23:11:41 §eOne or more items didn't fit in your inventory and were added to your item stash! §6Click here §eto pick them up!
23:11:43 §eOne or more items didn't fit in your inventory and were added to your material stash! §6Click here §eto pick them up!
23:11:43 §eOne or more items didn't fit in your inventory and were added to your item stash! §6Click here §eto pick them up!
23:12:24 §f                    §7You have §a39 §7items stashed away!
23:12:24 §f                §6§l>>> §6§lCLICK HERE§e to pick them up! §6§l<<<
23:12:24 §f               §7You have §395,291 §7materials stashed away!
23:12:24 §f             §8(This totals 14 types of materials stashed!)
23:12:24 §f                §3§l>>> §3§lCLICK HERE§b to pick them up! §3§l<<<
23:13:19 §eOne or more items didn't fit in your inventory and were added to your item stash! §6Click here §eto pick them up!
23:13:24 §f                    §7You have §a40 §7items stashed away!
23:13:24 §f                §6§l>>> §6§lCLICK HERE§e to pick them up! §6§l<<<
23:13:24 §f               §7You have §395,291 §7materials stashed away!
23:13:24 §f             §8(This totals 14 types of materials stashed!)
23:13:24 §f                §3§l>>> §3§lCLICK HERE§b to pick them up! §3§l<<<
23:13:26 §eOne or more items didn't fit in your inventory and were added to your item stash! §6Click here §eto pick them up!
23:13:26 §eOne or more items didn't fit in your inventory and were added to your item stash! §6Click here §eto pick them up!
23:13:38 §eOne or more items didn't fit in your inventory and were added to your item stash! §6Click here §eto pick them up!
23:13:39 §eOne or more items didn't fit in your inventory and were added to your item stash! §6Click here §eto pick them up!
23:13:39 §eOne or more items didn't fit in your inventory and were added to your item stash! §6Click here §eto pick them up!
23:13:58 §eOne or more items didn't fit in your inventory and were added to your item stash! §6Click here §eto pick them up!
23:14:05 §eOne or more items didn't fit in your inventory and were added to your item stash! §6Click here §eto pick them up!
23:14:11 §eOne or more items didn't fit in your inventory and were added to your item stash! §6Click here §eto pick them up!
23:14:11 §eOne or more items didn't fit in your inventory and were added to your item stash! §6Click here §eto pick them up!
23:14:24 §f                    §7You have §a49 §7items stashed away!
23:14:24 §f                §6§l>>> §6§lCLICK HERE§e to pick them up! §6§l<<<
23:14:24 §f               §7You have §395,291 §7materials stashed away!
23:14:24 §f             §8(This totals 14 types of materials stashed!)
23:14:24 §f                §3§l>>> §3§lCLICK HERE§b to pick them up! §3§l<<<
23:14:33 §eOne or more items didn't fit in your inventory and were added to your item stash! §6Click here §eto pick them up!
23:14:34 §eOne or more items didn't fit in your inventory and were added to your item stash! §6Click here §eto pick them up!
23:14:56 §eOne or more items didn't fit in your inventory and were added to your material stash! §6Click here §eto pick them up!
23:14:56 §eOne or more items didn't fit in your inventory and were added to your item stash! §6Click here §eto pick them up!
23:15:13 §eOne or more items didn't fit in your inventory and were added to your item stash! §6Click here §eto pick them up!
23:15:14 §eOne or more items didn't fit in your inventory and were added to your item stash! §6Click here §eto pick them up!
23:15:24 §f                    §7You have §a53 §7items stashed away!
23:15:24 §f                §6§l>>> §6§lCLICK HERE§e to pick them up! §6§l<<<
23:15:24 §f               §7You have §395,292 §7materials stashed away!
23:15:24 §f             §8(This totals 14 types of materials stashed!)
23:15:24 §f                §3§l>>> §3§lCLICK HERE§b to pick them up! §3§l<<<
23:15:26 §eOne or more items didn't fit in your inventory and were added to your item stash! §6Click here §eto pick them up!
23:15:27 §eOne or more items didn't fit in your inventory and were added to your material stash! §6Click here §eto pick them up!
23:15:27 §eOne or more items didn't fit in your inventory and were added to your item stash! §6Click here §eto pick them up!
23:15:37 §eOne or more items didn't fit in your inventory and were added to your item stash! §6Click here §eto pick them up!
23:15:37 §eOne or more items didn't fit in your inventory and were added to your item stash! §6Click here §eto pick them up!
23:15:44 §eOne or more items didn't fit in your inventory and were added to your item stash! §6Click here §eto pick them up!
23:15:57 §eOne or more items didn't fit in your inventory and were added to your item stash! §6Click here §eto pick them up!
23:15:57 §eOne or more items didn't fit in your inventory and were added to your material stash! §6Click here §eto pick them up!
23:15:57 §eOne or more items didn't fit in your inventory and were added to your item stash! §6Click here §eto pick them up!
23:16:18 §eOne or more items didn't fit in your inventory and were added to your item stash! §6Click here §eto pick them up!
23:16:24 §f                    §7You have §a59 §7items stashed away!
23:16:24 §f                §6§l>>> §6§lCLICK HERE§e to pick them up! §6§l<<<
23:16:24 §f               §7You have §395,294 §7materials stashed away!
23:16:24 §f             §8(This totals 14 types of materials stashed!)
23:16:24 §f                §3§l>>> §3§lCLICK HERE§b to pick them up! §3§l<<<
23:17:06 §f                    §7You have §a59 §7items stashed away!
23:17:06 §f                §6§l>>> §6§lCLICK HERE§e to pick them up! §6§l<<<
23:17:06 §f               §7You have §395,294 §7materials stashed away!
23:17:06 §f             §8(This totals 14 types of materials stashed!)
23:17:06 §f                §3§l>>> §3§lCLICK HERE§b to pick them up! §3§l<<<
23:17:07 §f                    §7You have §a59 §7items stashed away!
23:17:07 §f                §6§l>>> §6§lCLICK HERE§e to pick them up! §6§l<<<
23:17:07 §f               §7You have §395,294 §7materials stashed away!
23:17:07 §f             §8(This totals 14 types of materials stashed!)
23:17:07 §f                §3§l>>> §3§lCLICK HERE§b to pick them up! §3§l<<<
23:18:07 §f                    §7You have §a59 §7items stashed away!
23:18:07 §f                §6§l>>> §6§lCLICK HERE§e to pick them up! §6§l<<<
23:18:07 §f               §7You have §395,294 §7materials stashed away!
23:18:07 §f             §8(This totals 14 types of materials stashed!)
23:18:07 §f                §3§l>>> §3§lCLICK HERE§b to pick them up! §3§l<<<
23:19:07 §f                    §7You have §a59 §7items stashed away!
23:19:07 §f                §6§l>>> §6§lCLICK HERE§e to pick them up! §6§l<<<
23:19:07 §f               §7You have §395,294 §7materials stashed away!
23:19:07 §f             §8(This totals 14 types of materials stashed!)
23:19:07 §f                §3§l>>> §3§lCLICK HERE§b to pick them up! §3§l<<<
23:19:22 §f                    §7You have §a59 §7items stashed away!
23:19:22 §f                §6§l>>> §6§lCLICK HERE§e to pick them up! §6§l<<<
23:19:22 §f               §7You have §395,294 §7materials stashed away!
23:19:22 §f             §8(This totals 14 types of materials stashed!)
23:19:22 §f                §3§l>>> §3§lCLICK HERE§b to pick them up! §3§l<<<
23:19:37 §f                    §7You have §a59 §7items stashed away!
23:19:37 §f                §6§l>>> §6§lCLICK HERE§e to pick them up! §6§l<<<
23:19:37 §f               §7You have §395,294 §7materials stashed away!
23:19:37 §f             §8(This totals 14 types of materials stashed!)
23:19:37 §f                §3§l>>> §3§lCLICK HERE§b to pick them up! §3§l<<<
23:20:37 §f                    §7You have §a59 §7items stashed away!
23:20:37 §f                §6§l>>> §6§lCLICK HERE§e to pick them up! §6§l<<<
23:20:37 §f               §7You have §395,294 §7materials stashed away!
23:20:37 §f             §8(This totals 14 types of materials stashed!)
23:20:37 §f                §3§l>>> §3§lCLICK HERE§b to pick them up! §3§l<<<
23:21:38 §f                    §7You have §a59 §7items stashed away!
23:21:38 §f                §6§l>>> §6§lCLICK HERE§e to pick them up! §6§l<<<
23:21:38 §f               §7You have §395,294 §7materials stashed away!
23:21:38 §f             §8(This totals 14 types of materials stashed!)
23:21:38 §f                §3§l>>> §3§lCLICK HERE§b to pick them up! §3§l<<<
23:22:19 §f                    §7You have §a59 §7items stashed away!
23:22:19 §f                §6§l>>> §6§lCLICK HERE§e to pick them up! §6§l<<<
23:22:19 §f               §7You have §395,294 §7materials stashed away!
23:22:19 §f             §8(This totals 14 types of materials stashed!)
23:22:19 §f                §3§l>>> §3§lCLICK HERE§b to pick them up! §3§l<<<
23:22:25 §f                    §7You have §a59 §7items stashed away!
23:22:25 §f                §6§l>>> §6§lCLICK HERE§e to pick them up! §6§l<<<
23:22:25 §f               §7You have §395,294 §7materials stashed away!
23:22:25 §f             §8(This totals 14 types of materials stashed!)
23:22:25 §f                §3§l>>> §3§lCLICK HERE§b to pick them up! §3§l<<<
23:23:18 §f                    §7You have §a59 §7items stashed away!
23:23:18 §f                §6§l>>> §6§lCLICK HERE§e to pick them up! §6§l<<<
23:23:18 §f               §7You have §395,294 §7materials stashed away!
23:23:18 §f             §8(This totals 14 types of materials stashed!)
23:23:18 §f                §3§l>>> §3§lCLICK HERE§b to pick them up! §3§l<<<
23:24:18 §f                    §7You have §a59 §7items stashed away!
23:24:18 §f                §6§l>>> §6§lCLICK HERE§e to pick them up! §6§l<<<
23:24:18 §f               §7You have §395,294 §7materials stashed away!
23:24:18 §f             §8(This totals 14 types of materials stashed!)
23:24:18 §f                §3§l>>> §3§lCLICK HERE§b to pick them up! §3§l<<<
23:24:39 §eOne or more items didn't fit in your inventory and were added to your material stash! §6Click here §eto pick them up!
23:24:39 §eOne or more items didn't fit in your inventory and were added to your item stash! §6Click here §eto pick them up!
23:24:46 §eOne or more items didn't fit in your inventory and were added to your material stash! §6Click here §eto pick them up!
23:24:46 §eOne or more items didn't fit in your inventory and were added to your item stash! §6Click here §eto pick them up!
23:24:53 §eOne or more items didn't fit in your inventory and were added to your item stash! §6Click here §eto pick them up!
23:25:00 §eOne or more items didn't fit in your inventory and were added to your item stash! §6Click here §eto pick them up!
23:25:14 §eOne or more items didn't fit in your inventory and were added to your item stash! §6Click here §eto pick them up!
23:25:18 §f                    §7You have §a62 §7items stashed away!
23:25:18 §f                §6§l>>> §6§lCLICK HERE§e to pick them up! §6§l<<<
23:25:18 §f               §7You have §395,296 §7materials stashed away!
23:25:18 §f             §8(This totals 15 types of materials stashed!)
23:25:18 §f                §3§l>>> §3§lCLICK HERE§b to pick them up! §3§l<<<
23:25:27 §eOne or more items didn't fit in your inventory and were added to your item stash! §6Click here §eto pick them up!
23:25:40 §eOne or more items didn't fit in your inventory and were added to your item stash! §6Click here §eto pick them up!
23:25:46 §eOne or more items didn't fit in your inventory and were added to your item stash! §6Click here §eto pick them up!
23:25:46 §eOne or more items didn't fit in your inventory and were added to your item stash! §6Click here §eto pick them up!
23:26:12 §eOne or more items didn't fit in your inventory and were added to your item stash! §6Click here §eto pick them up!
23:26:18 §f                    §7You have §a67 §7items stashed away!
23:26:18 §f                §6§l>>> §6§lCLICK HERE§e to pick them up! §6§l<<<
23:26:18 §f               §7You have §395,296 §7materials stashed away!
23:26:18 §f             §8(This totals 15 types of materials stashed!)
23:26:18 §f                §3§l>>> §3§lCLICK HERE§b to pick them up! §3§l<<<
23:26:24 §eOne or more items didn't fit in your inventory and were added to your item stash! §6Click here §eto pick them up!
23:26:31 §eOne or more items didn't fit in your inventory and were added to your item stash! §6Click here §eto pick them up!
23:26:44 §eOne or more items didn't fit in your inventory and were added to your item stash! §6Click here §eto pick them up!
23:26:51 §eOne or more items didn't fit in your inventory and were added to your material stash! §6Click here §eto pick them up!
23:26:51 §eOne or more items didn't fit in your inventory and were added to your item stash! §6Click here §eto pick them up!
23:26:59 §eOne or more items didn't fit in your inventory and were added to your item stash! §6Click here §eto pick them up!
23:27:06 §eOne or more items didn't fit in your inventory and were added to your item stash! §6Click here §eto pick them up!
23:27:12 §eOne or more items didn't fit in your inventory and were added to your item stash! §6Click here §eto pick them up!
23:27:18 §f                    §7You have §a73 §7items stashed away!
23:27:18 §f                §6§l>>> §6§lCLICK HERE§e to pick them up! §6§l<<<
23:27:18 §f               §7You have §395,297 §7materials stashed away!
23:27:18 §f             §8(This totals 16 types of materials stashed!)
23:27:18 §f                §3§l>>> §3§lCLICK HERE§b to pick them up! §3§l<<<
23:27:31 §eOne or more items didn't fit in your inventory and were added to your item stash! §6Click here §eto pick them up!
23:27:32 §eOne or more items didn't fit in your inventory and were added to your material stash! §6Click here §eto pick them up!
23:27:32 §eOne or more items didn't fit in your inventory and were added to your item stash! §6Click here §eto pick them up!
23:27:38 §eOne or more items didn't fit in your inventory and were added to your item stash! §6Click here §eto pick them up!
23:27:44 §eOne or more items didn't fit in your inventory and were added to your material stash! §6Click here §eto pick them up!
23:27:44 §eOne or more items didn't fit in your inventory and were added to your item stash! §6Click here §eto pick them up!
23:27:44 §eOne or more items didn't fit in your inventory and were added to your material stash! §6Click here §eto pick them up!
23:27:44 §eOne or more items didn't fit in your inventory and were added to your item stash! §6Click here §eto pick them up!
23:28:11 §eOne or more items didn't fit in your inventory and were added to your item stash! §6Click here §eto pick them up!
23:28:18 §f                    §7You have §a76 §7items stashed away!
23:28:18 §f                §6§l>>> §6§lCLICK HERE§e to pick them up! §6§l<<<
23:28:18 §f               §7You have §395,300 §7materials stashed away!
23:28:18 §f             §8(This totals 16 types of materials stashed!)
23:28:18 §f                §3§l>>> §3§lCLICK HERE§b to pick them up! §3§l<<<
23:28:29 §eOne or more items didn't fit in your inventory and were added to your item stash! §6Click here §eto pick them up!
23:28:35 §eOne or more items didn't fit in your inventory and were added to your item stash! §6Click here §eto pick them up!
23:28:43 §eOne or more items didn't fit in your inventory and were added to your item stash! §6Click here §eto pick them up!
23:28:58 §eOne or more items didn't fit in your inventory and were added to your material stash! §6Click here §eto pick them up!
23:28:58 §eOne or more items didn't fit in your inventory and were added to your item stash! §6Click here §eto pick them up!
23:29:04 §eOne or more items didn't fit in your inventory and were added to your item stash! §6Click here §eto pick them up!
23:29:18 §f                    §7You have §a80 §7items stashed away!
23:29:18 §f                §6§l>>> §6§lCLICK HERE§e to pick them up! §6§l<<<
23:29:18 §f               §7You have §395,301 §7materials stashed away!
23:29:18 §f             §8(This totals 16 types of materials stashed!)
23:29:18 §f                §3§l>>> §3§lCLICK HERE§b to pick them up! §3§l<<<
23:29:23 §eOne or more items didn't fit in your inventory and were added to your item stash! §6Click here §eto pick them up!
23:29:48 §eOne or more items didn't fit in your inventory and were added to your item stash! §6Click here §eto pick them up!
23:29:48 §eOne or more items didn't fit in your inventory and were added to your item stash! §6Click here §eto pick them up!
23:29:49 §eOne or more items didn't fit in your inventory and were added to your material stash! §6Click here §eto pick them up!
23:29:49 §eOne or more items didn't fit in your inventory and were added to your item stash! §6Click here §eto pick them up!
23:30:01 §eOne or more items didn't fit in your inventory and were added to your item stash! §6Click here §eto pick them up!
23:30:18 §eOne or more items didn't fit in your inventory and were added to your item stash! §6Click here §eto pick them up!
23:30:18 §f                    §7You have §a85 §7items stashed away!
23:30:18 §f                §6§l>>> §6§lCLICK HERE§e to pick them up! §6§l<<<
23:30:18 §f               §7You have §395,302 §7materials stashed away!
23:30:18 §f             §8(This totals 16 types of materials stashed!)
23:30:18 §f                §3§l>>> §3§lCLICK HERE§b to pick them up! §3§l<<<
23:30:24 §eOne or more items didn't fit in your inventory and were added to your item stash! §6Click here §eto pick them up!
23:30:30 §eOne or more items didn't fit in your inventory and were added to your item stash! §6Click here §eto pick them up!
23:30:48 §eOne or more items didn't fit in your inventory and were added to your item stash! §6Click here §eto pick them up!
23:30:48 §eOne or more items didn't fit in your inventory and were added to your material stash! §6Click here §eto pick them up!
23:30:48 §eOne or more items didn't fit in your inventory and were added to your item stash! §6Click here §eto pick them up!
23:30:55 §eOne or more items didn't fit in your inventory and were added to your material stash! §6Click here §eto pick them up!
23:30:55 §eOne or more items didn't fit in your inventory and were added to your item stash! §6Click here §eto pick them up!
23:31:18 §f                    §7You have §a88 §7items stashed away!
23:31:18 §f                §6§l>>> §6§lCLICK HERE§e to pick them up! §6§l<<<
23:31:18 §f               §7You have §395,304 §7materials stashed away!
23:31:18 §f             §8(This totals 16 types of materials stashed!)
23:31:18 §f                §3§l>>> §3§lCLICK HERE§b to pick them up! §3§l<<<
23:32:18 §f                    §7You have §a88 §7items stashed away!
23:32:18 §f                §6§l>>> §6§lCLICK HERE§e to pick them up! §6§l<<<
23:32:18 §f               §7You have §395,304 §7materials stashed away!
23:32:18 §f             §8(This totals 16 types of materials stashed!)
23:32:18 §f                §3§l>>> §3§lCLICK HERE§b to pick them up! §3§l<<<
23:32:51 §eOne or more items didn't fit in your inventory and were added to your material stash! §6Click here §eto pick them up!
23:32:51 §eOne or more items didn't fit in your inventory and were added to your item stash! §6Click here §eto pick them up!
23:32:58 §eOne or more items didn't fit in your inventory and were added to your item stash! §6Click here §eto pick them up!
23:33:04 §eOne or more items didn't fit in your inventory and were added to your material stash! §6Click here §eto pick them up!
23:33:04 §eOne or more items didn't fit in your inventory and were added to your item stash! §6Click here §eto pick them up!
23:33:10 §eOne or more items didn't fit in your inventory and were added to your material stash! §6Click here §eto pick them up!
23:33:10 §eOne or more items didn't fit in your inventory and were added to your item stash! §6Click here §eto pick them up!
23:33:16 §eOne or more items didn't fit in your inventory and were added to your material stash! §6Click here §eto pick them up!
23:33:16 §eOne or more items didn't fit in your inventory and were added to your item stash! §6Click here §eto pick them up!
23:33:18 §f                    §7You have §a89 §7items stashed away!
23:33:18 §f                §6§l>>> §6§lCLICK HERE§e to pick them up! §6§l<<<
23:33:18 §f               §7You have §395,308 §7materials stashed away!
23:33:18 §f             §8(This totals 17 types of materials stashed!)
23:33:18 §f                §3§l>>> §3§lCLICK HERE§b to pick them up! §3§l<<<
23:33:35 §eOne or more items didn't fit in your inventory and were added to your item stash! §6Click here §eto pick them up!
23:33:41 §eOne or more items didn't fit in your inventory and were added to your item stash! §6Click here §eto pick them up!
23:33:42 §eOne or more items didn't fit in your inventory and were added to your item stash! §6Click here §eto pick them up!
23:34:07 §eOne or more items didn't fit in your inventory and were added to your item stash! §6Click here §eto pick them up!
23:34:18 §f                    §7You have §a93 §7items stashed away!
23:34:18 §f                §6§l>>> §6§lCLICK HERE§e to pick them up! §6§l<<<
23:34:18 §f               §7You have §395,308 §7materials stashed away!
23:34:18 §f             §8(This totals 17 types of materials stashed!)
23:34:18 §f                §3§l>>> §3§lCLICK HERE§b to pick them up! §3§l<<<
23:34:22 §eOne or more items didn't fit in your inventory and were added to your item stash! §6Click here §eto pick them up!
23:35:18 §f                    §7You have §a94 §7items stashed away!
23:35:18 §f                §6§l>>> §6§lCLICK HERE§e to pick them up! §6§l<<<
23:35:18 §f               §7You have §395,308 §7materials stashed away!
23:35:18 §f             §8(This totals 17 types of materials stashed!)
23:35:18 §f                §3§l>>> §3§lCLICK HERE§b to pick them up! §3§l<<<
23:35:34 §eOne or more items didn't fit in your inventory and were added to your material stash! §6Click here §eto pick them up!
23:35:34 §eOne or more items didn't fit in your inventory and were added to your item stash! §6Click here §eto pick them up!
23:36:18 §f                    §7You have §a94 §7items stashed away!
23:36:18 §f                §6§l>>> §6§lCLICK HERE§e to pick them up! §6§l<<<
23:36:18 §f               §7You have §395,309 §7materials stashed away!
23:36:18 §f             §8(This totals 17 types of materials stashed!)
23:36:18 §f                §3§l>>> §3§lCLICK HERE§b to pick them up! §3§l<<<
23:37:16 §eOne or more items didn't fit in your inventory and were added to your item stash! §6Click here §eto pick them up!
23:37:19 §f                    §7You have §a95 §7items stashed away!
23:37:19 §f                §6§l>>> §6§lCLICK HERE§e to pick them up! §6§l<<<
23:37:19 §f               §7You have §395,309 §7materials stashed away!
23:37:19 §f             §8(This totals 17 types of materials stashed!)
23:37:19 §f                §3§l>>> §3§lCLICK HERE§b to pick them up! §3§l<<<
23:37:22 §eOne or more items didn't fit in your inventory and were added to your item stash! §6Click here §eto pick them up!
23:37:28 §eOne or more items didn't fit in your inventory and were added to your item stash! §6Click here §eto pick them up!
23:38:01 §eOne or more items didn't fit in your inventory and were added to your item stash! §6Click here §eto pick them up!
23:38:01 §eOne or more items didn't fit in your inventory and were added to your item stash! §6Click here §eto pick them up!
23:38:19 §f                    §7You have §a99 §7items stashed away!
23:38:19 §f                §6§l>>> §6§lCLICK HERE§e to pick them up! §6§l<<<
23:38:19 §f               §7You have §395,309 §7materials stashed away!
23:38:19 §f             §8(This totals 17 types of materials stashed!)
23:38:19 §f                §3§l>>> §3§lCLICK HERE§b to pick them up! §3§l<<<
23:38:33 §eOne or more items didn't fit in your inventory and were added to your material stash! §6Click here §eto pick them up!
23:38:33 §eOne or more items didn't fit in your inventory and were added to your item stash! §6Click here §eto pick them up!
23:38:35 §eOne or more items didn't fit in your inventory and were added to your item stash! §6Click here §eto pick them up!
23:38:42 §eOne or more items didn't fit in your inventory and were added to your item stash! §6Click here §eto pick them up!
23:38:54 §eOne or more items didn't fit in your inventory and were added to your item stash! §6Click here §eto pick them up!
23:39:00 §eOne or more items didn't fit in your inventory and were added to your item stash! §6Click here §eto pick them up!
23:39:01 §eOne or more items didn't fit in your inventory and were added to your material stash! §6Click here §eto pick them up!
23:39:01 §eOne or more items didn't fit in your inventory and were added to your item stash! §6Click here §eto pick them up!
23:39:06 §eOne or more items didn't fit in your inventory and were added to your material stash! §6Click here §eto pick them up!
23:39:07 §eOne or more items didn't fit in your inventory and were added to your item stash! §6Click here §eto pick them up!
23:39:08 §eOne or more items didn't fit in your inventory and were added to your material stash! §6Click here §eto pick them up!
23:39:08 §eOne or more items didn't fit in your inventory and were added to your item stash! §6Click here §eto pick them up!
23:39:19 §f                   §7You have §a103 §7items stashed away!
23:39:19 §f                §6§l>>> §6§lCLICK HERE§e to pick them up! §6§l<<<
23:39:19 §f               §7You have §395,313 §7materials stashed away!
23:39:19 §f             §8(This totals 17 types of materials stashed!)
23:39:19 §f                §3§l>>> §3§lCLICK HERE§b to pick them up! §3§l<<<
23:39:21 §eOne or more items didn't fit in your inventory and were added to your material stash! §6Click here §eto pick them up!
23:39:21 §eOne or more items didn't fit in your inventory and were added to your item stash! §6Click here §eto pick them up!
23:40:19 §f                   §7You have §a103 §7items stashed away!
23:40:19 §f                §6§l>>> §6§lCLICK HERE§e to pick them up! §6§l<<<
23:40:19 §f               §7You have §395,314 §7materials stashed away!
23:40:19 §f             §8(This totals 18 types of materials stashed!)
23:40:19 §f                §3§l>>> §3§lCLICK HERE§b to pick them up! §3§l<<<
23:40:48 §f                   §7You have §a103 §7items stashed away!
23:40:48 §f                §6§l>>> §6§lCLICK HERE§e to pick them up! §6§l<<<
23:40:48 §f               §7You have §395,314 §7materials stashed away!
23:40:48 §f             §8(This totals 18 types of materials stashed!)
23:40:48 §f                §3§l>>> §3§lCLICK HERE§b to pick them up! §3§l<<<
23:41:22 §f                   §7You have §a103 §7items stashed away!
23:41:22 §f                §6§l>>> §6§lCLICK HERE§e to pick them up! §6§l<<<
23:41:22 §f               §7You have §395,314 §7materials stashed away!
23:41:22 §f             §8(This totals 18 types of materials stashed!)
23:41:22 §f                §3§l>>> §3§lCLICK HERE§b to pick them up! §3§l<<<
23:41:40 §f                   §7You have §a103 §7items stashed away!
23:41:40 §f                §6§l>>> §6§lCLICK HERE§e to pick them up! §6§l<<<
23:41:40 §f               §7You have §395,314 §7materials stashed away!
23:41:40 §f             §8(This totals 18 types of materials stashed!)
23:41:40 §f                §3§l>>> §3§lCLICK HERE§b to pick them up! §3§l<<<
23:42:06 §f                   §7You have §a103 §7items stashed away!
23:42:06 §f                §6§l>>> §6§lCLICK HERE§e to pick them up! §6§l<<<
23:42:06 §f               §7You have §395,314 §7materials stashed away!
23:42:06 §f             §8(This totals 18 types of materials stashed!)
23:42:06 §f                §3§l>>> §3§lCLICK HERE§b to pick them up! §3§l<<<
23:43:07 §f                   §7You have §a103 §7items stashed away!
23:43:07 §f                §6§l>>> §6§lCLICK HERE§e to pick them up! §6§l<<<
23:43:07 §f               §7You have §395,314 §7materials stashed away!
23:43:07 §f             §8(This totals 18 types of materials stashed!)
23:43:07 §f                §3§l>>> §3§lCLICK HERE§b to pick them up! §3§l<<<
23:43:10 §f                   §7You have §a103 §7items stashed away!
23:43:10 §f                §6§l>>> §6§lCLICK HERE§e to pick them up! §6§l<<<
23:43:10 §f               §7You have §395,314 §7materials stashed away!
23:43:10 §f             §8(This totals 18 types of materials stashed!)
23:43:10 §f                §3§l>>> §3§lCLICK HERE§b to pick them up! §3§l<<<
23:44:07 §f                   §7You have §a103 §7items stashed away!
23:44:07 §f                §6§l>>> §6§lCLICK HERE§e to pick them up! §6§l<<<
23:44:07 §f               §7You have §395,314 §7materials stashed away!
23:44:07 §f             §8(This totals 18 types of materials stashed!)
23:44:07 §f                §3§l>>> §3§lCLICK HERE§b to pick them up! §3§l<<<
23:44:46 §f                   §7You have §a103 §7items stashed away!
23:44:46 §f                §6§l>>> §6§lCLICK HERE§e to pick them up! §6§l<<<
23:44:46 §f               §7You have §395,314 §7materials stashed away!
23:44:46 §f             §8(This totals 18 types of materials stashed!)
23:44:46 §f                §3§l>>> §3§lCLICK HERE§b to pick them up! §3§l<<<
23:44:47 §f                   §7You have §a103 §7items stashed away!
23:44:47 §f                §6§l>>> §6§lCLICK HERE§e to pick them up! §6§l<<<
23:44:47 §f               §7You have §395,314 §7materials stashed away!
23:44:47 §f             §8(This totals 18 types of materials stashed!)
23:44:47 §f                §3§l>>> §3§lCLICK HERE§b to pick them up! §3§l<<<
23:45:47 §f                   §7You have §a103 §7items stashed away!
23:45:47 §f                §6§l>>> §6§lCLICK HERE§e to pick them up! §6§l<<<
23:45:47 §f               §7You have §395,314 §7materials stashed away!
23:45:47 §f             §8(This totals 18 types of materials stashed!)
23:45:47 §f                §3§l>>> §3§lCLICK HERE§b to pick them up! §3§l<<<
23:46:47 §f                   §7You have §a103 §7items stashed away!
23:46:47 §f                §6§l>>> §6§lCLICK HERE§e to pick them up! §6§l<<<
23:46:47 §f               §7You have §395,314 §7materials stashed away!
23:46:47 §f             §8(This totals 18 types of materials stashed!)
23:46:47 §f                §3§l>>> §3§lCLICK HERE§b to pick them up! §3§l<<<
23:47:47 §f                   §7You have §a103 §7items stashed away!
23:47:47 §f                §6§l>>> §6§lCLICK HERE§e to pick them up! §6§l<<<
23:47:47 §f               §7You have §395,314 §7materials stashed away!
23:47:47 §f             §8(This totals 18 types of materials stashed!)
23:47:47 §f                §3§l>>> §3§lCLICK HERE§b to pick them up! §3§l<<<
23:48:47 §f                   §7You have §a103 §7items stashed away!
23:48:47 §f                §6§l>>> §6§lCLICK HERE§e to pick them up! §6§l<<<
23:48:47 §f               §7You have §395,314 §7materials stashed away!
23:48:47 §f             §8(This totals 18 types of materials stashed!)
23:48:47 §f                §3§l>>> §3§lCLICK HERE§b to pick them up! §3§l<<<
23:49:47 §f                   §7You have §a103 §7items stashed away!
23:49:47 §f                §6§l>>> §6§lCLICK HERE§e to pick them up! §6§l<<<
23:49:47 §f               §7You have §395,314 §7materials stashed away!
23:49:47 §f             §8(This totals 18 types of materials stashed!)
23:49:47 §f                §3§l>>> §3§lCLICK HERE§b to pick them up! §3§l<<<
23:50:48 §f                   §7You have §a103 §7items stashed away!
23:50:48 §f                §6§l>>> §6§lCLICK HERE§e to pick them up! §6§l<<<
23:50:48 §f               §7You have §395,314 §7materials stashed away!
23:50:48 §f             §8(This totals 18 types of materials stashed!)
23:50:48 §f                §3§l>>> §3§lCLICK HERE§b to pick them up! §3§l<<<
23:51:48 §f                   §7You have §a103 §7items stashed away!
23:51:48 §f                §6§l>>> §6§lCLICK HERE§e to pick them up! §6§l<<<
23:51:48 §f               §7You have §395,314 §7materials stashed away!
23:51:48 §f             §8(This totals 18 types of materials stashed!)
23:51:48 §f                §3§l>>> §3§lCLICK HERE§b to pick them up! §3§l<<<
23:52:48 §f                   §7You have §a103 §7items stashed away!
23:52:48 §f                §6§l>>> §6§lCLICK HERE§e to pick them up! §6§l<<<
23:52:48 §f               §7You have §395,314 §7materials stashed away!
23:52:48 §f             §8(This totals 18 types of materials stashed!)
23:52:48 §f                §3§l>>> §3§lCLICK HERE§b to pick them up! §3§l<<<
23:53:48 §f                   §7You have §a103 §7items stashed away!
23:53:48 §f                §6§l>>> §6§lCLICK HERE§e to pick them up! §6§l<<<
23:53:48 §f               §7You have §395,314 §7materials stashed away!
23:53:48 §f             §8(This totals 18 types of materials stashed!)
23:53:48 §f                §3§l>>> §3§lCLICK HERE§b to pick them up! §3§l<<<
23:54:48 §f                   §7You have §a103 §7items stashed away!
23:54:48 §f                §6§l>>> §6§lCLICK HERE§e to pick them up! §6§l<<<
23:54:48 §f               §7You have §395,314 §7materials stashed away!
23:54:48 §f             §8(This totals 18 types of materials stashed!)
23:54:48 §f                §3§l>>> §3§lCLICK HERE§b to pick them up! §3§l<<<
23:55:48 §f                   §7You have §a103 §7items stashed away!
23:55:48 §f                §6§l>>> §6§lCLICK HERE§e to pick them up! §6§l<<<
23:55:48 §f               §7You have §395,314 §7materials stashed away!
23:55:48 §f             §8(This totals 18 types of materials stashed!)
23:55:48 §f                §3§l>>> §3§lCLICK HERE§b to pick them up! §3§l<<<
23:56:49 §f                   §7You have §a103 §7items stashed away!
23:56:49 §f                §6§l>>> §6§lCLICK HERE§e to pick them up! §6§l<<<
23:56:49 §f               §7You have §395,314 §7materials stashed away!
23:56:49 §f             §8(This totals 18 types of materials stashed!)
23:56:49 §f                §3§l>>> §3§lCLICK HERE§b to pick them up! §3§l<<<
23:57:49 §f                   §7You have §a103 §7items stashed away!
23:57:49 §f                §6§l>>> §6§lCLICK HERE§e to pick them up! §6§l<<<
23:57:49 §f               §7You have §395,314 §7materials stashed away!
23:57:49 §f             §8(This totals 18 types of materials stashed!)
23:57:49 §f                §3§l>>> §3§lCLICK HERE§b to pick them up! §3§l<<<
23:58:49 §f                   §7You have §a103 §7items stashed away!
23:58:49 §f                §6§l>>> §6§lCLICK HERE§e to pick them up! §6§l<<<
23:58:49 §f               §7You have §395,314 §7materials stashed away!
23:58:49 §f             §8(This totals 18 types of materials stashed!)
23:58:49 §f                §3§l>>> §3§lCLICK HERE§b to pick them up! §3§l<<<
23:59:49 §f                   §7You have §a103 §7items stashed away!
23:59:49 §f                §6§l>>> §6§lCLICK HERE§e to pick them up! §6§l<<<
23:59:49 §f               §7You have §395,314 §7materials stashed away!
23:59:49 §f             §8(This totals 18 types of materials stashed!)
23:59:49 §f                §3§l>>> §3§lCLICK HERE§b to pick them up! §3§l<<<
00:00:50 §f                   §7You have §a103 §7items stashed away!
00:00:50 §f                §6§l>>> §6§lCLICK HERE§e to pick them up! §6§l<<<
00:00:50 §f               §7You have §395,314 §7materials stashed away!
00:00:50 §f             §8(This totals 18 types of materials stashed!)
00:00:50 §f                §3§l>>> §3§lCLICK HERE§b to pick them up! §3§l<<<
00:01:50 §f                   §7You have §a103 §7items stashed away!
00:01:50 §f                §6§l>>> §6§lCLICK HERE§e to pick them up! §6§l<<<
00:01:50 §f               §7You have §395,314 §7materials stashed away!
00:01:50 §f             §8(This totals 18 types of materials stashed!)
00:01:50 §f                §3§l>>> §3§lCLICK HERE§b to pick them up! §3§l<<<
00:02:51 §f                   §7You have §a103 §7items stashed away!
00:02:51 §f                §6§l>>> §6§lCLICK HERE§e to pick them up! §6§l<<<
00:02:51 §f               §7You have §395,314 §7materials stashed away!
00:02:51 §f             §8(This totals 18 types of materials stashed!)
00:02:51 §f                §3§l>>> §3§lCLICK HERE§b to pick them up! §3§l<<<
00:03:51 §f                   §7You have §a103 §7items stashed away!
00:03:51 §f                §6§l>>> §6§lCLICK HERE§e to pick them up! §6§l<<<
00:03:51 §f               §7You have §395,314 §7materials stashed away!
00:03:51 §f             §8(This totals 18 types of materials stashed!)
00:03:51 §f                §3§l>>> §3§lCLICK HERE§b to pick them up! §3§l<<<
00:04:52 §f                   §7You have §a103 §7items stashed away!
00:04:52 §f                §6§l>>> §6§lCLICK HERE§e to pick them up! §6§l<<<
00:04:52 §f               §7You have §395,314 §7materials stashed away!
00:04:52 §f             §8(This totals 18 types of materials stashed!)
00:04:52 §f                §3§l>>> §3§lCLICK HERE§b to pick them up! §3§l<<<
00:05:52 §f                   §7You have §a103 §7items stashed away!
00:05:52 §f                §6§l>>> §6§lCLICK HERE§e to pick them up! §6§l<<<
00:05:52 §f               §7You have §395,314 §7materials stashed away!
00:05:52 §f             §8(This totals 18 types of materials stashed!)
00:05:52 §f                §3§l>>> §3§lCLICK HERE§b to pick them up! §3§l<<<
00:06:53 §f                   §7You have §a103 §7items stashed away!
00:06:53 §f                §6§l>>> §6§lCLICK HERE§e to pick them up! §6§l<<<
00:06:53 §f               §7You have §395,314 §7materials stashed away!
00:06:53 §f             §8(This totals 18 types of materials stashed!)
00:06:53 §f                §3§l>>> §3§lCLICK HERE§b to pick them up! §3§l<<<
00:07:54 §f                   §7You have §a103 §7items stashed away!
00:07:54 §f                §6§l>>> §6§lCLICK HERE§e to pick them up! §6§l<<<
00:07:54 §f               §7You have §395,314 §7materials stashed away!
00:07:54 §f             §8(This totals 18 types of materials stashed!)
00:07:54 §f                §3§l>>> §3§lCLICK HERE§b to pick them up! §3§l<<<
00:08:39 §f                   §7You have §a103 §7items stashed away!
00:08:39 §f                §6§l>>> §6§lCLICK HERE§e to pick them up! §6§l<<<
00:08:39 §f               §7You have §395,314 §7materials stashed away!
00:08:39 §f             §8(This totals 18 types of materials stashed!)
00:08:39 §f                §3§l>>> §3§lCLICK HERE§b to pick them up! §3§l<<<
00:08:40 §f                   §7You have §a103 §7items stashed away!
00:08:40 §f                §6§l>>> §6§lCLICK HERE§e to pick them up! §6§l<<<
00:08:40 §f               §7You have §395,314 §7materials stashed away!
00:08:40 §f             §8(This totals 18 types of materials stashed!)
00:08:40 §f                §3§l>>> §3§lCLICK HERE§b to pick them up! §3§l<<<
00:09:40 §f                   §7You have §a103 §7items stashed away!
00:09:40 §f                §6§l>>> §6§lCLICK HERE§e to pick them up! §6§l<<<
00:09:40 §f               §7You have §395,314 §7materials stashed away!
00:09:40 §f             §8(This totals 18 types of materials stashed!)
00:09:40 §f                §3§l>>> §3§lCLICK HERE§b to pick them up! §3§l<<<
00:10:40 §f                   §7You have §a103 §7items stashed away!
00:10:40 §f                §6§l>>> §6§lCLICK HERE§e to pick them up! §6§l<<<
00:10:40 §f               §7You have §395,314 §7materials stashed away!
00:10:40 §f             §8(This totals 18 types of materials stashed!)
00:10:40 §f                §3§l>>> §3§lCLICK HERE§b to pick them up! §3§l<<<
00:11:22 §f                    §7You have §a65 §7items stashed away!
00:11:22 §f                §6§l>>> §6§lCLICK HERE§e to pick them up! §6§l<<<
00:11:22 §f               §7You have §395,314 §7materials stashed away!
00:11:22 §f             §8(This totals 18 types of materials stashed!)
00:11:22 §f                §3§l>>> §3§lCLICK HERE§b to pick them up! §3§l<<<
00:11:23 §f                    §7You have §a65 §7items stashed away!
00:11:23 §f                §6§l>>> §6§lCLICK HERE§e to pick them up! §6§l<<<
00:11:23 §f               §7You have §395,314 §7materials stashed away!
00:11:23 §f             §8(This totals 18 types of materials stashed!)
00:11:23 §f                §3§l>>> §3§lCLICK HERE§b to pick them up! §3§l<<<
00:12:23 §f                    §7You have §a65 §7items stashed away!
00:12:23 §f                §6§l>>> §6§lCLICK HERE§e to pick them up! §6§l<<<
00:12:23 §f               §7You have §395,314 §7materials stashed away!
00:12:23 §f             §8(This totals 18 types of materials stashed!)
00:12:23 §f                §3§l>>> §3§lCLICK HERE§b to pick them up! §3§l<<<
00:13:23 §f                    §7You have §a65 §7items stashed away!
00:13:23 §f                §6§l>>> §6§lCLICK HERE§e to pick them up! §6§l<<<
00:13:23 §f               §7You have §395,314 §7materials stashed away!
00:13:23 §f             §8(This totals 18 types of materials stashed!)
00:13:23 §f                §3§l>>> §3§lCLICK HERE§b to pick them up! §3§l<<<
00:14:24 §f                    §7You have §a65 §7items stashed away!
00:14:24 §f                §6§l>>> §6§lCLICK HERE§e to pick them up! §6§l<<<
00:14:24 §f               §7You have §395,314 §7materials stashed away!
00:14:24 §f             §8(This totals 18 types of materials stashed!)
00:14:24 §f                §3§l>>> §3§lCLICK HERE§b to pick them up! §3§l<<<
00:15:24 §f                    §7You have §a65 §7items stashed away!
00:15:24 §f                §6§l>>> §6§lCLICK HERE§e to pick them up! §6§l<<<
00:15:24 §f               §7You have §395,314 §7materials stashed away!
00:15:24 §f             §8(This totals 18 types of materials stashed!)
00:15:24 §f                §3§l>>> §3§lCLICK HERE§b to pick them up! §3§l<<<
00:16:24 §f                    §7You have §a22 §7items stashed away!
00:16:24 §f                §6§l>>> §6§lCLICK HERE§e to pick them up! §6§l<<<
00:16:24 §f               §7You have §395,312 §7materials stashed away!
00:16:24 §f             §8(This totals 17 types of materials stashed!)
00:16:24 §f                §3§l>>> §3§lCLICK HERE§b to pick them up! §3§l<<<
00:17:24 §f               §7You have §395,248 §7materials stashed away!
00:17:24 §f             §8(This totals 17 types of materials stashed!)
00:17:24 §f                §3§l>>> §3§lCLICK HERE§b to pick them up! §3§l<<<
00:18:24 §f               §7You have §395,248 §7materials stashed away!
00:18:24 §f             §8(This totals 17 types of materials stashed!)
00:18:24 §f                §3§l>>> §3§lCLICK HERE§b to pick them up! §3§l<<<
00:19:25 §f               §7You have §395,248 §7materials stashed away!
00:19:25 §f             §8(This totals 17 types of materials stashed!)
00:19:25 §f                §3§l>>> §3§lCLICK HERE§b to pick them up! §3§l<<<
00:20:25 §f               §7You have §395,248 §7materials stashed away!
00:20:25 §f             §8(This totals 17 types of materials stashed!)
00:20:25 §f                §3§l>>> §3§lCLICK HERE§b to pick them up! §3§l<<<
00:21:25 §f               §7You have §395,248 §7materials stashed away!
00:21:25 §f             §8(This totals 17 types of materials stashed!)
00:21:25 §f                §3§l>>> §3§lCLICK HERE§b to pick them up! §3§l<<<
00:22:25 §f               §7You have §395,248 §7materials stashed away!
00:22:25 §f             §8(This totals 17 types of materials stashed!)
00:22:25 §f                §3§l>>> §3§lCLICK HERE§b to pick them up! §3§l<<<
00:23:25 §f               §7You have §395,248 §7materials stashed away!
00:23:25 §f             §8(This totals 17 types of materials stashed!)
00:23:25 §f                §3§l>>> §3§lCLICK HERE§b to pick them up! §3§l<<<
00:24:25 §f               §7You have §395,248 §7materials stashed away!
00:24:25 §f             §8(This totals 17 types of materials stashed!)
00:24:25 §f                §3§l>>> §3§lCLICK HERE§b to pick them up! §3§l<<<
00:25:26 §f               §7You have §395,248 §7materials stashed away!
00:25:26 §f             §8(This totals 17 types of materials stashed!)
00:25:26 §f                §3§l>>> §3§lCLICK HERE§b to pick them up! §3§l<<<
00:26:26 §f               §7You have §395,248 §7materials stashed away!
00:26:26 §f             §8(This totals 17 types of materials stashed!)
00:26:26 §f                §3§l>>> §3§lCLICK HERE§b to pick them up! §3§l<<<
00:27:26 §f               §7You have §395,248 §7materials stashed away!
00:27:26 §f             §8(This totals 17 types of materials stashed!)
00:27:26 §f                §3§l>>> §3§lCLICK HERE§b to pick them up! §3§l<<<
00:28:26 §f               §7You have §395,248 §7materials stashed away!
00:28:26 §f             §8(This totals 17 types of materials stashed!)
00:28:26 §f                §3§l>>> §3§lCLICK HERE§b to pick them up! §3§l<<<
00:29:26 §f               §7You have §395,248 §7materials stashed away!
00:29:26 §f             §8(This totals 17 types of materials stashed!)
00:29:26 §f                §3§l>>> §3§lCLICK HERE§b to pick them up! §3§l<<<
00:30:27 §f               §7You have §395,248 §7materials stashed away!
00:30:27 §f             §8(This totals 17 types of materials stashed!)
00:30:27 §f                §3§l>>> §3§lCLICK HERE§b to pick them up! §3§l<<<
00:31:27 §f               §7You have §395,248 §7materials stashed away!
00:31:27 §f             §8(This totals 17 types of materials stashed!)
00:31:27 §f                §3§l>>> §3§lCLICK HERE§b to pick them up! §3§l<<<
00:32:27 §f               §7You have §395,248 §7materials stashed away!
00:32:27 §f             §8(This totals 17 types of materials stashed!)
00:32:27 §f                §3§l>>> §3§lCLICK HERE§b to pick them up! §3§l<<<
00:33:27 §f               §7You have §395,248 §7materials stashed away!
00:33:27 §f             §8(This totals 17 types of materials stashed!)
00:33:27 §f                §3§l>>> §3§lCLICK HERE§b to pick them up! §3§l<<<
00:34:27 §f               §7You have §395,248 §7materials stashed away!
00:34:27 §f             §8(This totals 17 types of materials stashed!)
00:34:27 §f                §3§l>>> §3§lCLICK HERE§b to pick them up! §3§l<<<
00:35:27 §f               §7You have §395,248 §7materials stashed away!
00:35:27 §f             §8(This totals 17 types of materials stashed!)
00:35:27 §f                §3§l>>> §3§lCLICK HERE§b to pick them up! §3§l<<<
00:36:28 §f               §7You have §395,248 §7materials stashed away!
00:36:28 §f             §8(This totals 17 types of materials stashed!)
00:36:28 §f                §3§l>>> §3§lCLICK HERE§b to pick them up! §3§l<<<
00:37:28 §f               §7You have §395,248 §7materials stashed away!
00:37:28 §f             §8(This totals 17 types of materials stashed!)
00:37:28 §f                §3§l>>> §3§lCLICK HERE§b to pick them up! §3§l<<<
00:38:03 §f               §7You have §395,248 §7materials stashed away!
00:38:03 §f             §8(This totals 17 types of materials stashed!)
00:38:03 §f                §3§l>>> §3§lCLICK HERE§b to pick them up! §3§l<<<
00:38:04 §f               §7You have §395,248 §7materials stashed away!
00:38:04 §f             §8(This totals 17 types of materials stashed!)
00:38:04 §f                §3§l>>> §3§lCLICK HERE§b to pick them up! §3§l<<<
00:39:04 §f               §7You have §395,248 §7materials stashed away!
00:39:04 §f             §8(This totals 17 types of materials stashed!)
00:39:04 §f                §3§l>>> §3§lCLICK HERE§b to pick them up! §3§l<<<
00:40:04 §f               §7You have §395,248 §7materials stashed away!
00:40:04 §f             §8(This totals 17 types of materials stashed!)
00:40:04 §f                §3§l>>> §3§lCLICK HERE§b to pick them up! §3§l<<<
00:41:04 §f               §7You have §395,248 §7materials stashed away!
00:41:04 §f             §8(This totals 17 types of materials stashed!)
00:41:04 §f                §3§l>>> §3§lCLICK HERE§b to pick them up! §3§l<<<
00:42:04 §f               §7You have §395,248 §7materials stashed away!
00:42:04 §f             §8(This totals 17 types of materials stashed!)
00:42:04 §f                §3§l>>> §3§lCLICK HERE§b to pick them up! §3§l<<<
00:43:04 §f               §7You have §395,248 §7materials stashed away!
00:43:04 §f             §8(This totals 17 types of materials stashed!)
00:43:04 §f                §3§l>>> §3§lCLICK HERE§b to pick them up! §3§l<<<
00:44:05 §f               §7You have §395,248 §7materials stashed away!
00:44:05 §f             §8(This totals 17 types of materials stashed!)
00:44:05 §f                §3§l>>> §3§lCLICK HERE§b to pick them up! §3§l<<<
00:45:05 §f               §7You have §395,248 §7materials stashed away!
00:45:05 §f             §8(This totals 17 types of materials stashed!)
00:45:05 §f                §3§l>>> §3§lCLICK HERE§b to pick them up! §3§l<<<
00:46:05 §f               §7You have §395,248 §7materials stashed away!
00:46:05 §f             §8(This totals 17 types of materials stashed!)
00:46:05 §f                §3§l>>> §3§lCLICK HERE§b to pick them up! §3§l<<<
00:47:05 §f               §7You have §395,248 §7materials stashed away!
00:47:05 §f             §8(This totals 17 types of materials stashed!)
00:47:05 §f                §3§l>>> §3§lCLICK HERE§b to pick them up! §3§l<<<
00:48:05 §f               §7You have §395,248 §7materials stashed away!
00:48:05 §f             §8(This totals 17 types of materials stashed!)
00:48:05 §f                §3§l>>> §3§lCLICK HERE§b to pick them up! §3§l<<<
00:49:05 §f               §7You have §395,248 §7materials stashed away!
00:49:05 §f             §8(This totals 17 types of materials stashed!)
00:49:05 §f                §3§l>>> §3§lCLICK HERE§b to pick them up! §3§l<<<
00:50:05 §f               §7You have §395,248 §7materials stashed away!
00:50:05 §f             §8(This totals 17 types of materials stashed!)
00:50:05 §f                §3§l>>> §3§lCLICK HERE§b to pick them up! §3§l<<<
00:51:05 §f               §7You have §395,248 §7materials stashed away!
00:51:05 §f             §8(This totals 17 types of materials stashed!)
00:51:05 §f                §3§l>>> §3§lCLICK HERE§b to pick them up! §3§l<<<
00:51:15 §f               §7You have §395,248 §7materials stashed away!
00:51:15 §f             §8(This totals 17 types of materials stashed!)
00:51:15 §f                §3§l>>> §3§lCLICK HERE§b to pick them up! §3§l<<<
00:51:15 §f               §7You have §395,248 §7materials stashed away!
00:51:15 §f             §8(This totals 17 types of materials stashed!)
00:51:15 §f                §3§l>>> §3§lCLICK HERE§b to pick them up! §3§l<<<
00:51:43 §f               §7You have §395,248 §7materials stashed away!
00:51:43 §f             §8(This totals 17 types of materials stashed!)
00:51:43 §f                §3§l>>> §3§lCLICK HERE§b to pick them up! §3§l<<<
00:51:44 §f               §7You have §395,248 §7materials stashed away!
00:51:44 §f             §8(This totals 17 types of materials stashed!)
00:51:44 §f                §3§l>>> §3§lCLICK HERE§b to pick them up! §3§l<<<
00:52:44 §f               §7You have §395,248 §7materials stashed away!
00:52:44 §f             §8(This totals 17 types of materials stashed!)
00:52:44 §f                §3§l>>> §3§lCLICK HERE§b to pick them up! §3§l<<<
00:53:44 §f               §7You have §395,248 §7materials stashed away!
00:53:44 §f             §8(This totals 17 types of materials stashed!)
00:53:44 §f                §3§l>>> §3§lCLICK HERE§b to pick them up! §3§l<<<
00:54:44 §f               §7You have §395,248 §7materials stashed away!
00:54:44 §f             §8(This totals 17 types of materials stashed!)
00:54:44 §f                §3§l>>> §3§lCLICK HERE§b to pick them up! §3§l<<<
00:55:44 §f               §7You have §395,248 §7materials stashed away!
00:55:44 §f             §8(This totals 17 types of materials stashed!)
00:55:44 §f                §3§l>>> §3§lCLICK HERE§b to pick them up! §3§l<<<
00:56:45 §f               §7You have §395,818 §7materials stashed away!
00:56:45 §f             §8(This totals 18 types of materials stashed!)
00:56:45 §f                §3§l>>> §3§lCLICK HERE§b to pick them up! §3§l<<<
00:57:45 §f               §7You have §395,818 §7materials stashed away!
00:57:45 §f             §8(This totals 18 types of materials stashed!)
00:57:45 §f                §3§l>>> §3§lCLICK HERE§b to pick them up! §3§l<<<
00:58:45 §f               §7You have §395,818 §7materials stashed away!
00:58:45 §f             §8(This totals 18 types of materials stashed!)
00:58:45 §f                §3§l>>> §3§lCLICK HERE§b to pick them up! §3§l<<<
00:59:45 §f               §7You have §395,818 §7materials stashed away!
00:59:45 §f             §8(This totals 18 types of materials stashed!)
00:59:45 §f                §3§l>>> §3§lCLICK HERE§b to pick them up! §3§l<<<
01:00:45 §f               §7You have §395,818 §7materials stashed away!
01:00:45 §f             §8(This totals 18 types of materials stashed!)
01:00:45 §f                §3§l>>> §3§lCLICK HERE§b to pick them up! §3§l<<<
01:01:45 §f               §7You have §395,818 §7materials stashed away!
01:01:45 §f             §8(This totals 18 types of materials stashed!)
01:01:45 §f                §3§l>>> §3§lCLICK HERE§b to pick them up! §3§l<<<
01:02:45 §f               §7You have §395,818 §7materials stashed away!
01:02:45 §f             §8(This totals 18 types of materials stashed!)
01:02:45 §f                §3§l>>> §3§lCLICK HERE§b to pick them up! §3§l<<<
01:03:45 §f               §7You have §395,818 §7materials stashed away!
01:03:45 §f             §8(This totals 18 types of materials stashed!)
01:03:45 §f                §3§l>>> §3§lCLICK HERE§b to pick them up! §3§l<<<
01:04:46 §f               §7You have §395,818 §7materials stashed away!
01:04:46 §f             §8(This totals 18 types of materials stashed!)
01:04:46 §f                §3§l>>> §3§lCLICK HERE§b to pick them up! §3§l<<<
01:05:46 §f               §7You have §395,818 §7materials stashed away!
01:05:46 §f             §8(This totals 18 types of materials stashed!)
01:05:46 §f                §3§l>>> §3§lCLICK HERE§b to pick them up! §3§l<<<
01:06:46 §f               §7You have §395,818 §7materials stashed away!
01:06:46 §f             §8(This totals 18 types of materials stashed!)
01:06:46 §f                §3§l>>> §3§lCLICK HERE§b to pick them up! §3§l<<<
01:07:46 §f               §7You have §395,818 §7materials stashed away!
01:07:46 §f             §8(This totals 18 types of materials stashed!)
01:07:46 §f                §3§l>>> §3§lCLICK HERE§b to pick them up! §3§l<<<
01:08:46 §f               §7You have §395,818 §7materials stashed away!
01:08:46 §f             §8(This totals 18 types of materials stashed!)
01:08:46 §f                §3§l>>> §3§lCLICK HERE§b to pick them up! §3§l<<<
01:09:46 §f               §7You have §395,818 §7materials stashed away!
01:09:46 §f             §8(This totals 18 types of materials stashed!)
01:09:46 §f                §3§l>>> §3§lCLICK HERE§b to pick them up! §3§l<<<
01:10:46 §f               §7You have §395,818 §7materials stashed away!
01:10:46 §f             §8(This totals 18 types of materials stashed!)
01:10:46 §f                §3§l>>> §3§lCLICK HERE§b to pick them up! §3§l<<<
01:11:46 §f               §7You have §395,818 §7materials stashed away!
01:11:46 §f             §8(This totals 18 types of materials stashed!)
01:11:46 §f                §3§l>>> §3§lCLICK HERE§b to pick them up! §3§l<<<
01:12:46 §f               §7You have §395,818 §7materials stashed away!
01:12:46 §f             §8(This totals 18 types of materials stashed!)
01:12:46 §f                §3§l>>> §3§lCLICK HERE§b to pick them up! §3§l<<<
01:13:47 §f               §7You have §395,818 §7materials stashed away!
01:13:47 §f             §8(This totals 18 types of materials stashed!)
01:13:47 §f                §3§l>>> §3§lCLICK HERE§b to pick them up! §3§l<<<
01:14:47 §f               §7You have §395,818 §7materials stashed away!
01:14:47 §f             §8(This totals 18 types of materials stashed!)
01:14:47 §f                §3§l>>> §3§lCLICK HERE§b to pick them up! §3§l<<<
01:15:47 §f               §7You have §395,818 §7materials stashed away!
01:15:47 §f             §8(This totals 18 types of materials stashed!)
01:15:47 §f                §3§l>>> §3§lCLICK HERE§b to pick them up! §3§l<<<
01:16:47 §f               §7You have §395,818 §7materials stashed away!
01:16:47 §f             §8(This totals 18 types of materials stashed!)
01:16:47 §f                §3§l>>> §3§lCLICK HERE§b to pick them up! §3§l<<<
01:17:47 §f               §7You have §395,818 §7materials stashed away!
01:17:47 §f             §8(This totals 18 types of materials stashed!)
01:17:47 §f                §3§l>>> §3§lCLICK HERE§b to pick them up! §3§l<<<
01:18:47 §f               §7You have §395,818 §7materials stashed away!
01:18:47 §f             §8(This totals 18 types of materials stashed!)
01:18:47 §f                §3§l>>> §3§lCLICK HERE§b to pick them up! §3§l<<<
01:19:47 §f               §7You have §395,818 §7materials stashed away!
01:19:47 §f             §8(This totals 18 types of materials stashed!)
01:19:47 §f                §3§l>>> §3§lCLICK HERE§b to pick them up! §3§l<<<
01:20:47 §f               §7You have §395,818 §7materials stashed away!
01:20:47 §f             §8(This totals 18 types of materials stashed!)
01:20:47 §f                §3§l>>> §3§lCLICK HERE§b to pick them up! §3§l<<<
01:21:48 §f               §7You have §395,818 §7materials stashed away!
01:21:48 §f             §8(This totals 18 types of materials stashed!)
01:21:48 §f                §3§l>>> §3§lCLICK HERE§b to pick them up! §3§l<<<
01:22:48 §f               §7You have §395,818 §7materials stashed away!
01:22:48 §f             §8(This totals 18 types of materials stashed!)
01:22:48 §f                §3§l>>> §3§lCLICK HERE§b to pick them up! §3§l<<<
01:23:48 §f               §7You have §395,818 §7materials stashed away!
01:23:48 §f             §8(This totals 18 types of materials stashed!)
01:23:48 §f                §3§l>>> §3§lCLICK HERE§b to pick them up! §3§l<<<
01:24:48 §f               §7You have §395,818 §7materials stashed away!
01:24:48 §f             §8(This totals 18 types of materials stashed!)
01:24:48 §f                §3§l>>> §3§lCLICK HERE§b to pick them up! §3§l<<<
01:25:48 §f               §7You have §395,818 §7materials stashed away!
01:25:48 §f             §8(This totals 18 types of materials stashed!)
01:25:48 §f                §3§l>>> §3§lCLICK HERE§b to pick them up! §3§l<<<
01:26:48 §f               §7You have §395,818 §7materials stashed away!
01:26:48 §f             §8(This totals 18 types of materials stashed!)
01:26:48 §f                §3§l>>> §3§lCLICK HERE§b to pick them up! §3§l<<<
01:27:48 §f               §7You have §395,818 §7materials stashed away!
01:27:48 §f             §8(This totals 18 types of materials stashed!)
01:27:48 §f                §3§l>>> §3§lCLICK HERE§b to pick them up! §3§l<<<
01:28:48 §f               §7You have §395,818 §7materials stashed away!
01:28:48 §f             §8(This totals 18 types of materials stashed!)
01:28:48 §f                §3§l>>> §3§lCLICK HERE§b to pick them up! §3§l<<<
01:29:48 §f               §7You have §395,818 §7materials stashed away!
01:29:48 §f             §8(This totals 18 types of materials stashed!)
01:29:48 §f                §3§l>>> §3§lCLICK HERE§b to pick them up! §3§l<<<
01:30:48 §f               §7You have §395,818 §7materials stashed away!
01:30:48 §f             §8(This totals 18 types of materials stashed!)
01:30:48 §f                §3§l>>> §3§lCLICK HERE§b to pick them up! §3§l<<<
01:31:48 §f               §7You have §395,818 §7materials stashed away!
01:31:48 §f             §8(This totals 18 types of materials stashed!)
01:31:48 §f                §3§l>>> §3§lCLICK HERE§b to pick them up! §3§l<<<
01:32:48 §f               §7You have §395,818 §7materials stashed away!
01:32:48 §f             §8(This totals 18 types of materials stashed!)
01:32:48 §f                §3§l>>> §3§lCLICK HERE§b to pick them up! §3§l<<<
01:33:48 §f               §7You have §395,818 §7materials stashed away!
01:33:48 §f             §8(This totals 18 types of materials stashed!)
01:33:48 §f                §3§l>>> §3§lCLICK HERE§b to pick them up! §3§l<<<
01:34:48 §f               §7You have §395,818 §7materials stashed away!
01:34:48 §f             §8(This totals 18 types of materials stashed!)
01:34:48 §f                §3§l>>> §3§lCLICK HERE§b to pick them up! §3§l<<<
01:35:48 §f               §7You have §395,818 §7materials stashed away!
01:35:48 §f             §8(This totals 18 types of materials stashed!)
01:35:48 §f                §3§l>>> §3§lCLICK HERE§b to pick them up! §3§l<<<
01:36:48 §f               §7You have §395,818 §7materials stashed away!
01:36:48 §f             §8(This totals 18 types of materials stashed!)
01:36:48 §f                §3§l>>> §3§lCLICK HERE§b to pick them up! §3§l<<<
01:37:48 §f               §7You have §395,818 §7materials stashed away!
01:37:48 §f             §8(This totals 18 types of materials stashed!)
01:37:48 §f                §3§l>>> §3§lCLICK HERE§b to pick them up! §3§l<<<
01:38:49 §f               §7You have §395,818 §7materials stashed away!
01:38:49 §f             §8(This totals 18 types of materials stashed!)
01:38:49 §f                §3§l>>> §3§lCLICK HERE§b to pick them up! §3§l<<<
01:39:49 §f               §7You have §395,818 §7materials stashed away!
01:39:49 §f             §8(This totals 18 types of materials stashed!)
01:39:49 §f                §3§l>>> §3§lCLICK HERE§b to pick them up! §3§l<<<
01:40:49 §f               §7You have §395,818 §7materials stashed away!
01:40:49 §f             §8(This totals 18 types of materials stashed!)
01:40:49 §f                §3§l>>> §3§lCLICK HERE§b to pick them up! §3§l<<<
01:41:49 §f               §7You have §395,818 §7materials stashed away!
01:41:49 §f             §8(This totals 18 types of materials stashed!)
01:41:49 §f                §3§l>>> §3§lCLICK HERE§b to pick them up! §3§l<<<
01:42:49 §f               §7You have §395,818 §7materials stashed away!
01:42:49 §f             §8(This totals 18 types of materials stashed!)
01:42:49 §f                §3§l>>> §3§lCLICK HERE§b to pick them up! §3§l<<<
01:43:49 §f               §7You have §395,818 §7materials stashed away!
01:43:49 §f             §8(This totals 18 types of materials stashed!)
01:43:49 §f                §3§l>>> §3§lCLICK HERE§b to pick them up! §3§l<<<
01:44:49 §f               §7You have §395,818 §7materials stashed away!
01:44:49 §f             §8(This totals 18 types of materials stashed!)
01:44:49 §f                §3§l>>> §3§lCLICK HERE§b to pick them up! §3§l<<<
01:45:49 §f               §7You have §395,818 §7materials stashed away!
01:45:49 §f             §8(This totals 18 types of materials stashed!)
01:45:49 §f                §3§l>>> §3§lCLICK HERE§b to pick them up! §3§l<<<
01:46:49 §f               §7You have §395,818 §7materials stashed away!
01:46:49 §f             §8(This totals 18 types of materials stashed!)
01:46:49 §f                §3§l>>> §3§lCLICK HERE§b to pick them up! §3§l<<<
01:47:49 §f               §7You have §395,818 §7materials stashed away!
01:47:49 §f             §8(This totals 18 types of materials stashed!)
01:47:49 §f                §3§l>>> §3§lCLICK HERE§b to pick them up! §3§l<<<
01:48:49 §f               §7You have §395,818 §7materials stashed away!
01:48:49 §f             §8(This totals 18 types of materials stashed!)
01:48:49 §f                §3§l>>> §3§lCLICK HERE§b to pick them up! §3§l<<<
01:49:50 §f               §7You have §395,818 §7materials stashed away!
01:49:50 §f             §8(This totals 18 types of materials stashed!)
01:49:50 §f                §3§l>>> §3§lCLICK HERE§b to pick them up! §3§l<<<
01:50:50 §f               §7You have §395,818 §7materials stashed away!
01:50:50 §f             §8(This totals 18 types of materials stashed!)
01:50:50 §f                §3§l>>> §3§lCLICK HERE§b to pick them up! §3§l<<<
01:51:50 §f               §7You have §395,818 §7materials stashed away!
01:51:50 §f             §8(This totals 18 types of materials stashed!)
01:51:50 §f                §3§l>>> §3§lCLICK HERE§b to pick them up! §3§l<<<
01:52:50 §f               §7You have §395,818 §7materials stashed away!
01:52:50 §f             §8(This totals 18 types of materials stashed!)
01:52:50 §f                §3§l>>> §3§lCLICK HERE§b to pick them up! §3§l<<<
01:53:50 §f               §7You have §395,818 §7materials stashed away!
01:53:50 §f             §8(This totals 18 types of materials stashed!)
01:53:50 §f                §3§l>>> §3§lCLICK HERE§b to pick them up! §3§l<<<
01:54:50 §f               §7You have §395,818 §7materials stashed away!
01:54:50 §f             §8(This totals 18 types of materials stashed!)
01:54:50 §f                §3§l>>> §3§lCLICK HERE§b to pick them up! §3§l<<<
01:55:50 §f               §7You have §395,818 §7materials stashed away!
01:55:50 §f             §8(This totals 18 types of materials stashed!)
01:55:50 §f                §3§l>>> §3§lCLICK HERE§b to pick them up! §3§l<<<
