20:29:02 Trying to load config from config/skyhanni/config.json
20:29:02 load-config-now
20:29:02 Loaded config from file
20:29:02 Trying to load sacks from config/skyhanni/sacks.json
20:29:02 load-sacks-now
20:29:02 Loaded sacks from file
20:29:02 Trying to load friends from config/skyhanni/friends.json
20:29:02 load-friends-now
20:29:02 Loaded friends from file
20:29:02 Trying to load known_features from config/skyhanni/known_features.json
20:29:02 load-known_features-now
20:29:02 Loaded known_features from file
20:29:02 Trying to load jacob_contests from config/skyhanni/jacob_contests.json
20:29:02 load-jacob_contests-now
20:29:02 Loaded jacob_contests from file
20:29:02 Trying to load visual_words from config/skyhanni/visual_words.json
20:29:02 Setting visual_words to be blank as it did not exist. It will be saved once something is written to it
20:30:02 saveConfig: auto-save-60s
20:30:02 Saving config file
20:30:47 saveConfig: Updated known feature flags
20:30:47 Saving known_features file
20:31:02 saveConfig: auto-save-60s
20:31:02 Saving config file
20:32:02 saveConfig: auto-save-60s
20:32:02 Saving config file
20:33:02 saveConfig: auto-save-60s
20:33:02 Saving config file
20:34:02 saveConfig: auto-save-60s
20:34:02 Saving config file
20:35:02 saveConfig: auto-save-60s
20:35:02 Saving config file
20:36:02 saveConfig: auto-save-60s
20:36:02 Saving config file
20:37:02 saveConfig: auto-save-60s
20:37:02 Saving config file
20:38:02 saveConfig: auto-save-60s
20:38:02 Saving config file
20:39:02 saveConfig: auto-save-60s
20:39:02 Saving config file
20:40:02 saveConfig: auto-save-60s
20:40:02 Saving config file
20:41:02 saveConfig: auto-save-60s
20:41:02 Saving config file
20:42:02 saveConfig: auto-save-60s
20:42:02 Saving config file
20:43:02 saveConfig: auto-save-60s
20:43:02 Saving config file
20:43:51 saveConfig: saving-data
20:43:51 Saving sacks file
20:44:02 saveConfig: auto-save-60s
20:44:02 Saving config file
20:45:02 saveConfig: auto-save-60s
20:45:02 Saving config file
20:46:02 saveConfig: auto-save-60s
20:46:02 Saving config file
20:47:02 saveConfig: auto-save-60s
20:47:02 Saving config file
20:48:02 saveConfig: auto-save-60s
20:48:02 Saving config file
20:48:21 saveConfig: saving-data
20:48:21 Saving sacks file
20:49:02 saveConfig: auto-save-60s
20:49:02 Saving config file
20:50:02 saveConfig: auto-save-60s
20:50:02 Saving config file
20:51:02 saveConfig: auto-save-60s
20:51:02 Saving config file
20:52:02 saveConfig: auto-save-60s
20:52:02 Saving config file
20:53:02 saveConfig: auto-save-60s
20:53:02 Saving config file
20:54:02 saveConfig: auto-save-60s
20:54:02 Saving config file
20:55:02 saveConfig: auto-save-60s
20:55:02 Saving config file
20:56:02 saveConfig: auto-save-60s
20:56:02 Saving config file
20:57:02 saveConfig: auto-save-60s
20:57:02 Saving config file
20:58:02 saveConfig: auto-save-60s
20:58:02 Saving config file
20:59:02 saveConfig: auto-save-60s
20:59:02 Saving config file
21:00:02 saveConfig: auto-save-60s
21:00:02 Saving config file
21:01:02 saveConfig: auto-save-60s
21:01:02 Saving config file
21:01:33 saveConfig: saving-data
21:01:33 Saving sacks file
21:02:02 saveConfig: auto-save-60s
21:02:02 Saving config file
21:02:30 saveConfig: saving-data
21:02:30 Saving sacks file
21:02:32 saveConfig: saving-data
21:02:32 Saving sacks file
21:03:02 saveConfig: auto-save-60s
21:03:02 Saving config file
21:04:02 saveConfig: auto-save-60s
21:04:02 Saving config file
21:04:05 saveConfig: saving-data
21:04:05 Saving sacks file
21:05:02 saveConfig: auto-save-60s
21:05:02 Saving config file
21:06:02 saveConfig: auto-save-60s
21:06:02 Saving config file
21:07:02 saveConfig: auto-save-60s
21:07:02 Saving config file
21:08:02 saveConfig: auto-save-60s
21:08:02 Saving config file
21:09:02 saveConfig: auto-save-60s
21:09:02 Saving config file
21:10:02 saveConfig: auto-save-60s
21:10:02 Saving config file
21:11:02 saveConfig: auto-save-60s
21:11:02 Saving config file
21:11:48 saveConfig: saving-data
21:11:48 Saving sacks file
21:11:49 saveConfig: saving-data
21:11:49 Saving sacks file
21:12:02 saveConfig: auto-save-60s
21:12:02 Saving config file
21:12:19 saveConfig: saving-data
21:12:19 Saving sacks file
21:13:02 saveConfig: auto-save-60s
21:13:02 Saving config file
21:14:02 saveConfig: auto-save-60s
21:14:02 Saving config file
21:15:02 saveConfig: auto-save-60s
21:15:02 Saving config file
21:16:02 saveConfig: auto-save-60s
21:16:02 Saving config file
21:17:02 saveConfig: auto-save-60s
21:17:02 Saving config file
21:18:02 saveConfig: auto-save-60s
21:18:02 Saving config file
21:19:02 saveConfig: auto-save-60s
21:19:02 Saving config file
21:20:02 saveConfig: auto-save-60s
21:20:02 Saving config file
21:21:02 saveConfig: auto-save-60s
21:21:02 Saving config file
21:22:02 saveConfig: auto-save-60s
21:22:02 Saving config file
21:23:02 saveConfig: auto-save-60s
21:23:02 Saving config file
21:24:02 saveConfig: auto-save-60s
21:24:02 Saving config file
21:24:23 saveConfig: saving-data
21:24:23 Saving sacks file
21:25:02 saveConfig: auto-save-60s
21:25:02 Saving config file
21:26:02 saveConfig: auto-save-60s
21:26:02 Saving config file
21:27:02 saveConfig: auto-save-60s
21:27:02 Saving config file
21:28:02 saveConfig: auto-save-60s
21:28:02 Saving config file
21:29:02 saveConfig: auto-save-60s
21:29:02 Saving config file
21:30:02 saveConfig: auto-save-60s
21:30:02 Saving config file
21:31:02 saveConfig: auto-save-60s
21:31:02 Saving config file
21:32:02 saveConfig: auto-save-60s
21:32:02 Saving config file
21:32:25 saveConfig: saving-data
21:32:25 Saving sacks file
21:32:52 saveConfig: saving-data
21:32:52 Saving sacks file
21:33:02 saveConfig: auto-save-60s
21:33:02 Saving config file
21:33:08 saveConfig: saving-data
21:33:08 Saving sacks file
21:34:02 saveConfig: auto-save-60s
21:34:02 Saving config file
21:35:02 saveConfig: auto-save-60s
21:35:02 Saving config file
21:36:02 saveConfig: auto-save-60s
21:36:02 Saving config file
21:37:02 saveConfig: auto-save-60s
21:37:02 Saving config file
21:38:02 saveConfig: auto-save-60s
21:38:02 Saving config file
21:38:05 saveConfig: saving-data
21:38:05 Saving sacks file
21:39:02 saveConfig: auto-save-60s
21:39:02 Saving config file
21:40:02 saveConfig: auto-save-60s
21:40:02 Saving config file
21:40:14 saveConfig: saving-data
21:40:14 Saving sacks file
21:41:02 saveConfig: auto-save-60s
21:41:02 Saving config file
21:42:02 saveConfig: auto-save-60s
21:42:02 Saving config file
21:43:02 saveConfig: auto-save-60s
21:43:02 Saving config file
21:44:02 saveConfig: auto-save-60s
21:44:02 Saving config file
21:45:02 saveConfig: auto-save-60s
21:45:02 Saving config file
21:46:02 saveConfig: auto-save-60s
21:46:02 Saving config file
21:47:02 saveConfig: auto-save-60s
21:47:02 Saving config file
21:48:02 saveConfig: auto-save-60s
21:48:02 Saving config file
21:49:02 saveConfig: auto-save-60s
21:49:02 Saving config file
21:50:02 saveConfig: auto-save-60s
21:50:02 Saving config file
21:51:02 saveConfig: auto-save-60s
21:51:02 Saving config file
21:52:02 saveConfig: auto-save-60s
21:52:02 Saving config file
21:53:02 saveConfig: auto-save-60s
21:53:02 Saving config file
21:54:02 saveConfig: auto-save-60s
21:54:02 Saving config file
21:54:05 saveConfig: saving-data
21:54:05 Saving sacks file
21:55:02 saveConfig: auto-save-60s
21:55:02 Saving config file
21:56:02 saveConfig: auto-save-60s
21:56:02 Saving config file
21:57:02 saveConfig: auto-save-60s
21:57:02 Saving config file
21:58:02 saveConfig: auto-save-60s
21:58:02 Saving config file
21:59:02 saveConfig: auto-save-60s
21:59:02 Saving config file
22:00:02 saveConfig: auto-save-60s
22:00:02 Saving config file
22:01:02 saveConfig: auto-save-60s
22:01:02 Saving config file
22:01:49 saveConfig: saving-data
22:01:49 Saving sacks file
22:02:02 saveConfig: auto-save-60s
22:02:02 Saving config file
22:03:02 saveConfig: auto-save-60s
22:03:02 Saving config file
22:04:02 saveConfig: auto-save-60s
22:04:02 Saving config file
22:04:40 saveConfig: saving-data
22:04:40 Saving sacks file
22:04:41 saveConfig: saving-data
22:04:41 Saving sacks file
22:05:02 saveConfig: auto-save-60s
22:05:02 Saving config file
22:06:02 saveConfig: auto-save-60s
22:06:02 Saving config file
22:07:02 saveConfig: auto-save-60s
22:07:02 Saving config file
22:08:02 saveConfig: auto-save-60s
22:08:02 Saving config file
22:09:02 saveConfig: auto-save-60s
22:09:02 Saving config file
22:10:02 saveConfig: auto-save-60s
22:10:02 Saving config file
22:11:02 saveConfig: auto-save-60s
22:11:02 Saving config file
22:12:02 saveConfig: auto-save-60s
22:12:02 Saving config file
22:13:02 saveConfig: auto-save-60s
22:13:02 Saving config file
22:14:02 saveConfig: auto-save-60s
22:14:02 Saving config file
22:15:02 saveConfig: auto-save-60s
22:15:02 Saving config file
22:16:02 saveConfig: auto-save-60s
22:16:02 Saving config file
22:17:02 saveConfig: auto-save-60s
22:17:02 Saving config file
22:18:02 saveConfig: auto-save-60s
22:18:02 Saving config file
22:19:02 saveConfig: auto-save-60s
22:19:02 Saving config file
22:20:02 saveConfig: auto-save-60s
22:20:02 Saving config file
22:21:02 saveConfig: auto-save-60s
22:21:02 Saving config file
22:22:02 saveConfig: auto-save-60s
22:22:02 Saving config file
22:23:02 saveConfig: auto-save-60s
22:23:02 Saving config file
22:24:02 saveConfig: auto-save-60s
22:24:02 Saving config file
22:25:02 saveConfig: auto-save-60s
22:25:02 Saving config file
22:26:02 saveConfig: auto-save-60s
22:26:02 Saving config file
22:27:02 saveConfig: auto-save-60s
22:27:02 Saving config file
22:28:02 saveConfig: auto-save-60s
22:28:02 Saving config file
22:28:34 saveConfig: saving-data
22:28:34 Saving sacks file
22:29:02 saveConfig: auto-save-60s
22:29:02 Saving config file
22:29:29 saveConfig: saving-data
22:29:29 Saving sacks file
22:30:02 saveConfig: auto-save-60s
22:30:02 Saving config file
22:31:02 saveConfig: auto-save-60s
22:31:02 Saving config file
22:32:02 saveConfig: auto-save-60s
22:32:02 Saving config file
22:33:02 saveConfig: auto-save-60s
22:33:02 Saving config file
22:34:02 saveConfig: auto-save-60s
22:34:02 Saving config file
22:35:02 saveConfig: auto-save-60s
22:35:02 Saving config file
22:36:02 saveConfig: auto-save-60s
22:36:02 Saving config file
22:37:02 saveConfig: auto-save-60s
22:37:02 Saving config file
22:38:02 saveConfig: auto-save-60s
22:38:02 Saving config file
22:39:02 saveConfig: auto-save-60s
22:39:02 Saving config file
22:40:02 saveConfig: auto-save-60s
22:40:02 Saving config file
22:41:02 saveConfig: auto-save-60s
22:41:02 Saving config file
22:41:36 saveConfig: saving-data
22:41:36 Saving sacks file
22:42:02 saveConfig: auto-save-60s
22:42:02 Saving config file
22:43:02 saveConfig: auto-save-60s
22:43:02 Saving config file
22:44:02 saveConfig: auto-save-60s
22:44:02 Saving config file
22:45:02 saveConfig: auto-save-60s
22:45:02 Saving config file
22:46:02 saveConfig: auto-save-60s
22:46:02 Saving config file
22:47:02 saveConfig: auto-save-60s
22:47:02 Saving config file
22:48:02 saveConfig: auto-save-60s
22:48:02 Saving config file
22:49:02 saveConfig: auto-save-60s
22:49:02 Saving config file
22:50:02 saveConfig: auto-save-60s
22:50:02 Saving config file
22:51:02 saveConfig: auto-save-60s
22:51:02 Saving config file
22:52:02 saveConfig: auto-save-60s
22:52:02 Saving config file
22:53:02 saveConfig: auto-save-60s
22:53:02 Saving config file
22:54:02 saveConfig: auto-save-60s
22:54:02 Saving config file
22:55:02 saveConfig: auto-save-60s
22:55:02 Saving config file
22:56:02 saveConfig: auto-save-60s
22:56:02 Saving config file
22:57:02 saveConfig: auto-save-60s
22:57:02 Saving config file
22:58:02 saveConfig: auto-save-60s
22:58:02 Saving config file
22:59:02 saveConfig: auto-save-60s
22:59:02 Saving config file
23:00:02 saveConfig: auto-save-60s
23:00:02 Saving config file
23:01:02 saveConfig: auto-save-60s
23:01:02 Saving config file
23:02:02 saveConfig: auto-save-60s
23:02:02 Saving config file
23:03:02 saveConfig: auto-save-60s
23:03:02 Saving config file
23:04:02 saveConfig: auto-save-60s
23:04:02 Saving config file
23:05:02 saveConfig: auto-save-60s
23:05:02 Saving config file
23:06:02 saveConfig: auto-save-60s
23:06:02 Saving config file
23:07:02 saveConfig: auto-save-60s
23:07:02 Saving config file
23:08:02 saveConfig: auto-save-60s
23:08:02 Saving config file
23:09:02 saveConfig: auto-save-60s
23:09:02 Saving config file
23:10:02 saveConfig: auto-save-60s
23:10:02 Saving config file
23:11:02 saveConfig: auto-save-60s
23:11:02 Saving config file
23:12:02 saveConfig: auto-save-60s
23:12:02 Saving config file
23:13:02 saveConfig: auto-save-60s
23:13:02 Saving config file
23:14:02 saveConfig: auto-save-60s
23:14:02 Saving config file
23:15:02 saveConfig: auto-save-60s
23:15:02 Saving config file
23:16:02 saveConfig: auto-save-60s
23:16:02 Saving config file
23:17:02 saveConfig: auto-save-60s
23:17:02 Saving config file
23:18:02 saveConfig: auto-save-60s
23:18:02 Saving config file
23:19:02 saveConfig: auto-save-60s
23:19:02 Saving config file
23:20:02 saveConfig: auto-save-60s
23:20:02 Saving config file
23:21:02 saveConfig: auto-save-60s
23:21:02 Saving config file
23:22:02 saveConfig: auto-save-60s
23:22:02 Saving config file
23:23:02 saveConfig: auto-save-60s
23:23:02 Saving config file
23:24:02 saveConfig: auto-save-60s
23:24:02 Saving config file
23:25:02 saveConfig: auto-save-60s
23:25:02 Saving config file
23:26:02 saveConfig: auto-save-60s
23:26:02 Saving config file
23:27:02 saveConfig: auto-save-60s
23:27:02 Saving config file
23:28:02 saveConfig: auto-save-60s
23:28:02 Saving config file
23:29:02 saveConfig: auto-save-60s
23:29:02 Saving config file
23:30:02 saveConfig: auto-save-60s
23:30:02 Saving config file
23:31:02 saveConfig: auto-save-60s
23:31:02 Saving config file
23:32:02 saveConfig: auto-save-60s
23:32:02 Saving config file
23:33:02 saveConfig: auto-save-60s
23:33:02 Saving config file
23:34:02 saveConfig: auto-save-60s
23:34:02 Saving config file
23:35:02 saveConfig: auto-save-60s
23:35:02 Saving config file
23:36:02 saveConfig: auto-save-60s
23:36:02 Saving config file
23:37:02 saveConfig: auto-save-60s
23:37:02 Saving config file
23:38:02 saveConfig: auto-save-60s
23:38:02 Saving config file
23:39:02 saveConfig: auto-save-60s
23:39:02 Saving config file
23:40:02 saveConfig: auto-save-60s
23:40:02 Saving config file
23:41:02 saveConfig: auto-save-60s
23:41:02 Saving config file
23:42:02 saveConfig: auto-save-60s
23:42:02 Saving config file
23:43:02 saveConfig: auto-save-60s
23:43:02 Saving config file
23:44:02 saveConfig: auto-save-60s
23:44:02 Saving config file
23:45:02 saveConfig: auto-save-60s
23:45:02 Saving config file
23:46:02 saveConfig: auto-save-60s
23:46:02 Saving config file
23:47:02 saveConfig: auto-save-60s
23:47:02 Saving config file
23:48:02 saveConfig: auto-save-60s
23:48:02 Saving config file
23:49:02 saveConfig: auto-save-60s
23:49:02 Saving config file
23:50:02 saveConfig: auto-save-60s
23:50:02 Saving config file
23:51:02 saveConfig: auto-save-60s
23:51:02 Saving config file
23:52:02 saveConfig: auto-save-60s
23:52:02 Saving config file
23:53:02 saveConfig: auto-save-60s
23:53:02 Saving config file
23:54:02 saveConfig: auto-save-60s
23:54:02 Saving config file
23:55:02 saveConfig: auto-save-60s
23:55:02 Saving config file
23:56:02 saveConfig: auto-save-60s
23:56:02 Saving config file
23:57:02 saveConfig: auto-save-60s
23:57:02 Saving config file
23:58:02 saveConfig: auto-save-60s
23:58:02 Saving config file
23:59:02 saveConfig: auto-save-60s
23:59:02 Saving config file
00:00:02 saveConfig: auto-save-60s
00:00:02 Saving config file
00:01:02 saveConfig: auto-save-60s
00:01:02 Saving config file
00:02:02 saveConfig: auto-save-60s
00:02:02 Saving config file
00:03:02 saveConfig: auto-save-60s
00:03:02 Saving config file
00:04:02 saveConfig: auto-save-60s
00:04:02 Saving config file
00:05:02 saveConfig: auto-save-60s
00:05:02 Saving config file
00:06:02 saveConfig: auto-save-60s
00:06:02 Saving config file
00:07:02 saveConfig: auto-save-60s
00:07:02 Saving config file
00:08:02 saveConfig: auto-save-60s
00:08:02 Saving config file
00:09:02 saveConfig: auto-save-60s
00:09:02 Saving config file
00:10:02 saveConfig: auto-save-60s
00:10:02 Saving config file
00:11:02 saveConfig: auto-save-60s
00:11:02 Saving config file
00:12:02 saveConfig: auto-save-60s
00:12:02 Saving config file
00:13:02 saveConfig: auto-save-60s
00:13:02 Saving config file
00:14:02 saveConfig: auto-save-60s
00:14:02 Saving config file
00:15:02 saveConfig: auto-save-60s
00:15:02 Saving config file
00:16:02 saveConfig: auto-save-60s
00:16:02 Saving config file
00:17:02 saveConfig: auto-save-60s
00:17:02 Saving config file
00:18:02 saveConfig: auto-save-60s
00:18:02 Saving config file
00:19:02 saveConfig: auto-save-60s
00:19:02 Saving config file
00:20:02 saveConfig: auto-save-60s
00:20:02 Saving config file
00:21:02 saveConfig: auto-save-60s
00:21:02 Saving config file
00:22:02 saveConfig: auto-save-60s
00:22:02 Saving config file
00:23:02 saveConfig: auto-save-60s
00:23:02 Saving config file
00:24:02 saveConfig: auto-save-60s
00:24:02 Saving config file
00:25:02 saveConfig: auto-save-60s
00:25:02 Saving config file
00:26:02 saveConfig: auto-save-60s
00:26:02 Saving config file
00:27:02 saveConfig: auto-save-60s
00:27:02 Saving config file
00:28:02 saveConfig: auto-save-60s
00:28:02 Saving config file
00:29:02 saveConfig: auto-save-60s
00:29:02 Saving config file
00:30:02 saveConfig: auto-save-60s
00:30:02 Saving config file
00:31:02 saveConfig: auto-save-60s
00:31:02 Saving config file
00:32:02 saveConfig: auto-save-60s
00:32:02 Saving config file
00:33:02 saveConfig: auto-save-60s
00:33:02 Saving config file
00:34:02 saveConfig: auto-save-60s
00:34:02 Saving config file
00:35:02 saveConfig: auto-save-60s
00:35:02 Saving config file
00:36:02 saveConfig: auto-save-60s
00:36:02 Saving config file
00:37:02 saveConfig: auto-save-60s
00:37:02 Saving config file
00:38:02 saveConfig: auto-save-60s
00:38:02 Saving config file
00:39:02 saveConfig: auto-save-60s
00:39:02 Saving config file
00:40:02 saveConfig: auto-save-60s
00:40:02 Saving config file
00:41:02 saveConfig: auto-save-60s
00:41:02 Saving config file
00:42:02 saveConfig: auto-save-60s
00:42:02 Saving config file
00:43:02 saveConfig: auto-save-60s
00:43:02 Saving config file
00:44:02 saveConfig: auto-save-60s
00:44:02 Saving config file
00:45:02 saveConfig: auto-save-60s
00:45:02 Saving config file
00:46:02 saveConfig: auto-save-60s
00:46:02 Saving config file
00:47:02 saveConfig: auto-save-60s
00:47:02 Saving config file
00:48:02 saveConfig: auto-save-60s
00:48:02 Saving config file
00:49:02 saveConfig: auto-save-60s
00:49:02 Saving config file
00:50:02 saveConfig: auto-save-60s
00:50:02 Saving config file
00:51:02 saveConfig: auto-save-60s
00:51:02 Saving config file
00:52:02 saveConfig: auto-save-60s
00:52:02 Saving config file
00:53:02 saveConfig: auto-save-60s
00:53:02 Saving config file
00:54:02 saveConfig: auto-save-60s
00:54:02 Saving config file
00:55:02 saveConfig: auto-save-60s
00:55:02 Saving config file
00:56:02 saveConfig: auto-save-60s
00:56:02 Saving config file
00:57:02 saveConfig: auto-save-60s
00:57:02 Saving config file
00:58:02 saveConfig: auto-save-60s
00:58:02 Saving config file
00:59:02 saveConfig: auto-save-60s
00:59:02 Saving config file
01:00:02 saveConfig: auto-save-60s
01:00:02 Saving config file
01:01:02 saveConfig: auto-save-60s
01:01:02 Saving config file
01:02:02 saveConfig: auto-save-60s
01:02:02 Saving config file
01:02:22 saveConfig: saving-data
01:02:22 Saving sacks file
01:02:24 saveConfig: saving-data
01:02:24 Saving sacks file
01:02:26 saveConfig: saving-data
01:02:26 Saving sacks file
01:02:31 saveConfig: saving-data
01:02:31 Saving sacks file
01:03:02 saveConfig: auto-save-60s
01:03:02 Saving config file
01:04:02 saveConfig: auto-save-60s
01:04:02 Saving config file
01:05:02 saveConfig: auto-save-60s
01:05:02 Saving config file
01:06:02 saveConfig: auto-save-60s
01:06:02 Saving config file
01:07:02 saveConfig: auto-save-60s
01:07:02 Saving config file
01:08:02 saveConfig: auto-save-60s
01:08:02 Saving config file
01:09:02 saveConfig: auto-save-60s
01:09:02 Saving config file
01:10:02 saveConfig: auto-save-60s
01:10:02 Saving config file
01:11:02 saveConfig: auto-save-60s
01:11:02 Saving config file
01:12:02 saveConfig: auto-save-60s
01:12:02 Saving config file
01:13:02 saveConfig: auto-save-60s
01:13:02 Saving config file
01:14:02 saveConfig: auto-save-60s
01:14:02 Saving config file
01:15:02 saveConfig: auto-save-60s
01:15:02 Saving config file
01:16:02 saveConfig: auto-save-60s
01:16:02 Saving config file
01:17:02 saveConfig: auto-save-60s
01:17:02 Saving config file
01:18:02 saveConfig: auto-save-60s
01:18:02 Saving config file
01:19:02 saveConfig: auto-save-60s
01:19:02 Saving config file
01:20:02 saveConfig: auto-save-60s
01:20:02 Saving config file
01:21:02 saveConfig: auto-save-60s
01:21:02 Saving config file
01:22:02 saveConfig: auto-save-60s
01:22:02 Saving config file
01:23:02 saveConfig: auto-save-60s
01:23:02 Saving config file
01:24:02 saveConfig: auto-save-60s
01:24:02 Saving config file
01:25:02 saveConfig: auto-save-60s
01:25:02 Saving config file
01:26:02 saveConfig: auto-save-60s
01:26:02 Saving config file
01:27:02 saveConfig: auto-save-60s
01:27:02 Saving config file
01:28:02 saveConfig: auto-save-60s
01:28:02 Saving config file
01:29:02 saveConfig: auto-save-60s
01:29:02 Saving config file
01:30:02 saveConfig: auto-save-60s
01:30:02 Saving config file
01:31:02 saveConfig: auto-save-60s
01:31:02 Saving config file
01:32:02 saveConfig: auto-save-60s
01:32:02 Saving config file
01:33:02 saveConfig: auto-save-60s
01:33:02 Saving config file
01:34:02 saveConfig: auto-save-60s
01:34:02 Saving config file
01:35:02 saveConfig: auto-save-60s
01:35:02 Saving config file
01:36:02 saveConfig: auto-save-60s
01:36:02 Saving config file
01:37:02 saveConfig: auto-save-60s
01:37:02 Saving config file
01:38:02 saveConfig: auto-save-60s
01:38:02 Saving config file
01:39:02 saveConfig: auto-save-60s
01:39:02 Saving config file
01:40:02 saveConfig: auto-save-60s
01:40:02 Saving config file
01:41:02 saveConfig: auto-save-60s
01:41:02 Saving config file
01:42:02 saveConfig: auto-save-60s
01:42:02 Saving config file
01:43:02 saveConfig: auto-save-60s
01:43:02 Saving config file
01:44:02 saveConfig: auto-save-60s
01:44:02 Saving config file
01:45:02 saveConfig: auto-save-60s
01:45:02 Saving config file
01:46:02 saveConfig: auto-save-60s
01:46:02 Saving config file
01:47:02 saveConfig: auto-save-60s
01:47:02 Saving config file
01:48:02 saveConfig: auto-save-60s
01:48:02 Saving config file
01:49:02 saveConfig: auto-save-60s
01:49:02 Saving config file
01:50:02 saveConfig: auto-save-60s
01:50:02 Saving config file
01:51:02 saveConfig: auto-save-60s
01:51:02 Saving config file
01:52:02 saveConfig: auto-save-60s
01:52:02 Saving config file
01:53:02 saveConfig: auto-save-60s
01:53:02 Saving config file
01:54:02 saveConfig: auto-save-60s
01:54:02 Saving config file
01:55:02 saveConfig: auto-save-60s
01:55:02 Saving config file
01:56:02 saveConfig: auto-save-60s
01:56:02 Saving config file
01:57:02 saveConfig: auto-save-60s
01:57:02 Saving config file
01:58:02 saveConfig: auto-save-60s
01:58:02 Saving config file
01:59:02 saveConfig: auto-save-60s
01:59:02 Saving config file
02:00:02 saveConfig: auto-save-60s
02:00:02 Saving config file
02:01:02 saveConfig: auto-save-60s
02:01:02 Saving config file
02:02:02 saveConfig: auto-save-60s
02:02:02 Saving config file
02:03:02 saveConfig: auto-save-60s
02:03:02 Saving config file
02:04:02 saveConfig: auto-save-60s
02:04:02 Saving config file
02:05:02 saveConfig: auto-save-60s
02:05:02 Saving config file
02:06:02 saveConfig: auto-save-60s
02:06:02 Saving config file
02:07:02 saveConfig: auto-save-60s
02:07:02 Saving config file
02:08:02 saveConfig: auto-save-60s
02:08:02 Saving config file
02:09:02 saveConfig: auto-save-60s
02:09:02 Saving config file
02:10:02 saveConfig: auto-save-60s
02:10:02 Saving config file
02:11:02 saveConfig: auto-save-60s
02:11:02 Saving config file
02:12:02 saveConfig: auto-save-60s
02:12:02 Saving config file
02:13:02 saveConfig: auto-save-60s
02:13:02 Saving config file
02:14:02 saveConfig: auto-save-60s
02:14:02 Saving config file
02:15:02 saveConfig: auto-save-60s
02:15:02 Saving config file
02:16:02 saveConfig: auto-save-60s
02:16:02 Saving config file
02:17:02 saveConfig: auto-save-60s
02:17:02 Saving config file
02:18:02 saveConfig: auto-save-60s
02:18:02 Saving config file
02:18:15 saveConfig: saving-data
02:18:15 Saving sacks file
02:18:40 saveConfig: saving-data
02:18:40 Saving sacks file
02:19:02 saveConfig: auto-save-60s
02:19:02 Saving config file
02:20:02 saveConfig: auto-save-60s
02:20:02 Saving config file
02:21:02 saveConfig: auto-save-60s
02:21:02 Saving config file
02:22:02 saveConfig: auto-save-60s
02:22:02 Saving config file
02:23:02 saveConfig: auto-save-60s
02:23:02 Saving config file
02:24:02 saveConfig: auto-save-60s
02:24:02 Saving config file
02:25:02 saveConfig: auto-save-60s
02:25:02 Saving config file
02:26:02 saveConfig: auto-save-60s
02:26:02 Saving config file
02:27:02 saveConfig: auto-save-60s
02:27:02 Saving config file
02:28:02 saveConfig: auto-save-60s
02:28:02 Saving config file
02:29:02 saveConfig: auto-save-60s
02:29:02 Saving config file
02:30:02 saveConfig: auto-save-60s
02:30:02 Saving config file
02:31:02 saveConfig: auto-save-60s
02:31:02 Saving config file
02:32:02 saveConfig: auto-save-60s
02:32:02 Saving config file
02:33:02 saveConfig: auto-save-60s
02:33:02 Saving config file
02:34:02 saveConfig: auto-save-60s
02:34:02 Saving config file
02:35:02 saveConfig: auto-save-60s
02:35:02 Saving config file
02:36:02 saveConfig: auto-save-60s
02:36:02 Saving config file
02:37:02 saveConfig: auto-save-60s
02:37:02 Saving config file
02:38:02 saveConfig: auto-save-60s
02:38:02 Saving config file
02:39:02 saveConfig: auto-save-60s
02:39:02 Saving config file
02:40:02 saveConfig: auto-save-60s
02:40:02 Saving config file
02:41:02 saveConfig: auto-save-60s
02:41:02 Saving config file
02:42:02 saveConfig: auto-save-60s
02:42:02 Saving config file
02:43:02 saveConfig: auto-save-60s
02:43:02 Saving config file
02:44:02 saveConfig: auto-save-60s
02:44:02 Saving config file
02:45:02 saveConfig: auto-save-60s
02:45:02 Saving config file
02:46:02 saveConfig: auto-save-60s
02:46:02 Saving config file
02:47:02 saveConfig: auto-save-60s
02:47:02 Saving config file
02:48:02 saveConfig: auto-save-60s
02:48:02 Saving config file
02:49:02 saveConfig: auto-save-60s
02:49:02 Saving config file
02:50:02 saveConfig: auto-save-60s
02:50:02 Saving config file
02:51:02 saveConfig: auto-save-60s
02:51:02 Saving config file
02:52:02 saveConfig: auto-save-60s
02:52:02 Saving config file
02:53:02 saveConfig: auto-save-60s
02:53:02 Saving config file
02:54:02 saveConfig: auto-save-60s
02:54:02 Saving config file
02:55:02 saveConfig: auto-save-60s
02:55:02 Saving config file
02:56:02 saveConfig: auto-save-60s
02:56:02 Saving config file
02:57:02 saveConfig: auto-save-60s
02:57:02 Saving config file
02:58:02 saveConfig: auto-save-60s
02:58:02 Saving config file
02:59:02 saveConfig: auto-save-60s
02:59:02 Saving config file
03:00:02 saveConfig: auto-save-60s
03:00:02 Saving config file
03:01:02 saveConfig: auto-save-60s
03:01:02 Saving config file
03:02:02 saveConfig: auto-save-60s
03:02:02 Saving config file
03:03:02 saveConfig: auto-save-60s
03:03:02 Saving config file
03:04:02 saveConfig: auto-save-60s
03:04:02 Saving config file
03:05:02 saveConfig: auto-save-60s
03:05:02 Saving config file
03:06:02 saveConfig: auto-save-60s
03:06:02 Saving config file
03:07:02 saveConfig: auto-save-60s
03:07:02 Saving config file
03:08:02 saveConfig: auto-save-60s
03:08:02 Saving config file
03:09:02 saveConfig: auto-save-60s
03:09:02 Saving config file
03:10:02 saveConfig: auto-save-60s
03:10:02 Saving config file
03:11:02 saveConfig: auto-save-60s
03:11:02 Saving config file
03:12:02 saveConfig: auto-save-60s
03:12:02 Saving config file
03:13:02 saveConfig: auto-save-60s
03:13:02 Saving config file
03:14:02 saveConfig: auto-save-60s
03:14:02 Saving config file
03:15:02 saveConfig: auto-save-60s
03:15:02 Saving config file
03:16:02 saveConfig: auto-save-60s
03:16:02 Saving config file
03:17:02 saveConfig: auto-save-60s
03:17:02 Saving config file
03:17:10 saveConfig: shutdown-hook
03:17:10 Saving config file
