04:57:41 [allowed] §b[MVP§3+§b] Euphaa§f §6slid into the lobby!
04:57:41 [allowed] §f§lHAPPY HOLIDAYS §e§lFROM HYPIXEL§r
§r§aYou may claim today's §bAdvent Calendar §areward!
§eClick here to claim!§r

04:57:41 [allowed] §b§m--------------§r§f  §r§aGuild: Message Of The Day  §r§b§m--------------
04:57:41 [allowed] §b| §r§fJoin the guild discord!
04:57:41 [allowed] §b| §r§fhttps://discord.gg/9En6jSENjY
04:57:41 [allowed] §b| §r§fHave a great day!
04:57:41 [allowed] §b§m-----------------------------------------------------
04:57:44 [allowed] §7Sending to server mini197DP...
04:57:45 [allowed] §2§lGOTCHA! §r§eYour traps caught a pest in §r§6Plot #2§r§e!
04:57:45 [allowed] §eYou haven't claimed your §r§6Holidays Rewards §r§eyet!
04:57:45 [allowed] §eTalk to the §r§cGingerbread §r§fMan §r§ein the §r§aHub§r§e!
04:57:45 [allowed] §aSince you've been away you earned §r§60 coins §r§aas interest in your personal bank account!
04:57:45 [allowed] §b-----------------------------------------------------
04:57:45 [allowed] §aYou have just received §r§6650,000 coins §r§aas interest in your co-op bank account!
04:57:45 [allowed] §b-----------------------------------------------------
04:57:46 [allowed] §6§lGROSS! §7While you were offline, §2Pests §7spawned in §aPlots §r§b4§r§7, §r§b9§r§7 and §r§b8§r§r§7!
04:57:46 [allowed] §7Click on a plots name in chat to teleport to it!
04:57:47 [allowed] §eWelcome to §r§aHypixel SkyBlock§r§e!
04:57:47 [allowed] §6§lBONUS! §r§bTemporarily earn §r§a5% §r§bmore skill experience!
04:57:47 [allowed] §eLatest update: §bSkyBlock v0.20.9 §e§lCLICK
04:57:47 [allowed] §aYou are playing on profile: §eBanana§b (Co-op)
04:57:47 [allowed] §8Profile ID: 56e969f8-003b-4df1-bbed-3112b2f3dc94
04:57:50 [allowed] §aYou sold §r§aTasty Cheese§r§8 x1 §r§afor §r§6500 Coins§r§a!
04:58:13 [allowed] §aMoved §r§e8 Ender Pearl§r§a from your Sacks to your inventory.
04:58:14 [allowed] §2Guild > §r§7Creative_03534 §r§ejoined.
04:58:18 [allowed] §aMoved §r§e8 Ender Pearl§r§a from your Sacks to your inventory.
04:58:23 [allowed] §aYou sold §r§fEnder Pearl§r§8 x3 §r§afor §r§621 Coins§r§a!
04:58:38 [allowed] §7Warping you to your SkyBlock island...
04:58:38 [allowed] §7Sending to server mini97BE...
04:58:39 [allowed] §eYou haven't claimed your §r§6Holidays Rewards §r§eyet!
04:58:39 [allowed] §eTalk to the §r§cGingerbread §r§fMan §r§ein the §r§aHub§r§e!
04:58:42 [allowed] §aYou are playing on profile: §eBanana§b (Co-op)
04:58:42 [allowed] §8Profile ID: 56e969f8-003b-4df1-bbed-3112b2f3dc94
05:00:02 [allowed] §4[WATCHDOG ANNOUNCEMENT]
05:00:02 [allowed] §fWatchdog has banned §r§c§l11,338§r§f players in the last 7 days.
05:00:02 [allowed] §fStaff have banned an additional §r§c§l10,703§r§f in the last 7 days.
05:00:02 [allowed] §cBlacklisted modifications are a bannable offense!
05:03:39 [allowed] §aYou earned §r§2219 GEXP §r§a+ §r§c657 Event EXP §r§afrom playing SkyBlock!
