04:57:41 [EMPTY] §f §r§r§r§f §r§r§r§1 §r§r§r§0 §r§r§r§2 §r§r§r§f §r§r§r§f §r§r§r§2 §r§r§r§0 §r§r§r§4 §r§r§r§3 §r§r§r§9 §r§r§r§2 §r§r§r§0 §r§r§r§0 §r§r§r§3 §r§r§r§9 §r§r§r§2 §r§r§r§0 §r§r§r§0 §r§r§r§3 §r§r§r§9 §r§r§r§2 §r§r§r§0 §r§r§r§0 
04:57:41 [EMPTY] 
04:57:45 [EMPTY] §8 §r§8 §r§1 §r§3 §r§3 §r§7 §r§8 
04:57:47 [EMPTY] 
04:57:47 [EMPTY] 
04:57:48 [EMPTY]  
04:57:48 [STASH_COMPACT] §f               §7You have §395,818 §7materials stashed away!
04:57:48 [STASH_COMPACT] §f             §8(This totals 18 types of materials stashed!)
04:57:48 [STASH_COMPACT] §f                §3§l>>> §3§lCLICK HERE§b to pick them up! §3§l<<<
04:57:48 [EMPTY]   
04:57:49 [EMPTY]  
04:57:49 [STASH_COMPACT] §f               §7You have §395,818 §7materials stashed away!
04:57:49 [STASH_COMPACT] §f             §8(This totals 18 types of materials stashed!)
04:57:49 [STASH_COMPACT] §f                §3§l>>> §3§lCLICK HERE§b to pick them up! §3§l<<<
04:57:49 [EMPTY]   
04:57:49 [SKYMALL] §bNew day! §r§eYour §r§2Sky Mall §r§ebuff changed!
04:57:49 [SKYMALL] §eNew buff§r§r§r: §r§fGain §r§a+15% §r§fmore Powder while mining.
04:57:49 [SKYMALL] §8§oYou can disable this messaging by toggling Sky Mall in your /hotm!
04:58:39 [EMPTY] §8 §r§8 §r§1 §r§3 §r§3 §r§7 §r§8 
04:58:43 [EMPTY]  
04:58:43 [STASH_COMPACT] §f               §7You have §395,818 §7materials stashed away!
04:58:43 [STASH_COMPACT] §f             §8(This totals 18 types of materials stashed!)
04:58:43 [STASH_COMPACT] §f                §3§l>>> §3§lCLICK HERE§b to pick them up! §3§l<<<
04:58:43 [EMPTY]   
04:58:43 [EMPTY]  
04:58:43 [STASH_COMPACT] §f               §7You have §395,818 §7materials stashed away!
04:58:43 [STASH_COMPACT] §f             §8(This totals 18 types of materials stashed!)
04:58:43 [STASH_COMPACT] §f                §3§l>>> §3§lCLICK HERE§b to pick them up! §3§l<<<
04:58:43 [EMPTY]   
04:59:43 [EMPTY]  
04:59:43 [STASH_COMPACT] §f               §7You have §395,818 §7materials stashed away!
04:59:43 [STASH_COMPACT] §f             §8(This totals 18 types of materials stashed!)
04:59:43 [STASH_COMPACT] §f                §3§l>>> §3§lCLICK HERE§b to pick them up! §3§l<<<
04:59:43 [EMPTY]   
05:00:02 [EMPTY] §f
05:00:02 [EMPTY] §c
05:00:44 [EMPTY]  
05:00:44 [STASH_COMPACT] §f               §7You have §395,818 §7materials stashed away!
05:00:44 [STASH_COMPACT] §f             §8(This totals 18 types of materials stashed!)
05:00:44 [STASH_COMPACT] §f                §3§l>>> §3§lCLICK HERE§b to pick them up! §3§l<<<
05:00:44 [EMPTY]   
05:01:44 [EMPTY]  
05:01:44 [STASH_COMPACT] §f               §7You have §395,818 §7materials stashed away!
05:01:44 [STASH_COMPACT] §f             §8(This totals 18 types of materials stashed!)
05:01:44 [STASH_COMPACT] §f                §3§l>>> §3§lCLICK HERE§b to pick them up! §3§l<<<
05:01:44 [EMPTY]   
05:02:44 [EMPTY]  
05:02:44 [STASH_COMPACT] §f               §7You have §395,818 §7materials stashed away!
05:02:44 [STASH_COMPACT] §f             §8(This totals 18 types of materials stashed!)
05:02:44 [STASH_COMPACT] §f                §3§l>>> §3§lCLICK HERE§b to pick them up! §3§l<<<
05:02:44 [EMPTY]   
05:03:44 [EMPTY]  
05:03:44 [STASH_COMPACT] §f               §7You have §395,818 §7materials stashed away!
05:03:44 [STASH_COMPACT] §f             §8(This totals 18 types of materials stashed!)
05:03:44 [STASH_COMPACT] §f                §3§l>>> §3§lCLICK HERE§b to pick them up! §3§l<<<
05:03:44 [EMPTY]   
