03:23:53 [EMPTY] §f §r§r§r§f §r§r§r§1 §r§r§r§0 §r§r§r§2 §r§r§r§f §r§r§r§f §r§r§r§2 §r§r§r§0 §r§r§r§4 §r§r§r§3 §r§r§r§9 §r§r§r§2 §r§r§r§0 §r§r§r§0 §r§r§r§3 §r§r§r§9 §r§r§r§2 §r§r§r§0 §r§r§r§0 §r§r§r§3 §r§r§r§9 §r§r§r§2 §r§r§r§0 §r§r§r§0 
03:23:53 [allowed] §b[MVP§3+§b] Euphaa§f §6slid into the lobby!
03:23:53 [EMPTY] 
03:23:53 [allowed] §f§lHAPPY HOLIDAYS §e§lFROM HYPIXEL§r
§r§aYou may claim today's §bAdvent Calendar §areward!
§eClick here to claim!§r

03:23:55 [allowed]   §r§f§l➤ §r§6You have reached your Hype limit! Add Hype to Prototype Lobby minigames by right-clicking with the Hype Diamond!
03:23:56 [allowed] §b[MVP§6+§b] Enexfore§f §6slid into the lobby!
03:23:57 [allowed] §b[MVP§c+§b] bigboss6166§f §6slid into the lobby!
03:23:59 [allowed]  §b>§c>§a>§r §r§6[MVP§0++§6] _Estelle§f §6slid into the lobby!§r §a<§c<§b<
03:24:01 [allowed] §b[MVP§3+§b] tinygrass827§f §6slid into the lobby!
03:24:02 [allowed] §b[MVP§d+§b] ZjoseL3552§f §6slid into the lobby!
03:24:04 [allowed] §b[MVP§c+§b] CannedPlains20§f §6slid into the lobby!
03:24:08 [allowed]  §b>§c>§a>§r §r§6[MVP§f++§6] killerkow09§f §6slid into the lobby!§r §a<§c<§b<
03:24:14 [allowed] §b[MVP§f+§b] raidenlefish§f §6slid into the lobby!
03:24:14 [allowed] §b[MVP§d+§b] lightxi_§f §6slid into the lobby!
03:24:18 [allowed] §b[MVP§f+§b] Lunarizer§f §6slid into the lobby!
03:24:25 [allowed] §b[MVP§3+§b] nelsonGX§f §6slid into the lobby!
03:24:27 [allowed] §b[MVP§9+§b] The_spacier§f §6slid into the lobby!
03:24:41 [allowed] §b[MVP§4+§b] SemiBush§f §6slid into the lobby!
03:24:48 [allowed]  §b>§c>§a>§r §r§6[MVP§f++§6] Jecron§f §6slid into the lobby!§r §a<§c<§b<
03:24:48 [allowed] §b[MVP§d+§b] Nxia§f §6slid into the lobby!
03:24:50 [allowed] §b[MVP§a+§b] BuzzaToon§f §6slid into the lobby!
03:24:53 [allowed] §b[MVP§c+§b] petitebrique§f §6slid into the lobby!
03:24:53 [allowed] §b[MVP§f+§b] raidenlefish§f §6slid into the lobby!
03:24:58 [allowed] §b[MVP§f+§b] tas1801§f §6slid into the lobby!
03:24:59 [allowed] §b[MVP§a+§b] Doctor_flipi§f §6slid into the lobby!
03:25:00 [allowed] §b[MVP§9+§b] rmont_§f §6slid into the lobby!
03:25:02 [allowed] §b[MVP§4+§b] Pumpukk42§f §6slid into the lobby!
03:25:04 [allowed] §b[MVP§d+§b] kotpng§f §6slid into the lobby!
03:25:04 [allowed] §b[MVP§d+§b] NotKXD§f §6slid into the lobby!
03:25:06 [allowed] §b[MVP§9+§b] KevinSalfman§f §6slid into the lobby!
03:25:08 [allowed] §b[MVP§f+§b] Fysthebun§f §6slid into the lobby!
03:25:09 [allowed] §b[MVP§d+§b] Zaikone§f §6slid into the lobby!
03:25:14 [allowed] §b[MVP§a+§b] MidorinoL§f §6slid into the lobby!
03:25:19 [allowed] §b[MVP§c+§b] ZeroTwoJP§f §6slid into the lobby!
03:25:19 [allowed] §b[MVP§c+§b] evobee09§f §6slid into the lobby!
03:25:19 [allowed] §b[MVP§d+§b] Firerecruit§f §6slid into the lobby!
03:25:19 [allowed] §b[MVP§c+§b] Clipzatip§f §6slid into the lobby!
03:25:20 [allowed] §b[MVP§f+§b] Mobplayez§f §6slid into the lobby!
03:25:21 [allowed] §b[MVP§3+§b] IcyArtist§f §6slid into the lobby!
03:25:27 [allowed] §b[MVP§9+§b] DomperrEl§f §6slid into the lobby!
03:25:28 [allowed] §b[MVP§d+§b] JFJFF§f §6slid into the lobby!
03:25:28 [allowed] §b[MVP§c+§b] Gunter_K§f §6slid into the lobby!
03:25:28 [allowed] §b[MVP§0+§b] The11thDctr§f §6slid into the lobby!
03:25:28 [allowed] §b[MVP§c+§b] GodBezge§f §6slid into the lobby!
03:25:29 [allowed]  §b>§c>§a>§r §r§6[MVP§d++§6] SvnSeas§f §6slid into the lobby!§r §a<§c<§b<
03:25:29 [allowed] §b[MVP§f+§b] NeetG123§f §6slid into the lobby!
03:25:31 [allowed] §b[MVP§c+§b] Bluekandy§f §6slid into the lobby!
03:25:32 [allowed] §b[MVP§2+§b] Kiryuuin3§f §6slid into the lobby!
03:25:33 [allowed] §b[MVP§8+§b] Tk5h§f §6slid into the lobby!
03:25:34 [allowed] §b[MVP§5+§b] Threatless§f §6slid into the lobby!
03:25:39 [allowed]  §b>§c>§a>§r §r§b[MVP§6++§b] Spaie§f §6slid into the lobby!§r §a<§c<§b<
03:25:39 [allowed] §b[MVP§c+§b] yc7e§f §6slid into the lobby!
03:25:40 [allowed] §b[MVP§f+§b] yohay829§f §6slid into the lobby!
03:25:43 [allowed] §b[MVP§f+§b] Sui_§f §6slid into the lobby!
03:25:44 [allowed] §b[MVP§c+§b] EitanTheMighty§f §6slid into the lobby!
03:25:45 [allowed] §7Sending to server mini40AU...
03:25:45 [allowed] §b[MVP§f+§b] raidenlefish§f §6slid into the lobby!
03:25:45 [EMPTY] §8 §r§8 §r§1 §r§3 §r§3 §r§7 §r§8 
03:25:45 [allowed] §eYou haven't claimed your §r§6Holidays Rewards §r§eyet!
03:25:45 [allowed] §eTalk to the §r§cGingerbread §r§fMan §r§ein the §r§aHub§r§e!
03:25:47 [EMPTY] 
03:25:47 [allowed] §eWelcome to §r§aHypixel SkyBlock§r§e!
03:25:47 [allowed] §6§lBONUS! §r§bTemporarily earn §r§a5% §r§bmore skill experience!
03:25:47 [EMPTY] 
03:25:47 [allowed] §eLatest update: §bSkyBlock v0.21 §e§lCLICK
03:25:48 [allowed] §aYou are playing on profile: §eBanana§b (Co-op)
03:25:48 [allowed] §8Profile ID: 56e969f8-003b-4df1-bbed-3112b2f3dc94
03:25:49 [EMPTY]  
03:25:49 [STASH_COMPACT] §f                §7You have §37,898 §7materials stashed away!
03:25:49 [STASH_COMPACT] §f              §8(This totals 3 types of materials stashed!)
03:25:49 [STASH_COMPACT] §f                §3§l>>> §3§lCLICK HERE§b to pick them up! §3§l<<<
03:25:49 [EMPTY]   
03:26:35 [EMPTY]  
03:26:35 [STASH_COMPACT] §f                §7You have §37,898 §7materials stashed away!
03:26:35 [STASH_COMPACT] §f              §8(This totals 3 types of materials stashed!)
03:26:35 [STASH_COMPACT] §f                §3§l>>> §3§lCLICK HERE§b to pick them up! §3§l<<<
03:26:35 [EMPTY]   
03:27:00 [allowed] §8[§r§2182§r§8] §r§7ᛃ §r§a[VIP] Cosmacube§f§r§f: I love crossing the entire map to get 15,000 coins :/
03:27:12 [allowed] §8[§r§e112§r§8] §r§7§l⸕ §r§b[MVP§c+§b] ov_ah§f§r§f: ./hub
03:27:34 [allowed] §aFriend > §r§bMaxorr §r§eleft.
03:27:35 [EMPTY]  
03:27:35 [STASH_COMPACT] §f                §7You have §37,898 §7materials stashed away!
03:27:35 [STASH_COMPACT] §f              §8(This totals 3 types of materials stashed!)
03:27:35 [STASH_COMPACT] §f                §3§l>>> §3§lCLICK HERE§b to pick them up! §3§l<<<
03:27:35 [EMPTY]   
03:28:27 [allowed] §cThere are blocks in the way!
03:28:27 [allowed] §cThere are blocks in the way!
03:28:36 [EMPTY]  
03:28:36 [STASH_COMPACT] §f                §7You have §37,898 §7materials stashed away!
03:28:36 [STASH_COMPACT] §f              §8(This totals 3 types of materials stashed!)
03:28:36 [STASH_COMPACT] §f                §3§l>>> §3§lCLICK HERE§b to pick them up! §3§l<<<
03:28:36 [EMPTY]   
03:29:13 [allowed] §c ☠ §r§7§r§bHopeYouFly§r§7 was killed by Revenant Horror§r§7§r§7.
03:29:37 [EMPTY]  
03:29:37 [STASH_COMPACT] §f                §7You have §37,898 §7materials stashed away!
03:29:37 [STASH_COMPACT] §f              §8(This totals 3 types of materials stashed!)
03:29:37 [STASH_COMPACT] §f                §3§l>>> §3§lCLICK HERE§b to pick them up! §3§l<<<
03:29:37 [EMPTY]   
03:30:34 [allowed] §aYou earned §r§2193 GEXP §r§a+ §r§c579 Event EXP §r§afrom playing SkyBlock!
03:30:38 [EMPTY]  
03:30:38 [STASH_COMPACT] §f                §7You have §37,898 §7materials stashed away!
03:30:38 [STASH_COMPACT] §f              §8(This totals 3 types of materials stashed!)
03:30:38 [STASH_COMPACT] §f                §3§l>>> §3§lCLICK HERE§b to pick them up! §3§l<<<
03:30:38 [EMPTY]   
03:31:39 [EMPTY]  
03:31:39 [STASH_COMPACT] §f                §7You have §37,898 §7materials stashed away!
03:31:39 [STASH_COMPACT] §f              §8(This totals 3 types of materials stashed!)
03:31:39 [STASH_COMPACT] §f                §3§l>>> §3§lCLICK HERE§b to pick them up! §3§l<<<
03:31:39 [EMPTY]   
