03:23:53 [EMPTY] §f §r§r§r§f §r§r§r§1 §r§r§r§0 §r§r§r§2 §r§r§r§f §r§r§r§f §r§r§r§2 §r§r§r§0 §r§r§r§4 §r§r§r§3 §r§r§r§9 §r§r§r§2 §r§r§r§0 §r§r§r§0 §r§r§r§3 §r§r§r§9 §r§r§r§2 §r§r§r§0 §r§r§r§0 §r§r§r§3 §r§r§r§9 §r§r§r§2 §r§r§r§0 §r§r§r§0 
03:23:53 [EMPTY] 
03:25:45 [EMPTY] §8 §r§8 §r§1 §r§3 §r§3 §r§7 §r§8 
03:25:47 [EMPTY] 
03:25:47 [EMPTY] 
03:25:49 [EMPTY]  
03:25:49 [STASH_COMPACT] §f                §7You have §37,898 §7materials stashed away!
03:25:49 [STASH_COMPACT] §f              §8(This totals 3 types of materials stashed!)
03:25:49 [STASH_COMPACT] §f                §3§l>>> §3§lCLICK HERE§b to pick them up! §3§l<<<
03:25:49 [EMPTY]   
03:26:35 [EMPTY]  
03:26:35 [STASH_COMPACT] §f                §7You have §37,898 §7materials stashed away!
03:26:35 [STASH_COMPACT] §f              §8(This totals 3 types of materials stashed!)
03:26:35 [STASH_COMPACT] §f                §3§l>>> §3§lCLICK HERE§b to pick them up! §3§l<<<
03:26:35 [EMPTY]   
03:27:35 [EMPTY]  
03:27:35 [STASH_COMPACT] §f                §7You have §37,898 §7materials stashed away!
03:27:35 [STASH_COMPACT] §f              §8(This totals 3 types of materials stashed!)
03:27:35 [STASH_COMPACT] §f                §3§l>>> §3§lCLICK HERE§b to pick them up! §3§l<<<
03:27:35 [EMPTY]   
03:28:36 [EMPTY]  
03:28:36 [STASH_COMPACT] §f                §7You have §37,898 §7materials stashed away!
03:28:36 [STASH_COMPACT] §f              §8(This totals 3 types of materials stashed!)
03:28:36 [STASH_COMPACT] §f                §3§l>>> §3§lCLICK HERE§b to pick them up! §3§l<<<
03:28:36 [EMPTY]   
03:29:37 [EMPTY]  
03:29:37 [STASH_COMPACT] §f                §7You have §37,898 §7materials stashed away!
03:29:37 [STASH_COMPACT] §f              §8(This totals 3 types of materials stashed!)
03:29:37 [STASH_COMPACT] §f                §3§l>>> §3§lCLICK HERE§b to pick them up! §3§l<<<
03:29:37 [EMPTY]   
03:30:38 [EMPTY]  
03:30:38 [STASH_COMPACT] §f                §7You have §37,898 §7materials stashed away!
03:30:38 [STASH_COMPACT] §f              §8(This totals 3 types of materials stashed!)
03:30:38 [STASH_COMPACT] §f                §3§l>>> §3§lCLICK HERE§b to pick them up! §3§l<<<
03:30:38 [EMPTY]   
03:31:39 [EMPTY]  
03:31:39 [STASH_COMPACT] §f                §7You have §37,898 §7materials stashed away!
03:31:39 [STASH_COMPACT] §f              §8(This totals 3 types of materials stashed!)
03:31:39 [STASH_COMPACT] §f                §3§l>>> §3§lCLICK HERE§b to pick them up! §3§l<<<
03:31:39 [EMPTY]   
