20:30:47 [EMPTY] §f §r§r§r§f §r§r§r§1 §r§r§r§0 §r§r§r§2 §r§r§r§f §r§r§r§f §r§r§r§2 §r§r§r§0 §r§r§r§4 §r§r§r§3 §r§r§r§9 §r§r§r§2 §r§r§r§0 §r§r§r§0 §r§r§r§3 §r§r§r§9 §r§r§r§2 §r§r§r§0 §r§r§r§0 §r§r§r§3 §r§r§r§9 §r§r§r§2 §r§r§r§0 §r§r§r§0 
20:30:47 [EMPTY] 
20:33:38 [EMPTY] §8 §r§8 §r§1 §r§3 §r§3 §r§7 §r§8 
20:33:40 [EMPTY] 
20:33:40 [EMPTY] 
20:33:41 [EMPTY]  
20:33:41 [STASH_COMPACT] §f                 §7You have §3654 §7materials stashed away!
20:33:41 [STASH_COMPACT] §f               §8(This totals 1 type of material stashed!)
20:33:41 [STASH_COMPACT] §f                §3§l>>> §3§lCLICK HERE§b to pick them up! §3§l<<<
20:33:41 [EMPTY]   
20:33:42 [EMPTY]  
20:33:42 [STASH_COMPACT] §f                 §7You have §3654 §7materials stashed away!
20:33:42 [STASH_COMPACT] §f               §8(This totals 1 type of material stashed!)
20:33:42 [STASH_COMPACT] §f                §3§l>>> §3§lCLICK HERE§b to pick them up! §3§l<<<
20:33:42 [EMPTY]   
20:33:42 [SKYMALL] §bNew day! §r§eYour §r§2Sky Mall §r§ebuff changed!
20:33:42 [SKYMALL] §eNew buff§r§r§r: §r§fGain §r§a+15% §r§fmore Powder while mining.
20:33:42 [SKYMALL] §8§oYou can disable this messaging by toggling Sky Mall in your /hotm!
20:35:01 [SKYMALL] §bNew day! §r§eYour §r§2Sky Mall §r§ebuff changed!
20:35:01 [SKYMALL] §eNew buff§r§r§r: §r§fGain §r§6+100⸕ Mining Speed§r§f.
20:35:01 [SKYMALL] §8§oYou can disable this messaging by toggling Sky Mall in your /hotm!
20:35:38 [EMPTY] 
20:35:38 [EMPTY] 
20:55:00 [SKYMALL] §bNew day! §r§eYour §r§2Sky Mall §r§ebuff changed!
20:55:00 [SKYMALL] §eNew buff§r§r§r: §r§fGain §r§6+50☘ Mining Fortune§r§f.
20:55:00 [SKYMALL] §8§oYou can disable this messaging by toggling Sky Mall in your /hotm!
20:57:05 [EMPTY] §8 §r§8 §r§1 §r§3 §r§3 §r§7 §r§8 
20:59:09 [EMPTY] 
20:59:09 [EMPTY] 
21:00:03 [EMPTY] 
21:00:15 [EMPTY] §f
21:00:15 [EMPTY] §c
21:04:14 [EMPTY] 
21:09:04 [EMPTY] §f                                        
21:09:55 [EMPTY]  
21:09:55 [BESTIARY] §f                                  §6§lBESTIARY
21:09:55 [BESTIARY] §f                              §b§lSludge §7§8XI §8➡§b §bXII
21:09:55 [BESTIARY] 
21:09:55 [BESTIARY] §f                                  §r§6§lREWARDS
21:09:55 [BESTIARY] §f                          §r§8+§r§a4 Sludge §r§b✯ Magic Find
21:09:55 [BESTIARY] §f                           §r§8+§r§a4 Sludge §r§c❁ Strength
21:09:55 [BESTIARY] §f                              §r§8+§r§62% §r§aSludge §r§7coins
21:09:55 [BESTIARY] §f                    §r§8+§r§a50% §r§7chance for extra XP orbs
21:09:55 [BESTIARY] §f                               §r§8+§r§b1 SkyBlock XP
21:09:55 [BESTIARY] 
21:09:55 [BESTIARY] §3§l▬▬▬▬▬▬▬▬▬▬▬▬▬▬▬▬▬▬▬▬▬▬▬▬▬▬▬▬▬▬▬▬▬▬▬▬▬▬▬▬▬▬▬▬▬▬▬▬▬▬▬▬▬▬▬▬▬▬▬▬▬▬▬▬
21:10:26 [EMPTY] §f
21:10:26 [EMPTY] §f
21:10:26 [EMPTY] §f
21:10:26 [EMPTY] §f
21:24:23 [EMPTY] 
21:29:01 [EMPTY] §f                                        
21:37:45 [EMPTY] 
21:37:45 [EMPTY] 
21:47:15 [EMPTY] 
21:49:04 [EMPTY] §f                                        
22:03:07 [EMPTY]  
22:03:07 [BESTIARY] §f                                  §6§lBESTIARY
22:03:07 [BESTIARY] §f                        §b§lKey Guardian §7§8XII §8➡§b §bXIII
22:03:07 [BESTIARY] 
22:03:07 [BESTIARY] §f                                  §r§6§lREWARDS
22:03:07 [BESTIARY] §f                      §r§8+§r§a4 Key Guardian §r§b✯ Magic Find
22:03:07 [BESTIARY] §f                      §r§8+§r§a4 Key Guardian §r§c❁ Strength
22:03:07 [BESTIARY] §f                          §r§8+§r§62% §r§aKey Guardian §r§7coins
22:03:07 [BESTIARY] §f                    §r§8+§r§a50% §r§7chance for extra XP orbs
22:03:07 [BESTIARY] §f                               §r§8+§r§b1 SkyBlock XP
22:03:07 [BESTIARY] 
22:03:07 [BESTIARY] §3§l▬▬▬▬▬▬▬▬▬▬▬▬▬▬▬▬▬▬▬▬▬▬▬▬▬▬▬▬▬▬▬▬▬▬▬▬▬▬▬▬▬▬▬▬▬▬▬▬▬▬▬▬▬▬▬▬▬▬▬▬▬▬▬▬
22:07:19 [EMPTY] 
22:08:56 [EMPTY] §f                                        
22:17:13 [EMPTY] 
22:17:13 [EMPTY] 
22:27:08 [EMPTY] 
22:28:58 [EMPTY] §f                                        
22:30:35 [EMPTY] §8 §r§8 §r§1 §r§3 §r§3 §r§7 §r§8 
22:35:00 [SKYMALL] §bNew day! §r§eYour §r§2Sky Mall §r§ebuff changed!
22:35:00 [SKYMALL] §eNew buff§r§r§r: §r§fGain §r§6+100⸕ Mining Speed§r§f.
22:35:00 [SKYMALL] §8§oYou can disable this messaging by toggling Sky Mall in your /hotm!
22:43:02 [EMPTY] 
22:55:00 [SKYMALL] §bNew day! §r§eYour §r§2Sky Mall §r§ebuff changed!
22:55:00 [SKYMALL] §eNew buff§r§r§r: §r§fGain §r§6+100⸕ Mining Speed§r§f.
22:55:00 [SKYMALL] §8§oYou can disable this messaging by toggling Sky Mall in your /hotm!
23:00:16 [EMPTY] §f
23:00:16 [EMPTY] §c
23:07:30 [EMPTY] §8 §r§8 §r§1 §r§3 §r§3 §r§7 §r§8 
23:07:42 [EMPTY] §8 §r§8 §r§1 §r§3 §r§3 §r§7 §r§8 
23:08:08 [EMPTY] 
23:08:08 [EMPTY] 
23:09:43 [EMPTY] §8 §r§8 §r§1 §r§3 §r§3 §r§7 §r§8 
23:10:13 [EMPTY] 
23:10:28 [EMPTY] §8 §r§8 §r§1 §r§3 §r§3 §r§7 §r§8 
23:12:10 [EMPTY] §8 §r§8 §r§1 §r§3 §r§3 §r§7 §r§8 
23:17:05 [EMPTY] 
23:21:44 [EMPTY] §f                                        
23:39:59 [EMPTY] 
23:41:48 [EMPTY] §f                                        
23:53:50 [EMPTY] §f §r§r§r§f §r§r§r§1 §r§r§r§0 §r§r§r§2 §r§r§r§f §r§r§r§f §r§r§r§2 §r§r§r§0 §r§r§r§4 §r§r§r§3 §r§r§r§9 §r§r§r§2 §r§r§r§0 §r§r§r§0 §r§r§r§3 §r§r§r§9 §r§r§r§2 §r§r§r§0 §r§r§r§0 §r§r§r§3 §r§r§r§9 §r§r§r§2 §r§r§r§0 §r§r§r§0 
23:54:05 [EMPTY] 
00:02:56 [EMPTY] §f §r§r§r§f §r§r§r§1 §r§r§r§0 §r§r§r§2 §r§r§r§f §r§r§r§f §r§r§r§2 §r§r§r§0 §r§r§r§4 §r§r§r§3 §r§r§r§9 §r§r§r§2 §r§r§r§0 §r§r§r§0 §r§r§r§3 §r§r§r§9 §r§r§r§2 §r§r§r§0 §r§r§r§0 §r§r§r§3 §r§r§r§9 §r§r§r§2 §r§r§r§0 §r§r§r§0 
00:02:57 [EMPTY] 
00:04:33 [EMPTY] §8 §r§8 §r§1 §r§3 §r§3 §r§7 §r§8 
00:04:35 [EMPTY] 
00:04:35 [EMPTY] 
00:06:54 [EMPTY] §8 §r§8 §r§1 §r§3 §r§3 §r§7 §r§8 
00:15:01 [SKYMALL] §bNew day! §r§eYour §r§2Sky Mall §r§ebuff changed!
00:15:01 [SKYMALL] §eNew buff§r§r§r: §r§fGain §r§6+50☘ Mining Fortune§r§f.
00:15:01 [SKYMALL] §8§oYou can disable this messaging by toggling Sky Mall in your /hotm!
00:26:50 [EMPTY] §f §r§r§r§f §r§r§r§1 §r§r§r§0 §r§r§r§2 §r§r§r§f §r§r§r§f §r§r§r§2 §r§r§r§0 §r§r§r§4 §r§r§r§3 §r§r§r§9 §r§r§r§2 §r§r§r§0 §r§r§r§0 §r§r§r§3 §r§r§r§9 §r§r§r§2 §r§r§r§0 §r§r§r§0 §r§r§r§3 §r§r§r§9 §r§r§r§2 §r§r§r§0 §r§r§r§0 
00:26:51 [EMPTY] 
00:33:58 [EMPTY] §f §r§r§r§f §r§r§r§1 §r§r§r§0 §r§r§r§2 §r§r§r§f §r§r§r§f §r§r§r§2 §r§r§r§0 §r§r§r§4 §r§r§r§3 §r§r§r§9 §r§r§r§2 §r§r§r§0 §r§r§r§0 §r§r§r§3 §r§r§r§9 §r§r§r§2 §r§r§r§0 §r§r§r§0 §r§r§r§3 §r§r§r§9 §r§r§r§2 §r§r§r§0 §r§r§r§0 
00:33:59 [EMPTY] 
00:34:25 [EMPTY] §8 §r§8 §r§1 §r§3 §r§3 §r§7 §r§8 
00:34:28 [EMPTY] 
00:34:28 [EMPTY] 
00:35:01 [SKYMALL] §bNew day! §r§eYour §r§2Sky Mall §r§ebuff changed!
00:35:01 [SKYMALL] §eNew buff§r§r§r: §r§fGain §r§6+100⸕ Mining Speed§r§f.
00:35:01 [SKYMALL] §8§oYou can disable this messaging by toggling Sky Mall in your /hotm!
00:46:04 [EMPTY] §8 §r§8 §r§1 §r§3 §r§3 §r§7 §r§8 
00:47:31 [EMPTY] 
00:49:08 [EMPTY] §f                                        
00:52:38 [EMPTY] 
00:52:38 [EMPTY] 
01:00:16 [EMPTY] §f
01:00:16 [EMPTY] §c
01:04:22 [EMPTY] 
01:09:12 [EMPTY] §f                                        
01:21:54 [EMPTY] 
01:21:54 [EMPTY] 
01:26:36 [EMPTY] 
01:27:17 [EMPTY] 
01:27:31 [EMPTY] 
01:28:32 [EMPTY] 
01:29:05 [EMPTY] §f                                        
01:40:21 [EMPTY] 
01:41:44 [EMPTY] 
01:42:35 [EMPTY] §f §r§r§r§f §r§r§r§1 §r§r§r§0 §r§r§r§2 §r§r§r§f §r§r§r§f §r§r§r§2 §r§r§r§0 §r§r§r§4 §r§r§r§3 §r§r§r§9 §r§r§r§2 §r§r§r§0 §r§r§r§0 §r§r§r§3 §r§r§r§9 §r§r§r§2 §r§r§r§0 §r§r§r§0 §r§r§r§3 §r§r§r§9 §r§r§r§2 §r§r§r§0 §r§r§r§0 
01:42:36 [EMPTY] 
01:43:39 [EMPTY] §8 §r§8 §r§1 §r§3 §r§3 §r§7 §r§8 
01:43:41 [EMPTY] 
01:43:41 [EMPTY] 
01:44:13 [EMPTY] §f                                        
01:44:13 [EMPTY] §f                                        
01:48:22 [EMPTY] 
01:48:22 [EMPTY] 
02:04:17 [EMPTY] §f                                        
02:16:43 [EMPTY] 
02:16:43 [EMPTY] 
02:16:58 [EMPTY] §8 §r§8 §r§1 §r§3 §r§3 §r§7 §r§8 
02:19:58 [EMPTY]  
02:19:58 [STASH_COMPACT] §f                §7You have §35,347 §7materials stashed away!
02:19:58 [STASH_COMPACT] §f              §8(This totals 3 types of materials stashed!)
02:19:58 [STASH_COMPACT] §f                §3§l>>> §3§lCLICK HERE§b to pick them up! §3§l<<<
02:19:58 [EMPTY]   
02:20:02 [EMPTY] 
02:20:59 [EMPTY]  
02:20:59 [STASH_COMPACT] §f                §7You have §37,898 §7materials stashed away!
02:20:59 [STASH_COMPACT] §f              §8(This totals 3 types of materials stashed!)
02:20:59 [STASH_COMPACT] §f                §3§l>>> §3§lCLICK HERE§b to pick them up! §3§l<<<
02:20:59 [EMPTY]   
02:21:59 [EMPTY]  
02:21:59 [STASH_COMPACT] §f                §7You have §37,898 §7materials stashed away!
02:21:59 [STASH_COMPACT] §f              §8(This totals 3 types of materials stashed!)
02:21:59 [STASH_COMPACT] §f                §3§l>>> §3§lCLICK HERE§b to pick them up! §3§l<<<
02:21:59 [EMPTY]   
02:22:06 [EMPTY] 
02:23:00 [EMPTY]  
02:23:00 [STASH_COMPACT] §f                §7You have §37,898 §7materials stashed away!
02:23:00 [STASH_COMPACT] §f              §8(This totals 3 types of materials stashed!)
02:23:00 [STASH_COMPACT] §f                §3§l>>> §3§lCLICK HERE§b to pick them up! §3§l<<<
02:23:00 [EMPTY]   
02:23:08 [EMPTY] §8 §r§8 §r§1 §r§3 §r§3 §r§7 §r§8 
02:23:12 [EMPTY]  
02:23:12 [STASH_COMPACT] §f                §7You have §37,898 §7materials stashed away!
02:23:12 [STASH_COMPACT] §f              §8(This totals 3 types of materials stashed!)
02:23:12 [STASH_COMPACT] §f                §3§l>>> §3§lCLICK HERE§b to pick them up! §3§l<<<
02:23:12 [EMPTY]   
02:23:13 [EMPTY]  
02:23:13 [STASH_COMPACT] §f                §7You have §37,898 §7materials stashed away!
02:23:13 [STASH_COMPACT] §f              §8(This totals 3 types of materials stashed!)
02:23:13 [STASH_COMPACT] §f                §3§l>>> §3§lCLICK HERE§b to pick them up! §3§l<<<
02:23:13 [EMPTY]   
02:23:35 [EMPTY] §8 §r§8 §r§1 §r§3 §r§3 §r§7 §r§8 
02:23:39 [EMPTY]  
02:23:39 [STASH_COMPACT] §f                §7You have §37,898 §7materials stashed away!
02:23:39 [STASH_COMPACT] §f              §8(This totals 3 types of materials stashed!)
02:23:39 [STASH_COMPACT] §f                §3§l>>> §3§lCLICK HERE§b to pick them up! §3§l<<<
02:23:39 [EMPTY]   
02:24:12 [EMPTY] §8 §r§8 §r§1 §r§3 §r§3 §r§7 §r§8 
02:24:16 [EMPTY]  
02:24:16 [STASH_COMPACT] §f                §7You have §37,898 §7materials stashed away!
02:24:16 [STASH_COMPACT] §f              §8(This totals 3 types of materials stashed!)
02:24:16 [STASH_COMPACT] §f                §3§l>>> §3§lCLICK HERE§b to pick them up! §3§l<<<
02:24:16 [EMPTY]   
02:25:09 [EMPTY]  
02:25:09 [STASH_COMPACT] §f                §7You have §37,898 §7materials stashed away!
02:25:09 [STASH_COMPACT] §f              §8(This totals 3 types of materials stashed!)
02:25:09 [STASH_COMPACT] §f                §3§l>>> §3§lCLICK HERE§b to pick them up! §3§l<<<
02:25:09 [EMPTY]   
02:26:10 [EMPTY]  
02:26:10 [STASH_COMPACT] §f                §7You have §37,898 §7materials stashed away!
02:26:10 [STASH_COMPACT] §f              §8(This totals 3 types of materials stashed!)
02:26:10 [STASH_COMPACT] §f                §3§l>>> §3§lCLICK HERE§b to pick them up! §3§l<<<
02:26:10 [EMPTY]   
02:27:11 [EMPTY]  
02:27:11 [STASH_COMPACT] §f                §7You have §37,898 §7materials stashed away!
02:27:11 [STASH_COMPACT] §f              §8(This totals 3 types of materials stashed!)
02:27:11 [STASH_COMPACT] §f                §3§l>>> §3§lCLICK HERE§b to pick them up! §3§l<<<
02:27:11 [EMPTY]   
02:28:12 [EMPTY]  
02:28:12 [STASH_COMPACT] §f                §7You have §37,898 §7materials stashed away!
02:28:12 [STASH_COMPACT] §f              §8(This totals 3 types of materials stashed!)
02:28:12 [STASH_COMPACT] §f                §3§l>>> §3§lCLICK HERE§b to pick them up! §3§l<<<
02:28:12 [EMPTY]   
02:29:13 [EMPTY]  
02:29:13 [STASH_COMPACT] §f                §7You have §37,898 §7materials stashed away!
02:29:13 [STASH_COMPACT] §f              §8(This totals 3 types of materials stashed!)
02:29:13 [STASH_COMPACT] §f                §3§l>>> §3§lCLICK HERE§b to pick them up! §3§l<<<
02:29:13 [EMPTY]   
02:30:13 [EMPTY]  
02:30:13 [STASH_COMPACT] §f                §7You have §37,898 §7materials stashed away!
02:30:13 [STASH_COMPACT] §f              §8(This totals 3 types of materials stashed!)
02:30:13 [STASH_COMPACT] §f                §3§l>>> §3§lCLICK HERE§b to pick them up! §3§l<<<
02:30:13 [EMPTY]   
02:31:14 [EMPTY]  
02:31:14 [STASH_COMPACT] §f                §7You have §37,898 §7materials stashed away!
02:31:14 [STASH_COMPACT] §f              §8(This totals 3 types of materials stashed!)
02:31:14 [STASH_COMPACT] §f                §3§l>>> §3§lCLICK HERE§b to pick them up! §3§l<<<
02:31:14 [EMPTY]   
02:32:15 [EMPTY]  
02:32:15 [STASH_COMPACT] §f                §7You have §37,898 §7materials stashed away!
02:32:15 [STASH_COMPACT] §f              §8(This totals 3 types of materials stashed!)
02:32:15 [STASH_COMPACT] §f                §3§l>>> §3§lCLICK HERE§b to pick them up! §3§l<<<
02:32:15 [EMPTY]   
02:33:16 [EMPTY]  
02:33:16 [STASH_COMPACT] §f                §7You have §37,898 §7materials stashed away!
02:33:16 [STASH_COMPACT] §f              §8(This totals 3 types of materials stashed!)
02:33:16 [STASH_COMPACT] §f                §3§l>>> §3§lCLICK HERE§b to pick them up! §3§l<<<
02:33:16 [EMPTY]   
02:34:16 [EMPTY]  
02:34:16 [STASH_COMPACT] §f                §7You have §37,898 §7materials stashed away!
02:34:16 [STASH_COMPACT] §f              §8(This totals 3 types of materials stashed!)
02:34:16 [STASH_COMPACT] §f                §3§l>>> §3§lCLICK HERE§b to pick them up! §3§l<<<
02:34:16 [EMPTY]   
02:35:01 [SKYMALL] §bNew day! §r§eYour §r§2Sky Mall §r§ebuff changed!
02:35:01 [SKYMALL] §eNew buff§r§r§r: §r§f§r§a-20%§r§f Pickaxe Ability cooldowns.
02:35:01 [SKYMALL] §8§oYou can disable this messaging by toggling Sky Mall in your /hotm!
02:35:17 [EMPTY]  
02:35:17 [STASH_COMPACT] §f                §7You have §37,898 §7materials stashed away!
02:35:17 [STASH_COMPACT] §f              §8(This totals 3 types of materials stashed!)
02:35:17 [STASH_COMPACT] §f                §3§l>>> §3§lCLICK HERE§b to pick them up! §3§l<<<
02:35:17 [EMPTY]   
02:36:18 [EMPTY]  
02:36:18 [STASH_COMPACT] §f                §7You have §37,898 §7materials stashed away!
02:36:18 [STASH_COMPACT] §f              §8(This totals 3 types of materials stashed!)
02:36:18 [STASH_COMPACT] §f                §3§l>>> §3§lCLICK HERE§b to pick them up! §3§l<<<
02:36:18 [EMPTY]   
02:37:18 [EMPTY]  
02:37:18 [STASH_COMPACT] §f                §7You have §37,898 §7materials stashed away!
02:37:18 [STASH_COMPACT] §f              §8(This totals 3 types of materials stashed!)
02:37:18 [STASH_COMPACT] §f                §3§l>>> §3§lCLICK HERE§b to pick them up! §3§l<<<
02:37:18 [EMPTY]   
02:38:19 [EMPTY]  
02:38:19 [STASH_COMPACT] §f                §7You have §37,898 §7materials stashed away!
02:38:19 [STASH_COMPACT] §f              §8(This totals 3 types of materials stashed!)
02:38:19 [STASH_COMPACT] §f                §3§l>>> §3§lCLICK HERE§b to pick them up! §3§l<<<
02:38:19 [EMPTY]   
02:39:20 [EMPTY]  
02:39:20 [STASH_COMPACT] §f                §7You have §37,898 §7materials stashed away!
02:39:20 [STASH_COMPACT] §f              §8(This totals 3 types of materials stashed!)
02:39:20 [STASH_COMPACT] §f                §3§l>>> §3§lCLICK HERE§b to pick them up! §3§l<<<
02:39:20 [EMPTY]   
02:40:21 [EMPTY]  
02:40:21 [STASH_COMPACT] §f                §7You have §37,898 §7materials stashed away!
02:40:21 [STASH_COMPACT] §f              §8(This totals 3 types of materials stashed!)
02:40:21 [STASH_COMPACT] §f                §3§l>>> §3§lCLICK HERE§b to pick them up! §3§l<<<
02:40:21 [EMPTY]   
02:41:22 [EMPTY]  
02:41:22 [STASH_COMPACT] §f                §7You have §37,898 §7materials stashed away!
02:41:22 [STASH_COMPACT] §f              §8(This totals 3 types of materials stashed!)
02:41:22 [STASH_COMPACT] §f                §3§l>>> §3§lCLICK HERE§b to pick them up! §3§l<<<
02:41:22 [EMPTY]   
02:41:36 [EMPTY] §f §r§r§r§f §r§r§r§1 §r§r§r§0 §r§r§r§2 §r§r§r§f §r§r§r§f §r§r§r§2 §r§r§r§0 §r§r§r§4 §r§r§r§3 §r§r§r§9 §r§r§r§2 §r§r§r§0 §r§r§r§0 §r§r§r§3 §r§r§r§9 §r§r§r§2 §r§r§r§0 §r§r§r§0 §r§r§r§3 §r§r§r§9 §r§r§r§2 §r§r§r§0 §r§r§r§0 
02:41:36 [EMPTY] 
03:00:16 [EMPTY] §f
03:00:16 [EMPTY] §c
03:03:11 [EMPTY] §f §r§r§r§f §r§r§r§1 §r§r§r§0 §r§r§r§2 §r§r§r§f §r§r§r§f §r§r§r§2 §r§r§r§0 §r§r§r§4 §r§r§r§3 §r§r§r§9 §r§r§r§2 §r§r§r§0 §r§r§r§0 §r§r§r§3 §r§r§r§9 §r§r§r§2 §r§r§r§0 §r§r§r§0 §r§r§r§3 §r§r§r§9 §r§r§r§2 §r§r§r§0 §r§r§r§0 
03:03:11 [EMPTY] 
03:03:21 [EMPTY] §8 §r§8 §r§1 §r§3 §r§3 §r§7 §r§8 
03:03:23 [EMPTY] 
03:03:23 [EMPTY] 
03:03:25 [EMPTY]  
03:03:25 [STASH_COMPACT] §f                §7You have §37,898 §7materials stashed away!
03:03:25 [STASH_COMPACT] §f              §8(This totals 3 types of materials stashed!)
03:03:25 [STASH_COMPACT] §f                §3§l>>> §3§lCLICK HERE§b to pick them up! §3§l<<<
03:03:25 [EMPTY]   
03:03:26 [SKYMALL] §bNew day! §r§eYour §r§2Sky Mall §r§ebuff changed!
03:03:26 [SKYMALL] §eNew buff§r§r§r: §r§f§r§a-20%§r§f Pickaxe Ability cooldowns.
03:03:26 [SKYMALL] §8§oYou can disable this messaging by toggling Sky Mall in your /hotm!
03:03:26 [EMPTY]  
03:03:26 [STASH_COMPACT] §f                §7You have §37,898 §7materials stashed away!
03:03:26 [STASH_COMPACT] §f              §8(This totals 3 types of materials stashed!)
03:03:26 [STASH_COMPACT] §f                §3§l>>> §3§lCLICK HERE§b to pick them up! §3§l<<<
03:03:26 [EMPTY]   
03:04:27 [EMPTY]  
03:04:27 [STASH_COMPACT] §f                §7You have §37,898 §7materials stashed away!
03:04:27 [STASH_COMPACT] §f              §8(This totals 3 types of materials stashed!)
03:04:27 [STASH_COMPACT] §f                §3§l>>> §3§lCLICK HERE§b to pick them up! §3§l<<<
03:04:27 [EMPTY]   
03:05:28 [EMPTY]  
03:05:28 [STASH_COMPACT] §f                §7You have §37,898 §7materials stashed away!
03:05:28 [STASH_COMPACT] §f              §8(This totals 3 types of materials stashed!)
03:05:28 [STASH_COMPACT] §f                §3§l>>> §3§lCLICK HERE§b to pick them up! §3§l<<<
03:05:28 [EMPTY]   
03:06:28 [EMPTY]  
03:06:28 [STASH_COMPACT] §f                §7You have §37,898 §7materials stashed away!
03:06:28 [STASH_COMPACT] §f              §8(This totals 3 types of materials stashed!)
03:06:28 [STASH_COMPACT] §f                §3§l>>> §3§lCLICK HERE§b to pick them up! §3§l<<<
03:06:28 [EMPTY]   
03:07:29 [EMPTY]  
03:07:29 [STASH_COMPACT] §f                §7You have §37,898 §7materials stashed away!
03:07:29 [STASH_COMPACT] §f              §8(This totals 3 types of materials stashed!)
03:07:29 [STASH_COMPACT] §f                §3§l>>> §3§lCLICK HERE§b to pick them up! §3§l<<<
03:07:29 [EMPTY]   
03:08:30 [EMPTY]  
03:08:30 [STASH_COMPACT] §f                §7You have §37,898 §7materials stashed away!
03:08:30 [STASH_COMPACT] §f              §8(This totals 3 types of materials stashed!)
03:08:30 [STASH_COMPACT] §f                §3§l>>> §3§lCLICK HERE§b to pick them up! §3§l<<<
03:08:30 [EMPTY]   
03:09:31 [EMPTY]  
03:09:31 [STASH_COMPACT] §f                §7You have §37,898 §7materials stashed away!
03:09:31 [STASH_COMPACT] §f              §8(This totals 3 types of materials stashed!)
03:09:31 [STASH_COMPACT] §f                §3§l>>> §3§lCLICK HERE§b to pick them up! §3§l<<<
03:09:31 [EMPTY]   
03:10:31 [EMPTY]  
03:10:31 [STASH_COMPACT] §f                §7You have §37,898 §7materials stashed away!
03:10:31 [STASH_COMPACT] §f              §8(This totals 3 types of materials stashed!)
03:10:31 [STASH_COMPACT] §f                §3§l>>> §3§lCLICK HERE§b to pick them up! §3§l<<<
03:10:31 [EMPTY]   
03:11:32 [EMPTY]  
03:11:32 [STASH_COMPACT] §f                §7You have §37,898 §7materials stashed away!
03:11:32 [STASH_COMPACT] §f              §8(This totals 3 types of materials stashed!)
03:11:32 [STASH_COMPACT] §f                §3§l>>> §3§lCLICK HERE§b to pick them up! §3§l<<<
03:11:32 [EMPTY]   
03:12:33 [EMPTY]  
03:12:33 [STASH_COMPACT] §f                §7You have §37,898 §7materials stashed away!
03:12:33 [STASH_COMPACT] §f              §8(This totals 3 types of materials stashed!)
03:12:33 [STASH_COMPACT] §f                §3§l>>> §3§lCLICK HERE§b to pick them up! §3§l<<<
03:12:33 [EMPTY]   
03:13:33 [EMPTY]  
03:13:33 [STASH_COMPACT] §f                §7You have §37,898 §7materials stashed away!
03:13:33 [STASH_COMPACT] §f              §8(This totals 3 types of materials stashed!)
03:13:33 [STASH_COMPACT] §f                §3§l>>> §3§lCLICK HERE§b to pick them up! §3§l<<<
03:13:33 [EMPTY]   
03:14:34 [EMPTY]  
03:14:34 [STASH_COMPACT] §f                §7You have §37,898 §7materials stashed away!
03:14:34 [STASH_COMPACT] §f              §8(This totals 3 types of materials stashed!)
03:14:34 [STASH_COMPACT] §f                §3§l>>> §3§lCLICK HERE§b to pick them up! §3§l<<<
03:14:34 [EMPTY]   
03:15:01 [SKYMALL] §bNew day! §r§eYour §r§2Sky Mall §r§ebuff changed!
03:15:01 [SKYMALL] §eNew buff§r§r§r: §r§f§r§a-20%§r§f Pickaxe Ability cooldowns.
03:15:01 [SKYMALL] §8§oYou can disable this messaging by toggling Sky Mall in your /hotm!
03:15:35 [EMPTY]  
03:15:35 [STASH_COMPACT] §f                §7You have §37,898 §7materials stashed away!
03:15:35 [STASH_COMPACT] §f              §8(This totals 3 types of materials stashed!)
03:15:35 [STASH_COMPACT] §f                §3§l>>> §3§lCLICK HERE§b to pick them up! §3§l<<<
03:15:35 [EMPTY]   
03:16:36 [EMPTY]  
03:16:36 [STASH_COMPACT] §f                §7You have §37,898 §7materials stashed away!
03:16:36 [STASH_COMPACT] §f              §8(This totals 3 types of materials stashed!)
03:16:36 [STASH_COMPACT] §f                §3§l>>> §3§lCLICK HERE§b to pick them up! §3§l<<<
03:16:36 [EMPTY]   
