10:46:49 [EMPTY] §f §r§r§r§f §r§r§r§1 §r§r§r§0 §r§r§r§2 §r§r§r§f §r§r§r§f §r§r§r§2 §r§r§r§0 §r§r§r§4 §r§r§r§3 §r§r§r§9 §r§r§r§2 §r§r§r§0 §r§r§r§0 §r§r§r§3 §r§r§r§9 §r§r§r§2 §r§r§r§0 §r§r§r§0 §r§r§r§3 §r§r§r§9 §r§r§r§2 §r§r§r§0 §r§r§r§0 
10:46:49 [EMPTY] 
10:46:53 [EMPTY] §8 §r§8 §r§1 §r§3 §r§3 §r§7 §r§8 
10:46:55 [EMPTY] 
10:46:55 [EMPTY] 
10:46:56 [EMPTY]  
10:46:56 [STASH_COMPACT] §f               §7You have §352,019 §7materials stashed away!
10:46:56 [STASH_COMPACT] §f              §8(This totals 5 types of materials stashed!)
10:46:56 [STASH_COMPACT] §f                §3§l>>> §3§lCLICK HERE§b to pick them up! §3§l<<<
10:46:56 [EMPTY]   
10:46:57 [EMPTY]  
10:46:57 [STASH_COMPACT] §f               §7You have §352,019 §7materials stashed away!
10:46:57 [STASH_COMPACT] §f              §8(This totals 5 types of materials stashed!)
10:46:57 [STASH_COMPACT] §f                §3§l>>> §3§lCLICK HERE§b to pick them up! §3§l<<<
10:46:57 [EMPTY]   
10:46:58 [SKYMALL] §bNew day! §r§eYour §r§2Sky Mall §r§ebuff changed!
10:46:58 [SKYMALL] §eNew buff§r§r§r: §r§fGain §r§a+15% §r§fmore Powder while mining.
10:46:58 [SKYMALL] §8§oYou can disable this messaging by toggling Sky Mall in your /hotm!
10:47:57 [EMPTY]  
10:47:57 [STASH_COMPACT] §f               §7You have §352,019 §7materials stashed away!
10:47:57 [STASH_COMPACT] §f              §8(This totals 5 types of materials stashed!)
10:47:57 [STASH_COMPACT] §f                §3§l>>> §3§lCLICK HERE§b to pick them up! §3§l<<<
10:47:57 [EMPTY]   
10:48:02 [EMPTY] §8 §r§8 §r§1 §r§3 §r§3 §r§7 §r§8 
10:48:06 [EMPTY]  
10:48:06 [STASH_COMPACT] §f               §7You have §352,019 §7materials stashed away!
10:48:06 [STASH_COMPACT] §f              §8(This totals 5 types of materials stashed!)
10:48:06 [STASH_COMPACT] §f                §3§l>>> §3§lCLICK HERE§b to pick them up! §3§l<<<
10:48:06 [EMPTY]   
10:48:31 [EMPTY]  
10:48:31 [STASH_COMPACT] §f               §7You have §352,019 §7materials stashed away!
10:48:31 [STASH_COMPACT] §f              §8(This totals 5 types of materials stashed!)
10:48:31 [STASH_COMPACT] §f                §3§l>>> §3§lCLICK HERE§b to pick them up! §3§l<<<
10:48:31 [EMPTY]   
10:49:32 [EMPTY]  
10:49:32 [STASH_COMPACT] §f               §7You have §352,019 §7materials stashed away!
10:49:32 [STASH_COMPACT] §f              §8(This totals 5 types of materials stashed!)
10:49:32 [STASH_COMPACT] §f                §3§l>>> §3§lCLICK HERE§b to pick them up! §3§l<<<
10:49:32 [EMPTY]   
10:50:33 [EMPTY]  
10:50:33 [STASH_COMPACT] §f               §7You have §352,019 §7materials stashed away!
10:50:33 [STASH_COMPACT] §f              §8(This totals 5 types of materials stashed!)
10:50:33 [STASH_COMPACT] §f                §3§l>>> §3§lCLICK HERE§b to pick them up! §3§l<<<
10:50:33 [EMPTY]   
10:50:45 [EMPTY] §8 §r§8 §r§1 §r§3 §r§3 §r§7 §r§8 
10:50:49 [EMPTY]  
10:50:49 [STASH_COMPACT] §f               §7You have §352,019 §7materials stashed away!
10:50:49 [STASH_COMPACT] §f              §8(This totals 5 types of materials stashed!)
10:50:49 [STASH_COMPACT] §f                §3§l>>> §3§lCLICK HERE§b to pick them up! §3§l<<<
10:50:49 [EMPTY]   
10:51:22 [EMPTY] §8 §r§8 §r§1 §r§3 §r§3 §r§7 §r§8 
10:51:25 [EMPTY]  
10:51:25 [STASH_COMPACT] §f               §7You have §352,019 §7materials stashed away!
10:51:25 [STASH_COMPACT] §f              §8(This totals 5 types of materials stashed!)
10:51:25 [STASH_COMPACT] §f                §3§l>>> §3§lCLICK HERE§b to pick them up! §3§l<<<
10:51:25 [EMPTY]   
10:51:26 [EMPTY]  
10:51:26 [STASH_COMPACT] §f               §7You have §352,019 §7materials stashed away!
10:51:26 [STASH_COMPACT] §f              §8(This totals 5 types of materials stashed!)
10:51:26 [STASH_COMPACT] §f                §3§l>>> §3§lCLICK HERE§b to pick them up! §3§l<<<
10:51:26 [EMPTY]   
10:51:51 [EMPTY] §8 §r§8 §r§1 §r§3 §r§3 §r§7 §r§8 
10:51:55 [EMPTY]  
10:51:55 [STASH_COMPACT] §f               §7You have §352,019 §7materials stashed away!
10:51:55 [STASH_COMPACT] §f              §8(This totals 5 types of materials stashed!)
10:51:55 [STASH_COMPACT] §f                §3§l>>> §3§lCLICK HERE§b to pick them up! §3§l<<<
10:51:55 [EMPTY]   
10:52:43 [EMPTY]  
10:52:43 [STASH_COMPACT] §f               §7You have §352,019 §7materials stashed away!
10:52:43 [STASH_COMPACT] §f              §8(This totals 5 types of materials stashed!)
10:52:43 [STASH_COMPACT] §f                §3§l>>> §3§lCLICK HERE§b to pick them up! §3§l<<<
10:52:43 [EMPTY]   
10:53:44 [EMPTY]  
10:53:44 [STASH_COMPACT] §f               §7You have §352,019 §7materials stashed away!
10:53:44 [STASH_COMPACT] §f              §8(This totals 5 types of materials stashed!)
10:53:44 [STASH_COMPACT] §f                §3§l>>> §3§lCLICK HERE§b to pick them up! §3§l<<<
10:53:44 [EMPTY]   
10:54:44 [EMPTY]  
10:54:44 [STASH_COMPACT] §f               §7You have §352,019 §7materials stashed away!
10:54:44 [STASH_COMPACT] §f              §8(This totals 5 types of materials stashed!)
10:54:44 [STASH_COMPACT] §f                §3§l>>> §3§lCLICK HERE§b to pick them up! §3§l<<<
10:54:44 [EMPTY]   
10:55:45 [EMPTY]  
10:55:45 [STASH_COMPACT] §f               §7You have §352,019 §7materials stashed away!
10:55:45 [STASH_COMPACT] §f              §8(This totals 5 types of materials stashed!)
10:55:45 [STASH_COMPACT] §f                §3§l>>> §3§lCLICK HERE§b to pick them up! §3§l<<<
10:55:45 [EMPTY]   
10:56:46 [EMPTY]  
10:56:46 [STASH_COMPACT] §f               §7You have §352,019 §7materials stashed away!
10:56:46 [STASH_COMPACT] §f              §8(This totals 5 types of materials stashed!)
10:56:46 [STASH_COMPACT] §f                §3§l>>> §3§lCLICK HERE§b to pick them up! §3§l<<<
10:56:46 [EMPTY]   
10:57:47 [EMPTY]  
10:57:47 [STASH_COMPACT] §f               §7You have §352,019 §7materials stashed away!
10:57:47 [STASH_COMPACT] §f              §8(This totals 5 types of materials stashed!)
10:57:47 [STASH_COMPACT] §f                §3§l>>> §3§lCLICK HERE§b to pick them up! §3§l<<<
10:57:47 [EMPTY]   
10:58:48 [EMPTY]  
10:58:48 [STASH_COMPACT] §f               §7You have §352,019 §7materials stashed away!
10:58:48 [STASH_COMPACT] §f              §8(This totals 5 types of materials stashed!)
10:58:48 [STASH_COMPACT] §f                §3§l>>> §3§lCLICK HERE§b to pick them up! §3§l<<<
10:58:48 [EMPTY]   
10:59:49 [EMPTY]  
10:59:49 [STASH_COMPACT] §f               §7You have §352,019 §7materials stashed away!
10:59:49 [STASH_COMPACT] §f              §8(This totals 5 types of materials stashed!)
10:59:49 [STASH_COMPACT] §f                §3§l>>> §3§lCLICK HERE§b to pick them up! §3§l<<<
10:59:49 [EMPTY]   
11:00:19 [EMPTY] 
11:00:49 [EMPTY]  
11:00:49 [STASH_COMPACT] §f               §7You have §352,019 §7materials stashed away!
11:00:49 [STASH_COMPACT] §f              §8(This totals 5 types of materials stashed!)
11:00:49 [STASH_COMPACT] §f                §3§l>>> §3§lCLICK HERE§b to pick them up! §3§l<<<
11:00:49 [EMPTY]   
11:01:44 [EMPTY] §f
11:01:44 [EMPTY] §c
11:01:50 [EMPTY]  
11:01:50 [STASH_COMPACT] §f               §7You have §352,019 §7materials stashed away!
11:01:50 [STASH_COMPACT] §f              §8(This totals 5 types of materials stashed!)
11:01:50 [STASH_COMPACT] §f                §3§l>>> §3§lCLICK HERE§b to pick them up! §3§l<<<
11:01:50 [EMPTY]   
11:02:08 [EMPTY] §f                                        
11:02:08 [EMPTY] §f                                        
11:02:51 [EMPTY]  
11:02:51 [STASH_COMPACT] §f               §7You have §352,019 §7materials stashed away!
11:02:51 [STASH_COMPACT] §f              §8(This totals 5 types of materials stashed!)
11:02:51 [STASH_COMPACT] §f                §3§l>>> §3§lCLICK HERE§b to pick them up! §3§l<<<
11:02:51 [EMPTY]   
11:03:52 [EMPTY]  
11:03:52 [STASH_COMPACT] §f               §7You have §352,019 §7materials stashed away!
11:03:52 [STASH_COMPACT] §f              §8(This totals 5 types of materials stashed!)
11:03:52 [STASH_COMPACT] §f                §3§l>>> §3§lCLICK HERE§b to pick them up! §3§l<<<
11:03:52 [EMPTY]   
11:04:52 [EMPTY]  
11:04:52 [STASH_COMPACT] §f               §7You have §352,019 §7materials stashed away!
11:04:52 [STASH_COMPACT] §f              §8(This totals 5 types of materials stashed!)
11:04:52 [STASH_COMPACT] §f                §3§l>>> §3§lCLICK HERE§b to pick them up! §3§l<<<
11:04:52 [EMPTY]   
11:05:53 [EMPTY]  
11:05:53 [STASH_COMPACT] §f               §7You have §352,019 §7materials stashed away!
11:05:53 [STASH_COMPACT] §f              §8(This totals 5 types of materials stashed!)
11:05:53 [STASH_COMPACT] §f                §3§l>>> §3§lCLICK HERE§b to pick them up! §3§l<<<
11:05:53 [EMPTY]   
11:06:53 [EMPTY]  
11:06:53 [STASH_COMPACT] §f               §7You have §352,019 §7materials stashed away!
11:06:53 [STASH_COMPACT] §f              §8(This totals 5 types of materials stashed!)
11:06:53 [STASH_COMPACT] §f                §3§l>>> §3§lCLICK HERE§b to pick them up! §3§l<<<
11:06:53 [EMPTY]   
11:07:54 [EMPTY]  
11:07:54 [STASH_COMPACT] §f               §7You have §352,019 §7materials stashed away!
11:07:54 [STASH_COMPACT] §f              §8(This totals 5 types of materials stashed!)
11:07:54 [STASH_COMPACT] §f                §3§l>>> §3§lCLICK HERE§b to pick them up! §3§l<<<
11:07:54 [EMPTY]   
11:08:55 [EMPTY]  
11:08:55 [STASH_COMPACT] §f               §7You have §352,019 §7materials stashed away!
11:08:55 [STASH_COMPACT] §f              §8(This totals 5 types of materials stashed!)
11:08:55 [STASH_COMPACT] §f                §3§l>>> §3§lCLICK HERE§b to pick them up! §3§l<<<
11:08:55 [EMPTY]   
11:08:59 [EMPTY] 
11:08:59 [EMPTY] 
11:09:56 [EMPTY]  
11:09:56 [STASH_COMPACT] §f               §7You have §352,019 §7materials stashed away!
11:09:56 [STASH_COMPACT] §f              §8(This totals 5 types of materials stashed!)
11:09:56 [STASH_COMPACT] §f                §3§l>>> §3§lCLICK HERE§b to pick them up! §3§l<<<
11:09:56 [EMPTY]   
11:10:57 [EMPTY]  
11:10:57 [STASH_COMPACT] §f               §7You have §352,019 §7materials stashed away!
11:10:57 [STASH_COMPACT] §f              §8(This totals 5 types of materials stashed!)
11:10:57 [STASH_COMPACT] §f                §3§l>>> §3§lCLICK HERE§b to pick them up! §3§l<<<
11:10:57 [EMPTY]   
11:11:57 [EMPTY]  
11:11:57 [STASH_COMPACT] §f               §7You have §352,019 §7materials stashed away!
11:11:57 [STASH_COMPACT] §f              §8(This totals 5 types of materials stashed!)
11:11:57 [STASH_COMPACT] §f                §3§l>>> §3§lCLICK HERE§b to pick them up! §3§l<<<
11:11:57 [EMPTY]   
11:12:58 [EMPTY]  
11:12:58 [STASH_COMPACT] §f               §7You have §352,019 §7materials stashed away!
11:12:58 [STASH_COMPACT] §f              §8(This totals 5 types of materials stashed!)
11:12:58 [STASH_COMPACT] §f                §3§l>>> §3§lCLICK HERE§b to pick them up! §3§l<<<
11:12:58 [EMPTY]   
11:13:59 [EMPTY]  
11:13:59 [STASH_COMPACT] §f               §7You have §352,019 §7materials stashed away!
11:13:59 [STASH_COMPACT] §f              §8(This totals 5 types of materials stashed!)
11:13:59 [STASH_COMPACT] §f                §3§l>>> §3§lCLICK HERE§b to pick them up! §3§l<<<
11:13:59 [EMPTY]   
11:14:07 [EMPTY] §8 §r§8 §r§1 §r§3 §r§3 §r§7 §r§8 
11:14:11 [EMPTY]  
11:14:11 [STASH_COMPACT] §f               §7You have §352,019 §7materials stashed away!
11:14:11 [STASH_COMPACT] §f              §8(This totals 5 types of materials stashed!)
11:14:11 [STASH_COMPACT] §f                §3§l>>> §3§lCLICK HERE§b to pick them up! §3§l<<<
11:14:11 [EMPTY]   
11:14:12 [EMPTY]  
11:14:12 [STASH_COMPACT] §f               §7You have §352,019 §7materials stashed away!
11:14:12 [STASH_COMPACT] §f              §8(This totals 5 types of materials stashed!)
11:14:12 [STASH_COMPACT] §f                §3§l>>> §3§lCLICK HERE§b to pick them up! §3§l<<<
11:14:12 [EMPTY]   
11:15:12 [EMPTY]  
11:15:12 [STASH_COMPACT] §f               §7You have §352,019 §7materials stashed away!
11:15:12 [STASH_COMPACT] §f              §8(This totals 5 types of materials stashed!)
11:15:12 [STASH_COMPACT] §f                §3§l>>> §3§lCLICK HERE§b to pick them up! §3§l<<<
11:15:12 [EMPTY]   
11:16:12 [EMPTY]  
11:16:12 [STASH_COMPACT] §f               §7You have §352,019 §7materials stashed away!
11:16:12 [STASH_COMPACT] §f              §8(This totals 5 types of materials stashed!)
11:16:12 [STASH_COMPACT] §f                §3§l>>> §3§lCLICK HERE§b to pick them up! §3§l<<<
11:16:12 [EMPTY]   
11:17:12 [EMPTY]  
11:17:12 [STASH_COMPACT] §f               §7You have §352,019 §7materials stashed away!
11:17:12 [STASH_COMPACT] §f              §8(This totals 5 types of materials stashed!)
11:17:12 [STASH_COMPACT] §f                §3§l>>> §3§lCLICK HERE§b to pick them up! §3§l<<<
11:17:12 [EMPTY]   
11:18:13 [EMPTY]  
11:18:13 [STASH_COMPACT] §f               §7You have §352,019 §7materials stashed away!
11:18:13 [STASH_COMPACT] §f              §8(This totals 5 types of materials stashed!)
11:18:13 [STASH_COMPACT] §f                §3§l>>> §3§lCLICK HERE§b to pick them up! §3§l<<<
11:18:13 [EMPTY]   
11:19:13 [EMPTY]  
11:19:13 [STASH_COMPACT] §f               §7You have §352,019 §7materials stashed away!
11:19:13 [STASH_COMPACT] §f              §8(This totals 5 types of materials stashed!)
11:19:13 [STASH_COMPACT] §f                §3§l>>> §3§lCLICK HERE§b to pick them up! §3§l<<<
11:19:13 [EMPTY]   
11:20:13 [EMPTY]  
11:20:13 [STASH_COMPACT] §f               §7You have §352,019 §7materials stashed away!
11:20:13 [STASH_COMPACT] §f              §8(This totals 5 types of materials stashed!)
11:20:13 [STASH_COMPACT] §f                §3§l>>> §3§lCLICK HERE§b to pick them up! §3§l<<<
11:20:13 [EMPTY]   
11:21:13 [EMPTY]  
11:21:13 [STASH_COMPACT] §f               §7You have §352,019 §7materials stashed away!
11:21:13 [STASH_COMPACT] §f              §8(This totals 5 types of materials stashed!)
11:21:13 [STASH_COMPACT] §f                §3§l>>> §3§lCLICK HERE§b to pick them up! §3§l<<<
11:21:13 [EMPTY]   
11:22:14 [EMPTY]  
11:22:14 [STASH_COMPACT] §f               §7You have §352,019 §7materials stashed away!
11:22:14 [STASH_COMPACT] §f              §8(This totals 5 types of materials stashed!)
11:22:14 [STASH_COMPACT] §f                §3§l>>> §3§lCLICK HERE§b to pick them up! §3§l<<<
11:22:14 [EMPTY]   
11:23:14 [EMPTY]  
11:23:14 [STASH_COMPACT] §f               §7You have §352,019 §7materials stashed away!
11:23:14 [STASH_COMPACT] §f              §8(This totals 5 types of materials stashed!)
11:23:14 [STASH_COMPACT] §f                §3§l>>> §3§lCLICK HERE§b to pick them up! §3§l<<<
11:23:14 [EMPTY]   
11:24:14 [EMPTY]  
11:24:14 [STASH_COMPACT] §f               §7You have §352,019 §7materials stashed away!
11:24:14 [STASH_COMPACT] §f              §8(This totals 5 types of materials stashed!)
11:24:14 [STASH_COMPACT] §f                §3§l>>> §3§lCLICK HERE§b to pick them up! §3§l<<<
11:24:14 [EMPTY]   
11:25:15 [EMPTY]  
11:25:15 [STASH_COMPACT] §f               §7You have §352,019 §7materials stashed away!
11:25:15 [STASH_COMPACT] §f              §8(This totals 5 types of materials stashed!)
11:25:15 [STASH_COMPACT] §f                §3§l>>> §3§lCLICK HERE§b to pick them up! §3§l<<<
11:25:15 [EMPTY]   
11:26:15 [EMPTY]  
11:26:15 [STASH_COMPACT] §f               §7You have §352,019 §7materials stashed away!
11:26:15 [STASH_COMPACT] §f              §8(This totals 5 types of materials stashed!)
11:26:15 [STASH_COMPACT] §f                §3§l>>> §3§lCLICK HERE§b to pick them up! §3§l<<<
11:26:15 [EMPTY]   
11:26:17 [EMPTY] §8 §r§8 §r§1 §r§3 §r§3 §r§7 §r§8 
11:26:18 [EMPTY]  
11:26:18 [STASH_COMPACT] §f               §7You have §352,019 §7materials stashed away!
11:26:18 [STASH_COMPACT] §f              §8(This totals 5 types of materials stashed!)
11:26:18 [STASH_COMPACT] §f                §3§l>>> §3§lCLICK HERE§b to pick them up! §3§l<<<
11:26:18 [EMPTY]   
11:26:21 [EMPTY]  
11:26:21 [STASH_COMPACT] §f               §7You have §352,019 §7materials stashed away!
11:26:21 [STASH_COMPACT] §f              §8(This totals 5 types of materials stashed!)
11:26:21 [STASH_COMPACT] §f                §3§l>>> §3§lCLICK HERE§b to pick them up! §3§l<<<
11:26:21 [EMPTY]   
11:27:19 [EMPTY]  
11:27:19 [STASH_COMPACT] §f               §7You have §352,019 §7materials stashed away!
11:27:19 [STASH_COMPACT] §f              §8(This totals 5 types of materials stashed!)
11:27:19 [STASH_COMPACT] §f                §3§l>>> §3§lCLICK HERE§b to pick them up! §3§l<<<
11:27:19 [EMPTY]   
11:28:19 [EMPTY]  
11:28:19 [STASH_COMPACT] §f               §7You have §352,019 §7materials stashed away!
11:28:19 [STASH_COMPACT] §f              §8(This totals 5 types of materials stashed!)
11:28:19 [STASH_COMPACT] §f                §3§l>>> §3§lCLICK HERE§b to pick them up! §3§l<<<
11:28:19 [EMPTY]   
11:29:20 [EMPTY]  
11:29:20 [STASH_COMPACT] §f               §7You have §352,019 §7materials stashed away!
11:29:20 [STASH_COMPACT] §f              §8(This totals 5 types of materials stashed!)
11:29:20 [STASH_COMPACT] §f                §3§l>>> §3§lCLICK HERE§b to pick them up! §3§l<<<
11:29:20 [EMPTY]   
11:30:21 [EMPTY]  
11:30:21 [STASH_COMPACT] §f               §7You have §352,019 §7materials stashed away!
11:30:21 [STASH_COMPACT] §f              §8(This totals 5 types of materials stashed!)
11:30:21 [STASH_COMPACT] §f                §3§l>>> §3§lCLICK HERE§b to pick them up! §3§l<<<
11:30:21 [EMPTY]   
11:38:03 [EMPTY] §f §r§r§r§f §r§r§r§1 §r§r§r§0 §r§r§r§2 §r§r§r§f §r§r§r§f §r§r§r§2 §r§r§r§0 §r§r§r§4 §r§r§r§3 §r§r§r§9 §r§r§r§2 §r§r§r§0 §r§r§r§0 §r§r§r§3 §r§r§r§9 §r§r§r§2 §r§r§r§0 §r§r§r§0 §r§r§r§3 §r§r§r§9 §r§r§r§2 §r§r§r§0 §r§r§r§0 
11:38:03 [EMPTY] 
11:39:35 [EMPTY] §8 §r§8 §r§1 §r§3 §r§3 §r§7 §r§8 
11:39:37 [EMPTY] 
11:39:37 [EMPTY] 
11:39:38 [EMPTY]  
11:39:38 [STASH_COMPACT] §f               §7You have §352,019 §7materials stashed away!
11:39:38 [STASH_COMPACT] §f              §8(This totals 5 types of materials stashed!)
11:39:38 [STASH_COMPACT] §f                §3§l>>> §3§lCLICK HERE§b to pick them up! §3§l<<<
11:39:38 [EMPTY]   
11:39:55 [EMPTY] §8 §r§8 §r§1 §r§3 §r§3 §r§7 §r§8 
11:39:59 [EMPTY]  
11:39:59 [STASH_COMPACT] §f               §7You have §352,019 §7materials stashed away!
11:39:59 [STASH_COMPACT] §f              §8(This totals 5 types of materials stashed!)
11:39:59 [STASH_COMPACT] §f                §3§l>>> §3§lCLICK HERE§b to pick them up! §3§l<<<
11:39:59 [EMPTY]   
11:40:00 [EMPTY]  
11:40:00 [STASH_COMPACT] §f               §7You have §352,019 §7materials stashed away!
11:40:00 [STASH_COMPACT] §f              §8(This totals 5 types of materials stashed!)
11:40:00 [STASH_COMPACT] §f                §3§l>>> §3§lCLICK HERE§b to pick them up! §3§l<<<
11:40:00 [EMPTY]   
11:40:05 [EMPTY] 
11:40:05 [EMPTY] 
11:40:05 [EMPTY] 
11:41:00 [EMPTY]  
11:41:00 [STASH_COMPACT] §f               §7You have §352,019 §7materials stashed away!
11:41:00 [STASH_COMPACT] §f              §8(This totals 5 types of materials stashed!)
11:41:00 [STASH_COMPACT] §f                §3§l>>> §3§lCLICK HERE§b to pick them up! §3§l<<<
11:41:00 [EMPTY]   
11:42:00 [EMPTY]  
11:42:00 [STASH_COMPACT] §f               §7You have §352,019 §7materials stashed away!
11:42:00 [STASH_COMPACT] §f              §8(This totals 5 types of materials stashed!)
11:42:00 [STASH_COMPACT] §f                §3§l>>> §3§lCLICK HERE§b to pick them up! §3§l<<<
11:42:00 [EMPTY]   
11:43:01 [EMPTY]  
11:43:01 [STASH_COMPACT] §f               §7You have §352,019 §7materials stashed away!
11:43:01 [STASH_COMPACT] §f              §8(This totals 5 types of materials stashed!)
11:43:01 [STASH_COMPACT] §f                §3§l>>> §3§lCLICK HERE§b to pick them up! §3§l<<<
11:43:01 [EMPTY]   
11:43:59 [EMPTY] §8 §r§8 §r§1 §r§3 §r§3 §r§7 §r§8 
11:44:00 [EMPTY]  
11:44:00 [STASH_COMPACT] §f               §7You have §352,019 §7materials stashed away!
11:44:00 [STASH_COMPACT] §f              §8(This totals 5 types of materials stashed!)
11:44:00 [STASH_COMPACT] §f                §3§l>>> §3§lCLICK HERE§b to pick them up! §3§l<<<
11:44:00 [EMPTY]   
11:44:03 [EMPTY]  
11:44:03 [STASH_COMPACT] §f               §7You have §352,019 §7materials stashed away!
11:44:03 [STASH_COMPACT] §f              §8(This totals 5 types of materials stashed!)
11:44:03 [STASH_COMPACT] §f                §3§l>>> §3§lCLICK HERE§b to pick them up! §3§l<<<
11:44:03 [EMPTY]   
11:44:45 [EMPTY] §8 §r§8 §r§1 §r§3 §r§3 §r§7 §r§8 
11:44:49 [EMPTY]  
11:44:49 [STASH_COMPACT] §f               §7You have §352,019 §7materials stashed away!
11:44:49 [STASH_COMPACT] §f              §8(This totals 5 types of materials stashed!)
11:44:49 [STASH_COMPACT] §f                §3§l>>> §3§lCLICK HERE§b to pick them up! §3§l<<<
11:44:49 [EMPTY]   
11:45:28 [EMPTY] §8 §r§8 §r§1 §r§3 §r§3 §r§7 §r§8 
11:45:31 [EMPTY]  
11:45:31 [STASH_COMPACT] §f               §7You have §352,019 §7materials stashed away!
11:45:31 [STASH_COMPACT] §f              §8(This totals 5 types of materials stashed!)
11:45:31 [STASH_COMPACT] §f                §3§l>>> §3§lCLICK HERE§b to pick them up! §3§l<<<
11:45:31 [EMPTY]   
11:45:40 [EMPTY] 
11:46:16 [EMPTY]  
11:46:16 [STASH_COMPACT] §f               §7You have §352,019 §7materials stashed away!
11:46:16 [STASH_COMPACT] §f              §8(This totals 5 types of materials stashed!)
11:46:16 [STASH_COMPACT] §f                §3§l>>> §3§lCLICK HERE§b to pick them up! §3§l<<<
11:46:16 [EMPTY]   
11:46:51 [EMPTY] §8 §r§8 §r§1 §r§3 §r§3 §r§7 §r§8 
11:46:55 [EMPTY]  
11:46:55 [STASH_COMPACT] §f               §7You have §352,019 §7materials stashed away!
11:46:55 [STASH_COMPACT] §f              §8(This totals 5 types of materials stashed!)
11:46:55 [STASH_COMPACT] §f                §3§l>>> §3§lCLICK HERE§b to pick them up! §3§l<<<
11:46:55 [EMPTY]   
11:47:01 [EMPTY] §8 §r§8 §r§1 §r§3 §r§3 §r§7 §r§8 
11:47:05 [EMPTY]  
11:47:05 [STASH_COMPACT] §f               §7You have §352,019 §7materials stashed away!
11:47:05 [STASH_COMPACT] §f              §8(This totals 5 types of materials stashed!)
11:47:05 [STASH_COMPACT] §f                §3§l>>> §3§lCLICK HERE§b to pick them up! §3§l<<<
11:47:05 [EMPTY]   
11:47:21 [EMPTY] 
11:47:32 [EMPTY] 
11:47:33 [EMPTY]  
11:47:33 [STASH_COMPACT] §f               §7You have §352,019 §7materials stashed away!
11:47:33 [STASH_COMPACT] §f              §8(This totals 5 types of materials stashed!)
11:47:33 [STASH_COMPACT] §f                §3§l>>> §3§lCLICK HERE§b to pick them up! §3§l<<<
11:47:33 [EMPTY]   
11:47:59 [EMPTY] 
11:48:03 [EMPTY] §8 §r§8 §r§1 §r§3 §r§3 §r§7 §r§8 
11:48:07 [EMPTY]  
11:48:07 [STASH_COMPACT] §f               §7You have §352,019 §7materials stashed away!
11:48:07 [STASH_COMPACT] §f              §8(This totals 5 types of materials stashed!)
11:48:07 [STASH_COMPACT] §f                §3§l>>> §3§lCLICK HERE§b to pick them up! §3§l<<<
11:48:07 [EMPTY]   
11:48:43 [EMPTY]  
11:48:43 [STASH_COMPACT] §f               §7You have §352,019 §7materials stashed away!
11:48:43 [STASH_COMPACT] §f              §8(This totals 5 types of materials stashed!)
11:48:43 [STASH_COMPACT] §f                §3§l>>> §3§lCLICK HERE§b to pick them up! §3§l<<<
11:48:43 [EMPTY]   
11:49:44 [EMPTY]  
11:49:44 [STASH_COMPACT] §f               §7You have §352,019 §7materials stashed away!
11:49:44 [STASH_COMPACT] §f              §8(This totals 5 types of materials stashed!)
11:49:44 [STASH_COMPACT] §f                §3§l>>> §3§lCLICK HERE§b to pick them up! §3§l<<<
11:49:44 [EMPTY]   
11:50:44 [EMPTY]  
11:50:44 [STASH_COMPACT] §f               §7You have §352,019 §7materials stashed away!
11:50:44 [STASH_COMPACT] §f              §8(This totals 5 types of materials stashed!)
11:50:44 [STASH_COMPACT] §f                §3§l>>> §3§lCLICK HERE§b to pick them up! §3§l<<<
11:50:44 [EMPTY]   
11:51:45 [EMPTY]  
11:51:45 [STASH_COMPACT] §f               §7You have §352,019 §7materials stashed away!
11:51:45 [STASH_COMPACT] §f              §8(This totals 5 types of materials stashed!)
11:51:45 [STASH_COMPACT] §f                §3§l>>> §3§lCLICK HERE§b to pick them up! §3§l<<<
11:51:45 [EMPTY]   
11:52:14 [EMPTY] §8 §r§8 §r§1 §r§3 §r§3 §r§7 §r§8 
11:52:18 [EMPTY]  
11:52:18 [STASH_COMPACT] §f               §7You have §352,019 §7materials stashed away!
11:52:18 [STASH_COMPACT] §f              §8(This totals 5 types of materials stashed!)
11:52:18 [STASH_COMPACT] §f                §3§l>>> §3§lCLICK HERE§b to pick them up! §3§l<<<
11:52:18 [EMPTY]   
11:52:49 [EMPTY]  
11:52:49 [STASH_COMPACT] §f               §7You have §352,537 §7materials stashed away!
11:52:49 [STASH_COMPACT] §f              §8(This totals 5 types of materials stashed!)
11:52:49 [STASH_COMPACT] §f                §3§l>>> §3§lCLICK HERE§b to pick them up! §3§l<<<
11:52:49 [EMPTY]   
11:53:49 [EMPTY] §8 §r§8 §r§1 §r§3 §r§3 §r§7 §r§8 
11:53:52 [EMPTY]  
11:53:52 [STASH_COMPACT] §f               §7You have §353,577 §7materials stashed away!
11:53:52 [STASH_COMPACT] §f              §8(This totals 5 types of materials stashed!)
11:53:52 [STASH_COMPACT] §f                §3§l>>> §3§lCLICK HERE§b to pick them up! §3§l<<<
11:53:52 [EMPTY]   
11:53:55 [EMPTY]  
11:53:55 [STASH_COMPACT] §f               §7You have §353,577 §7materials stashed away!
11:53:55 [STASH_COMPACT] §f              §8(This totals 5 types of materials stashed!)
11:53:55 [STASH_COMPACT] §f                §3§l>>> §3§lCLICK HERE§b to pick them up! §3§l<<<
11:53:55 [EMPTY]   
11:54:44 [EMPTY] §8 §r§8 §r§1 §r§3 §r§3 §r§7 §r§8 
11:54:44 [EMPTY] §f                                        
11:54:48 [EMPTY]  
11:54:48 [STASH_COMPACT] §f               §7You have §353,577 §7materials stashed away!
11:54:48 [STASH_COMPACT] §f              §8(This totals 5 types of materials stashed!)
11:54:48 [STASH_COMPACT] §f                §3§l>>> §3§lCLICK HERE§b to pick them up! §3§l<<<
11:54:48 [EMPTY]   
11:55:02 [EMPTY] 
11:55:18 [EMPTY] 
11:55:41 [EMPTY] §8 §r§8 §r§1 §r§3 §r§3 §r§7 §r§8 
11:55:45 [EMPTY]  
11:55:45 [STASH_COMPACT] §f               §7You have §353,577 §7materials stashed away!
11:55:45 [STASH_COMPACT] §f              §8(This totals 5 types of materials stashed!)
11:55:45 [STASH_COMPACT] §f                §3§l>>> §3§lCLICK HERE§b to pick them up! §3§l<<<
11:55:45 [EMPTY]   
11:56:07 [EMPTY] §8 §r§8 §r§1 §r§3 §r§3 §r§7 §r§8 
11:56:07 [EMPTY] §f                                        
11:56:11 [EMPTY]  
11:56:11 [STASH_COMPACT] §f               §7You have §353,577 §7materials stashed away!
11:56:11 [STASH_COMPACT] §f              §8(This totals 5 types of materials stashed!)
11:56:11 [STASH_COMPACT] §f                §3§l>>> §3§lCLICK HERE§b to pick them up! §3§l<<<
11:56:11 [EMPTY]   
11:56:13 [EMPTY] 
11:57:03 [EMPTY]  
11:57:03 [STASH_COMPACT] §f               §7You have §355,772 §7materials stashed away!
11:57:03 [STASH_COMPACT] §f              §8(This totals 6 types of materials stashed!)
11:57:03 [STASH_COMPACT] §f                §3§l>>> §3§lCLICK HERE§b to pick them up! §3§l<<<
11:57:03 [EMPTY]   
11:57:13 [EMPTY] §8 §r§8 §r§1 §r§3 §r§3 §r§7 §r§8 
11:57:17 [EMPTY]  
11:57:17 [STASH_COMPACT] §f               §7You have §355,772 §7materials stashed away!
11:57:17 [STASH_COMPACT] §f              §8(This totals 6 types of materials stashed!)
11:57:17 [STASH_COMPACT] §f                §3§l>>> §3§lCLICK HERE§b to pick them up! §3§l<<<
11:57:17 [EMPTY]   
11:57:41 [EMPTY]  
11:57:41 [STASH_COMPACT] §f               §7You have §355,772 §7materials stashed away!
11:57:41 [STASH_COMPACT] §f              §8(This totals 6 types of materials stashed!)
11:57:41 [STASH_COMPACT] §f                §3§l>>> §3§lCLICK HERE§b to pick them up! §3§l<<<
11:57:41 [EMPTY]   
11:58:19 [EMPTY] §8 §r§8 §r§1 §r§3 §r§3 §r§7 §r§8 
11:58:23 [EMPTY]  
11:58:23 [STASH_COMPACT] §f               §7You have §355,772 §7materials stashed away!
11:58:23 [STASH_COMPACT] §f              §8(This totals 6 types of materials stashed!)
11:58:23 [STASH_COMPACT] §f                §3§l>>> §3§lCLICK HERE§b to pick them up! §3§l<<<
11:58:23 [EMPTY]   
11:58:27 [EMPTY] 
11:58:31 [EMPTY] 
11:59:02 [EMPTY] §8 §r§8 §r§1 §r§3 §r§3 §r§7 §r§8 
11:59:06 [EMPTY]  
11:59:06 [STASH_COMPACT] §f               §7You have §355,772 §7materials stashed away!
11:59:06 [STASH_COMPACT] §f              §8(This totals 6 types of materials stashed!)
11:59:06 [STASH_COMPACT] §f                §3§l>>> §3§lCLICK HERE§b to pick them up! §3§l<<<
11:59:06 [EMPTY]   
11:59:28 [EMPTY]  
11:59:28 [STASH_COMPACT] §f               §7You have §355,772 §7materials stashed away!
11:59:28 [STASH_COMPACT] §f              §8(This totals 6 types of materials stashed!)
11:59:28 [STASH_COMPACT] §f                §3§l>>> §3§lCLICK HERE§b to pick them up! §3§l<<<
11:59:28 [EMPTY]   
11:59:40 [EMPTY] §8 §r§8 §r§1 §r§3 §r§3 §r§7 §r§8 
11:59:44 [EMPTY]  
11:59:44 [STASH_COMPACT] §f               §7You have §355,772 §7materials stashed away!
11:59:44 [STASH_COMPACT] §f              §8(This totals 6 types of materials stashed!)
11:59:44 [STASH_COMPACT] §f                §3§l>>> §3§lCLICK HERE§b to pick them up! §3§l<<<
11:59:44 [EMPTY]   
12:00:10 [EMPTY] 
12:00:37 [EMPTY]  
12:00:37 [STASH_COMPACT] §f               §7You have §356,580 §7materials stashed away!
12:00:37 [STASH_COMPACT] §f              §8(This totals 6 types of materials stashed!)
12:00:37 [STASH_COMPACT] §f                §3§l>>> §3§lCLICK HERE§b to pick them up! §3§l<<<
12:00:37 [EMPTY]   
12:00:49 [EMPTY] 
12:00:52 [EMPTY] §8 §r§8 §r§1 §r§3 §r§3 §r§7 §r§8 
12:00:56 [EMPTY]  
12:00:56 [STASH_COMPACT] §f               §7You have §356,580 §7materials stashed away!
12:00:56 [STASH_COMPACT] §f              §8(This totals 6 types of materials stashed!)
12:00:56 [STASH_COMPACT] §f                §3§l>>> §3§lCLICK HERE§b to pick them up! §3§l<<<
12:00:56 [EMPTY]   
12:01:42 [EMPTY]  
12:01:42 [STASH_COMPACT] §f               §7You have §356,580 §7materials stashed away!
12:01:42 [STASH_COMPACT] §f              §8(This totals 6 types of materials stashed!)
12:01:42 [STASH_COMPACT] §f                §3§l>>> §3§lCLICK HERE§b to pick them up! §3§l<<<
12:01:42 [EMPTY]   
12:02:42 [EMPTY]  
12:02:42 [STASH_COMPACT] §f               §7You have §356,580 §7materials stashed away!
12:02:42 [STASH_COMPACT] §f              §8(This totals 6 types of materials stashed!)
12:02:42 [STASH_COMPACT] §f                §3§l>>> §3§lCLICK HERE§b to pick them up! §3§l<<<
12:02:42 [EMPTY]   
12:03:28 [EMPTY] §8 §r§8 §r§1 §r§3 §r§3 §r§7 §r§8 
12:03:32 [EMPTY]  
12:03:32 [STASH_COMPACT] §f               §7You have §357,245 §7materials stashed away!
12:03:32 [STASH_COMPACT] §f              §8(This totals 6 types of materials stashed!)
12:03:32 [STASH_COMPACT] §f                §3§l>>> §3§lCLICK HERE§b to pick them up! §3§l<<<
12:03:32 [EMPTY]   
12:03:41 [EMPTY] 
12:04:12 [EMPTY] 
12:04:23 [EMPTY] §8 §r§8 §r§1 §r§3 §r§3 §r§7 §r§8 
12:04:27 [EMPTY]  
12:04:27 [STASH_COMPACT] §f               §7You have §357,748 §7materials stashed away!
12:04:27 [STASH_COMPACT] §f              §8(This totals 6 types of materials stashed!)
12:04:27 [STASH_COMPACT] §f                §3§l>>> §3§lCLICK HERE§b to pick them up! §3§l<<<
12:04:27 [EMPTY]   
12:04:40 [EMPTY] §8 §r§8 §r§1 §r§3 §r§3 §r§7 §r§8 
12:04:44 [EMPTY]  
12:04:44 [STASH_COMPACT] §f               §7You have §357,748 §7materials stashed away!
12:04:44 [STASH_COMPACT] §f              §8(This totals 6 types of materials stashed!)
12:04:44 [STASH_COMPACT] §f                §3§l>>> §3§lCLICK HERE§b to pick them up! §3§l<<<
12:04:44 [EMPTY]   
12:04:45 [EMPTY]  
12:04:45 [STASH_COMPACT] §f               §7You have §357,748 §7materials stashed away!
12:04:45 [STASH_COMPACT] §f              §8(This totals 6 types of materials stashed!)
12:04:45 [STASH_COMPACT] §f                §3§l>>> §3§lCLICK HERE§b to pick them up! §3§l<<<
12:04:45 [EMPTY]   
12:05:22 [EMPTY] §8 §r§8 §r§1 §r§3 §r§3 §r§7 §r§8 
12:05:25 [EMPTY]  
12:05:25 [STASH_COMPACT] §f               §7You have §358,529 §7materials stashed away!
12:05:25 [STASH_COMPACT] §f              §8(This totals 6 types of materials stashed!)
12:05:25 [STASH_COMPACT] §f                §3§l>>> §3§lCLICK HERE§b to pick them up! §3§l<<<
12:05:25 [EMPTY]   
12:05:43 [EMPTY]  
12:05:43 [STASH_COMPACT] §f               §7You have §358,529 §7materials stashed away!
12:05:44 [STASH_COMPACT] §f              §8(This totals 6 types of materials stashed!)
12:05:44 [STASH_COMPACT] §f                §3§l>>> §3§lCLICK HERE§b to pick them up! §3§l<<<
12:05:44 [EMPTY]   
12:06:44 [EMPTY]  
12:06:44 [STASH_COMPACT] §f               §7You have §358,529 §7materials stashed away!
12:06:44 [STASH_COMPACT] §f              §8(This totals 6 types of materials stashed!)
12:06:44 [STASH_COMPACT] §f                §3§l>>> §3§lCLICK HERE§b to pick them up! §3§l<<<
12:06:44 [EMPTY]   
12:07:45 [EMPTY]  
12:07:45 [STASH_COMPACT] §f               §7You have §358,578 §7materials stashed away!
12:07:45 [STASH_COMPACT] §f              §8(This totals 6 types of materials stashed!)
12:07:45 [STASH_COMPACT] §f                §3§l>>> §3§lCLICK HERE§b to pick them up! §3§l<<<
12:07:45 [EMPTY]   
12:08:15 [EMPTY] §8 §r§8 §r§1 §r§3 §r§3 §r§7 §r§8 
12:08:18 [EMPTY]  
12:08:18 [STASH_COMPACT] §f               §7You have §358,578 §7materials stashed away!
12:08:18 [STASH_COMPACT] §f              §8(This totals 6 types of materials stashed!)
12:08:18 [STASH_COMPACT] §f                §3§l>>> §3§lCLICK HERE§b to pick them up! §3§l<<<
12:08:18 [EMPTY]   
12:08:25 [EMPTY] 
12:08:37 [EMPTY] 
12:08:53 [EMPTY] 
12:09:06 [EMPTY] 
12:09:06 [EMPTY] 
12:09:10 [EMPTY]  
12:09:10 [STASH_COMPACT] §f               §7You have §360,502 §7materials stashed away!
12:09:10 [STASH_COMPACT] §f              §8(This totals 6 types of materials stashed!)
12:09:10 [STASH_COMPACT] §f                §3§l>>> §3§lCLICK HERE§b to pick them up! §3§l<<<
12:09:10 [EMPTY]   
12:10:10 [EMPTY]  
12:10:10 [STASH_COMPACT] §f               §7You have §360,502 §7materials stashed away!
12:10:10 [STASH_COMPACT] §f              §8(This totals 6 types of materials stashed!)
12:10:10 [STASH_COMPACT] §f                §3§l>>> §3§lCLICK HERE§b to pick them up! §3§l<<<
12:10:10 [EMPTY]   
12:10:15 [EMPTY] §8 §r§8 §r§1 §r§3 §r§3 §r§7 §r§8 
12:10:19 [EMPTY]  
12:10:19 [STASH_COMPACT] §f               §7You have §360,502 §7materials stashed away!
12:10:19 [STASH_COMPACT] §f              §8(This totals 6 types of materials stashed!)
12:10:19 [STASH_COMPACT] §f                §3§l>>> §3§lCLICK HERE§b to pick them up! §3§l<<<
12:10:19 [EMPTY]   
12:10:24 [EMPTY]  
12:10:24 [STASH_COMPACT] §f               §7You have §360,502 §7materials stashed away!
12:10:24 [STASH_COMPACT] §f              §8(This totals 6 types of materials stashed!)
12:10:24 [STASH_COMPACT] §f                §3§l>>> §3§lCLICK HERE§b to pick them up! §3§l<<<
12:10:24 [EMPTY]   
12:10:25 [EMPTY] §8 §r§8 §r§1 §r§3 §r§3 §r§7 §r§8 
12:10:28 [EMPTY]  
12:10:28 [STASH_COMPACT] §f               §7You have §360,502 §7materials stashed away!
12:10:28 [STASH_COMPACT] §f              §8(This totals 6 types of materials stashed!)
12:10:28 [STASH_COMPACT] §f                §3§l>>> §3§lCLICK HERE§b to pick them up! §3§l<<<
12:10:28 [EMPTY]   
12:10:45 [EMPTY] 
12:11:02 [EMPTY] 
12:11:08 [EMPTY] §8 §r§8 §r§1 §r§3 §r§3 §r§7 §r§8 
12:11:12 [EMPTY]  
12:11:12 [STASH_COMPACT] §f               §7You have §363,641 §7materials stashed away!
12:11:12 [STASH_COMPACT] §f              §8(This totals 6 types of materials stashed!)
12:11:12 [STASH_COMPACT] §f                §3§l>>> §3§lCLICK HERE§b to pick them up! §3§l<<<
12:11:12 [EMPTY]   
12:11:46 [EMPTY] §8 §r§8 §r§1 §r§3 §r§3 §r§7 §r§8 
12:11:50 [EMPTY]  
12:11:50 [STASH_COMPACT] §f               §7You have §363,641 §7materials stashed away!
12:11:50 [STASH_COMPACT] §f              §8(This totals 6 types of materials stashed!)
12:11:50 [STASH_COMPACT] §f                §3§l>>> §3§lCLICK HERE§b to pick them up! §3§l<<<
12:11:50 [EMPTY]   
12:12:07 [EMPTY] 
12:12:28 [EMPTY] 
12:12:34 [EMPTY] 
12:12:38 [EMPTY] §8 §r§8 §r§1 §r§3 §r§3 §r§7 §r§8 
12:12:38 [EMPTY] §f                                        
12:12:41 [EMPTY]  
12:12:41 [STASH_COMPACT] §f               §7You have §363,641 §7materials stashed away!
12:12:41 [STASH_COMPACT] §f              §8(This totals 6 types of materials stashed!)
12:12:41 [STASH_COMPACT] §f                §3§l>>> §3§lCLICK HERE§b to pick them up! §3§l<<<
12:12:41 [EMPTY]   
12:12:45 [EMPTY]  
12:12:45 [STASH_COMPACT] §f               §7You have §363,641 §7materials stashed away!
12:12:45 [STASH_COMPACT] §f              §8(This totals 6 types of materials stashed!)
12:12:45 [STASH_COMPACT] §f                §3§l>>> §3§lCLICK HERE§b to pick them up! §3§l<<<
12:12:45 [EMPTY]   
12:13:46 [EMPTY]  
12:13:46 [STASH_COMPACT] §f               §7You have §363,736 §7materials stashed away!
12:13:46 [STASH_COMPACT] §f              §8(This totals 6 types of materials stashed!)
12:13:46 [STASH_COMPACT] §f                §3§l>>> §3§lCLICK HERE§b to pick them up! §3§l<<<
12:13:46 [EMPTY]   
12:14:15 [EMPTY] §8 §r§8 §r§1 §r§3 §r§3 §r§7 §r§8 
12:14:19 [EMPTY]  
12:14:19 [STASH_COMPACT] §f               §7You have §363,736 §7materials stashed away!
12:14:19 [STASH_COMPACT] §f              §8(This totals 6 types of materials stashed!)
12:14:19 [STASH_COMPACT] §f                §3§l>>> §3§lCLICK HERE§b to pick them up! §3§l<<<
12:14:19 [EMPTY]   
12:14:21 [EMPTY] 
12:14:34 [EMPTY] 
12:14:45 [EMPTY] §8 §r§8 §r§1 §r§3 §r§3 §r§7 §r§8 
12:14:49 [EMPTY]  
12:14:49 [STASH_COMPACT] §f               §7You have §363,736 §7materials stashed away!
12:14:49 [STASH_COMPACT] §f              §8(This totals 6 types of materials stashed!)
12:14:49 [STASH_COMPACT] §f                §3§l>>> §3§lCLICK HERE§b to pick them up! §3§l<<<
12:14:49 [EMPTY]   
12:15:16 [EMPTY]  
12:15:16 [STASH_COMPACT] §f               §7You have §365,170 §7materials stashed away!
12:15:16 [STASH_COMPACT] §f              §8(This totals 7 types of materials stashed!)
12:15:16 [STASH_COMPACT] §f                §3§l>>> §3§lCLICK HERE§b to pick them up! §3§l<<<
12:15:16 [EMPTY]   
12:16:17 [EMPTY]  
12:16:17 [STASH_COMPACT] §f               §7You have §365,918 §7materials stashed away!
12:16:17 [STASH_COMPACT] §f              §8(This totals 7 types of materials stashed!)
12:16:17 [STASH_COMPACT] §f                §3§l>>> §3§lCLICK HERE§b to pick them up! §3§l<<<
12:16:17 [EMPTY]   
12:16:21 [EMPTY] §8 §r§8 §r§1 §r§3 §r§3 §r§7 §r§8 
12:16:24 [EMPTY]  
12:16:24 [STASH_COMPACT] §f               §7You have §365,918 §7materials stashed away!
12:16:24 [STASH_COMPACT] §f              §8(This totals 7 types of materials stashed!)
12:16:24 [STASH_COMPACT] §f                §3§l>>> §3§lCLICK HERE§b to pick them up! §3§l<<<
12:16:24 [EMPTY]   
12:16:31 [EMPTY] 
12:17:06 [EMPTY] §8 §r§8 §r§1 §r§3 §r§3 §r§7 §r§8 
12:17:10 [EMPTY]  
12:17:10 [STASH_COMPACT] §f               §7You have §367,098 §7materials stashed away!
12:17:10 [STASH_COMPACT] §f              §8(This totals 7 types of materials stashed!)
12:17:10 [STASH_COMPACT] §f                §3§l>>> §3§lCLICK HERE§b to pick them up! §3§l<<<
12:17:10 [EMPTY]   
12:17:37 [EMPTY]  
12:17:37 [STASH_COMPACT] §f               §7You have §367,098 §7materials stashed away!
12:17:37 [STASH_COMPACT] §f              §8(This totals 7 types of materials stashed!)
12:17:37 [STASH_COMPACT] §f                §3§l>>> §3§lCLICK HERE§b to pick them up! §3§l<<<
12:17:37 [EMPTY]   
12:18:24 [EMPTY] §8 §r§8 §r§1 §r§3 §r§3 §r§7 §r§8 
12:18:24 [EMPTY] §f                                        
12:18:28 [EMPTY]  
12:18:28 [STASH_COMPACT] §f               §7You have §367,098 §7materials stashed away!
12:18:28 [STASH_COMPACT] §f              §8(This totals 7 types of materials stashed!)
12:18:28 [STASH_COMPACT] §f                §3§l>>> §3§lCLICK HERE§b to pick them up! §3§l<<<
12:18:28 [EMPTY]   
12:18:31 [EMPTY] 
12:18:41 [EMPTY] 
12:18:58 [EMPTY] 
12:19:21 [EMPTY]  
12:19:21 [STASH_COMPACT] §f               §7You have §368,039 §7materials stashed away!
12:19:21 [STASH_COMPACT] §f              §8(This totals 7 types of materials stashed!)
12:19:21 [STASH_COMPACT] §f                §3§l>>> §3§lCLICK HERE§b to pick them up! §3§l<<<
12:19:21 [EMPTY]   
12:19:59 [EMPTY] §8 §r§8 §r§1 §r§3 §r§3 §r§7 §r§8 
12:20:03 [EMPTY]  
12:20:03 [STASH_COMPACT] §f               §7You have §369,431 §7materials stashed away!
12:20:03 [STASH_COMPACT] §f              §8(This totals 7 types of materials stashed!)
12:20:03 [STASH_COMPACT] §f                §3§l>>> §3§lCLICK HERE§b to pick them up! §3§l<<<
12:20:03 [EMPTY]   
12:20:52 [EMPTY]  
12:20:52 [STASH_COMPACT] §f               §7You have §369,431 §7materials stashed away!
12:20:52 [STASH_COMPACT] §f              §8(This totals 7 types of materials stashed!)
12:20:52 [STASH_COMPACT] §f                §3§l>>> §3§lCLICK HERE§b to pick them up! §3§l<<<
12:20:52 [EMPTY]   
12:21:52 [EMPTY]  
12:21:52 [STASH_COMPACT] §f               §7You have §369,431 §7materials stashed away!
12:21:52 [STASH_COMPACT] §f              §8(This totals 7 types of materials stashed!)
12:21:52 [STASH_COMPACT] §f                §3§l>>> §3§lCLICK HERE§b to pick them up! §3§l<<<
12:21:52 [EMPTY]   
12:22:24 [EMPTY] §f                                        
12:22:24 [EMPTY] §f                                        
12:22:53 [EMPTY]  
12:22:53 [STASH_COMPACT] §f               §7You have §369,520 §7materials stashed away!
12:22:53 [STASH_COMPACT] §f              §8(This totals 7 types of materials stashed!)
12:22:53 [STASH_COMPACT] §f                §3§l>>> §3§lCLICK HERE§b to pick them up! §3§l<<<
12:22:53 [EMPTY]   
12:23:53 [EMPTY]  
12:23:53 [STASH_COMPACT] §f               §7You have §369,520 §7materials stashed away!
12:23:53 [STASH_COMPACT] §f              §8(This totals 7 types of materials stashed!)
12:23:53 [STASH_COMPACT] §f                §3§l>>> §3§lCLICK HERE§b to pick them up! §3§l<<<
12:23:53 [EMPTY]   
12:24:54 [EMPTY]  
12:24:54 [STASH_COMPACT] §f               §7You have §369,520 §7materials stashed away!
12:24:54 [STASH_COMPACT] §f              §8(This totals 7 types of materials stashed!)
12:24:54 [STASH_COMPACT] §f                §3§l>>> §3§lCLICK HERE§b to pick them up! §3§l<<<
12:24:54 [EMPTY]   
12:25:54 [EMPTY]  
12:25:54 [STASH_COMPACT] §f               §7You have §369,520 §7materials stashed away!
12:25:54 [STASH_COMPACT] §f              §8(This totals 7 types of materials stashed!)
12:25:54 [STASH_COMPACT] §f                §3§l>>> §3§lCLICK HERE§b to pick them up! §3§l<<<
12:25:54 [EMPTY]   
12:26:55 [EMPTY]  
12:26:55 [STASH_COMPACT] §f               §7You have §369,520 §7materials stashed away!
12:26:55 [STASH_COMPACT] §f              §8(This totals 7 types of materials stashed!)
12:26:55 [STASH_COMPACT] §f                §3§l>>> §3§lCLICK HERE§b to pick them up! §3§l<<<
12:26:55 [EMPTY]   
12:27:55 [EMPTY]  
12:27:55 [STASH_COMPACT] §f               §7You have §369,520 §7materials stashed away!
12:27:55 [STASH_COMPACT] §f              §8(This totals 7 types of materials stashed!)
12:27:55 [STASH_COMPACT] §f                §3§l>>> §3§lCLICK HERE§b to pick them up! §3§l<<<
12:27:55 [EMPTY]   
12:28:56 [EMPTY]  
12:28:56 [STASH_COMPACT] §f               §7You have §369,520 §7materials stashed away!
12:28:56 [STASH_COMPACT] §f              §8(This totals 7 types of materials stashed!)
12:28:56 [STASH_COMPACT] §f                §3§l>>> §3§lCLICK HERE§b to pick them up! §3§l<<<
12:28:56 [EMPTY]   
12:29:35 [EMPTY] §8 §r§8 §r§1 §r§3 §r§3 §r§7 §r§8 
12:29:39 [EMPTY]  
12:29:39 [STASH_COMPACT] §f               §7You have §369,520 §7materials stashed away!
12:29:39 [STASH_COMPACT] §f              §8(This totals 7 types of materials stashed!)
12:29:39 [STASH_COMPACT] §f                §3§l>>> §3§lCLICK HERE§b to pick them up! §3§l<<<
12:29:39 [EMPTY]   
12:30:29 [EMPTY]  
12:30:29 [STASH_COMPACT] §f               §7You have §369,520 §7materials stashed away!
12:30:29 [STASH_COMPACT] §f              §8(This totals 7 types of materials stashed!)
12:30:29 [STASH_COMPACT] §f                §3§l>>> §3§lCLICK HERE§b to pick them up! §3§l<<<
12:30:29 [EMPTY]   
12:30:33 [EMPTY] §8 §r§8 §r§1 §r§3 §r§3 §r§7 §r§8 
12:30:37 [EMPTY]  
12:30:37 [STASH_COMPACT] §f               §7You have §369,520 §7materials stashed away!
12:30:37 [STASH_COMPACT] §f              §8(This totals 7 types of materials stashed!)
12:30:37 [STASH_COMPACT] §f                §3§l>>> §3§lCLICK HERE§b to pick them up! §3§l<<<
12:30:37 [EMPTY]   
12:31:14 [EMPTY]  
12:31:14 [STASH_COMPACT] §f               §7You have §369,520 §7materials stashed away!
12:31:14 [STASH_COMPACT] §f              §8(This totals 7 types of materials stashed!)
12:31:14 [STASH_COMPACT] §f                §3§l>>> §3§lCLICK HERE§b to pick them up! §3§l<<<
12:31:14 [EMPTY]   
12:32:15 [EMPTY]  
12:32:15 [STASH_COMPACT] §f               §7You have §369,520 §7materials stashed away!
12:32:15 [STASH_COMPACT] §f              §8(This totals 7 types of materials stashed!)
12:32:15 [STASH_COMPACT] §f                §3§l>>> §3§lCLICK HERE§b to pick them up! §3§l<<<
12:32:15 [EMPTY]   
12:32:37 [EMPTY] §8 §r§8 §r§1 §r§3 §r§3 §r§7 §r§8 
12:32:41 [EMPTY]  
12:32:41 [STASH_COMPACT] §f               §7You have §369,520 §7materials stashed away!
12:32:41 [STASH_COMPACT] §f              §8(This totals 7 types of materials stashed!)
12:32:41 [STASH_COMPACT] §f                §3§l>>> §3§lCLICK HERE§b to pick them up! §3§l<<<
12:32:41 [EMPTY]   
12:33:03 [EMPTY] 
12:33:31 [EMPTY]  
12:33:31 [STASH_COMPACT] §f               §7You have §371,497 §7materials stashed away!
12:33:31 [STASH_COMPACT] §f              §8(This totals 7 types of materials stashed!)
12:33:31 [STASH_COMPACT] §f                §3§l>>> §3§lCLICK HERE§b to pick them up! §3§l<<<
12:33:31 [EMPTY]   
12:33:32 [EMPTY] 
12:34:06 [EMPTY] §8 §r§8 §r§1 §r§3 §r§3 §r§7 §r§8 
12:34:09 [EMPTY]  
12:34:09 [STASH_COMPACT] §f               §7You have §371,497 §7materials stashed away!
12:34:09 [STASH_COMPACT] §f              §8(This totals 7 types of materials stashed!)
12:34:09 [STASH_COMPACT] §f                §3§l>>> §3§lCLICK HERE§b to pick them up! §3§l<<<
12:34:09 [EMPTY]   
12:34:23 [EMPTY] §8 §r§8 §r§1 §r§3 §r§3 §r§7 §r§8 
12:34:23 [EMPTY] §f                                        
12:34:27 [EMPTY]  
12:34:27 [STASH_COMPACT] §f               §7You have §371,497 §7materials stashed away!
12:34:27 [STASH_COMPACT] §f              §8(This totals 7 types of materials stashed!)
12:34:27 [STASH_COMPACT] §f                §3§l>>> §3§lCLICK HERE§b to pick them up! §3§l<<<
12:34:27 [EMPTY]   
12:34:33 [EMPTY] 
12:34:53 [EMPTY] 
12:35:19 [EMPTY]  
12:35:19 [STASH_COMPACT] §f               §7You have §371,497 §7materials stashed away!
12:35:19 [STASH_COMPACT] §f              §8(This totals 7 types of materials stashed!)
12:35:19 [STASH_COMPACT] §f                §3§l>>> §3§lCLICK HERE§b to pick them up! §3§l<<<
12:35:19 [EMPTY]   
12:35:33 [EMPTY] §8 §r§8 §r§1 §r§3 §r§3 §r§7 §r§8 
12:35:37 [EMPTY]  
12:35:37 [STASH_COMPACT] §f               §7You have §371,497 §7materials stashed away!
12:35:37 [STASH_COMPACT] §f              §8(This totals 7 types of materials stashed!)
12:35:37 [STASH_COMPACT] §f                §3§l>>> §3§lCLICK HERE§b to pick them up! §3§l<<<
12:35:37 [EMPTY]   
12:35:43 [EMPTY] §8 §r§8 §r§1 §r§3 §r§3 §r§7 §r§8 
12:35:46 [EMPTY]  
12:35:46 [STASH_COMPACT] §f               §7You have §371,497 §7materials stashed away!
12:35:46 [STASH_COMPACT] §f              §8(This totals 7 types of materials stashed!)
12:35:46 [STASH_COMPACT] §f                §3§l>>> §3§lCLICK HERE§b to pick them up! §3§l<<<
12:35:46 [EMPTY]   
12:36:28 [EMPTY]  
12:36:28 [STASH_COMPACT] §f               §7You have §371,750 §7materials stashed away!
12:36:28 [STASH_COMPACT] §f              §8(This totals 7 types of materials stashed!)
12:36:28 [STASH_COMPACT] §f                §3§l>>> §3§lCLICK HERE§b to pick them up! §3§l<<<
12:36:28 [EMPTY]   
12:36:53 [EMPTY] 
12:36:57 [EMPTY] §8 §r§8 §r§1 §r§3 §r§3 §r§7 §r§8 
12:37:00 [EMPTY]  
12:37:00 [STASH_COMPACT] §f               §7You have §371,750 §7materials stashed away!
12:37:00 [STASH_COMPACT] §f              §8(This totals 7 types of materials stashed!)
12:37:00 [STASH_COMPACT] §f                §3§l>>> §3§lCLICK HERE§b to pick them up! §3§l<<<
12:37:00 [EMPTY]   
12:37:24 [EMPTY]  
12:37:24 [STASH_COMPACT] §f               §7You have §371,750 §7materials stashed away!
12:37:24 [STASH_COMPACT] §f              §8(This totals 7 types of materials stashed!)
12:37:24 [STASH_COMPACT] §f                §3§l>>> §3§lCLICK HERE§b to pick them up! §3§l<<<
12:37:24 [EMPTY]   
12:37:57 [EMPTY] §8 §r§8 §r§1 §r§3 §r§3 §r§7 §r§8 
12:38:01 [EMPTY]  
12:38:01 [STASH_COMPACT] §f               §7You have §371,750 §7materials stashed away!
12:38:01 [STASH_COMPACT] §f              §8(This totals 7 types of materials stashed!)
12:38:01 [STASH_COMPACT] §f                §3§l>>> §3§lCLICK HERE§b to pick them up! §3§l<<<
12:38:01 [EMPTY]   
12:38:53 [EMPTY]  
12:38:53 [STASH_COMPACT] §f               §7You have §371,750 §7materials stashed away!
12:38:53 [STASH_COMPACT] §f              §8(This totals 7 types of materials stashed!)
12:38:53 [STASH_COMPACT] §f                §3§l>>> §3§lCLICK HERE§b to pick them up! §3§l<<<
12:38:53 [EMPTY]   
12:39:07 [EMPTY] 
12:39:12 [EMPTY] §8 §r§8 §r§1 §r§3 §r§3 §r§7 §r§8 
12:39:15 [EMPTY]  
12:39:15 [STASH_COMPACT] §f               §7You have §371,750 §7materials stashed away!
12:39:15 [STASH_COMPACT] §f              §8(This totals 7 types of materials stashed!)
12:39:15 [STASH_COMPACT] §f                §3§l>>> §3§lCLICK HERE§b to pick them up! §3§l<<<
12:39:15 [EMPTY]   
12:40:01 [EMPTY]  
12:40:01 [STASH_COMPACT] §f               §7You have §371,750 §7materials stashed away!
12:40:01 [STASH_COMPACT] §f              §8(This totals 7 types of materials stashed!)
12:40:01 [STASH_COMPACT] §f                §3§l>>> §3§lCLICK HERE§b to pick them up! §3§l<<<
12:40:01 [EMPTY]   
12:40:19 [EMPTY] §8 §r§8 §r§1 §r§3 §r§3 §r§7 §r§8 
12:40:22 [EMPTY]  
12:40:22 [STASH_COMPACT] §f               §7You have §371,750 §7materials stashed away!
12:40:22 [STASH_COMPACT] §f              §8(This totals 7 types of materials stashed!)
12:40:22 [STASH_COMPACT] §f                §3§l>>> §3§lCLICK HERE§b to pick them up! §3§l<<<
12:40:22 [EMPTY]   
12:40:33 [EMPTY] 
12:40:36 [EMPTY] 
12:41:11 [EMPTY] 
12:41:11 [EMPTY] 
12:41:15 [EMPTY]  
12:41:15 [STASH_COMPACT] §f               §7You have §371,750 §7materials stashed away!
12:41:15 [STASH_COMPACT] §f              §8(This totals 7 types of materials stashed!)
12:41:15 [STASH_COMPACT] §f                §3§l>>> §3§lCLICK HERE§b to pick them up! §3§l<<<
12:41:15 [EMPTY]   
12:41:32 [EMPTY] 
12:41:35 [EMPTY] §8 §r§8 §r§1 §r§3 §r§3 §r§7 §r§8 
12:41:39 [EMPTY]  
12:41:39 [STASH_COMPACT] §f               §7You have §372,613 §7materials stashed away!
12:41:39 [STASH_COMPACT] §f              §8(This totals 7 types of materials stashed!)
12:41:39 [STASH_COMPACT] §f                §3§l>>> §3§lCLICK HERE§b to pick them up! §3§l<<<
12:41:39 [EMPTY]   
12:42:12 [EMPTY]  
12:42:12 [STASH_COMPACT] §f               §7You have §372,613 §7materials stashed away!
12:42:12 [STASH_COMPACT] §f              §8(This totals 7 types of materials stashed!)
12:42:12 [STASH_COMPACT] §f                §3§l>>> §3§lCLICK HERE§b to pick them up! §3§l<<<
12:42:12 [EMPTY]   
12:42:39 [EMPTY] §8 §r§8 §r§1 §r§3 §r§3 §r§7 §r§8 
12:42:42 [EMPTY]  
12:42:42 [STASH_COMPACT] §f               §7You have §372,613 §7materials stashed away!
12:42:42 [STASH_COMPACT] §f              §8(This totals 7 types of materials stashed!)
12:42:42 [STASH_COMPACT] §f                §3§l>>> §3§lCLICK HERE§b to pick them up! §3§l<<<
12:42:42 [EMPTY]   
12:42:43 [EMPTY]  
12:42:43 [STASH_COMPACT] §f               §7You have §372,613 §7materials stashed away!
12:42:43 [STASH_COMPACT] §f              §8(This totals 7 types of materials stashed!)
12:42:43 [STASH_COMPACT] §f                §3§l>>> §3§lCLICK HERE§b to pick them up! §3§l<<<
12:42:43 [EMPTY]   
12:43:20 [EMPTY] 
12:43:32 [EMPTY] 
12:43:43 [EMPTY]  
12:43:43 [STASH_COMPACT] §f               §7You have §372,613 §7materials stashed away!
12:43:43 [STASH_COMPACT] §f              §8(This totals 7 types of materials stashed!)
12:43:43 [STASH_COMPACT] §f                §3§l>>> §3§lCLICK HERE§b to pick them up! §3§l<<<
12:43:43 [EMPTY]   
12:43:47 [EMPTY] §8 §r§8 §r§1 §r§3 §r§3 §r§7 §r§8 
12:43:51 [EMPTY]  
12:43:51 [STASH_COMPACT] §f               §7You have §372,918 §7materials stashed away!
12:43:51 [STASH_COMPACT] §f              §8(This totals 7 types of materials stashed!)
12:43:51 [STASH_COMPACT] §f                §3§l>>> §3§lCLICK HERE§b to pick them up! §3§l<<<
12:43:51 [EMPTY]   
12:44:47 [EMPTY]  
12:44:47 [STASH_COMPACT] §f               §7You have §372,918 §7materials stashed away!
12:44:47 [STASH_COMPACT] §f              §8(This totals 7 types of materials stashed!)
12:44:47 [STASH_COMPACT] §f                §3§l>>> §3§lCLICK HERE§b to pick them up! §3§l<<<
12:44:47 [EMPTY]   
12:45:48 [EMPTY]  
12:45:48 [STASH_COMPACT] §f               §7You have §372,918 §7materials stashed away!
12:45:48 [STASH_COMPACT] §f              §8(This totals 7 types of materials stashed!)
12:45:48 [STASH_COMPACT] §f                §3§l>>> §3§lCLICK HERE§b to pick them up! §3§l<<<
12:45:48 [EMPTY]   
12:46:08 [EMPTY] §8 §r§8 §r§1 §r§3 §r§3 §r§7 §r§8 
12:46:12 [EMPTY]  
12:46:12 [STASH_COMPACT] §f               §7You have §372,918 §7materials stashed away!
12:46:12 [STASH_COMPACT] §f              §8(This totals 7 types of materials stashed!)
12:46:12 [STASH_COMPACT] §f                §3§l>>> §3§lCLICK HERE§b to pick them up! §3§l<<<
12:46:12 [EMPTY]   
12:47:01 [EMPTY]  
12:47:01 [STASH_COMPACT] §f               §7You have §374,452 §7materials stashed away!
12:47:01 [STASH_COMPACT] §f              §8(This totals 7 types of materials stashed!)
12:47:01 [STASH_COMPACT] §f                §3§l>>> §3§lCLICK HERE§b to pick them up! §3§l<<<
12:47:01 [EMPTY]   
12:47:33 [EMPTY] 
12:48:01 [EMPTY]  
12:48:01 [STASH_COMPACT] §f               §7You have §375,894 §7materials stashed away!
12:48:01 [STASH_COMPACT] §f              §8(This totals 7 types of materials stashed!)
12:48:01 [STASH_COMPACT] §f                §3§l>>> §3§lCLICK HERE§b to pick them up! §3§l<<<
12:48:01 [EMPTY]   
12:48:20 [EMPTY] §8 §r§8 §r§1 §r§3 §r§3 §r§7 §r§8 
12:48:24 [EMPTY]  
12:48:24 [STASH_COMPACT] §f               §7You have §375,894 §7materials stashed away!
12:48:24 [STASH_COMPACT] §f              §8(This totals 7 types of materials stashed!)
12:48:24 [STASH_COMPACT] §f                §3§l>>> §3§lCLICK HERE§b to pick them up! §3§l<<<
12:48:24 [EMPTY]   
12:48:48 [EMPTY]  
12:48:48 [STASH_COMPACT] §f               §7You have §375,894 §7materials stashed away!
12:48:49 [STASH_COMPACT] §f              §8(This totals 7 types of materials stashed!)
12:48:49 [STASH_COMPACT] §f                §3§l>>> §3§lCLICK HERE§b to pick them up! §3§l<<<
12:48:49 [EMPTY]   
12:49:49 [EMPTY]  
12:49:49 [STASH_COMPACT] §f               §7You have §375,957 §7materials stashed away!
12:49:49 [STASH_COMPACT] §f              §8(This totals 7 types of materials stashed!)
12:49:49 [STASH_COMPACT] §f                §3§l>>> §3§lCLICK HERE§b to pick them up! §3§l<<<
12:49:49 [EMPTY]   
12:50:25 [EMPTY] §8 §r§8 §r§1 §r§3 §r§3 §r§7 §r§8 
12:50:29 [EMPTY]  
12:50:29 [STASH_COMPACT] §f               §7You have §375,957 §7materials stashed away!
12:50:29 [STASH_COMPACT] §f              §8(This totals 7 types of materials stashed!)
12:50:29 [STASH_COMPACT] §f                §3§l>>> §3§lCLICK HERE§b to pick them up! §3§l<<<
12:50:29 [EMPTY]   
12:50:38 [EMPTY] 
12:50:42 [EMPTY] 
12:51:14 [EMPTY] 
12:51:21 [EMPTY] §8 §r§8 §r§1 §r§3 §r§3 §r§7 §r§8 
12:51:25 [EMPTY]  
12:51:25 [STASH_COMPACT] §f               §7You have §376,448 §7materials stashed away!
12:51:25 [STASH_COMPACT] §f              §8(This totals 7 types of materials stashed!)
12:51:25 [STASH_COMPACT] §f                §3§l>>> §3§lCLICK HERE§b to pick them up! §3§l<<<
12:51:25 [EMPTY]   
12:51:59 [EMPTY]  
12:51:59 [STASH_COMPACT] §f               §7You have §376,448 §7materials stashed away!
12:51:59 [STASH_COMPACT] §f              §8(This totals 7 types of materials stashed!)
12:51:59 [STASH_COMPACT] §f                §3§l>>> §3§lCLICK HERE§b to pick them up! §3§l<<<
12:51:59 [EMPTY]   
12:52:18 [EMPTY] §8 §r§8 §r§1 §r§3 §r§3 §r§7 §r§8 
12:52:18 [EMPTY] §f                                        
12:52:21 [EMPTY]  
12:52:21 [STASH_COMPACT] §f               §7You have §376,448 §7materials stashed away!
12:52:21 [STASH_COMPACT] §f              §8(This totals 7 types of materials stashed!)
12:52:21 [STASH_COMPACT] §f                §3§l>>> §3§lCLICK HERE§b to pick them up! §3§l<<<
12:52:21 [EMPTY]   
12:52:48 [EMPTY] 
12:52:54 [EMPTY] 
12:53:00 [EMPTY] §8 §r§8 §r§1 §r§3 §r§3 §r§7 §r§8 
12:53:04 [EMPTY]  
12:53:04 [STASH_COMPACT] §f               §7You have §376,448 §7materials stashed away!
12:53:04 [STASH_COMPACT] §f              §8(This totals 7 types of materials stashed!)
12:53:04 [STASH_COMPACT] §f                §3§l>>> §3§lCLICK HERE§b to pick them up! §3§l<<<
12:53:04 [EMPTY]   
12:53:51 [EMPTY]  
12:53:51 [STASH_COMPACT] §f               §7You have §376,448 §7materials stashed away!
12:53:51 [STASH_COMPACT] §f              §8(This totals 7 types of materials stashed!)
12:53:51 [STASH_COMPACT] §f                §3§l>>> §3§lCLICK HERE§b to pick them up! §3§l<<<
12:53:51 [EMPTY]   
12:54:52 [EMPTY]  
12:54:52 [STASH_COMPACT] §f               §7You have §376,558 §7materials stashed away!
12:54:52 [STASH_COMPACT] §f              §8(This totals 7 types of materials stashed!)
12:54:52 [STASH_COMPACT] §f                §3§l>>> §3§lCLICK HERE§b to pick them up! §3§l<<<
12:54:52 [EMPTY]   
12:55:52 [EMPTY]  
12:55:52 [STASH_COMPACT] §f               §7You have §376,571 §7materials stashed away!
12:55:52 [STASH_COMPACT] §f              §8(This totals 7 types of materials stashed!)
12:55:52 [STASH_COMPACT] §f                §3§l>>> §3§lCLICK HERE§b to pick them up! §3§l<<<
12:55:52 [EMPTY]   
12:56:52 [EMPTY]  
12:56:52 [STASH_COMPACT] §f               §7You have §376,581 §7materials stashed away!
12:56:52 [STASH_COMPACT] §f              §8(This totals 7 types of materials stashed!)
12:56:52 [STASH_COMPACT] §f                §3§l>>> §3§lCLICK HERE§b to pick them up! §3§l<<<
12:56:52 [EMPTY]   
12:57:53 [EMPTY]  
12:57:53 [STASH_COMPACT] §f               §7You have §376,581 §7materials stashed away!
12:57:53 [STASH_COMPACT] §f              §8(This totals 7 types of materials stashed!)
12:57:53 [STASH_COMPACT] §f                §3§l>>> §3§lCLICK HERE§b to pick them up! §3§l<<<
12:57:53 [EMPTY]   
12:58:13 [EMPTY] §8 §r§8 §r§1 §r§3 §r§3 §r§7 §r§8 
12:58:16 [EMPTY]  
12:58:16 [STASH_COMPACT] §f               §7You have §376,581 §7materials stashed away!
12:58:16 [STASH_COMPACT] §f              §8(This totals 7 types of materials stashed!)
12:58:16 [STASH_COMPACT] §f                §3§l>>> §3§lCLICK HERE§b to pick them up! §3§l<<<
12:58:16 [EMPTY]   
12:58:26 [EMPTY] 
12:59:01 [EMPTY] 
12:59:08 [EMPTY]  
12:59:08 [STASH_COMPACT] §f               §7You have §376,713 §7materials stashed away!
12:59:08 [STASH_COMPACT] §f              §8(This totals 7 types of materials stashed!)
12:59:08 [STASH_COMPACT] §f                §3§l>>> §3§lCLICK HERE§b to pick them up! §3§l<<<
12:59:08 [EMPTY]   
12:59:48 [EMPTY] §8 §r§8 §r§1 §r§3 §r§3 §r§7 §r§8 
12:59:52 [EMPTY]  
12:59:52 [STASH_COMPACT] §f               §7You have §377,833 §7materials stashed away!
12:59:52 [STASH_COMPACT] §f              §8(This totals 7 types of materials stashed!)
12:59:52 [STASH_COMPACT] §f                §3§l>>> §3§lCLICK HERE§b to pick them up! §3§l<<<
12:59:52 [EMPTY]   
13:00:25 [EMPTY]  
13:00:25 [STASH_COMPACT] §f               §7You have §377,833 §7materials stashed away!
13:00:25 [STASH_COMPACT] §f              §8(This totals 7 types of materials stashed!)
13:00:25 [STASH_COMPACT] §f                §3§l>>> §3§lCLICK HERE§b to pick them up! §3§l<<<
13:00:25 [EMPTY]   
13:01:14 [EMPTY] §8 §r§8 §r§1 §r§3 §r§3 §r§7 §r§8 
13:01:17 [EMPTY]  
13:01:17 [STASH_COMPACT] §f               §7You have §377,833 §7materials stashed away!
13:01:17 [STASH_COMPACT] §f              §8(This totals 7 types of materials stashed!)
13:01:17 [STASH_COMPACT] §f                §3§l>>> §3§lCLICK HERE§b to pick them up! §3§l<<<
13:01:17 [EMPTY]   
13:01:30 [EMPTY] 
13:01:44 [EMPTY] §f
13:01:44 [EMPTY] §c
13:01:52 [EMPTY] §8 §r§8 §r§1 §r§3 §r§3 §r§7 §r§8 
13:01:56 [EMPTY]  
13:01:56 [STASH_COMPACT] §f               §7You have §378,945 §7materials stashed away!
13:01:56 [STASH_COMPACT] §f              §8(This totals 7 types of materials stashed!)
13:01:56 [STASH_COMPACT] §f                §3§l>>> §3§lCLICK HERE§b to pick them up! §3§l<<<
13:01:56 [EMPTY]   
13:02:05 [EMPTY]  
13:02:05 [STASH_COMPACT] §f               §7You have §378,945 §7materials stashed away!
13:02:05 [STASH_COMPACT] §f              §8(This totals 7 types of materials stashed!)
13:02:05 [STASH_COMPACT] §f                §3§l>>> §3§lCLICK HERE§b to pick them up! §3§l<<<
13:02:05 [EMPTY]   
13:02:08 [EMPTY] §8 §r§8 §r§1 §r§3 §r§3 §r§7 §r§8 
13:02:12 [EMPTY]  
13:02:12 [STASH_COMPACT] §f               §7You have §378,945 §7materials stashed away!
13:02:12 [STASH_COMPACT] §f              §8(This totals 7 types of materials stashed!)
13:02:12 [STASH_COMPACT] §f                §3§l>>> §3§lCLICK HERE§b to pick them up! §3§l<<<
13:02:12 [EMPTY]   
13:02:13 [EMPTY]  
13:02:13 [STASH_COMPACT] §f               §7You have §378,945 §7materials stashed away!
13:02:13 [STASH_COMPACT] §f              §8(This totals 7 types of materials stashed!)
13:02:13 [STASH_COMPACT] §f                §3§l>>> §3§lCLICK HERE§b to pick them up! §3§l<<<
13:02:13 [EMPTY]   
13:02:50 [EMPTY] 
13:03:13 [EMPTY]  
13:03:13 [STASH_COMPACT] §f               §7You have §379,215 §7materials stashed away!
13:03:13 [STASH_COMPACT] §f              §8(This totals 7 types of materials stashed!)
13:03:13 [STASH_COMPACT] §f                §3§l>>> §3§lCLICK HERE§b to pick them up! §3§l<<<
13:03:13 [EMPTY]   
13:03:17 [EMPTY] 
13:03:20 [EMPTY] 
13:03:53 [EMPTY] §8 §r§8 §r§1 §r§3 §r§3 §r§7 §r§8 
13:03:57 [EMPTY]  
13:03:57 [STASH_COMPACT] §f               §7You have §379,384 §7materials stashed away!
13:03:57 [STASH_COMPACT] §f              §8(This totals 7 types of materials stashed!)
13:03:57 [STASH_COMPACT] §f                §3§l>>> §3§lCLICK HERE§b to pick them up! §3§l<<<
13:03:57 [EMPTY]   
13:04:02 [EMPTY]  
13:04:02 [STASH_COMPACT] §f               §7You have §379,384 §7materials stashed away!
13:04:02 [STASH_COMPACT] §f              §8(This totals 7 types of materials stashed!)
13:04:02 [STASH_COMPACT] §f                §3§l>>> §3§lCLICK HERE§b to pick them up! §3§l<<<
13:04:02 [EMPTY]   
13:05:03 [EMPTY]  
13:05:03 [STASH_COMPACT] §f               §7You have §380,148 §7materials stashed away!
13:05:03 [STASH_COMPACT] §f              §8(This totals 7 types of materials stashed!)
13:05:03 [STASH_COMPACT] §f                §3§l>>> §3§lCLICK HERE§b to pick them up! §3§l<<<
13:05:03 [EMPTY]   
13:06:04 [EMPTY]  
13:06:04 [STASH_COMPACT] §f               §7You have §380,148 §7materials stashed away!
13:06:04 [STASH_COMPACT] §f              §8(This totals 7 types of materials stashed!)
13:06:04 [STASH_COMPACT] §f                §3§l>>> §3§lCLICK HERE§b to pick them up! §3§l<<<
13:06:04 [EMPTY]   
13:07:05 [EMPTY]  
13:07:05 [STASH_COMPACT] §f               §7You have §380,994 §7materials stashed away!
13:07:05 [STASH_COMPACT] §f              §8(This totals 7 types of materials stashed!)
13:07:05 [STASH_COMPACT] §f                §3§l>>> §3§lCLICK HERE§b to pick them up! §3§l<<<
13:07:05 [EMPTY]   
13:07:55 [EMPTY] §8 §r§8 §r§1 §r§3 §r§3 §r§7 §r§8 
13:07:59 [EMPTY]  
13:07:59 [STASH_COMPACT] §f               §7You have §380,994 §7materials stashed away!
13:07:59 [STASH_COMPACT] §f              §8(This totals 7 types of materials stashed!)
13:07:59 [STASH_COMPACT] §f                §3§l>>> §3§lCLICK HERE§b to pick them up! §3§l<<<
13:07:59 [EMPTY]   
13:08:18 [EMPTY] §8 §r§8 §r§1 §r§3 §r§3 §r§7 §r§8 
13:08:22 [EMPTY]  
13:08:22 [STASH_COMPACT] §f               §7You have §380,994 §7materials stashed away!
13:08:22 [STASH_COMPACT] §f              §8(This totals 7 types of materials stashed!)
13:08:22 [STASH_COMPACT] §f                §3§l>>> §3§lCLICK HERE§b to pick them up! §3§l<<<
13:08:22 [EMPTY]   
13:08:23 [EMPTY]  
13:08:23 [STASH_COMPACT] §f               §7You have §380,994 §7materials stashed away!
13:08:23 [STASH_COMPACT] §f              §8(This totals 7 types of materials stashed!)
13:08:23 [STASH_COMPACT] §f                §3§l>>> §3§lCLICK HERE§b to pick them up! §3§l<<<
13:08:23 [EMPTY]   
13:09:04 [EMPTY] 
13:09:24 [EMPTY]  
13:09:24 [STASH_COMPACT] §f               §7You have §380,994 §7materials stashed away!
13:09:24 [STASH_COMPACT] §f              §8(This totals 7 types of materials stashed!)
13:09:24 [STASH_COMPACT] §f                §3§l>>> §3§lCLICK HERE§b to pick them up! §3§l<<<
13:09:24 [EMPTY]   
13:10:24 [EMPTY]  
13:10:24 [STASH_COMPACT] §f               §7You have §380,994 §7materials stashed away!
13:10:24 [STASH_COMPACT] §f              §8(This totals 7 types of materials stashed!)
13:10:24 [STASH_COMPACT] §f                §3§l>>> §3§lCLICK HERE§b to pick them up! §3§l<<<
13:10:24 [EMPTY]   
13:10:46 [EMPTY] §8 §r§8 §r§1 §r§3 §r§3 §r§7 §r§8 
13:10:49 [EMPTY]  
13:10:49 [STASH_COMPACT] §f               §7You have §380,994 §7materials stashed away!
13:10:49 [STASH_COMPACT] §f              §8(This totals 7 types of materials stashed!)
13:10:49 [STASH_COMPACT] §f                §3§l>>> §3§lCLICK HERE§b to pick them up! §3§l<<<
13:10:49 [EMPTY]   
13:10:54 [EMPTY]  
13:10:54 [BESTIARY] §f                                  §6§lBESTIARY
13:10:54 [BESTIARY] §f                        §b§lGlacite Mage §7§8XIII §8➡§b §bXIV
13:10:54 [BESTIARY] 
13:10:54 [BESTIARY] §f                                  §r§6§lREWARDS
13:10:54 [BESTIARY] §f                      §r§8+§r§a4 Glacite Mage §r§b✯ Magic Find
13:10:54 [BESTIARY] §f                       §r§8+§r§a4 Glacite Mage §r§c❁ Strength
13:10:54 [BESTIARY] §f                          §r§8+§r§62% §r§aGlacite Mage §r§7coins
13:10:54 [BESTIARY] §f                    §r§8+§r§a50% §r§7chance for extra XP orbs
13:10:54 [BESTIARY] §f                               §r§8+§r§b1 SkyBlock XP
13:10:54 [BESTIARY] 
13:10:54 [BESTIARY] §3§l▬▬▬▬▬▬▬▬▬▬▬▬▬▬▬▬▬▬▬▬▬▬▬▬▬▬▬▬▬▬▬▬▬▬▬▬▬▬▬▬▬▬▬▬▬▬▬▬▬▬▬▬▬▬▬▬▬▬▬▬▬▬▬▬
13:11:18 [EMPTY] 
13:11:27 [EMPTY] 
13:11:38 [EMPTY] 
13:11:38 [EMPTY] 
13:11:42 [EMPTY]  
13:11:42 [STASH_COMPACT] §f               §7You have §382,742 §7materials stashed away!
13:11:42 [STASH_COMPACT] §f              §8(This totals 7 types of materials stashed!)
13:11:42 [STASH_COMPACT] §f                §3§l>>> §3§lCLICK HERE§b to pick them up! §3§l<<<
13:11:42 [EMPTY]   
13:12:06 [EMPTY] §8 §r§8 §r§1 §r§3 §r§3 §r§7 §r§8 
13:12:10 [EMPTY]  
13:12:10 [STASH_COMPACT] §f               §7You have §383,846 §7materials stashed away!
13:12:10 [STASH_COMPACT] §f              §8(This totals 7 types of materials stashed!)
13:12:10 [STASH_COMPACT] §f                §3§l>>> §3§lCLICK HERE§b to pick them up! §3§l<<<
13:12:10 [EMPTY]   
13:12:44 [EMPTY] §f                                        
13:12:44 [EMPTY] §f                                        
13:12:49 [EMPTY] §8 §r§8 §r§1 §r§3 §r§3 §r§7 §r§8 
13:12:52 [EMPTY]  
13:12:52 [STASH_COMPACT] §f               §7You have §383,846 §7materials stashed away!
13:12:52 [STASH_COMPACT] §f              §8(This totals 7 types of materials stashed!)
13:12:52 [STASH_COMPACT] §f                §3§l>>> §3§lCLICK HERE§b to pick them up! §3§l<<<
13:12:52 [EMPTY]   
13:13:00 [EMPTY] 
13:13:11 [EMPTY] 
13:13:45 [EMPTY]  
13:13:45 [STASH_COMPACT] §f               §7You have §384,795 §7materials stashed away!
13:13:45 [STASH_COMPACT] §f              §8(This totals 7 types of materials stashed!)
13:13:45 [STASH_COMPACT] §f                §3§l>>> §3§lCLICK HERE§b to pick them up! §3§l<<<
13:13:45 [EMPTY]   
13:14:07 [EMPTY] 
13:14:17 [EMPTY] 
13:14:23 [EMPTY] §8 §r§8 §r§1 §r§3 §r§3 §r§7 §r§8 
13:14:27 [EMPTY]  
13:14:27 [STASH_COMPACT] §f               §7You have §384,795 §7materials stashed away!
13:14:27 [STASH_COMPACT] §f              §8(This totals 7 types of materials stashed!)
13:14:27 [STASH_COMPACT] §f                §3§l>>> §3§lCLICK HERE§b to pick them up! §3§l<<<
13:14:27 [EMPTY]   
13:14:57 [EMPTY]  
13:14:57 [STASH_COMPACT] §f               §7You have §384,795 §7materials stashed away!
13:14:57 [STASH_COMPACT] §f              §8(This totals 7 types of materials stashed!)
13:14:57 [STASH_COMPACT] §f                §3§l>>> §3§lCLICK HERE§b to pick them up! §3§l<<<
13:14:57 [EMPTY]   
13:15:58 [EMPTY]  
13:15:58 [STASH_COMPACT] §f               §7You have §384,795 §7materials stashed away!
13:15:58 [STASH_COMPACT] §f              §8(This totals 7 types of materials stashed!)
13:15:58 [STASH_COMPACT] §f                §3§l>>> §3§lCLICK HERE§b to pick them up! §3§l<<<
13:15:58 [EMPTY]   
13:16:34 [EMPTY] §8 §r§8 §r§1 §r§3 §r§3 §r§7 §r§8 
13:16:37 [EMPTY]  
13:16:38 [STASH_COMPACT] §f               §7You have §384,795 §7materials stashed away!
13:16:38 [STASH_COMPACT] §f              §8(This totals 7 types of materials stashed!)
13:16:38 [STASH_COMPACT] §f                §3§l>>> §3§lCLICK HERE§b to pick them up! §3§l<<<
13:16:38 [EMPTY]   
13:16:43 [EMPTY]  
13:16:43 [EMPTY]  
13:16:43 [EMPTY]  
13:17:18 [EMPTY]  
13:17:18 [STASH_COMPACT] §f               §7You have §384,795 §7materials stashed away!
13:17:18 [STASH_COMPACT] §f              §8(This totals 7 types of materials stashed!)
13:17:18 [STASH_COMPACT] §f                §3§l>>> §3§lCLICK HERE§b to pick them up! §3§l<<<
13:17:18 [EMPTY]   
13:17:33 [EMPTY] 
13:17:44 [EMPTY] §8 §r§8 §r§1 §r§3 §r§3 §r§7 §r§8 
13:17:48 [EMPTY]  
13:17:48 [STASH_COMPACT] §f               §7You have §384,795 §7materials stashed away!
13:17:48 [STASH_COMPACT] §f              §8(This totals 7 types of materials stashed!)
13:17:48 [STASH_COMPACT] §f                §3§l>>> §3§lCLICK HERE§b to pick them up! §3§l<<<
13:17:48 [EMPTY]   
13:18:38 [EMPTY]  
13:18:38 [STASH_COMPACT] §f               §7You have §384,808 §7materials stashed away!
13:18:38 [STASH_COMPACT] §f              §8(This totals 8 types of materials stashed!)
13:18:38 [STASH_COMPACT] §f                §3§l>>> §3§lCLICK HERE§b to pick them up! §3§l<<<
13:18:38 [EMPTY]   
13:19:38 [EMPTY]  
13:19:38 [STASH_COMPACT] §f               §7You have §384,808 §7materials stashed away!
13:19:38 [STASH_COMPACT] §f              §8(This totals 8 types of materials stashed!)
13:19:38 [STASH_COMPACT] §f                §3§l>>> §3§lCLICK HERE§b to pick them up! §3§l<<<
13:19:38 [EMPTY]   
13:20:39 [EMPTY]  
13:20:39 [STASH_COMPACT] §f               §7You have §384,808 §7materials stashed away!
13:20:39 [STASH_COMPACT] §f              §8(This totals 8 types of materials stashed!)
13:20:39 [STASH_COMPACT] §f                §3§l>>> §3§lCLICK HERE§b to pick them up! §3§l<<<
13:20:39 [EMPTY]   
13:21:40 [EMPTY]  
13:21:40 [STASH_COMPACT] §f               §7You have §384,808 §7materials stashed away!
13:21:40 [STASH_COMPACT] §f              §8(This totals 8 types of materials stashed!)
13:21:40 [STASH_COMPACT] §f                §3§l>>> §3§lCLICK HERE§b to pick them up! §3§l<<<
13:21:40 [EMPTY]   
13:21:54 [EMPTY] §8 §r§8 §r§1 §r§3 §r§3 §r§7 §r§8 
13:21:58 [EMPTY]  
13:21:58 [STASH_COMPACT] §f               §7You have §384,808 §7materials stashed away!
13:21:58 [STASH_COMPACT] §f              §8(This totals 8 types of materials stashed!)
13:21:58 [STASH_COMPACT] §f                §3§l>>> §3§lCLICK HERE§b to pick them up! §3§l<<<
13:21:58 [EMPTY]   
13:22:01 [EMPTY] 
13:22:16 [EMPTY] 
13:22:20 [EMPTY] 
13:22:25 [EMPTY] §8 §r§8 §r§1 §r§3 §r§3 §r§7 §r§8 
13:22:29 [EMPTY]  
13:22:29 [STASH_COMPACT] §f               §7You have §384,808 §7materials stashed away!
13:22:29 [STASH_COMPACT] §f              §8(This totals 8 types of materials stashed!)
13:22:29 [STASH_COMPACT] §f                §3§l>>> §3§lCLICK HERE§b to pick them up! §3§l<<<
13:22:29 [EMPTY]   
13:22:58 [EMPTY]  
13:22:58 [STASH_COMPACT] §f               §7You have §384,808 §7materials stashed away!
13:22:58 [STASH_COMPACT] §f              §8(This totals 8 types of materials stashed!)
13:22:58 [STASH_COMPACT] §f                §3§l>>> §3§lCLICK HERE§b to pick them up! §3§l<<<
13:22:58 [EMPTY]   
13:23:27 [EMPTY] §8 §r§8 §r§1 §r§3 §r§3 §r§7 §r§8 
13:23:30 [EMPTY]  
13:23:30 [STASH_COMPACT] §f               §7You have §384,808 §7materials stashed away!
13:23:30 [STASH_COMPACT] §f              §8(This totals 8 types of materials stashed!)
13:23:30 [STASH_COMPACT] §f                §3§l>>> §3§lCLICK HERE§b to pick them up! §3§l<<<
13:23:30 [EMPTY]   
13:23:46 [EMPTY] 
13:23:53 [EMPTY] §8 §r§8 §r§1 §r§3 §r§3 §r§7 §r§8 
13:23:57 [EMPTY]  
13:23:57 [STASH_COMPACT] §f               §7You have §384,808 §7materials stashed away!
13:23:57 [STASH_COMPACT] §f              §8(This totals 8 types of materials stashed!)
13:23:57 [STASH_COMPACT] §f                §3§l>>> §3§lCLICK HERE§b to pick them up! §3§l<<<
13:23:57 [EMPTY]   
13:24:26 [EMPTY]  
13:24:26 [STASH_COMPACT] §f               §7You have §384,808 §7materials stashed away!
13:24:26 [STASH_COMPACT] §f              §8(This totals 8 types of materials stashed!)
13:24:26 [STASH_COMPACT] §f                §3§l>>> §3§lCLICK HERE§b to pick them up! §3§l<<<
13:24:26 [EMPTY]   
