10:46:49 §e[SkyHanni] §aSkyHanni found a new update: 0.28 Beta 17. Check §b/sh download update §afor more info.§r
10:46:56 §e[SkyHanni] §bYou have §352k §bmaterials in stash, §btotalling §35 types§b. §bClick to §3pickup §byour stash!§r
10:46:58 §e[SkyHanni] Download of update complete. §r
10:46:58 §e[SkyHanni] §aThe update will be installed after your next restart.§r
10:52:22 §e[SkyHanni] §b+1 SkyBlock XP §7(HOTM Progression§7)§b (86/100)§r
11:00:19 §e[SkyHanni] §b+3 SkyBlock XP §7(HOTM Progression§7)§b (89/100)§r
11:17:33 §e[SkyHanni] You have gained §b518 §eBits.§r
11:38:03 §e[SkyHanni] §fYou were in Limbo for §e6m 49s§f.§r
11:45:40 §e[SkyHanni] Profit for §9Lapis Corpse§e: §663k§r
11:47:21 §e[SkyHanni] Profit for §9Lapis Corpse§e: §693k§r
11:47:32 §e[SkyHanni] Profit for §9Lapis Corpse§e: §6429k§r
11:47:59 §e[SkyHanni] Profit for §9Lapis Corpse§e: §622k§r
11:49:29 §e[SkyHanni] §b+1 SkyBlock XP §7(HOTM Progression§7)§b (89/100)§r
11:49:37 §e[SkyHanni] §b+2 SkyBlock XP §7(HOTM Progression§7)§b (89/100)§r
11:49:40 §e[SkyHanni] §b+5 SkyBlock XP §7(HOTM Progression§7)§b (89/100)§r
11:49:41 §e[SkyHanni] §b+13 SkyBlock XP §7(HOTM Progression§7)§b (89/100)§r
11:50:27 §e[SkyHanni] §b+4 SkyBlock XP §7(HOTM Progression§7)§b (89/100)§r
11:50:28 §e[SkyHanni] §b+12 SkyBlock XP §7(HOTM Progression§7)§b (89/100)§r
11:50:31 §e[SkyHanni] §b+17 SkyBlock XP §7(HOTM Progression§7)§b (89/100)§r
11:50:34 §e[SkyHanni] §b+12 SkyBlock XP §7(HOTM Progression§7)§b (89/100)§r
11:50:36 §e[SkyHanni] §b+3 SkyBlock XP §7(HOTM Progression§7)§b (89/100)§r
11:50:49 §e[SkyHanni] §b+4 SkyBlock XP §7(HOTM Progression§7)§b (89/100)§r
11:51:11 §e[SkyHanni] You have gained §b10 §eBits.§r
11:51:12 §e[SkyHanni] You have gained §b10 §eBits.§r
11:51:31 §e[SkyHanni] You have gained §b10 §eBits.§r
11:51:53 §e[SkyHanni] You have gained §b10 §eBits.§r
11:52:49 §e[SkyHanni] §bYou have §352k §bmaterials in stash, §btotalling §35 types§b. §bClick to §3pickup §byour stash!§r
11:53:52 §e[SkyHanni] §bYou have §353k §bmaterials in stash, §btotalling §35 types§b. §bClick to §3pickup §byour stash!§r
11:53:58 §e[SkyHanni] You have gained §b30 §eBits.§r
11:54:01 §e[SkyHanni] You have gained §b10 §eBits.§r
11:54:30 §e[SkyHanni] You have gained §b10 §eBits.§r
11:55:02 §e[SkyHanni] Profit for §9Lapis Corpse§e: §62M§r
11:55:18 §e[SkyHanni] Profit for §9Lapis Corpse§e: §690k§r
11:55:44 §e[SkyHanni] You have gained §b10 §eBits.§r
11:56:13 §e[SkyHanni] Profit for §9Lapis Corpse§e: §6155k§r
11:57:03 §e[SkyHanni] §bYou have §355k §bmaterials in stash, §btotalling §36 types§b. §bClick to §3pickup §byour stash!§r
11:57:44 §e[SkyHanni] You have gained §b10 §eBits.§r
11:57:55 §e[SkyHanni] You have gained §b10 §eBits.§r
11:57:56 §e[SkyHanni] You have gained §b10 §eBits.§r
11:58:27 §e[SkyHanni] Profit for §9Lapis Corpse§e: §630k§r
11:58:31 §e[SkyHanni] Profit for §9Lapis Corpse§e: §6218k§r
12:00:10 §e[SkyHanni] Profit for §9Lapis Corpse§e: §6321k§r
12:00:10 §e[SkyHanni] §b+1 SkyBlock XP §7(HOTM Progression§7)§b (91/100)§r
12:00:37 §e[SkyHanni] §bYou have §356k §bmaterials in stash, §btotalling §36 types§b. §bClick to §3pickup §byour stash!§r
12:00:49 §e[SkyHanni] Profit for §9Lapis Corpse§e: §699k§r
12:01:40 §e[SkyHanni] You have gained §b40 §eBits.§r
12:01:41 §e[SkyHanni] You have gained §b30 §eBits.§r
12:02:10 §e[SkyHanni] You have gained §b10 §eBits.§r
12:03:19 §e[SkyHanni] You have gained §b10 §eBits.§r
12:03:32 §e[SkyHanni] §bYou have §357k §bmaterials in stash, §btotalling §36 types§b. §bClick to §3pickup §byour stash!§r
12:03:41 §e[SkyHanni] Profit for §9Lapis Corpse§e: §633k§r
12:04:12 §e[SkyHanni] Profit for §9Lapis Corpse§e: §647k§r
12:04:27 §e[SkyHanni] §bYou have §357k §bmaterials in stash, §btotalling §36 types§b. §bClick to §3pickup §byour stash!§r
12:05:25 §e[SkyHanni] §bYou have §358k §bmaterials in stash, §btotalling §36 types§b. §bClick to §3pickup §byour stash!§r
12:06:59 §e[SkyHanni] You have gained §b10 §eBits.§r
12:07:22 §e[SkyHanni] You have gained §b10 §eBits.§r
12:07:33 §e[SkyHanni] You have gained §b10 §eBits.§r
12:07:45 §e[SkyHanni] §bYou have §358k §bmaterials in stash, §btotalling §36 types§b. §bClick to §3pickup §byour stash!§r
12:08:14 §e[SkyHanni] You have gained §b10 §eBits.§r
12:08:25 §e[SkyHanni] Profit for §9Lapis Corpse§e: §6177k§r
12:08:37 §e[SkyHanni] Profit for §9Lapis Corpse§e: §6336k§r
12:08:53 §e[SkyHanni] Profit for §9Lapis Corpse§e: §6415k§r
12:09:10 §e[SkyHanni] §bYou have §360k §bmaterials in stash, §btotalling §36 types§b. §bClick to §3pickup §byour stash!§r
12:10:15 §e[SkyHanni] §b+1 SkyBlock XP §7(HOTM Progression§7)§b (92/100)§r
12:10:45 §e[SkyHanni] Profit for §9Lapis Corpse§e: §6565k§r
12:11:02 §e[SkyHanni] Profit for §9Lapis Corpse§e: §6381k§r
12:11:12 §e[SkyHanni] §bYou have §363k §bmaterials in stash, §btotalling §36 types§b. §bClick to §3pickup §byour stash!§r
12:11:39 §e[SkyHanni] You have gained §b40 §eBits.§r
12:12:07 §e[SkyHanni] Profit for §9Lapis Corpse§e: §6133k§r
12:12:28 §e[SkyHanni] Profit for §9Lapis Corpse§e: §697k§r
12:12:34 §e[SkyHanni] Profit for §9Lapis Corpse§e: §6168k§r
12:12:42 §e[SkyHanni] You have gained §b30 §eBits.§r
12:13:19 §e[SkyHanni] You have gained §b20 §eBits.§r
12:13:23 §e[SkyHanni] You have gained §b10 §eBits.§r
12:13:46 §e[SkyHanni] §bYou have §363k §bmaterials in stash, §btotalling §36 types§b. §bClick to §3pickup §byour stash!§r
12:13:53 §e[SkyHanni] You have gained §b20 §eBits.§r
12:14:07 §e[SkyHanni] You have gained §b10 §eBits.§r
12:14:21 §e[SkyHanni] Profit for §9Lapis Corpse§e: §646k§r
12:14:34 §e[SkyHanni] Profit for §9Lapis Corpse§e: §617k§r
12:15:16 §e[SkyHanni] §bYou have §365k §bmaterials in stash, §btotalling §37 types§b. §bClick to §3pickup §byour stash!§r
12:15:18 §e[SkyHanni] You have gained §b10 §eBits.§r
12:15:40 §e[SkyHanni] §lCLICK HERE§r§e to grab §ax2913 §9§a☘ Flawed Peridot Gemstone§e from sacks!§r
12:15:44 §e[SkyHanni] §lCLICK HERE§r§e to grab §ax239 §9§9☘ Fine Peridot Gemstone§e from sacks!§r
12:16:17 §e[SkyHanni] §bYou have §365k §bmaterials in stash, §btotalling §37 types§b. §bClick to §3pickup §byour stash!§r
12:16:31 §e[SkyHanni] Profit for §9Lapis Corpse§e: §6176k§r
12:16:31 §e[SkyHanni] §b+1 SkyBlock XP §7(HOTM Progression§7)§b (93/100)§r
12:17:10 §e[SkyHanni] §bYou have §367k §bmaterials in stash, §btotalling §37 types§b. §bClick to §3pickup §byour stash!§r
12:17:47 §e[SkyHanni] You have gained §b20 §eBits.§r
12:17:49 §e[SkyHanni] You have gained §b10 §eBits.§r
12:18:09 §e[SkyHanni] You have gained §b10 §eBits.§r
12:18:18 §e[SkyHanni] You have gained §b518 §eBits.§r
12:18:31 §e[SkyHanni] Profit for §9Lapis Corpse§e: §6168k§r
12:18:41 §e[SkyHanni] Profit for §9Lapis Corpse§e: §6117k§r
12:18:58 §e[SkyHanni] Profit for §9Lapis Corpse§e: §6135k§r
12:19:21 §e[SkyHanni] §bYou have §368k §bmaterials in stash, §btotalling §37 types§b. §bClick to §3pickup §byour stash!§r
12:20:03 §e[SkyHanni] §bYou have §369k §bmaterials in stash, §btotalling §37 types§b. §bClick to §3pickup §byour stash!§r
12:20:03 §e[SkyHanni] You have gained §b10 §eBits.§r
12:20:04 §e[SkyHanni] You have gained §b10 §eBits.§r
12:20:05 §e[SkyHanni] You have gained §b10 §eBits.§r
12:20:46 §e[SkyHanni] You have gained §b20 §eBits.§r
12:21:12 §e[SkyHanni] You have gained §b10 §eBits.§r
12:21:48 §e[SkyHanni] You have gained §b10 §eBits.§r
12:21:50 §e[SkyHanni] You have gained §b10 §eBits.§r
12:22:22 §e[SkyHanni] You have gained §b10 §eBits.§r
12:22:35 §e[SkyHanni] You have gained §b10 §eBits.§r
12:22:53 §e[SkyHanni] §bYou have §369k §bmaterials in stash, §btotalling §37 types§b. §bClick to §3pickup §byour stash!§r
12:23:07 §e[SkyHanni] You have gained §b10 §eBits.§r
12:23:34 §e[SkyHanni] You have gained §b10 §eBits.§r
12:23:49 §e[SkyHanni] You have gained §b10 §eBits.§r
12:24:22 §e[SkyHanni] You have gained §b10 §eBits.§r
12:24:51 §e[SkyHanni] You have gained §b10 §eBits.§r
12:25:04 §e[SkyHanni] You have gained §b20 §eBits.§r
12:25:43 §e[SkyHanni] You have gained §b10 §eBits.§r
12:25:53 §e[SkyHanni] You have gained §b10 §eBits.§r
12:26:33 §e[SkyHanni] You have gained §b10 §eBits.§r
12:26:59 §e[SkyHanni] You have gained §b10 §eBits.§r
12:27:24 §e[SkyHanni] You have gained §b10 §eBits.§r
12:27:39 §e[SkyHanni] You have gained §b10 §eBits.§r
12:28:05 §e[SkyHanni] You have gained §b10 §eBits.§r
12:28:32 §e[SkyHanni] You have gained §b10 §eBits.§r
12:29:07 §e[SkyHanni] You have gained §b10 §eBits.§r
12:29:27 §e[SkyHanni] You have gained §b10 §eBits.§r
12:31:06 §e[SkyHanni] You have gained §b20 §eBits.§r
12:31:20 §e[SkyHanni] You have gained §b10 §eBits.§r
12:31:49 §e[SkyHanni] You have gained §b10 §eBits.§r
12:32:25 §e[SkyHanni] You have gained §b10 §eBits.§r
12:32:35 §e[SkyHanni] You have gained §b10 §eBits.§r
12:33:03 §e[SkyHanni] Profit for §9Lapis Corpse§e: §676k§r
12:33:31 §e[SkyHanni] §bYou have §371k §bmaterials in stash, §btotalling §37 types§b. §bClick to §3pickup §byour stash!§r
12:33:33 §e[SkyHanni] Profit for §9Lapis Corpse§e: §6102k§r
12:34:10 §e[SkyHanni] You have gained §b30 §eBits.§r
12:34:33 §e[SkyHanni] Profit for §9Lapis Corpse§e: §6131k§r
12:34:53 §e[SkyHanni] Profit for §9Lapis Corpse§e: §641k§r
12:36:28 §e[SkyHanni] §bYou have §371k §bmaterials in stash, §btotalling §37 types§b. §bClick to §3pickup §byour stash!§r
12:36:53 §e[SkyHanni] Profit for §9Lapis Corpse§e: §6175k§r
12:36:53 §e[SkyHanni] §b+1 SkyBlock XP §7(HOTM Progression§7)§b (95/100)§r
12:36:57 §e[SkyHanni] You have gained §b30 §eBits.§r
12:37:02 §e[SkyHanni] You have gained §b10 §eBits.§r
12:37:16 §e[SkyHanni] You have gained §b10 §eBits.§r
12:37:50 §e[SkyHanni] You have gained §b10 §eBits.§r
12:39:07 §e[SkyHanni] Profit for §9Lapis Corpse§e: §669k§r
12:39:33 §e[SkyHanni] You have gained §b20 §eBits.§r
12:39:53 §e[SkyHanni] You have gained §b10 §eBits.§r
12:40:00 §e[SkyHanni] You have gained §b10 §eBits.§r
12:40:33 §e[SkyHanni] Profit for §9Lapis Corpse§e: §6559k§r
12:40:36 §e[SkyHanni] Profit for §9Lapis Corpse§e: §6100k§r
12:41:32 §e[SkyHanni] Profit for §9Lapis Corpse§e: §6277k§r
12:41:39 §e[SkyHanni] §bYou have §372k §bmaterials in stash, §btotalling §37 types§b. §bClick to §3pickup §byour stash!§r
12:42:09 §e[SkyHanni] You have gained §b30 §eBits.§r
12:42:11 §e[SkyHanni] You have gained §b10 §eBits.§r
12:43:20 §e[SkyHanni] Profit for §9Lapis Corpse§e: §669k§r
12:43:32 §e[SkyHanni] Profit for §9Lapis Corpse§e: §6363k§r
12:43:47 §e[SkyHanni] You have gained §b20 §eBits.§r
12:43:51 §e[SkyHanni] §bYou have §372k §bmaterials in stash, §btotalling §37 types§b. §bClick to §3pickup §byour stash!§r
12:44:17 §e[SkyHanni] You have gained §b10 §eBits.§r
12:44:36 §e[SkyHanni] You have gained §b10 §eBits.§r
12:45:09 §e[SkyHanni] You have gained §b20 §eBits.§r
12:45:45 §e[SkyHanni] You have gained §b10 §eBits.§r
12:47:01 §e[SkyHanni] §bYou have §374k §bmaterials in stash, §btotalling §37 types§b. §bClick to §3pickup §byour stash!§r
12:47:14 §e[SkyHanni] §b+1 SkyBlock XP §7(HOTM Progression§7)§b (96/100)§r
12:47:33 §e[SkyHanni] Profit for §9Lapis Corpse§e: §687k§r
12:48:01 §e[SkyHanni] §bYou have §375k §bmaterials in stash, §btotalling §37 types§b. §bClick to §3pickup §byour stash!§r
12:48:31 §e[SkyHanni] You have gained §b10 §eBits.§r
12:48:41 §e[SkyHanni] You have gained §b10 §eBits.§r
12:48:49 §e[SkyHanni] You have gained §b1,036 §eBits.§r
12:48:54 §e[SkyHanni] You have gained §b10 §eBits.§r
12:49:27 §e[SkyHanni] You have gained §b10 §eBits.§r
12:49:49 §e[SkyHanni] §bYou have §375k §bmaterials in stash, §btotalling §37 types§b. §bClick to §3pickup §byour stash!§r
12:49:58 §e[SkyHanni] You have gained §b10 §eBits.§r
12:50:05 §e[SkyHanni] You have gained §b10 §eBits.§r
12:50:38 §e[SkyHanni] Profit for §9Lapis Corpse§e: §6418k§r
12:50:42 §e[SkyHanni] Profit for §9Lapis Corpse§e: §628k§r
12:51:14 §e[SkyHanni] Profit for §9Lapis Corpse§e: §6198k§r
12:51:21 §e[SkyHanni] You have gained §b30 §eBits.§r
12:51:25 §e[SkyHanni] §bYou have §376k §bmaterials in stash, §btotalling §37 types§b. §bClick to §3pickup §byour stash!§r
12:52:06 §e[SkyHanni] You have gained §b10 §eBits.§r
12:52:48 §e[SkyHanni] Profit for §9Lapis Corpse§e: §648k§r
12:52:54 §e[SkyHanni] Profit for §9Lapis Corpse§e: §6776k§r
12:53:00 §e[SkyHanni] You have gained §b20 §eBits.§r
12:53:05 §e[SkyHanni] You have gained §b10 §eBits.§r
12:53:27 §e[SkyHanni] You have gained §b10 §eBits.§r
12:54:05 §e[SkyHanni] You have gained §b10 §eBits.§r
12:54:06 §e[SkyHanni] You have gained §b10 §eBits.§r
12:54:24 §e[SkyHanni] You have gained §b10 §eBits.§r
12:54:52 §e[SkyHanni] §bYou have §376k §bmaterials in stash, §btotalling §37 types§b. §bClick to §3pickup §byour stash!§r
12:55:17 §e[SkyHanni] You have gained §b10 §eBits.§r
12:55:28 §e[SkyHanni] You have gained §b10 §eBits.§r
12:55:52 §e[SkyHanni] §bYou have §376k §bmaterials in stash, §btotalling §37 types§b. §bClick to §3pickup §byour stash!§r
12:56:28 §e[SkyHanni] You have gained §b10 §eBits.§r
12:56:49 §e[SkyHanni] You have gained §b10 §eBits.§r
12:56:52 §e[SkyHanni] §bYou have §376k §bmaterials in stash, §btotalling §37 types§b. §bClick to §3pickup §byour stash!§r
12:57:34 §e[SkyHanni] You have gained §b10 §eBits.§r
12:57:43 §e[SkyHanni] You have gained §b10 §eBits.§r
12:58:12 §e[SkyHanni] You have gained §b10 §eBits.§r
12:58:26 §e[SkyHanni] Profit for §9Lapis Corpse§e: §6450k§r
12:59:01 §e[SkyHanni] Profit for §9Lapis Corpse§e: §688k§r
12:59:08 §e[SkyHanni] §bYou have §376k §bmaterials in stash, §btotalling §37 types§b. §bClick to §3pickup §byour stash!§r
12:59:51 §e[SkyHanni] You have gained §b10 §eBits.§r
12:59:52 §e[SkyHanni] §bYou have §377k §bmaterials in stash, §btotalling §37 types§b. §bClick to §3pickup §byour stash!§r
12:59:53 §e[SkyHanni] You have gained §b10 §eBits.§r
12:59:53 §e[SkyHanni] You have gained §b10 §eBits.§r
13:00:16 §e[SkyHanni] You have gained §b10 §eBits.§r
13:00:39 §e[SkyHanni] You have gained §b10 §eBits.§r
13:01:09 §e[SkyHanni] You have gained §b10 §eBits.§r
13:01:30 §e[SkyHanni] Profit for §9Lapis Corpse§e: §625k§r
13:01:56 §e[SkyHanni] §bYou have §378k §bmaterials in stash, §btotalling §37 types§b. §bClick to §3pickup §byour stash!§r
13:01:56 §e[SkyHanni] You have gained §b10 §eBits.§r
13:02:50 §e[SkyHanni] Profit for §9Lapis Corpse§e: §6209k§r
13:03:13 §e[SkyHanni] §bYou have §379k §bmaterials in stash, §btotalling §37 types§b. §bClick to §3pickup §byour stash!§r
13:03:20 §e[SkyHanni] Profit for §9Lapis Corpse§e: §633k§r
13:03:56 §e[SkyHanni] You have gained §b10 §eBits.§r
13:03:57 §e[SkyHanni] §bYou have §379k §bmaterials in stash, §btotalling §37 types§b. §bClick to §3pickup §byour stash!§r
13:03:58 §e[SkyHanni] You have gained §b10 §eBits.§r
13:05:02 §e[SkyHanni] You have gained §b10 §eBits.§r
13:05:03 §e[SkyHanni] §bYou have §380k §bmaterials in stash, §btotalling §37 types§b. §bClick to §3pickup §byour stash!§r
13:05:04 §e[SkyHanni] You have gained §b20 §eBits.§r
13:05:35 §e[SkyHanni] You have gained §b10 §eBits.§r
13:05:40 §e[SkyHanni] You have gained §b10 §eBits.§r
13:06:07 §e[SkyHanni] You have gained §b10 §eBits.§r
13:06:37 §e[SkyHanni] You have gained §b10 §eBits.§r
13:06:58 §e[SkyHanni] You have gained §b10 §eBits.§r
13:07:05 §e[SkyHanni] §bYou have §380k §bmaterials in stash, §btotalling §37 types§b. §bClick to §3pickup §byour stash!§r
13:07:25 §e[SkyHanni] You have gained §b10 §eBits.§r
13:08:27 §e[SkyHanni] You have gained §b10 §eBits.§r
13:09:08 §e[SkyHanni] You have gained §b10 §eBits.§r
13:09:09 §e[SkyHanni] You have gained §b10 §eBits.§r
13:10:06 §e[SkyHanni] You have gained §b10 §eBits.§r
13:10:36 §e[SkyHanni] You have gained §b10 §eBits.§r
13:10:41 §e[SkyHanni] You have gained §b10 §eBits.§r
13:10:54 §6§lBESTIARY §r§b§lGlacite Mage §7§8XIII §8➡§b §bXIV§r
13:10:54 §e[SkyHanni] §b+1 SkyBlock XP §7(HOTM Progression§7)§b (99/100)§r
13:11:18 §e[SkyHanni] Profit for §9Lapis Corpse§e: §617k§r
13:11:27 §e[SkyHanni] Profit for §9Lapis Corpse§e: §669k§r
13:11:42 §e[SkyHanni] §bYou have §382k §bmaterials in stash, §btotalling §37 types§b. §bClick to §3pickup §byour stash!§r
13:12:10 §e[SkyHanni] §bYou have §383k §bmaterials in stash, §btotalling §37 types§b. §bClick to §3pickup §byour stash!§r
13:12:42 §e[SkyHanni] You have gained §b10 §eBits.§r
13:13:00 §e[SkyHanni] Profit for §9Lapis Corpse§e: §6316k§r
13:13:11 §e[SkyHanni] Profit for §9Lapis Corpse§e: §6197k§r
13:13:45 §e[SkyHanni] §bYou have §384k §bmaterials in stash, §btotalling §37 types§b. §bClick to §3pickup §byour stash!§r
13:14:07 §e[SkyHanni] Profit for §9Lapis Corpse§e: §6117k§r
13:14:17 §e[SkyHanni] Profit for §9Lapis Corpse§e: §6230k§r
13:15:14 §e[SkyHanni] You have gained §b40 §eBits.§r
13:15:34 §e[SkyHanni] You have gained §b10 §eBits.§r
13:15:37 §e[SkyHanni] You have gained §b10 §eBits.§r
13:16:08 §e[SkyHanni] You have gained §b10 §eBits.§r
13:16:33 §e[SkyHanni] You have gained §b10 §eBits.§r
13:17:33 §e[SkyHanni] Profit for §9Lapis Corpse§e: §6120k§r
13:18:17 §e[SkyHanni] You have gained §b30 §eBits.§r
13:18:20 §e[SkyHanni] You have gained §b10 §eBits.§r
13:18:38 §e[SkyHanni] §bYou have §384k §bmaterials in stash, §btotalling §38 types§b. §bClick to §3pickup §byour stash!§r
13:18:48 §e[SkyHanni] You have gained §b10 §eBits.§r
13:18:55 §e[SkyHanni] You have gained §b20 §eBits.§r
13:18:58 §e[SkyHanni] You have gained §b518 §eBits.§r
13:19:18 §e[SkyHanni] You have gained §b10 §eBits.§r
13:19:52 §e[SkyHanni] You have gained §b10 §eBits.§r
13:20:16 §e[SkyHanni] You have gained §b10 §eBits.§r
13:21:15 §e[SkyHanni] You have gained §b10 §eBits.§r
13:21:24 §e[SkyHanni] §bNo Bits Available! §eClick to buy booster cookies on the bazaar.§r
13:21:24 §e[SkyHanni] You have gained §b6 §eBits.§r
13:22:01 §e[SkyHanni] Profit for §9Lapis Corpse§e: §679k§r
13:22:16 §e[SkyHanni] Profit for §9Lapis Corpse§e: §6137k§r
13:22:20 §e[SkyHanni] Profit for §9Lapis Corpse§e: §6360k§r
13:23:46 §e[SkyHanni] Profit for §9Lapis Corpse§e: §680k§r
