18:21:40 §d§l▬▬▬▬▬▬▬▬▬▬▬▬▬▬▬▬▬▬▬▬▬▬▬▬▬▬▬▬▬▬▬▬▬▬▬▬▬▬▬▬▬▬▬▬▬▬▬▬▬▬▬▬▬▬▬▬▬▬▬▬▬▬▬▬
                          §d§lHoppity's Hunt #44 Stats

    §7You found §b14§7/§a279 §6Chocolate Meal Eggs§7.

    §7Unique Rabbits: §f6
     §f2 §7- §a2 §7- §91 §7- §50 §7- §60 §7- §d1 §7- §b0

    §7Duplicate Rabbits: §f18
     §f7 §7- §a8 §7- §93 §7- §50 §7- §60 §7- §d0 §7- §b0
     §6+188,261,703 Chocolate
§d§l▬▬▬▬▬▬▬▬▬▬▬▬▬▬▬▬▬▬▬▬▬▬▬▬▬▬▬▬▬▬▬▬▬▬▬▬▬▬▬▬▬▬▬▬▬▬▬▬▬▬▬▬▬▬▬▬▬▬▬▬▬▬▬▬§r
18:21:43 §e[SkyHanni] §eYou have §66 §eitems in stash. §eClick to §6pickup §eyour stash!§r
18:21:43 §e[SkyHanni] §bYou have §395k §bmaterials in stash, §btotalling §319 types§b. §bClick to §3pickup §byour stash!§r
18:22:15 §e[SkyHanni] §eYou have §66 §eitems in stash. §eClick to §6pickup §eyour stash!§r
18:22:15 §e[SkyHanni] §bYou have §395k §bmaterials in stash, §btotalling §319 types§b. §bClick to §3pickup §byour stash!§r
18:23:16 §e[SkyHanni] §eYou have §66 §eitems in stash. §eClick to §6pickup §eyour stash!§r
18:23:16 §e[SkyHanni] §bYou have §395k §bmaterials in stash, §btotalling §319 types§b. §bClick to §3pickup §byour stash!§r
18:24:17 §e[SkyHanni] §eYou have §66 §eitems in stash. §eClick to §6pickup §eyour stash!§r
18:24:17 §e[SkyHanni] §bYou have §395k §bmaterials in stash, §btotalling §319 types§b. §bClick to §3pickup §byour stash!§r
18:24:18 §e[SkyHanni] §b+13 SkyBlock XP §7(HOTM Progression§7)§b (52/100)§r
18:24:23 §e[SkyHanni] §b+6 SkyBlock XP §7(HOTM Progression§7)§b (53/100)§r
18:24:36 §e[SkyHanni] §b+4 SkyBlock XP §7(HOTM Progression§7)§b (52/100)§r
18:24:46 §e[SkyHanni] §b+9 SkyBlock XP §7(HOTM Progression§7)§b (53/100)§r
18:24:57 §e[SkyHanni] §b+2 SkyBlock XP §7(HOTM Progression§7)§b (52/100)§r
18:25:18 §e[SkyHanni] §eYou have §66 §eitems in stash. §eClick to §6pickup §eyour stash!§r
18:25:18 §e[SkyHanni] §bYou have §395k §bmaterials in stash, §btotalling §319 types§b. §bClick to §3pickup §byour stash!§r
18:25:24 §e[SkyHanni] §eYou have §66 §eitems in stash. §eClick to §6pickup §eyour stash!§r
18:25:24 §e[SkyHanni] §bYou have §395k §bmaterials in stash, §btotalling §319 types§b. §bClick to §3pickup §byour stash!§r
18:25:26 §e[SkyHanni] §eYou have §66 §eitems in stash. §eClick to §6pickup §eyour stash!§r
18:25:26 §e[SkyHanni] §bYou have §395k §bmaterials in stash, §btotalling §319 types§b. §bClick to §3pickup §byour stash!§r
18:25:57 §e[SkyHanni] §eYou have §66 §eitems in stash. §eClick to §6pickup §eyour stash!§r
18:25:57 §e[SkyHanni] §bYou have §395k §bmaterials in stash, §btotalling §319 types§b. §bClick to §3pickup §byour stash!§r
18:25:58 §e[SkyHanni] §eYou have §66 §eitems in stash. §eClick to §6pickup §eyour stash!§r
18:25:58 §e[SkyHanni] §bYou have §395k §bmaterials in stash, §btotalling §319 types§b. §bClick to §3pickup §byour stash!§r
18:26:58 §e[SkyHanni] §eYou have §66 §eitems in stash. §eClick to §6pickup §eyour stash!§r
18:26:58 §e[SkyHanni] §bYou have §395k §bmaterials in stash, §btotalling §319 types§b. §bClick to §3pickup §byour stash!§r
18:27:59 §e[SkyHanni] §eYou have §66 §eitems in stash. §eClick to §6pickup §eyour stash!§r
18:27:59 §e[SkyHanni] §bYou have §395k §bmaterials in stash, §btotalling §319 types§b. §bClick to §3pickup §byour stash!§r
18:28:34 §e[SkyHanni] §eYou have §66 §eitems in stash. §eClick to §6pickup §eyour stash!§r
18:28:34 §e[SkyHanni] §bYou have §395k §bmaterials in stash, §btotalling §319 types§b. §bClick to §3pickup §byour stash!§r
18:28:49 §e[SkyHanni] §eYou have §66 §eitems in stash. §eClick to §6pickup §eyour stash!§r
18:28:49 §e[SkyHanni] §bYou have §395k §bmaterials in stash, §btotalling §319 types§b. §bClick to §3pickup §byour stash!§r
18:29:49 §e[SkyHanni] §eYou have §66 §eitems in stash. §eClick to §6pickup §eyour stash!§r
18:29:49 §e[SkyHanni] §bYou have §395k §bmaterials in stash, §btotalling §319 types§b. §bClick to §3pickup §byour stash!§r
18:30:50 §e[SkyHanni] §eYou have §66 §eitems in stash. §eClick to §6pickup §eyour stash!§r
18:30:50 §e[SkyHanni] §bYou have §395k §bmaterials in stash, §btotalling §319 types§b. §bClick to §3pickup §byour stash!§r
18:31:50 §e[SkyHanni] §eYou have §66 §eitems in stash. §eClick to §6pickup §eyour stash!§r
18:31:50 §e[SkyHanni] §bYou have §395k §bmaterials in stash, §btotalling §319 types§b. §bClick to §3pickup §byour stash!§r
18:32:53 §e[SkyHanni] §eYou have §66 §eitems in stash. §eClick to §6pickup §eyour stash!§r
18:32:53 §e[SkyHanni] §bYou have §395k §bmaterials in stash, §btotalling §319 types§b. §bClick to §3pickup §byour stash!§r
18:33:00 §e[SkyHanni] §eYou have §66 §eitems in stash. §eClick to §6pickup §eyour stash!§r
18:33:00 §e[SkyHanni] §bYou have §395k §bmaterials in stash, §btotalling §319 types§b. §bClick to §3pickup §byour stash!§r
18:33:05 §e[SkyHanni] §eYou have §66 §eitems in stash. §eClick to §6pickup §eyour stash!§r
18:33:05 §e[SkyHanni] §bYou have §395k §bmaterials in stash, §btotalling §319 types§b. §bClick to §3pickup §byour stash!§r
18:33:55 §e[SkyHanni] §eYou have §66 §eitems in stash. §eClick to §6pickup §eyour stash!§r
18:33:55 §e[SkyHanni] §bYou have §395k §bmaterials in stash, §btotalling §319 types§b. §bClick to §3pickup §byour stash!§r
18:34:56 §e[SkyHanni] §eYou have §66 §eitems in stash. §eClick to §6pickup §eyour stash!§r
18:34:56 §e[SkyHanni] §bYou have §395k §bmaterials in stash, §btotalling §319 types§b. §bClick to §3pickup §byour stash!§r
18:35:04 §e[SkyHanni] §b+1 SkyBlock XP §7(HOTM Progression§7)§b (53/100)§r
18:35:31 §e[SkyHanni] §eYou have §66 §eitems in stash. §eClick to §6pickup §eyour stash!§r
18:35:31 §e[SkyHanni] §bYou have §395k §bmaterials in stash, §btotalling §319 types§b. §bClick to §3pickup §byour stash!§r
18:35:41 §e[SkyHanni] §eYou have §66 §eitems in stash. §eClick to §6pickup §eyour stash!§r
18:35:41 §e[SkyHanni] §bYou have §395k §bmaterials in stash, §btotalling §319 types§b. §bClick to §3pickup §byour stash!§r
18:35:41 §e[SkyHanni] §eYou have §66 §eitems in stash. §eClick to §6pickup §eyour stash!§r
18:35:41 §e[SkyHanni] §bYou have §395k §bmaterials in stash, §btotalling §319 types§b. §bClick to §3pickup §byour stash!§r
18:36:42 §e[SkyHanni] §eYou have §66 §eitems in stash. §eClick to §6pickup §eyour stash!§r
18:36:42 §e[SkyHanni] §bYou have §395k §bmaterials in stash, §btotalling §319 types§b. §bClick to §3pickup §byour stash!§r
18:37:42 §e[SkyHanni] §eYou have §66 §eitems in stash. §eClick to §6pickup §eyour stash!§r
18:37:42 §e[SkyHanni] §bYou have §395k §bmaterials in stash, §btotalling §319 types§b. §bClick to §3pickup §byour stash!§r
18:38:42 §e[SkyHanni] §eYou have §66 §eitems in stash. §eClick to §6pickup §eyour stash!§r
18:38:42 §e[SkyHanni] §bYou have §395k §bmaterials in stash, §btotalling §319 types§b. §bClick to §3pickup §byour stash!§r
18:39:42 §e[SkyHanni] §eYou have §66 §eitems in stash. §eClick to §6pickup §eyour stash!§r
18:39:42 §e[SkyHanni] §bYou have §395k §bmaterials in stash, §btotalling §319 types§b. §bClick to §3pickup §byour stash!§r
18:40:42 §e[SkyHanni] §eYou have §66 §eitems in stash. §eClick to §6pickup §eyour stash!§r
18:40:42 §e[SkyHanni] §bYou have §395k §bmaterials in stash, §btotalling §319 types§b. §bClick to §3pickup §byour stash!§r
18:41:43 §e[SkyHanni] §eYou have §66 §eitems in stash. §eClick to §6pickup §eyour stash!§r
18:41:43 §e[SkyHanni] §bYou have §395k §bmaterials in stash, §btotalling §319 types§b. §bClick to §3pickup §byour stash!§r
18:42:43 §e[SkyHanni] §eYou have §66 §eitems in stash. §eClick to §6pickup §eyour stash!§r
18:42:43 §e[SkyHanni] §bYou have §395k §bmaterials in stash, §btotalling §319 types§b. §bClick to §3pickup §byour stash!§r
18:43:43 §e[SkyHanni] §eYou have §66 §eitems in stash. §eClick to §6pickup §eyour stash!§r
18:43:43 §e[SkyHanni] §bYou have §395k §bmaterials in stash, §btotalling §319 types§b. §bClick to §3pickup §byour stash!§r
18:44:43 §e[SkyHanni] §eYou have §66 §eitems in stash. §eClick to §6pickup §eyour stash!§r
18:44:43 §e[SkyHanni] §bYou have §395k §bmaterials in stash, §btotalling §319 types§b. §bClick to §3pickup §byour stash!§r
18:45:43 §e[SkyHanni] §eYou have §66 §eitems in stash. §eClick to §6pickup §eyour stash!§r
18:45:43 §e[SkyHanni] §bYou have §395k §bmaterials in stash, §btotalling §319 types§b. §bClick to §3pickup §byour stash!§r
18:46:43 §e[SkyHanni] §eYou have §66 §eitems in stash. §eClick to §6pickup §eyour stash!§r
18:46:43 §e[SkyHanni] §bYou have §395k §bmaterials in stash, §btotalling §319 types§b. §bClick to §3pickup §byour stash!§r
18:47:44 §e[SkyHanni] §eYou have §66 §eitems in stash. §eClick to §6pickup §eyour stash!§r
18:47:44 §e[SkyHanni] §bYou have §395k §bmaterials in stash, §btotalling §319 types§b. §bClick to §3pickup §byour stash!§r
18:48:44 §e[SkyHanni] §eYou have §66 §eitems in stash. §eClick to §6pickup §eyour stash!§r
18:48:44 §e[SkyHanni] §bYou have §395k §bmaterials in stash, §btotalling §319 types§b. §bClick to §3pickup §byour stash!§r
18:49:44 §e[SkyHanni] §eYou have §66 §eitems in stash. §eClick to §6pickup §eyour stash!§r
18:49:44 §e[SkyHanni] §bYou have §395k §bmaterials in stash, §btotalling §319 types§b. §bClick to §3pickup §byour stash!§r
18:50:44 §e[SkyHanni] §eYou have §66 §eitems in stash. §eClick to §6pickup §eyour stash!§r
18:50:44 §e[SkyHanni] §bYou have §395k §bmaterials in stash, §btotalling §319 types§b. §bClick to §3pickup §byour stash!§r
18:51:44 §e[SkyHanni] §eYou have §66 §eitems in stash. §eClick to §6pickup §eyour stash!§r
18:51:44 §e[SkyHanni] §bYou have §395k §bmaterials in stash, §btotalling §319 types§b. §bClick to §3pickup §byour stash!§r
18:52:44 §e[SkyHanni] §eYou have §66 §eitems in stash. §eClick to §6pickup §eyour stash!§r
18:52:44 §e[SkyHanni] §bYou have §395k §bmaterials in stash, §btotalling §319 types§b. §bClick to §3pickup §byour stash!§r
18:53:44 §e[SkyHanni] §eYou have §66 §eitems in stash. §eClick to §6pickup §eyour stash!§r
18:53:44 §e[SkyHanni] §bYou have §395k §bmaterials in stash, §btotalling §319 types§b. §bClick to §3pickup §byour stash!§r
18:54:45 §e[SkyHanni] §eYou have §66 §eitems in stash. §eClick to §6pickup §eyour stash!§r
18:54:45 §e[SkyHanni] §bYou have §395k §bmaterials in stash, §btotalling §319 types§b. §bClick to §3pickup §byour stash!§r
18:55:45 §e[SkyHanni] §eYou have §66 §eitems in stash. §eClick to §6pickup §eyour stash!§r
18:55:45 §e[SkyHanni] §bYou have §395k §bmaterials in stash, §btotalling §319 types§b. §bClick to §3pickup §byour stash!§r
18:56:30 §e[SkyHanni] §eYou have §66 §eitems in stash. §eClick to §6pickup §eyour stash!§r
18:56:30 §e[SkyHanni] §bYou have §395k §bmaterials in stash, §btotalling §319 types§b. §bClick to §3pickup §byour stash!§r
18:57:08 §e[SkyHanni] §eYou have §66 §eitems in stash. §eClick to §6pickup §eyour stash!§r
18:57:08 §e[SkyHanni] §bYou have §395k §bmaterials in stash, §btotalling §319 types§b. §bClick to §3pickup §byour stash!§r
18:57:13 §e[SkyHanni] §eYou have §66 §eitems in stash. §eClick to §6pickup §eyour stash!§r
18:57:13 §e[SkyHanni] §bYou have §395k §bmaterials in stash, §btotalling §319 types§b. §bClick to §3pickup §byour stash!§r
18:57:14 §e[SkyHanni] §eYou have §66 §eitems in stash. §eClick to §6pickup §eyour stash!§r
18:57:14 §e[SkyHanni] §bYou have §395k §bmaterials in stash, §btotalling §319 types§b. §bClick to §3pickup §byour stash!§r
18:57:21 §e[SkyHanni] §eYou have §66 §eitems in stash. §eClick to §6pickup §eyour stash!§r
18:57:21 §e[SkyHanni] §bYou have §395k §bmaterials in stash, §btotalling §319 types§b. §bClick to §3pickup §byour stash!§r
18:57:28 §e[SkyHanni] §eYou have §66 §eitems in stash. §eClick to §6pickup §eyour stash!§r
18:57:28 §e[SkyHanni] §bYou have §395k §bmaterials in stash, §btotalling §319 types§b. §bClick to §3pickup §byour stash!§r
18:57:59 §e[SkyHanni] §eYou have §66 §eitems in stash. §eClick to §6pickup §eyour stash!§r
18:57:59 §e[SkyHanni] §bYou have §395k §bmaterials in stash, §btotalling §319 types§b. §bClick to §3pickup §byour stash!§r
18:59:00 §e[SkyHanni] §eYou have §66 §eitems in stash. §eClick to §6pickup §eyour stash!§r
18:59:00 §e[SkyHanni] §bYou have §395k §bmaterials in stash, §btotalling §319 types§b. §bClick to §3pickup §byour stash!§r
19:00:01 §e[SkyHanni] §eYou have §66 §eitems in stash. §eClick to §6pickup §eyour stash!§r
19:00:01 §e[SkyHanni] §bYou have §395k §bmaterials in stash, §btotalling §319 types§b. §bClick to §3pickup §byour stash!§r
19:01:01 §e[SkyHanni] §eYou have §66 §eitems in stash. §eClick to §6pickup §eyour stash!§r
19:01:01 §e[SkyHanni] §bYou have §395k §bmaterials in stash, §btotalling §319 types§b. §bClick to §3pickup §byour stash!§r
19:02:02 §e[SkyHanni] §eYou have §66 §eitems in stash. §eClick to §6pickup §eyour stash!§r
19:02:02 §e[SkyHanni] §bYou have §395k §bmaterials in stash, §btotalling §319 types§b. §bClick to §3pickup §byour stash!§r
19:03:03 §e[SkyHanni] §eYou have §66 §eitems in stash. §eClick to §6pickup §eyour stash!§r
19:03:03 §e[SkyHanni] §bYou have §395k §bmaterials in stash, §btotalling §319 types§b. §bClick to §3pickup §byour stash!§r
19:04:03 §e[SkyHanni] §eYou have §66 §eitems in stash. §eClick to §6pickup §eyour stash!§r
19:04:03 §e[SkyHanni] §bYou have §395k §bmaterials in stash, §btotalling §319 types§b. §bClick to §3pickup §byour stash!§r
19:05:04 §e[SkyHanni] §eYou have §66 §eitems in stash. §eClick to §6pickup §eyour stash!§r
19:05:04 §e[SkyHanni] §bYou have §395k §bmaterials in stash, §btotalling §319 types§b. §bClick to §3pickup §byour stash!§r
19:06:05 §e[SkyHanni] §eYou have §66 §eitems in stash. §eClick to §6pickup §eyour stash!§r
19:06:05 §e[SkyHanni] §bYou have §395k §bmaterials in stash, §btotalling §319 types§b. §bClick to §3pickup §byour stash!§r
19:07:06 §e[SkyHanni] §eYou have §66 §eitems in stash. §eClick to §6pickup §eyour stash!§r
19:07:06 §e[SkyHanni] §bYou have §395k §bmaterials in stash, §btotalling §319 types§b. §bClick to §3pickup §byour stash!§r
19:08:06 §e[SkyHanni] §eYou have §66 §eitems in stash. §eClick to §6pickup §eyour stash!§r
19:08:06 §e[SkyHanni] §bYou have §395k §bmaterials in stash, §btotalling §319 types§b. §bClick to §3pickup §byour stash!§r
19:09:07 §e[SkyHanni] §eYou have §66 §eitems in stash. §eClick to §6pickup §eyour stash!§r
19:09:07 §e[SkyHanni] §bYou have §395k §bmaterials in stash, §btotalling §319 types§b. §bClick to §3pickup §byour stash!§r
19:10:08 §e[SkyHanni] §eYou have §66 §eitems in stash. §eClick to §6pickup §eyour stash!§r
19:10:08 §e[SkyHanni] §bYou have §395k §bmaterials in stash, §btotalling §319 types§b. §bClick to §3pickup §byour stash!§r
19:11:08 §e[SkyHanni] §eYou have §66 §eitems in stash. §eClick to §6pickup §eyour stash!§r
19:11:08 §e[SkyHanni] §bYou have §395k §bmaterials in stash, §btotalling §319 types§b. §bClick to §3pickup §byour stash!§r
19:12:09 §e[SkyHanni] §eYou have §66 §eitems in stash. §eClick to §6pickup §eyour stash!§r
19:12:09 §e[SkyHanni] §bYou have §395k §bmaterials in stash, §btotalling §319 types§b. §bClick to §3pickup §byour stash!§r
19:13:10 §e[SkyHanni] §eYou have §66 §eitems in stash. §eClick to §6pickup §eyour stash!§r
19:13:10 §e[SkyHanni] §bYou have §395k §bmaterials in stash, §btotalling §319 types§b. §bClick to §3pickup §byour stash!§r
19:14:10 §e[SkyHanni] §eYou have §66 §eitems in stash. §eClick to §6pickup §eyour stash!§r
19:14:10 §e[SkyHanni] §bYou have §395k §bmaterials in stash, §btotalling §319 types§b. §bClick to §3pickup §byour stash!§r
19:15:11 §e[SkyHanni] §eYou have §66 §eitems in stash. §eClick to §6pickup §eyour stash!§r
19:15:11 §e[SkyHanni] §bYou have §395k §bmaterials in stash, §btotalling §319 types§b. §bClick to §3pickup §byour stash!§r
19:16:12 §e[SkyHanni] §eYou have §66 §eitems in stash. §eClick to §6pickup §eyour stash!§r
19:16:12 §e[SkyHanni] §bYou have §395k §bmaterials in stash, §btotalling §319 types§b. §bClick to §3pickup §byour stash!§r
19:17:12 §e[SkyHanni] §eYou have §66 §eitems in stash. §eClick to §6pickup §eyour stash!§r
19:17:12 §e[SkyHanni] §bYou have §395k §bmaterials in stash, §btotalling §319 types§b. §bClick to §3pickup §byour stash!§r
19:18:13 §e[SkyHanni] §eYou have §66 §eitems in stash. §eClick to §6pickup §eyour stash!§r
19:18:13 §e[SkyHanni] §bYou have §395k §bmaterials in stash, §btotalling §319 types§b. §bClick to §3pickup §byour stash!§r
19:19:13 §e[SkyHanni] §eYou have §66 §eitems in stash. §eClick to §6pickup §eyour stash!§r
19:19:13 §e[SkyHanni] §bYou have §395k §bmaterials in stash, §btotalling §319 types§b. §bClick to §3pickup §byour stash!§r
19:20:14 §e[SkyHanni] §eYou have §66 §eitems in stash. §eClick to §6pickup §eyour stash!§r
19:20:14 §e[SkyHanni] §bYou have §395k §bmaterials in stash, §btotalling §319 types§b. §bClick to §3pickup §byour stash!§r
19:21:15 §e[SkyHanni] §eYou have §66 §eitems in stash. §eClick to §6pickup §eyour stash!§r
19:21:15 §e[SkyHanni] §bYou have §395k §bmaterials in stash, §btotalling §319 types§b. §bClick to §3pickup §byour stash!§r
19:22:15 §e[SkyHanni] §eYou have §66 §eitems in stash. §eClick to §6pickup §eyour stash!§r
19:22:15 §e[SkyHanni] §bYou have §395k §bmaterials in stash, §btotalling §319 types§b. §bClick to §3pickup §byour stash!§r
19:23:16 §e[SkyHanni] §eYou have §66 §eitems in stash. §eClick to §6pickup §eyour stash!§r
19:23:16 §e[SkyHanni] §bYou have §395k §bmaterials in stash, §btotalling §319 types§b. §bClick to §3pickup §byour stash!§r
19:24:16 §e[SkyHanni] §eYou have §66 §eitems in stash. §eClick to §6pickup §eyour stash!§r
19:24:16 §e[SkyHanni] §bYou have §395k §bmaterials in stash, §btotalling §319 types§b. §bClick to §3pickup §byour stash!§r
19:25:17 §e[SkyHanni] §eYou have §66 §eitems in stash. §eClick to §6pickup §eyour stash!§r
19:25:17 §e[SkyHanni] §bYou have §395k §bmaterials in stash, §btotalling §319 types§b. §bClick to §3pickup §byour stash!§r
19:26:17 §e[SkyHanni] §eYou have §66 §eitems in stash. §eClick to §6pickup §eyour stash!§r
19:26:17 §e[SkyHanni] §bYou have §395k §bmaterials in stash, §btotalling §319 types§b. §bClick to §3pickup §byour stash!§r
19:27:18 §e[SkyHanni] §eYou have §66 §eitems in stash. §eClick to §6pickup §eyour stash!§r
19:27:18 §e[SkyHanni] §bYou have §395k §bmaterials in stash, §btotalling §319 types§b. §bClick to §3pickup §byour stash!§r
19:28:19 §e[SkyHanni] §eYou have §66 §eitems in stash. §eClick to §6pickup §eyour stash!§r
19:28:19 §e[SkyHanni] §bYou have §395k §bmaterials in stash, §btotalling §319 types§b. §bClick to §3pickup §byour stash!§r
19:29:19 §e[SkyHanni] §eYou have §66 §eitems in stash. §eClick to §6pickup §eyour stash!§r
19:29:19 §e[SkyHanni] §bYou have §395k §bmaterials in stash, §btotalling §319 types§b. §bClick to §3pickup §byour stash!§r
19:30:20 §e[SkyHanni] §eYou have §66 §eitems in stash. §eClick to §6pickup §eyour stash!§r
19:30:20 §e[SkyHanni] §bYou have §395k §bmaterials in stash, §btotalling §319 types§b. §bClick to §3pickup §byour stash!§r
19:31:21 §e[SkyHanni] §eYou have §66 §eitems in stash. §eClick to §6pickup §eyour stash!§r
19:31:21 §e[SkyHanni] §bYou have §395k §bmaterials in stash, §btotalling §319 types§b. §bClick to §3pickup §byour stash!§r
19:32:22 §e[SkyHanni] §eYou have §66 §eitems in stash. §eClick to §6pickup §eyour stash!§r
19:32:22 §e[SkyHanni] §bYou have §395k §bmaterials in stash, §btotalling §319 types§b. §bClick to §3pickup §byour stash!§r
19:33:23 §e[SkyHanni] §eYou have §66 §eitems in stash. §eClick to §6pickup §eyour stash!§r
19:33:23 §e[SkyHanni] §bYou have §395k §bmaterials in stash, §btotalling §319 types§b. §bClick to §3pickup §byour stash!§r
19:34:23 §e[SkyHanni] §eYou have §66 §eitems in stash. §eClick to §6pickup §eyour stash!§r
19:34:23 §e[SkyHanni] §bYou have §395k §bmaterials in stash, §btotalling §319 types§b. §bClick to §3pickup §byour stash!§r
19:35:24 §e[SkyHanni] §eYou have §66 §eitems in stash. §eClick to §6pickup §eyour stash!§r
19:35:24 §e[SkyHanni] §bYou have §395k §bmaterials in stash, §btotalling §319 types§b. §bClick to §3pickup §byour stash!§r
19:36:26 §e[SkyHanni] §eYou have §66 §eitems in stash. §eClick to §6pickup §eyour stash!§r
19:36:26 §e[SkyHanni] §bYou have §395k §bmaterials in stash, §btotalling §319 types§b. §bClick to §3pickup §byour stash!§r
19:37:26 §e[SkyHanni] §eYou have §66 §eitems in stash. §eClick to §6pickup §eyour stash!§r
19:37:26 §e[SkyHanni] §bYou have §395k §bmaterials in stash, §btotalling §319 types§b. §bClick to §3pickup §byour stash!§r
19:38:27 §e[SkyHanni] §eYou have §66 §eitems in stash. §eClick to §6pickup §eyour stash!§r
19:38:27 §e[SkyHanni] §bYou have §395k §bmaterials in stash, §btotalling §319 types§b. §bClick to §3pickup §byour stash!§r
19:39:27 §e[SkyHanni] §eYou have §66 §eitems in stash. §eClick to §6pickup §eyour stash!§r
19:39:27 §e[SkyHanni] §bYou have §395k §bmaterials in stash, §btotalling §319 types§b. §bClick to §3pickup §byour stash!§r
19:40:28 §e[SkyHanni] §eYou have §66 §eitems in stash. §eClick to §6pickup §eyour stash!§r
19:40:28 §e[SkyHanni] §bYou have §395k §bmaterials in stash, §btotalling §319 types§b. §bClick to §3pickup §byour stash!§r
19:41:29 §e[SkyHanni] §eYou have §66 §eitems in stash. §eClick to §6pickup §eyour stash!§r
19:41:29 §e[SkyHanni] §bYou have §395k §bmaterials in stash, §btotalling §319 types§b. §bClick to §3pickup §byour stash!§r
19:42:29 §e[SkyHanni] §eYou have §66 §eitems in stash. §eClick to §6pickup §eyour stash!§r
19:42:29 §e[SkyHanni] §bYou have §395k §bmaterials in stash, §btotalling §319 types§b. §bClick to §3pickup §byour stash!§r
19:43:30 §e[SkyHanni] §eYou have §66 §eitems in stash. §eClick to §6pickup §eyour stash!§r
19:43:30 §e[SkyHanni] §bYou have §395k §bmaterials in stash, §btotalling §319 types§b. §bClick to §3pickup §byour stash!§r
19:44:31 §e[SkyHanni] §eYou have §66 §eitems in stash. §eClick to §6pickup §eyour stash!§r
19:44:31 §e[SkyHanni] §bYou have §395k §bmaterials in stash, §btotalling §319 types§b. §bClick to §3pickup §byour stash!§r
19:45:31 §e[SkyHanni] §eYou have §66 §eitems in stash. §eClick to §6pickup §eyour stash!§r
19:45:31 §e[SkyHanni] §bYou have §395k §bmaterials in stash, §btotalling §319 types§b. §bClick to §3pickup §byour stash!§r
19:46:32 §e[SkyHanni] §eYou have §66 §eitems in stash. §eClick to §6pickup §eyour stash!§r
19:46:32 §e[SkyHanni] §bYou have §395k §bmaterials in stash, §btotalling §319 types§b. §bClick to §3pickup §byour stash!§r
19:47:33 §e[SkyHanni] §eYou have §66 §eitems in stash. §eClick to §6pickup §eyour stash!§r
19:47:33 §e[SkyHanni] §bYou have §395k §bmaterials in stash, §btotalling §319 types§b. §bClick to §3pickup §byour stash!§r
19:48:03 §e[SkyHanni] §eYou have §66 §eitems in stash. §eClick to §6pickup §eyour stash!§r
19:48:03 §e[SkyHanni] §bYou have §395k §bmaterials in stash, §btotalling §319 types§b. §bClick to §3pickup §byour stash!§r
19:48:03 §e[SkyHanni] §eYou have §66 §eitems in stash. §eClick to §6pickup §eyour stash!§r
19:48:03 §e[SkyHanni] §bYou have §395k §bmaterials in stash, §btotalling §319 types§b. §bClick to §3pickup §byour stash!§r
19:49:04 §e[SkyHanni] §eYou have §66 §eitems in stash. §eClick to §6pickup §eyour stash!§r
19:49:04 §e[SkyHanni] §bYou have §395k §bmaterials in stash, §btotalling §319 types§b. §bClick to §3pickup §byour stash!§r
19:50:04 §e[SkyHanni] §eYou have §66 §eitems in stash. §eClick to §6pickup §eyour stash!§r
19:50:04 §e[SkyHanni] §bYou have §395k §bmaterials in stash, §btotalling §319 types§b. §bClick to §3pickup §byour stash!§r
19:51:04 §e[SkyHanni] §eYou have §66 §eitems in stash. §eClick to §6pickup §eyour stash!§r
19:51:04 §e[SkyHanni] §bYou have §395k §bmaterials in stash, §btotalling §319 types§b. §bClick to §3pickup §byour stash!§r
19:52:05 §e[SkyHanni] §eYou have §66 §eitems in stash. §eClick to §6pickup §eyour stash!§r
19:52:05 §e[SkyHanni] §bYou have §395k §bmaterials in stash, §btotalling §319 types§b. §bClick to §3pickup §byour stash!§r
19:53:05 §e[SkyHanni] §eYou have §66 §eitems in stash. §eClick to §6pickup §eyour stash!§r
19:53:05 §e[SkyHanni] §bYou have §395k §bmaterials in stash, §btotalling §319 types§b. §bClick to §3pickup §byour stash!§r
19:53:12 §e[SkyHanni] §lCLICK HERE§r§e to grab §ax2246 §9§a✧ Flawed Topaz Gemstone§e from sacks!§r
19:53:19 §e[SkyHanni] §lCLICK HERE§r§e to grab §ax398 §9§9✧ Fine Topaz Gemstone§e from sacks!§r
19:54:06 §e[SkyHanni] §eYou have §66 §eitems in stash. §eClick to §6pickup §eyour stash!§r
19:54:06 §e[SkyHanni] §bYou have §395k §bmaterials in stash, §btotalling §319 types§b. §bClick to §3pickup §byour stash!§r
19:54:45 §e[SkyHanni] §eYou have §66 §eitems in stash. §eClick to §6pickup §eyour stash!§r
19:54:45 §e[SkyHanni] §bYou have §395k §bmaterials in stash, §btotalling §319 types§b. §bClick to §3pickup §byour stash!§r
19:54:49 §e[SkyHanni] §eYou have §66 §eitems in stash. §eClick to §6pickup §eyour stash!§r
19:54:49 §e[SkyHanni] §bYou have §395k §bmaterials in stash, §btotalling §319 types§b. §bClick to §3pickup §byour stash!§r
19:54:50 §e[SkyHanni] §b+15 SkyBlock XP §7(Pet Score§7)§b (68/100)§r
19:54:51 §e[SkyHanni] §b+15 SkyBlock XP §7(Pet Score§7)§b (83/100)§r
19:55:50 §e[SkyHanni] §eYou have §66 §eitems in stash. §eClick to §6pickup §eyour stash!§r
19:55:50 §e[SkyHanni] §bYou have §395k §bmaterials in stash, §btotalling §319 types§b. §bClick to §3pickup §byour stash!§r
21:05:13 §e[SkyHanni] §eYou have §66 §eitems in stash. §eClick to §6pickup §eyour stash!§r
21:05:13 §e[SkyHanni] §bYou have §395k §bmaterials in stash, §btotalling §319 types§b. §bClick to §3pickup §byour stash!§r
21:05:31 §e[SkyHanni] §eYou have §66 §eitems in stash. §eClick to §6pickup §eyour stash!§r
21:05:31 §e[SkyHanni] §bYou have §395k §bmaterials in stash, §btotalling §319 types§b. §bClick to §3pickup §byour stash!§r
21:06:31 §e[SkyHanni] §eYou have §66 §eitems in stash. §eClick to §6pickup §eyour stash!§r
21:06:31 §e[SkyHanni] §bYou have §395k §bmaterials in stash, §btotalling §319 types§b. §bClick to §3pickup §byour stash!§r
21:07:32 §e[SkyHanni] §eYou have §66 §eitems in stash. §eClick to §6pickup §eyour stash!§r
21:07:32 §e[SkyHanni] §bYou have §395k §bmaterials in stash, §btotalling §319 types§b. §bClick to §3pickup §byour stash!§r
21:08:32 §e[SkyHanni] §eYou have §66 §eitems in stash. §eClick to §6pickup §eyour stash!§r
21:08:32 §e[SkyHanni] §bYou have §395k §bmaterials in stash, §btotalling §319 types§b. §bClick to §3pickup §byour stash!§r
21:09:33 §e[SkyHanni] §eYou have §66 §eitems in stash. §eClick to §6pickup §eyour stash!§r
21:09:33 §e[SkyHanni] §bYou have §395k §bmaterials in stash, §btotalling §319 types§b. §bClick to §3pickup §byour stash!§r
21:10:34 §e[SkyHanni] §eYou have §66 §eitems in stash. §eClick to §6pickup §eyour stash!§r
21:10:34 §e[SkyHanni] §bYou have §395k §bmaterials in stash, §btotalling §319 types§b. §bClick to §3pickup §byour stash!§r
21:11:34 §e[SkyHanni] §eYou have §66 §eitems in stash. §eClick to §6pickup §eyour stash!§r
21:11:34 §e[SkyHanni] §bYou have §395k §bmaterials in stash, §btotalling §319 types§b. §bClick to §3pickup §byour stash!§r
21:12:34 §e[SkyHanni] §eYou have §66 §eitems in stash. §eClick to §6pickup §eyour stash!§r
21:12:34 §e[SkyHanni] §bYou have §395k §bmaterials in stash, §btotalling §319 types§b. §bClick to §3pickup §byour stash!§r
21:13:35 §e[SkyHanni] §eYou have §66 §eitems in stash. §eClick to §6pickup §eyour stash!§r
21:13:35 §e[SkyHanni] §bYou have §395k §bmaterials in stash, §btotalling §319 types§b. §bClick to §3pickup §byour stash!§r
21:14:36 §e[SkyHanni] §eYou have §66 §eitems in stash. §eClick to §6pickup §eyour stash!§r
21:14:36 §e[SkyHanni] §bYou have §395k §bmaterials in stash, §btotalling §319 types§b. §bClick to §3pickup §byour stash!§r
21:15:36 §e[SkyHanni] §eYou have §66 §eitems in stash. §eClick to §6pickup §eyour stash!§r
21:15:36 §e[SkyHanni] §bYou have §395k §bmaterials in stash, §btotalling §319 types§b. §bClick to §3pickup §byour stash!§r
21:16:37 §e[SkyHanni] §eYou have §66 §eitems in stash. §eClick to §6pickup §eyour stash!§r
21:16:37 §e[SkyHanni] §bYou have §395k §bmaterials in stash, §btotalling §319 types§b. §bClick to §3pickup §byour stash!§r
21:17:37 §e[SkyHanni] §eYou have §66 §eitems in stash. §eClick to §6pickup §eyour stash!§r
21:17:37 §e[SkyHanni] §bYou have §395k §bmaterials in stash, §btotalling §319 types§b. §bClick to §3pickup §byour stash!§r
21:18:38 §e[SkyHanni] §eYou have §66 §eitems in stash. §eClick to §6pickup §eyour stash!§r
21:18:38 §e[SkyHanni] §bYou have §395k §bmaterials in stash, §btotalling §319 types§b. §bClick to §3pickup §byour stash!§r
21:19:38 §e[SkyHanni] §eYou have §66 §eitems in stash. §eClick to §6pickup §eyour stash!§r
21:19:38 §e[SkyHanni] §bYou have §395k §bmaterials in stash, §btotalling §319 types§b. §bClick to §3pickup §byour stash!§r
21:20:39 §e[SkyHanni] §eYou have §66 §eitems in stash. §eClick to §6pickup §eyour stash!§r
21:20:39 §e[SkyHanni] §bYou have §395k §bmaterials in stash, §btotalling §319 types§b. §bClick to §3pickup §byour stash!§r
21:21:39 §e[SkyHanni] §eYou have §66 §eitems in stash. §eClick to §6pickup §eyour stash!§r
21:21:39 §e[SkyHanni] §bYou have §395k §bmaterials in stash, §btotalling §319 types§b. §bClick to §3pickup §byour stash!§r
21:22:40 §e[SkyHanni] §eYou have §66 §eitems in stash. §eClick to §6pickup §eyour stash!§r
21:22:40 §e[SkyHanni] §bYou have §395k §bmaterials in stash, §btotalling §319 types§b. §bClick to §3pickup §byour stash!§r
21:23:39 §e[SkyHanni] §eYou have §66 §eitems in stash. §eClick to §6pickup §eyour stash!§r
21:23:39 §e[SkyHanni] §bYou have §395k §bmaterials in stash, §btotalling §319 types§b. §bClick to §3pickup §byour stash!§r
21:23:44 §e[SkyHanni] §eYou have §66 §eitems in stash. §eClick to §6pickup §eyour stash!§r
21:23:44 §e[SkyHanni] §bYou have §395k §bmaterials in stash, §btotalling §319 types§b. §bClick to §3pickup §byour stash!§r
21:24:45 §e[SkyHanni] §eYou have §66 §eitems in stash. §eClick to §6pickup §eyour stash!§r
21:24:45 §e[SkyHanni] §bYou have §395k §bmaterials in stash, §btotalling §319 types§b. §bClick to §3pickup §byour stash!§r
21:25:28 §e[SkyHanni] §eYou have §66 §eitems in stash. §eClick to §6pickup §eyour stash!§r
21:25:28 §e[SkyHanni] §bYou have §397k §bmaterials in stash, §btotalling §320 types§b. §bClick to §3pickup §byour stash!§r
21:25:29 §e[SkyHanni] §eYou have §66 §eitems in stash. §eClick to §6pickup §eyour stash!§r
21:25:29 §e[SkyHanni] §bYou have §397k §bmaterials in stash, §btotalling §320 types§b. §bClick to §3pickup §byour stash!§r
21:25:51 §e[SkyHanni] §eYou have §66 §eitems in stash. §eClick to §6pickup §eyour stash!§r
21:25:51 §e[SkyHanni] §bYou have §397k §bmaterials in stash, §btotalling §320 types§b. §bClick to §3pickup §byour stash!§r
21:26:03 §e[SkyHanni] §eYou have §66 §eitems in stash. §eClick to §6pickup §eyour stash!§r
21:26:03 §e[SkyHanni] §bYou have §397k §bmaterials in stash, §btotalling §320 types§b. §bClick to §3pickup §byour stash!§r
21:26:07 §e[SkyHanni] §eYou have §66 §eitems in stash. §eClick to §6pickup §eyour stash!§r
21:26:07 §e[SkyHanni] §bYou have §397k §bmaterials in stash, §btotalling §320 types§b. §bClick to §3pickup §byour stash!§r
21:26:13 §e[SkyHanni] §eYou have §66 §eitems in stash. §eClick to §6pickup §eyour stash!§r
21:26:13 §e[SkyHanni] §bYou have §397k §bmaterials in stash, §btotalling §320 types§b. §bClick to §3pickup §byour stash!§r
21:26:18 §e[SkyHanni] §eYou have §66 §eitems in stash. §eClick to §6pickup §eyour stash!§r
21:26:18 §e[SkyHanni] §bYou have §397k §bmaterials in stash, §btotalling §320 types§b. §bClick to §3pickup §byour stash!§r
21:26:59 §e[SkyHanni] §eYou have §66 §eitems in stash. §eClick to §6pickup §eyour stash!§r
21:26:59 §e[SkyHanni] §bYou have §397k §bmaterials in stash, §btotalling §320 types§b. §bClick to §3pickup §byour stash!§r
21:28:01 §e[SkyHanni] §eYou have §66 §eitems in stash. §eClick to §6pickup §eyour stash!§r
21:28:01 §e[SkyHanni] §bYou have §399k §bmaterials in stash, §btotalling §321 types§b. §bClick to §3pickup §byour stash!§r
21:29:02 §e[SkyHanni] §eYou have §66 §eitems in stash. §eClick to §6pickup §eyour stash!§r
21:29:02 §e[SkyHanni] §bYou have §3102k §bmaterials in stash, §btotalling §322 types§b. §bClick to §3pickup §byour stash!§r
21:30:03 §e[SkyHanni] §eYou have §66 §eitems in stash. §eClick to §6pickup §eyour stash!§r
21:30:03 §e[SkyHanni] §bYou have §3104k §bmaterials in stash, §btotalling §322 types§b. §bClick to §3pickup §byour stash!§r
21:31:02 §e[SkyHanni] §eYou have §66 §eitems in stash. §eClick to §6pickup §eyour stash!§r
21:31:02 §e[SkyHanni] §bYou have §3108k §bmaterials in stash, §btotalling §322 types§b. §bClick to §3pickup §byour stash!§r
21:31:09 §e[SkyHanni] §eYou have §66 §eitems in stash. §eClick to §6pickup §eyour stash!§r
21:31:09 §e[SkyHanni] §bYou have §3108k §bmaterials in stash, §btotalling §322 types§b. §bClick to §3pickup §byour stash!§r
21:31:45 §e[SkyHanni] §eYou have §66 §eitems in stash. §eClick to §6pickup §eyour stash!§r
21:31:45 §e[SkyHanni] §bYou have §3122k §bmaterials in stash, §btotalling §323 types§b. §bClick to §3pickup §byour stash!§r
21:32:45 §e[SkyHanni] §eYou have §66 §eitems in stash. §eClick to §6pickup §eyour stash!§r
21:32:45 §e[SkyHanni] §bYou have §3128k §bmaterials in stash, §btotalling §324 types§b. §bClick to §3pickup §byour stash!§r
21:33:46 §e[SkyHanni] §eYou have §66 §eitems in stash. §eClick to §6pickup §eyour stash!§r
21:33:46 §e[SkyHanni] §bYou have §3135k §bmaterials in stash, §btotalling §324 types§b. §bClick to §3pickup §byour stash!§r
21:34:47 §e[SkyHanni] §eYou have §66 §eitems in stash. §eClick to §6pickup §eyour stash!§r
21:34:47 §e[SkyHanni] §bYou have §3136k §bmaterials in stash, §btotalling §324 types§b. §bClick to §3pickup §byour stash!§r
21:35:48 §e[SkyHanni] §eYou have §66 §eitems in stash. §eClick to §6pickup §eyour stash!§r
21:35:48 §e[SkyHanni] §bYou have §3142k §bmaterials in stash, §btotalling §324 types§b. §bClick to §3pickup §byour stash!§r
21:36:48 §e[SkyHanni] §eYou have §66 §eitems in stash. §eClick to §6pickup §eyour stash!§r
21:36:48 §e[SkyHanni] §bYou have §3149k §bmaterials in stash, §btotalling §324 types§b. §bClick to §3pickup §byour stash!§r
21:37:50 §e[SkyHanni] §eYou have §66 §eitems in stash. §eClick to §6pickup §eyour stash!§r
21:37:50 §e[SkyHanni] §bYou have §3149k §bmaterials in stash, §btotalling §324 types§b. §bClick to §3pickup §byour stash!§r
21:38:51 §e[SkyHanni] §eYou have §66 §eitems in stash. §eClick to §6pickup §eyour stash!§r
21:38:51 §e[SkyHanni] §bYou have §3150k §bmaterials in stash, §btotalling §324 types§b. §bClick to §3pickup §byour stash!§r
21:39:51 §e[SkyHanni] §eYou have §66 §eitems in stash. §eClick to §6pickup §eyour stash!§r
21:39:51 §e[SkyHanni] §bYou have §3151k §bmaterials in stash, §btotalling §324 types§b. §bClick to §3pickup §byour stash!§r
21:40:52 §e[SkyHanni] §eYou have §66 §eitems in stash. §eClick to §6pickup §eyour stash!§r
21:40:52 §e[SkyHanni] §bYou have §3151k §bmaterials in stash, §btotalling §324 types§b. §bClick to §3pickup §byour stash!§r
21:41:53 §e[SkyHanni] §eYou have §66 §eitems in stash. §eClick to §6pickup §eyour stash!§r
21:41:53 §e[SkyHanni] §bYou have §3151k §bmaterials in stash, §btotalling §324 types§b. §bClick to §3pickup §byour stash!§r
21:42:54 §e[SkyHanni] §eYou have §66 §eitems in stash. §eClick to §6pickup §eyour stash!§r
21:42:54 §e[SkyHanni] §bYou have §3151k §bmaterials in stash, §btotalling §324 types§b. §bClick to §3pickup §byour stash!§r
21:43:54 §e[SkyHanni] §eYou have §66 §eitems in stash. §eClick to §6pickup §eyour stash!§r
21:43:54 §e[SkyHanni] §bYou have §3152k §bmaterials in stash, §btotalling §324 types§b. §bClick to §3pickup §byour stash!§r
21:44:55 §e[SkyHanni] §eYou have §66 §eitems in stash. §eClick to §6pickup §eyour stash!§r
21:44:55 §e[SkyHanni] §bYou have §3152k §bmaterials in stash, §btotalling §324 types§b. §bClick to §3pickup §byour stash!§r
21:45:56 §e[SkyHanni] §eYou have §66 §eitems in stash. §eClick to §6pickup §eyour stash!§r
21:45:56 §e[SkyHanni] §bYou have §3152k §bmaterials in stash, §btotalling §324 types§b. §bClick to §3pickup §byour stash!§r
21:46:56 §e[SkyHanni] §eYou have §66 §eitems in stash. §eClick to §6pickup §eyour stash!§r
21:46:56 §e[SkyHanni] §bYou have §3152k §bmaterials in stash, §btotalling §324 types§b. §bClick to §3pickup §byour stash!§r
21:47:57 §e[SkyHanni] §eYou have §66 §eitems in stash. §eClick to §6pickup §eyour stash!§r
21:47:57 §e[SkyHanni] §bYou have §3152k §bmaterials in stash, §btotalling §324 types§b. §bClick to §3pickup §byour stash!§r
21:48:58 §e[SkyHanni] §eYou have §66 §eitems in stash. §eClick to §6pickup §eyour stash!§r
21:48:58 §e[SkyHanni] §bYou have §3152k §bmaterials in stash, §btotalling §324 types§b. §bClick to §3pickup §byour stash!§r
21:52:41 §e[SkyHanni] §eYou have §66 §eitems in stash. §eClick to §6pickup §eyour stash!§r
21:52:41 §e[SkyHanni] §bYou have §3152k §bmaterials in stash, §btotalling §324 types§b. §bClick to §3pickup §byour stash!§r
21:52:42 §e[SkyHanni] §eYou have §66 §eitems in stash. §eClick to §6pickup §eyour stash!§r
21:52:42 §e[SkyHanni] §bYou have §3152k §bmaterials in stash, §btotalling §324 types§b. §bClick to §3pickup §byour stash!§r
21:53:27 §e[SkyHanni] §eYou have §66 §eitems in stash. §eClick to §6pickup §eyour stash!§r
21:53:27 §e[SkyHanni] §bYou have §3152k §bmaterials in stash, §btotalling §324 types§b. §bClick to §3pickup §byour stash!§r
21:53:32 §e[SkyHanni] §eYou have §66 §eitems in stash. §eClick to §6pickup §eyour stash!§r
21:53:32 §e[SkyHanni] §bYou have §3152k §bmaterials in stash, §btotalling §324 types§b. §bClick to §3pickup §byour stash!§r
21:54:34 §e[SkyHanni] §eYou have §66 §eitems in stash. §eClick to §6pickup §eyour stash!§r
21:54:34 §e[SkyHanni] §bYou have §3153k §bmaterials in stash, §btotalling §324 types§b. §bClick to §3pickup §byour stash!§r
21:55:35 §e[SkyHanni] §eYou have §66 §eitems in stash. §eClick to §6pickup §eyour stash!§r
21:55:35 §e[SkyHanni] §bYou have §3153k §bmaterials in stash, §btotalling §325 types§b. §bClick to §3pickup §byour stash!§r
21:56:35 §e[SkyHanni] §eYou have §66 §eitems in stash. §eClick to §6pickup §eyour stash!§r
21:56:35 §e[SkyHanni] §bYou have §3154k §bmaterials in stash, §btotalling §325 types§b. §bClick to §3pickup §byour stash!§r
21:57:36 §e[SkyHanni] §eYou have §66 §eitems in stash. §eClick to §6pickup §eyour stash!§r
21:57:36 §e[SkyHanni] §bYou have §3154k §bmaterials in stash, §btotalling §325 types§b. §bClick to §3pickup §byour stash!§r
21:58:38 §e[SkyHanni] §eYou have §66 §eitems in stash. §eClick to §6pickup §eyour stash!§r
21:58:38 §e[SkyHanni] §bYou have §3154k §bmaterials in stash, §btotalling §325 types§b. §bClick to §3pickup §byour stash!§r
21:59:38 §e[SkyHanni] §eYou have §66 §eitems in stash. §eClick to §6pickup §eyour stash!§r
21:59:38 §e[SkyHanni] §bYou have §3155k §bmaterials in stash, §btotalling §325 types§b. §bClick to §3pickup §byour stash!§r
22:00:39 §e[SkyHanni] §eYou have §66 §eitems in stash. §eClick to §6pickup §eyour stash!§r
22:00:39 §e[SkyHanni] §bYou have §3156k §bmaterials in stash, §btotalling §325 types§b. §bClick to §3pickup §byour stash!§r
22:01:40 §e[SkyHanni] §eYou have §66 §eitems in stash. §eClick to §6pickup §eyour stash!§r
22:01:40 §e[SkyHanni] §bYou have §3159k §bmaterials in stash, §btotalling §325 types§b. §bClick to §3pickup §byour stash!§r
22:02:41 §e[SkyHanni] §eYou have §66 §eitems in stash. §eClick to §6pickup §eyour stash!§r
22:02:41 §e[SkyHanni] §bYou have §3159k §bmaterials in stash, §btotalling §325 types§b. §bClick to §3pickup §byour stash!§r
22:03:42 §e[SkyHanni] §eYou have §66 §eitems in stash. §eClick to §6pickup §eyour stash!§r
22:03:42 §e[SkyHanni] §bYou have §3159k §bmaterials in stash, §btotalling §325 types§b. §bClick to §3pickup §byour stash!§r
22:04:43 §e[SkyHanni] §eYou have §66 §eitems in stash. §eClick to §6pickup §eyour stash!§r
22:04:43 §e[SkyHanni] §bYou have §3159k §bmaterials in stash, §btotalling §325 types§b. §bClick to §3pickup §byour stash!§r
22:05:44 §e[SkyHanni] §eYou have §66 §eitems in stash. §eClick to §6pickup §eyour stash!§r
22:05:44 §e[SkyHanni] §bYou have §3160k §bmaterials in stash, §btotalling §325 types§b. §bClick to §3pickup §byour stash!§r
22:06:45 §e[SkyHanni] §eYou have §66 §eitems in stash. §eClick to §6pickup §eyour stash!§r
22:06:45 §e[SkyHanni] §bYou have §3160k §bmaterials in stash, §btotalling §325 types§b. §bClick to §3pickup §byour stash!§r
22:07:45 §e[SkyHanni] §eYou have §66 §eitems in stash. §eClick to §6pickup §eyour stash!§r
22:07:46 §e[SkyHanni] §bYou have §3160k §bmaterials in stash, §btotalling §325 types§b. §bClick to §3pickup §byour stash!§r
22:08:46 §e[SkyHanni] §eYou have §66 §eitems in stash. §eClick to §6pickup §eyour stash!§r
22:08:46 §e[SkyHanni] §bYou have §3160k §bmaterials in stash, §btotalling §325 types§b. §bClick to §3pickup §byour stash!§r
22:09:47 §e[SkyHanni] §eYou have §66 §eitems in stash. §eClick to §6pickup §eyour stash!§r
22:09:47 §e[SkyHanni] §bYou have §3160k §bmaterials in stash, §btotalling §325 types§b. §bClick to §3pickup §byour stash!§r
22:10:48 §e[SkyHanni] §eYou have §66 §eitems in stash. §eClick to §6pickup §eyour stash!§r
22:10:48 §e[SkyHanni] §bYou have §3160k §bmaterials in stash, §btotalling §325 types§b. §bClick to §3pickup §byour stash!§r
22:11:48 §e[SkyHanni] §eYou have §66 §eitems in stash. §eClick to §6pickup §eyour stash!§r
22:11:48 §e[SkyHanni] §bYou have §3160k §bmaterials in stash, §btotalling §325 types§b. §bClick to §3pickup §byour stash!§r
22:12:49 §e[SkyHanni] §eYou have §66 §eitems in stash. §eClick to §6pickup §eyour stash!§r
22:12:49 §e[SkyHanni] §bYou have §3160k §bmaterials in stash, §btotalling §325 types§b. §bClick to §3pickup §byour stash!§r
22:13:50 §e[SkyHanni] §eYou have §66 §eitems in stash. §eClick to §6pickup §eyour stash!§r
22:13:50 §e[SkyHanni] §bYou have §3160k §bmaterials in stash, §btotalling §325 types§b. §bClick to §3pickup §byour stash!§r
22:14:51 §e[SkyHanni] §eYou have §66 §eitems in stash. §eClick to §6pickup §eyour stash!§r
22:14:51 §e[SkyHanni] §bYou have §3160k §bmaterials in stash, §btotalling §325 types§b. §bClick to §3pickup §byour stash!§r
22:15:25 §e[SkyHanni] §b+1 SkyBlock XP §7(Mining Fiesta§7)§b (84/100)§r
22:15:52 §e[SkyHanni] §eYou have §66 §eitems in stash. §eClick to §6pickup §eyour stash!§r
22:15:52 §e[SkyHanni] §bYou have §3161k §bmaterials in stash, §btotalling §325 types§b. §bClick to §3pickup §byour stash!§r
22:16:53 §e[SkyHanni] §eYou have §66 §eitems in stash. §eClick to §6pickup §eyour stash!§r
22:16:53 §e[SkyHanni] §bYou have §3161k §bmaterials in stash, §btotalling §325 types§b. §bClick to §3pickup §byour stash!§r
22:17:55 §e[SkyHanni] §eYou have §66 §eitems in stash. §eClick to §6pickup §eyour stash!§r
22:17:55 §e[SkyHanni] §bYou have §3161k §bmaterials in stash, §btotalling §325 types§b. §bClick to §3pickup §byour stash!§r
22:18:55 §e[SkyHanni] §eYou have §66 §eitems in stash. §eClick to §6pickup §eyour stash!§r
22:18:55 §e[SkyHanni] §bYou have §3161k §bmaterials in stash, §btotalling §325 types§b. §bClick to §3pickup §byour stash!§r
22:19:57 §e[SkyHanni] §eYou have §66 §eitems in stash. §eClick to §6pickup §eyour stash!§r
22:19:57 §e[SkyHanni] §bYou have §3161k §bmaterials in stash, §btotalling §325 types§b. §bClick to §3pickup §byour stash!§r
22:20:58 §e[SkyHanni] §eYou have §66 §eitems in stash. §eClick to §6pickup §eyour stash!§r
22:20:58 §e[SkyHanni] §bYou have §3161k §bmaterials in stash, §btotalling §325 types§b. §bClick to §3pickup §byour stash!§r
22:21:59 §e[SkyHanni] §eYou have §66 §eitems in stash. §eClick to §6pickup §eyour stash!§r
22:21:59 §e[SkyHanni] §bYou have §3161k §bmaterials in stash, §btotalling §325 types§b. §bClick to §3pickup §byour stash!§r
22:22:13 §e[SkyHanni] §b+1 SkyBlock XP §7(Mining Fiesta§7)§b (85/100)§r
22:23:01 §e[SkyHanni] §eYou have §66 §eitems in stash. §eClick to §6pickup §eyour stash!§r
22:23:01 §e[SkyHanni] §bYou have §3161k §bmaterials in stash, §btotalling §325 types§b. §bClick to §3pickup §byour stash!§r
22:24:02 §e[SkyHanni] §eYou have §66 §eitems in stash. §eClick to §6pickup §eyour stash!§r
22:24:02 §e[SkyHanni] §bYou have §3161k §bmaterials in stash, §btotalling §325 types§b. §bClick to §3pickup §byour stash!§r
22:25:03 §e[SkyHanni] §eYou have §66 §eitems in stash. §eClick to §6pickup §eyour stash!§r
22:25:03 §e[SkyHanni] §bYou have §3161k §bmaterials in stash, §btotalling §325 types§b. §bClick to §3pickup §byour stash!§r
22:26:06 §e[SkyHanni] §eYou have §66 §eitems in stash. §eClick to §6pickup §eyour stash!§r
22:26:06 §e[SkyHanni] §bYou have §3161k §bmaterials in stash, §btotalling §325 types§b. §bClick to §3pickup §byour stash!§r
22:27:07 §e[SkyHanni] §eYou have §66 §eitems in stash. §eClick to §6pickup §eyour stash!§r
22:27:07 §e[SkyHanni] §bYou have §3161k §bmaterials in stash, §btotalling §325 types§b. §bClick to §3pickup §byour stash!§r
22:28:09 §e[SkyHanni] §eYou have §66 §eitems in stash. §eClick to §6pickup §eyour stash!§r
22:28:09 §e[SkyHanni] §bYou have §3161k §bmaterials in stash, §btotalling §325 types§b. §bClick to §3pickup §byour stash!§r
22:29:11 §e[SkyHanni] §eYou have §66 §eitems in stash. §eClick to §6pickup §eyour stash!§r
22:29:11 §e[SkyHanni] §bYou have §3161k §bmaterials in stash, §btotalling §325 types§b. §bClick to §3pickup §byour stash!§r
22:30:08 §e[SkyHanni] §b+1 SkyBlock XP §7(Mining Fiesta§7)§b (86/100)§r
22:30:13 §e[SkyHanni] §eYou have §66 §eitems in stash. §eClick to §6pickup §eyour stash!§r
22:30:13 §e[SkyHanni] §bYou have §3161k §bmaterials in stash, §btotalling §325 types§b. §bClick to §3pickup §byour stash!§r
22:31:16 §e[SkyHanni] §eYou have §66 §eitems in stash. §eClick to §6pickup §eyour stash!§r
22:31:16 §e[SkyHanni] §bYou have §3161k §bmaterials in stash, §btotalling §325 types§b. §bClick to §3pickup §byour stash!§r
22:32:17 §e[SkyHanni] §eYou have §66 §eitems in stash. §eClick to §6pickup §eyour stash!§r
22:32:17 §e[SkyHanni] §bYou have §3161k §bmaterials in stash, §btotalling §325 types§b. §bClick to §3pickup §byour stash!§r
22:33:18 §e[SkyHanni] §eYou have §66 §eitems in stash. §eClick to §6pickup §eyour stash!§r
22:33:18 §e[SkyHanni] §bYou have §3161k §bmaterials in stash, §btotalling §325 types§b. §bClick to §3pickup §byour stash!§r
22:34:19 §e[SkyHanni] §eYou have §66 §eitems in stash. §eClick to §6pickup §eyour stash!§r
22:34:19 §e[SkyHanni] §bYou have §3161k §bmaterials in stash, §btotalling §325 types§b. §bClick to §3pickup §byour stash!§r
22:35:20 §e[SkyHanni] §eYou have §66 §eitems in stash. §eClick to §6pickup §eyour stash!§r
22:35:20 §e[SkyHanni] §bYou have §3161k §bmaterials in stash, §btotalling §325 types§b. §bClick to §3pickup §byour stash!§r
22:36:21 §e[SkyHanni] §eYou have §66 §eitems in stash. §eClick to §6pickup §eyour stash!§r
22:36:21 §e[SkyHanni] §bYou have §3161k §bmaterials in stash, §btotalling §325 types§b. §bClick to §3pickup §byour stash!§r
22:37:23 §e[SkyHanni] §eYou have §66 §eitems in stash. §eClick to §6pickup §eyour stash!§r
22:37:23 §e[SkyHanni] §bYou have §3161k §bmaterials in stash, §btotalling §325 types§b. §bClick to §3pickup §byour stash!§r
22:38:03 §e[SkyHanni] §b+1 SkyBlock XP §7(Mining Fiesta§7)§b (87/100)§r
22:38:24 §e[SkyHanni] §eYou have §66 §eitems in stash. §eClick to §6pickup §eyour stash!§r
22:38:24 §e[SkyHanni] §bYou have §3161k §bmaterials in stash, §btotalling §325 types§b. §bClick to §3pickup §byour stash!§r
22:39:26 §e[SkyHanni] §eYou have §66 §eitems in stash. §eClick to §6pickup §eyour stash!§r
22:39:26 §e[SkyHanni] §bYou have §3161k §bmaterials in stash, §btotalling §325 types§b. §bClick to §3pickup §byour stash!§r
22:40:27 §e[SkyHanni] §eYou have §66 §eitems in stash. §eClick to §6pickup §eyour stash!§r
22:40:27 §e[SkyHanni] §bYou have §3161k §bmaterials in stash, §btotalling §325 types§b. §bClick to §3pickup §byour stash!§r
22:41:28 §e[SkyHanni] §eYou have §66 §eitems in stash. §eClick to §6pickup §eyour stash!§r
22:41:28 §e[SkyHanni] §bYou have §3161k §bmaterials in stash, §btotalling §325 types§b. §bClick to §3pickup §byour stash!§r
22:42:30 §e[SkyHanni] §eYou have §66 §eitems in stash. §eClick to §6pickup §eyour stash!§r
22:42:30 §e[SkyHanni] §bYou have §3161k §bmaterials in stash, §btotalling §325 types§b. §bClick to §3pickup §byour stash!§r
22:43:31 §e[SkyHanni] §eYou have §66 §eitems in stash. §eClick to §6pickup §eyour stash!§r
22:43:31 §e[SkyHanni] §bYou have §3161k §bmaterials in stash, §btotalling §325 types§b. §bClick to §3pickup §byour stash!§r
22:44:32 §e[SkyHanni] §eYou have §66 §eitems in stash. §eClick to §6pickup §eyour stash!§r
22:44:32 §e[SkyHanni] §bYou have §3161k §bmaterials in stash, §btotalling §325 types§b. §bClick to §3pickup §byour stash!§r
22:45:34 §e[SkyHanni] §eYou have §66 §eitems in stash. §eClick to §6pickup §eyour stash!§r
22:45:34 §e[SkyHanni] §bYou have §3161k §bmaterials in stash, §btotalling §325 types§b. §bClick to §3pickup §byour stash!§r
22:45:54 §e[SkyHanni] §b+1 SkyBlock XP §7(Mining Fiesta§7)§b (88/100)§r
22:46:35 §e[SkyHanni] §eYou have §66 §eitems in stash. §eClick to §6pickup §eyour stash!§r
22:46:35 §e[SkyHanni] §bYou have §3161k §bmaterials in stash, §btotalling §327 types§b. §bClick to §3pickup §byour stash!§r
22:47:37 §e[SkyHanni] §eYou have §66 §eitems in stash. §eClick to §6pickup §eyour stash!§r
22:47:37 §e[SkyHanni] §bYou have §3161k §bmaterials in stash, §btotalling §327 types§b. §bClick to §3pickup §byour stash!§r
22:48:38 §e[SkyHanni] §eYou have §66 §eitems in stash. §eClick to §6pickup §eyour stash!§r
22:48:38 §e[SkyHanni] §bYou have §3161k §bmaterials in stash, §btotalling §327 types§b. §bClick to §3pickup §byour stash!§r
22:49:40 §e[SkyHanni] §eYou have §66 §eitems in stash. §eClick to §6pickup §eyour stash!§r
22:49:40 §e[SkyHanni] §bYou have §3161k §bmaterials in stash, §btotalling §327 types§b. §bClick to §3pickup §byour stash!§r
22:50:41 §e[SkyHanni] §eYou have §66 §eitems in stash. §eClick to §6pickup §eyour stash!§r
22:50:41 §e[SkyHanni] §bYou have §3161k §bmaterials in stash, §btotalling §327 types§b. §bClick to §3pickup §byour stash!§r
22:51:42 §e[SkyHanni] §eYou have §66 §eitems in stash. §eClick to §6pickup §eyour stash!§r
22:51:42 §e[SkyHanni] §bYou have §3161k §bmaterials in stash, §btotalling §327 types§b. §bClick to §3pickup §byour stash!§r
22:52:43 §e[SkyHanni] §eYou have §66 §eitems in stash. §eClick to §6pickup §eyour stash!§r
22:52:43 §e[SkyHanni] §bYou have §3161k §bmaterials in stash, §btotalling §327 types§b. §bClick to §3pickup §byour stash!§r
22:53:44 §e[SkyHanni] §eYou have §66 §eitems in stash. §eClick to §6pickup §eyour stash!§r
22:53:44 §e[SkyHanni] §bYou have §3161k §bmaterials in stash, §btotalling §327 types§b. §bClick to §3pickup §byour stash!§r
22:54:12 §e[SkyHanni] §b+1 SkyBlock XP §7(Mining Fiesta§7)§b (89/100)§r
22:54:45 §e[SkyHanni] §eYou have §66 §eitems in stash. §eClick to §6pickup §eyour stash!§r
22:54:45 §e[SkyHanni] §bYou have §3161k §bmaterials in stash, §btotalling §327 types§b. §bClick to §3pickup §byour stash!§r
22:55:46 §e[SkyHanni] §eYou have §66 §eitems in stash. §eClick to §6pickup §eyour stash!§r
22:55:46 §e[SkyHanni] §bYou have §3161k §bmaterials in stash, §btotalling §327 types§b. §bClick to §3pickup §byour stash!§r
22:56:46 §e[SkyHanni] §eYou have §66 §eitems in stash. §eClick to §6pickup §eyour stash!§r
22:56:46 §e[SkyHanni] §bYou have §3161k §bmaterials in stash, §btotalling §327 types§b. §bClick to §3pickup §byour stash!§r
22:57:47 §e[SkyHanni] §eYou have §66 §eitems in stash. §eClick to §6pickup §eyour stash!§r
22:57:47 §e[SkyHanni] §bYou have §3161k §bmaterials in stash, §btotalling §327 types§b. §bClick to §3pickup §byour stash!§r
22:58:48 §e[SkyHanni] §eYou have §66 §eitems in stash. §eClick to §6pickup §eyour stash!§r
22:58:48 §e[SkyHanni] §bYou have §3161k §bmaterials in stash, §btotalling §327 types§b. §bClick to §3pickup §byour stash!§r
22:59:49 §e[SkyHanni] §eYou have §66 §eitems in stash. §eClick to §6pickup §eyour stash!§r
22:59:49 §e[SkyHanni] §bYou have §3161k §bmaterials in stash, §btotalling §327 types§b. §bClick to §3pickup §byour stash!§r
23:00:50 §e[SkyHanni] §eYou have §66 §eitems in stash. §eClick to §6pickup §eyour stash!§r
23:00:50 §e[SkyHanni] §bYou have §3161k §bmaterials in stash, §btotalling §327 types§b. §bClick to §3pickup §byour stash!§r
23:01:51 §e[SkyHanni] §eYou have §66 §eitems in stash. §eClick to §6pickup §eyour stash!§r
23:01:51 §e[SkyHanni] §bYou have §3161k §bmaterials in stash, §btotalling §327 types§b. §bClick to §3pickup §byour stash!§r
23:02:04 §6§lBESTIARY §r§b§lYog §7§8XIII §8➡§b §bXIV§r
23:02:04 §e[SkyHanni] §b+1 SkyBlock XP §7(HOTM Progression§7)§b (90/100)§r
23:02:19 §e[SkyHanni] §b+1 SkyBlock XP §7(Mining Fiesta§7)§b (91/100)§r
23:02:52 §e[SkyHanni] §eYou have §66 §eitems in stash. §eClick to §6pickup §eyour stash!§r
23:02:52 §e[SkyHanni] §bYou have §3161k §bmaterials in stash, §btotalling §327 types§b. §bClick to §3pickup §byour stash!§r
23:03:53 §e[SkyHanni] §eYou have §66 §eitems in stash. §eClick to §6pickup §eyour stash!§r
23:03:53 §e[SkyHanni] §bYou have §3161k §bmaterials in stash, §btotalling §327 types§b. §bClick to §3pickup §byour stash!§r
23:04:54 §e[SkyHanni] §eYou have §66 §eitems in stash. §eClick to §6pickup §eyour stash!§r
23:04:54 §e[SkyHanni] §bYou have §3161k §bmaterials in stash, §btotalling §327 types§b. §bClick to §3pickup §byour stash!§r
23:05:55 §e[SkyHanni] §eYou have §66 §eitems in stash. §eClick to §6pickup §eyour stash!§r
23:05:55 §e[SkyHanni] §bYou have §3161k §bmaterials in stash, §btotalling §327 types§b. §bClick to §3pickup §byour stash!§r
23:06:57 §e[SkyHanni] §eYou have §66 §eitems in stash. §eClick to §6pickup §eyour stash!§r
23:06:57 §e[SkyHanni] §bYou have §3161k §bmaterials in stash, §btotalling §327 types§b. §bClick to §3pickup §byour stash!§r
23:07:57 §e[SkyHanni] §eYou have §66 §eitems in stash. §eClick to §6pickup §eyour stash!§r
23:07:57 §e[SkyHanni] §bYou have §3161k §bmaterials in stash, §btotalling §327 types§b. §bClick to §3pickup §byour stash!§r
23:08:58 §e[SkyHanni] §eYou have §66 §eitems in stash. §eClick to §6pickup §eyour stash!§r
23:08:58 §e[SkyHanni] §bYou have §3161k §bmaterials in stash, §btotalling §327 types§b. §bClick to §3pickup §byour stash!§r
23:09:59 §e[SkyHanni] §eYou have §66 §eitems in stash. §eClick to §6pickup §eyour stash!§r
23:09:59 §e[SkyHanni] §bYou have §3161k §bmaterials in stash, §btotalling §327 types§b. §bClick to §3pickup §byour stash!§r
23:10:08 §e[SkyHanni] §b+1 SkyBlock XP §7(Mining Fiesta§7)§b (92/100)§r
23:11:00 §e[SkyHanni] §eYou have §66 §eitems in stash. §eClick to §6pickup §eyour stash!§r
23:11:00 §e[SkyHanni] §bYou have §3161k §bmaterials in stash, §btotalling §327 types§b. §bClick to §3pickup §byour stash!§r
23:12:01 §e[SkyHanni] §eYou have §66 §eitems in stash. §eClick to §6pickup §eyour stash!§r
23:12:01 §e[SkyHanni] §bYou have §3161k §bmaterials in stash, §btotalling §327 types§b. §bClick to §3pickup §byour stash!§r
23:13:02 §e[SkyHanni] §eYou have §66 §eitems in stash. §eClick to §6pickup §eyour stash!§r
23:13:02 §e[SkyHanni] §bYou have §3161k §bmaterials in stash, §btotalling §327 types§b. §bClick to §3pickup §byour stash!§r
23:14:02 §e[SkyHanni] §eYou have §66 §eitems in stash. §eClick to §6pickup §eyour stash!§r
23:14:02 §e[SkyHanni] §bYou have §3161k §bmaterials in stash, §btotalling §327 types§b. §bClick to §3pickup §byour stash!§r
23:15:03 §e[SkyHanni] §eYou have §66 §eitems in stash. §eClick to §6pickup §eyour stash!§r
23:15:03 §e[SkyHanni] §bYou have §3161k §bmaterials in stash, §btotalling §327 types§b. §bClick to §3pickup §byour stash!§r
23:16:05 §e[SkyHanni] §eYou have §66 §eitems in stash. §eClick to §6pickup §eyour stash!§r
23:16:05 §e[SkyHanni] §bYou have §3161k §bmaterials in stash, §btotalling §327 types§b. §bClick to §3pickup §byour stash!§r
23:17:06 §e[SkyHanni] §eYou have §66 §eitems in stash. §eClick to §6pickup §eyour stash!§r
23:17:06 §e[SkyHanni] §bYou have §3161k §bmaterials in stash, §btotalling §327 types§b. §bClick to §3pickup §byour stash!§r
23:18:07 §e[SkyHanni] §eYou have §66 §eitems in stash. §eClick to §6pickup §eyour stash!§r
23:18:07 §e[SkyHanni] §bYou have §3161k §bmaterials in stash, §btotalling §327 types§b. §bClick to §3pickup §byour stash!§r
23:18:11 §e[SkyHanni] §b+1 SkyBlock XP §7(Mining Fiesta§7)§b (93/100)§r
23:19:08 §e[SkyHanni] §eYou have §66 §eitems in stash. §eClick to §6pickup §eyour stash!§r
23:19:08 §e[SkyHanni] §bYou have §3161k §bmaterials in stash, §btotalling §327 types§b. §bClick to §3pickup §byour stash!§r
23:20:09 §e[SkyHanni] §eYou have §66 §eitems in stash. §eClick to §6pickup §eyour stash!§r
23:20:09 §e[SkyHanni] §bYou have §3161k §bmaterials in stash, §btotalling §327 types§b. §bClick to §3pickup §byour stash!§r
23:21:10 §e[SkyHanni] §eYou have §66 §eitems in stash. §eClick to §6pickup §eyour stash!§r
23:21:10 §e[SkyHanni] §bYou have §3161k §bmaterials in stash, §btotalling §327 types§b. §bClick to §3pickup §byour stash!§r
23:22:11 §e[SkyHanni] §eYou have §66 §eitems in stash. §eClick to §6pickup §eyour stash!§r
23:22:11 §e[SkyHanni] §bYou have §3161k §bmaterials in stash, §btotalling §327 types§b. §bClick to §3pickup §byour stash!§r
23:23:12 §e[SkyHanni] §eYou have §66 §eitems in stash. §eClick to §6pickup §eyour stash!§r
23:23:12 §e[SkyHanni] §bYou have §3161k §bmaterials in stash, §btotalling §327 types§b. §bClick to §3pickup §byour stash!§r
23:24:13 §e[SkyHanni] §eYou have §66 §eitems in stash. §eClick to §6pickup §eyour stash!§r
23:24:13 §e[SkyHanni] §bYou have §3161k §bmaterials in stash, §btotalling §327 types§b. §bClick to §3pickup §byour stash!§r
23:25:14 §e[SkyHanni] §eYou have §66 §eitems in stash. §eClick to §6pickup §eyour stash!§r
23:25:14 §e[SkyHanni] §bYou have §3161k §bmaterials in stash, §btotalling §327 types§b. §bClick to §3pickup §byour stash!§r
23:26:15 §e[SkyHanni] §eYou have §66 §eitems in stash. §eClick to §6pickup §eyour stash!§r
23:26:15 §e[SkyHanni] §bYou have §3161k §bmaterials in stash, §btotalling §327 types§b. §bClick to §3pickup §byour stash!§r
23:27:16 §e[SkyHanni] §eYou have §66 §eitems in stash. §eClick to §6pickup §eyour stash!§r
23:27:16 §e[SkyHanni] §bYou have §3161k §bmaterials in stash, §btotalling §327 types§b. §bClick to §3pickup §byour stash!§r
23:28:17 §e[SkyHanni] §eYou have §66 §eitems in stash. §eClick to §6pickup §eyour stash!§r
23:28:17 §e[SkyHanni] §bYou have §3161k §bmaterials in stash, §btotalling §327 types§b. §bClick to §3pickup §byour stash!§r
23:29:18 §e[SkyHanni] §eYou have §66 §eitems in stash. §eClick to §6pickup §eyour stash!§r
23:29:18 §e[SkyHanni] §bYou have §3161k §bmaterials in stash, §btotalling §327 types§b. §bClick to §3pickup §byour stash!§r
23:30:19 §e[SkyHanni] §eYou have §66 §eitems in stash. §eClick to §6pickup §eyour stash!§r
23:30:19 §e[SkyHanni] §bYou have §3161k §bmaterials in stash, §btotalling §327 types§b. §bClick to §3pickup §byour stash!§r
23:31:20 §e[SkyHanni] §eYou have §66 §eitems in stash. §eClick to §6pickup §eyour stash!§r
23:31:20 §e[SkyHanni] §bYou have §3161k §bmaterials in stash, §btotalling §327 types§b. §bClick to §3pickup §byour stash!§r
23:32:21 §e[SkyHanni] §eYou have §66 §eitems in stash. §eClick to §6pickup §eyour stash!§r
23:32:21 §e[SkyHanni] §bYou have §3161k §bmaterials in stash, §btotalling §327 types§b. §bClick to §3pickup §byour stash!§r
23:33:22 §e[SkyHanni] §eYou have §66 §eitems in stash. §eClick to §6pickup §eyour stash!§r
23:33:22 §e[SkyHanni] §bYou have §3161k §bmaterials in stash, §btotalling §327 types§b. §bClick to §3pickup §byour stash!§r
23:33:27 §e[SkyHanni] §b+1 SkyBlock XP §7(Mining Fiesta§7)§b (95/100)§r
23:34:22 §e[SkyHanni] §eYou have §66 §eitems in stash. §eClick to §6pickup §eyour stash!§r
23:34:22 §e[SkyHanni] §bYou have §3161k §bmaterials in stash, §btotalling §327 types§b. §bClick to §3pickup §byour stash!§r
23:35:23 §e[SkyHanni] §eYou have §66 §eitems in stash. §eClick to §6pickup §eyour stash!§r
23:35:23 §e[SkyHanni] §bYou have §3161k §bmaterials in stash, §btotalling §327 types§b. §bClick to §3pickup §byour stash!§r
23:36:24 §e[SkyHanni] §eYou have §66 §eitems in stash. §eClick to §6pickup §eyour stash!§r
23:36:24 §e[SkyHanni] §bYou have §3161k §bmaterials in stash, §btotalling §327 types§b. §bClick to §3pickup §byour stash!§r
23:37:25 §e[SkyHanni] §eYou have §66 §eitems in stash. §eClick to §6pickup §eyour stash!§r
23:37:25 §e[SkyHanni] §bYou have §3161k §bmaterials in stash, §btotalling §327 types§b. §bClick to §3pickup §byour stash!§r
23:38:26 §e[SkyHanni] §eYou have §66 §eitems in stash. §eClick to §6pickup §eyour stash!§r
23:38:26 §e[SkyHanni] §bYou have §3161k §bmaterials in stash, §btotalling §327 types§b. §bClick to §3pickup §byour stash!§r
23:39:26 §e[SkyHanni] §eYou have §66 §eitems in stash. §eClick to §6pickup §eyour stash!§r
23:39:26 §e[SkyHanni] §bYou have §3161k §bmaterials in stash, §btotalling §327 types§b. §bClick to §3pickup §byour stash!§r
23:40:27 §e[SkyHanni] §eYou have §66 §eitems in stash. §eClick to §6pickup §eyour stash!§r
23:40:27 §e[SkyHanni] §bYou have §3162k §bmaterials in stash, §btotalling §327 types§b. §bClick to §3pickup §byour stash!§r
23:41:27 §e[SkyHanni] §eYou have §66 §eitems in stash. §eClick to §6pickup §eyour stash!§r
23:41:27 §e[SkyHanni] §bYou have §3162k §bmaterials in stash, §btotalling §327 types§b. §bClick to §3pickup §byour stash!§r
23:41:51 §e[SkyHanni] §b+1 SkyBlock XP §7(Mining Fiesta§7)§b (96/100)§r
23:42:28 §e[SkyHanni] §eYou have §66 §eitems in stash. §eClick to §6pickup §eyour stash!§r
23:42:28 §e[SkyHanni] §bYou have §3162k §bmaterials in stash, §btotalling §327 types§b. §bClick to §3pickup §byour stash!§r
23:43:31 §e[SkyHanni] §eYou have §66 §eitems in stash. §eClick to §6pickup §eyour stash!§r
23:43:31 §e[SkyHanni] §bYou have §3163k §bmaterials in stash, §btotalling §327 types§b. §bClick to §3pickup §byour stash!§r
23:44:32 §e[SkyHanni] §eYou have §66 §eitems in stash. §eClick to §6pickup §eyour stash!§r
23:44:32 §e[SkyHanni] §bYou have §3163k §bmaterials in stash, §btotalling §327 types§b. §bClick to §3pickup §byour stash!§r
23:45:33 §e[SkyHanni] §eYou have §66 §eitems in stash. §eClick to §6pickup §eyour stash!§r
23:45:33 §e[SkyHanni] §bYou have §3163k §bmaterials in stash, §btotalling §327 types§b. §bClick to §3pickup §byour stash!§r
23:46:35 §e[SkyHanni] §eYou have §66 §eitems in stash. §eClick to §6pickup §eyour stash!§r
23:46:35 §e[SkyHanni] §bYou have §3163k §bmaterials in stash, §btotalling §327 types§b. §bClick to §3pickup §byour stash!§r
23:47:12 §e[SkyHanni] §b+1 SkyBlock XP §7(HOTM Progression§7)§b (97/100)§r
23:47:37 §e[SkyHanni] §eYou have §66 §eitems in stash. §eClick to §6pickup §eyour stash!§r
23:47:37 §e[SkyHanni] §bYou have §3163k §bmaterials in stash, §btotalling §327 types§b. §bClick to §3pickup §byour stash!§r
23:48:38 §e[SkyHanni] §eYou have §66 §eitems in stash. §eClick to §6pickup §eyour stash!§r
23:48:38 §e[SkyHanni] §bYou have §3163k §bmaterials in stash, §btotalling §327 types§b. §bClick to §3pickup §byour stash!§r
23:49:40 §e[SkyHanni] §eYou have §66 §eitems in stash. §eClick to §6pickup §eyour stash!§r
23:49:40 §e[SkyHanni] §bYou have §3163k §bmaterials in stash, §btotalling §327 types§b. §bClick to §3pickup §byour stash!§r
23:50:03 §e[SkyHanni] §b+1 SkyBlock XP §7(Mining Fiesta§7)§b (98/100)§r
23:50:40 §e[SkyHanni] §eYou have §66 §eitems in stash. §eClick to §6pickup §eyour stash!§r
23:50:40 §e[SkyHanni] §bYou have §3163k §bmaterials in stash, §btotalling §327 types§b. §bClick to §3pickup §byour stash!§r
23:51:41 §e[SkyHanni] §eYou have §66 §eitems in stash. §eClick to §6pickup §eyour stash!§r
23:51:41 §e[SkyHanni] §bYou have §3163k §bmaterials in stash, §btotalling §327 types§b. §bClick to §3pickup §byour stash!§r
23:52:42 §e[SkyHanni] §eYou have §66 §eitems in stash. §eClick to §6pickup §eyour stash!§r
23:52:42 §e[SkyHanni] §bYou have §3163k §bmaterials in stash, §btotalling §327 types§b. §bClick to §3pickup §byour stash!§r
23:53:43 §e[SkyHanni] §eYou have §66 §eitems in stash. §eClick to §6pickup §eyour stash!§r
23:53:43 §e[SkyHanni] §bYou have §3163k §bmaterials in stash, §btotalling §327 types§b. §bClick to §3pickup §byour stash!§r
23:54:44 §e[SkyHanni] §eYou have §66 §eitems in stash. §eClick to §6pickup §eyour stash!§r
23:54:44 §e[SkyHanni] §bYou have §3163k §bmaterials in stash, §btotalling §327 types§b. §bClick to §3pickup §byour stash!§r
23:55:46 §e[SkyHanni] §eYou have §66 §eitems in stash. §eClick to §6pickup §eyour stash!§r
23:55:46 §e[SkyHanni] §bYou have §3163k §bmaterials in stash, §btotalling §327 types§b. §bClick to §3pickup §byour stash!§r
23:56:47 §e[SkyHanni] §eYou have §66 §eitems in stash. §eClick to §6pickup §eyour stash!§r
23:56:47 §e[SkyHanni] §bYou have §3164k §bmaterials in stash, §btotalling §327 types§b. §bClick to §3pickup §byour stash!§r
23:57:48 §e[SkyHanni] §eYou have §66 §eitems in stash. §eClick to §6pickup §eyour stash!§r
23:57:48 §e[SkyHanni] §bYou have §3164k §bmaterials in stash, §btotalling §327 types§b. §bClick to §3pickup §byour stash!§r
23:57:55 §e[SkyHanni] §b+1 SkyBlock XP §7(Mining Fiesta§7)§b (99/100)§r
23:58:49 §e[SkyHanni] §eYou have §66 §eitems in stash. §eClick to §6pickup §eyour stash!§r
23:58:49 §e[SkyHanni] §bYou have §3164k §bmaterials in stash, §btotalling §327 types§b. §bClick to §3pickup §byour stash!§r
23:59:50 §e[SkyHanni] §eYou have §66 §eitems in stash. §eClick to §6pickup §eyour stash!§r
23:59:50 §e[SkyHanni] §bYou have §3164k §bmaterials in stash, §btotalling §327 types§b. §bClick to §3pickup §byour stash!§r
00:00:51 §e[SkyHanni] §eYou have §66 §eitems in stash. §eClick to §6pickup §eyour stash!§r
00:00:51 §e[SkyHanni] §bYou have §3164k §bmaterials in stash, §btotalling §327 types§b. §bClick to §3pickup §byour stash!§r
00:01:52 §e[SkyHanni] §eYou have §66 §eitems in stash. §eClick to §6pickup §eyour stash!§r
00:01:52 §e[SkyHanni] §bYou have §3164k §bmaterials in stash, §btotalling §327 types§b. §bClick to §3pickup §byour stash!§r
00:02:53 §e[SkyHanni] §eYou have §66 §eitems in stash. §eClick to §6pickup §eyour stash!§r
00:02:53 §e[SkyHanni] §bYou have §3164k §bmaterials in stash, §btotalling §327 types§b. §bClick to §3pickup §byour stash!§r
00:03:55 §e[SkyHanni] §eYou have §66 §eitems in stash. §eClick to §6pickup §eyour stash!§r
00:03:55 §e[SkyHanni] §bYou have §3164k §bmaterials in stash, §btotalling §327 types§b. §bClick to §3pickup §byour stash!§r
00:04:56 §e[SkyHanni] §eYou have §66 §eitems in stash. §eClick to §6pickup §eyour stash!§r
00:04:56 §e[SkyHanni] §bYou have §3164k §bmaterials in stash, §btotalling §327 types§b. §bClick to §3pickup §byour stash!§r
00:05:52 §e[SkyHanni] §b+1 SkyBlock XP §7(Mining Fiesta§7)§b (0/100)§r
00:05:58 §e[SkyHanni] §eYou have §66 §eitems in stash. §eClick to §6pickup §eyour stash!§r
00:05:58 §e[SkyHanni] §bYou have §3164k §bmaterials in stash, §btotalling §327 types§b. §bClick to §3pickup §byour stash!§r
00:06:59 §e[SkyHanni] §eYou have §66 §eitems in stash. §eClick to §6pickup §eyour stash!§r
00:06:59 §e[SkyHanni] §bYou have §3164k §bmaterials in stash, §btotalling §327 types§b. §bClick to §3pickup §byour stash!§r
00:08:00 §e[SkyHanni] §eYou have §66 §eitems in stash. §eClick to §6pickup §eyour stash!§r
00:08:00 §e[SkyHanni] §bYou have §3164k §bmaterials in stash, §btotalling §327 types§b. §bClick to §3pickup §byour stash!§r
00:09:01 §e[SkyHanni] §eYou have §66 §eitems in stash. §eClick to §6pickup §eyour stash!§r
00:09:01 §e[SkyHanni] §bYou have §3164k §bmaterials in stash, §btotalling §327 types§b. §bClick to §3pickup §byour stash!§r
00:10:02 §e[SkyHanni] §eYou have §66 §eitems in stash. §eClick to §6pickup §eyour stash!§r
00:10:02 §e[SkyHanni] §bYou have §3164k §bmaterials in stash, §btotalling §327 types§b. §bClick to §3pickup §byour stash!§r
00:11:03 §e[SkyHanni] §eYou have §66 §eitems in stash. §eClick to §6pickup §eyour stash!§r
00:11:03 §e[SkyHanni] §bYou have §3164k §bmaterials in stash, §btotalling §327 types§b. §bClick to §3pickup §byour stash!§r
00:12:04 §e[SkyHanni] §eYou have §66 §eitems in stash. §eClick to §6pickup §eyour stash!§r
00:12:04 §e[SkyHanni] §bYou have §3164k §bmaterials in stash, §btotalling §327 types§b. §bClick to §3pickup §byour stash!§r
00:13:05 §e[SkyHanni] §eYou have §66 §eitems in stash. §eClick to §6pickup §eyour stash!§r
00:13:05 §e[SkyHanni] §bYou have §3164k §bmaterials in stash, §btotalling §327 types§b. §bClick to §3pickup §byour stash!§r
00:14:05 §e[SkyHanni] §eYou have §66 §eitems in stash. §eClick to §6pickup §eyour stash!§r
00:14:05 §e[SkyHanni] §bYou have §3165k §bmaterials in stash, §btotalling §327 types§b. §bClick to §3pickup §byour stash!§r
00:14:10 §e[SkyHanni] §b+1 SkyBlock XP §7(Mining Fiesta§7)§b (1/100)§r
00:15:06 §e[SkyHanni] §eYou have §66 §eitems in stash. §eClick to §6pickup §eyour stash!§r
00:15:06 §e[SkyHanni] §bYou have §3165k §bmaterials in stash, §btotalling §327 types§b. §bClick to §3pickup §byour stash!§r
00:16:07 §e[SkyHanni] §eYou have §66 §eitems in stash. §eClick to §6pickup §eyour stash!§r
00:16:07 §e[SkyHanni] §bYou have §3165k §bmaterials in stash, §btotalling §327 types§b. §bClick to §3pickup §byour stash!§r
00:17:08 §e[SkyHanni] §eYou have §66 §eitems in stash. §eClick to §6pickup §eyour stash!§r
00:17:08 §e[SkyHanni] §bYou have §3165k §bmaterials in stash, §btotalling §327 types§b. §bClick to §3pickup §byour stash!§r
00:18:09 §e[SkyHanni] §eYou have §66 §eitems in stash. §eClick to §6pickup §eyour stash!§r
00:18:09 §e[SkyHanni] §bYou have §3165k §bmaterials in stash, §btotalling §327 types§b. §bClick to §3pickup §byour stash!§r
00:19:09 §e[SkyHanni] §eYou have §66 §eitems in stash. §eClick to §6pickup §eyour stash!§r
00:19:09 §e[SkyHanni] §bYou have §3165k §bmaterials in stash, §btotalling §327 types§b. §bClick to §3pickup §byour stash!§r
00:20:10 §e[SkyHanni] §eYou have §66 §eitems in stash. §eClick to §6pickup §eyour stash!§r
00:20:10 §e[SkyHanni] §bYou have §3165k §bmaterials in stash, §btotalling §327 types§b. §bClick to §3pickup §byour stash!§r
00:21:11 §e[SkyHanni] §eYou have §66 §eitems in stash. §eClick to §6pickup §eyour stash!§r
00:21:11 §e[SkyHanni] §bYou have §3165k §bmaterials in stash, §btotalling §327 types§b. §bClick to §3pickup §byour stash!§r
00:22:12 §e[SkyHanni] §eYou have §66 §eitems in stash. §eClick to §6pickup §eyour stash!§r
00:22:12 §e[SkyHanni] §bYou have §3165k §bmaterials in stash, §btotalling §327 types§b. §bClick to §3pickup §byour stash!§r
00:23:12 §e[SkyHanni] §eYou have §66 §eitems in stash. §eClick to §6pickup §eyour stash!§r
00:23:12 §e[SkyHanni] §bYou have §3165k §bmaterials in stash, §btotalling §327 types§b. §bClick to §3pickup §byour stash!§r
00:24:13 §e[SkyHanni] §eYou have §66 §eitems in stash. §eClick to §6pickup §eyour stash!§r
00:24:13 §e[SkyHanni] §bYou have §3165k §bmaterials in stash, §btotalling §327 types§b. §bClick to §3pickup §byour stash!§r
00:25:14 §e[SkyHanni] §eYou have §66 §eitems in stash. §eClick to §6pickup §eyour stash!§r
00:25:14 §e[SkyHanni] §bYou have §3165k §bmaterials in stash, §btotalling §327 types§b. §bClick to §3pickup §byour stash!§r
00:26:14 §e[SkyHanni] §eYou have §66 §eitems in stash. §eClick to §6pickup §eyour stash!§r
00:26:14 §e[SkyHanni] §bYou have §3165k §bmaterials in stash, §btotalling §327 types§b. §bClick to §3pickup §byour stash!§r
00:27:15 §e[SkyHanni] §eYou have §66 §eitems in stash. §eClick to §6pickup §eyour stash!§r
00:27:15 §e[SkyHanni] §bYou have §3165k §bmaterials in stash, §btotalling §327 types§b. §bClick to §3pickup §byour stash!§r
00:28:16 §e[SkyHanni] §eYou have §66 §eitems in stash. §eClick to §6pickup §eyour stash!§r
00:28:16 §e[SkyHanni] §bYou have §3165k §bmaterials in stash, §btotalling §327 types§b. §bClick to §3pickup §byour stash!§r
00:29:16 §e[SkyHanni] §eYou have §66 §eitems in stash. §eClick to §6pickup §eyour stash!§r
00:29:16 §e[SkyHanni] §bYou have §3165k §bmaterials in stash, §btotalling §327 types§b. §bClick to §3pickup §byour stash!§r
00:29:20 §e[SkyHanni] §b+1 SkyBlock XP §7(Mining Fiesta§7)§b (3/100)§r
00:30:16 §e[SkyHanni] §eYou have §66 §eitems in stash. §eClick to §6pickup §eyour stash!§r
00:30:16 §e[SkyHanni] §bYou have §3165k §bmaterials in stash, §btotalling §327 types§b. §bClick to §3pickup §byour stash!§r
00:31:16 §e[SkyHanni] §eYou have §66 §eitems in stash. §eClick to §6pickup §eyour stash!§r
00:31:16 §e[SkyHanni] §bYou have §3165k §bmaterials in stash, §btotalling §327 types§b. §bClick to §3pickup §byour stash!§r
00:32:17 §e[SkyHanni] §eYou have §66 §eitems in stash. §eClick to §6pickup §eyour stash!§r
00:32:17 §e[SkyHanni] §bYou have §3165k §bmaterials in stash, §btotalling §327 types§b. §bClick to §3pickup §byour stash!§r
00:33:17 §e[SkyHanni] §eYou have §66 §eitems in stash. §eClick to §6pickup §eyour stash!§r
00:33:17 §e[SkyHanni] §bYou have §3165k §bmaterials in stash, §btotalling §327 types§b. §bClick to §3pickup §byour stash!§r
00:34:17 §e[SkyHanni] §eYou have §66 §eitems in stash. §eClick to §6pickup §eyour stash!§r
00:34:17 §e[SkyHanni] §bYou have §3165k §bmaterials in stash, §btotalling §327 types§b. §bClick to §3pickup §byour stash!§r
00:35:17 §e[SkyHanni] §eYou have §66 §eitems in stash. §eClick to §6pickup §eyour stash!§r
00:35:17 §e[SkyHanni] §bYou have §3165k §bmaterials in stash, §btotalling §327 types§b. §bClick to §3pickup §byour stash!§r
00:36:17 §e[SkyHanni] §eYou have §66 §eitems in stash. §eClick to §6pickup §eyour stash!§r
00:36:17 §e[SkyHanni] §bYou have §3165k §bmaterials in stash, §btotalling §327 types§b. §bClick to §3pickup §byour stash!§r
00:37:04 §e[SkyHanni] §eYou have §66 §eitems in stash. §eClick to §6pickup §eyour stash!§r
00:37:04 §e[SkyHanni] §bYou have §3165k §bmaterials in stash, §btotalling §327 types§b. §bClick to §3pickup §byour stash!§r
00:38:00 §e[SkyHanni] §eYou have §66 §eitems in stash. §eClick to §6pickup §eyour stash!§r
00:38:00 §e[SkyHanni] §bYou have §3165k §bmaterials in stash, §btotalling §327 types§b. §bClick to §3pickup §byour stash!§r
00:39:01 §e[SkyHanni] §eYou have §66 §eitems in stash. §eClick to §6pickup §eyour stash!§r
00:39:01 §e[SkyHanni] §bYou have §3165k §bmaterials in stash, §btotalling §327 types§b. §bClick to §3pickup §byour stash!§r
00:40:02 §e[SkyHanni] §eYou have §66 §eitems in stash. §eClick to §6pickup §eyour stash!§r
00:40:02 §e[SkyHanni] §bYou have §3165k §bmaterials in stash, §btotalling §327 types§b. §bClick to §3pickup §byour stash!§r
00:41:03 §e[SkyHanni] §eYou have §66 §eitems in stash. §eClick to §6pickup §eyour stash!§r
00:41:03 §e[SkyHanni] §bYou have §3165k §bmaterials in stash, §btotalling §327 types§b. §bClick to §3pickup §byour stash!§r
00:41:22 §e[SkyHanni] §eYou have §66 §eitems in stash. §eClick to §6pickup §eyour stash!§r
00:41:22 §e[SkyHanni] §bYou have §3165k §bmaterials in stash, §btotalling §327 types§b. §bClick to §3pickup §byour stash!§r
00:41:23 §e[SkyHanni] §eYou have §66 §eitems in stash. §eClick to §6pickup §eyour stash!§r
00:41:23 §e[SkyHanni] §bYou have §3165k §bmaterials in stash, §btotalling §327 types§b. §bClick to §3pickup §byour stash!§r
00:42:23 §e[SkyHanni] §eYou have §66 §eitems in stash. §eClick to §6pickup §eyour stash!§r
00:42:23 §e[SkyHanni] §bYou have §3165k §bmaterials in stash, §btotalling §327 types§b. §bClick to §3pickup §byour stash!§r
00:42:31 §e[SkyHanni] §eYou have §66 §eitems in stash. §eClick to §6pickup §eyour stash!§r
00:42:31 §e[SkyHanni] §bYou have §3165k §bmaterials in stash, §btotalling §327 types§b. §bClick to §3pickup §byour stash!§r
00:43:12 §e[SkyHanni] §lCLICK HERE§r§e to grab §ax1926 §9§a❤ Flawed Ruby Gemstone§e from sacks!§r
00:43:16 §e[SkyHanni] §lCLICK HERE§r§e to grab §ax400 §9§9❤ Fine Ruby Gemstone§e from sacks!§r
00:43:32 §e[SkyHanni] §eYou have §66 §eitems in stash. §eClick to §6pickup §eyour stash!§r
00:43:32 §e[SkyHanni] §bYou have §3165k §bmaterials in stash, §btotalling §327 types§b. §bClick to §3pickup §byour stash!§r
00:44:34 §e[SkyHanni] §eYou have §66 §eitems in stash. §eClick to §6pickup §eyour stash!§r
00:44:34 §e[SkyHanni] §bYou have §3165k §bmaterials in stash, §btotalling §327 types§b. §bClick to §3pickup §byour stash!§r
00:44:35 §e[SkyHanni] You have gained §b1,036 §eBits.§r
00:45:35 §e[SkyHanni] §eYou have §66 §eitems in stash. §eClick to §6pickup §eyour stash!§r
00:45:35 §e[SkyHanni] §bYou have §3165k §bmaterials in stash, §btotalling §327 types§b. §bClick to §3pickup §byour stash!§r
00:46:36 §e[SkyHanni] §eYou have §66 §eitems in stash. §eClick to §6pickup §eyour stash!§r
00:46:36 §e[SkyHanni] §bYou have §3165k §bmaterials in stash, §btotalling §327 types§b. §bClick to §3pickup §byour stash!§r
00:47:36 §e[SkyHanni] §eYou have §66 §eitems in stash. §eClick to §6pickup §eyour stash!§r
00:47:36 §e[SkyHanni] §bYou have §3165k §bmaterials in stash, §btotalling §327 types§b. §bClick to §3pickup §byour stash!§r
00:48:37 §e[SkyHanni] §eYou have §66 §eitems in stash. §eClick to §6pickup §eyour stash!§r
00:48:37 §e[SkyHanni] §bYou have §3165k §bmaterials in stash, §btotalling §327 types§b. §bClick to §3pickup §byour stash!§r
00:49:38 §e[SkyHanni] §eYou have §66 §eitems in stash. §eClick to §6pickup §eyour stash!§r
00:49:38 §e[SkyHanni] §bYou have §3165k §bmaterials in stash, §btotalling §327 types§b. §bClick to §3pickup §byour stash!§r
00:50:39 §e[SkyHanni] §eYou have §66 §eitems in stash. §eClick to §6pickup §eyour stash!§r
00:50:39 §e[SkyHanni] §bYou have §3165k §bmaterials in stash, §btotalling §327 types§b. §bClick to §3pickup §byour stash!§r
