08:33:45 Visitor status change for '§aLumber Jack': NEW -> READY (tooltipClickToGive)
08:33:47 Visitor status change for '§aLumber Jack': READY -> ACCEPTED (accepted)
08:33:48 Visitor status change for '§aEmissary Ceanna': NEW -> READY (tooltipClickToGive)
08:33:50 Visitor status change for '§aEmissary Ceanna': READY -> ACCEPTED (accepted)
08:33:51 Visitor status change for '§9Lumina': NEW -> READY (tooltipClickToGive)
08:33:52 Visitor status change for '§9Lumina': READY -> ACCEPTED (accepted)
08:33:55 Visitor status change for '§9Queen Mismyla': NEW -> READY (tooltipClickToGive)
08:33:57 Visitor status change for '§9Queen Mismyla': READY -> ACCEPTED (accepted)
08:33:58 Visitor status change for '§aStella': NEW -> WAITING (tooltipMissingItems)
08:34:01 Visitor status change for '§aStella': WAITING -> REFUSED (refused)
09:09:50 Visitor status change for '§6Sirius': NEW -> WAITING (tooltipMissingItems)
09:09:50 Visitor status change for '§6Sirius': WAITING -> READY (hasItems)
09:10:58 Visitor status change for '§aTarwen': NEW -> READY (tooltipClickToGive)
09:11:01 Visitor status change for '§aTarwen': READY -> ACCEPTED (accepted)
09:11:02 Visitor status change for '§aJamie': NEW -> READY (tooltipClickToGive)
09:11:06 Visitor status change for '§aJamie': READY -> ACCEPTED (accepted)
09:11:07 Visitor status change for '§aRoyal Resident': NEW -> WAITING (tooltipMissingItems)
09:11:12 Visitor status change for '§aRoyal Resident': WAITING -> REFUSED (refused)
09:11:13 Visitor status change for '§aGimley': NEW -> READY (tooltipClickToGive)
09:11:16 Visitor status change for '§aGimley': READY -> ACCEPTED (accepted)
09:23:49 Visitor status change for '§aGuy': NEW -> WAITING (tooltipMissingItems)
09:23:53 Visitor status change for '§aGuy': WAITING -> REFUSED (refused)
09:23:54 Visitor status change for '§9Queen Mismyla': NEW -> WAITING (tooltipMissingItems)
09:23:56 Visitor status change for '§9Queen Mismyla': WAITING -> REFUSED (refused)
09:31:36 Visitor status change for '§6Sirius': READY -> WAITING (noLongerHasItems)
09:37:43 Visitor status change for '§aHungry Hiker': NEW -> READY (tooltipClickToGive)
09:37:49 Visitor status change for '§aHungry Hiker': READY -> REFUSED (refused)
09:37:51 Visitor status change for '§aFelix': NEW -> WAITING (tooltipMissingItems)
09:37:55 Visitor status change for '§aFelix': WAITING -> REFUSED (refused)
09:37:57 Visitor status change for '§9Emissary Sisko': NEW -> WAITING (tooltipMissingItems)
09:38:02 Visitor status change for '§aAndrew': NEW -> WAITING (tooltipMissingItems)
09:38:05 Visitor status change for '§aAndrew': WAITING -> REFUSED (refused)
09:53:19 Visitor status change for '§aStella': NEW -> WAITING (tooltipMissingItems)
09:53:23 Visitor status change for '§aGimley': NEW -> READY (tooltipClickToGive)
09:53:28 Visitor status change for '§aGimley': READY -> ACCEPTED (accepted)
09:53:29 Visitor status change for '§aVex': NEW -> WAITING (tooltipMissingItems)
10:29:44 Visitor status change for '§aStella': WAITING -> REFUSED (refused)
10:29:46 Visitor status change for '§aEmissary Wilson': NEW -> WAITING (tooltipMissingItems)
10:30:04 Visitor status change for '§aEmissary Wilson': WAITING -> REFUSED (refused)
10:30:08 Visitor status change for '§aSargwyn': NEW -> READY (tooltipClickToGive)
10:30:15 Visitor status change for '§aSargwyn': READY -> ACCEPTED (accepted)
10:44:53 Visitor status change for '§aVex': WAITING -> REFUSED (refused)
10:44:55 Visitor status change for '§aSargwyn': NEW -> READY (tooltipClickToGive)
10:44:57 Visitor status change for '§aSargwyn': READY -> ACCEPTED (accepted)
10:44:58 Visitor status change for '§aTom': NEW -> READY (tooltipClickToGive)
10:45:02 Visitor status change for '§aTom': READY -> ACCEPTED (accepted)
12:52:35 Visitor status change for '§aGuy': NEW -> WAITING (tooltipMissingItems)
12:52:37 Visitor status change for '§aGuy': WAITING -> REFUSED (refused)
12:52:37 Visitor status change for '§aEmissary Ceanna': NEW -> READY (tooltipClickToGive)
12:52:39 Visitor status change for '§aEmissary Ceanna': READY -> ACCEPTED (accepted)
12:52:39 Visitor status change for '§aFear Mongerer': NEW -> READY (tooltipClickToGive)
12:52:42 Visitor status change for '§aFear Mongerer': READY -> ACCEPTED (accepted)
12:52:42 Visitor status change for '§9Tia the Fairy': NEW -> WAITING (tooltipMissingItems)
