08:33:52 Removed old visitor: '§aLumber Jack'
08:33:55 Removed old visitor: '§aEmissary Ceanna'
08:33:55 Removed old visitor: '§9Lumina'
08:34:01 Removed old visitor: '§9Queen Mismyla'
08:34:04 Removed old visitor: '§aStella'
09:11:06 Removed old visitor: '§aTarwen'
09:11:12 Removed old visitor: '§aJamie'
09:11:18 Removed old visitor: '§aRoyal Resident'
09:11:21 Removed old visitor: '§aGimley'
09:23:58 Removed old visitor: '§aGuy'
09:24:01 Removed old visitor: '§9Queen Mismyla'
09:37:53 Removed old visitor: '§aHungry Hiker'
09:37:59 Removed old visitor: '§aFelix'
09:38:08 Removed old visitor: '§aAndrew'
09:53:32 Removed old visitor: '§aGimley'
10:29:48 Removed old visitor: '§aStella'
10:30:09 Removed old visitor: '§aEmissary Wilson'
10:30:18 Removed old visitor: '§aSargwyn'
10:44:56 Removed old visitor: '§aVex'
10:45:02 Removed old visitor: '§aSargwyn'
10:45:08 Removed old visitor: '§aTom'
12:52:40 Removed old visitor: '§aGuy'
12:52:43 Removed old visitor: '§aEmissary Ceanna'
12:52:46 Removed old visitor: '§aFear Mongerer'
