09:41:16 §f §r§r§r§f §r§r§r§1 §r§r§r§0 §r§r§r§2 §r§r§r§f §r§r§r§f §r§r§r§2 §r§r§r§0 §r§r§r§4 §r§r§r§3 §r§r§r§9 §r§r§r§2 §r§r§r§0 §r§r§r§0 §r§r§r§3 §r§r§r§9 §r§r§r§2 §r§r§r§0 §r§r§r§0 §r§r§r§3 §r§r§r§9 §r§r§r§2 §r§r§r§0 §r§r§r§0 
09:41:16 
09:41:46 §8 §r§8 §r§1 §r§3 §r§3 §r§7 §r§8 
09:41:48 
09:41:48 
09:41:50  
09:41:50   
09:41:51  
09:41:51   
09:42:51  
09:42:51   
09:43:51  
09:43:51   
09:43:54 §f
09:43:54 §f
09:43:54 §f
09:43:54 §f
09:44:52  
09:44:52   
09:45:52  
09:45:52   
09:46:52  
09:46:52   
09:47:53  
09:47:53   
09:48:53  
09:48:53   
09:49:53  
09:49:53   
09:50:53  
09:50:53   
09:51:53  
09:51:53   
09:52:53  
09:52:53   
09:53:53  
09:53:53   
09:54:53  
09:54:53   
09:55:53  
09:55:53   
09:56:53  
09:56:53   
09:57:53  
09:57:53   
09:58:54  
09:58:54   
09:59:54  
09:59:54   
10:00:54  
10:00:54   
10:01:54  
10:01:54   
10:02:54  
10:02:54   
10:03:55  
10:03:55   
10:04:55  
10:04:55   
10:05:55  
10:05:55   
10:06:55  
10:06:55   
10:07:55  
10:07:55   
10:08:55  
10:08:55   
10:09:55  
10:09:55   
10:10:55  
10:10:55   
10:11:55  
10:11:55   
10:12:56  
10:12:56   
10:13:56  
10:13:56   
10:14:56  
10:14:56   
10:15:56  
10:15:56   
10:16:56  
10:16:56   
10:17:56  
10:17:56   
10:18:11 §8 §r§8 §r§1 §r§3 §r§3 §r§7 §r§8 
10:18:15  
10:18:15   
10:18:57  
10:18:57   
10:19:57  
10:19:57   
10:20:58  
10:20:58   
10:21:58  
10:21:58   
10:22:58  
10:22:58   
10:23:58  
10:23:58   
10:24:59  
10:24:59   
10:25:59  
10:25:59   
10:26:59  
10:26:59   
10:27:59  
10:27:59   
10:28:20 
10:28:20 §f                                        
10:28:20 
10:29:00  
10:29:00   
10:29:32 §8 §r§8 §r§1 §r§3 §r§3 §r§7 §r§8 
10:29:36  
10:29:36   
10:29:44 §8 §r§8 §r§1 §r§3 §r§3 §r§7 §r§8 
10:29:48  
10:29:48   
10:30:31  
10:30:31   
10:31:31  
10:31:31   
10:32:11 
10:32:11 
10:32:32  
10:32:32   
10:33:21 
10:33:21 §f                                        
10:33:21 
10:33:32  
10:33:32   
10:34:26 
10:34:26 
10:34:26  
10:34:32  
10:34:32   
10:35:33  
10:35:33   
10:36:33  
10:36:33   
10:37:34  
10:37:34   
10:38:00 
10:38:00 
10:38:00 
10:38:00 
10:38:34  
10:38:34   
10:39:35  
10:39:35   
10:40:35  
10:40:35   
10:41:35  
10:41:35   
10:42:35  
10:42:35   
10:43:35  
10:43:35   
10:44:36  
10:44:36   
10:45:01 
10:45:01 
10:45:36  
10:45:36   
10:46:36  
10:46:36   
10:47:36  
10:47:36   
10:48:37  
10:48:37   
10:49:37  
10:49:37   
10:50:05 
10:50:05 
10:50:05 
10:50:05 
10:50:38  
10:50:38   
10:51:38  
10:51:38   
10:52:38  
10:52:38   
10:53:38  
10:53:38   
10:54:39  
10:54:39   
10:55:39  
10:55:39   
10:56:39  
10:56:39   
10:56:40 
10:56:40 
10:57:39  
10:57:39   
10:58:39  
10:58:39   
10:59:40  
10:59:40   
11:00:20 §f
11:00:20 §c
11:00:40  
11:00:40   
11:01:07 
11:01:07 
11:01:07 
11:01:07 
11:01:40  
11:01:40   
11:02:41  
11:02:41   
11:03:41  
11:03:41   
11:04:21 
11:04:21 
11:04:21 
11:04:21 
11:04:41  
11:04:41   
11:05:41  
11:05:41   
11:06:42  
11:06:42   
11:06:58 §8 §r§8 §r§1 §r§3 §r§3 §r§7 §r§8 
11:07:01  
11:07:01   
11:07:02  
11:07:02   
11:08:02  
11:08:02   
11:09:03  
11:09:03   
11:10:03  
11:10:03   
11:11:03  
11:11:03   
11:12:03  
11:12:03   
11:13:03  
11:13:03   
11:14:04  
11:14:04   
11:14:17 §8 §r§8 §r§1 §r§3 §r§3 §r§7 §r§8 
11:14:21  
11:14:21   
11:14:42 §8 §r§8 §r§1 §r§3 §r§3 §r§7 §r§8 
11:14:46  
11:14:46   
11:14:56 §8 §r§8 §r§1 §r§3 §r§3 §r§7 §r§8 
11:15:00  
11:15:00   
11:15:12 §8 §r§8 §r§1 §r§3 §r§3 §r§7 §r§8 
11:15:15  
11:15:15   
11:15:15  
11:15:15   
11:16:15  
11:16:15   
11:17:16  
11:17:16   
11:18:16  
11:18:16   
11:18:20 
11:18:22 
11:18:22 
11:18:41 §8 §r§8 §r§1 §r§3 §r§3 §r§7 §r§8 
11:18:45  
11:18:45   
11:19:33  
11:19:33   
11:20:08 §8 §r§8 §r§1 §r§3 §r§3 §r§7 §r§8 
11:20:12  
11:20:12   
11:20:29  
11:20:29   
11:21:30  
11:21:30   
11:22:30  
11:22:30   
11:23:31  
11:23:31   
