14:11:22 PRIVATE_ISLAND
15:28:08 NONE
15:28:09 HUB
15:29:14 NONE
15:29:15 GARDEN
17:15:01 NONE
17:15:02 HUB
17:19:22 NONE
17:19:23 DUNGEON_HUB
17:23:39 NONE
17:23:40 CATACOMBS
17:28:28 NONE
17:28:29 CATACOMBS
17:32:02 NONE
17:32:03 CATACOMBS
17:34:22 NONE
17:34:22 DUNGEON_HUB
17:38:59 NONE
17:38:59 HUB
17:41:08 NONE
17:41:10 CATACOMBS
17:50:02 NONE
17:50:03 DUNGEON_HUB
17:57:12 NONE
17:57:13 CATACOMBS
18:00:55 NONE
18:00:56 CATACOMBS
18:05:23 NONE
18:05:24 DUNGEON_HUB
18:10:03 NONE
18:10:03 CATACOMBS
18:26:08 NONE
18:26:08 DUNGEON_HUB
18:26:14 NONE
18:26:14 CATACOMBS
18:28:04 NONE
18:28:04 DUNGEON_HUB
18:28:13 NONE
18:28:14 CATACOMBS
18:33:09 NONE
18:33:10 DUNGEON_HUB
18:44:22 NONE
18:44:22 HUB
18:48:29 NONE
18:48:29 PRIVATE_ISLAND
18:49:37 NONE
18:49:38 DUNGEON_HUB
18:50:53 NONE
18:50:54 PRIVATE_ISLAND
18:57:31 NONE
18:57:32 HUB
18:57:42 NONE
18:57:43 HUB
18:59:56 NONE
18:59:56 GARDEN
19:02:36 NONE
19:02:37 PRIVATE_ISLAND
19:14:30 NONE
19:14:30 HUB
19:14:34 NONE
19:14:35 HUB
19:17:49 NONE
19:17:49 PRIVATE_ISLAND
19:21:57 NONE
19:21:57 HUB
19:24:49 NONE
19:24:49 PRIVATE_ISLAND
20:07:09 NONE
20:07:09 DWARVEN_MINES
20:18:24 NONE
20:18:24 PRIVATE_ISLAND
21:13:45 NONE
21:13:46 HUB
21:16:01 NONE
21:16:01 PRIVATE_ISLAND
21:19:25 NONE
21:19:25 DUNGEON_HUB
21:23:23 NONE
21:23:26 DUNGEON_HUB
21:24:48 NONE
21:24:49 DUNGEON_HUB
21:25:04 NONE
21:25:05 CATACOMBS
21:30:02 NONE
21:30:03 CATACOMBS
21:35:19 NONE
21:35:20 CATACOMBS
21:39:22 NONE
21:39:23 CATACOMBS
21:43:11 NONE
21:43:12 CATACOMBS
21:47:00 NONE
21:47:01 CATACOMBS
21:51:07 NONE
21:51:08 DUNGEON_HUB
21:51:57 NONE
21:51:58 CATACOMBS
21:58:32 NONE
21:58:33 DUNGEON_HUB
21:58:58 NONE
21:58:59 CATACOMBS
22:02:57 NONE
22:02:58 CATACOMBS
22:06:56 NONE
22:06:57 DUNGEON_HUB
22:07:07 NONE
22:07:07 HUB
22:07:14 NONE
22:07:15 DUNGEON_HUB
22:07:24 NONE
22:07:24 CATACOMBS
22:11:14 NONE
22:11:15 DUNGEON_HUB
22:12:37 NONE
22:12:38 CATACOMBS
22:17:44 NONE
22:17:44 CATACOMBS
22:18:09 NONE
22:18:09 DUNGEON_HUB
22:18:29 NONE
22:18:30 CATACOMBS
22:23:52 NONE
22:23:53 CATACOMBS
22:28:19 NONE
22:28:20 CATACOMBS
22:34:19 NONE
22:34:20 CATACOMBS
22:39:19 NONE
22:39:20 CATACOMBS
22:43:44 NONE
22:43:45 CATACOMBS
22:48:40 NONE
22:48:40 DUNGEON_HUB
22:49:49 NONE
22:49:50 CATACOMBS
22:53:56 NONE
22:53:56 CATACOMBS
22:58:03 NONE
22:58:03 DUNGEON_HUB
22:59:25 NONE
22:59:25 CATACOMBS
23:04:31 NONE
23:04:31 CATACOMBS
23:09:19 NONE
23:09:20 CATACOMBS
23:13:52 NONE
23:13:52 HUB
23:15:25 NONE
23:15:26 DUNGEON_HUB
23:17:21 NONE
23:17:23 CATACOMBS
23:22:27 NONE
23:22:27 CATACOMBS
23:27:19 NONE
23:27:19 CATACOMBS
23:32:17 NONE
23:32:18 DUNGEON_HUB
23:59:15 NONE
23:59:15 DWARVEN_MINES
