14:10:43 Trying to load config from config/skyhanni/config.json
14:10:43 load-config-now
14:10:44 Loaded config from file
14:10:44 Trying to load sacks from config/skyhanni/sacks.json
14:10:44 load-sacks-now
14:10:44 Loaded sacks from file
14:10:44 Trying to load friends from config/skyhanni/friends.json
14:10:44 load-friends-now
14:10:44 Loaded friends from file
14:10:44 Trying to load known_features from config/skyhanni/known_features.json
14:10:44 load-known_features-now
14:10:44 Loaded known_features from file
14:10:44 Trying to load jacob_contests from config/skyhanni/jacob_contests.json
14:10:44 load-jacob_contests-now
14:10:44 Loaded jacob_contests from file
14:10:44 Trying to load visual_words from config/skyhanni/visual_words.json
14:10:44 Setting visual_words to be blank as it did not exist. It will be saved once something is written to it
14:11:10 saveConfig: Updated known feature flags
14:11:10 Saving known_features file
14:11:44 saveConfig: auto-save-60s
14:11:44 Saving config file
14:12:44 saveConfig: auto-save-60s
14:12:44 Saving config file
14:13:44 saveConfig: auto-save-60s
14:13:44 Saving config file
14:14:44 saveConfig: auto-save-60s
14:14:44 Saving config file
14:15:44 saveConfig: auto-save-60s
14:15:44 Saving config file
14:16:44 saveConfig: auto-save-60s
14:16:44 Saving config file
14:17:44 saveConfig: auto-save-60s
14:17:44 Saving config file
14:18:44 saveConfig: auto-save-60s
14:18:44 Saving config file
14:19:44 saveConfig: auto-save-60s
14:19:44 Saving config file
14:20:44 saveConfig: auto-save-60s
14:20:44 Saving config file
14:21:44 saveConfig: auto-save-60s
14:21:44 Saving config file
14:22:44 saveConfig: auto-save-60s
14:22:44 Saving config file
14:23:44 saveConfig: auto-save-60s
14:23:44 Saving config file
14:24:44 saveConfig: auto-save-60s
14:24:44 Saving config file
14:25:44 saveConfig: auto-save-60s
14:25:44 Saving config file
14:26:44 saveConfig: auto-save-60s
14:26:44 Saving config file
14:27:44 saveConfig: auto-save-60s
14:27:44 Saving config file
14:28:44 saveConfig: auto-save-60s
14:28:44 Saving config file
14:29:44 saveConfig: auto-save-60s
14:29:44 Saving config file
14:30:44 saveConfig: auto-save-60s
14:30:44 Saving config file
14:31:44 saveConfig: auto-save-60s
14:31:44 Saving config file
14:32:44 saveConfig: auto-save-60s
14:32:44 Saving config file
14:33:44 saveConfig: auto-save-60s
14:33:44 Saving config file
14:34:44 saveConfig: auto-save-60s
14:34:44 Saving config file
14:35:44 saveConfig: auto-save-60s
14:35:44 Saving config file
14:36:44 saveConfig: auto-save-60s
14:36:44 Saving config file
14:37:44 saveConfig: auto-save-60s
14:37:44 Saving config file
14:38:44 saveConfig: auto-save-60s
14:38:44 Saving config file
14:39:44 saveConfig: auto-save-60s
14:39:44 Saving config file
14:40:44 saveConfig: auto-save-60s
14:40:44 Saving config file
14:41:44 saveConfig: auto-save-60s
14:41:44 Saving config file
14:42:44 saveConfig: auto-save-60s
14:42:44 Saving config file
14:43:44 saveConfig: auto-save-60s
14:43:44 Saving config file
14:44:44 saveConfig: auto-save-60s
14:44:44 Saving config file
14:45:44 saveConfig: auto-save-60s
14:45:44 Saving config file
14:46:44 saveConfig: auto-save-60s
14:46:44 Saving config file
14:47:44 saveConfig: auto-save-60s
14:47:44 Saving config file
14:48:44 saveConfig: auto-save-60s
14:48:44 Saving config file
14:49:44 saveConfig: auto-save-60s
14:49:44 Saving config file
14:50:44 saveConfig: auto-save-60s
14:50:44 Saving config file
14:51:44 saveConfig: auto-save-60s
14:51:44 Saving config file
14:52:44 saveConfig: auto-save-60s
14:52:44 Saving config file
14:53:44 saveConfig: auto-save-60s
14:53:44 Saving config file
14:54:44 saveConfig: auto-save-60s
14:54:44 Saving config file
14:55:44 saveConfig: auto-save-60s
14:55:44 Saving config file
14:56:44 saveConfig: auto-save-60s
14:56:44 Saving config file
14:57:44 saveConfig: auto-save-60s
14:57:44 Saving config file
14:58:44 saveConfig: auto-save-60s
14:58:44 Saving config file
14:59:44 saveConfig: auto-save-60s
14:59:44 Saving config file
15:00:44 saveConfig: auto-save-60s
15:00:44 Saving config file
15:01:44 saveConfig: auto-save-60s
15:01:44 Saving config file
15:02:44 saveConfig: auto-save-60s
15:02:44 Saving config file
15:03:44 saveConfig: auto-save-60s
15:03:44 Saving config file
15:04:44 saveConfig: auto-save-60s
15:04:44 Saving config file
15:05:44 saveConfig: auto-save-60s
15:05:44 Saving config file
15:06:44 saveConfig: auto-save-60s
15:06:44 Saving config file
15:07:44 saveConfig: auto-save-60s
15:07:44 Saving config file
15:08:44 saveConfig: auto-save-60s
15:08:44 Saving config file
15:09:44 saveConfig: auto-save-60s
15:09:44 Saving config file
15:10:44 saveConfig: auto-save-60s
15:10:44 Saving config file
15:11:44 saveConfig: auto-save-60s
15:11:44 Saving config file
15:12:44 saveConfig: auto-save-60s
15:12:44 Saving config file
15:13:44 saveConfig: auto-save-60s
15:13:44 Saving config file
15:14:44 saveConfig: auto-save-60s
15:14:44 Saving config file
15:15:44 saveConfig: auto-save-60s
15:15:44 Saving config file
15:16:44 saveConfig: auto-save-60s
15:16:44 Saving config file
15:17:44 saveConfig: auto-save-60s
15:17:44 Saving config file
15:18:44 saveConfig: auto-save-60s
15:18:44 Saving config file
15:19:44 saveConfig: auto-save-60s
15:19:44 Saving config file
15:20:44 saveConfig: auto-save-60s
15:20:44 Saving config file
15:21:44 saveConfig: auto-save-60s
15:21:44 Saving config file
15:22:44 saveConfig: auto-save-60s
15:22:44 Saving config file
15:23:44 saveConfig: auto-save-60s
15:23:44 Saving config file
15:24:44 saveConfig: auto-save-60s
15:24:44 Saving config file
15:25:44 saveConfig: auto-save-60s
15:25:44 Saving config file
15:26:44 saveConfig: auto-save-60s
15:26:44 Saving config file
15:27:44 saveConfig: auto-save-60s
15:27:44 Saving config file
15:28:44 saveConfig: auto-save-60s
15:28:44 Saving config file
15:29:15 saveConfig: Save contests
15:29:15 Saving jacob_contests file
15:29:44 saveConfig: auto-save-60s
15:29:44 Saving config file
15:30:44 saveConfig: auto-save-60s
15:30:44 Saving config file
15:31:44 saveConfig: auto-save-60s
15:31:44 Saving config file
15:32:44 saveConfig: auto-save-60s
15:32:44 Saving config file
15:33:44 saveConfig: auto-save-60s
15:33:44 Saving config file
15:34:44 saveConfig: auto-save-60s
15:34:44 Saving config file
15:35:44 saveConfig: auto-save-60s
15:35:44 Saving config file
15:36:44 saveConfig: auto-save-60s
15:36:44 Saving config file
15:37:44 saveConfig: auto-save-60s
15:37:44 Saving config file
15:38:44 saveConfig: auto-save-60s
15:38:44 Saving config file
15:39:44 saveConfig: auto-save-60s
15:39:44 Saving config file
15:40:44 saveConfig: auto-save-60s
15:40:44 Saving config file
15:41:44 saveConfig: auto-save-60s
15:41:44 Saving config file
15:42:44 saveConfig: auto-save-60s
15:42:44 Saving config file
15:43:44 saveConfig: auto-save-60s
15:43:44 Saving config file
15:44:44 saveConfig: auto-save-60s
15:44:44 Saving config file
15:45:44 saveConfig: auto-save-60s
15:45:44 Saving config file
15:46:44 saveConfig: auto-save-60s
15:46:44 Saving config file
15:47:44 saveConfig: auto-save-60s
15:47:44 Saving config file
15:48:44 saveConfig: auto-save-60s
15:48:44 Saving config file
15:49:44 saveConfig: auto-save-60s
15:49:44 Saving config file
15:50:44 saveConfig: auto-save-60s
15:50:44 Saving config file
15:51:44 saveConfig: auto-save-60s
15:51:44 Saving config file
15:52:44 saveConfig: auto-save-60s
15:52:44 Saving config file
15:53:44 saveConfig: auto-save-60s
15:53:44 Saving config file
15:54:44 saveConfig: auto-save-60s
15:54:44 Saving config file
15:55:44 saveConfig: auto-save-60s
15:55:44 Saving config file
15:56:44 saveConfig: auto-save-60s
15:56:44 Saving config file
15:57:44 saveConfig: auto-save-60s
15:57:44 Saving config file
15:58:44 saveConfig: auto-save-60s
15:58:44 Saving config file
15:59:44 saveConfig: auto-save-60s
15:59:44 Saving config file
16:00:44 saveConfig: auto-save-60s
16:00:44 Saving config file
16:01:44 saveConfig: auto-save-60s
16:01:44 Saving config file
16:02:44 saveConfig: auto-save-60s
16:02:44 Saving config file
16:03:44 saveConfig: auto-save-60s
16:03:44 Saving config file
16:04:44 saveConfig: auto-save-60s
16:04:44 Saving config file
16:05:44 saveConfig: auto-save-60s
16:05:44 Saving config file
16:06:44 saveConfig: auto-save-60s
16:06:44 Saving config file
16:07:44 saveConfig: auto-save-60s
16:07:44 Saving config file
16:08:44 saveConfig: auto-save-60s
16:08:44 Saving config file
16:09:44 saveConfig: auto-save-60s
16:09:44 Saving config file
16:10:44 saveConfig: auto-save-60s
16:10:44 Saving config file
16:11:44 saveConfig: auto-save-60s
16:11:44 Saving config file
16:12:44 saveConfig: auto-save-60s
16:12:44 Saving config file
16:13:44 saveConfig: auto-save-60s
16:13:44 Saving config file
16:14:44 saveConfig: auto-save-60s
16:14:44 Saving config file
16:15:44 saveConfig: auto-save-60s
16:15:44 Saving config file
16:16:44 saveConfig: auto-save-60s
16:16:44 Saving config file
16:17:44 saveConfig: auto-save-60s
16:17:44 Saving config file
16:18:44 saveConfig: auto-save-60s
16:18:44 Saving config file
16:19:44 saveConfig: auto-save-60s
16:19:44 Saving config file
16:20:44 saveConfig: auto-save-60s
16:20:44 Saving config file
16:21:44 saveConfig: auto-save-60s
16:21:44 Saving config file
16:22:44 saveConfig: auto-save-60s
16:22:44 Saving config file
16:23:44 saveConfig: auto-save-60s
16:23:44 Saving config file
16:24:44 saveConfig: auto-save-60s
16:24:44 Saving config file
16:25:44 saveConfig: auto-save-60s
16:25:44 Saving config file
16:26:44 saveConfig: auto-save-60s
16:26:44 Saving config file
16:27:44 saveConfig: auto-save-60s
16:27:44 Saving config file
16:28:44 saveConfig: auto-save-60s
16:28:44 Saving config file
16:29:44 saveConfig: auto-save-60s
16:29:44 Saving config file
16:30:44 saveConfig: auto-save-60s
16:30:44 Saving config file
16:31:44 saveConfig: auto-save-60s
16:31:44 Saving config file
16:32:44 saveConfig: auto-save-60s
16:32:44 Saving config file
16:33:44 saveConfig: auto-save-60s
16:33:44 Saving config file
16:34:44 saveConfig: auto-save-60s
16:34:44 Saving config file
16:35:44 saveConfig: auto-save-60s
16:35:44 Saving config file
16:36:44 saveConfig: auto-save-60s
16:36:44 Saving config file
16:37:44 saveConfig: auto-save-60s
16:37:44 Saving config file
16:38:44 saveConfig: auto-save-60s
16:38:44 Saving config file
16:39:44 saveConfig: auto-save-60s
16:39:44 Saving config file
16:40:44 saveConfig: auto-save-60s
16:40:44 Saving config file
16:41:44 saveConfig: auto-save-60s
16:41:44 Saving config file
16:42:44 saveConfig: auto-save-60s
16:42:44 Saving config file
16:43:44 saveConfig: auto-save-60s
16:43:44 Saving config file
16:44:44 saveConfig: auto-save-60s
16:44:44 Saving config file
16:45:44 saveConfig: auto-save-60s
16:45:44 Saving config file
16:46:44 saveConfig: auto-save-60s
16:46:44 Saving config file
16:47:44 saveConfig: auto-save-60s
16:47:44 Saving config file
16:48:44 saveConfig: auto-save-60s
16:48:44 Saving config file
16:49:44 saveConfig: auto-save-60s
16:49:44 Saving config file
16:50:44 saveConfig: auto-save-60s
16:50:44 Saving config file
16:51:44 saveConfig: auto-save-60s
16:51:44 Saving config file
16:52:44 saveConfig: auto-save-60s
16:52:44 Saving config file
16:53:44 saveConfig: auto-save-60s
16:53:44 Saving config file
16:54:44 saveConfig: auto-save-60s
16:54:44 Saving config file
16:55:44 saveConfig: auto-save-60s
16:55:44 Saving config file
16:56:44 saveConfig: auto-save-60s
16:56:44 Saving config file
16:57:44 saveConfig: auto-save-60s
16:57:44 Saving config file
16:58:44 saveConfig: auto-save-60s
16:58:44 Saving config file
16:59:44 saveConfig: auto-save-60s
16:59:44 Saving config file
17:00:44 saveConfig: auto-save-60s
17:00:44 Saving config file
17:01:44 saveConfig: auto-save-60s
17:01:44 Saving config file
17:02:44 saveConfig: auto-save-60s
17:02:44 Saving config file
17:03:44 saveConfig: auto-save-60s
17:03:44 Saving config file
17:04:44 saveConfig: auto-save-60s
17:04:44 Saving config file
17:05:44 saveConfig: auto-save-60s
17:05:44 Saving config file
17:06:44 saveConfig: auto-save-60s
17:06:44 Saving config file
17:07:44 saveConfig: auto-save-60s
17:07:44 Saving config file
17:08:44 saveConfig: auto-save-60s
17:08:44 Saving config file
17:09:44 saveConfig: auto-save-60s
17:09:44 Saving config file
17:10:44 saveConfig: auto-save-60s
17:10:44 Saving config file
17:11:44 saveConfig: auto-save-60s
17:11:44 Saving config file
17:12:44 saveConfig: auto-save-60s
17:12:44 Saving config file
17:13:44 saveConfig: auto-save-60s
17:13:44 Saving config file
17:14:44 saveConfig: auto-save-60s
17:14:44 Saving config file
17:15:44 saveConfig: auto-save-60s
17:15:44 Saving config file
17:16:44 saveConfig: auto-save-60s
17:16:44 Saving config file
17:17:44 saveConfig: auto-save-60s
17:17:44 Saving config file
17:18:44 saveConfig: auto-save-60s
17:18:44 Saving config file
17:19:44 saveConfig: auto-save-60s
17:19:44 Saving config file
17:20:44 saveConfig: auto-save-60s
17:20:44 Saving config file
17:21:44 saveConfig: auto-save-60s
17:21:44 Saving config file
17:22:44 saveConfig: auto-save-60s
17:22:44 Saving config file
17:23:44 saveConfig: auto-save-60s
17:23:44 Saving config file
17:24:44 saveConfig: auto-save-60s
17:24:44 Saving config file
17:25:44 saveConfig: auto-save-60s
17:25:44 Saving config file
17:26:44 saveConfig: auto-save-60s
17:26:44 Saving config file
17:27:44 saveConfig: auto-save-60s
17:27:44 Saving config file
17:28:44 saveConfig: auto-save-60s
17:28:44 Saving config file
17:29:44 saveConfig: auto-save-60s
17:29:44 Saving config file
17:30:44 saveConfig: auto-save-60s
17:30:44 Saving config file
17:31:44 saveConfig: auto-save-60s
17:31:44 Saving config file
17:32:44 saveConfig: auto-save-60s
17:32:44 Saving config file
17:33:44 saveConfig: auto-save-60s
17:33:44 Saving config file
17:34:44 saveConfig: auto-save-60s
17:34:44 Saving config file
17:35:44 saveConfig: auto-save-60s
17:35:44 Saving config file
17:36:44 saveConfig: auto-save-60s
17:36:44 Saving config file
17:37:44 saveConfig: auto-save-60s
17:37:44 Saving config file
17:38:44 saveConfig: auto-save-60s
17:38:44 Saving config file
17:39:44 saveConfig: auto-save-60s
17:39:44 Saving config file
17:40:44 saveConfig: auto-save-60s
17:40:44 Saving config file
17:41:44 saveConfig: auto-save-60s
17:41:44 Saving config file
17:42:44 saveConfig: auto-save-60s
17:42:44 Saving config file
17:43:44 saveConfig: auto-save-60s
17:43:44 Saving config file
17:44:44 saveConfig: auto-save-60s
17:44:44 Saving config file
17:45:44 saveConfig: auto-save-60s
17:45:44 Saving config file
17:46:44 saveConfig: auto-save-60s
17:46:44 Saving config file
17:47:44 saveConfig: auto-save-60s
17:47:44 Saving config file
17:48:44 saveConfig: auto-save-60s
17:48:44 Saving config file
17:49:44 saveConfig: auto-save-60s
17:49:44 Saving config file
17:50:44 saveConfig: auto-save-60s
17:50:44 Saving config file
17:51:44 saveConfig: auto-save-60s
17:51:44 Saving config file
17:52:44 saveConfig: auto-save-60s
17:52:44 Saving config file
17:53:44 saveConfig: auto-save-60s
17:53:44 Saving config file
17:54:44 saveConfig: auto-save-60s
17:54:44 Saving config file
17:55:44 saveConfig: auto-save-60s
17:55:44 Saving config file
17:56:44 saveConfig: auto-save-60s
17:56:44 Saving config file
17:57:44 saveConfig: auto-save-60s
17:57:44 Saving config file
17:58:44 saveConfig: auto-save-60s
17:58:44 Saving config file
17:59:44 saveConfig: auto-save-60s
17:59:44 Saving config file
18:00:44 saveConfig: auto-save-60s
18:00:44 Saving config file
18:01:44 saveConfig: auto-save-60s
18:01:44 Saving config file
18:02:44 saveConfig: auto-save-60s
18:02:44 Saving config file
18:03:44 saveConfig: auto-save-60s
18:03:44 Saving config file
18:04:44 saveConfig: auto-save-60s
18:04:44 Saving config file
18:05:44 saveConfig: auto-save-60s
18:05:44 Saving config file
18:06:44 saveConfig: auto-save-60s
18:06:44 Saving config file
18:07:44 saveConfig: auto-save-60s
18:07:44 Saving config file
18:08:44 saveConfig: auto-save-60s
18:08:44 Saving config file
18:09:44 saveConfig: auto-save-60s
18:09:44 Saving config file
18:10:44 saveConfig: auto-save-60s
18:10:44 Saving config file
18:11:44 saveConfig: auto-save-60s
18:11:44 Saving config file
18:12:44 saveConfig: auto-save-60s
18:12:44 Saving config file
18:13:44 saveConfig: auto-save-60s
18:13:44 Saving config file
18:14:44 saveConfig: auto-save-60s
18:14:44 Saving config file
18:15:44 saveConfig: auto-save-60s
18:15:44 Saving config file
18:16:44 saveConfig: auto-save-60s
18:16:44 Saving config file
18:17:44 saveConfig: auto-save-60s
18:17:44 Saving config file
18:18:44 saveConfig: auto-save-60s
18:18:44 Saving config file
18:19:44 saveConfig: auto-save-60s
18:19:44 Saving config file
18:20:44 saveConfig: auto-save-60s
18:20:44 Saving config file
18:21:44 saveConfig: auto-save-60s
18:21:44 Saving config file
18:22:44 saveConfig: auto-save-60s
18:22:44 Saving config file
18:23:44 saveConfig: auto-save-60s
18:23:44 Saving config file
18:24:44 saveConfig: auto-save-60s
18:24:44 Saving config file
18:25:44 saveConfig: auto-save-60s
18:25:44 Saving config file
18:26:44 saveConfig: auto-save-60s
18:26:44 Saving config file
18:27:44 saveConfig: auto-save-60s
18:27:44 Saving config file
18:28:44 saveConfig: auto-save-60s
18:28:44 Saving config file
18:29:44 saveConfig: auto-save-60s
18:29:44 Saving config file
18:30:44 saveConfig: auto-save-60s
18:30:44 Saving config file
18:31:44 saveConfig: auto-save-60s
18:31:44 Saving config file
18:32:44 saveConfig: auto-save-60s
18:32:44 Saving config file
18:33:44 saveConfig: auto-save-60s
18:33:44 Saving config file
18:34:44 saveConfig: auto-save-60s
18:34:44 Saving config file
18:35:44 saveConfig: auto-save-60s
18:35:44 Saving config file
18:36:44 saveConfig: auto-save-60s
18:36:44 Saving config file
18:37:44 saveConfig: auto-save-60s
18:37:44 Saving config file
18:38:44 saveConfig: auto-save-60s
18:38:44 Saving config file
18:39:44 saveConfig: auto-save-60s
18:39:44 Saving config file
18:40:44 saveConfig: auto-save-60s
18:40:44 Saving config file
18:41:44 saveConfig: auto-save-60s
18:41:44 Saving config file
18:42:44 saveConfig: auto-save-60s
18:42:44 Saving config file
18:43:44 saveConfig: auto-save-60s
18:43:44 Saving config file
18:44:44 saveConfig: auto-save-60s
18:44:44 Saving config file
18:45:44 saveConfig: auto-save-60s
18:45:44 Saving config file
18:46:44 saveConfig: auto-save-60s
18:46:44 Saving config file
18:47:44 saveConfig: auto-save-60s
18:47:44 Saving config file
18:48:08 saveConfig: saving-data
18:48:08 Saving sacks file
18:48:18 saveConfig: saving-data
18:48:18 Saving sacks file
18:48:44 saveConfig: auto-save-60s
18:48:44 Saving config file
18:48:51 saveConfig: saving-data
18:48:51 Saving sacks file
18:49:44 saveConfig: auto-save-60s
18:49:44 Saving config file
18:50:44 saveConfig: auto-save-60s
18:50:44 Saving config file
18:51:44 saveConfig: auto-save-60s
18:51:44 Saving config file
18:52:44 saveConfig: auto-save-60s
18:52:44 Saving config file
18:53:44 saveConfig: auto-save-60s
18:53:44 Saving config file
18:54:44 saveConfig: auto-save-60s
18:54:44 Saving config file
18:55:44 saveConfig: auto-save-60s
18:55:44 Saving config file
18:56:44 saveConfig: auto-save-60s
18:56:44 Saving config file
18:57:44 saveConfig: auto-save-60s
18:57:44 Saving config file
18:58:44 saveConfig: auto-save-60s
18:58:44 Saving config file
18:59:44 saveConfig: auto-save-60s
18:59:44 Saving config file
19:00:44 saveConfig: auto-save-60s
19:00:44 Saving config file
19:01:44 saveConfig: auto-save-60s
19:01:44 Saving config file
19:02:44 saveConfig: auto-save-60s
19:02:44 Saving config file
19:03:44 saveConfig: auto-save-60s
19:03:44 Saving config file
19:04:44 saveConfig: auto-save-60s
19:04:44 Saving config file
19:05:44 saveConfig: auto-save-60s
19:05:44 Saving config file
19:06:44 saveConfig: auto-save-60s
19:06:44 Saving config file
19:07:44 saveConfig: auto-save-60s
19:07:44 Saving config file
19:08:44 saveConfig: auto-save-60s
19:08:44 Saving config file
19:09:44 saveConfig: auto-save-60s
19:09:44 Saving config file
19:10:44 saveConfig: auto-save-60s
19:10:44 Saving config file
19:11:44 saveConfig: auto-save-60s
19:11:44 Saving config file
19:12:44 saveConfig: auto-save-60s
19:12:44 Saving config file
19:13:44 saveConfig: auto-save-60s
19:13:44 Saving config file
19:14:44 saveConfig: auto-save-60s
19:14:44 Saving config file
19:15:44 saveConfig: auto-save-60s
19:15:44 Saving config file
19:16:44 saveConfig: auto-save-60s
19:16:44 Saving config file
19:17:44 saveConfig: auto-save-60s
19:17:44 Saving config file
19:17:52 saveConfig: saving-data
19:17:52 Saving sacks file
19:18:44 saveConfig: auto-save-60s
19:18:44 Saving config file
19:19:44 saveConfig: auto-save-60s
19:19:44 Saving config file
19:20:44 saveConfig: auto-save-60s
19:20:44 Saving config file
19:21:03 saveConfig: saving-data
19:21:03 Saving sacks file
19:21:44 saveConfig: auto-save-60s
19:21:44 Saving config file
19:22:44 saveConfig: auto-save-60s
19:22:44 Saving config file
19:23:44 saveConfig: auto-save-60s
19:23:44 Saving config file
19:24:44 saveConfig: auto-save-60s
19:24:44 Saving config file
19:25:44 saveConfig: auto-save-60s
19:25:44 Saving config file
19:26:44 saveConfig: auto-save-60s
19:26:44 Saving config file
19:27:44 saveConfig: auto-save-60s
19:27:44 Saving config file
19:28:44 saveConfig: auto-save-60s
19:28:44 Saving config file
19:29:44 saveConfig: auto-save-60s
19:29:44 Saving config file
19:30:44 saveConfig: auto-save-60s
19:30:44 Saving config file
19:31:44 saveConfig: auto-save-60s
19:31:44 Saving config file
19:32:44 saveConfig: auto-save-60s
19:32:44 Saving config file
19:33:44 saveConfig: auto-save-60s
19:33:44 Saving config file
19:34:44 saveConfig: auto-save-60s
19:34:44 Saving config file
19:35:44 saveConfig: auto-save-60s
19:35:44 Saving config file
19:36:44 saveConfig: auto-save-60s
19:36:44 Saving config file
19:37:44 saveConfig: auto-save-60s
19:37:44 Saving config file
19:38:44 saveConfig: auto-save-60s
19:38:44 Saving config file
19:39:44 saveConfig: auto-save-60s
19:39:44 Saving config file
19:40:44 saveConfig: auto-save-60s
19:40:44 Saving config file
19:41:44 saveConfig: auto-save-60s
19:41:44 Saving config file
19:42:44 saveConfig: auto-save-60s
19:42:44 Saving config file
19:43:44 saveConfig: auto-save-60s
19:43:44 Saving config file
19:44:44 saveConfig: auto-save-60s
19:44:44 Saving config file
19:45:44 saveConfig: auto-save-60s
19:45:44 Saving config file
19:46:44 saveConfig: auto-save-60s
19:46:44 Saving config file
19:47:44 saveConfig: auto-save-60s
19:47:44 Saving config file
19:47:53 saveConfig: saving-data
19:47:53 Saving sacks file
19:48:14 saveConfig: saving-data
19:48:14 Saving sacks file
19:48:20 saveConfig: saving-data
19:48:20 Saving sacks file
19:48:44 saveConfig: auto-save-60s
19:48:44 Saving config file
19:49:44 saveConfig: auto-save-60s
19:49:44 Saving config file
19:50:44 saveConfig: auto-save-60s
19:50:44 Saving config file
19:51:44 saveConfig: auto-save-60s
19:51:44 Saving config file
19:52:44 saveConfig: auto-save-60s
19:52:44 Saving config file
19:53:44 saveConfig: auto-save-60s
19:53:44 Saving config file
19:54:44 saveConfig: auto-save-60s
19:54:44 Saving config file
19:55:44 saveConfig: auto-save-60s
19:55:44 Saving config file
19:56:44 saveConfig: auto-save-60s
19:56:44 Saving config file
19:57:44 saveConfig: auto-save-60s
19:57:44 Saving config file
19:58:44 saveConfig: auto-save-60s
19:58:44 Saving config file
19:59:44 saveConfig: auto-save-60s
19:59:44 Saving config file
20:00:44 saveConfig: auto-save-60s
20:00:44 Saving config file
20:01:44 saveConfig: auto-save-60s
20:01:44 Saving config file
20:02:44 saveConfig: auto-save-60s
20:02:44 Saving config file
20:03:44 saveConfig: auto-save-60s
20:03:44 Saving config file
20:04:44 saveConfig: auto-save-60s
20:04:44 Saving config file
20:05:44 saveConfig: auto-save-60s
20:05:44 Saving config file
20:06:44 saveConfig: auto-save-60s
20:06:44 Saving config file
20:07:44 saveConfig: auto-save-60s
20:07:44 Saving config file
20:08:44 saveConfig: auto-save-60s
20:08:44 Saving config file
20:08:50 saveConfig: saving-data
20:08:50 Saving sacks file
20:09:06 saveConfig: saving-data
20:09:06 Saving sacks file
20:09:32 saveConfig: saving-data
20:09:32 Saving sacks file
20:09:44 saveConfig: auto-save-60s
20:09:44 Saving config file
20:10:35 saveConfig: saving-data
20:10:35 Saving sacks file
20:10:44 saveConfig: auto-save-60s
20:10:44 Saving config file
20:11:44 saveConfig: auto-save-60s
20:11:44 Saving config file
20:12:23 saveConfig: saving-data
20:12:23 Saving sacks file
20:12:24 saveConfig: saving-data
20:12:24 Saving sacks file
20:12:44 saveConfig: auto-save-60s
20:12:44 Saving config file
20:13:44 saveConfig: auto-save-60s
20:13:44 Saving config file
20:14:44 saveConfig: auto-save-60s
20:14:44 Saving config file
20:15:44 saveConfig: auto-save-60s
20:15:44 Saving config file
20:16:44 saveConfig: auto-save-60s
20:16:44 Saving config file
20:17:44 saveConfig: auto-save-60s
20:17:44 Saving config file
20:18:44 saveConfig: auto-save-60s
20:18:44 Saving config file
20:19:44 saveConfig: auto-save-60s
20:19:44 Saving config file
20:20:44 saveConfig: auto-save-60s
20:20:44 Saving config file
20:21:44 saveConfig: auto-save-60s
20:21:44 Saving config file
20:22:44 saveConfig: auto-save-60s
20:22:44 Saving config file
20:23:44 saveConfig: auto-save-60s
20:23:44 Saving config file
20:24:44 saveConfig: auto-save-60s
20:24:44 Saving config file
20:25:44 saveConfig: auto-save-60s
20:25:44 Saving config file
20:26:44 saveConfig: auto-save-60s
20:26:44 Saving config file
20:27:44 saveConfig: auto-save-60s
20:27:44 Saving config file
20:28:44 saveConfig: auto-save-60s
20:28:44 Saving config file
20:29:44 saveConfig: auto-save-60s
20:29:44 Saving config file
20:30:44 saveConfig: auto-save-60s
20:30:44 Saving config file
20:31:44 saveConfig: auto-save-60s
20:31:44 Saving config file
20:32:44 saveConfig: auto-save-60s
20:32:44 Saving config file
20:33:44 saveConfig: auto-save-60s
20:33:44 Saving config file
20:34:44 saveConfig: auto-save-60s
20:34:44 Saving config file
20:35:44 saveConfig: auto-save-60s
20:35:44 Saving config file
20:36:44 saveConfig: auto-save-60s
20:36:44 Saving config file
20:37:44 saveConfig: auto-save-60s
20:37:44 Saving config file
20:38:44 saveConfig: auto-save-60s
20:38:44 Saving config file
20:39:44 saveConfig: auto-save-60s
20:39:44 Saving config file
20:40:44 saveConfig: auto-save-60s
20:40:44 Saving config file
20:41:44 saveConfig: auto-save-60s
20:41:44 Saving config file
20:42:44 saveConfig: auto-save-60s
20:42:44 Saving config file
20:43:44 saveConfig: auto-save-60s
20:43:44 Saving config file
20:44:44 saveConfig: auto-save-60s
20:44:44 Saving config file
20:45:44 saveConfig: auto-save-60s
20:45:44 Saving config file
20:46:44 saveConfig: auto-save-60s
20:46:44 Saving config file
20:47:44 saveConfig: auto-save-60s
20:47:44 Saving config file
20:48:44 saveConfig: auto-save-60s
20:48:44 Saving config file
20:49:44 saveConfig: auto-save-60s
20:49:44 Saving config file
20:50:44 saveConfig: auto-save-60s
20:50:44 Saving config file
20:51:44 saveConfig: auto-save-60s
20:51:44 Saving config file
20:52:44 saveConfig: auto-save-60s
20:52:44 Saving config file
20:53:44 saveConfig: auto-save-60s
20:53:44 Saving config file
20:54:44 saveConfig: auto-save-60s
20:54:44 Saving config file
20:55:44 saveConfig: auto-save-60s
20:55:44 Saving config file
20:56:44 saveConfig: auto-save-60s
20:56:44 Saving config file
20:57:44 saveConfig: auto-save-60s
20:57:44 Saving config file
20:58:44 saveConfig: auto-save-60s
20:58:44 Saving config file
20:59:44 saveConfig: auto-save-60s
20:59:44 Saving config file
21:00:44 saveConfig: auto-save-60s
21:00:44 Saving config file
21:01:44 saveConfig: auto-save-60s
21:01:44 Saving config file
21:02:44 saveConfig: auto-save-60s
21:02:44 Saving config file
21:03:44 saveConfig: auto-save-60s
21:03:44 Saving config file
21:04:44 saveConfig: auto-save-60s
21:04:44 Saving config file
21:05:44 saveConfig: auto-save-60s
21:05:44 Saving config file
21:06:44 saveConfig: auto-save-60s
21:06:44 Saving config file
21:07:44 saveConfig: auto-save-60s
21:07:44 Saving config file
21:08:44 saveConfig: auto-save-60s
21:08:44 Saving config file
21:09:44 saveConfig: auto-save-60s
21:09:44 Saving config file
21:10:44 saveConfig: auto-save-60s
21:10:44 Saving config file
21:11:44 saveConfig: auto-save-60s
21:11:44 Saving config file
21:12:44 saveConfig: auto-save-60s
21:12:44 Saving config file
21:13:44 saveConfig: auto-save-60s
21:13:44 Saving config file
21:14:44 saveConfig: auto-save-60s
21:14:44 Saving config file
21:15:44 saveConfig: auto-save-60s
21:15:44 Saving config file
21:16:44 saveConfig: auto-save-60s
21:16:44 Saving config file
21:17:44 saveConfig: auto-save-60s
21:17:44 Saving config file
21:18:44 saveConfig: auto-save-60s
21:18:44 Saving config file
21:19:44 saveConfig: auto-save-60s
21:19:44 Saving config file
21:20:44 saveConfig: auto-save-60s
21:20:44 Saving config file
21:21:44 saveConfig: auto-save-60s
21:21:44 Saving config file
21:22:44 saveConfig: auto-save-60s
21:22:44 Saving config file
21:23:44 saveConfig: auto-save-60s
21:23:44 Saving config file
21:24:44 saveConfig: auto-save-60s
21:24:44 Saving config file
21:25:44 saveConfig: auto-save-60s
21:25:44 Saving config file
21:26:44 saveConfig: auto-save-60s
21:26:44 Saving config file
21:27:44 saveConfig: auto-save-60s
21:27:44 Saving config file
21:28:44 saveConfig: auto-save-60s
21:28:44 Saving config file
21:29:44 saveConfig: auto-save-60s
21:29:44 Saving config file
21:30:44 saveConfig: auto-save-60s
21:30:44 Saving config file
21:31:44 saveConfig: auto-save-60s
21:31:44 Saving config file
21:32:44 saveConfig: auto-save-60s
21:32:44 Saving config file
21:33:44 saveConfig: auto-save-60s
21:33:44 Saving config file
21:34:44 saveConfig: auto-save-60s
21:34:44 Saving config file
21:35:44 saveConfig: auto-save-60s
21:35:44 Saving config file
21:36:44 saveConfig: auto-save-60s
21:36:44 Saving config file
21:37:44 saveConfig: auto-save-60s
21:37:44 Saving config file
21:38:44 saveConfig: auto-save-60s
21:38:44 Saving config file
21:39:44 saveConfig: auto-save-60s
21:39:44 Saving config file
21:40:44 saveConfig: auto-save-60s
21:40:44 Saving config file
21:41:44 saveConfig: auto-save-60s
21:41:44 Saving config file
21:42:44 saveConfig: auto-save-60s
21:42:44 Saving config file
21:43:44 saveConfig: auto-save-60s
21:43:44 Saving config file
21:44:44 saveConfig: auto-save-60s
21:44:44 Saving config file
21:45:44 saveConfig: auto-save-60s
21:45:44 Saving config file
21:46:44 saveConfig: auto-save-60s
21:46:44 Saving config file
21:47:44 saveConfig: auto-save-60s
21:47:44 Saving config file
21:48:44 saveConfig: auto-save-60s
21:48:44 Saving config file
21:49:44 saveConfig: auto-save-60s
21:49:44 Saving config file
21:50:44 saveConfig: auto-save-60s
21:50:44 Saving config file
21:51:44 saveConfig: auto-save-60s
21:51:44 Saving config file
21:52:44 saveConfig: auto-save-60s
21:52:44 Saving config file
21:53:44 saveConfig: auto-save-60s
21:53:44 Saving config file
21:54:44 saveConfig: auto-save-60s
21:54:44 Saving config file
21:55:44 saveConfig: auto-save-60s
21:55:44 Saving config file
21:56:44 saveConfig: auto-save-60s
21:56:44 Saving config file
21:57:44 saveConfig: auto-save-60s
21:57:44 Saving config file
21:58:44 saveConfig: auto-save-60s
21:58:44 Saving config file
21:59:44 saveConfig: auto-save-60s
21:59:44 Saving config file
22:00:44 saveConfig: auto-save-60s
22:00:44 Saving config file
22:01:44 saveConfig: auto-save-60s
22:01:44 Saving config file
22:02:44 saveConfig: auto-save-60s
22:02:44 Saving config file
22:03:44 saveConfig: auto-save-60s
22:03:44 Saving config file
22:04:44 saveConfig: auto-save-60s
22:04:44 Saving config file
22:05:37 saveConfig: saving-data
22:05:37 Saving sacks file
22:05:44 saveConfig: auto-save-60s
22:05:44 Saving config file
22:06:44 saveConfig: auto-save-60s
22:06:44 Saving config file
22:07:44 saveConfig: auto-save-60s
22:07:44 Saving config file
22:08:44 saveConfig: auto-save-60s
22:08:44 Saving config file
22:09:44 saveConfig: auto-save-60s
22:09:44 Saving config file
22:10:44 saveConfig: auto-save-60s
22:10:44 Saving config file
22:11:44 saveConfig: auto-save-60s
22:11:44 Saving config file
22:12:44 saveConfig: auto-save-60s
22:12:44 Saving config file
22:13:44 saveConfig: auto-save-60s
22:13:44 Saving config file
22:14:44 saveConfig: auto-save-60s
22:14:44 Saving config file
22:15:44 saveConfig: auto-save-60s
22:15:44 Saving config file
22:16:44 saveConfig: auto-save-60s
22:16:44 Saving config file
22:17:44 saveConfig: auto-save-60s
22:17:44 Saving config file
22:18:44 saveConfig: auto-save-60s
22:18:44 Saving config file
22:19:44 saveConfig: auto-save-60s
22:19:44 Saving config file
22:20:44 saveConfig: auto-save-60s
22:20:44 Saving config file
22:21:44 saveConfig: auto-save-60s
22:21:44 Saving config file
22:22:44 saveConfig: auto-save-60s
22:22:44 Saving config file
22:23:44 saveConfig: auto-save-60s
22:23:44 Saving config file
22:24:44 saveConfig: auto-save-60s
22:24:44 Saving config file
22:25:44 saveConfig: auto-save-60s
22:25:44 Saving config file
22:26:44 saveConfig: auto-save-60s
22:26:44 Saving config file
22:27:44 saveConfig: auto-save-60s
22:27:44 Saving config file
22:28:44 saveConfig: auto-save-60s
22:28:44 Saving config file
22:29:44 saveConfig: auto-save-60s
22:29:44 Saving config file
22:30:44 saveConfig: auto-save-60s
22:30:44 Saving config file
22:31:44 saveConfig: auto-save-60s
22:31:44 Saving config file
22:32:44 saveConfig: auto-save-60s
22:32:44 Saving config file
22:33:44 saveConfig: auto-save-60s
22:33:44 Saving config file
22:34:44 saveConfig: auto-save-60s
22:34:44 Saving config file
22:35:44 saveConfig: auto-save-60s
22:35:44 Saving config file
22:36:44 saveConfig: auto-save-60s
22:36:44 Saving config file
22:37:44 saveConfig: auto-save-60s
22:37:44 Saving config file
22:38:44 saveConfig: auto-save-60s
22:38:44 Saving config file
22:39:44 saveConfig: auto-save-60s
22:39:44 Saving config file
22:40:44 saveConfig: auto-save-60s
22:40:44 Saving config file
22:41:44 saveConfig: auto-save-60s
22:41:44 Saving config file
22:42:44 saveConfig: auto-save-60s
22:42:44 Saving config file
22:43:44 saveConfig: auto-save-60s
22:43:44 Saving config file
22:44:44 saveConfig: auto-save-60s
22:44:44 Saving config file
22:45:44 saveConfig: auto-save-60s
22:45:44 Saving config file
22:46:44 saveConfig: auto-save-60s
22:46:44 Saving config file
22:47:44 saveConfig: auto-save-60s
22:47:44 Saving config file
22:48:44 saveConfig: auto-save-60s
22:48:44 Saving config file
22:49:44 saveConfig: auto-save-60s
22:49:44 Saving config file
22:50:44 saveConfig: auto-save-60s
22:50:44 Saving config file
22:51:44 saveConfig: auto-save-60s
22:51:44 Saving config file
22:52:44 saveConfig: auto-save-60s
22:52:44 Saving config file
22:53:44 saveConfig: auto-save-60s
22:53:44 Saving config file
22:54:44 saveConfig: auto-save-60s
22:54:44 Saving config file
22:55:44 saveConfig: auto-save-60s
22:55:44 Saving config file
22:56:44 saveConfig: auto-save-60s
22:56:44 Saving config file
22:57:44 saveConfig: auto-save-60s
22:57:44 Saving config file
22:58:44 saveConfig: auto-save-60s
22:58:44 Saving config file
22:59:44 saveConfig: auto-save-60s
22:59:44 Saving config file
23:00:44 saveConfig: auto-save-60s
23:00:44 Saving config file
23:01:44 saveConfig: auto-save-60s
23:01:44 Saving config file
23:02:44 saveConfig: auto-save-60s
23:02:44 Saving config file
23:03:44 saveConfig: auto-save-60s
23:03:44 Saving config file
23:04:44 saveConfig: auto-save-60s
23:04:44 Saving config file
23:05:44 saveConfig: auto-save-60s
23:05:44 Saving config file
23:06:44 saveConfig: auto-save-60s
23:06:44 Saving config file
23:07:44 saveConfig: auto-save-60s
23:07:44 Saving config file
23:08:44 saveConfig: auto-save-60s
23:08:44 Saving config file
23:09:44 saveConfig: auto-save-60s
23:09:44 Saving config file
23:10:44 saveConfig: auto-save-60s
23:10:44 Saving config file
23:11:44 saveConfig: auto-save-60s
23:11:44 Saving config file
23:12:44 saveConfig: auto-save-60s
23:12:44 Saving config file
23:13:44 saveConfig: auto-save-60s
23:13:44 Saving config file
23:14:44 saveConfig: auto-save-60s
23:14:44 Saving config file
23:15:44 saveConfig: auto-save-60s
23:15:44 Saving config file
23:16:44 saveConfig: auto-save-60s
23:16:44 Saving config file
23:17:44 saveConfig: auto-save-60s
23:17:44 Saving config file
23:18:44 saveConfig: auto-save-60s
23:18:44 Saving config file
23:19:44 saveConfig: auto-save-60s
23:19:44 Saving config file
23:20:44 saveConfig: auto-save-60s
23:20:44 Saving config file
23:21:44 saveConfig: auto-save-60s
23:21:44 Saving config file
23:22:44 saveConfig: auto-save-60s
23:22:44 Saving config file
23:23:44 saveConfig: auto-save-60s
23:23:44 Saving config file
23:24:44 saveConfig: auto-save-60s
23:24:44 Saving config file
23:25:44 saveConfig: auto-save-60s
23:25:44 Saving config file
23:26:44 saveConfig: auto-save-60s
23:26:44 Saving config file
23:27:44 saveConfig: auto-save-60s
23:27:44 Saving config file
23:28:22 saveConfig: saving-data
23:28:22 Saving sacks file
23:28:27 saveConfig: saving-data
23:28:27 Saving sacks file
23:28:44 saveConfig: auto-save-60s
23:28:44 Saving config file
23:29:44 saveConfig: auto-save-60s
23:29:44 Saving config file
23:30:44 saveConfig: auto-save-60s
23:30:44 Saving config file
23:31:44 saveConfig: auto-save-60s
23:31:44 Saving config file
23:32:44 saveConfig: auto-save-60s
23:32:44 Saving config file
23:33:44 saveConfig: auto-save-60s
23:33:44 Saving config file
23:34:44 saveConfig: auto-save-60s
23:34:44 Saving config file
23:35:44 saveConfig: auto-save-60s
23:35:44 Saving config file
23:36:44 saveConfig: auto-save-60s
23:36:44 Saving config file
23:37:44 saveConfig: auto-save-60s
23:37:44 Saving config file
23:38:44 saveConfig: auto-save-60s
23:38:44 Saving config file
23:39:44 saveConfig: auto-save-60s
23:39:44 Saving config file
23:40:44 saveConfig: auto-save-60s
23:40:44 Saving config file
23:41:44 saveConfig: auto-save-60s
23:41:44 Saving config file
23:42:44 saveConfig: auto-save-60s
23:42:44 Saving config file
23:43:44 saveConfig: auto-save-60s
23:43:44 Saving config file
23:44:44 saveConfig: auto-save-60s
23:44:44 Saving config file
23:45:44 saveConfig: auto-save-60s
23:45:44 Saving config file
23:46:44 saveConfig: auto-save-60s
23:46:44 Saving config file
23:47:44 saveConfig: auto-save-60s
23:47:44 Saving config file
23:48:44 saveConfig: auto-save-60s
23:48:44 Saving config file
23:49:44 saveConfig: auto-save-60s
23:49:44 Saving config file
23:50:44 saveConfig: auto-save-60s
23:50:44 Saving config file
23:51:44 saveConfig: auto-save-60s
23:51:44 Saving config file
23:52:44 saveConfig: auto-save-60s
23:52:44 Saving config file
23:53:44 saveConfig: auto-save-60s
23:53:44 Saving config file
23:54:44 saveConfig: auto-save-60s
23:54:44 Saving config file
23:55:44 saveConfig: auto-save-60s
23:55:44 Saving config file
23:56:44 saveConfig: auto-save-60s
23:56:44 Saving config file
23:57:44 saveConfig: auto-save-60s
23:57:44 Saving config file
23:58:44 saveConfig: auto-save-60s
23:58:44 Saving config file
23:59:44 saveConfig: auto-save-60s
23:59:44 Saving config file
00:00:44 saveConfig: auto-save-60s
00:00:44 Saving config file
00:01:44 saveConfig: auto-save-60s
00:01:44 Saving config file
00:02:44 saveConfig: auto-save-60s
00:02:44 Saving config file
00:03:44 saveConfig: auto-save-60s
00:03:44 Saving config file
00:04:44 saveConfig: auto-save-60s
00:04:44 Saving config file
00:05:44 saveConfig: auto-save-60s
00:05:44 Saving config file
00:06:44 saveConfig: auto-save-60s
00:06:44 Saving config file
00:07:44 saveConfig: auto-save-60s
00:07:44 Saving config file
00:08:35 saveConfig: shutdown-hook
00:08:35 Saving config file
