02:07:39 HUB
02:07:58 NONE
02:07:58 DUNGEON_HUB
02:10:37 NONE
02:10:37 PRIVATE_ISLAND
02:14:45 NONE
02:14:46 HUB
02:22:24 NONE
02:22:25 PRIVATE_ISLAND
02:23:27 NONE
02:23:27 HUB
02:26:48 NONE
02:26:49 DUNGEON_HUB
02:26:56 NONE
02:26:56 CATACOMBS
02:28:00 NONE
02:28:01 HUB
02:28:32 NONE
02:28:33 DUNGEON_HUB
02:28:42 NONE
02:28:42 CATACOMBS
02:32:25 NONE
02:32:25 DUNGEON_HUB
02:32:48 NONE
02:32:48 CATACOMBS
02:35:03 NONE
02:35:03 DUNGEON_HUB
02:39:16 NONE
02:39:16 CATACOMBS
02:41:03 NONE
02:41:03 PRIVATE_ISLAND
02:41:16 NONE
02:41:17 DUNGEON_HUB
02:49:13 NONE
02:49:14 CRYSTAL_HOLLOWS
02:49:35 NONE
02:49:36 HUB
02:49:40 NONE
02:49:40 CRYSTAL_HOLLOWS
02:51:29 NONE
02:51:29 PRIVATE_ISLAND
02:51:33 NONE
02:51:34 CRYSTAL_HOLLOWS
02:52:09 NONE
02:52:10 PRIVATE_ISLAND
02:52:18 NONE
02:52:19 CRYSTAL_HOLLOWS
05:55:34 NONE
05:55:35 PRIVATE_ISLAND
06:00:20 NONE
06:00:21 HUB
