03:25:56 `fk7h92xx73`246 missed {
 is already Found: false).
 Position: LorenzVec{x=-24.5, y=71.0, z=-58.5}
 DistanceC: 21.203925041479337
Relative Position: LorenzVec{x=-17.600974154593246, y=1.0, z=21.203925041479337}
 }
03:28:29 `Cow`259 missed {
 is already Found: false).
 Position: LorenzVec{x=48.5, y=72.0, z=-159.5}
 DistanceC: 16.411273579628805
Relative Position: LorenzVec{x=16.411273579628805, y=-18.091470789652504, z=-9.621753148787974}
 }
03:28:37 `Villager`245 missed {
 is already Found: false).
 Position: LorenzVec{x=-32.5, y=69.0, z=-135.5}
 DistanceC: 22.267019477205793
Relative Position: LorenzVec{x=-10.951199198852283, y=-19.0, z=22.267019477205793}
 }
03:28:37 `6y1q0b1f5t`501 missed {
 is already Found: false).
 Position: LorenzVec{x=-11.5, y=68.0, z=-140.5}
 DistanceC: 17.267019477205793
Relative Position: LorenzVec{x=10.048800801147717, y=-20.0, z=17.267019477205793}
 }
