22:21:20 §f §r§r§r§f §r§r§r§1 §r§r§r§0 §r§r§r§2 §r§r§r§f §r§r§r§f §r§r§r§2 §r§r§r§0 §r§r§r§4 §r§r§r§3 §r§r§r§9 §r§r§r§2 §r§r§r§0 §r§r§r§0 §r§r§r§3 §r§r§r§9 §r§r§r§2 §r§r§r§0 §r§r§r§0 §r§r§r§3 §r§r§r§9 §r§r§r§2 §r§r§r§0 §r§r§r§0 
22:21:20 
22:21:30 §8 §r§8 §r§1 §r§3 §r§3 §r§7 §r§8 
22:21:32 
22:21:32 
22:21:33  
22:21:33   
22:22:09  
22:22:09   
22:23:09  
22:23:09   
22:23:37 §8 §r§8 §r§1 §r§3 §r§3 §r§7 §r§8 
22:23:41  
22:23:41   
22:23:41  
22:23:41   
22:24:42  
22:24:42   
22:25:42  
22:25:42   
22:26:42  
22:26:42   
22:26:50 §8 §r§8 §r§1 §r§3 §r§3 §r§7 §r§8 
22:26:54  
22:26:54   
22:27:13  
22:27:13   
22:28:14  
22:28:14   
22:29:14  
22:29:14   
22:30:15  
22:30:15   
22:31:16  
22:31:16   
22:32:06 §8 §r§8 §r§1 §r§3 §r§3 §r§7 §r§8 
22:32:09  
22:32:09   
22:32:10  
22:32:10   
22:33:10  
22:33:10   
22:34:10  
22:34:10   
22:34:20 §8 §r§8 §r§1 §r§3 §r§3 §r§7 §r§8 
22:34:24  
22:34:24   
22:35:12  
22:35:12   
22:36:13  
22:36:13   
22:37:13  
22:37:13   
22:38:14  
22:38:14   
22:39:15  
22:39:15   
22:40:16  
22:40:16   
22:41:16  
22:41:16   
22:42:17  
22:42:17   
22:43:17  
22:43:17   
22:44:18  
22:44:18   
22:45:18  
22:45:18   
22:46:19  
22:46:19   
22:47:19  
22:47:19   
22:48:20  
22:48:20   
22:49:20  
22:49:20   
22:50:21  
22:50:21   
22:51:21  
22:51:21   
22:51:30 §f                                        
22:52:22  
22:52:22   
22:53:23  
22:53:23   
22:54:23  
22:54:23   
22:55:24  
22:55:24   
22:56:07 §8 §r§8 §r§1 §r§3 §r§3 §r§7 §r§8 
22:56:10  
22:56:10   
22:56:11  
22:56:11   
22:57:11  
22:57:11   
22:58:11  
22:58:11   
22:59:11  
22:59:11   
23:00:11  
23:00:11   
23:00:13 §f
23:00:13 §c
23:01:11  
23:01:11   
23:02:11  
23:02:11   
23:03:07 
23:03:07 
23:03:11  
23:03:11   
23:04:12  
23:04:12   
23:05:12  
23:05:12   
23:06:12  
23:06:12   
23:07:12  
23:07:12   
23:08:12  
23:08:12   
23:09:12  
23:09:12   
23:10:13  
23:10:13   
23:11:13  
23:11:13   
23:12:13  
23:12:13   
23:13:13  
23:13:13   
23:14:13  
23:14:13   
23:15:13  
23:15:13   
23:16:13  
23:16:13   
23:17:14  
23:17:14   
23:18:14  
23:18:14   
23:19:14  
23:19:14   
23:20:14  
23:20:14   
23:21:14  
23:21:14   
23:22:14  
23:22:14   
23:23:14  
23:23:14   
23:24:15  
23:24:15   
23:25:15  
23:25:15   
23:26:15  
23:26:15   
23:27:15  
23:27:15   
23:28:15  
23:28:15   
23:29:15  
23:29:15   
23:30:15  
23:30:15   
23:31:15  
23:31:15   
23:32:15  
23:32:15   
23:33:15  
23:33:15   
23:54:37 §f §r§r§r§f §r§r§r§1 §r§r§r§0 §r§r§r§2 §r§r§r§f §r§r§r§f §r§r§r§2 §r§r§r§0 §r§r§r§4 §r§r§r§3 §r§r§r§9 §r§r§r§2 §r§r§r§0 §r§r§r§0 §r§r§r§3 §r§r§r§9 §r§r§r§2 §r§r§r§0 §r§r§r§0 §r§r§r§3 §r§r§r§9 §r§r§r§2 §r§r§r§0 §r§r§r§0 
23:54:38 
23:54:53 §8 §r§8 §r§1 §r§3 §r§3 §r§7 §r§8 
23:54:55 
23:54:55 
23:54:57  
23:54:57   
23:54:58  
23:54:58   
23:55:58  
23:55:58   
23:56:58  
23:56:58   
23:57:54 
23:57:54 
23:57:58  
23:57:58   
23:58:59  
23:58:59   
23:59:59  
23:59:59   
00:00:59  
00:00:59   
00:01:59  
00:01:59   
00:02:59  
00:02:59   
00:03:59  
00:03:59   
00:04:59  
00:04:59   
00:05:59  
00:05:59   
00:07:00  
00:07:00   
00:08:00  
00:08:00   
00:09:00  
00:09:00   
00:10:00  
00:10:00   
00:11:00  
00:11:00   
00:11:25 §8 §r§8 §r§1 §r§3 §r§3 §r§7 §r§8 
00:11:29  
00:11:29   
00:11:48  
00:11:48   
00:12:49  
00:12:49   
00:13:03 
00:13:03 
00:13:03 
00:13:03 
00:13:50  
00:13:50   
00:14:51  
00:14:51   
00:15:52  
00:15:52   
00:16:53  
00:16:53   
00:17:54  
00:17:54   
00:18:54  
00:18:54   
00:19:56  
00:19:56   
00:20:56  
00:20:56   
00:21:57  
00:21:57   
00:22:58  
00:22:58   
00:23:59  
00:23:59   
00:25:00  
00:25:00   
00:25:56 
00:25:56 
00:26:01  
00:26:01   
00:27:02  
00:27:02   
00:28:03  
00:28:03   
00:29:04  
00:29:04   
00:30:05  
00:30:05   
00:31:08  
00:31:08   
00:32:09  
00:32:09   
00:33:09  
00:33:09   
00:34:10  
00:34:10   
00:35:11  
00:35:11   
00:36:12  
00:36:12   
00:37:13  
00:37:13   
00:38:13  
00:38:13   
00:39:15  
00:39:15   
00:40:16  
00:40:16   
00:41:16  
00:41:16   
00:42:17  
00:42:17   
00:43:18  
00:43:18   
00:44:19  
00:44:19   
00:45:20  
00:45:20   
00:46:22  
00:46:22   
00:47:23  
00:47:23   
00:47:37 §f
00:47:37 §f
00:47:37 §f
00:47:37 §f
00:47:37 §f
00:48:24  
00:48:24   
00:49:25  
00:49:25   
00:49:33 §8 §r§8 §r§1 §r§3 §r§3 §r§7 §r§8 
00:49:37  
00:49:37   
00:49:38  
00:49:38   
00:50:12  
00:50:12  
00:50:12  
00:50:38  
00:50:38   
00:51:00 §8 §r§8 §r§1 §r§3 §r§3 §r§7 §r§8 
00:51:04  
00:51:04   
00:51:14  
00:51:14   
00:51:40 §8 §r§8 §r§1 §r§3 §r§3 §r§7 §r§8 
00:51:43  
00:51:43   
00:51:44  
00:51:44   
00:52:44  
00:52:44   
00:53:44  
00:53:44   
07:19:38 §f §r§r§r§f §r§r§r§1 §r§r§r§0 §r§r§r§2 §r§r§r§f §r§r§r§f §r§r§r§2 §r§r§r§0 §r§r§r§4 §r§r§r§3 §r§r§r§9 §r§r§r§2 §r§r§r§0 §r§r§r§0 §r§r§r§3 §r§r§r§9 §r§r§r§2 §r§r§r§0 §r§r§r§0 §r§r§r§3 §r§r§r§9 §r§r§r§2 §r§r§r§0 §r§r§r§0 
07:19:39 
07:19:41 §8 §r§8 §r§1 §r§3 §r§3 §r§7 §r§8 
07:19:41 
07:19:43 
07:19:43 
07:19:45  
07:19:45   
07:19:45  
07:19:45   
07:20:41 
07:20:41 
07:20:45  
07:20:45   
07:21:46  
07:21:46   
07:22:46  
07:22:46   
07:23:46  
07:23:46   
07:24:46  
07:24:46   
07:25:46  
07:25:46   
07:26:46  
07:26:46   
07:27:46  
07:27:46   
07:28:46  
07:28:46   
07:29:46  
07:29:46   
07:30:46  
07:30:46   
07:31:47  
07:31:47   
07:32:47  
07:32:47   
07:33:47  
07:33:47   
07:34:47  
07:34:47   
07:35:47  
07:35:47   
07:36:47  
07:36:47   
07:37:47  
07:37:47   
07:38:47  
07:38:47   
07:39:47  
07:39:47   
07:40:48  
07:40:48   
07:41:48  
07:41:48   
07:42:48  
07:42:48   
07:43:48  
07:43:48   
07:44:48  
07:44:48   
07:45:48  
07:45:48   
07:46:48  
07:46:48   
07:47:48  
07:47:48   
07:48:48  
07:48:48   
07:49:48  
07:49:48   
07:50:49  
07:50:49   
07:51:49  
07:51:49   
07:52:49  
07:52:49   
07:53:49  
07:53:49   
07:54:49  
07:54:49   
07:55:49  
07:55:49   
07:56:49  
07:56:49   
07:57:49  
07:57:49   
07:58:49  
07:58:50   
07:59:50  
07:59:50   
08:00:50  
08:00:50   
08:01:50  
08:01:50   
08:02:50  
08:02:50   
08:03:50  
08:03:50   
08:04:50  
08:04:50   
08:05:50  
08:05:50   
08:06:50  
08:06:50   
08:07:50  
08:07:51   
08:08:51  
08:08:51   
08:09:51  
08:09:51   
08:10:51  
08:10:51   
08:11:51  
08:11:51   
08:12:51  
08:12:51   
08:13:51  
08:13:51   
08:14:51  
08:14:51   
08:15:52  
08:15:52   
08:16:52  
08:16:52   
08:17:52  
08:17:52   
08:18:52  
08:18:52   
08:19:52  
08:19:52   
08:20:52  
08:20:52   
08:21:52  
08:21:52   
08:22:52  
08:22:52   
08:23:53  
08:23:53   
08:24:53  
08:24:53   
08:25:53  
08:25:53   
08:26:53  
08:26:53   
08:27:53  
08:27:53   
08:28:53  
08:28:53   
08:29:53  
08:29:53   
08:30:53  
08:30:53   
08:31:54  
08:31:54   
08:32:54  
08:32:54   
08:33:54  
08:33:54   
08:33:57 §f
08:33:57 §f
08:34:54  
08:34:54   
08:35:54  
08:35:54   
08:36:54  
08:36:54   
08:37:54  
08:37:54   
08:38:55  
08:38:55   
08:39:55  
08:39:55   
08:40:55  
08:40:55   
08:41:55  
08:41:55   
08:42:55  
08:42:55   
08:43:55  
08:43:55   
08:44:55  
08:44:55   
08:45:56  
08:45:56   
08:46:56  
08:46:56   
08:47:56  
08:47:56   
08:48:56  
08:48:56   
08:49:56  
08:49:56   
08:50:56  
08:50:56   
08:51:56  
08:51:56   
08:52:57  
08:52:57   
08:53:57  
08:53:57   
08:54:57  
08:54:57   
08:55:57  
08:55:57   
08:56:57  
08:56:57   
08:57:58  
08:57:58   
08:58:58  
08:58:58   
08:59:58  
08:59:58   
09:00:14 §f
09:00:14 §c
09:00:58  
09:00:58   
09:01:58  
09:01:58   
09:02:58  
09:02:58   
09:03:58  
09:03:58   
09:04:59  
09:04:59   
09:05:59  
09:05:59   
09:06:59  
09:06:59   
09:07:59  
09:07:59   
09:08:59  
09:08:59   
09:09:59  
09:09:59   
09:11:00  
09:11:00   
09:12:00  
09:12:00   
09:13:00  
09:13:00   
09:14:00  
09:14:00   
09:15:00  
09:15:00   
09:16:00  
09:16:00   
09:17:00  
09:17:00   
09:18:00  
09:18:00   
09:19:01  
09:19:01   
09:20:01  
09:20:01   
09:21:01  
09:21:01   
09:22:01  
09:22:01   
09:23:01  
09:23:01   
09:24:01  
09:24:01   
09:25:01  
09:25:01   
09:26:01  
09:26:01   
09:27:02  
09:27:02   
09:28:02  
09:28:02   
09:29:02  
09:29:02   
09:30:02  
09:30:02   
09:31:02  
09:31:02   
09:32:02  
09:32:02   
09:33:02  
09:33:02   
09:33:58 
09:33:58 
09:34:03  
09:34:03   
09:35:03  
09:35:03   
09:36:03  
09:36:03   
09:37:03  
09:37:03   
09:38:03  
09:38:03   
09:39:03  
09:39:03   
09:40:04  
09:40:04   
09:41:04  
09:41:04   
09:42:04  
09:42:04   
09:43:04  
09:43:04   
09:44:05  
09:44:05   
09:45:05  
09:45:05   
09:46:05  
09:46:05   
09:47:05  
09:47:05   
09:48:05  
09:48:05   
09:49:06  
09:49:06   
09:50:06  
09:50:06   
09:51:06  
09:51:06   
09:52:06  
09:52:06   
09:53:06  
09:53:06   
09:54:06  
09:54:06   
09:55:07  
09:55:07   
09:56:07  
09:56:07   
09:57:07  
09:57:07   
09:58:07  
09:58:07   
09:59:07  
09:59:07   
10:00:07  
10:00:07   
10:01:08  
10:01:08   
10:02:08  
10:02:08   
10:03:08  
10:03:08   
10:03:14 
10:04:08  
10:04:08   
10:05:08  
10:05:08   
10:06:09  
10:06:09   
10:07:09  
10:07:09   
10:08:09  
10:08:09   
10:09:09  
10:09:09   
10:09:42 §8 §r§8 §r§1 §r§3 §r§3 §r§7 §r§8 
10:09:46  
10:09:46   
10:09:46  
10:09:46   
10:10:46  
10:10:46   
10:11:47  
10:11:47   
10:12:47  
10:12:47   
10:13:47  
10:13:47   
10:14:47  
10:14:47   
10:15:47  
10:15:47   
10:16:48  
10:16:48   
10:17:43 
10:17:43 
10:17:48  
10:17:48   
10:18:48  
10:18:48   
10:19:48  
10:19:48   
10:20:48  
10:20:48   
10:21:48  
10:21:48   
10:22:49  
10:22:49   
10:23:49  
10:23:49   
10:24:49  
10:24:49   
10:25:49  
10:25:49   
10:26:49  
10:26:49   
10:27:49  
10:27:49   
10:28:49  
10:28:49   
10:29:50  
10:29:50   
10:30:50  
10:30:50   
10:31:50  
10:31:50   
10:32:50  
10:32:50   
10:33:51  
10:33:51   
10:34:51  
10:34:51   
10:35:51  
10:35:51   
10:36:51  
10:36:51   
10:37:51  
10:37:51   
10:38:51  
10:38:51   
10:39:51  
10:39:51   
10:40:52  
10:40:52   
10:41:52  
10:41:52   
10:41:58 
10:41:58 
10:42:00 
10:42:00 
10:42:02 
10:42:02 
10:42:04 
10:42:04 
10:42:05 
10:42:05 
10:42:52  
10:42:52   
10:43:52  
10:43:52   
10:44:52  
10:44:52   
10:45:52  
10:45:52   
10:46:52  
10:46:52   
10:47:52  
10:47:52   
10:48:53  
10:48:53   
10:49:53  
10:49:53   
10:50:53  
10:50:53   
10:51:53  
10:51:53   
10:52:53  
10:52:53   
10:53:53  
10:53:53   
10:54:53  
10:54:53   
10:55:54  
10:55:54   
10:56:54  
10:56:54   
10:57:54  
10:57:54   
10:58:49 
10:58:49 
10:58:54  
10:58:54   
10:59:54  
10:59:54   
11:00:14 §f
11:00:14 §c
11:00:54  
11:00:54   
11:01:11 §8 §r§8 §r§1 §r§3 §r§3 §r§7 §r§8 
11:01:14  
11:01:14   
11:02:04  
11:02:04   
11:03:05  
11:03:05   
11:04:06  
11:04:06   
11:05:07  
11:05:07   
11:05:27 
11:05:27 
11:05:27 
11:05:27 
11:06:08  
11:06:08   
11:07:09  
11:07:09   
11:08:10  
11:08:10   
11:09:11  
11:09:11   
11:10:12  
11:10:12   
11:11:13  
11:11:13   
11:12:14  
11:12:14   
11:13:14 §8 §r§8 §r§1 §r§3 §r§3 §r§7 §r§8 
11:13:17  
11:13:17   
11:13:18  
11:13:18   
11:14:18  
11:14:18   
11:15:18  
11:15:18   
11:16:19  
11:16:19   
11:17:19  
11:17:19   
11:18:19  
11:18:19   
11:19:19  
11:19:19   
11:20:19  
11:20:19   
11:21:20  
11:21:20   
11:22:20  
11:22:20   
11:23:20  
11:23:20   
11:24:20  
11:24:20   
11:25:21  
11:25:21   
11:26:21  
11:26:21   
11:27:21  
11:27:21   
11:28:21  
11:28:21   
11:29:22  
11:29:22   
11:30:22  
11:30:22   
11:31:22  
11:31:22   
11:32:22  
11:32:22   
11:33:22  
11:33:22   
11:34:22  
11:34:22   
11:35:23  
11:35:23   
11:36:23  
11:36:23   
11:37:23  
11:37:23   
11:38:23  
11:38:23   
11:39:23  
11:39:23   
11:40:24  
11:40:24   
11:41:24  
11:41:24   
11:42:24  
11:42:24   
11:43:24  
11:43:24   
11:44:25  
11:44:25   
11:45:25  
11:45:25   
11:46:25  
11:46:25   
