23:15:00 §bNew day! §r§eYour §r§2Sky Mall §r§ebuff changed!
23:15:00 §eNew buff§r§r§r: §r§fGain §r§6+50☘ Mining Fortune§r§f.
23:15:00 §8§oYou can disable this messaging by toggling Sky Mall in your /hotm!
23:54:58 §bNew day! §r§eYour §r§2Sky Mall §r§ebuff changed!
23:54:58 §eNew buff§r§r§r: §r§fGain §r§6+100⸕ Mining Speed§r§f.
23:54:58 §8§oYou can disable this messaging by toggling Sky Mall in your /hotm!
23:55:06 §bNew day! §r§eYour §r§2Sky Mall §r§ebuff changed!
23:55:06 §eNew buff§r§r§r: §r§fGain §r§a+15% §r§fmore Powder while mining.
23:55:06 §8§oYou can disable this messaging by toggling Sky Mall in your /hotm!
00:15:01 §bNew day! §r§eYour §r§2Sky Mall §r§ebuff changed!
00:15:01 §eNew buff§r§r§r: §r§fGain §r§6+50☘ Mining Fortune§r§f.
00:15:01 §8§oYou can disable this messaging by toggling Sky Mall in your /hotm!
00:35:01 §bNew day! §r§eYour §r§2Sky Mall §r§ebuff changed!
00:35:01 §eNew buff§r§r§r: §r§f§r§a-20%§r§f Pickaxe Ability cooldowns.
00:35:01 §8§oYou can disable this messaging by toggling Sky Mall in your /hotm!
07:19:46 §bNew day! §r§eYour §r§2Sky Mall §r§ebuff changed!
07:19:46 §eNew buff§r§r§r: §r§f§r§a-20%§r§f Pickaxe Ability cooldowns.
07:19:46 §8§oYou can disable this messaging by toggling Sky Mall in your /hotm!
07:35:00 §bNew day! §r§eYour §r§2Sky Mall §r§ebuff changed!
07:35:00 §eNew buff§r§r§r: §r§fGain §r§a+15% §r§fmore Powder while mining.
07:35:00 §8§oYou can disable this messaging by toggling Sky Mall in your /hotm!
07:55:00 §bNew day! §r§eYour §r§2Sky Mall §r§ebuff changed!
07:55:00 §eNew buff§r§r§r: §r§fGain §r§6+100⸕ Mining Speed§r§f.
07:55:00 §8§oYou can disable this messaging by toggling Sky Mall in your /hotm!
08:15:00 §bNew day! §r§eYour §r§2Sky Mall §r§ebuff changed!
08:15:00 §eNew buff§r§r§r: §r§fGain §r§a+15% §r§fmore Powder while mining.
08:15:00 §8§oYou can disable this messaging by toggling Sky Mall in your /hotm!
08:35:00 §bNew day! §r§eYour §r§2Sky Mall §r§ebuff changed!
08:35:00 §eNew buff§r§r§r: §r§fGain §r§a+15% §r§fmore Powder while mining.
08:35:00 §8§oYou can disable this messaging by toggling Sky Mall in your /hotm!
08:55:00 §bNew day! §r§eYour §r§2Sky Mall §r§ebuff changed!
08:55:00 §eNew buff§r§r§r: §r§fGain §r§a+15% §r§fmore Powder while mining.
08:55:00 §8§oYou can disable this messaging by toggling Sky Mall in your /hotm!
09:15:00 §bNew day! §r§eYour §r§2Sky Mall §r§ebuff changed!
09:15:00 §eNew buff§r§r§r: §r§fGain §r§6+50☘ Mining Fortune§r§f.
09:15:00 §8§oYou can disable this messaging by toggling Sky Mall in your /hotm!
09:35:00 §bNew day! §r§eYour §r§2Sky Mall §r§ebuff changed!
09:35:00 §eNew buff§r§r§r: §r§fGain §r§a+15% §r§fmore Powder while mining.
09:35:00 §8§oYou can disable this messaging by toggling Sky Mall in your /hotm!
09:55:00 §bNew day! §r§eYour §r§2Sky Mall §r§ebuff changed!
09:55:00 §eNew buff§r§r§r: §r§fGain §r§6+100⸕ Mining Speed§r§f.
09:55:00 §8§oYou can disable this messaging by toggling Sky Mall in your /hotm!
10:15:00 §bNew day! §r§eYour §r§2Sky Mall §r§ebuff changed!
10:15:00 §eNew buff§r§r§r: §r§fGain §r§a+15% §r§fmore Powder while mining.
10:15:00 §8§oYou can disable this messaging by toggling Sky Mall in your /hotm!
10:35:00 §bNew day! §r§eYour §r§2Sky Mall §r§ebuff changed!
10:35:00 §eNew buff§r§r§r: §r§f§r§a-20%§r§f Pickaxe Ability cooldowns.
10:35:00 §8§oYou can disable this messaging by toggling Sky Mall in your /hotm!
10:55:00 §bNew day! §r§eYour §r§2Sky Mall §r§ebuff changed!
10:55:00 §eNew buff§r§r§r: §r§fGain §r§6+50☘ Mining Fortune§r§f.
10:55:00 §8§oYou can disable this messaging by toggling Sky Mall in your /hotm!
11:15:01 §bNew day! §r§eYour §r§2Sky Mall §r§ebuff changed!
11:15:01 §eNew buff§r§r§r: §r§fGain §r§6+50☘ Mining Fortune§r§f.
11:15:01 §8§oYou can disable this messaging by toggling Sky Mall in your /hotm!
11:35:00 §bNew day! §r§eYour §r§2Sky Mall §r§ebuff changed!
11:35:00 §eNew buff§r§r§r: §r§fGain §r§a5x §r§9Titanium §r§fdrops
11:35:00 §8§oYou can disable this messaging by toggling Sky Mall in your /hotm!
