07:23:38 Trying to load config from config/skyhanni/config.json
07:23:38 load-config-now
07:23:38 Loaded config from file
07:23:38 Trying to load sacks from config/skyhanni/sacks.json
07:23:38 load-sacks-now
07:23:38 Loaded sacks from file
07:23:38 Trying to load friends from config/skyhanni/friends.json
07:23:38 load-friends-now
07:23:38 Loaded friends from file
07:23:38 Trying to load known_features from config/skyhanni/known_features.json
07:23:38 load-known_features-now
07:23:38 Loaded known_features from file
07:23:38 Trying to load jacob_contests from config/skyhanni/jacob_contests.json
07:23:38 load-jacob_contests-now
07:23:38 Loaded jacob_contests from file
07:23:38 Trying to load visual_words from config/skyhanni/visual_words.json
07:23:38 Setting visual_words to be blank as it did not exist. It will be saved once something is written to it
07:24:38 saveConfig: auto-save-60s
07:24:38 Saving config file
07:25:38 saveConfig: auto-save-60s
07:25:38 Saving config file
07:26:38 saveConfig: auto-save-60s
07:26:38 Saving config file
07:27:38 saveConfig: auto-save-60s
07:27:38 Saving config file
07:28:38 saveConfig: auto-save-60s
07:28:38 Saving config file
07:29:38 saveConfig: auto-save-60s
07:29:38 Saving config file
07:30:38 saveConfig: auto-save-60s
07:30:38 Saving config file
07:31:38 saveConfig: auto-save-60s
07:31:38 Saving config file
07:32:38 saveConfig: auto-save-60s
07:32:38 Saving config file
07:33:38 saveConfig: auto-save-60s
07:33:38 Saving config file
07:34:38 saveConfig: auto-save-60s
07:34:38 Saving config file
07:35:38 saveConfig: auto-save-60s
07:35:38 Saving config file
07:36:38 saveConfig: auto-save-60s
07:36:38 Saving config file
07:37:38 saveConfig: auto-save-60s
07:37:38 Saving config file
07:38:38 saveConfig: auto-save-60s
07:38:38 Saving config file
07:39:38 saveConfig: auto-save-60s
07:39:38 Saving config file
07:40:38 saveConfig: auto-save-60s
07:40:38 Saving config file
07:41:38 saveConfig: auto-save-60s
07:41:38 Saving config file
07:42:38 saveConfig: auto-save-60s
07:42:38 Saving config file
07:43:38 saveConfig: auto-save-60s
07:43:38 Saving config file
07:44:38 saveConfig: auto-save-60s
07:44:38 Saving config file
07:45:38 saveConfig: auto-save-60s
07:45:38 Saving config file
07:46:38 saveConfig: auto-save-60s
07:46:38 Saving config file
07:47:38 saveConfig: auto-save-60s
07:47:38 Saving config file
07:48:38 saveConfig: auto-save-60s
07:48:38 Saving config file
07:49:38 saveConfig: auto-save-60s
07:49:38 Saving config file
07:50:38 saveConfig: auto-save-60s
07:50:38 Saving config file
07:51:38 saveConfig: auto-save-60s
07:51:38 Saving config file
07:52:38 saveConfig: auto-save-60s
07:52:38 Saving config file
07:53:38 saveConfig: auto-save-60s
07:53:38 Saving config file
07:54:38 saveConfig: auto-save-60s
07:54:38 Saving config file
07:55:38 saveConfig: auto-save-60s
07:55:38 Saving config file
07:56:38 saveConfig: auto-save-60s
07:56:38 Saving config file
07:57:38 saveConfig: auto-save-60s
07:57:38 Saving config file
07:58:38 saveConfig: auto-save-60s
07:58:38 Saving config file
07:59:38 saveConfig: auto-save-60s
07:59:38 Saving config file
08:00:38 saveConfig: auto-save-60s
08:00:38 Saving config file
08:01:38 saveConfig: auto-save-60s
08:01:38 Saving config file
08:02:38 saveConfig: auto-save-60s
08:02:38 Saving config file
08:03:38 saveConfig: auto-save-60s
08:03:38 Saving config file
08:04:38 saveConfig: auto-save-60s
08:04:38 Saving config file
08:05:38 saveConfig: auto-save-60s
08:05:38 Saving config file
08:06:38 saveConfig: auto-save-60s
08:06:38 Saving config file
08:07:38 saveConfig: auto-save-60s
08:07:38 Saving config file
08:08:38 saveConfig: auto-save-60s
08:08:38 Saving config file
08:09:38 saveConfig: auto-save-60s
08:09:38 Saving config file
08:10:38 saveConfig: auto-save-60s
08:10:38 Saving config file
08:11:38 saveConfig: auto-save-60s
08:11:38 Saving config file
08:12:38 saveConfig: auto-save-60s
08:12:38 Saving config file
08:13:38 saveConfig: auto-save-60s
08:13:38 Saving config file
08:14:38 saveConfig: auto-save-60s
08:14:38 Saving config file
08:15:38 saveConfig: auto-save-60s
08:15:38 Saving config file
08:16:38 saveConfig: auto-save-60s
08:16:38 Saving config file
08:17:38 saveConfig: auto-save-60s
08:17:38 Saving config file
08:18:38 saveConfig: auto-save-60s
08:18:38 Saving config file
08:19:38 saveConfig: auto-save-60s
08:19:38 Saving config file
08:20:38 saveConfig: auto-save-60s
08:20:38 Saving config file
08:21:38 saveConfig: auto-save-60s
08:21:38 Saving config file
08:22:38 saveConfig: auto-save-60s
08:22:38 Saving config file
08:23:38 saveConfig: auto-save-60s
08:23:38 Saving config file
08:24:38 saveConfig: auto-save-60s
08:24:38 Saving config file
08:25:38 saveConfig: auto-save-60s
08:25:38 Saving config file
08:26:38 saveConfig: auto-save-60s
08:26:38 Saving config file
08:27:38 saveConfig: auto-save-60s
08:27:38 Saving config file
08:28:38 saveConfig: auto-save-60s
08:28:38 Saving config file
08:29:38 saveConfig: auto-save-60s
08:29:38 Saving config file
08:30:38 saveConfig: auto-save-60s
08:30:38 Saving config file
08:31:38 saveConfig: auto-save-60s
08:31:38 Saving config file
08:32:38 saveConfig: auto-save-60s
08:32:38 Saving config file
08:33:38 saveConfig: auto-save-60s
08:33:38 Saving config file
08:34:38 saveConfig: auto-save-60s
08:34:38 Saving config file
08:35:38 saveConfig: auto-save-60s
08:35:38 Saving config file
08:36:38 saveConfig: auto-save-60s
08:36:38 Saving config file
08:37:38 saveConfig: auto-save-60s
08:37:38 Saving config file
08:38:38 saveConfig: auto-save-60s
08:38:38 Saving config file
08:39:38 saveConfig: auto-save-60s
08:39:38 Saving config file
08:40:38 saveConfig: auto-save-60s
08:40:38 Saving config file
08:41:38 saveConfig: auto-save-60s
08:41:38 Saving config file
08:42:38 saveConfig: auto-save-60s
08:42:38 Saving config file
08:43:38 saveConfig: auto-save-60s
08:43:38 Saving config file
08:44:38 saveConfig: auto-save-60s
08:44:38 Saving config file
08:45:38 saveConfig: auto-save-60s
08:45:38 Saving config file
08:46:38 saveConfig: auto-save-60s
08:46:38 Saving config file
08:47:38 saveConfig: auto-save-60s
08:47:38 Saving config file
08:48:38 saveConfig: auto-save-60s
08:48:38 Saving config file
08:49:38 saveConfig: auto-save-60s
08:49:38 Saving config file
08:50:38 saveConfig: auto-save-60s
08:50:38 Saving config file
08:51:38 saveConfig: auto-save-60s
08:51:38 Saving config file
08:52:38 saveConfig: auto-save-60s
08:52:38 Saving config file
08:53:38 saveConfig: auto-save-60s
08:53:38 Saving config file
08:54:38 saveConfig: auto-save-60s
08:54:38 Saving config file
08:55:38 saveConfig: auto-save-60s
08:55:38 Saving config file
08:56:38 saveConfig: auto-save-60s
08:56:38 Saving config file
08:57:38 saveConfig: auto-save-60s
08:57:38 Saving config file
08:58:38 saveConfig: auto-save-60s
08:58:38 Saving config file
08:59:38 saveConfig: auto-save-60s
08:59:38 Saving config file
09:00:38 saveConfig: auto-save-60s
09:00:38 Saving config file
09:01:38 saveConfig: auto-save-60s
09:01:38 Saving config file
09:02:38 saveConfig: auto-save-60s
09:02:38 Saving config file
09:03:38 saveConfig: auto-save-60s
09:03:38 Saving config file
09:04:38 saveConfig: auto-save-60s
09:04:38 Saving config file
09:05:38 saveConfig: auto-save-60s
09:05:38 Saving config file
09:06:38 saveConfig: auto-save-60s
09:06:38 Saving config file
09:07:38 saveConfig: auto-save-60s
09:07:38 Saving config file
09:08:38 saveConfig: auto-save-60s
09:08:38 Saving config file
09:09:38 saveConfig: auto-save-60s
09:09:38 Saving config file
09:10:38 saveConfig: auto-save-60s
09:10:38 Saving config file
09:11:38 saveConfig: auto-save-60s
09:11:38 Saving config file
09:12:38 saveConfig: auto-save-60s
09:12:38 Saving config file
09:13:38 saveConfig: auto-save-60s
09:13:38 Saving config file
09:14:38 saveConfig: auto-save-60s
09:14:38 Saving config file
09:15:38 saveConfig: auto-save-60s
09:15:38 Saving config file
09:16:38 saveConfig: auto-save-60s
09:16:38 Saving config file
09:17:38 saveConfig: auto-save-60s
09:17:38 Saving config file
09:18:38 saveConfig: auto-save-60s
09:18:38 Saving config file
09:19:38 saveConfig: auto-save-60s
09:19:38 Saving config file
09:20:38 saveConfig: auto-save-60s
09:20:38 Saving config file
09:21:38 saveConfig: auto-save-60s
09:21:38 Saving config file
09:22:38 saveConfig: auto-save-60s
09:22:38 Saving config file
09:23:38 saveConfig: auto-save-60s
09:23:38 Saving config file
09:24:38 saveConfig: auto-save-60s
09:24:38 Saving config file
09:25:38 saveConfig: auto-save-60s
09:25:38 Saving config file
09:26:38 saveConfig: auto-save-60s
09:26:38 Saving config file
09:27:38 saveConfig: auto-save-60s
09:27:38 Saving config file
09:28:38 saveConfig: auto-save-60s
09:28:38 Saving config file
09:29:38 saveConfig: auto-save-60s
09:29:38 Saving config file
09:30:38 saveConfig: auto-save-60s
09:30:38 Saving config file
09:31:38 saveConfig: auto-save-60s
09:31:38 Saving config file
09:32:38 saveConfig: auto-save-60s
09:32:38 Saving config file
09:33:38 saveConfig: auto-save-60s
09:33:38 Saving config file
09:34:38 saveConfig: auto-save-60s
09:34:38 Saving config file
09:35:38 saveConfig: auto-save-60s
09:35:38 Saving config file
09:36:38 saveConfig: auto-save-60s
09:36:38 Saving config file
09:37:38 saveConfig: auto-save-60s
09:37:38 Saving config file
09:38:38 saveConfig: auto-save-60s
09:38:38 Saving config file
09:39:38 saveConfig: auto-save-60s
09:39:38 Saving config file
09:40:38 saveConfig: auto-save-60s
09:40:38 Saving config file
09:41:38 saveConfig: auto-save-60s
09:41:38 Saving config file
09:42:38 saveConfig: auto-save-60s
09:42:38 Saving config file
09:43:38 saveConfig: auto-save-60s
09:43:38 Saving config file
09:44:38 saveConfig: auto-save-60s
09:44:38 Saving config file
09:45:38 saveConfig: auto-save-60s
09:45:38 Saving config file
09:46:38 saveConfig: auto-save-60s
09:46:38 Saving config file
09:47:38 saveConfig: auto-save-60s
09:47:38 Saving config file
09:48:38 saveConfig: auto-save-60s
09:48:38 Saving config file
09:49:38 saveConfig: auto-save-60s
09:49:38 Saving config file
09:50:38 saveConfig: auto-save-60s
09:50:38 Saving config file
09:51:38 saveConfig: auto-save-60s
09:51:38 Saving config file
09:52:38 saveConfig: auto-save-60s
09:52:38 Saving config file
09:53:38 saveConfig: auto-save-60s
09:53:38 Saving config file
09:54:38 saveConfig: auto-save-60s
09:54:38 Saving config file
09:55:38 saveConfig: auto-save-60s
09:55:38 Saving config file
09:56:38 saveConfig: auto-save-60s
09:56:38 Saving config file
09:57:38 saveConfig: auto-save-60s
09:57:38 Saving config file
09:58:38 saveConfig: auto-save-60s
09:58:38 Saving config file
09:59:38 saveConfig: auto-save-60s
09:59:38 Saving config file
10:00:38 saveConfig: auto-save-60s
10:00:38 Saving config file
10:01:38 saveConfig: auto-save-60s
10:01:38 Saving config file
10:02:38 saveConfig: auto-save-60s
10:02:38 Saving config file
10:03:38 saveConfig: auto-save-60s
10:03:38 Saving config file
10:04:38 saveConfig: auto-save-60s
10:04:38 Saving config file
10:05:38 saveConfig: auto-save-60s
10:05:38 Saving config file
10:06:38 saveConfig: auto-save-60s
10:06:38 Saving config file
10:07:38 saveConfig: auto-save-60s
10:07:38 Saving config file
10:08:38 saveConfig: auto-save-60s
10:08:38 Saving config file
10:09:38 saveConfig: auto-save-60s
10:09:38 Saving config file
10:10:38 saveConfig: auto-save-60s
10:10:38 Saving config file
10:11:38 saveConfig: auto-save-60s
10:11:38 Saving config file
10:12:38 saveConfig: auto-save-60s
10:12:38 Saving config file
10:13:38 saveConfig: auto-save-60s
10:13:38 Saving config file
10:14:38 saveConfig: auto-save-60s
10:14:38 Saving config file
10:15:38 saveConfig: auto-save-60s
10:15:38 Saving config file
10:16:38 saveConfig: auto-save-60s
10:16:38 Saving config file
10:17:38 saveConfig: auto-save-60s
10:17:38 Saving config file
10:18:38 saveConfig: auto-save-60s
10:18:38 Saving config file
10:19:38 saveConfig: auto-save-60s
10:19:38 Saving config file
10:20:38 saveConfig: auto-save-60s
10:20:38 Saving config file
10:21:38 saveConfig: auto-save-60s
10:21:38 Saving config file
10:22:38 saveConfig: auto-save-60s
10:22:38 Saving config file
10:23:38 saveConfig: auto-save-60s
10:23:38 Saving config file
10:24:38 saveConfig: auto-save-60s
10:24:38 Saving config file
10:25:38 saveConfig: auto-save-60s
10:25:38 Saving config file
10:26:38 saveConfig: auto-save-60s
10:26:38 Saving config file
10:27:38 saveConfig: auto-save-60s
10:27:38 Saving config file
10:28:38 saveConfig: auto-save-60s
10:28:38 Saving config file
10:29:38 saveConfig: auto-save-60s
10:29:38 Saving config file
10:30:38 saveConfig: auto-save-60s
10:30:38 Saving config file
10:31:38 saveConfig: auto-save-60s
10:31:38 Saving config file
10:32:38 saveConfig: auto-save-60s
10:32:38 Saving config file
10:33:38 saveConfig: auto-save-60s
10:33:38 Saving config file
10:34:38 saveConfig: auto-save-60s
10:34:38 Saving config file
10:35:38 saveConfig: auto-save-60s
10:35:38 Saving config file
10:36:38 saveConfig: auto-save-60s
10:36:38 Saving config file
10:37:38 saveConfig: auto-save-60s
10:37:38 Saving config file
10:38:38 saveConfig: auto-save-60s
10:38:38 Saving config file
10:39:38 saveConfig: auto-save-60s
10:39:38 Saving config file
10:40:38 saveConfig: auto-save-60s
10:40:38 Saving config file
10:41:38 saveConfig: auto-save-60s
10:41:38 Saving config file
10:42:38 saveConfig: auto-save-60s
10:42:38 Saving config file
10:43:38 saveConfig: auto-save-60s
10:43:38 Saving config file
10:44:38 saveConfig: auto-save-60s
10:44:38 Saving config file
10:45:38 saveConfig: auto-save-60s
10:45:38 Saving config file
10:46:38 saveConfig: auto-save-60s
10:46:38 Saving config file
10:47:38 saveConfig: auto-save-60s
10:47:38 Saving config file
10:48:38 saveConfig: auto-save-60s
10:48:38 Saving config file
10:49:38 saveConfig: auto-save-60s
10:49:38 Saving config file
10:50:38 saveConfig: auto-save-60s
10:50:38 Saving config file
10:51:38 saveConfig: auto-save-60s
10:51:38 Saving config file
10:52:38 saveConfig: auto-save-60s
10:52:38 Saving config file
10:53:38 saveConfig: auto-save-60s
10:53:38 Saving config file
10:54:38 saveConfig: auto-save-60s
10:54:38 Saving config file
10:55:38 saveConfig: auto-save-60s
10:55:38 Saving config file
10:56:38 saveConfig: auto-save-60s
10:56:38 Saving config file
10:57:38 saveConfig: auto-save-60s
10:57:38 Saving config file
10:58:38 saveConfig: auto-save-60s
10:58:38 Saving config file
10:59:38 saveConfig: auto-save-60s
10:59:38 Saving config file
11:00:38 saveConfig: auto-save-60s
11:00:38 Saving config file
11:01:38 saveConfig: auto-save-60s
11:01:38 Saving config file
11:02:38 saveConfig: auto-save-60s
11:02:38 Saving config file
11:03:38 saveConfig: auto-save-60s
11:03:38 Saving config file
11:04:38 saveConfig: auto-save-60s
11:04:38 Saving config file
11:05:38 saveConfig: auto-save-60s
11:05:38 Saving config file
11:06:38 saveConfig: auto-save-60s
11:06:38 Saving config file
11:07:38 saveConfig: auto-save-60s
11:07:38 Saving config file
11:08:38 saveConfig: auto-save-60s
11:08:38 Saving config file
11:09:38 saveConfig: auto-save-60s
11:09:38 Saving config file
11:10:38 saveConfig: auto-save-60s
11:10:38 Saving config file
11:11:38 saveConfig: auto-save-60s
11:11:38 Saving config file
11:12:38 saveConfig: auto-save-60s
11:12:38 Saving config file
11:13:38 saveConfig: auto-save-60s
11:13:38 Saving config file
11:14:38 saveConfig: auto-save-60s
11:14:38 Saving config file
11:15:38 saveConfig: auto-save-60s
11:15:38 Saving config file
11:16:38 saveConfig: auto-save-60s
11:16:38 Saving config file
11:17:38 saveConfig: auto-save-60s
11:17:38 Saving config file
11:18:38 saveConfig: auto-save-60s
11:18:38 Saving config file
11:19:38 saveConfig: auto-save-60s
11:19:38 Saving config file
11:20:38 saveConfig: auto-save-60s
11:20:38 Saving config file
11:21:38 saveConfig: auto-save-60s
11:21:38 Saving config file
11:22:38 saveConfig: auto-save-60s
11:22:38 Saving config file
11:23:38 saveConfig: auto-save-60s
11:23:38 Saving config file
11:24:38 saveConfig: auto-save-60s
11:24:38 Saving config file
11:25:38 saveConfig: auto-save-60s
11:25:38 Saving config file
11:26:38 saveConfig: auto-save-60s
11:26:38 Saving config file
11:27:38 saveConfig: auto-save-60s
11:27:38 Saving config file
11:28:38 saveConfig: auto-save-60s
11:28:38 Saving config file
11:29:38 saveConfig: auto-save-60s
11:29:38 Saving config file
11:30:38 saveConfig: auto-save-60s
11:30:38 Saving config file
11:31:38 saveConfig: auto-save-60s
11:31:38 Saving config file
11:32:38 saveConfig: auto-save-60s
11:32:38 Saving config file
11:33:38 saveConfig: auto-save-60s
11:33:38 Saving config file
11:34:38 saveConfig: auto-save-60s
11:34:38 Saving config file
11:35:38 saveConfig: auto-save-60s
11:35:38 Saving config file
11:36:38 saveConfig: auto-save-60s
11:36:38 Saving config file
11:37:38 saveConfig: auto-save-60s
11:37:38 Saving config file
11:38:38 saveConfig: auto-save-60s
11:38:38 Saving config file
11:39:38 saveConfig: auto-save-60s
11:39:38 Saving config file
11:40:38 saveConfig: auto-save-60s
11:40:38 Saving config file
11:41:38 saveConfig: auto-save-60s
11:41:38 Saving config file
11:42:38 saveConfig: auto-save-60s
11:42:38 Saving config file
11:43:38 saveConfig: auto-save-60s
11:43:38 Saving config file
11:44:38 saveConfig: auto-save-60s
11:44:38 Saving config file
11:45:38 saveConfig: auto-save-60s
11:45:38 Saving config file
11:46:38 saveConfig: auto-save-60s
11:46:38 Saving config file
11:47:38 saveConfig: auto-save-60s
11:47:38 Saving config file
11:48:38 saveConfig: auto-save-60s
11:48:38 Saving config file
11:49:38 saveConfig: auto-save-60s
11:49:38 Saving config file
11:50:38 saveConfig: auto-save-60s
11:50:38 Saving config file
11:51:38 saveConfig: auto-save-60s
11:51:38 Saving config file
11:52:38 saveConfig: auto-save-60s
11:52:38 Saving config file
11:53:38 saveConfig: auto-save-60s
11:53:38 Saving config file
11:54:38 saveConfig: auto-save-60s
11:54:38 Saving config file
11:55:38 saveConfig: auto-save-60s
11:55:38 Saving config file
11:56:38 saveConfig: auto-save-60s
11:56:38 Saving config file
11:57:38 saveConfig: auto-save-60s
11:57:38 Saving config file
11:58:38 saveConfig: auto-save-60s
11:58:38 Saving config file
11:59:38 saveConfig: auto-save-60s
11:59:38 Saving config file
12:00:38 saveConfig: auto-save-60s
12:00:38 Saving config file
12:01:38 saveConfig: auto-save-60s
12:01:38 Saving config file
12:02:38 saveConfig: auto-save-60s
12:02:38 Saving config file
12:03:38 saveConfig: auto-save-60s
12:03:38 Saving config file
12:04:38 saveConfig: auto-save-60s
12:04:38 Saving config file
12:05:38 saveConfig: auto-save-60s
12:05:38 Saving config file
12:06:38 saveConfig: auto-save-60s
12:06:38 Saving config file
12:07:38 saveConfig: auto-save-60s
12:07:38 Saving config file
12:08:38 saveConfig: auto-save-60s
12:08:38 Saving config file
12:09:38 saveConfig: auto-save-60s
12:09:38 Saving config file
12:10:38 saveConfig: auto-save-60s
12:10:38 Saving config file
12:11:38 saveConfig: auto-save-60s
12:11:38 Saving config file
12:12:38 saveConfig: auto-save-60s
12:12:38 Saving config file
12:13:38 saveConfig: auto-save-60s
12:13:38 Saving config file
12:14:38 saveConfig: auto-save-60s
12:14:38 Saving config file
12:15:38 saveConfig: auto-save-60s
12:15:38 Saving config file
12:16:38 saveConfig: auto-save-60s
12:16:38 Saving config file
12:17:38 saveConfig: auto-save-60s
12:17:38 Saving config file
12:18:38 saveConfig: auto-save-60s
12:18:38 Saving config file
12:19:38 saveConfig: auto-save-60s
12:19:38 Saving config file
12:20:38 saveConfig: auto-save-60s
12:20:38 Saving config file
12:21:38 saveConfig: auto-save-60s
12:21:38 Saving config file
12:22:38 saveConfig: auto-save-60s
12:22:38 Saving config file
12:23:38 saveConfig: auto-save-60s
12:23:38 Saving config file
12:24:38 saveConfig: auto-save-60s
12:24:38 Saving config file
12:25:38 saveConfig: auto-save-60s
12:25:38 Saving config file
12:26:38 saveConfig: auto-save-60s
12:26:38 Saving config file
12:27:38 saveConfig: auto-save-60s
12:27:38 Saving config file
12:28:38 saveConfig: auto-save-60s
12:28:38 Saving config file
12:29:38 saveConfig: auto-save-60s
12:29:38 Saving config file
12:30:38 saveConfig: auto-save-60s
12:30:38 Saving config file
12:31:38 saveConfig: auto-save-60s
12:31:38 Saving config file
12:32:38 saveConfig: auto-save-60s
12:32:38 Saving config file
12:33:38 saveConfig: auto-save-60s
12:33:38 Saving config file
12:34:38 saveConfig: auto-save-60s
12:34:38 Saving config file
12:35:38 saveConfig: auto-save-60s
12:35:38 Saving config file
12:36:38 saveConfig: auto-save-60s
12:36:38 Saving config file
12:37:38 saveConfig: auto-save-60s
12:37:38 Saving config file
12:38:38 saveConfig: auto-save-60s
12:38:38 Saving config file
12:39:38 saveConfig: auto-save-60s
12:39:38 Saving config file
12:40:38 saveConfig: auto-save-60s
12:40:38 Saving config file
12:41:38 saveConfig: auto-save-60s
12:41:38 Saving config file
12:42:38 saveConfig: auto-save-60s
12:42:38 Saving config file
12:43:38 saveConfig: auto-save-60s
12:43:38 Saving config file
12:44:38 saveConfig: auto-save-60s
12:44:38 Saving config file
12:45:38 saveConfig: auto-save-60s
12:45:38 Saving config file
12:46:38 saveConfig: auto-save-60s
12:46:38 Saving config file
12:47:38 saveConfig: auto-save-60s
12:47:38 Saving config file
12:48:38 saveConfig: auto-save-60s
12:48:38 Saving config file
12:49:38 saveConfig: auto-save-60s
12:49:38 Saving config file
12:50:38 saveConfig: auto-save-60s
12:50:38 Saving config file
12:51:38 saveConfig: auto-save-60s
12:51:38 Saving config file
12:52:38 saveConfig: auto-save-60s
12:52:38 Saving config file
12:53:38 saveConfig: auto-save-60s
12:53:38 Saving config file
12:54:38 saveConfig: auto-save-60s
12:54:38 Saving config file
12:55:38 saveConfig: auto-save-60s
12:55:38 Saving config file
12:56:38 saveConfig: auto-save-60s
12:56:38 Saving config file
12:57:38 saveConfig: auto-save-60s
12:57:38 Saving config file
12:58:38 saveConfig: auto-save-60s
12:58:38 Saving config file
12:59:38 saveConfig: auto-save-60s
12:59:38 Saving config file
13:00:38 saveConfig: auto-save-60s
13:00:38 Saving config file
13:01:38 saveConfig: auto-save-60s
13:01:38 Saving config file
13:02:38 saveConfig: auto-save-60s
13:02:38 Saving config file
13:03:38 saveConfig: auto-save-60s
13:03:38 Saving config file
13:04:38 saveConfig: auto-save-60s
13:04:38 Saving config file
13:05:38 saveConfig: auto-save-60s
13:05:38 Saving config file
13:06:38 saveConfig: auto-save-60s
13:06:38 Saving config file
13:07:38 saveConfig: auto-save-60s
13:07:38 Saving config file
13:08:38 saveConfig: auto-save-60s
13:08:38 Saving config file
13:09:38 saveConfig: auto-save-60s
13:09:38 Saving config file
13:10:38 saveConfig: auto-save-60s
13:10:38 Saving config file
13:11:38 saveConfig: auto-save-60s
13:11:38 Saving config file
13:12:38 saveConfig: auto-save-60s
13:12:38 Saving config file
13:13:38 saveConfig: auto-save-60s
13:13:38 Saving config file
13:14:38 saveConfig: auto-save-60s
13:14:38 Saving config file
13:15:38 saveConfig: auto-save-60s
13:15:38 Saving config file
13:16:38 saveConfig: auto-save-60s
13:16:38 Saving config file
13:17:38 saveConfig: auto-save-60s
13:17:38 Saving config file
13:18:38 saveConfig: auto-save-60s
13:18:38 Saving config file
13:19:38 saveConfig: auto-save-60s
13:19:38 Saving config file
13:20:38 saveConfig: auto-save-60s
13:20:38 Saving config file
13:21:38 saveConfig: auto-save-60s
13:21:38 Saving config file
13:22:38 saveConfig: auto-save-60s
13:22:38 Saving config file
13:23:38 saveConfig: auto-save-60s
13:23:38 Saving config file
13:24:38 saveConfig: auto-save-60s
13:24:38 Saving config file
13:25:38 saveConfig: auto-save-60s
13:25:38 Saving config file
13:26:38 saveConfig: auto-save-60s
13:26:38 Saving config file
13:27:38 saveConfig: auto-save-60s
13:27:38 Saving config file
13:28:38 saveConfig: auto-save-60s
13:28:38 Saving config file
13:29:38 saveConfig: auto-save-60s
13:29:38 Saving config file
13:30:38 saveConfig: auto-save-60s
13:30:38 Saving config file
13:31:38 saveConfig: auto-save-60s
13:31:38 Saving config file
13:32:38 saveConfig: auto-save-60s
13:32:38 Saving config file
13:33:38 saveConfig: auto-save-60s
13:33:38 Saving config file
13:34:38 saveConfig: auto-save-60s
13:34:38 Saving config file
13:35:38 saveConfig: auto-save-60s
13:35:38 Saving config file
13:36:38 saveConfig: auto-save-60s
13:36:38 Saving config file
13:37:38 saveConfig: auto-save-60s
13:37:38 Saving config file
13:38:38 saveConfig: auto-save-60s
13:38:38 Saving config file
13:39:38 saveConfig: auto-save-60s
13:39:38 Saving config file
13:40:38 saveConfig: auto-save-60s
13:40:38 Saving config file
13:41:38 saveConfig: auto-save-60s
13:41:38 Saving config file
13:42:38 saveConfig: auto-save-60s
13:42:38 Saving config file
13:43:38 saveConfig: auto-save-60s
13:43:38 Saving config file
13:44:38 saveConfig: auto-save-60s
13:44:38 Saving config file
13:45:38 saveConfig: auto-save-60s
13:45:38 Saving config file
13:46:38 saveConfig: auto-save-60s
13:46:38 Saving config file
13:47:38 saveConfig: auto-save-60s
13:47:38 Saving config file
13:48:38 saveConfig: auto-save-60s
13:48:38 Saving config file
13:49:38 saveConfig: auto-save-60s
13:49:38 Saving config file
13:50:38 saveConfig: auto-save-60s
13:50:38 Saving config file
13:51:38 saveConfig: auto-save-60s
13:51:38 Saving config file
13:52:38 saveConfig: auto-save-60s
13:52:38 Saving config file
13:53:38 saveConfig: auto-save-60s
13:53:38 Saving config file
13:54:38 saveConfig: auto-save-60s
13:54:38 Saving config file
13:55:38 saveConfig: auto-save-60s
13:55:38 Saving config file
13:56:38 saveConfig: auto-save-60s
13:56:38 Saving config file
13:57:38 saveConfig: auto-save-60s
13:57:38 Saving config file
13:58:38 saveConfig: auto-save-60s
13:58:38 Saving config file
13:59:38 saveConfig: auto-save-60s
13:59:38 Saving config file
14:00:38 saveConfig: auto-save-60s
14:00:38 Saving config file
14:01:38 saveConfig: auto-save-60s
14:01:38 Saving config file
14:02:38 saveConfig: auto-save-60s
14:02:38 Saving config file
14:03:38 saveConfig: auto-save-60s
14:03:38 Saving config file
14:04:38 saveConfig: auto-save-60s
14:04:38 Saving config file
14:05:38 saveConfig: auto-save-60s
14:05:38 Saving config file
14:06:38 saveConfig: auto-save-60s
14:06:38 Saving config file
14:07:38 saveConfig: auto-save-60s
14:07:38 Saving config file
14:08:38 saveConfig: auto-save-60s
14:08:38 Saving config file
14:09:38 saveConfig: auto-save-60s
14:09:38 Saving config file
14:10:38 saveConfig: auto-save-60s
14:10:38 Saving config file
14:11:38 saveConfig: auto-save-60s
14:11:38 Saving config file
14:12:38 saveConfig: auto-save-60s
14:12:38 Saving config file
14:13:38 saveConfig: auto-save-60s
14:13:38 Saving config file
14:14:38 saveConfig: auto-save-60s
14:14:38 Saving config file
14:15:38 saveConfig: auto-save-60s
14:15:38 Saving config file
14:16:38 saveConfig: auto-save-60s
14:16:38 Saving config file
14:17:38 saveConfig: auto-save-60s
14:17:38 Saving config file
14:18:38 saveConfig: auto-save-60s
14:18:38 Saving config file
14:19:38 saveConfig: auto-save-60s
14:19:38 Saving config file
14:20:38 saveConfig: auto-save-60s
14:20:38 Saving config file
14:21:38 saveConfig: auto-save-60s
14:21:38 Saving config file
14:22:38 saveConfig: auto-save-60s
14:22:38 Saving config file
14:23:38 saveConfig: auto-save-60s
14:23:38 Saving config file
14:24:38 saveConfig: auto-save-60s
14:24:38 Saving config file
14:25:38 saveConfig: auto-save-60s
14:25:38 Saving config file
14:26:38 saveConfig: auto-save-60s
14:26:38 Saving config file
14:27:38 saveConfig: auto-save-60s
14:27:38 Saving config file
14:28:38 saveConfig: auto-save-60s
14:28:38 Saving config file
14:29:38 saveConfig: auto-save-60s
14:29:38 Saving config file
14:30:38 saveConfig: auto-save-60s
14:30:38 Saving config file
14:31:38 saveConfig: auto-save-60s
14:31:38 Saving config file
14:32:38 saveConfig: auto-save-60s
14:32:38 Saving config file
14:33:38 saveConfig: auto-save-60s
14:33:38 Saving config file
14:34:38 saveConfig: auto-save-60s
14:34:38 Saving config file
14:35:38 saveConfig: auto-save-60s
14:35:38 Saving config file
14:36:38 saveConfig: auto-save-60s
14:36:38 Saving config file
14:37:38 saveConfig: auto-save-60s
14:37:38 Saving config file
14:38:38 saveConfig: auto-save-60s
14:38:38 Saving config file
14:39:38 saveConfig: auto-save-60s
14:39:38 Saving config file
14:40:38 saveConfig: auto-save-60s
14:40:38 Saving config file
14:41:38 saveConfig: auto-save-60s
14:41:38 Saving config file
14:42:38 saveConfig: auto-save-60s
14:42:38 Saving config file
14:43:38 saveConfig: auto-save-60s
14:43:38 Saving config file
14:44:38 saveConfig: auto-save-60s
14:44:38 Saving config file
14:45:38 saveConfig: auto-save-60s
14:45:38 Saving config file
14:46:38 saveConfig: auto-save-60s
14:46:38 Saving config file
14:47:38 saveConfig: auto-save-60s
14:47:38 Saving config file
14:48:38 saveConfig: auto-save-60s
14:48:38 Saving config file
14:49:38 saveConfig: auto-save-60s
14:49:38 Saving config file
14:50:38 saveConfig: auto-save-60s
14:50:38 Saving config file
14:51:38 saveConfig: auto-save-60s
14:51:38 Saving config file
14:52:38 saveConfig: auto-save-60s
14:52:38 Saving config file
14:53:38 saveConfig: auto-save-60s
14:53:38 Saving config file
14:54:38 saveConfig: auto-save-60s
14:54:38 Saving config file
14:55:38 saveConfig: auto-save-60s
14:55:38 Saving config file
14:56:38 saveConfig: auto-save-60s
14:56:38 Saving config file
14:57:38 saveConfig: auto-save-60s
14:57:38 Saving config file
14:58:38 saveConfig: auto-save-60s
14:58:38 Saving config file
14:59:38 saveConfig: auto-save-60s
14:59:38 Saving config file
15:00:38 saveConfig: auto-save-60s
15:00:38 Saving config file
15:01:38 saveConfig: auto-save-60s
15:01:38 Saving config file
15:02:38 saveConfig: auto-save-60s
15:02:38 Saving config file
15:03:38 saveConfig: auto-save-60s
15:03:38 Saving config file
15:04:38 saveConfig: auto-save-60s
15:04:38 Saving config file
15:05:38 saveConfig: auto-save-60s
15:05:38 Saving config file
15:06:38 saveConfig: auto-save-60s
15:06:38 Saving config file
15:07:38 saveConfig: auto-save-60s
15:07:38 Saving config file
15:08:38 saveConfig: auto-save-60s
15:08:38 Saving config file
15:09:38 saveConfig: auto-save-60s
15:09:38 Saving config file
15:10:38 saveConfig: auto-save-60s
15:10:38 Saving config file
15:11:38 saveConfig: auto-save-60s
15:11:38 Saving config file
15:12:38 saveConfig: auto-save-60s
15:12:38 Saving config file
15:13:38 saveConfig: auto-save-60s
15:13:38 Saving config file
15:14:38 saveConfig: auto-save-60s
15:14:38 Saving config file
15:15:38 saveConfig: auto-save-60s
15:15:38 Saving config file
15:16:38 saveConfig: auto-save-60s
15:16:38 Saving config file
15:17:38 saveConfig: auto-save-60s
15:17:38 Saving config file
15:18:38 saveConfig: auto-save-60s
15:18:38 Saving config file
15:19:38 saveConfig: auto-save-60s
15:19:38 Saving config file
15:20:38 saveConfig: auto-save-60s
15:20:38 Saving config file
15:21:38 saveConfig: auto-save-60s
15:21:38 Saving config file
15:22:38 saveConfig: auto-save-60s
15:22:38 Saving config file
15:23:38 saveConfig: auto-save-60s
15:23:38 Saving config file
15:24:38 saveConfig: auto-save-60s
15:24:38 Saving config file
15:25:38 saveConfig: auto-save-60s
15:25:38 Saving config file
15:26:38 saveConfig: auto-save-60s
15:26:38 Saving config file
15:27:38 saveConfig: auto-save-60s
15:27:38 Saving config file
15:28:38 saveConfig: auto-save-60s
15:28:38 Saving config file
15:29:38 saveConfig: auto-save-60s
15:29:38 Saving config file
15:30:38 saveConfig: auto-save-60s
15:30:38 Saving config file
15:31:38 saveConfig: auto-save-60s
15:31:38 Saving config file
15:32:38 saveConfig: auto-save-60s
15:32:38 Saving config file
15:33:38 saveConfig: auto-save-60s
15:33:38 Saving config file
15:34:38 saveConfig: auto-save-60s
15:34:38 Saving config file
15:35:38 saveConfig: auto-save-60s
15:35:38 Saving config file
15:36:38 saveConfig: auto-save-60s
15:36:38 Saving config file
15:37:38 saveConfig: auto-save-60s
15:37:38 Saving config file
15:38:38 saveConfig: auto-save-60s
15:38:38 Saving config file
15:39:38 saveConfig: auto-save-60s
15:39:38 Saving config file
15:40:38 saveConfig: auto-save-60s
15:40:38 Saving config file
15:41:38 saveConfig: auto-save-60s
15:41:38 Saving config file
15:42:38 saveConfig: auto-save-60s
15:42:38 Saving config file
15:43:38 saveConfig: auto-save-60s
15:43:38 Saving config file
15:44:38 saveConfig: auto-save-60s
15:44:38 Saving config file
15:45:38 saveConfig: auto-save-60s
15:45:38 Saving config file
15:46:38 saveConfig: auto-save-60s
15:46:38 Saving config file
15:47:38 saveConfig: auto-save-60s
15:47:38 Saving config file
15:48:38 saveConfig: auto-save-60s
15:48:38 Saving config file
15:49:38 saveConfig: auto-save-60s
15:49:38 Saving config file
15:50:38 saveConfig: auto-save-60s
15:50:38 Saving config file
15:51:38 saveConfig: auto-save-60s
15:51:38 Saving config file
15:52:38 saveConfig: auto-save-60s
15:52:38 Saving config file
15:53:38 saveConfig: auto-save-60s
15:53:38 Saving config file
15:54:38 saveConfig: auto-save-60s
15:54:38 Saving config file
15:55:38 saveConfig: auto-save-60s
15:55:38 Saving config file
15:56:38 saveConfig: auto-save-60s
15:56:38 Saving config file
15:57:38 saveConfig: auto-save-60s
15:57:38 Saving config file
15:58:38 saveConfig: auto-save-60s
15:58:38 Saving config file
15:59:38 saveConfig: auto-save-60s
15:59:38 Saving config file
16:00:38 saveConfig: auto-save-60s
16:00:38 Saving config file
16:01:38 saveConfig: auto-save-60s
16:01:38 Saving config file
16:02:38 saveConfig: auto-save-60s
16:02:38 Saving config file
16:03:38 saveConfig: auto-save-60s
16:03:38 Saving config file
16:04:38 saveConfig: auto-save-60s
16:04:38 Saving config file
16:05:38 saveConfig: auto-save-60s
16:05:38 Saving config file
16:06:38 saveConfig: auto-save-60s
16:06:38 Saving config file
16:07:38 saveConfig: auto-save-60s
16:07:38 Saving config file
16:08:38 saveConfig: auto-save-60s
16:08:38 Saving config file
16:09:38 saveConfig: auto-save-60s
16:09:38 Saving config file
16:10:38 saveConfig: auto-save-60s
16:10:38 Saving config file
16:11:38 saveConfig: auto-save-60s
16:11:38 Saving config file
16:12:38 saveConfig: auto-save-60s
16:12:38 Saving config file
16:13:38 saveConfig: auto-save-60s
16:13:38 Saving config file
16:14:38 saveConfig: auto-save-60s
16:14:38 Saving config file
16:15:38 saveConfig: auto-save-60s
16:15:38 Saving config file
16:16:38 saveConfig: auto-save-60s
16:16:38 Saving config file
16:17:38 saveConfig: auto-save-60s
16:17:38 Saving config file
16:18:38 saveConfig: auto-save-60s
16:18:38 Saving config file
16:19:38 saveConfig: auto-save-60s
16:19:38 Saving config file
16:20:38 saveConfig: auto-save-60s
16:20:38 Saving config file
16:21:38 saveConfig: auto-save-60s
16:21:38 Saving config file
16:22:38 saveConfig: auto-save-60s
16:22:38 Saving config file
16:23:38 saveConfig: auto-save-60s
16:23:38 Saving config file
16:24:38 saveConfig: auto-save-60s
16:24:38 Saving config file
16:25:38 saveConfig: auto-save-60s
16:25:38 Saving config file
16:26:38 saveConfig: auto-save-60s
16:26:38 Saving config file
16:27:38 saveConfig: auto-save-60s
16:27:38 Saving config file
16:28:38 saveConfig: auto-save-60s
16:28:38 Saving config file
16:29:38 saveConfig: auto-save-60s
16:29:38 Saving config file
16:30:38 saveConfig: auto-save-60s
16:30:38 Saving config file
16:31:38 saveConfig: auto-save-60s
16:31:38 Saving config file
16:32:38 saveConfig: auto-save-60s
16:32:38 Saving config file
16:33:38 saveConfig: auto-save-60s
16:33:38 Saving config file
16:34:38 saveConfig: auto-save-60s
16:34:38 Saving config file
16:35:38 saveConfig: auto-save-60s
16:35:38 Saving config file
16:36:38 saveConfig: auto-save-60s
16:36:38 Saving config file
16:37:38 saveConfig: auto-save-60s
16:37:38 Saving config file
16:38:38 saveConfig: auto-save-60s
16:38:38 Saving config file
16:39:38 saveConfig: auto-save-60s
16:39:38 Saving config file
16:40:38 saveConfig: auto-save-60s
16:40:38 Saving config file
16:41:38 saveConfig: auto-save-60s
16:41:38 Saving config file
16:42:38 saveConfig: auto-save-60s
16:42:38 Saving config file
16:43:38 saveConfig: auto-save-60s
16:43:38 Saving config file
16:44:38 saveConfig: auto-save-60s
16:44:38 Saving config file
16:45:38 saveConfig: auto-save-60s
16:45:38 Saving config file
16:46:38 saveConfig: auto-save-60s
16:46:38 Saving config file
16:47:38 saveConfig: auto-save-60s
16:47:38 Saving config file
16:48:38 saveConfig: auto-save-60s
16:48:38 Saving config file
16:49:38 saveConfig: auto-save-60s
16:49:38 Saving config file
16:50:38 saveConfig: auto-save-60s
16:50:38 Saving config file
16:51:38 saveConfig: auto-save-60s
16:51:38 Saving config file
16:52:38 saveConfig: auto-save-60s
16:52:38 Saving config file
16:53:38 saveConfig: auto-save-60s
16:53:38 Saving config file
16:54:38 saveConfig: auto-save-60s
16:54:38 Saving config file
16:55:38 saveConfig: auto-save-60s
16:55:38 Saving config file
16:56:38 saveConfig: auto-save-60s
16:56:38 Saving config file
16:57:38 saveConfig: auto-save-60s
16:57:38 Saving config file
16:58:38 saveConfig: auto-save-60s
16:58:38 Saving config file
16:59:38 saveConfig: auto-save-60s
16:59:38 Saving config file
17:00:38 saveConfig: auto-save-60s
17:00:38 Saving config file
17:01:38 saveConfig: auto-save-60s
17:01:38 Saving config file
17:02:38 saveConfig: auto-save-60s
17:02:38 Saving config file
17:03:38 saveConfig: auto-save-60s
17:03:38 Saving config file
17:04:38 saveConfig: auto-save-60s
17:04:38 Saving config file
17:05:38 saveConfig: auto-save-60s
17:05:38 Saving config file
17:06:38 saveConfig: auto-save-60s
17:06:38 Saving config file
17:07:38 saveConfig: auto-save-60s
17:07:38 Saving config file
17:08:38 saveConfig: auto-save-60s
17:08:38 Saving config file
17:09:38 saveConfig: auto-save-60s
17:09:38 Saving config file
17:10:38 saveConfig: auto-save-60s
17:10:38 Saving config file
17:11:38 saveConfig: auto-save-60s
17:11:38 Saving config file
17:12:38 saveConfig: auto-save-60s
17:12:38 Saving config file
17:13:38 saveConfig: auto-save-60s
17:13:38 Saving config file
17:14:38 saveConfig: auto-save-60s
17:14:38 Saving config file
17:15:38 saveConfig: auto-save-60s
17:15:38 Saving config file
17:16:38 saveConfig: auto-save-60s
17:16:38 Saving config file
17:17:38 saveConfig: auto-save-60s
17:17:38 Saving config file
17:18:38 saveConfig: auto-save-60s
17:18:38 Saving config file
17:19:38 saveConfig: auto-save-60s
17:19:38 Saving config file
17:20:38 saveConfig: auto-save-60s
17:20:38 Saving config file
17:21:38 saveConfig: auto-save-60s
17:21:38 Saving config file
17:22:38 saveConfig: auto-save-60s
17:22:38 Saving config file
17:23:38 saveConfig: auto-save-60s
17:23:38 Saving config file
17:24:38 saveConfig: auto-save-60s
17:24:38 Saving config file
17:25:34 saveConfig: Updated known feature flags
17:25:34 Saving known_features file
17:25:38 saveConfig: auto-save-60s
17:25:38 Saving config file
17:26:38 saveConfig: auto-save-60s
17:26:38 Saving config file
17:27:38 saveConfig: auto-save-60s
17:27:38 Saving config file
17:28:38 saveConfig: auto-save-60s
17:28:38 Saving config file
17:29:38 saveConfig: auto-save-60s
17:29:38 Saving config file
17:30:38 saveConfig: auto-save-60s
17:30:38 Saving config file
17:31:38 saveConfig: auto-save-60s
17:31:38 Saving config file
17:32:38 saveConfig: auto-save-60s
17:32:38 Saving config file
17:33:38 saveConfig: auto-save-60s
17:33:38 Saving config file
17:34:38 saveConfig: auto-save-60s
17:34:38 Saving config file
17:35:38 saveConfig: auto-save-60s
17:35:38 Saving config file
17:36:38 saveConfig: auto-save-60s
17:36:38 Saving config file
17:37:38 saveConfig: auto-save-60s
17:37:38 Saving config file
17:38:38 saveConfig: auto-save-60s
17:38:38 Saving config file
17:39:38 saveConfig: auto-save-60s
17:39:38 Saving config file
17:40:38 saveConfig: auto-save-60s
17:40:38 Saving config file
17:41:38 saveConfig: auto-save-60s
17:41:38 Saving config file
17:42:38 saveConfig: auto-save-60s
17:42:38 Saving config file
17:43:38 saveConfig: auto-save-60s
17:43:38 Saving config file
17:44:38 saveConfig: auto-save-60s
17:44:38 Saving config file
17:45:38 saveConfig: auto-save-60s
17:45:38 Saving config file
17:46:38 saveConfig: auto-save-60s
17:46:38 Saving config file
17:47:38 saveConfig: auto-save-60s
17:47:38 Saving config file
17:48:38 saveConfig: auto-save-60s
17:48:38 Saving config file
17:49:38 saveConfig: auto-save-60s
17:49:38 Saving config file
17:50:38 saveConfig: auto-save-60s
17:50:38 Saving config file
17:51:38 saveConfig: auto-save-60s
17:51:38 Saving config file
17:52:38 saveConfig: auto-save-60s
17:52:38 Saving config file
17:53:38 saveConfig: auto-save-60s
17:53:38 Saving config file
17:54:38 saveConfig: auto-save-60s
17:54:38 Saving config file
17:55:38 saveConfig: auto-save-60s
17:55:38 Saving config file
17:56:38 saveConfig: auto-save-60s
17:56:38 Saving config file
17:57:38 saveConfig: auto-save-60s
17:57:38 Saving config file
17:58:38 saveConfig: auto-save-60s
17:58:38 Saving config file
17:59:38 saveConfig: auto-save-60s
17:59:38 Saving config file
18:00:38 saveConfig: auto-save-60s
18:00:38 Saving config file
18:01:38 saveConfig: auto-save-60s
18:01:38 Saving config file
18:02:38 saveConfig: auto-save-60s
18:02:38 Saving config file
18:03:38 saveConfig: auto-save-60s
18:03:38 Saving config file
18:04:38 saveConfig: auto-save-60s
18:04:38 Saving config file
18:05:38 saveConfig: auto-save-60s
18:05:38 Saving config file
18:06:38 saveConfig: auto-save-60s
18:06:38 Saving config file
18:07:38 saveConfig: auto-save-60s
18:07:38 Saving config file
18:08:38 saveConfig: auto-save-60s
18:08:38 Saving config file
18:09:38 saveConfig: auto-save-60s
18:09:38 Saving config file
18:10:38 saveConfig: auto-save-60s
18:10:38 Saving config file
18:11:04 saveConfig: saving-data
18:11:04 Saving sacks file
18:11:38 saveConfig: auto-save-60s
18:11:38 Saving config file
18:12:13 saveConfig: saving-data
18:12:13 Saving sacks file
18:12:38 saveConfig: auto-save-60s
18:12:38 Saving config file
18:13:38 saveConfig: auto-save-60s
18:13:38 Saving config file
18:14:38 saveConfig: auto-save-60s
18:14:38 Saving config file
18:15:38 saveConfig: auto-save-60s
18:15:38 Saving config file
18:16:38 saveConfig: auto-save-60s
18:16:38 Saving config file
18:17:38 saveConfig: auto-save-60s
18:17:38 Saving config file
18:18:38 saveConfig: auto-save-60s
18:18:38 Saving config file
18:19:38 saveConfig: auto-save-60s
18:19:38 Saving config file
18:20:38 saveConfig: auto-save-60s
18:20:38 Saving config file
18:21:38 saveConfig: auto-save-60s
18:21:38 Saving config file
18:22:21 saveConfig: saving-data
18:22:21 Saving sacks file
18:22:38 saveConfig: auto-save-60s
18:22:38 Saving config file
18:23:38 saveConfig: auto-save-60s
18:23:38 Saving config file
18:24:38 saveConfig: auto-save-60s
18:24:38 Saving config file
18:25:38 saveConfig: auto-save-60s
18:25:38 Saving config file
18:26:38 saveConfig: auto-save-60s
18:26:38 Saving config file
18:27:38 saveConfig: auto-save-60s
18:27:38 Saving config file
18:28:38 saveConfig: auto-save-60s
18:28:38 Saving config file
18:28:52 saveConfig: saving-data
18:28:52 Saving sacks file
18:29:38 saveConfig: auto-save-60s
18:29:38 Saving config file
18:30:38 saveConfig: auto-save-60s
18:30:38 Saving config file
18:31:38 saveConfig: auto-save-60s
18:31:38 Saving config file
18:32:38 saveConfig: auto-save-60s
18:32:38 Saving config file
18:33:38 saveConfig: auto-save-60s
18:33:38 Saving config file
18:34:38 saveConfig: auto-save-60s
18:34:38 Saving config file
18:35:38 saveConfig: auto-save-60s
18:35:38 Saving config file
18:36:38 saveConfig: auto-save-60s
18:36:38 Saving config file
18:37:38 saveConfig: auto-save-60s
18:37:38 Saving config file
18:38:38 saveConfig: auto-save-60s
18:38:38 Saving config file
18:39:38 saveConfig: auto-save-60s
18:39:38 Saving config file
18:40:38 saveConfig: auto-save-60s
18:40:38 Saving config file
18:41:38 saveConfig: auto-save-60s
18:41:38 Saving config file
18:42:38 saveConfig: auto-save-60s
18:42:38 Saving config file
18:43:38 saveConfig: auto-save-60s
18:43:38 Saving config file
18:44:38 saveConfig: auto-save-60s
18:44:38 Saving config file
18:45:38 saveConfig: auto-save-60s
18:45:38 Saving config file
18:46:38 saveConfig: auto-save-60s
18:46:38 Saving config file
18:47:38 saveConfig: auto-save-60s
18:47:38 Saving config file
18:48:38 saveConfig: auto-save-60s
18:48:38 Saving config file
18:49:38 saveConfig: auto-save-60s
18:49:38 Saving config file
18:50:39 saveConfig: auto-save-60s
18:50:39 Saving config file
18:51:38 saveConfig: auto-save-60s
18:51:38 Saving config file
18:52:38 saveConfig: auto-save-60s
18:52:38 Saving config file
18:53:38 saveConfig: auto-save-60s
18:53:38 Saving config file
18:54:38 saveConfig: auto-save-60s
18:54:38 Saving config file
18:55:38 saveConfig: auto-save-60s
18:55:38 Saving config file
18:56:38 saveConfig: auto-save-60s
18:56:38 Saving config file
18:57:38 saveConfig: auto-save-60s
18:57:38 Saving config file
18:58:38 saveConfig: auto-save-60s
18:58:38 Saving config file
18:59:38 saveConfig: auto-save-60s
18:59:38 Saving config file
19:00:38 saveConfig: auto-save-60s
19:00:38 Saving config file
19:01:38 saveConfig: auto-save-60s
19:01:38 Saving config file
19:02:38 saveConfig: auto-save-60s
19:02:38 Saving config file
19:03:38 saveConfig: auto-save-60s
19:03:38 Saving config file
19:04:38 saveConfig: auto-save-60s
19:04:38 Saving config file
19:05:38 saveConfig: auto-save-60s
19:05:38 Saving config file
19:06:38 saveConfig: auto-save-60s
19:06:38 Saving config file
19:07:38 saveConfig: auto-save-60s
19:07:38 Saving config file
19:08:38 saveConfig: auto-save-60s
19:08:38 Saving config file
19:09:38 saveConfig: auto-save-60s
19:09:38 Saving config file
19:10:38 saveConfig: auto-save-60s
19:10:38 Saving config file
19:11:38 saveConfig: auto-save-60s
19:11:38 Saving config file
19:12:38 saveConfig: auto-save-60s
19:12:38 Saving config file
19:13:38 saveConfig: auto-save-60s
19:13:38 Saving config file
19:14:38 saveConfig: auto-save-60s
19:14:38 Saving config file
19:15:38 saveConfig: auto-save-60s
19:15:38 Saving config file
19:16:38 saveConfig: auto-save-60s
19:16:38 Saving config file
19:17:38 saveConfig: auto-save-60s
19:17:38 Saving config file
19:18:38 saveConfig: auto-save-60s
19:18:38 Saving config file
19:19:38 saveConfig: auto-save-60s
19:19:38 Saving config file
19:20:38 saveConfig: auto-save-60s
19:20:38 Saving config file
19:21:38 saveConfig: auto-save-60s
19:21:38 Saving config file
19:22:38 saveConfig: auto-save-60s
19:22:38 Saving config file
19:23:38 saveConfig: auto-save-60s
19:23:38 Saving config file
19:24:38 saveConfig: auto-save-60s
19:24:38 Saving config file
19:25:38 saveConfig: auto-save-60s
19:25:38 Saving config file
19:26:38 saveConfig: auto-save-60s
19:26:38 Saving config file
19:27:38 saveConfig: auto-save-60s
19:27:38 Saving config file
19:28:38 saveConfig: auto-save-60s
19:28:38 Saving config file
19:29:38 saveConfig: auto-save-60s
19:29:38 Saving config file
19:30:38 saveConfig: auto-save-60s
19:30:38 Saving config file
19:31:38 saveConfig: auto-save-60s
19:31:38 Saving config file
19:32:38 saveConfig: auto-save-60s
19:32:38 Saving config file
19:33:38 saveConfig: auto-save-60s
19:33:38 Saving config file
19:34:38 saveConfig: auto-save-60s
19:34:38 Saving config file
19:35:38 saveConfig: auto-save-60s
19:35:38 Saving config file
19:36:38 saveConfig: auto-save-60s
19:36:38 Saving config file
19:37:38 saveConfig: auto-save-60s
19:37:38 Saving config file
19:38:38 saveConfig: auto-save-60s
19:38:38 Saving config file
19:39:38 saveConfig: auto-save-60s
19:39:38 Saving config file
19:40:38 saveConfig: auto-save-60s
19:40:38 Saving config file
19:41:38 saveConfig: auto-save-60s
19:41:38 Saving config file
19:42:38 saveConfig: auto-save-60s
19:42:38 Saving config file
19:43:38 saveConfig: auto-save-60s
19:43:38 Saving config file
19:44:38 saveConfig: auto-save-60s
19:44:38 Saving config file
19:45:38 saveConfig: auto-save-60s
19:45:38 Saving config file
19:46:38 saveConfig: auto-save-60s
19:46:38 Saving config file
19:47:38 saveConfig: auto-save-60s
19:47:38 Saving config file
19:48:38 saveConfig: auto-save-60s
19:48:38 Saving config file
19:49:38 saveConfig: auto-save-60s
19:49:38 Saving config file
19:50:38 saveConfig: auto-save-60s
19:50:38 Saving config file
19:51:38 saveConfig: auto-save-60s
19:51:38 Saving config file
19:52:38 saveConfig: auto-save-60s
19:52:38 Saving config file
19:53:38 saveConfig: auto-save-60s
19:53:38 Saving config file
19:54:38 saveConfig: auto-save-60s
19:54:38 Saving config file
19:55:38 saveConfig: auto-save-60s
19:55:38 Saving config file
19:56:38 saveConfig: auto-save-60s
19:56:38 Saving config file
19:57:38 saveConfig: auto-save-60s
19:57:38 Saving config file
19:58:38 saveConfig: auto-save-60s
19:58:38 Saving config file
19:59:38 saveConfig: auto-save-60s
19:59:38 Saving config file
20:00:38 saveConfig: auto-save-60s
20:00:38 Saving config file
20:01:38 saveConfig: auto-save-60s
20:01:38 Saving config file
20:02:38 saveConfig: auto-save-60s
20:02:38 Saving config file
20:03:38 saveConfig: auto-save-60s
20:03:38 Saving config file
20:04:38 saveConfig: auto-save-60s
20:04:38 Saving config file
20:05:38 saveConfig: auto-save-60s
20:05:38 Saving config file
20:06:38 saveConfig: auto-save-60s
20:06:38 Saving config file
20:07:38 saveConfig: auto-save-60s
20:07:38 Saving config file
20:08:38 saveConfig: auto-save-60s
20:08:38 Saving config file
20:09:38 saveConfig: auto-save-60s
20:09:38 Saving config file
20:10:38 saveConfig: auto-save-60s
20:10:38 Saving config file
20:11:38 saveConfig: auto-save-60s
20:11:38 Saving config file
20:12:38 saveConfig: auto-save-60s
20:12:38 Saving config file
20:13:38 saveConfig: auto-save-60s
20:13:38 Saving config file
20:14:38 saveConfig: auto-save-60s
20:14:38 Saving config file
20:15:38 saveConfig: auto-save-60s
20:15:38 Saving config file
20:16:38 saveConfig: auto-save-60s
20:16:38 Saving config file
20:17:38 saveConfig: auto-save-60s
20:17:38 Saving config file
20:18:38 saveConfig: auto-save-60s
20:18:38 Saving config file
20:19:38 saveConfig: auto-save-60s
20:19:38 Saving config file
20:20:38 saveConfig: auto-save-60s
20:20:38 Saving config file
20:21:38 saveConfig: auto-save-60s
20:21:38 Saving config file
20:22:38 saveConfig: auto-save-60s
20:22:38 Saving config file
20:23:38 saveConfig: auto-save-60s
20:23:38 Saving config file
20:24:38 saveConfig: auto-save-60s
20:24:38 Saving config file
20:25:38 saveConfig: auto-save-60s
20:25:38 Saving config file
20:26:38 saveConfig: auto-save-60s
20:26:38 Saving config file
20:27:38 saveConfig: auto-save-60s
20:27:38 Saving config file
20:28:38 saveConfig: auto-save-60s
20:28:38 Saving config file
20:29:38 saveConfig: auto-save-60s
20:29:38 Saving config file
20:30:38 saveConfig: auto-save-60s
20:30:38 Saving config file
20:31:38 saveConfig: auto-save-60s
20:31:38 Saving config file
20:32:38 saveConfig: auto-save-60s
20:32:38 Saving config file
20:33:38 saveConfig: auto-save-60s
20:33:38 Saving config file
20:34:38 saveConfig: auto-save-60s
20:34:38 Saving config file
20:35:38 saveConfig: auto-save-60s
20:35:38 Saving config file
20:36:38 saveConfig: auto-save-60s
20:36:38 Saving config file
20:37:38 saveConfig: auto-save-60s
20:37:38 Saving config file
20:38:38 saveConfig: auto-save-60s
20:38:38 Saving config file
20:39:38 saveConfig: auto-save-60s
20:39:38 Saving config file
20:40:38 saveConfig: auto-save-60s
20:40:38 Saving config file
20:41:38 saveConfig: auto-save-60s
20:41:38 Saving config file
20:42:38 saveConfig: auto-save-60s
20:42:38 Saving config file
20:43:38 saveConfig: auto-save-60s
20:43:38 Saving config file
20:44:38 saveConfig: auto-save-60s
20:44:38 Saving config file
20:45:38 saveConfig: auto-save-60s
20:45:38 Saving config file
20:46:38 saveConfig: auto-save-60s
20:46:38 Saving config file
20:47:38 saveConfig: auto-save-60s
20:47:38 Saving config file
20:48:38 saveConfig: auto-save-60s
20:48:38 Saving config file
20:49:38 saveConfig: auto-save-60s
20:49:38 Saving config file
20:50:38 saveConfig: auto-save-60s
20:50:38 Saving config file
20:51:38 saveConfig: auto-save-60s
20:51:38 Saving config file
20:52:38 saveConfig: auto-save-60s
20:52:38 Saving config file
20:53:38 saveConfig: auto-save-60s
20:53:38 Saving config file
20:54:38 saveConfig: auto-save-60s
20:54:38 Saving config file
20:55:38 saveConfig: auto-save-60s
20:55:38 Saving config file
20:56:38 saveConfig: auto-save-60s
20:56:38 Saving config file
20:57:38 saveConfig: auto-save-60s
20:57:38 Saving config file
20:58:38 saveConfig: auto-save-60s
20:58:38 Saving config file
20:59:38 saveConfig: auto-save-60s
20:59:38 Saving config file
21:00:38 saveConfig: auto-save-60s
21:00:38 Saving config file
21:01:38 saveConfig: auto-save-60s
21:01:38 Saving config file
21:02:38 saveConfig: auto-save-60s
21:02:38 Saving config file
21:03:38 saveConfig: auto-save-60s
21:03:38 Saving config file
21:04:38 saveConfig: auto-save-60s
21:04:38 Saving config file
21:05:38 saveConfig: auto-save-60s
21:05:38 Saving config file
21:06:38 saveConfig: auto-save-60s
21:06:38 Saving config file
21:07:38 saveConfig: auto-save-60s
21:07:38 Saving config file
21:08:38 saveConfig: auto-save-60s
21:08:38 Saving config file
21:09:38 saveConfig: auto-save-60s
21:09:38 Saving config file
21:10:38 saveConfig: auto-save-60s
21:10:38 Saving config file
21:11:38 saveConfig: auto-save-60s
21:11:38 Saving config file
21:12:38 saveConfig: auto-save-60s
21:12:38 Saving config file
21:13:38 saveConfig: auto-save-60s
21:13:38 Saving config file
21:14:38 saveConfig: auto-save-60s
21:14:38 Saving config file
21:15:38 saveConfig: auto-save-60s
21:15:38 Saving config file
21:16:38 saveConfig: auto-save-60s
21:16:38 Saving config file
21:17:38 saveConfig: auto-save-60s
21:17:38 Saving config file
21:18:38 saveConfig: auto-save-60s
21:18:38 Saving config file
21:19:38 saveConfig: auto-save-60s
21:19:38 Saving config file
21:20:38 saveConfig: auto-save-60s
21:20:38 Saving config file
21:21:38 saveConfig: auto-save-60s
21:21:38 Saving config file
21:22:38 saveConfig: auto-save-60s
21:22:38 Saving config file
21:23:38 saveConfig: auto-save-60s
21:23:38 Saving config file
21:24:38 saveConfig: auto-save-60s
21:24:38 Saving config file
21:25:38 saveConfig: auto-save-60s
21:25:38 Saving config file
21:26:38 saveConfig: auto-save-60s
21:26:38 Saving config file
21:27:38 saveConfig: auto-save-60s
21:27:38 Saving config file
21:28:38 saveConfig: auto-save-60s
21:28:38 Saving config file
21:29:38 saveConfig: auto-save-60s
21:29:38 Saving config file
21:30:38 saveConfig: auto-save-60s
21:30:38 Saving config file
21:31:38 saveConfig: auto-save-60s
21:31:38 Saving config file
21:32:38 saveConfig: auto-save-60s
21:32:38 Saving config file
21:33:38 saveConfig: auto-save-60s
21:33:38 Saving config file
21:34:38 saveConfig: auto-save-60s
21:34:38 Saving config file
21:35:38 saveConfig: auto-save-60s
21:35:38 Saving config file
21:36:38 saveConfig: auto-save-60s
21:36:38 Saving config file
21:37:38 saveConfig: auto-save-60s
21:37:38 Saving config file
21:38:38 saveConfig: auto-save-60s
21:38:38 Saving config file
21:39:38 saveConfig: auto-save-60s
21:39:38 Saving config file
21:40:38 saveConfig: auto-save-60s
21:40:38 Saving config file
21:41:38 saveConfig: auto-save-60s
21:41:38 Saving config file
21:42:38 saveConfig: auto-save-60s
21:42:38 Saving config file
21:43:38 saveConfig: auto-save-60s
21:43:38 Saving config file
21:44:38 saveConfig: auto-save-60s
21:44:38 Saving config file
21:45:38 saveConfig: auto-save-60s
21:45:38 Saving config file
21:46:38 saveConfig: auto-save-60s
21:46:38 Saving config file
21:47:38 saveConfig: auto-save-60s
21:47:38 Saving config file
21:48:38 saveConfig: auto-save-60s
21:48:38 Saving config file
21:49:38 saveConfig: auto-save-60s
21:49:38 Saving config file
21:50:38 saveConfig: auto-save-60s
21:50:38 Saving config file
21:51:38 saveConfig: auto-save-60s
21:51:38 Saving config file
21:52:38 saveConfig: auto-save-60s
21:52:38 Saving config file
21:53:38 saveConfig: auto-save-60s
21:53:38 Saving config file
21:54:38 saveConfig: auto-save-60s
21:54:38 Saving config file
21:55:38 saveConfig: auto-save-60s
21:55:38 Saving config file
21:56:38 saveConfig: auto-save-60s
21:56:38 Saving config file
21:57:38 saveConfig: auto-save-60s
21:57:38 Saving config file
21:58:38 saveConfig: auto-save-60s
21:58:38 Saving config file
21:59:38 saveConfig: auto-save-60s
21:59:38 Saving config file
22:00:38 saveConfig: auto-save-60s
22:00:38 Saving config file
22:01:38 saveConfig: auto-save-60s
22:01:38 Saving config file
22:02:38 saveConfig: auto-save-60s
22:02:38 Saving config file
22:03:38 saveConfig: auto-save-60s
22:03:38 Saving config file
22:04:38 saveConfig: auto-save-60s
22:04:38 Saving config file
22:05:38 saveConfig: auto-save-60s
22:05:38 Saving config file
22:06:38 saveConfig: auto-save-60s
22:06:38 Saving config file
22:07:38 saveConfig: auto-save-60s
22:07:38 Saving config file
22:08:38 saveConfig: auto-save-60s
22:08:38 Saving config file
22:09:38 saveConfig: auto-save-60s
22:09:38 Saving config file
22:10:38 saveConfig: auto-save-60s
22:10:38 Saving config file
22:11:38 saveConfig: auto-save-60s
22:11:38 Saving config file
22:12:38 saveConfig: auto-save-60s
22:12:38 Saving config file
22:13:38 saveConfig: auto-save-60s
22:13:38 Saving config file
22:14:38 saveConfig: auto-save-60s
22:14:38 Saving config file
22:15:38 saveConfig: auto-save-60s
22:15:38 Saving config file
22:16:38 saveConfig: auto-save-60s
22:16:38 Saving config file
22:17:38 saveConfig: auto-save-60s
22:17:38 Saving config file
22:18:38 saveConfig: auto-save-60s
22:18:38 Saving config file
22:19:38 saveConfig: auto-save-60s
22:19:38 Saving config file
22:20:38 saveConfig: auto-save-60s
22:20:38 Saving config file
22:20:51 saveConfig: saving-data
22:20:51 Saving sacks file
22:21:38 saveConfig: auto-save-60s
22:21:38 Saving config file
22:22:38 saveConfig: auto-save-60s
22:22:38 Saving config file
22:23:38 saveConfig: auto-save-60s
22:23:38 Saving config file
22:24:38 saveConfig: auto-save-60s
22:24:38 Saving config file
22:25:38 saveConfig: auto-save-60s
22:25:38 Saving config file
22:26:38 saveConfig: auto-save-60s
22:26:38 Saving config file
22:27:38 saveConfig: auto-save-60s
22:27:38 Saving config file
22:28:38 saveConfig: auto-save-60s
22:28:38 Saving config file
22:29:38 saveConfig: auto-save-60s
22:29:38 Saving config file
22:30:38 saveConfig: auto-save-60s
22:30:38 Saving config file
22:31:38 saveConfig: auto-save-60s
22:31:38 Saving config file
22:32:38 saveConfig: auto-save-60s
22:32:38 Saving config file
22:33:38 saveConfig: auto-save-60s
22:33:38 Saving config file
22:34:38 saveConfig: auto-save-60s
22:34:38 Saving config file
22:35:38 saveConfig: auto-save-60s
22:35:38 Saving config file
22:36:38 saveConfig: auto-save-60s
22:36:38 Saving config file
22:37:38 saveConfig: auto-save-60s
22:37:38 Saving config file
22:38:38 saveConfig: auto-save-60s
22:38:38 Saving config file
22:39:38 saveConfig: auto-save-60s
22:39:38 Saving config file
22:40:38 saveConfig: auto-save-60s
22:40:38 Saving config file
22:41:38 saveConfig: auto-save-60s
22:41:38 Saving config file
22:42:38 saveConfig: auto-save-60s
22:42:38 Saving config file
22:43:38 saveConfig: auto-save-60s
22:43:38 Saving config file
22:44:38 saveConfig: auto-save-60s
22:44:38 Saving config file
22:45:38 saveConfig: auto-save-60s
22:45:38 Saving config file
22:46:38 saveConfig: auto-save-60s
22:46:38 Saving config file
22:47:38 saveConfig: auto-save-60s
22:47:38 Saving config file
22:48:38 saveConfig: auto-save-60s
22:48:38 Saving config file
22:49:38 saveConfig: auto-save-60s
22:49:38 Saving config file
22:50:38 saveConfig: auto-save-60s
22:50:38 Saving config file
22:51:38 saveConfig: auto-save-60s
22:51:38 Saving config file
22:52:38 saveConfig: auto-save-60s
22:52:38 Saving config file
22:52:43 saveConfig: saving-data
22:52:43 Saving sacks file
22:52:51 saveConfig: saving-data
22:52:51 Saving sacks file
22:53:19 saveConfig: saving-data
22:53:19 Saving sacks file
22:53:33 saveConfig: saving-data
22:53:33 Saving sacks file
22:53:38 saveConfig: auto-save-60s
22:53:38 Saving config file
22:54:38 saveConfig: auto-save-60s
22:54:38 Saving config file
22:55:38 saveConfig: auto-save-60s
22:55:38 Saving config file
22:56:38 saveConfig: auto-save-60s
22:56:38 Saving config file
22:57:38 saveConfig: auto-save-60s
22:57:38 Saving config file
22:58:38 saveConfig: auto-save-60s
22:58:38 Saving config file
22:59:38 saveConfig: auto-save-60s
22:59:38 Saving config file
23:00:38 saveConfig: auto-save-60s
23:00:38 Saving config file
23:01:38 saveConfig: auto-save-60s
23:01:38 Saving config file
23:02:38 saveConfig: auto-save-60s
23:02:38 Saving config file
23:03:38 saveConfig: auto-save-60s
23:03:38 Saving config file
23:04:38 saveConfig: auto-save-60s
23:04:38 Saving config file
23:05:38 saveConfig: auto-save-60s
23:05:38 Saving config file
23:06:38 saveConfig: auto-save-60s
23:06:38 Saving config file
23:07:38 saveConfig: auto-save-60s
23:07:38 Saving config file
23:08:38 saveConfig: auto-save-60s
23:08:38 Saving config file
23:09:38 saveConfig: auto-save-60s
23:09:38 Saving config file
23:10:38 saveConfig: auto-save-60s
23:10:38 Saving config file
23:11:38 saveConfig: auto-save-60s
23:11:38 Saving config file
23:12:38 saveConfig: auto-save-60s
23:12:38 Saving config file
23:13:38 saveConfig: auto-save-60s
23:13:38 Saving config file
23:14:38 saveConfig: auto-save-60s
23:14:38 Saving config file
23:15:38 saveConfig: auto-save-60s
23:15:38 Saving config file
23:16:38 saveConfig: auto-save-60s
23:16:38 Saving config file
23:17:38 saveConfig: auto-save-60s
23:17:38 Saving config file
23:18:38 saveConfig: auto-save-60s
23:18:38 Saving config file
23:19:38 saveConfig: auto-save-60s
23:19:38 Saving config file
23:20:38 saveConfig: auto-save-60s
23:20:38 Saving config file
23:21:38 saveConfig: auto-save-60s
23:21:38 Saving config file
23:22:38 saveConfig: auto-save-60s
23:22:38 Saving config file
23:23:38 saveConfig: auto-save-60s
23:23:38 Saving config file
23:24:38 saveConfig: auto-save-60s
23:24:38 Saving config file
23:25:38 saveConfig: auto-save-60s
23:25:38 Saving config file
23:26:38 saveConfig: auto-save-60s
23:26:38 Saving config file
23:27:38 saveConfig: auto-save-60s
23:27:38 Saving config file
23:28:38 saveConfig: auto-save-60s
23:28:38 Saving config file
23:29:38 saveConfig: auto-save-60s
23:29:38 Saving config file
23:29:42 saveConfig: saving-data
23:29:42 Saving sacks file
23:30:38 saveConfig: auto-save-60s
23:30:38 Saving config file
23:31:38 saveConfig: auto-save-60s
23:31:38 Saving config file
23:32:38 saveConfig: auto-save-60s
23:32:38 Saving config file
23:33:38 saveConfig: auto-save-60s
23:33:38 Saving config file
23:34:38 saveConfig: auto-save-60s
23:34:38 Saving config file
23:35:38 saveConfig: auto-save-60s
23:35:38 Saving config file
23:36:38 saveConfig: auto-save-60s
23:36:38 Saving config file
23:37:38 saveConfig: auto-save-60s
23:37:38 Saving config file
23:38:38 saveConfig: auto-save-60s
23:38:38 Saving config file
23:39:38 saveConfig: auto-save-60s
23:39:38 Saving config file
23:40:38 saveConfig: auto-save-60s
23:40:38 Saving config file
23:41:38 saveConfig: auto-save-60s
23:41:38 Saving config file
23:42:38 saveConfig: auto-save-60s
23:42:38 Saving config file
23:43:38 saveConfig: auto-save-60s
23:43:38 Saving config file
23:44:38 saveConfig: auto-save-60s
23:44:38 Saving config file
23:45:38 saveConfig: auto-save-60s
23:45:38 Saving config file
23:46:38 saveConfig: auto-save-60s
23:46:38 Saving config file
23:47:38 saveConfig: auto-save-60s
23:47:38 Saving config file
23:48:38 saveConfig: auto-save-60s
23:48:38 Saving config file
23:49:38 saveConfig: auto-save-60s
23:49:38 Saving config file
23:50:38 saveConfig: auto-save-60s
23:50:38 Saving config file
23:51:38 saveConfig: auto-save-60s
23:51:38 Saving config file
23:52:38 saveConfig: auto-save-60s
23:52:38 Saving config file
23:53:38 saveConfig: auto-save-60s
23:53:38 Saving config file
23:54:38 saveConfig: auto-save-60s
23:54:38 Saving config file
23:55:38 saveConfig: auto-save-60s
23:55:38 Saving config file
23:56:38 saveConfig: auto-save-60s
23:56:38 Saving config file
23:57:38 saveConfig: auto-save-60s
23:57:38 Saving config file
23:58:38 saveConfig: auto-save-60s
23:58:38 Saving config file
23:59:38 saveConfig: auto-save-60s
23:59:38 Saving config file
00:00:38 saveConfig: auto-save-60s
00:00:38 Saving config file
00:01:38 saveConfig: auto-save-60s
00:01:38 Saving config file
00:02:38 saveConfig: auto-save-60s
00:02:38 Saving config file
00:03:38 saveConfig: auto-save-60s
00:03:38 Saving config file
00:04:38 saveConfig: auto-save-60s
00:04:38 Saving config file
00:05:38 saveConfig: auto-save-60s
00:05:38 Saving config file
00:06:38 saveConfig: auto-save-60s
00:06:38 Saving config file
00:07:38 saveConfig: auto-save-60s
00:07:38 Saving config file
00:08:38 saveConfig: auto-save-60s
00:08:38 Saving config file
00:08:48 saveConfig: saving-data
00:08:48 Saving sacks file
00:09:38 saveConfig: auto-save-60s
00:09:38 Saving config file
00:10:38 saveConfig: auto-save-60s
00:10:38 Saving config file
00:11:38 saveConfig: auto-save-60s
00:11:38 Saving config file
00:12:38 saveConfig: auto-save-60s
00:12:38 Saving config file
00:13:38 saveConfig: auto-save-60s
00:13:38 Saving config file
00:14:38 saveConfig: auto-save-60s
00:14:38 Saving config file
00:15:38 saveConfig: auto-save-60s
00:15:38 Saving config file
00:16:38 saveConfig: auto-save-60s
00:16:38 Saving config file
00:17:38 saveConfig: auto-save-60s
00:17:38 Saving config file
00:18:38 saveConfig: auto-save-60s
00:18:38 Saving config file
00:19:38 saveConfig: auto-save-60s
00:19:38 Saving config file
00:20:38 saveConfig: auto-save-60s
00:20:38 Saving config file
00:21:38 saveConfig: auto-save-60s
00:21:38 Saving config file
00:22:38 saveConfig: auto-save-60s
00:22:38 Saving config file
00:23:38 saveConfig: auto-save-60s
00:23:38 Saving config file
00:24:38 saveConfig: auto-save-60s
00:24:38 Saving config file
00:25:38 saveConfig: auto-save-60s
00:25:38 Saving config file
00:26:38 saveConfig: auto-save-60s
00:26:38 Saving config file
00:27:38 saveConfig: auto-save-60s
00:27:38 Saving config file
00:28:38 saveConfig: auto-save-60s
00:28:38 Saving config file
00:29:38 saveConfig: auto-save-60s
00:29:38 Saving config file
00:30:38 saveConfig: auto-save-60s
00:30:38 Saving config file
00:31:38 saveConfig: auto-save-60s
00:31:38 Saving config file
00:32:38 saveConfig: auto-save-60s
00:32:38 Saving config file
00:33:38 saveConfig: auto-save-60s
00:33:38 Saving config file
00:34:38 saveConfig: auto-save-60s
00:34:38 Saving config file
00:35:38 saveConfig: auto-save-60s
00:35:38 Saving config file
00:36:38 saveConfig: auto-save-60s
00:36:38 Saving config file
00:37:38 saveConfig: auto-save-60s
00:37:38 Saving config file
00:38:38 saveConfig: auto-save-60s
00:38:38 Saving config file
00:39:38 saveConfig: auto-save-60s
00:39:38 Saving config file
00:40:38 saveConfig: auto-save-60s
00:40:38 Saving config file
00:41:38 saveConfig: auto-save-60s
00:41:38 Saving config file
00:42:38 saveConfig: auto-save-60s
00:42:38 Saving config file
00:43:38 saveConfig: auto-save-60s
00:43:38 Saving config file
00:44:38 saveConfig: auto-save-60s
00:44:38 Saving config file
00:45:38 saveConfig: auto-save-60s
00:45:38 Saving config file
00:46:38 saveConfig: auto-save-60s
00:46:38 Saving config file
00:47:38 saveConfig: auto-save-60s
00:47:38 Saving config file
00:48:38 saveConfig: auto-save-60s
00:48:38 Saving config file
00:49:38 saveConfig: auto-save-60s
00:49:38 Saving config file
00:50:38 saveConfig: auto-save-60s
00:50:38 Saving config file
00:51:38 saveConfig: auto-save-60s
00:51:38 Saving config file
00:52:38 saveConfig: auto-save-60s
00:52:38 Saving config file
00:53:38 saveConfig: auto-save-60s
00:53:38 Saving config file
00:54:38 saveConfig: auto-save-60s
00:54:38 Saving config file
00:55:38 saveConfig: auto-save-60s
00:55:38 Saving config file
00:56:38 saveConfig: auto-save-60s
00:56:38 Saving config file
00:57:38 saveConfig: auto-save-60s
00:57:38 Saving config file
00:58:38 saveConfig: auto-save-60s
00:58:38 Saving config file
00:59:38 saveConfig: auto-save-60s
00:59:38 Saving config file
01:00:38 saveConfig: auto-save-60s
01:00:38 Saving config file
01:01:38 saveConfig: auto-save-60s
01:01:38 Saving config file
01:02:38 saveConfig: auto-save-60s
01:02:38 Saving config file
01:03:38 saveConfig: auto-save-60s
01:03:38 Saving config file
01:04:38 saveConfig: auto-save-60s
01:04:38 Saving config file
01:05:38 saveConfig: auto-save-60s
01:05:38 Saving config file
01:06:38 saveConfig: auto-save-60s
01:06:38 Saving config file
01:07:38 saveConfig: auto-save-60s
01:07:38 Saving config file
01:08:38 saveConfig: auto-save-60s
01:08:38 Saving config file
01:09:38 saveConfig: auto-save-60s
01:09:38 Saving config file
01:10:38 saveConfig: auto-save-60s
01:10:38 Saving config file
01:11:17 saveConfig: saving-data
01:11:17 Saving sacks file
01:11:38 saveConfig: auto-save-60s
01:11:38 Saving config file
01:12:38 saveConfig: auto-save-60s
01:12:38 Saving config file
01:13:38 saveConfig: auto-save-60s
01:13:38 Saving config file
01:14:38 saveConfig: auto-save-60s
01:14:38 Saving config file
01:15:38 saveConfig: auto-save-60s
01:15:38 Saving config file
01:16:38 saveConfig: auto-save-60s
01:16:38 Saving config file
01:17:38 saveConfig: auto-save-60s
01:17:38 Saving config file
01:18:38 saveConfig: auto-save-60s
01:18:38 Saving config file
01:19:38 saveConfig: auto-save-60s
01:19:38 Saving config file
01:20:38 saveConfig: auto-save-60s
01:20:38 Saving config file
01:21:38 saveConfig: auto-save-60s
01:21:38 Saving config file
01:22:38 saveConfig: auto-save-60s
01:22:38 Saving config file
01:23:38 saveConfig: auto-save-60s
01:23:38 Saving config file
01:24:38 saveConfig: auto-save-60s
01:24:38 Saving config file
01:25:38 saveConfig: auto-save-60s
01:25:38 Saving config file
01:26:38 saveConfig: auto-save-60s
01:26:38 Saving config file
01:27:38 saveConfig: auto-save-60s
01:27:38 Saving config file
01:28:38 saveConfig: auto-save-60s
01:28:38 Saving config file
01:29:38 saveConfig: auto-save-60s
01:29:38 Saving config file
01:30:38 saveConfig: auto-save-60s
01:30:38 Saving config file
01:31:38 saveConfig: auto-save-60s
01:31:38 Saving config file
01:32:38 saveConfig: auto-save-60s
01:32:38 Saving config file
01:33:38 saveConfig: auto-save-60s
01:33:38 Saving config file
01:34:38 saveConfig: auto-save-60s
01:34:38 Saving config file
01:35:38 saveConfig: auto-save-60s
01:35:38 Saving config file
01:36:38 saveConfig: auto-save-60s
01:36:38 Saving config file
01:37:38 saveConfig: auto-save-60s
01:37:38 Saving config file
01:38:38 saveConfig: auto-save-60s
01:38:38 Saving config file
01:39:38 saveConfig: auto-save-60s
01:39:38 Saving config file
01:40:38 saveConfig: auto-save-60s
01:40:38 Saving config file
01:41:38 saveConfig: auto-save-60s
01:41:38 Saving config file
01:42:38 saveConfig: auto-save-60s
01:42:38 Saving config file
01:43:38 saveConfig: auto-save-60s
01:43:38 Saving config file
01:44:38 saveConfig: auto-save-60s
01:44:38 Saving config file
01:45:38 saveConfig: auto-save-60s
01:45:38 Saving config file
01:46:38 saveConfig: auto-save-60s
01:46:38 Saving config file
01:47:38 saveConfig: auto-save-60s
01:47:38 Saving config file
01:48:38 saveConfig: auto-save-60s
01:48:38 Saving config file
01:49:38 saveConfig: auto-save-60s
01:49:38 Saving config file
01:50:38 saveConfig: auto-save-60s
01:50:38 Saving config file
01:51:38 saveConfig: auto-save-60s
01:51:38 Saving config file
01:52:38 saveConfig: auto-save-60s
01:52:38 Saving config file
01:53:38 saveConfig: auto-save-60s
01:53:38 Saving config file
01:54:38 saveConfig: auto-save-60s
01:54:38 Saving config file
01:55:20 saveConfig: saving-data
01:55:20 Saving sacks file
01:55:38 saveConfig: auto-save-60s
01:55:38 Saving config file
01:56:38 saveConfig: auto-save-60s
01:56:38 Saving config file
01:57:38 saveConfig: auto-save-60s
01:57:38 Saving config file
01:58:38 saveConfig: auto-save-60s
01:58:38 Saving config file
01:59:24 saveConfig: shutdown-hook
01:59:24 Saving config file
