20:33:38 PRIVATE_ISLAND
20:57:05 NONE
20:57:06 CRYSTAL_HOLLOWS
22:30:35 NONE
22:30:36 PRIVATE_ISLAND
23:07:30 NONE
23:07:31 PRIVATE_ISLAND_GUEST
23:07:42 NONE
23:07:43 HUB
23:09:43 NONE
23:09:44 CRYSTAL_HOLLOWS
23:10:28 NONE
23:10:28 PRIVATE_ISLAND
23:12:10 NONE
23:12:10 CRYSTAL_HOLLOWS
23:53:44 NONE
00:04:33 DWARVEN_MINES
00:06:54 NONE
00:06:55 HUB
00:26:50 NONE
00:34:26 HUB
00:46:04 NONE
00:46:05 CRYSTAL_HOLLOWS
01:42:35 NONE
01:43:40 DWARVEN_MINES
02:16:58 NONE
02:16:58 CRYSTAL_HOLLOWS
02:23:08 NONE
02:23:10 PRIVATE_ISLAND
02:23:35 NONE
02:23:35 CRYSTAL_HOLLOWS
02:24:12 NONE
02:24:13 HUB
02:41:36 NONE
03:03:21 HUB
