18:08:50 §f §r§r§r§f §r§r§r§1 §r§r§r§0 §r§r§r§2 §r§r§r§f §r§r§r§f §r§r§r§2 §r§r§r§0 §r§r§r§4 §r§r§r§3 §r§r§r§9 §r§r§r§2 §r§r§r§0 §r§r§r§0 §r§r§r§3 §r§r§r§9 §r§r§r§2 §r§r§r§0 §r§r§r§0 §r§r§r§3 §r§r§r§9 §r§r§r§2 §r§r§r§0 §r§r§r§0 
18:08:51 
18:08:54 §8 §r§8 §r§1 §r§3 §r§3 §r§7 §r§8 
18:08:56 
18:08:56 
18:08:57 §8 §r§8 §r§1 §r§3 §r§3 §r§7 §r§8 
18:11:36  
18:11:36   
18:12:29 
18:12:37  
18:12:37   
18:13:38  
18:13:38   
18:14:06 §f                                        
18:14:39  
18:14:39   
18:15:40  
18:15:40   
18:16:42  
18:16:42   
18:17:43  
18:17:43   
18:18:44  
18:18:44   
18:19:45  
18:19:45   
18:20:46  
18:20:46   
18:21:47  
18:21:47   
18:22:49  
18:22:49   
18:23:50  
18:23:50   
18:24:51  
18:24:51   
18:25:53  
18:25:53   
18:26:54  
18:26:54   
18:27:56  
18:27:56   
18:28:58  
18:28:58   
18:29:26 
18:29:59  
18:29:59   
18:30:59  
18:30:59   
18:32:00  
18:32:00   
18:33:00  
18:33:00   
18:34:01  
18:34:01   
18:34:05 §f                                        
18:35:01  
18:35:01   
18:36:02  
18:36:02   
18:37:02  
18:37:02   
18:38:03  
18:38:04   
18:39:05  
18:39:05   
18:40:06  
18:40:06   
18:41:07  
18:41:07   
18:42:09  
18:42:09   
18:43:11  
18:43:11   
18:44:12  
18:44:12   
18:45:13  
18:45:13   
18:46:15  
18:46:15   
18:47:16  
18:47:16   
18:48:18  
18:48:18   
18:49:19  
18:49:19   
18:50:20  
18:50:20   
18:51:21  
18:51:21   
18:52:23  
18:52:23   
18:52:26 
18:53:24  
18:53:24   
18:54:25  
18:54:25   
18:55:26  
18:55:26   
18:56:27  
18:56:27   
18:57:28  
18:57:28   
18:58:29  
18:58:29   
18:59:30  
18:59:30   
19:00:13 §f
19:00:13 §c
19:00:31  
19:00:31   
19:01:32  
19:01:32   
19:02:33  
19:02:33   
19:03:34  
19:03:34   
19:04:35  
19:04:35   
19:05:36  
19:05:36   
19:06:37  
19:06:37   
19:07:38  
19:07:38   
19:08:39  
19:08:39   
19:09:41  
19:09:41   
19:10:42  
19:10:42   
19:11:43  
19:11:43   
19:12:44  
19:12:44   
19:13:45  
19:13:45   
19:14:01 §f                                        
19:14:46  
19:14:46   
19:15:47  
19:15:47   
19:16:49  
19:16:49   
19:17:50  
19:17:50   
19:18:51  
19:18:51   
19:19:52  
19:19:52   
19:20:54  
19:20:54   
19:21:55  
19:21:55   
19:22:56  
19:22:56   
19:23:57  
19:23:57   
19:24:58  
19:24:58   
19:25:59  
19:25:59   
19:27:00  
19:27:00   
19:28:01  
19:28:01   
19:29:02  
19:29:02   
19:30:03  
19:30:03   
19:31:04  
19:31:04   
19:32:05  
19:32:05   
19:32:21 
19:33:06  
19:33:06   
19:34:07  
19:34:07   
19:34:11 §f                                        
19:35:08  
19:35:08   
19:36:10  
19:36:10   
19:37:11  
19:37:11   
19:38:12  
19:38:12   
19:39:12  
19:39:12   
19:40:13  
19:40:13   
19:41:14  
19:41:14   
19:42:15  
19:42:15   
19:43:15  
19:43:15   
19:44:16  
19:44:16   
19:45:17  
19:45:17   
19:46:17  
19:46:17   
19:47:18  
19:47:18   
19:48:19  
19:48:19   
19:49:05 §f
19:49:20  
19:49:20   
19:50:17 §8 §r§8 §r§1 §r§3 §r§3 §r§7 §r§8 
19:50:20  
19:50:20   
19:50:22  
19:50:22   
19:51:23  
19:51:23   
19:52:24  
19:52:24   
19:53:20 
19:53:20 
19:53:24  
19:53:24   
19:54:25  
19:54:25   
19:55:26  
19:55:26   
19:56:26  
19:56:26   
19:57:27  
19:57:27   
19:58:27  
19:58:27   
19:59:28  
19:59:28   
20:00:29  
20:00:29   
20:01:29  
20:01:29   
20:02:30  
20:02:30   
20:03:30  
20:03:30   
20:04:31  
20:04:31   
