09:55:20 [EMPTY] §f §r§r§r§f §r§r§r§1 §r§r§r§0 §r§r§r§2 §r§r§r§f §r§r§r§f §r§r§r§2 §r§r§r§0 §r§r§r§4 §r§r§r§3 §r§r§r§9 §r§r§r§2 §r§r§r§0 §r§r§r§0 §r§r§r§3 §r§r§r§9 §r§r§r§2 §r§r§r§0 §r§r§r§0 §r§r§r§3 §r§r§r§9 §r§r§r§2 §r§r§r§0 §r§r§r§0 
09:55:20 [allowed] §b[MVP§3+§b] Euphaa§f §6slid into the lobby!
09:55:20 [EMPTY] 
09:55:20 [allowed] §f§lHAPPY HOLIDAYS §e§lFROM HYPIXEL§r
§r§aYou may claim today's §bAdvent Calendar §areward!
§eClick here to claim!§r

09:55:25 [allowed] §a[VIP§6+§a] Pangrrr§f§r§f: anyone gift me mvp+ its my bday very soon!
09:55:25 [allowed] §2Guild > §b[MVP§4+§b] TheWeirdestFrog§f: §r( ﾟ◡ﾟ)/
09:55:26 [allowed] §7Sending to server mini91DR...
09:55:26 [EMPTY] §8 §r§8 §r§1 §r§3 §r§3 §r§7 §r§8 
09:55:26 [allowed] §eYou haven't claimed your §r§6Holidays Rewards §r§eyet!
09:55:26 [allowed] §eTalk to the §r§cGingerbread §r§fMan §r§ein the §r§aHub§r§e!
09:55:29 [EMPTY] 
09:55:29 [allowed] §eWelcome to §r§aHypixel SkyBlock§r§e!
09:55:29 [allowed] §6§lBONUS! §r§bTemporarily earn §r§a5% §r§bmore skill experience!
09:55:29 [EMPTY] 
09:55:29 [allowed] §eLatest update: §bSkyBlock v0.20.9 §e§lCLICK
09:55:30 [allowed] §aYou are playing on profile: §eBanana§b (Co-op)
09:55:30 [allowed] §8Profile ID: 56e969f8-003b-4df1-bbed-3112b2f3dc94
09:55:30 [EMPTY]  
09:55:30 [STASH_COMPACT] §f                     §7You have §a6 §7items stashed away!
09:55:30 [STASH_COMPACT] §f                §6§l>>> §6§lCLICK HERE§e to pick them up! §6§l<<<
09:55:30 [EMPTY]   
09:55:30 [EMPTY]  
09:55:30 [STASH_COMPACT] §f               §7You have §395,820 §7materials stashed away!
09:55:30 [STASH_COMPACT] §f             §8(This totals 19 types of materials stashed!)
09:55:30 [STASH_COMPACT] §f                §3§l>>> §3§lCLICK HERE§b to pick them up! §3§l<<<
09:55:30 [EMPTY]   
09:55:31 [allowed] §6§lALLOWANCE! §r§eYou earned §r§650,000 coins§r§e!
09:55:31 [allowed] §2Guild > §b[MVP§3+§b] Euphaa §7♲§f: §ro/
09:55:31 [allowed] §bNew day! §r§eYour §r§2Sky Mall §r§ebuff changed!
09:55:31 [allowed] §eNew buff§r§r§r: §r§f§r§a-20%§r§f Pickaxe Ability cooldowns.
09:55:59 [EMPTY]  
09:55:59 [STASH_COMPACT] §f                     §7You have §a6 §7items stashed away!
09:55:59 [STASH_COMPACT] §f                §6§l>>> §6§lCLICK HERE§e to pick them up! §6§l<<<
09:55:59 [EMPTY]   
09:55:59 [EMPTY]  
09:55:59 [STASH_COMPACT] §f               §7You have §395,820 §7materials stashed away!
09:55:59 [STASH_COMPACT] §f             §8(This totals 19 types of materials stashed!)
09:55:59 [STASH_COMPACT] §f                §3§l>>> §3§lCLICK HERE§b to pick them up! §3§l<<<
09:55:59 [EMPTY]   
09:56:34 [allowed] §7Warping you to your SkyBlock island...
09:56:34 [allowed] §7Sending to server mini97AU...
09:56:35 [EMPTY] §8 §r§8 §r§1 §r§3 §r§3 §r§7 §r§8 
09:56:35 [allowed] §eYou haven't claimed your §r§6Holidays Rewards §r§eyet!
09:56:35 [allowed] §eTalk to the §r§cGingerbread §r§fMan §r§ein the §r§aHub§r§e!
09:56:35 [allowed] §eAdvent task complete!§r§7 You earned 20k daily Skill Exp!
09:56:35 [allowed] §eAdvent task complete!§r§7 You earned 50k daily Skill Exp!
09:56:35 [allowed] §3§l▬▬▬▬▬▬▬▬▬▬▬▬▬▬▬▬▬▬▬▬▬▬▬▬▬▬▬▬▬▬▬▬▬▬▬▬▬▬▬▬▬▬▬▬▬▬▬▬▬▬▬▬▬▬▬▬▬▬▬▬▬▬▬▬
09:56:35 [allowed]   §r§b§lSKILL LEVEL UP §3Fishing §8XLI➜§3XLII
09:56:35 [EMPTY] 
09:56:35 [allowed]   §r§a§lREWARDS
09:56:35 [allowed]    §r§eTreasure Hunter XLII
09:56:35 [allowed]    §r  §7§fIncreases the chance to find treasure when fishing by
09:56:35 [allowed]    §r  §f§88.2➜§a8.4%§f.
09:56:35 [allowed]    §r§7§8+§a5 §c❤ Health
09:56:35 [allowed]    §r§7§8+§6800,000 §7Coins
09:56:35 [allowed]    §r§7§8+§b20 SkyBlock XP
09:56:35 [allowed] §3§l▬▬▬▬▬▬▬▬▬▬▬▬▬▬▬▬▬▬▬▬▬▬▬▬▬▬▬▬▬▬▬▬▬▬▬▬▬▬▬▬▬▬▬▬▬▬▬▬▬▬▬▬▬▬▬▬▬▬▬▬▬▬▬▬
09:56:35 [allowed] §aYou gained §r§b105,582.2 Fishing §r§aexperience from minions!
09:56:38 [allowed] §aYou are playing on profile: §eBanana§b (Co-op)
09:56:38 [allowed] §8Profile ID: 56e969f8-003b-4df1-bbed-3112b2f3dc94
09:56:38 [EMPTY]  
09:56:38 [STASH_COMPACT] §f                     §7You have §a6 §7items stashed away!
09:56:38 [STASH_COMPACT] §f                §6§l>>> §6§lCLICK HERE§e to pick them up! §6§l<<<
09:56:38 [EMPTY]   
09:56:38 [EMPTY]  
09:56:38 [STASH_COMPACT] §f               §7You have §395,820 §7materials stashed away!
09:56:38 [STASH_COMPACT] §f             §8(This totals 19 types of materials stashed!)
09:56:38 [STASH_COMPACT] §f                §3§l>>> §3§lCLICK HERE§b to pick them up! §3§l<<<
09:56:38 [EMPTY]   
09:56:39 [EMPTY]  
09:56:39 [STASH_COMPACT] §f                     §7You have §a6 §7items stashed away!
09:56:39 [STASH_COMPACT] §f                §6§l>>> §6§lCLICK HERE§e to pick them up! §6§l<<<
09:56:39 [EMPTY]   
09:56:39 [EMPTY]  
09:56:39 [STASH_COMPACT] §f               §7You have §395,820 §7materials stashed away!
09:56:39 [STASH_COMPACT] §f             §8(This totals 19 types of materials stashed!)
09:56:39 [STASH_COMPACT] §f                §3§l>>> §3§lCLICK HERE§b to pick them up! §3§l<<<
09:56:39 [EMPTY]   
09:57:39 [EMPTY]  
09:57:39 [STASH_COMPACT] §f                     §7You have §a6 §7items stashed away!
09:57:39 [STASH_COMPACT] §f                §6§l>>> §6§lCLICK HERE§e to pick them up! §6§l<<<
09:57:39 [EMPTY]   
09:57:39 [EMPTY]  
09:57:39 [STASH_COMPACT] §f               §7You have §395,820 §7materials stashed away!
09:57:39 [STASH_COMPACT] §f             §8(This totals 19 types of materials stashed!)
09:57:39 [STASH_COMPACT] §f                §3§l>>> §3§lCLICK HERE§b to pick them up! §3§l<<<
09:57:39 [EMPTY]   
09:57:46 [allowed] §cThere are blocks in the way!
09:57:50 [allowed] §cThere are blocks in the way!
09:58:40 [EMPTY]  
09:58:40 [STASH_COMPACT] §f                     §7You have §a6 §7items stashed away!
09:58:40 [STASH_COMPACT] §f                §6§l>>> §6§lCLICK HERE§e to pick them up! §6§l<<<
09:58:40 [EMPTY]   
09:58:40 [EMPTY]  
09:58:40 [STASH_COMPACT] §f               §7You have §395,820 §7materials stashed away!
09:58:40 [STASH_COMPACT] §f             §8(This totals 19 types of materials stashed!)
09:58:40 [STASH_COMPACT] §f                §3§l>>> §3§lCLICK HERE§b to pick them up! §3§l<<<
09:58:40 [EMPTY]   
09:58:51 [allowed] §cThere are blocks in the way!
09:59:19 [allowed] §aYou sold §r§fEnder Pearl§r§8 x13 §r§afor §r§691 Coins§r§a!
09:59:40 [EMPTY]  
09:59:40 [STASH_COMPACT] §f                     §7You have §a6 §7items stashed away!
09:59:40 [STASH_COMPACT] §f                §6§l>>> §6§lCLICK HERE§e to pick them up! §6§l<<<
09:59:40 [EMPTY]   
09:59:40 [EMPTY]  
09:59:40 [STASH_COMPACT] §f               §7You have §395,820 §7materials stashed away!
09:59:40 [STASH_COMPACT] §f             §8(This totals 19 types of materials stashed!)
09:59:40 [STASH_COMPACT] §f                §3§l>>> §3§lCLICK HERE§b to pick them up! §3§l<<<
09:59:40 [EMPTY]   
09:59:59 [allowed] §cThere are blocks in the way!
10:00:10 [allowed] §cUnknown destination! Check the Fast Travel menu to view options!
10:00:12 [allowed] §7Warping...
10:00:12 [allowed] §7Sending to server mini63AS...
10:00:12 [EMPTY] §8 §r§8 §r§1 §r§3 §r§3 §r§7 §r§8 
10:00:12 [allowed] §eYou haven't claimed your §r§6Holidays Rewards §r§eyet!
10:00:12 [allowed] §eTalk to the §r§cGingerbread §r§fMan §r§ein the §r§aHub§r§e!
10:00:15 [allowed] §aYou are playing on profile: §eBanana§b (Co-op)
10:00:15 [allowed] §8Profile ID: 56e969f8-003b-4df1-bbed-3112b2f3dc94
10:00:16 [EMPTY]  
10:00:16 [STASH_COMPACT] §f                     §7You have §a6 §7items stashed away!
10:00:16 [STASH_COMPACT] §f                §6§l>>> §6§lCLICK HERE§e to pick them up! §6§l<<<
10:00:16 [EMPTY]   
10:00:16 [EMPTY]  
10:00:16 [STASH_COMPACT] §f               §7You have §395,820 §7materials stashed away!
10:00:16 [STASH_COMPACT] §f             §8(This totals 19 types of materials stashed!)
10:00:16 [STASH_COMPACT] §f                §3§l>>> §3§lCLICK HERE§b to pick them up! §3§l<<<
10:00:16 [EMPTY]   
10:00:20 [allowed] §7Warping you to your SkyBlock island...
10:00:21 [allowed] §7Sending to server mini1029A...
10:00:21 [EMPTY] §8 §r§8 §r§1 §r§3 §r§3 §r§7 §r§8 
10:00:22 [allowed] §eYou haven't claimed your §r§6Holidays Rewards §r§eyet!
10:00:22 [allowed] §eTalk to the §r§cGingerbread §r§fMan §r§ein the §r§aHub§r§e!
10:00:24 [allowed] §aYou are playing on profile: §eBanana§b (Co-op)
10:00:24 [allowed] §8Profile ID: 56e969f8-003b-4df1-bbed-3112b2f3dc94
10:00:25 [EMPTY]  
10:00:25 [STASH_COMPACT] §f                     §7You have §a6 §7items stashed away!
10:00:25 [STASH_COMPACT] §f                §6§l>>> §6§lCLICK HERE§e to pick them up! §6§l<<<
10:00:25 [EMPTY]   
10:00:25 [EMPTY]  
10:00:25 [STASH_COMPACT] §f               §7You have §395,820 §7materials stashed away!
10:00:25 [STASH_COMPACT] §f             §8(This totals 19 types of materials stashed!)
10:00:25 [STASH_COMPACT] §f                §3§l>>> §3§lCLICK HERE§b to pick them up! §3§l<<<
10:00:25 [EMPTY]   
10:00:26 [EMPTY]  
10:00:26 [STASH_COMPACT] §f                     §7You have §a6 §7items stashed away!
10:00:26 [STASH_COMPACT] §f                §6§l>>> §6§lCLICK HERE§e to pick them up! §6§l<<<
10:00:26 [EMPTY]   
10:00:26 [EMPTY]  
10:00:26 [STASH_COMPACT] §f               §7You have §395,820 §7materials stashed away!
10:00:26 [STASH_COMPACT] §f             §8(This totals 19 types of materials stashed!)
10:00:26 [STASH_COMPACT] §f                §3§l>>> §3§lCLICK HERE§b to pick them up! §3§l<<<
10:00:26 [EMPTY]   
10:00:51 [allowed] §cThis Beacon is not powered!
10:01:26 [EMPTY]  
10:01:26 [STASH_COMPACT] §f                     §7You have §a6 §7items stashed away!
10:01:26 [STASH_COMPACT] §f                §6§l>>> §6§lCLICK HERE§e to pick them up! §6§l<<<
10:01:26 [EMPTY]   
10:01:26 [EMPTY]  
10:01:26 [STASH_COMPACT] §f               §7You have §395,820 §7materials stashed away!
10:01:26 [STASH_COMPACT] §f             §8(This totals 19 types of materials stashed!)
10:01:26 [STASH_COMPACT] §f                §3§l>>> §3§lCLICK HERE§b to pick them up! §3§l<<<
10:01:26 [EMPTY]   
10:01:28 [allowed] §e§ka§a>>   §aAchievement Unlocked: §6§r§6Beaconator 2.0§r§a   <<§e§ka
10:02:01 [allowed] §b-----------------------------------------------------
10:02:01 [allowed] §b[MVP§r§3+§r§b] Euphaa §r§ahas set the beacon profile stat to §r§b+5✯ Magic Find§r§a.
10:02:01 [allowed] §b-----------------------------------------------------
10:02:26 [EMPTY]  
10:02:26 [STASH_COMPACT] §f                     §7You have §a6 §7items stashed away!
10:02:26 [STASH_COMPACT] §f                §6§l>>> §6§lCLICK HERE§e to pick them up! §6§l<<<
10:02:26 [EMPTY]   
10:02:26 [EMPTY]  
10:02:26 [STASH_COMPACT] §f               §7You have §395,820 §7materials stashed away!
10:02:26 [STASH_COMPACT] §f             §8(This totals 19 types of materials stashed!)
10:02:26 [STASH_COMPACT] §f                §3§l>>> §3§lCLICK HERE§b to pick them up! §3§l<<<
10:02:26 [EMPTY]   
10:02:46 [allowed] §cThere are blocks in the way!
10:02:47 [allowed] §cThere are blocks in the way!
10:03:26 [EMPTY]  
10:03:26 [STASH_COMPACT] §f                     §7You have §a6 §7items stashed away!
10:03:26 [STASH_COMPACT] §f                §6§l>>> §6§lCLICK HERE§e to pick them up! §6§l<<<
10:03:26 [EMPTY]   
10:03:26 [EMPTY]  
10:03:26 [STASH_COMPACT] §f               §7You have §395,820 §7materials stashed away!
10:03:26 [STASH_COMPACT] §f             §8(This totals 19 types of materials stashed!)
10:03:26 [STASH_COMPACT] §f                §3§l>>> §3§lCLICK HERE§b to pick them up! §3§l<<<
10:03:26 [EMPTY]   
10:03:35 [allowed] §7Warping...
10:03:35 [allowed] §7Sending to server mini68DA...
10:03:35 [EMPTY] §8 §r§8 §r§1 §r§3 §r§3 §r§7 §r§8 
10:03:35 [allowed] §eYou haven't claimed your §r§6Holidays Rewards §r§eyet!
10:03:35 [allowed] §eTalk to the §r§cGingerbread §r§fMan §r§ein the §r§aHub§r§e!
10:03:37 [allowed] §cA magical force surrounding this area prevents you from breaking blocks!
10:03:39 [allowed] §aYou are playing on profile: §eBanana§b (Co-op)
10:03:39 [allowed] §8Profile ID: 56e969f8-003b-4df1-bbed-3112b2f3dc94
10:03:39 [EMPTY]  
10:03:39 [STASH_COMPACT] §f                     §7You have §a6 §7items stashed away!
10:03:39 [STASH_COMPACT] §f                §6§l>>> §6§lCLICK HERE§e to pick them up! §6§l<<<
10:03:39 [EMPTY]   
10:03:39 [EMPTY]  
10:03:39 [STASH_COMPACT] §f               §7You have §395,820 §7materials stashed away!
10:03:39 [STASH_COMPACT] §f             §8(This totals 19 types of materials stashed!)
10:03:39 [STASH_COMPACT] §f                §3§l>>> §3§lCLICK HERE§b to pick them up! §3§l<<<
10:03:39 [EMPTY]   
10:03:43 [EMPTY]  
10:03:43 [STASH_COMPACT] §f                     §7You have §a6 §7items stashed away!
10:03:43 [STASH_COMPACT] §f                §6§l>>> §6§lCLICK HERE§e to pick them up! §6§l<<<
10:03:43 [EMPTY]   
10:03:43 [EMPTY]  
10:03:43 [STASH_COMPACT] §f               §7You have §395,820 §7materials stashed away!
10:03:43 [STASH_COMPACT] §f             §8(This totals 19 types of materials stashed!)
10:03:43 [STASH_COMPACT] §f                §3§l>>> §3§lCLICK HERE§b to pick them up! §3§l<<<
10:03:43 [EMPTY]   
10:03:46 [allowed] §cA magical force surrounding this area prevents you from breaking blocks!
10:03:50 [allowed] §cThere are blocks in the way!
10:03:50 [allowed] §cA magical force surrounding this area prevents you from breaking blocks!
10:03:52 [allowed] §cThere are blocks in the way!
10:03:57 [allowed] §cThere are blocks in the way!
10:03:58 [allowed] §cThere are blocks in the way!
10:03:58 [allowed] §cThere are blocks in the way!
10:03:58 [allowed] §cThere are blocks in the way!
10:04:02 [allowed] §cThere are blocks in the way!
10:04:07 [allowed] §8[§r§9296§r§8] §r§b§lᛝ §r§b[MVP§2+§b] Saucesea§f§r§f: gl
10:04:10 [allowed] §cThere are blocks in the way!
10:04:10 [allowed] §cThere are blocks in the way!
10:04:11 [allowed] §8[§r§b219§r§8] §r§5§l࿇ §r§b[MVP§9+§b] W1TH3REX§f§r§f: ye
10:04:13 [allowed] §8[§r§b219§r§8] §r§5§l࿇ §r§b[MVP§9+§b] W1TH3REX§f§r§f: thnx
10:04:18 [allowed] §8[§r§9296§r§8] §r§b§lᛝ §r§b[MVP§2+§b] Saucesea§f§r§f: i have to mine amber now
10:04:19 [allowed] §8[§r§2164§r§8] §r§7❤ §r§a[VIP] Thimax11§f§r§f: sowwy
10:04:29 [allowed] §8[§r§b219§r§8] §r§5§l࿇ §r§b[MVP§9+§b] W1TH3REX§f§r§f: i mean i might get enough if i get lucky
10:04:30 [allowed] §8[§r§9296§r§8] §r§b§lᛝ §r§b[MVP§2+§b] Saucesea§f§r§f: for what
10:04:33 [allowed] §8[§r§b219§r§8] §r§5§l࿇ §r§b[MVP§9+§b] W1TH3REX§f§r§f: with the fiesta planing
10:04:44 [EMPTY]  
10:04:44 [STASH_COMPACT] §f                     §7You have §a6 §7items stashed away!
10:04:44 [STASH_COMPACT] §f                §6§l>>> §6§lCLICK HERE§e to pick them up! §6§l<<<
10:04:44 [EMPTY]   
10:04:44 [EMPTY]  
10:04:44 [STASH_COMPACT] §f               §7You have §395,820 §7materials stashed away!
10:04:44 [STASH_COMPACT] §f             §8(This totals 19 types of materials stashed!)
10:04:44 [STASH_COMPACT] §f                §3§l>>> §3§lCLICK HERE§b to pick them up! §3§l<<<
10:04:44 [EMPTY]   
10:04:44 [allowed] §8[§r§9296§r§8] §r§b§lᛝ §r§b[MVP§2+§b] Saucesea§f§r§f: same
10:04:45 [allowed] §cThere are blocks in the way!
10:04:47 [allowed] §7Warping...
10:04:47 [allowed] §7Sending to server mini8DH...
10:04:48 [EMPTY] §8 §r§8 §r§1 §r§3 §r§3 §r§7 §r§8 
10:04:48 [allowed] §eYou haven't claimed your §r§6Holidays Rewards §r§eyet!
10:04:48 [allowed] §eTalk to the §r§cGingerbread §r§fMan §r§ein the §r§aHub§r§e!
10:04:50 [allowed] §aFriend > §r§bAlexAlucardFR §r§eleft.
10:04:51 [allowed] §aYou are playing on profile: §eBanana§b (Co-op)
10:04:51 [allowed] §8Profile ID: 56e969f8-003b-4df1-bbed-3112b2f3dc94
10:04:51 [EMPTY]  
10:04:51 [STASH_COMPACT] §f                     §7You have §a6 §7items stashed away!
10:04:51 [STASH_COMPACT] §f                §6§l>>> §6§lCLICK HERE§e to pick them up! §6§l<<<
10:04:51 [EMPTY]   
10:04:51 [EMPTY]  
10:04:51 [STASH_COMPACT] §f               §7You have §395,820 §7materials stashed away!
10:04:51 [STASH_COMPACT] §f             §8(This totals 19 types of materials stashed!)
10:04:51 [STASH_COMPACT] §f                §3§l>>> §3§lCLICK HERE§b to pick them up! §3§l<<<
10:04:51 [EMPTY]   
10:04:52 [allowed] §aFriend > §r§7Mrduck10000 §r§eleft.
10:04:54 [allowed] §aYou bought §r§fDandelion§r§8 x64 §r§afor §r§63,200 Coins§r§a!
10:04:55 [allowed] §aYou bought §r§fDandelion§r§8 x64 §r§afor §r§63,200 Coins§r§a!
10:04:55 [allowed] §aYou bought §r§fDandelion§r§8 x64 §r§afor §r§63,200 Coins§r§a!
10:04:55 [allowed] §aYou bought §r§fDandelion§r§8 x64 §r§afor §r§63,200 Coins§r§a!
10:04:55 [allowed] §aYou bought §r§fDandelion§r§8 x64 §r§afor §r§63,200 Coins§r§a!
10:04:55 [allowed] §aYou bought §r§fDandelion§r§8 x64 §r§afor §r§63,200 Coins§r§a!
10:04:55 [allowed] §aYou bought §r§fDandelion§r§8 x64 §r§afor §r§63,200 Coins§r§a!
10:04:55 [allowed] §aYou bought §r§fDandelion§r§8 x64 §r§afor §r§63,200 Coins§r§a!
10:04:55 [allowed] §aYou bought §r§fDandelion§r§8 x64 §r§afor §r§63,200 Coins§r§a!
10:04:56 [allowed] §aYou bought §r§fDandelion§r§8 x64 §r§afor §r§63,200 Coins§r§a!
10:04:56 [allowed] §aYou bought §r§fDandelion§r§8 x64 §r§afor §r§63,200 Coins§r§a!
10:04:56 [allowed] §aYou bought §r§fDandelion§r§8 x64 §r§afor §r§63,200 Coins§r§a!
10:04:56 [allowed] §aYou bought §r§fDandelion§r§8 x64 §r§afor §r§63,200 Coins§r§a!
10:04:56 [allowed] §aYou bought §r§fDandelion§r§8 x64 §r§afor §r§63,200 Coins§r§a!
10:04:56 [allowed] §aYou bought §r§fDandelion§r§8 x64 §r§afor §r§63,200 Coins§r§a!
10:04:56 [allowed] §aYou bought §r§fDandelion§r§8 x64 §r§afor §r§63,200 Coins§r§a!
10:04:56 [allowed] §aYou bought §r§fDandelion§r§8 x64 §r§afor §r§63,200 Coins§r§a!
10:04:57 [allowed] §aYou bought §r§fDandelion§r§8 x64 §r§afor §r§63,200 Coins§r§a!
10:04:57 [allowed] §aYou bought §r§fDandelion§r§8 x64 §r§afor §r§63,200 Coins§r§a!
10:04:57 [allowed] §aYou bought §r§fDandelion§r§8 x64 §r§afor §r§63,200 Coins§r§a!
10:04:57 [allowed] §aYou bought §r§fDandelion§r§8 x64 §r§afor §r§63,200 Coins§r§a!
10:04:57 [allowed] §aYou bought §r§fDandelion§r§8 x64 §r§afor §r§63,200 Coins§r§a!
10:04:57 [allowed] §aYou bought §r§fDandelion§r§8 x64 §r§afor §r§63,200 Coins§r§a!
10:04:57 [allowed] §aYou bought §r§fDandelion§r§8 x64 §r§afor §r§63,200 Coins§r§a!
10:04:57 [allowed] §aYou bought §r§fDandelion§r§8 x64 §r§afor §r§63,200 Coins§r§a!
10:04:58 [allowed] §aYou bought §r§fDandelion§r§8 x64 §r§afor §r§63,200 Coins§r§a!
10:05:05 [allowed] §aYou bought §r§fDandelion§r§8 x64 §r§afor §r§63,200 Coins§r§a!
10:05:05 [allowed] §aYou bought §r§fDandelion§r§8 x64 §r§afor §r§63,200 Coins§r§a!
10:05:05 [allowed] §aYou bought §r§fDandelion§r§8 x64 §r§afor §r§63,200 Coins§r§a!
10:05:05 [allowed] §aYou bought §r§fDandelion§r§8 x64 §r§afor §r§63,200 Coins§r§a!
10:05:05 [allowed] §aYou bought §r§fDandelion§r§8 x64 §r§afor §r§63,200 Coins§r§a!
10:05:05 [allowed] §aYou bought §r§fDandelion§r§8 x64 §r§afor §r§63,200 Coins§r§a!
10:05:06 [allowed] §aYou bought §r§fDandelion§r§8 x64 §r§afor §r§63,200 Coins§r§a!
10:05:06 [allowed] §aYou bought §r§fDandelion§r§8 x64 §r§afor §r§63,200 Coins§r§a!
10:05:06 [allowed] §aYou bought §r§fDandelion§r§8 x64 §r§afor §r§63,200 Coins§r§a!
10:05:06 [allowed] §aYou bought §r§fDandelion§r§8 x64 §r§afor §r§63,200 Coins§r§a!
10:05:06 [allowed] §aYou bought §r§fDandelion§r§8 x64 §r§afor §r§63,200 Coins§r§a!
10:05:06 [allowed] §aYou bought §r§fDandelion§r§8 x64 §r§afor §r§63,200 Coins§r§a!
10:05:06 [allowed] §aYou bought §r§fDandelion§r§8 x64 §r§afor §r§63,200 Coins§r§a!
10:05:07 [allowed] §aYou bought §r§fDandelion§r§8 x64 §r§afor §r§63,200 Coins§r§a!
10:05:07 [allowed] §aYou bought §r§fDandelion§r§8 x64 §r§afor §r§63,200 Coins§r§a!
10:05:07 [allowed] §aYou bought §r§fDandelion§r§8 x64 §r§afor §r§63,200 Coins§r§a!
10:05:07 [allowed] §aYou bought §r§fDandelion§r§8 x64 §r§afor §r§63,200 Coins§r§a!
10:05:07 [allowed] §aYou bought §r§fDandelion§r§8 x64 §r§afor §r§63,200 Coins§r§a!
10:05:07 [allowed] §aYou bought §r§fDandelion§r§8 x64 §r§afor §r§63,200 Coins§r§a!
10:05:07 [allowed] §aYou bought §r§fDandelion§r§8 x64 §r§afor §r§63,200 Coins§r§a!
10:05:07 [allowed] §aYou bought §r§fDandelion§r§8 x64 §r§afor §r§63,200 Coins§r§a!
10:05:07 [allowed] §aYou bought §r§fDandelion§r§8 x64 §r§afor §r§63,200 Coins§r§a!
10:05:08 [allowed] §aYou bought §r§fDandelion§r§8 x64 §r§afor §r§63,200 Coins§r§a!
10:05:08 [allowed] §aYou bought §r§fDandelion§r§8 x64 §r§afor §r§63,200 Coins§r§a!
10:05:13 [allowed] §aYou bought §r§fDandelion§r§8 x64 §r§afor §r§63,200 Coins§r§a!
10:05:13 [allowed] §aYou bought §r§fDandelion§r§8 x64 §r§afor §r§63,200 Coins§r§a!
10:05:13 [allowed] §aYou bought §r§fDandelion§r§8 x64 §r§afor §r§63,200 Coins§r§a!
10:05:13 [allowed] §aYou bought §r§fDandelion§r§8 x64 §r§afor §r§63,200 Coins§r§a!
10:05:13 [allowed] §aYou bought §r§fDandelion§r§8 x64 §r§afor §r§63,200 Coins§r§a!
10:05:13 [allowed] §aYou bought §r§fDandelion§r§8 x64 §r§afor §r§63,200 Coins§r§a!
10:05:13 [allowed] §aYou bought §r§fDandelion§r§8 x64 §r§afor §r§63,200 Coins§r§a!
10:05:13 [allowed] §aYou bought §r§fDandelion§r§8 x64 §r§afor §r§63,200 Coins§r§a!
10:05:13 [allowed] §aYou bought §r§fDandelion§r§8 x64 §r§afor §r§63,200 Coins§r§a!
10:05:14 [allowed] §aYou bought §r§fDandelion§r§8 x64 §r§afor §r§63,200 Coins§r§a!
10:05:14 [allowed] §aYou bought §r§fDandelion§r§8 x64 §r§afor §r§63,200 Coins§r§a!
10:05:14 [allowed] §aYou bought §r§fDandelion§r§8 x64 §r§afor §r§63,200 Coins§r§a!
10:05:14 [allowed] §aYou bought §r§fDandelion§r§8 x64 §r§afor §r§63,200 Coins§r§a!
10:05:14 [allowed] §aYou bought §r§fDandelion§r§8 x64 §r§afor §r§63,200 Coins§r§a!
10:05:14 [allowed] §aYou bought §r§fDandelion§r§8 x64 §r§afor §r§63,200 Coins§r§a!
10:05:14 [allowed] §aYou bought §r§fDandelion§r§8 x64 §r§afor §r§63,200 Coins§r§a!
10:05:15 [allowed] §aYou bought §r§fDandelion§r§8 x64 §r§afor §r§63,200 Coins§r§a!
10:05:15 [allowed] §aYou bought §r§fDandelion§r§8 x64 §r§afor §r§63,200 Coins§r§a!
10:05:15 [allowed] §aYou bought §r§fDandelion§r§8 x64 §r§afor §r§63,200 Coins§r§a!
10:05:15 [allowed] §aYou bought §r§fDandelion§r§8 x64 §r§afor §r§63,200 Coins§r§a!
10:05:15 [allowed] §aYou bought §r§fDandelion§r§8 x64 §r§afor §r§63,200 Coins§r§a!
10:05:15 [allowed] §aYou bought §r§fDandelion§r§8 x64 §r§afor §r§63,200 Coins§r§a!
10:05:15 [allowed] §aYou bought §r§fDandelion§r§8 x64 §r§afor §r§63,200 Coins§r§a!
10:05:15 [allowed] §aYou bought §r§fDandelion§r§8 x64 §r§afor §r§63,200 Coins§r§a!
10:05:15 [allowed] §aYou bought §r§fDandelion§r§8 x64 §r§afor §r§63,200 Coins§r§a!
10:05:20 [allowed] §aYou bought §r§fDandelion§r§8 x64 §r§afor §r§63,200 Coins§r§a!
10:05:20 [allowed] §aYou bought §r§fDandelion§r§8 x64 §r§afor §r§63,200 Coins§r§a!
10:05:20 [allowed] §aYou bought §r§fDandelion§r§8 x64 §r§afor §r§63,200 Coins§r§a!
10:05:20 [allowed] §aYou bought §r§fDandelion§r§8 x64 §r§afor §r§63,200 Coins§r§a!
10:05:20 [allowed] §aYou bought §r§fDandelion§r§8 x64 §r§afor §r§63,200 Coins§r§a!
10:05:20 [allowed] §aYou bought §r§fDandelion§r§8 x64 §r§afor §r§63,200 Coins§r§a!
10:05:20 [allowed] §aYou bought §r§fDandelion§r§8 x64 §r§afor §r§63,200 Coins§r§a!
10:05:21 [allowed] §aYou bought §r§fDandelion§r§8 x64 §r§afor §r§63,200 Coins§r§a!
10:05:21 [allowed] §aYou bought §r§fDandelion§r§8 x64 §r§afor §r§63,200 Coins§r§a!
10:05:21 [allowed] §aYou bought §r§fDandelion§r§8 x64 §r§afor §r§63,200 Coins§r§a!
10:05:21 [allowed] §aYou bought §r§fDandelion§r§8 x64 §r§afor §r§63,200 Coins§r§a!
10:05:21 [allowed] §aYou bought §r§fDandelion§r§8 x64 §r§afor §r§63,200 Coins§r§a!
10:05:21 [allowed] §aYou bought §r§fDandelion§r§8 x64 §r§afor §r§63,200 Coins§r§a!
10:05:21 [allowed] §aYou bought §r§fDandelion§r§8 x64 §r§afor §r§63,200 Coins§r§a!
10:05:22 [allowed] §aYou bought §r§fDandelion§r§8 x64 §r§afor §r§63,200 Coins§r§a!
10:05:22 [allowed] §aYou bought §r§fDandelion§r§8 x64 §r§afor §r§63,200 Coins§r§a!
10:05:22 [allowed] §aYou bought §r§fDandelion§r§8 x64 §r§afor §r§63,200 Coins§r§a!
10:05:22 [allowed] §aYou bought §r§fDandelion§r§8 x64 §r§afor §r§63,200 Coins§r§a!
10:05:22 [allowed] §aYou bought §r§fDandelion§r§8 x64 §r§afor §r§63,200 Coins§r§a!
10:05:22 [allowed] §aYou bought §r§fDandelion§r§8 x64 §r§afor §r§63,200 Coins§r§a!
10:05:22 [allowed] §aYou bought §r§fDandelion§r§8 x64 §r§afor §r§63,200 Coins§r§a!
10:05:22 [allowed] §aYou bought §r§fDandelion§r§8 x64 §r§afor §r§63,200 Coins§r§a!
10:05:22 [allowed] §aYou bought §r§fDandelion§r§8 x64 §r§afor §r§63,200 Coins§r§a!
10:05:23 [allowed] §aYou bought §r§fDandelion§r§8 x64 §r§afor §r§63,200 Coins§r§a!
10:05:23 [EMPTY]  
10:05:23 [STASH_COMPACT] §f                     §7You have §a6 §7items stashed away!
10:05:23 [STASH_COMPACT] §f                §6§l>>> §6§lCLICK HERE§e to pick them up! §6§l<<<
10:05:23 [EMPTY]   
10:05:23 [EMPTY]  
10:05:23 [STASH_COMPACT] §f               §7You have §395,820 §7materials stashed away!
10:05:23 [STASH_COMPACT] §f             §8(This totals 19 types of materials stashed!)
10:05:23 [STASH_COMPACT] §f                §3§l>>> §3§lCLICK HERE§b to pick them up! §3§l<<<
10:05:23 [EMPTY]   
10:05:23 [allowed] §aYou bought §r§fDandelion§r§8 x64 §r§afor §r§63,200 Coins§r§a!
10:05:23 [allowed] §cYou may only buy up to 6,400 of this item each day!
10:05:23 [allowed] §cYou may only buy up to 6,400 of this item each day!
10:05:23 [allowed] §cYou may only buy up to 6,400 of this item each day!
10:05:32 [allowed] §7Warping you to your SkyBlock island...
10:05:32 [allowed] §7Sending to server mini64CD...
10:05:33 [EMPTY] §8 §r§8 §r§1 §r§3 §r§3 §r§7 §r§8 
10:05:33 [allowed] §eYou haven't claimed your §r§6Holidays Rewards §r§eyet!
10:05:33 [allowed] §eTalk to the §r§cGingerbread §r§fMan §r§ein the §r§aHub§r§e!
10:05:36 [allowed] §aYou are playing on profile: §eBanana§b (Co-op)
10:05:36 [allowed] §8Profile ID: 56e969f8-003b-4df1-bbed-3112b2f3dc94
10:05:36 [EMPTY]  
10:05:36 [STASH_COMPACT] §f                     §7You have §a6 §7items stashed away!
10:05:36 [STASH_COMPACT] §f                §6§l>>> §6§lCLICK HERE§e to pick them up! §6§l<<<
10:05:36 [EMPTY]   
10:05:36 [EMPTY]  
10:05:36 [STASH_COMPACT] §f               §7You have §395,820 §7materials stashed away!
10:05:36 [STASH_COMPACT] §f             §8(This totals 19 types of materials stashed!)
10:05:36 [STASH_COMPACT] §f                §3§l>>> §3§lCLICK HERE§b to pick them up! §3§l<<<
10:05:36 [EMPTY]   
10:05:37 [EMPTY]  
10:05:37 [STASH_COMPACT] §f                     §7You have §a6 §7items stashed away!
10:05:37 [STASH_COMPACT] §f                §6§l>>> §6§lCLICK HERE§e to pick them up! §6§l<<<
10:05:37 [EMPTY]   
10:05:37 [EMPTY]  
10:05:37 [STASH_COMPACT] §f               §7You have §395,820 §7materials stashed away!
10:05:37 [STASH_COMPACT] §f             §8(This totals 19 types of materials stashed!)
10:05:37 [STASH_COMPACT] §f                §3§l>>> §3§lCLICK HERE§b to pick them up! §3§l<<<
10:05:37 [EMPTY]   
10:05:48 [EMPTY] §f §r§r§r§f §r§r§r§1 §r§r§r§0 §r§r§r§2 §r§r§r§f §r§r§r§f §r§r§r§2 §r§r§r§0 §r§r§r§4 §r§r§r§3 §r§r§r§9 §r§r§r§2 §r§r§r§0 §r§r§r§0 §r§r§r§3 §r§r§r§9 §r§r§r§2 §r§r§r§0 §r§r§r§0 §r§r§r§3 §r§r§r§9 §r§r§r§2 §r§r§r§0 §r§r§r§0 
10:05:48 [allowed] §b§m--------------§r§f  §r§aGuild: Message Of The Day  §r§b§m--------------
10:05:48 [allowed] §b| §r§fJoin the guild discord!
10:05:48 [allowed] §b| §r§fhttps://discord.gg/9En6jSENjY
10:05:48 [allowed] §b| §r§fHave a great day!
10:05:48 [allowed] §b§m-----------------------------------------------------
10:05:48 [allowed] §aYou have §b42 §aunclaimed leveling rewards!
10:05:48 [allowed] §eClick here to view them!
10:05:48 [allowed] §aYou have §612 §aunclaimed achievement rewards!
10:05:48 [allowed] §eClick here to view them!
10:05:48 [EMPTY] 
10:05:48 [allowed] §f§lHAPPY HOLIDAYS §e§lFROM HYPIXEL§r
§r§aYou may claim today's §bAdvent Calendar §areward!
§eClick here to claim!§r

10:05:48 [allowed] §b[MVP§d+§b] Kaseaki§f §6slid into the lobby!
10:05:49 [allowed] §7Sending to server mini64CD...
10:05:50 [allowed] §cYou were kicked while joining that server!
10:05:50 [allowed] §cThe world you attempted to join is presently occupied!
10:05:50 [allowed]   §r§f§l➤ §r§6You have reached your Hype limit! Add Hype to Prototype Lobby minigames by right-clicking with the Hype Diamond!
10:05:51 [allowed] §b[MVP§0+§b] KamalHaasan§f §6slid into the lobby!
10:05:52 [allowed] §cYou are trying to do that too fast. Try again in a moment.
10:05:57 [allowed] §b[MVP§5+§b] calebwdy§f §6slid into the lobby!
10:05:57 [allowed] §cYou are trying to do that too fast. Try again in a moment.
10:05:58 [allowed] §b[MVP§3+§b] ohKabel85§f §6slid into the lobby!
10:06:00 [allowed] §b[MVP§c+§b] Sir_Snoodle§f §6slid into the lobby!
10:06:01 [allowed] §b[MVP§c+§b] Demon0id04§f §6slid into the lobby!
10:06:02 [allowed] §b[MVP§e+§b] paninium§f §6slid into the lobby!
10:06:02 [allowed] §b[MVP§c+§b] _JUO_§f §6slid into the lobby!
10:06:07 [allowed] §b[MVP§6+§b] mcko999§f §6slid into the lobby!
10:06:07 [allowed] §b[MVP§2+§b] Forever_Rose§f §6slid into the lobby!
10:06:11 [allowed] §b[MVP§f+§b] Aikyss§f §6slid into the lobby!
10:06:12 [allowed] §b[MVP§2+§b] _meba§f §6slid into the lobby!
10:06:19 [allowed] §b[MVP§c+§b] SnowyBirds§f §6slid into the lobby!
10:06:22 [allowed] §b[MVP§4+§b] BabyYetiIsReal§f §6slid into the lobby!
10:06:26 [allowed] §b[MVP§d+§b] Sayonara_C27§f §6slid into the lobby!
10:06:26 [allowed] §b[MVP§2+§b] CristiMuscle§f §6slid into the lobby!
10:06:27 [allowed] §b[MVP§6+§b] Tsugumi_Project§f §6slid into the lobby!
10:06:29 [allowed] §b[MVP§c+§b] electricscout§f §6slid into the lobby!
10:06:30 [allowed] §b[MVP§d+§b] the__A14§f §6slid into the lobby!
10:06:31 [allowed] §b[MVP§6+§b] WaterShines§f §6slid into the lobby!
10:06:33 [allowed] §b[MVP§a+§b] Spaie§f §6slid into the lobby!
10:06:35 [allowed] §b[MVP§6+§b] TYSM_SvgeGuy§f §6slid into the lobby!
10:06:36 [allowed] §b[MVP§c+§b] GearedHard§f §6slid into the lobby!
10:06:37 [allowed] §b[MVP§2+§b] SimDK1§f §6slid into the lobby!
10:06:38 [allowed] §b[MVP§3+§b] Opalz§f §6slid into the lobby!
10:06:45 [allowed]  §b>§c>§a>§r §r§6[MVP§5++§6] Kojiiiiii§f §6slid into the lobby!§r §a<§c<§b<
10:06:47 [allowed] §7Sending to server mini196DB...
10:06:47 [allowed] §cYou were kicked while joining that server!
10:06:47 [allowed] §cYou tried to rejoin too fast, please try again in a moment!
10:06:48 [allowed] §b[MVP§6+§b] Greenremy8§f §6slid into the lobby!
10:06:51 [allowed] §b[MVP§d+§b] NoHacksJustEGirl§f §6slid into the lobby!
10:06:52 [allowed] §b[MVP§0+§b] NotGerm§f §6slid into the lobby!
10:06:54 [allowed]  §b>§c>§a>§r §r§6[MVP§9++§6] Housemai§f §6slid into the lobby!§r §a<§c<§b<
10:06:56 [allowed] §b[MVP§e+§b] _Shpino§f §6slid into the lobby!
10:07:01 [allowed] §b[MVP§5+§b] oIdc§f §6slid into the lobby!
10:07:01 [allowed] §b[MVP§0+§b] Levier§f §6slid into the lobby!
10:07:04 [allowed] §b[MVP§e+§b] Xoxora§f §6slid into the lobby!
10:07:04 [allowed] §b[MVP§5+§b] calebwdy§f §6slid into the lobby!
10:07:05 [allowed]  §b>§c>§a>§r §r§b[MVP§0++§b] SnowFence§f §6slid into the lobby!§r §a<§c<§b<
10:07:10 [EMPTY] §f §r§r§r§f §r§r§r§1 §r§r§r§0 §r§r§r§2 §r§r§r§f §r§r§r§f §r§r§r§2 §r§r§r§0 §r§r§r§4 §r§r§r§3 §r§r§r§9 §r§r§r§2 §r§r§r§0 §r§r§r§0 §r§r§r§3 §r§r§r§9 §r§r§r§2 §r§r§r§0 §r§r§r§0 §r§r§r§3 §r§r§r§9 §r§r§r§2 §r§r§r§0 §r§r§r§0 
10:07:11 [allowed] §aYou have §b42 §aunclaimed leveling rewards!
10:07:11 [allowed] §eClick here to view them!
10:07:11 [allowed] §aYou have §612 §aunclaimed achievement rewards!
10:07:11 [allowed] §eClick here to view them!
10:07:11 [EMPTY] 
10:07:11 [allowed] §f§lHAPPY HOLIDAYS §e§lFROM HYPIXEL§r
§r§aYou may claim today's §bAdvent Calendar §areward!
§eClick here to claim!§r

10:07:11 [allowed] §b§m--------------§r§f  §r§aGuild: Message Of The Day  §r§b§m--------------
10:07:11 [allowed] §b| §r§fJoin the guild discord!
10:07:11 [allowed] §b| §r§fhttps://discord.gg/9En6jSENjY
10:07:11 [allowed] §b| §r§fHave a great day!
10:07:11 [allowed] §b§m-----------------------------------------------------
10:07:12 [allowed] §7Sending to server mini23D...
10:07:13 [EMPTY] §8 §r§8 §r§1 §r§3 §r§3 §r§7 §r§8 
10:07:13 [allowed] §cYou currently have one or more Legacy Items in your inventory or sacks that are no longer used throughout the game! Exchange them in the Legacy Trades menu, accessed through /legacytrades!
10:07:13 [allowed] §eYou haven't claimed your §r§6Holidays Rewards §r§eyet!
10:07:13 [allowed] §eTalk to the §r§cGingerbread §r§fMan §r§ein the §r§aHub§r§e!
10:07:13 [allowed] §aSince you've been away you earned §r§653,411 coins §r§aas interest in your personal bank account!
10:07:13 [allowed] §eAdvent task complete!§r§7 You earned 20k daily Skill Exp!
10:07:13 [allowed] §aYou gained §r§b22,805.6 Mining §r§aexperience from minions!
10:07:13 [allowed] §eAdvent task complete!§r§7 You earned 50k daily Skill Exp!
10:07:13 [allowed] §aYou gained §r§b87,378.4 Fishing §r§aexperience from minions!
10:07:13 [allowed] §aYou gained §r§b73,670.7 Combat §r§aexperience from minions!
10:07:14 [allowed] §e§l▬▬▬▬▬▬▬▬▬▬▬▬▬▬▬▬▬▬▬▬▬▬▬▬▬▬▬▬▬▬▬▬▬▬▬▬▬▬▬▬▬▬▬▬▬▬▬▬▬▬▬▬▬▬▬▬▬▬▬▬▬▬▬▬
10:07:14 [allowed]   §r§6§lCOLLECTION LEVEL UP §eHemovibe §eV
10:07:14 [allowed]    §r§b§lCO-OP » §r§7Unlocked while you were offline
10:07:14 [EMPTY] 
10:07:14 [allowed]   §r§a§lREWARDS
10:07:14 [allowed]     §r§7§aDisplaced Leech §7Recipe
10:07:14 [allowed]     §r§7§8+§b4 SkyBlock XP
10:07:14 [allowed] §e§l▬▬▬▬▬▬▬▬▬▬▬▬▬▬▬▬▬▬▬▬▬▬▬▬▬▬▬▬▬▬▬▬▬▬▬▬▬▬▬▬▬▬▬▬▬▬▬▬▬▬▬▬▬▬▬▬▬▬▬▬▬▬▬▬
10:07:15 [EMPTY] 
10:07:15 [allowed] §eWelcome to §r§aHypixel SkyBlock§r§e!
10:07:15 [allowed] §6§lBONUS! §r§bTemporarily earn §r§a5% §r§bmore skill experience!
10:07:15 [EMPTY] 
10:07:15 [allowed] §eLatest update: §bSkyBlock v0.20.9 §e§lCLICK
10:07:16 [allowed] §aYou are playing on profile: §eBanana§b (Co-op)
10:07:16 [allowed] §8Profile ID: 56e969f8-003b-4df1-bbed-3112b2f3dc94
10:07:17 [allowed] §6§lALLOWANCE! §r§eYou earned §r§650,000 coins§r§e!
10:07:25 [allowed] §7Warping...
10:07:25 [allowed] §7Sending to server mini33CU...
10:07:26 [EMPTY] §8 §r§8 §r§1 §r§3 §r§3 §r§7 §r§8 
10:07:26 [allowed] §cYou currently have one or more Legacy Items in your inventory or sacks that are no longer used throughout the game! Exchange them in the Legacy Trades menu, accessed through /legacytrades!
10:07:26 [allowed] §eYou haven't claimed your §r§6Holidays Rewards §r§eyet!
10:07:26 [allowed] §eTalk to the §r§cGingerbread §r§fMan §r§ein the §r§aHub§r§e!
10:07:28 [allowed] §cThere are blocks in the way!
10:07:29 [allowed] §aYou are playing on profile: §eBanana§b (Co-op)
10:07:29 [allowed] §8Profile ID: 56e969f8-003b-4df1-bbed-3112b2f3dc94
10:07:32 [allowed] §aYou bought §r§fDandelion§r§8 x64 §r§afor §r§63,200 Coins§r§a!
10:07:32 [allowed] §aYou bought §r§fDandelion§r§8 x64 §r§afor §r§63,200 Coins§r§a!
10:07:32 [allowed] §aYou bought §r§fDandelion§r§8 x64 §r§afor §r§63,200 Coins§r§a!
10:07:33 [allowed] §aYou bought §r§fDandelion§r§8 x64 §r§afor §r§63,200 Coins§r§a!
10:07:33 [allowed] §aYou bought §r§fDandelion§r§8 x64 §r§afor §r§63,200 Coins§r§a!
10:07:33 [allowed] §aYou bought §r§fDandelion§r§8 x64 §r§afor §r§63,200 Coins§r§a!
10:07:33 [allowed] §aYou bought §r§fDandelion§r§8 x64 §r§afor §r§63,200 Coins§r§a!
10:07:33 [allowed] §aYou bought §r§fDandelion§r§8 x64 §r§afor §r§63,200 Coins§r§a!
10:07:33 [allowed] §aYou bought §r§fDandelion§r§8 x64 §r§afor §r§63,200 Coins§r§a!
10:07:33 [allowed] §aYou bought §r§fDandelion§r§8 x64 §r§afor §r§63,200 Coins§r§a!
10:07:33 [allowed] §aYou bought §r§fDandelion§r§8 x64 §r§afor §r§63,200 Coins§r§a!
10:07:34 [allowed] §aYou bought §r§fDandelion§r§8 x64 §r§afor §r§63,200 Coins§r§a!
10:07:34 [allowed] §aYou bought §r§fDandelion§r§8 x64 §r§afor §r§63,200 Coins§r§a!
10:07:34 [allowed] §aYou bought §r§fDandelion§r§8 x64 §r§afor §r§63,200 Coins§r§a!
10:07:34 [allowed] §aYou bought §r§fDandelion§r§8 x64 §r§afor §r§63,200 Coins§r§a!
10:07:34 [allowed] §aYou bought §r§fDandelion§r§8 x64 §r§afor §r§63,200 Coins§r§a!
10:07:34 [allowed] §aYou bought §r§fDandelion§r§8 x64 §r§afor §r§63,200 Coins§r§a!
10:07:34 [allowed] §aYou bought §r§fDandelion§r§8 x64 §r§afor §r§63,200 Coins§r§a!
10:07:34 [allowed] §aYou bought §r§fDandelion§r§8 x64 §r§afor §r§63,200 Coins§r§a!
10:07:34 [allowed] §aYou bought §r§fDandelion§r§8 x64 §r§afor §r§63,200 Coins§r§a!
10:07:35 [allowed] §aYou bought §r§fDandelion§r§8 x64 §r§afor §r§63,200 Coins§r§a!
10:07:35 [allowed] §aYou bought §r§fDandelion§r§8 x64 §r§afor §r§63,200 Coins§r§a!
10:07:35 [allowed] §aYou bought §r§fDandelion§r§8 x64 §r§afor §r§63,200 Coins§r§a!
10:07:35 [allowed] §aYou bought §r§fDandelion§r§8 x64 §r§afor §r§63,200 Coins§r§a!
10:07:35 [allowed] §aYou bought §r§fDandelion§r§8 x64 §r§afor §r§63,200 Coins§r§a!
10:07:35 [allowed] §aYou bought §r§fDandelion§r§8 x64 §r§afor §r§63,200 Coins§r§a!
10:07:35 [allowed] §aYou bought §r§fDandelion§r§8 x64 §r§afor §r§63,200 Coins§r§a!
10:07:35 [allowed] §aYou bought §r§fDandelion§r§8 x64 §r§afor §r§63,200 Coins§r§a!
10:07:35 [allowed] §aYou bought §r§fDandelion§r§8 x64 §r§afor §r§63,200 Coins§r§a!
10:07:36 [allowed] §aYou bought §r§fDandelion§r§8 x64 §r§afor §r§63,200 Coins§r§a!
10:07:36 [allowed] §aYou bought §r§fDandelion§r§8 x64 §r§afor §r§63,200 Coins§r§a!
10:07:39 [allowed] §8[§r§e95§r§8] §r§7DermMan§7§r§7: hoping to make corruped soil
10:07:42 [allowed] §aYou bought §r§fDandelion§r§8 x64 §r§afor §r§63,200 Coins§r§a!
10:07:42 [allowed] §aYou bought §r§fDandelion§r§8 x64 §r§afor §r§63,200 Coins§r§a!
10:07:42 [allowed] §aYou bought §r§fDandelion§r§8 x64 §r§afor §r§63,200 Coins§r§a!
10:07:42 [allowed] §aYou bought §r§fDandelion§r§8 x64 §r§afor §r§63,200 Coins§r§a!
10:07:42 [allowed] §aYou bought §r§fDandelion§r§8 x64 §r§afor §r§63,200 Coins§r§a!
10:07:42 [allowed] §aYou bought §r§fDandelion§r§8 x64 §r§afor §r§63,200 Coins§r§a!
10:07:42 [allowed] §aYou bought §r§fDandelion§r§8 x64 §r§afor §r§63,200 Coins§r§a!
10:07:43 [allowed] §aYou bought §r§fDandelion§r§8 x64 §r§afor §r§63,200 Coins§r§a!
10:07:43 [allowed] §aYou bought §r§fDandelion§r§8 x64 §r§afor §r§63,200 Coins§r§a!
10:07:43 [allowed] §aYou bought §r§fDandelion§r§8 x64 §r§afor §r§63,200 Coins§r§a!
10:07:43 [allowed] §aYou bought §r§fDandelion§r§8 x64 §r§afor §r§63,200 Coins§r§a!
10:07:43 [allowed] §aYou bought §r§fDandelion§r§8 x64 §r§afor §r§63,200 Coins§r§a!
10:07:43 [allowed] §aYou bought §r§fDandelion§r§8 x64 §r§afor §r§63,200 Coins§r§a!
10:07:43 [allowed] §aYou bought §r§fDandelion§r§8 x64 §r§afor §r§63,200 Coins§r§a!
10:07:44 [allowed] §aYou bought §r§fDandelion§r§8 x64 §r§afor §r§63,200 Coins§r§a!
10:07:44 [allowed] §aYou bought §r§fDandelion§r§8 x64 §r§afor §r§63,200 Coins§r§a!
10:07:44 [allowed] §aYou bought §r§fDandelion§r§8 x64 §r§afor §r§63,200 Coins§r§a!
10:07:44 [allowed] §aYou bought §r§fDandelion§r§8 x64 §r§afor §r§63,200 Coins§r§a!
10:07:44 [allowed] §aYou bought §r§fDandelion§r§8 x64 §r§afor §r§63,200 Coins§r§a!
10:07:44 [allowed] §aYou bought §r§fDandelion§r§8 x64 §r§afor §r§63,200 Coins§r§a!
10:07:44 [allowed] §aYou bought §r§fDandelion§r§8 x64 §r§afor §r§63,200 Coins§r§a!
10:07:44 [allowed] §aYou bought §r§fDandelion§r§8 x64 §r§afor §r§63,200 Coins§r§a!
10:07:44 [allowed] §aYou bought §r§fDandelion§r§8 x64 §r§afor §r§63,200 Coins§r§a!
10:07:45 [allowed] §aYou bought §r§fDandelion§r§8 x64 §r§afor §r§63,200 Coins§r§a!
10:07:45 [allowed] §8[§r§a156§r§8] §r§5§l࿇ §r§a[VIP] UNAISGAMER16§f§r§f: i want to buy wither helmet
10:07:45 [allowed] §aYou bought §r§fDandelion§r§8 x64 §r§afor §r§63,200 Coins§r§a!
10:07:45 [allowed] §aYou bought §r§fDandelion§r§8 x64 §r§afor §r§63,200 Coins§r§a!
10:07:45 [allowed] §aYou bought §r§fDandelion§r§8 x64 §r§afor §r§63,200 Coins§r§a!
10:07:45 [allowed] §aYou bought §r§fDandelion§r§8 x64 §r§afor §r§63,200 Coins§r§a!
10:07:45 [allowed] §aYou bought §r§fDandelion§r§8 x64 §r§afor §r§63,200 Coins§r§a!
10:07:50 [allowed] §aYou bought §r§fDandelion§r§8 x64 §r§afor §r§63,200 Coins§r§a!
10:07:50 [allowed] §aYou bought §r§fDandelion§r§8 x64 §r§afor §r§63,200 Coins§r§a!
10:07:50 [allowed] §aYou bought §r§fDandelion§r§8 x64 §r§afor §r§63,200 Coins§r§a!
10:07:50 [allowed] §aYou bought §r§fDandelion§r§8 x64 §r§afor §r§63,200 Coins§r§a!
10:07:50 [allowed] §aYou bought §r§fDandelion§r§8 x64 §r§afor §r§63,200 Coins§r§a!
10:07:50 [allowed] §aYou bought §r§fDandelion§r§8 x64 §r§afor §r§63,200 Coins§r§a!
10:07:51 [allowed] §aYou bought §r§fDandelion§r§8 x64 §r§afor §r§63,200 Coins§r§a!
10:07:51 [allowed] §aYou bought §r§fDandelion§r§8 x64 §r§afor §r§63,200 Coins§r§a!
10:07:51 [allowed] §aYou bought §r§fDandelion§r§8 x64 §r§afor §r§63,200 Coins§r§a!
10:07:51 [allowed] §aYou bought §r§fDandelion§r§8 x64 §r§afor §r§63,200 Coins§r§a!
10:07:51 [allowed] §aYou bought §r§fDandelion§r§8 x64 §r§afor §r§63,200 Coins§r§a!
10:07:51 [allowed] §aYou bought §r§fDandelion§r§8 x64 §r§afor §r§63,200 Coins§r§a!
10:07:51 [allowed] §aYou bought §r§fDandelion§r§8 x64 §r§afor §r§63,200 Coins§r§a!
10:07:51 [allowed] §aYou bought §r§fDandelion§r§8 x64 §r§afor §r§63,200 Coins§r§a!
10:07:52 [allowed] §8[§r§a156§r§8] §r§5§l࿇ §r§a[VIP] UNAISGAMER16§f§r§f: can u give OfflinedSad
10:07:52 [allowed] §aYou bought §r§fDandelion§r§8 x64 §r§afor §r§63,200 Coins§r§a!
10:07:52 [allowed] §aYou bought §r§fDandelion§r§8 x64 §r§afor §r§63,200 Coins§r§a!
10:07:52 [allowed] §aYou bought §r§fDandelion§r§8 x64 §r§afor §r§63,200 Coins§r§a!
10:07:52 [allowed] §aYou bought §r§fDandelion§r§8 x64 §r§afor §r§63,200 Coins§r§a!
10:07:52 [allowed] §aYou bought §r§fDandelion§r§8 x64 §r§afor §r§63,200 Coins§r§a!
10:07:52 [allowed] §aYou bought §r§fDandelion§r§8 x64 §r§afor §r§63,200 Coins§r§a!
10:07:52 [allowed] §aYou bought §r§fDandelion§r§8 x64 §r§afor §r§63,200 Coins§r§a!
10:07:53 [allowed] §aYou bought §r§fDandelion§r§8 x64 §r§afor §r§63,200 Coins§r§a!
10:07:53 [allowed] §aYou bought §r§fDandelion§r§8 x64 §r§afor §r§63,200 Coins§r§a!
10:07:53 [allowed] §aYou bought §r§fDandelion§r§8 x64 §r§afor §r§63,200 Coins§r§a!
10:07:53 [allowed] §aYou bought §r§fDandelion§r§8 x64 §r§afor §r§63,200 Coins§r§a!
10:07:53 [allowed] §aYou bought §r§fDandelion§r§8 x64 §r§afor §r§63,200 Coins§r§a!
10:07:53 [allowed] §aYou bought §r§fDandelion§r§8 x64 §r§afor §r§63,200 Coins§r§a!
10:07:53 [allowed] §aYou bought §r§fDandelion§r§8 x64 §r§afor §r§63,200 Coins§r§a!
10:07:53 [allowed] §aYou bought §r§fDandelion§r§8 x64 §r§afor §r§63,200 Coins§r§a!
10:07:54 [allowed] §aYou bought §r§fDandelion§r§8 x64 §r§afor §r§63,200 Coins§r§a!
10:07:55 [allowed] §8[§r§2162§r§8] §r§7⸎ §r§a[VIP§6+§a] OfflinedSad§f§r§f: I mean I can spawn curruped mobs
10:07:58 [allowed] §aYou bought §r§fDandelion§r§8 x64 §r§afor §r§63,200 Coins§r§a!
10:07:58 [allowed] §aYou bought §r§fDandelion§r§8 x64 §r§afor §r§63,200 Coins§r§a!
10:07:58 [allowed] §aYou bought §r§fDandelion§r§8 x64 §r§afor §r§63,200 Coins§r§a!
10:07:58 [allowed] §aYou bought §r§fDandelion§r§8 x64 §r§afor §r§63,200 Coins§r§a!
10:07:58 [allowed] §aYou bought §r§fDandelion§r§8 x64 §r§afor §r§63,200 Coins§r§a!
10:07:58 [allowed] §aYou bought §r§fDandelion§r§8 x64 §r§afor §r§63,200 Coins§r§a!
10:07:59 [allowed] §aYou bought §r§fDandelion§r§8 x64 §r§afor §r§63,200 Coins§r§a!
10:07:59 [allowed] §aYou bought §r§fDandelion§r§8 x64 §r§afor §r§63,200 Coins§r§a!
10:07:59 [allowed] §aYou bought §r§fDandelion§r§8 x64 §r§afor §r§63,200 Coins§r§a!
10:07:59 [allowed] §aYou bought §r§fDandelion§r§8 x64 §r§afor §r§63,200 Coins§r§a!
10:07:59 [allowed] §cYou may only buy up to 6,400 of this item each day!
10:07:59 [allowed] §cPlease wait a bit before doing this!
10:07:59 [allowed] §cYou may only buy up to 6,400 of this item each day!
10:07:59 [allowed] §cYou may only buy up to 6,400 of this item each day!
10:07:59 [allowed] §cYou may only buy up to 6,400 of this item each day!
10:08:02 [allowed] §7Warping you to your SkyBlock island...
10:08:02 [allowed] §7Sending to server mini95AF...
10:08:03 [EMPTY] §8 §r§8 §r§1 §r§3 §r§3 §r§7 §r§8 
10:08:03 [allowed] §cYou currently have one or more Legacy Items in your inventory or sacks that are no longer used throughout the game! Exchange them in the Legacy Trades menu, accessed through /legacytrades!
10:08:03 [allowed] §eYou haven't claimed your §r§6Holidays Rewards §r§eyet!
10:08:03 [allowed] §eTalk to the §r§cGingerbread §r§fMan §r§ein the §r§aHub§r§e!
10:08:06 [allowed] §aYou are playing on profile: §eBanana§b (Co-op)
10:08:06 [allowed] §8Profile ID: 56e969f8-003b-4df1-bbed-3112b2f3dc94
10:08:22 [allowed] §aYou crafted a §eTier V Flower Minion§a! That's a new one!
 §aCraft §e29 §amore unique Minions to unlock your §e30th Minion slot§a!
10:08:22 [allowed] §eYou Supercrafted §r§r§r§9Flower Minion V§r§e!
10:08:24 [allowed] §aYou crafted a §eTier VI Flower Minion§a! That's a new one!
 §aCraft §e28 §amore unique Minions to unlock your §e30th Minion slot§a!
10:08:24 [allowed] §eYou Supercrafted §r§r§r§9Flower Minion VI§r§e!
10:08:26 [allowed] §aYou crafted a §eTier VII Flower Minion§a! That's a new one!
 §aCraft §e27 §amore unique Minions to unlock your §e30th Minion slot§a!
10:08:26 [allowed] §eYou Supercrafted §r§r§r§9Flower Minion VII§r§e!
10:08:27 [allowed] §aYou crafted a §eTier VIII Flower Minion§a! That's a new one!
 §aCraft §e26 §amore unique Minions to unlock your §e30th Minion slot§a!
10:08:27 [allowed] §eYou Supercrafted §r§r§r§9Flower Minion VIII§r§e!
10:08:28 [allowed] §aYou crafted a §eTier IX Flower Minion§a! That's a new one!
 §aCraft §e25 §amore unique Minions to unlock your §e30th Minion slot§a!
10:08:28 [allowed] §eYou Supercrafted §r§r§r§9Flower Minion IX§r§e!
10:08:30 [allowed] §aYou crafted a §eTier X Flower Minion§a! That's a new one!
 §aCraft §e24 §amore unique Minions to unlock your §e30th Minion slot§a!
10:08:30 [allowed] §eYou Supercrafted §r§r§r§9Flower Minion X§r§e!
10:08:31 [allowed] §aYou crafted a §eTier XI Flower Minion§a! That's a new one!
 §aCraft §e23 §amore unique Minions to unlock your §e30th Minion slot§a!
10:08:31 [allowed] §eYou Supercrafted §r§r§r§9Flower Minion XI§r§e!
10:08:33 [allowed] §cYou haven't unlocked this recipe yet!
10:08:34 [allowed] §cYou haven't unlocked this recipe yet!
10:08:50 [EMPTY] §f §r§r§r§f §r§r§r§1 §r§r§r§0 §r§r§r§2 §r§r§r§f §r§r§r§f §r§r§r§2 §r§r§r§0 §r§r§r§4 §r§r§r§3 §r§r§r§9 §r§r§r§2 §r§r§r§0 §r§r§r§0 §r§r§r§3 §r§r§r§9 §r§r§r§2 §r§r§r§0 §r§r§r§0 §r§r§r§3 §r§r§r§9 §r§r§r§2 §r§r§r§0 §r§r§r§0 
10:08:50 [allowed] §b[MVP§3+§b] Euphaa§f §6slid into the lobby!
10:08:51 [allowed] §b[MVP§d+§b] dinotorious§f §6slid into the lobby!
10:08:51 [EMPTY] 
10:08:51 [allowed] §f§lHAPPY HOLIDAYS §e§lFROM HYPIXEL§r
§r§aYou may claim today's §bAdvent Calendar §areward!
§eClick here to claim!§r

10:08:51 [allowed] §b§m--------------§r§f  §r§aGuild: Message Of The Day  §r§b§m--------------
10:08:51 [allowed] §b| §r§fJoin the guild discord!
10:08:51 [allowed] §b| §r§fhttps://discord.gg/9En6jSENjY
10:08:51 [allowed] §b| §r§fHave a great day!
10:08:51 [allowed] §b§m-----------------------------------------------------
10:08:52 [allowed] §7Sending to server mini95AF...
10:08:52 [EMPTY] §8 §r§8 §r§1 §r§3 §r§3 §r§7 §r§8 
10:08:52 [allowed] §eYou haven't claimed your §r§6Holidays Rewards §r§eyet!
10:08:52 [allowed] §eTalk to the §r§cGingerbread §r§fMan §r§ein the §r§aHub§r§e!
10:08:54 [allowed] §a[VIP] jcd519§f §acrafted a §eTier V Flower Minion§a!
10:08:55 [EMPTY] 
10:08:55 [allowed] §eWelcome to §r§aHypixel SkyBlock§r§e!
10:08:55 [allowed] §6§lBONUS! §r§bTemporarily earn §r§a5% §r§bmore skill experience!
10:08:55 [EMPTY] 
10:08:55 [allowed] §eLatest update: §bSkyBlock v0.20.9 §e§lCLICK
10:08:55 [allowed] §a[VIP] jcd519§f §acrafted a §eTier VI Flower Minion§a!
10:08:56 [allowed] §a[VIP] jcd519§f §acrafted a §eTier VII Flower Minion§a!
10:08:56 [allowed] §a[VIP] jcd519§f §acrafted a §eTier VIII Flower Minion§a!
10:08:57 [allowed] §a[VIP] jcd519§f §acrafted a §eTier IX Flower Minion§a!
10:08:58 [allowed] §a[VIP] jcd519§f §acrafted a §eTier X Flower Minion§a!
10:08:58 [allowed] §a[VIP] jcd519§f §acrafted a §eTier XI Flower Minion§a!
10:08:59 [allowed] §aYou crafted a §eTier XII Flower Minion§a! That's a new one!
 §aCraft §e22 §amore unique Minions to unlock your §e30th Minion slot§a!
10:08:59 [allowed] §eYou Supercrafted §r§r§r§9Flower Minion XII§r§e!
10:09:05 [allowed] §aYou are playing on profile: §eBanana§b (Co-op)
10:09:05 [allowed] §8Profile ID: 56e969f8-003b-4df1-bbed-3112b2f3dc94
10:09:06 [EMPTY]  
10:09:06 [STASH_COMPACT] §f                     §7You have §a6 §7items stashed away!
10:09:06 [STASH_COMPACT] §f                §6§l>>> §6§lCLICK HERE§e to pick them up! §6§l<<<
10:09:06 [EMPTY]   
10:09:06 [EMPTY]  
10:09:06 [STASH_COMPACT] §f               §7You have §395,820 §7materials stashed away!
10:09:06 [STASH_COMPACT] §f             §8(This totals 19 types of materials stashed!)
10:09:06 [STASH_COMPACT] §f                §3§l>>> §3§lCLICK HERE§b to pick them up! §3§l<<<
10:09:06 [EMPTY]   
10:09:08 [EMPTY]  
10:09:08 [STASH_COMPACT] §f                     §7You have §a6 §7items stashed away!
10:09:08 [STASH_COMPACT] §f                §6§l>>> §6§lCLICK HERE§e to pick them up! §6§l<<<
10:09:08 [EMPTY]   
10:09:08 [EMPTY]  
10:09:08 [STASH_COMPACT] §f               §7You have §395,820 §7materials stashed away!
10:09:08 [STASH_COMPACT] §f             §8(This totals 19 types of materials stashed!)
10:09:08 [STASH_COMPACT] §f                §3§l>>> §3§lCLICK HERE§b to pick them up! §3§l<<<
10:09:08 [EMPTY]   
10:09:57 [allowed] §7Warping...
10:09:57 [allowed] §7Sending to server mini30AP...
10:09:57 [EMPTY] §8 §r§8 §r§1 §r§3 §r§3 §r§7 §r§8 
10:09:57 [allowed] §eYou haven't claimed your §r§6Holidays Rewards §r§eyet!
10:09:57 [allowed] §eTalk to the §r§cGingerbread §r§fMan §r§ein the §r§aHub§r§e!
10:10:00 [allowed] §aYou are playing on profile: §eBanana§b (Co-op)
10:10:00 [allowed] §8Profile ID: 56e969f8-003b-4df1-bbed-3112b2f3dc94
10:10:01 [EMPTY]  
10:10:01 [STASH_COMPACT] §f                     §7You have §a6 §7items stashed away!
10:10:01 [STASH_COMPACT] §f                §6§l>>> §6§lCLICK HERE§e to pick them up! §6§l<<<
10:10:01 [EMPTY]   
10:10:01 [EMPTY]  
10:10:01 [STASH_COMPACT] §f               §7You have §395,820 §7materials stashed away!
10:10:01 [STASH_COMPACT] §f             §8(This totals 19 types of materials stashed!)
10:10:01 [STASH_COMPACT] §f                §3§l>>> §3§lCLICK HERE§b to pick them up! §3§l<<<
10:10:01 [EMPTY]   
10:10:03 [allowed] §7Warping...
10:10:05 [allowed] §cThere are blocks in the way!
10:10:21 [EMPTY]  
10:10:21 [STASH_COMPACT] §f                     §7You have §a6 §7items stashed away!
10:10:21 [STASH_COMPACT] §f                §6§l>>> §6§lCLICK HERE§e to pick them up! §6§l<<<
10:10:21 [EMPTY]   
10:10:21 [EMPTY]  
10:10:21 [STASH_COMPACT] §f               §7You have §395,820 §7materials stashed away!
10:10:21 [STASH_COMPACT] §f             §8(This totals 19 types of materials stashed!)
10:10:21 [STASH_COMPACT] §f                §3§l>>> §3§lCLICK HERE§b to pick them up! §3§l<<<
10:10:21 [EMPTY]   
10:10:34 [allowed] §cThere are blocks in the way!
10:11:18 [allowed] §cThere are blocks in the way!
10:11:18 [allowed] §cThere are blocks in the way!
10:11:21 [EMPTY]  
10:11:21 [STASH_COMPACT] §f                     §7You have §a6 §7items stashed away!
10:11:21 [STASH_COMPACT] §f                §6§l>>> §6§lCLICK HERE§e to pick them up! §6§l<<<
10:11:21 [EMPTY]   
10:11:21 [EMPTY]  
10:11:21 [STASH_COMPACT] §f               §7You have §395,820 §7materials stashed away!
10:11:21 [STASH_COMPACT] §f             §8(This totals 19 types of materials stashed!)
10:11:21 [STASH_COMPACT] §f                §3§l>>> §3§lCLICK HERE§b to pick them up! §3§l<<<
10:11:21 [EMPTY]   
10:11:50 [allowed] §cThere are blocks in the way!
10:11:50 [allowed] §cThere are blocks in the way!
10:12:21 [EMPTY]  
10:12:21 [STASH_COMPACT] §f                     §7You have §a6 §7items stashed away!
10:12:21 [STASH_COMPACT] §f                §6§l>>> §6§lCLICK HERE§e to pick them up! §6§l<<<
10:12:21 [EMPTY]   
10:12:21 [EMPTY]  
10:12:21 [STASH_COMPACT] §f               §7You have §395,820 §7materials stashed away!
10:12:21 [STASH_COMPACT] §f             §8(This totals 19 types of materials stashed!)
10:12:21 [STASH_COMPACT] §f                §3§l>>> §3§lCLICK HERE§b to pick them up! §3§l<<<
10:12:21 [EMPTY]   
10:12:30 [allowed] §d§lHOPPITY'S HUNT §r§dA §r§aChocolate Supper Egg §r§dhas appeared!
10:12:54 [allowed] §e[NPC] Juliette§f: §r§eRomero §rwent to meditate at his retreat.
10:12:56 [allowed] §e[NPC] Juliette§f: §rIt's the smallest house in §aSkyBlock§r.
10:12:58 [allowed] §e[NPC] Juliette§f: §rPlease find him, I'm worried!
10:13:17 [allowed] §aYou earned §r§2328 GEXP §r§a+ §r§c984 Event EXP §r§afrom playing SkyBlock!
10:13:22 [EMPTY]  
10:13:22 [STASH_COMPACT] §f                     §7You have §a6 §7items stashed away!
10:13:22 [STASH_COMPACT] §f                §6§l>>> §6§lCLICK HERE§e to pick them up! §6§l<<<
10:13:22 [EMPTY]   
10:13:22 [EMPTY]  
10:13:22 [STASH_COMPACT] §f               §7You have §395,820 §7materials stashed away!
10:13:22 [STASH_COMPACT] §f             §8(This totals 19 types of materials stashed!)
10:13:22 [STASH_COMPACT] §f                §3§l>>> §3§lCLICK HERE§b to pick them up! §3§l<<<
10:13:22 [EMPTY]   
10:13:27 [allowed] §7Warping...
10:13:27 [allowed] §7Sending to server mini31CH...
10:13:27 [EMPTY] §8 §r§8 §r§1 §r§3 §r§3 §r§7 §r§8 
10:13:27 [allowed] §eYou haven't claimed your §r§6Holidays Rewards §r§eyet!
10:13:27 [allowed] §eTalk to the §r§cGingerbread §r§fMan §r§ein the §r§aHub§r§e!
10:13:30 [allowed] §aYou are playing on profile: §eBanana§b (Co-op)
10:13:30 [allowed] §8Profile ID: 56e969f8-003b-4df1-bbed-3112b2f3dc94
10:13:31 [EMPTY]  
10:13:31 [STASH_COMPACT] §f                     §7You have §a6 §7items stashed away!
10:13:31 [STASH_COMPACT] §f                §6§l>>> §6§lCLICK HERE§e to pick them up! §6§l<<<
10:13:31 [EMPTY]   
10:13:31 [EMPTY]  
10:13:31 [STASH_COMPACT] §f               §7You have §395,820 §7materials stashed away!
10:13:31 [STASH_COMPACT] §f             §8(This totals 19 types of materials stashed!)
10:13:31 [STASH_COMPACT] §f                §3§l>>> §3§lCLICK HERE§b to pick them up! §3§l<<<
10:13:31 [EMPTY]   
10:13:42 [EMPTY]  
10:13:42 [STASH_COMPACT] §f                     §7You have §a6 §7items stashed away!
10:13:42 [STASH_COMPACT] §f                §6§l>>> §6§lCLICK HERE§e to pick them up! §6§l<<<
10:13:42 [EMPTY]   
10:13:42 [EMPTY]  
10:13:42 [STASH_COMPACT] §f               §7You have §395,820 §7materials stashed away!
10:13:42 [STASH_COMPACT] §f             §8(This totals 19 types of materials stashed!)
10:13:42 [STASH_COMPACT] §f                §3§l>>> §3§lCLICK HERE§b to pick them up! §3§l<<<
10:13:42 [EMPTY]   
10:14:02 [allowed] §2Guild > §r§brjl_ §r§ejoined.
10:14:03 [allowed] §c ☠ §r§7§r§7Gradyboi80§r§7 fell into the void§r§7.
10:14:24 [allowed] §cThere are blocks in the way!
10:14:24 [allowed] §cThere are blocks in the way!
10:14:25 [allowed] §e[NPC] Romero§f: §rIt's you, Euphaa!
10:14:27 [allowed] §e[NPC] Romero§f: §rI need your help to win §eJuliette §rback.
10:14:29 [allowed] §e[NPC] Romero§f: §rMy plan is to assemble the greatest §cbouquet §rever!
10:14:31 [allowed] §e[NPC] Romero§f: §rI need a §d§oridiculous §ramount of flowers.
10:14:36 [allowed] §e[NPC] Romero§f: §rIt's you, Euphaa!
10:14:38 [allowed] §e[NPC] Romero§f: §rI need your help to win §eJuliette §rback.
10:14:40 [allowed] §e[NPC] Romero§f: §rMy plan is to assemble the greatest §cbouquet §rever!
10:14:42 [EMPTY]  
10:14:42 [STASH_COMPACT] §f                     §7You have §a6 §7items stashed away!
10:14:42 [STASH_COMPACT] §f                §6§l>>> §6§lCLICK HERE§e to pick them up! §6§l<<<
10:14:42 [EMPTY]   
10:14:42 [EMPTY]  
10:14:42 [STASH_COMPACT] §f               §7You have §395,820 §7materials stashed away!
10:14:42 [STASH_COMPACT] §f             §8(This totals 19 types of materials stashed!)
10:14:42 [STASH_COMPACT] §f                §3§l>>> §3§lCLICK HERE§b to pick them up! §3§l<<<
10:14:42 [EMPTY]   
10:14:42 [allowed] §e[NPC] Romero§f: §rI need a §d§oridiculous §ramount of flowers.
10:14:51 [allowed] §7Warping...
10:14:51 [allowed] §7Sending to server mini92S...
10:14:52 [EMPTY] §8 §r§8 §r§1 §r§3 §r§3 §r§7 §r§8 
10:14:52 [allowed] §eYou haven't claimed your §r§6Holidays Rewards §r§eyet!
10:14:52 [allowed] §eTalk to the §r§cGingerbread §r§fMan §r§ein the §r§aHub§r§e!
10:14:55 [allowed] §aYou are playing on profile: §eBanana§b (Co-op)
10:14:55 [allowed] §8Profile ID: 56e969f8-003b-4df1-bbed-3112b2f3dc94
10:14:55 [EMPTY]  
10:14:55 [STASH_COMPACT] §f                     §7You have §a6 §7items stashed away!
10:14:55 [STASH_COMPACT] §f                §6§l>>> §6§lCLICK HERE§e to pick them up! §6§l<<<
10:14:55 [EMPTY]   
10:14:55 [EMPTY]  
10:14:55 [STASH_COMPACT] §f               §7You have §395,820 §7materials stashed away!
10:14:55 [STASH_COMPACT] §f             §8(This totals 19 types of materials stashed!)
10:14:55 [STASH_COMPACT] §f                §3§l>>> §3§lCLICK HERE§b to pick them up! §3§l<<<
10:14:55 [EMPTY]   
10:15:00 [allowed] §e[NPC] Juliette§f: §rAnother gift from §eRomero§r?
10:15:01 [allowed] §8[§r§3259§r§8] §r§7ᛃ §r§b[MVP§a+§b] ShiningKitten§f§r§f: t/
10:15:01 [allowed] §e[NPC] Juliette§f: §rThank §dyou §rfor delivering it.
10:15:03 [allowed] §e[NPC] Juliette§f: §rI don't know §ohow §r§eRomero §rhas such hard a time understanding that §dI LOVE HIM§r.
10:15:04 [allowed] §d§l§kA§r§r§r §r§e§lEvent§r§r§r: §r§bMayor Elections 389! §r§r§r§d§l§kA
10:15:04 [allowed] §eThe election room is now closed. Clerk Seraphine is doing a final count of the votes...
10:15:04 [EMPTY] 
10:15:05 [SKYMALL] §bNew day! §r§eYour §r§2Sky Mall §r§ebuff changed!
10:15:05 [SKYMALL] §eNew buff§r§r§r: §r§f§r§a-20%§r§f Pickaxe Ability cooldowns.
10:15:05 [SKYMALL] §8§oYou can disable this messaging by toggling Sky Mall in your /hotm!
10:15:05 [allowed] §e[NPC] Juliette§f: §rI like him §djust the way he is§r!
10:15:07 [allowed] §e[NPC] Juliette§f: §rI §cdon't §rneed tons of gifts to know §othat§r.
10:15:10 [allowed] §e[NPC] Juliette§f: §rIt's decided, this is the day!
10:15:11 [allowed] §e[NPC] Juliette§f: §rWe're making it official!
10:15:13 [allowed] §eYour §r§6Exquisite Ring of Love §r§ewas upgraded to §r§6Invaluable Ring of Love§r§e!
10:15:19 [allowed] §2Guild > §r§7Creative_03534 §r§ejoined.
10:15:28 [allowed] §7Warping...
10:15:28 [allowed] §7Sending to server mini36R...
10:15:29 [EMPTY] §8 §r§8 §r§1 §r§3 §r§3 §r§7 §r§8 
10:15:29 [allowed] §eYou haven't claimed your §r§6Holidays Rewards §r§eyet!
10:15:29 [allowed] §eTalk to the §r§cGingerbread §r§fMan §r§ein the §r§aHub§r§e!
10:15:29 [allowed] §8[§r§a144§r§8] §r§6▒ §r§7Quedsten§7§r§7: time to earn money
10:15:32 [allowed] §aYou are playing on profile: §eBanana§b (Co-op)
10:15:32 [allowed] §8Profile ID: 56e969f8-003b-4df1-bbed-3112b2f3dc94
10:15:32 [EMPTY]  
10:15:32 [STASH_COMPACT] §f                     §7You have §a6 §7items stashed away!
10:15:32 [STASH_COMPACT] §f                §6§l>>> §6§lCLICK HERE§e to pick them up! §6§l<<<
10:15:32 [EMPTY]   
10:15:32 [EMPTY]  
10:15:32 [STASH_COMPACT] §f               §7You have §395,820 §7materials stashed away!
10:15:32 [STASH_COMPACT] §f             §8(This totals 19 types of materials stashed!)
10:15:32 [STASH_COMPACT] §f                §3§l>>> §3§lCLICK HERE§b to pick them up! §3§l<<<
10:15:32 [EMPTY]   
10:15:33 [allowed] §2Guild > §b[MVP§d+§b] rjl_§f: §rwait is cole elected??
10:15:37 [allowed] §cThere are blocks in the way!
10:15:37 [allowed] §cThere are blocks in the way!
10:15:44 [allowed] §e[NPC] Seymour§f: §r§fLooking to buy something fancy?
10:15:48 [EMPTY]  
10:15:48 [STASH_COMPACT] §f                     §7You have §a6 §7items stashed away!
10:15:48 [STASH_COMPACT] §f                §6§l>>> §6§lCLICK HERE§e to pick them up! §6§l<<<
10:15:48 [EMPTY]   
10:15:48 [EMPTY]  
10:15:48 [STASH_COMPACT] §f               §7You have §395,820 §7materials stashed away!
10:15:48 [STASH_COMPACT] §f             §8(This totals 19 types of materials stashed!)
10:15:48 [STASH_COMPACT] §f                §3§l>>> §3§lCLICK HERE§b to pick them up! §3§l<<<
10:15:48 [EMPTY]   
10:15:51 [allowed] §2Guild > §b[MVP§4+§b] TheWeirdestFrog§f: §rsady
10:15:54 [allowed] §8Withdrawing coins...
10:15:54 [allowed] §aWithdrew §r§63M coins§r§a! There's now §r§6319.9M coins §r§aleft in the account!
10:15:55 [allowed] §e[NPC] Seymour§f: §r§fLooking to buy something fancy?
10:15:58 [allowed] §2Guild > §r§aI_xel §r§ejoined.
10:15:59 [allowed] §d§l§kA§r§r§r §r§e§lEvent§r§r§r: §r§bMayor Elections 389! §r§r§r§d§l§kA
10:15:59 [allowed] §dCole §eis elected Mayor for the year, §6gg§e!
10:15:59 [allowed] §bMarina §ecame in 2nd and is the Minister, §6lesser gg§e!
10:15:59 [allowed] §eSeraphine counted votes from §r§b76.7k §r§edifferent players.
10:15:59 [allowed] §eEverybody unlocks §r§6exclusive §r§eperks!
10:15:59 [EMPTY] 
10:16:05 [allowed] §2Guild > §b[MVP§d+§b] rjl_§f: §ri still need to do my 1m ores
10:16:11 [allowed] §2Guild > §b[MVP§4+§b] TheWeirdestFrog§f: §rsame
10:16:16 [allowed] §2Guild > §7Creative_03534§f: §rlate
10:16:26 [allowed] §7Warping...
10:16:26 [allowed] §7Sending to server mini255B...
10:16:27 [EMPTY] §8 §r§8 §r§1 §r§3 §r§3 §r§7 §r§8 
10:16:27 [allowed] §eYou haven't claimed your §r§6Holidays Rewards §r§eyet!
10:16:27 [allowed] §eTalk to the §r§cGingerbread §r§fMan §r§ein the §r§aHub§r§e!
10:16:27 [allowed] §8[§r§a139§r§8] §r§7♣ §r§b[MVP§f+§b] JevilFan§f§r§f: 4 perk NEXT election if she ISN'T CHOSEN NOR MINISTER
10:16:30 [allowed] §aYou are playing on profile: §eBanana§b (Co-op)
10:16:30 [allowed] §8Profile ID: 56e969f8-003b-4df1-bbed-3112b2f3dc94
10:16:31 [EMPTY]  
10:16:31 [STASH_COMPACT] §f                     §7You have §a6 §7items stashed away!
10:16:31 [STASH_COMPACT] §f                §6§l>>> §6§lCLICK HERE§e to pick them up! §6§l<<<
10:16:31 [EMPTY]   
10:16:31 [EMPTY]  
10:16:31 [STASH_COMPACT] §f               §7You have §395,820 §7materials stashed away!
10:16:31 [STASH_COMPACT] §f             §8(This totals 19 types of materials stashed!)
10:16:31 [STASH_COMPACT] §f                §3§l>>> §3§lCLICK HERE§b to pick them up! §3§l<<<
10:16:31 [EMPTY]   
10:16:35 [allowed] §e[NPC] Romero§f: §rEuphaa! You're the §ebest person §rto turn the day into something memorable!
10:16:37 [allowed] §e[NPC] Romero§f: §rBut first, you should §6wear something nice§r!
10:16:38 [allowed] §8[§r§9312§r§8] §r§6§lӃ §r§b[MVP§d+§b] FreeTheEnd§f§r§f: D4DK midas is only better for lcm
10:16:40 [allowed] §8[§r§a140§r§8] §r§b[MVP§6+§b] Xelqzi§f§r§f: marina is minister
10:16:43 [allowed] §e[NPC] Romero§f: §rEuphaa! You're the §ebest person §rto turn the day into something memorable!
10:16:44 [allowed] §e[NPC] Romero§f: §rBut first, you should §6wear something nice§r!
10:16:45 [allowed] §8[§r§3266§r§8] §r§7α §r§b[MVP§9+§b] Foxbluee§f§r§f: so still a 4 perk marina during december
10:16:51 [allowed] §8[§r§a139§r§8] §r§6ჶ §r§b[MVP§f+§b] IncognitoPenguin§f§r§f: so a mayor gets 4 perks if they're voted minister?
10:16:53 [allowed] §8[§r§a139§r§8] §r§7♣ §r§b[MVP§f+§b] JevilFan§f§r§f: ah
10:16:54 [allowed] §e[NPC] Romero§f: §r§aLooking slick!
10:16:56 [allowed] §e[NPC] Romero§f: §rYou really look stunning!
10:16:56 [allowed] §8[§r§3266§r§8] §r§7α §r§b[MVP§9+§b] Foxbluee§f§r§f: nah
10:16:57 [allowed] §8[§r§a139§r§8] §r§6ჶ §r§b[MVP§f+§b] IncognitoPenguin§f§r§f: for next vote?
10:16:57 [allowed] §e[NPC] Romero§f: §r§aThank you §rso much for reuniting §eJuliette §rand I.
10:16:59 [allowed] §2Guild > §r§brjl_ §r§eleft.
10:16:59 [allowed] §e[NPC] Romero§f: §rPlease, one last time, give this to §eJuliette§r.
10:17:00 [allowed] §8[§r§a139§r§8] §r§6ჶ §r§b[MVP§f+§b] IncognitoPenguin§f§r§f: then what
10:17:03 [allowed] §e§ka§a>>   §aAchievement Unlocked: §6§r§6Friar Lawrence§r§a   <<§e§ka
10:17:03 [allowed] §e[NPC] Juliette§f: §r§fI love §eRomero§f!
10:17:07 [allowed] §8[§r§3266§r§8] §r§7α §r§b[MVP§9+§b] Foxbluee§f§r§f: it's just change nothing
10:17:08 [allowed] §8[§r§730§r§8] §r§b[MVP§4+§b] D4DK §6Ⓑ§f§r§f: unless diaz is mayor no
10:17:11 [allowed] §eYour §r§6Invaluable Ring of Love §r§ewas upgraded to §r§dLegendary Ring of Love§r§e!
10:17:16 [EMPTY]  
10:17:16 [STASH_COMPACT] §f                     §7You have §a6 §7items stashed away!
10:17:16 [STASH_COMPACT] §f                §6§l>>> §6§lCLICK HERE§e to pick them up! §6§l<<<
10:17:16 [EMPTY]   
10:17:16 [EMPTY]  
10:17:16 [STASH_COMPACT] §f               §7You have §395,820 §7materials stashed away!
10:17:16 [STASH_COMPACT] §f             §8(This totals 19 types of materials stashed!)
10:17:16 [STASH_COMPACT] §f                §3§l>>> §3§lCLICK HERE§b to pick them up! §3§l<<<
10:17:16 [EMPTY]   
10:17:19 [allowed] §8[§r§a139§r§8] §r§7♣ §r§b[MVP§f+§b] JevilFan§f§r§f: then I'm right
10:17:24 [allowed] §8[§r§3266§r§8] §r§7α §r§b[MVP§9+§b] Foxbluee§f§r§f: but it will go to 3 perk to 4
10:17:28 [allowed] §8[§r§3266§r§8] §r§7α §r§b[MVP§9+§b] Foxbluee§f§r§f: no reset
10:17:46 [allowed] §cThere are blocks in the way!
10:17:48 [allowed] §8[§r§a139§r§8] §r§7♣ §r§b[MVP§f+§b] JevilFan§f§r§f: didn't Diana beat a 4 perk cole once?
10:17:50 [allowed] §8[§r§a131§r§8] §r§7❂ §r§b[MVP§f+§b] ihelpyou§f§r§f: where did barry go
10:17:55 [allowed] §8[§r§a139§r§8] §r§6ჶ §r§b[MVP§f+§b] IncognitoPenguin§f§r§f: the rift
10:17:58 [allowed] §cThere are blocks in the way!
10:17:59 [allowed] §8[§r§a131§r§8] §r§7❂ §r§b[MVP§f+§b] ihelpyou§f§r§f: oh yewah
10:18:19 [allowed] §cThere are blocks in the way!
10:18:22 [allowed] §cThere are blocks in the way!
10:18:23 [EMPTY]  
10:18:23 [STASH_COMPACT] §f                     §7You have §a6 §7items stashed away!
10:18:23 [STASH_COMPACT] §f                §6§l>>> §6§lCLICK HERE§e to pick them up! §6§l<<<
10:18:23 [EMPTY]   
10:18:23 [EMPTY]  
10:18:23 [STASH_COMPACT] §f               §7You have §395,820 §7materials stashed away!
10:18:23 [STASH_COMPACT] §f             §8(This totals 19 types of materials stashed!)
10:18:23 [STASH_COMPACT] §f                §3§l>>> §3§lCLICK HERE§b to pick them up! §3§l<<<
10:18:23 [EMPTY]   
10:18:23 [allowed] §8[§r§a139§r§8] §r§7♣ §r§b[MVP§f+§b] JevilFan§f§r§f: check BarryTheBlue's salmon armour
10:18:24 [allowed] §cThere are blocks in the way!
10:18:26 [allowed] §8[§r§3266§r§8] §r§7α §r§b[MVP§9+§b] Foxbluee§f§r§f: same shit people during cole are gonna mine ice
10:18:28 [allowed] §2Guild > §r§7Creative_03534 §r§eleft.
10:18:46 [allowed] §cThere are blocks in the way!
10:18:54 [allowed] §cThere are blocks in the way!
10:18:54 [allowed] §8[§r§a139§r§8] §r§7♣ §r§b[MVP§f+§b] JevilFan§f§r§f: will there still be 4 perk marina?
10:18:54 [allowed] §cThere are blocks in the way!
10:18:55 [allowed] §cThere are blocks in the way!
10:18:55 [allowed] §cThere are blocks in the way!
10:19:00 [allowed] §cThere are blocks in the way!
10:19:06 [allowed] §8[§r§3266§r§8] §r§7α §r§b[MVP§9+§b] Foxbluee§f§r§f: yes
10:19:12 [allowed] §d§lHOPPITY'S HUNT §r§dYou found a §r§6Chocolate Brunch Egg §r§dwithin the Rainmaker shrine§r§d!
10:19:12 [allowed] §8[§r§a139§r§8] §r§7♣ §r§b[MVP§f+§b] JevilFan§f§r§f: during dec?
10:19:12 [allowed] §D§LHOPPITY'S HUNT §7You found §9Widget §7(§9§LRARE§7)!
10:19:12 [allowed] §7§lDUPLICATE RABBIT! §6+23,438,443 Chocolate
10:19:20 [allowed] §8[§r§3266§r§8] §r§7α §r§b[MVP§9+§b] Foxbluee§f§r§f: 1/2
10:19:23 [allowed] §cThere are blocks in the way!
10:19:23 [allowed] §cThere are blocks in the way!
10:19:26 [EMPTY]  
10:19:26 [STASH_COMPACT] §f                     §7You have §a6 §7items stashed away!
10:19:26 [STASH_COMPACT] §f                §6§l>>> §6§lCLICK HERE§e to pick them up! §6§l<<<
10:19:26 [EMPTY]   
10:19:26 [EMPTY]  
10:19:26 [STASH_COMPACT] §f               §7You have §395,820 §7materials stashed away!
10:19:26 [STASH_COMPACT] §f             §8(This totals 19 types of materials stashed!)
10:19:26 [STASH_COMPACT] §f                §3§l>>> §3§lCLICK HERE§b to pick them up! §3§l<<<
10:19:26 [EMPTY]   
10:19:26 [allowed] §8[§r§a139§r§8] §r§7♣ §r§b[MVP§f+§b] JevilFan§f§r§f: ??
10:19:41 [allowed] §2Guild > §r§brjl_ §r§ejoined.
10:19:44 [allowed] §8[§r§3266§r§8] §r§7α §r§b[MVP§9+§b] Foxbluee§f§r§f: marina might or not show up during next election
10:20:08 [allowed] §8[§r§712§r§8] §r§a[VIP] Pletmus §9Ⓑ§f§r§f: can someone do the viking pls
10:20:09 [allowed] §8[§r§a139§r§8] §r§7♣ §r§b[MVP§f+§b] JevilFan§f§r§f: there will be derpy at the end
10:20:09 [allowed] §8[§r§3266§r§8] §r§7α §r§b[MVP§9+§b] Foxbluee§f§r§f: 19mayor so 1 un 2
10:20:15 [allowed] §8[§r§a139§r§8] §r§7♣ §r§b[MVP§f+§b] JevilFan§f§r§f: Pletmus I will
10:20:18 [allowed] §8[§r§3266§r§8] §r§7α §r§b[MVP§9+§b] Foxbluee§f§r§f: derpy is in january
10:20:20 [allowed] §8[§r§712§r§8] §r§a[VIP] Pletmus §9Ⓑ§f§r§f: <3
10:20:25 [allowed] §8[§r§a139§r§8] §r§6ჶ §r§b[MVP§f+§b] IncognitoPenguin§f§r§f: yea derpy at end of december right
10:20:27 [EMPTY]  
10:20:27 [STASH_COMPACT] §f                     §7You have §a6 §7items stashed away!
10:20:27 [STASH_COMPACT] §f                §6§l>>> §6§lCLICK HERE§e to pick them up! §6§l<<<
10:20:27 [EMPTY]   
10:20:27 [EMPTY]  
10:20:27 [STASH_COMPACT] §f               §7You have §395,820 §7materials stashed away!
10:20:27 [STASH_COMPACT] §f             §8(This totals 19 types of materials stashed!)
10:20:27 [STASH_COMPACT] §f                §3§l>>> §3§lCLICK HERE§b to pick them up! §3§l<<<
10:20:27 [EMPTY]   
10:20:30 [allowed] §8[§r§a131§r§8] §r§7❂ §r§b[MVP§f+§b] ihelpyou§f§r§f: yes
10:20:48 [allowed] §cThere are blocks in the way!
10:20:50 [allowed] §cThere are blocks in the way!
10:20:52 [allowed] §d§lHOPPITY'S HUNT §r§dA §r§6Chocolate Breakfast Egg §r§dhas appeared!
10:21:03 [allowed] §8[§r§3266§r§8] §r§7α §r§b[MVP§9+§b] Foxbluee§f§r§f: 28 december derpy
10:21:12 [allowed] §8[§r§3266§r§8] §r§7α §r§b[MVP§9+§b] Foxbluee§f§r§f: just checked
10:21:17 [allowed] §8[§r§a139§r§8] §r§7♣ §r§b[MVP§f+§b] JevilFan§f§r§f: Pletmus come
10:21:25 [allowed] §aYou earned §r§2641 GEXP §r§a+ §r§c1,473 Event EXP §r§afrom playing SkyBlock!
10:21:25 [allowed] ▬▬▬▬▬▬▬▬▬▬▬▬▬▬▬▬▬▬▬▬▬▬▬▬▬▬▬▬▬▬▬▬▬▬▬▬▬▬▬▬▬▬▬▬▬▬▬▬▬▬▬▬▬▬▬▬▬▬▬▬▬▬▬▬
10:21:25 [allowed] §f                                §r§c§k#§r§2 LEVEL UP! §r§c§k#
10:21:25 [EMPTY] 
10:21:25 [allowed] §f                       §r§7You are now §r§cEvent Level §r§236§r§7!
10:21:25 [allowed] §f                       §r§7You earned §r§f26 Event Silver§r§7!
10:21:25 [EMPTY] 
10:21:25 [allowed] ▬▬▬▬▬▬▬▬▬▬▬▬▬▬▬▬▬▬▬▬▬▬▬▬▬▬▬▬▬▬▬▬▬▬▬▬▬▬▬▬▬▬▬▬▬▬▬▬▬▬▬▬▬▬▬▬▬▬▬▬▬▬▬▬
10:21:30 [EMPTY]  
10:21:30 [STASH_COMPACT] §f                     §7You have §a6 §7items stashed away!
10:21:30 [STASH_COMPACT] §f                §6§l>>> §6§lCLICK HERE§e to pick them up! §6§l<<<
10:21:30 [EMPTY]   
10:21:30 [EMPTY]  
10:21:30 [STASH_COMPACT] §f               §7You have §395,820 §7materials stashed away!
10:21:30 [STASH_COMPACT] §f             §8(This totals 19 types of materials stashed!)
10:21:30 [STASH_COMPACT] §f                §3§l>>> §3§lCLICK HERE§b to pick them up! §3§l<<<
10:21:30 [EMPTY]   
10:21:36 [allowed] §cThere are blocks in the way!
10:21:39 [allowed] §cThere are blocks in the way!
10:21:40 [allowed] §cThere are blocks in the way!
10:21:41 [allowed] §8[§r§9319§r§8] §r§b[MVP§a+§b] ViperMageRB §7♲§f§r§f: im saving up hamster wheels for derpy
10:21:42 [allowed] §8[§r§a139§r§8] §r§7♣ §r§b[MVP§f+§b] JevilFan§f§r§f: Pletmus come to the viking
10:21:46 [allowed] §8[§r§9319§r§8] §r§b[MVP§a+§b] ViperMageRB §7♲§f§r§f: gonna afk foraging
10:22:06 [allowed] §cThere are blocks in the way!
10:22:18 [allowed] §8[§r§712§r§8] §r§a[VIP] Pletmus §9Ⓑ§f§r§f: tysm <3
10:22:20 [allowed] §8[§r§a139§r§8] §r§7♣ §r§b[MVP§f+§b] JevilFan§f§r§f: np
10:22:24 [allowed] §7Warping...
10:22:24 [allowed] §7Sending to server mini1016N...
10:22:25 [EMPTY] §8 §r§8 §r§1 §r§3 §r§3 §r§7 §r§8 
10:22:25 [allowed] §eYou haven't claimed your §r§6Holidays Rewards §r§eyet!
10:22:25 [allowed] §eTalk to the §r§cGingerbread §r§fMan §r§ein the §r§aHub§r§e!
10:22:28 [allowed] §aYou are playing on profile: §eBanana§b (Co-op)
10:22:28 [allowed] §8Profile ID: 56e969f8-003b-4df1-bbed-3112b2f3dc94
10:22:28 [EMPTY]  
10:22:28 [STASH_COMPACT] §f                     §7You have §a6 §7items stashed away!
10:22:28 [STASH_COMPACT] §f                §6§l>>> §6§lCLICK HERE§e to pick them up! §6§l<<<
10:22:28 [EMPTY]   
10:22:28 [EMPTY]  
10:22:28 [STASH_COMPACT] §f               §7You have §395,820 §7materials stashed away!
10:22:28 [STASH_COMPACT] §f             §8(This totals 19 types of materials stashed!)
10:22:28 [STASH_COMPACT] §f                §3§l>>> §3§lCLICK HERE§b to pick them up! §3§l<<<
10:22:28 [EMPTY]   
10:22:31 [allowed] §cA magical force surrounding this area prevents you from breaking blocks!
10:22:34 [allowed] §cA magical force surrounding this area prevents you from breaking blocks!
10:22:58 [allowed] §cThere are blocks in the way!
10:23:00 [allowed] §cThere are blocks in the way!
10:23:03 [allowed] §cThere are blocks in the way!
10:23:06 [allowed] §d§l▬▬▬▬▬▬▬▬▬▬▬▬▬▬▬▬▬▬▬▬▬▬▬▬▬▬▬▬▬▬▬▬▬▬▬▬▬▬▬▬▬▬▬▬▬▬▬▬▬▬▬▬▬▬▬▬▬▬▬▬▬▬▬▬
10:23:06 [allowed]   §r§5§lLOOT CHEST COLLECTED 
10:23:06 [EMPTY] 
10:23:06 [allowed]   §r§f§lREWARDS
10:23:06 [allowed]     §r§f❤ Rough Ruby Gemstone §r§8x40
10:23:06 [allowed]     §r§dDiamond Essence
10:23:06 [allowed]     §r§dGold Essence
10:23:06 [allowed]     §r§dGemstone Powder §r§8x414
10:23:06 [allowed] §d§l▬▬▬▬▬▬▬▬▬▬▬▬▬▬▬▬▬▬▬▬▬▬▬▬▬▬▬▬▬▬▬▬▬▬▬▬▬▬▬▬▬▬▬▬▬▬▬▬▬▬▬▬▬▬▬▬▬▬▬▬▬▬▬▬
10:23:07 [EMPTY]  
10:23:07 [STASH_COMPACT] §f                     §7You have §a6 §7items stashed away!
10:23:07 [STASH_COMPACT] §f                §6§l>>> §6§lCLICK HERE§e to pick them up! §6§l<<<
10:23:07 [EMPTY]   
10:23:07 [EMPTY]  
10:23:07 [STASH_COMPACT] §f               §7You have §395,820 §7materials stashed away!
10:23:07 [STASH_COMPACT] §f             §8(This totals 19 types of materials stashed!)
10:23:07 [STASH_COMPACT] §f                §3§l>>> §3§lCLICK HERE§b to pick them up! §3§l<<<
10:23:07 [EMPTY]   
10:23:08 [allowed] §cA magical force surrounding this area prevents you from breaking blocks!
10:23:12 [allowed] §d§l▬▬▬▬▬▬▬▬▬▬▬▬▬▬▬▬▬▬▬▬▬▬▬▬▬▬▬▬▬▬▬▬▬▬▬▬▬▬▬▬▬▬▬▬▬▬▬▬▬▬▬▬▬▬▬▬▬▬▬▬▬▬▬▬
10:23:12 [allowed]   §r§5§lLOOT CHEST COLLECTED 
10:23:12 [EMPTY] 
10:23:12 [allowed]   §r§f§lREWARDS
10:23:12 [allowed]     §r§a⸕ Flawed Amber Gemstone §r§8x2
10:23:12 [allowed]     §r§f⸕ Rough Amber Gemstone §r§8x56
10:23:12 [allowed]     §r§9Goblin Egg
10:23:12 [allowed]     §r§dDiamond Essence
10:23:12 [allowed]     §r§dGold Essence
10:23:12 [allowed]     §r§dGemstone Powder §r§8x465
10:23:12 [allowed] §d§l▬▬▬▬▬▬▬▬▬▬▬▬▬▬▬▬▬▬▬▬▬▬▬▬▬▬▬▬▬▬▬▬▬▬▬▬▬▬▬▬▬▬▬▬▬▬▬▬▬▬▬▬▬▬▬▬▬▬▬▬▬▬▬▬
10:23:15 [allowed] §cA magical force surrounding this area prevents you from breaking blocks!
10:23:17 [allowed] §cA magical force surrounding this area prevents you from breaking blocks!
10:23:27 [allowed] §cA magical force surrounding this area prevents you from breaking blocks!
10:23:28 [allowed] §cA magical force surrounding this area prevents you from breaking blocks!
10:23:29 [allowed] §cA magical force surrounding this area prevents you from breaking blocks!
10:23:31 [allowed] §cA magical force surrounding this area prevents you from breaking blocks!
10:23:32 [allowed] §cA magical force surrounding this area prevents you from breaking blocks!
10:23:37 [allowed] §cA magical force surrounding this area prevents you from breaking blocks!
10:23:39 [allowed] §cA magical force surrounding this area prevents you from breaking blocks!
10:23:41 [allowed] §cA magical force surrounding this area prevents you from breaking blocks!
10:23:42 [allowed] §cA magical force surrounding this area prevents you from breaking blocks!
10:23:43 [allowed] §cA magical force surrounding this area prevents you from breaking blocks!
10:23:48 [allowed] §cA magical force surrounding this area prevents you from breaking blocks!
10:23:49 [allowed] §cA magical force surrounding this area prevents you from breaking blocks!
10:23:50 [allowed] §cA magical force surrounding this area prevents you from breaking blocks!
10:23:51 [allowed] §cA magical force surrounding this area prevents you from breaking blocks!
10:23:53 [allowed] §cA magical force surrounding this area prevents you from breaking blocks!
10:24:05 [allowed]  §b⚑ §eThe §b2x Powder §eevent starts in §a20 §eseconds!
 §eThis is a passive event! §bIt's happening everywhere in the §bCrystal Hollows!
10:24:08 [EMPTY]  
10:24:08 [STASH_COMPACT] §f                     §7You have §a6 §7items stashed away!
10:24:08 [STASH_COMPACT] §f                §6§l>>> §6§lCLICK HERE§e to pick them up! §6§l<<<
10:24:08 [EMPTY]   
10:24:08 [EMPTY]  
10:24:08 [STASH_COMPACT] §f               §7You have §395,820 §7materials stashed away!
10:24:08 [STASH_COMPACT] §f             §8(This totals 19 types of materials stashed!)
10:24:08 [STASH_COMPACT] §f                §3§l>>> §3§lCLICK HERE§b to pick them up! §3§l<<<
10:24:08 [EMPTY]   
10:24:09 [allowed] §8[§r§b220§r§8] §r§6⛂ §r§b[MVP§c+§b] shisui__uchia§f§r§f: POG
10:24:12 [allowed] §8[§r§3260§r§8] §r§7§l⚝ §r§b[MVP§f+§b] Reduced2Pixles§f§r§f: yum
10:24:13 [allowed] §b§lCOMPACT! §r§fYou found an §r§aEnchanted Hard Stone§r§f!
10:24:14 [allowed] §8[§r§a140§r§8] §r§6§lᛝ §r§a[VIP] 27_ms§f§r§f: yess
10:24:22 [allowed] §cThere are blocks in the way!
10:24:25 [allowed] §a§l▬▬▬▬▬▬▬▬▬▬▬▬▬▬▬▬▬▬▬▬▬▬▬▬▬▬▬▬▬▬▬▬▬▬▬▬▬▬▬▬▬▬▬▬▬▬▬▬▬▬▬▬▬▬▬▬▬▬▬▬▬▬▬▬
10:24:25 [allowed] §f                          §r§b§l2X POWDER STARTED!
10:24:25 [allowed] §f                           §r§7Passive Active Event
10:24:25 [EMPTY] §f                                        
10:24:25 [allowed] §f        Everybody gets twice as much powder of all types!
10:24:25 [allowed] §a§l▬▬▬▬▬▬▬▬▬▬▬▬▬▬▬▬▬▬▬▬▬▬▬▬▬▬▬▬▬▬▬▬▬▬▬▬▬▬▬▬▬▬▬▬▬▬▬▬▬▬▬▬▬▬▬▬▬▬▬▬▬▬▬▬
10:24:29 [allowed] §cThere are blocks in the way!
10:24:30 [allowed] §cThere are blocks in the way!
10:24:30 [allowed] §cThere are blocks in the way!
10:24:30 [allowed] §cThere are blocks in the way!
10:24:30 [allowed] §cThere are blocks in the way!
10:24:31 [allowed] §cThere are blocks in the way!
10:24:32 [allowed] §d§l▬▬▬▬▬▬▬▬▬▬▬▬▬▬▬▬▬▬▬▬▬▬▬▬▬▬▬▬▬▬▬▬▬▬▬▬▬▬▬▬▬▬▬▬▬▬▬▬▬▬▬▬▬▬▬▬▬▬▬▬▬▬▬▬
10:24:32 [allowed]   §r§5§lLOOT CHEST COLLECTED 
10:24:32 [EMPTY] 
10:24:32 [allowed]   §r§f§lREWARDS
10:24:32 [allowed]     §r§a⸕ Flawed Amber Gemstone
10:24:32 [allowed]     §r§f⸕ Rough Amber Gemstone §r§8x24
10:24:32 [allowed]     §r§dDiamond Essence
10:24:32 [allowed]     §r§dGemstone Powder §r§8x162
10:24:32 [allowed] §d§l▬▬▬▬▬▬▬▬▬▬▬▬▬▬▬▬▬▬▬▬▬▬▬▬▬▬▬▬▬▬▬▬▬▬▬▬▬▬▬▬▬▬▬▬▬▬▬▬▬▬▬▬▬▬▬▬▬▬▬▬▬▬▬▬
10:24:33 [allowed] §8[§r§9290§r§8] §r§b§lꕪ §r§a[VIP] IsakiSkywalker§f§r§f: how last that lasts?
10:24:37 [allowed] §8[§r§9290§r§8] §r§b§lꕪ §r§a[VIP] IsakiSkywalker§f§r§f: long
10:24:37 [allowed] §d§l▬▬▬▬▬▬▬▬▬▬▬▬▬▬▬▬▬▬▬▬▬▬▬▬▬▬▬▬▬▬▬▬▬▬▬▬▬▬▬▬▬▬▬▬▬▬▬▬▬▬▬▬▬▬▬▬▬▬▬▬▬▬▬▬
10:24:37 [allowed]   §r§5§lLOOT CHEST COLLECTED 
10:24:37 [EMPTY] 
10:24:37 [allowed]   §r§f§lREWARDS
10:24:37 [allowed]     §r§f⸕ Rough Amber Gemstone §r§8x40
10:24:37 [allowed]     §r§9§r§eYellow Goblin Egg
10:24:37 [allowed]     §r§9Goblin Egg
10:24:37 [allowed]     §r§a❤ Flawed Ruby Gemstone
10:24:37 [allowed]     §r§dGold Essence §r§8x3
10:24:37 [allowed]     §r§dGemstone Powder §r§8x370
10:24:37 [allowed] §d§l▬▬▬▬▬▬▬▬▬▬▬▬▬▬▬▬▬▬▬▬▬▬▬▬▬▬▬▬▬▬▬▬▬▬▬▬▬▬▬▬▬▬▬▬▬▬▬▬▬▬▬▬▬▬▬▬▬▬▬▬▬▬▬▬
10:24:39 [allowed] §cThere are blocks in the way!
10:24:44 [allowed] §7Warping...
10:24:51 [allowed] §2Guild > §7SLTGC §3[bot]§f: §rThe99bacon: daddy
10:24:53 [allowed] §cThere are blocks in the way!
10:24:59 [allowed] §8[§r§723§r§8] §r§7Nysoalt08§7§r§7: bal coords please?
10:25:08 [allowed] §cThere are blocks in the way!
10:25:08 [EMPTY]  
10:25:08 [STASH_COMPACT] §f                     §7You have §a6 §7items stashed away!
10:25:08 [STASH_COMPACT] §f                §6§l>>> §6§lCLICK HERE§e to pick them up! §6§l<<<
10:25:08 [EMPTY]   
10:25:08 [EMPTY]  
10:25:08 [STASH_COMPACT] §f               §7You have §395,820 §7materials stashed away!
10:25:08 [STASH_COMPACT] §f             §8(This totals 19 types of materials stashed!)
10:25:08 [STASH_COMPACT] §f                §3§l>>> §3§lCLICK HERE§b to pick them up! §3§l<<<
10:25:08 [EMPTY]   
10:25:12 [allowed] §cThere are blocks in the way!
10:25:32 [allowed] §cThere are blocks in the way!
10:25:33 [allowed] §cThere are blocks in the way!
10:25:33 [allowed] §cThere are blocks in the way!
10:25:33 [allowed] §cThere are blocks in the way!
10:25:36 [allowed] §cThere are blocks in the way!
10:25:37 [allowed] §cYou are already opening a loot chest!
10:25:38 [allowed] §cYou are already opening a loot chest!
10:25:38 [allowed] §cYou are already opening a loot chest!
10:25:38 [allowed] §cYou are already opening a loot chest!
10:25:38 [allowed] §cYou are already opening a loot chest!
10:25:39 [allowed] §cYou are already opening a loot chest!
10:25:39 [allowed] §cYou are already opening a loot chest!
10:25:39 [allowed] §d§l▬▬▬▬▬▬▬▬▬▬▬▬▬▬▬▬▬▬▬▬▬▬▬▬▬▬▬▬▬▬▬▬▬▬▬▬▬▬▬▬▬▬▬▬▬▬▬▬▬▬▬▬▬▬▬▬▬▬▬▬▬▬▬▬
10:25:39 [allowed]   §r§5§lLOOT CHEST COLLECTED 
10:25:39 [EMPTY] 
10:25:39 [allowed]   §r§f§lREWARDS
10:25:39 [allowed]     §r§f☘ Rough Jade Gemstone §r§8x160
10:25:39 [allowed]     §r§dGemstone Powder §r§8x200
10:25:39 [allowed] §d§l▬▬▬▬▬▬▬▬▬▬▬▬▬▬▬▬▬▬▬▬▬▬▬▬▬▬▬▬▬▬▬▬▬▬▬▬▬▬▬▬▬▬▬▬▬▬▬▬▬▬▬▬▬▬▬▬▬▬▬▬▬▬▬▬
10:25:39 [allowed] §cYou are already opening a loot chest!
10:25:44 [allowed] §d§l▬▬▬▬▬▬▬▬▬▬▬▬▬▬▬▬▬▬▬▬▬▬▬▬▬▬▬▬▬▬▬▬▬▬▬▬▬▬▬▬▬▬▬▬▬▬▬▬▬▬▬▬▬▬▬▬▬▬▬▬▬▬▬▬
10:25:44 [allowed]   §r§5§lLOOT CHEST COLLECTED 
10:25:44 [EMPTY] 
10:25:44 [allowed]   §r§f§lREWARDS
10:25:44 [allowed]     §r§f☘ Rough Jade Gemstone §r§8x16
10:25:44 [allowed]     §r§dGold Essence §r§8x5
10:25:44 [allowed]     §r§dGemstone Powder §r§8x525
10:25:44 [allowed] §d§l▬▬▬▬▬▬▬▬▬▬▬▬▬▬▬▬▬▬▬▬▬▬▬▬▬▬▬▬▬▬▬▬▬▬▬▬▬▬▬▬▬▬▬▬▬▬▬▬▬▬▬▬▬▬▬▬▬▬▬▬▬▬▬▬
10:25:58 [allowed] §cThere are blocks in the way!
10:26:05 [allowed] §aYou earned §r§2383 GEXP §r§a+ §r§c1,149 Event EXP §r§afrom playing SkyBlock!
10:26:09 [EMPTY]  
10:26:09 [STASH_COMPACT] §f                     §7You have §a6 §7items stashed away!
10:26:09 [STASH_COMPACT] §f                §6§l>>> §6§lCLICK HERE§e to pick them up! §6§l<<<
10:26:09 [EMPTY]   
10:26:09 [EMPTY]  
10:26:09 [STASH_COMPACT] §f               §7You have §395,820 §7materials stashed away!
10:26:09 [STASH_COMPACT] §f             §8(This totals 19 types of materials stashed!)
10:26:09 [STASH_COMPACT] §f                §3§l>>> §3§lCLICK HERE§b to pick them up! §3§l<<<
10:26:09 [EMPTY]   
10:26:25 [allowed] §cThere are blocks in the way!
10:26:26 [allowed] §cThere are blocks in the way!
10:26:29 [allowed] §cThere are blocks in the way!
10:26:34 [allowed] §9§m-----------------------------------------------------§r§9
§r§b[MVP§r§d+§r§b] rjl_ §r§ehas invited you to join their party!
§r§eYou have §r§c60 §r§eseconds to accept. §r§6Click here to join!§r§9
§r§9§m-----------------------------------------------------
10:26:37 [allowed] §9§m-----------------------------------------------------
10:26:37 [allowed] §eYou have joined §r§b[MVP§r§d+§r§b] rjl_'s §r§eparty!
10:26:37 [allowed] §9§m-----------------------------------------------------
10:26:40 [allowed] §d§lHOPPITY'S HUNT §r§dA §r§9Chocolate Lunch Egg §r§dhas appeared!
10:26:44 [allowed]  §9§l» §brjl_ §eis traveling to §aCrystal Hollows §e§lFOLLOW
10:26:46 [allowed] §7Warping...
10:26:47 [allowed] §cA magical force surrounding this area prevents you from breaking blocks!
10:26:50 [allowed] §cA magical force surrounding this area prevents you from breaking blocks!
10:26:52 [allowed] §9§m-----------------------------------------------------
10:26:52 [allowed] §eThe party was transferred to §r§b[MVP§r§3+§r§b] Euphaa §r§eby §r§b[MVP§r§d+§r§b] rjl_
10:26:52 [allowed] §9§m-----------------------------------------------------
10:26:52 [allowed] §cA magical force surrounding this area prevents you from breaking blocks!
10:26:57 [allowed] §7Warping...
10:26:57 [allowed] §7Sending to server mini66DF...
10:26:58 [EMPTY] §8 §r§8 §r§1 §r§3 §r§3 §r§7 §r§8 
10:26:58 [allowed] §eYou haven't claimed your §r§6Holidays Rewards §r§eyet!
10:26:58 [allowed] §eTalk to the §r§cGingerbread §r§fMan §r§ein the §r§aHub§r§e!
10:27:01 [allowed] §aYou are playing on profile: §eBanana§b (Co-op)
10:27:01 [allowed] §8Profile ID: 56e969f8-003b-4df1-bbed-3112b2f3dc94
10:27:02 [EMPTY]  
10:27:02 [STASH_COMPACT] §f                     §7You have §a6 §7items stashed away!
10:27:02 [STASH_COMPACT] §f                §6§l>>> §6§lCLICK HERE§e to pick them up! §6§l<<<
10:27:02 [EMPTY]   
10:27:02 [EMPTY]  
10:27:02 [STASH_COMPACT] §f               §7You have §395,820 §7materials stashed away!
10:27:02 [STASH_COMPACT] §f             §8(This totals 19 types of materials stashed!)
10:27:02 [STASH_COMPACT] §f                §3§l>>> §3§lCLICK HERE§b to pick them up! §3§l<<<
10:27:02 [EMPTY]   
10:27:03 [allowed] §7Warping...
10:27:03 [allowed] §7Sending to server mini189DD...
10:27:03 [EMPTY] §8 §r§8 §r§1 §r§3 §r§3 §r§7 §r§8 
10:27:03 [allowed] §eYou haven't claimed your §r§6Holidays Rewards §r§eyet!
10:27:03 [allowed] §eTalk to the §r§cGingerbread §r§fMan §r§ein the §r§aHub§r§e!
10:27:04 [allowed] §cA magical force surrounding this area prevents you from breaking blocks!
10:27:06 [allowed] §aYou are playing on profile: §eBanana§b (Co-op)
10:27:06 [allowed] §8Profile ID: 56e969f8-003b-4df1-bbed-3112b2f3dc94
10:27:07 [EMPTY]  
10:27:07 [STASH_COMPACT] §f                     §7You have §a6 §7items stashed away!
10:27:07 [STASH_COMPACT] §f                §6§l>>> §6§lCLICK HERE§e to pick them up! §6§l<<<
10:27:07 [EMPTY]   
10:27:07 [EMPTY]  
10:27:07 [STASH_COMPACT] §f               §7You have §395,820 §7materials stashed away!
10:27:07 [STASH_COMPACT] §f             §8(This totals 19 types of materials stashed!)
10:27:07 [STASH_COMPACT] §f                §3§l>>> §3§lCLICK HERE§b to pick them up! §3§l<<<
10:27:07 [EMPTY]   
10:27:08 [allowed]  §9§l» §brjl_ §eis traveling to §aCrystal Hollows §e§lFOLLOW
10:27:08 [allowed] §cA magical force surrounding this area prevents you from breaking blocks!
10:27:11 [allowed] §cA magical force surrounding this area prevents you from breaking blocks!
10:27:11 [EMPTY]  
10:27:11 [STASH_COMPACT] §f                     §7You have §a6 §7items stashed away!
10:27:11 [STASH_COMPACT] §f                §6§l>>> §6§lCLICK HERE§e to pick them up! §6§l<<<
10:27:11 [EMPTY]   
10:27:11 [EMPTY]  
10:27:11 [STASH_COMPACT] §f               §7You have §395,820 §7materials stashed away!
10:27:11 [STASH_COMPACT] §f             §8(This totals 19 types of materials stashed!)
10:27:11 [STASH_COMPACT] §f                §3§l>>> §3§lCLICK HERE§b to pick them up! §3§l<<<
10:27:11 [EMPTY]   
10:27:13 [allowed] §cA magical force surrounding this area prevents you from breaking blocks!
10:27:19 [allowed] §cThere are blocks in the way!
10:27:20 [allowed] §cThere are blocks in the way!
10:27:26 [allowed] §cThere are blocks in the way!
10:27:27 [allowed] §cThere are blocks in the way!
10:27:31 [allowed] §cA magical force surrounding this area prevents you from breaking blocks!
10:27:32 [allowed] §2Guild > §r§7Creative_03534 §r§ejoined.
10:27:34 [allowed] §d§l▬▬▬▬▬▬▬▬▬▬▬▬▬▬▬▬▬▬▬▬▬▬▬▬▬▬▬▬▬▬▬▬▬▬▬▬▬▬▬▬▬▬▬▬▬▬▬▬▬▬▬▬▬▬▬▬▬▬▬▬▬▬▬▬
10:27:34 [allowed]   §r§5§lLOOT CHEST COLLECTED 
10:27:34 [EMPTY] 
10:27:34 [allowed]   §r§f§lREWARDS
10:27:34 [allowed]     §r§a⸕ Flawed Amber Gemstone
10:27:34 [allowed]     §r§f⸕ Rough Amber Gemstone §r§8x104
10:27:34 [allowed]     §r§f❤ Rough Ruby Gemstone §r§8x8
10:27:34 [allowed]     §r§dGold Essence
10:27:34 [allowed]     §r§dDiamond Essence
10:27:34 [allowed] §d§l▬▬▬▬▬▬▬▬▬▬▬▬▬▬▬▬▬▬▬▬▬▬▬▬▬▬▬▬▬▬▬▬▬▬▬▬▬▬▬▬▬▬▬▬▬▬▬▬▬▬▬▬▬▬▬▬▬▬▬▬▬▬▬▬
10:27:35 [allowed] §cThere are blocks in the way!
10:27:36 [allowed] §cThere are blocks in the way!
10:27:53 [allowed] §cThere are blocks in the way!
10:28:03 [allowed] §2Guild > §r§bMissEepy §r§ejoined.
10:28:06 [allowed] §2Guild > §b[MVP§d+§b] rjl_§f: §ro/
10:28:06 [allowed] §cThere are blocks in the way!
10:28:12 [EMPTY]  
10:28:12 [STASH_COMPACT] §f                     §7You have §a6 §7items stashed away!
10:28:12 [STASH_COMPACT] §f                §6§l>>> §6§lCLICK HERE§e to pick them up! §6§l<<<
10:28:12 [EMPTY]   
10:28:12 [EMPTY]  
10:28:12 [STASH_COMPACT] §f               §7You have §395,820 §7materials stashed away!
10:28:12 [STASH_COMPACT] §f             §8(This totals 19 types of materials stashed!)
10:28:12 [STASH_COMPACT] §f                §3§l>>> §3§lCLICK HERE§b to pick them up! §3§l<<<
10:28:12 [EMPTY]   
10:28:13 [allowed] §cThere are blocks in the way!
10:28:16 [allowed] §2Guild > §b[MVP§4+§b] TheWeirdestFrog§f: §rello
10:28:21 [allowed] §2Guild > §7Creative_03534§f: §rhi rjl and frog
10:28:35 [allowed] §cThere are blocks in the way!
10:28:42 [allowed] §d§l▬▬▬▬▬▬▬▬▬▬▬▬▬▬▬▬▬▬▬▬▬▬▬▬▬▬▬▬▬▬▬▬▬▬▬▬▬▬▬▬▬▬▬▬▬▬▬▬▬▬▬▬▬▬▬▬▬▬▬▬▬▬▬▬
10:28:42 [allowed]   §r§5§lLOOT CHEST COLLECTED 
10:28:42 [EMPTY] 
10:28:42 [allowed]   §r§f§lREWARDS
10:28:42 [allowed]     §r§9Ascension Rope
10:28:42 [allowed]     §r§f⸕ Rough Amber Gemstone §r§8x24
10:28:42 [allowed]     §r§9Goblin Egg
10:28:42 [allowed]     §r§dDiamond Essence §r§8x5
10:28:42 [allowed]     §r§dGemstone Powder §r§8x387
10:28:42 [allowed] §d§l▬▬▬▬▬▬▬▬▬▬▬▬▬▬▬▬▬▬▬▬▬▬▬▬▬▬▬▬▬▬▬▬▬▬▬▬▬▬▬▬▬▬▬▬▬▬▬▬▬▬▬▬▬▬▬▬▬▬▬▬▬▬▬▬
10:28:47 [allowed] §7Warping...
10:28:49 [allowed] §cA magical force surrounding this area prevents you from breaking blocks!
10:28:50 [allowed] §d§l▬▬▬▬▬▬▬▬▬▬▬▬▬▬▬▬▬▬▬▬▬▬▬▬▬▬▬▬▬▬▬▬▬▬▬▬▬▬▬▬▬▬▬▬▬▬▬▬▬▬▬▬▬▬▬▬▬▬▬▬▬▬▬▬
10:28:50 [allowed]   §r§5§lLOOT CHEST COLLECTED 
10:28:50 [EMPTY] 
10:28:50 [allowed]   §r§f§lREWARDS
10:28:50 [allowed]     §r§f⸕ Rough Amber Gemstone §r§8x48
10:28:50 [allowed]     §r§f❤ Rough Ruby Gemstone §r§8x24
10:28:50 [allowed]     §r§dGold Essence
10:28:50 [allowed]     §r§dGemstone Powder §r§8x567
10:28:50 [allowed] §d§l▬▬▬▬▬▬▬▬▬▬▬▬▬▬▬▬▬▬▬▬▬▬▬▬▬▬▬▬▬▬▬▬▬▬▬▬▬▬▬▬▬▬▬▬▬▬▬▬▬▬▬▬▬▬▬▬▬▬▬▬▬▬▬▬
10:28:50 [allowed] §cA magical force surrounding this area prevents you from breaking blocks!
10:29:00 [allowed] §2Guild > §7Creative_03534§f: §r(and eepy)
10:29:00 [allowed]  §b⚑ §eThe §b2x Powder §eevent starts in §a20 §eseconds!
 §eThis is a passive event! §bIt's happening everywhere in the §bCrystal Hollows!
10:29:02 [allowed] §9§m-----------------------------------------------------
10:29:02 [allowed] §cThe party was disbanded because all invites expired and the party was empty.
10:29:02 [allowed] §9§m-----------------------------------------------------
10:29:02 [allowed] §9§m-----------------------------------------------------
10:29:02 [allowed] §b[MVP§r§d+§r§b] rjl_ §r§ehas left the party.
10:29:02 [allowed] §9§m-----------------------------------------------------
10:29:05 [allowed] §cThere are blocks in the way!
10:29:13 [EMPTY]  
10:29:13 [STASH_COMPACT] §f                     §7You have §a6 §7items stashed away!
10:29:13 [STASH_COMPACT] §f                §6§l>>> §6§lCLICK HERE§e to pick them up! §6§l<<<
10:29:13 [EMPTY]   
10:29:13 [EMPTY]  
10:29:13 [STASH_COMPACT] §f               §7You have §395,820 §7materials stashed away!
10:29:13 [STASH_COMPACT] §f             §8(This totals 19 types of materials stashed!)
10:29:13 [STASH_COMPACT] §f                §3§l>>> §3§lCLICK HERE§b to pick them up! §3§l<<<
10:29:13 [EMPTY]   
10:29:15 [allowed] §cThere are blocks in the way!
10:29:15 [allowed] §7Your Implosion hit §r§c2 §r§7enemies for §r§c437,442.8 §r§7damage.
10:29:20 [allowed] §7Your Implosion hit §r§c1 §r§7enemy for §r§c218,721.4 §r§7damage.
10:29:20 [allowed] §a§l▬▬▬▬▬▬▬▬▬▬▬▬▬▬▬▬▬▬▬▬▬▬▬▬▬▬▬▬▬▬▬▬▬▬▬▬▬▬▬▬▬▬▬▬▬▬▬▬▬▬▬▬▬▬▬▬▬▬▬▬▬▬▬▬
10:29:20 [allowed] §f                          §r§b§l2X POWDER STARTED!
10:29:20 [allowed] §f                           §r§7Passive Active Event
10:29:20 [EMPTY] §f                                        
10:29:20 [allowed] §f        Everybody gets twice as much powder of all types!
10:29:20 [allowed] §a§l▬▬▬▬▬▬▬▬▬▬▬▬▬▬▬▬▬▬▬▬▬▬▬▬▬▬▬▬▬▬▬▬▬▬▬▬▬▬▬▬▬▬▬▬▬▬▬▬▬▬▬▬▬▬▬▬▬▬▬▬▬▬▬▬
10:29:22 [allowed] §a§l+5 Kill Combo §r§8§r§b+3✯ Magic Find
10:29:22 [allowed] §7Your Implosion hit §r§c1 §r§7enemy for §r§c218,721.4 §r§7damage.
10:29:26 [allowed] §cThere are blocks in the way!
10:29:32 [allowed] §cYour Kill Combo has expired! You reached a 6 Kill Combo!
10:29:35 [allowed] §2Guild > §7SLTGC §3[bot]§f: §rThe99bacon: chat i can't move my neck am i cooked
10:29:49 [allowed] §2Guild > §b[MVP§4+§b] TheWeirdestFrog§f: §rnah that just happens sometimes
10:29:53 [allowed] §2Guild > §b[MVP§4+§b] TheWeirdestFrog§f: §rur fine
10:29:59 [allowed] §2Guild > §7Creative_03534§f: §rwhy cant you move it?
10:30:02 [allowed]  §b§l» §aLove4pierogi §eis traveling to §aPrivate Island §e§lFOLLOW
10:30:07 [allowed] §2Guild > §7SLTGC §3[bot]§f: §rThe99bacon: yehh ik but its fckn painful
10:30:08 [allowed]  §b§l» §aLove4pierogi §eis traveling to §aPrivate Island §e§lFOLLOW
10:30:13 [allowed] §2Guild > §7SLTGC §3[bot]§f: §rThe99bacon: i think i slept funny
10:30:13 [EMPTY]  
10:30:13 [STASH_COMPACT] §f                     §7You have §a6 §7items stashed away!
10:30:13 [STASH_COMPACT] §f                §6§l>>> §6§lCLICK HERE§e to pick them up! §6§l<<<
10:30:13 [EMPTY]   
10:30:13 [EMPTY]  
10:30:13 [STASH_COMPACT] §f               §7You have §395,820 §7materials stashed away!
10:30:13 [STASH_COMPACT] §f             §8(This totals 19 types of materials stashed!)
10:30:13 [STASH_COMPACT] §f                §3§l>>> §3§lCLICK HERE§b to pick them up! §3§l<<<
10:30:13 [EMPTY]   
10:30:14 [allowed] §cThere are blocks in the way!
10:30:14 [allowed] §cThere are blocks in the way!
10:30:14 [allowed] §cThere are blocks in the way!
10:30:15 [allowed] §cThere are blocks in the way!
10:30:15 [allowed] §cThere are blocks in the way!
10:30:17 [allowed] §2Guild > §7Creative_03534§f: §rthats good
10:30:19 [allowed] §cThere are blocks in the way!
10:30:27 [allowed] §2Guild > §7Creative_03534§f: §rwait
10:30:29 [allowed] §2Guild > §7Creative_03534§f: §rwell its not good
10:30:31 [allowed] §2Guild > §7SLTGC §3[bot]§f: §rThe99bacon: now i gotta deal with this shi for a few days
10:30:37 [allowed] §2Guild > §7SLTGC §3[bot]§f: §rThe99bacon: yea haha not great
10:30:42 [allowed] §cThere are blocks in the way!
10:30:56 [allowed] §cThere are blocks in the way!
10:30:56 [allowed] §2Guild > §7Creative_03534§f: §rbut it would be worse if you couldn't move it because you couldn't feel it at all
10:30:56 [allowed] §2Guild > §7SLTGC §3[bot]§f: §rThe99bacon: hopefully its gone soon bc i have a driving lesson on tuesday
10:30:56 [allowed] §cThere are blocks in the way!
10:31:03 [allowed] §2Guild > §7SLTGC §3[bot]§f: §rThe99bacon: yea ik
10:31:11 [allowed] §cThere are blocks in the way!
10:31:13 [allowed] §cThere are blocks in the way!
10:31:14 [EMPTY]  
10:31:14 [STASH_COMPACT] §f                     §7You have §a6 §7items stashed away!
10:31:14 [STASH_COMPACT] §f                §6§l>>> §6§lCLICK HERE§e to pick them up! §6§l<<<
10:31:14 [EMPTY]   
10:31:14 [EMPTY]  
10:31:14 [STASH_COMPACT] §f               §7You have §395,820 §7materials stashed away!
10:31:14 [STASH_COMPACT] §f             §8(This totals 19 types of materials stashed!)
10:31:14 [STASH_COMPACT] §f                §3§l>>> §3§lCLICK HERE§b to pick them up! §3§l<<<
10:31:14 [EMPTY]   
10:31:14 [allowed] §cThere are blocks in the way!
10:31:15 [allowed] §cThere are blocks in the way!
10:31:18 [allowed] §cThere are blocks in the way!
10:31:18 [allowed] §cThere are blocks in the way!
10:31:19 [allowed] §cThere are blocks in the way!
