09:55:20 [EMPTY] §f §r§r§r§f §r§r§r§1 §r§r§r§0 §r§r§r§2 §r§r§r§f §r§r§r§f §r§r§r§2 §r§r§r§0 §r§r§r§4 §r§r§r§3 §r§r§r§9 §r§r§r§2 §r§r§r§0 §r§r§r§0 §r§r§r§3 §r§r§r§9 §r§r§r§2 §r§r§r§0 §r§r§r§0 §r§r§r§3 §r§r§r§9 §r§r§r§2 §r§r§r§0 §r§r§r§0 
09:55:20 [EMPTY] 
09:55:26 [EMPTY] §8 §r§8 §r§1 §r§3 §r§3 §r§7 §r§8 
09:55:29 [EMPTY] 
09:55:29 [EMPTY] 
09:55:30 [EMPTY]  
09:55:30 [STASH_COMPACT] §f                     §7You have §a6 §7items stashed away!
09:55:30 [STASH_COMPACT] §f                §6§l>>> §6§lCLICK HERE§e to pick them up! §6§l<<<
09:55:30 [EMPTY]   
09:55:30 [EMPTY]  
09:55:30 [STASH_COMPACT] §f               §7You have §395,820 §7materials stashed away!
09:55:30 [STASH_COMPACT] §f             §8(This totals 19 types of materials stashed!)
09:55:30 [STASH_COMPACT] §f                §3§l>>> §3§lCLICK HERE§b to pick them up! §3§l<<<
09:55:30 [EMPTY]   
09:55:59 [EMPTY]  
09:55:59 [STASH_COMPACT] §f                     §7You have §a6 §7items stashed away!
09:55:59 [STASH_COMPACT] §f                §6§l>>> §6§lCLICK HERE§e to pick them up! §6§l<<<
09:55:59 [EMPTY]   
09:55:59 [EMPTY]  
09:55:59 [STASH_COMPACT] §f               §7You have §395,820 §7materials stashed away!
09:55:59 [STASH_COMPACT] §f             §8(This totals 19 types of materials stashed!)
09:55:59 [STASH_COMPACT] §f                §3§l>>> §3§lCLICK HERE§b to pick them up! §3§l<<<
09:55:59 [EMPTY]   
09:56:35 [EMPTY] §8 §r§8 §r§1 §r§3 §r§3 §r§7 §r§8 
09:56:35 [EMPTY] 
09:56:38 [EMPTY]  
09:56:38 [STASH_COMPACT] §f                     §7You have §a6 §7items stashed away!
09:56:38 [STASH_COMPACT] §f                §6§l>>> §6§lCLICK HERE§e to pick them up! §6§l<<<
09:56:38 [EMPTY]   
09:56:38 [EMPTY]  
09:56:38 [STASH_COMPACT] §f               §7You have §395,820 §7materials stashed away!
09:56:38 [STASH_COMPACT] §f             §8(This totals 19 types of materials stashed!)
09:56:38 [STASH_COMPACT] §f                §3§l>>> §3§lCLICK HERE§b to pick them up! §3§l<<<
09:56:38 [EMPTY]   
09:56:39 [EMPTY]  
09:56:39 [STASH_COMPACT] §f                     §7You have §a6 §7items stashed away!
09:56:39 [STASH_COMPACT] §f                §6§l>>> §6§lCLICK HERE§e to pick them up! §6§l<<<
09:56:39 [EMPTY]   
09:56:39 [EMPTY]  
09:56:39 [STASH_COMPACT] §f               §7You have §395,820 §7materials stashed away!
09:56:39 [STASH_COMPACT] §f             §8(This totals 19 types of materials stashed!)
09:56:39 [STASH_COMPACT] §f                §3§l>>> §3§lCLICK HERE§b to pick them up! §3§l<<<
09:56:39 [EMPTY]   
09:57:39 [EMPTY]  
09:57:39 [STASH_COMPACT] §f                     §7You have §a6 §7items stashed away!
09:57:39 [STASH_COMPACT] §f                §6§l>>> §6§lCLICK HERE§e to pick them up! §6§l<<<
09:57:39 [EMPTY]   
09:57:39 [EMPTY]  
09:57:39 [STASH_COMPACT] §f               §7You have §395,820 §7materials stashed away!
09:57:39 [STASH_COMPACT] §f             §8(This totals 19 types of materials stashed!)
09:57:39 [STASH_COMPACT] §f                §3§l>>> §3§lCLICK HERE§b to pick them up! §3§l<<<
09:57:39 [EMPTY]   
09:58:40 [EMPTY]  
09:58:40 [STASH_COMPACT] §f                     §7You have §a6 §7items stashed away!
09:58:40 [STASH_COMPACT] §f                §6§l>>> §6§lCLICK HERE§e to pick them up! §6§l<<<
09:58:40 [EMPTY]   
09:58:40 [EMPTY]  
09:58:40 [STASH_COMPACT] §f               §7You have §395,820 §7materials stashed away!
09:58:40 [STASH_COMPACT] §f             §8(This totals 19 types of materials stashed!)
09:58:40 [STASH_COMPACT] §f                §3§l>>> §3§lCLICK HERE§b to pick them up! §3§l<<<
09:58:40 [EMPTY]   
09:59:40 [EMPTY]  
09:59:40 [STASH_COMPACT] §f                     §7You have §a6 §7items stashed away!
09:59:40 [STASH_COMPACT] §f                §6§l>>> §6§lCLICK HERE§e to pick them up! §6§l<<<
09:59:40 [EMPTY]   
09:59:40 [EMPTY]  
09:59:40 [STASH_COMPACT] §f               §7You have §395,820 §7materials stashed away!
09:59:40 [STASH_COMPACT] §f             §8(This totals 19 types of materials stashed!)
09:59:40 [STASH_COMPACT] §f                §3§l>>> §3§lCLICK HERE§b to pick them up! §3§l<<<
09:59:40 [EMPTY]   
10:00:12 [EMPTY] §8 §r§8 §r§1 §r§3 §r§3 §r§7 §r§8 
10:00:16 [EMPTY]  
10:00:16 [STASH_COMPACT] §f                     §7You have §a6 §7items stashed away!
10:00:16 [STASH_COMPACT] §f                §6§l>>> §6§lCLICK HERE§e to pick them up! §6§l<<<
10:00:16 [EMPTY]   
10:00:16 [EMPTY]  
10:00:16 [STASH_COMPACT] §f               §7You have §395,820 §7materials stashed away!
10:00:16 [STASH_COMPACT] §f             §8(This totals 19 types of materials stashed!)
10:00:16 [STASH_COMPACT] §f                §3§l>>> §3§lCLICK HERE§b to pick them up! §3§l<<<
10:00:16 [EMPTY]   
10:00:21 [EMPTY] §8 §r§8 §r§1 §r§3 §r§3 §r§7 §r§8 
10:00:25 [EMPTY]  
10:00:25 [STASH_COMPACT] §f                     §7You have §a6 §7items stashed away!
10:00:25 [STASH_COMPACT] §f                §6§l>>> §6§lCLICK HERE§e to pick them up! §6§l<<<
10:00:25 [EMPTY]   
10:00:25 [EMPTY]  
10:00:25 [STASH_COMPACT] §f               §7You have §395,820 §7materials stashed away!
10:00:25 [STASH_COMPACT] §f             §8(This totals 19 types of materials stashed!)
10:00:25 [STASH_COMPACT] §f                §3§l>>> §3§lCLICK HERE§b to pick them up! §3§l<<<
10:00:25 [EMPTY]   
10:00:26 [EMPTY]  
10:00:26 [STASH_COMPACT] §f                     §7You have §a6 §7items stashed away!
10:00:26 [STASH_COMPACT] §f                §6§l>>> §6§lCLICK HERE§e to pick them up! §6§l<<<
10:00:26 [EMPTY]   
10:00:26 [EMPTY]  
10:00:26 [STASH_COMPACT] §f               §7You have §395,820 §7materials stashed away!
10:00:26 [STASH_COMPACT] §f             §8(This totals 19 types of materials stashed!)
10:00:26 [STASH_COMPACT] §f                §3§l>>> §3§lCLICK HERE§b to pick them up! §3§l<<<
10:00:26 [EMPTY]   
10:01:26 [EMPTY]  
10:01:26 [STASH_COMPACT] §f                     §7You have §a6 §7items stashed away!
10:01:26 [STASH_COMPACT] §f                §6§l>>> §6§lCLICK HERE§e to pick them up! §6§l<<<
10:01:26 [EMPTY]   
10:01:26 [EMPTY]  
10:01:26 [STASH_COMPACT] §f               §7You have §395,820 §7materials stashed away!
10:01:26 [STASH_COMPACT] §f             §8(This totals 19 types of materials stashed!)
10:01:26 [STASH_COMPACT] §f                §3§l>>> §3§lCLICK HERE§b to pick them up! §3§l<<<
10:01:26 [EMPTY]   
10:02:26 [EMPTY]  
10:02:26 [STASH_COMPACT] §f                     §7You have §a6 §7items stashed away!
10:02:26 [STASH_COMPACT] §f                §6§l>>> §6§lCLICK HERE§e to pick them up! §6§l<<<
10:02:26 [EMPTY]   
10:02:26 [EMPTY]  
10:02:26 [STASH_COMPACT] §f               §7You have §395,820 §7materials stashed away!
10:02:26 [STASH_COMPACT] §f             §8(This totals 19 types of materials stashed!)
10:02:26 [STASH_COMPACT] §f                §3§l>>> §3§lCLICK HERE§b to pick them up! §3§l<<<
10:02:26 [EMPTY]   
10:03:26 [EMPTY]  
10:03:26 [STASH_COMPACT] §f                     §7You have §a6 §7items stashed away!
10:03:26 [STASH_COMPACT] §f                §6§l>>> §6§lCLICK HERE§e to pick them up! §6§l<<<
10:03:26 [EMPTY]   
10:03:26 [EMPTY]  
10:03:26 [STASH_COMPACT] §f               §7You have §395,820 §7materials stashed away!
10:03:26 [STASH_COMPACT] §f             §8(This totals 19 types of materials stashed!)
10:03:26 [STASH_COMPACT] §f                §3§l>>> §3§lCLICK HERE§b to pick them up! §3§l<<<
10:03:26 [EMPTY]   
10:03:35 [EMPTY] §8 §r§8 §r§1 §r§3 §r§3 §r§7 §r§8 
10:03:39 [EMPTY]  
10:03:39 [STASH_COMPACT] §f                     §7You have §a6 §7items stashed away!
10:03:39 [STASH_COMPACT] §f                §6§l>>> §6§lCLICK HERE§e to pick them up! §6§l<<<
10:03:39 [EMPTY]   
10:03:39 [EMPTY]  
10:03:39 [STASH_COMPACT] §f               §7You have §395,820 §7materials stashed away!
10:03:39 [STASH_COMPACT] §f             §8(This totals 19 types of materials stashed!)
10:03:39 [STASH_COMPACT] §f                §3§l>>> §3§lCLICK HERE§b to pick them up! §3§l<<<
10:03:39 [EMPTY]   
10:03:43 [EMPTY]  
10:03:43 [STASH_COMPACT] §f                     §7You have §a6 §7items stashed away!
10:03:43 [STASH_COMPACT] §f                §6§l>>> §6§lCLICK HERE§e to pick them up! §6§l<<<
10:03:43 [EMPTY]   
10:03:43 [EMPTY]  
10:03:43 [STASH_COMPACT] §f               §7You have §395,820 §7materials stashed away!
10:03:43 [STASH_COMPACT] §f             §8(This totals 19 types of materials stashed!)
10:03:43 [STASH_COMPACT] §f                §3§l>>> §3§lCLICK HERE§b to pick them up! §3§l<<<
10:03:43 [EMPTY]   
10:04:44 [EMPTY]  
10:04:44 [STASH_COMPACT] §f                     §7You have §a6 §7items stashed away!
10:04:44 [STASH_COMPACT] §f                §6§l>>> §6§lCLICK HERE§e to pick them up! §6§l<<<
10:04:44 [EMPTY]   
10:04:44 [EMPTY]  
10:04:44 [STASH_COMPACT] §f               §7You have §395,820 §7materials stashed away!
10:04:44 [STASH_COMPACT] §f             §8(This totals 19 types of materials stashed!)
10:04:44 [STASH_COMPACT] §f                §3§l>>> §3§lCLICK HERE§b to pick them up! §3§l<<<
10:04:44 [EMPTY]   
10:04:48 [EMPTY] §8 §r§8 §r§1 §r§3 §r§3 §r§7 §r§8 
10:04:51 [EMPTY]  
10:04:51 [STASH_COMPACT] §f                     §7You have §a6 §7items stashed away!
10:04:51 [STASH_COMPACT] §f                §6§l>>> §6§lCLICK HERE§e to pick them up! §6§l<<<
10:04:51 [EMPTY]   
10:04:51 [EMPTY]  
10:04:51 [STASH_COMPACT] §f               §7You have §395,820 §7materials stashed away!
10:04:51 [STASH_COMPACT] §f             §8(This totals 19 types of materials stashed!)
10:04:51 [STASH_COMPACT] §f                §3§l>>> §3§lCLICK HERE§b to pick them up! §3§l<<<
10:04:51 [EMPTY]   
10:05:23 [EMPTY]  
10:05:23 [STASH_COMPACT] §f                     §7You have §a6 §7items stashed away!
10:05:23 [STASH_COMPACT] §f                §6§l>>> §6§lCLICK HERE§e to pick them up! §6§l<<<
10:05:23 [EMPTY]   
10:05:23 [EMPTY]  
10:05:23 [STASH_COMPACT] §f               §7You have §395,820 §7materials stashed away!
10:05:23 [STASH_COMPACT] §f             §8(This totals 19 types of materials stashed!)
10:05:23 [STASH_COMPACT] §f                §3§l>>> §3§lCLICK HERE§b to pick them up! §3§l<<<
10:05:23 [EMPTY]   
10:05:33 [EMPTY] §8 §r§8 §r§1 §r§3 §r§3 §r§7 §r§8 
10:05:36 [EMPTY]  
10:05:36 [STASH_COMPACT] §f                     §7You have §a6 §7items stashed away!
10:05:36 [STASH_COMPACT] §f                §6§l>>> §6§lCLICK HERE§e to pick them up! §6§l<<<
10:05:36 [EMPTY]   
10:05:36 [EMPTY]  
10:05:36 [STASH_COMPACT] §f               §7You have §395,820 §7materials stashed away!
10:05:36 [STASH_COMPACT] §f             §8(This totals 19 types of materials stashed!)
10:05:36 [STASH_COMPACT] §f                §3§l>>> §3§lCLICK HERE§b to pick them up! §3§l<<<
10:05:36 [EMPTY]   
10:05:37 [EMPTY]  
10:05:37 [STASH_COMPACT] §f                     §7You have §a6 §7items stashed away!
10:05:37 [STASH_COMPACT] §f                §6§l>>> §6§lCLICK HERE§e to pick them up! §6§l<<<
10:05:37 [EMPTY]   
10:05:37 [EMPTY]  
10:05:37 [STASH_COMPACT] §f               §7You have §395,820 §7materials stashed away!
10:05:37 [STASH_COMPACT] §f             §8(This totals 19 types of materials stashed!)
10:05:37 [STASH_COMPACT] §f                §3§l>>> §3§lCLICK HERE§b to pick them up! §3§l<<<
10:05:37 [EMPTY]   
10:05:48 [EMPTY] §f §r§r§r§f §r§r§r§1 §r§r§r§0 §r§r§r§2 §r§r§r§f §r§r§r§f §r§r§r§2 §r§r§r§0 §r§r§r§4 §r§r§r§3 §r§r§r§9 §r§r§r§2 §r§r§r§0 §r§r§r§0 §r§r§r§3 §r§r§r§9 §r§r§r§2 §r§r§r§0 §r§r§r§0 §r§r§r§3 §r§r§r§9 §r§r§r§2 §r§r§r§0 §r§r§r§0 
10:05:48 [EMPTY] 
10:07:10 [EMPTY] §f §r§r§r§f §r§r§r§1 §r§r§r§0 §r§r§r§2 §r§r§r§f §r§r§r§f §r§r§r§2 §r§r§r§0 §r§r§r§4 §r§r§r§3 §r§r§r§9 §r§r§r§2 §r§r§r§0 §r§r§r§0 §r§r§r§3 §r§r§r§9 §r§r§r§2 §r§r§r§0 §r§r§r§0 §r§r§r§3 §r§r§r§9 §r§r§r§2 §r§r§r§0 §r§r§r§0 
10:07:11 [EMPTY] 
10:07:13 [EMPTY] §8 §r§8 §r§1 §r§3 §r§3 §r§7 §r§8 
10:07:14 [EMPTY] 
10:07:15 [EMPTY] 
10:07:15 [EMPTY] 
10:07:26 [EMPTY] §8 §r§8 §r§1 §r§3 §r§3 §r§7 §r§8 
10:08:03 [EMPTY] §8 §r§8 §r§1 §r§3 §r§3 §r§7 §r§8 
10:08:50 [EMPTY] §f §r§r§r§f §r§r§r§1 §r§r§r§0 §r§r§r§2 §r§r§r§f §r§r§r§f §r§r§r§2 §r§r§r§0 §r§r§r§4 §r§r§r§3 §r§r§r§9 §r§r§r§2 §r§r§r§0 §r§r§r§0 §r§r§r§3 §r§r§r§9 §r§r§r§2 §r§r§r§0 §r§r§r§0 §r§r§r§3 §r§r§r§9 §r§r§r§2 §r§r§r§0 §r§r§r§0 
10:08:51 [EMPTY] 
10:08:52 [EMPTY] §8 §r§8 §r§1 §r§3 §r§3 §r§7 §r§8 
10:08:55 [EMPTY] 
10:08:55 [EMPTY] 
10:09:06 [EMPTY]  
10:09:06 [STASH_COMPACT] §f                     §7You have §a6 §7items stashed away!
10:09:06 [STASH_COMPACT] §f                §6§l>>> §6§lCLICK HERE§e to pick them up! §6§l<<<
10:09:06 [EMPTY]   
10:09:06 [EMPTY]  
10:09:06 [STASH_COMPACT] §f               §7You have §395,820 §7materials stashed away!
10:09:06 [STASH_COMPACT] §f             §8(This totals 19 types of materials stashed!)
10:09:06 [STASH_COMPACT] §f                §3§l>>> §3§lCLICK HERE§b to pick them up! §3§l<<<
10:09:06 [EMPTY]   
10:09:08 [EMPTY]  
10:09:08 [STASH_COMPACT] §f                     §7You have §a6 §7items stashed away!
10:09:08 [STASH_COMPACT] §f                §6§l>>> §6§lCLICK HERE§e to pick them up! §6§l<<<
10:09:08 [EMPTY]   
10:09:08 [EMPTY]  
10:09:08 [STASH_COMPACT] §f               §7You have §395,820 §7materials stashed away!
10:09:08 [STASH_COMPACT] §f             §8(This totals 19 types of materials stashed!)
10:09:08 [STASH_COMPACT] §f                §3§l>>> §3§lCLICK HERE§b to pick them up! §3§l<<<
10:09:08 [EMPTY]   
10:09:57 [EMPTY] §8 §r§8 §r§1 §r§3 §r§3 §r§7 §r§8 
10:10:01 [EMPTY]  
10:10:01 [STASH_COMPACT] §f                     §7You have §a6 §7items stashed away!
10:10:01 [STASH_COMPACT] §f                §6§l>>> §6§lCLICK HERE§e to pick them up! §6§l<<<
10:10:01 [EMPTY]   
10:10:01 [EMPTY]  
10:10:01 [STASH_COMPACT] §f               §7You have §395,820 §7materials stashed away!
10:10:01 [STASH_COMPACT] §f             §8(This totals 19 types of materials stashed!)
10:10:01 [STASH_COMPACT] §f                §3§l>>> §3§lCLICK HERE§b to pick them up! §3§l<<<
10:10:01 [EMPTY]   
10:10:21 [EMPTY]  
10:10:21 [STASH_COMPACT] §f                     §7You have §a6 §7items stashed away!
10:10:21 [STASH_COMPACT] §f                §6§l>>> §6§lCLICK HERE§e to pick them up! §6§l<<<
10:10:21 [EMPTY]   
10:10:21 [EMPTY]  
10:10:21 [STASH_COMPACT] §f               §7You have §395,820 §7materials stashed away!
10:10:21 [STASH_COMPACT] §f             §8(This totals 19 types of materials stashed!)
10:10:21 [STASH_COMPACT] §f                §3§l>>> §3§lCLICK HERE§b to pick them up! §3§l<<<
10:10:21 [EMPTY]   
10:11:21 [EMPTY]  
10:11:21 [STASH_COMPACT] §f                     §7You have §a6 §7items stashed away!
10:11:21 [STASH_COMPACT] §f                §6§l>>> §6§lCLICK HERE§e to pick them up! §6§l<<<
10:11:21 [EMPTY]   
10:11:21 [EMPTY]  
10:11:21 [STASH_COMPACT] §f               §7You have §395,820 §7materials stashed away!
10:11:21 [STASH_COMPACT] §f             §8(This totals 19 types of materials stashed!)
10:11:21 [STASH_COMPACT] §f                §3§l>>> §3§lCLICK HERE§b to pick them up! §3§l<<<
10:11:21 [EMPTY]   
10:12:21 [EMPTY]  
10:12:21 [STASH_COMPACT] §f                     §7You have §a6 §7items stashed away!
10:12:21 [STASH_COMPACT] §f                §6§l>>> §6§lCLICK HERE§e to pick them up! §6§l<<<
10:12:21 [EMPTY]   
10:12:21 [EMPTY]  
10:12:21 [STASH_COMPACT] §f               §7You have §395,820 §7materials stashed away!
10:12:21 [STASH_COMPACT] §f             §8(This totals 19 types of materials stashed!)
10:12:21 [STASH_COMPACT] §f                §3§l>>> §3§lCLICK HERE§b to pick them up! §3§l<<<
10:12:21 [EMPTY]   
10:13:22 [EMPTY]  
10:13:22 [STASH_COMPACT] §f                     §7You have §a6 §7items stashed away!
10:13:22 [STASH_COMPACT] §f                §6§l>>> §6§lCLICK HERE§e to pick them up! §6§l<<<
10:13:22 [EMPTY]   
10:13:22 [EMPTY]  
10:13:22 [STASH_COMPACT] §f               §7You have §395,820 §7materials stashed away!
10:13:22 [STASH_COMPACT] §f             §8(This totals 19 types of materials stashed!)
10:13:22 [STASH_COMPACT] §f                §3§l>>> §3§lCLICK HERE§b to pick them up! §3§l<<<
10:13:22 [EMPTY]   
10:13:27 [EMPTY] §8 §r§8 §r§1 §r§3 §r§3 §r§7 §r§8 
10:13:31 [EMPTY]  
10:13:31 [STASH_COMPACT] §f                     §7You have §a6 §7items stashed away!
10:13:31 [STASH_COMPACT] §f                §6§l>>> §6§lCLICK HERE§e to pick them up! §6§l<<<
10:13:31 [EMPTY]   
10:13:31 [EMPTY]  
10:13:31 [STASH_COMPACT] §f               §7You have §395,820 §7materials stashed away!
10:13:31 [STASH_COMPACT] §f             §8(This totals 19 types of materials stashed!)
10:13:31 [STASH_COMPACT] §f                §3§l>>> §3§lCLICK HERE§b to pick them up! §3§l<<<
10:13:31 [EMPTY]   
10:13:42 [EMPTY]  
10:13:42 [STASH_COMPACT] §f                     §7You have §a6 §7items stashed away!
10:13:42 [STASH_COMPACT] §f                §6§l>>> §6§lCLICK HERE§e to pick them up! §6§l<<<
10:13:42 [EMPTY]   
10:13:42 [EMPTY]  
10:13:42 [STASH_COMPACT] §f               §7You have §395,820 §7materials stashed away!
10:13:42 [STASH_COMPACT] §f             §8(This totals 19 types of materials stashed!)
10:13:42 [STASH_COMPACT] §f                §3§l>>> §3§lCLICK HERE§b to pick them up! §3§l<<<
10:13:42 [EMPTY]   
10:14:42 [EMPTY]  
10:14:42 [STASH_COMPACT] §f                     §7You have §a6 §7items stashed away!
10:14:42 [STASH_COMPACT] §f                §6§l>>> §6§lCLICK HERE§e to pick them up! §6§l<<<
10:14:42 [EMPTY]   
10:14:42 [EMPTY]  
10:14:42 [STASH_COMPACT] §f               §7You have §395,820 §7materials stashed away!
10:14:42 [STASH_COMPACT] §f             §8(This totals 19 types of materials stashed!)
10:14:42 [STASH_COMPACT] §f                §3§l>>> §3§lCLICK HERE§b to pick them up! §3§l<<<
10:14:42 [EMPTY]   
10:14:52 [EMPTY] §8 §r§8 §r§1 §r§3 §r§3 §r§7 §r§8 
10:14:55 [EMPTY]  
10:14:55 [STASH_COMPACT] §f                     §7You have §a6 §7items stashed away!
10:14:55 [STASH_COMPACT] §f                §6§l>>> §6§lCLICK HERE§e to pick them up! §6§l<<<
10:14:55 [EMPTY]   
10:14:55 [EMPTY]  
10:14:55 [STASH_COMPACT] §f               §7You have §395,820 §7materials stashed away!
10:14:55 [STASH_COMPACT] §f             §8(This totals 19 types of materials stashed!)
10:14:55 [STASH_COMPACT] §f                §3§l>>> §3§lCLICK HERE§b to pick them up! §3§l<<<
10:14:55 [EMPTY]   
10:15:04 [EMPTY] 
10:15:05 [SKYMALL] §bNew day! §r§eYour §r§2Sky Mall §r§ebuff changed!
10:15:05 [SKYMALL] §eNew buff§r§r§r: §r§f§r§a-20%§r§f Pickaxe Ability cooldowns.
10:15:05 [SKYMALL] §8§oYou can disable this messaging by toggling Sky Mall in your /hotm!
10:15:29 [EMPTY] §8 §r§8 §r§1 §r§3 §r§3 §r§7 §r§8 
10:15:32 [EMPTY]  
10:15:32 [STASH_COMPACT] §f                     §7You have §a6 §7items stashed away!
10:15:32 [STASH_COMPACT] §f                §6§l>>> §6§lCLICK HERE§e to pick them up! §6§l<<<
10:15:32 [EMPTY]   
10:15:32 [EMPTY]  
10:15:32 [STASH_COMPACT] §f               §7You have §395,820 §7materials stashed away!
10:15:32 [STASH_COMPACT] §f             §8(This totals 19 types of materials stashed!)
10:15:32 [STASH_COMPACT] §f                §3§l>>> §3§lCLICK HERE§b to pick them up! §3§l<<<
10:15:32 [EMPTY]   
10:15:48 [EMPTY]  
10:15:48 [STASH_COMPACT] §f                     §7You have §a6 §7items stashed away!
10:15:48 [STASH_COMPACT] §f                §6§l>>> §6§lCLICK HERE§e to pick them up! §6§l<<<
10:15:48 [EMPTY]   
10:15:48 [EMPTY]  
10:15:48 [STASH_COMPACT] §f               §7You have §395,820 §7materials stashed away!
10:15:48 [STASH_COMPACT] §f             §8(This totals 19 types of materials stashed!)
10:15:48 [STASH_COMPACT] §f                §3§l>>> §3§lCLICK HERE§b to pick them up! §3§l<<<
10:15:48 [EMPTY]   
10:15:59 [EMPTY] 
10:16:27 [EMPTY] §8 §r§8 §r§1 §r§3 §r§3 §r§7 §r§8 
10:16:31 [EMPTY]  
10:16:31 [STASH_COMPACT] §f                     §7You have §a6 §7items stashed away!
10:16:31 [STASH_COMPACT] §f                §6§l>>> §6§lCLICK HERE§e to pick them up! §6§l<<<
10:16:31 [EMPTY]   
10:16:31 [EMPTY]  
10:16:31 [STASH_COMPACT] §f               §7You have §395,820 §7materials stashed away!
10:16:31 [STASH_COMPACT] §f             §8(This totals 19 types of materials stashed!)
10:16:31 [STASH_COMPACT] §f                §3§l>>> §3§lCLICK HERE§b to pick them up! §3§l<<<
10:16:31 [EMPTY]   
10:17:16 [EMPTY]  
10:17:16 [STASH_COMPACT] §f                     §7You have §a6 §7items stashed away!
10:17:16 [STASH_COMPACT] §f                §6§l>>> §6§lCLICK HERE§e to pick them up! §6§l<<<
10:17:16 [EMPTY]   
10:17:16 [EMPTY]  
10:17:16 [STASH_COMPACT] §f               §7You have §395,820 §7materials stashed away!
10:17:16 [STASH_COMPACT] §f             §8(This totals 19 types of materials stashed!)
10:17:16 [STASH_COMPACT] §f                §3§l>>> §3§lCLICK HERE§b to pick them up! §3§l<<<
10:17:16 [EMPTY]   
10:18:23 [EMPTY]  
10:18:23 [STASH_COMPACT] §f                     §7You have §a6 §7items stashed away!
10:18:23 [STASH_COMPACT] §f                §6§l>>> §6§lCLICK HERE§e to pick them up! §6§l<<<
10:18:23 [EMPTY]   
10:18:23 [EMPTY]  
10:18:23 [STASH_COMPACT] §f               §7You have §395,820 §7materials stashed away!
10:18:23 [STASH_COMPACT] §f             §8(This totals 19 types of materials stashed!)
10:18:23 [STASH_COMPACT] §f                §3§l>>> §3§lCLICK HERE§b to pick them up! §3§l<<<
10:18:23 [EMPTY]   
10:19:26 [EMPTY]  
10:19:26 [STASH_COMPACT] §f                     §7You have §a6 §7items stashed away!
10:19:26 [STASH_COMPACT] §f                §6§l>>> §6§lCLICK HERE§e to pick them up! §6§l<<<
10:19:26 [EMPTY]   
10:19:26 [EMPTY]  
10:19:26 [STASH_COMPACT] §f               §7You have §395,820 §7materials stashed away!
10:19:26 [STASH_COMPACT] §f             §8(This totals 19 types of materials stashed!)
10:19:26 [STASH_COMPACT] §f                §3§l>>> §3§lCLICK HERE§b to pick them up! §3§l<<<
10:19:26 [EMPTY]   
10:20:27 [EMPTY]  
10:20:27 [STASH_COMPACT] §f                     §7You have §a6 §7items stashed away!
10:20:27 [STASH_COMPACT] §f                §6§l>>> §6§lCLICK HERE§e to pick them up! §6§l<<<
10:20:27 [EMPTY]   
10:20:27 [EMPTY]  
10:20:27 [STASH_COMPACT] §f               §7You have §395,820 §7materials stashed away!
10:20:27 [STASH_COMPACT] §f             §8(This totals 19 types of materials stashed!)
10:20:27 [STASH_COMPACT] §f                §3§l>>> §3§lCLICK HERE§b to pick them up! §3§l<<<
10:20:27 [EMPTY]   
10:21:25 [EMPTY] 
10:21:25 [EMPTY] 
10:21:30 [EMPTY]  
10:21:30 [STASH_COMPACT] §f                     §7You have §a6 §7items stashed away!
10:21:30 [STASH_COMPACT] §f                §6§l>>> §6§lCLICK HERE§e to pick them up! §6§l<<<
10:21:30 [EMPTY]   
10:21:30 [EMPTY]  
10:21:30 [STASH_COMPACT] §f               §7You have §395,820 §7materials stashed away!
10:21:30 [STASH_COMPACT] §f             §8(This totals 19 types of materials stashed!)
10:21:30 [STASH_COMPACT] §f                §3§l>>> §3§lCLICK HERE§b to pick them up! §3§l<<<
10:21:30 [EMPTY]   
10:22:25 [EMPTY] §8 §r§8 §r§1 §r§3 §r§3 §r§7 §r§8 
10:22:28 [EMPTY]  
10:22:28 [STASH_COMPACT] §f                     §7You have §a6 §7items stashed away!
10:22:28 [STASH_COMPACT] §f                §6§l>>> §6§lCLICK HERE§e to pick them up! §6§l<<<
10:22:28 [EMPTY]   
10:22:28 [EMPTY]  
10:22:28 [STASH_COMPACT] §f               §7You have §395,820 §7materials stashed away!
10:22:28 [STASH_COMPACT] §f             §8(This totals 19 types of materials stashed!)
10:22:28 [STASH_COMPACT] §f                §3§l>>> §3§lCLICK HERE§b to pick them up! §3§l<<<
10:22:28 [EMPTY]   
10:23:06 [EMPTY] 
10:23:07 [EMPTY]  
10:23:07 [STASH_COMPACT] §f                     §7You have §a6 §7items stashed away!
10:23:07 [STASH_COMPACT] §f                §6§l>>> §6§lCLICK HERE§e to pick them up! §6§l<<<
10:23:07 [EMPTY]   
10:23:07 [EMPTY]  
10:23:07 [STASH_COMPACT] §f               §7You have §395,820 §7materials stashed away!
10:23:07 [STASH_COMPACT] §f             §8(This totals 19 types of materials stashed!)
10:23:07 [STASH_COMPACT] §f                §3§l>>> §3§lCLICK HERE§b to pick them up! §3§l<<<
10:23:07 [EMPTY]   
10:23:12 [EMPTY] 
10:24:08 [EMPTY]  
10:24:08 [STASH_COMPACT] §f                     §7You have §a6 §7items stashed away!
10:24:08 [STASH_COMPACT] §f                §6§l>>> §6§lCLICK HERE§e to pick them up! §6§l<<<
10:24:08 [EMPTY]   
10:24:08 [EMPTY]  
10:24:08 [STASH_COMPACT] §f               §7You have §395,820 §7materials stashed away!
10:24:08 [STASH_COMPACT] §f             §8(This totals 19 types of materials stashed!)
10:24:08 [STASH_COMPACT] §f                §3§l>>> §3§lCLICK HERE§b to pick them up! §3§l<<<
10:24:08 [EMPTY]   
10:24:25 [EMPTY] §f                                        
10:24:32 [EMPTY] 
10:24:37 [EMPTY] 
10:25:08 [EMPTY]  
10:25:08 [STASH_COMPACT] §f                     §7You have §a6 §7items stashed away!
10:25:08 [STASH_COMPACT] §f                §6§l>>> §6§lCLICK HERE§e to pick them up! §6§l<<<
10:25:08 [EMPTY]   
10:25:08 [EMPTY]  
10:25:08 [STASH_COMPACT] §f               §7You have §395,820 §7materials stashed away!
10:25:08 [STASH_COMPACT] §f             §8(This totals 19 types of materials stashed!)
10:25:08 [STASH_COMPACT] §f                §3§l>>> §3§lCLICK HERE§b to pick them up! §3§l<<<
10:25:08 [EMPTY]   
10:25:39 [EMPTY] 
10:25:44 [EMPTY] 
10:26:09 [EMPTY]  
10:26:09 [STASH_COMPACT] §f                     §7You have §a6 §7items stashed away!
10:26:09 [STASH_COMPACT] §f                §6§l>>> §6§lCLICK HERE§e to pick them up! §6§l<<<
10:26:09 [EMPTY]   
10:26:09 [EMPTY]  
10:26:09 [STASH_COMPACT] §f               §7You have §395,820 §7materials stashed away!
10:26:09 [STASH_COMPACT] §f             §8(This totals 19 types of materials stashed!)
10:26:09 [STASH_COMPACT] §f                §3§l>>> §3§lCLICK HERE§b to pick them up! §3§l<<<
10:26:09 [EMPTY]   
10:26:58 [EMPTY] §8 §r§8 §r§1 §r§3 §r§3 §r§7 §r§8 
10:27:02 [EMPTY]  
10:27:02 [STASH_COMPACT] §f                     §7You have §a6 §7items stashed away!
10:27:02 [STASH_COMPACT] §f                §6§l>>> §6§lCLICK HERE§e to pick them up! §6§l<<<
10:27:02 [EMPTY]   
10:27:02 [EMPTY]  
10:27:02 [STASH_COMPACT] §f               §7You have §395,820 §7materials stashed away!
10:27:02 [STASH_COMPACT] §f             §8(This totals 19 types of materials stashed!)
10:27:02 [STASH_COMPACT] §f                §3§l>>> §3§lCLICK HERE§b to pick them up! §3§l<<<
10:27:02 [EMPTY]   
10:27:03 [EMPTY] §8 §r§8 §r§1 §r§3 §r§3 §r§7 §r§8 
10:27:07 [EMPTY]  
10:27:07 [STASH_COMPACT] §f                     §7You have §a6 §7items stashed away!
10:27:07 [STASH_COMPACT] §f                §6§l>>> §6§lCLICK HERE§e to pick them up! §6§l<<<
10:27:07 [EMPTY]   
10:27:07 [EMPTY]  
10:27:07 [STASH_COMPACT] §f               §7You have §395,820 §7materials stashed away!
10:27:07 [STASH_COMPACT] §f             §8(This totals 19 types of materials stashed!)
10:27:07 [STASH_COMPACT] §f                §3§l>>> §3§lCLICK HERE§b to pick them up! §3§l<<<
10:27:07 [EMPTY]   
10:27:11 [EMPTY]  
10:27:11 [STASH_COMPACT] §f                     §7You have §a6 §7items stashed away!
10:27:11 [STASH_COMPACT] §f                §6§l>>> §6§lCLICK HERE§e to pick them up! §6§l<<<
10:27:11 [EMPTY]   
10:27:11 [EMPTY]  
10:27:11 [STASH_COMPACT] §f               §7You have §395,820 §7materials stashed away!
10:27:11 [STASH_COMPACT] §f             §8(This totals 19 types of materials stashed!)
10:27:11 [STASH_COMPACT] §f                §3§l>>> §3§lCLICK HERE§b to pick them up! §3§l<<<
10:27:11 [EMPTY]   
10:27:34 [EMPTY] 
10:28:12 [EMPTY]  
10:28:12 [STASH_COMPACT] §f                     §7You have §a6 §7items stashed away!
10:28:12 [STASH_COMPACT] §f                §6§l>>> §6§lCLICK HERE§e to pick them up! §6§l<<<
10:28:12 [EMPTY]   
10:28:12 [EMPTY]  
10:28:12 [STASH_COMPACT] §f               §7You have §395,820 §7materials stashed away!
10:28:12 [STASH_COMPACT] §f             §8(This totals 19 types of materials stashed!)
10:28:12 [STASH_COMPACT] §f                §3§l>>> §3§lCLICK HERE§b to pick them up! §3§l<<<
10:28:12 [EMPTY]   
10:28:42 [EMPTY] 
10:28:50 [EMPTY] 
10:29:13 [EMPTY]  
10:29:13 [STASH_COMPACT] §f                     §7You have §a6 §7items stashed away!
10:29:13 [STASH_COMPACT] §f                §6§l>>> §6§lCLICK HERE§e to pick them up! §6§l<<<
10:29:13 [EMPTY]   
10:29:13 [EMPTY]  
10:29:13 [STASH_COMPACT] §f               §7You have §395,820 §7materials stashed away!
10:29:13 [STASH_COMPACT] §f             §8(This totals 19 types of materials stashed!)
10:29:13 [STASH_COMPACT] §f                §3§l>>> §3§lCLICK HERE§b to pick them up! §3§l<<<
10:29:13 [EMPTY]   
10:29:20 [EMPTY] §f                                        
10:30:13 [EMPTY]  
10:30:13 [STASH_COMPACT] §f                     §7You have §a6 §7items stashed away!
10:30:13 [STASH_COMPACT] §f                §6§l>>> §6§lCLICK HERE§e to pick them up! §6§l<<<
10:30:13 [EMPTY]   
10:30:13 [EMPTY]  
10:30:13 [STASH_COMPACT] §f               §7You have §395,820 §7materials stashed away!
10:30:13 [STASH_COMPACT] §f             §8(This totals 19 types of materials stashed!)
10:30:13 [STASH_COMPACT] §f                §3§l>>> §3§lCLICK HERE§b to pick them up! §3§l<<<
10:30:13 [EMPTY]   
10:31:14 [EMPTY]  
10:31:14 [STASH_COMPACT] §f                     §7You have §a6 §7items stashed away!
10:31:14 [STASH_COMPACT] §f                §6§l>>> §6§lCLICK HERE§e to pick them up! §6§l<<<
10:31:14 [EMPTY]   
10:31:14 [EMPTY]  
10:31:14 [STASH_COMPACT] §f               §7You have §395,820 §7materials stashed away!
10:31:14 [STASH_COMPACT] §f             §8(This totals 19 types of materials stashed!)
10:31:14 [STASH_COMPACT] §f                §3§l>>> §3§lCLICK HERE§b to pick them up! §3§l<<<
10:31:14 [EMPTY]   
