09:55:30 §e[SkyHanni] §eYou have §66 §eitems in stash. §eClick to §6pickup §eyour stash!§r
09:55:30 §e[SkyHanni] §bYou have §395k §bmaterials in stash, §btotalling §319 types§b. §bClick to §3pickup §byour stash!§r
09:55:59 §e[SkyHanni] §eYou have §66 §eitems in stash. §eClick to §6pickup §eyour stash!§r
09:55:59 §e[SkyHanni] §bYou have §395k §bmaterials in stash, §btotalling §319 types§b. §bClick to §3pickup §byour stash!§r
09:56:38 §e[SkyHanni] §eYou have §66 §eitems in stash. §eClick to §6pickup §eyour stash!§r
09:56:38 §e[SkyHanni] §bYou have §395k §bmaterials in stash, §btotalling §319 types§b. §bClick to §3pickup §byour stash!§r
09:56:39 §e[SkyHanni] §eYou have §66 §eitems in stash. §eClick to §6pickup §eyour stash!§r
09:56:39 §e[SkyHanni] §bYou have §395k §bmaterials in stash, §btotalling §319 types§b. §bClick to §3pickup §byour stash!§r
09:57:39 §e[SkyHanni] §eYou have §66 §eitems in stash. §eClick to §6pickup §eyour stash!§r
09:57:39 §e[SkyHanni] §bYou have §395k §bmaterials in stash, §btotalling §319 types§b. §bClick to §3pickup §byour stash!§r
09:58:40 §e[SkyHanni] §eYou have §66 §eitems in stash. §eClick to §6pickup §eyour stash!§r
09:58:40 §e[SkyHanni] §bYou have §395k §bmaterials in stash, §btotalling §319 types§b. §bClick to §3pickup §byour stash!§r
09:59:40 §e[SkyHanni] §eYou have §66 §eitems in stash. §eClick to §6pickup §eyour stash!§r
09:59:40 §e[SkyHanni] §bYou have §395k §bmaterials in stash, §btotalling §319 types§b. §bClick to §3pickup §byour stash!§r
10:00:16 §e[SkyHanni] §eYou have §66 §eitems in stash. §eClick to §6pickup §eyour stash!§r
10:00:16 §e[SkyHanni] §bYou have §395k §bmaterials in stash, §btotalling §319 types§b. §bClick to §3pickup §byour stash!§r
10:00:25 §e[SkyHanni] §eYou have §66 §eitems in stash. §eClick to §6pickup §eyour stash!§r
10:00:25 §e[SkyHanni] §bYou have §395k §bmaterials in stash, §btotalling §319 types§b. §bClick to §3pickup §byour stash!§r
10:00:26 §e[SkyHanni] §eYou have §66 §eitems in stash. §eClick to §6pickup §eyour stash!§r
10:00:26 §e[SkyHanni] §bYou have §395k §bmaterials in stash, §btotalling §319 types§b. §bClick to §3pickup §byour stash!§r
10:01:26 §e[SkyHanni] §eYou have §66 §eitems in stash. §eClick to §6pickup §eyour stash!§r
10:01:26 §e[SkyHanni] §bYou have §395k §bmaterials in stash, §btotalling §319 types§b. §bClick to §3pickup §byour stash!§r
10:02:26 §e[SkyHanni] §eYou have §66 §eitems in stash. §eClick to §6pickup §eyour stash!§r
10:02:26 §e[SkyHanni] §bYou have §395k §bmaterials in stash, §btotalling §319 types§b. §bClick to §3pickup §byour stash!§r
10:03:26 §e[SkyHanni] §eYou have §66 §eitems in stash. §eClick to §6pickup §eyour stash!§r
10:03:26 §e[SkyHanni] §bYou have §395k §bmaterials in stash, §btotalling §319 types§b. §bClick to §3pickup §byour stash!§r
10:03:39 §e[SkyHanni] §eYou have §66 §eitems in stash. §eClick to §6pickup §eyour stash!§r
10:03:39 §e[SkyHanni] §bYou have §395k §bmaterials in stash, §btotalling §319 types§b. §bClick to §3pickup §byour stash!§r
10:03:43 §e[SkyHanni] §eYou have §66 §eitems in stash. §eClick to §6pickup §eyour stash!§r
10:03:43 §e[SkyHanni] §bYou have §395k §bmaterials in stash, §btotalling §319 types§b. §bClick to §3pickup §byour stash!§r
10:04:44 §e[SkyHanni] §eYou have §66 §eitems in stash. §eClick to §6pickup §eyour stash!§r
10:04:44 §e[SkyHanni] §bYou have §395k §bmaterials in stash, §btotalling §319 types§b. §bClick to §3pickup §byour stash!§r
10:04:51 §e[SkyHanni] §eYou have §66 §eitems in stash. §eClick to §6pickup §eyour stash!§r
10:04:51 §e[SkyHanni] §bYou have §395k §bmaterials in stash, §btotalling §319 types§b. §bClick to §3pickup §byour stash!§r
10:05:23 §e[SkyHanni] §eYou have §66 §eitems in stash. §eClick to §6pickup §eyour stash!§r
10:05:23 §e[SkyHanni] §bYou have §395k §bmaterials in stash, §btotalling §319 types§b. §bClick to §3pickup §byour stash!§r
10:05:36 §e[SkyHanni] §eYou have §66 §eitems in stash. §eClick to §6pickup §eyour stash!§r
10:05:36 §e[SkyHanni] §bYou have §395k §bmaterials in stash, §btotalling §319 types§b. §bClick to §3pickup §byour stash!§r
10:05:37 §e[SkyHanni] §eYou have §66 §eitems in stash. §eClick to §6pickup §eyour stash!§r
10:05:37 §e[SkyHanni] §bYou have §395k §bmaterials in stash, §btotalling §319 types§b. §bClick to §3pickup §byour stash!§r
10:09:06 §e[SkyHanni] §eYou have §66 §eitems in stash. §eClick to §6pickup §eyour stash!§r
10:09:06 §e[SkyHanni] §bYou have §395k §bmaterials in stash, §btotalling §319 types§b. §bClick to §3pickup §byour stash!§r
10:09:08 §e[SkyHanni] §eYou have §66 §eitems in stash. §eClick to §6pickup §eyour stash!§r
10:09:08 §e[SkyHanni] §bYou have §395k §bmaterials in stash, §btotalling §319 types§b. §bClick to §3pickup §byour stash!§r
10:10:01 §e[SkyHanni] §eYou have §66 §eitems in stash. §eClick to §6pickup §eyour stash!§r
10:10:01 §e[SkyHanni] §bYou have §395k §bmaterials in stash, §btotalling §319 types§b. §bClick to §3pickup §byour stash!§r
10:10:21 §e[SkyHanni] §eYou have §66 §eitems in stash. §eClick to §6pickup §eyour stash!§r
10:10:21 §e[SkyHanni] §bYou have §395k §bmaterials in stash, §btotalling §319 types§b. §bClick to §3pickup §byour stash!§r
10:11:21 §e[SkyHanni] §eYou have §66 §eitems in stash. §eClick to §6pickup §eyour stash!§r
10:11:21 §e[SkyHanni] §bYou have §395k §bmaterials in stash, §btotalling §319 types§b. §bClick to §3pickup §byour stash!§r
10:12:21 §e[SkyHanni] §eYou have §66 §eitems in stash. §eClick to §6pickup §eyour stash!§r
10:12:21 §e[SkyHanni] §bYou have §395k §bmaterials in stash, §btotalling §319 types§b. §bClick to §3pickup §byour stash!§r
10:13:22 §e[SkyHanni] §eYou have §66 §eitems in stash. §eClick to §6pickup §eyour stash!§r
10:13:22 §e[SkyHanni] §bYou have §395k §bmaterials in stash, §btotalling §319 types§b. §bClick to §3pickup §byour stash!§r
10:13:31 §e[SkyHanni] §eYou have §66 §eitems in stash. §eClick to §6pickup §eyour stash!§r
10:13:31 §e[SkyHanni] §bYou have §395k §bmaterials in stash, §btotalling §319 types§b. §bClick to §3pickup §byour stash!§r
10:13:42 §e[SkyHanni] §eYou have §66 §eitems in stash. §eClick to §6pickup §eyour stash!§r
10:13:42 §e[SkyHanni] §bYou have §395k §bmaterials in stash, §btotalling §319 types§b. §bClick to §3pickup §byour stash!§r
10:14:42 §e[SkyHanni] §eYou have §66 §eitems in stash. §eClick to §6pickup §eyour stash!§r
10:14:42 §e[SkyHanni] §bYou have §395k §bmaterials in stash, §btotalling §319 types§b. §bClick to §3pickup §byour stash!§r
10:14:55 §e[SkyHanni] §eYou have §66 §eitems in stash. §eClick to §6pickup §eyour stash!§r
10:14:55 §e[SkyHanni] §bYou have §395k §bmaterials in stash, §btotalling §319 types§b. §bClick to §3pickup §byour stash!§r
10:15:32 §e[SkyHanni] §eYou have §66 §eitems in stash. §eClick to §6pickup §eyour stash!§r
10:15:32 §e[SkyHanni] §bYou have §395k §bmaterials in stash, §btotalling §319 types§b. §bClick to §3pickup §byour stash!§r
10:15:48 §e[SkyHanni] §eYou have §66 §eitems in stash. §eClick to §6pickup §eyour stash!§r
10:15:48 §e[SkyHanni] §bYou have §395k §bmaterials in stash, §btotalling §319 types§b. §bClick to §3pickup §byour stash!§r
10:16:31 §e[SkyHanni] §eYou have §66 §eitems in stash. §eClick to §6pickup §eyour stash!§r
10:16:31 §e[SkyHanni] §bYou have §395k §bmaterials in stash, §btotalling §319 types§b. §bClick to §3pickup §byour stash!§r
10:17:16 §e[SkyHanni] §eYou have §66 §eitems in stash. §eClick to §6pickup §eyour stash!§r
10:17:16 §e[SkyHanni] §bYou have §395k §bmaterials in stash, §btotalling §319 types§b. §bClick to §3pickup §byour stash!§r
10:17:39 §e[SkyHanni] §b+6 SkyBlock XP §7(Accessory Bag§7)§b (52/100)§r
10:18:23 §e[SkyHanni] §eYou have §66 §eitems in stash. §eClick to §6pickup §eyour stash!§r
10:18:23 §e[SkyHanni] §bYou have §395k §bmaterials in stash, §btotalling §319 types§b. §bClick to §3pickup §byour stash!§r
10:19:12 §e[SkyHanni] Click here to share the location of this chocolate egg with the server!§r
10:19:26 §e[SkyHanni] §eYou have §66 §eitems in stash. §eClick to §6pickup §eyour stash!§r
10:19:26 §e[SkyHanni] §bYou have §395k §bmaterials in stash, §btotalling §319 types§b. §bClick to §3pickup §byour stash!§r
10:20:27 §e[SkyHanni] §eYou have §66 §eitems in stash. §eClick to §6pickup §eyour stash!§r
10:20:27 §e[SkyHanni] §bYou have §395k §bmaterials in stash, §btotalling §319 types§b. §bClick to §3pickup §byour stash!§r
10:21:10 §e[SkyHanni] Click here to load 43 more collected egg locations from NEU PV!§r
10:21:10 §e[SkyHanni] Click here to load Trophy Fishing data from NEU PV!§r
10:21:30 §e[SkyHanni] §eYou have §66 §eitems in stash. §eClick to §6pickup §eyour stash!§r
10:21:30 §e[SkyHanni] §bYou have §395k §bmaterials in stash, §btotalling §319 types§b. §bClick to §3pickup §byour stash!§r
10:22:28 §e[SkyHanni] §eYou have §66 §eitems in stash. §eClick to §6pickup §eyour stash!§r
10:22:28 §e[SkyHanni] §bYou have §395k §bmaterials in stash, §btotalling §319 types§b. §bClick to §3pickup §byour stash!§r
10:23:07 §e[SkyHanni] §eYou have §66 §eitems in stash. §eClick to §6pickup §eyour stash!§r
10:23:07 §e[SkyHanni] §bYou have §395k §bmaterials in stash, §btotalling §319 types§b. §bClick to §3pickup §byour stash!§r
10:23:12 §e[SkyHanni] §b+1 SkyBlock XP §7(HOTM Progression§7)§b (53/100)§r
10:24:08 §e[SkyHanni] §eYou have §66 §eitems in stash. §eClick to §6pickup §eyour stash!§r
10:24:08 §e[SkyHanni] §bYou have §395k §bmaterials in stash, §btotalling §319 types§b. §bClick to §3pickup §byour stash!§r
10:25:08 §e[SkyHanni] §eYou have §66 §eitems in stash. §eClick to §6pickup §eyour stash!§r
10:25:08 §e[SkyHanni] §bYou have §395k §bmaterials in stash, §btotalling §319 types§b. §bClick to §3pickup §byour stash!§r
10:26:09 §e[SkyHanni] §eYou have §66 §eitems in stash. §eClick to §6pickup §eyour stash!§r
10:26:09 §e[SkyHanni] §bYou have §395k §bmaterials in stash, §btotalling §319 types§b. §bClick to §3pickup §byour stash!§r
10:27:02 §e[SkyHanni] §eYou have §66 §eitems in stash. §eClick to §6pickup §eyour stash!§r
10:27:02 §e[SkyHanni] §bYou have §395k §bmaterials in stash, §btotalling §319 types§b. §bClick to §3pickup §byour stash!§r
10:27:07 §e[SkyHanni] §eYou have §66 §eitems in stash. §eClick to §6pickup §eyour stash!§r
10:27:07 §e[SkyHanni] §bYou have §395k §bmaterials in stash, §btotalling §319 types§b. §bClick to §3pickup §byour stash!§r
10:27:11 §e[SkyHanni] §eYou have §66 §eitems in stash. §eClick to §6pickup §eyour stash!§r
10:27:11 §e[SkyHanni] §bYou have §395k §bmaterials in stash, §btotalling §319 types§b. §bClick to §3pickup §byour stash!§r
10:28:12 §e[SkyHanni] §eYou have §66 §eitems in stash. §eClick to §6pickup §eyour stash!§r
10:28:12 §e[SkyHanni] §bYou have §395k §bmaterials in stash, §btotalling §319 types§b. §bClick to §3pickup §byour stash!§r
10:29:13 §e[SkyHanni] §eYou have §66 §eitems in stash. §eClick to §6pickup §eyour stash!§r
10:29:13 §e[SkyHanni] §bYou have §395k §bmaterials in stash, §btotalling §319 types§b. §bClick to §3pickup §byour stash!§r
10:30:13 §e[SkyHanni] §eYou have §66 §eitems in stash. §eClick to §6pickup §eyour stash!§r
10:30:13 §e[SkyHanni] §bYou have §395k §bmaterials in stash, §btotalling §319 types§b. §bClick to §3pickup §byour stash!§r
10:31:14 §e[SkyHanni] §eYou have §66 §eitems in stash. §eClick to §6pickup §eyour stash!§r
10:31:14 §e[SkyHanni] §bYou have §395k §bmaterials in stash, §btotalling §319 types§b. §bClick to §3pickup §byour stash!§r
