19:50:40 `tr3z7sx0b2`112 missed {
 is already Found: false).
 Position: LorenzVec{x=-6.5, y=145.0, z=-18.5}
 DistanceC: 21.244502284263355
Relative Position: LorenzVec{x=21.244502284263355, y=-1.2843033101724473, z=-4.794264736217459}
 }
19:51:04 `tr3z7sx0b2`112 missed {
 is already Found: false).
 Position: LorenzVec{x=-6.5, y=145.0, z=-18.5}
 DistanceC: 21.619105153526736
Relative Position: LorenzVec{x=-21.619105153526736, y=-14.091470789652504, z=-16.30147974072933}
 }
19:52:00 `30t35pgxiq`125 missed {
 is already Found: false).
 Position: LorenzVec{x=-72.5, y=153.0, z=-10.5}
 DistanceC: 22.969779401433456
Relative Position: LorenzVec{x=22.969779401433456, y=1.0, z=17.165902052297426}
 }
19:53:21 `07w6glkw3t`110 missed {
 is already Found: false).
 Position: LorenzVec{x=87.5, y=199.0, z=-115.5}
 DistanceC: 10.0
Relative Position: LorenzVec{x=10.0, y=-17.0, z=9.0}
 }
19:53:21 `kq2zt1scr5`119 missed {
 is already Found: false).
 Position: LorenzVec{x=88.0, y=199.0, z=-108.0}
 DistanceC: 16.5
Relative Position: LorenzVec{x=10.5, y=-17.0, z=16.5}
 }
19:54:59 `e46be41jpd`137 missed {
 is already Found: false).
 Position: LorenzVec{x=33.5, y=201.93125, z=-139.5}
 DistanceC: 17.763377900414675
Relative Position: LorenzVec{x=-17.763377900414675, y=1.0238545976350508, z=-16.595977546535835}
 }
19:55:11 `cs482tkutq`123 missed {
 is already Found: false).
 Position: LorenzVec{x=-10.5, y=201.0, z=-103.5}
 DistanceC: 21.445639545092433
Relative Position: LorenzVec{x=-6.559602625343907, y=1.0, z=21.445639545092433}
 }
19:55:13 `aoql9gx23m`8 missed {
 is already Found: false).
 Position: LorenzVec{x=5.375, y=200.0, z=-109.21875}
 DistanceC: 15.726889545092433
Relative Position: LorenzVec{x=9.315397374656094, y=0.0, z=15.726889545092433}
 }
19:55:13 `b183te5r7l`5 missed {
 is already Found: false).
 Position: LorenzVec{x=13.5, y=201.0, z=-148.5}
 DistanceC: 23.554360454907567
Relative Position: LorenzVec{x=17.440397374656094, y=1.0, z=-23.554360454907567}
 }
