22:39:42 DWARVEN_MINES
22:49:08 NONE
22:49:08 HUB
22:50:32 NONE
22:50:32 PRIVATE_ISLAND
22:50:42 NONE
22:51:13 PRIVATE_ISLAND
22:51:18 NONE
22:51:18 HUB
22:52:07 NONE
22:52:07 PRIVATE_ISLAND
22:54:35 NONE
22:54:38 PRIVATE_ISLAND
23:27:45 NONE
23:27:45 DWARVEN_MINES
23:32:59 NONE
23:32:59 CRYSTAL_HOLLOWS
23:34:13 NONE
23:34:13 PRIVATE_ISLAND
23:34:30 NONE
23:34:31 CRYSTAL_HOLLOWS
23:34:43 NONE
23:34:43 PRIVATE_ISLAND
23:34:48 NONE
23:34:48 CRYSTAL_HOLLOWS
23:35:27 NONE
23:35:29 PRIVATE_ISLAND
23:35:32 NONE
23:35:33 CRYSTAL_HOLLOWS
23:36:24 NONE
23:36:25 PRIVATE_ISLAND
23:36:29 NONE
23:36:30 CRYSTAL_HOLLOWS
23:37:23 NONE
23:37:24 PRIVATE_ISLAND
23:37:26 NONE
23:37:27 CRYSTAL_HOLLOWS
23:46:14 NONE
23:46:15 DWARVEN_MINES
23:56:06 NONE
23:56:07 HUB
00:20:49 NONE
00:20:49 DWARVEN_MINES
00:27:43 NONE
00:27:43 MINESHAFT
00:29:00 NONE
00:29:00 DWARVEN_MINES
00:33:07 NONE
00:33:08 MINESHAFT
00:34:27 NONE
00:34:28 DWARVEN_MINES
00:41:58 NONE
00:41:58 MINESHAFT
00:43:46 NONE
00:43:47 DWARVEN_MINES
00:48:04 NONE
00:48:04 MINESHAFT
00:51:04 NONE
00:51:05 DWARVEN_MINES
01:12:43 NONE
01:12:43 PRIVATE_ISLAND
01:25:15 NONE
01:25:15 GARDEN
01:47:26 NONE
01:47:27 DWARVEN_MINES
02:59:21 NONE
02:59:22 PRIVATE_ISLAND
03:17:27 NONE
03:17:27 HUB
03:18:13 NONE
03:18:14 DUNGEON_HUB
03:18:22 NONE
03:18:22 CATACOMBS
03:23:18 NONE
03:23:19 HUB
03:43:28 NONE
03:51:18 HUB
03:51:27 NONE
03:51:28 DUNGEON_HUB
03:54:00 NONE
03:54:01 PRIVATE_ISLAND
03:55:18 NONE
03:55:19 GARDEN
03:55:27 NONE
03:55:28 HUB
03:56:04 NONE
03:56:04 GARDEN
03:59:27 NONE
03:59:28 PRIVATE_ISLAND
04:00:06 NONE
04:00:07 GARDEN
05:14:04 NONE
05:14:05 HUB
05:15:13 NONE
05:15:13 GARDEN
05:18:35 NONE
05:18:35 PRIVATE_ISLAND
