09:57:22 `Rabbit`13613547 missed {
 is already Found: false).
 Position: LorenzVec{x=1.21875, y=104.0, z=51.65625}
 DistanceC: 21.202804787999867
Relative Position: LorenzVec{x=8.616644821691327, y=4.0, z=21.202804787999867}
 }
09:57:22 `Chicken`13613605 missed {
 is already Found: false).
 Position: LorenzVec{x=0.5625, y=104.0, z=51.53125}
 DistanceC: 21.077804787999867
Relative Position: LorenzVec{x=7.960394821691328, y=4.0, z=21.077804787999867}
 }
09:57:22 `Enderman`13613808 missed {
 is already Found: false).
 Position: LorenzVec{x=-1.0, y=100.0, z=51.6875}
 DistanceC: 21.234054787999867
Relative Position: LorenzVec{x=6.397894821691328, y=0.0, z=21.234054787999867}
 }
09:57:22 `Cow`13622610 missed {
 is already Found: false).
 Position: LorenzVec{x=0.0625, y=104.0, z=51.8125}
 DistanceC: 21.359054787999867
Relative Position: LorenzVec{x=7.460394821691328, y=4.0, z=21.359054787999867}
 }
09:57:22 `Enderman`13618357 missed {
 is already Found: false).
 Position: LorenzVec{x=0.5, y=100.0, z=51.6875}
 DistanceC: 21.234054787999867
Relative Position: LorenzVec{x=7.897894821691328, y=0.0, z=21.234054787999867}
 }
09:57:28 `Enderman`13635840 missed {
 is already Found: false).
 Position: LorenzVec{x=-0.5, y=100.0, z=52.09375}
 DistanceC: 21.640304787999867
Relative Position: LorenzVec{x=6.897894821691328, y=0.0, z=21.640304787999867}
 }
09:57:30 `Rabbit`13613549 missed {
 is already Found: false).
 Position: LorenzVec{x=0.5, y=104.69791666666667, z=51.5}
 DistanceC: 21.046554787999867
Relative Position: LorenzVec{x=7.897894821691328, y=4.697916666666671, z=21.046554787999867}
 }
09:57:33 `Enderman`13613809 missed {
 is already Found: false).
 Position: LorenzVec{x=-1.5625, y=100.0, z=51.96875}
 DistanceC: 18.954480313059506
Relative Position: LorenzVec{x=6.383829394708692, y=0.0, z=18.954480313059506}
 }
09:57:33 `Rabbit`13642205 missed {
 is already Found: false).
 Position: LorenzVec{x=1.5, y=104.0, z=51.5}
 DistanceC: 16.51928712430393
Relative Position: LorenzVec{x=10.056462016939072, y=4.0, z=16.51928712430393}
 }
09:58:14 `Chicken`13674919 missed {
 is already Found: false).
 Position: LorenzVec{x=1.5, y=104.0, z=55.5}
 DistanceC: 16.637560587520497
Relative Position: LorenzVec{x=6.161581356744867, y=4.0, z=16.637560587520497}
 }
09:58:14 `Enderman`13674921 missed {
 is already Found: false).
 Position: LorenzVec{x=-0.5, y=100.0, z=56.5}
 DistanceC: 17.637560587520497
Relative Position: LorenzVec{x=4.161581356744867, y=0.0, z=17.637560587520497}
 }
09:58:33 `Cow`13688234 missed {
 is already Found: false).
 Position: LorenzVec{x=1.5, y=104.0, z=54.5}
 DistanceC: 15.637560587520497
Relative Position: LorenzVec{x=6.161581356744867, y=4.0, z=15.637560587520497}
 }
09:59:05 `Enderman`13710804 missed {
 is already Found: false).
 Position: LorenzVec{x=-2.5, y=100.0, z=55.5}
 DistanceC: 15.980801414883828
Relative Position: LorenzVec{x=-11.082029025710039, y=0.0, z=15.980801414883828}
 }
09:59:16 `Cow`13717391 missed {
 is already Found: false).
 Position: LorenzVec{x=1.5, y=104.0, z=57.5}
 DistanceC: 17.980801414883828
Relative Position: LorenzVec{x=-7.082029025710039, y=4.0, z=17.980801414883828}
 }
09:59:51 `Blaze`13626665 missed {
 is already Found: false).
 Position: LorenzVec{x=34.3125, y=106.0, z=5.53125}
 DistanceC: 14.83243725456223
Relative Position: LorenzVec{x=14.83243725456223, y=0.01698264870825028, z=-5.7930297722485715}
 }
09:59:52 `Blaze`13656213 missed {
 is already Found: false).
 Position: LorenzVec{x=36.21875, y=106.0, z=10.9375}
 DistanceC: 18.815675753260656
Relative Position: LorenzVec{x=18.815675753260656, y=5.078400001525878, z=2.924325762805477}
 }
09:59:52 `Blaze`13626666 missed {
 is already Found: false).
 Position: LorenzVec{x=35.46875, y=106.0, z=7.6875}
 DistanceC: 20.16874998807907
Relative Position: LorenzVec{x=20.16874998807907, y=6.592604597635059, z=-0.8322275007099886}
 }
09:59:58 `Blaze`13656214 missed {
 is already Found: false).
 Position: LorenzVec{x=35.96875, y=106.0, z=6.625}
 DistanceC: 21.26875001192093
Relative Position: LorenzVec{x=21.26875001192093, y=6.0, z=-19.39890052583038}
 }
09:59:59 `Blaze`13674874 missed {
 is already Found: false).
 Position: LorenzVec{x=35.4375, y=106.0, z=6.59375}
 DistanceC: 16.538254967779494
Relative Position: LorenzVec{x=16.538254967779494, y=2.5049353796701865, z=-7.184112976875115}
 }
10:02:15 `Blaze`16460871 missed {
 is already Found: false).
 Position: LorenzVec{x=30.53125, y=106.0, z=5.0}
 DistanceC: 16.819893884943088
Relative Position: LorenzVec{x=16.210884262334787, y=5.145106700651638, z=-16.819893884943088}
 }
10:02:33 `§bSam `16446633 missed {
 is already Found: false).
 Position: LorenzVec{x=6.5, y=99.0, z=20.5}
 DistanceC: 5.665878129521964
Relative Position: LorenzVec{x=-5.665878129521964, y=-7.1315633992116005, z=-4.710897127196894}
 }
10:03:03 `Cow`16451704 missed {
 is already Found: false).
 Position: LorenzVec{x=0.9375, y=104.0, z=51.21875}
 DistanceC: 16.909413708152726
Relative Position: LorenzVec{x=7.711703758530944, y=4.0, z=16.909413708152726}
 }
10:03:03 `Enderman`16489200 missed {
 is already Found: false).
 Position: LorenzVec{x=-1.65625, y=100.0, z=52.9375}
 DistanceC: 18.628163708152726
Relative Position: LorenzVec{x=5.117953758530944, y=0.0, z=18.628163708152726}
 }
10:03:03 `Enderman`16500992 missed {
 is already Found: false).
 Position: LorenzVec{x=-0.53125, y=100.0, z=51.6875}
 DistanceC: 17.378163708152726
Relative Position: LorenzVec{x=6.242953758530944, y=0.0, z=17.378163708152726}
 }
10:03:03 `Chicken`16538847 missed {
 is already Found: false).
 Position: LorenzVec{x=1.59375, y=104.0, z=51.40625}
 DistanceC: 17.096913708152726
Relative Position: LorenzVec{x=8.367953758530945, y=4.0, z=17.096913708152726}
 }
10:03:03 `Cow`16545464 missed {
 is already Found: false).
 Position: LorenzVec{x=1.28125, y=104.0, z=52.125}
 DistanceC: 17.815663708152726
Relative Position: LorenzVec{x=8.055453758530945, y=4.0, z=17.815663708152726}
 }
10:03:03 `Enderman`16556834 missed {
 is already Found: false).
 Position: LorenzVec{x=-0.33333333333333337, y=100.0, z=54.34375}
 DistanceC: 20.034413708152726
Relative Position: LorenzVec{x=6.440870425197611, y=0.0, z=20.034413708152726}
 }
10:03:03 `Enderman`16498974 missed {
 is already Found: false).
 Position: LorenzVec{x=-2.375, y=100.0, z=54.21875}
 DistanceC: 19.909413708152726
Relative Position: LorenzVec{x=4.399203758530944, y=0.0, z=19.909413708152726}
 }
10:03:03 `Enderman`16506324 missed {
 is already Found: false).
 Position: LorenzVec{x=-2.15625, y=100.0, z=53.46875}
 DistanceC: 19.159413708152726
Relative Position: LorenzVec{x=4.617953758530944, y=0.0, z=19.159413708152726}
 }
10:03:03 `Enderman`16512287 missed {
 is already Found: false).
 Position: LorenzVec{x=1.0208333333333335, y=100.0, z=52.51041666666667}
 DistanceC: 18.201080374819398
Relative Position: LorenzVec{x=7.795037091864277, y=0.0, z=18.201080374819398}
 }
10:03:03 `Enderman`16535455 missed {
 is already Found: false).
 Position: LorenzVec{x=1.25, y=100.0, z=53.75}
 DistanceC: 19.440663708152726
Relative Position: LorenzVec{x=8.024203758530945, y=0.0, z=19.440663708152726}
 }
10:03:03 `Enderman`16539537 missed {
 is already Found: false).
 Position: LorenzVec{x=-1.5, y=100.0, z=53.5}
 DistanceC: 19.190663708152726
Relative Position: LorenzVec{x=5.274203758530944, y=0.0, z=19.190663708152726}
 }
10:03:03 `Enderman`16556510 missed {
 is already Found: false).
 Position: LorenzVec{x=1.125, y=100.0, z=53.75}
 DistanceC: 19.440663708152726
Relative Position: LorenzVec{x=7.899203758530944, y=0.0, z=19.440663708152726}
 }
10:03:03 `Rabbit`16551377 missed {
 is already Found: false).
 Position: LorenzVec{x=-2.46875, y=104.0, z=54.46875}
 DistanceC: 20.159413708152726
Relative Position: LorenzVec{x=4.305453758530944, y=4.0, z=20.159413708152726}
 }
10:03:03 `Enderman`16485870 missed {
 is already Found: false).
 Position: LorenzVec{x=-0.15625, y=100.0, z=55.21875}
 DistanceC: 20.909413708152726
Relative Position: LorenzVec{x=6.617953758530944, y=0.0, z=20.909413708152726}
 }
10:03:03 `Enderman`16491564 missed {
 is already Found: false).
 Position: LorenzVec{x=-2.09375, y=100.0, z=56.21875}
 DistanceC: 21.909413708152726
Relative Position: LorenzVec{x=4.680453758530944, y=0.0, z=21.909413708152726}
 }
10:03:04 `Chicken`16562558 missed {
 is already Found: false).
 Position: LorenzVec{x=1.5625, y=104.0, z=51.53125}
 DistanceC: 17.221913708152726
Relative Position: LorenzVec{x=8.336703758530945, y=4.0, z=17.221913708152726}
 }
10:03:05 `Cow`16563398 missed {
 is already Found: false).
 Position: LorenzVec{x=-0.5, y=104.0, z=53.5}
 DistanceC: 19.190663708152726
Relative Position: LorenzVec{x=6.274203758530944, y=4.0, z=19.190663708152726}
 }
10:03:06 `Enderman`16521553 missed {
 is already Found: false).
 Position: LorenzVec{x=-2.5, y=100.0, z=52.53125}
 DistanceC: 18.221913708152726
Relative Position: LorenzVec{x=4.274203758530944, y=0.0, z=18.221913708152726}
 }
10:03:12 `Rabbit`16567993 missed {
 is already Found: false).
 Position: LorenzVec{x=-1.5, y=104.0, z=54.5}
 DistanceC: 20.190663708152726
Relative Position: LorenzVec{x=5.274203758530944, y=4.0, z=20.190663708152726}
 }
10:03:12 `Enderman`16546571 missed {
 is already Found: false).
 Position: LorenzVec{x=-2.4375, y=100.0, z=52.5625}
 DistanceC: 18.253163708152726
Relative Position: LorenzVec{x=4.336703758530944, y=0.0, z=18.253163708152726}
 }
10:03:16 `Enderman`16571087 missed {
 is already Found: false).
 Position: LorenzVec{x=1.3125, y=100.0, z=55.09375}
 DistanceC: 16.139115816285106
Relative Position: LorenzVec{x=7.995573639110525, y=-1.020000010728836, z=16.139115816285106}
 }
10:04:55 `o1d6k3q38i`253 missed {
 is already Found: false).
 Position: LorenzVec{x=-74.0, y=65.0, z=-50.0}
 DistanceC: 22.85223370457028
Relative Position: LorenzVec{x=-22.85223370457028, y=-6.0, z=-20.69999998807907}
 }
10:05:38 `Enderman`9525121 missed {
 is already Found: false).
 Position: LorenzVec{x=-0.84375, y=100.0, z=52.3125}
 DistanceC: 16.091208940216937
Relative Position: LorenzVec{x=-11.855790321992162, y=0.0, z=16.091208940216937}
 }
10:05:38 `Enderman`9525122 missed {
 is already Found: false).
 Position: LorenzVec{x=1.625, y=100.0, z=55.3125}
 DistanceC: 19.091208940216937
Relative Position: LorenzVec{x=-9.387040321992162, y=0.0, z=19.091208940216937}
 }
10:05:38 `Enderman`9525123 missed {
 is already Found: false).
 Position: LorenzVec{x=0.4375, y=100.0, z=56.34375}
 DistanceC: 20.122458940216937
Relative Position: LorenzVec{x=-10.574540321992162, y=0.0, z=20.122458940216937}
 }
10:05:38 `Enderman`9525124 missed {
 is already Found: false).
 Position: LorenzVec{x=-0.59375, y=100.0, z=56.40625}
 DistanceC: 20.184958940216937
Relative Position: LorenzVec{x=-11.605790321992162, y=0.0, z=20.184958940216937}
 }
10:05:38 `Enderman`9525125 missed {
 is already Found: false).
 Position: LorenzVec{x=-0.15625, y=100.0, z=57.5}
 DistanceC: 21.278708940216937
Relative Position: LorenzVec{x=-11.168290321992162, y=0.0, z=21.278708940216937}
 }
10:05:38 `Enderman`9525203 missed {
 is already Found: false).
 Position: LorenzVec{x=1.25, y=100.0, z=53.875}
 DistanceC: 17.653708940216937
Relative Position: LorenzVec{x=-9.762040321992162, y=0.0, z=17.653708940216937}
 }
10:05:38 `Enderman`9525204 missed {
 is already Found: false).
 Position: LorenzVec{x=1.53125, y=100.0, z=52.03125}
 DistanceC: 15.809958940216937
Relative Position: LorenzVec{x=-9.480790321992162, y=0.0, z=15.809958940216937}
 }
10:05:38 `Enderman`9525205 missed {
 is already Found: false).
 Position: LorenzVec{x=1.21875, y=100.0, z=53.0}
 DistanceC: 16.778708940216937
Relative Position: LorenzVec{x=-9.793290321992162, y=0.0, z=16.778708940216937}
 }
10:05:38 `Enderman`9525206 missed {
 is already Found: false).
 Position: LorenzVec{x=1.6875, y=100.0, z=55.0625}
 DistanceC: 18.841208940216937
Relative Position: LorenzVec{x=-9.324540321992162, y=0.0, z=18.841208940216937}
 }
10:05:38 `Enderman`9525297 missed {
 is already Found: false).
 Position: LorenzVec{x=-2.3125, y=100.0, z=54.28125}
 DistanceC: 18.059958940216937
Relative Position: LorenzVec{x=-13.324540321992162, y=0.0, z=18.059958940216937}
 }
10:05:38 `Enderman`9525298 missed {
 is already Found: false).
 Position: LorenzVec{x=-2.09375, y=100.0, z=53.46875}
 DistanceC: 17.247458940216937
Relative Position: LorenzVec{x=-13.105790321992162, y=0.0, z=17.247458940216937}
 }
10:05:38 `Enderman`9525299 missed {
 is already Found: false).
 Position: LorenzVec{x=-1.375, y=100.0, z=54.6875}
 DistanceC: 18.466208940216937
Relative Position: LorenzVec{x=-12.387040321992162, y=0.0, z=18.466208940216937}
 }
10:05:38 `Enderman`9525300 missed {
 is already Found: false).
 Position: LorenzVec{x=-2.59375, y=100.0, z=52.53125}
 DistanceC: 16.309958940216937
Relative Position: LorenzVec{x=-13.605790321992162, y=0.0, z=16.309958940216937}
 }
10:05:38 `Enderman`9525301 missed {
 is already Found: false).
 Position: LorenzVec{x=-2.15625, y=100.0, z=53.46875}
 DistanceC: 17.247458940216937
Relative Position: LorenzVec{x=-13.168290321992162, y=0.0, z=17.247458940216937}
 }
10:07:25 `Enderman`7829931 missed {
 is already Found: false).
 Position: LorenzVec{x=-0.34375, y=100.0, z=54.71875}
 DistanceC: 19.48124998807907
Relative Position: LorenzVec{x=-10.466849435779924, y=0.0, z=19.48124998807907}
 }
10:07:25 `Chicken`7829882 missed {
 is already Found: false).
 Position: LorenzVec{x=-2.5, y=104.0, z=54.5}
 DistanceC: 19.26249998807907
Relative Position: LorenzVec{x=-12.623099435779924, y=4.0, z=19.26249998807907}
 }
10:07:25 `Cow`7830459 missed {
 is already Found: false).
 Position: LorenzVec{x=-0.5, y=104.875, z=54.5}
 DistanceC: 19.26249998807907
Relative Position: LorenzVec{x=-10.623099435779924, y=4.875, z=19.26249998807907}
 }
10:07:25 `Cow`7829166 missed {
 is already Found: false).
 Position: LorenzVec{x=-2.5, y=104.0, z=55.5}
 DistanceC: 20.26249998807907
Relative Position: LorenzVec{x=-12.623099435779924, y=4.0, z=20.26249998807907}
 }
10:07:32 `Villager`364 missed {
 is already Found: false).
 Position: LorenzVec{x=-36.0, y=68.0, z=-39.0}
 DistanceC: 15.364134986986528
Relative Position: LorenzVec{x=15.364134986986528, y=-3.0, z=-9.699999988079071}
 }
10:07:34 `agah2302q5`253 missed {
 is already Found: false).
 Position: LorenzVec{x=-74.0, y=65.0, z=-50.0}
 DistanceC: 22.635865013013472
Relative Position: LorenzVec{x=-22.635865013013472, y=-6.0, z=-20.69999998807907}
 }
10:08:12 `Cow`72744 missed {
 is already Found: false).
 Position: LorenzVec{x=0.5, y=104.0, z=54.5}
 DistanceC: 15.31661763806737
Relative Position: LorenzVec{x=-6.513039027296843, y=4.0, z=15.31661763806737}
 }
10:08:14 `Chicken`73355 missed {
 is already Found: false).
 Position: LorenzVec{x=0.5, y=104.875, z=55.5}
 DistanceC: 18.49323924277894
Relative Position: LorenzVec{x=-11.024099972718714, y=4.875, z=18.49323924277894}
 }
10:08:15 `Enderman`73478 missed {
 is already Found: false).
 Position: LorenzVec{x=1.5, y=100.0, z=55.5}
 DistanceC: 18.49323924277894
Relative Position: LorenzVec{x=-10.024099972718714, y=0.0, z=18.49323924277894}
 }
10:08:19 `Cow`74862 missed {
 is already Found: false).
 Position: LorenzVec{x=-0.5, y=104.0, z=57.5}
 DistanceC: 18.88576901677895
Relative Position: LorenzVec{x=-12.974679022612897, y=4.0, z=18.88576901677895}
 }
10:08:28 `Rabbit`77721 missed {
 is already Found: false).
 Position: LorenzVec{x=-0.5, y=104.0, z=56.5}
 DistanceC: 17.88576901677895
Relative Position: LorenzVec{x=-12.974679022612897, y=4.0, z=17.88576901677895}
 }
10:08:33 `Enderman`79378 missed {
 is already Found: false).
 Position: LorenzVec{x=-2.5, y=100.0, z=57.5}
 DistanceC: 18.88576901677895
Relative Position: LorenzVec{x=-14.974679022612897, y=0.0, z=18.88576901677895}
 }
10:08:33 `Cow`79472 missed {
 is already Found: false).
 Position: LorenzVec{x=-1.84375, y=104.0, z=55.40625}
 DistanceC: 16.79201901677895
Relative Position: LorenzVec{x=-14.318429022612897, y=4.0, z=16.79201901677895}
 }
10:08:41 `Rabbit`82152 missed {
 is already Found: false).
 Position: LorenzVec{x=0.5, y=104.0, z=56.5}
 DistanceC: 20.57869461140956
Relative Position: LorenzVec{x=-10.763156851539856, y=4.0, z=20.57869461140956}
 }
10:08:44 `Enderman`83458 missed {
 is already Found: false).
 Position: LorenzVec{x=-0.5, y=100.0, z=53.5}
 DistanceC: 15.994047961713072
Relative Position: LorenzVec{x=-11.172513938979119, y=0.0, z=15.994047961713072}
 }
10:08:58 `Enderman`88670 missed {
 is already Found: false).
 Position: LorenzVec{x=-1.5, y=100.0, z=56.5}
 DistanceC: 19.016930859732582
Relative Position: LorenzVec{x=-11.797399912318788, y=0.0, z=19.016930859732582}
 }
10:09:00 `Cow`90954 missed {
 is already Found: false).
 Position: LorenzVec{x=-0.5, y=104.0, z=53.5}
 DistanceC: 16.016930859732582
Relative Position: LorenzVec{x=-10.797399912318788, y=4.0, z=16.016930859732582}
 }
10:09:53 `Cow`108663 missed {
 is already Found: false).
 Position: LorenzVec{x=0.875, y=104.0, z=56.625}
 DistanceC: 18.677650120007712
Relative Position: LorenzVec{x=-5.0563626786418885, y=4.0, z=18.677650120007712}
 }
10:11:23 `hq76e3233m`1 missed {
 is already Found: false).
 Position: LorenzVec{x=-476.5, y=134.0, z=-117.0}
 DistanceC: 6.01647840640527
Relative Position: LorenzVec{x=-6.01647840640527, y=1.0784000015258925, z=0.06383261475225765}
 }
10:14:14 `91k208t0z2`183 missed {
 is already Found: false).
 Position: LorenzVec{x=297.5, y=87.0, z=-562.5}
 DistanceC: 1.2585519120289064
Relative Position: LorenzVec{x=1.2585519120289064, y=-16.0, z=0.4880745098457737}
 }
10:15:48 `Witch`335 missed {
 is already Found: false).
 Position: LorenzVec{x=41.5, y=70.0, z=-63.5}
 DistanceC: 21.848952799453734
Relative Position: LorenzVec{x=18.52672437413941, y=4.9375, z=-21.848952799453734}
 }
10:15:48 `3yb4u2j5u2`500 missed {
 is already Found: false).
 Position: LorenzVec{x=46.5, y=69.0, z=-34.5}
 DistanceC: 23.52672437413941
Relative Position: LorenzVec{x=23.52672437413941, y=3.9375, z=7.151047200546266}
 }
10:17:36 `6a0c7x48zt`1 missed {
 is already Found: false).
 Position: LorenzVec{x=-476.5, y=134.0, z=-117.0}
 DistanceC: 13.793299998930706
Relative Position: LorenzVec{x=-13.793299998930706, y=2.0, z=2.7506376934237835}
 }
10:17:36 `g1h8fl39cu`101 missed {
 is already Found: false).
 Position: LorenzVec{x=-476.5, y=134.0, z=-116.0}
 DistanceC: 13.793299998930706
Relative Position: LorenzVec{x=-13.793299998930706, y=2.0, z=3.7506376934237835}
 }
10:18:32 `1m0f6723vh`33 missed {
 is already Found: false).
 Position: LorenzVec{x=-312.0, y=83.0, z=-70.5}
 DistanceC: 20.977943865774478
Relative Position: LorenzVec{x=-20.19027186964331, y=-14.495064620329813, z=-20.977943865774478}
 }
10:20:30 `8wumrygsla`32 missed {
 is already Found: false).
 Position: LorenzVec{x=-286.0, y=82.0, z=-17.0}
 DistanceC: 8.204140305170258
Relative Position: LorenzVec{x=-5.055035957720122, y=0.0, z=-8.204140305170258}
 }
10:20:57 `8wumrygsla`32 missed {
 is already Found: false).
 Position: LorenzVec{x=-286.0, y=82.0, z=-17.0}
 DistanceC: 1.9858619880852189
Relative Position: LorenzVec{x=-1.9858619880852189, y=0.0, z=-1.846423203146344}
 }
10:21:44 `8wumrygsla`32 missed {
 is already Found: false).
 Position: LorenzVec{x=-286.0, y=82.0, z=-17.0}
 DistanceC: 10.342175921848844
Relative Position: LorenzVec{x=-6.6211726264884305, y=0.0, z=-10.342175921848844}
 }
10:22:09 `8wumrygsla`32 missed {
 is already Found: false).
 Position: LorenzVec{x=-286.0, y=82.0, z=-17.0}
 DistanceC: 18.276341661025263
Relative Position: LorenzVec{x=4.7480331489394985, y=0.0, z=-18.276341661025263}
 }
10:22:22 `8wumrygsla`32 missed {
 is already Found: false).
 Position: LorenzVec{x=-286.0, y=82.0, z=-17.0}
 DistanceC: 10.839765171555278
Relative Position: LorenzVec{x=-10.577958180223447, y=-5.020000010728836, z=-10.839765171555278}
 }
