15:33:19 §f §r§r§r§f §r§r§r§1 §r§r§r§0 §r§r§r§2 §r§r§r§f §r§r§r§f §r§r§r§2 §r§r§r§0 §r§r§r§4 §r§r§r§3 §r§r§r§9 §r§r§r§2 §r§r§r§0 §r§r§r§0 §r§r§r§3 §r§r§r§9 §r§r§r§2 §r§r§r§0 §r§r§r§0 §r§r§r§3 §r§r§r§9 §r§r§r§2 §r§r§r§0 §r§r§r§0 
15:33:19 
15:35:23 
15:35:27 
15:35:32 §8 §r§8 §r§1 §r§3 §r§3 §r§7 §r§8 
15:35:34 
15:35:34 
15:35:35  
15:35:35   
15:35:35  
15:35:35   
15:35:41 
15:35:41 
15:35:48  
15:35:48   
15:35:48  
15:35:48   
15:36:49  
15:36:49   
15:36:49  
15:36:49   
15:37:09 §8 §r§8 §r§1 §r§3 §r§3 §r§7 §r§8 
15:37:12  
15:37:13   
15:37:13  
15:37:13   
15:37:13  
15:37:13   
15:37:13  
15:37:13   
15:38:14  
15:38:14   
15:38:14  
15:38:14   
15:39:09 
15:39:09 
15:39:14  
15:39:14   
15:39:14  
15:39:14   
15:40:14  
15:40:14   
15:40:14  
15:40:14   
15:40:15 §8 §r§8 §r§1 §r§3 §r§3 §r§7 §r§8 
15:40:18  
15:40:18   
15:40:18  
15:40:18   
15:40:41  
15:40:41   
15:40:41  
15:40:41   
15:41:42  
15:41:42   
15:41:42  
15:41:42   
15:42:21 §8 §r§8 §r§1 §r§3 §r§3 §r§7 §r§8 
15:42:25  
15:42:25   
15:42:25  
15:42:25   
15:43:15  
15:43:15   
15:43:15  
15:43:15   
15:44:15 §8 §r§8 §r§1 §r§3 §r§3 §r§7 §r§8 
15:44:18  
15:44:18   
15:44:18  
15:44:18   
15:44:19  
15:44:19   
15:44:19  
15:44:19   
15:45:06 §8 §r§8 §r§1 §r§3 §r§3 §r§7 §r§8 
15:45:10  
15:45:10   
15:45:10  
15:45:10   
15:45:15  
15:45:15   
15:45:15  
15:45:15   
15:46:15  
15:46:15   
15:46:15  
15:46:15   
15:47:15  
15:47:15   
15:48:15  
15:48:15   
15:49:15  
15:49:15   
15:49:16 §8 §r§8 §r§1 §r§3 §r§3 §r§7 §r§8 
15:49:19  
15:49:19   
15:49:20  
15:49:20   
15:50:20  
15:50:20   
15:51:21  
15:51:21   
15:52:21  
15:52:21   
15:53:21  
15:53:21   
15:54:22  
15:54:22   
15:55:22  
15:55:22   
15:56:22  
15:56:22   
15:57:22  
15:57:22   
15:58:22  
15:58:22   
15:59:23  
15:59:23   
16:00:23  
16:00:23   
16:01:23  
16:01:23   
16:01:46  
16:01:46  
16:01:46  
16:01:56  
16:01:56  
16:01:56  
16:02:00  
16:02:00  
16:02:00  
16:02:09  
16:02:09  
16:02:09  
16:02:24  
16:02:24   
16:03:05  
16:03:05  
16:03:05  
16:03:08  
16:03:08  
16:03:08  
16:03:11  
16:03:11  
16:03:11  
16:03:20  
16:03:20  
16:03:20  
16:03:24  
16:03:24   
16:03:42  
16:03:42  
16:03:42  
16:04:24  
16:04:24   
16:04:54 §8 §r§8 §r§1 §r§3 §r§3 §r§7 §r§8 
16:04:57  
16:04:57   
16:05:01  
16:05:01   
16:05:10 §8 §r§8 §r§1 §r§3 §r§3 §r§7 §r§8 
16:05:14  
16:05:14   
16:05:16  
16:05:16   
16:05:43 §8 §r§8 §r§1 §r§3 §r§3 §r§7 §r§8 
16:05:46  
16:05:46   
16:05:47  
16:05:47   
16:06:47  
16:06:47   
16:07:48  
16:07:48   
16:08:44 
16:08:44 
16:08:48  
16:08:48   
16:09:49  
16:09:49   
16:10:49  
16:10:49   
16:11:11 §8 §r§8 §r§1 §r§3 §r§3 §r§7 §r§8 
16:11:13 
16:11:13 
16:11:14  
16:11:14   
16:11:15  
16:11:15   
16:11:51 
16:11:55 
16:12:15  
16:12:15   
16:12:57 
16:13:12 §8 §r§8 §r§1 §r§3 §r§3 §r§7 §r§8 
16:13:16  
16:13:16   
16:14:00  
16:14:00   
16:14:40 §8 §r§8 §r§1 §r§3 §r§3 §r§7 §r§8 
16:14:42 
16:14:42 
16:14:43  
16:14:43   
16:14:44  
16:14:44   
16:15:04  
16:15:14 
16:15:21 §8 §r§8 §r§1 §r§3 §r§3 §r§7 §r§8 
16:15:25  
16:15:25   
16:16:18  
16:16:18   
16:17:18  
16:17:18   
16:18:19  
16:18:19   
16:19:20  
16:19:20   
16:20:20  
16:20:20   
16:21:21  
16:21:21   
16:22:22  
16:22:22   
16:23:22  
16:23:22   
16:24:23  
16:24:23   
16:24:35 §8 §r§8 §r§1 §r§3 §r§3 §r§7 §r§8 
16:24:37 
16:24:38 
16:24:38  
16:24:38   
16:24:39  
16:24:39   
16:24:49 
16:25:17 §8 §r§8 §r§1 §r§3 §r§3 §r§7 §r§8 
16:25:20  
16:25:20   
16:25:41  
16:25:41   
16:26:42  
16:26:42   
16:27:42  
16:27:42   
16:28:43  
16:28:43   
16:29:44  
16:29:44   
16:30:45  
16:30:45   
16:31:45  
16:31:45   
16:32:46  
16:32:46   
16:33:47  
16:33:47   
16:34:10 §8 §r§8 §r§1 §r§3 §r§3 §r§7 §r§8 
16:34:10 §f                                        
16:34:12 
16:34:12 
16:34:13  
16:34:13   
16:34:14  
16:34:14   
16:34:20 §f
16:34:20 §f
16:34:20 §f
16:34:20 §f
16:35:14  
16:35:14   
16:35:27 §8 §r§8 §r§1 §r§3 §r§3 §r§7 §r§8 
16:35:31  
16:35:31   
16:35:36 §8 §r§8 §r§1 §r§3 §r§3 §r§7 §r§8 
16:35:40  
16:35:40   
16:36:13  
16:36:13   
16:37:14  
16:37:14   
16:38:10 
16:38:10 
16:38:15  
16:38:15   
16:38:30 §8 §r§8 §r§1 §r§3 §r§3 §r§7 §r§8 
16:38:33 
16:38:33 
16:38:34  
16:38:34   
16:38:34  
16:38:34   
16:38:50 
16:39:34  
16:39:34   
16:40:35  
16:40:35   
16:40:46 §8 §r§8 §r§1 §r§3 §r§3 §r§7 §r§8 
16:40:50  
16:40:50   
16:41:17  
16:41:17   
16:42:17  
16:42:17   
16:43:18  
16:43:18   
16:44:19  
16:44:19   
16:45:20  
16:45:20   
16:46:20  
16:46:20   
16:47:21  
16:47:21   
16:47:39 §8 §r§8 §r§1 §r§3 §r§3 §r§7 §r§8 
16:47:40 §f                                        
16:47:42 
16:47:42 
16:47:42  
16:47:43   
16:47:43  
16:47:43   
16:48:43  
16:48:43   
16:49:03 §8 §r§8 §r§1 §r§3 §r§3 §r§7 §r§8 
16:49:07  
16:49:07   
16:50:02  
16:50:02   
16:50:45 §8 §r§8 §r§1 §r§3 §r§3 §r§7 §r§8 
16:50:46 §f                                        
16:50:48 
16:50:48 
16:50:49  
16:50:49   
16:50:49  
16:50:49   
16:51:17 
16:51:49  
16:51:49   
16:51:51 §8 §r§8 §r§1 §r§3 §r§3 §r§7 §r§8 
16:51:54  
16:51:54   
16:52:16  
16:52:16   
16:53:16  
16:53:16   
16:54:17  
16:54:17   
16:55:18  
16:55:18   
16:56:19  
16:56:19   
16:57:19  
16:57:19   
16:58:19  
16:58:19   
16:59:20  
16:59:20   
16:59:20 §8 §r§8 §r§1 §r§3 §r§3 §r§7 §r§8 
16:59:24  
16:59:24   
16:59:37  
16:59:37   
17:00:06 §f
17:00:06 §c
17:00:37  
17:00:37   
17:01:38  
17:01:38   
17:02:38  
17:02:38   
17:03:39  
17:03:39   
17:04:40  
17:04:40   
17:04:54 
17:04:54 
17:05:40  
17:05:40   
17:06:41  
17:06:41   
17:07:41  
17:07:41   
17:08:42  
17:08:42   
17:09:42  
17:09:42   
17:10:43  
17:10:43   
17:11:44  
17:11:44   
17:12:45  
17:12:45   
17:13:45  
17:13:45   
17:14:21 §f §r§r§r§f §r§r§r§1 §r§r§r§0 §r§r§r§2 §r§r§r§f §r§r§r§f §r§r§r§2 §r§r§r§0 §r§r§r§4 §r§r§r§3 §r§r§r§9 §r§r§r§2 §r§r§r§0 §r§r§r§0 §r§r§r§3 §r§r§r§9 §r§r§r§2 §r§r§r§0 §r§r§r§0 §r§r§r§3 §r§r§r§9 §r§r§r§2 §r§r§r§0 §r§r§r§0 
17:14:22 
18:38:50 §f §r§r§r§f §r§r§r§1 §r§r§r§0 §r§r§r§2 §r§r§r§f §r§r§r§f §r§r§r§2 §r§r§r§0 §r§r§r§4 §r§r§r§3 §r§r§r§9 §r§r§r§2 §r§r§r§0 §r§r§r§0 §r§r§r§3 §r§r§r§9 §r§r§r§2 §r§r§r§0 §r§r§r§0 §r§r§r§3 §r§r§r§9 §r§r§r§2 §r§r§r§0 §r§r§r§0 
18:38:50 
18:38:52 §8 §r§8 §r§1 §r§3 §r§3 §r§7 §r§8 
18:38:54 
18:38:54 
18:38:56  
18:38:56   
18:39:01 
18:39:01 
18:39:05  
18:39:05   
18:39:50  
18:39:50  
18:39:50  
18:40:04  
18:40:04  
18:40:04  
18:40:06  
18:40:06   
18:40:24  
18:40:24  
18:40:24  
18:41:07  
18:41:07   
18:41:20 §8 §r§8 §r§1 §r§3 §r§3 §r§7 §r§8 
18:41:24  
18:41:24   
18:41:39  
18:41:39   
18:42:40  
18:42:40   
18:43:32 
18:43:41  
18:43:41   
18:44:42  
18:44:42   
18:45:22 §f                                        
18:45:43  
18:45:43   
18:46:45  
18:46:45   
18:47:45  
18:47:45   
18:48:46  
18:48:46   
18:49:47  
18:49:47   
18:50:48  
18:50:48   
18:51:49  
18:51:49   
18:52:45 
18:52:45 
18:52:49  
18:52:50   
18:53:50  
18:53:51   
18:54:51  
18:54:51   
18:55:53  
18:55:53   
18:56:55  
18:56:55   
18:57:57  
18:57:57   
18:58:59  
18:58:59   
19:00:01  
19:00:01   
19:00:06 §f
19:00:06 §c
19:01:02  
19:01:02   
19:02:04  
19:02:04   
19:03:05  
19:03:05   
19:03:46 
19:04:07  
19:04:07   
19:05:08  
19:05:08   
19:05:24 §f                                        
19:06:10  
19:06:10   
19:07:12  
19:07:12   
19:08:13  
19:08:13   
19:09:15  
19:09:15   
19:10:16  
19:10:16   
19:11:18  
19:11:18   
19:12:19  
19:12:20   
19:13:21  
19:13:21   
19:14:23  
19:14:23   
19:15:20 
19:15:20 
19:15:25  
19:15:25   
19:16:26  
19:16:26   
19:17:28  
19:17:28   
19:18:30  
19:18:30   
19:19:34  
19:19:34   
19:20:36  
19:20:36   
19:21:38  
19:21:38   
19:22:39  
19:22:39   
19:23:41  
19:23:41   
19:23:57 
19:24:43  
19:24:43   
19:25:23 §f                                        
19:25:44  
19:25:44   
19:26:47  
19:26:47   
19:27:48  
19:27:48   
19:28:50  
19:28:50   
19:29:52  
19:29:52   
19:30:54  
19:30:54   
19:31:55  
19:31:55   
19:32:57  
19:32:57   
19:33:59  
19:33:59   
19:35:01  
19:35:01   
19:36:02  
19:36:02   
19:37:04  
19:37:04   
19:38:05  
19:38:05   
19:39:03 
19:39:03 
19:39:07  
19:39:07   
19:40:09  
19:40:09   
19:41:10  
19:41:10   
19:42:11  
19:42:11   
19:43:13  
19:43:13   
19:43:53 
19:44:14  
19:44:14   
19:45:17  
19:45:17   
19:45:20 §f                                        
19:46:18  
19:46:18   
19:47:19  
19:47:19   
19:48:20  
19:48:20   
19:49:21  
19:49:21   
19:50:23  
19:50:23   
19:51:25  
19:51:25   
19:52:27  
19:52:27   
19:53:29  
19:53:29   
19:54:30  
19:54:30   
19:55:33  
19:55:33   
19:56:35  
19:56:35   
19:57:38  
19:57:38   
19:58:40  
19:58:41   
19:59:43  
19:59:43   
20:00:46  
20:00:46   
20:00:49 
20:01:43 
20:01:43 
20:01:48  
20:01:48   
20:02:50  
20:02:50   
20:03:52  
20:03:52   
20:04:55  
20:04:55   
20:05:23 §f                                        
20:05:57  
20:05:57   
20:06:59  
20:06:59   
20:08:01  
20:08:01   
20:09:04  
20:09:04   
20:10:06  
20:10:06   
20:11:08  
20:11:08   
20:12:11  
20:12:11   
20:13:13  
20:13:13   
20:14:15  
20:14:15   
20:15:18  
20:15:18   
20:16:19  
20:16:19   
20:17:21  
20:17:21   
20:18:23  
20:18:23   
20:19:25  
20:19:25   
20:20:26  
20:20:26   
20:21:28  
20:21:28   
20:22:30  
20:22:30   
20:23:32  
20:23:32   
20:24:00 
20:24:34  
20:24:34   
20:25:26 §f                                        
20:25:35  
20:25:35   
20:26:32 
20:26:32 
20:26:37  
20:26:37   
20:27:38  
20:27:38   
20:28:40  
20:28:40   
20:29:42  
20:29:42   
20:30:43  
20:30:43   
20:31:45  
20:31:45   
20:32:48  
20:32:48   
20:33:49  
20:33:49   
20:34:51  
20:34:51   
20:35:53  
20:35:53   
20:36:54  
20:36:54   
20:37:55  
20:37:55   
20:38:58  
20:38:58   
20:40:00  
20:40:00   
20:40:52 
20:41:01  
20:41:01   
20:42:03  
20:42:03   
20:43:04  
20:43:04   
20:44:06  
20:44:06   
20:45:07  
20:45:07   
20:45:23 §f                                        
20:46:09  
20:46:09   
20:47:11  
20:47:11   
20:48:13  
20:48:13   
20:49:14  
20:49:14   
20:50:16  
20:50:16   
20:51:18  
20:51:18   
20:52:19  
20:52:19   
20:53:20  
20:53:21   
20:54:22  
20:54:22   
20:55:23  
20:55:23   
20:56:25  
20:56:25   
20:57:26  
20:57:26   
20:58:27  
20:58:27   
20:59:28  
20:59:28   
21:00:06 §f
21:00:06 §c
21:00:29  
21:00:29   
21:01:30  
21:01:30   
21:02:31  
21:02:31   
21:03:32  
21:03:32   
21:03:48 
21:04:33  
21:04:33   
21:05:25 §f                                        
21:05:34  
21:05:34   
21:06:37  
21:06:37   
21:07:39  
21:07:39   
21:08:40  
21:08:40   
21:09:43  
21:09:43   
21:10:45  
21:10:45   
21:11:46  
21:11:46   
21:12:49  
21:12:49   
21:13:51  
21:13:51   
21:14:52  
21:14:52   
21:15:54  
21:15:54   
21:16:12 §8 §r§8 §r§1 §r§3 §r§3 §r§7 §r§8 
21:16:16  
21:16:16   
21:16:16  
21:16:16   
21:17:17  
21:17:17   
21:18:17  
21:18:17   
21:19:17  
21:19:17   
21:20:17  
21:20:17   
21:21:17  
21:21:17   
21:22:17  
21:22:17   
21:23:02 §8 §r§8 §r§1 §r§3 §r§3 §r§7 §r§8 
21:23:03  
21:23:03   
21:23:06  
21:23:06   
21:24:04  
21:24:04   
21:25:05  
21:25:05   
21:26:06  
21:26:06   
21:27:06  
21:27:06   
21:28:07  
21:28:07   
21:29:08  
21:29:08   
21:30:09  
21:30:09   
21:31:10  
21:31:10   
21:32:10  
21:32:10   
21:33:11  
21:33:11   
21:34:12  
21:34:12   
21:34:19 
21:34:19 
21:35:13  
21:35:13   
21:36:13  
21:36:13   
21:37:14  
21:37:14   
21:38:14  
21:38:14   
21:39:15  
21:39:15   
21:40:16  
21:40:16   
21:41:17  
21:41:17   
21:42:17  
21:42:17   
21:43:18  
21:43:18   
21:44:19  
21:44:19   
21:45:19  
21:45:19   
21:46:20  
21:46:20   
21:47:21  
21:47:21   
21:48:22  
21:48:22   
21:49:23  
21:49:23   
21:50:24  
21:50:24   
21:51:25  
21:51:25   
21:52:26  
21:52:26   
21:53:27  
21:53:27   
21:54:28  
21:54:28   
21:54:35 
21:54:35 
21:55:29  
21:55:29   
21:56:30  
21:56:30   
21:57:31  
21:57:31   
21:58:32  
21:58:32   
21:59:33  
21:59:33   
22:00:07 §8 §r§8 §r§1 §r§3 §r§3 §r§7 §r§8 
22:00:10 §8 §r§8 §r§1 §r§3 §r§3 §r§7 §r§8 
22:00:16  
22:00:16   
22:00:32  
22:00:32   
22:02:11  
22:02:11   
22:03:55  
22:03:55   
22:05:41  
22:05:41   
22:07:11  
22:07:11   
22:08:41  
22:08:41   
22:10:02  
22:10:02   
22:11:19  
22:11:19   
22:13:01  
22:13:01   
22:14:07 §8 §r§8 §r§1 §r§3 §r§3 §r§7 §r§8 
22:14:11  
22:14:11   
22:14:11  
22:14:11   
22:15:11  
22:15:11   
22:16:12  
22:16:12   
22:17:12  
22:17:12   
22:18:12  
22:18:12   
22:19:30 §f §r§r§r§f §r§r§r§1 §r§r§r§0 §r§r§r§2 §r§r§r§f §r§r§r§f §r§r§r§2 §r§r§r§0 §r§r§r§4 §r§r§r§3 §r§r§r§9 §r§r§r§2 §r§r§r§0 §r§r§r§0 §r§r§r§3 §r§r§r§9 §r§r§r§2 §r§r§r§0 §r§r§r§0 §r§r§r§3 §r§r§r§9 §r§r§r§2 §r§r§r§0 §r§r§r§0 
22:19:31 
22:19:55 §8 §r§8 §r§1 §r§3 §r§3 §r§7 §r§8 
22:19:57 
22:19:57 
22:19:58  
22:19:58   
22:19:59  
22:19:59   
22:20:59  
22:20:59   
22:21:59  
22:21:59   
22:22:59  
22:22:59   
22:24:00  
22:24:00   
22:25:00  
22:25:00   
22:26:00  
22:26:00   
22:27:00  
22:27:00   
22:28:00  
22:28:00   
22:28:14 §8 §r§8 §r§1 §r§3 §r§3 §r§7 §r§8 
22:28:18  
22:28:18   
22:29:14  
22:29:14   
22:29:18 
22:29:18 
22:29:19 
22:29:19 
22:29:20 
22:29:20 
22:29:20 
22:29:21 
22:29:21 
22:29:21 
22:29:22 
22:29:22 
22:29:23 
22:29:23 
22:29:24 
22:29:25 
22:29:25 
22:29:26 
22:29:27 
22:29:27 
22:29:28 
22:29:56 
22:29:56 
22:29:57 
22:29:58 
22:29:58 
22:30:00 
22:30:05 
22:30:05 
22:30:05 
22:30:05 
22:30:07 
22:30:07 
22:30:08 
22:30:10 
22:30:12 
22:30:12 
22:30:12 
22:30:13 
22:30:13 
22:30:15  
22:30:15   
22:30:15 
22:30:19 
22:30:19 
22:30:19 
22:30:20 
22:30:23 
22:30:41 
22:30:41 
22:30:42 
22:30:42 
22:30:42 
22:30:43 
22:30:43 
22:30:43 
22:30:44 
22:30:44 
22:30:45 
22:30:46 
22:30:47 
22:30:47 
22:30:47 
22:30:48 
22:30:48 
22:30:49 
22:30:49 
22:30:50 
22:30:50 
22:30:51 
22:30:51 
22:30:52 
22:30:52 
22:30:52 
22:30:53 
22:30:54 
22:30:56 
22:30:56 
22:30:59 
22:31:00 
22:31:01 
22:31:07 
22:31:07 
22:31:08 
22:31:09 
22:31:09 
22:31:17  
22:31:17   
22:31:19 
22:31:19 
22:31:20 
22:31:21 
22:31:22 
22:31:28 
22:31:28 
22:31:29 
22:31:39 
22:31:39 
22:31:40 
22:31:41 
22:31:42 
22:31:43 
22:31:44 
22:31:44 
22:31:46 
22:32:18  
22:32:18   
22:32:53 
22:33:02 
22:33:16 
22:33:16 
22:33:16 
22:33:17 
22:33:18 
22:33:18 
22:33:19 
22:33:19  
22:33:19   
22:33:19 
22:33:20 
22:33:20 
22:33:20 
22:33:21 
22:33:22 
22:33:22 
22:33:23 
22:33:23 
22:33:24 
22:33:25 
22:33:25 
22:33:25 
22:33:26 
22:33:26 
22:33:27 
22:33:27 
22:33:28 
22:33:29 
22:33:29 
22:33:30 
22:33:30 
22:33:30 
22:33:31 
22:33:31 
22:33:32 
22:33:32 
22:33:33 
22:33:43 
22:33:44 
22:33:45 
22:33:45 
22:33:45 
22:33:46 
22:33:51 
22:33:51 
22:33:52 
22:33:55 
22:33:56 
22:33:56 
22:33:56 
22:34:06 
22:34:06 
22:34:17 
22:34:18 
22:34:18 
22:34:19 
22:34:19 
22:34:20 
22:34:20  
22:34:20   
22:34:21 
22:34:21 
22:34:22 
22:34:22 
22:34:23 
22:34:23 
22:34:24 
22:34:33 
22:34:34 
22:34:35 
22:34:35 
22:34:36 
22:34:37 
22:34:38 
22:34:38 
22:34:39 
22:34:40 §f                                        
22:34:43 
22:34:47 
22:34:47 
22:34:48 
22:34:49 
22:34:49 
22:34:49 
22:34:50 
22:34:50 
22:34:50 
22:34:51 
22:34:52 
22:34:52 
22:34:55 
22:35:01 
22:35:02 
22:35:03 
22:35:03 
22:35:04 
22:35:05 
22:35:10 
22:35:10 
22:35:11 
22:35:11 
22:35:12 
22:35:14 
22:35:14 
22:35:17 
22:35:17 
22:35:18 
22:35:20 
22:35:21 
22:35:21  
22:35:22   
22:35:25 
22:35:58 
22:35:59 
22:35:59 
22:36:00 
22:36:00 
22:36:01 
22:36:01 
22:36:02 
22:36:03 
22:36:03 
22:36:03 
22:36:05 
22:36:05 
22:36:05 
22:36:06 
22:36:07 
22:36:07 
22:36:07 
22:36:08 
22:36:09 
22:36:09 
22:36:09 
22:36:10 
22:36:11 
22:36:12 
22:36:12 
22:36:13 
22:36:13 
22:36:14 
22:36:14 
22:36:15 
22:36:16 
22:36:16 
22:36:17 
22:36:19 
22:36:21 
22:36:22 
22:36:22 
22:36:23  
22:36:23   
22:36:24 
22:36:30 
22:36:30 
22:36:32 
22:37:20 
22:37:21 
22:37:22 
22:37:22 
22:37:23 
22:37:23 
22:37:24 
22:37:24 
22:37:24  
22:37:24   
22:37:24 
22:37:25 
22:37:25 
22:37:26 
22:37:26 
22:37:26 
22:37:26 
22:37:27 
22:37:27 
22:37:28 
22:37:29 
22:37:29 
22:37:29 
22:37:30 
22:37:31 
22:37:32 
22:37:33 
22:37:33 
22:37:34 
22:37:34 
22:37:37 
22:37:37 
22:37:38 
22:37:38 
22:37:39 
22:37:40 
22:37:40 
22:37:40 
22:37:41 
22:37:41 
22:37:41 
22:37:42 
22:37:42 
22:37:43 
22:37:44 
22:37:46 
22:37:46 
22:37:47 
22:37:47 
22:37:47 
22:37:48 
22:37:49 
22:37:49 
22:37:49 
22:37:50 
22:37:50 
22:37:51 
22:37:51 
22:37:51 
22:37:52 
22:37:52 
22:37:52 
22:37:53 
22:37:54 
22:38:08 
22:38:08 
22:38:08 
22:38:08 
22:38:09 
22:38:10 
22:38:10 
22:38:11 
22:38:11 
22:38:12 
22:38:12 
22:38:13 
22:38:13 
22:38:14 
22:38:14 
22:38:15 
22:38:15 
22:38:16 
22:38:16 
22:38:17 
22:38:17 
22:38:17 
22:38:17 
22:38:18 
22:38:19 
22:38:19 
22:38:19 
22:38:20 
22:38:25  
22:38:25   
22:39:26  
22:39:26   
22:40:27  
22:40:27   
22:40:34 §f
22:40:34 §f
22:40:34 §f
22:40:34 §f
22:41:27  
22:41:27   
22:42:28  
22:42:28   
22:43:29  
22:43:29   
22:44:30  
22:44:30   
22:45:30  
22:45:30   
22:46:31  
22:46:31   
22:47:32  
22:47:32   
22:48:34  
22:48:34   
22:48:51 
22:49:35  
22:49:35   
22:49:55 
22:50:28 
22:50:28 
22:50:28 
22:50:36  
22:50:36   
22:50:46 
22:50:47 
22:50:49 
22:50:49 
22:50:51 
22:50:54 
22:50:56 
22:50:56 
22:50:57 
22:50:57 
22:50:59 
22:51:03 
22:51:10 
22:51:11 
22:51:11 
22:51:12 
22:51:12 
22:51:13 
22:51:14 
22:51:15 
22:51:16 
22:51:18 
22:51:18 
22:51:22 
22:51:22 
22:51:37  
22:51:37   
22:52:18 
22:52:18 
22:52:19 
22:52:19 
22:52:20 
22:52:21 
22:52:21 
22:52:22 
22:52:22 
22:52:23 
22:52:23 
22:52:24 
22:52:25 
22:52:25 
22:52:26 
22:52:26 
22:52:27 
22:52:27 
22:52:28 
22:52:28 
22:52:28 
22:52:29 
22:52:29 
22:52:29 
22:52:30 
22:52:30 
22:52:31 
22:52:32 
22:52:32 
22:52:34 
22:52:34 
22:52:36 
22:52:37 
22:52:37 
22:52:38 
22:52:39  
22:52:39   
22:52:39 
22:52:39 
22:52:39 
22:52:40 
22:52:41 
22:52:49 
22:52:49 
22:53:05 
22:53:05 
22:53:05 
22:53:06 
22:53:07 
22:53:07 
22:53:08 
22:53:09 
22:53:09 
22:53:10 
22:53:11 
22:53:11 
22:53:11 
22:53:15 
22:53:15 
22:53:15 
22:53:15 
22:53:40  
22:53:40   
22:53:53 
22:53:53 
22:53:53 
22:53:54 
22:53:54 
22:53:54 
22:53:55 
22:53:56 
22:53:56 
22:53:56 
22:53:57 
22:53:57 
22:53:58 
22:53:58 
22:53:58 
22:53:59 
22:53:59 
22:53:59 
22:54:00 
22:54:01 
22:54:01 
22:54:02 
22:54:02 
22:54:03 
22:54:03 
22:54:04 
22:54:05 
22:54:05 
22:54:06 
22:54:06 
22:54:07 
22:54:08 
22:54:08 
22:54:08 
22:54:09 
22:54:09 
22:54:09 
22:54:10 
22:54:10 
22:54:11 
22:54:12 
22:54:12 
22:54:12 
22:54:13 
22:54:14 
22:54:14 
22:54:15 
22:54:15 
22:54:16 
22:54:17 
22:54:19 
22:54:20 
22:54:37 §f                                        
22:54:42  
22:54:42   
22:54:59 
22:54:59 
22:54:59 
22:54:59 
22:55:00 
22:55:00 
22:55:02 
22:55:02 
22:55:03 
22:55:04 
22:55:04 
22:55:05 
22:55:05 
22:55:07 
22:55:07 
22:55:07 
22:55:08 
22:55:09 
22:55:09 
22:55:10 
22:55:10 
22:55:11 
22:55:11 
22:55:11 
22:55:11 
22:55:12 
22:55:12 
22:55:14 
22:55:14 
22:55:14 
22:55:15 
22:55:15 
22:55:16 
22:55:16 
22:55:18 
22:55:18 
22:55:19 
22:55:19 
22:55:19 
22:55:20 
22:55:20 
22:55:21 
22:55:21 
22:55:22 
22:55:23 
22:55:23 
22:55:29 
22:55:29 
22:55:43  
22:55:43   
22:56:17 
22:56:17 
22:56:18 
22:56:19 
22:56:19 
22:56:21 
22:56:21 
22:56:22 
22:56:24 
22:56:24 
22:56:24 
22:56:25 
22:56:26 
22:56:26 
22:56:27 
22:56:28 
22:56:29 
22:56:30 
22:56:30 
22:56:31 
22:56:31 
22:56:32 
22:56:32 
22:56:33 
22:56:34 
22:56:34 
22:56:34 
22:56:35 
22:56:35 
22:56:36 
22:56:36 
22:56:36 
22:56:37 
22:56:37 
22:56:38 
22:56:38 
22:56:40 
22:56:40 
22:56:41 
22:56:42 
22:56:42 
22:56:43 
22:56:43 
22:56:44 
22:56:44 
22:56:44  
22:56:44   
22:56:44 
22:56:45 
22:56:45 
22:56:46 
22:56:47 
22:56:47 
22:56:47 
22:56:48 
22:56:48 
22:56:49 
22:56:50 
22:56:50 
22:56:50 
22:56:50 
22:57:42 
22:57:43 
22:57:44 
22:57:44 
22:57:45 
22:57:45 
22:57:46 
22:57:46  
22:57:46   
22:57:46 
22:57:47 
22:57:47 
22:57:48 
22:57:48 
22:57:48 
22:57:49 
22:57:50 
22:57:51 
22:57:51 
22:57:52 
22:57:52 
22:57:53 
22:57:53 
22:57:54 
22:57:55 
22:57:55 
22:57:56 
22:57:56 
22:57:57 
22:57:57 
22:57:58 
22:57:58 
22:58:00 
22:58:01 
22:58:02 
22:58:04 
22:58:05 
22:58:06 
22:58:06 
22:58:07 
22:58:07 
22:58:08 
22:58:10 
22:58:11 
22:58:12 
22:58:12 
22:58:13 
22:58:14 
22:58:14 
22:58:15 
22:58:16 
22:58:16 
22:58:18 
22:58:47  
22:58:47   
22:59:09 
22:59:09 
22:59:10 
22:59:10 
22:59:11 
22:59:11 
22:59:12 
22:59:12 
22:59:12 
22:59:13 
22:59:13 
22:59:14 
22:59:14 
22:59:15 
22:59:15 
22:59:16 
22:59:16 
22:59:17 
22:59:17 
22:59:18 
22:59:19 
22:59:19 
22:59:20 
22:59:21 
22:59:21 
22:59:22 
22:59:23 
22:59:23 
22:59:24 
22:59:24 
22:59:25 
22:59:25 
22:59:26 
22:59:26 
22:59:26 
22:59:27 
22:59:27 
22:59:28 
22:59:28 
22:59:29 
22:59:30 
22:59:30 
22:59:49  
22:59:49   
23:00:07 §f
23:00:07 §c
23:00:27 
23:00:27 
23:00:28 
23:00:32 
23:00:32 
23:00:32 
23:00:34 
23:00:34 
23:00:34 
23:00:35 
23:00:37 
23:00:38 
23:00:39 
23:00:39 
23:00:40 
23:00:40 
23:00:41 
23:00:51  
23:00:51   
23:01:02 
23:01:03 
23:01:03 
23:01:04 
23:01:05 
23:01:06 
23:01:08 
23:01:08 
23:01:08 
23:01:11 
23:01:12 
23:01:12 
23:01:13 
23:01:13 
23:01:13 
23:01:14 
23:01:14 
23:01:15 
23:01:15 
23:01:16 
23:01:16 
23:01:17 
23:01:17 
23:01:18 
23:01:19 
23:01:19 
23:01:46 
23:01:46 
23:01:50 
23:01:51 
23:01:51 
23:01:52  
23:01:52   
23:02:54  
23:02:54   
23:02:59 
23:02:59 
23:03:01 
23:03:01 
23:03:02 
23:03:03 
23:03:04 
23:03:04 
23:03:04 
23:03:05 
23:03:06 
23:03:06 
23:03:07 
23:03:07 
23:03:07 
23:03:08 
23:03:08 
23:03:08 
23:03:09 
23:03:09 
23:03:10 
23:03:10 
23:03:11 
23:03:11 
23:03:12 
23:03:12 
23:03:13 
23:03:13 
23:03:13 
23:03:14 
23:03:14 
23:03:15 
23:03:15 
23:03:15 
23:03:16 
23:03:16 
23:03:17 
23:03:18 
23:03:19 
23:03:19 
23:03:20 
23:03:21 
23:03:21 
23:03:21 
23:03:22 
23:03:22 
23:03:23 
23:03:23 
23:03:24 
23:03:24 
23:03:24 
23:03:25 
23:03:27 
23:03:27 
23:03:28 
23:03:28 
23:03:29 
23:03:29 
23:03:29 
23:03:30 
23:03:31 
23:03:32 
23:03:32 
23:03:55  
23:03:55   
23:04:56  
23:04:56   
23:05:58  
23:05:58   
23:06:23 
23:06:27 
23:06:28 
23:06:29 
23:06:29 
23:06:31 
23:06:31 
23:06:33 
23:06:34 
23:06:34 
23:06:42 
23:06:42 
23:06:42 
23:06:43 
23:06:44 
23:06:47 
23:06:48 
23:06:50 
23:06:52 
23:06:52 
23:06:52 
23:07:00  
23:07:00   
23:07:16 
23:07:16 
23:07:17 
23:07:17 
23:07:18 
23:07:19 
23:07:19 
23:07:19 
23:07:20 
23:07:20 
23:07:21 
23:07:23 
23:07:23 
23:07:24 
23:07:24 
23:07:25 
23:07:26 
23:07:26 
23:07:28 
23:07:28 
23:07:31 
23:07:31 
23:07:32 
23:07:39 
23:07:39 
23:07:40 
23:07:41 
23:07:45 
23:07:45 
23:07:45 
23:07:48 
23:07:48 
23:07:48 
23:07:49 
23:07:49 
23:07:49 
23:07:54 
23:07:54 
23:07:57 
23:08:01  
23:08:01   
23:08:02 §f
23:08:03 
23:08:03 
23:08:04 
23:08:06 
23:08:06 
23:08:16 
23:09:03  
23:09:03   
23:10:00 
23:10:04  
23:10:04   
23:11:05  
23:11:05   
23:12:06  
23:12:06   
23:13:07  
23:13:07   
23:13:16 
23:13:17 
23:13:23 
23:13:23 
23:13:23 
23:13:24 
23:13:24 
23:14:09  
23:14:09   
23:14:14 
23:14:15 
23:14:15 
23:14:15 
23:14:16 
23:14:17 
23:14:17 
23:14:18 
23:14:19 
23:14:20 
23:14:20 
23:14:21 
23:14:21 
23:14:21 
23:14:22 
23:14:23 
23:14:23 
23:14:24 
23:14:24 
23:14:24 
23:14:25 
23:14:25 
23:14:25 
23:14:26 
23:14:26 
23:14:26 
23:14:28 
23:14:29 
23:14:29 
23:14:29 
23:14:30 
23:14:30 
23:14:32 
23:14:33 
23:14:34 
23:14:34 
23:14:35 
23:14:36 
23:14:37 
23:14:38 
23:14:38 
23:14:39 
23:14:40 
23:14:40 
23:14:40 
23:14:41 
23:14:42 §f                                        
23:14:42 
23:14:43 
23:14:43 
23:14:44 
23:14:44 
23:14:45 
23:14:45 
23:14:46 
23:14:46 
23:14:47 
23:14:52 
23:15:10  
23:15:10   
23:15:27 
23:15:27 
23:15:28 
23:15:29 
23:15:29 
23:15:30 
23:15:30 
23:15:31 
23:15:31 
23:15:32 
23:15:33 
23:15:33 
23:15:34 
23:15:34 
23:15:36 
23:15:37 
23:15:37 
23:15:38 
23:15:38 
23:15:39 
23:15:39 
23:15:40 
23:15:40 
23:15:41 
23:15:42 
23:15:42 
23:15:42 
23:15:43 
23:15:50 
23:15:50 
23:16:11  
23:16:11   
23:16:40 
23:16:40 
23:16:41 
23:16:41 
23:16:42 
23:16:42 
23:16:43 
23:16:44 
23:16:44 
23:16:45 
23:16:45 
23:16:46 
23:16:46 
23:16:47 
23:16:47 
23:16:48 
23:16:49 
23:16:50 
23:16:50 
23:16:51 
23:16:51 
23:16:52 
23:16:52 
23:16:53 
23:16:53 
23:16:54 
23:16:55 
23:16:55 
23:16:56 
23:16:57 
23:16:57 
23:16:57 
23:16:58 
23:16:59 
23:16:59 
23:17:00 
23:17:01 
23:17:01 
23:17:01 
23:17:02 
23:17:03 
23:17:03 
23:17:03 
23:17:04 
23:17:04 
23:17:05 
23:17:05 
23:17:06 
23:17:07 
23:17:07 
23:17:08 
23:17:09 
23:17:10 
23:17:11 
23:17:11 
23:17:11 
23:17:12  
23:17:12   
23:18:13  
23:18:13   
23:19:09 
23:19:09 
23:19:12 
23:19:15  
23:19:15   
23:19:27 
23:19:27 
23:19:28 
23:19:28 
23:19:29 
23:19:30 
23:19:30 
23:19:31 
23:19:32 
23:19:32 
23:19:33 
23:19:33 
23:19:35 
23:19:35 
23:19:36 
23:19:41 
23:19:41 
23:19:44 
23:19:47 
23:19:47 
23:19:48 
23:19:50 
23:19:50 
23:19:53 
23:20:12 
23:20:12 
23:20:13 
23:20:13 
23:20:14 
23:20:15 
23:20:16 
23:20:16  
23:20:16   
23:20:17 
23:20:17 
23:20:17 
23:20:18 
23:20:18 
23:20:19 
23:20:20 
23:20:20 
23:20:20 
23:20:21 
23:20:22 
23:20:23 
23:20:23 
23:20:23 
23:20:32 
23:20:32 
23:20:33 
23:20:33 
23:20:34 
23:20:34 
23:20:36 
23:20:36 
23:20:58 
23:20:59 
23:20:59 
23:20:59 
23:21:00 
23:21:00 
23:21:00 
23:21:01 
23:21:01 
23:21:02 
23:21:03 
23:21:03 
23:21:04 
23:21:04 
23:21:05 
23:21:05 
23:21:05 
23:21:06 
23:21:06 
23:21:06 
23:21:07 
23:21:08 
23:21:09 
23:21:10 
23:21:12 
23:21:12 
23:21:13 
23:21:13 
23:21:16 
23:21:17  
23:21:17   
23:21:24 
23:21:25 
23:21:26 
23:21:27 
23:21:28 
23:21:30 
23:21:30 
23:21:31 
23:21:31 
23:21:32 
23:21:32 
23:21:32 
23:21:33 
23:21:46 §f
23:21:48 
23:21:49 
23:21:49 
23:21:50 
23:22:07 
23:22:08 
23:22:09 
23:22:09 
23:22:11 
23:22:11 
23:22:11 
23:22:12 
23:22:13 
23:22:18  
23:22:18   
23:23:01 
23:23:01 
23:23:01 
23:23:02 
23:23:03 
23:23:03 
23:23:04 
23:23:05 
23:23:05 
23:23:05 
23:23:06 
23:23:07 
23:23:08 
23:23:08 
23:23:09 
23:23:09 
23:23:10 
23:23:10 
23:23:10 
23:23:11 
23:23:11 
23:23:12 
23:23:13 
23:23:13 
23:23:14 
23:23:14 
23:23:15 
23:23:15 
23:23:15 
23:23:15 
23:23:16 
23:23:16 
23:23:17 
23:23:17 
23:23:18 
23:23:19 
23:23:19 
23:23:20 
23:23:20  
23:23:20   
23:23:20 
23:23:21 
23:23:22 
23:23:25 
23:23:27 
23:23:27 
23:23:28 
23:23:28 
23:23:29 
23:23:29 
23:23:30 
23:23:30 
23:23:32 
23:23:33 
23:24:22  
23:24:22   
23:24:24 
23:24:25 
23:24:26 
23:24:26 
23:24:27 
23:24:28 
23:24:28 
23:24:29 
23:24:30 
23:24:31 
23:24:31 
23:24:31 
23:24:32 
23:24:33 
23:24:33 
23:24:34 
23:24:34 
23:24:34 
23:24:35 
23:24:35 
23:24:36 
23:24:36 
23:24:37 
23:24:37 
23:24:38 
23:24:38 
23:24:40 
23:24:40 
23:24:41 
23:24:42 
23:24:42 
23:24:43 
23:24:43 
23:24:44 
23:24:44 
23:24:45 
23:24:45 
23:24:46 
23:24:46 
23:24:47 
23:24:47 
23:24:47 
23:24:48 
23:24:48 
23:24:49 
23:24:49 
23:24:51 
23:24:51 
23:24:51 
23:24:53 
23:24:54 
23:24:55 
23:24:55 
23:25:23  
23:25:23   
23:26:25  
23:26:25   
23:27:26  
23:27:26   
23:28:27  
23:28:27   
23:29:28  
23:29:28   
23:30:01 
23:30:30  
23:30:30   
23:31:31  
23:31:31   
23:32:32  
23:32:32   
23:33:33  
23:33:33   
23:34:34  
23:34:34   
23:34:42 §f                                        
23:35:35  
23:35:35   
23:36:37  
23:36:37   
23:37:02 §8 §r§8 §r§1 §r§3 §r§3 §r§7 §r§8 
23:37:06  
23:37:06   
23:37:26  
23:37:26   
23:38:27  
23:38:27   
23:39:28  
23:39:28   
23:40:28 
23:40:28 
23:40:28  
23:40:28   
23:41:29  
23:41:29   
23:42:30  
23:42:30   
23:43:31  
23:43:31   
23:44:32  
23:44:32   
23:45:33  
23:45:33   
23:46:34  
23:46:34   
23:47:35  
23:47:35   
23:48:36  
23:48:36   
23:49:37  
23:49:37   
23:50:38  
23:50:38   
23:51:39  
23:51:39   
23:52:40  
23:52:40   
23:53:40  
23:53:41   
23:54:41  
23:54:41   
23:55:42  
23:55:42   
23:56:43  
23:56:43   
23:57:44  
23:57:44   
23:58:45  
23:58:45   
23:59:46  
23:59:46   
00:00:46 
00:00:46 
00:00:47  
00:00:47   
00:01:48  
00:01:48   
00:02:49  
00:02:49   
00:03:50  
00:03:50   
00:04:51  
00:04:51   
00:05:52  
00:05:52   
00:06:53  
00:06:53   
00:07:54  
00:07:54   
00:08:55  
00:08:55   
00:09:56  
00:09:56   
00:10:57  
00:10:57   
00:11:58  
00:11:58   
00:12:59  
00:12:59   
00:14:00  
00:14:00   
00:15:01  
00:15:01   
00:16:02  
00:16:02   
00:16:47 §f §r§r§r§f §r§r§r§1 §r§r§r§0 §r§r§r§2 §r§r§r§f §r§r§r§f §r§r§r§2 §r§r§r§0 §r§r§r§4 §r§r§r§3 §r§r§r§9 §r§r§r§2 §r§r§r§0 §r§r§r§0 §r§r§r§3 §r§r§r§9 §r§r§r§2 §r§r§r§0 §r§r§r§0 §r§r§r§3 §r§r§r§9 §r§r§r§2 §r§r§r§0 §r§r§r§0 
00:16:47 
00:57:44 §f §r§r§r§f §r§r§r§1 §r§r§r§0 §r§r§r§2 §r§r§r§f §r§r§r§f §r§r§r§2 §r§r§r§0 §r§r§r§4 §r§r§r§3 §r§r§r§9 §r§r§r§2 §r§r§r§0 §r§r§r§0 §r§r§r§3 §r§r§r§9 §r§r§r§2 §r§r§r§0 §r§r§r§0 §r§r§r§3 §r§r§r§9 §r§r§r§2 §r§r§r§0 §r§r§r§0 
00:57:44 
00:58:31 §8 §r§8 §r§1 §r§3 §r§3 §r§7 §r§8 
00:58:34 
00:58:34 
00:58:35  
00:58:35   
00:58:41 
00:58:41 
00:59:18  
00:59:18   
01:00:07 §f
01:00:07 §c
01:00:14 
01:00:14 
01:00:18  
01:00:18   
01:01:18  
01:01:19   
01:02:19  
01:02:19   
01:03:19  
01:03:19   
01:04:19  
01:04:19   
01:05:19  
01:05:19   
01:05:54 §8 §r§8 §r§1 §r§3 §r§3 §r§7 §r§8 
01:05:58  
01:05:58   
01:06:05  
01:06:05   
01:06:37 
01:06:39 
01:06:40 
01:07:06  
01:07:06   
01:07:10 
01:07:11 
01:07:11 
01:07:12 
01:07:12 
01:07:12 
01:07:13 
01:07:14 
01:07:14 
01:07:14 
01:07:15 
01:07:16 
01:07:17 
01:07:17 
01:07:17 
01:07:18 
01:07:18 
01:07:19 
01:07:19 
01:07:20 
01:07:20 
01:07:21 
01:07:21 
01:07:22 
01:07:22 
01:07:23 
01:07:23 
01:07:24 
01:08:06  
01:08:06   
01:09:07  
01:09:07   
01:09:22 
01:09:22 
01:09:23 
01:09:28 
01:09:28 
01:09:29 
01:09:29 
01:09:30 
01:09:30 
01:09:31 
01:09:34 
01:09:34 
01:09:35 
01:09:36 
01:09:36 
01:09:36 
01:09:37 
01:09:37 
01:09:37 
01:09:38 
01:09:39 
01:09:39 
01:09:39 
01:09:41 
01:09:42 
01:09:42 
01:09:43 
01:09:43 
01:09:44 
01:09:44 
01:09:45 
01:09:46 
01:09:46 
01:09:47 
01:09:48 
01:09:48 
01:09:50 
01:09:57 
01:09:57 
01:09:57 
01:09:58 
01:09:58 
01:10:07  
01:10:07   
01:10:16 
01:10:16 
01:10:18 
01:10:18 
01:10:19 
01:10:20 
01:10:21 
01:10:22 
01:10:22 
01:10:22 
01:10:23 
01:10:25 
01:10:26 
01:10:26 
01:10:27 
01:10:28 
01:10:28 
01:10:28 
01:10:29 
01:10:29 
01:10:30 
01:10:31 
01:10:31 
01:10:31 
01:10:32 
01:10:33 
01:10:38 
01:10:38 
01:11:08  
01:11:08   
01:11:12 
01:11:13 
01:11:13 
01:11:14 
01:11:15 
01:11:15 
01:11:16 
01:11:16 
01:11:17 
01:11:18 
01:11:18 
01:11:19 
01:11:20 
01:11:20 
01:11:21 
01:11:21 
01:11:22 
01:11:22 
01:11:23 
01:11:23 
01:11:24 
01:11:24 
01:11:24 
01:11:25 
01:11:27 
01:11:27 
01:11:27 
01:11:28 
01:11:28 
01:11:30 
01:11:30 
01:11:31 
01:11:32 
01:11:32 
01:11:33 
01:11:33 
01:11:34 
01:11:34 
01:11:35 
01:11:36 
01:11:38 
01:11:38 
01:11:39 
01:11:40 
01:12:09  
01:12:09   
01:12:17 
01:12:31 
01:12:31 
01:12:32 
01:12:32 
01:12:33 
01:12:34 
01:12:35 
01:12:35 
01:12:36 
01:12:37 
01:12:37 
01:12:39 
01:12:39 
01:12:39 
01:12:40 
01:12:40 
01:12:40 
01:12:41 
01:12:41 
01:12:42 
01:12:42 
01:12:43 
01:12:44 
01:12:44 
01:12:45 
01:12:45 
01:12:45 
01:12:46 
01:12:46 
01:12:47 
01:12:47 
01:12:48 
01:12:51 
01:13:09  
01:13:09   
01:13:27 
01:13:28 
01:13:28 
01:13:29 
01:13:30 
01:13:30 
01:13:31 
01:13:32 
01:13:33 
01:13:34 
01:13:34 
01:13:35 
01:13:35 
01:13:36 
01:13:36 
01:13:36 
01:13:37 
01:13:38 
01:13:38 
01:13:38 
01:13:39 
01:13:39 
01:13:39 
01:13:41 
01:13:41 
01:13:42 
01:13:42 
01:13:43 
01:13:43 
01:13:43 
01:13:44 
01:13:44 
01:13:45 
01:13:45 
01:13:46 
01:13:47 
01:13:47 
01:13:48 
01:13:48 
01:13:49 
01:13:57 
01:13:57 
01:13:58 
01:13:58 
01:13:58 
01:14:10 
01:14:10 
01:14:11 
01:14:11  
01:14:11   
01:14:11 
01:14:11 
01:14:12 
01:14:12 
01:14:13 
01:14:14 
01:14:14 
01:14:14 
01:14:15 
01:14:15 
01:14:16 
01:14:16 
01:14:17 
01:14:19 
01:14:19 
01:14:19 §f                                        
01:14:20 
01:14:20 
01:14:56 
01:14:57 
01:14:57 
01:14:58 
01:14:59 
01:14:59 
01:15:00 
01:15:01 
01:15:01 
01:15:01 
01:15:02 
01:15:03 
01:15:03 
01:15:03 
01:15:04 
01:15:04 
01:15:04 
01:15:05 
01:15:05 
01:15:06 
01:15:07 
01:15:08 
01:15:09 
01:15:09 
01:15:10 
01:15:10 
01:15:10 
01:15:10 
01:15:11 
01:15:12  
01:15:12   
01:15:12 
01:15:15 
01:15:16 
01:15:16 
01:15:16 
01:15:17 
01:15:18 
01:15:18 
01:15:19 
01:15:19 
01:15:20 
01:15:20 
01:15:21 
01:15:25 
01:16:13  
01:16:13   
01:16:32 
01:16:33 
01:16:33 
01:16:34 
01:16:35 
01:16:35 
01:16:36 
01:16:37 
01:16:38 
01:16:38 
01:16:38 
01:16:39 
01:16:39 
01:16:39 
01:16:40 
01:16:41 
01:16:42 
01:16:43 
01:16:44 
01:16:44 
01:16:45 
01:16:46 
01:16:46 
01:16:47 
01:16:47 
01:17:15  
01:17:15   
01:17:25 
01:17:26 
01:17:27 
01:17:27 
01:17:28 
01:17:28 
01:17:29 
01:17:29 
01:17:30 
01:17:33 
01:17:34 
01:17:34 
01:17:35 
01:17:35 
01:17:36 
01:17:36 
01:17:37 
01:17:37 
01:17:38 
01:17:38 
01:17:39 
01:17:39 
01:17:40 
01:17:40 
01:17:41 
01:17:41 
01:17:41 
01:17:42 
01:17:43 
01:17:43 
01:17:44 
01:17:44 
01:17:44 
01:17:45 
01:17:46 
01:17:47 
01:17:47 
01:17:48 
01:17:48 
01:17:53 
01:18:15  
01:18:15   
01:18:30 
01:18:30 
01:18:31 
01:18:31 
01:18:32 
01:18:32 
01:18:33 
01:18:33 
01:18:34 
01:18:34 
01:18:35 
01:18:36 
01:18:36 
01:18:37 
01:18:37 
01:18:37 
01:18:38 
01:18:38 
01:18:38 
01:18:39 
01:18:39 
01:18:41 
01:18:41 
01:18:42 
01:18:43 
01:18:43 
01:18:44 
01:18:44 
01:18:44 
01:18:45 
01:18:46 
01:18:46 
01:18:47 
01:18:48 
01:18:48 
01:18:49 
01:18:50 
01:18:50 
01:18:52 
01:18:52 
01:18:52 
01:18:53 
01:18:53 
01:18:54 
01:18:55 
01:18:56 
01:18:57 
01:19:16  
01:19:16   
01:19:25 
01:19:26 
01:19:26 
01:19:26 
01:19:27 
01:19:28 
01:19:29 
01:19:29 
01:19:30 
01:19:30 
01:19:32 
01:19:33 
01:19:33 
01:19:33 
01:19:34 
01:19:34 
01:19:35 
01:19:35 
01:19:35 
01:19:36 
01:19:37 
01:19:37 
01:19:38 
01:19:38 
01:19:39 
01:19:39 
01:19:40 
01:19:40 
01:19:42 
01:19:43 
01:20:02 
01:20:02 
01:20:03 
01:20:04 
01:20:05 
01:20:06 
01:20:06 
01:20:07 
01:20:07 
01:20:07 
01:20:08 
01:20:09 
01:20:10 
01:20:15 
01:20:17  
01:20:17   
01:20:17 
01:20:24 
01:20:25 
01:20:26 
01:20:27 
01:20:27 
01:20:28 
01:21:09 
01:21:09 
01:21:10 
01:21:10 
01:21:11 
01:21:11 
01:21:12 
01:21:12 
01:21:12 
01:21:13 
01:21:14 
01:21:14 
01:21:15 
01:21:16 
01:21:17 
01:21:18 
01:21:18  
01:21:18   
01:21:19 
01:21:19 
01:21:19 
01:21:20 
01:21:20 
01:21:21 
01:21:22 
01:21:24 
01:21:24 
01:21:25 
01:21:25 
01:21:26 
01:21:27 
01:21:27 
01:21:28 
01:21:28 
01:21:29 
01:21:29 
01:21:29 
01:21:30 
01:21:30 
01:21:31 
01:21:31 
01:21:32 
01:21:32 
01:21:32 
01:21:32 
01:21:33 
01:21:34 
01:21:34 
01:21:35 
01:21:35 
01:21:36 
01:21:38 
01:21:41 
01:21:42 
01:21:44 
01:21:44 
01:21:49 
01:21:49 
01:21:49 
01:21:50 
01:21:51 
01:21:51 
01:21:52 
01:21:58 
01:21:58 
01:21:58 
01:21:59 
01:21:59 
01:22:00 
01:22:00 
01:22:19  
01:22:19   
01:22:39 
01:22:40 
01:22:41 
01:22:42 
01:22:43 
01:22:45 
01:22:45 
01:22:46 
01:22:46 
01:22:47 
01:22:47 
01:22:48 
01:22:48 
01:22:49 
01:22:50 
01:22:50 
01:22:50 
01:22:51 
01:22:51 
01:22:52 
01:22:53 
01:22:53 
01:22:54 
01:22:54 
01:22:55 
01:22:56 
01:22:56 
01:23:00 
01:23:00 
01:23:01 
01:23:02 
01:23:02 
01:23:02 
01:23:03 
01:23:03 
01:23:04 
01:23:04 
01:23:04 
01:23:05 
01:23:19  
01:23:19   
01:24:10 
01:24:10 
01:24:10 
01:24:11 
01:24:12 
01:24:13 
01:24:13 
01:24:13 
01:24:14 
01:24:14 
01:24:15 
01:24:16 
01:24:16 
01:24:16 
01:24:17 
01:24:18 
01:24:18 
01:24:19 
01:24:19 
01:24:19 
01:24:20 
01:24:20 
01:24:20  
01:24:20   
01:24:20 
01:24:21 
01:24:21 
01:24:21 
01:24:21 
01:24:22 
01:24:23 
01:24:25 
01:24:25 
01:24:26 
01:24:27 
01:24:27 
01:24:28 
01:24:28 
01:24:29 
01:24:29 
01:24:30 
01:24:31 
01:24:32 
01:24:32 
01:24:33 
01:24:33 
01:24:33 
01:24:34 
01:24:35 
01:24:35 
01:24:36 
01:24:37 
01:24:38 
01:24:38 
01:24:39 
01:24:40 
01:24:42 
01:25:21  
01:25:21   
01:25:32 
01:25:33 
01:25:34 
01:25:34 
01:25:34 
01:25:35 
01:25:35 
01:25:36 
01:25:38 
01:25:38 
01:25:39 
01:25:39 
01:25:40 
01:25:40 
01:25:41 
01:25:42 
01:25:42 
01:25:43 
01:25:44 
01:25:44 
01:25:46 
01:25:46 
01:25:47 
01:25:47 
01:25:48 
01:25:48 
01:25:49 
01:25:49 
01:25:50 
01:25:50 
01:25:52 
01:25:52 
01:25:52 
01:25:54 
01:25:54 
01:25:55 
01:25:55 
01:25:56 
01:25:56 
01:25:58 
01:25:58 
01:25:59 
01:25:59 
01:26:00 
01:26:00 
01:26:00 
01:26:01 
01:26:01 
01:26:02 
01:26:22  
01:26:22   
01:26:31 
01:26:32 
01:26:33 
01:26:33 
01:26:34 
01:26:35 
01:26:35 
01:26:35 
01:26:36 
01:26:37 
01:26:38 
01:26:39 
01:26:39 
01:26:40 
01:26:40 
01:26:41 
01:26:41 
01:26:42 
01:26:42 
01:26:43 
01:26:43 
01:26:44 
01:26:45 
01:26:46 
01:26:47 
01:26:47 
01:26:47 
01:26:48 
01:26:48 
01:26:49 
01:27:22 
01:27:23 
01:27:23  
01:27:23   
01:27:23 
01:27:24 
01:27:25 
01:27:26 
01:27:26 
01:27:26 
01:27:27 
01:27:28 
01:27:28 
01:27:29 
01:27:29 
01:27:30 
01:27:31 
01:27:32 
01:27:33 
01:27:34 
01:27:35 
01:27:37 
01:27:37 
01:27:38 
01:27:38 
01:27:39 
01:27:39 
01:27:40 
01:27:41 
01:27:41 
01:27:42 
01:27:46 
01:27:47 
01:27:47 
01:27:56 
01:27:56 
01:28:24  
01:28:24   
01:28:43 
01:28:44 
01:28:44 
01:28:45 
01:28:45 
01:28:45 
01:28:46 
01:28:46 
01:28:47 
01:28:48 
01:28:48 
01:28:49 
01:28:50 
01:28:50 
01:28:51 
01:28:51 
01:28:51 
01:28:52 
01:28:53 
01:28:53 
01:28:54 
01:28:54 
01:28:55 
01:28:55 
01:28:55 
01:28:55 
01:28:56 
01:28:56 
01:28:57 
01:28:57 
01:28:57 
01:28:57 
01:28:58 
01:28:58 
01:28:59 
01:29:00 
01:29:01 
01:29:01 
01:29:03 
01:29:03 
01:29:04 
01:29:04 
01:29:05 
01:29:05 
01:29:06 
01:29:06 
01:29:07 
01:29:07 
01:29:24  
01:29:24   
01:29:36 
01:29:36 
01:29:37 
01:29:38 
01:29:38 
01:29:39 
01:29:40 
01:29:41 
01:29:41 
01:29:42 
01:29:43 
01:29:44 
01:29:44 
01:29:45 
01:29:45 
01:29:46 
01:29:46 
01:29:46 
01:29:47 
01:29:47 
01:29:48 
01:29:48 
01:29:48 
01:29:49 
01:29:49 
01:29:50 
01:29:50 
01:29:51 
01:29:51 
01:29:51 
01:29:51 
01:29:52 
01:29:52 
01:29:53 
01:29:54 
01:29:55 
01:29:55 
01:29:55 
01:29:55 
01:29:56 
01:29:56 
01:29:56 
01:29:57 
01:29:58 
01:29:59 
01:30:02 
01:30:25  
01:30:25   
01:30:27 
01:30:28 
01:30:29 
01:30:29 
01:30:30 
01:30:30 
01:30:30 
01:30:31 
01:30:31 
01:30:32 
01:30:33 
01:30:35 
01:30:35 
01:30:35 
01:30:36 
01:30:36 
01:30:38 
01:30:39 
01:30:39 
01:30:40 
01:30:40 
01:30:42 
01:30:42 
01:30:42 
01:30:43 
01:31:21 
01:31:22 
01:31:22 
01:31:22 
01:31:23 
01:31:23 
01:31:24 
01:31:24 
01:31:25 
01:31:25 
01:31:25 
01:31:26 
01:31:26  
01:31:26   
01:31:27 
01:31:28 
01:31:28 
01:31:29 
01:31:30 
01:31:30 
01:31:31 
01:31:31 
01:31:32 
01:31:32 
01:31:33 
01:31:34 
01:31:34 
01:31:34 
01:31:35 
01:31:36 
01:31:37 
01:31:39 
01:31:40 
01:31:40 
01:31:41 
01:31:41 
01:31:41 
01:31:42 
01:31:42 
01:31:42 
01:31:44 
01:31:45 
01:32:26  
01:32:26   
01:32:35 
01:33:14 
01:33:14 
01:33:14 
01:33:15 
01:33:15 
01:33:16 
01:33:17 
01:33:17 
01:33:18 
01:33:18 
01:33:19 
01:33:21 
01:33:22 
01:33:22 
01:33:23 
01:33:23 
01:33:24 
01:33:24 
01:33:25 
01:33:25 
01:33:27 
01:33:27 
01:33:27  
01:33:27   
01:33:27 
01:33:29 
01:33:30 
01:34:12 §f                                        
01:34:28  
01:34:28   
01:34:56 
01:34:56 
01:34:57 
01:34:57 
01:34:58 
01:34:59 
01:34:59 
01:34:59 
01:35:03 
01:35:05 
01:35:05 
01:35:05 
01:35:06 
01:35:07 
01:35:08 
01:35:08 
01:35:08 
01:35:09 
01:35:09 
01:35:10 
01:35:11 
01:35:11 
01:35:12 
01:35:12 
01:35:13 
01:35:13 
01:35:14 
01:35:15 
01:35:15 
01:35:16 
01:35:17 
01:35:18 
01:35:18 
01:35:18 
01:35:19 
01:35:21 
01:35:28  
01:35:28   
01:36:29  
01:36:29   
01:36:51 
01:36:51 
01:36:52 
01:36:52 
01:36:53 
01:36:53 
01:36:54 
01:36:54 
01:36:55 
01:36:55 
01:36:56 
01:36:57 
01:36:57 
01:36:58 
01:36:59 
01:36:59 
01:36:59 
01:37:00 
01:37:00 
01:37:01 
01:37:01 
01:37:02 
01:37:02 
01:37:02 
01:37:03 
01:37:03 
01:37:04 
01:37:04 
01:37:05 
01:37:05 
01:37:06 
01:37:09 
01:37:09 
01:37:30  
01:37:30   
01:37:54 
01:37:54 
01:37:55 
01:37:55 
01:37:56 
01:37:56 
01:37:57 
01:37:57 
01:37:58 
01:37:59 
01:37:59 
01:38:00 
01:38:00 
01:38:00 
01:38:01 
01:38:01 
01:38:02 
01:38:02 
01:38:03 
01:38:04 
01:38:05 
01:38:05 
01:38:05 
01:38:06 
01:38:07 
01:38:07 
01:38:09 
01:38:09 
01:38:10 
01:38:11 
01:38:12 
01:38:12 
01:38:13 
01:38:13 
01:38:15 
01:38:17 
01:38:18 
01:38:18 
01:38:19 
01:38:19 
01:38:20 
01:38:31  
01:38:31   
01:38:42 
01:38:42 
01:38:42 
01:38:43 
01:38:43 
01:38:44 
01:38:44 
01:38:45 
01:38:45 
01:38:46 
01:38:46 
01:38:47 
01:38:47 
01:38:48 
01:38:48 
01:38:49 
01:38:49 
01:38:50 
01:38:51 
01:38:51 
01:38:52 
01:38:52 
01:38:53 
01:38:54 
01:38:54 
01:38:55 
01:39:09 
01:39:10 
01:39:10 
01:39:11 
01:39:13 
01:39:13 
01:39:15 
01:39:17 
01:39:17 
01:39:17 
01:39:31  
01:39:31   
01:40:01 
01:40:01 
01:40:02 
01:40:03 
01:40:03 
01:40:04 
01:40:04 
01:40:05 
01:40:06 
01:40:06 
01:40:06 
01:40:07 
01:40:07 
01:40:08 
01:40:08 
01:40:08 
01:40:09 
01:40:09 
01:40:10 
01:40:10 
01:40:11 
01:40:12 
01:40:12 
01:40:12 
01:40:13 
01:40:13 
01:40:13 
01:40:13 
01:40:14 
01:40:14 
01:40:15 
01:40:15 
01:40:16 
01:40:17 
01:40:17 
01:40:17 
01:40:18 
01:40:18 
01:40:19 
01:40:21 
01:40:22 
01:40:22 
01:40:23 
01:40:24 
01:40:25 
01:40:26 
01:40:26 
01:40:27 
01:40:27 
01:40:29 
01:40:29 
01:40:32  
01:40:32   
01:41:33  
01:41:33   
01:41:38 
01:41:39 
01:41:39 
01:41:40 
01:41:40 
01:41:41 
01:41:41 
01:41:42 
01:41:42 
01:41:44 
01:41:45 
01:41:45 
01:41:46 
01:41:46 
01:41:46 
01:41:46 
01:41:47 
01:41:48 
01:41:48 
01:41:49 
01:41:49 
01:41:49 
01:41:50 
01:41:50 
01:41:51 
01:41:51 
01:41:51 
01:41:52 
01:41:52 
01:41:52 
01:41:54 
01:41:55 
01:41:56 
01:41:57 
01:41:57 
01:41:58 
01:41:58 
01:41:59 
01:41:59 
01:42:00 
01:42:00 
01:42:01 
01:42:01 
01:42:02 
01:42:02 
01:42:03 
01:42:03 
01:42:04 
01:42:04 
01:42:04 
01:42:05 
01:42:05 
01:42:05 
01:42:06 
01:42:06 
01:42:08 
01:42:08 
01:42:09 
01:42:09 
01:42:10 
01:42:10 
01:42:11 
01:42:16 
01:42:21 
01:42:34  
01:42:34   
01:42:47 
01:42:47 
01:42:48 
01:42:49 
01:42:49 
01:42:49 
01:42:50 
01:42:50 
01:42:50 
01:42:51 
01:42:51 
01:42:51 
01:42:52 
01:42:52 
01:42:52 
01:42:53 
01:42:54 
01:42:54 
01:42:54 
01:42:55 
01:42:55 
01:42:55 
01:42:57 
01:42:57 
01:42:57 
01:42:58 
01:42:59 
01:42:59 
01:42:59 
01:43:00 
01:43:01 
01:43:01 
01:43:02 
01:43:03 
01:43:04 
01:43:04 
01:43:05 
01:43:13 
01:43:14 
01:43:35  
01:43:35   
01:43:56 
01:43:57 
01:43:58 
01:43:58 
01:43:59 
01:43:59 
01:44:01 
01:44:02 
01:44:02 
01:44:03 
01:44:03 
01:44:04 
01:44:04 
01:44:05 
01:44:05 
01:44:07 
01:44:08 
01:44:08 
01:44:09 
01:44:10 
01:44:10 
01:44:11 
01:44:11 
01:44:12 
01:44:13 
01:44:14 
01:44:14 
01:44:15 
01:44:15 
01:44:16 
01:44:16 
01:44:16 
01:44:19 
01:44:36  
01:44:36   
01:44:50 
01:44:51 
01:44:51 
01:44:53 
01:44:54 
01:44:54 
01:44:55 
01:44:55 
01:44:56 
01:44:56 
01:44:57 
01:44:58 
01:44:58 
01:44:59 
01:44:59 
01:45:00 
01:45:00 
01:45:00 
01:45:01 
01:45:02 
01:45:03 
01:45:03 
01:45:04 
01:45:04 
01:45:05 
01:45:05 
01:45:07 
01:45:07 
01:45:08 
01:45:08 
01:45:09 
01:45:10 
01:45:11 
01:45:11 
01:45:14 
01:45:14 
01:45:15 
01:45:16 
01:45:17 
01:45:18 
01:45:37  
01:45:37   
01:46:38  
01:46:38   
01:47:39  
01:47:39   
01:48:40  
01:48:40   
01:49:25 
01:49:41  
01:49:41   
01:50:42  
01:50:42   
01:51:43  
01:51:43   
01:52:44  
01:52:44   
01:53:45  
01:53:45   
01:54:17 §f                                        
01:54:45  
01:54:45   
01:55:38 
01:55:38 
01:55:39 
01:55:40 
01:55:46  
01:55:46   
01:56:43 
01:56:43 
01:56:47  
01:56:47   
01:56:55 
01:56:55 
01:56:56 
01:56:56 
01:56:57 
01:56:57 
01:56:58 
01:56:59 
01:56:59 
01:57:00 
01:57:01 
01:57:01 
01:57:01 
01:57:02 
01:57:02 
01:57:03 
01:57:03 
01:57:04 
01:57:04 
01:57:04 
01:57:05 
01:57:08 
01:57:09 
01:57:10 
01:57:10 
01:57:11 
01:57:13 
01:57:14 
01:57:14 
01:57:15 
01:57:15 
01:57:16 
01:57:17 
01:57:18 
01:57:18 
01:57:19 
01:57:48  
01:57:48   
01:57:48 
01:57:49 
01:57:50 
01:58:49  
01:58:49   
01:59:51  
01:59:51   
02:00:52  
02:00:52   
02:01:53  
02:01:53   
02:02:55  
02:02:55   
02:03:00 
02:03:01 
02:03:56  
02:03:56   
02:04:00 
02:04:00 
02:04:01 
02:04:01 
02:04:02 
02:04:02 
02:04:03 
02:04:05 
02:04:05 
02:04:06 
02:04:06 
02:04:07 
02:04:07 
02:04:08 
02:04:08 
02:04:09 
02:04:10 
02:04:11 
02:04:11 
02:04:11 
02:04:12 
02:04:12 
02:04:12 
02:04:14 
02:04:15 
02:04:15 
02:04:16 
02:04:16 
02:04:17 
02:04:18 
02:04:19 
02:04:19 
02:04:20 
02:04:20 
02:04:21 
02:04:22 
02:04:22 
02:04:23 
02:04:23 
02:04:25 
02:04:26 
02:04:26 
02:04:26 
02:04:27 
02:04:28 
02:04:57  
02:04:57   
02:05:17 
02:05:18 
02:05:18 
02:05:19 
02:05:22 
02:05:23 
02:05:23 
02:05:24 
02:05:24 
02:05:25 
02:05:26 
02:05:27 
02:05:28 
02:05:28 
02:05:29 
02:05:30 
02:05:31 
02:05:32 
02:05:32 
02:05:32 
02:05:33 
02:05:33 
02:05:33 
02:05:34 
02:05:34 
02:05:35 
02:05:35 
02:05:37 
02:05:37 
02:05:38 
02:05:38 
02:05:39 
02:05:40 
02:05:40 
02:05:41 
02:05:41 
02:05:42 
02:05:42 
02:05:43 
02:05:43 
02:05:44 
02:05:44 
02:05:45 
02:05:45 
02:05:46 
02:05:46 
02:05:47 
02:05:49 
02:05:58  
02:05:58   
02:06:11 
02:06:12 
02:06:12 
02:06:13 
02:06:13 
02:06:14 
02:06:51 
02:06:51 
02:06:52 
02:06:52 
02:06:53 
02:06:54 
02:06:55 
02:06:56 
02:06:57 
02:06:57 
02:06:58 
02:06:59 
02:06:59 
02:07:00  
02:07:00   
02:07:00 
02:07:00 
02:07:01 
02:07:01 
02:07:02 
02:07:02 
02:07:03 
02:07:04 
02:07:04 
02:07:05 
02:07:05 
02:07:06 
02:07:06 
02:07:07 
02:07:08 
02:07:08 
02:07:09 
02:07:09 
02:07:10 
02:07:10 
02:07:11 
02:07:12 
02:07:12 
02:07:12 
02:07:13 
02:07:15 
02:07:17 
02:07:17 
02:08:01  
02:08:01   
02:08:04 
02:08:05 
02:08:05 
02:08:06 
02:08:06 
02:08:07 
02:08:07 
02:08:07 
02:08:08 
02:08:08 
02:08:08 
02:08:09 
02:08:10 
02:08:10 
02:08:11 
02:08:12 
02:08:13 
02:08:13 
02:08:14 
02:08:14 
02:08:15 
02:08:17 
02:08:17 
02:08:18 
02:08:19 
02:08:20 
02:08:20 
02:08:21 
02:08:21 
02:08:22 
02:08:22 
02:08:23 
02:08:30 
02:08:31 
02:09:02  
02:09:02   
02:09:16 
02:09:16 
02:09:45 
02:09:45 
02:09:46 
02:09:46 
02:09:47 
02:09:48 
02:09:48 
02:09:49 
02:09:49 
02:09:50 
02:09:51 
02:09:51 
02:09:52 
02:09:53 
02:09:53 
02:09:54 
02:09:56 
02:09:56 
02:09:57 
02:09:58 
02:09:59 
02:09:59 
02:10:00 
02:10:01 
02:10:01 
02:10:01 
02:10:02 
02:10:03 
02:10:03 
02:10:04 
02:10:04  
02:10:04   
02:10:05 
02:10:05 
02:10:06 
02:10:06 
02:10:07 
02:10:07 
02:10:07 
02:10:08 
02:10:08 
02:10:09 
02:10:09 
02:10:10 
02:10:11 
02:10:11 
02:10:12 
02:10:12 
02:10:13 
02:10:13 
02:10:13 
02:10:14 
02:10:14 
02:10:15 
02:10:16 
02:10:19 
02:10:20 
02:10:22 
02:10:30 
02:10:30 
02:10:31 
02:10:31 
02:10:32 
02:10:32 
02:10:33 
02:10:33 
02:10:34 
02:10:34 
02:10:35 
02:10:35 
02:10:36 
02:10:42 
02:10:43 
02:10:44 
02:10:45 
02:10:45 
02:10:45 
02:10:45 
02:10:46 
02:10:47 
02:10:47 
02:10:48 
02:10:53 
02:10:53 
02:10:55 
02:10:55 
02:10:58 
02:10:58 
02:11:05  
02:11:05   
02:11:33 
02:11:34 
02:11:35 
02:11:36 
02:11:36 
02:11:37 
02:11:37 
02:11:37 
02:11:38 
02:11:39 
02:11:39 
02:11:40 
02:11:40 
02:11:41 
02:11:41 
02:11:42 
02:11:42 
02:11:42 
02:11:43 
02:11:43 
02:11:44 
02:11:44 
02:11:45 
02:11:46 
02:11:46 
02:11:47 
02:11:47 
02:11:48 
02:11:48 
02:11:48 
02:11:49 
02:11:49 
02:11:50 
02:11:50 
02:11:51 
02:11:51 
02:11:51 
02:11:52 
02:11:53 
02:11:53 
02:11:54 
02:12:05 
02:12:05 
02:12:06 
02:12:06  
02:12:06   
02:12:32 
02:12:32 
02:12:33 
02:12:33 
02:12:34 
02:12:34 
02:12:35 
02:12:35 
02:12:35 
02:12:37 
02:12:37 
02:12:38 
02:12:38 
02:12:39 
02:12:39 
02:12:39 
02:12:40 
02:12:41 
02:12:41 
02:12:41 
02:12:42 
02:12:42 
02:12:42 
02:12:44 
02:12:45 
02:12:45 
02:12:46 
02:12:46 
02:12:47 
02:12:47 
02:12:48 
02:12:48 
02:12:49 
02:12:49 
02:12:49 
02:12:50 
02:12:50 
02:12:51 
02:13:00 
02:13:08  
02:13:08   
02:13:11 
02:13:12 
02:14:05 
02:14:07 
02:14:07 
02:14:08 
02:14:08 
02:14:08 
02:14:09 
02:14:09  
02:14:09   
02:14:10 
02:14:10 
02:14:10 
02:14:11 
02:14:12 
02:14:12 
02:14:13 
02:14:13 
02:14:13 
02:14:14 
02:14:14 
02:14:14 
02:14:15 
02:14:15 
02:14:16 
02:14:17 
02:14:17 
02:14:18 §f                                        
02:14:18 
02:14:19 
02:14:20 
02:14:21 
02:14:22 
02:14:23 
02:14:23 
02:14:24 
02:14:25 
02:14:25 
02:14:26 
02:14:26 
02:14:27 
02:14:28 
02:14:28 
02:14:29 
02:14:29 
02:14:30 
02:14:30 
02:14:30 
02:14:31 
02:14:31 
02:14:32 
02:14:32 
02:14:32 
02:15:11  
02:15:11   
02:15:13 
02:15:13 
02:15:14 
02:15:14 
02:15:15 
02:15:15 
02:15:15 
02:15:16 
02:15:17 
02:15:18 
02:15:18 
02:15:19 
02:15:19 
02:15:19 
02:15:20 
02:15:20 
02:15:21 
02:15:21 
02:15:22 
02:15:22 
02:15:23 
02:15:25 
02:15:25 
02:15:26 
02:15:27 
02:15:28 
02:15:28 
02:15:28 
02:15:29 
02:15:29 
02:15:30 
02:15:30 
02:15:31 
02:15:32 
02:15:32 
02:15:32 
02:15:32 
02:15:33 
02:15:33 
02:15:33 
02:15:34 
02:15:34 
02:15:35 
02:15:35 
02:15:35 
02:15:36 
02:15:36 
02:15:36 
02:15:37 
02:15:38 
02:15:38 
02:15:39 
02:15:41 
02:16:12  
02:16:12   
02:16:25 
02:16:25 
02:16:56 
02:16:56 
02:16:57 
02:16:57 
02:16:58 
02:16:58 
02:16:59 
02:16:59 
02:17:00 
02:17:01 
02:17:02 
02:17:03 
02:17:03 
02:17:04 
02:17:05 
02:17:05 
02:17:05 
02:17:06 
02:17:07 
02:17:08 
02:17:08 
02:17:09 
02:17:09 
02:17:10 
02:17:11 
02:17:11 
02:17:11 
02:17:12 
02:17:12 
02:17:12 
02:17:13 
02:17:14 
02:17:14  
02:17:14   
02:17:14 
02:17:14 
02:17:15 
02:17:15 
02:17:15 
02:17:16 
02:17:29 
02:17:30 
02:17:30 
02:17:31 
02:17:33 
02:17:33 
02:17:33 
02:17:34 
02:17:34 
02:17:35 
02:17:35 
02:17:36 
02:17:36 
02:17:39 
02:17:39 
02:17:48 
02:17:48 
02:17:49 
02:17:50 
02:17:50 
02:17:50 
02:17:51 
02:17:51 
02:17:51 
02:17:52 
02:17:53 
02:17:53 
02:17:54 
02:17:54 
02:18:15  
02:18:15   
02:18:21 
02:18:21 
02:18:22 
02:18:22 
02:18:24 
02:18:25 
02:18:26 
02:18:26 
02:18:27 
02:18:27 
02:18:28 
02:18:28 
02:18:28 
02:18:29 
02:18:30 
02:18:31 
02:18:31 
02:18:32 
02:18:33 
02:18:33 
02:18:33 
02:18:34 
02:18:35 
02:18:35 
02:18:36 
02:18:36 
02:18:37 
02:19:16  
02:19:16   
02:19:54 
02:19:55 
02:20:17  
02:20:17   
02:20:24 
02:20:25 
02:20:26 
02:20:27 
02:20:27 
02:20:28 
02:20:29 
02:20:29 
02:20:29 
02:20:30 
02:20:30 
02:20:31 
02:20:31 
02:20:32 
02:20:33 
02:20:34 
02:20:34 
02:20:35 
02:20:35 
02:20:35 
02:20:36 
02:20:36 
02:20:37 
02:20:37 
02:20:38 
02:20:39 
02:20:39 
02:20:40 
02:20:41 
02:20:42 
02:20:42 
02:20:42 
02:20:43 
02:20:44 
02:20:44 
02:20:45 
02:20:45 
02:20:46 
02:20:46 
02:20:47 
02:20:47 
02:20:48 
02:20:48 
02:20:49 
02:20:57 
02:20:58 
02:21:01 
02:21:01 
02:21:05 
02:21:05 
02:21:06 
02:21:19  
02:21:19   
02:21:25 
02:21:25 
02:21:26 
02:21:26 
02:21:27 
02:21:27 
02:21:27 
02:21:28 
02:21:28 
02:21:29 
02:21:29 
02:21:30 
02:21:31 
02:21:31 
02:21:32 
02:21:32 
02:21:33 
02:21:34 
02:21:35 
02:21:35 
02:21:36 
02:21:36 
02:21:36 
02:22:01 
02:22:02 
02:22:02 
02:22:04 
02:22:05 
02:22:06 
02:22:06 
02:22:07 
02:22:07 
02:22:08 
02:22:09 
02:22:09 
02:22:11 
02:22:11 
02:22:13 
02:22:13 
02:22:14 
02:22:15 
02:22:15 
02:22:15 
02:22:20  
02:22:20   
02:22:28 
02:22:28 
02:23:17 
02:23:17 
02:23:21  
02:23:21   
02:23:23 
02:23:24 
02:23:24 
02:23:25 
02:23:25 
02:23:25 
02:23:27 
02:23:27 
02:23:28 
02:23:28 
02:23:29 
02:23:30 
02:23:30 
02:23:31 
02:23:31 
02:23:32 
02:23:33 
02:23:33 
02:23:34 
02:23:34 
02:23:35 
02:23:35 
02:23:35 
02:23:36 
02:23:37 
02:23:38 
02:23:38 
02:23:39 
02:23:40 
02:23:40 
02:23:41 
02:23:42 
02:23:43 
02:23:43 
02:23:44 
02:23:45 
02:23:46 
02:23:55 
02:24:22  
02:24:23   
02:24:37 
02:24:42 
02:24:44 
02:25:23  
02:25:23   
02:25:37 
02:25:37 
02:25:38 
02:25:38 
02:25:39 
02:25:39 
02:25:39 
02:25:40 
02:25:40 
02:25:40 
02:25:41 
02:25:41 
02:25:41 
02:25:42 
02:25:42 
02:25:43 
02:25:44 
02:25:44 
02:25:45 
02:25:45 
02:25:46 
02:25:46 
02:25:47 
02:25:47 
02:25:47 
02:25:48 
02:25:48 
02:25:49 
02:25:49 
02:25:49 
02:25:50 
02:25:50 
02:25:51 
02:25:51 
02:25:52 
02:25:52 
02:25:53 
02:25:53 
02:25:54 
02:25:54 
02:25:55 
02:25:56 
02:25:57 
02:25:57 
02:25:57 
02:25:58 
02:26:05 
02:26:05 
02:26:24  
02:26:24   
02:26:45 
02:26:46 
02:26:46 
02:26:47 
02:26:47 
02:26:48 
02:26:49 
02:26:49 
02:26:50 
02:26:50 
02:26:50 
02:26:51 
02:26:52 
02:26:53 
02:26:53 
02:26:54 
02:26:54 
02:26:54 
02:26:55 
02:26:56 
02:26:56 
02:26:57 
02:26:58 
02:26:58 
02:26:59 
02:26:59 
02:26:59 
02:27:00 
02:27:01 
02:27:01 
02:27:02 
02:27:02 
02:27:03 
02:27:03 
02:27:05 
02:27:05 
02:27:06 
02:27:06 
02:27:07 
02:27:25  
02:27:25   
02:27:30 
02:27:34 
02:27:35 
02:27:36 
02:27:36 
02:27:37 
02:27:37 
02:27:38 
02:27:53 
02:27:53 
02:27:53 
02:27:54 
02:27:54 
02:27:55 
02:27:55 
02:27:56 
02:27:57 
02:27:57 
02:27:57 
02:27:58 
02:27:59 
02:27:59 
02:27:59 
02:28:00 
02:28:02 
02:28:03 
02:28:04 
02:28:04 
02:28:04 
02:28:05 
02:28:05 
02:28:06 
02:28:06 
02:28:06 
02:28:06 
02:28:07 
02:28:07 
02:28:07 
02:28:08 
02:28:11 
02:28:11 
02:28:12 
02:28:12 
02:28:13 
02:28:13 
02:28:13 
02:28:14 
02:28:15 
02:28:15 
02:28:16 
02:28:17 
02:28:18 
02:28:18 
02:28:19 
02:28:19 
02:28:19 
02:28:20 
02:28:22 
02:28:25 
02:28:25 
02:28:26 
02:28:26  
02:28:26   
02:28:52 
02:28:52 
02:28:52 
02:28:53 
02:28:53 
02:28:53 
02:28:55 
02:28:55 
02:28:56 
02:28:57 
02:28:58 
02:28:59 
02:29:01 
02:29:02 
02:29:02 
02:29:03 
02:29:03 
02:29:03 
02:29:04 
02:29:05 
02:29:05 
02:29:06 
02:29:06 
02:29:07 
02:29:07 
02:29:09 
02:29:10 
02:29:10 
02:29:11 
02:29:11 
02:29:11 
02:29:12 
02:29:12 
02:29:13 
02:29:14 
02:29:14 
02:29:15 
02:29:15 
02:29:19 
02:29:20 
02:29:27  
02:29:27   
02:30:03 
02:30:03 
02:30:04 
02:30:04 
02:30:05 
02:30:05 
02:30:05 
02:30:07 
02:30:07 
02:30:08 
02:30:08 
02:30:08 
02:30:10 
02:30:10 
02:30:10 
02:30:11 
02:30:11 
02:30:12 
02:30:13 
02:30:13 
02:30:13 
02:30:14 
02:30:15 
02:30:15 
02:30:15 
02:30:16 
02:30:16 
02:30:17 
02:30:17 
02:30:18 
02:30:18 
02:30:19 
02:30:19 
02:30:20 
02:30:20 
02:30:22 
02:30:22 
02:30:28  
02:30:28   
02:30:36 
02:30:37 
02:30:37 
02:30:39 
02:30:39 
02:30:40 
02:30:45 
02:30:50 
02:30:50 
02:30:51 
02:30:52 
02:30:59 
02:30:59 
02:31:01 
02:31:01 
02:31:01 
02:31:02 
02:31:02 
02:31:03 
02:31:29  
02:31:29   
02:31:40 
02:31:40 
02:31:41 
02:31:41 
02:31:42 
02:31:43 
02:31:43 
02:31:43 
02:31:44 
02:31:44 
02:31:45 
02:31:46 
02:31:46 
02:31:47 
02:31:47 
02:31:48 
02:31:48 
02:31:50 
02:31:51 
02:31:51 
02:31:52 
02:31:52 
02:31:53 
02:31:53 
02:31:55 
02:32:30  
02:32:30   
02:32:38 
02:32:43 
02:32:43 
02:32:44 
02:32:44 
02:32:45 
02:32:45 
02:32:46 
02:32:47 
02:32:47 
02:32:47 
02:32:48 
02:32:49 
02:32:49 
02:32:49 
02:32:50 
02:32:51 
02:32:51 
02:32:52 
02:32:52 
02:32:54 
02:32:55 
02:32:55 
02:32:56 
02:32:56 
02:32:57 
02:32:57 
02:32:57 
02:32:58 
02:32:58 
02:32:59 
02:32:59 
02:33:00 
02:33:01 
02:33:02 
02:33:03 
02:33:03 
02:33:04 
02:33:07 
02:33:08 
02:33:10 
02:33:11 
02:33:13 
02:33:16 
02:33:17 
02:33:17 
02:33:17 
02:33:24 
02:33:27 
02:33:30 
02:33:30 
02:33:30  
02:33:30   
02:33:31 
02:33:31 
02:33:33 
02:33:39 
02:33:40 
02:34:15 §f                                        
02:34:27 
02:34:27 
02:34:27 
02:34:28 
02:34:28 
02:34:29 
02:34:29 
02:34:30 
02:34:30 
02:34:30 
02:34:31 
02:34:31  
02:34:31   
02:34:32 
02:34:33 
02:34:33 
02:34:34 
02:34:34 
02:34:35 
02:34:35 
02:34:35 
02:34:36 
02:34:37 
02:34:37 
02:34:38 
02:34:38 
02:34:39 
02:34:39 
02:34:40 
02:34:41 
02:34:41 
02:34:42 
02:34:42 
02:34:43 
02:34:43 
02:34:44 
02:34:45 
02:34:56 
02:34:56 
02:35:05 
02:35:06 
02:35:06 
02:35:16 
02:35:17 
02:35:17 
02:35:18 
02:35:18 
02:35:20 
02:35:22 
02:35:22 
02:35:27 
02:35:28 
02:35:28 
02:35:29 
02:35:30 
02:35:31 
02:35:32  
02:35:32   
02:35:33 
02:35:36 
02:35:38 
02:35:38 
02:35:40 
02:35:46 
02:35:47 
02:35:47 
02:35:47 
02:36:29 
02:36:29 
02:36:31 
02:36:31 
02:36:32 
02:36:32 
02:36:33 
02:36:33  
02:36:33   
02:36:33 
02:36:33 
02:36:34 
02:36:34 
02:36:35 
02:36:36 
02:36:37 
02:36:37 
02:36:37 
02:36:38 
02:36:39 
02:36:43 
02:36:44 
02:36:44 
02:36:54 
02:36:55 
02:36:55 
02:36:57 
02:36:58 
02:36:58 
02:37:08 
02:37:08 
02:37:14 
02:37:15 
02:37:25 
02:37:25 
02:37:26 
02:37:27 
02:37:31 
02:37:31 
02:37:33  
02:37:33   
02:37:34 
02:37:36 
02:37:37 
02:37:37 
02:38:06 
02:38:34  
02:38:34   
02:39:03 
02:39:03 
02:39:04 
02:39:04 
02:39:04 
02:39:05 
02:39:05 
02:39:24 
02:39:29 §f
02:39:29 §f
02:39:29 §f
02:39:29 §f
02:39:34  
02:39:34   
02:40:35  
02:40:35   
02:41:35  
02:41:35   
02:41:45 
02:41:45 
02:41:46 
02:41:47 
02:42:36  
02:42:36   
02:42:48 
02:42:49 
02:42:49 
02:42:50 
02:42:51 
02:42:52 
02:42:52 
02:42:53 
02:42:53 
02:42:54 
02:42:55 
02:42:55 
02:42:55 
02:42:56 
02:43:37  
02:43:37   
02:43:47 
02:43:48 
02:43:48 
02:43:48 
02:43:49 
02:43:49 
02:43:50 
02:43:51 
02:43:52 
02:43:52 
02:43:53 
02:43:53 
02:43:54 
02:43:54 
02:43:55 
02:43:55 
02:43:56 
02:43:57 
02:43:57 
02:43:58 
02:43:59 
02:43:59 
02:44:00 
02:44:00 
02:44:01 
02:44:02 
02:44:02 
02:44:03 
02:44:04 
02:44:04 
02:44:04 
02:44:05 
02:44:05 
02:44:06 
02:44:06 
02:44:07 
02:44:07 
02:44:08 
02:44:09 
02:44:09 
02:44:11 
02:44:14 
02:44:38  
02:44:38   
02:44:49 
02:44:49 
02:44:50 
02:44:50 
02:44:50 
02:44:51 
02:44:51 
02:44:52 
02:44:54 
02:44:54 
02:44:55 
02:44:55 
02:44:56 
02:44:57 
02:44:57 
02:44:58 
02:44:59 
02:45:00 
02:45:00 
02:45:01 
02:45:01 
02:45:01 
02:45:02 
02:45:03 
02:45:03 
02:45:04 
02:45:04 
02:45:05 
02:45:05 
02:45:06 
02:45:06 
02:45:06 
02:45:07 
02:45:08 
02:45:08 
02:45:09 
02:45:09 
02:45:10 
02:45:10 
02:45:11 
02:45:12 
02:45:12 
02:45:13 
02:45:13 
02:45:14 
02:45:14 
02:45:15 
02:45:15 
02:45:19 
02:45:23 
02:45:32 
02:45:39  
02:45:39   
02:45:54 
02:45:55 
02:45:55 
02:45:55 
02:45:56 
02:45:57 
02:45:58 
02:45:59 
02:46:00 
02:46:00 
02:46:01 
02:46:02 
02:46:03 
02:46:03 
02:46:04 
02:46:04 
02:46:05 
02:46:09 
02:46:09 
02:46:10 
02:46:10 
02:46:11 
02:46:34 
02:46:35 
02:46:36 
02:46:36 
02:46:37 
02:46:37 
02:46:40 
02:46:40 
02:46:40  
02:46:40   
02:46:40 
02:46:41 
02:46:41 
02:46:42 
02:46:43 
02:46:43 
02:46:43 
02:46:43 
02:46:44 
02:46:45 
02:46:45 
02:46:46 
02:46:46 
02:46:46 
02:47:16 
02:47:17 
02:47:17 
02:47:18 
02:47:18 
02:47:19 
02:47:19 
02:47:19 
02:47:20 
02:47:20 
02:47:21 
02:47:21 
02:47:21 
02:47:22 
02:47:23 
02:47:23 
02:47:23 
02:47:24 
02:47:25 
02:47:25 
02:47:26 
02:47:26 
02:47:27 
02:47:27 
02:47:27 
02:47:28 
02:47:28 
02:47:29 
02:47:30 
02:47:30 
02:47:31 
02:47:32 
02:47:34 
02:47:34 
02:47:35 
02:47:37 
02:47:37 
02:47:41  
02:47:41   
02:48:13 
02:48:13 
02:48:13 
02:48:14 
02:48:15 
02:48:15 
02:48:16 
02:48:16 
02:48:17 
02:48:17 
02:48:17 
02:48:18 
02:48:19 
02:48:19 
02:48:20 
02:48:20 
02:48:21 
02:48:21 
02:48:22 
02:48:23 
02:48:23 
02:48:24 
02:48:25 
02:48:25 
02:48:25 
02:48:25 
02:48:26 
02:48:26 
02:48:27 
02:48:28 
02:48:28 
02:48:29 
02:48:29 
02:48:29 
02:48:30 
02:48:31 
02:48:31 
02:48:31 
02:48:32 
02:48:32 
02:48:33 
02:48:40 
02:48:41 
02:48:42  
02:48:42   
02:48:50 
02:48:50 
02:48:51 
02:48:52 
02:48:52 
02:48:53 
02:48:53 
02:48:54 
02:48:54 
02:49:01 
02:49:01 
02:49:27 
02:49:40 
02:49:41 
02:49:41 
02:49:42 
02:49:42 
02:49:43 
02:49:43 
02:49:43  
02:49:43   
02:49:43 
02:49:44 
02:49:44 
02:49:44 
02:49:45 
02:49:46 
02:49:47 
02:49:48 
02:49:48 
02:49:48 
02:49:49 
02:49:50 
02:49:50 
02:49:51 
02:49:51 
02:49:52 
02:49:53 
02:49:53 
02:49:54 
02:49:55 
02:49:56 
02:49:56 
02:49:56 
02:49:57 
02:49:57 
02:49:58 
02:49:58 
02:49:59 
02:49:59 
02:49:59 
02:50:00 
02:50:00 
02:50:00 
02:50:01 
02:50:01 
02:50:05 
02:50:05 
02:50:06 
02:50:06 
02:50:07 
02:50:11 
02:50:39 
02:50:39 
02:50:40 
02:50:41 
02:50:41 
02:50:41 
02:50:42 
02:50:43 
02:50:44  
02:50:44   
02:50:44 
02:50:44 
02:50:45 
02:50:46 
02:50:46 
02:50:46 
02:50:47 
02:50:48 
02:50:49 
02:50:49 
02:50:49 
02:50:50 
02:50:50 
02:50:51 
02:50:51 
02:50:52 
02:50:52 
02:50:53 
02:50:53 
02:51:18 
02:51:18 
02:51:19 
02:51:20 
02:51:20 
02:51:21 
02:51:22 
02:51:22 
02:51:23 
02:51:23 
02:51:24 
02:51:25 
02:51:26 
02:51:26 
02:51:27 
02:51:28 
02:51:29 
02:51:30 
02:51:31 
02:51:35 
02:51:35 
02:51:35 
02:51:44  
02:51:44   
02:52:17 
02:52:18 
02:52:19 
02:52:20 
02:52:21 
02:52:21 
02:52:22 
02:52:23 
02:52:24 
02:52:24 
02:52:24 
02:52:25 
02:52:26 
02:52:27 
02:52:30 
02:52:31 
02:52:32 
02:52:32 
02:52:33 
02:52:33 
02:52:34 
02:52:35 
02:52:37 
02:52:38 
02:52:45  
02:52:45   
02:53:12 
02:53:12 
02:53:13 
02:53:13 
02:53:14 
02:53:15 
02:53:15 
02:53:16 
02:53:16 
02:53:17 
02:53:17 
02:53:18 
02:53:18 
02:53:19 
02:53:19 
02:53:20 
02:53:20 
02:53:21 
02:53:22 
02:53:23 
02:53:23 
02:53:45  
02:53:45   
02:54:01 
02:54:01 
02:54:02 
02:54:02 
02:54:02 
02:54:03 
02:54:03 
02:54:04 
02:54:04 
02:54:04 
02:54:05 
02:54:05 
02:54:06 
02:54:06 
02:54:07 
02:54:07 
02:54:08 
02:54:09 
02:54:10 
02:54:10 
02:54:10 
02:54:11 
02:54:11 
02:54:12 
02:54:12 
02:54:13 
02:54:13 
02:54:14 
02:54:14 
02:54:14 
02:54:15 
02:54:15 
02:54:15 
02:54:16 
02:54:17 
02:54:17 
02:54:18 
02:54:18 §f                                        
02:54:18 
02:54:19 
02:54:19 
02:54:20 
02:54:20 
02:54:21 
02:54:46  
02:54:46   
02:55:00 
02:55:00 
02:55:01 
02:55:02 
02:55:02 
02:55:03 
02:55:03 
02:55:04 
02:55:05 
02:55:05 
02:55:05 
02:55:06 
02:55:06 
02:55:06 
02:55:07 
02:55:07 
02:55:08 
02:55:08 
02:55:09 
02:55:11 
02:55:11 
02:55:12 
02:55:12 
02:55:13 
02:55:13 
02:55:14 
02:55:14 
02:55:15 
02:55:15 
02:55:16 
02:55:17 
02:55:17 
02:55:18 
02:55:18 
02:55:19 
02:55:19 
02:55:20 
02:55:21 
02:55:21 
02:55:22 
02:55:22 
02:55:23 
02:55:23 
02:55:24 
02:55:34 
02:55:34 
02:55:47  
02:55:47   
02:56:29 
02:56:30 
02:56:30 
02:56:30 
02:56:31 
02:56:31 
02:56:31 
02:56:31 
02:56:32 
02:56:33 
02:56:33 
02:56:34 
02:56:34 
02:56:35 
02:56:35 
02:56:36 
02:56:36 
02:56:36 
02:56:37 
02:56:39 
02:56:39 
02:56:39 
02:56:40 
02:56:42 
02:56:42 
02:56:42 
02:56:42 
02:56:43 
02:56:45 
02:56:46 
02:56:47 
02:56:47 
02:56:48 
02:56:48 
02:56:48  
02:56:48   
02:56:49 
02:56:49 
02:56:49 
02:56:50 
02:56:51 
02:56:51 
02:56:51 
02:56:52 
02:56:52 
02:56:52 
02:56:53 
02:56:54 
02:56:56 
02:56:56 
02:56:58 
02:56:59 
02:56:59 
02:57:02 
02:57:03 
02:57:03 
02:57:26 
02:57:34 
02:57:35 
02:57:40 
02:57:41 
02:57:41 
02:57:44 
02:57:45 
02:57:49  
02:57:49   
02:58:23 
02:58:23 
02:58:24 
02:58:24 
02:58:25 
02:58:26 
02:58:26 
02:58:27 
02:58:28 
02:58:28 
02:58:28 
02:58:29 
02:58:29 
02:58:30 
02:58:31 
02:58:31 
02:58:32 
02:58:32 
02:58:33 
02:58:34 
02:58:35 
02:58:35 
02:58:36 
02:58:36 
02:58:37 
02:58:37 
02:58:38 
02:58:38 
02:58:39 
02:58:39 
02:58:41 
02:58:41 
02:58:41 
02:58:42 
02:58:42 
02:58:43 
02:58:44 
02:58:50  
02:58:50   
02:58:51 
02:58:52 
02:58:52 
02:58:53 
02:58:54 
02:59:10 
02:59:11 
02:59:13 
02:59:16 
02:59:16 
02:59:17 
02:59:17 
02:59:17 
02:59:18 
02:59:19 
02:59:19 
02:59:25 
02:59:26 
02:59:26 
02:59:27 
02:59:27 
02:59:28 
02:59:29 
02:59:32 
02:59:32 
02:59:48 
02:59:49 
02:59:49 
02:59:49 
02:59:50 
02:59:51 
02:59:51  
02:59:51   
02:59:51 
02:59:52 
02:59:53 
02:59:53 
02:59:53 
02:59:54 
02:59:54 
02:59:55 
02:59:55 
02:59:55 
02:59:56 
02:59:59 
03:00:00 
03:00:00 
03:00:01 
03:00:07 §f
03:00:07 §c
03:00:24 
03:00:24 
03:00:25 
03:00:25 
03:00:26 
03:00:26 
03:00:27 
03:00:27 
03:00:29 
03:00:30 
03:00:31 
03:00:31 
03:00:32 
03:00:32 
03:00:32 
03:00:33 
03:00:33 
03:00:34 
03:00:35 
03:00:35 
03:00:49 
03:00:49 
03:00:50 
03:00:52  
03:00:52   
03:01:25 
03:01:26 
03:01:26 
03:01:26 
03:01:27 
03:01:28 
03:01:28 
03:01:29 
03:01:29 
03:01:30 
03:01:31 
03:01:32 
03:01:32 
03:01:33 
03:01:33 
03:01:34 
03:01:35 
03:01:35 
03:01:35 
03:01:36 
03:01:36 
03:01:37 
03:01:38 
03:01:39 
03:01:39 
03:01:40 
03:01:41 
03:01:48 
03:01:49 
03:01:49 
03:01:49 
03:01:50 
03:01:50 
03:01:53  
03:01:53   
03:02:03 
03:02:03 
03:02:04 
03:02:04 
03:02:05 
03:02:54  
03:02:54   
03:03:03 
03:03:04 
03:03:04 
03:03:08 
03:03:08 
03:03:08 
03:03:09 
03:03:09 
03:03:10 
03:03:11 
03:03:12 
03:03:12 
03:03:12 
03:03:13 
03:03:14 
03:03:14 
03:03:15 
03:03:16 
03:03:16 
03:03:16 
03:03:17 
03:03:18 
03:03:18 
03:03:19 
03:03:19 
03:03:20 
03:03:21 
03:03:48 
03:03:48 
03:03:49 
03:03:49 
03:03:49 
03:03:50 
03:03:51 
03:03:51 
03:03:52 
03:03:53 
03:03:53 
03:03:54 
03:03:54  
03:03:54   
03:03:55 
03:03:56 
03:03:57 
03:03:58 
03:03:58 
03:03:59 
03:04:00 
03:04:01 
03:04:01 
03:04:02 
03:04:03 
03:04:04 
03:04:04 
03:04:06 
03:04:07 
03:04:07 
03:04:08 
03:04:10 
03:04:11 
03:04:11 
03:04:15 
03:04:15 
03:04:22 
03:04:26 
03:04:26 
03:04:26 
03:04:32 
03:04:55  
03:04:55   
03:05:04 
03:05:04 
03:05:05 
03:05:05 
03:05:07 
03:05:08 
03:05:09 
03:05:10 
03:05:11 
03:05:11 
03:05:12 
03:05:12 
03:05:13 
03:05:13 
03:05:14 
03:05:14 
03:05:14 
03:05:15 
03:05:15 
03:05:15 
03:05:16 
03:05:17 
03:05:19 
03:05:19 
03:05:20 
03:05:20 
03:05:21 
03:05:22 
03:05:22 
03:05:23 
03:05:23 
03:05:24 
03:05:24 
03:05:24 
03:05:30 
03:05:56  
03:05:56   
03:06:39 §8 §r§8 §r§1 §r§3 §r§3 §r§7 §r§8 
03:06:43  
03:06:43   
03:06:55  
03:06:55   
03:07:56  
03:07:56   
03:08:56  
03:08:56   
03:09:47 §8 §r§8 §r§1 §r§3 §r§3 §r§7 §r§8 
03:09:51  
03:09:51   
03:09:54  
03:09:54   
03:10:54  
03:10:54   
03:11:52  
03:11:52  
03:11:52  
03:11:55  
03:11:55   
03:12:28 §f                                        
03:12:56  
03:12:56   
03:13:57  
03:13:57   
03:14:58  
03:14:58   
03:15:54 
03:15:54 
03:15:58  
03:15:58   
03:16:59  
03:16:59   
03:18:00  
03:18:00   
03:18:39 
03:19:01  
03:19:01   
03:20:02  
03:20:02   
03:21:03  
03:21:03   
03:22:03  
03:22:03   
03:23:04  
03:23:04   
03:24:05  
03:24:05   
03:25:06  
03:25:06   
03:26:06  
03:26:06   
03:27:07  
03:27:07   
03:28:08  
03:28:08   
03:29:08  
03:29:08   
03:30:09  
03:30:09   
03:30:42 
03:31:10  
03:31:10   
03:31:47 §8 §r§8 §r§1 §r§3 §r§3 §r§7 §r§8 
03:31:50  
03:31:50   
03:31:51  
03:31:51   
03:32:51  
03:32:51   
03:33:33 §8 §r§8 §r§1 §r§3 §r§3 §r§7 §r§8 
03:33:37  
03:33:37   
03:34:02  
03:34:02   
03:35:03  
03:35:03   
03:36:03  
03:36:03   
03:37:04  
03:37:04   
03:38:04  
03:38:04   
03:39:04  
03:39:04   
03:40:05  
03:40:05   
03:41:06  
03:41:06   
03:42:06  
03:42:06   
03:43:07  
03:43:07   
03:44:07  
03:44:07   
03:44:37 
03:45:08  
03:45:08   
03:46:08  
03:46:08   
03:46:26 §f                                        
03:46:26 §f                                        
03:47:08  
03:47:08   
03:48:09  
03:48:09   
03:49:09  
03:49:09   
03:50:10  
03:50:10   
03:51:10  
03:51:10   
03:52:11  
03:52:11   
03:53:11  
03:53:11   
03:54:07 
03:54:07 
03:54:12  
03:54:12   
03:55:07 §f §r§r§r§f §r§r§r§1 §r§r§r§0 §r§r§r§2 §r§r§r§f §r§r§r§f §r§r§r§2 §r§r§r§0 §r§r§r§4 §r§r§r§3 §r§r§r§9 §r§r§r§2 §r§r§r§0 §r§r§r§0 §r§r§r§3 §r§r§r§9 §r§r§r§2 §r§r§r§0 §r§r§r§0 §r§r§r§3 §r§r§r§9 §r§r§r§2 §r§r§r§0 §r§r§r§0 
03:55:08 
03:55:11 §8 §r§8 §r§1 §r§3 §r§3 §r§7 §r§8 
03:55:14 
03:55:14 
03:55:25 §f §r§r§r§f §r§r§r§1 §r§r§r§0 §r§r§r§2 §r§r§r§f §r§r§r§f §r§r§r§2 §r§r§r§0 §r§r§r§4 §r§r§r§3 §r§r§r§9 §r§r§r§2 §r§r§r§0 §r§r§r§0 §r§r§r§3 §r§r§r§9 §r§r§r§2 §r§r§r§0 §r§r§r§0 §r§r§r§3 §r§r§r§9 §r§r§r§2 §r§r§r§0 §r§r§r§0 
03:55:25 
03:55:27 §8 §r§8 §r§1 §r§3 §r§3 §r§7 §r§8 
03:55:30 
03:55:30 
03:55:31  
03:55:31   
03:55:32 §8 §r§8 §r§1 §r§3 §r§3 §r§7 §r§8 
03:55:35  
03:55:35   
03:55:36  
03:55:36   
03:56:15 §8 §r§8 §r§1 §r§3 §r§3 §r§7 §r§8 
03:56:19  
03:56:19   
03:56:57  
03:56:57   
03:57:57  
03:57:57   
03:58:30 §8 §r§8 §r§1 §r§3 §r§3 §r§7 §r§8 
03:58:33  
03:58:33   
03:58:44  
03:58:44   
03:59:44  
03:59:44   
04:00:45  
04:00:45   
04:01:46  
04:01:46   
04:02:47  
04:02:47   
04:03:48  
04:03:48   
04:04:48  
04:04:48   
04:05:49  
04:05:49   
04:06:50  
04:06:50   
04:07:50  
04:07:50   
04:08:51 
04:08:51 
04:08:51  
04:08:51   
04:09:52  
04:09:52   
04:10:53  
04:10:53   
04:11:54  
04:11:54   
04:12:54  
04:12:54   
04:13:55  
04:13:55   
04:14:56  
04:14:56   
04:15:57  
04:15:57   
04:16:58  
04:16:58   
04:17:59  
04:17:59   
04:19:00  
04:19:00   
04:20:01  
04:20:01   
04:21:02  
04:21:02   
04:22:02  
04:22:02   
04:23:03  
04:23:03   
04:24:04  
04:24:04   
04:25:05  
04:25:05   
04:26:06  
04:26:06   
04:27:07  
04:27:07   
04:27:26 §8 §r§8 §r§1 §r§3 §r§3 §r§7 §r§8 
04:27:29  
04:27:29   
04:27:30  
04:27:30   
04:28:30  
04:28:30   
04:29:31  
04:29:31   
04:30:31  
04:30:31   
04:31:31  
04:31:31   
04:32:31  
04:32:31   
04:33:31  
04:33:31   
04:34:32  
04:34:32   
04:35:32  
04:35:32   
04:36:32  
04:36:32   
04:37:32  
04:37:32   
04:38:32  
04:38:32   
04:39:32  
04:39:32   
04:40:32  
04:40:33   
04:41:33  
04:41:33   
04:42:33  
04:42:33   
04:43:33  
04:43:33   
04:44:33  
04:44:33   
04:45:34  
04:45:34   
04:46:34  
04:46:34   
04:47:34  
04:47:34   
04:48:35  
04:48:35   
04:49:35  
04:49:35   
04:50:35  
04:50:35   
04:51:36  
04:51:36   
04:52:37  
04:52:37   
04:53:37  
04:53:37   
04:54:37  
04:54:37   
04:55:38  
04:55:38   
04:56:38  
04:56:38   
04:57:39  
04:57:39   
04:58:39  
04:58:39   
04:59:39  
04:59:39   
05:00:07 §f
05:00:07 §c
05:00:40  
05:00:40   
05:01:40  
05:01:40   
05:02:41  
05:02:41   
05:03:41  
05:03:41   
05:04:02 §8 §r§8 §r§1 §r§3 §r§3 §r§7 §r§8 
05:04:06  
05:04:06   
05:04:30  
05:04:30   
05:04:39 §f                                        
05:05:27 
05:05:27 
05:05:31  
05:05:31   
05:05:41 §8 §r§8 §r§1 §r§3 §r§3 §r§7 §r§8 
05:05:44  
05:05:44   
05:05:46 §8 §r§8 §r§1 §r§3 §r§3 §r§7 §r§8 
05:05:50  
05:05:50   
05:05:56 §8 §r§8 §r§1 §r§3 §r§3 §r§7 §r§8 
05:05:59 §8 §r§8 §r§1 §r§3 §r§3 §r§7 §r§8 
05:06:03  
05:06:03   
05:06:13 §8 §r§8 §r§1 §r§3 §r§3 §r§7 §r§8 
05:06:17  
05:06:17   
05:06:19 §8 §r§8 §r§1 §r§3 §r§3 §r§7 §r§8 
05:06:22  
05:06:22   
05:06:24 §8 §r§8 §r§1 §r§3 §r§3 §r§7 §r§8 
05:06:28  
05:06:28   
05:06:30 §8 §r§8 §r§1 §r§3 §r§3 §r§7 §r§8 
05:06:34  
05:06:34   
05:06:41 §8 §r§8 §r§1 §r§3 §r§3 §r§7 §r§8 
05:06:45  
05:06:45   
05:06:47 §8 §r§8 §r§1 §r§3 §r§3 §r§7 §r§8 
05:06:51  
05:06:51   
05:07:42  
05:07:42   
05:08:43  
05:08:43   
05:09:44  
05:09:44   
05:10:14 §f                                        
05:10:45  
05:10:45   
05:11:46  
05:11:46   
05:12:46  
05:12:46   
05:13:47  
05:13:47   
05:14:48  
05:14:48   
05:15:50  
05:15:50   
05:16:52  
05:16:52   
05:17:54  
05:17:54   
05:18:56  
05:18:56   
05:19:58  
05:19:58   
05:21:01  
05:21:01   
05:22:03  
05:22:03   
05:23:04  
05:23:04   
05:24:06  
05:24:06   
05:25:08  
05:25:08   
05:26:10  
05:26:10   
05:27:13  
05:27:13   
05:28:15  
05:28:15   
05:28:46 
05:29:13 
05:29:13 
05:29:17  
05:29:17   
05:30:13 §f                                        
05:30:20  
05:30:20   
05:31:22  
05:31:22   
05:32:24  
05:32:24   
05:33:26  
05:33:26   
05:34:28  
05:34:28   
05:35:30  
05:35:30   
05:36:32  
05:36:32   
05:37:34  
05:37:34   
05:38:36  
05:38:36   
05:39:38  
05:39:38   
05:40:40  
05:40:40   
05:41:43  
05:41:43   
05:42:45  
05:42:45   
05:43:47  
05:43:47   
05:44:49  
05:44:49   
05:45:51  
05:45:51   
05:46:54  
05:46:54   
05:47:56  
05:47:56   
05:48:51 
05:48:58  
05:48:58   
05:50:00  
05:50:00   
05:50:18 §f                                        
05:51:02  
05:51:02   
05:52:04  
05:52:04   
05:53:02 
05:53:02 
05:53:07  
05:53:07   
05:54:09  
05:54:09   
05:55:11  
05:55:11   
05:56:14  
05:56:14   
05:57:16  
05:57:16   
05:58:19  
05:58:19   
05:59:21  
05:59:21   
06:00:24  
06:00:24   
06:01:26  
06:01:26   
06:02:28  
06:02:28   
06:03:30  
06:03:30   
06:04:32  
06:04:32   
06:05:35  
06:05:35   
06:05:53 
06:06:37  
06:06:37   
06:07:39  
06:07:39   
06:08:42  
06:08:42   
06:09:44  
06:09:44   
06:10:14 §f                                        
06:10:46  
06:10:46   
06:11:49  
06:11:49   
06:12:51  
06:12:51   
06:13:54  
06:13:54   
06:14:56  
06:14:56   
06:15:58  
06:15:58   
06:17:01  
06:17:01   
06:18:03  
06:18:03   
06:19:05  
06:19:05   
06:20:08  
06:20:08   
06:21:10  
06:21:10   
06:22:12  
06:22:12   
06:23:14  
06:23:14   
06:24:16  
06:24:16   
06:25:19  
06:25:19   
06:26:21  
06:26:21   
06:27:18 
06:27:18 
06:27:23  
06:27:23   
06:28:24  
06:28:24   
06:28:54 
06:29:25  
06:29:25   
06:30:08 §f                                        
06:30:28  
06:30:28   
06:31:29  
06:31:29   
06:32:31  
06:32:31   
06:33:33  
06:33:33   
06:34:34  
06:34:34   
06:35:37  
06:35:37   
06:36:39  
06:36:39   
06:37:41  
06:37:41   
06:38:43  
06:38:43   
06:39:44  
06:39:44   
06:40:46  
06:40:46   
06:41:48  
06:41:48   
06:42:50  
06:42:50   
06:43:51  
06:43:51   
06:44:53  
06:44:53   
06:45:56  
06:45:56   
06:46:58  
06:46:58   
06:47:59  
06:47:59   
06:48:42 
06:49:01  
06:49:01   
06:50:03  
06:50:03   
06:50:09 §f                                        
06:51:05  
06:51:05   
06:52:07  
06:52:07   
06:53:09  
06:53:09   
06:54:11  
06:54:11   
06:55:13  
06:55:13   
06:56:15  
06:56:15   
06:57:18  
06:57:18   
06:58:21  
06:58:21   
06:59:23  
06:59:23   
07:00:07 §f
07:00:07 §c
07:00:26  
07:00:26   
07:01:29  
07:01:29   
07:02:31  
07:02:31   
07:03:34  
07:03:34   
07:04:36  
07:04:36   
07:05:39  
07:05:39   
07:05:45 
07:06:41  
07:06:41   
07:07:43  
07:07:43   
07:08:44  
07:08:44   
07:09:46  
07:09:46   
07:10:17 §f                                        
07:10:49  
07:10:49   
07:11:51  
07:11:51   
07:12:53  
07:12:53   
07:13:55  
07:13:55   
07:14:58  
07:14:58   
07:15:59  
07:15:59   
07:17:02  
07:17:02   
07:18:04  
07:18:04   
07:19:06  
07:19:06   
07:20:08  
07:20:08   
07:21:10  
07:21:10   
07:22:12  
07:22:12   
07:23:13  
07:23:13   
07:24:15  
07:24:15   
07:25:17  
07:25:17   
07:26:19  
07:26:19   
07:27:22  
07:27:22   
07:28:24  
07:28:24   
07:28:54 
07:29:26  
07:29:26   
07:30:09 §f                                        
07:30:28  
07:30:28   
07:31:31  
07:31:31   
07:32:34  
07:32:34   
07:33:36  
07:33:36   
07:34:38  
07:34:38   
07:35:39  
07:35:39   
07:36:32 §8 §r§8 §r§1 §r§3 §r§3 §r§7 §r§8 
07:36:35  
07:36:35   
07:36:36  
07:36:36   
07:37:36  
07:37:36   
07:38:36  
07:38:36   
07:39:36  
07:39:36   
07:40:36  
07:40:36   
07:41:36  
07:41:36   
07:42:36  
07:42:36   
07:43:37  
07:43:37   
07:44:37  
07:44:37   
07:45:37  
07:45:37   
07:46:37  
07:46:37   
07:47:37  
07:47:37   
07:48:37  
07:48:37   
07:49:37  
07:49:37   
07:50:37  
07:50:37   
07:51:37  
07:51:37   
07:51:47 §8 §r§8 §r§1 §r§3 §r§3 §r§7 §r§8 
07:51:50  
07:51:50   
07:52:26  
07:52:26   
07:53:27  
07:53:27   
07:54:28  
07:54:28   
07:55:29  
07:55:29   
07:56:29  
07:56:29   
07:56:34 §8 §r§8 §r§1 §r§3 §r§3 §r§7 §r§8 
07:56:37  
07:56:37   
07:56:38  
07:56:38   
07:57:38  
07:57:38   
07:58:38  
07:58:38   
07:59:39  
07:59:39   
08:00:39  
08:00:39   
