15:35:36 §bNew day! §r§eYour §r§2Sky Mall §r§ebuff changed!
15:35:36 §eNew buff§r§r§r: §r§f§r§a-20%§r§f Pickaxe Ability cooldowns.
15:35:36 §8§oYou can disable this messaging by toggling Sky Mall in your /hotm!
15:55:00 §bNew day! §r§eYour §r§2Sky Mall §r§ebuff changed!
15:55:00 §eNew buff§r§r§r: §r§fGain §r§6+100⸕ Mining Speed§r§f.
15:55:00 §8§oYou can disable this messaging by toggling Sky Mall in your /hotm!
16:01:20 §bNew day! §r§eYour §r§2Sky Mall §r§ebuff changed!
16:01:20 §eNew buff§r§r§r: §r§fGain §r§6+100⸕ Mining Speed§r§f.
16:01:20 §8§oYou can disable this messaging by toggling Sky Mall in your /hotm!
18:38:56 §bNew day! §r§eYour §r§2Sky Mall §r§ebuff changed!
18:38:56 §eNew buff§r§r§r: §r§fGain §r§6+50☘ Mining Fortune§r§f.
18:38:56 §8§oYou can disable this messaging by toggling Sky Mall in your /hotm!
18:39:27 §bNew day! §r§eYour §r§2Sky Mall §r§ebuff changed!
18:39:27 §eNew buff§r§r§r: §r§fGain §r§6+50☘ Mining Fortune§r§f.
18:39:27 §8§oYou can disable this messaging by toggling Sky Mall in your /hotm!
21:35:01 §bNew day! §r§eYour §r§2Sky Mall §r§ebuff changed!
21:35:01 §eNew buff§r§r§r: §r§f§r§a10x §r§fchance to find Golden and Diamond Goblins.
21:35:01 §8§oYou can disable this messaging by toggling Sky Mall in your /hotm!
21:55:01 §bNew day! §r§eYour §r§2Sky Mall §r§ebuff changed!
21:55:01 §eNew buff§r§r§r: §r§fGain §r§a+15% §r§fmore Powder while mining.
21:55:01 §8§oYou can disable this messaging by toggling Sky Mall in your /hotm!
21:57:30 §bNew day! §r§eYour §r§2Sky Mall §r§ebuff changed!
21:57:30 §eNew buff§r§r§r: §r§fGain §r§a+15% §r§fmore Powder while mining.
21:57:30 §8§oYou can disable this messaging by toggling Sky Mall in your /hotm!
22:15:00 §bNew day! §r§eYour §r§2Sky Mall §r§ebuff changed!
22:15:00 §eNew buff§r§r§r: §r§f§r§a10x §r§fchance to find Golden and Diamond Goblins.
22:15:00 §8§oYou can disable this messaging by toggling Sky Mall in your /hotm!
23:55:01 §bNew day! §r§eYour §r§2Sky Mall §r§ebuff changed!
23:55:01 §eNew buff§r§r§r: §r§fGain §r§6+100⸕ Mining Speed§r§f.
23:55:01 §8§oYou can disable this messaging by toggling Sky Mall in your /hotm!
00:15:01 §bNew day! §r§eYour §r§2Sky Mall §r§ebuff changed!
00:15:01 §eNew buff§r§r§r: §r§f§r§a10x §r§fchance to find Golden and Diamond Goblins.
00:15:01 §8§oYou can disable this messaging by toggling Sky Mall in your /hotm!
00:58:36 §bNew day! §r§eYour §r§2Sky Mall §r§ebuff changed!
00:58:36 §eNew buff§r§r§r: §r§fGain §r§6+100⸕ Mining Speed§r§f.
00:58:36 §8§oYou can disable this messaging by toggling Sky Mall in your /hotm!
04:15:00 §bNew day! §r§eYour §r§2Sky Mall §r§ebuff changed!
04:15:00 §eNew buff§r§r§r: §r§fGain §r§a+15% §r§fmore Powder while mining.
04:15:00 §8§oYou can disable this messaging by toggling Sky Mall in your /hotm!
04:35:00 §bNew day! §r§eYour §r§2Sky Mall §r§ebuff changed!
04:35:00 §eNew buff§r§r§r: §r§fGain §r§6+50☘ Mining Fortune§r§f.
04:35:00 §8§oYou can disable this messaging by toggling Sky Mall in your /hotm!
04:55:01 §bNew day! §r§eYour §r§2Sky Mall §r§ebuff changed!
04:55:01 §eNew buff§r§r§r: §r§f§r§a-20%§r§f Pickaxe Ability cooldowns.
04:55:01 §8§oYou can disable this messaging by toggling Sky Mall in your /hotm!
07:55:00 §bNew day! §r§eYour §r§2Sky Mall §r§ebuff changed!
07:55:00 §eNew buff§r§r§r: §r§fGain §r§6+100⸕ Mining Speed§r§f.
07:55:00 §8§oYou can disable this messaging by toggling Sky Mall in your /hotm!
