23:13:31 §f §r§r§r§f §r§r§r§1 §r§r§r§0 §r§r§r§2 §r§r§r§f §r§r§r§f §r§r§r§2 §r§r§r§0 §r§r§r§4 §r§r§r§3 §r§r§r§9 §r§r§r§2 §r§r§r§0 §r§r§r§0 §r§r§r§3 §r§r§r§9 §r§r§r§2 §r§r§r§0 §r§r§r§0 §r§r§r§3 §r§r§r§9 §r§r§r§2 §r§r§r§0 §r§r§r§0 
23:13:31 
23:13:36 §8 §r§8 §r§1 §r§3 §r§3 §r§7 §r§8 
23:13:38 
23:13:38 
23:13:39  
23:13:39   
23:13:40  
23:13:40   
23:14:02 §f
23:14:02 §f
23:14:02 §f
23:14:02 §f
23:14:02 §f
23:14:41  
23:14:41   
23:14:59 §8 §r§8 §r§1 §r§3 §r§3 §r§7 §r§8 
23:15:03  
23:15:03   
23:15:05 §8 §r§8 §r§1 §r§3 §r§3 §r§7 §r§8 
23:15:08  
23:15:08   
23:15:09 §8 §r§8 §r§1 §r§3 §r§3 §r§7 §r§8 
23:15:13  
23:15:13   
23:15:13 §8 §r§8 §r§1 §r§3 §r§3 §r§7 §r§8 
23:15:17  
23:15:17   
23:15:18 §8 §r§8 §r§1 §r§3 §r§3 §r§7 §r§8 
23:15:22 §8 §r§8 §r§1 §r§3 §r§3 §r§7 §r§8 
23:15:26  
23:15:26   
23:15:27 §8 §r§8 §r§1 §r§3 §r§3 §r§7 §r§8 
23:15:30 §8 §r§8 §r§1 §r§3 §r§3 §r§7 §r§8 
23:15:34  
23:15:34   
23:15:34 §8 §r§8 §r§1 §r§3 §r§3 §r§7 §r§8 
23:15:38  
23:15:38   
23:15:38 §8 §r§8 §r§1 §r§3 §r§3 §r§7 §r§8 
23:15:42  
23:15:42   
23:15:42 §8 §r§8 §r§1 §r§3 §r§3 §r§7 §r§8 
23:15:46  
23:15:46   
23:16:06  
23:16:06   
23:16:21 §8 §r§8 §r§1 §r§3 §r§3 §r§7 §r§8 
23:16:25  
23:16:25   
23:16:37  
23:16:37   
23:17:38  
23:17:38   
23:18:38  
23:18:38   
23:19:39  
23:19:39   
23:20:39  
23:20:39   
23:21:40  
23:21:40   
23:22:40  
23:22:40   
23:23:41  
23:23:41   
23:23:50 §8 §r§8 §r§1 §r§3 §r§3 §r§7 §r§8 
23:23:53  
23:23:53   
23:24:33  
23:24:33   
23:25:33  
23:25:33   
23:25:45 §8 §r§8 §r§1 §r§3 §r§3 §r§7 §r§8 
23:25:48  
23:25:48   
23:25:49  
23:25:49   
23:26:06 §f §r§r§r§f §r§r§r§1 §r§r§r§0 §r§r§r§2 §r§r§r§f §r§r§r§f §r§r§r§2 §r§r§r§0 §r§r§r§4 §r§r§r§3 §r§r§r§9 §r§r§r§2 §r§r§r§0 §r§r§r§0 §r§r§r§3 §r§r§r§9 §r§r§r§2 §r§r§r§0 §r§r§r§0 §r§r§r§3 §r§r§r§9 §r§r§r§2 §r§r§r§0 §r§r§r§0 
23:26:06 
23:26:08 §8 §r§8 §r§1 §r§3 §r§3 §r§7 §r§8 
23:26:09 
23:26:10 
23:26:10 
23:26:10 
23:26:10 
23:26:11 §8 §r§8 §r§1 §r§3 §r§3 §r§7 §r§8 
23:26:29 §8 §r§8 §r§1 §r§3 §r§3 §r§7 §r§8 
23:27:48 §8 §r§8 §r§1 §r§3 §r§3 §r§7 §r§8 
23:28:05 §f §r§r§r§f §r§r§r§1 §r§r§r§0 §r§r§r§2 §r§r§r§f §r§r§r§f §r§r§r§2 §r§r§r§0 §r§r§r§4 §r§r§r§3 §r§r§r§9 §r§r§r§2 §r§r§r§0 §r§r§r§0 §r§r§r§3 §r§r§r§9 §r§r§r§2 §r§r§r§0 §r§r§r§0 §r§r§r§3 §r§r§r§9 §r§r§r§2 §r§r§r§0 §r§r§r§0 
23:28:05 
23:34:09 §8 §r§8 §r§1 §r§3 §r§3 §r§7 §r§8 
23:34:12 
23:34:12 
23:34:13  
23:34:13   
23:34:14  
23:34:14   
23:35:14  
23:35:14   
23:35:42 §8 §r§8 §r§1 §r§3 §r§3 §r§7 §r§8 
23:36:42 
23:36:42 
23:36:55 §8 §r§8 §r§1 §r§3 §r§3 §r§7 §r§8 
23:39:10 §8 §r§8 §r§1 §r§3 §r§3 §r§7 §r§8 
23:40:09 
23:40:11 
23:43:04 §8 §r§8 §r§1 §r§3 §r§3 §r§7 §r§8 
23:47:29 §8 §r§8 §r§1 §r§3 §r§3 §r§7 §r§8 
23:58:08 §8 §r§8 §r§1 §r§3 §r§3 §r§7 §r§8 
23:58:12  
23:58:12   
23:58:13  
23:58:13   
23:59:13  
23:59:13   
00:00:13  
00:00:13   
00:01:13  
00:01:13   
00:02:14  
00:02:14   
00:03:14  
00:03:14   
00:04:14  
00:04:14   
00:05:14  
00:05:14   
00:06:14  
00:06:14   
00:07:14  
00:07:14   
00:08:15  
00:08:15   
00:09:15  
00:09:15   
00:10:15  
00:10:15   
00:11:15  
00:11:15   
00:12:15  
00:12:15   
00:12:18 §8 §r§8 §r§1 §r§3 §r§3 §r§7 §r§8 
00:12:22  
00:12:22   
00:12:27  
00:12:27   
00:13:28  
00:13:28   
00:14:29  
00:14:29   
00:15:29  
00:15:29   
00:16:30  
00:16:30   
00:17:31  
00:17:31   
00:18:32  
00:18:32   
00:18:40 §8 §r§8 §r§1 §r§3 §r§3 §r§7 §r§8 
00:18:44  
00:18:44   
00:18:47  
00:18:47   
00:19:48  
00:19:48   
00:20:49  
00:20:49   
00:21:45 
00:21:45 
00:21:49  
00:21:49   
00:22:49  
00:22:49   
00:23:50  
00:23:50   
00:24:51  
00:24:51   
00:25:51  
00:25:51   
00:26:52  
00:26:52   
00:27:52  
00:27:52   
00:28:50 
00:28:53  
00:28:53   
00:29:54  
00:29:54   
00:30:39 §f                                        
00:30:39 §f                                        
00:30:54  
00:30:54   
00:31:55  
00:31:55   
00:32:55  
00:32:55   
00:33:56  
00:33:56   
00:34:57  
00:34:57   
00:35:57  
00:35:57   
00:36:58  
00:36:58   
00:37:58  
00:37:58   
00:38:59  
00:38:59   
00:40:00  
00:40:00   
00:41:00  
00:41:00   
00:42:00  
00:42:00   
00:43:01  
00:43:01   
00:44:01  
00:44:01   
00:45:02  
00:45:02   
00:46:02  
00:46:02   
00:47:03  
00:47:03   
00:48:04  
00:48:04   
00:49:05  
00:49:05   
00:50:05  
00:50:05   
00:50:39 §f                                        
00:51:06  
00:51:06   
00:52:07  
00:52:07   
00:53:08  
00:53:08   
00:54:08  
00:54:08   
00:55:09  
00:55:09   
00:56:10  
00:56:10   
00:57:11  
00:57:11   
00:58:11  
00:58:11   
00:59:12  
00:59:12   
01:00:13  
01:00:13   
01:01:13  
01:01:13   
01:01:43 §f
01:01:43 §c
01:02:14  
01:02:14   
01:03:15  
01:03:15   
01:04:15  
01:04:15   
01:05:16  
01:05:16   
01:06:17  
01:06:17   
01:07:18  
01:07:18   
01:08:19  
01:08:19   
01:08:52 
01:09:20  
01:09:20   
01:10:20  
01:10:20   
01:10:41 §f                                        
01:10:41 §f                                        
01:11:21  
01:11:21   
01:12:21  
01:12:21   
01:13:22  
01:13:22   
01:14:23  
01:14:23   
01:15:24  
01:15:24   
01:16:25  
01:16:25   
01:17:25  
01:17:25   
01:18:26  
01:18:26   
01:19:27  
01:19:27   
01:20:28  
01:20:28   
01:21:29  
01:21:29   
01:22:29  
01:22:29   
01:23:30  
01:23:30   
01:24:14 §8 §r§8 §r§1 §r§3 §r§3 §r§7 §r§8 
01:24:17 
01:24:17 
01:24:18  
01:24:18   
01:24:19  
01:24:19   
01:25:14 §8 §r§8 §r§1 §r§3 §r§3 §r§7 §r§8 
01:25:18  
01:25:18   
01:26:03  
01:26:03   
01:26:07 §8 §r§8 §r§1 §r§3 §r§3 §r§7 §r§8 
01:26:10 
01:26:10 
01:26:10  
01:26:10   
01:26:11  
01:26:11   
01:26:50 
01:27:02 
01:27:05 
01:27:11  
01:27:11   
01:28:12  
01:28:12   
01:29:05 §8 §r§8 §r§1 §r§3 §r§3 §r§7 §r§8 
01:29:09  
01:29:09   
01:29:36  
01:29:36   
01:30:08 §8 §r§8 §r§1 §r§3 §r§3 §r§7 §r§8 
01:30:10 
01:30:10 
01:30:11  
01:30:11   
01:30:12  
01:30:12   
01:31:12  
01:31:12   
01:31:12 
01:31:46 §8 §r§8 §r§1 §r§3 §r§3 §r§7 §r§8 
01:31:49  
01:31:49   
01:31:59  
01:31:59   
01:32:48 §8 §r§8 §r§1 §r§3 §r§3 §r§7 §r§8 
01:32:52  
01:32:52   
01:32:53  
01:32:53   
01:33:38 §8 §r§8 §r§1 §r§3 §r§3 §r§7 §r§8 
01:33:42  
01:33:42   
01:33:42  
01:33:43   
01:33:56 §8 §r§8 §r§1 §r§3 §r§3 §r§7 §r§8 
01:34:00  
01:34:00   
01:34:17  
01:34:17   
01:34:21 §8 §r§8 §r§1 §r§3 §r§3 §r§7 §r§8 
01:34:24  
01:34:24   
01:34:25  
01:34:25   
01:35:25  
01:35:25   
01:36:25  
01:36:25   
01:37:25  
01:37:25   
01:38:25  
01:38:25   
01:39:25  
01:39:25   
01:40:25  
01:40:25   
01:41:25  
01:41:25   
01:42:25  
01:42:25   
01:43:25  
01:43:25   
01:44:25  
01:44:25   
01:45:25  
01:45:25   
01:46:25  
01:46:25   
01:47:25  
01:47:25   
01:48:26  
01:48:26   
01:49:26  
01:49:26   
01:50:26  
01:50:26   
01:51:26  
01:51:26   
01:52:26  
01:52:26   
01:53:26  
01:53:26   
01:54:26  
01:54:26   
01:55:26  
01:55:26   
01:56:26  
01:56:26   
01:57:26  
01:57:26   
01:58:26  
01:58:26   
01:59:26  
01:59:26   
02:00:26  
02:00:26   
02:01:26  
02:01:26   
02:02:26  
02:02:26   
02:03:26  
02:03:26   
02:04:26  
02:04:26   
02:05:26  
02:05:26   
02:06:26  
02:06:26   
02:07:26  
02:07:26   
02:08:26  
02:08:26   
02:09:26  
02:09:26   
02:10:26  
02:10:26   
02:11:26  
02:11:26   
02:12:26  
02:12:26   
02:13:26  
02:13:26   
02:14:26  
02:14:26   
02:15:26  
02:15:26   
02:16:26  
02:16:26   
02:17:26  
02:17:26   
02:18:26  
02:18:26   
02:19:27  
02:19:27   
02:20:27  
02:20:27   
02:21:27  
02:21:27   
02:22:27  
02:22:27   
02:23:27  
02:23:27   
02:24:27  
02:24:27   
02:25:27  
02:25:27   
02:26:27  
02:26:27   
02:27:27  
02:27:27   
02:28:27  
02:28:27   
02:29:27  
02:29:27   
02:30:27  
02:30:27   
02:31:27  
02:31:27   
02:32:27  
02:32:27   
02:33:27  
02:33:27   
02:34:27  
02:34:27   
02:35:27  
02:35:27   
02:36:27  
02:36:27   
02:37:28  
02:37:28   
02:38:28  
02:38:28   
02:39:28  
02:39:28   
02:40:28  
02:40:28   
02:41:28  
02:41:28   
02:42:28  
02:42:28   
02:43:28  
02:43:28   
02:44:28  
02:44:28   
02:45:28  
02:45:28   
02:46:28  
02:46:28   
02:47:28  
02:47:28   
02:48:28  
02:48:28   
02:49:28  
02:49:28   
02:50:28  
02:50:28   
02:51:28  
02:51:28   
02:52:28  
02:52:28   
02:53:28  
02:53:28   
02:54:28  
02:54:28   
02:55:28  
02:55:28   
02:56:28  
02:56:28   
02:57:28  
02:57:28   
02:58:28  
02:58:28   
02:59:29  
02:59:29   
03:00:29  
03:00:29   
03:01:07 
03:01:07 
03:01:13 
03:01:13 
03:01:16 
03:01:16 
03:01:17 
03:01:17 
03:01:27 §f
03:01:27 §f
03:01:27 §f
03:01:27 §f
03:01:27 §f
03:01:27 §f
03:01:29  
03:01:29   
03:01:43 §f
03:01:43 §c
03:02:29  
03:02:29   
03:03:29  
03:03:29   
03:04:29  
03:04:29   
03:05:29  
03:05:29   
03:06:29  
03:06:29   
03:07:29  
03:07:29   
03:08:29  
03:08:29   
03:09:29  
03:09:29   
03:10:29  
03:10:29   
03:10:58 §8 §r§8 §r§1 §r§3 §r§3 §r§7 §r§8 
03:11:02  
03:11:02   
03:11:44  
03:11:44   
03:12:44  
03:12:44   
03:13:45  
03:13:45   
03:14:46  
03:14:46   
03:15:47  
03:15:47   
03:16:48  
03:16:48   
03:17:48  
03:17:48   
03:18:49  
03:18:49   
03:19:50  
03:19:50   
03:20:51  
03:20:51   
03:21:05 §8 §r§8 §r§1 §r§3 §r§3 §r§7 §r§8 
03:21:08  
03:21:08   
03:21:09  
03:21:09   
03:22:05 
03:22:05 
03:22:09  
03:22:09   
03:23:09  
03:23:09   
03:23:43 §f
03:23:43 §f
03:23:43 §f
03:23:43 §f
03:24:09  
03:24:09   
