10:46:49 §f §r§r§r§f §r§r§r§1 §r§r§r§0 §r§r§r§2 §r§r§r§f §r§r§r§f §r§r§r§2 §r§r§r§0 §r§r§r§4 §r§r§r§3 §r§r§r§9 §r§r§r§2 §r§r§r§0 §r§r§r§0 §r§r§r§3 §r§r§r§9 §r§r§r§2 §r§r§r§0 §r§r§r§0 §r§r§r§3 §r§r§r§9 §r§r§r§2 §r§r§r§0 §r§r§r§0 
10:46:49 
10:46:53 §8 §r§8 §r§1 §r§3 §r§3 §r§7 §r§8 
10:46:55 
10:46:55 
10:46:56  
10:46:56   
10:46:57  
10:46:57   
10:47:57  
10:47:57   
10:48:02 §8 §r§8 §r§1 §r§3 §r§3 §r§7 §r§8 
10:48:06  
10:48:06   
10:48:31  
10:48:31   
10:49:32  
10:49:32   
10:50:33  
10:50:33   
10:50:45 §8 §r§8 §r§1 §r§3 §r§3 §r§7 §r§8 
10:50:49  
10:50:49   
10:51:22 §8 §r§8 §r§1 §r§3 §r§3 §r§7 §r§8 
10:51:25  
10:51:25   
10:51:26  
10:51:26   
10:51:51 §8 §r§8 §r§1 §r§3 §r§3 §r§7 §r§8 
10:51:55  
10:51:55   
10:52:43  
10:52:43   
10:53:44  
10:53:44   
10:54:44  
10:54:44   
10:55:45  
10:55:45   
10:56:46  
10:56:46   
10:57:47  
10:57:47   
10:58:48  
10:58:48   
10:59:49  
10:59:49   
11:00:19 
11:00:49  
11:00:49   
11:01:44 §f
11:01:44 §c
11:01:50  
11:01:50   
11:02:08 §f                                        
11:02:08 §f                                        
11:02:51  
11:02:51   
11:03:52  
11:03:52   
11:04:52  
11:04:52   
11:05:53  
11:05:53   
11:06:53  
11:06:53   
11:07:54  
11:07:54   
11:08:55  
11:08:55   
11:08:59 
11:08:59 
11:09:56  
11:09:56   
11:10:57  
11:10:57   
11:11:57  
11:11:57   
11:12:58  
11:12:58   
11:13:59  
11:13:59   
11:14:07 §8 §r§8 §r§1 §r§3 §r§3 §r§7 §r§8 
11:14:11  
11:14:11   
11:14:12  
11:14:12   
11:15:12  
11:15:12   
11:16:12  
11:16:12   
11:17:12  
11:17:12   
11:18:13  
11:18:13   
11:19:13  
11:19:13   
11:20:13  
11:20:13   
11:21:13  
11:21:13   
11:22:14  
11:22:14   
11:23:14  
11:23:14   
11:24:14  
11:24:14   
11:25:15  
11:25:15   
11:26:15  
11:26:15   
11:26:17 §8 §r§8 §r§1 §r§3 §r§3 §r§7 §r§8 
11:26:18  
11:26:18   
11:26:21  
11:26:21   
11:27:19  
11:27:19   
11:28:19  
11:28:19   
11:29:20  
11:29:20   
11:30:21  
11:30:21   
11:38:03 §f §r§r§r§f §r§r§r§1 §r§r§r§0 §r§r§r§2 §r§r§r§f §r§r§r§f §r§r§r§2 §r§r§r§0 §r§r§r§4 §r§r§r§3 §r§r§r§9 §r§r§r§2 §r§r§r§0 §r§r§r§0 §r§r§r§3 §r§r§r§9 §r§r§r§2 §r§r§r§0 §r§r§r§0 §r§r§r§3 §r§r§r§9 §r§r§r§2 §r§r§r§0 §r§r§r§0 
11:38:03 
11:39:35 §8 §r§8 §r§1 §r§3 §r§3 §r§7 §r§8 
11:39:37 
11:39:37 
11:39:38  
11:39:38   
11:39:55 §8 §r§8 §r§1 §r§3 §r§3 §r§7 §r§8 
11:39:59  
11:39:59   
11:40:00  
11:40:00   
11:40:05 
11:40:05 
11:40:05 
11:41:00  
11:41:00   
11:42:00  
11:42:00   
11:43:01  
11:43:01   
11:43:59 §8 §r§8 §r§1 §r§3 §r§3 §r§7 §r§8 
11:44:00  
11:44:00   
11:44:03  
11:44:03   
11:44:45 §8 §r§8 §r§1 §r§3 §r§3 §r§7 §r§8 
11:44:49  
11:44:49   
11:45:28 §8 §r§8 §r§1 §r§3 §r§3 §r§7 §r§8 
11:45:31  
11:45:31   
11:45:40 
11:46:16  
11:46:16   
11:46:51 §8 §r§8 §r§1 §r§3 §r§3 §r§7 §r§8 
11:46:55  
11:46:55   
11:47:01 §8 §r§8 §r§1 §r§3 §r§3 §r§7 §r§8 
11:47:05  
11:47:05   
11:47:21 
11:47:32 
11:47:33  
11:47:33   
11:47:59 
11:48:03 §8 §r§8 §r§1 §r§3 §r§3 §r§7 §r§8 
11:48:07  
11:48:07   
11:48:43  
11:48:43   
11:49:44  
11:49:44   
11:50:44  
11:50:44   
11:51:45  
11:51:45   
11:52:14 §8 §r§8 §r§1 §r§3 §r§3 §r§7 §r§8 
11:52:18  
11:52:18   
11:52:49  
11:52:49   
11:53:49 §8 §r§8 §r§1 §r§3 §r§3 §r§7 §r§8 
11:53:52  
11:53:52   
11:53:55  
11:53:55   
11:54:44 §8 §r§8 §r§1 §r§3 §r§3 §r§7 §r§8 
11:54:44 §f                                        
11:54:48  
11:54:48   
11:55:02 
11:55:18 
11:55:41 §8 §r§8 §r§1 §r§3 §r§3 §r§7 §r§8 
11:55:45  
11:55:45   
11:56:07 §8 §r§8 §r§1 §r§3 §r§3 §r§7 §r§8 
11:56:07 §f                                        
11:56:11  
11:56:11   
11:56:13 
11:57:03  
11:57:03   
11:57:13 §8 §r§8 §r§1 §r§3 §r§3 §r§7 §r§8 
11:57:17  
11:57:17   
11:57:41  
11:57:41   
11:58:19 §8 §r§8 §r§1 §r§3 §r§3 §r§7 §r§8 
11:58:23  
11:58:23   
11:58:27 
11:58:31 
11:59:02 §8 §r§8 §r§1 §r§3 §r§3 §r§7 §r§8 
11:59:06  
11:59:06   
11:59:28  
11:59:28   
11:59:40 §8 §r§8 §r§1 §r§3 §r§3 §r§7 §r§8 
11:59:44  
11:59:44   
12:00:10 
12:00:37  
12:00:37   
12:00:49 
12:00:52 §8 §r§8 §r§1 §r§3 §r§3 §r§7 §r§8 
12:00:56  
12:00:56   
12:01:42  
12:01:42   
12:02:42  
12:02:42   
12:03:28 §8 §r§8 §r§1 §r§3 §r§3 §r§7 §r§8 
12:03:32  
12:03:32   
12:03:41 
12:04:12 
12:04:23 §8 §r§8 §r§1 §r§3 §r§3 §r§7 §r§8 
12:04:27  
12:04:27   
12:04:40 §8 §r§8 §r§1 §r§3 §r§3 §r§7 §r§8 
12:04:44  
12:04:44   
12:04:45  
12:04:45   
12:05:22 §8 §r§8 §r§1 §r§3 §r§3 §r§7 §r§8 
12:05:25  
12:05:25   
12:05:43  
12:05:44   
12:06:44  
12:06:44   
12:07:45  
12:07:45   
12:08:15 §8 §r§8 §r§1 §r§3 §r§3 §r§7 §r§8 
12:08:18  
12:08:18   
12:08:25 
12:08:37 
12:08:53 
12:09:06 
12:09:06 
12:09:10  
12:09:10   
12:10:10  
12:10:10   
12:10:15 §8 §r§8 §r§1 §r§3 §r§3 §r§7 §r§8 
12:10:19  
12:10:19   
12:10:24  
12:10:24   
12:10:25 §8 §r§8 §r§1 §r§3 §r§3 §r§7 §r§8 
12:10:28  
12:10:28   
12:10:45 
12:11:02 
12:11:08 §8 §r§8 §r§1 §r§3 §r§3 §r§7 §r§8 
12:11:12  
12:11:12   
12:11:46 §8 §r§8 §r§1 §r§3 §r§3 §r§7 §r§8 
12:11:50  
12:11:50   
12:12:07 
12:12:28 
12:12:34 
12:12:38 §8 §r§8 §r§1 §r§3 §r§3 §r§7 §r§8 
12:12:38 §f                                        
12:12:41  
12:12:41   
12:12:45  
12:12:45   
12:13:46  
12:13:46   
12:14:15 §8 §r§8 §r§1 §r§3 §r§3 §r§7 §r§8 
12:14:19  
12:14:19   
12:14:21 
12:14:34 
12:14:45 §8 §r§8 §r§1 §r§3 §r§3 §r§7 §r§8 
12:14:49  
12:14:49   
12:15:16  
12:15:16   
12:16:17  
12:16:17   
12:16:21 §8 §r§8 §r§1 §r§3 §r§3 §r§7 §r§8 
12:16:24  
12:16:24   
12:16:31 
12:17:06 §8 §r§8 §r§1 §r§3 §r§3 §r§7 §r§8 
12:17:10  
12:17:10   
12:17:37  
12:17:37   
12:18:24 §8 §r§8 §r§1 §r§3 §r§3 §r§7 §r§8 
12:18:24 §f                                        
12:18:28  
12:18:28   
12:18:31 
12:18:41 
12:18:58 
12:19:21  
12:19:21   
12:19:59 §8 §r§8 §r§1 §r§3 §r§3 §r§7 §r§8 
12:20:03  
12:20:03   
12:20:52  
12:20:52   
12:21:52  
12:21:52   
12:22:24 §f                                        
12:22:24 §f                                        
12:22:53  
12:22:53   
12:23:53  
12:23:53   
12:24:54  
12:24:54   
12:25:54  
12:25:54   
12:26:55  
12:26:55   
12:27:55  
12:27:55   
12:28:56  
12:28:56   
12:29:35 §8 §r§8 §r§1 §r§3 §r§3 §r§7 §r§8 
12:29:39  
12:29:39   
12:30:29  
12:30:29   
12:30:33 §8 §r§8 §r§1 §r§3 §r§3 §r§7 §r§8 
12:30:37  
12:30:37   
12:31:14  
12:31:14   
12:32:15  
12:32:15   
12:32:37 §8 §r§8 §r§1 §r§3 §r§3 §r§7 §r§8 
12:32:41  
12:32:41   
12:33:03 
12:33:31  
12:33:31   
12:33:32 
12:34:06 §8 §r§8 §r§1 §r§3 §r§3 §r§7 §r§8 
12:34:09  
12:34:09   
12:34:23 §8 §r§8 §r§1 §r§3 §r§3 §r§7 §r§8 
12:34:23 §f                                        
12:34:27  
12:34:27   
12:34:33 
12:34:53 
12:35:19  
12:35:19   
12:35:33 §8 §r§8 §r§1 §r§3 §r§3 §r§7 §r§8 
12:35:37  
12:35:37   
12:35:43 §8 §r§8 §r§1 §r§3 §r§3 §r§7 §r§8 
12:35:46  
12:35:46   
12:36:28  
12:36:28   
12:36:53 
12:36:57 §8 §r§8 §r§1 §r§3 §r§3 §r§7 §r§8 
12:37:00  
12:37:00   
12:37:24  
12:37:24   
12:37:57 §8 §r§8 §r§1 §r§3 §r§3 §r§7 §r§8 
12:38:01  
12:38:01   
12:38:53  
12:38:53   
12:39:07 
12:39:12 §8 §r§8 §r§1 §r§3 §r§3 §r§7 §r§8 
12:39:15  
12:39:15   
12:40:01  
12:40:01   
12:40:19 §8 §r§8 §r§1 §r§3 §r§3 §r§7 §r§8 
12:40:22  
12:40:22   
12:40:33 
12:40:36 
12:41:11 
12:41:11 
12:41:15  
12:41:15   
12:41:32 
12:41:35 §8 §r§8 §r§1 §r§3 §r§3 §r§7 §r§8 
12:41:39  
12:41:39   
12:42:12  
12:42:12   
12:42:39 §8 §r§8 §r§1 §r§3 §r§3 §r§7 §r§8 
12:42:42  
12:42:42   
12:42:43  
12:42:43   
12:43:20 
12:43:32 
12:43:43  
12:43:43   
12:43:47 §8 §r§8 §r§1 §r§3 §r§3 §r§7 §r§8 
12:43:51  
12:43:51   
12:44:47  
12:44:47   
12:45:48  
12:45:48   
12:46:08 §8 §r§8 §r§1 §r§3 §r§3 §r§7 §r§8 
12:46:12  
12:46:12   
12:47:01  
12:47:01   
12:47:33 
12:48:01  
12:48:01   
12:48:20 §8 §r§8 §r§1 §r§3 §r§3 §r§7 §r§8 
12:48:24  
12:48:24   
12:48:48  
12:48:49   
12:49:49  
12:49:49   
12:50:25 §8 §r§8 §r§1 §r§3 §r§3 §r§7 §r§8 
12:50:29  
12:50:29   
12:50:38 
12:50:42 
12:51:14 
12:51:21 §8 §r§8 §r§1 §r§3 §r§3 §r§7 §r§8 
12:51:25  
12:51:25   
12:51:59  
12:51:59   
12:52:18 §8 §r§8 §r§1 §r§3 §r§3 §r§7 §r§8 
12:52:18 §f                                        
12:52:21  
12:52:21   
12:52:48 
12:52:54 
12:53:00 §8 §r§8 §r§1 §r§3 §r§3 §r§7 §r§8 
12:53:04  
12:53:04   
12:53:51  
12:53:51   
12:54:52  
12:54:52   
12:55:52  
12:55:52   
12:56:52  
12:56:52   
12:57:53  
12:57:53   
12:58:13 §8 §r§8 §r§1 §r§3 §r§3 §r§7 §r§8 
12:58:16  
12:58:16   
12:58:26 
12:59:01 
12:59:08  
12:59:08   
12:59:48 §8 §r§8 §r§1 §r§3 §r§3 §r§7 §r§8 
12:59:52  
12:59:52   
13:00:25  
13:00:25   
13:01:14 §8 §r§8 §r§1 §r§3 §r§3 §r§7 §r§8 
13:01:17  
13:01:17   
13:01:30 
13:01:44 §f
13:01:44 §c
13:01:52 §8 §r§8 §r§1 §r§3 §r§3 §r§7 §r§8 
13:01:56  
13:01:56   
13:02:05  
13:02:05   
13:02:08 §8 §r§8 §r§1 §r§3 §r§3 §r§7 §r§8 
13:02:12  
13:02:12   
13:02:13  
13:02:13   
13:02:50 
13:03:13  
13:03:13   
13:03:17 
13:03:20 
13:03:53 §8 §r§8 §r§1 §r§3 §r§3 §r§7 §r§8 
13:03:57  
13:03:57   
13:04:02  
13:04:02   
13:05:03  
13:05:03   
13:06:04  
13:06:04   
13:07:05  
13:07:05   
13:07:55 §8 §r§8 §r§1 §r§3 §r§3 §r§7 §r§8 
13:07:59  
13:07:59   
13:08:18 §8 §r§8 §r§1 §r§3 §r§3 §r§7 §r§8 
13:08:22  
13:08:22   
13:08:23  
13:08:23   
13:09:04 
13:09:24  
13:09:24   
13:10:24  
13:10:24   
13:10:46 §8 §r§8 §r§1 §r§3 §r§3 §r§7 §r§8 
13:10:49  
13:10:49   
13:10:54  
13:11:18 
13:11:27 
13:11:38 
13:11:38 
13:11:42  
13:11:42   
13:12:06 §8 §r§8 §r§1 §r§3 §r§3 §r§7 §r§8 
13:12:10  
13:12:10   
13:12:44 §f                                        
13:12:44 §f                                        
13:12:49 §8 §r§8 §r§1 §r§3 §r§3 §r§7 §r§8 
13:12:52  
13:12:52   
13:13:00 
13:13:11 
13:13:45  
13:13:45   
13:14:07 
13:14:17 
13:14:23 §8 §r§8 §r§1 §r§3 §r§3 §r§7 §r§8 
13:14:27  
13:14:27   
13:14:57  
13:14:57   
13:15:58  
13:15:58   
13:16:34 §8 §r§8 §r§1 §r§3 §r§3 §r§7 §r§8 
13:16:37  
13:16:38   
13:16:43  
13:16:43  
13:16:43  
13:17:18  
13:17:18   
13:17:33 
13:17:44 §8 §r§8 §r§1 §r§3 §r§3 §r§7 §r§8 
13:17:48  
13:17:48   
13:18:38  
13:18:38   
13:19:38  
13:19:38   
13:20:39  
13:20:39   
13:21:40  
13:21:40   
13:21:54 §8 §r§8 §r§1 §r§3 §r§3 §r§7 §r§8 
13:21:58  
13:21:58   
13:22:01 
13:22:16 
13:22:20 
13:22:25 §8 §r§8 §r§1 §r§3 §r§3 §r§7 §r§8 
13:22:29  
13:22:29   
13:22:58  
13:22:58   
13:23:27 §8 §r§8 §r§1 §r§3 §r§3 §r§7 §r§8 
13:23:30  
13:23:30   
13:23:46 
13:23:53 §8 §r§8 §r§1 §r§3 §r§3 §r§7 §r§8 
13:23:57  
13:23:57   
13:24:26  
13:24:26   
