09:05:30 Trying to load config from config/skyhanni/config.json
09:05:30 load-config-now
09:05:30 Loaded config from file
09:05:30 Trying to load sacks from config/skyhanni/sacks.json
09:05:30 load-sacks-now
09:05:30 Loaded sacks from file
09:05:30 Trying to load friends from config/skyhanni/friends.json
09:05:30 load-friends-now
09:05:30 Loaded friends from file
09:05:30 Trying to load known_features from config/skyhanni/known_features.json
09:05:30 load-known_features-now
09:05:30 Loaded known_features from file
09:05:30 Trying to load jacob_contests from config/skyhanni/jacob_contests.json
09:05:30 load-jacob_contests-now
09:05:30 Loaded jacob_contests from file
09:05:30 Trying to load visual_words from config/skyhanni/visual_words.json
09:05:30 Setting visual_words to be blank as it did not exist. It will be saved once something is written to it
09:05:46 saveConfig: Updated known feature flags
09:05:46 Saving known_features file
09:06:30 saveConfig: auto-save-60s
09:06:30 Saving config file
09:07:30 saveConfig: auto-save-60s
09:07:30 Saving config file
09:08:30 saveConfig: auto-save-60s
09:08:30 Saving config file
09:09:30 saveConfig: auto-save-60s
09:09:30 Saving config file
09:10:30 saveConfig: auto-save-60s
09:10:30 Saving config file
09:11:30 saveConfig: auto-save-60s
09:11:30 Saving config file
09:12:30 saveConfig: auto-save-60s
09:12:30 Saving config file
09:13:30 saveConfig: auto-save-60s
09:13:30 Saving config file
09:14:30 saveConfig: auto-save-60s
09:14:30 Saving config file
09:15:30 saveConfig: auto-save-60s
09:15:30 Saving config file
09:16:30 saveConfig: auto-save-60s
09:16:30 Saving config file
09:17:30 saveConfig: auto-save-60s
09:17:30 Saving config file
09:18:30 saveConfig: auto-save-60s
09:18:30 Saving config file
09:19:30 saveConfig: auto-save-60s
09:19:30 Saving config file
09:20:30 saveConfig: auto-save-60s
09:20:30 Saving config file
09:21:30 saveConfig: auto-save-60s
09:21:30 Saving config file
09:22:30 saveConfig: auto-save-60s
09:22:30 Saving config file
09:23:30 saveConfig: auto-save-60s
09:23:30 Saving config file
09:24:30 saveConfig: auto-save-60s
09:24:30 Saving config file
09:25:30 saveConfig: auto-save-60s
09:25:30 Saving config file
09:26:30 saveConfig: auto-save-60s
09:26:30 Saving config file
09:27:30 saveConfig: auto-save-60s
09:27:30 Saving config file
09:28:30 saveConfig: auto-save-60s
09:28:30 Saving config file
09:29:30 saveConfig: auto-save-60s
09:29:30 Saving config file
09:30:30 saveConfig: auto-save-60s
09:30:30 Saving config file
09:31:30 saveConfig: auto-save-60s
09:31:30 Saving config file
09:32:30 saveConfig: auto-save-60s
09:32:30 Saving config file
09:33:30 saveConfig: auto-save-60s
09:33:30 Saving config file
09:34:30 saveConfig: auto-save-60s
09:34:30 Saving config file
09:35:30 saveConfig: auto-save-60s
09:35:30 Saving config file
09:36:30 saveConfig: auto-save-60s
09:36:30 Saving config file
09:37:30 saveConfig: auto-save-60s
09:37:30 Saving config file
09:38:30 saveConfig: auto-save-60s
09:38:30 Saving config file
09:39:30 saveConfig: auto-save-60s
09:39:30 Saving config file
09:40:30 saveConfig: auto-save-60s
09:40:30 Saving config file
09:41:30 saveConfig: auto-save-60s
09:41:30 Saving config file
09:42:30 saveConfig: auto-save-60s
09:42:30 Saving config file
09:43:30 saveConfig: auto-save-60s
09:43:30 Saving config file
09:44:30 saveConfig: auto-save-60s
09:44:30 Saving config file
09:45:30 saveConfig: auto-save-60s
09:45:30 Saving config file
09:45:35 saveConfig: shutdown-hook
09:45:35 Saving config file
