08:45:48 Trying to load config from config/skyhanni/config.json
08:45:48 load-config-now
08:45:49 Loaded config from file
08:45:49 Trying to load sacks from config/skyhanni/sacks.json
08:45:49 load-sacks-now
08:45:49 Loaded sacks from file
08:45:49 Trying to load friends from config/skyhanni/friends.json
08:45:49 load-friends-now
08:45:49 Loaded friends from file
08:45:49 Trying to load known_features from config/skyhanni/known_features.json
08:45:49 load-known_features-now
08:45:49 Loaded known_features from file
08:45:49 Trying to load jacob_contests from config/skyhanni/jacob_contests.json
08:45:49 load-jacob_contests-now
08:45:49 Loaded jacob_contests from file
08:45:49 Trying to load visual_words from config/skyhanni/visual_words.json
08:45:49 Setting visual_words to be blank as it did not exist. It will be saved once something is written to it
08:46:04 saveConfig: Updated known feature flags
08:46:04 Saving known_features file
08:46:49 saveConfig: auto-save-60s
08:46:49 Saving config file
08:47:49 saveConfig: auto-save-60s
08:47:49 Saving config file
08:48:49 saveConfig: auto-save-60s
08:48:49 Saving config file
08:48:57 saveConfig: shutdown-hook
08:48:57 Saving config file
