03:52:04 [EMPTY] §f §r§r§r§f §r§r§r§1 §r§r§r§0 §r§r§r§2 §r§r§r§f §r§r§r§f §r§r§r§2 §r§r§r§0 §r§r§r§4 §r§r§r§3 §r§r§r§9 §r§r§r§2 §r§r§r§0 §r§r§r§0 §r§r§r§3 §r§r§r§9 §r§r§r§2 §r§r§r§0 §r§r§r§0 §r§r§r§3 §r§r§r§9 §r§r§r§2 §r§r§r§0 §r§r§r§0 
03:52:04 [allowed] §b[MVP§3+§b] Euphaa§f §6slid into the lobby!
03:52:04 [EMPTY] 
03:52:04 [allowed] §f§lHAPPY HOLIDAYS §e§lFROM HYPIXEL§r
§r§aYou may claim today's §bAdvent Calendar §areward!
§eClick here to claim!§r

03:52:05 [allowed] §b[MVP§9+§b] Ykat12§f §6slid into the lobby!
03:52:06 [allowed] §b[MVP§c+§b] MrFireSlime08§f §6slid into the lobby!
03:52:06 [allowed]   §r§f§l➤ §r§6You have reached your Hype limit! Add Hype to Prototype Lobby minigames by right-clicking with the Hype Diamond!
03:52:13 [allowed] §b[MVP§4+§b] aNc1e§f §6slid into the lobby!
03:52:17 [allowed] §b[MVP§c+§b] Phoenix15113§f §6slid into the lobby!
03:52:28 [allowed] §b[MVP§2+§b] Tripp1e§f §6slid into the lobby!
03:52:29 [allowed] §b[MVP§2+§b] LoveForever_Doge§f §6slid into the lobby!
03:52:35 [allowed] §b[MVP§4+§b] kokiy§f §6slid into the lobby!
03:52:37 [allowed] §b[MVP§c+§b] xKaabo§f §6slid into the lobby!
03:52:38 [allowed] §b[MVP§0+§b] iUwUChee§f §6slid into the lobby!
03:52:39 [allowed] §b[MVP§4+§b] GoldorTank§f §6slid into the lobby!
03:52:44 [allowed] §b[MVP§f+§b] Stervone§f §6slid into the lobby!
03:52:47 [allowed] §b[MVP§f+§b] Capybarna§f §6slid into the lobby!
03:52:47 [allowed] §b[MVP§c+§b] Blacken_69§f §6slid into the lobby!
03:52:49 [allowed] §b[MVP§6+§b] Onlinetuberdude§f §6slid into the lobby!
03:52:50 [allowed]  §b>§c>§a>§r §r§6[MVP§6++§6] Nitrodaks§f §6slid into the lobby!§r §a<§c<§b<
03:52:55 [allowed] §b[MVP§9+§b] Rexicity§f §6slid into the lobby!
03:52:57 [allowed] §b[MVP§2+§b] Paulsbest§f §6slid into the lobby!
03:53:04 [allowed] §b[MVP§c+§b] Bo_Rashed§f §6slid into the lobby!
03:53:05 [allowed] §b[MVP§2+§b] Insane_Fishslap§f §6slid into the lobby!
03:53:06 [allowed] §b[MVP§f+§b] raidenlefish§f §6slid into the lobby!
03:53:07 [allowed] §b[MVP§d+§b] allen_2008§f §6slid into the lobby!
03:53:12 [allowed] §b[MVP§d+§b] Brod1220§f §6slid into the lobby!
03:53:12 [allowed] §b[MVP§2+§b] Ksyoz§f §6slid into the lobby!
03:53:13 [allowed] §b[MVP§d+§b] DancingNuggets§f §6slid into the lobby!
03:53:13 [allowed] §b[MVP§c+§b] XxslenderXxdu87§f §6slid into the lobby!
03:53:15 [allowed] §b[MVP§0+§b] zZzRexy§f §6slid into the lobby!
03:53:26 [allowed] §b[MVP§2+§b] BigFemale§f §6slid into the lobby!
03:53:27 [allowed] §b[MVP§d+§b] SavGodz§f §6slid into the lobby!
03:53:32 [allowed] §b[MVP§d+§b] Cookie_biscotte§f §6slid into the lobby!
03:53:36 [allowed] §b[MVP§8+§b] RTX20000§f §6slid into the lobby!
03:53:37 [allowed] §b[MVP§d+§b] Overcooked_Soup§f §6slid into the lobby!
03:53:39 [allowed] §b[MVP§d+§b] Dex1ty§f §6slid into the lobby!
03:53:45 [allowed] §b[MVP§6+§b] MerrySpaghetti§f §6slid into the lobby!
03:53:49 [allowed] §b[MVP§d+§b] Cyanedd§f §6slid into the lobby!
03:53:52 [allowed] §7Sending to server mini37AD...
03:53:53 [EMPTY] §8 §r§8 §r§1 §r§3 §r§3 §r§7 §r§8 
03:53:53 [allowed] §eYou haven't claimed your §r§6Holidays Rewards §r§eyet!
03:53:53 [allowed] §eTalk to the §r§cGingerbread §r§fMan §r§ein the §r§aHub§r§e!
03:53:55 [EMPTY] 
03:53:55 [allowed] §eWelcome to §r§aHypixel SkyBlock§r§e!
03:53:55 [allowed] §6§lBONUS! §r§bTemporarily earn §r§a5% §r§bmore skill experience!
03:53:55 [EMPTY] 
03:53:55 [allowed] §eLatest update: §bSkyBlock v0.21 §e§lCLICK
03:53:56 [allowed] §aYou are playing on profile: §eBanana§b (Co-op)
03:53:56 [allowed] §8Profile ID: 56e969f8-003b-4df1-bbed-3112b2f3dc94
03:53:57 [EMPTY]  
03:53:57 [STASH_COMPACT] §f                §7You have §37,898 §7materials stashed away!
03:53:57 [STASH_COMPACT] §f              §8(This totals 3 types of materials stashed!)
03:53:57 [STASH_COMPACT] §f                §3§l>>> §3§lCLICK HERE§b to pick them up! §3§l<<<
03:53:57 [EMPTY]   
03:53:57 [EMPTY]  
03:53:57 [STASH_COMPACT] §f                §7You have §37,898 §7materials stashed away!
03:53:57 [STASH_COMPACT] §f              §8(This totals 3 types of materials stashed!)
03:53:57 [STASH_COMPACT] §f                §3§l>>> §3§lCLICK HERE§b to pick them up! §3§l<<<
03:53:57 [EMPTY]   
03:54:29 [allowed] §cThere are blocks in the way!
03:54:31 [allowed] §cThere are blocks in the way!
03:54:31 [allowed] §7Your Implosion hit §r§c25 §r§7enemies for §r§c10,129,728.1 §r§7damage.
03:54:44 [allowed] §cThere are blocks in the way!
03:54:58 [EMPTY]  
03:54:58 [STASH_COMPACT] §f                §7You have §37,898 §7materials stashed away!
03:54:58 [STASH_COMPACT] §f              §8(This totals 3 types of materials stashed!)
03:54:58 [STASH_COMPACT] §f                §3§l>>> §3§lCLICK HERE§b to pick them up! §3§l<<<
03:54:58 [EMPTY]   
03:55:01 [SKYMALL] §bNew day! §r§eYour §r§2Sky Mall §r§ebuff changed!
03:55:01 [SKYMALL] §eNew buff§r§r§r: §r§fGain §r§a+15% §r§fmore Powder while mining.
03:55:01 [SKYMALL] §8§oYou can disable this messaging by toggling Sky Mall in your /hotm!
03:55:03 [allowed] §cThere are blocks in the way!
