03:52:04 [EMPTY] §f §r§r§r§f §r§r§r§1 §r§r§r§0 §r§r§r§2 §r§r§r§f §r§r§r§f §r§r§r§2 §r§r§r§0 §r§r§r§4 §r§r§r§3 §r§r§r§9 §r§r§r§2 §r§r§r§0 §r§r§r§0 §r§r§r§3 §r§r§r§9 §r§r§r§2 §r§r§r§0 §r§r§r§0 §r§r§r§3 §r§r§r§9 §r§r§r§2 §r§r§r§0 §r§r§r§0 
03:52:04 [EMPTY] 
03:53:53 [EMPTY] §8 §r§8 §r§1 §r§3 §r§3 §r§7 §r§8 
03:53:55 [EMPTY] 
03:53:55 [EMPTY] 
03:53:57 [EMPTY]  
03:53:57 [STASH_COMPACT] §f                §7You have §37,898 §7materials stashed away!
03:53:57 [STASH_COMPACT] §f              §8(This totals 3 types of materials stashed!)
03:53:57 [STASH_COMPACT] §f                §3§l>>> §3§lCLICK HERE§b to pick them up! §3§l<<<
03:53:57 [EMPTY]   
03:53:57 [EMPTY]  
03:53:57 [STASH_COMPACT] §f                §7You have §37,898 §7materials stashed away!
03:53:57 [STASH_COMPACT] §f              §8(This totals 3 types of materials stashed!)
03:53:57 [STASH_COMPACT] §f                §3§l>>> §3§lCLICK HERE§b to pick them up! §3§l<<<
03:53:57 [EMPTY]   
03:54:58 [EMPTY]  
03:54:58 [STASH_COMPACT] §f                §7You have §37,898 §7materials stashed away!
03:54:58 [STASH_COMPACT] §f              §8(This totals 3 types of materials stashed!)
03:54:58 [STASH_COMPACT] §f                §3§l>>> §3§lCLICK HERE§b to pick them up! §3§l<<<
03:54:58 [EMPTY]   
03:55:01 [SKYMALL] §bNew day! §r§eYour §r§2Sky Mall §r§ebuff changed!
03:55:01 [SKYMALL] §eNew buff§r§r§r: §r§fGain §r§a+15% §r§fmore Powder while mining.
03:55:01 [SKYMALL] §8§oYou can disable this messaging by toggling Sky Mall in your /hotm!
