17:25:34 §e[SkyHanni] §aSkyHanni found a new update: 0.28.Beta.18. Check §b/sh download update §afor more info.§r
17:25:46 §e[SkyHanni] §bYou have §3524k §bmaterials in stash, §btotalling §320 types§b. §bClick to §3pickup §byour stash!§r
17:35:24 §e[SkyHanni] §b+7 SkyBlock XP §7(Collections§7)§b (70/100)§r
17:37:50 §e[SkyHanni] §b+4 SkyBlock XP §7(Collections§7)§b (74/100)§r
17:58:47 §e[SkyHanni] Gained §d910 motes §ethis Rift session! (§d1.7k/h§e)§r
18:10:40 §e[SkyHanni] Gained §d650 motes §ethis Rift session! (§d3.3k/h§e)§r
18:12:52 §e[SkyHanni] §b+3 SkyBlock XP §7(Pet Score§7)§b (87/100)§r
18:17:52 §e[SkyHanni] Gained §d130 motes §ethis Rift session! (§d4.5k/h§e)§r
18:19:17 §c[SkyHanni-0.28.Beta.17]: Error communicating with API§c. Click here to copy the error into the clipboard.§r
18:23:37 §a§lPotion Effect! §r§9Speed I§r
18:25:25 §e[SkyHanni] Gained §d130 motes §ethis Rift session! (§d4.8k/h§e)§r
18:25:42 §a§lPotion Effect! §r§9Speed I§r
18:27:34 §a§lPotion Effect! §r§9Speed I§r
18:28:23 §e[SkyHanni] Gained §d65 motes §ethis Rift session! (§d7.8k/h§e)§r
18:30:21 §c[SkyHanni-0.28.Beta.17]: Error communicating with API§c. Click here to copy the error into the clipboard.§r
18:30:30 §a§lPotion Effect! §r§9Speed I§r
19:07:38 §e[SkyHanni] Gained §d78,605 motes §ethis Rift session! (§d274k/h§e)§r
19:10:19 §e[SkyHanni] Click here to load 43 more collected egg locations from NEU PV!§r
19:10:19 §e[SkyHanni] Click here to load Trophy Fishing data from NEU PV!§r
19:20:28 §a§lPotion Effect! §r§9Speed I §aby §bUnderworked§r
19:20:28 §a§lPotion Effect! §r§9Speed I §aby §bUnderworked§r
20:15:06 §e[SkyHanni] Gained §d7,365 motes §ethis Rift session! (§d11k/h§e)§r
20:52:10 §e[SkyHanni] Gained §d23,654 motes §ethis Rift session! (§d38k/h§e)§r
20:56:39 §5[SkyHanni] §5Tracking the Castle Flower Pot Enigma Soul!§r
20:56:39 §5[SkyHanni] §5No longer tracking the Castle Flower Pot Enigma Soul!§r
20:56:39 §5[SkyHanni] §5Tracking the Castle Flower Pot Enigma Soul!§r
20:58:27 §5[SkyHanni] §5No longer tracking the Castle Flower Pot Enigma Soul!§r
20:58:28 §5[SkyHanni] §5Tracking the Castle Flower Pot Enigma Soul!§r
21:00:56 §5[SkyHanni] §5Found the Castle Flower Pot Enigma Soul!§r
21:01:55 §e[SkyHanni] Gained §d425 motes §ethis Rift session! (§d2.8k/h§e)§r
21:05:44 §e[SkyHanni] §b+5 SkyBlock XP §7(Museum Donations§7)§b (28/100)§r
22:26:10 §e[SkyHanni] Removed 1 wrong/bugged minion locations from your island.§r
23:42:47 §e[SkyHanni] §aTom §eis visiting your garden!§r
23:42:47 §e[SkyHanni] §9Gold Forger §eis visiting your garden!§r
23:42:47 §e[SkyHanni] §9Puzzler §eis visiting your garden!§r
23:42:47 §e[SkyHanni] §aBanker Broadjaw §eis visiting your garden!§r
23:42:47 §e[SkyHanni] §aEmissary Fraiser §eis visiting your garden!§r
23:47:35 §e[SkyHanni] §bYou have §3526k §bmaterials in stash, §btotalling §321 types§b. §bClick to §3pickup §byour stash!§r
23:49:24 §e[SkyHanni] Loaded Wheat milestone data from level up chat message!§r
23:49:25  
§b§lGARDEN LEVEL UP §818 ➜ §b19
 §8+§aRespect from Elite Farmers and SkyHanni members :)
 §r
23:56:36 §e[SkyHanni] §bYou have §3526k §bmaterials in stash, §btotalling §321 types§b. §bClick to §3pickup §byour stash!§r
00:09:10 §e[SkyHanni] §lCLICK HERE§r§e to grab §ax64 §9§9Enchanted Hay Bale§e from sacks!§r
00:09:22 §e[SkyHanni] Saved Jacob NPC location. Real Jacob visitors are now getting detected correctly.§r
00:10:15 §e[SkyHanni] §eYou have §61 §eitem in stash. §eClick to §6pickup §eyour stash!§r
00:10:15 §e[SkyHanni] §bYou have §3526k §bmaterials in stash, §btotalling §321 types§b. §bClick to §3pickup §byour stash!§r
00:10:15 §e[SkyHanni] §eYou have §61 §eitem in stash. §eClick to §6pickup §eyour stash!§r
00:10:15 §e[SkyHanni] §bYou have §3526k §bmaterials in stash, §btotalling §321 types§b. §bClick to §3pickup §byour stash!§r
00:10:29 §e[SkyHanni] §eYou have §61 §eitem in stash. §eClick to §6pickup §eyour stash!§r
00:10:29 §e[SkyHanni] §bYou have §3526k §bmaterials in stash, §btotalling §321 types§b. §bClick to §3pickup §byour stash!§r
00:10:30 §e[SkyHanni] §eYou have §61 §eitem in stash. §eClick to §6pickup §eyour stash!§r
00:10:30 §e[SkyHanni] §bYou have §3526k §bmaterials in stash, §btotalling §321 types§b. §bClick to §3pickup §byour stash!§r
00:11:30 §e[SkyHanni] §eYou have §61 §eitem in stash. §eClick to §6pickup §eyour stash!§r
00:11:30 §e[SkyHanni] §bYou have §3526k §bmaterials in stash, §btotalling §321 types§b. §bClick to §3pickup §byour stash!§r
00:12:30 §e[SkyHanni] §eYou have §61 §eitem in stash. §eClick to §6pickup §eyour stash!§r
00:12:30 §e[SkyHanni] §bYou have §3526k §bmaterials in stash, §btotalling §321 types§b. §bClick to §3pickup §byour stash!§r
00:13:30 §e[SkyHanni] §eYou have §61 §eitem in stash. §eClick to §6pickup §eyour stash!§r
00:13:30 §e[SkyHanni] §bYou have §3526k §bmaterials in stash, §btotalling §321 types§b. §bClick to §3pickup §byour stash!§r
00:14:30 §e[SkyHanni] §eYou have §61 §eitem in stash. §eClick to §6pickup §eyour stash!§r
00:14:30 §e[SkyHanni] §bYou have §3526k §bmaterials in stash, §btotalling §321 types§b. §bClick to §3pickup §byour stash!§r
00:15:30 §e[SkyHanni] §eYou have §61 §eitem in stash. §eClick to §6pickup §eyour stash!§r
00:15:30 §e[SkyHanni] §bYou have §3526k §bmaterials in stash, §btotalling §321 types§b. §bClick to §3pickup §byour stash!§r
00:16:30 §e[SkyHanni] §eYou have §61 §eitem in stash. §eClick to §6pickup §eyour stash!§r
00:16:30 §e[SkyHanni] §bYou have §3526k §bmaterials in stash, §btotalling §321 types§b. §bClick to §3pickup §byour stash!§r
00:17:30 §e[SkyHanni] §eYou have §61 §eitem in stash. §eClick to §6pickup §eyour stash!§r
00:17:30 §e[SkyHanni] §bYou have §3526k §bmaterials in stash, §btotalling §321 types§b. §bClick to §3pickup §byour stash!§r
00:18:30 §e[SkyHanni] §eYou have §61 §eitem in stash. §eClick to §6pickup §eyour stash!§r
00:18:30 §e[SkyHanni] §bYou have §3526k §bmaterials in stash, §btotalling §321 types§b. §bClick to §3pickup §byour stash!§r
00:19:30 §e[SkyHanni] §eYou have §61 §eitem in stash. §eClick to §6pickup §eyour stash!§r
00:19:30 §e[SkyHanni] §bYou have §3526k §bmaterials in stash, §btotalling §321 types§b. §bClick to §3pickup §byour stash!§r
00:20:31 §e[SkyHanni] §eYou have §61 §eitem in stash. §eClick to §6pickup §eyour stash!§r
00:20:31 §e[SkyHanni] §bYou have §3526k §bmaterials in stash, §btotalling §321 types§b. §bClick to §3pickup §byour stash!§r
00:21:31 §e[SkyHanni] §eYou have §61 §eitem in stash. §eClick to §6pickup §eyour stash!§r
00:21:31 §e[SkyHanni] §bYou have §3526k §bmaterials in stash, §btotalling §321 types§b. §bClick to §3pickup §byour stash!§r
00:22:31 §e[SkyHanni] §eYou have §61 §eitem in stash. §eClick to §6pickup §eyour stash!§r
00:22:31 §e[SkyHanni] §bYou have §3526k §bmaterials in stash, §btotalling §321 types§b. §bClick to §3pickup §byour stash!§r
00:23:31 §e[SkyHanni] §eYou have §61 §eitem in stash. §eClick to §6pickup §eyour stash!§r
00:23:31 §e[SkyHanni] §bYou have §3526k §bmaterials in stash, §btotalling §321 types§b. §bClick to §3pickup §byour stash!§r
00:24:31 §e[SkyHanni] §eYou have §61 §eitem in stash. §eClick to §6pickup §eyour stash!§r
00:24:31 §e[SkyHanni] §bYou have §3526k §bmaterials in stash, §btotalling §321 types§b. §bClick to §3pickup §byour stash!§r
00:25:31 §e[SkyHanni] §eYou have §61 §eitem in stash. §eClick to §6pickup §eyour stash!§r
00:25:31 §e[SkyHanni] §bYou have §3526k §bmaterials in stash, §btotalling §321 types§b. §bClick to §3pickup §byour stash!§r
00:26:31 §e[SkyHanni] §eYou have §61 §eitem in stash. §eClick to §6pickup §eyour stash!§r
00:26:31 §e[SkyHanni] §bYou have §3526k §bmaterials in stash, §btotalling §321 types§b. §bClick to §3pickup §byour stash!§r
00:27:31 §e[SkyHanni] §eYou have §61 §eitem in stash. §eClick to §6pickup §eyour stash!§r
00:27:31 §e[SkyHanni] §bYou have §3526k §bmaterials in stash, §btotalling §321 types§b. §bClick to §3pickup §byour stash!§r
00:28:31 §e[SkyHanni] §eYou have §61 §eitem in stash. §eClick to §6pickup §eyour stash!§r
00:28:31 §e[SkyHanni] §bYou have §3526k §bmaterials in stash, §btotalling §321 types§b. §bClick to §3pickup §byour stash!§r
00:29:31 §e[SkyHanni] §eYou have §61 §eitem in stash. §eClick to §6pickup §eyour stash!§r
00:29:31 §e[SkyHanni] §bYou have §3526k §bmaterials in stash, §btotalling §321 types§b. §bClick to §3pickup §byour stash!§r
00:30:31 §e[SkyHanni] §eYou have §61 §eitem in stash. §eClick to §6pickup §eyour stash!§r
00:30:31 §e[SkyHanni] §bYou have §3526k §bmaterials in stash, §btotalling §321 types§b. §bClick to §3pickup §byour stash!§r
00:31:31 §e[SkyHanni] §eYou have §61 §eitem in stash. §eClick to §6pickup §eyour stash!§r
00:31:31 §e[SkyHanni] §bYou have §3526k §bmaterials in stash, §btotalling §321 types§b. §bClick to §3pickup §byour stash!§r
00:32:31 §e[SkyHanni] §eYou have §61 §eitem in stash. §eClick to §6pickup §eyour stash!§r
00:32:31 §e[SkyHanni] §bYou have §3526k §bmaterials in stash, §btotalling §321 types§b. §bClick to §3pickup §byour stash!§r
00:33:31 §e[SkyHanni] §eYou have §61 §eitem in stash. §eClick to §6pickup §eyour stash!§r
00:33:31 §e[SkyHanni] §bYou have §3526k §bmaterials in stash, §btotalling §321 types§b. §bClick to §3pickup §byour stash!§r
00:34:31 §e[SkyHanni] §eYou have §61 §eitem in stash. §eClick to §6pickup §eyour stash!§r
00:34:31 §e[SkyHanni] §bYou have §3526k §bmaterials in stash, §btotalling §321 types§b. §bClick to §3pickup §byour stash!§r
00:35:31 §e[SkyHanni] §eYou have §61 §eitem in stash. §eClick to §6pickup §eyour stash!§r
00:35:31 §e[SkyHanni] §bYou have §3526k §bmaterials in stash, §btotalling §321 types§b. §bClick to §3pickup §byour stash!§r
00:36:31 §e[SkyHanni] §eYou have §61 §eitem in stash. §eClick to §6pickup §eyour stash!§r
00:36:31 §e[SkyHanni] §bYou have §3526k §bmaterials in stash, §btotalling §321 types§b. §bClick to §3pickup §byour stash!§r
00:37:32 §e[SkyHanni] §eYou have §61 §eitem in stash. §eClick to §6pickup §eyour stash!§r
00:37:32 §e[SkyHanni] §bYou have §3526k §bmaterials in stash, §btotalling §321 types§b. §bClick to §3pickup §byour stash!§r
00:38:32 §e[SkyHanni] §eYou have §61 §eitem in stash. §eClick to §6pickup §eyour stash!§r
00:38:32 §e[SkyHanni] §bYou have §3526k §bmaterials in stash, §btotalling §321 types§b. §bClick to §3pickup §byour stash!§r
00:39:32 §e[SkyHanni] §eYou have §61 §eitem in stash. §eClick to §6pickup §eyour stash!§r
00:39:32 §e[SkyHanni] §bYou have §3526k §bmaterials in stash, §btotalling §321 types§b. §bClick to §3pickup §byour stash!§r
00:40:32 §e[SkyHanni] §eYou have §61 §eitem in stash. §eClick to §6pickup §eyour stash!§r
00:40:32 §e[SkyHanni] §bYou have §3526k §bmaterials in stash, §btotalling §321 types§b. §bClick to §3pickup §byour stash!§r
00:41:32 §e[SkyHanni] §eYou have §61 §eitem in stash. §eClick to §6pickup §eyour stash!§r
00:41:32 §e[SkyHanni] §bYou have §3526k §bmaterials in stash, §btotalling §321 types§b. §bClick to §3pickup §byour stash!§r
00:42:32 §e[SkyHanni] §eYou have §61 §eitem in stash. §eClick to §6pickup §eyour stash!§r
00:42:32 §e[SkyHanni] §bYou have §3526k §bmaterials in stash, §btotalling §321 types§b. §bClick to §3pickup §byour stash!§r
00:43:32 §e[SkyHanni] §eYou have §61 §eitem in stash. §eClick to §6pickup §eyour stash!§r
00:43:32 §e[SkyHanni] §bYou have §3526k §bmaterials in stash, §btotalling §321 types§b. §bClick to §3pickup §byour stash!§r
00:44:32 §e[SkyHanni] §eYou have §61 §eitem in stash. §eClick to §6pickup §eyour stash!§r
00:44:32 §e[SkyHanni] §bYou have §3526k §bmaterials in stash, §btotalling §321 types§b. §bClick to §3pickup §byour stash!§r
00:45:32 §e[SkyHanni] §eYou have §61 §eitem in stash. §eClick to §6pickup §eyour stash!§r
00:45:32 §e[SkyHanni] §bYou have §3526k §bmaterials in stash, §btotalling §321 types§b. §bClick to §3pickup §byour stash!§r
00:46:32 §e[SkyHanni] §eYou have §61 §eitem in stash. §eClick to §6pickup §eyour stash!§r
00:46:32 §e[SkyHanni] §bYou have §3526k §bmaterials in stash, §btotalling §321 types§b. §bClick to §3pickup §byour stash!§r
00:47:32 §e[SkyHanni] §eYou have §61 §eitem in stash. §eClick to §6pickup §eyour stash!§r
00:47:32 §e[SkyHanni] §bYou have §3526k §bmaterials in stash, §btotalling §321 types§b. §bClick to §3pickup §byour stash!§r
00:48:32 §e[SkyHanni] §eYou have §61 §eitem in stash. §eClick to §6pickup §eyour stash!§r
00:48:32 §e[SkyHanni] §bYou have §3526k §bmaterials in stash, §btotalling §321 types§b. §bClick to §3pickup §byour stash!§r
00:49:32 §e[SkyHanni] §eYou have §61 §eitem in stash. §eClick to §6pickup §eyour stash!§r
00:49:32 §e[SkyHanni] §bYou have §3526k §bmaterials in stash, §btotalling §321 types§b. §bClick to §3pickup §byour stash!§r
00:50:32 §e[SkyHanni] §eYou have §61 §eitem in stash. §eClick to §6pickup §eyour stash!§r
00:50:32 §e[SkyHanni] §bYou have §3526k §bmaterials in stash, §btotalling §321 types§b. §bClick to §3pickup §byour stash!§r
00:51:32 §e[SkyHanni] §eYou have §61 §eitem in stash. §eClick to §6pickup §eyour stash!§r
00:51:32 §e[SkyHanni] §bYou have §3526k §bmaterials in stash, §btotalling §321 types§b. §bClick to §3pickup §byour stash!§r
00:52:32 §e[SkyHanni] §eYou have §61 §eitem in stash. §eClick to §6pickup §eyour stash!§r
00:52:32 §e[SkyHanni] §bYou have §3526k §bmaterials in stash, §btotalling §321 types§b. §bClick to §3pickup §byour stash!§r
00:53:32 §e[SkyHanni] §eYou have §61 §eitem in stash. §eClick to §6pickup §eyour stash!§r
00:53:32 §e[SkyHanni] §bYou have §3526k §bmaterials in stash, §btotalling §321 types§b. §bClick to §3pickup §byour stash!§r
00:54:32 §e[SkyHanni] §eYou have §61 §eitem in stash. §eClick to §6pickup §eyour stash!§r
00:54:32 §e[SkyHanni] §bYou have §3526k §bmaterials in stash, §btotalling §321 types§b. §bClick to §3pickup §byour stash!§r
00:55:32 §e[SkyHanni] §eYou have §61 §eitem in stash. §eClick to §6pickup §eyour stash!§r
00:55:32 §e[SkyHanni] §bYou have §3526k §bmaterials in stash, §btotalling §321 types§b. §bClick to §3pickup §byour stash!§r
00:56:32 §e[SkyHanni] §eYou have §61 §eitem in stash. §eClick to §6pickup §eyour stash!§r
00:56:32 §e[SkyHanni] §bYou have §3526k §bmaterials in stash, §btotalling §321 types§b. §bClick to §3pickup §byour stash!§r
00:57:32 §e[SkyHanni] §eYou have §61 §eitem in stash. §eClick to §6pickup §eyour stash!§r
00:57:32 §e[SkyHanni] §bYou have §3526k §bmaterials in stash, §btotalling §321 types§b. §bClick to §3pickup §byour stash!§r
00:58:32 §e[SkyHanni] §eYou have §61 §eitem in stash. §eClick to §6pickup §eyour stash!§r
00:58:32 §e[SkyHanni] §bYou have §3526k §bmaterials in stash, §btotalling §321 types§b. §bClick to §3pickup §byour stash!§r
00:59:32 §e[SkyHanni] §eYou have §61 §eitem in stash. §eClick to §6pickup §eyour stash!§r
00:59:32 §e[SkyHanni] §bYou have §3526k §bmaterials in stash, §btotalling §321 types§b. §bClick to §3pickup §byour stash!§r
01:00:32 §e[SkyHanni] §eYou have §61 §eitem in stash. §eClick to §6pickup §eyour stash!§r
01:00:32 §e[SkyHanni] §bYou have §3526k §bmaterials in stash, §btotalling §321 types§b. §bClick to §3pickup §byour stash!§r
01:01:32 §e[SkyHanni] §eYou have §61 §eitem in stash. §eClick to §6pickup §eyour stash!§r
01:01:32 §e[SkyHanni] §bYou have §3526k §bmaterials in stash, §btotalling §321 types§b. §bClick to §3pickup §byour stash!§r
01:02:32 §e[SkyHanni] §eYou have §61 §eitem in stash. §eClick to §6pickup §eyour stash!§r
01:02:32 §e[SkyHanni] §bYou have §3526k §bmaterials in stash, §btotalling §321 types§b. §bClick to §3pickup §byour stash!§r
01:03:33 §e[SkyHanni] §eYou have §61 §eitem in stash. §eClick to §6pickup §eyour stash!§r
01:03:33 §e[SkyHanni] §bYou have §3526k §bmaterials in stash, §btotalling §321 types§b. §bClick to §3pickup §byour stash!§r
01:04:33 §e[SkyHanni] §eYou have §61 §eitem in stash. §eClick to §6pickup §eyour stash!§r
01:04:33 §e[SkyHanni] §bYou have §3526k §bmaterials in stash, §btotalling §321 types§b. §bClick to §3pickup §byour stash!§r
01:05:33 §e[SkyHanni] §eYou have §61 §eitem in stash. §eClick to §6pickup §eyour stash!§r
01:05:33 §e[SkyHanni] §bYou have §3526k §bmaterials in stash, §btotalling §321 types§b. §bClick to §3pickup §byour stash!§r
01:06:33 §e[SkyHanni] §eYou have §61 §eitem in stash. §eClick to §6pickup §eyour stash!§r
01:06:33 §e[SkyHanni] §bYou have §3526k §bmaterials in stash, §btotalling §321 types§b. §bClick to §3pickup §byour stash!§r
01:07:33 §e[SkyHanni] §eYou have §61 §eitem in stash. §eClick to §6pickup §eyour stash!§r
01:07:33 §e[SkyHanni] §bYou have §3526k §bmaterials in stash, §btotalling §321 types§b. §bClick to §3pickup §byour stash!§r
01:08:33 §e[SkyHanni] §eYou have §61 §eitem in stash. §eClick to §6pickup §eyour stash!§r
01:08:33 §e[SkyHanni] §bYou have §3526k §bmaterials in stash, §btotalling §321 types§b. §bClick to §3pickup §byour stash!§r
01:09:33 §e[SkyHanni] §eYou have §61 §eitem in stash. §eClick to §6pickup §eyour stash!§r
01:09:33 §e[SkyHanni] §bYou have §3526k §bmaterials in stash, §btotalling §321 types§b. §bClick to §3pickup §byour stash!§r
01:10:33 §e[SkyHanni] §eYou have §61 §eitem in stash. §eClick to §6pickup §eyour stash!§r
01:10:33 §e[SkyHanni] §bYou have §3526k §bmaterials in stash, §btotalling §321 types§b. §bClick to §3pickup §byour stash!§r
01:11:02 §e[SkyHanni] §aGuy §eis visiting your garden!§r
01:11:33 §e[SkyHanni] §eYou have §61 §eitem in stash. §eClick to §6pickup §eyour stash!§r
01:11:33 §e[SkyHanni] §bYou have §3526k §bmaterials in stash, §btotalling §321 types§b. §bClick to §3pickup §byour stash!§r
01:12:12 §e[SkyHanni] §lCLICK HERE§r§e to grab §ax298 §9§9Enchanted Brown Mushroom Block§e from sacks!§r
01:12:33 §e[SkyHanni] §eYou have §61 §eitem in stash. §eClick to §6pickup §eyour stash!§r
01:12:33 §e[SkyHanni] §bYou have §3526k §bmaterials in stash, §btotalling §321 types§b. §bClick to §3pickup §byour stash!§r
01:13:33 §e[SkyHanni] §eYou have §61 §eitem in stash. §eClick to §6pickup §eyour stash!§r
01:13:33 §e[SkyHanni] §bYou have §3526k §bmaterials in stash, §btotalling §321 types§b. §bClick to §3pickup §byour stash!§r
01:14:33 §e[SkyHanni] §bYou have §3488k §bmaterials in stash, §btotalling §33 types§b. §bClick to §3pickup §byour stash!§r
01:21:00 §e[SkyHanni] Started tracking your Jacob Contest Blocks Per Second!§r
01:21:55 §e[SkyHanni] §aLeo §eis visiting your garden!§r
01:23:34 §e[SkyHanni] Loaded Pumpkin milestone data from tab list!§r
01:29:13 §e[SkyHanni] §aMason §eis visiting your garden!§r
01:35:02 §e[SkyHanni] Stats for Pumpkin Contest:§r
01:35:02 §e[SkyHanni] §7Blocks Broken in total: §e2,921§r
01:35:02 §e[SkyHanni] §7Average Blocks Per Second: §a3.47§r
01:35:02 §e[SkyHanni] §7Participated for §b14m 1s§r
01:38:17 §e[SkyHanni] §9Shifty §eis visiting your garden!§r
01:50:18 §e[SkyHanni] §aDuke §eis visiting your garden!§r
