22:21:21 §e[SkyHanni] §aSkyHanni found a new update: 0.28.Beta.18. Check §b/sh download update §afor more info.§r
22:21:33 §e[SkyHanni] §bYou have §3654 §bmaterials in stash, §btotalling §31 type§b. §bClick to §3pickup §byour stash!§r
22:22:09 §e[SkyHanni] You have gained §b1,036 §eBits.§r
22:30:17 §e[SkyHanni] Click here to load 42 more collected egg locations from NEU PV!§r
22:30:17 §e[SkyHanni] Click here to load Trophy Fishing data from NEU PV!§r
22:34:32 §e[SkyHanni] §b+24 SkyBlock XP §7(Crafted Minion§7)§b (94/100)§r
22:52:23 §e[SkyHanni] You have gained §b518 §eBits.§r
23:22:54 §e[SkyHanni] You have gained §b518 §eBits.§r
23:54:58 §e[SkyHanni] You have gained §b518 §eBits.§r
00:25:20 §e[SkyHanni] You have gained §b518 §eBits.§r
00:51:08 §e[SkyHanni] §b+24 SkyBlock XP §7(Crafted Minion§7)§b (45/100)§r
07:19:45 §e[SkyHanni] You have gained §b518 §eBits.§r
07:49:51 §e[SkyHanni] You have gained §b518 §eBits.§r
08:19:53 §e[SkyHanni] You have gained §b518 §eBits.§r
08:49:56 §e[SkyHanni] You have gained §b518 §eBits.§r
09:20:02 §e[SkyHanni] §bNo Bits Available! §eClick to buy booster cookies on the bazaar.§r
09:20:02 §e[SkyHanni] You have gained §b32 §eBits.§r
10:09:43 §e[SkyHanni] §9Puzzler §eis visiting your garden!§r
10:09:43 §e[SkyHanni] §aLeo §eis visiting your garden!§r
10:09:43 §e[SkyHanni] §aMason §eis visiting your garden!§r
10:09:43 §e[SkyHanni] §9Shifty §eis visiting your garden!§r
10:09:43 §e[SkyHanni] §aDuke §eis visiting your garden!§r
10:42:01 §e[SkyHanni] §9Royal Resident §eis visiting your garden!§r
10:42:50 §e[SkyHanni] §lCLICK HERE§r§e to grab §ax109 §9§9Mutant Nether Wart§e from sacks!§r
10:54:02 §e[SkyHanni] §aStella §eis visiting your garden!§r
11:06:54 §e[SkyHanni] §cYour Time Tower just expired and has 2 charges remaining. Click here to use one.§r
