10:46:54 PRIVATE_ISLAND
10:48:02 NONE
10:48:02 SPIDER_DEN
10:50:45 NONE
10:50:46 HUB
10:51:22 NONE
10:51:22 PRIVATE_ISLAND
10:51:51 NONE
10:51:52 DWARVEN_MINES
11:14:07 NONE
11:14:08 PRIVATE_ISLAND
11:26:17 NONE
11:26:18 HUB
11:31:13 NONE
11:39:36 HUB
11:39:55 NONE
11:39:56 PRIVATE_ISLAND
11:43:59 NONE
11:44:00 HUB
11:44:45 NONE
11:44:46 DWARVEN_MINES
11:45:28 NONE
11:45:28 MINESHAFT
11:46:51 NONE
11:46:52 DWARVEN_MINES
11:47:01 NONE
11:47:02 MINESHAFT
11:48:03 NONE
11:48:04 DWARVEN_MINES
11:52:14 NONE
11:52:15 MINESHAFT
11:53:49 NONE
11:53:49 DWARVEN_MINES
11:54:44 NONE
11:54:44 MINESHAFT
11:55:41 NONE
11:55:42 DWARVEN_MINES
11:56:07 NONE
11:56:07 MINESHAFT
11:57:13 NONE
11:57:14 DWARVEN_MINES
11:58:19 NONE
11:58:19 MINESHAFT
11:59:02 NONE
11:59:03 DWARVEN_MINES
11:59:40 NONE
11:59:41 MINESHAFT
12:00:52 NONE
12:00:53 DWARVEN_MINES
12:03:28 NONE
12:03:29 MINESHAFT
12:04:23 NONE
12:04:24 DWARVEN_MINES
12:04:40 NONE
12:04:41 MINESHAFT
12:05:22 NONE
12:05:22 DWARVEN_MINES
12:08:15 NONE
12:08:15 MINESHAFT
12:10:15 NONE
12:10:16 DWARVEN_MINES
12:10:25 NONE
12:10:25 MINESHAFT
12:11:08 NONE
12:11:08 DWARVEN_MINES
12:11:46 NONE
12:11:47 MINESHAFT
12:12:38 NONE
12:12:38 DWARVEN_MINES
12:14:15 NONE
12:14:15 MINESHAFT
12:14:45 NONE
12:14:46 DWARVEN_MINES
12:16:21 NONE
12:16:21 MINESHAFT
12:17:06 NONE
12:17:07 DWARVEN_MINES
12:18:24 NONE
12:18:25 MINESHAFT
12:19:59 NONE
12:19:59 DWARVEN_MINES
12:29:35 NONE
12:29:35 MINESHAFT
12:30:33 NONE
12:30:34 DWARVEN_MINES
12:32:37 NONE
12:32:38 MINESHAFT
12:34:06 NONE
12:34:06 DWARVEN_MINES
12:34:23 NONE
12:34:24 MINESHAFT
12:35:33 NONE
12:35:34 DWARVEN_MINES
12:35:43 NONE
12:35:43 MINESHAFT
12:36:57 NONE
12:36:57 DWARVEN_MINES
12:37:57 NONE
12:37:57 MINESHAFT
12:39:12 NONE
12:39:13 DWARVEN_MINES
12:40:19 NONE
12:40:19 MINESHAFT
12:41:35 NONE
12:41:35 DWARVEN_MINES
12:42:39 NONE
12:42:39 MINESHAFT
12:43:47 NONE
12:43:48 DWARVEN_MINES
12:46:08 NONE
12:46:09 MINESHAFT
12:48:20 NONE
12:48:20 DWARVEN_MINES
12:50:25 NONE
12:50:26 MINESHAFT
12:51:21 NONE
12:51:22 DWARVEN_MINES
12:52:18 NONE
12:52:18 MINESHAFT
12:53:00 NONE
12:53:01 DWARVEN_MINES
12:58:13 NONE
12:58:13 MINESHAFT
12:59:48 NONE
12:59:49 DWARVEN_MINES
13:01:14 NONE
13:01:14 MINESHAFT
13:01:52 NONE
13:01:52 DWARVEN_MINES
13:02:08 NONE
13:02:09 MINESHAFT
13:03:53 NONE
13:03:53 DWARVEN_MINES
13:07:55 NONE
13:07:55 MINESHAFT
13:08:18 NONE
13:08:19 DWARVEN_MINES
13:10:46 NONE
13:10:46 MINESHAFT
13:12:06 NONE
13:12:07 DWARVEN_MINES
13:12:49 NONE
13:12:49 MINESHAFT
13:14:23 NONE
13:14:24 DWARVEN_MINES
13:16:34 NONE
13:16:34 MINESHAFT
13:17:44 NONE
13:17:44 DWARVEN_MINES
13:21:54 NONE
13:21:55 MINESHAFT
13:22:25 NONE
13:22:25 DWARVEN_MINES
13:23:27 NONE
13:23:27 MINESHAFT
13:23:53 NONE
13:23:54 DWARVEN_MINES
