23:41:10 PRIVATE_ISLAND
00:16:09 NONE
00:16:09 CRYSTAL_HOLLOWS
00:17:16 NONE
00:17:16 PRIVATE_ISLAND
00:17:24 NONE
00:17:25 CRYSTAL_HOLLOWS
01:27:19 NONE
01:27:19 PRIVATE_ISLAND
01:40:21 NONE
01:40:21 HUB
01:41:11 NONE
01:41:12 PRIVATE_ISLAND
01:46:33 NONE
01:47:37 PRIVATE_ISLAND
01:54:26 NONE
01:54:26 CRYSTAL_HOLLOWS
01:54:38 NONE
01:54:39 DWARVEN_MINES
01:57:31 NONE
01:57:32 CRYSTAL_HOLLOWS
02:00:29 NONE
02:00:30 PRIVATE_ISLAND
02:00:45 NONE
02:00:46 CRYSTAL_HOLLOWS
02:01:43 NONE
02:01:43 PRIVATE_ISLAND
02:01:47 NONE
02:01:48 CRYSTAL_HOLLOWS
02:02:02 NONE
02:02:03 HUB
02:02:08 NONE
02:02:09 CRYSTAL_HOLLOWS
03:36:27 NONE
03:36:27 PRIVATE_ISLAND
