02:07:00 [EMPTY] §f §r§r§r§f §r§r§r§1 §r§r§r§0 §r§r§r§2 §r§r§r§f §r§r§r§f §r§r§r§2 §r§r§r§0 §r§r§r§4 §r§r§r§3 §r§r§r§9 §r§r§r§2 §r§r§r§0 §r§r§r§0 §r§r§r§3 §r§r§r§9 §r§r§r§2 §r§r§r§0 §r§r§r§0 §r§r§r§3 §r§r§r§9 §r§r§r§2 §r§r§r§0 §r§r§r§0 
02:07:00 [EMPTY] 
02:07:39 [EMPTY] §8 §r§8 §r§1 §r§3 §r§3 §r§7 §r§8 
02:07:41 [EMPTY] 
02:07:41 [EMPTY] 
02:07:43 [EMPTY]  
02:07:43 [STASH_COMPACT] §f               §7You have §310,595 §7materials stashed away!
02:07:43 [STASH_COMPACT] §f              §8(This totals 2 types of materials stashed!)
02:07:43 [STASH_COMPACT] §f                §3§l>>> §3§lCLICK HERE§b to pick them up! §3§l<<<
02:07:43 [EMPTY]   
02:07:44 [SKYMALL] §bNew day! §r§eYour §r§2Sky Mall §r§ebuff changed!
02:07:44 [SKYMALL] §eNew buff§r§r§r: §r§fGain §r§6+100⸕ Mining Speed§r§f.
02:07:44 [SKYMALL] §8§oYou can disable this messaging by toggling Sky Mall in your /hotm!
02:07:49 [EMPTY] 
02:07:49 [EMPTY] 
02:07:58 [EMPTY] §8 §r§8 §r§1 §r§3 §r§3 §r§7 §r§8 
02:08:01 [EMPTY]  
02:08:01 [STASH_COMPACT] §f               §7You have §310,595 §7materials stashed away!
02:08:01 [STASH_COMPACT] §f              §8(This totals 2 types of materials stashed!)
02:08:01 [STASH_COMPACT] §f                §3§l>>> §3§lCLICK HERE§b to pick them up! §3§l<<<
02:08:01 [EMPTY]   
02:08:41 [EMPTY]  
02:08:41 [STASH_COMPACT] §f               §7You have §310,595 §7materials stashed away!
02:08:41 [STASH_COMPACT] §f              §8(This totals 2 types of materials stashed!)
02:08:41 [STASH_COMPACT] §f                §3§l>>> §3§lCLICK HERE§b to pick them up! §3§l<<<
02:08:41 [EMPTY]   
02:09:41 [EMPTY]  
02:09:41 [STASH_COMPACT] §f               §7You have §310,595 §7materials stashed away!
02:09:41 [STASH_COMPACT] §f              §8(This totals 2 types of materials stashed!)
02:09:41 [STASH_COMPACT] §f                §3§l>>> §3§lCLICK HERE§b to pick them up! §3§l<<<
02:09:41 [EMPTY]   
02:10:37 [EMPTY] §8 §r§8 §r§1 §r§3 §r§3 §r§7 §r§8 
02:10:40 [EMPTY]  
02:10:40 [STASH_COMPACT] §f               §7You have §310,595 §7materials stashed away!
02:10:40 [STASH_COMPACT] §f              §8(This totals 2 types of materials stashed!)
02:10:40 [STASH_COMPACT] §f                §3§l>>> §3§lCLICK HERE§b to pick them up! §3§l<<<
02:10:40 [EMPTY]   
02:10:41 [EMPTY]  
02:10:41 [STASH_COMPACT] §f               §7You have §310,595 §7materials stashed away!
02:10:41 [STASH_COMPACT] §f              §8(This totals 2 types of materials stashed!)
02:10:41 [STASH_COMPACT] §f                §3§l>>> §3§lCLICK HERE§b to pick them up! §3§l<<<
02:10:41 [EMPTY]   
02:11:42 [EMPTY]  
02:11:42 [STASH_COMPACT] §f               §7You have §310,595 §7materials stashed away!
02:11:42 [STASH_COMPACT] §f              §8(This totals 2 types of materials stashed!)
02:11:42 [STASH_COMPACT] §f                §3§l>>> §3§lCLICK HERE§b to pick them up! §3§l<<<
02:11:42 [EMPTY]   
02:12:42 [EMPTY]  
02:12:42 [STASH_COMPACT] §f               §7You have §310,595 §7materials stashed away!
02:12:42 [STASH_COMPACT] §f              §8(This totals 2 types of materials stashed!)
02:12:42 [STASH_COMPACT] §f                §3§l>>> §3§lCLICK HERE§b to pick them up! §3§l<<<
02:12:42 [EMPTY]   
02:13:42 [EMPTY]  
02:13:42 [STASH_COMPACT] §f               §7You have §310,595 §7materials stashed away!
02:13:42 [STASH_COMPACT] §f              §8(This totals 2 types of materials stashed!)
02:13:42 [STASH_COMPACT] §f                §3§l>>> §3§lCLICK HERE§b to pick them up! §3§l<<<
02:13:42 [EMPTY]   
02:14:42 [EMPTY]  
02:14:42 [STASH_COMPACT] §f               §7You have §310,595 §7materials stashed away!
02:14:42 [STASH_COMPACT] §f              §8(This totals 2 types of materials stashed!)
02:14:42 [STASH_COMPACT] §f                §3§l>>> §3§lCLICK HERE§b to pick them up! §3§l<<<
02:14:42 [EMPTY]   
02:14:45 [EMPTY] §8 §r§8 §r§1 §r§3 §r§3 §r§7 §r§8 
02:14:48 [EMPTY]  
02:14:48 [STASH_COMPACT] §f               §7You have §310,595 §7materials stashed away!
02:14:48 [STASH_COMPACT] §f              §8(This totals 2 types of materials stashed!)
02:14:48 [STASH_COMPACT] §f                §3§l>>> §3§lCLICK HERE§b to pick them up! §3§l<<<
02:14:48 [EMPTY]   
02:15:01 [SKYMALL] §bNew day! §r§eYour §r§2Sky Mall §r§ebuff changed!
02:15:01 [SKYMALL] §eNew buff§r§r§r: §r§f§r§a10x §r§fchance to find Golden and Diamond Goblins.
02:15:01 [SKYMALL] §8§oYou can disable this messaging by toggling Sky Mall in your /hotm!
02:15:31 [EMPTY]  
02:15:31 [STASH_COMPACT] §f               §7You have §310,595 §7materials stashed away!
02:15:31 [STASH_COMPACT] §f              §8(This totals 2 types of materials stashed!)
02:15:31 [STASH_COMPACT] §f                §3§l>>> §3§lCLICK HERE§b to pick them up! §3§l<<<
02:15:31 [EMPTY]   
02:16:31 [EMPTY]  
02:16:31 [STASH_COMPACT] §f               §7You have §310,595 §7materials stashed away!
02:16:31 [STASH_COMPACT] §f              §8(This totals 2 types of materials stashed!)
02:16:31 [STASH_COMPACT] §f                §3§l>>> §3§lCLICK HERE§b to pick them up! §3§l<<<
02:16:31 [EMPTY]   
02:17:32 [EMPTY]  
02:17:32 [STASH_COMPACT] §f               §7You have §310,595 §7materials stashed away!
02:17:32 [STASH_COMPACT] §f              §8(This totals 2 types of materials stashed!)
02:17:32 [STASH_COMPACT] §f                §3§l>>> §3§lCLICK HERE§b to pick them up! §3§l<<<
02:17:32 [EMPTY]   
02:17:59 [EMPTY]  
02:17:59 [EMPTY]  
02:18:33 [EMPTY]  
02:18:33 [STASH_COMPACT] §f               §7You have §310,595 §7materials stashed away!
02:18:33 [STASH_COMPACT] §f              §8(This totals 2 types of materials stashed!)
02:18:33 [STASH_COMPACT] §f                §3§l>>> §3§lCLICK HERE§b to pick them up! §3§l<<<
02:18:33 [EMPTY]   
02:19:34 [EMPTY]  
02:19:34 [STASH_COMPACT] §f               §7You have §310,595 §7materials stashed away!
02:19:34 [STASH_COMPACT] §f              §8(This totals 2 types of materials stashed!)
02:19:34 [STASH_COMPACT] §f                §3§l>>> §3§lCLICK HERE§b to pick them up! §3§l<<<
02:19:34 [EMPTY]   
02:20:35 [EMPTY]  
02:20:35 [STASH_COMPACT] §f               §7You have §310,595 §7materials stashed away!
02:20:35 [STASH_COMPACT] §f              §8(This totals 2 types of materials stashed!)
02:20:35 [STASH_COMPACT] §f                §3§l>>> §3§lCLICK HERE§b to pick them up! §3§l<<<
02:20:35 [EMPTY]   
02:21:36 [EMPTY]  
02:21:36 [STASH_COMPACT] §f               §7You have §310,595 §7materials stashed away!
02:21:36 [STASH_COMPACT] §f              §8(This totals 2 types of materials stashed!)
02:21:36 [STASH_COMPACT] §f                §3§l>>> §3§lCLICK HERE§b to pick them up! §3§l<<<
02:21:36 [EMPTY]   
02:22:24 [EMPTY] §8 §r§8 §r§1 §r§3 §r§3 §r§7 §r§8 
02:22:28 [EMPTY]  
02:22:28 [STASH_COMPACT] §f               §7You have §310,595 §7materials stashed away!
02:22:28 [STASH_COMPACT] §f              §8(This totals 2 types of materials stashed!)
02:22:28 [STASH_COMPACT] §f                §3§l>>> §3§lCLICK HERE§b to pick them up! §3§l<<<
02:22:28 [EMPTY]   
02:22:29 [EMPTY]  
02:22:29 [STASH_COMPACT] §f               §7You have §310,595 §7materials stashed away!
02:22:29 [STASH_COMPACT] §f              §8(This totals 2 types of materials stashed!)
02:22:29 [STASH_COMPACT] §f                §3§l>>> §3§lCLICK HERE§b to pick them up! §3§l<<<
02:22:29 [EMPTY]   
02:23:27 [EMPTY] §8 §r§8 §r§1 §r§3 §r§3 §r§7 §r§8 
02:23:30 [EMPTY]  
02:23:30 [STASH_COMPACT] §f               §7You have §310,595 §7materials stashed away!
02:23:30 [STASH_COMPACT] §f              §8(This totals 2 types of materials stashed!)
02:23:30 [STASH_COMPACT] §f                §3§l>>> §3§lCLICK HERE§b to pick them up! §3§l<<<
02:23:30 [EMPTY]   
02:23:49 [EMPTY]  
02:23:49 [STASH_COMPACT] §f               §7You have §310,595 §7materials stashed away!
02:23:49 [STASH_COMPACT] §f              §8(This totals 2 types of materials stashed!)
02:23:49 [STASH_COMPACT] §f                §3§l>>> §3§lCLICK HERE§b to pick them up! §3§l<<<
02:23:49 [EMPTY]   
02:24:51 [EMPTY]  
02:24:51 [STASH_COMPACT] §f               §7You have §310,595 §7materials stashed away!
02:24:51 [STASH_COMPACT] §f              §8(This totals 2 types of materials stashed!)
02:24:51 [STASH_COMPACT] §f                §3§l>>> §3§lCLICK HERE§b to pick them up! §3§l<<<
02:24:51 [EMPTY]   
02:25:52 [EMPTY]  
02:25:52 [STASH_COMPACT] §f               §7You have §310,595 §7materials stashed away!
02:25:52 [STASH_COMPACT] §f              §8(This totals 2 types of materials stashed!)
02:25:52 [STASH_COMPACT] §f                §3§l>>> §3§lCLICK HERE§b to pick them up! §3§l<<<
02:25:52 [EMPTY]   
02:26:48 [EMPTY] §8 §r§8 §r§1 §r§3 §r§3 §r§7 §r§8 
02:26:52 [EMPTY]  
02:26:52 [STASH_COMPACT] §f               §7You have §310,595 §7materials stashed away!
02:26:52 [STASH_COMPACT] §f              §8(This totals 2 types of materials stashed!)
02:26:52 [STASH_COMPACT] §f                §3§l>>> §3§lCLICK HERE§b to pick them up! §3§l<<<
02:26:52 [EMPTY]   
02:26:56 [EMPTY] §8 §r§8 §r§1 §r§3 §r§3 §r§7 §r§8 
02:26:59 [EMPTY]  
02:26:59 [STASH_COMPACT] §f               §7You have §310,595 §7materials stashed away!
02:26:59 [STASH_COMPACT] §f              §8(This totals 2 types of materials stashed!)
02:26:59 [STASH_COMPACT] §f                §3§l>>> §3§lCLICK HERE§b to pick them up! §3§l<<<
02:26:59 [EMPTY]   
02:26:59 [EMPTY]  
02:26:59 [STASH_COMPACT] §f               §7You have §310,595 §7materials stashed away!
02:26:59 [STASH_COMPACT] §f              §8(This totals 2 types of materials stashed!)
02:26:59 [STASH_COMPACT] §f                §3§l>>> §3§lCLICK HERE§b to pick them up! §3§l<<<
02:26:59 [EMPTY]   
02:27:59 [EMPTY]  
02:27:59 [STASH_COMPACT] §f               §7You have §310,595 §7materials stashed away!
02:27:59 [STASH_COMPACT] §f              §8(This totals 2 types of materials stashed!)
02:27:59 [STASH_COMPACT] §f                §3§l>>> §3§lCLICK HERE§b to pick them up! §3§l<<<
02:27:59 [EMPTY]   
02:28:00 [EMPTY] §8 §r§8 §r§1 §r§3 §r§3 §r§7 §r§8 
02:28:04 [EMPTY]  
02:28:04 [STASH_COMPACT] §f               §7You have §310,595 §7materials stashed away!
02:28:04 [STASH_COMPACT] §f              §8(This totals 2 types of materials stashed!)
02:28:04 [STASH_COMPACT] §f                §3§l>>> §3§lCLICK HERE§b to pick them up! §3§l<<<
02:28:04 [EMPTY]   
02:28:32 [EMPTY] §8 §r§8 §r§1 §r§3 §r§3 §r§7 §r§8 
02:28:36 [EMPTY]  
02:28:36 [STASH_COMPACT] §f               §7You have §310,595 §7materials stashed away!
02:28:36 [STASH_COMPACT] §f              §8(This totals 2 types of materials stashed!)
02:28:36 [STASH_COMPACT] §f                §3§l>>> §3§lCLICK HERE§b to pick them up! §3§l<<<
02:28:36 [EMPTY]   
02:28:42 [EMPTY] §8 §r§8 §r§1 §r§3 §r§3 §r§7 §r§8 
02:28:45 [EMPTY]  
02:28:45 [STASH_COMPACT] §f               §7You have §310,595 §7materials stashed away!
02:28:45 [STASH_COMPACT] §f              §8(This totals 2 types of materials stashed!)
02:28:45 [STASH_COMPACT] §f                §3§l>>> §3§lCLICK HERE§b to pick them up! §3§l<<<
02:28:45 [EMPTY]   
02:28:45 [EMPTY]  
02:28:45 [STASH_COMPACT] §f               §7You have §310,595 §7materials stashed away!
02:28:45 [STASH_COMPACT] §f              §8(This totals 2 types of materials stashed!)
02:28:45 [STASH_COMPACT] §f                §3§l>>> §3§lCLICK HERE§b to pick them up! §3§l<<<
02:28:45 [EMPTY]   
02:29:45 [EMPTY]  
02:29:45 [STASH_COMPACT] §f               §7You have §310,595 §7materials stashed away!
02:29:45 [STASH_COMPACT] §f              §8(This totals 2 types of materials stashed!)
02:29:45 [STASH_COMPACT] §f                §3§l>>> §3§lCLICK HERE§b to pick them up! §3§l<<<
02:29:45 [EMPTY]   
02:30:46 [EMPTY]  
02:30:46 [STASH_COMPACT] §f               §7You have §310,595 §7materials stashed away!
02:30:46 [STASH_COMPACT] §f              §8(This totals 2 types of materials stashed!)
02:30:46 [STASH_COMPACT] §f                §3§l>>> §3§lCLICK HERE§b to pick them up! §3§l<<<
02:30:46 [EMPTY]   
02:31:49 [EMPTY]  
02:31:49 [STASH_COMPACT] §f               §7You have §310,595 §7materials stashed away!
02:31:49 [STASH_COMPACT] §f              §8(This totals 2 types of materials stashed!)
02:31:49 [STASH_COMPACT] §f                §3§l>>> §3§lCLICK HERE§b to pick them up! §3§l<<<
02:31:49 [EMPTY]   
02:32:25 [EMPTY] §8 §r§8 §r§1 §r§3 §r§3 §r§7 §r§8 
02:32:29 [EMPTY]  
02:32:29 [STASH_COMPACT] §f               §7You have §310,595 §7materials stashed away!
02:32:29 [STASH_COMPACT] §f              §8(This totals 2 types of materials stashed!)
02:32:29 [STASH_COMPACT] §f                §3§l>>> §3§lCLICK HERE§b to pick them up! §3§l<<<
02:32:29 [EMPTY]   
02:32:48 [EMPTY] §8 §r§8 §r§1 §r§3 §r§3 §r§7 §r§8 
02:32:51 [EMPTY]  
02:32:51 [STASH_COMPACT] §f               §7You have §310,595 §7materials stashed away!
02:32:51 [STASH_COMPACT] §f              §8(This totals 2 types of materials stashed!)
02:32:51 [STASH_COMPACT] §f                §3§l>>> §3§lCLICK HERE§b to pick them up! §3§l<<<
02:32:51 [EMPTY]   
02:32:51 [EMPTY]  
02:32:51 [STASH_COMPACT] §f               §7You have §310,595 §7materials stashed away!
02:32:51 [STASH_COMPACT] §f              §8(This totals 2 types of materials stashed!)
02:32:51 [STASH_COMPACT] §f                §3§l>>> §3§lCLICK HERE§b to pick them up! §3§l<<<
02:32:51 [EMPTY]   
02:33:52 [EMPTY]  
02:33:52 [STASH_COMPACT] §f               §7You have §310,595 §7materials stashed away!
02:33:52 [STASH_COMPACT] §f              §8(This totals 2 types of materials stashed!)
02:33:52 [STASH_COMPACT] §f                §3§l>>> §3§lCLICK HERE§b to pick them up! §3§l<<<
02:33:52 [EMPTY]   
02:34:52 [EMPTY] 
02:34:54 [EMPTY] 
02:34:54 [EMPTY] 
02:35:00 [SKYMALL] §bNew day! §r§eYour §r§2Sky Mall §r§ebuff changed!
02:35:00 [SKYMALL] §eNew buff§r§r§r: §r§fGain §r§6+50☘ Mining Fortune§r§f.
02:35:00 [SKYMALL] §8§oYou can disable this messaging by toggling Sky Mall in your /hotm!
02:35:03 [EMPTY] §8 §r§8 §r§1 §r§3 §r§3 §r§7 §r§8 
02:35:06 [EMPTY]  
02:35:06 [STASH_COMPACT] §f               §7You have §310,595 §7materials stashed away!
02:35:06 [STASH_COMPACT] §f              §8(This totals 2 types of materials stashed!)
02:35:06 [STASH_COMPACT] §f                §3§l>>> §3§lCLICK HERE§b to pick them up! §3§l<<<
02:35:06 [EMPTY]   
02:35:37 [EMPTY]  
02:35:37 [STASH_COMPACT] §f               §7You have §310,595 §7materials stashed away!
02:35:37 [STASH_COMPACT] §f              §8(This totals 2 types of materials stashed!)
02:35:37 [STASH_COMPACT] §f                §3§l>>> §3§lCLICK HERE§b to pick them up! §3§l<<<
02:35:37 [EMPTY]   
02:36:37 [EMPTY]  
02:36:37 [STASH_COMPACT] §f               §7You have §310,595 §7materials stashed away!
02:36:37 [STASH_COMPACT] §f              §8(This totals 2 types of materials stashed!)
02:36:37 [STASH_COMPACT] §f                §3§l>>> §3§lCLICK HERE§b to pick them up! §3§l<<<
02:36:37 [EMPTY]   
02:37:27 [HOPPITY_EGG] §cYou have already collected this Chocolate Breakfast Egg§r§c! Try again when it respawns!
02:37:38 [EMPTY]  
02:37:38 [STASH_COMPACT] §f               §7You have §310,595 §7materials stashed away!
02:37:38 [STASH_COMPACT] §f              §8(This totals 2 types of materials stashed!)
02:37:38 [STASH_COMPACT] §f                §3§l>>> §3§lCLICK HERE§b to pick them up! §3§l<<<
02:37:38 [EMPTY]   
02:38:39 [EMPTY]  
02:38:39 [STASH_COMPACT] §f               §7You have §310,595 §7materials stashed away!
02:38:39 [STASH_COMPACT] §f              §8(This totals 2 types of materials stashed!)
02:38:39 [STASH_COMPACT] §f                §3§l>>> §3§lCLICK HERE§b to pick them up! §3§l<<<
02:38:39 [EMPTY]   
02:39:16 [EMPTY] §8 §r§8 §r§1 §r§3 §r§3 §r§7 §r§8 
02:39:19 [EMPTY]  
02:39:19 [STASH_COMPACT] §f               §7You have §310,595 §7materials stashed away!
02:39:19 [STASH_COMPACT] §f              §8(This totals 2 types of materials stashed!)
02:39:19 [STASH_COMPACT] §f                §3§l>>> §3§lCLICK HERE§b to pick them up! §3§l<<<
02:39:19 [EMPTY]   
02:39:20 [EMPTY]  
02:39:20 [STASH_COMPACT] §f               §7You have §310,595 §7materials stashed away!
02:39:20 [STASH_COMPACT] §f              §8(This totals 2 types of materials stashed!)
02:39:20 [STASH_COMPACT] §f                §3§l>>> §3§lCLICK HERE§b to pick them up! §3§l<<<
02:39:20 [EMPTY]   
02:40:20 [EMPTY]  
02:40:20 [STASH_COMPACT] §f               §7You have §310,595 §7materials stashed away!
02:40:20 [STASH_COMPACT] §f              §8(This totals 2 types of materials stashed!)
02:40:20 [STASH_COMPACT] §f                §3§l>>> §3§lCLICK HERE§b to pick them up! §3§l<<<
02:40:20 [EMPTY]   
02:40:56 [EMPTY] 
02:40:58 [EMPTY] 
02:40:58 [EMPTY] 
02:41:03 [EMPTY] §8 §r§8 §r§1 §r§3 §r§3 §r§7 §r§8 
02:41:07 [EMPTY]  
02:41:07 [STASH_COMPACT] §f               §7You have §310,595 §7materials stashed away!
02:41:07 [STASH_COMPACT] §f              §8(This totals 2 types of materials stashed!)
02:41:07 [STASH_COMPACT] §f                §3§l>>> §3§lCLICK HERE§b to pick them up! §3§l<<<
02:41:07 [EMPTY]   
02:41:07 [EMPTY]  
02:41:07 [STASH_COMPACT] §f               §7You have §310,595 §7materials stashed away!
02:41:07 [STASH_COMPACT] §f              §8(This totals 2 types of materials stashed!)
02:41:07 [STASH_COMPACT] §f                §3§l>>> §3§lCLICK HERE§b to pick them up! §3§l<<<
02:41:07 [EMPTY]   
02:41:16 [EMPTY] §8 §r§8 §r§1 §r§3 §r§3 §r§7 §r§8 
02:41:19 [EMPTY]  
02:41:19 [STASH_COMPACT] §f               §7You have §310,595 §7materials stashed away!
02:41:19 [STASH_COMPACT] §f              §8(This totals 2 types of materials stashed!)
02:41:19 [STASH_COMPACT] §f                §3§l>>> §3§lCLICK HERE§b to pick them up! §3§l<<<
02:41:19 [EMPTY]   
02:41:38 [EMPTY]  
02:41:38 [STASH_COMPACT] §f               §7You have §310,595 §7materials stashed away!
02:41:38 [STASH_COMPACT] §f              §8(This totals 2 types of materials stashed!)
02:41:38 [STASH_COMPACT] §f                §3§l>>> §3§lCLICK HERE§b to pick them up! §3§l<<<
02:41:38 [EMPTY]   
02:42:38 [EMPTY]  
02:42:38 [STASH_COMPACT] §f               §7You have §310,595 §7materials stashed away!
02:42:38 [STASH_COMPACT] §f              §8(This totals 2 types of materials stashed!)
02:42:38 [STASH_COMPACT] §f                §3§l>>> §3§lCLICK HERE§b to pick them up! §3§l<<<
02:42:38 [EMPTY]   
02:43:38 [EMPTY]  
02:43:38 [STASH_COMPACT] §f               §7You have §310,595 §7materials stashed away!
02:43:38 [STASH_COMPACT] §f              §8(This totals 2 types of materials stashed!)
02:43:38 [STASH_COMPACT] §f                §3§l>>> §3§lCLICK HERE§b to pick them up! §3§l<<<
02:43:38 [EMPTY]   
02:44:39 [EMPTY]  
02:44:39 [STASH_COMPACT] §f               §7You have §310,595 §7materials stashed away!
02:44:39 [STASH_COMPACT] §f              §8(This totals 2 types of materials stashed!)
02:44:39 [STASH_COMPACT] §f                §3§l>>> §3§lCLICK HERE§b to pick them up! §3§l<<<
02:44:39 [EMPTY]   
02:45:39 [EMPTY]  
02:45:39 [STASH_COMPACT] §f               §7You have §310,595 §7materials stashed away!
02:45:39 [STASH_COMPACT] §f              §8(This totals 2 types of materials stashed!)
02:45:39 [STASH_COMPACT] §f                §3§l>>> §3§lCLICK HERE§b to pick them up! §3§l<<<
02:45:39 [EMPTY]   
02:46:39 [EMPTY]  
02:46:39 [STASH_COMPACT] §f               §7You have §310,595 §7materials stashed away!
02:46:39 [STASH_COMPACT] §f              §8(This totals 2 types of materials stashed!)
02:46:39 [STASH_COMPACT] §f                §3§l>>> §3§lCLICK HERE§b to pick them up! §3§l<<<
02:46:39 [EMPTY]   
02:47:39 [EMPTY]  
02:47:39 [STASH_COMPACT] §f               §7You have §310,595 §7materials stashed away!
02:47:39 [STASH_COMPACT] §f              §8(This totals 2 types of materials stashed!)
02:47:39 [STASH_COMPACT] §f                §3§l>>> §3§lCLICK HERE§b to pick them up! §3§l<<<
02:47:39 [EMPTY]   
02:48:40 [EMPTY]  
02:48:40 [STASH_COMPACT] §f               §7You have §310,595 §7materials stashed away!
02:48:40 [STASH_COMPACT] §f              §8(This totals 2 types of materials stashed!)
02:48:40 [STASH_COMPACT] §f                §3§l>>> §3§lCLICK HERE§b to pick them up! §3§l<<<
02:48:40 [EMPTY]   
02:49:13 [EMPTY] §8 §r§8 §r§1 §r§3 §r§3 §r§7 §r§8 
02:49:17 [EMPTY]  
02:49:17 [STASH_COMPACT] §f               §7You have §310,595 §7materials stashed away!
02:49:17 [STASH_COMPACT] §f              §8(This totals 2 types of materials stashed!)
02:49:17 [STASH_COMPACT] §f                §3§l>>> §3§lCLICK HERE§b to pick them up! §3§l<<<
02:49:17 [EMPTY]   
02:49:19 [EMPTY]  
02:49:19 [STASH_COMPACT] §f               §7You have §310,595 §7materials stashed away!
02:49:19 [STASH_COMPACT] §f              §8(This totals 2 types of materials stashed!)
02:49:19 [STASH_COMPACT] §f                §3§l>>> §3§lCLICK HERE§b to pick them up! §3§l<<<
02:49:19 [EMPTY]   
02:49:35 [EMPTY] §8 §r§8 §r§1 §r§3 §r§3 §r§7 §r§8 
02:49:39 [EMPTY]  
02:49:39 [STASH_COMPACT] §f               §7You have §310,595 §7materials stashed away!
02:49:39 [STASH_COMPACT] §f              §8(This totals 2 types of materials stashed!)
02:49:39 [STASH_COMPACT] §f                §3§l>>> §3§lCLICK HERE§b to pick them up! §3§l<<<
02:49:39 [EMPTY]   
02:49:40 [EMPTY] §8 §r§8 §r§1 §r§3 §r§3 §r§7 §r§8 
02:49:43 [EMPTY]  
02:49:43 [STASH_COMPACT] §f               §7You have §310,595 §7materials stashed away!
02:49:43 [STASH_COMPACT] §f              §8(This totals 2 types of materials stashed!)
02:49:43 [STASH_COMPACT] §f                §3§l>>> §3§lCLICK HERE§b to pick them up! §3§l<<<
02:49:43 [EMPTY]   
02:50:13 [EMPTY]  
02:50:13 [STASH_COMPACT] §f               §7You have §310,595 §7materials stashed away!
02:50:13 [STASH_COMPACT] §f              §8(This totals 2 types of materials stashed!)
02:50:13 [STASH_COMPACT] §f                §3§l>>> §3§lCLICK HERE§b to pick them up! §3§l<<<
02:50:13 [EMPTY]   
02:50:45 [EMPTY] 
02:51:14 [EMPTY]  
02:51:14 [STASH_COMPACT] §f               §7You have §310,595 §7materials stashed away!
02:51:14 [STASH_COMPACT] §f              §8(This totals 2 types of materials stashed!)
02:51:14 [STASH_COMPACT] §f                §3§l>>> §3§lCLICK HERE§b to pick them up! §3§l<<<
02:51:14 [EMPTY]   
02:51:29 [EMPTY] §8 §r§8 §r§1 §r§3 §r§3 §r§7 §r§8 
02:51:32 [EMPTY]  
02:51:32 [STASH_COMPACT] §f               §7You have §310,595 §7materials stashed away!
02:51:32 [STASH_COMPACT] §f              §8(This totals 2 types of materials stashed!)
02:51:32 [STASH_COMPACT] §f                §3§l>>> §3§lCLICK HERE§b to pick them up! §3§l<<<
02:51:32 [EMPTY]   
02:51:33 [EMPTY] §8 §r§8 §r§1 §r§3 §r§3 §r§7 §r§8 
02:51:37 [EMPTY]  
02:51:37 [STASH_COMPACT] §f               §7You have §310,595 §7materials stashed away!
02:51:37 [STASH_COMPACT] §f              §8(This totals 2 types of materials stashed!)
02:51:37 [STASH_COMPACT] §f                §3§l>>> §3§lCLICK HERE§b to pick them up! §3§l<<<
02:51:37 [EMPTY]   
02:52:01 [EMPTY] §f                                        
02:52:09 [EMPTY] §8 §r§8 §r§1 §r§3 §r§3 §r§7 §r§8 
02:52:12 [EMPTY]  
02:52:12 [STASH_COMPACT] §f               §7You have §310,595 §7materials stashed away!
02:52:12 [STASH_COMPACT] §f              §8(This totals 2 types of materials stashed!)
02:52:12 [STASH_COMPACT] §f                §3§l>>> §3§lCLICK HERE§b to pick them up! §3§l<<<
02:52:12 [EMPTY]   
02:52:13 [EMPTY]  
02:52:13 [STASH_COMPACT] §f               §7You have §310,595 §7materials stashed away!
02:52:13 [STASH_COMPACT] §f              §8(This totals 2 types of materials stashed!)
02:52:13 [STASH_COMPACT] §f                §3§l>>> §3§lCLICK HERE§b to pick them up! §3§l<<<
02:52:13 [EMPTY]   
02:52:18 [EMPTY] §8 §r§8 §r§1 §r§3 §r§3 §r§7 §r§8 
02:52:21 [EMPTY]  
02:52:21 [STASH_COMPACT] §f               §7You have §310,595 §7materials stashed away!
02:52:21 [STASH_COMPACT] §f              §8(This totals 2 types of materials stashed!)
02:52:21 [STASH_COMPACT] §f                §3§l>>> §3§lCLICK HERE§b to pick them up! §3§l<<<
02:52:21 [EMPTY]   
02:52:46 [EMPTY] 
02:53:02 [EMPTY]  
02:53:02 [STASH_COMPACT] §f               §7You have §310,595 §7materials stashed away!
02:53:02 [STASH_COMPACT] §f              §8(This totals 2 types of materials stashed!)
02:53:02 [STASH_COMPACT] §f                §3§l>>> §3§lCLICK HERE§b to pick them up! §3§l<<<
02:53:02 [EMPTY]   
02:53:34 [EMPTY] 
02:54:03 [EMPTY]  
02:54:03 [STASH_COMPACT] §f               §7You have §310,595 §7materials stashed away!
02:54:03 [STASH_COMPACT] §f              §8(This totals 2 types of materials stashed!)
02:54:03 [STASH_COMPACT] §f                §3§l>>> §3§lCLICK HERE§b to pick them up! §3§l<<<
02:54:03 [EMPTY]   
02:55:05 [EMPTY]  
02:55:05 [STASH_COMPACT] §f               §7You have §310,595 §7materials stashed away!
02:55:05 [STASH_COMPACT] §f              §8(This totals 2 types of materials stashed!)
02:55:05 [STASH_COMPACT] §f                §3§l>>> §3§lCLICK HERE§b to pick them up! §3§l<<<
02:55:05 [EMPTY]   
02:56:06 [EMPTY]  
02:56:06 [STASH_COMPACT] §f               §7You have §310,595 §7materials stashed away!
02:56:06 [STASH_COMPACT] §f              §8(This totals 2 types of materials stashed!)
02:56:06 [STASH_COMPACT] §f                §3§l>>> §3§lCLICK HERE§b to pick them up! §3§l<<<
02:56:06 [EMPTY]   
02:57:06 [EMPTY]  
02:57:06 [STASH_COMPACT] §f               §7You have §310,595 §7materials stashed away!
02:57:06 [STASH_COMPACT] §f              §8(This totals 2 types of materials stashed!)
02:57:06 [STASH_COMPACT] §f                §3§l>>> §3§lCLICK HERE§b to pick them up! §3§l<<<
02:57:06 [EMPTY]   
02:58:07 [EMPTY]  
02:58:07 [STASH_COMPACT] §f               §7You have §310,595 §7materials stashed away!
02:58:07 [STASH_COMPACT] §f              §8(This totals 2 types of materials stashed!)
02:58:07 [STASH_COMPACT] §f                §3§l>>> §3§lCLICK HERE§b to pick them up! §3§l<<<
02:58:07 [EMPTY]   
02:59:08 [EMPTY]  
02:59:08 [STASH_COMPACT] §f               §7You have §310,595 §7materials stashed away!
02:59:08 [STASH_COMPACT] §f              §8(This totals 2 types of materials stashed!)
02:59:08 [STASH_COMPACT] §f                §3§l>>> §3§lCLICK HERE§b to pick them up! §3§l<<<
02:59:08 [EMPTY]   
03:00:08 [EMPTY]  
03:00:08 [STASH_COMPACT] §f               §7You have §310,595 §7materials stashed away!
03:00:08 [STASH_COMPACT] §f              §8(This totals 2 types of materials stashed!)
03:00:08 [STASH_COMPACT] §f                §3§l>>> §3§lCLICK HERE§b to pick them up! §3§l<<<
03:00:08 [EMPTY]   
03:00:22 [EMPTY] §f
03:00:22 [EMPTY] §c
03:01:09 [EMPTY]  
03:01:09 [STASH_COMPACT] §f               §7You have §310,595 §7materials stashed away!
03:01:09 [STASH_COMPACT] §f              §8(This totals 2 types of materials stashed!)
03:01:09 [STASH_COMPACT] §f                §3§l>>> §3§lCLICK HERE§b to pick them up! §3§l<<<
03:01:09 [EMPTY]   
03:02:09 [EMPTY]  
03:02:09 [STASH_COMPACT] §f               §7You have §310,595 §7materials stashed away!
03:02:09 [STASH_COMPACT] §f              §8(This totals 2 types of materials stashed!)
03:02:09 [STASH_COMPACT] §f                §3§l>>> §3§lCLICK HERE§b to pick them up! §3§l<<<
03:02:09 [EMPTY]   
03:03:10 [EMPTY]  
03:03:10 [STASH_COMPACT] §f               §7You have §310,595 §7materials stashed away!
03:03:10 [STASH_COMPACT] §f              §8(This totals 2 types of materials stashed!)
03:03:10 [STASH_COMPACT] §f                §3§l>>> §3§lCLICK HERE§b to pick them up! §3§l<<<
03:03:10 [EMPTY]   
03:04:11 [EMPTY]  
03:04:11 [STASH_COMPACT] §f               §7You have §310,595 §7materials stashed away!
03:04:11 [STASH_COMPACT] §f              §8(This totals 2 types of materials stashed!)
03:04:11 [STASH_COMPACT] §f                §3§l>>> §3§lCLICK HERE§b to pick them up! §3§l<<<
03:04:11 [EMPTY]   
03:05:11 [EMPTY]  
03:05:11 [STASH_COMPACT] §f               §7You have §310,595 §7materials stashed away!
03:05:11 [STASH_COMPACT] §f              §8(This totals 2 types of materials stashed!)
03:05:11 [STASH_COMPACT] §f                §3§l>>> §3§lCLICK HERE§b to pick them up! §3§l<<<
03:05:11 [EMPTY]   
03:05:17 [EMPTY] 
03:06:12 [EMPTY]  
03:06:12 [STASH_COMPACT] §f               §7You have §310,595 §7materials stashed away!
03:06:12 [STASH_COMPACT] §f              §8(This totals 2 types of materials stashed!)
03:06:12 [STASH_COMPACT] §f                §3§l>>> §3§lCLICK HERE§b to pick them up! §3§l<<<
03:06:12 [EMPTY]   
03:07:06 [EMPTY] §f                                        
03:07:12 [EMPTY]  
03:07:12 [STASH_COMPACT] §f               §7You have §310,595 §7materials stashed away!
03:07:12 [STASH_COMPACT] §f              §8(This totals 2 types of materials stashed!)
03:07:12 [STASH_COMPACT] §f                §3§l>>> §3§lCLICK HERE§b to pick them up! §3§l<<<
03:07:12 [EMPTY]   
03:08:13 [EMPTY]  
03:08:13 [STASH_COMPACT] §f               §7You have §310,595 §7materials stashed away!
03:08:13 [STASH_COMPACT] §f              §8(This totals 2 types of materials stashed!)
03:08:13 [STASH_COMPACT] §f                §3§l>>> §3§lCLICK HERE§b to pick them up! §3§l<<<
03:08:13 [EMPTY]   
03:09:13 [EMPTY]  
03:09:13 [STASH_COMPACT] §f               §7You have §310,595 §7materials stashed away!
03:09:13 [STASH_COMPACT] §f              §8(This totals 2 types of materials stashed!)
03:09:13 [STASH_COMPACT] §f                §3§l>>> §3§lCLICK HERE§b to pick them up! §3§l<<<
03:09:13 [EMPTY]   
03:10:14 [EMPTY]  
03:10:14 [STASH_COMPACT] §f               §7You have §310,595 §7materials stashed away!
03:10:14 [STASH_COMPACT] §f              §8(This totals 2 types of materials stashed!)
03:10:14 [STASH_COMPACT] §f                §3§l>>> §3§lCLICK HERE§b to pick them up! §3§l<<<
03:10:14 [EMPTY]   
03:11:15 [EMPTY]  
03:11:15 [STASH_COMPACT] §f               §7You have §310,595 §7materials stashed away!
03:11:15 [STASH_COMPACT] §f              §8(This totals 2 types of materials stashed!)
03:11:15 [STASH_COMPACT] §f                §3§l>>> §3§lCLICK HERE§b to pick them up! §3§l<<<
03:11:15 [EMPTY]   
03:12:16 [EMPTY]  
03:12:16 [STASH_COMPACT] §f               §7You have §310,595 §7materials stashed away!
03:12:16 [STASH_COMPACT] §f              §8(This totals 2 types of materials stashed!)
03:12:16 [STASH_COMPACT] §f                §3§l>>> §3§lCLICK HERE§b to pick them up! §3§l<<<
03:12:16 [EMPTY]   
03:13:17 [EMPTY]  
03:13:17 [STASH_COMPACT] §f               §7You have §310,595 §7materials stashed away!
03:13:17 [STASH_COMPACT] §f              §8(This totals 2 types of materials stashed!)
03:13:17 [STASH_COMPACT] §f                §3§l>>> §3§lCLICK HERE§b to pick them up! §3§l<<<
03:13:17 [EMPTY]   
03:14:18 [EMPTY]  
03:14:18 [STASH_COMPACT] §f               §7You have §310,595 §7materials stashed away!
03:14:18 [STASH_COMPACT] §f              §8(This totals 2 types of materials stashed!)
03:14:18 [STASH_COMPACT] §f                §3§l>>> §3§lCLICK HERE§b to pick them up! §3§l<<<
03:14:18 [EMPTY]   
03:15:19 [EMPTY]  
03:15:19 [STASH_COMPACT] §f               §7You have §310,595 §7materials stashed away!
03:15:19 [STASH_COMPACT] §f              §8(This totals 2 types of materials stashed!)
03:15:19 [STASH_COMPACT] §f                §3§l>>> §3§lCLICK HERE§b to pick them up! §3§l<<<
03:15:19 [EMPTY]   
03:16:20 [EMPTY]  
03:16:20 [STASH_COMPACT] §f               §7You have §310,595 §7materials stashed away!
03:16:20 [STASH_COMPACT] §f              §8(This totals 2 types of materials stashed!)
03:16:20 [STASH_COMPACT] §f                §3§l>>> §3§lCLICK HERE§b to pick them up! §3§l<<<
03:16:20 [EMPTY]   
03:17:21 [EMPTY]  
03:17:21 [STASH_COMPACT] §f               §7You have §310,595 §7materials stashed away!
03:17:21 [STASH_COMPACT] §f              §8(This totals 2 types of materials stashed!)
03:17:21 [STASH_COMPACT] §f                §3§l>>> §3§lCLICK HERE§b to pick them up! §3§l<<<
03:17:21 [EMPTY]   
03:18:22 [EMPTY]  
03:18:22 [STASH_COMPACT] §f               §7You have §310,595 §7materials stashed away!
03:18:22 [STASH_COMPACT] §f              §8(This totals 2 types of materials stashed!)
03:18:22 [STASH_COMPACT] §f                §3§l>>> §3§lCLICK HERE§b to pick them up! §3§l<<<
03:18:22 [EMPTY]   
03:19:23 [EMPTY]  
03:19:23 [STASH_COMPACT] §f               §7You have §310,595 §7materials stashed away!
03:19:23 [STASH_COMPACT] §f              §8(This totals 2 types of materials stashed!)
03:19:23 [STASH_COMPACT] §f                §3§l>>> §3§lCLICK HERE§b to pick them up! §3§l<<<
03:19:23 [EMPTY]   
03:20:24 [EMPTY]  
03:20:24 [STASH_COMPACT] §f               §7You have §310,595 §7materials stashed away!
03:20:24 [STASH_COMPACT] §f              §8(This totals 2 types of materials stashed!)
03:20:24 [STASH_COMPACT] §f                §3§l>>> §3§lCLICK HERE§b to pick them up! §3§l<<<
03:20:24 [EMPTY]   
03:21:25 [EMPTY]  
03:21:25 [STASH_COMPACT] §f               §7You have §310,595 §7materials stashed away!
03:21:25 [STASH_COMPACT] §f              §8(This totals 2 types of materials stashed!)
03:21:25 [STASH_COMPACT] §f                §3§l>>> §3§lCLICK HERE§b to pick them up! §3§l<<<
03:21:25 [EMPTY]   
03:22:27 [EMPTY]  
03:22:27 [STASH_COMPACT] §f               §7You have §310,595 §7materials stashed away!
03:22:27 [STASH_COMPACT] §f              §8(This totals 2 types of materials stashed!)
03:22:27 [STASH_COMPACT] §f                §3§l>>> §3§lCLICK HERE§b to pick them up! §3§l<<<
03:22:27 [EMPTY]   
03:23:28 [EMPTY]  
03:23:28 [STASH_COMPACT] §f               §7You have §310,595 §7materials stashed away!
03:23:28 [STASH_COMPACT] §f              §8(This totals 2 types of materials stashed!)
03:23:28 [STASH_COMPACT] §f                §3§l>>> §3§lCLICK HERE§b to pick them up! §3§l<<<
03:23:28 [EMPTY]   
03:24:29 [EMPTY]  
03:24:29 [STASH_COMPACT] §f               §7You have §310,595 §7materials stashed away!
03:24:29 [STASH_COMPACT] §f              §8(This totals 2 types of materials stashed!)
03:24:29 [STASH_COMPACT] §f                §3§l>>> §3§lCLICK HERE§b to pick them up! §3§l<<<
03:24:29 [EMPTY]   
03:25:24 [EMPTY] 
03:25:31 [EMPTY]  
03:25:31 [STASH_COMPACT] §f               §7You have §310,595 §7materials stashed away!
03:25:31 [STASH_COMPACT] §f              §8(This totals 2 types of materials stashed!)
03:25:31 [STASH_COMPACT] §f                §3§l>>> §3§lCLICK HERE§b to pick them up! §3§l<<<
03:25:31 [EMPTY]   
03:26:32 [EMPTY]  
03:26:32 [STASH_COMPACT] §f               §7You have §310,595 §7materials stashed away!
03:26:32 [STASH_COMPACT] §f              §8(This totals 2 types of materials stashed!)
03:26:32 [STASH_COMPACT] §f                §3§l>>> §3§lCLICK HERE§b to pick them up! §3§l<<<
03:26:32 [EMPTY]   
03:27:02 [EMPTY] §f                                        
03:27:33 [EMPTY]  
03:27:33 [STASH_COMPACT] §f               §7You have §310,595 §7materials stashed away!
03:27:33 [STASH_COMPACT] §f              §8(This totals 2 types of materials stashed!)
03:27:33 [STASH_COMPACT] §f                §3§l>>> §3§lCLICK HERE§b to pick them up! §3§l<<<
03:27:33 [EMPTY]   
03:28:34 [EMPTY]  
03:28:34 [STASH_COMPACT] §f               §7You have §310,595 §7materials stashed away!
03:28:34 [STASH_COMPACT] §f              §8(This totals 2 types of materials stashed!)
03:28:34 [STASH_COMPACT] §f                §3§l>>> §3§lCLICK HERE§b to pick them up! §3§l<<<
03:28:34 [EMPTY]   
03:29:36 [EMPTY]  
03:29:36 [STASH_COMPACT] §f               §7You have §310,595 §7materials stashed away!
03:29:36 [STASH_COMPACT] §f              §8(This totals 2 types of materials stashed!)
03:29:36 [STASH_COMPACT] §f                §3§l>>> §3§lCLICK HERE§b to pick them up! §3§l<<<
03:29:36 [EMPTY]   
03:30:37 [EMPTY]  
03:30:37 [STASH_COMPACT] §f               §7You have §310,595 §7materials stashed away!
03:30:37 [STASH_COMPACT] §f              §8(This totals 2 types of materials stashed!)
03:30:37 [STASH_COMPACT] §f                §3§l>>> §3§lCLICK HERE§b to pick them up! §3§l<<<
03:30:37 [EMPTY]   
03:31:38 [EMPTY]  
03:31:38 [STASH_COMPACT] §f               §7You have §310,595 §7materials stashed away!
03:31:38 [STASH_COMPACT] §f              §8(This totals 2 types of materials stashed!)
03:31:38 [STASH_COMPACT] §f                §3§l>>> §3§lCLICK HERE§b to pick them up! §3§l<<<
03:31:38 [EMPTY]   
03:32:39 [EMPTY]  
03:32:39 [STASH_COMPACT] §f               §7You have §310,595 §7materials stashed away!
03:32:39 [STASH_COMPACT] §f              §8(This totals 2 types of materials stashed!)
03:32:39 [STASH_COMPACT] §f                §3§l>>> §3§lCLICK HERE§b to pick them up! §3§l<<<
03:32:39 [EMPTY]   
03:33:41 [EMPTY]  
03:33:41 [STASH_COMPACT] §f               §7You have §310,595 §7materials stashed away!
03:33:41 [STASH_COMPACT] §f              §8(This totals 2 types of materials stashed!)
03:33:41 [STASH_COMPACT] §f                §3§l>>> §3§lCLICK HERE§b to pick them up! §3§l<<<
03:33:41 [EMPTY]   
03:34:42 [EMPTY]  
03:34:42 [STASH_COMPACT] §f               §7You have §310,595 §7materials stashed away!
03:34:42 [STASH_COMPACT] §f              §8(This totals 2 types of materials stashed!)
03:34:42 [STASH_COMPACT] §f                §3§l>>> §3§lCLICK HERE§b to pick them up! §3§l<<<
03:34:42 [EMPTY]   
03:35:43 [EMPTY]  
03:35:43 [STASH_COMPACT] §f               §7You have §310,595 §7materials stashed away!
03:35:43 [STASH_COMPACT] §f              §8(This totals 2 types of materials stashed!)
03:35:43 [STASH_COMPACT] §f                §3§l>>> §3§lCLICK HERE§b to pick them up! §3§l<<<
03:35:43 [EMPTY]   
03:36:44 [EMPTY]  
03:36:44 [STASH_COMPACT] §f               §7You have §310,595 §7materials stashed away!
03:36:44 [STASH_COMPACT] §f              §8(This totals 2 types of materials stashed!)
03:36:44 [STASH_COMPACT] §f                §3§l>>> §3§lCLICK HERE§b to pick them up! §3§l<<<
03:36:44 [EMPTY]   
03:37:46 [EMPTY]  
03:37:46 [STASH_COMPACT] §f               §7You have §310,595 §7materials stashed away!
03:37:46 [STASH_COMPACT] §f              §8(This totals 2 types of materials stashed!)
03:37:46 [STASH_COMPACT] §f                §3§l>>> §3§lCLICK HERE§b to pick them up! §3§l<<<
03:37:46 [EMPTY]   
03:38:47 [EMPTY]  
03:38:47 [STASH_COMPACT] §f               §7You have §310,595 §7materials stashed away!
03:38:47 [STASH_COMPACT] §f              §8(This totals 2 types of materials stashed!)
03:38:47 [STASH_COMPACT] §f                §3§l>>> §3§lCLICK HERE§b to pick them up! §3§l<<<
03:38:47 [EMPTY]   
03:39:48 [EMPTY]  
03:39:48 [STASH_COMPACT] §f               §7You have §310,595 §7materials stashed away!
03:39:48 [STASH_COMPACT] §f              §8(This totals 2 types of materials stashed!)
03:39:48 [STASH_COMPACT] §f                §3§l>>> §3§lCLICK HERE§b to pick them up! §3§l<<<
03:39:48 [EMPTY]   
03:40:50 [EMPTY]  
03:40:50 [STASH_COMPACT] §f               §7You have §310,595 §7materials stashed away!
03:40:50 [STASH_COMPACT] §f              §8(This totals 2 types of materials stashed!)
03:40:50 [STASH_COMPACT] §f                §3§l>>> §3§lCLICK HERE§b to pick them up! §3§l<<<
03:40:50 [EMPTY]   
03:41:51 [EMPTY]  
03:41:51 [STASH_COMPACT] §f               §7You have §310,595 §7materials stashed away!
03:41:51 [STASH_COMPACT] §f              §8(This totals 2 types of materials stashed!)
03:41:51 [STASH_COMPACT] §f                §3§l>>> §3§lCLICK HERE§b to pick them up! §3§l<<<
03:41:51 [EMPTY]   
03:42:21 [EMPTY] 
03:42:52 [EMPTY]  
03:42:52 [STASH_COMPACT] §f               §7You have §310,595 §7materials stashed away!
03:42:52 [STASH_COMPACT] §f              §8(This totals 2 types of materials stashed!)
03:42:52 [STASH_COMPACT] §f                §3§l>>> §3§lCLICK HERE§b to pick them up! §3§l<<<
03:42:52 [EMPTY]   
03:43:53 [EMPTY]  
03:43:53 [STASH_COMPACT] §f               §7You have §310,595 §7materials stashed away!
03:43:53 [STASH_COMPACT] §f              §8(This totals 2 types of materials stashed!)
03:43:53 [STASH_COMPACT] §f                §3§l>>> §3§lCLICK HERE§b to pick them up! §3§l<<<
03:43:53 [EMPTY]   
03:44:54 [EMPTY]  
03:44:54 [STASH_COMPACT] §f               §7You have §310,595 §7materials stashed away!
03:44:54 [STASH_COMPACT] §f              §8(This totals 2 types of materials stashed!)
03:44:54 [STASH_COMPACT] §f                §3§l>>> §3§lCLICK HERE§b to pick them up! §3§l<<<
03:44:54 [EMPTY]   
03:45:55 [EMPTY]  
03:45:55 [STASH_COMPACT] §f               §7You have §310,595 §7materials stashed away!
03:45:55 [STASH_COMPACT] §f              §8(This totals 2 types of materials stashed!)
03:45:55 [STASH_COMPACT] §f                §3§l>>> §3§lCLICK HERE§b to pick them up! §3§l<<<
03:45:55 [EMPTY]   
03:46:56 [EMPTY]  
03:46:56 [STASH_COMPACT] §f               §7You have §310,595 §7materials stashed away!
03:46:56 [STASH_COMPACT] §f              §8(This totals 2 types of materials stashed!)
03:46:56 [STASH_COMPACT] §f                §3§l>>> §3§lCLICK HERE§b to pick them up! §3§l<<<
03:46:56 [EMPTY]   
03:47:02 [EMPTY] §f                                        
03:47:57 [EMPTY]  
03:47:57 [STASH_COMPACT] §f               §7You have §310,595 §7materials stashed away!
03:47:57 [STASH_COMPACT] §f              §8(This totals 2 types of materials stashed!)
03:47:57 [STASH_COMPACT] §f                §3§l>>> §3§lCLICK HERE§b to pick them up! §3§l<<<
03:47:57 [EMPTY]   
03:48:59 [EMPTY]  
03:48:59 [STASH_COMPACT] §f               §7You have §310,595 §7materials stashed away!
03:48:59 [STASH_COMPACT] §f              §8(This totals 2 types of materials stashed!)
03:48:59 [STASH_COMPACT] §f                §3§l>>> §3§lCLICK HERE§b to pick them up! §3§l<<<
03:48:59 [EMPTY]   
03:50:00 [EMPTY]  
03:50:00 [STASH_COMPACT] §f               §7You have §310,595 §7materials stashed away!
03:50:00 [STASH_COMPACT] §f              §8(This totals 2 types of materials stashed!)
03:50:00 [STASH_COMPACT] §f                §3§l>>> §3§lCLICK HERE§b to pick them up! §3§l<<<
03:50:00 [EMPTY]   
03:51:02 [EMPTY]  
03:51:02 [STASH_COMPACT] §f               §7You have §310,595 §7materials stashed away!
03:51:02 [STASH_COMPACT] §f              §8(This totals 2 types of materials stashed!)
03:51:02 [STASH_COMPACT] §f                §3§l>>> §3§lCLICK HERE§b to pick them up! §3§l<<<
03:51:02 [EMPTY]   
03:52:03 [EMPTY]  
03:52:03 [STASH_COMPACT] §f               §7You have §310,595 §7materials stashed away!
03:52:03 [STASH_COMPACT] §f              §8(This totals 2 types of materials stashed!)
03:52:03 [STASH_COMPACT] §f                §3§l>>> §3§lCLICK HERE§b to pick them up! §3§l<<<
03:52:03 [EMPTY]   
03:53:05 [EMPTY]  
03:53:05 [STASH_COMPACT] §f               §7You have §310,595 §7materials stashed away!
03:53:05 [STASH_COMPACT] §f              §8(This totals 2 types of materials stashed!)
03:53:05 [STASH_COMPACT] §f                §3§l>>> §3§lCLICK HERE§b to pick them up! §3§l<<<
03:53:05 [EMPTY]   
03:54:06 [EMPTY]  
03:54:06 [STASH_COMPACT] §f               §7You have §310,595 §7materials stashed away!
03:54:06 [STASH_COMPACT] §f              §8(This totals 2 types of materials stashed!)
03:54:06 [STASH_COMPACT] §f                §3§l>>> §3§lCLICK HERE§b to pick them up! §3§l<<<
03:54:06 [EMPTY]   
03:55:07 [EMPTY]  
03:55:07 [STASH_COMPACT] §f               §7You have §310,595 §7materials stashed away!
03:55:07 [STASH_COMPACT] §f              §8(This totals 2 types of materials stashed!)
03:55:07 [STASH_COMPACT] §f                §3§l>>> §3§lCLICK HERE§b to pick them up! §3§l<<<
03:55:07 [EMPTY]   
03:56:09 [EMPTY]  
03:56:09 [STASH_COMPACT] §f               §7You have §310,595 §7materials stashed away!
03:56:09 [STASH_COMPACT] §f              §8(This totals 2 types of materials stashed!)
03:56:09 [STASH_COMPACT] §f                §3§l>>> §3§lCLICK HERE§b to pick them up! §3§l<<<
03:56:09 [EMPTY]   
03:57:10 [EMPTY]  
03:57:10 [STASH_COMPACT] §f               §7You have §310,595 §7materials stashed away!
03:57:10 [STASH_COMPACT] §f              §8(This totals 2 types of materials stashed!)
03:57:10 [STASH_COMPACT] §f                §3§l>>> §3§lCLICK HERE§b to pick them up! §3§l<<<
03:57:10 [EMPTY]   
03:58:11 [EMPTY]  
03:58:11 [STASH_COMPACT] §f               §7You have §310,595 §7materials stashed away!
03:58:11 [STASH_COMPACT] §f              §8(This totals 2 types of materials stashed!)
03:58:11 [STASH_COMPACT] §f                §3§l>>> §3§lCLICK HERE§b to pick them up! §3§l<<<
03:58:11 [EMPTY]   
03:59:12 [EMPTY]  
03:59:12 [STASH_COMPACT] §f               §7You have §310,595 §7materials stashed away!
03:59:12 [STASH_COMPACT] §f              §8(This totals 2 types of materials stashed!)
03:59:12 [STASH_COMPACT] §f                §3§l>>> §3§lCLICK HERE§b to pick them up! §3§l<<<
03:59:12 [EMPTY]   
04:00:14 [EMPTY]  
04:00:14 [STASH_COMPACT] §f               §7You have §310,595 §7materials stashed away!
04:00:14 [STASH_COMPACT] §f              §8(This totals 2 types of materials stashed!)
04:00:14 [STASH_COMPACT] §f                §3§l>>> §3§lCLICK HERE§b to pick them up! §3§l<<<
04:00:14 [EMPTY]   
04:01:15 [EMPTY]  
04:01:15 [STASH_COMPACT] §f               §7You have §310,595 §7materials stashed away!
04:01:15 [STASH_COMPACT] §f              §8(This totals 2 types of materials stashed!)
04:01:15 [STASH_COMPACT] §f                §3§l>>> §3§lCLICK HERE§b to pick them up! §3§l<<<
04:01:15 [EMPTY]   
04:02:16 [EMPTY]  
04:02:16 [STASH_COMPACT] §f               §7You have §310,595 §7materials stashed away!
04:02:16 [STASH_COMPACT] §f              §8(This totals 2 types of materials stashed!)
04:02:16 [STASH_COMPACT] §f                §3§l>>> §3§lCLICK HERE§b to pick them up! §3§l<<<
04:02:16 [EMPTY]   
04:02:22 [EMPTY] 
04:03:18 [EMPTY]  
04:03:18 [STASH_COMPACT] §f               §7You have §310,595 §7materials stashed away!
04:03:18 [STASH_COMPACT] §f              §8(This totals 2 types of materials stashed!)
04:03:18 [STASH_COMPACT] §f                §3§l>>> §3§lCLICK HERE§b to pick them up! §3§l<<<
04:03:18 [EMPTY]   
04:04:19 [EMPTY]  
04:04:19 [STASH_COMPACT] §f               §7You have §310,595 §7materials stashed away!
04:04:19 [STASH_COMPACT] §f              §8(This totals 2 types of materials stashed!)
04:04:19 [STASH_COMPACT] §f                §3§l>>> §3§lCLICK HERE§b to pick them up! §3§l<<<
04:04:19 [EMPTY]   
04:05:20 [EMPTY]  
04:05:20 [STASH_COMPACT] §f               §7You have §310,595 §7materials stashed away!
04:05:20 [STASH_COMPACT] §f              §8(This totals 2 types of materials stashed!)
04:05:20 [STASH_COMPACT] §f                §3§l>>> §3§lCLICK HERE§b to pick them up! §3§l<<<
04:05:20 [EMPTY]   
04:05:34 [EMPTY] §f
04:05:34 [EMPTY] §f
04:05:34 [EMPTY] §f
04:05:34 [EMPTY] §f
04:06:21 [EMPTY]  
04:06:21 [STASH_COMPACT] §f               §7You have §310,595 §7materials stashed away!
04:06:21 [STASH_COMPACT] §f              §8(This totals 2 types of materials stashed!)
04:06:21 [STASH_COMPACT] §f                §3§l>>> §3§lCLICK HERE§b to pick them up! §3§l<<<
04:06:21 [EMPTY]   
04:07:03 [EMPTY] §f                                        
04:07:22 [EMPTY]  
04:07:22 [STASH_COMPACT] §f               §7You have §310,595 §7materials stashed away!
04:07:22 [STASH_COMPACT] §f              §8(This totals 2 types of materials stashed!)
04:07:22 [STASH_COMPACT] §f                §3§l>>> §3§lCLICK HERE§b to pick them up! §3§l<<<
04:07:22 [EMPTY]   
04:08:23 [EMPTY]  
04:08:23 [STASH_COMPACT] §f               §7You have §310,595 §7materials stashed away!
04:08:23 [STASH_COMPACT] §f              §8(This totals 2 types of materials stashed!)
04:08:23 [STASH_COMPACT] §f                §3§l>>> §3§lCLICK HERE§b to pick them up! §3§l<<<
04:08:23 [EMPTY]   
04:09:23 [EMPTY]  
04:09:23 [STASH_COMPACT] §f               §7You have §310,595 §7materials stashed away!
04:09:23 [STASH_COMPACT] §f              §8(This totals 2 types of materials stashed!)
04:09:23 [STASH_COMPACT] §f                §3§l>>> §3§lCLICK HERE§b to pick them up! §3§l<<<
04:09:23 [EMPTY]   
04:10:24 [EMPTY]  
04:10:24 [STASH_COMPACT] §f               §7You have §310,595 §7materials stashed away!
04:10:24 [STASH_COMPACT] §f              §8(This totals 2 types of materials stashed!)
04:10:24 [STASH_COMPACT] §f                §3§l>>> §3§lCLICK HERE§b to pick them up! §3§l<<<
04:10:24 [EMPTY]   
04:11:25 [EMPTY]  
04:11:25 [STASH_COMPACT] §f               §7You have §310,595 §7materials stashed away!
04:11:25 [STASH_COMPACT] §f              §8(This totals 2 types of materials stashed!)
04:11:25 [STASH_COMPACT] §f                §3§l>>> §3§lCLICK HERE§b to pick them up! §3§l<<<
04:11:25 [EMPTY]   
04:12:25 [EMPTY]  
04:12:25 [STASH_COMPACT] §f               §7You have §310,595 §7materials stashed away!
04:12:25 [STASH_COMPACT] §f              §8(This totals 2 types of materials stashed!)
04:12:25 [STASH_COMPACT] §f                §3§l>>> §3§lCLICK HERE§b to pick them up! §3§l<<<
04:12:25 [EMPTY]   
04:12:31 [EMPTY]  
04:12:31 [BESTIARY] §f                                  §6§lBESTIARY
04:12:31 [BESTIARY] §f                        §b§lKey Guardian §7§8XIII §8➡§b §bXIV
04:12:31 [BESTIARY] 
04:12:31 [BESTIARY] §f                                  §r§6§lREWARDS
04:12:31 [BESTIARY] §f                      §r§8+§r§a4 Key Guardian §r§b✯ Magic Find
04:12:31 [BESTIARY] §f                      §r§8+§r§a4 Key Guardian §r§c❁ Strength
04:12:31 [BESTIARY] §f                          §r§8+§r§62% §r§aKey Guardian §r§7coins
04:12:31 [BESTIARY] §f                    §r§8+§r§a50% §r§7chance for extra XP orbs
04:12:31 [BESTIARY] §f                               §r§8+§r§b1 SkyBlock XP
04:12:31 [BESTIARY] 
04:12:31 [BESTIARY] §3§l▬▬▬▬▬▬▬▬▬▬▬▬▬▬▬▬▬▬▬▬▬▬▬▬▬▬▬▬▬▬▬▬▬▬▬▬▬▬▬▬▬▬▬▬▬▬▬▬▬▬▬▬▬▬▬▬▬▬▬▬▬▬▬▬
04:13:26 [EMPTY]  
04:13:26 [STASH_COMPACT] §f               §7You have §310,595 §7materials stashed away!
04:13:26 [STASH_COMPACT] §f              §8(This totals 2 types of materials stashed!)
04:13:26 [STASH_COMPACT] §f                §3§l>>> §3§lCLICK HERE§b to pick them up! §3§l<<<
04:13:26 [EMPTY]   
04:14:27 [EMPTY]  
04:14:27 [STASH_COMPACT] §f               §7You have §310,595 §7materials stashed away!
04:14:27 [STASH_COMPACT] §f              §8(This totals 2 types of materials stashed!)
04:14:27 [STASH_COMPACT] §f                §3§l>>> §3§lCLICK HERE§b to pick them up! §3§l<<<
04:14:27 [EMPTY]   
04:15:28 [EMPTY]  
04:15:28 [STASH_COMPACT] §f               §7You have §310,595 §7materials stashed away!
04:15:28 [STASH_COMPACT] §f              §8(This totals 2 types of materials stashed!)
04:15:28 [STASH_COMPACT] §f                §3§l>>> §3§lCLICK HERE§b to pick them up! §3§l<<<
04:15:28 [EMPTY]   
04:16:28 [EMPTY]  
04:16:28 [STASH_COMPACT] §f               §7You have §310,595 §7materials stashed away!
04:16:28 [STASH_COMPACT] §f              §8(This totals 2 types of materials stashed!)
04:16:28 [STASH_COMPACT] §f                §3§l>>> §3§lCLICK HERE§b to pick them up! §3§l<<<
04:16:28 [EMPTY]   
04:17:28 [EMPTY]  
04:17:28 [STASH_COMPACT] §f               §7You have §310,595 §7materials stashed away!
04:17:28 [STASH_COMPACT] §f              §8(This totals 2 types of materials stashed!)
04:17:28 [STASH_COMPACT] §f                §3§l>>> §3§lCLICK HERE§b to pick them up! §3§l<<<
04:17:28 [EMPTY]   
04:18:29 [EMPTY]  
04:18:29 [STASH_COMPACT] §f               §7You have §310,595 §7materials stashed away!
04:18:29 [STASH_COMPACT] §f              §8(This totals 2 types of materials stashed!)
04:18:29 [STASH_COMPACT] §f                §3§l>>> §3§lCLICK HERE§b to pick them up! §3§l<<<
04:18:29 [EMPTY]   
04:19:30 [EMPTY]  
04:19:30 [STASH_COMPACT] §f               §7You have §310,595 §7materials stashed away!
04:19:30 [STASH_COMPACT] §f              §8(This totals 2 types of materials stashed!)
04:19:30 [STASH_COMPACT] §f                §3§l>>> §3§lCLICK HERE§b to pick them up! §3§l<<<
04:19:30 [EMPTY]   
04:20:30 [EMPTY]  
04:20:30 [STASH_COMPACT] §f               §7You have §310,595 §7materials stashed away!
04:20:30 [STASH_COMPACT] §f              §8(This totals 2 types of materials stashed!)
04:20:30 [STASH_COMPACT] §f                §3§l>>> §3§lCLICK HERE§b to pick them up! §3§l<<<
04:20:30 [EMPTY]   
04:21:31 [EMPTY]  
04:21:31 [STASH_COMPACT] §f               §7You have §310,595 §7materials stashed away!
04:21:31 [STASH_COMPACT] §f              §8(This totals 2 types of materials stashed!)
04:21:31 [STASH_COMPACT] §f                §3§l>>> §3§lCLICK HERE§b to pick them up! §3§l<<<
04:21:31 [EMPTY]   
04:22:31 [EMPTY]  
04:22:31 [STASH_COMPACT] §f               §7You have §310,595 §7materials stashed away!
04:22:31 [STASH_COMPACT] §f              §8(This totals 2 types of materials stashed!)
04:22:31 [STASH_COMPACT] §f                §3§l>>> §3§lCLICK HERE§b to pick them up! §3§l<<<
04:22:31 [EMPTY]   
04:22:49 [EMPTY] 
04:23:32 [EMPTY]  
04:23:32 [STASH_COMPACT] §f               §7You have §310,595 §7materials stashed away!
04:23:32 [STASH_COMPACT] §f              §8(This totals 2 types of materials stashed!)
04:23:32 [STASH_COMPACT] §f                §3§l>>> §3§lCLICK HERE§b to pick them up! §3§l<<<
04:23:32 [EMPTY]   
04:24:32 [EMPTY]  
04:24:32 [STASH_COMPACT] §f               §7You have §310,595 §7materials stashed away!
04:24:32 [STASH_COMPACT] §f              §8(This totals 2 types of materials stashed!)
04:24:32 [STASH_COMPACT] §f                §3§l>>> §3§lCLICK HERE§b to pick them up! §3§l<<<
04:24:32 [EMPTY]   
04:25:14 [EMPTY] 
04:25:32 [EMPTY]  
04:25:32 [STASH_COMPACT] §f               §7You have §310,595 §7materials stashed away!
04:25:32 [STASH_COMPACT] §f              §8(This totals 2 types of materials stashed!)
04:25:32 [STASH_COMPACT] §f                §3§l>>> §3§lCLICK HERE§b to pick them up! §3§l<<<
04:25:32 [EMPTY]   
04:26:32 [EMPTY]  
04:26:32 [STASH_COMPACT] §f               §7You have §310,595 §7materials stashed away!
04:26:32 [STASH_COMPACT] §f              §8(This totals 2 types of materials stashed!)
04:26:32 [STASH_COMPACT] §f                §3§l>>> §3§lCLICK HERE§b to pick them up! §3§l<<<
04:26:32 [EMPTY]   
04:27:02 [EMPTY] §f                                        
04:27:33 [EMPTY]  
04:27:33 [STASH_COMPACT] §f               §7You have §310,595 §7materials stashed away!
04:27:33 [STASH_COMPACT] §f              §8(This totals 2 types of materials stashed!)
04:27:33 [STASH_COMPACT] §f                §3§l>>> §3§lCLICK HERE§b to pick them up! §3§l<<<
04:27:33 [EMPTY]   
04:28:33 [EMPTY]  
04:28:33 [STASH_COMPACT] §f               §7You have §310,595 §7materials stashed away!
04:28:33 [STASH_COMPACT] §f              §8(This totals 2 types of materials stashed!)
04:28:33 [STASH_COMPACT] §f                §3§l>>> §3§lCLICK HERE§b to pick them up! §3§l<<<
04:28:33 [EMPTY]   
04:29:33 [EMPTY]  
04:29:33 [STASH_COMPACT] §f               §7You have §310,595 §7materials stashed away!
04:29:33 [STASH_COMPACT] §f              §8(This totals 2 types of materials stashed!)
04:29:33 [STASH_COMPACT] §f                §3§l>>> §3§lCLICK HERE§b to pick them up! §3§l<<<
04:29:33 [EMPTY]   
04:30:33 [EMPTY]  
04:30:33 [STASH_COMPACT] §f               §7You have §310,595 §7materials stashed away!
04:30:33 [STASH_COMPACT] §f              §8(This totals 2 types of materials stashed!)
04:30:33 [STASH_COMPACT] §f                §3§l>>> §3§lCLICK HERE§b to pick them up! §3§l<<<
04:30:33 [EMPTY]   
04:31:34 [EMPTY]  
04:31:34 [STASH_COMPACT] §f               §7You have §310,595 §7materials stashed away!
04:31:34 [STASH_COMPACT] §f              §8(This totals 2 types of materials stashed!)
04:31:34 [STASH_COMPACT] §f                §3§l>>> §3§lCLICK HERE§b to pick them up! §3§l<<<
04:31:34 [EMPTY]   
04:32:34 [EMPTY]  
04:32:34 [STASH_COMPACT] §f               §7You have §310,595 §7materials stashed away!
04:32:34 [STASH_COMPACT] §f              §8(This totals 2 types of materials stashed!)
04:32:34 [STASH_COMPACT] §f                §3§l>>> §3§lCLICK HERE§b to pick them up! §3§l<<<
04:32:34 [EMPTY]   
04:33:34 [EMPTY]  
04:33:34 [STASH_COMPACT] §f               §7You have §310,595 §7materials stashed away!
04:33:34 [STASH_COMPACT] §f              §8(This totals 2 types of materials stashed!)
04:33:34 [STASH_COMPACT] §f                §3§l>>> §3§lCLICK HERE§b to pick them up! §3§l<<<
04:33:34 [EMPTY]   
04:34:34 [EMPTY]  
04:34:34 [STASH_COMPACT] §f               §7You have §310,595 §7materials stashed away!
04:34:34 [STASH_COMPACT] §f              §8(This totals 2 types of materials stashed!)
04:34:34 [STASH_COMPACT] §f                §3§l>>> §3§lCLICK HERE§b to pick them up! §3§l<<<
04:34:34 [EMPTY]   
04:35:35 [EMPTY]  
04:35:35 [STASH_COMPACT] §f               §7You have §310,595 §7materials stashed away!
04:35:35 [STASH_COMPACT] §f              §8(This totals 2 types of materials stashed!)
04:35:35 [STASH_COMPACT] §f                §3§l>>> §3§lCLICK HERE§b to pick them up! §3§l<<<
04:35:35 [EMPTY]   
04:36:35 [EMPTY]  
04:36:35 [STASH_COMPACT] §f               §7You have §310,595 §7materials stashed away!
04:36:35 [STASH_COMPACT] §f              §8(This totals 2 types of materials stashed!)
04:36:35 [STASH_COMPACT] §f                §3§l>>> §3§lCLICK HERE§b to pick them up! §3§l<<<
04:36:35 [EMPTY]   
04:37:35 [EMPTY]  
04:37:35 [STASH_COMPACT] §f               §7You have §310,595 §7materials stashed away!
04:37:35 [STASH_COMPACT] §f              §8(This totals 2 types of materials stashed!)
04:37:35 [STASH_COMPACT] §f                §3§l>>> §3§lCLICK HERE§b to pick them up! §3§l<<<
04:37:35 [EMPTY]   
04:38:35 [EMPTY]  
04:38:35 [STASH_COMPACT] §f               §7You have §310,595 §7materials stashed away!
04:38:35 [STASH_COMPACT] §f              §8(This totals 2 types of materials stashed!)
04:38:35 [STASH_COMPACT] §f                §3§l>>> §3§lCLICK HERE§b to pick them up! §3§l<<<
04:38:35 [EMPTY]   
04:39:36 [EMPTY]  
04:39:36 [STASH_COMPACT] §f               §7You have §310,595 §7materials stashed away!
04:39:36 [STASH_COMPACT] §f              §8(This totals 2 types of materials stashed!)
04:39:36 [STASH_COMPACT] §f                §3§l>>> §3§lCLICK HERE§b to pick them up! §3§l<<<
04:39:36 [EMPTY]   
04:40:36 [EMPTY]  
04:40:36 [STASH_COMPACT] §f               §7You have §310,595 §7materials stashed away!
04:40:36 [STASH_COMPACT] §f              §8(This totals 2 types of materials stashed!)
04:40:36 [STASH_COMPACT] §f                §3§l>>> §3§lCLICK HERE§b to pick them up! §3§l<<<
04:40:36 [EMPTY]   
04:41:36 [EMPTY]  
04:41:36 [STASH_COMPACT] §f               §7You have §310,595 §7materials stashed away!
04:41:36 [STASH_COMPACT] §f              §8(This totals 2 types of materials stashed!)
04:41:36 [STASH_COMPACT] §f                §3§l>>> §3§lCLICK HERE§b to pick them up! §3§l<<<
04:41:36 [EMPTY]   
04:42:36 [EMPTY]  
04:42:36 [STASH_COMPACT] §f               §7You have §310,595 §7materials stashed away!
04:42:36 [STASH_COMPACT] §f              §8(This totals 2 types of materials stashed!)
04:42:36 [STASH_COMPACT] §f                §3§l>>> §3§lCLICK HERE§b to pick them up! §3§l<<<
04:42:36 [EMPTY]   
04:43:36 [EMPTY]  
04:43:36 [STASH_COMPACT] §f               §7You have §310,595 §7materials stashed away!
04:43:36 [STASH_COMPACT] §f              §8(This totals 2 types of materials stashed!)
04:43:36 [STASH_COMPACT] §f                §3§l>>> §3§lCLICK HERE§b to pick them up! §3§l<<<
04:43:36 [EMPTY]   
04:44:37 [EMPTY]  
04:44:37 [STASH_COMPACT] §f               §7You have §310,595 §7materials stashed away!
04:44:37 [STASH_COMPACT] §f              §8(This totals 2 types of materials stashed!)
04:44:37 [STASH_COMPACT] §f                §3§l>>> §3§lCLICK HERE§b to pick them up! §3§l<<<
04:44:37 [EMPTY]   
04:45:07 [EMPTY] 
04:45:37 [EMPTY]  
04:45:37 [STASH_COMPACT] §f               §7You have §310,595 §7materials stashed away!
04:45:37 [STASH_COMPACT] §f              §8(This totals 2 types of materials stashed!)
04:45:37 [STASH_COMPACT] §f                §3§l>>> §3§lCLICK HERE§b to pick them up! §3§l<<<
04:45:37 [EMPTY]   
04:46:37 [EMPTY]  
04:46:37 [STASH_COMPACT] §f               §7You have §310,595 §7materials stashed away!
04:46:37 [STASH_COMPACT] §f              §8(This totals 2 types of materials stashed!)
04:46:37 [STASH_COMPACT] §f                §3§l>>> §3§lCLICK HERE§b to pick them up! §3§l<<<
04:46:37 [EMPTY]   
04:47:07 [EMPTY] §f                                        
04:47:37 [EMPTY]  
04:47:37 [STASH_COMPACT] §f               §7You have §310,595 §7materials stashed away!
04:47:37 [STASH_COMPACT] §f              §8(This totals 2 types of materials stashed!)
04:47:37 [STASH_COMPACT] §f                §3§l>>> §3§lCLICK HERE§b to pick them up! §3§l<<<
04:47:37 [EMPTY]   
04:48:37 [EMPTY]  
04:48:37 [STASH_COMPACT] §f               §7You have §310,595 §7materials stashed away!
04:48:37 [STASH_COMPACT] §f              §8(This totals 2 types of materials stashed!)
04:48:37 [STASH_COMPACT] §f                §3§l>>> §3§lCLICK HERE§b to pick them up! §3§l<<<
04:48:37 [EMPTY]   
04:49:38 [EMPTY]  
04:49:38 [STASH_COMPACT] §f               §7You have §310,595 §7materials stashed away!
04:49:38 [STASH_COMPACT] §f              §8(This totals 2 types of materials stashed!)
04:49:38 [STASH_COMPACT] §f                §3§l>>> §3§lCLICK HERE§b to pick them up! §3§l<<<
04:49:38 [EMPTY]   
04:50:38 [EMPTY]  
04:50:38 [STASH_COMPACT] §f               §7You have §310,595 §7materials stashed away!
04:50:38 [STASH_COMPACT] §f              §8(This totals 2 types of materials stashed!)
04:50:38 [STASH_COMPACT] §f                §3§l>>> §3§lCLICK HERE§b to pick them up! §3§l<<<
04:50:38 [EMPTY]   
04:51:38 [EMPTY]  
04:51:38 [STASH_COMPACT] §f               §7You have §310,595 §7materials stashed away!
04:51:38 [STASH_COMPACT] §f              §8(This totals 2 types of materials stashed!)
04:51:38 [STASH_COMPACT] §f                §3§l>>> §3§lCLICK HERE§b to pick them up! §3§l<<<
04:51:38 [EMPTY]   
04:52:38 [EMPTY]  
04:52:38 [STASH_COMPACT] §f               §7You have §310,595 §7materials stashed away!
04:52:38 [STASH_COMPACT] §f              §8(This totals 2 types of materials stashed!)
04:52:38 [STASH_COMPACT] §f                §3§l>>> §3§lCLICK HERE§b to pick them up! §3§l<<<
04:52:38 [EMPTY]   
04:53:39 [EMPTY]  
04:53:39 [STASH_COMPACT] §f               §7You have §310,595 §7materials stashed away!
04:53:39 [STASH_COMPACT] §f              §8(This totals 2 types of materials stashed!)
04:53:39 [STASH_COMPACT] §f                §3§l>>> §3§lCLICK HERE§b to pick them up! §3§l<<<
04:53:39 [EMPTY]   
04:54:39 [EMPTY]  
04:54:39 [STASH_COMPACT] §f               §7You have §310,595 §7materials stashed away!
04:54:39 [STASH_COMPACT] §f              §8(This totals 2 types of materials stashed!)
04:54:39 [STASH_COMPACT] §f                §3§l>>> §3§lCLICK HERE§b to pick them up! §3§l<<<
04:54:39 [EMPTY]   
04:55:39 [EMPTY]  
04:55:39 [STASH_COMPACT] §f               §7You have §310,595 §7materials stashed away!
04:55:39 [STASH_COMPACT] §f              §8(This totals 2 types of materials stashed!)
04:55:39 [STASH_COMPACT] §f                §3§l>>> §3§lCLICK HERE§b to pick them up! §3§l<<<
04:55:39 [EMPTY]   
04:56:39 [EMPTY]  
04:56:39 [STASH_COMPACT] §f               §7You have §310,595 §7materials stashed away!
04:56:39 [STASH_COMPACT] §f              §8(This totals 2 types of materials stashed!)
04:56:39 [STASH_COMPACT] §f                §3§l>>> §3§lCLICK HERE§b to pick them up! §3§l<<<
04:56:39 [EMPTY]   
04:57:39 [EMPTY]  
04:57:39 [STASH_COMPACT] §f               §7You have §310,595 §7materials stashed away!
04:57:39 [STASH_COMPACT] §f              §8(This totals 2 types of materials stashed!)
04:57:39 [STASH_COMPACT] §f                §3§l>>> §3§lCLICK HERE§b to pick them up! §3§l<<<
04:57:39 [EMPTY]   
04:58:40 [EMPTY]  
04:58:40 [STASH_COMPACT] §f               §7You have §310,595 §7materials stashed away!
04:58:40 [STASH_COMPACT] §f              §8(This totals 2 types of materials stashed!)
04:58:40 [STASH_COMPACT] §f                §3§l>>> §3§lCLICK HERE§b to pick them up! §3§l<<<
04:58:40 [EMPTY]   
04:59:40 [EMPTY]  
04:59:40 [STASH_COMPACT] §f               §7You have §310,595 §7materials stashed away!
04:59:40 [STASH_COMPACT] §f              §8(This totals 2 types of materials stashed!)
04:59:40 [STASH_COMPACT] §f                §3§l>>> §3§lCLICK HERE§b to pick them up! §3§l<<<
04:59:40 [EMPTY]   
05:00:22 [EMPTY] §f
05:00:22 [EMPTY] §c
05:00:40 [EMPTY]  
05:00:40 [STASH_COMPACT] §f               §7You have §310,595 §7materials stashed away!
05:00:40 [STASH_COMPACT] §f              §8(This totals 2 types of materials stashed!)
05:00:40 [STASH_COMPACT] §f                §3§l>>> §3§lCLICK HERE§b to pick them up! §3§l<<<
05:00:40 [EMPTY]   
05:01:40 [EMPTY]  
05:01:40 [STASH_COMPACT] §f               §7You have §310,595 §7materials stashed away!
05:01:40 [STASH_COMPACT] §f              §8(This totals 2 types of materials stashed!)
05:01:40 [STASH_COMPACT] §f                §3§l>>> §3§lCLICK HERE§b to pick them up! §3§l<<<
05:01:40 [EMPTY]   
05:02:41 [EMPTY]  
05:02:41 [STASH_COMPACT] §f               §7You have §310,595 §7materials stashed away!
05:02:41 [STASH_COMPACT] §f              §8(This totals 2 types of materials stashed!)
05:02:41 [STASH_COMPACT] §f                §3§l>>> §3§lCLICK HERE§b to pick them up! §3§l<<<
05:02:41 [EMPTY]   
05:03:41 [EMPTY]  
05:03:41 [STASH_COMPACT] §f               §7You have §310,595 §7materials stashed away!
05:03:41 [STASH_COMPACT] §f              §8(This totals 2 types of materials stashed!)
05:03:41 [STASH_COMPACT] §f                §3§l>>> §3§lCLICK HERE§b to pick them up! §3§l<<<
05:03:41 [EMPTY]   
05:04:41 [EMPTY]  
05:04:41 [STASH_COMPACT] §f               §7You have §310,595 §7materials stashed away!
05:04:41 [STASH_COMPACT] §f              §8(This totals 2 types of materials stashed!)
05:04:41 [STASH_COMPACT] §f                §3§l>>> §3§lCLICK HERE§b to pick them up! §3§l<<<
05:04:41 [EMPTY]   
05:05:11 [EMPTY] 
05:05:41 [EMPTY]  
05:05:41 [STASH_COMPACT] §f               §7You have §310,595 §7materials stashed away!
05:05:41 [STASH_COMPACT] §f              §8(This totals 2 types of materials stashed!)
05:05:41 [STASH_COMPACT] §f                §3§l>>> §3§lCLICK HERE§b to pick them up! §3§l<<<
05:05:41 [EMPTY]   
05:06:41 [EMPTY]  
05:06:41 [STASH_COMPACT] §f               §7You have §310,595 §7materials stashed away!
05:06:41 [STASH_COMPACT] §f              §8(This totals 2 types of materials stashed!)
05:06:41 [STASH_COMPACT] §f                §3§l>>> §3§lCLICK HERE§b to pick them up! §3§l<<<
05:06:41 [EMPTY]   
05:07:11 [EMPTY] §f                                        
05:07:41 [EMPTY]  
05:07:41 [STASH_COMPACT] §f               §7You have §310,595 §7materials stashed away!
05:07:41 [STASH_COMPACT] §f              §8(This totals 2 types of materials stashed!)
05:07:41 [STASH_COMPACT] §f                §3§l>>> §3§lCLICK HERE§b to pick them up! §3§l<<<
05:07:41 [EMPTY]   
05:08:42 [EMPTY]  
05:08:42 [STASH_COMPACT] §f               §7You have §310,595 §7materials stashed away!
05:08:42 [STASH_COMPACT] §f              §8(This totals 2 types of materials stashed!)
05:08:42 [STASH_COMPACT] §f                §3§l>>> §3§lCLICK HERE§b to pick them up! §3§l<<<
05:08:42 [EMPTY]   
05:09:42 [EMPTY]  
05:09:42 [STASH_COMPACT] §f               §7You have §310,595 §7materials stashed away!
05:09:42 [STASH_COMPACT] §f              §8(This totals 2 types of materials stashed!)
05:09:42 [STASH_COMPACT] §f                §3§l>>> §3§lCLICK HERE§b to pick them up! §3§l<<<
05:09:42 [EMPTY]   
05:10:42 [EMPTY]  
05:10:42 [STASH_COMPACT] §f               §7You have §310,595 §7materials stashed away!
05:10:42 [STASH_COMPACT] §f              §8(This totals 2 types of materials stashed!)
05:10:42 [STASH_COMPACT] §f                §3§l>>> §3§lCLICK HERE§b to pick them up! §3§l<<<
05:10:42 [EMPTY]   
05:11:42 [EMPTY]  
05:11:42 [STASH_COMPACT] §f               §7You have §310,595 §7materials stashed away!
05:11:42 [STASH_COMPACT] §f              §8(This totals 2 types of materials stashed!)
05:11:42 [STASH_COMPACT] §f                §3§l>>> §3§lCLICK HERE§b to pick them up! §3§l<<<
05:11:42 [EMPTY]   
05:12:42 [EMPTY]  
05:12:42 [STASH_COMPACT] §f               §7You have §310,595 §7materials stashed away!
05:12:42 [STASH_COMPACT] §f              §8(This totals 2 types of materials stashed!)
05:12:42 [STASH_COMPACT] §f                §3§l>>> §3§lCLICK HERE§b to pick them up! §3§l<<<
05:12:42 [EMPTY]   
05:13:42 [EMPTY]  
05:13:42 [STASH_COMPACT] §f               §7You have §310,595 §7materials stashed away!
05:13:42 [STASH_COMPACT] §f              §8(This totals 2 types of materials stashed!)
05:13:42 [STASH_COMPACT] §f                §3§l>>> §3§lCLICK HERE§b to pick them up! §3§l<<<
05:13:42 [EMPTY]   
05:14:42 [EMPTY]  
05:14:42 [STASH_COMPACT] §f               §7You have §310,595 §7materials stashed away!
05:14:42 [STASH_COMPACT] §f              §8(This totals 2 types of materials stashed!)
05:14:42 [STASH_COMPACT] §f                §3§l>>> §3§lCLICK HERE§b to pick them up! §3§l<<<
05:14:42 [EMPTY]   
05:15:43 [EMPTY]  
05:15:43 [STASH_COMPACT] §f               §7You have §310,595 §7materials stashed away!
05:15:43 [STASH_COMPACT] §f              §8(This totals 2 types of materials stashed!)
05:15:43 [STASH_COMPACT] §f                §3§l>>> §3§lCLICK HERE§b to pick them up! §3§l<<<
05:15:43 [EMPTY]   
05:16:43 [EMPTY]  
05:16:43 [STASH_COMPACT] §f               §7You have §310,595 §7materials stashed away!
05:16:43 [STASH_COMPACT] §f              §8(This totals 2 types of materials stashed!)
05:16:43 [STASH_COMPACT] §f                §3§l>>> §3§lCLICK HERE§b to pick them up! §3§l<<<
05:16:43 [EMPTY]   
05:17:43 [EMPTY]  
05:17:43 [STASH_COMPACT] §f               §7You have §310,595 §7materials stashed away!
05:17:43 [STASH_COMPACT] §f              §8(This totals 2 types of materials stashed!)
05:17:43 [STASH_COMPACT] §f                §3§l>>> §3§lCLICK HERE§b to pick them up! §3§l<<<
05:17:43 [EMPTY]   
05:18:43 [EMPTY]  
05:18:43 [STASH_COMPACT] §f               §7You have §310,595 §7materials stashed away!
05:18:43 [STASH_COMPACT] §f              §8(This totals 2 types of materials stashed!)
05:18:43 [STASH_COMPACT] §f                §3§l>>> §3§lCLICK HERE§b to pick them up! §3§l<<<
05:18:43 [EMPTY]   
05:19:43 [EMPTY]  
05:19:43 [STASH_COMPACT] §f               §7You have §310,595 §7materials stashed away!
05:19:43 [STASH_COMPACT] §f              §8(This totals 2 types of materials stashed!)
05:19:43 [STASH_COMPACT] §f                §3§l>>> §3§lCLICK HERE§b to pick them up! §3§l<<<
05:19:43 [EMPTY]   
05:20:43 [EMPTY]  
05:20:43 [STASH_COMPACT] §f               §7You have §310,595 §7materials stashed away!
05:20:43 [STASH_COMPACT] §f              §8(This totals 2 types of materials stashed!)
05:20:43 [STASH_COMPACT] §f                §3§l>>> §3§lCLICK HERE§b to pick them up! §3§l<<<
05:20:43 [EMPTY]   
05:21:43 [EMPTY]  
05:21:43 [STASH_COMPACT] §f               §7You have §310,595 §7materials stashed away!
05:21:43 [STASH_COMPACT] §f              §8(This totals 2 types of materials stashed!)
05:21:43 [STASH_COMPACT] §f                §3§l>>> §3§lCLICK HERE§b to pick them up! §3§l<<<
05:21:43 [EMPTY]   
05:22:44 [EMPTY]  
05:22:44 [STASH_COMPACT] §f               §7You have §310,595 §7materials stashed away!
05:22:44 [STASH_COMPACT] §f              §8(This totals 2 types of materials stashed!)
05:22:44 [STASH_COMPACT] §f                §3§l>>> §3§lCLICK HERE§b to pick them up! §3§l<<<
05:22:44 [EMPTY]   
05:23:44 [EMPTY]  
05:23:44 [STASH_COMPACT] §f               §7You have §310,595 §7materials stashed away!
05:23:44 [STASH_COMPACT] §f              §8(This totals 2 types of materials stashed!)
05:23:44 [STASH_COMPACT] §f                §3§l>>> §3§lCLICK HERE§b to pick them up! §3§l<<<
05:23:44 [EMPTY]   
05:24:44 [EMPTY]  
05:24:44 [STASH_COMPACT] §f               §7You have §310,595 §7materials stashed away!
05:24:44 [STASH_COMPACT] §f              §8(This totals 2 types of materials stashed!)
05:24:44 [STASH_COMPACT] §f                §3§l>>> §3§lCLICK HERE§b to pick them up! §3§l<<<
05:24:44 [EMPTY]   
05:25:14 [EMPTY] 
05:25:44 [EMPTY]  
05:25:44 [STASH_COMPACT] §f               §7You have §310,595 §7materials stashed away!
05:25:44 [STASH_COMPACT] §f              §8(This totals 2 types of materials stashed!)
05:25:44 [STASH_COMPACT] §f                §3§l>>> §3§lCLICK HERE§b to pick them up! §3§l<<<
05:25:44 [EMPTY]   
05:26:44 [EMPTY]  
05:26:44 [STASH_COMPACT] §f               §7You have §310,595 §7materials stashed away!
05:26:44 [STASH_COMPACT] §f              §8(This totals 2 types of materials stashed!)
05:26:44 [STASH_COMPACT] §f                §3§l>>> §3§lCLICK HERE§b to pick them up! §3§l<<<
05:26:44 [EMPTY]   
05:27:02 [EMPTY] §f                                        
05:27:44 [EMPTY]  
05:27:44 [STASH_COMPACT] §f               §7You have §310,595 §7materials stashed away!
05:27:44 [STASH_COMPACT] §f              §8(This totals 2 types of materials stashed!)
05:27:44 [STASH_COMPACT] §f                §3§l>>> §3§lCLICK HERE§b to pick them up! §3§l<<<
05:27:44 [EMPTY]   
05:28:44 [EMPTY]  
05:28:44 [STASH_COMPACT] §f               §7You have §310,595 §7materials stashed away!
05:28:44 [STASH_COMPACT] §f              §8(This totals 2 types of materials stashed!)
05:28:44 [STASH_COMPACT] §f                §3§l>>> §3§lCLICK HERE§b to pick them up! §3§l<<<
05:28:44 [EMPTY]   
05:29:45 [EMPTY]  
05:29:45 [STASH_COMPACT] §f               §7You have §310,595 §7materials stashed away!
05:29:45 [STASH_COMPACT] §f              §8(This totals 2 types of materials stashed!)
05:29:45 [STASH_COMPACT] §f                §3§l>>> §3§lCLICK HERE§b to pick them up! §3§l<<<
05:29:45 [EMPTY]   
05:30:45 [EMPTY]  
05:30:45 [STASH_COMPACT] §f               §7You have §310,595 §7materials stashed away!
05:30:45 [STASH_COMPACT] §f              §8(This totals 2 types of materials stashed!)
05:30:45 [STASH_COMPACT] §f                §3§l>>> §3§lCLICK HERE§b to pick them up! §3§l<<<
05:30:45 [EMPTY]   
05:31:45 [EMPTY]  
05:31:45 [STASH_COMPACT] §f               §7You have §310,595 §7materials stashed away!
05:31:45 [STASH_COMPACT] §f              §8(This totals 2 types of materials stashed!)
05:31:45 [STASH_COMPACT] §f                §3§l>>> §3§lCLICK HERE§b to pick them up! §3§l<<<
05:31:45 [EMPTY]   
05:32:45 [EMPTY]  
05:32:45 [STASH_COMPACT] §f               §7You have §310,595 §7materials stashed away!
05:32:45 [STASH_COMPACT] §f              §8(This totals 2 types of materials stashed!)
05:32:45 [STASH_COMPACT] §f                §3§l>>> §3§lCLICK HERE§b to pick them up! §3§l<<<
05:32:45 [EMPTY]   
05:33:45 [EMPTY]  
05:33:45 [STASH_COMPACT] §f               §7You have §310,595 §7materials stashed away!
05:33:45 [STASH_COMPACT] §f              §8(This totals 2 types of materials stashed!)
05:33:45 [STASH_COMPACT] §f                §3§l>>> §3§lCLICK HERE§b to pick them up! §3§l<<<
05:33:45 [EMPTY]   
05:34:45 [EMPTY]  
05:34:45 [STASH_COMPACT] §f               §7You have §310,595 §7materials stashed away!
05:34:45 [STASH_COMPACT] §f              §8(This totals 2 types of materials stashed!)
05:34:45 [STASH_COMPACT] §f                §3§l>>> §3§lCLICK HERE§b to pick them up! §3§l<<<
05:34:45 [EMPTY]   
05:35:46 [EMPTY]  
05:35:46 [STASH_COMPACT] §f               §7You have §310,595 §7materials stashed away!
05:35:46 [STASH_COMPACT] §f              §8(This totals 2 types of materials stashed!)
05:35:46 [STASH_COMPACT] §f                §3§l>>> §3§lCLICK HERE§b to pick them up! §3§l<<<
05:35:46 [EMPTY]   
05:36:46 [EMPTY]  
05:36:46 [STASH_COMPACT] §f               §7You have §310,595 §7materials stashed away!
05:36:46 [STASH_COMPACT] §f              §8(This totals 2 types of materials stashed!)
05:36:46 [STASH_COMPACT] §f                §3§l>>> §3§lCLICK HERE§b to pick them up! §3§l<<<
05:36:46 [EMPTY]   
05:37:46 [EMPTY]  
05:37:46 [STASH_COMPACT] §f               §7You have §310,595 §7materials stashed away!
05:37:46 [STASH_COMPACT] §f              §8(This totals 2 types of materials stashed!)
05:37:46 [STASH_COMPACT] §f                §3§l>>> §3§lCLICK HERE§b to pick them up! §3§l<<<
05:37:46 [EMPTY]   
05:38:46 [EMPTY]  
05:38:46 [STASH_COMPACT] §f               §7You have §310,595 §7materials stashed away!
05:38:46 [STASH_COMPACT] §f              §8(This totals 2 types of materials stashed!)
05:38:46 [STASH_COMPACT] §f                §3§l>>> §3§lCLICK HERE§b to pick them up! §3§l<<<
05:38:46 [EMPTY]   
05:39:46 [EMPTY]  
05:39:46 [STASH_COMPACT] §f               §7You have §310,595 §7materials stashed away!
05:39:46 [STASH_COMPACT] §f              §8(This totals 2 types of materials stashed!)
05:39:46 [STASH_COMPACT] §f                §3§l>>> §3§lCLICK HERE§b to pick them up! §3§l<<<
05:39:46 [EMPTY]   
05:40:46 [EMPTY]  
05:40:46 [STASH_COMPACT] §f               §7You have §310,595 §7materials stashed away!
05:40:46 [STASH_COMPACT] §f              §8(This totals 2 types of materials stashed!)
05:40:46 [STASH_COMPACT] §f                §3§l>>> §3§lCLICK HERE§b to pick them up! §3§l<<<
05:40:46 [EMPTY]   
05:41:46 [EMPTY]  
05:41:46 [STASH_COMPACT] §f               §7You have §310,595 §7materials stashed away!
05:41:46 [STASH_COMPACT] §f              §8(This totals 2 types of materials stashed!)
05:41:46 [STASH_COMPACT] §f                §3§l>>> §3§lCLICK HERE§b to pick them up! §3§l<<<
05:41:46 [EMPTY]   
05:42:47 [EMPTY]  
05:42:47 [STASH_COMPACT] §f               §7You have §310,595 §7materials stashed away!
05:42:47 [STASH_COMPACT] §f              §8(This totals 2 types of materials stashed!)
05:42:47 [STASH_COMPACT] §f                §3§l>>> §3§lCLICK HERE§b to pick them up! §3§l<<<
05:42:47 [EMPTY]   
05:43:47 [EMPTY]  
05:43:47 [STASH_COMPACT] §f               §7You have §310,595 §7materials stashed away!
05:43:47 [STASH_COMPACT] §f              §8(This totals 2 types of materials stashed!)
05:43:47 [STASH_COMPACT] §f                §3§l>>> §3§lCLICK HERE§b to pick them up! §3§l<<<
05:43:47 [EMPTY]   
05:44:47 [EMPTY]  
05:44:47 [STASH_COMPACT] §f               §7You have §310,595 §7materials stashed away!
05:44:47 [STASH_COMPACT] §f              §8(This totals 2 types of materials stashed!)
05:44:47 [STASH_COMPACT] §f                §3§l>>> §3§lCLICK HERE§b to pick them up! §3§l<<<
05:44:47 [EMPTY]   
05:45:05 [EMPTY] 
05:45:47 [EMPTY]  
05:45:47 [STASH_COMPACT] §f               §7You have §310,595 §7materials stashed away!
05:45:47 [STASH_COMPACT] §f              §8(This totals 2 types of materials stashed!)
05:45:47 [STASH_COMPACT] §f                §3§l>>> §3§lCLICK HERE§b to pick them up! §3§l<<<
05:45:47 [EMPTY]   
05:46:47 [EMPTY]  
05:46:47 [STASH_COMPACT] §f               §7You have §310,595 §7materials stashed away!
05:46:47 [STASH_COMPACT] §f              §8(This totals 2 types of materials stashed!)
05:46:47 [STASH_COMPACT] §f                §3§l>>> §3§lCLICK HERE§b to pick them up! §3§l<<<
05:46:47 [EMPTY]   
05:47:05 [EMPTY] §f                                        
05:47:47 [EMPTY]  
05:47:47 [STASH_COMPACT] §f               §7You have §310,595 §7materials stashed away!
05:47:47 [STASH_COMPACT] §f              §8(This totals 2 types of materials stashed!)
05:47:47 [STASH_COMPACT] §f                §3§l>>> §3§lCLICK HERE§b to pick them up! §3§l<<<
05:47:47 [EMPTY]   
05:48:48 [EMPTY]  
05:48:48 [STASH_COMPACT] §f               §7You have §310,595 §7materials stashed away!
05:48:48 [STASH_COMPACT] §f              §8(This totals 2 types of materials stashed!)
05:48:48 [STASH_COMPACT] §f                §3§l>>> §3§lCLICK HERE§b to pick them up! §3§l<<<
05:48:48 [EMPTY]   
05:49:48 [EMPTY]  
05:49:48 [STASH_COMPACT] §f               §7You have §310,595 §7materials stashed away!
05:49:48 [STASH_COMPACT] §f              §8(This totals 2 types of materials stashed!)
05:49:48 [STASH_COMPACT] §f                §3§l>>> §3§lCLICK HERE§b to pick them up! §3§l<<<
05:49:48 [EMPTY]   
05:50:48 [EMPTY]  
05:50:48 [STASH_COMPACT] §f               §7You have §310,595 §7materials stashed away!
05:50:48 [STASH_COMPACT] §f              §8(This totals 2 types of materials stashed!)
05:50:48 [STASH_COMPACT] §f                §3§l>>> §3§lCLICK HERE§b to pick them up! §3§l<<<
05:50:48 [EMPTY]   
05:51:48 [EMPTY]  
05:51:48 [STASH_COMPACT] §f               §7You have §310,595 §7materials stashed away!
05:51:48 [STASH_COMPACT] §f              §8(This totals 2 types of materials stashed!)
05:51:48 [STASH_COMPACT] §f                §3§l>>> §3§lCLICK HERE§b to pick them up! §3§l<<<
05:51:48 [EMPTY]   
05:52:48 [EMPTY]  
05:52:48 [STASH_COMPACT] §f               §7You have §310,595 §7materials stashed away!
05:52:48 [STASH_COMPACT] §f              §8(This totals 2 types of materials stashed!)
05:52:48 [STASH_COMPACT] §f                §3§l>>> §3§lCLICK HERE§b to pick them up! §3§l<<<
05:52:48 [EMPTY]   
05:53:48 [EMPTY]  
05:53:48 [STASH_COMPACT] §f               §7You have §310,595 §7materials stashed away!
05:53:48 [STASH_COMPACT] §f              §8(This totals 2 types of materials stashed!)
05:53:48 [STASH_COMPACT] §f                §3§l>>> §3§lCLICK HERE§b to pick them up! §3§l<<<
05:53:48 [EMPTY]   
05:54:48 [EMPTY]  
05:54:48 [STASH_COMPACT] §f               §7You have §310,595 §7materials stashed away!
05:54:48 [STASH_COMPACT] §f              §8(This totals 2 types of materials stashed!)
05:54:48 [STASH_COMPACT] §f                §3§l>>> §3§lCLICK HERE§b to pick them up! §3§l<<<
05:54:48 [EMPTY]   
05:55:34 [EMPTY] §8 §r§8 §r§1 §r§3 §r§3 §r§7 §r§8 
05:55:38 [EMPTY]  
05:55:38 [STASH_COMPACT] §f               §7You have §310,595 §7materials stashed away!
05:55:38 [STASH_COMPACT] §f              §8(This totals 2 types of materials stashed!)
05:55:38 [STASH_COMPACT] §f                §3§l>>> §3§lCLICK HERE§b to pick them up! §3§l<<<
05:55:38 [EMPTY]   
05:55:38 [EMPTY]  
05:55:38 [STASH_COMPACT] §f               §7You have §310,595 §7materials stashed away!
05:55:38 [STASH_COMPACT] §f              §8(This totals 2 types of materials stashed!)
05:55:38 [STASH_COMPACT] §f                §3§l>>> §3§lCLICK HERE§b to pick them up! §3§l<<<
05:55:38 [EMPTY]   
05:56:39 [EMPTY]  
05:56:39 [STASH_COMPACT] §f               §7You have §310,595 §7materials stashed away!
05:56:39 [STASH_COMPACT] §f              §8(This totals 2 types of materials stashed!)
05:56:39 [STASH_COMPACT] §f                §3§l>>> §3§lCLICK HERE§b to pick them up! §3§l<<<
05:56:39 [EMPTY]   
05:57:39 [EMPTY]  
05:57:39 [STASH_COMPACT] §f               §7You have §310,595 §7materials stashed away!
05:57:39 [STASH_COMPACT] §f              §8(This totals 2 types of materials stashed!)
05:57:39 [STASH_COMPACT] §f                §3§l>>> §3§lCLICK HERE§b to pick them up! §3§l<<<
05:57:39 [EMPTY]   
05:58:39 [EMPTY]  
05:58:39 [STASH_COMPACT] §f               §7You have §310,595 §7materials stashed away!
05:58:39 [STASH_COMPACT] §f              §8(This totals 2 types of materials stashed!)
05:58:39 [STASH_COMPACT] §f                §3§l>>> §3§lCLICK HERE§b to pick them up! §3§l<<<
05:58:39 [EMPTY]   
05:59:40 [EMPTY]  
05:59:40 [STASH_COMPACT] §f               §7You have §310,595 §7materials stashed away!
05:59:40 [STASH_COMPACT] §f              §8(This totals 2 types of materials stashed!)
05:59:40 [STASH_COMPACT] §f                §3§l>>> §3§lCLICK HERE§b to pick them up! §3§l<<<
05:59:40 [EMPTY]   
06:00:20 [EMPTY] §8 §r§8 §r§1 §r§3 §r§3 §r§7 §r§8 
06:00:24 [EMPTY]  
06:00:24 [STASH_COMPACT] §f               §7You have §310,595 §7materials stashed away!
06:00:24 [STASH_COMPACT] §f              §8(This totals 2 types of materials stashed!)
06:00:24 [STASH_COMPACT] §f                §3§l>>> §3§lCLICK HERE§b to pick them up! §3§l<<<
06:00:24 [EMPTY]   
06:00:28 [EMPTY] 
06:00:28 [EMPTY] 
06:00:29 [EMPTY]  
06:00:29 [STASH_COMPACT] §f               §7You have §310,595 §7materials stashed away!
06:00:29 [STASH_COMPACT] §f              §8(This totals 2 types of materials stashed!)
06:00:29 [STASH_COMPACT] §f                §3§l>>> §3§lCLICK HERE§b to pick them up! §3§l<<<
06:00:29 [EMPTY]   
06:01:30 [EMPTY]  
06:01:30 [STASH_COMPACT] §f               §7You have §310,595 §7materials stashed away!
06:01:30 [STASH_COMPACT] §f              §8(This totals 2 types of materials stashed!)
06:01:30 [STASH_COMPACT] §f                §3§l>>> §3§lCLICK HERE§b to pick them up! §3§l<<<
06:01:30 [EMPTY]   
06:02:31 [EMPTY]  
06:02:31 [STASH_COMPACT] §f               §7You have §310,595 §7materials stashed away!
06:02:31 [STASH_COMPACT] §f              §8(This totals 2 types of materials stashed!)
06:02:31 [STASH_COMPACT] §f                §3§l>>> §3§lCLICK HERE§b to pick them up! §3§l<<<
06:02:31 [EMPTY]   
06:03:31 [EMPTY]  
06:03:31 [STASH_COMPACT] §f               §7You have §310,595 §7materials stashed away!
06:03:31 [STASH_COMPACT] §f              §8(This totals 2 types of materials stashed!)
06:03:31 [STASH_COMPACT] §f                §3§l>>> §3§lCLICK HERE§b to pick them up! §3§l<<<
06:03:31 [EMPTY]   
06:04:32 [EMPTY]  
06:04:32 [STASH_COMPACT] §f               §7You have §310,595 §7materials stashed away!
06:04:32 [STASH_COMPACT] §f              §8(This totals 2 types of materials stashed!)
06:04:32 [STASH_COMPACT] §f                §3§l>>> §3§lCLICK HERE§b to pick them up! §3§l<<<
06:04:32 [EMPTY]   
06:05:33 [EMPTY]  
06:05:33 [STASH_COMPACT] §f               §7You have §310,595 §7materials stashed away!
06:05:33 [STASH_COMPACT] §f              §8(This totals 2 types of materials stashed!)
06:05:33 [STASH_COMPACT] §f                §3§l>>> §3§lCLICK HERE§b to pick them up! §3§l<<<
06:05:33 [EMPTY]   
06:06:34 [EMPTY]  
06:06:34 [STASH_COMPACT] §f               §7You have §310,595 §7materials stashed away!
06:06:34 [STASH_COMPACT] §f              §8(This totals 2 types of materials stashed!)
06:06:34 [STASH_COMPACT] §f                §3§l>>> §3§lCLICK HERE§b to pick them up! §3§l<<<
06:06:34 [EMPTY]   
06:07:34 [EMPTY]  
06:07:34 [STASH_COMPACT] §f               §7You have §310,595 §7materials stashed away!
06:07:34 [STASH_COMPACT] §f              §8(This totals 2 types of materials stashed!)
06:07:34 [STASH_COMPACT] §f                §3§l>>> §3§lCLICK HERE§b to pick them up! §3§l<<<
06:07:34 [EMPTY]   
06:08:35 [EMPTY]  
06:08:35 [STASH_COMPACT] §f               §7You have §310,595 §7materials stashed away!
06:08:35 [STASH_COMPACT] §f              §8(This totals 2 types of materials stashed!)
06:08:35 [STASH_COMPACT] §f                §3§l>>> §3§lCLICK HERE§b to pick them up! §3§l<<<
06:08:35 [EMPTY]   
06:09:36 [EMPTY]  
06:09:36 [STASH_COMPACT] §f               §7You have §310,595 §7materials stashed away!
06:09:36 [STASH_COMPACT] §f              §8(This totals 2 types of materials stashed!)
06:09:36 [STASH_COMPACT] §f                §3§l>>> §3§lCLICK HERE§b to pick them up! §3§l<<<
06:09:36 [EMPTY]   
06:10:37 [EMPTY]  
06:10:37 [STASH_COMPACT] §f               §7You have §310,595 §7materials stashed away!
06:10:37 [STASH_COMPACT] §f              §8(This totals 2 types of materials stashed!)
06:10:37 [STASH_COMPACT] §f                §3§l>>> §3§lCLICK HERE§b to pick them up! §3§l<<<
06:10:37 [EMPTY]   
06:11:38 [EMPTY]  
06:11:38 [STASH_COMPACT] §f               §7You have §310,595 §7materials stashed away!
06:11:38 [STASH_COMPACT] §f              §8(This totals 2 types of materials stashed!)
06:11:38 [STASH_COMPACT] §f                §3§l>>> §3§lCLICK HERE§b to pick them up! §3§l<<<
06:11:38 [EMPTY]   
06:12:38 [EMPTY]  
06:12:38 [STASH_COMPACT] §f               §7You have §310,595 §7materials stashed away!
06:12:38 [STASH_COMPACT] §f              §8(This totals 2 types of materials stashed!)
06:12:38 [STASH_COMPACT] §f                §3§l>>> §3§lCLICK HERE§b to pick them up! §3§l<<<
06:12:38 [EMPTY]   
06:13:39 [EMPTY]  
06:13:39 [STASH_COMPACT] §f               §7You have §310,595 §7materials stashed away!
06:13:39 [STASH_COMPACT] §f              §8(This totals 2 types of materials stashed!)
06:13:39 [STASH_COMPACT] §f                §3§l>>> §3§lCLICK HERE§b to pick them up! §3§l<<<
06:13:39 [EMPTY]   
06:14:40 [EMPTY]  
06:14:40 [STASH_COMPACT] §f               §7You have §310,595 §7materials stashed away!
06:14:40 [STASH_COMPACT] §f              §8(This totals 2 types of materials stashed!)
06:14:40 [STASH_COMPACT] §f                §3§l>>> §3§lCLICK HERE§b to pick them up! §3§l<<<
06:14:40 [EMPTY]   
06:15:01 [SKYMALL] §bNew day! §r§eYour §r§2Sky Mall §r§ebuff changed!
06:15:01 [SKYMALL] §eNew buff§r§r§r: §r§fGain §r§a+15% §r§fmore Powder while mining.
06:15:01 [SKYMALL] §8§oYou can disable this messaging by toggling Sky Mall in your /hotm!
06:15:41 [EMPTY]  
06:15:41 [STASH_COMPACT] §f               §7You have §310,595 §7materials stashed away!
06:15:41 [STASH_COMPACT] §f              §8(This totals 2 types of materials stashed!)
06:15:41 [STASH_COMPACT] §f                §3§l>>> §3§lCLICK HERE§b to pick them up! §3§l<<<
06:15:41 [EMPTY]   
06:16:41 [EMPTY]  
06:16:41 [STASH_COMPACT] §f               §7You have §310,595 §7materials stashed away!
06:16:41 [STASH_COMPACT] §f              §8(This totals 2 types of materials stashed!)
06:16:41 [STASH_COMPACT] §f                §3§l>>> §3§lCLICK HERE§b to pick them up! §3§l<<<
06:16:41 [EMPTY]   
06:17:41 [EMPTY] 
06:17:41 [EMPTY] 
06:17:42 [EMPTY]  
06:17:42 [STASH_COMPACT] §f               §7You have §310,595 §7materials stashed away!
06:17:42 [STASH_COMPACT] §f              §8(This totals 2 types of materials stashed!)
06:17:42 [STASH_COMPACT] §f                §3§l>>> §3§lCLICK HERE§b to pick them up! §3§l<<<
06:17:42 [EMPTY]   
06:18:43 [EMPTY]  
06:18:43 [STASH_COMPACT] §f               §7You have §310,595 §7materials stashed away!
06:18:43 [STASH_COMPACT] §f              §8(This totals 2 types of materials stashed!)
06:18:43 [STASH_COMPACT] §f                §3§l>>> §3§lCLICK HERE§b to pick them up! §3§l<<<
06:18:43 [EMPTY]   
06:19:43 [EMPTY]  
06:19:43 [STASH_COMPACT] §f               §7You have §310,595 §7materials stashed away!
06:19:43 [STASH_COMPACT] §f              §8(This totals 2 types of materials stashed!)
06:19:43 [STASH_COMPACT] §f                §3§l>>> §3§lCLICK HERE§b to pick them up! §3§l<<<
06:19:43 [EMPTY]   
06:20:44 [EMPTY] 
06:20:44 [EMPTY] 
06:20:44 [EMPTY]  
06:20:44 [STASH_COMPACT] §f               §7You have §310,595 §7materials stashed away!
06:20:44 [STASH_COMPACT] §f              §8(This totals 2 types of materials stashed!)
06:20:44 [STASH_COMPACT] §f                §3§l>>> §3§lCLICK HERE§b to pick them up! §3§l<<<
06:20:44 [EMPTY]   
06:21:45 [EMPTY]  
06:21:45 [STASH_COMPACT] §f               §7You have §310,595 §7materials stashed away!
06:21:45 [STASH_COMPACT] §f              §8(This totals 2 types of materials stashed!)
06:21:45 [STASH_COMPACT] §f                §3§l>>> §3§lCLICK HERE§b to pick them up! §3§l<<<
06:21:45 [EMPTY]   
