22:06:55 [allowed] §b[MVP§3+§b] Euphaa§f §6slid into the lobby!
22:06:55 [allowed] §b§m--------------§r§f  §r§aGuild: Message Of The Day  §r§b§m--------------
22:06:55 [allowed] §b| §r§fJoin the guild discord!
22:06:55 [allowed] §b| §r§fhttps://discord.gg/9En6jSENjY
22:06:55 [allowed] §b| §r§fHave a great day!
22:06:55 [allowed] §b§m-----------------------------------------------------
22:06:55 [allowed] §f§lHAPPY HOLIDAYS §e§lFROM HYPIXEL§r
§r§aYou may claim today's §bAdvent Calendar §areward!
§eClick here to claim!§r

22:06:55 [allowed] §b[MVP§3+§b] ncrxue§f §6slid into the lobby!
22:06:56 [allowed] §b[MVP§9+§b] AndreerdnA§f §6slid into the lobby!
22:06:57 [allowed] §b[MVP§6+§b] Saboadyy§f §6slid into the lobby!
22:06:57 [allowed]   §r§f§l➤ §r§6You have reached your Hype limit! Add Hype to Prototype Lobby minigames by right-clicking with the Hype Diamond!
22:07:06 [allowed] §b[MVP§8+§b] uRemembered§f §6slid into the lobby!
22:07:07 [allowed] §b[MVP§d+§b] rewqy§f §6slid into the lobby!
22:07:13 [allowed] §b[MVP§c+§b] PestWrangler§f §6slid into the lobby!
22:07:15 [allowed]  §b>§c>§a>§r §r§6[MVP§e++§6] qPixil§f §6slid into the lobby!§r §a<§c<§b<
22:07:17 [allowed] §b[MVP§4+§b] TwistyDuck§f §6slid into the lobby!
22:07:19 [allowed] §b[MVP§d+§b] BigBlackTurtle§f §6slid into the lobby!
22:07:20 [allowed]  §b>§c>§a>§r §r§6[MVP§0++§6] ilovecats29§f §6slid into the lobby!§r §a<§c<§b<
22:07:24 [allowed] §b[MVP§f+§b] v1bincat§f §6slid into the lobby!
22:07:24 [allowed] §b[MVP§5+§b] Bryaben§f §6slid into the lobby!
22:07:25 [allowed] §b[MVP§9+§b] _Penquin§f §6slid into the lobby!
22:07:31 [allowed] §b[MVP§2+§b] han1324§f §6slid into the lobby!
22:07:35 [allowed]  §b>§c>§a>§r §r§6[MVP§1++§6] Dadje§f §6slid into the lobby!§r §a<§c<§b<
22:07:41 [allowed] §b[MVP§d+§b] Jazo_§f §6slid into the lobby!
22:07:42 [allowed] §b[MVP§c+§b] DuckHippoton§f §6slid into the lobby!
22:07:47 [allowed] §b[MVP§f+§b] lurxispoo§f §6slid into the lobby!
22:07:48 [allowed] §b[MVP§2+§b] w1lder_2§f §6slid into the lobby!
22:07:49 [allowed] §b[MVP§c+§b] nochcraft72§f §6slid into the lobby!
22:07:50 [allowed] §b[MVP§c+§b] CatGirl_Nova§f §6slid into the lobby!
22:07:59 [allowed] §b[MVP§0+§b] Tovy§f §6slid into the lobby!
22:08:04 [allowed] §b[MVP§6+§b] h1soka§f §6slid into the lobby!
22:08:04 [allowed] §b[MVP§e+§b] MonomGlutamate§f §6slid into the lobby!
22:08:11 [allowed] §b[MVP§a+§b] ilyBio§f §6slid into the lobby!
22:08:14 [allowed] §b[MVP§e+§b] hsoj206§f §6slid into the lobby!
22:08:18 [allowed] §b[MVP§0+§b] iProSNOW§f §6slid into the lobby!
22:08:32 [allowed] §b[MVP§8+§b] Exmplary§f §6slid into the lobby!
22:08:34 [allowed] §b[MVP§6+§b] Artiphikyal§f §6slid into the lobby!
22:08:36 [allowed] §b[MVP§f+§b] Rainbowd63§f §6slid into the lobby!
22:08:38 [allowed] §b[MVP§c+§b] whrld_§f §6slid into the lobby!
22:08:39 [allowed] §b[MVP§c+§b] MaxJax1§f §6slid into the lobby!
22:08:42 [allowed] §b[MVP§c+§b] __C19§f §6slid into the lobby!
22:08:42 [allowed] §b[MVP§d+§b] vtoy§f §6slid into the lobby!
22:08:44 [allowed] §b[MVP§c+§b] HangingOakSign§f §6slid into the lobby!
22:08:50 [allowed] §b[MVP§c+§b] Henry_MorganZ§f §6slid into the lobby!
22:08:52 [allowed] §b[MVP§c+§b] 26Arrows§f §6slid into the lobby!
22:08:55 [allowed] §b[MVP§f+§b] OmegaXE3078§f §6slid into the lobby!
22:08:55 [allowed] §b[MVP§a+§b] ChickenOPSIII§f §6slid into the lobby!
22:08:58 [allowed] §b[MVP§a+§b] sq0Sh_§f §6slid into the lobby!
22:09:00 [allowed] §b[MVP§9+§b] TwistGet§f §6slid into the lobby!
22:09:03 [allowed] §b[MVP§c+§b] Scallywagy§f §6slid into the lobby!
22:09:03 [allowed] §b[MVP§d+§b] Sricium§f §6slid into the lobby!
22:09:06 [allowed] §b[MVP§f+§b] dye_hunter§f §6slid into the lobby!
22:09:09 [allowed] §b[MVP§e+§b] jishmu§f §6slid into the lobby!
22:09:12 [allowed] §cYou are AFK. Move around to return from AFK.
22:12:22 [allowed] §b[MVP§3+§b] Euphaa§f §6slid into the lobby!
22:12:22 [allowed] §b[MVP§c+§b] 1Lyric§f §6slid into the lobby!
22:12:22 [allowed] §b[MVP§c+§b] InTerNal_M3ss§f §6slid into the lobby!
22:12:22 [allowed] §f§lHAPPY HOLIDAYS §e§lFROM HYPIXEL§r
§r§aYou may claim today's §bAdvent Calendar §areward!
§eClick here to claim!§r

22:12:25 [allowed]   §r§f§l➤ §r§6You have reached your Hype limit! Add Hype to Prototype Lobby minigames by right-clicking with the Hype Diamond!
22:12:26 [allowed] §b[MVP§f+§b] Detective2888§f §6slid into the lobby!
22:12:26 [allowed]  §b>§c>§a>§r §r§6[MVP§d++§6] Kahzumi§f §6slid into the lobby!§r §a<§c<§b<
22:12:27 [allowed] §b[MVP§c+§b] CharlieBennett§f §6slid into the lobby!
22:12:29 [allowed] §b[MVP§6+§b] oVirtual§f §6slid into the lobby!
22:12:39 [allowed] §b[MVP§c+§b] Eplexy§f §6slid into the lobby!
22:12:40 [allowed] §b[MVP§9+§b] 2pac5819§f §6slid into the lobby!
22:12:43 [allowed] §b[MVP§c+§b] 19qt4§f §6slid into the lobby!
22:12:50 [allowed] §b[MVP§c+§b] YesterdaysWaffle§f §6slid into the lobby!
22:12:50 [allowed] §b[MVP§4+§b] Tomassy§f §6slid into the lobby!
22:12:54 [allowed] §b[MVP§2+§b] NeverEverGoon§f §6slid into the lobby!
22:12:55 [allowed] §b[MVP§6+§b] HealedPirate§f §6slid into the lobby!
22:12:57 [allowed] §b[MVP§9+§b] Shivaz§f §6slid into the lobby!
22:13:01 [allowed] §b[MVP§e+§b] CndCowboy§f §6slid into the lobby!
22:13:01 [allowed] §b[MVP§c+§b] ImVlex§f §6slid into the lobby!
22:13:01 [allowed] §b[MVP§c+§b] Alp4a§f §6slid into the lobby!
22:13:07 [allowed] §b[MVP§d+§b] Vince14§f §6slid into the lobby!
22:13:12 [allowed]  §b>§c>§a>§r §r§6[MVP§0++§6] oMirror§f §6slid into the lobby!§r §a<§c<§b<
22:13:13 [allowed] §b[MVP§6+§b] c3rrhys§f §6slid into the lobby!
22:13:18 [allowed] §b[MVP§3+§b] AerialiteOre§f §6slid into the lobby!
22:13:19 [allowed]  §b>§c>§a>§r §r§6[MVP§0++§6] Miridoo§f §6slid into the lobby!§r §a<§c<§b<
22:13:20 [allowed] §b[MVP§c+§b] ZombieK06§f §6slid into the lobby!
22:13:22 [allowed] §b[MVP§0+§b] _Flxmes§f §6slid into the lobby!
22:13:24 [allowed] §b[MVP§4+§b] ChapeleiroPreto§f §6slid into the lobby!
22:13:27 [allowed] §b[MVP§c+§b] Hyrexz§f §6slid into the lobby!
22:13:27 [allowed]  §b>§c>§a>§r §r§6[MVP§6++§6] ILOVE_PINEAPPLES§f §6slid into the lobby!§r §a<§c<§b<
22:13:31 [allowed] §b[MVP§c+§b] zachaythree§f §6slid into the lobby!
22:13:36 [allowed] §b[MVP§5+§b] EpicOverlord07§f §6slid into the lobby!
22:13:38 [allowed] §b[MVP§d+§b] BigBlackTurtle§f §6slid into the lobby!
22:13:38 [allowed] §b[MVP§f+§b] ArcWarrior§f §6slid into the lobby!
22:13:47 [allowed] §b[MVP§6+§b] Frostilitous§f §6slid into the lobby!
22:13:50 [allowed] §b[MVP§9+§b] Monster_55§f §6slid into the lobby!
22:13:51 [allowed] §b[MVP§c+§b] Ninjaoffiller§f §6slid into the lobby!
22:13:57 [allowed] §b[MVP§4+§b] Exolix§f §6slid into the lobby!
22:13:59 [allowed] §b[MVP§c+§b] 50mHyperion§f §6slid into the lobby!
22:13:59 [allowed] §b[MVP§f+§b] sparkilz§f §6slid into the lobby!
22:14:01 [allowed] §b[MVP§c+§b] JoeMan2012§f §6slid into the lobby!
22:14:04 [allowed] §b[MVP§9+§b] AdmiralSharpy§f §6slid into the lobby!
22:14:07 [allowed] §b[MVP§c+§b] ZombieK06§f §6slid into the lobby!
22:14:07 [allowed] §b[MVP§9+§b] uhMythic§f §6slid into the lobby!
22:14:10 [allowed] §b[MVP§4+§b] renaliys§f §6slid into the lobby!
22:14:14 [allowed] §b[MVP§c+§b] Segion§f §6slid into the lobby!
22:14:15 [allowed] §b[MVP§c+§b] oTerence§f §6slid into the lobby!
22:14:16 [allowed]  §b>§c>§a>§r §r§6[MVP§0++§6] Tux432§f §6slid into the lobby!§r §a<§c<§b<
22:14:18 [allowed] §b[MVP§d+§b] ComeAndThighs§f §6slid into the lobby!
22:14:21 [allowed] §b[MVP§c+§b] notanub2§f §6slid into the lobby!
22:14:22 [allowed] §b[MVP§d+§b] UmShy§f §6slid into the lobby!
