22:03:18 Trying to load config from config/skyhanni/config.json
22:03:18 load-config-now
22:03:19 Loaded config from file
22:03:19 Trying to load sacks from config/skyhanni/sacks.json
22:03:19 load-sacks-now
22:03:19 Loaded sacks from file
22:03:19 Trying to load friends from config/skyhanni/friends.json
22:03:19 load-friends-now
22:03:19 Loaded friends from file
22:03:19 Trying to load known_features from config/skyhanni/known_features.json
22:03:19 load-known_features-now
22:03:19 Loaded known_features from file
22:03:19 Trying to load jacob_contests from config/skyhanni/jacob_contests.json
22:03:19 load-jacob_contests-now
22:03:19 Loaded jacob_contests from file
22:03:19 Trying to load visual_words from config/skyhanni/visual_words.json
22:03:19 Setting visual_words to be blank as it did not exist. It will be saved once something is written to it
22:03:52 saveConfig: Updated known feature flags
22:03:52 Saving known_features file
22:04:19 saveConfig: auto-save-60s
22:04:19 Saving config file
22:05:19 saveConfig: auto-save-60s
22:05:19 Saving config file
22:06:19 saveConfig: auto-save-60s
22:06:19 Saving config file
22:07:19 saveConfig: auto-save-60s
22:07:19 Saving config file
22:08:19 saveConfig: auto-save-60s
22:08:19 Saving config file
22:09:19 saveConfig: auto-save-60s
22:09:19 Saving config file
22:10:19 saveConfig: auto-save-60s
22:10:19 Saving config file
22:11:19 saveConfig: auto-save-60s
22:11:19 Saving config file
22:12:19 saveConfig: auto-save-60s
22:12:19 Saving config file
22:13:19 saveConfig: auto-save-60s
22:13:19 Saving config file
22:13:57 saveConfig: saving-data
22:13:57 Saving sacks file
22:14:19 saveConfig: auto-save-60s
22:14:19 Saving config file
22:15:19 saveConfig: auto-save-60s
22:15:19 Saving config file
22:16:19 saveConfig: auto-save-60s
22:16:19 Saving config file
22:17:19 saveConfig: auto-save-60s
22:17:19 Saving config file
22:18:19 saveConfig: auto-save-60s
22:18:19 Saving config file
22:19:19 saveConfig: auto-save-60s
22:19:19 Saving config file
22:19:49 saveConfig: saving-data
22:19:49 Saving sacks file
22:20:19 saveConfig: auto-save-60s
22:20:19 Saving config file
22:20:51 saveConfig: Save file
22:20:51 Saving friends file
22:21:19 saveConfig: auto-save-60s
22:21:19 Saving config file
22:22:19 saveConfig: auto-save-60s
22:22:19 Saving config file
22:23:19 saveConfig: auto-save-60s
22:23:19 Saving config file
22:24:19 saveConfig: auto-save-60s
22:24:19 Saving config file
22:25:19 saveConfig: auto-save-60s
22:25:19 Saving config file
22:26:19 saveConfig: auto-save-60s
22:26:19 Saving config file
22:27:19 saveConfig: auto-save-60s
22:27:19 Saving config file
22:28:19 saveConfig: auto-save-60s
22:28:19 Saving config file
22:29:19 saveConfig: auto-save-60s
22:29:19 Saving config file
22:30:19 saveConfig: auto-save-60s
22:30:19 Saving config file
22:31:19 saveConfig: auto-save-60s
22:31:19 Saving config file
22:32:19 saveConfig: auto-save-60s
22:32:19 Saving config file
22:33:19 saveConfig: auto-save-60s
22:33:19 Saving config file
22:34:19 saveConfig: auto-save-60s
22:34:19 Saving config file
22:35:19 saveConfig: auto-save-60s
22:35:19 Saving config file
22:36:19 saveConfig: auto-save-60s
22:36:19 Saving config file
22:37:19 saveConfig: auto-save-60s
22:37:19 Saving config file
22:38:19 saveConfig: auto-save-60s
22:38:19 Saving config file
22:39:19 saveConfig: auto-save-60s
22:39:19 Saving config file
22:40:19 saveConfig: auto-save-60s
22:40:19 Saving config file
22:41:19 saveConfig: auto-save-60s
22:41:19 Saving config file
22:42:19 saveConfig: auto-save-60s
22:42:19 Saving config file
22:43:19 saveConfig: auto-save-60s
22:43:19 Saving config file
22:44:19 saveConfig: auto-save-60s
22:44:19 Saving config file
22:45:19 saveConfig: auto-save-60s
22:45:19 Saving config file
22:46:19 saveConfig: auto-save-60s
22:46:19 Saving config file
22:47:13 saveConfig: saving-data
22:47:13 Saving sacks file
22:47:19 saveConfig: auto-save-60s
22:47:19 Saving config file
22:48:19 saveConfig: auto-save-60s
22:48:19 Saving config file
22:49:19 saveConfig: auto-save-60s
22:49:19 Saving config file
22:50:17 saveConfig: saving-data
22:50:17 Saving sacks file
22:50:19 saveConfig: auto-save-60s
22:50:19 Saving config file
22:51:19 saveConfig: auto-save-60s
22:51:19 Saving config file
22:52:19 saveConfig: auto-save-60s
22:52:19 Saving config file
22:53:19 saveConfig: auto-save-60s
22:53:19 Saving config file
22:54:19 saveConfig: auto-save-60s
22:54:19 Saving config file
22:55:19 saveConfig: auto-save-60s
22:55:19 Saving config file
22:56:19 saveConfig: auto-save-60s
22:56:19 Saving config file
22:57:19 saveConfig: auto-save-60s
22:57:19 Saving config file
22:58:19 saveConfig: auto-save-60s
22:58:19 Saving config file
22:59:19 saveConfig: auto-save-60s
22:59:19 Saving config file
23:00:19 saveConfig: auto-save-60s
23:00:19 Saving config file
23:01:19 saveConfig: auto-save-60s
23:01:19 Saving config file
23:02:19 saveConfig: auto-save-60s
23:02:19 Saving config file
23:03:19 saveConfig: auto-save-60s
23:03:19 Saving config file
23:04:19 saveConfig: auto-save-60s
23:04:19 Saving config file
23:05:19 saveConfig: auto-save-60s
23:05:19 Saving config file
23:06:19 saveConfig: auto-save-60s
23:06:19 Saving config file
23:07:19 saveConfig: auto-save-60s
23:07:19 Saving config file
23:08:19 saveConfig: auto-save-60s
23:08:19 Saving config file
23:09:19 saveConfig: auto-save-60s
23:09:19 Saving config file
23:10:19 saveConfig: auto-save-60s
23:10:19 Saving config file
23:11:19 saveConfig: auto-save-60s
23:11:19 Saving config file
23:12:19 saveConfig: auto-save-60s
23:12:19 Saving config file
23:13:19 saveConfig: auto-save-60s
23:13:19 Saving config file
23:14:19 saveConfig: auto-save-60s
23:14:19 Saving config file
23:15:19 saveConfig: auto-save-60s
23:15:19 Saving config file
23:16:19 saveConfig: auto-save-60s
23:16:19 Saving config file
23:17:19 saveConfig: auto-save-60s
23:17:19 Saving config file
23:18:19 saveConfig: auto-save-60s
23:18:19 Saving config file
23:19:19 saveConfig: auto-save-60s
23:19:19 Saving config file
23:20:19 saveConfig: auto-save-60s
23:20:19 Saving config file
23:21:19 saveConfig: auto-save-60s
23:21:19 Saving config file
23:22:19 saveConfig: auto-save-60s
23:22:19 Saving config file
23:23:19 saveConfig: auto-save-60s
23:23:19 Saving config file
23:23:26 saveConfig: saving-data
23:23:26 Saving sacks file
23:24:19 saveConfig: auto-save-60s
23:24:19 Saving config file
23:25:19 saveConfig: auto-save-60s
23:25:19 Saving config file
23:26:19 saveConfig: auto-save-60s
23:26:19 Saving config file
23:27:19 saveConfig: auto-save-60s
23:27:19 Saving config file
23:28:19 saveConfig: auto-save-60s
23:28:19 Saving config file
23:29:19 saveConfig: auto-save-60s
23:29:19 Saving config file
23:30:19 saveConfig: auto-save-60s
23:30:19 Saving config file
23:31:19 saveConfig: auto-save-60s
23:31:19 Saving config file
23:32:19 saveConfig: auto-save-60s
23:32:19 Saving config file
23:33:19 saveConfig: auto-save-60s
23:33:19 Saving config file
23:34:19 saveConfig: auto-save-60s
23:34:19 Saving config file
23:35:19 saveConfig: auto-save-60s
23:35:19 Saving config file
23:36:19 saveConfig: auto-save-60s
23:36:19 Saving config file
23:37:19 saveConfig: auto-save-60s
23:37:19 Saving config file
23:38:19 saveConfig: auto-save-60s
23:38:19 Saving config file
23:39:19 saveConfig: auto-save-60s
23:39:19 Saving config file
23:40:19 saveConfig: auto-save-60s
23:40:19 Saving config file
23:41:19 saveConfig: auto-save-60s
23:41:19 Saving config file
23:42:19 saveConfig: auto-save-60s
23:42:19 Saving config file
23:43:19 saveConfig: auto-save-60s
23:43:19 Saving config file
23:44:19 saveConfig: auto-save-60s
23:44:19 Saving config file
23:45:19 saveConfig: auto-save-60s
23:45:19 Saving config file
23:46:19 saveConfig: auto-save-60s
23:46:19 Saving config file
23:47:19 saveConfig: auto-save-60s
23:47:19 Saving config file
23:48:19 saveConfig: auto-save-60s
23:48:19 Saving config file
23:49:19 saveConfig: auto-save-60s
23:49:19 Saving config file
23:50:19 saveConfig: auto-save-60s
23:50:19 Saving config file
23:51:19 saveConfig: auto-save-60s
23:51:19 Saving config file
23:52:19 saveConfig: auto-save-60s
23:52:19 Saving config file
23:53:19 saveConfig: auto-save-60s
23:53:19 Saving config file
23:54:19 saveConfig: auto-save-60s
23:54:19 Saving config file
23:55:19 saveConfig: auto-save-60s
23:55:19 Saving config file
23:56:19 saveConfig: auto-save-60s
23:56:19 Saving config file
23:57:19 saveConfig: auto-save-60s
23:57:19 Saving config file
23:58:19 saveConfig: auto-save-60s
23:58:19 Saving config file
23:59:19 saveConfig: auto-save-60s
23:59:19 Saving config file
00:00:19 saveConfig: auto-save-60s
00:00:19 Saving config file
00:01:19 saveConfig: auto-save-60s
00:01:19 Saving config file
00:02:19 saveConfig: auto-save-60s
00:02:19 Saving config file
00:03:19 saveConfig: auto-save-60s
00:03:19 Saving config file
00:04:19 saveConfig: auto-save-60s
00:04:19 Saving config file
00:05:19 saveConfig: auto-save-60s
00:05:19 Saving config file
00:06:19 saveConfig: auto-save-60s
00:06:19 Saving config file
00:07:19 saveConfig: auto-save-60s
00:07:19 Saving config file
00:08:19 saveConfig: auto-save-60s
00:08:19 Saving config file
00:09:19 saveConfig: auto-save-60s
00:09:19 Saving config file
00:10:19 saveConfig: auto-save-60s
00:10:19 Saving config file
00:11:19 saveConfig: auto-save-60s
00:11:19 Saving config file
00:12:19 saveConfig: auto-save-60s
00:12:19 Saving config file
00:13:19 saveConfig: auto-save-60s
00:13:19 Saving config file
00:14:19 saveConfig: auto-save-60s
00:14:19 Saving config file
00:15:19 saveConfig: auto-save-60s
00:15:19 Saving config file
00:16:19 saveConfig: auto-save-60s
00:16:19 Saving config file
00:17:19 saveConfig: auto-save-60s
00:17:19 Saving config file
00:18:19 saveConfig: auto-save-60s
00:18:19 Saving config file
00:19:19 saveConfig: auto-save-60s
00:19:19 Saving config file
00:20:19 saveConfig: auto-save-60s
00:20:19 Saving config file
00:21:19 saveConfig: auto-save-60s
00:21:19 Saving config file
00:22:19 saveConfig: auto-save-60s
00:22:19 Saving config file
00:23:19 saveConfig: auto-save-60s
00:23:19 Saving config file
00:24:19 saveConfig: auto-save-60s
00:24:19 Saving config file
00:25:19 saveConfig: auto-save-60s
00:25:19 Saving config file
00:26:19 saveConfig: auto-save-60s
00:26:19 Saving config file
00:27:19 saveConfig: auto-save-60s
00:27:19 Saving config file
00:28:19 saveConfig: auto-save-60s
00:28:19 Saving config file
00:29:19 saveConfig: auto-save-60s
00:29:19 Saving config file
00:30:19 saveConfig: auto-save-60s
00:30:19 Saving config file
00:31:19 saveConfig: auto-save-60s
00:31:19 Saving config file
00:32:19 saveConfig: auto-save-60s
00:32:19 Saving config file
00:33:19 saveConfig: auto-save-60s
00:33:19 Saving config file
00:34:19 saveConfig: auto-save-60s
00:34:19 Saving config file
00:35:19 saveConfig: auto-save-60s
00:35:19 Saving config file
00:36:19 saveConfig: auto-save-60s
00:36:19 Saving config file
00:37:19 saveConfig: auto-save-60s
00:37:19 Saving config file
00:38:19 saveConfig: auto-save-60s
00:38:19 Saving config file
00:39:19 saveConfig: auto-save-60s
00:39:19 Saving config file
00:40:19 saveConfig: auto-save-60s
00:40:19 Saving config file
00:41:19 saveConfig: auto-save-60s
00:41:19 Saving config file
00:42:19 saveConfig: auto-save-60s
00:42:19 Saving config file
00:43:19 saveConfig: auto-save-60s
00:43:19 Saving config file
00:44:19 saveConfig: auto-save-60s
00:44:19 Saving config file
00:45:19 saveConfig: auto-save-60s
00:45:19 Saving config file
00:46:19 saveConfig: auto-save-60s
00:46:19 Saving config file
00:47:19 saveConfig: auto-save-60s
00:47:19 Saving config file
00:48:19 saveConfig: auto-save-60s
00:48:19 Saving config file
00:49:19 saveConfig: auto-save-60s
00:49:19 Saving config file
00:50:16 saveConfig: saving-data
00:50:16 Saving sacks file
00:50:19 saveConfig: auto-save-60s
00:50:19 Saving config file
00:51:19 saveConfig: auto-save-60s
00:51:19 Saving config file
00:52:19 saveConfig: auto-save-60s
00:52:19 Saving config file
00:53:09 saveConfig: saving-data
00:53:09 Saving sacks file
00:53:19 saveConfig: auto-save-60s
00:53:19 Saving config file
00:54:19 saveConfig: auto-save-60s
00:54:19 Saving config file
00:55:19 saveConfig: auto-save-60s
00:55:19 Saving config file
00:56:19 saveConfig: auto-save-60s
00:56:19 Saving config file
00:57:19 saveConfig: auto-save-60s
00:57:19 Saving config file
00:57:38 saveConfig: saving-data
00:57:38 Saving sacks file
00:57:43 saveConfig: saving-data
00:57:43 Saving sacks file
00:58:19 saveConfig: auto-save-60s
00:58:19 Saving config file
00:59:19 saveConfig: auto-save-60s
00:59:19 Saving config file
01:00:19 saveConfig: auto-save-60s
01:00:19 Saving config file
01:01:19 saveConfig: auto-save-60s
01:01:19 Saving config file
01:02:19 saveConfig: auto-save-60s
01:02:19 Saving config file
01:03:19 saveConfig: auto-save-60s
01:03:19 Saving config file
01:04:19 saveConfig: auto-save-60s
01:04:19 Saving config file
01:05:19 saveConfig: auto-save-60s
01:05:19 Saving config file
01:06:19 saveConfig: auto-save-60s
01:06:19 Saving config file
01:07:19 saveConfig: auto-save-60s
01:07:19 Saving config file
01:08:19 saveConfig: auto-save-60s
01:08:19 Saving config file
01:09:19 saveConfig: auto-save-60s
01:09:19 Saving config file
01:10:19 saveConfig: auto-save-60s
01:10:19 Saving config file
01:11:19 saveConfig: auto-save-60s
01:11:19 Saving config file
01:12:19 saveConfig: auto-save-60s
01:12:19 Saving config file
01:13:19 saveConfig: auto-save-60s
01:13:19 Saving config file
01:14:19 saveConfig: auto-save-60s
01:14:19 Saving config file
01:15:19 saveConfig: auto-save-60s
01:15:19 Saving config file
01:16:19 saveConfig: auto-save-60s
01:16:19 Saving config file
01:17:19 saveConfig: auto-save-60s
01:17:19 Saving config file
01:18:19 saveConfig: auto-save-60s
01:18:19 Saving config file
01:19:19 saveConfig: auto-save-60s
01:19:19 Saving config file
01:20:19 saveConfig: auto-save-60s
01:20:19 Saving config file
01:21:19 saveConfig: auto-save-60s
01:21:19 Saving config file
01:22:19 saveConfig: auto-save-60s
01:22:19 Saving config file
01:23:19 saveConfig: auto-save-60s
01:23:19 Saving config file
01:24:19 saveConfig: auto-save-60s
01:24:19 Saving config file
01:25:19 saveConfig: auto-save-60s
01:25:19 Saving config file
01:26:19 saveConfig: auto-save-60s
01:26:19 Saving config file
01:27:19 saveConfig: auto-save-60s
01:27:19 Saving config file
01:28:19 saveConfig: auto-save-60s
01:28:19 Saving config file
01:29:19 saveConfig: auto-save-60s
01:29:19 Saving config file
01:30:19 saveConfig: auto-save-60s
01:30:19 Saving config file
01:31:19 saveConfig: auto-save-60s
01:31:19 Saving config file
01:32:19 saveConfig: auto-save-60s
01:32:19 Saving config file
01:33:19 saveConfig: auto-save-60s
01:33:19 Saving config file
01:34:19 saveConfig: auto-save-60s
01:34:19 Saving config file
01:35:19 saveConfig: auto-save-60s
01:35:19 Saving config file
01:36:19 saveConfig: auto-save-60s
01:36:19 Saving config file
01:37:19 saveConfig: auto-save-60s
01:37:19 Saving config file
01:38:19 saveConfig: auto-save-60s
01:38:19 Saving config file
01:39:19 saveConfig: auto-save-60s
01:39:19 Saving config file
01:40:19 saveConfig: auto-save-60s
01:40:19 Saving config file
01:41:19 saveConfig: auto-save-60s
01:41:19 Saving config file
01:42:19 saveConfig: auto-save-60s
01:42:19 Saving config file
01:43:19 saveConfig: auto-save-60s
01:43:19 Saving config file
01:44:19 saveConfig: auto-save-60s
01:44:19 Saving config file
01:45:19 saveConfig: auto-save-60s
01:45:19 Saving config file
01:46:19 saveConfig: auto-save-60s
01:46:19 Saving config file
01:47:19 saveConfig: auto-save-60s
01:47:19 Saving config file
01:48:19 saveConfig: auto-save-60s
01:48:19 Saving config file
01:49:19 saveConfig: auto-save-60s
01:49:19 Saving config file
01:50:19 saveConfig: auto-save-60s
01:50:19 Saving config file
01:51:19 saveConfig: auto-save-60s
01:51:19 Saving config file
01:52:19 saveConfig: auto-save-60s
01:52:19 Saving config file
01:53:19 saveConfig: auto-save-60s
01:53:19 Saving config file
01:54:19 saveConfig: auto-save-60s
01:54:19 Saving config file
01:55:19 saveConfig: auto-save-60s
01:55:19 Saving config file
01:56:19 saveConfig: auto-save-60s
01:56:19 Saving config file
01:56:34 saveConfig: shutdown-hook
01:56:34 Saving config file
