09:55:20 §f §r§r§r§f §r§r§r§1 §r§r§r§0 §r§r§r§2 §r§r§r§f §r§r§r§f §r§r§r§2 §r§r§r§0 §r§r§r§4 §r§r§r§3 §r§r§r§9 §r§r§r§2 §r§r§r§0 §r§r§r§0 §r§r§r§3 §r§r§r§9 §r§r§r§2 §r§r§r§0 §r§r§r§0 §r§r§r§3 §r§r§r§9 §r§r§r§2 §r§r§r§0 §r§r§r§0 
09:55:20 
09:55:26 §8 §r§8 §r§1 §r§3 §r§3 §r§7 §r§8 
09:55:29 
09:55:29 
09:55:30  
09:55:30   
09:55:30  
09:55:30   
09:55:59  
09:55:59   
09:55:59  
09:55:59   
09:56:35 §8 §r§8 §r§1 §r§3 §r§3 §r§7 §r§8 
09:56:35 
09:56:38  
09:56:38   
09:56:38  
09:56:38   
09:56:39  
09:56:39   
09:56:39  
09:56:39   
09:57:39  
09:57:39   
09:57:39  
09:57:39   
09:58:40  
09:58:40   
09:58:40  
09:58:40   
09:59:40  
09:59:40   
09:59:40  
09:59:40   
10:00:12 §8 §r§8 §r§1 §r§3 §r§3 §r§7 §r§8 
10:00:16  
10:00:16   
10:00:16  
10:00:16   
10:00:21 §8 §r§8 §r§1 §r§3 §r§3 §r§7 §r§8 
10:00:25  
10:00:25   
10:00:25  
10:00:25   
10:00:26  
10:00:26   
10:00:26  
10:00:26   
10:01:26  
10:01:26   
10:01:26  
10:01:26   
10:02:26  
10:02:26   
10:02:26  
10:02:26   
10:03:26  
10:03:26   
10:03:26  
10:03:26   
10:03:35 §8 §r§8 §r§1 §r§3 §r§3 §r§7 §r§8 
10:03:39  
10:03:39   
10:03:39  
10:03:39   
10:03:43  
10:03:43   
10:03:43  
10:03:43   
10:04:44  
10:04:44   
10:04:44  
10:04:44   
10:04:48 §8 §r§8 §r§1 §r§3 §r§3 §r§7 §r§8 
10:04:51  
10:04:51   
10:04:51  
10:04:51   
10:05:23  
10:05:23   
10:05:23  
10:05:23   
10:05:33 §8 §r§8 §r§1 §r§3 §r§3 §r§7 §r§8 
10:05:36  
10:05:36   
10:05:36  
10:05:36   
10:05:37  
10:05:37   
10:05:37  
10:05:37   
10:05:48 §f §r§r§r§f §r§r§r§1 §r§r§r§0 §r§r§r§2 §r§r§r§f §r§r§r§f §r§r§r§2 §r§r§r§0 §r§r§r§4 §r§r§r§3 §r§r§r§9 §r§r§r§2 §r§r§r§0 §r§r§r§0 §r§r§r§3 §r§r§r§9 §r§r§r§2 §r§r§r§0 §r§r§r§0 §r§r§r§3 §r§r§r§9 §r§r§r§2 §r§r§r§0 §r§r§r§0 
10:05:48 
10:07:10 §f §r§r§r§f §r§r§r§1 §r§r§r§0 §r§r§r§2 §r§r§r§f §r§r§r§f §r§r§r§2 §r§r§r§0 §r§r§r§4 §r§r§r§3 §r§r§r§9 §r§r§r§2 §r§r§r§0 §r§r§r§0 §r§r§r§3 §r§r§r§9 §r§r§r§2 §r§r§r§0 §r§r§r§0 §r§r§r§3 §r§r§r§9 §r§r§r§2 §r§r§r§0 §r§r§r§0 
10:07:11 
10:07:13 §8 §r§8 §r§1 §r§3 §r§3 §r§7 §r§8 
10:07:14 
10:07:15 
10:07:15 
10:07:26 §8 §r§8 §r§1 §r§3 §r§3 §r§7 §r§8 
10:08:03 §8 §r§8 §r§1 §r§3 §r§3 §r§7 §r§8 
10:08:50 §f §r§r§r§f §r§r§r§1 §r§r§r§0 §r§r§r§2 §r§r§r§f §r§r§r§f §r§r§r§2 §r§r§r§0 §r§r§r§4 §r§r§r§3 §r§r§r§9 §r§r§r§2 §r§r§r§0 §r§r§r§0 §r§r§r§3 §r§r§r§9 §r§r§r§2 §r§r§r§0 §r§r§r§0 §r§r§r§3 §r§r§r§9 §r§r§r§2 §r§r§r§0 §r§r§r§0 
10:08:51 
10:08:52 §8 §r§8 §r§1 §r§3 §r§3 §r§7 §r§8 
10:08:55 
10:08:55 
10:09:06  
10:09:06   
10:09:06  
10:09:06   
10:09:08  
10:09:08   
10:09:08  
10:09:08   
10:09:57 §8 §r§8 §r§1 §r§3 §r§3 §r§7 §r§8 
10:10:01  
10:10:01   
10:10:01  
10:10:01   
10:10:21  
10:10:21   
10:10:21  
10:10:21   
10:11:21  
10:11:21   
10:11:21  
10:11:21   
10:12:21  
10:12:21   
10:12:21  
10:12:21   
10:13:22  
10:13:22   
10:13:22  
10:13:22   
10:13:27 §8 §r§8 §r§1 §r§3 §r§3 §r§7 §r§8 
10:13:31  
10:13:31   
10:13:31  
10:13:31   
10:13:42  
10:13:42   
10:13:42  
10:13:42   
10:14:42  
10:14:42   
10:14:42  
10:14:42   
10:14:52 §8 §r§8 §r§1 §r§3 §r§3 §r§7 §r§8 
10:14:55  
10:14:55   
10:14:55  
10:14:55   
10:15:04 
10:15:29 §8 §r§8 §r§1 §r§3 §r§3 §r§7 §r§8 
10:15:32  
10:15:32   
10:15:32  
10:15:32   
10:15:48  
10:15:48   
10:15:48  
10:15:48   
10:15:59 
10:16:27 §8 §r§8 §r§1 §r§3 §r§3 §r§7 §r§8 
10:16:31  
10:16:31   
10:16:31  
10:16:31   
10:17:16  
10:17:16   
10:17:16  
10:17:16   
10:18:23  
10:18:23   
10:18:23  
10:18:23   
10:19:26  
10:19:26   
10:19:26  
10:19:26   
10:20:27  
10:20:27   
10:20:27  
10:20:27   
10:21:25 
10:21:25 
10:21:30  
10:21:30   
10:21:30  
10:21:30   
10:22:25 §8 §r§8 §r§1 §r§3 §r§3 §r§7 §r§8 
10:22:28  
10:22:28   
10:22:28  
10:22:28   
10:23:06 
10:23:07  
10:23:07   
10:23:07  
10:23:07   
10:23:12 
10:24:08  
10:24:08   
10:24:08  
10:24:08   
10:24:25 §f                                        
10:24:32 
10:24:37 
10:25:08  
10:25:08   
10:25:08  
10:25:08   
10:25:39 
10:25:44 
10:26:09  
10:26:09   
10:26:09  
10:26:09   
10:26:58 §8 §r§8 §r§1 §r§3 §r§3 §r§7 §r§8 
10:27:02  
10:27:02   
10:27:02  
10:27:02   
10:27:03 §8 §r§8 §r§1 §r§3 §r§3 §r§7 §r§8 
10:27:07  
10:27:07   
10:27:07  
10:27:07   
10:27:11  
10:27:11   
10:27:11  
10:27:11   
10:27:34 
10:28:12  
10:28:12   
10:28:12  
10:28:12   
10:28:42 
10:28:50 
10:29:13  
10:29:13   
10:29:13  
10:29:13   
10:29:20 §f                                        
10:30:13  
10:30:13   
10:30:13  
10:30:13   
10:31:14  
10:31:14   
10:31:14  
10:31:14   
