09:55:30 §f                     §7You have §a6 §7items stashed away!
09:55:30 §f                §6§l>>> §6§lCLICK HERE§e to pick them up! §6§l<<<
09:55:30 §f               §7You have §395,820 §7materials stashed away!
09:55:30 §f             §8(This totals 19 types of materials stashed!)
09:55:30 §f                §3§l>>> §3§lCLICK HERE§b to pick them up! §3§l<<<
09:55:59 §f                     §7You have §a6 §7items stashed away!
09:55:59 §f                §6§l>>> §6§lCLICK HERE§e to pick them up! §6§l<<<
09:55:59 §f               §7You have §395,820 §7materials stashed away!
09:55:59 §f             §8(This totals 19 types of materials stashed!)
09:55:59 §f                §3§l>>> §3§lCLICK HERE§b to pick them up! §3§l<<<
09:56:38 §f                     §7You have §a6 §7items stashed away!
09:56:38 §f                §6§l>>> §6§lCLICK HERE§e to pick them up! §6§l<<<
09:56:38 §f               §7You have §395,820 §7materials stashed away!
09:56:38 §f             §8(This totals 19 types of materials stashed!)
09:56:38 §f                §3§l>>> §3§lCLICK HERE§b to pick them up! §3§l<<<
09:56:39 §f                     §7You have §a6 §7items stashed away!
09:56:39 §f                §6§l>>> §6§lCLICK HERE§e to pick them up! §6§l<<<
09:56:39 §f               §7You have §395,820 §7materials stashed away!
09:56:39 §f             §8(This totals 19 types of materials stashed!)
09:56:39 §f                §3§l>>> §3§lCLICK HERE§b to pick them up! §3§l<<<
09:57:39 §f                     §7You have §a6 §7items stashed away!
09:57:39 §f                §6§l>>> §6§lCLICK HERE§e to pick them up! §6§l<<<
09:57:39 §f               §7You have §395,820 §7materials stashed away!
09:57:39 §f             §8(This totals 19 types of materials stashed!)
09:57:39 §f                §3§l>>> §3§lCLICK HERE§b to pick them up! §3§l<<<
09:58:40 §f                     §7You have §a6 §7items stashed away!
09:58:40 §f                §6§l>>> §6§lCLICK HERE§e to pick them up! §6§l<<<
09:58:40 §f               §7You have §395,820 §7materials stashed away!
09:58:40 §f             §8(This totals 19 types of materials stashed!)
09:58:40 §f                §3§l>>> §3§lCLICK HERE§b to pick them up! §3§l<<<
09:59:40 §f                     §7You have §a6 §7items stashed away!
09:59:40 §f                §6§l>>> §6§lCLICK HERE§e to pick them up! §6§l<<<
09:59:40 §f               §7You have §395,820 §7materials stashed away!
09:59:40 §f             §8(This totals 19 types of materials stashed!)
09:59:40 §f                §3§l>>> §3§lCLICK HERE§b to pick them up! §3§l<<<
10:00:16 §f                     §7You have §a6 §7items stashed away!
10:00:16 §f                §6§l>>> §6§lCLICK HERE§e to pick them up! §6§l<<<
10:00:16 §f               §7You have §395,820 §7materials stashed away!
10:00:16 §f             §8(This totals 19 types of materials stashed!)
10:00:16 §f                §3§l>>> §3§lCLICK HERE§b to pick them up! §3§l<<<
10:00:25 §f                     §7You have §a6 §7items stashed away!
10:00:25 §f                §6§l>>> §6§lCLICK HERE§e to pick them up! §6§l<<<
10:00:25 §f               §7You have §395,820 §7materials stashed away!
10:00:25 §f             §8(This totals 19 types of materials stashed!)
10:00:25 §f                §3§l>>> §3§lCLICK HERE§b to pick them up! §3§l<<<
10:00:26 §f                     §7You have §a6 §7items stashed away!
10:00:26 §f                §6§l>>> §6§lCLICK HERE§e to pick them up! §6§l<<<
10:00:26 §f               §7You have §395,820 §7materials stashed away!
10:00:26 §f             §8(This totals 19 types of materials stashed!)
10:00:26 §f                §3§l>>> §3§lCLICK HERE§b to pick them up! §3§l<<<
10:01:26 §f                     §7You have §a6 §7items stashed away!
10:01:26 §f                §6§l>>> §6§lCLICK HERE§e to pick them up! §6§l<<<
10:01:26 §f               §7You have §395,820 §7materials stashed away!
10:01:26 §f             §8(This totals 19 types of materials stashed!)
10:01:26 §f                §3§l>>> §3§lCLICK HERE§b to pick them up! §3§l<<<
10:02:26 §f                     §7You have §a6 §7items stashed away!
10:02:26 §f                §6§l>>> §6§lCLICK HERE§e to pick them up! §6§l<<<
10:02:26 §f               §7You have §395,820 §7materials stashed away!
10:02:26 §f             §8(This totals 19 types of materials stashed!)
10:02:26 §f                §3§l>>> §3§lCLICK HERE§b to pick them up! §3§l<<<
10:03:26 §f                     §7You have §a6 §7items stashed away!
10:03:26 §f                §6§l>>> §6§lCLICK HERE§e to pick them up! §6§l<<<
10:03:26 §f               §7You have §395,820 §7materials stashed away!
10:03:26 §f             §8(This totals 19 types of materials stashed!)
10:03:26 §f                §3§l>>> §3§lCLICK HERE§b to pick them up! §3§l<<<
10:03:39 §f                     §7You have §a6 §7items stashed away!
10:03:39 §f                §6§l>>> §6§lCLICK HERE§e to pick them up! §6§l<<<
10:03:39 §f               §7You have §395,820 §7materials stashed away!
10:03:39 §f             §8(This totals 19 types of materials stashed!)
10:03:39 §f                §3§l>>> §3§lCLICK HERE§b to pick them up! §3§l<<<
10:03:43 §f                     §7You have §a6 §7items stashed away!
10:03:43 §f                §6§l>>> §6§lCLICK HERE§e to pick them up! §6§l<<<
10:03:43 §f               §7You have §395,820 §7materials stashed away!
10:03:43 §f             §8(This totals 19 types of materials stashed!)
10:03:43 §f                §3§l>>> §3§lCLICK HERE§b to pick them up! §3§l<<<
10:04:44 §f                     §7You have §a6 §7items stashed away!
10:04:44 §f                §6§l>>> §6§lCLICK HERE§e to pick them up! §6§l<<<
10:04:44 §f               §7You have §395,820 §7materials stashed away!
10:04:44 §f             §8(This totals 19 types of materials stashed!)
10:04:44 §f                §3§l>>> §3§lCLICK HERE§b to pick them up! §3§l<<<
10:04:51 §f                     §7You have §a6 §7items stashed away!
10:04:51 §f                §6§l>>> §6§lCLICK HERE§e to pick them up! §6§l<<<
10:04:51 §f               §7You have §395,820 §7materials stashed away!
10:04:51 §f             §8(This totals 19 types of materials stashed!)
10:04:51 §f                §3§l>>> §3§lCLICK HERE§b to pick them up! §3§l<<<
10:05:23 §f                     §7You have §a6 §7items stashed away!
10:05:23 §f                §6§l>>> §6§lCLICK HERE§e to pick them up! §6§l<<<
10:05:23 §f               §7You have §395,820 §7materials stashed away!
10:05:23 §f             §8(This totals 19 types of materials stashed!)
10:05:23 §f                §3§l>>> §3§lCLICK HERE§b to pick them up! §3§l<<<
10:05:36 §f                     §7You have §a6 §7items stashed away!
10:05:36 §f                §6§l>>> §6§lCLICK HERE§e to pick them up! §6§l<<<
10:05:36 §f               §7You have §395,820 §7materials stashed away!
10:05:36 §f             §8(This totals 19 types of materials stashed!)
10:05:36 §f                §3§l>>> §3§lCLICK HERE§b to pick them up! §3§l<<<
10:05:37 §f                     §7You have §a6 §7items stashed away!
10:05:37 §f                §6§l>>> §6§lCLICK HERE§e to pick them up! §6§l<<<
10:05:37 §f               §7You have §395,820 §7materials stashed away!
10:05:37 §f             §8(This totals 19 types of materials stashed!)
10:05:37 §f                §3§l>>> §3§lCLICK HERE§b to pick them up! §3§l<<<
10:09:06 §f                     §7You have §a6 §7items stashed away!
10:09:06 §f                §6§l>>> §6§lCLICK HERE§e to pick them up! §6§l<<<
10:09:06 §f               §7You have §395,820 §7materials stashed away!
10:09:06 §f             §8(This totals 19 types of materials stashed!)
10:09:06 §f                §3§l>>> §3§lCLICK HERE§b to pick them up! §3§l<<<
10:09:08 §f                     §7You have §a6 §7items stashed away!
10:09:08 §f                §6§l>>> §6§lCLICK HERE§e to pick them up! §6§l<<<
10:09:08 §f               §7You have §395,820 §7materials stashed away!
10:09:08 §f             §8(This totals 19 types of materials stashed!)
10:09:08 §f                §3§l>>> §3§lCLICK HERE§b to pick them up! §3§l<<<
10:10:01 §f                     §7You have §a6 §7items stashed away!
10:10:01 §f                §6§l>>> §6§lCLICK HERE§e to pick them up! §6§l<<<
10:10:01 §f               §7You have §395,820 §7materials stashed away!
10:10:01 §f             §8(This totals 19 types of materials stashed!)
10:10:01 §f                §3§l>>> §3§lCLICK HERE§b to pick them up! §3§l<<<
10:10:21 §f                     §7You have §a6 §7items stashed away!
10:10:21 §f                §6§l>>> §6§lCLICK HERE§e to pick them up! §6§l<<<
10:10:21 §f               §7You have §395,820 §7materials stashed away!
10:10:21 §f             §8(This totals 19 types of materials stashed!)
10:10:21 §f                §3§l>>> §3§lCLICK HERE§b to pick them up! §3§l<<<
10:11:21 §f                     §7You have §a6 §7items stashed away!
10:11:21 §f                §6§l>>> §6§lCLICK HERE§e to pick them up! §6§l<<<
10:11:21 §f               §7You have §395,820 §7materials stashed away!
10:11:21 §f             §8(This totals 19 types of materials stashed!)
10:11:21 §f                §3§l>>> §3§lCLICK HERE§b to pick them up! §3§l<<<
10:12:21 §f                     §7You have §a6 §7items stashed away!
10:12:21 §f                §6§l>>> §6§lCLICK HERE§e to pick them up! §6§l<<<
10:12:21 §f               §7You have §395,820 §7materials stashed away!
10:12:21 §f             §8(This totals 19 types of materials stashed!)
10:12:21 §f                §3§l>>> §3§lCLICK HERE§b to pick them up! §3§l<<<
10:13:22 §f                     §7You have §a6 §7items stashed away!
10:13:22 §f                §6§l>>> §6§lCLICK HERE§e to pick them up! §6§l<<<
10:13:22 §f               §7You have §395,820 §7materials stashed away!
10:13:22 §f             §8(This totals 19 types of materials stashed!)
10:13:22 §f                §3§l>>> §3§lCLICK HERE§b to pick them up! §3§l<<<
10:13:31 §f                     §7You have §a6 §7items stashed away!
10:13:31 §f                §6§l>>> §6§lCLICK HERE§e to pick them up! §6§l<<<
10:13:31 §f               §7You have §395,820 §7materials stashed away!
10:13:31 §f             §8(This totals 19 types of materials stashed!)
10:13:31 §f                §3§l>>> §3§lCLICK HERE§b to pick them up! §3§l<<<
10:13:42 §f                     §7You have §a6 §7items stashed away!
10:13:42 §f                §6§l>>> §6§lCLICK HERE§e to pick them up! §6§l<<<
10:13:42 §f               §7You have §395,820 §7materials stashed away!
10:13:42 §f             §8(This totals 19 types of materials stashed!)
10:13:42 §f                §3§l>>> §3§lCLICK HERE§b to pick them up! §3§l<<<
10:14:42 §f                     §7You have §a6 §7items stashed away!
10:14:42 §f                §6§l>>> §6§lCLICK HERE§e to pick them up! §6§l<<<
10:14:42 §f               §7You have §395,820 §7materials stashed away!
10:14:42 §f             §8(This totals 19 types of materials stashed!)
10:14:42 §f                §3§l>>> §3§lCLICK HERE§b to pick them up! §3§l<<<
10:14:55 §f                     §7You have §a6 §7items stashed away!
10:14:55 §f                §6§l>>> §6§lCLICK HERE§e to pick them up! §6§l<<<
10:14:55 §f               §7You have §395,820 §7materials stashed away!
10:14:55 §f             §8(This totals 19 types of materials stashed!)
10:14:55 §f                §3§l>>> §3§lCLICK HERE§b to pick them up! §3§l<<<
10:15:32 §f                     §7You have §a6 §7items stashed away!
10:15:32 §f                §6§l>>> §6§lCLICK HERE§e to pick them up! §6§l<<<
10:15:32 §f               §7You have §395,820 §7materials stashed away!
10:15:32 §f             §8(This totals 19 types of materials stashed!)
10:15:32 §f                §3§l>>> §3§lCLICK HERE§b to pick them up! §3§l<<<
10:15:48 §f                     §7You have §a6 §7items stashed away!
10:15:48 §f                §6§l>>> §6§lCLICK HERE§e to pick them up! §6§l<<<
10:15:48 §f               §7You have §395,820 §7materials stashed away!
10:15:48 §f             §8(This totals 19 types of materials stashed!)
10:15:48 §f                §3§l>>> §3§lCLICK HERE§b to pick them up! §3§l<<<
10:16:31 §f                     §7You have §a6 §7items stashed away!
10:16:31 §f                §6§l>>> §6§lCLICK HERE§e to pick them up! §6§l<<<
10:16:31 §f               §7You have §395,820 §7materials stashed away!
10:16:31 §f             §8(This totals 19 types of materials stashed!)
10:16:31 §f                §3§l>>> §3§lCLICK HERE§b to pick them up! §3§l<<<
10:17:16 §f                     §7You have §a6 §7items stashed away!
10:17:16 §f                §6§l>>> §6§lCLICK HERE§e to pick them up! §6§l<<<
10:17:16 §f               §7You have §395,820 §7materials stashed away!
10:17:16 §f             §8(This totals 19 types of materials stashed!)
10:17:16 §f                §3§l>>> §3§lCLICK HERE§b to pick them up! §3§l<<<
10:18:23 §f                     §7You have §a6 §7items stashed away!
10:18:23 §f                §6§l>>> §6§lCLICK HERE§e to pick them up! §6§l<<<
10:18:23 §f               §7You have §395,820 §7materials stashed away!
10:18:23 §f             §8(This totals 19 types of materials stashed!)
10:18:23 §f                §3§l>>> §3§lCLICK HERE§b to pick them up! §3§l<<<
10:19:26 §f                     §7You have §a6 §7items stashed away!
10:19:26 §f                §6§l>>> §6§lCLICK HERE§e to pick them up! §6§l<<<
10:19:26 §f               §7You have §395,820 §7materials stashed away!
10:19:26 §f             §8(This totals 19 types of materials stashed!)
10:19:26 §f                §3§l>>> §3§lCLICK HERE§b to pick them up! §3§l<<<
10:20:27 §f                     §7You have §a6 §7items stashed away!
10:20:27 §f                §6§l>>> §6§lCLICK HERE§e to pick them up! §6§l<<<
10:20:27 §f               §7You have §395,820 §7materials stashed away!
10:20:27 §f             §8(This totals 19 types of materials stashed!)
10:20:27 §f                §3§l>>> §3§lCLICK HERE§b to pick them up! §3§l<<<
10:21:30 §f                     §7You have §a6 §7items stashed away!
10:21:30 §f                §6§l>>> §6§lCLICK HERE§e to pick them up! §6§l<<<
10:21:30 §f               §7You have §395,820 §7materials stashed away!
10:21:30 §f             §8(This totals 19 types of materials stashed!)
10:21:30 §f                §3§l>>> §3§lCLICK HERE§b to pick them up! §3§l<<<
10:22:28 §f                     §7You have §a6 §7items stashed away!
10:22:28 §f                §6§l>>> §6§lCLICK HERE§e to pick them up! §6§l<<<
10:22:28 §f               §7You have §395,820 §7materials stashed away!
10:22:28 §f             §8(This totals 19 types of materials stashed!)
10:22:28 §f                §3§l>>> §3§lCLICK HERE§b to pick them up! §3§l<<<
10:23:07 §f                     §7You have §a6 §7items stashed away!
10:23:07 §f                §6§l>>> §6§lCLICK HERE§e to pick them up! §6§l<<<
10:23:07 §f               §7You have §395,820 §7materials stashed away!
10:23:07 §f             §8(This totals 19 types of materials stashed!)
10:23:07 §f                §3§l>>> §3§lCLICK HERE§b to pick them up! §3§l<<<
10:24:08 §f                     §7You have §a6 §7items stashed away!
10:24:08 §f                §6§l>>> §6§lCLICK HERE§e to pick them up! §6§l<<<
10:24:08 §f               §7You have §395,820 §7materials stashed away!
10:24:08 §f             §8(This totals 19 types of materials stashed!)
10:24:08 §f                §3§l>>> §3§lCLICK HERE§b to pick them up! §3§l<<<
10:25:08 §f                     §7You have §a6 §7items stashed away!
10:25:08 §f                §6§l>>> §6§lCLICK HERE§e to pick them up! §6§l<<<
10:25:08 §f               §7You have §395,820 §7materials stashed away!
10:25:08 §f             §8(This totals 19 types of materials stashed!)
10:25:08 §f                §3§l>>> §3§lCLICK HERE§b to pick them up! §3§l<<<
10:26:09 §f                     §7You have §a6 §7items stashed away!
10:26:09 §f                §6§l>>> §6§lCLICK HERE§e to pick them up! §6§l<<<
10:26:09 §f               §7You have §395,820 §7materials stashed away!
10:26:09 §f             §8(This totals 19 types of materials stashed!)
10:26:09 §f                §3§l>>> §3§lCLICK HERE§b to pick them up! §3§l<<<
10:27:02 §f                     §7You have §a6 §7items stashed away!
10:27:02 §f                §6§l>>> §6§lCLICK HERE§e to pick them up! §6§l<<<
10:27:02 §f               §7You have §395,820 §7materials stashed away!
10:27:02 §f             §8(This totals 19 types of materials stashed!)
10:27:02 §f                §3§l>>> §3§lCLICK HERE§b to pick them up! §3§l<<<
10:27:07 §f                     §7You have §a6 §7items stashed away!
10:27:07 §f                §6§l>>> §6§lCLICK HERE§e to pick them up! §6§l<<<
10:27:07 §f               §7You have §395,820 §7materials stashed away!
10:27:07 §f             §8(This totals 19 types of materials stashed!)
10:27:07 §f                §3§l>>> §3§lCLICK HERE§b to pick them up! §3§l<<<
10:27:11 §f                     §7You have §a6 §7items stashed away!
10:27:11 §f                §6§l>>> §6§lCLICK HERE§e to pick them up! §6§l<<<
10:27:11 §f               §7You have §395,820 §7materials stashed away!
10:27:11 §f             §8(This totals 19 types of materials stashed!)
10:27:11 §f                §3§l>>> §3§lCLICK HERE§b to pick them up! §3§l<<<
10:28:12 §f                     §7You have §a6 §7items stashed away!
10:28:12 §f                §6§l>>> §6§lCLICK HERE§e to pick them up! §6§l<<<
10:28:12 §f               §7You have §395,820 §7materials stashed away!
10:28:12 §f             §8(This totals 19 types of materials stashed!)
10:28:12 §f                §3§l>>> §3§lCLICK HERE§b to pick them up! §3§l<<<
10:29:13 §f                     §7You have §a6 §7items stashed away!
10:29:13 §f                §6§l>>> §6§lCLICK HERE§e to pick them up! §6§l<<<
10:29:13 §f               §7You have §395,820 §7materials stashed away!
10:29:13 §f             §8(This totals 19 types of materials stashed!)
10:29:13 §f                §3§l>>> §3§lCLICK HERE§b to pick them up! §3§l<<<
10:30:13 §f                     §7You have §a6 §7items stashed away!
10:30:13 §f                §6§l>>> §6§lCLICK HERE§e to pick them up! §6§l<<<
10:30:13 §f               §7You have §395,820 §7materials stashed away!
10:30:13 §f             §8(This totals 19 types of materials stashed!)
10:30:13 §f                §3§l>>> §3§lCLICK HERE§b to pick them up! §3§l<<<
10:31:14 §f                     §7You have §a6 §7items stashed away!
10:31:14 §f                §6§l>>> §6§lCLICK HERE§e to pick them up! §6§l<<<
10:31:14 §f               §7You have §395,820 §7materials stashed away!
10:31:14 §f             §8(This totals 19 types of materials stashed!)
10:31:14 §f                §3§l>>> §3§lCLICK HERE§b to pick them up! §3§l<<<
