21:06:40 [allowed] §b[MVP§3+§b] Euphaa§f §6slid into the lobby!
21:06:40 [allowed] §b§m--------------§r§f  §r§aGuild: Message Of The Day  §r§b§m--------------
21:06:40 [allowed] §b| §r§fJoin the guild discord!
21:06:40 [allowed] §b| §r§fhttps://discord.gg/9En6jSENjY
21:06:40 [allowed] §b| §r§fHave a great day!
21:06:40 [allowed] §b§m-----------------------------------------------------
21:06:40 [allowed] §aYou have §61 §aunclaimed achievement reward!
21:06:40 [allowed] §eClick here to view it!
21:06:40 [allowed] §f§lHAPPY HOLIDAYS §e§lFROM HYPIXEL§r
§r§aYou may claim today's §bAdvent Calendar §areward!
§eClick here to claim!§r

21:06:43 [allowed]   §r§f§l➤ §r§6You have reached your Hype limit! Add Hype to Prototype Lobby minigames by right-clicking with the Hype Diamond!
21:06:43 [allowed] §b[MVP§2+§b] Zander_Live§f §6slid into the lobby!
21:06:49 [allowed] §b[MVP§2+§b] Gabinator32§f §6slid into the lobby!
21:06:52 [allowed] §b[MVP§c+§b] Handhled§f §6slid into the lobby!
21:06:56 [allowed] §b[MVP§2+§b] Ausiz§f §6slid into the lobby!
21:06:59 [allowed] §b[MVP§2+§b] steven340§f §6slid into the lobby!
21:06:59 [allowed] §b[MVP§2+§b] 8_box§f §6slid into the lobby!
21:07:00 [allowed]  §b>§c>§a>§r §r§6[MVP§2++§6] BlooToggled§f §6slid into the lobby!§r §a<§c<§b<
21:07:01 [allowed] §b[MVP§c+§b] Runesack§f §6slid into the lobby!
21:07:03 [allowed] §b[MVP§d+§b] LukasJS§f §6slid into the lobby!
21:07:06 [allowed]  §b>§c>§a>§r §r§6[MVP§1++§6] _R§f §6slid into the lobby!§r §a<§c<§b<
21:07:08 [allowed] §7Sending to server mini71BK...
21:07:08 [allowed] §b[MVP§9+§b] EmberPenguin§f §6slid into the lobby!
21:07:09 [allowed] §eYou haven't claimed your §r§6Holidays Rewards §r§eyet!
21:07:09 [allowed] §eTalk to the §r§cGingerbread §r§fMan §r§ein the §r§aHub§r§e!
21:07:09 [allowed] §aSince you've been away you earned §r§60 coins §r§aas interest in your personal bank account!
21:07:11 [allowed] §eWelcome to §r§aHypixel SkyBlock§r§e!
21:07:11 [allowed] §6§lBONUS! §r§bTemporarily earn §r§a5% §r§bmore skill experience!
21:07:11 [allowed] §eLatest update: §bSkyBlock v0.21 §e§lCLICK
21:07:12 [allowed] §aYou are playing on profile: §eBanana§b (Co-op)
21:07:12 [allowed] §8Profile ID: 56e969f8-003b-4df1-bbed-3112b2f3dc94
21:07:25 [allowed] §eFrom stash: §r§fRedstone
21:07:25 [allowed] §eFrom stash: §r§fRedstone
21:07:25 [allowed] §eFrom stash: §r§fRedstone
21:07:25 [allowed] §eFrom stash: §r§fRedstone
21:07:25 [allowed] §eFrom stash: §r§fRedstone
21:07:25 [allowed] §eFrom stash: §r§fRedstone
21:07:25 [allowed] §eFrom stash: §r§fRedstone
21:07:25 [allowed] §eFrom stash: §r§fRedstone
21:07:25 [allowed] §eFrom stash: §r§fRedstone
21:07:25 [allowed] §eFrom stash: §r§fRedstone
21:07:25 [allowed] §eFrom stash: §r§fRedstone
21:07:25 [allowed] §eFrom stash: §r§fRedstone
21:07:25 [allowed] §eFrom stash: §r§fRedstone
21:07:25 [allowed] §eFrom stash: §r§fRedstone
21:07:25 [allowed] §eFrom stash: §r§fRedstone
21:07:25 [allowed] §eFrom stash: §r§fRedstone
21:07:25 [allowed] §eFrom stash: §r§fRedstone
21:07:25 [allowed] §eFrom stash: §r§fRedstone
21:07:25 [allowed] §eFrom stash: §r§fRedstone
21:07:25 [allowed] §eFrom stash: §r§fRedstone
21:07:25 [allowed] §eFrom stash: §r§fRedstone
21:07:25 [allowed] §eFrom stash: §r§fRedstone
21:07:25 [allowed] §eYou picked up §r§a1408 §r§eitems from your material stash!
21:07:25 [allowed] §eYou still have §a487,582 materials §etotalling §b3 §etypes of materials in there!
21:07:32 [allowed] §8[§r§e90§r§8] §r§b[MVP] dnegel26§f§r§f: did they add req for terror armor
21:07:38 [allowed] §8[§r§a125§r§8] §r§6[MVP§c++§6] Anavil20031013 §7♲§f§r§f: ye
21:07:41 [allowed] §aThe wind has changed direction!
21:07:42 [allowed] §cWARNING: This action is irreversible and deletes all §c487,582 §cstashed items. If you still wish to continue, click below.§r
§e§lCLEAR STASH YES I AM SURE
21:07:44 [allowed] §aYour stash has been cleared!
21:07:47 [allowed] §8[§r§e90§r§8] §r§b[MVP] dnegel26§f§r§f: how do i kill kundra
21:07:49 [allowed] §8[§r§a125§r§8] §r§6[MVP§c++§6] Anavil20031013 §7♲§f§r§f: u need to complete the stage of kuudra that corresponds to the tier
21:07:56 [allowed] §8[§r§a125§r§8] §r§6[MVP§c++§6] Anavil20031013 §7♲§f§r§f: go to crimson isle
21:08:00 [allowed] §8[§r§a125§r§8] §r§6[MVP§c++§6] Anavil20031013 §7♲§f§r§f: i think u have to do the faction quests
21:08:01 [allowed] §cThere are blocks in the way!
21:08:07 [allowed] §cThere are blocks in the way!
21:08:30 [allowed] §cThere are blocks in the way!
21:08:32 [allowed] §cThere are blocks in the way!
21:08:32 [allowed] §8[§r§f50§r§8] §r§b[MVP§c+§b] UruguaySiempre§f§r§f: i left you some titanium
21:08:33 [allowed] §cThere are blocks in the way!
21:08:37 [allowed] §cThere are blocks in the way!
21:08:38 [allowed] §8[§r§2194§r§8] §r§b[MVP§c+§b] JoMoma2 §7♲§f§r§f: is there anyone here I should warp into a vanguard shaft?
21:08:38 [allowed] §cThere are blocks in the way!
21:08:40 [allowed] §8[§r§730§r§8] §r§a[VIP] griffin1231§f§r§f: me?
21:08:47 [allowed] §7Warping...
21:08:49 [allowed] §cThere are blocks in the way!
21:09:02 [allowed] §8[§r§2194§r§8] §r§b[MVP§c+§b] JoMoma2 §7♲§f§r§f: no, does anyone want to gamble a skeleton key?
21:09:37 [allowed] §8[§r§e90§r§8] §r§b[MVP] dnegel26§f§r§f: get out
21:09:42 [allowed] §8[§r§e90§r§8] §r§b[MVP] dnegel26§f§r§f: i was her first
21:09:51 [allowed] §cThere are blocks in the way!
21:09:51 [allowed] §cThere are blocks in the way!
21:09:54 [allowed] §cThere are blocks in the way!
21:10:13 [allowed] §aThe wind has changed direction!
21:10:24 [allowed] §cAutopet §eequipped your §7[Lvl 94] §6Hedgehog§e! §a§lVIEW RULE
21:10:26 [allowed] §7Warping...
21:10:27 [allowed] §7Sending to server mini71DN...
21:10:28 [allowed] §2§lGOTCHA! §r§eYour traps caught a pest in §r§6Plot #2§r§e!
21:10:28 [allowed] §eYou haven't claimed your §r§6Holidays Rewards §r§eyet!
21:10:28 [allowed] §eTalk to the §r§cGingerbread §r§fMan §r§ein the §r§aHub§r§e!
21:10:29 [allowed] §6§lGROSS! §7While you were offline, §2Pests §7spawned in §aPlots §r§b7§r§7, §r§b4§r§7, §r§b12§r§7, §r§b8§r§7 and §r§b20§r§r§7!
21:10:29 [allowed] §7Your §r§6☘ Farming Fortune §r§7has been reduced by §r§475%§r§7!
21:10:29 [allowed] §7Click on a plot's name in chat to teleport to it!
21:10:31 [allowed] §aYou are playing on profile: §eBanana§b (Co-op)
21:10:31 [allowed] §8Profile ID: 56e969f8-003b-4df1-bbed-3112b2f3dc94
21:10:37 [allowed] §cThere are blocks in the way!
21:10:57 [allowed] §cThis ability is on cooldown for 1s.
21:11:05 [allowed] §aYour Garden is no longer infested and your §r§6☘ Farming Fortune §r§ahas returned to normal!
21:11:05 [allowed] §6§lRARE DROP! §aNot Just a Pest Vinyl §6(§6+1,578☘)
21:11:15 [allowed] §6§lRARE DROP! §5Beady Eyes §6(§6+1,563☘)
21:11:19 [allowed] §6§lRARE DROP! §9Pesterminator I Book §6(§6+1,578☘)
21:11:23 [allowed] §cThere are not any Pests on your Garden right now! Keep farming!
21:12:20 [allowed] §aYou sold §r§aNot Just a Pest Vinyl§r§8 x1 §r§afor §r§650,000 Coins§r§a!
21:12:21 [allowed] §aYou sold §r§fRedstone§r§8 x64 §r§afor §r§664 Coins§r§a!
21:12:21 [allowed] §aYou sold §r§fRedstone§r§8 x64 §r§afor §r§664 Coins§r§a!
21:15:07 [allowed] §e[NPC] Jacob§f: §rMy contest has started!
21:15:09 [allowed] §e[NPC] Jacob§f: §rYour §9Anita's Artifact §fis giving you §6+25☘ Sugar Cane Fortune §fduring the contest!
21:15:28 [allowed] §aYou earned §r§2478 GEXP §r§a+ §r§c1,434 Event EXP §r§afrom playing SkyBlock!
21:25:29 [allowed] §aYou earned §r§2283 GEXP §r§a+ §r§c849 Event EXP §r§afrom playing SkyBlock!
21:30:30 [allowed] §aYou earned §r§2258 GEXP §r§a+ §r§c774 Event EXP §r§afrom playing SkyBlock!
21:35:30 [allowed] §aYou earned §r§2138 GEXP §r§a+ §r§c414 Event EXP §r§afrom playing SkyBlock!
21:36:03 [allowed] §7Warping...
21:36:03 [allowed] §7Sending to server mini97BK...
21:36:04 [allowed] §eYou haven't claimed your §r§6Holidays Rewards §r§eyet!
21:36:04 [allowed] §eTalk to the §r§cGingerbread §r§fMan §r§ein the §r§aHub§r§e!
21:36:07 [allowed] §aYou are playing on profile: §eBanana§b (Co-op)
21:36:07 [allowed] §8Profile ID: 56e969f8-003b-4df1-bbed-3112b2f3dc94
21:36:44 [allowed] §cYou have already purchased this!
21:36:51 [allowed] §cThis menu has been throttled! Please slow down...
21:36:51 [allowed] §cThis menu has been throttled! Please slow down...
21:36:51 [allowed] §cThis menu has been throttled! Please slow down...
21:36:51 [allowed] §cYou have already purchased this!
21:37:01 [allowed] §cYou have already purchased this!
21:37:01 [allowed] §cYou have already purchased this!
21:37:01 [allowed] §cYou have already purchased this!
21:37:01 [allowed] §cYou have already purchased this!
21:37:01 [allowed] §cYou have already purchased this!
21:37:26 [allowed] §cYou have already purchased this!
21:37:28 [allowed] §cYou have already purchased this!
21:37:30 [allowed] §cYou have already purchased this!
21:37:54 [allowed] §cThere are blocks in the way!
21:37:54 [allowed] §cThere are blocks in the way!
21:37:57 [allowed] §cThere are blocks in the way!
21:38:01 [allowed] §7Warping...
21:38:01 [allowed] §7Sending to server mini155BU...
21:38:02 [allowed] §eYou haven't claimed your §r§6Holidays Rewards §r§eyet!
21:38:02 [allowed] §eTalk to the §r§cGingerbread §r§fMan §r§ein the §r§aHub§r§e!
21:38:05 [allowed] §aYou are playing on profile: §eBanana§b (Co-op)
21:38:05 [allowed] §8Profile ID: 56e969f8-003b-4df1-bbed-3112b2f3dc94
21:38:14 [allowed] §5☬ §r§bBuggy0622 §r§dplaced a Summoning Eye! §r§7(§r§e1§r§7/§r§a8§r§7)
21:38:15 [allowed] §5☬ §r§bBuggy0622 §r§dplaced a Summoning Eye! §r§7(§r§e2§r§7/§r§a8§r§7)
21:38:15 [allowed] §5☬ §r§bBuggy0622 §r§dplaced a Summoning Eye! §r§7(§r§e3§r§7/§r§a8§r§7)
21:38:16 [allowed] §5☬ §r§bBuggy0622 §r§dplaced a Summoning Eye! §r§7(§r§e4§r§7/§r§a8§r§7)
21:38:45 [allowed] §b§lCOMPACT! §r§fYou found an §r§aEnchanted Obsidian§r§f!
21:38:45 [allowed] §aFriend > §r§bVeemo §r§ejoined.
21:38:58 [allowed] §aYou summoned your §r§5Scatha§r§a!
21:38:58 [allowed] §c ☠ §r§7§r§bsnowy1273§r§7 was killed by Obsidian Defender§r§7§r§7.
21:39:35 [allowed] §aYou used your §r§6Mining Speed Boost §r§aPickaxe Ability!
21:39:37 [allowed] §b§lCOMPACT! §r§fYou found an §r§aEnchanted Obsidian§r§f!
21:39:38 [allowed] §b§lCOMPACT! §r§fYou found an §r§aEnchanted Obsidian§r§f!
21:39:51 [allowed] §8[§r§731§r§8] §r§a[VIP] Nembly§f§r§f: what happened to the ender nodes
21:39:55 [allowed] §cYour Mining Speed Boost has expired!
21:40:30 [allowed] §b§lCOMPACT! §r§fYou found an §r§aEnchanted Obsidian§r§f!
21:40:51 [allowed] §d§lHOPPITY'S HUNT §r§dA §r§6Chocolate Breakfast Egg §r§dhas appeared!
21:40:55 [allowed] §c ☠ §r§7§r§bSaltykid2321§r§7 was killed by Voidgloom Seraph§r§7§r§7.
21:41:27 [allowed] §a§r§6Mining Speed Boost §r§ais now available!
21:41:29 [allowed] §aYou used your §r§6Mining Speed Boost §r§aPickaxe Ability!
21:41:29 [allowed] §b§lCOMPACT! §r§fYou found an §r§aEnchanted Obsidian§r§f!
21:41:38 [allowed] §b§lCOMPACT! §r§fYou found an §r§aEnchanted Obsidian§r§f!
21:41:45 [allowed] §b§lCOMPACT! §r§fYou found an §r§aEnchanted Obsidian§r§f!
21:41:49 [allowed] §cYour Mining Speed Boost has expired!
21:41:52 [allowed] §c ☠ §r§7§r§7BANANA0987564§r§7 was killed by Enderman§r§7§r§7.
21:41:58 [allowed] §c§lYou feel a tremor from beneath the earth!
21:42:26 [allowed] §c ☠ §r§7§r§bAlberth64§r§7 was killed by Voidgloom Seraph§r§7§r§7.
21:42:29 [allowed] §c ☠ §r§7§r§7BANANA0987564§r§7 was killed by Enderman§r§7§r§7.
21:42:37 [allowed] §c ☠ §r§7§r§bsnowy1273§r§7 was killed by Watcher§r§7§r§7.
21:42:38 [allowed] §cYou have already selected this as your pickaxe ability!
21:42:39 [allowed] §cYou have already purchased this!
21:42:40 [allowed] §cYou have already selected this as your pickaxe ability!
21:42:41 [allowed] §aYou selected §r§ePickobulus §r§aas your Pickaxe Ability. This ability will apply to all of your pickaxes!
21:42:44 [allowed] §aYou selected §r§eMining Speed Boost §r§aas your Pickaxe Ability. This ability will apply to all of your pickaxes!
21:42:46 [allowed] §cYou have already selected this as your pickaxe ability!
21:42:53 [allowed] §b§lCOMPACT! §r§fYou found an §r§aEnchanted Obsidian§r§f!
21:42:57 [allowed] §b§lCOMPACT! §r§fYou found an §r§aEnchanted Obsidian§r§f!
21:42:58 [allowed] §b§lCOMPACT! §r§fYou found an §r§aEnchanted Obsidian§r§f!
21:43:05 [allowed] §b§lCOMPACT! §r§fYou found an §r§aEnchanted Obsidian§r§f!
21:43:05 [allowed] §c ☠ §r§7§r§7BANANA0987564§r§7 was killed by Enderman§r§7§r§7.
21:43:21 [allowed] §aYou earned §r§2635 GEXP §r§a+ §r§c1,905 Event EXP §r§afrom playing SkyBlock!
21:43:22 [allowed] §a§r§6Mining Speed Boost §r§ais now available!
21:43:29 [allowed] §b§lCOMPACT! §r§fYou found an §r§aEnchanted Obsidian§r§f!
21:43:34 [allowed] §b§lCOMPACT! §r§fYou found an §r§aEnchanted Obsidian§r§f!
21:43:34 [allowed] §c ☠ §r§7§r§aPIGACORNIO§r§7 was killed by Voidgloom Seraph§r§7§r§7.
21:43:39 [allowed] §c ☠ §r§7§r§aFuego77§r§7 was killed by Voidgloom Seraph§r§7§r§7.
21:43:39 [allowed] §c ☠ §r§7§r§7FAVIRUCHO§r§7 was killed by Watcher§r§7§r§7.
21:43:50 [allowed] §b§lCOMPACT! §r§fYou found an §r§aEnchanted Obsidian§r§f!
21:43:51 [allowed] §c ☠ §r§7§r§7BANANA0987564§r§7 was killed by Enderman§r§7§r§7.
21:43:59 [allowed] §c ☠ §r§7§r§bsnowy1273§r§7 was killed by Zealot§r§7§r§7.
21:44:11 [allowed] §b§lCOMPACT! §r§fYou found an §r§aEnchanted Obsidian§r§f!
21:44:24 [allowed] §c ☠ §r§7§r§7BANANA0987564§r§7 was killed by Enderman§r§7§r§7.
21:44:25 [allowed] §b§lCOMPACT! §r§fYou found an §r§aEnchanted Obsidian§r§f!
21:44:29 [allowed] §b§lCOMPACT! §r§fYou found an §r§aEnchanted Obsidian§r§f!
21:44:39 [allowed] §aYou used your §r§6Mining Speed Boost §r§aPickaxe Ability!
21:44:44 [allowed] §b§lCOMPACT! §r§fYou found an §r§aEnchanted Obsidian§r§f!
21:44:46 [allowed] §b§lCOMPACT! §r§fYou found an §r§aEnchanted Obsidian§r§f!
21:44:48 [allowed] §8[§r§a156§r§8] §r§a[VIP] Wego679§f§r§f: anyone wanna place 4
21:44:56 [allowed] §b§lCOMPACT! §r§fYou found an §r§aEnchanted Obsidian§r§f!
21:44:56 [allowed] §b§lCOMPACT! §r§fYou found an §r§aEnchanted Obsidian§r§f!
21:44:57 [allowed] §b§lCOMPACT! §r§fYou found an §r§aEnchanted Obsidian§r§f!
21:44:57 [allowed] §5☬ §r§aWego679 §r§dplaced a Summoning Eye! §r§7(§r§e1§r§7/§r§a8§r§7)
21:44:58 [allowed] §b§lCOMPACT! §r§fYou found an §r§aEnchanted Obsidian§r§f!
21:44:59 [allowed] §cYour Mining Speed Boost has expired!
21:45:00 [allowed] §c ☠ §r§7§r§7BANANA0987564§r§7 was killed by Enderman§r§7§r§7.
21:45:03 [allowed] §b§lCOMPACT! §r§fYou found an §r§aEnchanted Obsidian§r§f!
21:45:10 [allowed] §b§lCOMPACT! §r§fYou found an §r§aEnchanted Obsidian§r§f!
21:45:23 [allowed] §c ☠ §r§7§r§7BANANA0987564§r§7 was killed by Enderman§r§7§r§7.
21:45:27 [allowed] §e✆ §r§aHoppity§r§e ✆ 
21:45:27 [allowed] §a✆ RING... §r §r§2§l[PICK UP]
21:45:28 [allowed] §a✆ RING... RING... §r §r§2§l[PICK UP]
21:45:29 [allowed] §a✆ RING... RING... RING... §r §r§2§l[PICK UP]
21:45:32 [allowed] §e[NPC] §aHoppity§f: §b✆ §f§rWhat's up, §bEuphaa§f?
21:45:33 [allowed] §e[NPC] §aHoppity§f: §b✆ §f§rI just got a new Chocolate Rabbit and was wondering if you wanted to buy it.
21:45:34 [allowed] §eSelect an option: §r§a[Yes] §r§c[No] 
21:45:38 [allowed] §e[NPC] §aHoppity§f: §b✆ §f§rAlright, maybe next time.
21:45:39 [allowed] §e[NPC] §aHoppity§f: §b✆ §f§rSee you around!
21:45:45 [allowed] §c ☠ §r§7§r§7wyattjune4§r§7 fell to their death with help from Enderman§r§7§r§7.
21:45:51 [allowed] §b§lCOMPACT! §r§fYou found an §r§aEnchanted Obsidian§r§f!
21:45:59 [allowed] §c ☠ §r§7§r§7BANANA0987564§r§7 was killed by Enderman§r§7§r§7.
21:46:14 [allowed] §c ☠ §r§7§r§7FAVIRUCHO§r§7 was killed by Endermite§r§7§r§7.
21:46:32 [allowed] §a§r§6Mining Speed Boost §r§ais now available!
21:46:38 [allowed] §b§lCOMPACT! §r§fYou found an §r§aEnchanted Obsidian§r§f!
21:46:41 [allowed] §d§lHOPPITY'S HUNT §r§dA §r§9Chocolate Lunch Egg §r§dhas appeared!
21:46:44 [allowed] §b§lCOMPACT! §r§fYou found an §r§aEnchanted Obsidian§r§f!
21:47:03 [allowed] §aYou used your §r§6Mining Speed Boost §r§aPickaxe Ability!
21:47:08 [allowed] §b§lCOMPACT! §r§fYou found an §r§aEnchanted Obsidian§r§f!
21:47:11 [allowed] §b§lCOMPACT! §r§fYou found an §r§aEnchanted Obsidian§r§f!
21:47:14 [allowed] §b§lCOMPACT! §r§fYou found an §r§aEnchanted Obsidian§r§f!
21:47:15 [allowed] §b§lCOMPACT! §r§fYou found an §r§aEnchanted Obsidian§r§f!
21:47:15 [allowed] §b§lCOMPACT! §r§fYou found an §r§aEnchanted Obsidian§r§f!
21:47:17 [allowed] §b§lCOMPACT! §r§fYou found an §r§aEnchanted Obsidian§r§f!
21:47:18 [allowed] §b§lCOMPACT! §r§fYou found an §r§aEnchanted Obsidian§r§f!
21:47:21 [allowed] §b§lCOMPACT! §r§fYou found an §r§aEnchanted Obsidian§r§f!
21:47:22 [allowed] §b§lCOMPACT! §r§fYou found an §r§aEnchanted Obsidian§r§f!
21:47:24 [allowed] §cYour Mining Speed Boost has expired!
21:47:25 [allowed] ▬▬▬▬▬▬▬▬▬▬▬▬▬▬▬▬▬▬▬▬▬▬▬▬▬▬▬▬▬▬▬▬▬▬▬▬▬▬▬▬▬▬▬▬▬▬▬▬▬▬▬▬▬▬▬▬▬▬▬▬▬▬▬▬
21:47:25 [allowed] §f                                §r§c§k#§r§2 LEVEL UP! §r§c§k#
21:47:25 [allowed] §f                       §r§7You are now §r§cEvent Level §r§277§r§7!
21:47:25 [allowed] §f                       §r§7You earned §r§f26 Event Silver§r§7!
21:47:25 [allowed] ▬▬▬▬▬▬▬▬▬▬▬▬▬▬▬▬▬▬▬▬▬▬▬▬▬▬▬▬▬▬▬▬▬▬▬▬▬▬▬▬▬▬▬▬▬▬▬▬▬▬▬▬▬▬▬▬▬▬▬▬▬▬▬▬
21:47:36 [allowed] §b§lCOMPACT! §r§fYou found an §r§aEnchanted Obsidian§r§f!
21:47:38 [allowed] §b§lCOMPACT! §r§fYou found an §r§aEnchanted Obsidian§r§f!
21:47:44 [allowed] §c ☠ §r§7§r§7FAVIRUCHO§r§7 was killed by Watcher§r§7§r§7.
21:47:44 [allowed] §b§lCOMPACT! §r§fYou found an §r§aEnchanted Obsidian§r§f!
21:47:47 [allowed] §b§lCOMPACT! §r§fYou found an §r§aEnchanted Obsidian§r§f!
21:47:52 [allowed] §b§lCOMPACT! §r§fYou found an §r§aEnchanted Obsidian§r§f!
21:48:04 [allowed] §8[§r§e107§r§8] §r§7§lꈔ §r§7Deathscousinn§7§r§7: anyone selling enderman carries??
21:48:16 [allowed] §8[§r§731§r§8] §r§a[VIP] Nembly§f§r§f: hub
21:48:25 [allowed] §aYou earned §r§2730 GEXP §r§a+ §r§c2,190 Event EXP §r§afrom playing SkyBlock!
21:48:30 [allowed] §8[§r§e107§r§8] §r§7§lꈔ §r§7Deathscousinn§7§r§7: ive been trying that but no response ;_;
21:48:33 [allowed] §8[§r§2164§r§8] §r§b[MVP§d+§b] ju1ly§f§r§f: can u do eman with only hype
21:48:33 [allowed] §b§lCOMPACT! §r§fYou found an §r§aEnchanted Obsidian§r§f!
21:48:37 [allowed] §b§lCOMPACT! §r§fYou found an §r§aEnchanted Obsidian§r§f!
21:48:42 [allowed] §8[§r§e107§r§8] §r§7§lꈔ §r§7Deathscousinn§7§r§7: if u wanted to lol
21:48:57 [allowed] §a§r§6Mining Speed Boost §r§ais now available!
21:48:59 [allowed] §8[§r§e91§r§8] §r§a[VIP] HoochieMann§f§r§f: does anyone else see ender nodes spawning? i havent found a single one and not sure if its the server or me
21:49:00 [allowed] §b§lCOMPACT! §r§fYou found an §r§aEnchanted Obsidian§r§f!
21:49:02 [allowed] §c§lYou feel a tremor from beneath the earth!
21:49:07 [allowed] §8[§r§2164§r§8] §r§b[MVP§d+§b] ju1ly§f§r§f: r ur particles on
21:49:11 [allowed] §8[§r§e91§r§8] §r§a[VIP] HoochieMann§f§r§f: yeah on high
21:49:15 [allowed] §c ☠ §r§7§r§bZatet§r§7 was killed by Voidgloom Seraph§r§7§r§7.
21:49:21 [allowed] §b§lCOMPACT! §r§fYou found an §r§aEnchanted Obsidian§r§f!
21:49:21 [allowed] §b§lCOMPACT! §r§fYou found an §r§aEnchanted Obsidian§r§f!
21:49:22 [allowed] §8[§r§e91§r§8] §r§a[VIP] HoochieMann§f§r§f: have NEU and Skytils on as well
21:49:30 [allowed] §b§lCOMPACT! §r§fYou found an §r§aEnchanted Obsidian§r§f!
21:49:34 [allowed] §aYou used your §r§6Mining Speed Boost §r§aPickaxe Ability!
21:49:35 [allowed] §b§lCOMPACT! §r§fYou found an §r§aEnchanted Obsidian§r§f!
21:49:39 [allowed] §b§lCOMPACT! §r§fYou found an §r§aEnchanted Obsidian§r§f!
21:49:41 [allowed] §b§lCOMPACT! §r§fYou found an §r§aEnchanted Obsidian§r§f!
21:49:42 [allowed] §b§lCOMPACT! §r§fYou found an §r§aEnchanted Obsidian§r§f!
21:49:49 [allowed] §b§lCOMPACT! §r§fYou found an §r§aEnchanted Obsidian§r§f!
21:49:52 [allowed] §b§lCOMPACT! §r§fYou found an §r§aEnchanted Obsidian§r§f!
21:49:55 [allowed] §cYour Mining Speed Boost has expired!
21:49:56 [allowed] §5☬ §r§aDabbingPug99 §r§dplaced a Summoning Eye! §r§7(§r§e1§r§7/§r§a8§r§7)
21:50:03 [allowed] §b§lCOMPACT! §r§fYou found an §r§aEnchanted Obsidian§r§f!
21:50:19 [allowed] §b§lCOMPACT! §r§fYou found an §r§aEnchanted Obsidian§r§f!
21:50:22 [allowed] §c ☠ §r§7§r§bSaltykid2321§r§7 was killed by Voidgloom Seraph§r§7§r§7.
21:50:37 [allowed] §b§lCOMPACT! §r§fYou found an §r§aEnchanted Obsidian§r§f!
21:50:59 [allowed] §b§lCOMPACT! §r§fYou found an §r§aEnchanted Obsidian§r§f!
21:51:00 [allowed] §8[§r§f53§r§8] §r§a[VIP] GoldenSpongeBob§f§r§f: 900k me biy
21:51:02 [allowed] §aFriend > §r§bBlifff §r§ejoined.
21:51:13 [allowed] §8[§r§725§r§8] §r§a[VIP] DabbingPug99§f§r§f: ?
21:51:18 [allowed] §8[§r§f53§r§8] §r§a[VIP] GoldenSpongeBob§f§r§f: for 1
21:51:27 [allowed] §8[§r§f53§r§8] §r§a[VIP] GoldenSpongeBob§f§r§f: eye
21:51:28 [allowed] §a§r§6Mining Speed Boost §r§ais now available!
21:51:40 [allowed] §8[§r§725§r§8] §r§a[VIP] DabbingPug99§f§r§f: no their way more expensive
21:51:40 [allowed] §c[Important] §r§eThis server will restart soon: §r§bGame Update
21:51:40 [allowed] §eYou have §a30 seconds §eto warp out! §a§l§nCLICK§e to warp now!
21:51:42 [allowed] §8[§r§726§r§8] §r§b[MVP] erf_is_best§f§r§f: eye 1m at baazar
21:51:55 [allowed] §8[§r§f53§r§8] §r§a[VIP] GoldenSpongeBob§f§r§f: plee
21:52:02 [allowed] §8[§r§f53§r§8] §r§a[VIP] GoldenSpongeBob§f§r§f: zz
21:52:03 [allowed] §7Warping you to your SkyBlock island...
21:52:03 [allowed] §7Sending to server mini18AS...
21:52:04 [allowed] §eYou haven't claimed your §r§6Holidays Rewards §r§eyet!
21:52:04 [allowed] §eTalk to the §r§cGingerbread §r§fMan §r§ein the §r§aHub§r§e!
21:52:07 [allowed] §aYou are playing on profile: §eBanana§b (Co-op)
21:52:07 [allowed] §8Profile ID: 56e969f8-003b-4df1-bbed-3112b2f3dc94
21:52:11 [allowed] §cThere are blocks in the way!
21:55:51 [allowed] §aFriend > §r§6bloosi §r§eleft.
21:57:05 [allowed] §aYou earned §r§2263 GEXP §r§a+ §r§c789 Event EXP §r§afrom playing SkyBlock!
21:57:47 [allowed] §cThere are blocks in the way!
21:58:18 [allowed] §aFriend > §r§bVeemo §r§eleft.
21:58:33 [allowed] §cThere are blocks in the way!
21:59:40 [allowed] §aYou picked up a minion! You currently have 27 out of a maximum of 29 minions placed.
22:00:18 [allowed] §aYou crafted a §eTier X Spruce Minion§a! That's a new one!
 §aCraft §e19 §amore unique Minions to unlock your §e30th Minion slot§a!
22:00:18 [allowed] §aYou have upgraded your Minion to Tier X
22:01:14 [allowed] §cThere are blocks in the way!
22:01:57 [allowed] §cThere are blocks in the way!
22:01:57 [allowed] §7Your Implosion hit §r§c1 §r§7enemy for §r§c151,891.3 §r§7damage.
22:02:04 [allowed] §cThere are blocks in the way!
22:02:05 [allowed] §cThere are blocks in the way!
22:02:06 [allowed] §aYou earned §r§2568 GEXP §r§a+ §r§c1,704 Event EXP §r§afrom playing SkyBlock!
22:02:29 [allowed] §cThere are blocks in the way!
22:03:35 [allowed] §cThere are blocks in the way!
22:03:36 [allowed] §cThere are blocks in the way!
22:03:36 [allowed] §cThere are blocks in the way!
22:03:37 [allowed] §cThere are blocks in the way!
22:03:44 [allowed] §cThere are blocks in the way!
22:04:27 [allowed] §cThere are blocks in the way!
22:06:11 [allowed] §2Guild > §r§bDrunk_Doctor §r§eleft.
22:06:33 [allowed] §7Warping...
22:06:33 [allowed] §7Sending to server mini199B...
22:06:33 [allowed] §eYou haven't claimed your §r§6Holidays Rewards §r§eyet!
22:06:33 [allowed] §eTalk to the §r§cGingerbread §r§fMan §r§ein the §r§aHub§r§e!
22:06:36 [allowed] §aYou are playing on profile: §eBanana§b (Co-op)
22:06:36 [allowed] §8Profile ID: 56e969f8-003b-4df1-bbed-3112b2f3dc94
22:06:41 [allowed] §d§lHOPPITY'S HUNT §r§dA §r§9Chocolate Déjeuner Egg §r§dhas appeared!
22:07:19 [allowed] §c ☠ §r§7§r§71039689§r§7 was killed by Enderman§r§7§r§7.
22:07:36 [allowed] §c ☠ §r§7§r§71039689§r§7 was killed by Enderman§r§7§r§7.
22:07:52 [allowed] §c ☠ §r§7§r§71039689§r§7 was killed by Enderman§r§7§r§7.
22:07:59 [allowed] §c ☠ §r§7§r§71039689§r§7 was killed by Enderman§r§7§r§7.
22:08:00 [allowed] §cThere are blocks in the way!
22:08:20 [allowed] §c ☠ §r§7§r§7b4suvi§r§7 was killed by Endermite§r§7§r§7.
22:08:21 [allowed] §c ☠ §r§7§r§71039689§r§7 was killed by Enderman§r§7§r§7.
22:08:21 [allowed] §2Guild > §r§bDrunk_Doctor §r§ejoined.
22:08:27 [allowed] §c ☠ §r§7§r§7NOTItzChessy§r§7 was killed by Endermite§r§7§r§7.
22:08:28 [allowed] §b§lCOMPACT! §r§fYou found an §r§aEnchanted Obsidian§r§f!
22:08:35 [allowed] §b§lCOMPACT! §r§fYou found an §r§aEnchanted Obsidian§r§f!
22:08:41 [allowed] §b§lCOMPACT! §r§fYou found an §r§aEnchanted Obsidian§r§f!
22:08:44 [allowed] §b§lCOMPACT! §r§fYou found an §r§aEnchanted Obsidian§r§f!
22:08:50 [allowed] §b§lCOMPACT! §r§fYou found an §r§aEnchanted Obsidian§r§f!
22:08:53 [allowed] §c ☠ §r§7§r§71039689§r§7 was killed by Endermite§r§7§r§7.
22:08:59 [allowed] §aYou used your §r§6Mining Speed Boost §r§aPickaxe Ability!
22:09:01 [allowed] §b§lCOMPACT! §r§fYou found an §r§aEnchanted Obsidian§r§f!
22:09:02 [allowed] §b§lCOMPACT! §r§fYou found an §r§aEnchanted Obsidian§r§f!
22:09:05 [allowed] §b§lCOMPACT! §r§fYou found an §r§aEnchanted Obsidian§r§f!
22:09:06 [allowed] §c ☠ §r§7§r§71039689§r§7 was killed by Endermite§r§7§r§7.
22:09:07 [allowed] §b§lCOMPACT! §r§fYou found an §r§aEnchanted Obsidian§r§f!
22:09:09 [allowed] §cThere are blocks in the way!
22:09:09 [allowed] §b§lCOMPACT! §r§fYou found an §r§aEnchanted Obsidian§r§f!
22:09:13 [allowed] §b§lCOMPACT! §r§fYou found an §r§aEnchanted Obsidian§r§f!
22:09:14 [allowed] §c ☠ §r§7§r§71039689§r§7 was killed by Endermite§r§7§r§7.
22:09:15 [allowed] §b§lCOMPACT! §r§fYou found an §r§aEnchanted Obsidian§r§f!
22:09:19 [allowed] §b§lCOMPACT! §r§fYou found an §r§aEnchanted Obsidian§r§f!
22:09:19 [allowed] §cYour Mining Speed Boost has expired!
22:09:25 [allowed] §c ☠ §r§7§r§71039689§r§7 was killed by Endermite§r§7§r§7.
22:09:25 [allowed] §b§lCOMPACT! §r§fYou found an §r§aEnchanted Obsidian§r§f!
22:09:33 [allowed] §c ☠ §r§7§r§71039689§r§7 was killed by Endermite§r§7§r§7.
22:09:55 [allowed] §c ☠ §r§7§r§71039689§r§7 was killed by Endermite§r§7§r§7.
22:10:00 [allowed] §b§lCOMPACT! §r§fYou found an §r§aEnchanted Obsidian§r§f!
22:10:04 [allowed] §c ☠ §r§7§r§71039689§r§7 was killed by Enderman§r§7§r§7.
22:10:10 [allowed] §c§lYou feel a tremor from beneath the earth!
22:10:18 [allowed] §aYou earned §r§2351 GEXP §r§a+ §r§c1,053 Event EXP §r§afrom playing SkyBlock!
22:10:20 [allowed] §b§lCOMPACT! §r§fYou found an §r§aEnchanted Obsidian§r§f!
22:10:21 [allowed] §b§lCOMPACT! §r§fYou found an §r§aEnchanted Obsidian§r§f!
22:10:25 [allowed] §c ☠ §r§7§r§71039689§r§7 was killed by Enderman§r§7§r§7.
22:10:36 [allowed] §b§lCOMPACT! §r§fYou found an §r§aEnchanted Obsidian§r§f!
22:10:37 [allowed] §c ☠ §r§7§r§71039689§r§7 was killed by Enderman§r§7§r§7.
22:10:39 [allowed] §b§lCOMPACT! §r§fYou found an §r§aEnchanted Obsidian§r§f!
22:10:40 [allowed] §b§lCOMPACT! §r§fYou found an §r§aEnchanted Obsidian§r§f!
22:10:41 [allowed] §b§lCOMPACT! §r§fYou found an §r§aEnchanted Obsidian§r§f!
22:10:47 [allowed] §b§lCOMPACT! §r§fYou found an §r§aEnchanted Obsidian§r§f!
22:10:52 [allowed] §a§r§6Mining Speed Boost §r§ais now available!
22:10:53 [allowed] §aYou used your §r§6Mining Speed Boost §r§aPickaxe Ability!
22:10:56 [allowed] §b§lCOMPACT! §r§fYou found an §r§aEnchanted Obsidian§r§f!
22:11:00 [allowed] §c ☠ §r§7§r§bJldwl§r§7 was killed by Voidgloom Seraph§r§7§r§7.
22:11:00 [allowed] §c ☠ §r§7§r§71039689§r§7 was killed by Enderman§r§7§r§7.
22:11:00 [allowed] §b§lCOMPACT! §r§fYou found an §r§aEnchanted Obsidian§r§f!
22:11:10 [allowed] §c ☠ §r§7§r§7QueenVon420§r§7 was killed by Voidgloom Seraph§r§7§r§7.
22:11:13 [allowed] §cThere are blocks in the way!
22:11:13 [allowed] §cYour Mining Speed Boost has expired!
22:11:27 [allowed] §b§lCOMPACT! §r§fYou found an §r§aEnchanted Obsidian§r§f!
22:11:39 [allowed] §c ☠ §r§7§r§71039689§r§7 was killed by Nest Endermite§r§7§r§7.
22:11:39 [allowed] §b§lCOMPACT! §r§fYou found an §r§aEnchanted Obsidian§r§f!
22:11:41 [allowed] §2Guild > §r§bwizardtoe §r§ejoined.
22:11:47 [allowed] §b§lCOMPACT! §r§fYou found an §r§aEnchanted Obsidian§r§f!
22:11:52 [allowed] §c ☠ §r§7§r§71039689§r§7 was killed by Nest Endermite§r§7§r§7.
22:11:58 [allowed] §b§lCOMPACT! §r§fYou found an §r§aEnchanted Obsidian§r§f!
22:12:17 [allowed] §c ☠ §r§7§r§bJldwl§r§7 was killed by Voidgloom Seraph§r§7§r§7.
22:12:17 [allowed] §b§lCOMPACT! §r§fYou found an §r§aEnchanted Obsidian§r§f!
22:12:22 [allowed] §b§lCOMPACT! §r§fYou found an §r§aEnchanted Obsidian§r§f!
22:12:28 [allowed] §c ☠ §r§7§r§7Darko00§r§7 was killed by Enderman§r§7§r§7.
22:12:31 [allowed] §d§lHOPPITY'S HUNT §r§dA §r§aChocolate Supper Egg §r§dhas appeared!
22:12:36 [allowed] §b§lCOMPACT! §r§fYou found an §r§aEnchanted Obsidian§r§f!
22:12:38 [allowed] §c ☠ §r§7§r§7Darko00§r§7 was killed by Enderman§r§7§r§7.
22:12:41 [allowed] §b§lCOMPACT! §r§fYou found an §r§aEnchanted Obsidian§r§f!
22:12:42 [allowed] §b§lCOMPACT! §r§fYou found an §r§aEnchanted Obsidian§r§f!
22:12:47 [allowed] §a§r§6Mining Speed Boost §r§ais now available!
22:12:48 [allowed] §c ☠ §r§7§r§7Darko00§r§7 was killed by Enderman§r§7§r§7.
22:12:52 [allowed] §b§lCOMPACT! §r§fYou found an §r§aEnchanted Obsidian§r§f!
22:12:58 [allowed] §b§lCOMPACT! §r§fYou found an §r§aEnchanted Obsidian§r§f!
22:13:03 [allowed] §aYou used your §r§6Mining Speed Boost §r§aPickaxe Ability!
22:13:05 [allowed] §b§lCOMPACT! §r§fYou found an §r§aEnchanted Obsidian§r§f!
22:13:07 [allowed] §b§lCOMPACT! §r§fYou found an §r§aEnchanted Obsidian§r§f!
22:13:07 [allowed] §c ☠ §r§7§r§7Darko00§r§7 was killed by Enderman§r§7§r§7.
22:13:09 [allowed] §b§lCOMPACT! §r§fYou found an §r§aEnchanted Obsidian§r§f!
22:13:10 [allowed] §b§lCOMPACT! §r§fYou found an §r§aEnchanted Obsidian§r§f!
22:13:10 [allowed] §b§lCOMPACT! §r§fYou found an §r§aEnchanted Obsidian§r§f!
22:13:12 [allowed] §c ☠ §r§7§r§71039689§r§7 was killed by Enderman§r§7§r§7.
22:13:16 [allowed] §b§lCOMPACT! §r§fYou found an §r§aEnchanted Obsidian§r§f!
22:13:18 [allowed] §b§lCOMPACT! §r§fYou found an §r§aEnchanted Obsidian§r§f!
22:13:18 [allowed] §c ☠ §r§7§r§7Darko00§r§7 was killed by Enderman§r§7§r§7.
22:13:24 [allowed] §cYour Mining Speed Boost has expired!
22:13:29 [allowed] §c ☠ §r§7§r§71039689§r§7 was killed by Enderman§r§7§r§7.
22:13:31 [allowed] §c ☠ §r§7§r§bJldwl§r§7 was killed by Voidgloom Seraph§r§7§r§7.
22:13:34 [allowed] §c ☠ §r§7§r§7Darko00§r§7 was killed by Enderman§r§7§r§7.
22:13:35 [allowed] §c ☠ §r§7§r§7QueenVon420§r§7 was killed by Voidgloom Seraph§r§7§r§7.
22:13:36 [allowed] §b§lCOMPACT! §r§fYou found an §r§aEnchanted Obsidian§r§f!
22:13:39 [allowed] §b§lCOMPACT! §r§fYou found an §r§aEnchanted Obsidian§r§f!
22:13:44 [allowed] §c ☠ §r§7§r§71039689§r§7 was killed by Enderman§r§7§r§7.
22:14:00 [allowed] §b§lCOMPACT! §r§fYou found an §r§aEnchanted Obsidian§r§f!
22:14:03 [allowed] §c ☠ §r§7§r§71039689§r§7 was killed by Enderman§r§7§r§7.
22:14:05 [allowed] §c ☠ §r§7§r§7Darko00§r§7 was killed by Enderman§r§7§r§7.
22:14:11 [allowed] §b§lCOMPACT! §r§fYou found an §r§aEnchanted Obsidian§r§f!
22:14:15 [allowed] §b§lCOMPACT! §r§fYou found an §r§aEnchanted Obsidian§r§f!
22:14:16 [allowed] §b§lCOMPACT! §r§fYou found an §r§aEnchanted Obsidian§r§f!
22:14:17 [allowed] §c ☠ §r§7§r§71039689§r§7 was killed by Enderman§r§7§r§7.
22:14:19 [allowed] §c ☠ §r§7§r§7Darko00§r§7 was killed by Enderman§r§7§r§7.
22:14:28 [allowed] §b§lCOMPACT! §r§fYou found an §r§aEnchanted Obsidian§r§f!
22:14:29 [allowed] §b§lCOMPACT! §r§fYou found an §r§aEnchanted Obsidian§r§f!
22:14:49 [allowed] §b§lCOMPACT! §r§fYou found an §r§aEnchanted Obsidian§r§f!
22:14:54 [allowed] §c ☠ §r§7§r§7Darko00§r§7 was killed by Enderman§r§7§r§7.
22:14:55 [allowed] §cYour pickaxe ability is on cooldown for 1s.
22:14:56 [allowed] §aYou used your §r§6Mining Speed Boost §r§aPickaxe Ability!
22:14:56 [allowed] §8[§r§a146§r§8] §r§a[VIP] Cookiegod124§f§r§f: time limit?
22:14:57 [allowed] §a§r§6Mining Speed Boost §r§ais now available!
22:14:58 [allowed] §b§lCOMPACT! §r§fYou found an §r§aEnchanted Obsidian§r§f!
22:14:58 [allowed] §b§lCOMPACT! §r§fYou found an §r§aEnchanted Obsidian§r§f!
22:15:00 [allowed] §8[§r§e108§r§8] §r§7☬ §r§b[MVP§e+§b] Quarter182§f§r§f: yeah
22:15:02 [allowed] §b§lCOMPACT! §r§fYou found an §r§aEnchanted Obsidian§r§f!
22:15:04 [allowed] §8[§r§e108§r§8] §r§7☬ §r§b[MVP§e+§b] Quarter182§f§r§f: ...
22:15:05 [allowed] §cThere are blocks in the way!
22:15:07 [allowed] §b§lCOMPACT! §r§fYou found an §r§aEnchanted Obsidian§r§f!
22:15:08 [allowed] §b§lCOMPACT! §r§fYou found an §r§aEnchanted Obsidian§r§f!
22:15:10 [allowed] §8[§r§a146§r§8] §r§a[VIP] Cookiegod124§f§r§f: want me to help?
22:15:14 [allowed] §b§lCOMPACT! §r§fYou found an §r§aEnchanted Obsidian§r§f!
22:15:16 [allowed] §cYour Mining Speed Boost has expired!
22:15:18 [allowed] §c ☠ §r§7§r§7Darko00§r§7 was killed by Enderman§r§7§r§7.
22:15:19 [allowed] §b§lCOMPACT! §r§fYou found an §r§aEnchanted Obsidian§r§f!
22:15:20 [allowed] §c ☠ §r§7§r§71039689§r§7 was killed by Enderman§r§7§r§7.
22:15:21 [allowed] §c[Important] §r§eThis server will restart soon: §r§bGame Update
22:15:21 [allowed] §eYou have §a30 seconds §eto warp out! §a§l§nCLICK§e to warp now!
22:15:24 [allowed] §aYou earned §r§2750 GEXP §r§a+ §r§c2,250 Event EXP §r§afrom playing SkyBlock!
22:15:24 [allowed] ▬▬▬▬▬▬▬▬▬▬▬▬▬▬▬▬▬▬▬▬▬▬▬▬▬▬▬▬▬▬▬▬▬▬▬▬▬▬▬▬▬▬▬▬▬▬▬▬▬▬▬▬▬▬▬▬▬▬▬▬▬▬▬▬
22:15:24 [allowed] §f                                §r§c§k#§r§2 LEVEL UP! §r§c§k#
22:15:24 [allowed] §f                       §r§7You are now §r§cEvent Level §r§278§r§7!
22:15:24 [allowed] §f                       §r§7You earned §r§f26 Event Silver§r§7!
22:15:24 [allowed] ▬▬▬▬▬▬▬▬▬▬▬▬▬▬▬▬▬▬▬▬▬▬▬▬▬▬▬▬▬▬▬▬▬▬▬▬▬▬▬▬▬▬▬▬▬▬▬▬▬▬▬▬▬▬▬▬▬▬▬▬▬▬▬▬
22:15:24 [allowed] §8[§r§e108§r§8] §r§7☬ §r§b[MVP§e+§b] Quarter182§f§r§f: its okay i wanna try to do it myself
22:15:28 [allowed] §c ☠ §r§7§r§71039689§r§7 was killed by Enderman§r§7§r§7.
22:15:31 [allowed] §8[§r§a146§r§8] §r§a[VIP] Cookiegod124§f§r§f: alr
22:15:39 [allowed] §8[§r§e108§r§8] §r§7☬ §r§b[MVP§e+§b] Quarter182§f§r§f: i can get more damage its okay
22:15:42 [allowed] §c ☠ §r§7§r§71039689§r§7 was killed by Enderman§r§7§r§7.
22:15:43 [allowed] §7Warping you to your SkyBlock island...
22:15:44 [allowed] §7Sending to server mini82AF...
22:15:44 [allowed] §8[§r§e108§r§8] §r§7☬ §r§b[MVP§e+§b] Quarter182§f§r§f: thanmks though
22:15:44 [allowed] §eYou haven't claimed your §r§6Holidays Rewards §r§eyet!
22:15:44 [allowed] §eTalk to the §r§cGingerbread §r§fMan §r§ein the §r§aHub§r§e!
22:15:47 [allowed] §aYou are playing on profile: §eBanana§b (Co-op)
22:15:47 [allowed] §8Profile ID: 56e969f8-003b-4df1-bbed-3112b2f3dc94
22:19:50 [allowed] §eYour Mining Sack §r§eis full of §r§fObsidian§r§e!
22:25:46 [allowed] §aYou earned §r§2103 GEXP §r§a+ §r§c309 Event EXP §r§afrom playing SkyBlock!
22:35:48 [allowed] §aYou earned §r§2143 GEXP §r§a+ §r§c429 Event EXP §r§afrom playing SkyBlock!
22:55:19 [allowed] §cThere are blocks in the way!
22:55:37 [allowed] §2Guild > §r§bwizardtoe §r§eleft.
22:58:31 [allowed] §cThere are blocks in the way!
22:58:31 [allowed] §7Your Implosion hit §r§c15 §r§7enemies for §r§c3,096,027.7 §r§7damage.
22:59:50 [allowed] §aYou sold §r§fSpider Eye§r§8 x1 §r§afor §r§63 Coins§r§a!
22:59:51 [allowed] §aYou sold §r§fString§r§8 x2 §r§afor §r§66 Coins§r§a!
23:00:12 [allowed] §4[WATCHDOG ANNOUNCEMENT]
23:00:12 [allowed] §fWatchdog has banned §r§c§l10,800§r§f players in the last 7 days.
23:00:12 [allowed] §fStaff have banned an additional §r§c§l10,587§r§f in the last 7 days.
23:00:12 [allowed] §cBlacklisted modifications are a bannable offense!
23:00:51 [allowed] §aYou earned §r§2418 GEXP §r§a+ §r§c1,254 Event EXP §r§afrom playing SkyBlock!
23:01:06 [allowed] §cThere are blocks in the way!
23:01:35 [allowed] §cThere are blocks in the way!
23:01:43 [allowed] §cThere are blocks in the way!
23:02:00 [allowed] §eYou Supercrafted §r§r§r§aSilver Fang §r§8x64§r§e!
23:02:09 [allowed] §aYou crafted a §eTier VIII Ghast Minion§a! That's a new one!
 §aCraft §e18 §amore unique Minions to unlock your §e30th Minion slot§a!
23:02:09 [allowed] §aYou have upgraded your Minion to Tier VIII
23:02:27 [allowed] §cThere are blocks in the way!
23:02:27 [allowed] §7Your Implosion hit §r§c3 §r§7enemies for §r§c539,357.8 §r§7damage.
23:02:35 [allowed] §cThere are blocks in the way!
23:02:35 [allowed] §7Your Implosion hit §r§c4 §r§7enemies for §r§c766,455.8 §r§7damage.
23:02:50 [allowed] §aYou crafted a §eTier VIII Blaze Minion§a! That's a new one!
 §aCraft §e17 §amore unique Minions to unlock your §e30th Minion slot§a!
23:02:50 [allowed] §aYou have upgraded your Minion to Tier VIII
23:02:55 [allowed] §aYou crafted a §eTier IX Blaze Minion§a! That's a new one!
 §aCraft §e16 §amore unique Minions to unlock your §e30th Minion slot§a!
23:02:55 [allowed] §aYou have upgraded your Minion to Tier IX
23:03:03 [allowed] §cThere are blocks in the way!
23:03:03 [allowed] §7Your Implosion hit §r§c6 §r§7enemies for §r§c1,078,715.6 §r§7damage.
23:03:04 [allowed] §cThere are blocks in the way!
23:03:19 [allowed] §cThere are blocks in the way!
23:03:27 [allowed] §cThere are blocks in the way!
23:04:11 [allowed] §eYour Mining Sack §r§eis full of §r§fObsidian§r§e!
23:05:31 [allowed] §eYour Mining Sack §r§eis full of §r§fObsidian§r§e!
23:05:34 [allowed] §cThere are blocks in the way!
23:05:52 [allowed] §aYou earned §r§2588 GEXP §r§a+ §r§c1,764 Event EXP §r§afrom playing SkyBlock!
23:05:58 [allowed] §7Warping...
23:05:58 [allowed] §7Sending to server mini145AQ...
23:05:59 [allowed] §eYou haven't claimed your §r§6Holidays Rewards §r§eyet!
23:05:59 [allowed] §eTalk to the §r§cGingerbread §r§fMan §r§ein the §r§aHub§r§e!
23:06:02 [allowed] §7Sending to server mini14C...
23:06:03 [allowed] §d§lINFUSED! §r§7Used one of your free Rift charges!
23:06:03 [allowed] §8If this was unintended, you can leave at no cost whatsoever.
23:06:03 [allowed] §eYou haven't claimed your §r§6Holidays Rewards §r§eyet!
23:06:03 [allowed] §eTalk to the §r§cGingerbread §r§fMan §r§ein the §r§aHub§r§e!
23:06:06 [allowed] §aYou are playing on profile: §eBanana§b (Co-op)
23:06:06 [allowed] §8Profile ID: 56e969f8-003b-4df1-bbed-3112b2f3dc94
23:06:09 [allowed] §eYou used §r§a§r§a21m41s ф Rift Time §r§eto teleport to §r§fMountaintop§r§e!
23:06:10 [allowed] §5§l▬▬▬▬▬▬▬▬▬▬▬▬▬▬▬▬▬▬▬▬▬▬▬▬▬▬▬▬▬▬▬▬▬▬▬▬▬▬▬▬▬▬▬▬▬▬▬▬▬▬▬▬▬▬▬▬▬▬▬▬▬▬▬▬
23:06:10 [allowed]   §r§d§lRIFT INSTABILITY WARNING
23:06:10 [allowed]     §r§7Venturing in the §r§dRift §r§7breaches spacetime.
23:06:10 [allowed]     §r§7You have §r§a36m26sф §r§7left before the rift collapses!
23:06:10 [allowed]     §r§8Your dimensional infusion has been consumed!
23:06:10 [allowed] §5§l▬▬▬▬▬▬▬▬▬▬▬▬▬▬▬▬▬▬▬▬▬▬▬▬▬▬▬▬▬▬▬▬▬▬▬▬▬▬▬▬▬▬▬▬▬▬▬▬▬▬▬▬▬▬▬▬▬▬▬▬▬▬▬▬
23:06:15 [allowed] §8[§r§9286§r§8] §r§b§lᛝ §r§b[MVP§f+§b] DeathByDuck1§f§r§f: Help Wizardman!
23:06:34 [allowed] §5§lORB! §r§dPicked up §r§5+65 Motes§r§d, recovered §r§a+2ф Rift Time§r§d!
23:06:51 [allowed] §c ☠ §r§7§r§bVibray§r§7 was killed by Riftstalker Bloodfiend§r§7§r§7.
23:06:55 [allowed] §e[NPC] Ubik Von Neumann§f: §r§fWelcome back, §bEuphaa§f. The game awaits your strategic touch.
23:06:57 [allowed] §e[NPC] Ubik Von Neumann§f: §r§fPlease choose your box.
23:07:09 [allowed] §e[NPC] Ubik Von Neumann§f: §r§fYou chose the §6first§f box. Let's open another box.
23:07:15 [allowed] §e[NPC] Ubik Von Neumann§f: §r§fWill you §akeep §fthe box you opened, or will you §cswitch§f to the other?
23:07:16 [allowed] §cYou can't claim this soul yet!
23:07:17 [allowed] §e[NPC] Ubik Von Neumann§f: §r§fPlease choose the box you want to open.
23:07:20 [allowed] §e[NPC] Ubik Von Neumann§f: §r§fYou have chosen to swap to the other box.
23:07:22 [allowed] §e[NPC] Ubik Von Neumann§f: §r§fLet's open the box.
23:07:26 [allowed] §cYou can't claim this soul yet!
23:07:28 [allowed] §e[NPC] Ubik Von Neumann§f: §r§fAlas, the reward was not within your grasp this time.
23:07:31 [allowed] §e[NPC] Ubik Von Neumann§f: §r§fInquire me this, what prompted your decision to switch boxes?
23:07:31 [allowed] §eSelect an option: §r§a[Because it increases the odds!] §r§a[Because I felt like it! >:( ] 
23:07:33 [allowed] §5§lORB! §r§dPicked up §r§5+65 Motes§r§d, recovered §r§a+2ф Rift Time§r§d!
23:07:44 [allowed] §e[NPC] Ubik Von Neumann§f: §r§fI see.
23:07:46 [allowed] §e[NPC] Ubik Von Neumann§f: §r§fYou can always come back and play my game again later.
23:07:47 [allowed] §c ☠ §r§7§r§6Infernico§r§7 failed their training session with Sun Gecko§r§7.
23:08:04 [allowed] §5§lORB! §r§dPicked up §r§5+65 Motes§r§d, recovered §r§a+2ф Rift Time§r§d!
23:08:49 [allowed] §aYou earned §r§2243 GEXP §r§a+ §r§c729 Event EXP §r§afrom playing SkyBlock!
23:08:49 [allowed] §c ☠ §r§7§r§6Infernico§r§7 failed their training session with Sun Gecko§r§7.
23:09:25 [allowed] §cThere are blocks in the way!
23:09:37 [allowed] §c ☠ §r§7§r§6Infernico§r§7 failed their training session with Sun Gecko§r§7.
23:12:41 [allowed] §8[§r§3279§r§8] §r§7➶ §r§b[MVP§d+§b] sophieboo_§f§r§f: a
23:12:45 [allowed] §cThere are blocks in the way!
23:13:20 [allowed] §5You have already found that Enigma Soul!
23:13:27 [allowed] §e[NPC] Ubik Von Neumann§f: §r§fDo you want to play another match?
23:13:28 [allowed] §eSelect an option: §r§a[Yes] 
23:13:32 [allowed] §6§lROUND 1§r§6§l: §r§eYou chose §r§c§lSTEAL §r§eand gained §r§51,000 Motes§r§e!
23:13:37 [allowed] §6§lROUND 2§r§6§l: §r§eYou chose §r§c§lSTEAL §r§eand gained §r§51,000 Motes§r§e!
23:13:38 [allowed] §d§lRIFTASTIC! §r§b[MVP§r§d+§r§b] Vibray§r§f §r§ehas secured §r§cVampiric Timecharm §r§einto their gallery! §r§6gg§r§e!
23:13:38 [allowed] §6§lROUND 3§r§6§l: §r§eYou chose §r§c§lSTEAL §r§eand gained §r§51,000 Motes§r§e!
23:13:40 [allowed] §6§lROUND 4§r§6§l: §r§eYou chose §r§a§lSPLIT §r§eand gained §r§50 Motes§r§e!
23:13:45 [allowed] §6§lROUND 5§r§6§l: §r§eYou chose §r§a§lSPLIT §r§eand gained §r§53,000 Motes§r§e!
23:13:46 [allowed] §6§lROUND 6 §r§6(§r§6§lFINAL§r§6)§r§6§l: §r§eYou chose §r§a§lSPLIT §r§eand gained §r§53,000 Motes§r§e!
23:13:46 [allowed] §eYou earned §r§59,000 Motes §r§ein this match!
23:13:46 [allowed] §eYour opponent earned §r§514,000 Motes §r§ein this match!
23:13:46 [allowed] §b§lSPLIT! §r§cYou have already claimed motes for this round from Ubik!
23:13:46 [allowed] §e[NPC] Ubik Von Neumann§f: §r§fThat was a good match.
23:13:46 [allowed] §8[§r§a120§r§8] §r§b[MVP§d+§b] Vibray §7♲§f§r§f: 120
23:13:48 [allowed] §e[NPC] Ubik Von Neumann§f: §r§fHowever I do not respect your strategy.
23:13:50 [allowed] §e[NPC] Ubik Von Neumann§f: §r§fWe can play again some other time.
23:13:51 [allowed] §aYou earned §r§2713 GEXP §r§a+ §r§c2,139 Event EXP §r§afrom playing SkyBlock!
23:14:11 [allowed] §5§lORB! §r§dPicked up §r§5+65 Motes§r§d, recovered §r§a+2ф Rift Time§r§d!
23:15:08 [allowed] §e[NPC] Ubik Von Neumann§f: §rWelcome back, §bEuphaa§f.
23:15:10 [allowed] §e[NPC] Ubik Von Neumann§f: §rThe previous revolution had §914,841 §fparticipants with an average choice of §a50.69§f.
23:15:15 [allowed] §e[NPC] Ubik Von Neumann§f: §rYour choice was §a100§f.
23:15:17 [allowed] §e[NPC] Ubik Von Neumann§f: §rRegrettably you were §cnot §famong the 10% closest to half of the average, and you will receive nothing.
23:15:23 [allowed] §e[NPC] Ubik Von Neumann§f: §rMay your next choice reflect deeper insights.
23:15:29 [allowed] §aYou have selected number §r§d25§r§a!
23:15:41 [allowed] §aYou have selected number §r§d24§r§a!
23:15:48 [allowed] §5§lORB! §r§dPicked up §r§5+65 Motes§r§d, recovered §r§a+2ф Rift Time§r§d!
23:15:56 [allowed] §5§lORB! §r§dPicked up §r§5+65 Motes§r§d, recovered §r§a+2ф Rift Time§r§d!
23:16:06 [allowed] §8[§r§3279§r§8] §r§7➶ §r§b[MVP§d+§b] sophieboo_§f§r§f: FUCK THIS GAME
23:16:38 [allowed] §5§lORB! §r§dPicked up §r§5+65 Motes§r§d, recovered §r§a+2ф Rift Time§r§d!
23:17:03 [allowed] §cThis feature is disabled here!
23:17:07 [allowed] §8[§r§3279§r§8] §r§7➶ §r§b[MVP§d+§b] sophieboo_§f§r§f: i hate bacte
23:17:11 [allowed] §8[§r§3279§r§8] §r§7➶ §r§b[MVP§d+§b] sophieboo_§f§r§f: stupid ass ping boss
23:17:11 [allowed] §eYou used §r§a§r§a10m00s ф Rift Time §r§eto enter §r§6Barrier Street§r§e!
23:18:13 [allowed] §7Warping...
23:18:13 [allowed] §7Sending to server mini233A...
23:18:13 [allowed] §eYou haven't claimed your §r§6Holidays Rewards §r§eyet!
23:18:13 [allowed] §eTalk to the §r§cGingerbread §r§fMan §r§ein the §r§aHub§r§e!
23:18:16 [allowed] §aYou are playing on profile: §eBanana§b (Co-op)
23:18:16 [allowed] §8Profile ID: 56e969f8-003b-4df1-bbed-3112b2f3dc94
23:18:27 [allowed] §d§lHOPPITY'S HUNT §r§dYou found a §r§9Chocolate Déjeuner Egg §r§din the Pearl Dealer’s shop§r§d!
23:18:28 [allowed] §D§LHOPPITY'S HUNT §7You found §fSniffles §7(§F§LCOMMON§7)!
23:18:28 [allowed] §7§lDUPLICATE RABBIT! §6+5,545,662 Chocolate
23:18:30 [allowed] §8[§r§a148§r§8] §r§7⛂ §r§a[VIP§6+§a] GingerMonkey_YT§f§r§f: ooo
23:18:30 [allowed] §8[§r§a148§r§8] §r§7⛂ §r§a[VIP§6+§a] GingerMonkey_YT§f§r§f: aslkdjapksdjhna
23:18:31 [allowed] §8[§r§a148§r§8] §r§7⛂ §r§a[VIP§6+§a] GingerMonkey_YT§f§r§f: `asd;lkasjd
23:18:33 [allowed] §8[§r§a148§r§8] §r§7⛂ §r§a[VIP§6+§a] GingerMonkey_YT§f§r§f: phase skip
23:18:35 [allowed] §d§lHOPPITY'S HUNT §r§dYou found a §r§cHitman Egg§r§d!
23:18:35 [allowed] §D§LHOPPITY'S HUNT §7You found §fBeatrice §7(§F§LCOMMON§7)!
23:18:35 [allowed] §d§lNEW RABBIT! §6+1 Chocolate §7and §6+0.002x Chocolate §7per second!
23:18:35 [allowed] §8[§r§a148§r§8] §r§7⛂ §r§a[VIP§6+§a] GingerMonkey_YT§f§r§f: ytooooooooooooooo
23:18:35 [allowed] §d§lHOPPITY'S HUNT §r§dYou found a §r§cHitman Egg§r§d!
23:18:35 [allowed] §D§LHOPPITY'S HUNT §7You found §fHunter §7(§F§LCOMMON§7)!
23:18:35 [allowed] §7§lDUPLICATE RABBIT! §6+4,695,456 Chocolate
23:18:36 [allowed] §d§lHOPPITY'S HUNT §r§dYou found a §r§cHitman Egg§r§d!
23:18:36 [allowed] §D§LHOPPITY'S HUNT §7You found §fGuinness §7(§F§LCOMMON§7)!
23:18:36 [allowed] §7§lDUPLICATE RABBIT! §6+5,122,316 Chocolate
23:18:36 [allowed] §8[§r§f53§r§8] §r§7Shimanto___§7§r§7: BRO THAT WAS UNDER 40 SECONDs
23:18:36 [allowed] §d§lHOPPITY'S HUNT §r§dYou found a §r§cHitman Egg§r§d!
23:18:36 [allowed] §D§LHOPPITY'S HUNT §7You found §aAshes §7(§A§LUNCOMMON§7)!
23:18:36 [allowed] §7§lDUPLICATE RABBIT! §6+10,244,632 Chocolate
23:18:37 [allowed] §d§lHOPPITY'S HUNT §r§dYou found a §r§cHitman Egg§r§d!
23:18:37 [allowed] §D§LHOPPITY'S HUNT §7You found §fFievel §7(§F§LCOMMON§7)!
23:18:37 [allowed] §d§lNEW RABBIT! §6+1 Chocolate §7and §6+0.002x Chocolate §7per second!
23:18:37 [allowed] §8[§r§a148§r§8] §r§7⛂ §r§a[VIP§6+§a] GingerMonkey_YT§f§r§f: first tiem
23:18:38 [allowed] §d§lHOPPITY'S HUNT §r§dYou found a §r§cHitman Egg§r§d!
23:18:38 [allowed] §D§LHOPPITY'S HUNT §7You found §fWinston §7(§F§LCOMMON§7)!
23:18:38 [allowed] §d§lNEW RABBIT! §6+1 Chocolate §7and §6+0.002x Chocolate §7per second!
23:18:38 [allowed] §d§lHOPPITY'S HUNT §r§dYou found a §r§cHitman Egg§r§d!
23:18:38 [allowed] §D§LHOPPITY'S HUNT §7You found §fDemi §7(§F§LCOMMON§7)!
23:18:38 [allowed] §7§lDUPLICATE RABBIT! §6+5,556,205 Chocolate
23:18:39 [allowed] §d§lHOPPITY'S HUNT §r§dYou found a §r§cHitman Egg§r§d!
23:18:39 [allowed] §D§LHOPPITY'S HUNT §7You found §fScuba §7(§F§LCOMMON§7)!
23:18:39 [allowed] §7§lDUPLICATE RABBIT! §6+4,701,404 Chocolate
23:18:39 [allowed] §d§lHOPPITY'S HUNT §r§dYou found a §r§cHitman Egg§r§d!
23:18:39 [allowed] §D§LHOPPITY'S HUNT §7You found §9Paddington §7(§9§LRARE§7)!
23:18:39 [allowed] §7§lDUPLICATE RABBIT! §6+23,507,021 Chocolate
23:18:40 [allowed] §d§lHOPPITY'S HUNT §r§dYou found a §r§cHitman Egg§r§d!
23:18:40 [allowed] §D§LHOPPITY'S HUNT §7You found §fRazzie §7(§F§LCOMMON§7)!
23:18:40 [allowed] §7§lDUPLICATE RABBIT! §6+4,701,404 Chocolate
23:18:51 [allowed] §8[§r§a148§r§8] §r§7⛂ §r§a[VIP§6+§a] GingerMonkey_YT§f§r§f: i phase skipped
23:18:53 [allowed] §8[§r§a148§r§8] §r§7⛂ §r§a[VIP§6+§a] GingerMonkey_YT§f§r§f: yayy
23:18:56 [allowed] §8[§r§f53§r§8] §r§7Shimanto___§7§r§7: yeah
23:19:00 [allowed] §5☬ §r§dThe Dragon Egg has spawned!
23:19:01 [allowed] §8[§r§f53§r§8] §r§7Shimanto___§7§r§7: that was 50 SECONDS
23:19:02 [allowed] §8[§r§a148§r§8] §r§7⛂ §r§a[VIP§6+§a] GingerMonkey_YT§f§r§f: never done that before
23:19:02 [allowed] §5☬ §r§aDios_Seus §r§dplaced a Summoning Eye! §r§7(§r§e1§r§7/§r§a8§r§7)
23:19:03 [allowed] §5☬ §r§aDios_Seus §r§dplaced a Summoning Eye! §r§7(§r§e2§r§7/§r§a8§r§7)
23:19:04 [allowed] §5☬ §r§aDios_Seus §r§dplaced a Summoning Eye! §r§7(§r§e3§r§7/§r§a8§r§7)
23:19:04 [allowed] §5☬ §r§aDios_Seus §r§dplaced a Summoning Eye! §r§7(§r§e4§r§7/§r§a8§r§7)
23:19:15 [allowed] §cThere are blocks in the way!
23:19:19 [allowed] §5☬ §r§aAngeloh_w §r§dplaced a Summoning Eye! §r§7(§r§e5§r§7/§r§a8§r§7)
23:19:19 [allowed] §5☬ §r§aAngeloh_w §r§dplaced a Summoning Eye! §r§7(§r§e6§r§7/§r§a8§r§7)
23:19:20 [allowed] §5☬ §r§aAngeloh_w §r§dplaced a Summoning Eye! §r§7(§r§e7§r§7/§r§a8§r§7)
23:19:23 [allowed] §5☬ §r§aAngeloh_w §r§dplaced a Summoning Eye! Brace yourselves! §r§7(§r§a8§r§7/§r§a8§r§7)
23:19:24 [allowed] §cThere are blocks in the way!
23:19:25 [allowed] §cThere are blocks in the way!
23:19:25 [allowed] §cThere are blocks in the way!
23:19:25 [allowed] §cThere are blocks in the way!
23:19:27 [allowed] §c§lYou feel a tremor from beneath the earth!
23:19:33 [allowed] §5☬ §r§d§lThe §r§5§c§lWise Dragon§r§d§l has spawned!
23:19:33 [allowed] §cThere are blocks in the way!
23:19:34 [allowed] §5☬ §r§bStar2022 §r§ddestroyed an §r§5Ender Crystal§r§d!
23:19:35 [allowed] §8[§r§a148§r§8] §r§7⛂ §r§a[VIP§6+§a] GingerMonkey_YT§f§r§f: wait my warden helemt has no ult enchant
23:19:36 [allowed] §5☬ §r§bpablow43 §r§ddestroyed an §r§5Ender Crystal§r§d!
23:19:37 [allowed] §5☬ §r§bStar2022 §r§ddestroyed an §r§5Ender Crystal§r§d!
23:19:39 [allowed] §5☬ §r§bpablow43 §r§ddestroyed an §r§5Ender Crystal§r§d!
23:19:40 [allowed] §8[§r§f53§r§8] §r§7Shimanto___§7§r§7: ;-;
23:19:41 [allowed] §a§l▬▬▬▬▬▬▬▬▬▬▬▬▬▬▬▬▬▬▬▬▬▬▬▬▬▬▬▬▬▬▬▬▬▬▬▬▬▬▬▬▬▬▬▬▬▬▬▬▬▬▬▬▬▬▬▬▬▬▬▬▬▬▬▬
23:19:41 [allowed] §f                           §r§6§lWISE DRAGON DOWN!
23:19:41 [allowed] §f              §r§b[MVP§r§0+§r§b] AdminAssassin§r§f §r§7dealt the final blow.
23:19:41 [allowed] §f           §r§e§l1st Damager §r§7- §r§a[VIP§r§6+§r§a] Dios_Seus§r§f §r§7- §r§e5,290,493
23:19:41 [allowed] §f           §r§6§l2nd Damager §r§7- §r§a[VIP§r§6+§r§a] Angeloh_w§r§f §r§7- §r§e2,854,654
23:19:41 [allowed] §f              §r§c§l3rd Damager §r§7- §r§b[MVP§r§3+§r§b] 98hp§r§f §r§7- §r§e1,796,384
23:19:41 [allowed] §f                      §r§eYour Damage: §r§a0 §r§7(Position #21)
23:19:41 [allowed] §a§l▬▬▬▬▬▬▬▬▬▬▬▬▬▬▬▬▬▬▬▬▬▬▬▬▬▬▬▬▬▬▬▬▬▬▬▬▬▬▬▬▬▬▬▬▬▬▬▬▬▬▬▬▬▬▬▬▬▬▬▬▬▬▬▬
23:19:43 [allowed] §8[§r§a148§r§8] §r§7⛂ §r§a[VIP§6+§a] GingerMonkey_YT§f§r§f: yo im so silly
23:19:45 [allowed] §8[§r§f53§r§8] §r§7Shimanto___§7§r§7: cazy
23:19:49 [allowed] §8[§r§f53§r§8] §r§7Shimanto___§7§r§7: crazy
23:20:06 [allowed] §c ☠ §r§7§r§aThe_Audacity__§r§7 was killed by Enderman§r§7§r§7.
23:20:14 [allowed] ▬▬▬▬▬▬▬▬▬▬▬▬▬▬▬▬▬▬▬▬▬▬▬▬▬▬▬▬▬▬▬▬▬▬▬▬▬▬▬▬▬▬▬▬▬▬▬▬▬▬▬▬▬▬▬▬▬▬▬▬▬▬▬▬
23:20:14 [allowed] §f                                §r§c§k#§r§2 LEVEL UP! §r§c§k#
23:20:14 [allowed] §f                       §r§7You are now §r§cEvent Level §r§279§r§7!
23:20:14 [allowed] §f                       §r§7You earned §r§f26 Event Silver§r§7!
23:20:14 [allowed] ▬▬▬▬▬▬▬▬▬▬▬▬▬▬▬▬▬▬▬▬▬▬▬▬▬▬▬▬▬▬▬▬▬▬▬▬▬▬▬▬▬▬▬▬▬▬▬▬▬▬▬▬▬▬▬▬▬▬▬▬▬▬▬▬
23:20:15 [allowed] §8[§r§a148§r§8] §r§7⛂ §r§a[VIP§6+§a] GingerMonkey_YT§f§r§f: there we go
23:20:15 [allowed] §b§lCOMPACT! §r§fYou found an §r§aEnchanted Obsidian§r§f!
23:20:16 [allowed] §8[§r§f53§r§8] §r§7Shimanto___§7§r§7: oo big mini
23:20:19 [allowed] §aYou used your §r§6Mining Speed Boost §r§aPickaxe Ability!
23:20:24 [allowed] §b§lCOMPACT! §r§fYou found an §r§aEnchanted Obsidian§r§f!
23:20:25 [allowed] §b§lCOMPACT! §r§fYou found an §r§aEnchanted Obsidian§r§f!
23:20:25 [allowed] §b§lCOMPACT! §r§fYou found an §r§aEnchanted Obsidian§r§f!
23:20:25 [allowed] §b§lCOMPACT! §r§fYou found an §r§aEnchanted Obsidian§r§f!
23:20:27 [allowed] §8[§r§a148§r§8] §r§7⛂ §r§a[VIP§6+§a] GingerMonkey_YT§f§r§f: coming
23:20:30 [allowed] §b§lCOMPACT! §r§fYou found an §r§aEnchanted Obsidian§r§f!
23:20:32 [allowed] §b§lCOMPACT! §r§fYou found an §r§aEnchanted Obsidian§r§f!
23:20:32 [allowed] §b§lCOMPACT! §r§fYou found an §r§aEnchanted Obsidian§r§f!
23:20:32 [allowed] §8[§r§f53§r§8] §r§7Shimanto___§7§r§7: LIKE HOW
23:20:33 [allowed] §b§lCOMPACT! §r§fYou found an §r§aEnchanted Obsidian§r§f!
23:20:33 [allowed] §b§lCOMPACT! §r§fYou found an §r§aEnchanted Obsidian§r§f!
23:20:36 [allowed] §b§lCOMPACT! §r§fYou found an §r§aEnchanted Obsidian§r§f!
23:20:37 [allowed] §8[§r§f53§r§8] §r§7Shimanto___§7§r§7: U JUST DID 50m DMG IN SECONDS
23:20:38 [allowed] §b§lCOMPACT! §r§fYou found an §r§aEnchanted Obsidian§r§f!
23:20:40 [allowed] §b§lCOMPACT! §r§fYou found an §r§aEnchanted Obsidian§r§f!
23:20:40 [allowed] §cYour Mining Speed Boost has expired!
23:20:40 [allowed] §8[§r§a148§r§8] §r§7⛂ §r§a[VIP§6+§a] GingerMonkey_YT§f§r§f: atomsplit
23:20:41 [allowed] §5☬ §r§dThe Dragon Egg has spawned!
23:20:42 [allowed] §8[§r§a148§r§8] §r§7⛂ §r§a[VIP§6+§a] GingerMonkey_YT§f§r§f: go brrr
23:20:42 [allowed] §8[§r§f53§r§8] §r§7Shimanto___§7§r§7: WHAT THE FUCK
23:20:45 [allowed] §8[§r§716§r§8] §r§a[VIP§6+§a] cciitrus §7♲§f§r§f: holy glaze bro hop off
23:20:45 [allowed] §b§lCOMPACT! §r§fYou found an §r§aEnchanted Obsidian§r§f!
23:20:51 [allowed] §d§lHOPPITY'S HUNT §r§dA §r§6Chocolate Brunch Egg §r§dhas appeared!
23:20:52 [allowed] §8[§r§f53§r§8] §r§7Shimanto___§7§r§7: real
23:20:58 [allowed] §8[§r§e91§r§8] §r§b[MVP§d+§b] pablow43 §7♲§f§r§f: legs sore from bouncing on it
23:21:04 [allowed] §8[§r§a148§r§8] §r§7⛂ §r§a[VIP§6+§a] GingerMonkey_YT§f§r§f: yo guys
23:21:04 [allowed] §8[§r§720§r§8] §r§a[VIP] ButWhyWouldYou§f§r§f: thats insane
23:21:07 [allowed] §8[§r§a148§r§8] §r§7⛂ §r§a[VIP§6+§a] GingerMonkey_YT§f§r§f: chill the fuck out
23:21:12 [allowed] §5☬ §r§aDios_Seus §r§dplaced a Summoning Eye! §r§7(§r§e1§r§7/§r§a8§r§7)
23:21:12 [allowed] §5☬ §r§aDios_Seus §r§dplaced a Summoning Eye! §r§7(§r§e2§r§7/§r§a8§r§7)
23:21:13 [allowed] §5☬ §r§aDios_Seus §r§dplaced a Summoning Eye! §r§7(§r§e3§r§7/§r§a8§r§7)
23:21:14 [allowed] §5☬ §r§aDios_Seus §r§dplaced a Summoning Eye! §r§7(§r§e4§r§7/§r§a8§r§7)
23:21:15 [allowed] §aYou earned §r§2278 GEXP §r§a+ §r§c834 Event EXP §r§afrom playing SkyBlock!
23:21:20 [allowed] §b§lCOMPACT! §r§fYou found an §r§aEnchanted Obsidian§r§f!
23:21:20 [allowed] §5☬ §r§aAngeloh_w §r§dplaced a Summoning Eye! §r§7(§r§e5§r§7/§r§a8§r§7)
23:21:20 [allowed] §5☬ §r§aAngeloh_w §r§dplaced a Summoning Eye! §r§7(§r§e6§r§7/§r§a8§r§7)
23:21:21 [allowed] §8[§r§f53§r§8] §r§7Shimanto___§7§r§7: o mini
23:21:21 [allowed] §5☬ §r§aAngeloh_w §r§dplaced a Summoning Eye! §r§7(§r§e7§r§7/§r§a8§r§7)
23:21:21 [allowed] §b§lCOMPACT! §r§fYou found an §r§aEnchanted Obsidian§r§f!
23:21:21 [allowed] §5☬ §r§aAngeloh_w §r§dplaced a Summoning Eye! Brace yourselves! §r§7(§r§a8§r§7/§r§a8§r§7)
23:21:24 [allowed] §8[§r§a148§r§8] §r§7⛂ §r§a[VIP§6+§a] GingerMonkey_YT§f§r§f: id like to see you do 50m damage in 3 seconds
23:21:25 [allowed] §b§lCOMPACT! §r§fYou found an §r§aEnchanted Obsidian§r§f!
23:21:27 [allowed] §8[§r§716§r§8] §r§a[VIP§6+§a] cciitrus §7♲§f§r§f: alright gingermonkey ill buy you a massage gun since you cant take it
23:21:31 [allowed] §5☬ §r§d§lThe §r§5§c§lYoung Dragon§r§d§l has spawned!
23:21:33 [allowed] §5☬ §r§bStar2022 §r§ddestroyed an §r§5Ender Crystal§r§d!
23:21:33 [allowed] §b§lCOMPACT! §r§fYou found an §r§aEnchanted Obsidian§r§f!
23:21:35 [allowed] §5☬ §r§bStar2022 §r§ddestroyed an §r§5Ender Crystal§r§d!
23:21:35 [allowed] §b§lCOMPACT! §r§fYou found an §r§aEnchanted Obsidian§r§f!
23:21:36 [allowed] §8[§r§716§r§8] §r§a[VIP§6+§a] cciitrus §7♲§f§r§f: stretch next time bud
23:21:37 [allowed] §5☬ §r§bStar2022 §r§ddestroyed an §r§5Ender Crystal§r§d!
23:21:37 [allowed] §c ☠ §r§7§r§7EnderCardinal§r§7 was killed by Endermite§r§7§r§7.
23:21:38 [allowed] §5☬ §r§bStar2022 §r§ddestroyed an §r§5Ender Crystal§r§d!
23:21:39 [allowed] §5☬ §r§bStar2022 §r§ddestroyed an §r§5Ender Crystal§r§d!
23:21:40 [allowed] §5☬ §r§bStar2022 §r§ddestroyed an §r§5Ender Crystal§r§d!
23:21:47 [allowed] §b§lCOMPACT! §r§fYou found an §r§aEnchanted Obsidian§r§f!
23:21:47 [allowed] §b§lCOMPACT! §r§fYou found an §r§aEnchanted Obsidian§r§f!
23:21:52 [allowed] §b§lCOMPACT! §r§fYou found an §r§aEnchanted Obsidian§r§f!
23:21:53 [allowed] §b§lCOMPACT! §r§fYou found an §r§aEnchanted Obsidian§r§f!
23:21:54 [allowed] §a§l▬▬▬▬▬▬▬▬▬▬▬▬▬▬▬▬▬▬▬▬▬▬▬▬▬▬▬▬▬▬▬▬▬▬▬▬▬▬▬▬▬▬▬▬▬▬▬▬▬▬▬▬▬▬▬▬▬▬▬▬▬▬▬▬
23:21:54 [allowed] §f                          §r§6§lYOUNG DRAGON DOWN!
23:21:54 [allowed] §f                 §r§a[VIP§r§6+§r§a] Angeloh_w§r§f §r§7dealt the final blow.
23:21:54 [allowed] §f           §r§e§l1st Damager §r§7- §r§a[VIP§r§6+§r§a] Angeloh_w§r§f §r§7- §r§e4,295,939
23:21:54 [allowed] §f           §r§6§l2nd Damager §r§7- §r§a[VIP§r§6+§r§a] Dios_Seus§r§f §r§7- §r§e1,819,374
23:21:54 [allowed] §f        §r§c§l3rd Damager §r§7- §r§b[MVP§r§0+§r§b] AdminAssassin§r§f §r§7- §r§e1,802,115
23:21:54 [allowed] §f                      §r§eYour Damage: §r§a0 §r§7(Position #20)
23:21:54 [allowed] §a§l▬▬▬▬▬▬▬▬▬▬▬▬▬▬▬▬▬▬▬▬▬▬▬▬▬▬▬▬▬▬▬▬▬▬▬▬▬▬▬▬▬▬▬▬▬▬▬▬▬▬▬▬▬▬▬▬▬▬▬▬▬▬▬▬
23:21:58 [allowed] §c ☠ §r§7§r§acciitrus§r§7 was killed by Enderman§r§7§r§7.
23:22:09 [allowed] §b§lCOMPACT! §r§fYou found an §r§aEnchanted Obsidian§r§f!
23:22:10 [allowed] §b§lCOMPACT! §r§fYou found an §r§aEnchanted Obsidian§r§f!
23:22:13 [allowed] §a§r§6Mining Speed Boost §r§ais now available!
23:22:13 [allowed] §b§lCOMPACT! §r§fYou found an §r§aEnchanted Obsidian§r§f!
23:22:16 [allowed] §b§lCOMPACT! §r§fYou found an §r§aEnchanted Obsidian§r§f!
23:22:20 [allowed] §8[§r§b228§r§8] §r§6§lᛝ §r§a[VIP§6+§a] Angeloh_w§f§r§f: ah
23:22:22 [allowed] §b§lCOMPACT! §r§fYou found an §r§aEnchanted Obsidian§r§f!
23:22:25 [allowed] §aYou used your §r§6Mining Speed Boost §r§aPickaxe Ability!
23:22:26 [allowed] §b§lCOMPACT! §r§fYou found an §r§aEnchanted Obsidian§r§f!
23:22:29 [allowed] §b§lCOMPACT! §r§fYou found an §r§aEnchanted Obsidian§r§f!
23:22:32 [allowed] §b§lCOMPACT! §r§fYou found an §r§aEnchanted Obsidian§r§f!
23:22:39 [allowed] §b§lCOMPACT! §r§fYou found an §r§aEnchanted Obsidian§r§f!
23:22:40 [allowed] §b§lCOMPACT! §r§fYou found an §r§aEnchanted Obsidian§r§f!
23:22:44 [allowed] §8[§r§f53§r§8] §r§7Shimanto___§7§r§7: ty
23:22:45 [allowed] §b§lCOMPACT! §r§fYou found an §r§aEnchanted Obsidian§r§f!
23:22:45 [allowed] §cYour Mining Speed Boost has expired!
23:22:46 [allowed] §8[§r§a148§r§8] §r§7⛂ §r§a[VIP§6+§a] GingerMonkey_YT§f§r§f: np
23:22:48 [allowed] §b§lCOMPACT! §r§fYou found an §r§aEnchanted Obsidian§r§f!
23:22:53 [allowed] §8[§r§720§r§8] §r§a[VIP] ButWhyWouldYou§f§r§f: is superior dragon armour still good
23:22:54 [allowed] §5☬ §r§dThe Dragon Egg has spawned!
23:22:59 [allowed] §8[§r§a148§r§8] §r§7⛂ §r§a[VIP§6+§a] GingerMonkey_YT§f§r§f: ty
23:23:01 [allowed] §b§lCOMPACT! §r§fYou found an §r§aEnchanted Obsidian§r§f!
23:23:01 [allowed] §8[§r§f53§r§8] §r§7Shimanto___§7§r§7: np
23:23:05 [allowed] §b§lCOMPACT! §r§fYou found an §r§aEnchanted Obsidian§r§f!
23:23:09 [allowed] §8[§r§a148§r§8] §r§7⛂ §r§a[VIP§6+§a] GingerMonkey_YT§f§r§f: you ender slayer 5?
23:23:09 [allowed] §c ☠ §r§7§r§acciitrus§r§7 was killed by Obsidian Defender§r§7§r§7.
23:23:11 [allowed] §8[§r§f53§r§8] §r§7Shimanto___§7§r§7: 4
23:23:14 [allowed] §b§lCOMPACT! §r§fYou found an §r§aEnchanted Obsidian§r§f!
23:23:14 [allowed] §8[§r§a148§r§8] §r§7⛂ §r§a[VIP§6+§a] GingerMonkey_YT§f§r§f: i se
23:23:16 [allowed] §b§lCOMPACT! §r§fYou found an §r§aEnchanted Obsidian§r§f!
23:23:16 [allowed] §b§lCOMPACT! §r§fYou found an §r§aEnchanted Obsidian§r§f!
23:23:18 [allowed] §8[§r§a148§r§8] §r§7⛂ §r§a[VIP§6+§a] GingerMonkey_YT§f§r§f: are you going for juju tho
23:23:21 [allowed] §8[§r§f53§r§8] §r§7Shimanto___§7§r§7: nah
23:23:26 [allowed] §8[§r§f53§r§8] §r§7Shimanto___§7§r§7: i wanna grind t4s
23:23:28 [allowed] §b§lCOMPACT! §r§fYou found an §r§aEnchanted Obsidian§r§f!
23:23:31 [allowed] §8[§r§a148§r§8] §r§7⛂ §r§a[VIP§6+§a] GingerMonkey_YT§f§r§f: are level 53?
23:23:34 [allowed] §b§lCOMPACT! §r§fYou found an §r§aEnchanted Obsidian§r§f!
23:23:36 [allowed] §8[§r§f53§r§8] §r§7Shimanto___§7§r§7: i can do t2s
23:23:39 [allowed] §8[§r§f53§r§8] §r§7Shimanto___§7§r§7: in shadow assassin
23:23:42 [allowed] §c ☠ §r§7§r§acciitrus§r§7 was killed by Enderman§r§7§r§7.
23:23:43 [allowed] §8[§r§a148§r§8] §r§7⛂ §r§a[VIP§6+§a] GingerMonkey_YT§f§r§f: ik ik
23:23:47 [allowed] §8[§r§a148§r§8] §r§7⛂ §r§a[VIP§6+§a] GingerMonkey_YT§f§r§f: i used to be like you
23:23:50 [allowed] §8[§r§f53§r§8] §r§7Shimanto___§7§r§7: xD
23:23:57 [allowed] §b§lCOMPACT! §r§fYou found an §r§aEnchanted Obsidian§r§f!
23:24:06 [allowed] §8[§r§716§r§8] §r§a[VIP§6+§a] cciitrus §7♲§f§r§f: bro this is like mr miyagi level glaze bro hop off
23:24:13 [allowed] §8[§r§e91§r§8] §r§b[MVP§d+§b] pablow43 §7♲§f§r§f: lmao
23:24:14 [allowed] §8[§r§f53§r§8] §r§7Shimanto___§7§r§7: yo STFU
23:24:17 [allowed] §a§r§6Mining Speed Boost §r§ais now available!
23:24:18 [allowed] §8[§r§f53§r§8] §r§7Shimanto___§7§r§7: ffs
23:24:23 [allowed] §8[§r§716§r§8] §r§a[VIP§6+§a] cciitrus §7♲§f§r§f: oh my goodness
23:24:26 [allowed] §8[§r§716§r§8] §r§a[VIP§6+§a] cciitrus §7♲§f§r§f: someones grumpy
23:24:34 [allowed] §8[§r§e91§r§8] §r§b[MVP§d+§b] pablow43 §7♲§f§r§f: remember to take breaks hopping
23:24:37 [allowed] §aYou used your §r§6Mining Speed Boost §r§aPickaxe Ability!
23:24:45 [allowed] §aFriend > §r§bBlifff §r§ejoined.
23:24:46 [allowed] §aFriend > §r§bBlifff §r§eleft.
23:24:47 [allowed] §aFriend > §r§bBlifff §r§eleft.
23:24:49 [allowed] §b§lCOMPACT! §r§fYou found an §r§aEnchanted Obsidian§r§f!
23:24:50 [allowed] §b§lCOMPACT! §r§fYou found an §r§aEnchanted Obsidian§r§f!
23:24:51 [allowed] §b§lCOMPACT! §r§fYou found an §r§aEnchanted Obsidian§r§f!
23:24:51 [allowed] §b§lCOMPACT! §r§fYou found an §r§aEnchanted Obsidian§r§f!
23:24:52 [allowed] §b§lCOMPACT! §r§fYou found an §r§aEnchanted Obsidian§r§f!
23:24:53 [allowed] §aFriend > §r§bBlifff §r§ejoined.
23:24:56 [allowed] §b§lCOMPACT! §r§fYou found an §r§aEnchanted Obsidian§r§f!
23:24:56 [allowed] §b§lCOMPACT! §r§fYou found an §r§aEnchanted Obsidian§r§f!
23:24:57 [allowed] §cYour Mining Speed Boost has expired!
23:24:58 [allowed] §8[§r§716§r§8] §r§a[VIP§6+§a] cciitrus §7♲§f§r§f: 34% injury prevention by doing a solid stretching routine bud
23:25:05 [allowed] §b§lCOMPACT! §r§fYou found an §r§aEnchanted Obsidian§r§f!
23:25:06 [allowed] §c ☠ §r§7§r§7YeahImOk§r§7 was killed by Enderman§r§7§r§7.
23:25:07 [allowed] §aFriend > §r§6bloosi §r§ejoined.
23:25:14 [allowed] §c ☠ §r§7§r§7YeahImOk§r§7 was killed by Enderman§r§7§r§7.
23:25:19 [allowed] §b§lCOMPACT! §r§fYou found an §r§aEnchanted Obsidian§r§f!
23:25:36 [allowed] §c ☠ §r§7§r§acciitrus§r§7 was killed by Enderman§r§7§r§7.
23:25:37 [allowed] §b§lCOMPACT! §r§fYou found an §r§aEnchanted Obsidian§r§f!
23:25:47 [allowed] §b§lCOMPACT! §r§fYou found an §r§aEnchanted Obsidian§r§f!
23:26:02 [allowed] §b§lCOMPACT! §r§fYou found an §r§aEnchanted Obsidian§r§f!
23:26:09 [allowed] §b§lCOMPACT! §r§fYou found an §r§aEnchanted Obsidian§r§f!
23:26:12 [allowed] §b§lCOMPACT! §r§fYou found an §r§aEnchanted Obsidian§r§f!
23:26:17 [allowed] §b§lCOMPACT! §r§fYou found an §r§aEnchanted Obsidian§r§f!
23:26:18 [allowed] §aYou earned §r§2750 GEXP §r§a+ §r§c2,250 Event EXP §r§afrom playing SkyBlock!
23:26:18 [allowed] §b§lCOMPACT! §r§fYou found an §r§aEnchanted Obsidian§r§f!
23:26:30 [allowed] §a§r§6Mining Speed Boost §r§ais now available!
23:26:31 [allowed] §8[§r§9300§r§8] §r§7§l℻ §r§b[MVP§2+§b] Vrataa_§f§r§f: lemme mf swap
23:26:36 [allowed] §b§lCOMPACT! §r§fYou found an §r§aEnchanted Obsidian§r§f!
23:26:36 [allowed] §aYou used your §r§6Mining Speed Boost §r§aPickaxe Ability!
23:26:39 [allowed] §b§lCOMPACT! §r§fYou found an §r§aEnchanted Obsidian§r§f!
23:26:40 [allowed] §d§lHOPPITY'S HUNT §r§dA §r§9Chocolate Déjeuner Egg §r§dhas appeared!
23:26:41 [allowed] §b§lCOMPACT! §r§fYou found an §r§aEnchanted Obsidian§r§f!
23:26:42 [allowed] §b§lCOMPACT! §r§fYou found an §r§aEnchanted Obsidian§r§f!
23:26:42 [allowed] §b§lCOMPACT! §r§fYou found an §r§aEnchanted Obsidian§r§f!
23:26:42 [allowed] §b§lCOMPACT! §r§fYou found an §r§aEnchanted Obsidian§r§f!
23:26:43 [allowed] §b§lCOMPACT! §r§fYou found an §r§aEnchanted Obsidian§r§f!
23:26:44 [allowed] §b§lCOMPACT! §r§fYou found an §r§aEnchanted Obsidian§r§f!
23:26:50 [allowed] §b§lCOMPACT! §r§fYou found an §r§aEnchanted Obsidian§r§f!
23:26:51 [allowed] §b§lCOMPACT! §r§fYou found an §r§aEnchanted Obsidian§r§f!
23:26:53 [allowed] §b§lCOMPACT! §r§fYou found an §r§aEnchanted Obsidian§r§f!
23:26:56 [allowed] §b§lCOMPACT! §r§fYou found an §r§aEnchanted Obsidian§r§f!
23:26:56 [allowed] §cYour Mining Speed Boost has expired!
23:27:03 [allowed] §b§lCOMPACT! §r§fYou found an §r§aEnchanted Obsidian§r§f!
23:27:05 [allowed] §b§lCOMPACT! §r§fYou found an §r§aEnchanted Obsidian§r§f!
23:27:10 [allowed] §b§lCOMPACT! §r§fYou found an §r§aEnchanted Obsidian§r§f!
23:27:11 [allowed] §b§lCOMPACT! §r§fYou found an §r§aEnchanted Obsidian§r§f!
23:27:29 [allowed] §b§lCOMPACT! §r§fYou found an §r§aEnchanted Obsidian§r§f!
23:27:40 [allowed] §8[§r§b211§r§8] §r§a[VIP§6+§a] Storm1114§f§r§f: 4-4 drags /p storm1114
23:27:40 [allowed] §b§lCOMPACT! §r§fYou found an §r§aEnchanted Obsidian§r§f!
23:27:50 [allowed] §c§lYou feel a tremor from beneath the earth!
23:28:29 [allowed] §a§r§6Mining Speed Boost §r§ais now available!
23:29:00 [allowed] §c ☠ §r§7§r§bchocolatino§r§7 was killed by Voidgloom Seraph§r§7§r§7.
23:29:26 [allowed] §c ☠ §r§7§r§aGenialo2§r§7 was killed by Voidgloom Seraph§r§7§r§7.
23:31:10 [allowed] §c ☠ §r§7§r§bVrataa_§r§7 was killed by Voidgloom Seraph§r§7§r§7.
23:31:21 [allowed] §aYou earned §r§2448 GEXP §r§a+ §r§c1,344 Event EXP §r§afrom playing SkyBlock!
23:32:30 [allowed] §d§lHOPPITY'S HUNT §r§dA §r§aChocolate Supper Egg §r§dhas appeared!
23:32:34 [allowed] §c ☠ §r§7§r§bVrataa_§r§7 was killed by Voidgloom Seraph§r§7§r§7.
23:33:17 [allowed] §c ☠ §r§7§r§aGenialo2§r§7 was killed by §r§4Voidcrazed Maniac§r§7§r§7.
23:34:09 [allowed] §c ☠ §r§7§r§bVrataa_§r§7 was killed by Voidgloom Seraph§r§7§r§7.
23:34:15 [allowed] §8[§r§9300§r§8] §r§7§l℻ §r§b[MVP§2+§b] Vrataa_§f§r§f: what in the tps
23:34:21 [allowed] §c ☠ §r§7§r§aGingerMonkey_YT§r§7 was killed by Voidgloom Seraph§r§7§r§7.
23:34:24 [allowed] §8[§r§a148§r§8] §r§7⛂ §r§a[VIP§6+§a] GingerMonkey_YT§f§r§f: man
23:34:27 [allowed] §8[§r§a148§r§8] §r§7⛂ §r§a[VIP§6+§a] GingerMonkey_YT§f§r§f: 3 in a row
23:34:28 [allowed] §8[§r§a148§r§8] §r§7⛂ §r§a[VIP§6+§a] GingerMonkey_YT§f§r§f: then i die
23:34:47 [allowed] §c§lYou feel a tremor from beneath the earth!
23:35:23 [allowed] §8[§r§e116§r§8] §r§a[VIP] idkanymo§f§r§f: ty
23:35:47 [allowed] §8[§r§9302§r§8] §r§6❁ §r§b[MVP§9+§b] Internet_Yamero§f§r§f: just wasted 180m on spoon
23:35:50 [allowed] §8[§9302§8] §6❁ §r§b[MVP§9+§b] Internet_Yamero§f§7 is holding §r§8[§d⚚ Gilded Midas Staff §6✪✪✪✪✪§8]
23:36:04 [allowed] §8[§r§9302§r§8] §r§6❁ §r§b[MVP§9+§b] Internet_Yamero§f§r§f: almost same as 320m
23:36:33 [allowed] §c ☠ §r§7§r§bEpicScarGaming§r§7 was killed by Enderman§r§7§r§7.
23:36:37 [allowed] §cThere are blocks in the way!
23:37:28 [allowed] §8[§r§f59§r§8] §r§7DWAYNE_DSK_GAMER§7§r§7: hi
11:27:34 [allowed] §b[MVP§3+§b] Euphaa§f §6slid into the lobby!
11:27:34 [allowed] §aYou have §61 §aunclaimed achievement reward!
11:27:34 [allowed] §eClick here to view it!
11:27:34 [allowed] §f§lHAPPY HOLIDAYS §e§lFROM HYPIXEL§r
§r§aYou may claim today's §bAdvent Calendar §areward!
§eClick here to claim!§r

11:27:35 [allowed] §b[MVP§c+§b] TiboS§f §6slid into the lobby!
11:27:37 [allowed]   §r§f§l➤ §r§6You have reached your Hype limit! Add Hype to Prototype Lobby minigames by right-clicking with the Hype Diamond!
11:27:37 [allowed] §b[MVP§2+§b] cityofthemorgue§f §6slid into the lobby!
11:27:40 [allowed] §b[MVP§9+§b] 765BOBON§f §6slid into the lobby!
11:27:40 [allowed] §b[MVP§f+§b] wdvo§f §6slid into the lobby!
11:27:45 [allowed] §b[MVP§c+§b] got2beKD§f §6slid into the lobby!
11:27:48 [allowed] §b[MVP§6+§b] toasteatt§f §6slid into the lobby!
11:27:49 [allowed] §b[MVP§2+§b] JankePjanke§f §6slid into the lobby!
11:27:52 [allowed]  §b>§c>§a>§r §r§6[MVP§d++§6] PastelDye§f §6slid into the lobby!§r §a<§c<§b<
11:28:00 [allowed] §b[MVP§9+§b] Hackfleischtyp§f §6slid into the lobby!
11:28:01 [allowed] §b[MVP§0+§b] Texco§f §6slid into the lobby!
11:28:02 [allowed] §b[MVP§9+§b] Sometimez§f §6slid into the lobby!
11:28:05 [allowed] §b[MVP§4+§b] shay_gold§f §6slid into the lobby!
11:28:06 [allowed] §b[MVP§6+§b] mgmg_tanep§f §6slid into the lobby!
11:28:07 [allowed]  §b>§c>§a>§r §r§6[MVP§0++§6] unveal§f §6slid into the lobby!§r §a<§c<§b<
11:28:07 [allowed] §b[MVP§f+§b] alpheint§f §6slid into the lobby!
11:28:09 [allowed] §7Sending to server mini149DD...
11:28:09 [allowed] §eYou haven't claimed your §r§6Holidays Rewards §r§eyet!
11:28:09 [allowed] §eTalk to the §r§cGingerbread §r§fMan §r§ein the §r§aHub§r§e!
11:28:11 [allowed] §c§lThe ground begins to shake as an Endstone Protector rises from below!
11:28:11 [allowed] §eWelcome to §r§aHypixel SkyBlock§r§e!
11:28:11 [allowed] §6§lBONUS! §r§bTemporarily earn §r§a5% §r§bmore skill experience!
11:28:11 [allowed] §eLatest update: §bSkyBlock v0.21 §e§lCLICK
11:28:12 [allowed] §aYou are playing on profile: §eBanana§b (Co-op)
11:28:12 [allowed] §8Profile ID: 56e969f8-003b-4df1-bbed-3112b2f3dc94
11:28:13 [allowed] §8[§r§9310§r§8] §r§6੭ §r§b[MVP§2+§b] Blanky187§f§r§f: for 100k dmg nice xD
11:28:13 [allowed] §6§lALLOWANCE! §r§eYou earned §r§650,000 coins§r§e!
11:28:23 [allowed] §8[§r§e110§r§8] §r§7§l⚝ §r§b[MVP§c+§b] Crystalson§f§r§f: yep thats skyblock xd
11:28:24 [allowed] §8[§r§a156§r§8] §r§7☃ §r§a[VIP] ld09§f§r§f: XD
11:28:31 [allowed] §c§lBEWARE - An Endstone Protector has risen!
11:28:33 [allowed] §8[§r§9310§r§8] §r§6੭ §r§b[MVP§2+§b] Blanky187§f§r§f: and thats prob the 2 perfect I bought
11:28:46 [allowed] §a§l▬▬▬▬▬▬▬▬▬▬▬▬▬▬▬▬▬▬▬▬▬▬▬▬▬▬▬▬▬▬▬▬▬▬▬▬▬▬▬▬▬▬▬▬▬▬▬▬▬▬▬▬▬▬▬▬▬▬▬▬▬▬▬▬
11:28:46 [allowed] §f                    §r§6§lENDSTONE PROTECTOR DOWN!
11:28:46 [allowed] §f                 §r§b[MVP§r§3+§r§b] Subacute§r§f §r§7dealt the final blow.
11:28:46 [allowed] §f          §r§e§l1st Damager §r§7- §r§b[MVP§r§2+§r§b] Max_Lachs§r§f §r§7- §r§e12,945,299
11:28:46 [allowed] §f           §r§6§l2nd Damager §r§7- §r§b[MVP§r§3+§r§b] Subacute§r§f §r§7- §r§e4,922,491
11:28:46 [allowed] §f           §r§c§l3rd Damager §r§7- §r§b[MVP§r§c+§r§b] Crystalson§r§f §r§7- §r§e533,665
11:28:46 [allowed] §f                      §r§eYour Damage: §r§a0 §r§7(Position #21)
11:28:46 [allowed] §f                        §r§eZealots Contributed: §r§a0§r§e/100
11:28:46 [allowed] §a§l▬▬▬▬▬▬▬▬▬▬▬▬▬▬▬▬▬▬▬▬▬▬▬▬▬▬▬▬▬▬▬▬▬▬▬▬▬▬▬▬▬▬▬▬▬▬▬▬▬▬▬▬▬▬▬▬▬▬▬▬▬▬▬▬
11:28:49 [allowed] §2Guild > §b[MVP§8+§b] Underworked§f: §rTROPHY FISH! FIRST DIAMOND Moldfin (47th total)
11:29:13 [allowed] §8[§r§e110§r§8] §r§7§l⚝ §r§b[MVP§c+§b] Crystalson§f§r§f: damn another epic golem pet :c
11:29:14 [allowed] §8[§r§f62§r§8] §r§7♠ §r§7Lord_Delitor§7§r§7: can someone help me with voidgloom seraph t2
11:29:18 [allowed] §c ☠ §r§7§r§7Mehmetdinbeh§r§7 was killed by Enderman§r§7§r§7.
11:29:26 [allowed] §2Guild > §b[MVP§2+§b] ItsC00kiee§f: §rSkytils » 511.68 ms
11:29:48 [allowed] §b§lCOMPACT! §r§fYou found an §r§aEnchanted Obsidian§r§f!
11:29:49 [allowed] §b§lCOMPACT! §r§fYou found an §r§aEnchanted Obsidian§r§f!
11:30:02 [allowed] §eAdvent task complete!§r§7 You earned 20k daily Skill Exp!
11:30:09 [allowed] §b§lCOMPACT! §r§fYou found an §r§aEnchanted Obsidian§r§f!
11:30:10 [allowed] §b§lCOMPACT! §r§fYou found an §r§aEnchanted Obsidian§r§f!
11:30:13 [allowed] §8[§r§e83§r§8] §r§a[VIP] CooldudeKING1§f§r§f: BUYING t4 carry
11:30:29 [allowed] §eAdvent task complete!§r§7 You earned 50k daily Skill Exp!
11:30:31 [allowed] §b§lCOMPACT! §r§fYou found an §r§aEnchanted Obsidian§r§f!
11:30:45 [allowed] §b§lCOMPACT! §r§fYou found an §r§aEnchanted Obsidian§r§f!
11:30:49 [allowed] §b§lCOMPACT! §r§fYou found an §r§aEnchanted Obsidian§r§f!
11:30:52 [allowed] §aYou earned §r§2253 GEXP §r§a+ §r§c759 Event EXP §r§afrom playing SkyBlock!
11:30:54 [allowed] §b§lCOMPACT! §r§fYou found an §r§aEnchanted Obsidian§r§f!
11:31:04 [allowed] §b§lCOMPACT! §r§fYou found an §r§aEnchanted Obsidian§r§f!
11:31:07 [allowed] §b§lCOMPACT! §r§fYou found an §r§aEnchanted Obsidian§r§f!
11:31:37 [allowed] §b§lCOMPACT! §r§fYou found an §r§aEnchanted Obsidian§r§f!
11:31:39 [allowed] §b§lCOMPACT! §r§fYou found an §r§aEnchanted Obsidian§r§f!
11:31:42 [allowed] §aYou used your §r§6Mining Speed Boost §r§aPickaxe Ability!
11:31:42 [allowed] §cYour pickaxe ability is on cooldown for 112s.
11:31:43 [allowed] §b§lCOMPACT! §r§fYou found an §r§aEnchanted Obsidian§r§f!
11:31:43 [allowed] §b§lCOMPACT! §r§fYou found an §r§aEnchanted Obsidian§r§f!
11:31:44 [allowed] §b§lCOMPACT! §r§fYou found an §r§aEnchanted Obsidian§r§f!
11:31:49 [allowed] §b§lCOMPACT! §r§fYou found an §r§aEnchanted Obsidian§r§f!
11:31:50 [allowed] §b§lCOMPACT! §r§fYou found an §r§aEnchanted Obsidian§r§f!
11:31:52 [allowed] §c ☠ §r§7§r§brelso0v0§r§7 was killed by Voidgloom Seraph§r§7§r§7.
11:31:54 [allowed] §b§lCOMPACT! §r§fYou found an §r§aEnchanted Obsidian§r§f!
11:32:00 [allowed] §b§lCOMPACT! §r§fYou found an §r§aEnchanted Obsidian§r§f!
11:32:02 [allowed] §cYour Mining Speed Boost has expired!
11:32:11 [allowed] §b§m-----------------------------------------------------
11:32:11 [allowed] §b[MVP§r§2+§r§b] ItsC00kiee §r§ewas kicked from the guild by §r§b[MVP§r§8+§r§b] Underworked§r§e!
11:32:11 [allowed] §b§m-----------------------------------------------------
11:32:22 [allowed] §b§m-----------------------------------------------------
11:32:22 [allowed] §b[MVP§r§2+§r§b] ItsC00kiee §r§ejoined the guild!
11:32:22 [allowed] §b§m-----------------------------------------------------
11:32:25 [allowed] §b§lCOMPACT! §r§fYou found an §r§aEnchanted Obsidian§r§f!
11:32:30 [allowed] §d§lHOPPITY'S HUNT §r§dA §r§aChocolate Supper Egg §r§dhas appeared!
11:32:38 [allowed] §2Guild > §a[VIP§6+§a] Mayeth65§f: §rwhat happened lmao
11:32:44 [allowed] §b§lCOMPACT! §r§fYou found an §r§aEnchanted Obsidian§r§f!
11:32:44 [allowed] §b§lCOMPACT! §r§fYou found an §r§aEnchanted Obsidian§r§f!
11:32:45 [allowed] §2Guild > §b[MVP§8+§b] Underworked§f: §rhes dogshit
11:32:46 [allowed] §2Guild > §b[MVP§2+§b] ItsC00kiee§f: §rdaily routine
11:32:49 [allowed] §2Guild > §b[MVP§8+§b] Underworked§f: §rand has a divan drill
11:32:55 [allowed] §c ☠ §r§7§r§7Mehmetdinbeh§r§7 was killed by Enderman§r§7§r§7.
11:33:14 [allowed] §2Guild > §a[VIP§6+§a] Mayeth65§f: §rdafuq
11:33:15 [allowed] §b§lCOMPACT! §r§fYou found an §r§aEnchanted Obsidian§r§f!
11:33:36 [allowed] §a§r§6Mining Speed Boost §r§ais now available!
11:33:54 [allowed] §b§lCOMPACT! §r§fYou found an §r§aEnchanted Obsidian§r§f!
11:33:55 [allowed] §b§lCOMPACT! §r§fYou found an §r§aEnchanted Obsidian§r§f!
11:34:00 [allowed] §aYou used your §r§6Mining Speed Boost §r§aPickaxe Ability!
11:34:07 [allowed] §b§lCOMPACT! §r§fYou found an §r§aEnchanted Obsidian§r§f!
11:34:08 [allowed] §b§lCOMPACT! §r§fYou found an §r§aEnchanted Obsidian§r§f!
11:34:10 [allowed] §b§lCOMPACT! §r§fYou found an §r§aEnchanted Obsidian§r§f!
11:34:13 [allowed] §b§lCOMPACT! §r§fYou found an §r§aEnchanted Obsidian§r§f!
11:34:14 [allowed] §b§lCOMPACT! §r§fYou found an §r§aEnchanted Obsidian§r§f!
11:34:15 [allowed] §b§lCOMPACT! §r§fYou found an §r§aEnchanted Obsidian§r§f!
11:34:17 [allowed] §b§lCOMPACT! §r§fYou found an §r§aEnchanted Obsidian§r§f!
11:34:21 [allowed] §cYour Mining Speed Boost has expired!
11:34:25 [allowed] §b§lCOMPACT! §r§fYou found an §r§aEnchanted Obsidian§r§f!
11:34:32 [allowed] §b§lCOMPACT! §r§fYou found an §r§aEnchanted Obsidian§r§f!
11:34:41 [allowed] §b§lCOMPACT! §r§fYou found an §r§aEnchanted Obsidian§r§f!
11:35:02 [allowed] §c§lYou feel a tremor from beneath the earth!
11:35:04 [allowed] §b§lCOMPACT! §r§fYou found an §r§aEnchanted Obsidian§r§f!
11:35:20 [allowed] §b§lCOMPACT! §r§fYou found an §r§aEnchanted Obsidian§r§f!
11:35:20 [allowed] §b§lCOMPACT! §r§fYou found an §r§aEnchanted Obsidian§r§f!
11:35:26 [allowed] §b§lCOMPACT! §r§fYou found an §r§aEnchanted Obsidian§r§f!
11:35:32 [allowed] §b§lCOMPACT! §r§fYou found an §r§aEnchanted Obsidian§r§f!
11:35:35 [allowed] §c ☠ §r§7§r§bPolarBearKing1§r§7 was killed by Voidgloom Seraph§r§7§r§7.
11:35:37 [allowed] §b§lCOMPACT! §r§fYou found an §r§aEnchanted Obsidian§r§f!
11:35:51 [allowed] §cYour pickaxe ability is on cooldown for 2s.
11:35:52 [allowed] §cYour pickaxe ability is on cooldown for 1s.
11:35:54 [allowed] §aYou used your §r§6Mining Speed Boost §r§aPickaxe Ability!
11:35:55 [allowed] §a§r§6Mining Speed Boost §r§ais now available!
11:35:56 [allowed] §b§lCOMPACT! §r§fYou found an §r§aEnchanted Obsidian§r§f!
11:35:57 [allowed] §b§lCOMPACT! §r§fYou found an §r§aEnchanted Obsidian§r§f!
11:35:58 [allowed] §aYou earned §r§2750 GEXP §r§a+ §r§c2,250 Event EXP §r§afrom playing SkyBlock!
11:35:58 [allowed] §2Guild > §a[VIP§6+§a] Mayeth65§f: §rwould i be able to convert 1k ench tita into refined tita
11:36:02 [allowed] §b§lCOMPACT! §r§fYou found an §r§aEnchanted Obsidian§r§f!
11:36:03 [allowed] §b§lCOMPACT! §r§fYou found an §r§aEnchanted Obsidian§r§f!
11:36:04 [allowed] §b§lCOMPACT! §r§fYou found an §r§aEnchanted Obsidian§r§f!
11:36:08 [allowed] §c ☠ §r§7§r§brelso0v0§r§7 was killed by Voidgloom Seraph§r§7§r§7.
11:36:11 [allowed] §b§lCOMPACT! §r§fYou found an §r§aEnchanted Obsidian§r§f!
11:36:13 [allowed] §b§lCOMPACT! §r§fYou found an §r§aEnchanted Obsidian§r§f!
11:36:14 [allowed] §cYour Mining Speed Boost has expired!
11:36:15 [allowed] §c ☠ §r§7§r§7Lord_Delitor§r§7 was killed by Voidgloom Seraph§r§7§r§7.
11:36:16 [allowed] §aFriend > §r§bAlexAlucardFR §r§ejoined.
11:36:21 [allowed] §b§lCOMPACT! §r§fYou found an §r§aEnchanted Obsidian§r§f!
11:36:25 [allowed] §b§lCOMPACT! §r§fYou found an §r§aEnchanted Obsidian§r§f!
11:36:34 [allowed] §b§lCOMPACT! §r§fYou found an §r§aEnchanted Obsidian§r§f!
11:36:40 [allowed] §2Guild > §a[VIP§6+§a] Mayeth65§f: §rits probably gonna take months
11:36:43 [allowed] §b§lCOMPACT! §r§fYou found an §r§aEnchanted Obsidian§r§f!
11:36:51 [allowed] §b§lCOMPACT! §r§fYou found an §r§aEnchanted Obsidian§r§f!
11:36:53 [allowed] §b§lCOMPACT! §r§fYou found an §r§aEnchanted Obsidian§r§f!
11:37:00 [allowed] §b§lCOMPACT! §r§fYou found an §r§aEnchanted Obsidian§r§f!
11:37:01 [allowed] §b§lCOMPACT! §r§fYou found an §r§aEnchanted Obsidian§r§f!
11:37:03 [allowed] §b§lCOMPACT! §r§fYou found an §r§aEnchanted Obsidian§r§f!
11:37:05 [allowed] §b§lCOMPACT! §r§fYou found an §r§aEnchanted Obsidian§r§f!
11:37:22 [allowed] §8[§r§e83§r§8] §r§a[VIP] CooldudeKING1§f§r§f: why is so laggy?
11:37:28 [allowed] §b§lCOMPACT! §r§fYou found an §r§aEnchanted Obsidian§r§f!
11:37:36 [allowed] §8[§r§f48§r§8] §r§b[MVP§c+§b] Cripted36§f§r§f: THX
11:37:45 [allowed] §b§lCOMPACT! §r§fYou found an §r§aEnchanted Obsidian§r§f!
11:37:47 [allowed] §a§r§6Mining Speed Boost §r§ais now available!
11:37:58 [allowed] §b§lCOMPACT! §r§fYou found an §r§aEnchanted Obsidian§r§f!
11:37:59 [allowed] §c ☠ §r§7§r§bPolarBearKing1§r§7 was killed by Voidgloom Seraph§r§7§r§7.
11:38:28 [allowed] §b§lCOMPACT! §r§fYou found an §r§aEnchanted Obsidian§r§f!
11:38:36 [allowed] §aYou used your §r§6Mining Speed Boost §r§aPickaxe Ability!
11:38:37 [allowed] §b§lCOMPACT! §r§fYou found an §r§aEnchanted Obsidian§r§f!
11:38:39 [allowed] §8[§r§e83§r§8] §r§a[VIP] CooldudeKING1§f§r§f: BUYING EMAN CARRY T4
11:38:39 [allowed] §b§lCOMPACT! §r§fYou found an §r§aEnchanted Obsidian§r§f!
11:38:41 [allowed] §c ☠ §r§7§r§aSorayaHooi§r§7 was killed by §r§dVoidling Extremist§r§7§r§7.
11:38:42 [allowed] §b§lCOMPACT! §r§fYou found an §r§aEnchanted Obsidian§r§f!
11:38:42 [allowed] §b§lCOMPACT! §r§fYou found an §r§aEnchanted Obsidian§r§f!
11:38:42 [allowed] §b§lCOMPACT! §r§fYou found an §r§aEnchanted Obsidian§r§f!
11:38:45 [allowed] §b§lCOMPACT! §r§fYou found an §r§aEnchanted Obsidian§r§f!
11:38:47 [allowed] §b§lCOMPACT! §r§fYou found an §r§aEnchanted Obsidian§r§f!
11:38:48 [allowed] §b§lCOMPACT! §r§fYou found an §r§aEnchanted Obsidian§r§f!
11:38:50 [allowed] §b§lCOMPACT! §r§fYou found an §r§aEnchanted Obsidian§r§f!
11:38:50 [allowed] §b§lCOMPACT! §r§fYou found an §r§aEnchanted Obsidian§r§f!
11:38:55 [allowed] §b§lCOMPACT! §r§fYou found an §r§aEnchanted Obsidian§r§f!
11:38:57 [allowed] §cYour Mining Speed Boost has expired!
11:39:08 [allowed] §8[§r§d329§r§8] §r§6♫ §r§b[MVP§c+§b] NotDrUplink§f§r§f: §r§eEuphaa
11:39:11 [allowed] §8[§r§d329§r§8] §r§6♫ §r§b[MVP§c+§b] NotDrUplink§f§r§f: hi
11:39:16 [allowed] §8[§r§5371§r§8] §r§7§l㋖ §r§b[MVP§r§3+§r§b] Euphaa§r§f: hi :)
11:39:20 [allowed] §b§lCOMPACT! §r§fYou found an §r§aEnchanted Obsidian§r§f!
11:39:22 [allowed] §8[§r§d329§r§8] §r§6♫ §r§b[MVP§c+§b] NotDrUplink§f§r§f: wyd
11:39:30 [allowed] §8[§r§5371§r§8] §r§7§l㋖ §r§b[MVP§r§3+§r§b] Euphaa§r§f: obsidian
11:39:33 [allowed] §8[§r§d329§r§8] §r§6♫ §r§b[MVP§c+§b] NotDrUplink§f§r§f: rip
11:39:38 [allowed] §8[§r§d329§r§8] §r§6♫ §r§b[MVP§c+§b] NotDrUplink§f§r§f: i need to for battery
11:39:49 [allowed] §8[§r§5371§r§8] §r§7§l㋖ §r§b[MVP§r§3+§r§b] Euphaa§r§f: yeah i never made it either xd
11:39:54 [allowed] §8[§r§5371§r§8] §r§7§l㋖ §r§b[MVP§r§3+§r§b] Euphaa§r§f: also 2nd term
11:40:00 [allowed] §8[§r§5371§r§8] §r§7§l㋖ §r§b[MVP§r§3+§r§b] Euphaa§r§f: so ill stop when i hit 12k obby
11:40:03 [allowed] §8[§r§d329§r§8] §r§6♫ §r§b[MVP§c+§b] NotDrUplink§f§r§f: i need last teir
11:40:03 [allowed] §8[§r§5371§r§8] §r§7§l㋖ §r§b[MVP§r§3+§r§b] Euphaa§r§f: ench
11:40:10 [allowed] §8[§r§d329§r§8] §r§6♫ §r§b[MVP§c+§b] NotDrUplink§f§r§f: and a seccond term
11:40:26 [allowed] §c ☠ §r§7§r§7forest_rune§r§7 was killed by Voidgloom Seraph§r§7§r§7.
11:40:30 [allowed] §a§r§6Mining Speed Boost §r§ais now available!
11:40:39 [allowed] §aYou used your §r§6Mining Speed Boost §r§aPickaxe Ability!
11:40:40 [allowed] §b§lCOMPACT! §r§fYou found an §r§aEnchanted Obsidian§r§f!
11:40:41 [allowed] §b§lCOMPACT! §r§fYou found an §r§aEnchanted Obsidian§r§f!
11:40:43 [allowed] §b§lCOMPACT! §r§fYou found an §r§aEnchanted Obsidian§r§f!
11:40:44 [allowed] §b§lCOMPACT! §r§fYou found an §r§aEnchanted Obsidian§r§f!
11:40:45 [allowed] §c§lYou feel a tremor from beneath the earth!
11:40:50 [allowed] §b§lCOMPACT! §r§fYou found an §r§aEnchanted Obsidian§r§f!
11:40:50 [allowed] §b§lCOMPACT! §r§fYou found an §r§aEnchanted Obsidian§r§f!
11:40:51 [allowed] §8[§r§d329§r§8] §r§6♫ §r§b[MVP§c+§b] NotDrUplink§f§r§f: look what i dropped
11:40:51 [allowed] §c ☠ §r§7§r§bBlanky187§r§7 was killed by Voidgloom Seraph§r§7§r§7.
11:40:51 [allowed] §b§lCOMPACT! §r§fYou found an §r§aEnchanted Obsidian§r§f!
11:40:51 [allowed] §d§lHOPPITY'S HUNT §r§dA §r§6Chocolate Breakfast Egg §r§dhas appeared!
11:40:52 [allowed] §b§lCOMPACT! §r§fYou found an §r§aEnchanted Obsidian§r§f!
11:40:53 [allowed] §b§lCOMPACT! §r§fYou found an §r§aEnchanted Obsidian§r§f!
11:40:54 [allowed] §b§lCOMPACT! §r§fYou found an §r§aEnchanted Obsidian§r§f!
11:40:54 [allowed] §b§lCOMPACT! §r§fYou found an §r§aEnchanted Obsidian§r§f!
11:40:55 [allowed] §b§lCOMPACT! §r§fYou found an §r§aEnchanted Obsidian§r§f!
11:40:57 [allowed] §c ☠ §r§7§r§aLunded§r§7 was killed by §r§aLunded§r§7§r§7.
11:40:57 [allowed] §8[§d329§8] §6♫ §r§b[MVP§c+§b] NotDrUplink§f §7♲§7 is wearing §r§8[§dNecrotic Burning Aurora Chestplate§8]
11:41:00 [allowed] §b§lCOMPACT! §r§fYou found an §r§aEnchanted Obsidian§r§f!
11:41:00 [allowed] §cYour Mining Speed Boost has expired!
11:41:02 [allowed] §aYou earned §r§2750 GEXP §r§a+ §r§c2,250 Event EXP §r§afrom playing SkyBlock!
11:41:02 [allowed] ▬▬▬▬▬▬▬▬▬▬▬▬▬▬▬▬▬▬▬▬▬▬▬▬▬▬▬▬▬▬▬▬▬▬▬▬▬▬▬▬▬▬▬▬▬▬▬▬▬▬▬▬▬▬▬▬▬▬▬▬▬▬▬▬
11:41:02 [allowed] §f                                §r§c§k#§r§2 LEVEL UP! §r§c§k#
11:41:02 [allowed] §f                       §r§7You are now §r§cEvent Level §r§280§r§7!
11:41:02 [allowed] §f                       §r§7You earned §r§f26 Event Silver§r§7!
11:41:02 [allowed] ▬▬▬▬▬▬▬▬▬▬▬▬▬▬▬▬▬▬▬▬▬▬▬▬▬▬▬▬▬▬▬▬▬▬▬▬▬▬▬▬▬▬▬▬▬▬▬▬▬▬▬▬▬▬▬▬▬▬▬▬▬▬▬▬
11:41:07 [allowed] §8[§r§6411§r§8] §r§6ᛃ §r§6[MVP§f++§6] Jakkuhh§f§r§f: how about i drop kick you down the stairs
11:41:15 [allowed] §eYou must have the §r§bCookie Buff §r§eactive to use /show!
11:41:15 [allowed] §7The §r§bCookie Buff§r§7 is unlocked by eating a §r§6Booster Cookie§r§7.
11:41:15 [allowed] §7Click §e§lHERE §7to view more!
11:41:17 [allowed] §8[§r§d329§r§8] §r§6♫ §r§b[MVP§c+§b] NotDrUplink§f§r§f: itll get better
11:41:19 [allowed] §8[§d329§8] §6♫ §r§b[MVP§c+§b] NotDrUplink§f §7♲§7 is wearing §r§8[§dNecrotic Burning Aurora Leggings §6✪✪✪✪✪§8]
11:41:19 [allowed] §8[§r§5371§r§8] §r§7§l㋖ §r§b[MVP§r§3+§r§b] Euphaa§r§f: You must have the Cookie Buff active to use /show!
11:41:21 [allowed] §8[§r§5371§r§8] §r§7§l㋖ §r§b[MVP§r§3+§r§b] Euphaa§r§f: XD
11:41:24 [allowed] §8[§r§5371§r§8] §r§7§l㋖ §r§b[MVP§r§3+§r§b] Euphaa§r§f: fuck
11:41:25 [allowed] §8[§r§d329§r§8] §r§6♫ §r§b[MVP§c+§b] NotDrUplink§f§r§f: b2b
11:41:31 [allowed] §8[§r§5371§r§8] §r§7§l㋖ §r§b[MVP§r§3+§r§b] Euphaa§r§f: gg
11:41:51 [allowed] §b§lCOMPACT! §r§fYou found an §r§aEnchanted Obsidian§r§f!
11:42:06 [allowed] §b§lCOMPACT! §r§fYou found an §r§aEnchanted Obsidian§r§f!
11:42:08 [allowed] §b§lCOMPACT! §r§fYou found an §r§aEnchanted Obsidian§r§f!
11:42:09 [allowed] §b§lCOMPACT! §r§fYou found an §r§aEnchanted Obsidian§r§f!
11:42:19 [allowed] §b§lCOMPACT! §r§fYou found an §r§aEnchanted Obsidian§r§f!
11:42:29 [allowed] §2Guild > §b[MVP§2+§b] ItsC00kiee§f: §rSkytils » 2352.43 ms
11:42:33 [allowed] §a§r§6Mining Speed Boost §r§ais now available!
11:42:34 [allowed] §c ☠ §r§7§r§aLunded§r§7 was killed by Voidgloom Seraph§r§7§r§7.
11:42:38 [allowed] §2Guild > §r§aMayeth65 §r§eleft.
11:42:45 [allowed] §aYou used your §r§6Mining Speed Boost §r§aPickaxe Ability!
11:42:45 [allowed] §b§lCOMPACT! §r§fYou found an §r§aEnchanted Obsidian§r§f!
11:42:49 [allowed] §b§lCOMPACT! §r§fYou found an §r§aEnchanted Obsidian§r§f!
11:42:50 [allowed] §b§lCOMPACT! §r§fYou found an §r§aEnchanted Obsidian§r§f!
11:42:53 [allowed] §b§lCOMPACT! §r§fYou found an §r§aEnchanted Obsidian§r§f!
11:42:58 [allowed] §b§lCOMPACT! §r§fYou found an §r§aEnchanted Obsidian§r§f!
11:43:02 [allowed] §b§lCOMPACT! §r§fYou found an §r§aEnchanted Obsidian§r§f!
11:43:03 [allowed] §b§lCOMPACT! §r§fYou found an §r§aEnchanted Obsidian§r§f!
11:43:05 [allowed] §cYour Mining Speed Boost has expired!
11:43:08 [allowed] §c ☠ §r§7§r§aFroschigerMalte§r§7 was killed by Voidgloom Seraph§r§7§r§7.
11:43:33 [allowed] §b§lCOMPACT! §r§fYou found an §r§aEnchanted Obsidian§r§f!
11:43:35 [allowed] §b§lCOMPACT! §r§fYou found an §r§aEnchanted Obsidian§r§f!
11:43:37 [allowed] §b§lCOMPACT! §r§fYou found an §r§aEnchanted Obsidian§r§f!
11:43:39 [allowed] §b§lCOMPACT! §r§fYou found an §r§aEnchanted Obsidian§r§f!
11:43:42 [allowed] §b§lCOMPACT! §r§fYou found an §r§aEnchanted Obsidian§r§f!
11:43:50 [allowed] §b§lCOMPACT! §r§fYou found an §r§aEnchanted Obsidian§r§f!
11:43:59 [allowed] §b§lCOMPACT! §r§fYou found an §r§aEnchanted Obsidian§r§f!
11:44:11 [allowed] §b§lCOMPACT! §r§fYou found an §r§aEnchanted Obsidian§r§f!
11:44:17 [allowed] §b§lCOMPACT! §r§fYou found an §r§aEnchanted Obsidian§r§f!
11:44:20 [allowed] §b§lCOMPACT! §r§fYou found an §r§aEnchanted Obsidian§r§f!
11:44:20 [allowed] §aFriend > §r§bSerafymas §r§eleft.
11:44:25 [allowed] §b§lCOMPACT! §r§fYou found an §r§aEnchanted Obsidian§r§f!
11:44:31 [allowed] §b§lCOMPACT! §r§fYou found an §r§aEnchanted Obsidian§r§f!
11:44:38 [allowed] §a§r§6Mining Speed Boost §r§ais now available!
11:44:45 [allowed] §aYou used your §r§6Mining Speed Boost §r§aPickaxe Ability!
11:44:45 [allowed] §2Guild > §r§aMayeth65 §r§ejoined.
11:44:48 [allowed] §b§lCOMPACT! §r§fYou found an §r§aEnchanted Obsidian§r§f!
11:44:49 [allowed] §b§lCOMPACT! §r§fYou found an §r§aEnchanted Obsidian§r§f!
11:44:50 [allowed] §b§lCOMPACT! §r§fYou found an §r§aEnchanted Obsidian§r§f!
11:44:51 [allowed] §b§lCOMPACT! §r§fYou found an §r§aEnchanted Obsidian§r§f!
11:44:54 [allowed] §cThere are blocks in the way!
11:44:54 [allowed] §b§lCOMPACT! §r§fYou found an §r§aEnchanted Obsidian§r§f!
11:44:55 [allowed] §b§lCOMPACT! §r§fYou found an §r§aEnchanted Obsidian§r§f!
11:44:55 [allowed] §b§lCOMPACT! §r§fYou found an §r§aEnchanted Obsidian§r§f!
11:44:55 [allowed] §b§lCOMPACT! §r§fYou found an §r§aEnchanted Obsidian§r§f!
11:44:56 [allowed] §b§lCOMPACT! §r§fYou found an §r§aEnchanted Obsidian§r§f!
11:45:01 [allowed] §b§lCOMPACT! §r§fYou found an §r§aEnchanted Obsidian§r§f!
11:45:05 [allowed] §cYour Mining Speed Boost has expired!
11:45:06 [allowed] §b§lCOMPACT! §r§fYou found an §r§aEnchanted Obsidian§r§f!
11:45:24 [allowed] §5☬ §r§bJigstedt §r§dplaced a Summoning Eye! §r§7(§r§e1§r§7/§r§a8§r§7)
11:45:26 [allowed] §5☬ §r§bJigstedt §r§dplaced a Summoning Eye! §r§7(§r§e2§r§7/§r§a8§r§7)
11:45:27 [allowed] §5☬ §r§bJigstedt §r§dplaced a Summoning Eye! §r§7(§r§e3§r§7/§r§a8§r§7)
11:45:29 [allowed] §5☬ §r§bJigstedt §r§dplaced a Summoning Eye! §r§7(§r§e4§r§7/§r§a8§r§7)
11:45:35 [allowed] §8[§r§3263§r§8] §r§b[MVP§6+§b] Jigstedt§f§r§f: anyone drags
11:45:51 [allowed] §8[§r§9286§r§8] §r§b§lᛝ §r§b[MVP§8+§b] TutBickler§f§r§f: ouu nice setup
11:45:57 [allowed] §8[§r§3263§r§8] §r§b[MVP§6+§b] Jigstedt§f§r§f: me
11:46:00 [allowed] §8[§r§9286§r§8] §r§b§lᛝ §r§b[MVP§8+§b] TutBickler§f§r§f: ye
11:46:00 [allowed] §b§lCOMPACT! §r§fYou found an §r§aEnchanted Obsidian§r§f!
11:46:06 [allowed] §aYou earned §r§2745 GEXP §r§a+ §r§c2,235 Event EXP §r§afrom playing SkyBlock!
11:46:19 [allowed] §b§lCOMPACT! §r§fYou found an §r§aEnchanted Obsidian§r§f!
11:46:22 [allowed] §b§lCOMPACT! §r§fYou found an §r§aEnchanted Obsidian§r§f!
11:46:22 [allowed] §8[§r§3263§r§8] §r§b[MVP§6+§b] Jigstedt§f§r§f: it is bro I thought it sucked havent played in 6 months and smth feels off with my terror but ty
11:46:24 [allowed] §b§lCOMPACT! §r§fYou found an §r§aEnchanted Obsidian§r§f!
11:46:26 [allowed] §8[§r§f51§r§8] §r§7Arasuta§7§r§7: DO DA DRAGON NOW NOW NOW
11:46:27 [allowed] §8[§r§f73§r§8] §r§7batsthepenguin§7§r§7: do you have anyone thing good for mineing for 60m
11:46:37 [allowed] §8[§r§9286§r§8] §r§b§lᛝ §r§b[MVP§8+§b] TutBickler§f§r§f: umm not rly
11:46:38 [allowed] §8[§r§9286§r§8] §r§b§lᛝ §r§b[MVP§8+§b] TutBickler§f§r§f: haha
11:46:39 [allowed] §a§r§6Mining Speed Boost §r§ais now available!
11:46:40 [allowed] §aYou used your §r§6Mining Speed Boost §r§aPickaxe Ability!
11:46:40 [allowed] §d§lHOPPITY'S HUNT §r§dA §r§9Chocolate Lunch Egg §r§dhas appeared!
11:46:41 [allowed] §8[§r§f73§r§8] §r§7batsthepenguin§7§r§7: oh ok
11:46:43 [allowed] §b§lCOMPACT! §r§fYou found an §r§aEnchanted Obsidian§r§f!
11:46:45 [allowed] §5☬ §r§7batsthepenguin §r§dplaced a Summoning Eye! §r§7(§r§e5§r§7/§r§a8§r§7)
11:46:47 [allowed] §b§lCOMPACT! §r§fYou found an §r§aEnchanted Obsidian§r§f!
11:46:49 [allowed] §b§lCOMPACT! §r§fYou found an §r§aEnchanted Obsidian§r§f!
11:46:50 [allowed] §8[§r§9286§r§8] §r§b§lᛝ §r§b[MVP§8+§b] TutBickler§f§r§f: my mining equippment piece costed 80m
11:46:51 [allowed] §8[§r§f46§r§8] §r§a[VIP] Zaza_Needer§f§r§f: go for a drill
11:46:52 [allowed] §8[§r§9286§r§8] §r§b§lᛝ §r§b[MVP§8+§b] TutBickler§f§r§f: lol
11:46:59 [allowed] §8[§r§e88§r§8] §r§a[VIP] An_birb§f§r§f: amn
11:47:00 [allowed] §cYour Mining Speed Boost has expired!
11:47:01 [allowed] §8[§r§e88§r§8] §r§a[VIP] An_birb§f§r§f: damn
11:47:03 [allowed] §b§lCOMPACT! §r§fYou found an §r§aEnchanted Obsidian§r§f!
11:47:05 [allowed] §8[§r§f73§r§8] §r§7batsthepenguin§7§r§7: oh nice
11:47:13 [allowed] §8[§r§9286§r§8] §r§b§lᛝ §r§b[MVP§8+§b] TutBickler§f§r§f: i jst wanna tryout killing dragons
11:47:14 [allowed] §c§lYou feel a tremor from beneath the earth!
11:47:15 [allowed] §5☬ §r§7Horsi135 §r§dplaced a Summoning Eye! §r§7(§r§e5§r§7/§r§a8§r§7)
11:47:20 [allowed] §5☬ §r§7Horsi135 §r§dplaced a Summoning Eye! §r§7(§r§e6§r§7/§r§a8§r§7)
11:47:20 [allowed] §8[§r§f73§r§8] §r§7batsthepenguin§7§r§7: can you tell me i will buy them
11:47:22 [allowed] §b§lCOMPACT! §r§fYou found an §r§aEnchanted Obsidian§r§f!
11:47:24 [allowed] §b§lCOMPACT! §r§fYou found an §r§aEnchanted Obsidian§r§f!
11:47:25 [allowed] §5☬ §r§7Horsi135 §r§dplaced a Summoning Eye! §r§7(§r§e7§r§7/§r§a8§r§7)
11:47:27 [allowed] §c ☠ §r§7§r§bMlzukii§r§7 was killed by Voidgloom Seraph§r§7§r§7.
11:47:38 [allowed] §b§lCOMPACT! §r§fYou found an §r§aEnchanted Obsidian§r§f!
11:47:42 [allowed] §b§lCOMPACT! §r§fYou found an §r§aEnchanted Obsidian§r§f!
11:47:45 [allowed] §2Guild > §b[MVP§2+§b] ItsC00kiee§f: §rSkytils » 1020.91 ms
11:47:49 [allowed] §8[§r§e88§r§8] §r§a[VIP] An_birb§f§r§f: 8?
11:47:55 [allowed] §b§lCOMPACT! §r§fYou found an §r§aEnchanted Obsidian§r§f!
11:47:57 [allowed] §b§lCOMPACT! §r§fYou found an §r§aEnchanted Obsidian§r§f!
11:47:58 [allowed] §5☬ §r§7Horsi135 §r§dplaced a Summoning Eye! Brace yourselves! §r§7(§r§a8§r§7/§r§a8§r§7)
11:48:08 [allowed] §5☬ §r§d§lThe §r§5§c§lWise Dragon§r§d§l has spawned!
11:48:12 [allowed] §a§l▬▬▬▬▬▬▬▬▬▬▬▬▬▬▬▬▬▬▬▬▬▬▬▬▬▬▬▬▬▬▬▬▬▬▬▬▬▬▬▬▬▬▬▬▬▬▬▬▬▬▬▬▬▬▬▬▬▬▬▬▬▬▬▬
11:48:12 [allowed] §f                           §r§6§lWISE DRAGON DOWN!
11:48:12 [allowed] §f                 §r§b[MVP§r§8+§r§b] TutBickler§r§f §r§7dealt the final blow.
11:48:12 [allowed] §f           §r§e§l1st Damager §r§7- §r§b[MVP§r§8+§r§b] TutBickler§r§f §r§7- §r§e7,089,072
11:48:12 [allowed] §f           §r§6§l2nd Damager §r§7- §r§b[MVP§r§3+§r§b] Subacute§r§f §r§7- §r§e3,198,574
11:48:12 [allowed] §f            §r§c§l3rd Damager §r§7- §r§b[MVP§r§6+§r§b] Jigstedt§r§f §r§7- §r§e3,114,422
11:48:12 [allowed] §f                      §r§eYour Damage: §r§a0 §r§7(Position #16)
11:48:12 [allowed] §a§l▬▬▬▬▬▬▬▬▬▬▬▬▬▬▬▬▬▬▬▬▬▬▬▬▬▬▬▬▬▬▬▬▬▬▬▬▬▬▬▬▬▬▬▬▬▬▬▬▬▬▬▬▬▬▬▬▬▬▬▬▬▬▬▬
11:48:13 [allowed] §b§lCOMPACT! §r§fYou found an §r§aEnchanted Obsidian§r§f!
11:48:17 [allowed] §8[§r§f51§r§8] §r§7Arasuta§7§r§7: bruh moment.
11:48:19 [allowed] §b§lCOMPACT! §r§fYou found an §r§aEnchanted Obsidian§r§f!
11:48:22 [allowed] §8[§r§9286§r§8] §r§b§lᛝ §r§b[MVP§8+§b] TutBickler§f§r§f: ahahah
11:48:34 [allowed] §a§r§6Mining Speed Boost §r§ais now available!
11:48:39 [allowed] §aYou used your §r§6Mining Speed Boost §r§aPickaxe Ability!
11:48:39 [allowed] §cYour pickaxe ability is on cooldown for 112s.
11:48:40 [allowed] §b§lCOMPACT! §r§fYou found an §r§aEnchanted Obsidian§r§f!
11:48:40 [allowed] §b§lCOMPACT! §r§fYou found an §r§aEnchanted Obsidian§r§f!
11:48:40 [allowed] §b§lCOMPACT! §r§fYou found an §r§aEnchanted Obsidian§r§f!
11:48:42 [allowed] §b§lCOMPACT! §r§fYou found an §r§aEnchanted Obsidian§r§f!
11:48:45 [allowed] §8[§r§f51§r§8] §r§7Arasuta§7§r§7: i was so excited to test out my new bow.
11:48:45 [allowed] §b§lCOMPACT! §r§fYou found an §r§aEnchanted Obsidian§r§f!
11:48:52 [allowed] §8[§r§9286§r§8] §r§b§lᛝ §r§b[MVP§8+§b] TutBickler§f§r§f: Sorry man ahahaha
11:48:53 [allowed] §b§lCOMPACT! §r§fYou found an §r§aEnchanted Obsidian§r§f!
11:48:54 [allowed] §b§lCOMPACT! §r§fYou found an §r§aEnchanted Obsidian§r§f!
11:48:54 [allowed] §b§lCOMPACT! §r§fYou found an §r§aEnchanted Obsidian§r§f!
11:48:54 [allowed] §b§lCOMPACT! §r§fYou found an §r§aEnchanted Obsidian§r§f!
11:48:56 [allowed] §b§lCOMPACT! §r§fYou found an §r§aEnchanted Obsidian§r§f!
11:48:59 [allowed] §b§lCOMPACT! §r§fYou found an §r§aEnchanted Obsidian§r§f!
11:48:59 [allowed] §cYour Mining Speed Boost has expired!
11:49:07 [allowed] §8[§r§f51§r§8] §r§7Arasuta§7§r§7: how do i get dragon tracer books?
11:49:11 [allowed] §5☬ §r§dThe Dragon Egg has spawned!
11:49:15 [allowed] §8[§r§9286§r§8] §r§b§lᛝ §r§b[MVP§8+§b] TutBickler§f§r§f: u can buy em right
11:49:17 [allowed] §5☬ §r§bJigstedt §r§dplaced a Summoning Eye! §r§7(§r§e1§r§7/§r§a8§r§7)
11:49:20 [allowed] §5☬ §r§bJigstedt §r§dplaced a Summoning Eye! §r§7(§r§e2§r§7/§r§a8§r§7)
11:49:22 [allowed] §5☬ §r§bJigstedt §r§dplaced a Summoning Eye! §r§7(§r§e3§r§7/§r§a8§r§7)
11:49:25 [allowed] §5☬ §r§bJigstedt §r§dplaced a Summoning Eye! §r§7(§r§e4§r§7/§r§a8§r§7)
11:49:41 [allowed] §8[§r§f51§r§8] §r§7Arasuta§7§r§7: nop nobody is selling
11:49:57 [allowed] §cThere are blocks in the way!
11:50:07 [allowed] §2Guild > §r§aMayeth65 §r§eleft.
