21:06:40 [EMPTY] §f §r§r§r§f §r§r§r§1 §r§r§r§0 §r§r§r§2 §r§r§r§f §r§r§r§f §r§r§r§2 §r§r§r§0 §r§r§r§4 §r§r§r§3 §r§r§r§9 §r§r§r§2 §r§r§r§0 §r§r§r§0 §r§r§r§3 §r§r§r§9 §r§r§r§2 §r§r§r§0 §r§r§r§0 §r§r§r§3 §r§r§r§9 §r§r§r§2 §r§r§r§0 §r§r§r§0 
21:06:40 [EMPTY] 
21:07:09 [EMPTY] §8 §r§8 §r§1 §r§3 §r§3 §r§7 §r§8 
21:07:11 [EMPTY] 
21:07:11 [EMPTY] 
21:07:12 [EMPTY]  
21:07:12 [STASH_COMPACT] §f              §7You have §3488,990 §7materials stashed away!
21:07:12 [STASH_COMPACT] §f              §8(This totals 3 types of materials stashed!)
21:07:12 [STASH_COMPACT] §f                §3§l>>> §3§lCLICK HERE§b to pick them up! §3§l<<<
21:07:12 [EMPTY]   
21:10:28 [EMPTY] §8 §r§8 §r§1 §r§3 §r§3 §r§7 §r§8 
21:10:38 [PEST_DROP] §eYou received §a77x Enchanted Nether Wart §efor killing a §2Beetle§e!
21:10:45 [PEST_DROP] §eYou received §a34x Enchanted Pumpkin §efor killing a §2Rat§e!
21:10:53 [PEST_DROP] §eYou received §a140x Enchanted Potato §efor killing a §2Locust§e!
21:10:59 [PEST_DROP] §eYou received §a90x Enchanted Cactus Green §efor killing a §2Mite§e!
21:11:05 [PEST_DROP] §eYou received §a135x Enchanted Nether Wart §efor killing a §2Beetle§e!
21:11:08 [PEST_DROP] §eYou received §a95x Enchanted Sugar §efor killing a §2Mosquito§e!
21:11:15 [PEST_DROP] §eYou received §a45x Enchanted Wheat §efor killing a §2Fly§e!
21:11:19 [PEST_DROP] §eYou received §a134x Enchanted Nether Wart §efor killing a §2Beetle§e!
21:36:04 [EMPTY] §8 §r§8 §r§1 §r§3 §r§3 §r§7 §r§8 
21:36:41 [SKYMALL] §bNew day! §r§eYour §r§2Sky Mall §r§ebuff changed!
21:36:41 [SKYMALL] §eNew buff§r§r§r: §r§fGain §r§a+15% §r§fmore Powder while mining.
21:36:41 [SKYMALL] §8§oYou can disable this messaging by toggling Sky Mall in your /hotm!
21:38:02 [EMPTY] §8 §r§8 §r§1 §r§3 §r§3 §r§7 §r§8 
21:47:25 [EMPTY] 
21:47:25 [EMPTY] 
21:52:04 [EMPTY] §8 §r§8 §r§1 §r§3 §r§3 §r§7 §r§8 
21:55:01 [SKYMALL] §bNew day! §r§eYour §r§2Sky Mall §r§ebuff changed!
21:55:01 [SKYMALL] §eNew buff§r§r§r: §r§fGain §r§6+100⸕ Mining Speed§r§f.
21:55:01 [SKYMALL] §8§oYou can disable this messaging by toggling Sky Mall in your /hotm!
22:06:33 [EMPTY] §8 §r§8 §r§1 §r§3 §r§3 §r§7 §r§8 
22:15:02 [SKYMALL] §bNew day! §r§eYour §r§2Sky Mall §r§ebuff changed!
22:15:02 [SKYMALL] §eNew buff§r§r§r: §r§fGain §r§a+15% §r§fmore Powder while mining.
22:15:02 [SKYMALL] §8§oYou can disable this messaging by toggling Sky Mall in your /hotm!
22:15:24 [EMPTY] 
22:15:24 [EMPTY] 
22:15:44 [EMPTY] §8 §r§8 §r§1 §r§3 §r§3 §r§7 §r§8 
22:35:00 [SKYMALL] §bNew day! §r§eYour §r§2Sky Mall §r§ebuff changed!
22:35:00 [SKYMALL] §eNew buff§r§r§r: §r§fGain §r§a+15% §r§fmore Powder while mining.
22:35:00 [SKYMALL] §8§oYou can disable this messaging by toggling Sky Mall in your /hotm!
22:55:00 [SKYMALL] §bNew day! §r§eYour §r§2Sky Mall §r§ebuff changed!
22:55:00 [SKYMALL] §eNew buff§r§r§r: §r§f§r§a10x §r§fchance to find Golden and Diamond Goblins.
22:55:00 [SKYMALL] §8§oYou can disable this messaging by toggling Sky Mall in your /hotm!
23:00:12 [EMPTY] §f
23:00:12 [EMPTY] §c
23:05:59 [EMPTY] §8 §r§8 §r§1 §r§3 §r§3 §r§7 §r§8 
23:06:03 [EMPTY] §8 §r§8 §r§1 §r§3 §r§3 §r§7 §r§8 
23:15:00 [SKYMALL] §bNew day! §r§eYour §r§2Sky Mall §r§ebuff changed!
23:15:00 [SKYMALL] §eNew buff§r§r§r: §r§fGain §r§6+100⸕ Mining Speed§r§f.
23:15:00 [SKYMALL] §8§oYou can disable this messaging by toggling Sky Mall in your /hotm!
23:18:13 [EMPTY] §8 §r§8 §r§1 §r§3 §r§3 §r§7 §r§8 
23:19:41 [EMPTY] 
23:19:41 [EMPTY] 
23:19:41 [EMPTY] 
23:19:41 [EMPTY] 
23:20:14 [EMPTY] 
23:20:14 [EMPTY] 
23:21:54 [EMPTY] 
23:21:54 [EMPTY] 
23:21:54 [EMPTY] 
23:21:54 [EMPTY] 
23:35:00 [SKYMALL] §bNew day! §r§eYour §r§2Sky Mall §r§ebuff changed!
23:35:00 [SKYMALL] §eNew buff§r§r§r: §r§fGain §r§6+50☘ Mining Fortune§r§f.
23:35:00 [SKYMALL] §8§oYou can disable this messaging by toggling Sky Mall in your /hotm!
11:27:34 [EMPTY] §f §r§r§r§f §r§r§r§1 §r§r§r§0 §r§r§r§2 §r§r§r§f §r§r§r§f §r§r§r§2 §r§r§r§0 §r§r§r§4 §r§r§r§3 §r§r§r§9 §r§r§r§2 §r§r§r§0 §r§r§r§0 §r§r§r§3 §r§r§r§9 §r§r§r§2 §r§r§r§0 §r§r§r§0 §r§r§r§3 §r§r§r§9 §r§r§r§2 §r§r§r§0 §r§r§r§0 
11:27:34 [EMPTY] 
11:28:09 [EMPTY] §8 §r§8 §r§1 §r§3 §r§3 §r§7 §r§8 
11:28:11 [EMPTY] 
11:28:11 [EMPTY] 
11:28:14 [SKYMALL] §bNew day! §r§eYour §r§2Sky Mall §r§ebuff changed!
11:28:14 [SKYMALL] §eNew buff§r§r§r: §r§fGain §r§a+15% §r§fmore Powder while mining.
11:28:14 [SKYMALL] §8§oYou can disable this messaging by toggling Sky Mall in your /hotm!
11:28:46 [EMPTY] 
11:28:46 [EMPTY] 
11:28:46 [EMPTY] 
11:28:46 [EMPTY] 
11:35:01 [SKYMALL] §bNew day! §r§eYour §r§2Sky Mall §r§ebuff changed!
11:35:01 [SKYMALL] §eNew buff§r§r§r: §r§f§r§a10x §r§fchance to find Golden and Diamond Goblins.
11:35:01 [SKYMALL] §8§oYou can disable this messaging by toggling Sky Mall in your /hotm!
11:41:02 [EMPTY] 
11:41:02 [EMPTY] 
11:41:15 [EMPTY]  
11:41:15 [EMPTY]  
11:48:12 [EMPTY] 
11:48:12 [EMPTY] 
11:48:12 [EMPTY] 
11:48:12 [EMPTY] 
