09:23:14 Trying to load config from config/skyhanni/config.json
09:23:14 load-config-now
09:23:14 Loaded config from file
09:23:14 Trying to load sacks from config/skyhanni/sacks.json
09:23:14 load-sacks-now
09:23:14 Loaded sacks from file
09:23:14 Trying to load friends from config/skyhanni/friends.json
09:23:14 load-friends-now
09:23:14 Loaded friends from file
09:23:14 Trying to load known_features from config/skyhanni/known_features.json
09:23:14 load-known_features-now
09:23:14 Loaded known_features from file
09:23:14 Trying to load jacob_contests from config/skyhanni/jacob_contests.json
09:23:14 load-jacob_contests-now
09:23:14 Loaded jacob_contests from file
09:23:14 Trying to load visual_words from config/skyhanni/visual_words.json
09:23:14 Setting visual_words to be blank as it did not exist. It will be saved once something is written to it
09:24:14 saveConfig: auto-save-60s
09:24:14 Saving config file
09:25:14 saveConfig: auto-save-60s
09:25:14 Saving config file
09:26:14 saveConfig: auto-save-60s
09:26:14 Saving config file
09:27:14 saveConfig: auto-save-60s
09:27:14 Saving config file
09:28:14 saveConfig: auto-save-60s
09:28:14 Saving config file
09:29:14 saveConfig: auto-save-60s
09:29:14 Saving config file
09:30:14 saveConfig: auto-save-60s
09:30:14 Saving config file
09:31:14 saveConfig: auto-save-60s
09:31:14 Saving config file
09:32:14 saveConfig: auto-save-60s
09:32:14 Saving config file
09:33:14 saveConfig: auto-save-60s
09:33:14 Saving config file
09:34:14 saveConfig: auto-save-60s
09:34:14 Saving config file
09:35:14 saveConfig: auto-save-60s
09:35:14 Saving config file
09:36:14 saveConfig: auto-save-60s
09:36:14 Saving config file
09:37:14 saveConfig: auto-save-60s
09:37:14 Saving config file
09:38:14 saveConfig: auto-save-60s
09:38:14 Saving config file
09:39:14 saveConfig: auto-save-60s
09:39:14 Saving config file
09:40:14 saveConfig: auto-save-60s
09:40:14 Saving config file
09:41:14 saveConfig: auto-save-60s
09:41:14 Saving config file
09:42:14 saveConfig: auto-save-60s
09:42:14 Saving config file
09:43:14 saveConfig: auto-save-60s
09:43:14 Saving config file
09:44:14 saveConfig: auto-save-60s
09:44:14 Saving config file
09:45:14 saveConfig: auto-save-60s
09:45:14 Saving config file
09:46:14 saveConfig: auto-save-60s
09:46:14 Saving config file
09:47:14 saveConfig: auto-save-60s
09:47:14 Saving config file
09:48:14 saveConfig: auto-save-60s
09:48:14 Saving config file
09:49:14 saveConfig: auto-save-60s
09:49:14 Saving config file
09:50:14 saveConfig: auto-save-60s
09:50:14 Saving config file
09:51:14 saveConfig: auto-save-60s
09:51:14 Saving config file
09:52:14 saveConfig: auto-save-60s
09:52:14 Saving config file
09:53:14 saveConfig: auto-save-60s
09:53:14 Saving config file
09:54:14 saveConfig: auto-save-60s
09:54:14 Saving config file
09:55:14 saveConfig: auto-save-60s
09:55:14 Saving config file
09:55:20 saveConfig: Updated known feature flags
09:55:20 Saving known_features file
09:55:42 saveConfig: saving-data
09:55:42 Saving sacks file
09:56:00 saveConfig: saving-data
09:56:00 Saving sacks file
09:56:14 saveConfig: auto-save-60s
09:56:14 Saving config file
09:57:14 saveConfig: auto-save-60s
09:57:14 Saving config file
09:57:19 saveConfig: saving-data
09:57:19 Saving sacks file
09:57:28 saveConfig: saving-data
09:57:28 Saving sacks file
09:58:14 saveConfig: auto-save-60s
09:58:14 Saving config file
09:59:14 saveConfig: auto-save-60s
09:59:14 Saving config file
10:00:14 saveConfig: auto-save-60s
10:00:14 Saving config file
10:01:14 saveConfig: auto-save-60s
10:01:14 Saving config file
10:02:14 saveConfig: auto-save-60s
10:02:14 Saving config file
10:03:14 saveConfig: auto-save-60s
10:03:14 Saving config file
10:04:14 saveConfig: auto-save-60s
10:04:14 Saving config file
10:05:14 saveConfig: auto-save-60s
10:05:14 Saving config file
10:06:14 saveConfig: auto-save-60s
10:06:14 Saving config file
10:07:14 saveConfig: auto-save-60s
10:07:14 Saving config file
10:08:14 saveConfig: auto-save-60s
10:08:14 Saving config file
10:09:14 saveConfig: auto-save-60s
10:09:14 Saving config file
10:10:14 saveConfig: auto-save-60s
10:10:14 Saving config file
10:11:14 saveConfig: auto-save-60s
10:11:14 Saving config file
10:12:14 saveConfig: auto-save-60s
10:12:14 Saving config file
10:13:14 saveConfig: auto-save-60s
10:13:14 Saving config file
10:14:14 saveConfig: auto-save-60s
10:14:14 Saving config file
10:15:14 saveConfig: auto-save-60s
10:15:14 Saving config file
10:16:14 saveConfig: auto-save-60s
10:16:14 Saving config file
10:17:14 saveConfig: auto-save-60s
10:17:14 Saving config file
10:18:14 saveConfig: auto-save-60s
10:18:14 Saving config file
10:19:14 saveConfig: auto-save-60s
10:19:14 Saving config file
10:20:14 saveConfig: auto-save-60s
10:20:14 Saving config file
10:21:14 saveConfig: auto-save-60s
10:21:14 Saving config file
10:22:14 saveConfig: auto-save-60s
10:22:14 Saving config file
10:23:14 saveConfig: auto-save-60s
10:23:14 Saving config file
10:24:14 saveConfig: auto-save-60s
10:24:14 Saving config file
10:25:14 saveConfig: auto-save-60s
10:25:14 Saving config file
10:26:14 saveConfig: auto-save-60s
10:26:14 Saving config file
10:27:14 saveConfig: auto-save-60s
10:27:14 Saving config file
10:28:14 saveConfig: auto-save-60s
10:28:14 Saving config file
10:29:14 saveConfig: auto-save-60s
10:29:14 Saving config file
10:30:14 saveConfig: auto-save-60s
10:30:14 Saving config file
10:31:14 saveConfig: auto-save-60s
10:31:14 Saving config file
10:31:26 saveConfig: shutdown-hook
10:31:26 Saving config file
