09:41:16 [EMPTY] §f §r§r§r§f §r§r§r§1 §r§r§r§0 §r§r§r§2 §r§r§r§f §r§r§r§f §r§r§r§2 §r§r§r§0 §r§r§r§4 §r§r§r§3 §r§r§r§9 §r§r§r§2 §r§r§r§0 §r§r§r§0 §r§r§r§3 §r§r§r§9 §r§r§r§2 §r§r§r§0 §r§r§r§0 §r§r§r§3 §r§r§r§9 §r§r§r§2 §r§r§r§0 §r§r§r§0 
09:41:16 [EMPTY] 
09:41:46 [EMPTY] §8 §r§8 §r§1 §r§3 §r§3 §r§7 §r§8 
09:41:48 [EMPTY] 
09:41:48 [EMPTY] 
09:41:50 [EMPTY]  
09:41:50 [STASH_COMPACT] §f               §7You have §310,595 §7materials stashed away!
09:41:50 [STASH_COMPACT] §f              §8(This totals 2 types of materials stashed!)
09:41:50 [STASH_COMPACT] §f                §3§l>>> §3§lCLICK HERE§b to pick them up! §3§l<<<
09:41:50 [EMPTY]   
09:41:51 [EMPTY]  
09:41:51 [STASH_COMPACT] §f               §7You have §310,595 §7materials stashed away!
09:41:51 [STASH_COMPACT] §f              §8(This totals 2 types of materials stashed!)
09:41:51 [STASH_COMPACT] §f                §3§l>>> §3§lCLICK HERE§b to pick them up! §3§l<<<
09:41:51 [EMPTY]   
09:41:51 [SKYMALL] §bNew day! §r§eYour §r§2Sky Mall §r§ebuff changed!
09:41:51 [SKYMALL] §eNew buff§r§r§r: §r§f§r§a-20%§r§f Pickaxe Ability cooldowns.
09:41:51 [SKYMALL] §8§oYou can disable this messaging by toggling Sky Mall in your /hotm!
09:42:51 [EMPTY]  
09:42:51 [STASH_COMPACT] §f               §7You have §310,595 §7materials stashed away!
09:42:51 [STASH_COMPACT] §f              §8(This totals 2 types of materials stashed!)
09:42:51 [STASH_COMPACT] §f                §3§l>>> §3§lCLICK HERE§b to pick them up! §3§l<<<
09:42:51 [EMPTY]   
09:43:51 [EMPTY]  
09:43:51 [STASH_COMPACT] §f               §7You have §310,595 §7materials stashed away!
09:43:51 [STASH_COMPACT] §f              §8(This totals 2 types of materials stashed!)
09:43:51 [STASH_COMPACT] §f                §3§l>>> §3§lCLICK HERE§b to pick them up! §3§l<<<
09:43:51 [EMPTY]   
09:43:54 [EMPTY] §f
09:43:54 [EMPTY] §f
09:43:54 [EMPTY] §f
09:43:54 [EMPTY] §f
09:44:52 [EMPTY]  
09:44:52 [STASH_COMPACT] §f               §7You have §310,595 §7materials stashed away!
09:44:52 [STASH_COMPACT] §f              §8(This totals 2 types of materials stashed!)
09:44:52 [STASH_COMPACT] §f                §3§l>>> §3§lCLICK HERE§b to pick them up! §3§l<<<
09:44:52 [EMPTY]   
09:45:52 [EMPTY]  
09:45:52 [STASH_COMPACT] §f               §7You have §310,595 §7materials stashed away!
09:45:52 [STASH_COMPACT] §f              §8(This totals 2 types of materials stashed!)
09:45:52 [STASH_COMPACT] §f                §3§l>>> §3§lCLICK HERE§b to pick them up! §3§l<<<
09:45:52 [EMPTY]   
09:46:52 [EMPTY]  
09:46:52 [STASH_COMPACT] §f               §7You have §310,595 §7materials stashed away!
09:46:52 [STASH_COMPACT] §f              §8(This totals 2 types of materials stashed!)
09:46:52 [STASH_COMPACT] §f                §3§l>>> §3§lCLICK HERE§b to pick them up! §3§l<<<
09:46:52 [EMPTY]   
09:47:53 [EMPTY]  
09:47:53 [STASH_COMPACT] §f               §7You have §310,595 §7materials stashed away!
09:47:53 [STASH_COMPACT] §f              §8(This totals 2 types of materials stashed!)
09:47:53 [STASH_COMPACT] §f                §3§l>>> §3§lCLICK HERE§b to pick them up! §3§l<<<
09:47:53 [EMPTY]   
09:48:53 [EMPTY]  
09:48:53 [STASH_COMPACT] §f               §7You have §310,595 §7materials stashed away!
09:48:53 [STASH_COMPACT] §f              §8(This totals 2 types of materials stashed!)
09:48:53 [STASH_COMPACT] §f                §3§l>>> §3§lCLICK HERE§b to pick them up! §3§l<<<
09:48:53 [EMPTY]   
09:49:53 [EMPTY]  
09:49:53 [STASH_COMPACT] §f               §7You have §310,595 §7materials stashed away!
09:49:53 [STASH_COMPACT] §f              §8(This totals 2 types of materials stashed!)
09:49:53 [STASH_COMPACT] §f                §3§l>>> §3§lCLICK HERE§b to pick them up! §3§l<<<
09:49:53 [EMPTY]   
09:50:53 [EMPTY]  
09:50:53 [STASH_COMPACT] §f               §7You have §310,595 §7materials stashed away!
09:50:53 [STASH_COMPACT] §f              §8(This totals 2 types of materials stashed!)
09:50:53 [STASH_COMPACT] §f                §3§l>>> §3§lCLICK HERE§b to pick them up! §3§l<<<
09:50:53 [EMPTY]   
09:51:53 [EMPTY]  
09:51:53 [STASH_COMPACT] §f               §7You have §310,595 §7materials stashed away!
09:51:53 [STASH_COMPACT] §f              §8(This totals 2 types of materials stashed!)
09:51:53 [STASH_COMPACT] §f                §3§l>>> §3§lCLICK HERE§b to pick them up! §3§l<<<
09:51:53 [EMPTY]   
09:52:53 [EMPTY]  
09:52:53 [STASH_COMPACT] §f               §7You have §310,595 §7materials stashed away!
09:52:53 [STASH_COMPACT] §f              §8(This totals 2 types of materials stashed!)
09:52:53 [STASH_COMPACT] §f                §3§l>>> §3§lCLICK HERE§b to pick them up! §3§l<<<
09:52:53 [EMPTY]   
09:53:53 [EMPTY]  
09:53:53 [STASH_COMPACT] §f               §7You have §310,595 §7materials stashed away!
09:53:53 [STASH_COMPACT] §f              §8(This totals 2 types of materials stashed!)
09:53:53 [STASH_COMPACT] §f                §3§l>>> §3§lCLICK HERE§b to pick them up! §3§l<<<
09:53:53 [EMPTY]   
09:54:53 [EMPTY]  
09:54:53 [STASH_COMPACT] §f               §7You have §310,595 §7materials stashed away!
09:54:53 [STASH_COMPACT] §f              §8(This totals 2 types of materials stashed!)
09:54:53 [STASH_COMPACT] §f                §3§l>>> §3§lCLICK HERE§b to pick them up! §3§l<<<
09:54:53 [EMPTY]   
09:55:00 [SKYMALL] §bNew day! §r§eYour §r§2Sky Mall §r§ebuff changed!
09:55:00 [SKYMALL] §eNew buff§r§r§r: §r§fGain §r§a+15% §r§fmore Powder while mining.
09:55:00 [SKYMALL] §8§oYou can disable this messaging by toggling Sky Mall in your /hotm!
09:55:53 [EMPTY]  
09:55:53 [STASH_COMPACT] §f               §7You have §310,595 §7materials stashed away!
09:55:53 [STASH_COMPACT] §f              §8(This totals 2 types of materials stashed!)
09:55:53 [STASH_COMPACT] §f                §3§l>>> §3§lCLICK HERE§b to pick them up! §3§l<<<
09:55:53 [EMPTY]   
09:56:53 [EMPTY]  
09:56:53 [STASH_COMPACT] §f               §7You have §310,595 §7materials stashed away!
09:56:53 [STASH_COMPACT] §f              §8(This totals 2 types of materials stashed!)
09:56:53 [STASH_COMPACT] §f                §3§l>>> §3§lCLICK HERE§b to pick them up! §3§l<<<
09:56:53 [EMPTY]   
09:57:53 [EMPTY]  
09:57:53 [STASH_COMPACT] §f               §7You have §310,595 §7materials stashed away!
09:57:53 [STASH_COMPACT] §f              §8(This totals 2 types of materials stashed!)
09:57:53 [STASH_COMPACT] §f                §3§l>>> §3§lCLICK HERE§b to pick them up! §3§l<<<
09:57:53 [EMPTY]   
09:58:54 [EMPTY]  
09:58:54 [STASH_COMPACT] §f               §7You have §310,595 §7materials stashed away!
09:58:54 [STASH_COMPACT] §f              §8(This totals 2 types of materials stashed!)
09:58:54 [STASH_COMPACT] §f                §3§l>>> §3§lCLICK HERE§b to pick them up! §3§l<<<
09:58:54 [EMPTY]   
09:59:54 [EMPTY]  
09:59:54 [STASH_COMPACT] §f               §7You have §310,595 §7materials stashed away!
09:59:54 [STASH_COMPACT] §f              §8(This totals 2 types of materials stashed!)
09:59:54 [STASH_COMPACT] §f                §3§l>>> §3§lCLICK HERE§b to pick them up! §3§l<<<
09:59:54 [EMPTY]   
10:00:54 [EMPTY]  
10:00:54 [STASH_COMPACT] §f               §7You have §310,595 §7materials stashed away!
10:00:54 [STASH_COMPACT] §f              §8(This totals 2 types of materials stashed!)
10:00:54 [STASH_COMPACT] §f                §3§l>>> §3§lCLICK HERE§b to pick them up! §3§l<<<
10:00:54 [EMPTY]   
10:01:54 [EMPTY]  
10:01:54 [STASH_COMPACT] §f               §7You have §310,595 §7materials stashed away!
10:01:54 [STASH_COMPACT] §f              §8(This totals 2 types of materials stashed!)
10:01:54 [STASH_COMPACT] §f                §3§l>>> §3§lCLICK HERE§b to pick them up! §3§l<<<
10:01:54 [EMPTY]   
10:02:54 [EMPTY]  
10:02:54 [STASH_COMPACT] §f               §7You have §310,595 §7materials stashed away!
10:02:54 [STASH_COMPACT] §f              §8(This totals 2 types of materials stashed!)
10:02:54 [STASH_COMPACT] §f                §3§l>>> §3§lCLICK HERE§b to pick them up! §3§l<<<
10:02:54 [EMPTY]   
10:03:55 [EMPTY]  
10:03:55 [STASH_COMPACT] §f               §7You have §310,595 §7materials stashed away!
10:03:55 [STASH_COMPACT] §f              §8(This totals 2 types of materials stashed!)
10:03:55 [STASH_COMPACT] §f                §3§l>>> §3§lCLICK HERE§b to pick them up! §3§l<<<
10:03:55 [EMPTY]   
10:04:55 [EMPTY]  
10:04:55 [STASH_COMPACT] §f               §7You have §310,595 §7materials stashed away!
10:04:55 [STASH_COMPACT] §f              §8(This totals 2 types of materials stashed!)
10:04:55 [STASH_COMPACT] §f                §3§l>>> §3§lCLICK HERE§b to pick them up! §3§l<<<
10:04:55 [EMPTY]   
10:05:55 [EMPTY]  
10:05:55 [STASH_COMPACT] §f               §7You have §310,595 §7materials stashed away!
10:05:55 [STASH_COMPACT] §f              §8(This totals 2 types of materials stashed!)
10:05:55 [STASH_COMPACT] §f                §3§l>>> §3§lCLICK HERE§b to pick them up! §3§l<<<
10:05:55 [EMPTY]   
10:06:55 [EMPTY]  
10:06:55 [STASH_COMPACT] §f               §7You have §310,595 §7materials stashed away!
10:06:55 [STASH_COMPACT] §f              §8(This totals 2 types of materials stashed!)
10:06:55 [STASH_COMPACT] §f                §3§l>>> §3§lCLICK HERE§b to pick them up! §3§l<<<
10:06:55 [EMPTY]   
10:07:55 [EMPTY]  
10:07:55 [STASH_COMPACT] §f               §7You have §310,595 §7materials stashed away!
10:07:55 [STASH_COMPACT] §f              §8(This totals 2 types of materials stashed!)
10:07:55 [STASH_COMPACT] §f                §3§l>>> §3§lCLICK HERE§b to pick them up! §3§l<<<
10:07:55 [EMPTY]   
10:08:55 [EMPTY]  
10:08:55 [STASH_COMPACT] §f               §7You have §310,595 §7materials stashed away!
10:08:55 [STASH_COMPACT] §f              §8(This totals 2 types of materials stashed!)
10:08:55 [STASH_COMPACT] §f                §3§l>>> §3§lCLICK HERE§b to pick them up! §3§l<<<
10:08:55 [EMPTY]   
10:09:55 [EMPTY]  
10:09:55 [STASH_COMPACT] §f               §7You have §310,595 §7materials stashed away!
10:09:55 [STASH_COMPACT] §f              §8(This totals 2 types of materials stashed!)
10:09:55 [STASH_COMPACT] §f                §3§l>>> §3§lCLICK HERE§b to pick them up! §3§l<<<
10:09:55 [EMPTY]   
10:10:55 [EMPTY]  
10:10:55 [STASH_COMPACT] §f               §7You have §310,595 §7materials stashed away!
10:10:55 [STASH_COMPACT] §f              §8(This totals 2 types of materials stashed!)
10:10:55 [STASH_COMPACT] §f                §3§l>>> §3§lCLICK HERE§b to pick them up! §3§l<<<
10:10:55 [EMPTY]   
10:11:55 [EMPTY]  
10:11:55 [STASH_COMPACT] §f               §7You have §310,595 §7materials stashed away!
10:11:55 [STASH_COMPACT] §f              §8(This totals 2 types of materials stashed!)
10:11:55 [STASH_COMPACT] §f                §3§l>>> §3§lCLICK HERE§b to pick them up! §3§l<<<
10:11:55 [EMPTY]   
10:12:56 [EMPTY]  
10:12:56 [STASH_COMPACT] §f               §7You have §310,595 §7materials stashed away!
10:12:56 [STASH_COMPACT] §f              §8(This totals 2 types of materials stashed!)
10:12:56 [STASH_COMPACT] §f                §3§l>>> §3§lCLICK HERE§b to pick them up! §3§l<<<
10:12:56 [EMPTY]   
10:13:56 [EMPTY]  
10:13:56 [STASH_COMPACT] §f               §7You have §310,595 §7materials stashed away!
10:13:56 [STASH_COMPACT] §f              §8(This totals 2 types of materials stashed!)
10:13:56 [STASH_COMPACT] §f                §3§l>>> §3§lCLICK HERE§b to pick them up! §3§l<<<
10:13:56 [EMPTY]   
10:14:56 [EMPTY]  
10:14:56 [STASH_COMPACT] §f               §7You have §310,595 §7materials stashed away!
10:14:56 [STASH_COMPACT] §f              §8(This totals 2 types of materials stashed!)
10:14:56 [STASH_COMPACT] §f                §3§l>>> §3§lCLICK HERE§b to pick them up! §3§l<<<
10:14:56 [EMPTY]   
10:15:00 [SKYMALL] §bNew day! §r§eYour §r§2Sky Mall §r§ebuff changed!
10:15:00 [SKYMALL] §eNew buff§r§r§r: §r§fGain §r§6+50☘ Mining Fortune§r§f.
10:15:00 [SKYMALL] §8§oYou can disable this messaging by toggling Sky Mall in your /hotm!
10:15:56 [EMPTY]  
10:15:56 [STASH_COMPACT] §f               §7You have §310,595 §7materials stashed away!
10:15:56 [STASH_COMPACT] §f              §8(This totals 2 types of materials stashed!)
10:15:56 [STASH_COMPACT] §f                §3§l>>> §3§lCLICK HERE§b to pick them up! §3§l<<<
10:15:56 [EMPTY]   
10:16:56 [EMPTY]  
10:16:56 [STASH_COMPACT] §f               §7You have §310,595 §7materials stashed away!
10:16:56 [STASH_COMPACT] §f              §8(This totals 2 types of materials stashed!)
10:16:56 [STASH_COMPACT] §f                §3§l>>> §3§lCLICK HERE§b to pick them up! §3§l<<<
10:16:56 [EMPTY]   
10:17:56 [EMPTY]  
10:17:56 [STASH_COMPACT] §f               §7You have §310,595 §7materials stashed away!
10:17:56 [STASH_COMPACT] §f              §8(This totals 2 types of materials stashed!)
10:17:56 [STASH_COMPACT] §f                §3§l>>> §3§lCLICK HERE§b to pick them up! §3§l<<<
10:17:56 [EMPTY]   
10:18:11 [EMPTY] §8 §r§8 §r§1 §r§3 §r§3 §r§7 §r§8 
10:18:15 [EMPTY]  
10:18:15 [STASH_COMPACT] §f               §7You have §310,595 §7materials stashed away!
10:18:15 [STASH_COMPACT] §f              §8(This totals 2 types of materials stashed!)
10:18:15 [STASH_COMPACT] §f                §3§l>>> §3§lCLICK HERE§b to pick them up! §3§l<<<
10:18:15 [EMPTY]   
10:18:57 [EMPTY]  
10:18:57 [STASH_COMPACT] §f               §7You have §310,595 §7materials stashed away!
10:18:57 [STASH_COMPACT] §f              §8(This totals 2 types of materials stashed!)
10:18:57 [STASH_COMPACT] §f                §3§l>>> §3§lCLICK HERE§b to pick them up! §3§l<<<
10:18:57 [EMPTY]   
10:19:57 [EMPTY]  
10:19:57 [STASH_COMPACT] §f               §7You have §310,595 §7materials stashed away!
10:19:57 [STASH_COMPACT] §f              §8(This totals 2 types of materials stashed!)
10:19:57 [STASH_COMPACT] §f                §3§l>>> §3§lCLICK HERE§b to pick them up! §3§l<<<
10:19:57 [EMPTY]   
10:20:58 [EMPTY]  
10:20:58 [STASH_COMPACT] §f               §7You have §310,595 §7materials stashed away!
10:20:58 [STASH_COMPACT] §f              §8(This totals 2 types of materials stashed!)
10:20:58 [STASH_COMPACT] §f                §3§l>>> §3§lCLICK HERE§b to pick them up! §3§l<<<
10:20:58 [EMPTY]   
10:21:58 [EMPTY]  
10:21:58 [STASH_COMPACT] §f               §7You have §310,595 §7materials stashed away!
10:21:58 [STASH_COMPACT] §f              §8(This totals 2 types of materials stashed!)
10:21:58 [STASH_COMPACT] §f                §3§l>>> §3§lCLICK HERE§b to pick them up! §3§l<<<
10:21:58 [EMPTY]   
10:22:58 [EMPTY]  
10:22:58 [STASH_COMPACT] §f               §7You have §310,595 §7materials stashed away!
10:22:58 [STASH_COMPACT] §f              §8(This totals 2 types of materials stashed!)
10:22:58 [STASH_COMPACT] §f                §3§l>>> §3§lCLICK HERE§b to pick them up! §3§l<<<
10:22:58 [EMPTY]   
10:23:58 [EMPTY]  
10:23:58 [STASH_COMPACT] §f               §7You have §310,595 §7materials stashed away!
10:23:58 [STASH_COMPACT] §f              §8(This totals 2 types of materials stashed!)
10:23:58 [STASH_COMPACT] §f                §3§l>>> §3§lCLICK HERE§b to pick them up! §3§l<<<
10:23:58 [EMPTY]   
10:24:59 [EMPTY]  
10:24:59 [STASH_COMPACT] §f               §7You have §310,595 §7materials stashed away!
10:24:59 [STASH_COMPACT] §f              §8(This totals 2 types of materials stashed!)
10:24:59 [STASH_COMPACT] §f                §3§l>>> §3§lCLICK HERE§b to pick them up! §3§l<<<
10:24:59 [EMPTY]   
10:25:59 [EMPTY]  
10:25:59 [STASH_COMPACT] §f               §7You have §310,595 §7materials stashed away!
10:25:59 [STASH_COMPACT] §f              §8(This totals 2 types of materials stashed!)
10:25:59 [STASH_COMPACT] §f                §3§l>>> §3§lCLICK HERE§b to pick them up! §3§l<<<
10:25:59 [EMPTY]   
10:26:59 [EMPTY]  
10:26:59 [STASH_COMPACT] §f               §7You have §310,595 §7materials stashed away!
10:26:59 [STASH_COMPACT] §f              §8(This totals 2 types of materials stashed!)
10:26:59 [STASH_COMPACT] §f                §3§l>>> §3§lCLICK HERE§b to pick them up! §3§l<<<
10:26:59 [EMPTY]   
10:27:59 [EMPTY]  
10:27:59 [STASH_COMPACT] §f               §7You have §310,595 §7materials stashed away!
10:27:59 [STASH_COMPACT] §f              §8(This totals 2 types of materials stashed!)
10:27:59 [STASH_COMPACT] §f                §3§l>>> §3§lCLICK HERE§b to pick them up! §3§l<<<
10:27:59 [EMPTY]   
10:28:20 [EMPTY] 
10:28:20 [EMPTY] §f                                        
10:28:20 [EMPTY] 
10:29:00 [EMPTY]  
10:29:00 [STASH_COMPACT] §f               §7You have §310,595 §7materials stashed away!
10:29:00 [STASH_COMPACT] §f              §8(This totals 2 types of materials stashed!)
10:29:00 [STASH_COMPACT] §f                §3§l>>> §3§lCLICK HERE§b to pick them up! §3§l<<<
10:29:00 [EMPTY]   
10:29:32 [EMPTY] §8 §r§8 §r§1 §r§3 §r§3 §r§7 §r§8 
10:29:36 [EMPTY]  
10:29:36 [STASH_COMPACT] §f               §7You have §310,595 §7materials stashed away!
10:29:36 [STASH_COMPACT] §f              §8(This totals 2 types of materials stashed!)
10:29:36 [STASH_COMPACT] §f                §3§l>>> §3§lCLICK HERE§b to pick them up! §3§l<<<
10:29:36 [EMPTY]   
10:29:44 [EMPTY] §8 §r§8 §r§1 §r§3 §r§3 §r§7 §r§8 
10:29:48 [EMPTY]  
10:29:48 [STASH_COMPACT] §f               §7You have §310,595 §7materials stashed away!
10:29:48 [STASH_COMPACT] §f              §8(This totals 2 types of materials stashed!)
10:29:48 [STASH_COMPACT] §f                §3§l>>> §3§lCLICK HERE§b to pick them up! §3§l<<<
10:29:48 [EMPTY]   
10:30:31 [EMPTY]  
10:30:31 [STASH_COMPACT] §f               §7You have §310,595 §7materials stashed away!
10:30:31 [STASH_COMPACT] §f              §8(This totals 2 types of materials stashed!)
10:30:31 [STASH_COMPACT] §f                §3§l>>> §3§lCLICK HERE§b to pick them up! §3§l<<<
10:30:31 [EMPTY]   
10:31:31 [EMPTY]  
10:31:31 [STASH_COMPACT] §f               §7You have §310,595 §7materials stashed away!
10:31:31 [STASH_COMPACT] §f              §8(This totals 2 types of materials stashed!)
10:31:31 [STASH_COMPACT] §f                §3§l>>> §3§lCLICK HERE§b to pick them up! §3§l<<<
10:31:31 [EMPTY]   
10:32:11 [EMPTY] 
10:32:11 [EMPTY] 
10:32:32 [EMPTY]  
10:32:32 [STASH_COMPACT] §f               §7You have §310,595 §7materials stashed away!
10:32:32 [STASH_COMPACT] §f              §8(This totals 2 types of materials stashed!)
10:32:32 [STASH_COMPACT] §f                §3§l>>> §3§lCLICK HERE§b to pick them up! §3§l<<<
10:32:32 [EMPTY]   
10:33:21 [EMPTY] 
10:33:21 [EMPTY] §f                                        
10:33:21 [EMPTY] 
10:33:32 [EMPTY]  
10:33:32 [STASH_COMPACT] §f               §7You have §310,595 §7materials stashed away!
10:33:32 [STASH_COMPACT] §f              §8(This totals 2 types of materials stashed!)
10:33:32 [STASH_COMPACT] §f                §3§l>>> §3§lCLICK HERE§b to pick them up! §3§l<<<
10:33:32 [EMPTY]   
10:34:26 [EMPTY] 
10:34:26 [EMPTY] 
10:34:26 [EMPTY]  
10:34:26 [BESTIARY] §f                                  §6§lBESTIARY
10:34:26 [BESTIARY] §f                           §b§lReindrake §7§8VI §8➡§b §bVII
10:34:26 [BESTIARY] 
10:34:26 [BESTIARY] §f                                  §r§6§lREWARDS
10:34:26 [BESTIARY] §f                        §r§8+§r§a3 Reindrake §r§b✯ Magic Find
10:34:26 [BESTIARY] §f                         §r§8+§r§a3 Reindrake §r§c❁ Strength
10:34:26 [BESTIARY] §f                            §r§8+§r§62% §r§aReindrake §r§7coins
10:34:26 [BESTIARY] §f                    §r§8+§r§a50% §r§7chance for extra XP orbs
10:34:26 [BESTIARY] §f                               §r§8+§r§b1 SkyBlock XP
10:34:26 [BESTIARY] 
10:34:26 [BESTIARY] §3§l▬▬▬▬▬▬▬▬▬▬▬▬▬▬▬▬▬▬▬▬▬▬▬▬▬▬▬▬▬▬▬▬▬▬▬▬▬▬▬▬▬▬▬▬▬▬▬▬▬▬▬▬▬▬▬▬▬▬▬▬▬▬▬▬
10:34:32 [EMPTY]  
10:34:32 [STASH_COMPACT] §f               §7You have §310,595 §7materials stashed away!
10:34:32 [STASH_COMPACT] §f              §8(This totals 2 types of materials stashed!)
10:34:32 [STASH_COMPACT] §f                §3§l>>> §3§lCLICK HERE§b to pick them up! §3§l<<<
10:34:32 [EMPTY]   
10:35:00 [SKYMALL] §bNew day! §r§eYour §r§2Sky Mall §r§ebuff changed!
10:35:00 [SKYMALL] §eNew buff§r§r§r: §r§fGain §r§6+100⸕ Mining Speed§r§f.
10:35:00 [SKYMALL] §8§oYou can disable this messaging by toggling Sky Mall in your /hotm!
10:35:33 [EMPTY]  
10:35:33 [STASH_COMPACT] §f               §7You have §310,595 §7materials stashed away!
10:35:33 [STASH_COMPACT] §f              §8(This totals 2 types of materials stashed!)
10:35:33 [STASH_COMPACT] §f                §3§l>>> §3§lCLICK HERE§b to pick them up! §3§l<<<
10:35:33 [EMPTY]   
10:36:33 [EMPTY]  
10:36:33 [STASH_COMPACT] §f               §7You have §310,595 §7materials stashed away!
10:36:33 [STASH_COMPACT] §f              §8(This totals 2 types of materials stashed!)
10:36:33 [STASH_COMPACT] §f                §3§l>>> §3§lCLICK HERE§b to pick them up! §3§l<<<
10:36:33 [EMPTY]   
10:37:34 [EMPTY]  
10:37:34 [STASH_COMPACT] §f               §7You have §310,595 §7materials stashed away!
10:37:34 [STASH_COMPACT] §f              §8(This totals 2 types of materials stashed!)
10:37:34 [STASH_COMPACT] §f                §3§l>>> §3§lCLICK HERE§b to pick them up! §3§l<<<
10:37:34 [EMPTY]   
10:38:00 [EMPTY] 
10:38:00 [EMPTY] 
10:38:00 [EMPTY] 
10:38:00 [EMPTY] 
10:38:34 [EMPTY]  
10:38:34 [STASH_COMPACT] §f               §7You have §310,595 §7materials stashed away!
10:38:34 [STASH_COMPACT] §f              §8(This totals 2 types of materials stashed!)
10:38:34 [STASH_COMPACT] §f                §3§l>>> §3§lCLICK HERE§b to pick them up! §3§l<<<
10:38:34 [EMPTY]   
10:39:35 [EMPTY]  
10:39:35 [STASH_COMPACT] §f               §7You have §310,595 §7materials stashed away!
10:39:35 [STASH_COMPACT] §f              §8(This totals 2 types of materials stashed!)
10:39:35 [STASH_COMPACT] §f                §3§l>>> §3§lCLICK HERE§b to pick them up! §3§l<<<
10:39:35 [EMPTY]   
10:40:35 [EMPTY]  
10:40:35 [STASH_COMPACT] §f               §7You have §310,595 §7materials stashed away!
10:40:35 [STASH_COMPACT] §f              §8(This totals 2 types of materials stashed!)
10:40:35 [STASH_COMPACT] §f                §3§l>>> §3§lCLICK HERE§b to pick them up! §3§l<<<
10:40:35 [EMPTY]   
10:41:35 [EMPTY]  
10:41:35 [STASH_COMPACT] §f               §7You have §310,595 §7materials stashed away!
10:41:35 [STASH_COMPACT] §f              §8(This totals 2 types of materials stashed!)
10:41:35 [STASH_COMPACT] §f                §3§l>>> §3§lCLICK HERE§b to pick them up! §3§l<<<
10:41:35 [EMPTY]   
10:42:35 [EMPTY]  
10:42:35 [STASH_COMPACT] §f               §7You have §310,595 §7materials stashed away!
10:42:35 [STASH_COMPACT] §f              §8(This totals 2 types of materials stashed!)
10:42:35 [STASH_COMPACT] §f                §3§l>>> §3§lCLICK HERE§b to pick them up! §3§l<<<
10:42:35 [EMPTY]   
10:43:35 [EMPTY]  
10:43:35 [STASH_COMPACT] §f               §7You have §310,595 §7materials stashed away!
10:43:35 [STASH_COMPACT] §f              §8(This totals 2 types of materials stashed!)
10:43:35 [STASH_COMPACT] §f                §3§l>>> §3§lCLICK HERE§b to pick them up! §3§l<<<
10:43:35 [EMPTY]   
10:44:36 [EMPTY]  
10:44:36 [STASH_COMPACT] §f               §7You have §310,595 §7materials stashed away!
10:44:36 [STASH_COMPACT] §f              §8(This totals 2 types of materials stashed!)
10:44:36 [STASH_COMPACT] §f                §3§l>>> §3§lCLICK HERE§b to pick them up! §3§l<<<
10:44:36 [EMPTY]   
10:45:01 [EMPTY] 
10:45:01 [EMPTY] 
10:45:36 [EMPTY]  
10:45:36 [STASH_COMPACT] §f               §7You have §310,595 §7materials stashed away!
10:45:36 [STASH_COMPACT] §f              §8(This totals 2 types of materials stashed!)
10:45:36 [STASH_COMPACT] §f                §3§l>>> §3§lCLICK HERE§b to pick them up! §3§l<<<
10:45:36 [EMPTY]   
10:46:36 [EMPTY]  
10:46:36 [STASH_COMPACT] §f               §7You have §310,595 §7materials stashed away!
10:46:36 [STASH_COMPACT] §f              §8(This totals 2 types of materials stashed!)
10:46:36 [STASH_COMPACT] §f                §3§l>>> §3§lCLICK HERE§b to pick them up! §3§l<<<
10:46:36 [EMPTY]   
10:47:36 [EMPTY]  
10:47:36 [STASH_COMPACT] §f               §7You have §310,595 §7materials stashed away!
10:47:36 [STASH_COMPACT] §f              §8(This totals 2 types of materials stashed!)
10:47:36 [STASH_COMPACT] §f                §3§l>>> §3§lCLICK HERE§b to pick them up! §3§l<<<
10:47:36 [EMPTY]   
10:48:37 [EMPTY]  
10:48:37 [STASH_COMPACT] §f               §7You have §310,595 §7materials stashed away!
10:48:37 [STASH_COMPACT] §f              §8(This totals 2 types of materials stashed!)
10:48:37 [STASH_COMPACT] §f                §3§l>>> §3§lCLICK HERE§b to pick them up! §3§l<<<
10:48:37 [EMPTY]   
10:49:37 [EMPTY]  
10:49:37 [STASH_COMPACT] §f               §7You have §310,595 §7materials stashed away!
10:49:37 [STASH_COMPACT] §f              §8(This totals 2 types of materials stashed!)
10:49:37 [STASH_COMPACT] §f                §3§l>>> §3§lCLICK HERE§b to pick them up! §3§l<<<
10:49:37 [EMPTY]   
10:50:05 [EMPTY] 
10:50:05 [EMPTY] 
10:50:05 [EMPTY] 
10:50:05 [EMPTY] 
10:50:38 [EMPTY]  
10:50:38 [STASH_COMPACT] §f               §7You have §310,595 §7materials stashed away!
10:50:38 [STASH_COMPACT] §f              §8(This totals 2 types of materials stashed!)
10:50:38 [STASH_COMPACT] §f                §3§l>>> §3§lCLICK HERE§b to pick them up! §3§l<<<
10:50:38 [EMPTY]   
10:51:38 [EMPTY]  
10:51:38 [STASH_COMPACT] §f               §7You have §310,595 §7materials stashed away!
10:51:38 [STASH_COMPACT] §f              §8(This totals 2 types of materials stashed!)
10:51:38 [STASH_COMPACT] §f                §3§l>>> §3§lCLICK HERE§b to pick them up! §3§l<<<
10:51:38 [EMPTY]   
10:52:38 [EMPTY]  
10:52:38 [STASH_COMPACT] §f               §7You have §310,595 §7materials stashed away!
10:52:38 [STASH_COMPACT] §f              §8(This totals 2 types of materials stashed!)
10:52:38 [STASH_COMPACT] §f                §3§l>>> §3§lCLICK HERE§b to pick them up! §3§l<<<
10:52:38 [EMPTY]   
10:53:38 [EMPTY]  
10:53:38 [STASH_COMPACT] §f               §7You have §310,595 §7materials stashed away!
10:53:38 [STASH_COMPACT] §f              §8(This totals 2 types of materials stashed!)
10:53:38 [STASH_COMPACT] §f                §3§l>>> §3§lCLICK HERE§b to pick them up! §3§l<<<
10:53:38 [EMPTY]   
10:54:39 [EMPTY]  
10:54:39 [STASH_COMPACT] §f               §7You have §310,595 §7materials stashed away!
10:54:39 [STASH_COMPACT] §f              §8(This totals 2 types of materials stashed!)
10:54:39 [STASH_COMPACT] §f                §3§l>>> §3§lCLICK HERE§b to pick them up! §3§l<<<
10:54:39 [EMPTY]   
10:55:01 [SKYMALL] §bNew day! §r§eYour §r§2Sky Mall §r§ebuff changed!
10:55:01 [SKYMALL] §eNew buff§r§r§r: §r§fGain §r§a+15% §r§fmore Powder while mining.
10:55:01 [SKYMALL] §8§oYou can disable this messaging by toggling Sky Mall in your /hotm!
10:55:39 [EMPTY]  
10:55:39 [STASH_COMPACT] §f               §7You have §310,595 §7materials stashed away!
10:55:39 [STASH_COMPACT] §f              §8(This totals 2 types of materials stashed!)
10:55:39 [STASH_COMPACT] §f                §3§l>>> §3§lCLICK HERE§b to pick them up! §3§l<<<
10:55:39 [EMPTY]   
10:56:39 [EMPTY]  
10:56:39 [STASH_COMPACT] §f               §7You have §310,595 §7materials stashed away!
10:56:39 [STASH_COMPACT] §f              §8(This totals 2 types of materials stashed!)
10:56:39 [STASH_COMPACT] §f                §3§l>>> §3§lCLICK HERE§b to pick them up! §3§l<<<
10:56:39 [EMPTY]   
10:56:40 [EMPTY] 
10:56:40 [EMPTY] 
10:57:39 [EMPTY]  
10:57:39 [STASH_COMPACT] §f               §7You have §310,595 §7materials stashed away!
10:57:39 [STASH_COMPACT] §f              §8(This totals 2 types of materials stashed!)
10:57:39 [STASH_COMPACT] §f                §3§l>>> §3§lCLICK HERE§b to pick them up! §3§l<<<
10:57:39 [EMPTY]   
10:58:39 [EMPTY]  
10:58:39 [STASH_COMPACT] §f               §7You have §310,595 §7materials stashed away!
10:58:39 [STASH_COMPACT] §f              §8(This totals 2 types of materials stashed!)
10:58:39 [STASH_COMPACT] §f                §3§l>>> §3§lCLICK HERE§b to pick them up! §3§l<<<
10:58:39 [EMPTY]   
10:59:40 [EMPTY]  
10:59:40 [STASH_COMPACT] §f               §7You have §310,595 §7materials stashed away!
10:59:40 [STASH_COMPACT] §f              §8(This totals 2 types of materials stashed!)
10:59:40 [STASH_COMPACT] §f                §3§l>>> §3§lCLICK HERE§b to pick them up! §3§l<<<
10:59:40 [EMPTY]   
11:00:20 [EMPTY] §f
11:00:20 [EMPTY] §c
11:00:40 [EMPTY]  
11:00:40 [STASH_COMPACT] §f               §7You have §310,595 §7materials stashed away!
11:00:40 [STASH_COMPACT] §f              §8(This totals 2 types of materials stashed!)
11:00:40 [STASH_COMPACT] §f                §3§l>>> §3§lCLICK HERE§b to pick them up! §3§l<<<
11:00:40 [EMPTY]   
11:01:07 [EMPTY] 
11:01:07 [EMPTY] 
11:01:07 [EMPTY] 
11:01:07 [EMPTY] 
11:01:40 [EMPTY]  
11:01:40 [STASH_COMPACT] §f               §7You have §310,595 §7materials stashed away!
11:01:40 [STASH_COMPACT] §f              §8(This totals 2 types of materials stashed!)
11:01:40 [STASH_COMPACT] §f                §3§l>>> §3§lCLICK HERE§b to pick them up! §3§l<<<
11:01:40 [EMPTY]   
11:02:41 [EMPTY]  
11:02:41 [STASH_COMPACT] §f               §7You have §310,595 §7materials stashed away!
11:02:41 [STASH_COMPACT] §f              §8(This totals 2 types of materials stashed!)
11:02:41 [STASH_COMPACT] §f                §3§l>>> §3§lCLICK HERE§b to pick them up! §3§l<<<
11:02:41 [EMPTY]   
11:03:41 [EMPTY]  
11:03:41 [STASH_COMPACT] §f               §7You have §310,595 §7materials stashed away!
11:03:41 [STASH_COMPACT] §f              §8(This totals 2 types of materials stashed!)
11:03:41 [STASH_COMPACT] §f                §3§l>>> §3§lCLICK HERE§b to pick them up! §3§l<<<
11:03:41 [EMPTY]   
11:04:21 [EMPTY] 
11:04:21 [EMPTY] 
11:04:21 [EMPTY] 
11:04:21 [EMPTY] 
11:04:41 [EMPTY]  
11:04:41 [STASH_COMPACT] §f               §7You have §310,595 §7materials stashed away!
11:04:41 [STASH_COMPACT] §f              §8(This totals 2 types of materials stashed!)
11:04:41 [STASH_COMPACT] §f                §3§l>>> §3§lCLICK HERE§b to pick them up! §3§l<<<
11:04:41 [EMPTY]   
11:05:41 [EMPTY]  
11:05:41 [STASH_COMPACT] §f               §7You have §310,595 §7materials stashed away!
11:05:41 [STASH_COMPACT] §f              §8(This totals 2 types of materials stashed!)
11:05:41 [STASH_COMPACT] §f                §3§l>>> §3§lCLICK HERE§b to pick them up! §3§l<<<
11:05:41 [EMPTY]   
11:06:42 [EMPTY]  
11:06:42 [STASH_COMPACT] §f               §7You have §310,595 §7materials stashed away!
11:06:42 [STASH_COMPACT] §f              §8(This totals 2 types of materials stashed!)
11:06:42 [STASH_COMPACT] §f                §3§l>>> §3§lCLICK HERE§b to pick them up! §3§l<<<
11:06:42 [EMPTY]   
11:06:58 [EMPTY] §8 §r§8 §r§1 §r§3 §r§3 §r§7 §r§8 
11:07:01 [EMPTY]  
11:07:01 [STASH_COMPACT] §f               §7You have §310,595 §7materials stashed away!
11:07:01 [STASH_COMPACT] §f              §8(This totals 2 types of materials stashed!)
11:07:01 [STASH_COMPACT] §f                §3§l>>> §3§lCLICK HERE§b to pick them up! §3§l<<<
11:07:01 [EMPTY]   
11:07:02 [EMPTY]  
11:07:02 [STASH_COMPACT] §f               §7You have §310,595 §7materials stashed away!
11:07:02 [STASH_COMPACT] §f              §8(This totals 2 types of materials stashed!)
11:07:02 [STASH_COMPACT] §f                §3§l>>> §3§lCLICK HERE§b to pick them up! §3§l<<<
11:07:02 [EMPTY]   
11:08:02 [EMPTY]  
11:08:02 [STASH_COMPACT] §f               §7You have §310,595 §7materials stashed away!
11:08:02 [STASH_COMPACT] §f              §8(This totals 2 types of materials stashed!)
11:08:02 [STASH_COMPACT] §f                §3§l>>> §3§lCLICK HERE§b to pick them up! §3§l<<<
11:08:02 [EMPTY]   
11:09:03 [EMPTY]  
11:09:03 [STASH_COMPACT] §f               §7You have §310,595 §7materials stashed away!
11:09:03 [STASH_COMPACT] §f              §8(This totals 2 types of materials stashed!)
11:09:03 [STASH_COMPACT] §f                §3§l>>> §3§lCLICK HERE§b to pick them up! §3§l<<<
11:09:03 [EMPTY]   
11:10:03 [EMPTY]  
11:10:03 [STASH_COMPACT] §f               §7You have §310,595 §7materials stashed away!
11:10:03 [STASH_COMPACT] §f              §8(This totals 2 types of materials stashed!)
11:10:03 [STASH_COMPACT] §f                §3§l>>> §3§lCLICK HERE§b to pick them up! §3§l<<<
11:10:03 [EMPTY]   
11:11:03 [EMPTY]  
11:11:03 [STASH_COMPACT] §f               §7You have §310,595 §7materials stashed away!
11:11:03 [STASH_COMPACT] §f              §8(This totals 2 types of materials stashed!)
11:11:03 [STASH_COMPACT] §f                §3§l>>> §3§lCLICK HERE§b to pick them up! §3§l<<<
11:11:03 [EMPTY]   
11:12:03 [EMPTY]  
11:12:03 [STASH_COMPACT] §f               §7You have §310,595 §7materials stashed away!
11:12:03 [STASH_COMPACT] §f              §8(This totals 2 types of materials stashed!)
11:12:03 [STASH_COMPACT] §f                §3§l>>> §3§lCLICK HERE§b to pick them up! §3§l<<<
11:12:03 [EMPTY]   
11:13:03 [EMPTY]  
11:13:03 [STASH_COMPACT] §f               §7You have §310,595 §7materials stashed away!
11:13:03 [STASH_COMPACT] §f              §8(This totals 2 types of materials stashed!)
11:13:03 [STASH_COMPACT] §f                §3§l>>> §3§lCLICK HERE§b to pick them up! §3§l<<<
11:13:03 [EMPTY]   
11:14:04 [EMPTY]  
11:14:04 [STASH_COMPACT] §f               §7You have §310,595 §7materials stashed away!
11:14:04 [STASH_COMPACT] §f              §8(This totals 2 types of materials stashed!)
11:14:04 [STASH_COMPACT] §f                §3§l>>> §3§lCLICK HERE§b to pick them up! §3§l<<<
11:14:04 [EMPTY]   
11:14:17 [EMPTY] §8 §r§8 §r§1 §r§3 §r§3 §r§7 §r§8 
11:14:21 [EMPTY]  
11:14:21 [STASH_COMPACT] §f               §7You have §310,595 §7materials stashed away!
11:14:21 [STASH_COMPACT] §f              §8(This totals 2 types of materials stashed!)
11:14:21 [STASH_COMPACT] §f                §3§l>>> §3§lCLICK HERE§b to pick them up! §3§l<<<
11:14:21 [EMPTY]   
11:14:42 [EMPTY] §8 §r§8 §r§1 §r§3 §r§3 §r§7 §r§8 
11:14:46 [EMPTY]  
11:14:46 [STASH_COMPACT] §f               §7You have §310,595 §7materials stashed away!
11:14:46 [STASH_COMPACT] §f              §8(This totals 2 types of materials stashed!)
11:14:46 [STASH_COMPACT] §f                §3§l>>> §3§lCLICK HERE§b to pick them up! §3§l<<<
11:14:46 [EMPTY]   
11:14:56 [EMPTY] §8 §r§8 §r§1 §r§3 §r§3 §r§7 §r§8 
11:15:00 [EMPTY]  
11:15:00 [STASH_COMPACT] §f               §7You have §310,595 §7materials stashed away!
11:15:00 [STASH_COMPACT] §f              §8(This totals 2 types of materials stashed!)
11:15:00 [STASH_COMPACT] §f                §3§l>>> §3§lCLICK HERE§b to pick them up! §3§l<<<
11:15:00 [EMPTY]   
11:15:05 [SKYMALL] §bNew day! §r§eYour §r§2Sky Mall §r§ebuff changed!
11:15:05 [SKYMALL] §eNew buff§r§r§r: §r§fGain §r§6+50☘ Mining Fortune§r§f.
11:15:05 [SKYMALL] §8§oYou can disable this messaging by toggling Sky Mall in your /hotm!
11:15:12 [EMPTY] §8 §r§8 §r§1 §r§3 §r§3 §r§7 §r§8 
11:15:15 [EMPTY]  
11:15:15 [STASH_COMPACT] §f               §7You have §310,595 §7materials stashed away!
11:15:15 [STASH_COMPACT] §f              §8(This totals 2 types of materials stashed!)
11:15:15 [STASH_COMPACT] §f                §3§l>>> §3§lCLICK HERE§b to pick them up! §3§l<<<
11:15:15 [EMPTY]   
11:15:15 [EMPTY]  
11:15:15 [STASH_COMPACT] §f               §7You have §310,595 §7materials stashed away!
11:15:15 [STASH_COMPACT] §f              §8(This totals 2 types of materials stashed!)
11:15:15 [STASH_COMPACT] §f                §3§l>>> §3§lCLICK HERE§b to pick them up! §3§l<<<
11:15:15 [EMPTY]   
11:16:15 [EMPTY]  
11:16:15 [STASH_COMPACT] §f               §7You have §310,595 §7materials stashed away!
11:16:15 [STASH_COMPACT] §f              §8(This totals 2 types of materials stashed!)
11:16:15 [STASH_COMPACT] §f                §3§l>>> §3§lCLICK HERE§b to pick them up! §3§l<<<
11:16:15 [EMPTY]   
11:17:16 [EMPTY]  
11:17:16 [STASH_COMPACT] §f               §7You have §310,595 §7materials stashed away!
11:17:16 [STASH_COMPACT] §f              §8(This totals 2 types of materials stashed!)
11:17:16 [STASH_COMPACT] §f                §3§l>>> §3§lCLICK HERE§b to pick them up! §3§l<<<
11:17:16 [EMPTY]   
11:18:16 [EMPTY]  
11:18:16 [STASH_COMPACT] §f               §7You have §310,595 §7materials stashed away!
11:18:16 [STASH_COMPACT] §f              §8(This totals 2 types of materials stashed!)
11:18:16 [STASH_COMPACT] §f                §3§l>>> §3§lCLICK HERE§b to pick them up! §3§l<<<
11:18:16 [EMPTY]   
11:18:20 [EMPTY] 
11:18:22 [EMPTY] 
11:18:22 [EMPTY] 
11:18:41 [EMPTY] §8 §r§8 §r§1 §r§3 §r§3 §r§7 §r§8 
11:18:45 [EMPTY]  
11:18:45 [STASH_COMPACT] §f               §7You have §310,595 §7materials stashed away!
11:18:45 [STASH_COMPACT] §f              §8(This totals 2 types of materials stashed!)
11:18:45 [STASH_COMPACT] §f                §3§l>>> §3§lCLICK HERE§b to pick them up! §3§l<<<
11:18:45 [EMPTY]   
11:19:33 [EMPTY]  
11:19:33 [STASH_COMPACT] §f               §7You have §310,595 §7materials stashed away!
11:19:33 [STASH_COMPACT] §f              §8(This totals 2 types of materials stashed!)
11:19:33 [STASH_COMPACT] §f                §3§l>>> §3§lCLICK HERE§b to pick them up! §3§l<<<
11:19:33 [EMPTY]   
11:20:08 [EMPTY] §8 §r§8 §r§1 §r§3 §r§3 §r§7 §r§8 
11:20:12 [EMPTY]  
11:20:12 [STASH_COMPACT] §f               §7You have §310,595 §7materials stashed away!
11:20:12 [STASH_COMPACT] §f              §8(This totals 2 types of materials stashed!)
11:20:12 [STASH_COMPACT] §f                §3§l>>> §3§lCLICK HERE§b to pick them up! §3§l<<<
11:20:12 [EMPTY]   
11:20:29 [EMPTY]  
11:20:29 [STASH_COMPACT] §f               §7You have §310,595 §7materials stashed away!
11:20:29 [STASH_COMPACT] §f              §8(This totals 2 types of materials stashed!)
11:20:29 [STASH_COMPACT] §f                §3§l>>> §3§lCLICK HERE§b to pick them up! §3§l<<<
11:20:29 [EMPTY]   
11:21:30 [EMPTY]  
11:21:30 [STASH_COMPACT] §f               §7You have §310,595 §7materials stashed away!
11:21:30 [STASH_COMPACT] §f              §8(This totals 2 types of materials stashed!)
11:21:30 [STASH_COMPACT] §f                §3§l>>> §3§lCLICK HERE§b to pick them up! §3§l<<<
11:21:30 [EMPTY]   
11:22:30 [EMPTY]  
11:22:30 [STASH_COMPACT] §f               §7You have §310,595 §7materials stashed away!
11:22:30 [STASH_COMPACT] §f              §8(This totals 2 types of materials stashed!)
11:22:30 [STASH_COMPACT] §f                §3§l>>> §3§lCLICK HERE§b to pick them up! §3§l<<<
11:22:30 [EMPTY]   
11:23:31 [EMPTY]  
11:23:31 [STASH_COMPACT] §f               §7You have §310,595 §7materials stashed away!
11:23:31 [STASH_COMPACT] §f              §8(This totals 2 types of materials stashed!)
11:23:31 [STASH_COMPACT] §f                §3§l>>> §3§lCLICK HERE§b to pick them up! §3§l<<<
11:23:31 [EMPTY]   
