02:07:00 §f §r§r§r§f §r§r§r§1 §r§r§r§0 §r§r§r§2 §r§r§r§f §r§r§r§f §r§r§r§2 §r§r§r§0 §r§r§r§4 §r§r§r§3 §r§r§r§9 §r§r§r§2 §r§r§r§0 §r§r§r§0 §r§r§r§3 §r§r§r§9 §r§r§r§2 §r§r§r§0 §r§r§r§0 §r§r§r§3 §r§r§r§9 §r§r§r§2 §r§r§r§0 §r§r§r§0 
02:07:00 
02:07:39 §8 §r§8 §r§1 §r§3 §r§3 §r§7 §r§8 
02:07:41 
02:07:41 
02:07:43  
02:07:43   
02:07:49 
02:07:49 
02:07:58 §8 §r§8 §r§1 §r§3 §r§3 §r§7 §r§8 
02:08:01  
02:08:01   
02:08:41  
02:08:41   
02:09:41  
02:09:41   
02:10:37 §8 §r§8 §r§1 §r§3 §r§3 §r§7 §r§8 
02:10:40  
02:10:40   
02:10:41  
02:10:41   
02:11:42  
02:11:42   
02:12:42  
02:12:42   
02:13:42  
02:13:42   
02:14:42  
02:14:42   
02:14:45 §8 §r§8 §r§1 §r§3 §r§3 §r§7 §r§8 
02:14:48  
02:14:48   
02:15:31  
02:15:31   
02:16:31  
02:16:31   
02:17:32  
02:17:32   
02:17:59  
02:17:59  
02:18:33  
02:18:33   
02:19:34  
02:19:34   
02:20:35  
02:20:35   
02:21:36  
02:21:36   
02:22:24 §8 §r§8 §r§1 §r§3 §r§3 §r§7 §r§8 
02:22:28  
02:22:28   
02:22:29  
02:22:29   
02:23:27 §8 §r§8 §r§1 §r§3 §r§3 §r§7 §r§8 
02:23:30  
02:23:30   
02:23:49  
02:23:49   
02:24:51  
02:24:51   
02:25:52  
02:25:52   
02:26:48 §8 §r§8 §r§1 §r§3 §r§3 §r§7 §r§8 
02:26:52  
02:26:52   
02:26:56 §8 §r§8 §r§1 §r§3 §r§3 §r§7 §r§8 
02:26:59  
02:26:59   
02:26:59  
02:26:59   
02:27:59  
02:27:59   
02:28:00 §8 §r§8 §r§1 §r§3 §r§3 §r§7 §r§8 
02:28:04  
02:28:04   
02:28:32 §8 §r§8 §r§1 §r§3 §r§3 §r§7 §r§8 
02:28:36  
02:28:36   
02:28:42 §8 §r§8 §r§1 §r§3 §r§3 §r§7 §r§8 
02:28:45  
02:28:45   
02:28:45  
02:28:45   
02:29:45  
02:29:45   
02:30:46  
02:30:46   
02:31:49  
02:31:49   
02:32:25 §8 §r§8 §r§1 §r§3 §r§3 §r§7 §r§8 
02:32:29  
02:32:29   
02:32:48 §8 §r§8 §r§1 §r§3 §r§3 §r§7 §r§8 
02:32:51  
02:32:51   
02:32:51  
02:32:51   
02:33:52  
02:33:52   
02:34:52 
02:34:54 
02:34:54 
02:35:03 §8 §r§8 §r§1 §r§3 §r§3 §r§7 §r§8 
02:35:06  
02:35:06   
02:35:37  
02:35:37   
02:36:37  
02:36:37   
02:37:38  
02:37:38   
02:38:39  
02:38:39   
02:39:16 §8 §r§8 §r§1 §r§3 §r§3 §r§7 §r§8 
02:39:19  
02:39:19   
02:39:20  
02:39:20   
02:40:20  
02:40:20   
02:40:56 
02:40:58 
02:40:58 
02:41:03 §8 §r§8 §r§1 §r§3 §r§3 §r§7 §r§8 
02:41:07  
02:41:07   
02:41:07  
02:41:07   
02:41:16 §8 §r§8 §r§1 §r§3 §r§3 §r§7 §r§8 
02:41:19  
02:41:19   
02:41:38  
02:41:38   
02:42:38  
02:42:38   
02:43:38  
02:43:38   
02:44:39  
02:44:39   
02:45:39  
02:45:39   
02:46:39  
02:46:39   
02:47:39  
02:47:39   
02:48:40  
02:48:40   
02:49:13 §8 §r§8 §r§1 §r§3 §r§3 §r§7 §r§8 
02:49:17  
02:49:17   
02:49:19  
02:49:19   
02:49:35 §8 §r§8 §r§1 §r§3 §r§3 §r§7 §r§8 
02:49:39  
02:49:39   
02:49:40 §8 §r§8 §r§1 §r§3 §r§3 §r§7 §r§8 
02:49:43  
02:49:43   
02:50:13  
02:50:13   
02:50:45 
02:51:14  
02:51:14   
02:51:29 §8 §r§8 §r§1 §r§3 §r§3 §r§7 §r§8 
02:51:32  
02:51:32   
02:51:33 §8 §r§8 §r§1 §r§3 §r§3 §r§7 §r§8 
02:51:37  
02:51:37   
02:52:01 §f                                        
02:52:09 §8 §r§8 §r§1 §r§3 §r§3 §r§7 §r§8 
02:52:12  
02:52:12   
02:52:13  
02:52:13   
02:52:18 §8 §r§8 §r§1 §r§3 §r§3 §r§7 §r§8 
02:52:21  
02:52:21   
02:52:46 
02:53:02  
02:53:02   
02:53:34 
02:54:03  
02:54:03   
02:55:05  
02:55:05   
02:56:06  
02:56:06   
02:57:06  
02:57:06   
02:58:07  
02:58:07   
02:59:08  
02:59:08   
03:00:08  
03:00:08   
03:00:22 §f
03:00:22 §c
03:01:09  
03:01:09   
03:02:09  
03:02:09   
03:03:10  
03:03:10   
03:04:11  
03:04:11   
03:05:11  
03:05:11   
03:05:17 
03:06:12  
03:06:12   
03:07:06 §f                                        
03:07:12  
03:07:12   
03:08:13  
03:08:13   
03:09:13  
03:09:13   
03:10:14  
03:10:14   
03:11:15  
03:11:15   
03:12:16  
03:12:16   
03:13:17  
03:13:17   
03:14:18  
03:14:18   
03:15:19  
03:15:19   
03:16:20  
03:16:20   
03:17:21  
03:17:21   
03:18:22  
03:18:22   
03:19:23  
03:19:23   
03:20:24  
03:20:24   
03:21:25  
03:21:25   
03:22:27  
03:22:27   
03:23:28  
03:23:28   
03:24:29  
03:24:29   
03:25:24 
03:25:31  
03:25:31   
03:26:32  
03:26:32   
03:27:02 §f                                        
03:27:33  
03:27:33   
03:28:34  
03:28:34   
03:29:36  
03:29:36   
03:30:37  
03:30:37   
03:31:38  
03:31:38   
03:32:39  
03:32:39   
03:33:41  
03:33:41   
03:34:42  
03:34:42   
03:35:43  
03:35:43   
03:36:44  
03:36:44   
03:37:46  
03:37:46   
03:38:47  
03:38:47   
03:39:48  
03:39:48   
03:40:50  
03:40:50   
03:41:51  
03:41:51   
03:42:21 
03:42:52  
03:42:52   
03:43:53  
03:43:53   
03:44:54  
03:44:54   
03:45:55  
03:45:55   
03:46:56  
03:46:56   
03:47:02 §f                                        
03:47:57  
03:47:57   
03:48:59  
03:48:59   
03:50:00  
03:50:00   
03:51:02  
03:51:02   
03:52:03  
03:52:03   
03:53:05  
03:53:05   
03:54:06  
03:54:06   
03:55:07  
03:55:07   
03:56:09  
03:56:09   
03:57:10  
03:57:10   
03:58:11  
03:58:11   
03:59:12  
03:59:12   
04:00:14  
04:00:14   
04:01:15  
04:01:15   
04:02:16  
04:02:16   
04:02:22 
04:03:18  
04:03:18   
04:04:19  
04:04:19   
04:05:20  
04:05:20   
04:05:34 §f
04:05:34 §f
04:05:34 §f
04:05:34 §f
04:06:21  
04:06:21   
04:07:03 §f                                        
04:07:22  
04:07:22   
04:08:23  
04:08:23   
04:09:23  
04:09:23   
04:10:24  
04:10:24   
04:11:25  
04:11:25   
04:12:25  
04:12:25   
04:12:31  
04:13:26  
04:13:26   
04:14:27  
04:14:27   
04:15:28  
04:15:28   
04:16:28  
04:16:28   
04:17:28  
04:17:28   
04:18:29  
04:18:29   
04:19:30  
04:19:30   
04:20:30  
04:20:30   
04:21:31  
04:21:31   
04:22:31  
04:22:31   
04:22:49 
04:23:32  
04:23:32   
04:24:32  
04:24:32   
04:25:14 
04:25:32  
04:25:32   
04:26:32  
04:26:32   
04:27:02 §f                                        
04:27:33  
04:27:33   
04:28:33  
04:28:33   
04:29:33  
04:29:33   
04:30:33  
04:30:33   
04:31:34  
04:31:34   
04:32:34  
04:32:34   
04:33:34  
04:33:34   
04:34:34  
04:34:34   
04:35:35  
04:35:35   
04:36:35  
04:36:35   
04:37:35  
04:37:35   
04:38:35  
04:38:35   
04:39:36  
04:39:36   
04:40:36  
04:40:36   
04:41:36  
04:41:36   
04:42:36  
04:42:36   
04:43:36  
04:43:36   
04:44:37  
04:44:37   
04:45:07 
04:45:37  
04:45:37   
04:46:37  
04:46:37   
04:47:07 §f                                        
04:47:37  
04:47:37   
04:48:37  
04:48:37   
04:49:38  
04:49:38   
04:50:38  
04:50:38   
04:51:38  
04:51:38   
04:52:38  
04:52:38   
04:53:39  
04:53:39   
04:54:39  
04:54:39   
04:55:39  
04:55:39   
04:56:39  
04:56:39   
04:57:39  
04:57:39   
04:58:40  
04:58:40   
04:59:40  
04:59:40   
05:00:22 §f
05:00:22 §c
05:00:40  
05:00:40   
05:01:40  
05:01:40   
05:02:41  
05:02:41   
05:03:41  
05:03:41   
05:04:41  
05:04:41   
05:05:11 
05:05:41  
05:05:41   
05:06:41  
05:06:41   
05:07:11 §f                                        
05:07:41  
05:07:41   
05:08:42  
05:08:42   
05:09:42  
05:09:42   
05:10:42  
05:10:42   
05:11:42  
05:11:42   
05:12:42  
05:12:42   
05:13:42  
05:13:42   
05:14:42  
05:14:42   
05:15:43  
05:15:43   
05:16:43  
05:16:43   
05:17:43  
05:17:43   
05:18:43  
05:18:43   
05:19:43  
05:19:43   
05:20:43  
05:20:43   
05:21:43  
05:21:43   
05:22:44  
05:22:44   
05:23:44  
05:23:44   
05:24:44  
05:24:44   
05:25:14 
05:25:44  
05:25:44   
05:26:44  
05:26:44   
05:27:02 §f                                        
05:27:44  
05:27:44   
05:28:44  
05:28:44   
05:29:45  
05:29:45   
05:30:45  
05:30:45   
05:31:45  
05:31:45   
05:32:45  
05:32:45   
05:33:45  
05:33:45   
05:34:45  
05:34:45   
05:35:46  
05:35:46   
05:36:46  
05:36:46   
05:37:46  
05:37:46   
05:38:46  
05:38:46   
05:39:46  
05:39:46   
05:40:46  
05:40:46   
05:41:46  
05:41:46   
05:42:47  
05:42:47   
05:43:47  
05:43:47   
05:44:47  
05:44:47   
05:45:05 
05:45:47  
05:45:47   
05:46:47  
05:46:47   
05:47:05 §f                                        
05:47:47  
05:47:47   
05:48:48  
05:48:48   
05:49:48  
05:49:48   
05:50:48  
05:50:48   
05:51:48  
05:51:48   
05:52:48  
05:52:48   
05:53:48  
05:53:48   
05:54:48  
05:54:48   
05:55:34 §8 §r§8 §r§1 §r§3 §r§3 §r§7 §r§8 
05:55:38  
05:55:38   
05:55:38  
05:55:38   
05:56:39  
05:56:39   
05:57:39  
05:57:39   
05:58:39  
05:58:39   
05:59:40  
05:59:40   
06:00:20 §8 §r§8 §r§1 §r§3 §r§3 §r§7 §r§8 
06:00:24  
06:00:24   
06:00:28 
06:00:28 
06:00:29  
06:00:29   
06:01:30  
06:01:30   
06:02:31  
06:02:31   
06:03:31  
06:03:31   
06:04:32  
06:04:32   
06:05:33  
06:05:33   
06:06:34  
06:06:34   
06:07:34  
06:07:34   
06:08:35  
06:08:35   
06:09:36  
06:09:36   
06:10:37  
06:10:37   
06:11:38  
06:11:38   
06:12:38  
06:12:38   
06:13:39  
06:13:39   
06:14:40  
06:14:40   
06:15:41  
06:15:41   
06:16:41  
06:16:41   
06:17:41 
06:17:41 
06:17:42  
06:17:42   
06:18:43  
06:18:43   
06:19:43  
06:19:43   
06:20:44 
06:20:44 
06:20:44  
06:20:44   
06:21:45  
06:21:45   
