22:36:43 §f §r§r§r§f §r§r§r§1 §r§r§r§0 §r§r§r§2 §r§r§r§f §r§r§r§f §r§r§r§2 §r§r§r§0 §r§r§r§4 §r§r§r§3 §r§r§r§9 §r§r§r§2 §r§r§r§0 §r§r§r§0 §r§r§r§3 §r§r§r§9 §r§r§r§2 §r§r§r§0 §r§r§r§0 §r§r§r§3 §r§r§r§9 §r§r§r§2 §r§r§r§0 §r§r§r§0 
22:36:43 
22:39:41 §8 §r§8 §r§1 §r§3 §r§3 §r§7 §r§8 
22:39:43 
22:39:43 
22:39:45  
22:39:45   
22:39:45  
22:39:45   
22:40:45  
22:40:45   
22:41:46  
22:41:46   
22:42:46  
22:42:46   
22:43:47  
22:43:47   
22:44:47  
22:44:47   
22:45:48  
22:45:48   
22:46:48  
22:46:48   
22:47:49  
22:47:49   
22:48:50  
22:48:50   
22:49:08 §8 §r§8 §r§1 §r§3 §r§3 §r§7 §r§8 
22:49:11  
22:49:11   
22:49:57  
22:49:57   
22:50:32 §8 §r§8 §r§1 §r§3 §r§3 §r§7 §r§8 
22:50:36  
22:50:36   
22:50:36  
22:50:36   
22:50:42 §f §r§r§r§f §r§r§r§1 §r§r§r§0 §r§r§r§2 §r§r§r§f §r§r§r§f §r§r§r§2 §r§r§r§0 §r§r§r§4 §r§r§r§3 §r§r§r§9 §r§r§r§2 §r§r§r§0 §r§r§r§0 §r§r§r§3 §r§r§r§9 §r§r§r§2 §r§r§r§0 §r§r§r§0 §r§r§r§3 §r§r§r§9 §r§r§r§2 §r§r§r§0 §r§r§r§0 
22:50:42 
22:51:13 §8 §r§8 §r§1 §r§3 §r§3 §r§7 §r§8 
22:51:15 
22:51:15 
22:51:18 §8 §r§8 §r§1 §r§3 §r§3 §r§7 §r§8 
22:52:07 §8 §r§8 §r§1 §r§3 §r§3 §r§7 §r§8 
22:54:35 §f §r§r§r§f §r§r§r§1 §r§r§r§0 §r§r§r§2 §r§r§r§f §r§r§r§f §r§r§r§2 §r§r§r§0 §r§r§r§4 §r§r§r§3 §r§r§r§9 §r§r§r§2 §r§r§r§0 §r§r§r§0 §r§r§r§3 §r§r§r§9 §r§r§r§2 §r§r§r§0 §r§r§r§0 §r§r§r§3 §r§r§r§9 §r§r§r§2 §r§r§r§0 §r§r§r§0 
22:54:35 
22:54:38 §8 §r§8 §r§1 §r§3 §r§3 §r§7 §r§8 
22:54:40 
22:54:40 
22:54:41  
22:54:41   
22:54:42  
22:54:42   
22:55:43  
22:55:43   
22:56:43  
22:56:43   
22:57:43  
22:57:43   
22:58:43  
22:58:43   
22:59:43  
22:59:43   
23:00:43  
23:00:43   
23:01:44  
23:01:44   
23:01:45 §f
23:01:45 §c
23:02:44  
23:02:44   
23:03:44  
23:03:44   
23:04:44  
23:04:44   
23:05:40 
23:05:40 
23:05:45  
23:05:45   
23:06:45  
23:06:45   
23:07:45  
23:07:45   
23:08:45  
23:08:45   
23:09:45  
23:09:45   
23:10:45  
23:10:45   
23:11:45  
23:11:45   
23:12:45  
23:12:45   
23:13:45  
23:13:45   
23:14:46  
23:14:46   
23:15:46  
23:15:46   
23:16:46  
23:16:46   
23:17:46  
23:17:46   
23:18:46  
23:18:46   
23:19:46  
23:19:46   
23:20:47  
23:20:47   
23:21:47  
23:21:47   
23:22:47  
23:22:47   
23:23:47  
23:23:47   
23:24:47  
23:24:47   
23:25:48  
23:25:48   
23:26:48  
23:26:48   
23:27:45 §8 §r§8 §r§1 §r§3 §r§3 §r§7 §r§8 
23:27:49  
23:27:49   
23:28:36  
23:28:36   
23:29:37  
23:29:37   
23:29:43 §f                                        
23:30:38  
23:30:38   
23:31:38  
23:31:38   
23:32:39  
23:32:39   
23:32:59 §8 §r§8 §r§1 §r§3 §r§3 §r§7 §r§8 
23:33:03  
23:33:03   
23:33:24  
23:33:24   
23:34:13 §8 §r§8 §r§1 §r§3 §r§3 §r§7 §r§8 
23:34:16  
23:34:16   
23:34:17  
23:34:17   
23:34:30 §8 §r§8 §r§1 §r§3 §r§3 §r§7 §r§8 
23:34:34  
23:34:34   
23:34:43 §8 §r§8 §r§1 §r§3 §r§3 §r§7 §r§8 
23:34:46  
23:34:46   
23:34:47  
23:34:47   
23:34:48 §8 §r§8 §r§1 §r§3 §r§3 §r§7 §r§8 
23:34:52  
23:34:52   
23:35:13  
23:35:13   
23:35:27 §8 §r§8 §r§1 §r§3 §r§3 §r§7 §r§8 
23:35:31  
23:35:31   
23:35:32  
23:35:32   
23:35:32 §8 §r§8 §r§1 §r§3 §r§3 §r§7 §r§8 
23:35:36  
23:35:36   
23:35:59  
23:35:59   
23:36:24 §8 §r§8 §r§1 §r§3 §r§3 §r§7 §r§8 
23:36:28  
23:36:28   
23:36:29  
23:36:29   
23:36:29 §8 §r§8 §r§1 §r§3 §r§3 §r§7 §r§8 
23:36:33  
23:36:33   
23:36:54  
23:36:54   
23:37:23 §8 §r§8 §r§1 §r§3 §r§3 §r§7 §r§8 
23:37:26 §8 §r§8 §r§1 §r§3 §r§3 §r§7 §r§8 
23:37:30  
23:37:30   
23:38:02  
23:38:02   
23:39:03  
23:39:03   
23:40:04  
23:40:04   
23:41:05  
23:41:05   
23:42:06  
23:42:06   
23:43:07  
23:43:07   
23:44:08  
23:44:08   
23:45:08  
23:45:08   
23:46:09  
23:46:09   
23:46:14 §8 §r§8 §r§1 §r§3 §r§3 §r§7 §r§8 
23:46:18  
23:46:18   
23:47:14  
23:47:14   
23:48:15  
23:48:15   
23:48:43 
23:48:43 §f                                        
23:48:43 
23:49:16  
23:49:16   
23:50:16  
23:50:16   
23:51:17  
23:51:17   
23:52:18  
23:52:18   
23:53:19  
23:53:19   
23:54:19  
23:54:19   
23:55:20  
23:55:20   
23:56:06 §8 §r§8 §r§1 §r§3 §r§3 §r§7 §r§8 
23:56:10  
23:56:10   
23:56:38 
23:56:38 
23:56:42  
23:56:42   
23:57:43  
23:57:43   
23:58:43  
23:58:43   
23:59:44  
23:59:44   
00:00:45  
00:00:45   
00:01:45  
00:01:45   
00:02:46  
00:02:46   
00:03:46  
00:03:46   
00:04:47  
00:04:47   
00:05:47  
00:05:47   
00:06:48  
00:06:48   
00:07:49  
00:07:49   
00:08:50  
00:08:50   
00:09:50  
00:09:50   
00:10:51  
00:10:51   
00:11:52  
00:11:52   
00:12:52  
00:12:52   
00:13:53  
00:13:53   
00:14:54  
00:14:54   
00:15:55  
00:15:55   
00:16:55  
00:16:55   
00:17:56  
00:17:56   
00:18:57  
00:18:57   
00:19:58  
00:19:58   
00:20:49 §8 §r§8 §r§1 §r§3 §r§3 §r§7 §r§8 
00:20:52  
00:20:52   
00:21:34  
00:21:34   
00:22:35  
00:22:35   
00:23:36  
00:23:36   
00:24:37  
00:24:37   
00:25:38  
00:25:38   
00:26:39  
00:26:39   
00:27:40  
00:27:40   
00:27:43 §8 §r§8 §r§1 §r§3 §r§3 §r§7 §r§8 
00:27:45 
00:27:45 
00:27:46  
00:27:46   
00:27:47  
00:27:47   
00:28:33 
00:28:43 
00:28:47  
00:28:47   
00:29:00 §8 §r§8 §r§1 §r§3 §r§3 §r§7 §r§8 
00:29:04  
00:29:04   
00:29:27  
00:29:27   
00:29:30 §f                                        
00:29:30 §f                                        
00:30:27  
00:30:27   
00:31:28  
00:31:28   
00:32:28  
00:32:28   
00:33:07 §8 §r§8 §r§1 §r§3 §r§3 §r§7 §r§8 
00:33:10 
00:33:10 
00:33:10  
00:33:10   
00:33:11  
00:33:11   
00:33:49 
00:34:00 
00:34:11  
00:34:11   
00:34:27 §8 §r§8 §r§1 §r§3 §r§3 §r§7 §r§8 
00:34:31  
00:34:31   
00:35:10  
00:35:10   
00:36:11  
00:36:11   
00:37:11  
00:37:11   
00:38:12  
00:38:12   
00:39:13  
00:39:13   
00:40:10 
00:40:10 
00:40:14  
00:40:14   
00:40:22 §f                                        
00:41:15  
00:41:15   
00:41:58 §8 §r§8 §r§1 §r§3 §r§3 §r§7 §r§8 
00:42:00 
00:42:00 
00:42:01  
00:42:01   
00:42:02  
00:42:02   
00:42:21 
00:43:02  
00:43:02   
00:43:46 §8 §r§8 §r§1 §r§3 §r§3 §r§7 §r§8 
00:43:49  
00:43:49   
00:43:50  
00:43:50   
00:44:49  
00:44:49   
00:45:50  
00:45:50   
00:46:50  
00:46:50   
00:47:51  
00:47:51   
00:48:04 §8 §r§8 §r§1 §r§3 §r§3 §r§7 §r§8 
00:48:06 
00:48:06 
00:48:07  
00:48:07   
00:48:07  
00:48:07   
00:48:55 
00:49:07  
00:49:07   
00:50:07  
00:50:07   
00:51:04 §8 §r§8 §r§1 §r§3 §r§3 §r§7 §r§8 
00:51:08  
00:51:08   
00:51:49  
00:51:49   
00:52:49  
00:52:49   
00:53:50  
00:53:50   
00:54:51  
00:54:51   
00:55:51  
00:55:51   
00:56:52  
00:56:52   
00:57:53  
00:57:53   
00:58:54  
00:58:54   
00:59:55  
00:59:55   
01:00:55  
01:00:55   
01:01:45 §f
01:01:45 §c
01:01:56  
01:01:56   
01:02:50 
01:02:57  
01:02:57   
01:03:58  
01:03:58   
01:04:27 §f                                        
01:04:28 §f                                        
01:04:59  
01:04:59   
01:06:00  
01:06:00   
01:07:00  
01:07:00   
01:08:01  
01:08:01   
01:09:01  
01:09:01   
01:10:02  
01:10:02   
01:11:03  
01:11:03   
01:12:03  
01:12:03   
01:12:43 §8 §r§8 §r§1 §r§3 §r§3 §r§7 §r§8 
01:12:46  
01:12:46   
01:12:47  
01:12:47   
01:13:47  
01:13:47   
01:14:47  
01:14:47   
01:15:48  
01:15:48   
01:16:48  
01:16:48   
01:17:48  
01:17:48   
01:18:48  
01:18:48   
01:19:48  
01:19:48   
01:20:49  
01:20:49   
01:21:44 
01:21:44 
01:21:49  
01:21:49   
01:22:49  
01:22:49   
01:23:49  
01:23:49   
01:24:49  
01:24:49   
01:25:15 §8 §r§8 §r§1 §r§3 §r§3 §r§7 §r§8 
01:25:18  
01:25:18   
01:25:19  
01:25:19   
01:26:19  
01:26:19   
01:27:19  
01:27:19   
01:28:19  
01:28:19   
01:29:19  
01:29:19   
01:30:19  
01:30:19   
01:31:19  
01:31:19   
01:32:20  
01:32:20   
01:33:20  
01:33:20   
01:34:20  
01:34:20   
01:35:20  
01:35:20   
01:36:21  
01:36:21   
01:37:21  
01:37:21   
01:38:21  
01:38:21   
01:39:21  
01:39:21   
01:40:21  
01:40:21   
01:41:21  
01:41:21   
01:42:21  
01:42:21   
01:43:22  
01:43:22   
01:44:22  
01:44:22   
01:45:22  
01:45:22   
01:46:23  
01:46:23   
01:47:23  
01:47:23   
01:47:26 §8 §r§8 §r§1 §r§3 §r§3 §r§7 §r§8 
01:47:30  
01:47:30   
01:48:05  
01:48:05   
01:49:06  
01:49:06   
01:50:06  
01:50:06   
01:51:07  
01:51:07   
01:52:07  
01:52:07   
01:52:41 §f
01:52:41 §f
01:52:41 §f
01:52:41 §f
01:53:08  
01:53:08   
01:54:09  
01:54:09   
01:55:09  
01:55:09   
01:56:10  
01:56:10   
01:57:10  
01:57:10   
01:58:11  
01:58:11   
01:59:11  
01:59:11   
02:00:12  
02:00:12   
02:01:12  
02:01:12   
02:01:52 §f                                        
02:02:13  
02:02:13   
02:03:09 
02:03:09 
02:03:13  
02:03:13   
02:04:14  
02:04:14   
02:05:14  
02:05:14   
02:06:15  
02:06:15   
02:07:15  
02:07:15   
02:08:15  
02:08:15   
02:09:16  
02:09:16   
02:10:16  
02:10:16   
02:11:16  
02:11:16   
02:12:17  
02:12:17   
02:13:17  
02:13:17   
02:14:18  
02:14:18   
02:15:18  
02:15:18   
02:16:18  
02:16:18   
02:17:19  
02:17:19   
02:18:19  
02:18:19   
02:19:20  
02:19:20   
02:20:00 
02:20:21  
02:20:21   
02:21:21  
02:21:21   
02:21:49 §f                                        
02:21:49 §f                                        
02:22:22  
02:22:22   
02:23:22  
02:23:22   
02:24:22  
02:24:22   
02:25:23  
02:25:23   
02:26:23  
02:26:23   
02:27:24  
02:27:24   
02:28:24  
02:28:24   
02:29:25  
02:29:25   
02:30:25  
02:30:25   
02:31:26  
02:31:26   
02:32:26  
02:32:26   
02:33:27  
02:33:27   
02:34:27  
02:34:27   
02:35:28  
02:35:28   
02:36:29  
02:36:29   
02:37:29  
02:37:29   
02:38:30  
02:38:30   
02:39:31  
02:39:31   
02:40:32  
02:40:32   
02:41:33  
02:41:33   
02:41:48 §f                                        
02:42:33  
02:42:33   
02:43:34  
02:43:34   
02:44:35  
02:44:35   
02:45:36  
02:45:36   
02:46:37  
02:46:37   
02:47:37  
02:47:37   
02:48:38  
02:48:38   
02:49:39  
02:49:39   
02:50:40  
02:50:40   
02:51:41  
02:51:41   
02:52:42  
02:52:42   
02:53:43  
02:53:43   
02:54:43  
02:54:43   
02:55:44  
02:55:44   
02:56:45  
02:56:45   
02:57:46  
02:57:46   
02:58:47  
02:58:47   
02:59:22 §8 §r§8 §r§1 §r§3 §r§3 §r§7 §r§8 
02:59:25  
02:59:25   
02:59:26  
02:59:26   
03:00:26  
03:00:26   
03:01:26  
03:01:26   
03:01:45 §f
03:01:45 §c
03:02:26  
03:02:26   
03:03:27  
03:03:27   
03:04:27  
03:04:27   
03:05:27  
03:05:27   
03:06:27  
03:06:27   
03:07:27  
03:07:27   
03:08:27  
03:08:27   
03:09:28  
03:09:28   
03:10:28  
03:10:28   
03:11:28  
03:11:28   
03:12:28  
03:12:28   
03:13:28  
03:13:28   
03:14:29  
03:14:29   
03:15:29  
03:15:29   
03:16:29  
03:16:29   
03:17:27 §8 §r§8 §r§1 §r§3 §r§3 §r§7 §r§8 
03:17:30  
03:17:30   
03:17:46  
03:17:46   
03:18:13 §8 §r§8 §r§1 §r§3 §r§3 §r§7 §r§8 
03:18:16  
03:18:16   
03:18:22 §8 §r§8 §r§1 §r§3 §r§3 §r§7 §r§8 
03:18:25  
03:18:25   
03:18:25  
03:18:25   
03:19:25  
03:19:25   
03:20:25  
03:20:25   
03:21:27  
03:21:27   
03:22:29  
03:22:29   
03:23:18 §8 §r§8 §r§1 §r§3 §r§3 §r§7 §r§8 
03:23:21  
03:23:21   
03:23:42  
03:23:42   
03:24:43  
03:24:43   
03:25:44  
03:25:44   
03:26:45  
03:26:45   
03:27:46  
03:27:46   
03:28:47  
03:28:47   
03:29:49  
03:29:49   
03:30:50  
03:30:50   
03:31:51  
03:31:51   
03:32:52  
03:32:52   
03:33:54  
03:33:54   
03:34:55  
03:34:55   
03:35:56  
03:35:56   
03:36:57  
03:36:57   
03:37:58  
03:37:58   
03:38:59  
03:38:59   
03:40:00  
03:40:00   
03:41:01  
03:41:01   
03:42:02  
03:42:02   
03:43:03  
03:43:03   
03:43:28 §f §r§r§r§f §r§r§r§1 §r§r§r§0 §r§r§r§2 §r§r§r§f §r§r§r§f §r§r§r§2 §r§r§r§0 §r§r§r§4 §r§r§r§3 §r§r§r§9 §r§r§r§2 §r§r§r§0 §r§r§r§0 §r§r§r§3 §r§r§r§9 §r§r§r§2 §r§r§r§0 §r§r§r§0 §r§r§r§3 §r§r§r§9 §r§r§r§2 §r§r§r§0 §r§r§r§0 
03:43:28 
03:50:28 §f §r§r§r§f §r§r§r§1 §r§r§r§0 §r§r§r§2 §r§r§r§f §r§r§r§f §r§r§r§2 §r§r§r§0 §r§r§r§4 §r§r§r§3 §r§r§r§9 §r§r§r§2 §r§r§r§0 §r§r§r§0 §r§r§r§3 §r§r§r§9 §r§r§r§2 §r§r§r§0 §r§r§r§0 §r§r§r§3 §r§r§r§9 §r§r§r§2 §r§r§r§0 §r§r§r§0 
03:50:28 
03:51:17 §8 §r§8 §r§1 §r§3 §r§3 §r§7 §r§8 
03:51:20 
03:51:20 
03:51:21  
03:51:21   
03:51:27 §8 §r§8 §r§1 §r§3 §r§3 §r§7 §r§8 
03:51:31  
03:51:31   
03:51:59  
03:51:59   
03:52:59  
03:52:59   
03:54:00  
03:54:00   
03:54:00 §8 §r§8 §r§1 §r§3 §r§3 §r§7 §r§8 
03:54:04  
03:54:04   
03:54:04  
03:54:04   
03:55:05  
03:55:05   
03:55:18 §8 §r§8 §r§1 §r§3 §r§3 §r§7 §r§8 
03:55:22  
03:55:22   
03:55:23  
03:55:23   
03:55:27 §8 §r§8 §r§1 §r§3 §r§3 §r§7 §r§8 
03:55:31  
03:55:31   
03:56:00  
03:56:00   
03:56:04 §8 §r§8 §r§1 §r§3 §r§3 §r§7 §r§8 
03:56:07  
03:56:07   
03:56:08  
03:56:08   
03:57:08  
03:57:08   
03:58:08  
03:58:08   
03:59:08  
03:59:08   
03:59:27 §8 §r§8 §r§1 §r§3 §r§3 §r§7 §r§8 
03:59:31  
03:59:31   
03:59:32  
03:59:32   
04:00:06 §8 §r§8 §r§1 §r§3 §r§3 §r§7 §r§8 
04:00:10  
04:00:10   
04:00:11  
04:00:11   
04:01:06 
04:01:06 
04:01:11  
04:01:11   
04:02:11  
04:02:11   
04:03:11  
04:03:11   
04:04:11  
04:04:11   
04:05:11  
04:05:11   
04:06:11  
04:06:11   
04:07:11  
04:07:11   
04:08:11  
04:08:11   
04:09:11  
04:09:11   
04:10:11  
04:10:11   
04:11:12  
04:11:12   
04:12:12  
04:12:12   
04:13:12  
04:13:12   
04:14:12  
04:14:12   
04:15:12  
04:15:12   
04:16:12  
04:16:12   
04:17:12  
04:17:12   
04:18:12  
04:18:12   
04:19:12  
04:19:12   
04:20:12  
04:20:12   
04:21:12  
04:21:12   
04:22:12  
04:22:12   
04:23:08 
04:23:08 
04:23:13  
04:23:13   
04:24:13  
04:24:13   
04:25:13  
04:25:13   
04:26:13  
04:26:13   
04:27:13  
04:27:13   
04:28:13  
04:28:13   
04:29:13  
04:29:13   
04:30:13  
04:30:13   
04:31:13  
04:31:13   
04:32:13  
04:32:13   
04:33:13  
04:33:13   
04:34:13  
04:34:13   
04:35:13  
04:35:13   
04:36:13  
04:36:13   
04:37:13  
04:37:13   
04:38:13  
04:38:13   
04:39:13  
04:39:13   
04:40:13  
04:40:13   
04:41:13  
04:41:13   
04:42:13  
04:42:13   
04:43:13  
04:43:14   
04:44:14  
04:44:14   
04:45:14  
04:45:14   
04:46:14  
04:46:14   
04:47:14  
04:47:14   
04:48:14  
04:48:14   
04:49:14  
04:49:14   
04:50:14  
04:50:14   
04:51:14  
04:51:14   
04:52:14  
04:52:14   
04:53:14  
04:53:14   
04:54:14  
04:54:14   
04:55:15  
04:55:15   
04:56:16  
04:56:16   
04:57:16  
04:57:16   
04:58:17  
04:58:17   
04:59:17  
04:59:17   
05:00:18  
05:00:18   
05:01:18  
05:01:18   
05:01:45 §f
05:01:45 §c
05:02:18  
05:02:18   
05:03:18  
05:03:18   
05:04:18  
05:04:18   
05:05:18  
05:05:18   
05:06:18  
05:06:18   
05:07:19  
05:07:19   
05:08:19  
05:08:19   
05:09:19  
05:09:19   
05:10:19  
05:10:19   
05:11:19  
05:11:19   
05:12:19  
05:12:19   
05:13:19  
05:13:19   
05:14:04 §8 §r§8 §r§1 §r§3 §r§3 §r§7 §r§8 
05:14:08  
05:14:08   
05:14:22  
05:14:22   
05:15:13 §8 §r§8 §r§1 §r§3 §r§3 §r§7 §r§8 
05:15:17  
05:15:17   
05:15:17  
05:15:17   
05:16:18  
05:16:18   
05:17:18  
05:17:18   
05:18:18  
05:18:18   
05:18:35 §8 §r§8 §r§1 §r§3 §r§3 §r§7 §r§8 
05:18:38  
05:18:38   
05:18:39  
05:18:39   
05:19:40  
05:19:40   
05:20:40  
05:20:40   
05:21:40  
05:21:40   
05:22:40  
05:22:40   
05:23:40  
05:23:40   
05:24:40  
05:24:40   
05:25:40  
05:25:40   
05:26:40  
05:26:40   
05:27:41  
05:27:41   
05:28:41  
05:28:41   
05:29:41  
05:29:41   
05:30:41  
05:30:41   
05:31:41  
05:31:41   
05:32:41  
05:32:41   
05:33:41  
05:33:42   
05:34:42  
05:34:42   
05:35:42  
05:35:42   
05:36:42  
05:36:42   
05:37:42  
05:37:42   
05:38:43  
05:38:43   
05:39:43  
05:39:43   
05:40:43  
05:40:43   
05:41:43  
05:41:43   
05:42:43  
05:42:43   
05:43:44  
05:43:44   
05:44:44  
05:44:44   
05:45:44  
05:45:44   
05:46:44  
05:46:44   
05:47:44  
05:47:44   
