03:56:12 §eYou received §a31x Enchanted Red Mushroom §efor killing a §2Slug§e!
03:56:56 §eYou received §a108x Enchanted Nether Wart §efor killing a §2Beetle§e!
03:57:04 §eYou received §a118x Enchanted Nether Wart §efor killing a §2Beetle§e!
03:57:16 §eYou received §a123x Enchanted Nether Wart §efor killing a §2Beetle§e!
03:58:14 §eYou received §a87x Enchanted Cactus Green §efor killing a §2Mite§e!
03:58:21 §eYou received §a148x Enchanted Carrot §efor killing a §2Cricket§e!
03:58:29 §eYou received §a123x Enchanted Nether Wart §efor killing a §2Beetle§e!
03:58:36 §eYou received §a42x Enchanted Wheat §efor killing a §2Fly§e!
04:00:46 §eYou received §a44x Enchanted Brown Mushroom §efor killing a §2Slug§e!
04:00:47 §eYou received §a90x Enchanted Cactus Green §efor killing a §2Mite§e!
04:00:50 §eYou received §a90x Enchanted Cactus Green §efor killing a §2Mite§e!
04:00:53 §eYou received §a128x Enchanted Cocoa Beans §efor killing a §2Moth§e!
04:00:54 §eYou received §a153x Enchanted Carrot §efor killing a §2Cricket§e!
04:00:55 §eYou received §a90x Enchanted Cactus Green §efor killing a §2Mite§e!
04:00:58 §eYou received §a44x Enchanted Pumpkin §efor killing a §2Rat§e!
04:00:59 §eYou received §a44x Enchanted Pumpkin §efor killing a §2Rat§e!
04:01:00 §eYou received §a90x Enchanted Cactus Green §efor killing a §2Mite§e!
04:05:19 §eYou received §a128x Enchanted Nether Wart §efor killing a §2Beetle§e!
04:05:20 §eYou received §a128x Enchanted Nether Wart §efor killing a §2Beetle§e!
04:05:23 §eYou received §a128x Enchanted Nether Wart §efor killing a §2Beetle§e!
04:05:31 §eYou received §a129x Enchanted Nether Wart §efor killing a §2Beetle§e!
04:05:34 §eYou received §a128x Enchanted Nether Wart §efor killing a §2Beetle§e!
04:07:36 §eYou received §a128x Enchanted Nether Wart §efor killing a §2Beetle§e!
04:07:41 §eYou received §a128x Enchanted Nether Wart §efor killing a §2Beetle§e!
04:07:45 §eYou received §a128x Enchanted Nether Wart §efor killing a §2Beetle§e!
04:07:48 §eYou received §a128x Enchanted Nether Wart §efor killing a §2Beetle§e!
04:09:56 §eYou received §a128x Enchanted Nether Wart §efor killing a §2Beetle§e!
04:09:59 §eYou received §a128x Enchanted Nether Wart §efor killing a §2Beetle§e!
04:09:59 §eYou received §a128x Enchanted Nether Wart §efor killing a §2Beetle§e!
04:10:04 §eYou received §a129x Enchanted Nether Wart §efor killing a §2Beetle§e!
04:15:04 §eYou received §a122x Enchanted Nether Wart §efor killing a §2Beetle§e!
04:15:04 §eYou received §a128x Enchanted Nether Wart §efor killing a §2Beetle§e!
04:15:05 §eYou received §a129x Enchanted Nether Wart §efor killing a §2Beetle§e!
04:15:12 §eYou received §a128x Enchanted Nether Wart §efor killing a §2Beetle§e!
04:15:15 §eYou received §a128x Enchanted Nether Wart §efor killing a §2Beetle§e!
04:15:19 §eYou received §a128x Enchanted Nether Wart §efor killing a §2Beetle§e!
04:17:24 §eYou received §a128x Enchanted Nether Wart §efor killing a §2Beetle§e!
04:17:25 §eYou received §a128x Enchanted Nether Wart §efor killing a §2Beetle§e!
04:17:26 §eYou received §a128x Enchanted Cocoa Beans §efor killing a §2Moth§e!
04:17:27 §eYou received §a128x Enchanted Nether Wart §efor killing a §2Beetle§e!
04:19:34 §eYou received §a128x Enchanted Nether Wart §efor killing a §2Beetle§e!
04:19:36 §eYou received §a128x Enchanted Nether Wart §efor killing a §2Beetle§e!
04:19:43 §eYou received §a128x Enchanted Nether Wart §efor killing a §2Beetle§e!
04:19:47 §eYou received §a128x Enchanted Nether Wart §efor killing a §2Beetle§e!
04:21:54 §eYou received §a128x Enchanted Nether Wart §efor killing a §2Beetle§e!
04:21:57 §eYou received §a44x Enchanted Wheat §efor killing a §2Fly§e!
04:22:01 §eYou received §a128x Enchanted Nether Wart §efor killing a §2Beetle§e!
04:22:04 §eYou received §a128x Enchanted Cocoa Beans §efor killing a §2Moth§e!
04:24:00 §eYou received §a43x Enchanted Wheat §efor killing a §2Fly§e!
04:24:02 §eYou received §a129x Enchanted Nether Wart §efor killing a §2Beetle§e!
04:24:04 §eYou received §a44x Enchanted Pumpkin §efor killing a §2Rat§e!
04:24:06 §eYou received §a128x Enchanted Nether Wart §efor killing a §2Beetle§e!
04:26:22 §eYou received §a128x Enchanted Nether Wart §efor killing a §2Beetle§e!
04:26:25 §eYou received §a43x Enchanted Wheat §efor killing a §2Fly§e!
04:26:27 §eYou received §a154x Enchanted Carrot §efor killing a §2Cricket§e!
04:26:31 §eYou received §a128x Enchanted Nether Wart §efor killing a §2Beetle§e!
04:28:19 §eYou received §a128x Enchanted Nether Wart §efor killing a §2Beetle§e!
04:28:22 §eYou received §a128x Enchanted Nether Wart §efor killing a §2Beetle§e!
04:28:24 §eYou received §a128x Enchanted Nether Wart §efor killing a §2Beetle§e!
04:28:26 §eYou received §a129x Enchanted Nether Wart §efor killing a §2Beetle§e!
