22:55:00 §bNew day! §r§eYour §r§2Sky Mall §r§ebuff changed!
22:55:00 §eNew buff§r§r§r: §r§fGain §r§6+100⸕ Mining Speed§r§f.
22:55:00 §8§oYou can disable this messaging by toggling Sky Mall in your /hotm!
23:15:00 §bNew day! §r§eYour §r§2Sky Mall §r§ebuff changed!
23:15:00 §eNew buff§r§r§r: §r§fGain §r§a+15% §r§fmore Powder while mining.
23:15:00 §8§oYou can disable this messaging by toggling Sky Mall in your /hotm!
00:15:01 §bNew day! §r§eYour §r§2Sky Mall §r§ebuff changed!
00:15:01 §eNew buff§r§r§r: §r§f§r§a10x §r§fchance to find Golden and Diamond Goblins.
00:15:01 §8§oYou can disable this messaging by toggling Sky Mall in your /hotm!
01:15:00 §bNew day! §r§eYour §r§2Sky Mall §r§ebuff changed!
01:15:00 §eNew buff§r§r§r: §r§f§r§a10x §r§fchance to find Golden and Diamond Goblins.
01:15:00 §8§oYou can disable this messaging by toggling Sky Mall in your /hotm!
01:35:00 §bNew day! §r§eYour §r§2Sky Mall §r§ebuff changed!
01:35:00 §eNew buff§r§r§r: §r§f§r§a10x §r§fchance to find Golden and Diamond Goblins.
01:35:00 §8§oYou can disable this messaging by toggling Sky Mall in your /hotm!
03:15:00 §bNew day! §r§eYour §r§2Sky Mall §r§ebuff changed!
03:15:00 §eNew buff§r§r§r: §r§f§r§a10x §r§fchance to find Golden and Diamond Goblins.
03:15:00 §8§oYou can disable this messaging by toggling Sky Mall in your /hotm!
03:35:01 §bNew day! §r§eYour §r§2Sky Mall §r§ebuff changed!
03:35:01 §eNew buff§r§r§r: §r§f§r§a-20%§r§f Pickaxe Ability cooldowns.
03:35:01 §8§oYou can disable this messaging by toggling Sky Mall in your /hotm!
03:55:00 §bNew day! §r§eYour §r§2Sky Mall §r§ebuff changed!
03:55:00 §eNew buff§r§r§r: §r§fGain §r§6+50☘ Mining Fortune§r§f.
03:55:00 §8§oYou can disable this messaging by toggling Sky Mall in your /hotm!
04:15:00 §bNew day! §r§eYour §r§2Sky Mall §r§ebuff changed!
04:15:00 §eNew buff§r§r§r: §r§f§r§a-20%§r§f Pickaxe Ability cooldowns.
04:15:00 §8§oYou can disable this messaging by toggling Sky Mall in your /hotm!
04:35:00 §bNew day! §r§eYour §r§2Sky Mall §r§ebuff changed!
04:35:00 §eNew buff§r§r§r: §r§fGain §r§a5x §r§9Titanium §r§fdrops
04:35:00 §8§oYou can disable this messaging by toggling Sky Mall in your /hotm!
04:55:01 §bNew day! §r§eYour §r§2Sky Mall §r§ebuff changed!
04:55:01 §eNew buff§r§r§r: §r§fGain §r§6+50☘ Mining Fortune§r§f.
04:55:01 §8§oYou can disable this messaging by toggling Sky Mall in your /hotm!
05:15:01 §bNew day! §r§eYour §r§2Sky Mall §r§ebuff changed!
05:15:01 §eNew buff§r§r§r: §r§f§r§a-20%§r§f Pickaxe Ability cooldowns.
05:15:01 §8§oYou can disable this messaging by toggling Sky Mall in your /hotm!
05:35:00 §bNew day! §r§eYour §r§2Sky Mall §r§ebuff changed!
05:35:00 §eNew buff§r§r§r: §r§fGain §r§6+100⸕ Mining Speed§r§f.
05:35:00 §8§oYou can disable this messaging by toggling Sky Mall in your /hotm!
