03:35:27 [EMPTY] §f §r§r§r§f §r§r§r§1 §r§r§r§0 §r§r§r§2 §r§r§r§f §r§r§r§f §r§r§r§2 §r§r§r§0 §r§r§r§4 §r§r§r§3 §r§r§r§9 §r§r§r§2 §r§r§r§0 §r§r§r§0 §r§r§r§3 §r§r§r§9 §r§r§r§2 §r§r§r§0 §r§r§r§0 §r§r§r§3 §r§r§r§9 §r§r§r§2 §r§r§r§0 §r§r§r§0 
03:35:27 [allowed] §b[MVP§3+§b] Euphaa§f §6slid into the lobby!
03:35:27 [allowed] §b§m--------------§r§f  §r§aGuild: Message Of The Day  §r§b§m--------------
03:35:27 [allowed] §b| §r§fJoin the guild discord!
03:35:27 [allowed] §b| §r§fhttps://discord.gg/9En6jSENjY
03:35:27 [allowed] §b| §r§fHave a great day!
03:35:27 [allowed] §b§m-----------------------------------------------------
03:35:27 [allowed] §b[MVP§f+§b] raidenlefish§f §6slid into the lobby!
03:35:27 [EMPTY] 
03:35:27 [allowed] §f§lHAPPY HOLIDAYS §e§lFROM HYPIXEL§r
§r§aYou may claim today's §bAdvent Calendar §areward!
§eClick here to claim!§r

03:35:27 [allowed] §b[MVP§c+§b] Shadow_fox2004§f §6slid into the lobby!
03:35:29 [allowed] §b[MVP§c+§b] Arang69420§f §6slid into the lobby!
03:35:29 [allowed]   §r§f§l➤ §r§6You have reached your Hype limit! Add Hype to Prototype Lobby minigames by right-clicking with the Hype Diamond!
03:35:33 [allowed] §b[MVP§c+§b] djwowhd1§f §6slid into the lobby!
03:35:38 [allowed] §b[MVP§c+§b] Zigz06§f §6slid into the lobby!
03:35:47 [allowed] §b[MVP§f+§b] gurakari§f §6slid into the lobby!
03:35:57 [allowed] §b[MVP§c+§b] ChocoLatte_ChiP§f §6slid into the lobby!
03:35:59 [allowed] §b[MVP§f+§b] twvy§f §6slid into the lobby!
03:36:00 [allowed] §b[MVP§a+§b] Stroopy§f §6slid into the lobby!
03:36:01 [allowed] §b[MVP§c+§b] uhhcheeto§f §6slid into the lobby!
03:36:04 [allowed] §b[MVP§f+§b] raidenlefish§f §6slid into the lobby!
03:36:06 [allowed] §b[MVP§f+§b] Xixux90§f §6slid into the lobby!
03:36:10 [allowed] §b[MVP§0+§b] Mystikewl§f §6slid into the lobby!
03:36:18 [allowed] §b[MVP§c+§b] thegamingor§f §6slid into the lobby!
03:36:20 [allowed]  §b>§c>§a>§r §r§6[MVP§9++§6] Ausssieee§f §6slid into the lobby!§r §a<§c<§b<
03:36:20 [allowed] §b[MVP§2+§b] Brosluke§f §6slid into the lobby!
03:36:30 [allowed]  §b>§c>§a>§r §r§6[MVP§0++§6] ipchicken§f §6slid into the lobby!§r §a<§c<§b<
03:36:36 [allowed] §7Sending to server mini40AU...
03:36:37 [EMPTY] §8 §r§8 §r§1 §r§3 §r§3 §r§7 §r§8 
03:36:37 [allowed] §eYou haven't claimed your §r§6Holidays Rewards §r§eyet!
03:36:37 [allowed] §eTalk to the §r§cGingerbread §r§fMan §r§ein the §r§aHub§r§e!
03:36:39 [EMPTY] 
03:36:39 [allowed] §eWelcome to §r§aHypixel SkyBlock§r§e!
03:36:39 [allowed] §6§lBONUS! §r§bTemporarily earn §r§a5% §r§bmore skill experience!
03:36:39 [EMPTY] 
03:36:39 [allowed] §eLatest update: §bSkyBlock v0.21 §e§lCLICK
03:36:40 [allowed] §aYou are playing on profile: §eBanana§b (Co-op)
03:36:40 [allowed] §8Profile ID: 56e969f8-003b-4df1-bbed-3112b2f3dc94
03:36:40 [EMPTY]  
03:36:40 [STASH_COMPACT] §f                §7You have §37,898 §7materials stashed away!
03:36:40 [STASH_COMPACT] §f              §8(This totals 3 types of materials stashed!)
03:36:40 [STASH_COMPACT] §f                §3§l>>> §3§lCLICK HERE§b to pick them up! §3§l<<<
03:36:40 [EMPTY]   
03:36:41 [SKYMALL] §bNew day! §r§eYour §r§2Sky Mall §r§ebuff changed!
03:36:41 [SKYMALL] §eNew buff§r§r§r: §r§fGain §r§a+15% §r§fmore Powder while mining.
03:36:41 [SKYMALL] §8§oYou can disable this messaging by toggling Sky Mall in your /hotm!
03:36:44 [EMPTY]  
03:36:44 [STASH_COMPACT] §f                §7You have §37,898 §7materials stashed away!
03:36:44 [STASH_COMPACT] §f              §8(This totals 3 types of materials stashed!)
03:36:44 [STASH_COMPACT] §f                §3§l>>> §3§lCLICK HERE§b to pick them up! §3§l<<<
03:36:44 [EMPTY]   
03:37:10 [allowed] §cThere are blocks in the way!
03:37:10 [allowed] §cThere are blocks in the way!
03:37:11 [allowed] §cThere are blocks in the way!
03:37:19 [allowed] §cThere are blocks in the way!
03:37:20 [allowed] §cThere are blocks in the way!
03:37:23 [allowed] §cThere are blocks in the way!
03:37:36 [allowed] §8[§r§2170§r§8] §r§a[VIP§6+§a] Cgua_tw§f§r§f: bazaar died?
03:37:45 [EMPTY]  
03:37:45 [STASH_COMPACT] §f                §7You have §37,898 §7materials stashed away!
03:37:45 [STASH_COMPACT] §f              §8(This totals 3 types of materials stashed!)
03:37:45 [STASH_COMPACT] §f                §3§l>>> §3§lCLICK HERE§b to pick them up! §3§l<<<
03:37:45 [EMPTY]   
03:38:17 [allowed] §cThere are blocks in the way!
03:38:46 [EMPTY]  
03:38:46 [STASH_COMPACT] §f                §7You have §37,898 §7materials stashed away!
03:38:46 [STASH_COMPACT] §f              §8(This totals 3 types of materials stashed!)
03:38:46 [STASH_COMPACT] §f                §3§l>>> §3§lCLICK HERE§b to pick them up! §3§l<<<
03:38:46 [EMPTY]   
03:39:47 [EMPTY]  
03:39:47 [STASH_COMPACT] §f                §7You have §37,898 §7materials stashed away!
03:39:47 [STASH_COMPACT] §f              §8(This totals 3 types of materials stashed!)
03:39:47 [STASH_COMPACT] §f                §3§l>>> §3§lCLICK HERE§b to pick them up! §3§l<<<
03:39:47 [EMPTY]   
03:40:20 [allowed] §aYou sold §r§fIron Ingot§r§8 x30 §r§afor §r§660 Coins§r§a!
03:40:20 [allowed] §aYou sold §r§fHard Stone§r§8 x54 §r§afor §r§654 Coins§r§a!
03:40:20 [allowed] §aYou sold §r§fIron Ingot§r§8 x32 §r§afor §r§664 Coins§r§a!
03:40:20 [allowed] §aYou sold §r§fHard Stone§r§8 x64 §r§afor §r§664 Coins§r§a!
03:40:21 [allowed] §aYou sold §r§fHard Stone§r§8 x64 §r§afor §r§664 Coins§r§a!
03:40:21 [allowed] §aYou sold §r§fHard Stone§r§8 x64 §r§afor §r§664 Coins§r§a!
03:40:44 [allowed] §aYou earned §r§2453 GEXP §r§a+ §r§c1,359 Event EXP §r§afrom playing SkyBlock!
03:40:48 [EMPTY]  
03:40:48 [STASH_COMPACT] §f                §7You have §37,898 §7materials stashed away!
03:40:48 [STASH_COMPACT] §f              §8(This totals 3 types of materials stashed!)
03:40:48 [STASH_COMPACT] §f                §3§l>>> §3§lCLICK HERE§b to pick them up! §3§l<<<
03:40:48 [EMPTY]   
03:41:21 [allowed] §8[§r§a144§r§8] §r§7੭ §r§b[MVP§a+§b] jpadwicvk§f§r§f: 1 more until z8
03:41:49 [EMPTY]  
03:41:49 [STASH_COMPACT] §f                §7You have §37,898 §7materials stashed away!
03:41:49 [STASH_COMPACT] §f              §8(This totals 3 types of materials stashed!)
03:41:49 [STASH_COMPACT] §f                §3§l>>> §3§lCLICK HERE§b to pick them up! §3§l<<<
03:41:49 [EMPTY]   
03:42:51 [EMPTY]  
03:42:51 [STASH_COMPACT] §f                §7You have §37,898 §7materials stashed away!
03:42:51 [STASH_COMPACT] §f              §8(This totals 3 types of materials stashed!)
03:42:51 [STASH_COMPACT] §f                §3§l>>> §3§lCLICK HERE§b to pick them up! §3§l<<<
03:42:51 [EMPTY]   
03:43:52 [EMPTY]  
03:43:52 [STASH_COMPACT] §f                §7You have §37,898 §7materials stashed away!
03:43:52 [STASH_COMPACT] §f              §8(This totals 3 types of materials stashed!)
03:43:52 [STASH_COMPACT] §f                §3§l>>> §3§lCLICK HERE§b to pick them up! §3§l<<<
03:43:52 [EMPTY]   
03:44:14 [allowed] §c[Important] §r§eThis server will restart soon: §r§bGame Update
03:44:14 [allowed] §eYou have §a30 seconds §eto warp out! §a§l§nCLICK§e to warp now!
03:44:32 [allowed] §7Warping you to your SkyBlock island...
03:44:33 [allowed] §7Sending to server mini191DC...
03:44:34 [EMPTY] §8 §r§8 §r§1 §r§3 §r§3 §r§7 §r§8 
03:44:36 [allowed] §eYou haven't claimed your §r§6Holidays Rewards §r§eyet!
03:44:36 [allowed] §eTalk to the §r§cGingerbread §r§fMan §r§ein the §r§aHub§r§e!
03:44:39 [EMPTY]  
03:44:39 [STASH_COMPACT] §f                §7You have §37,898 §7materials stashed away!
03:44:39 [STASH_COMPACT] §f              §8(This totals 3 types of materials stashed!)
03:44:39 [STASH_COMPACT] §f                §3§l>>> §3§lCLICK HERE§b to pick them up! §3§l<<<
03:44:39 [EMPTY]   
03:44:39 [allowed] §aYou are playing on profile: §eBanana§b (Co-op)
03:44:39 [allowed] §8Profile ID: 56e969f8-003b-4df1-bbed-3112b2f3dc94
03:44:39 [EMPTY]  
03:44:40 [STASH_COMPACT] §f                §7You have §37,898 §7materials stashed away!
03:44:40 [STASH_COMPACT] §f              §8(This totals 3 types of materials stashed!)
03:44:40 [STASH_COMPACT] §f                §3§l>>> §3§lCLICK HERE§b to pick them up! §3§l<<<
03:44:40 [EMPTY]   
03:45:35 [allowed] ▬▬▬▬▬▬▬▬▬▬▬▬▬▬▬▬▬▬▬▬▬▬▬▬▬▬▬▬▬▬▬▬▬▬▬▬▬▬▬▬▬▬▬▬▬▬▬▬▬▬▬▬▬▬▬▬▬▬▬▬▬▬▬▬
03:45:35 [allowed] §f                                §r§c§k#§r§2 LEVEL UP! §r§c§k#
03:45:35 [EMPTY] 
03:45:35 [allowed] §f                      §r§7You are now §r§cEvent Level §r§2100§r§7!
03:45:35 [allowed] §f                       §r§7You earned §r§f26 Event Silver§r§7!
03:45:35 [EMPTY] 
03:45:35 [allowed] ▬▬▬▬▬▬▬▬▬▬▬▬▬▬▬▬▬▬▬▬▬▬▬▬▬▬▬▬▬▬▬▬▬▬▬▬▬▬▬▬▬▬▬▬▬▬▬▬▬▬▬▬▬▬▬▬▬▬▬▬▬▬▬▬
03:45:39 [EMPTY]  
03:45:39 [STASH_COMPACT] §f                §7You have §37,898 §7materials stashed away!
03:45:39 [STASH_COMPACT] §f              §8(This totals 3 types of materials stashed!)
03:45:39 [STASH_COMPACT] §f                §3§l>>> §3§lCLICK HERE§b to pick them up! §3§l<<<
03:45:39 [EMPTY]   
03:46:39 [EMPTY]  
03:46:39 [STASH_COMPACT] §f                §7You have §37,898 §7materials stashed away!
03:46:39 [STASH_COMPACT] §f              §8(This totals 3 types of materials stashed!)
03:46:39 [STASH_COMPACT] §f                §3§l>>> §3§lCLICK HERE§b to pick them up! §3§l<<<
03:46:39 [EMPTY]   
03:47:40 [EMPTY]  
03:47:40 [STASH_COMPACT] §f                §7You have §37,898 §7materials stashed away!
03:47:40 [STASH_COMPACT] §f              §8(This totals 3 types of materials stashed!)
03:47:40 [STASH_COMPACT] §f                §3§l>>> §3§lCLICK HERE§b to pick them up! §3§l<<<
03:47:40 [EMPTY]   
03:48:40 [EMPTY]  
03:48:40 [STASH_COMPACT] §f                §7You have §37,898 §7materials stashed away!
03:48:40 [STASH_COMPACT] §f              §8(This totals 3 types of materials stashed!)
03:48:40 [STASH_COMPACT] §f                §3§l>>> §3§lCLICK HERE§b to pick them up! §3§l<<<
03:48:40 [EMPTY]   
03:49:36 [allowed] §aYou earned §r§2218 GEXP §r§a+ §r§c654 Event EXP §r§afrom playing SkyBlock!
03:49:40 [EMPTY]  
03:49:40 [STASH_COMPACT] §f                §7You have §37,898 §7materials stashed away!
03:49:40 [STASH_COMPACT] §f              §8(This totals 3 types of materials stashed!)
03:49:40 [STASH_COMPACT] §f                §3§l>>> §3§lCLICK HERE§b to pick them up! §3§l<<<
03:49:40 [EMPTY]   
