03:35:27 [EMPTY] §f §r§r§r§f §r§r§r§1 §r§r§r§0 §r§r§r§2 §r§r§r§f §r§r§r§f §r§r§r§2 §r§r§r§0 §r§r§r§4 §r§r§r§3 §r§r§r§9 §r§r§r§2 §r§r§r§0 §r§r§r§0 §r§r§r§3 §r§r§r§9 §r§r§r§2 §r§r§r§0 §r§r§r§0 §r§r§r§3 §r§r§r§9 §r§r§r§2 §r§r§r§0 §r§r§r§0 
03:35:27 [EMPTY] 
03:36:37 [EMPTY] §8 §r§8 §r§1 §r§3 §r§3 §r§7 §r§8 
03:36:39 [EMPTY] 
03:36:39 [EMPTY] 
03:36:40 [EMPTY]  
03:36:40 [STASH_COMPACT] §f                §7You have §37,898 §7materials stashed away!
03:36:40 [STASH_COMPACT] §f              §8(This totals 3 types of materials stashed!)
03:36:40 [STASH_COMPACT] §f                §3§l>>> §3§lCLICK HERE§b to pick them up! §3§l<<<
03:36:40 [EMPTY]   
03:36:41 [SKYMALL] §bNew day! §r§eYour §r§2Sky Mall §r§ebuff changed!
03:36:41 [SKYMALL] §eNew buff§r§r§r: §r§fGain §r§a+15% §r§fmore Powder while mining.
03:36:41 [SKYMALL] §8§oYou can disable this messaging by toggling Sky Mall in your /hotm!
03:36:44 [EMPTY]  
03:36:44 [STASH_COMPACT] §f                §7You have §37,898 §7materials stashed away!
03:36:44 [STASH_COMPACT] §f              §8(This totals 3 types of materials stashed!)
03:36:44 [STASH_COMPACT] §f                §3§l>>> §3§lCLICK HERE§b to pick them up! §3§l<<<
03:36:44 [EMPTY]   
03:37:45 [EMPTY]  
03:37:45 [STASH_COMPACT] §f                §7You have §37,898 §7materials stashed away!
03:37:45 [STASH_COMPACT] §f              §8(This totals 3 types of materials stashed!)
03:37:45 [STASH_COMPACT] §f                §3§l>>> §3§lCLICK HERE§b to pick them up! §3§l<<<
03:37:45 [EMPTY]   
03:38:46 [EMPTY]  
03:38:46 [STASH_COMPACT] §f                §7You have §37,898 §7materials stashed away!
03:38:46 [STASH_COMPACT] §f              §8(This totals 3 types of materials stashed!)
03:38:46 [STASH_COMPACT] §f                §3§l>>> §3§lCLICK HERE§b to pick them up! §3§l<<<
03:38:46 [EMPTY]   
03:39:47 [EMPTY]  
03:39:47 [STASH_COMPACT] §f                §7You have §37,898 §7materials stashed away!
03:39:47 [STASH_COMPACT] §f              §8(This totals 3 types of materials stashed!)
03:39:47 [STASH_COMPACT] §f                §3§l>>> §3§lCLICK HERE§b to pick them up! §3§l<<<
03:39:47 [EMPTY]   
03:40:48 [EMPTY]  
03:40:48 [STASH_COMPACT] §f                §7You have §37,898 §7materials stashed away!
03:40:48 [STASH_COMPACT] §f              §8(This totals 3 types of materials stashed!)
03:40:48 [STASH_COMPACT] §f                §3§l>>> §3§lCLICK HERE§b to pick them up! §3§l<<<
03:40:48 [EMPTY]   
03:41:49 [EMPTY]  
03:41:49 [STASH_COMPACT] §f                §7You have §37,898 §7materials stashed away!
03:41:49 [STASH_COMPACT] §f              §8(This totals 3 types of materials stashed!)
03:41:49 [STASH_COMPACT] §f                §3§l>>> §3§lCLICK HERE§b to pick them up! §3§l<<<
03:41:49 [EMPTY]   
03:42:51 [EMPTY]  
03:42:51 [STASH_COMPACT] §f                §7You have §37,898 §7materials stashed away!
03:42:51 [STASH_COMPACT] §f              §8(This totals 3 types of materials stashed!)
03:42:51 [STASH_COMPACT] §f                §3§l>>> §3§lCLICK HERE§b to pick them up! §3§l<<<
03:42:51 [EMPTY]   
03:43:52 [EMPTY]  
03:43:52 [STASH_COMPACT] §f                §7You have §37,898 §7materials stashed away!
03:43:52 [STASH_COMPACT] §f              §8(This totals 3 types of materials stashed!)
03:43:52 [STASH_COMPACT] §f                §3§l>>> §3§lCLICK HERE§b to pick them up! §3§l<<<
03:43:52 [EMPTY]   
03:44:34 [EMPTY] §8 §r§8 §r§1 §r§3 §r§3 §r§7 §r§8 
03:44:39 [EMPTY]  
03:44:39 [STASH_COMPACT] §f                §7You have §37,898 §7materials stashed away!
03:44:39 [STASH_COMPACT] §f              §8(This totals 3 types of materials stashed!)
03:44:39 [STASH_COMPACT] §f                §3§l>>> §3§lCLICK HERE§b to pick them up! §3§l<<<
03:44:39 [EMPTY]   
03:44:39 [EMPTY]  
03:44:40 [STASH_COMPACT] §f                §7You have §37,898 §7materials stashed away!
03:44:40 [STASH_COMPACT] §f              §8(This totals 3 types of materials stashed!)
03:44:40 [STASH_COMPACT] §f                §3§l>>> §3§lCLICK HERE§b to pick them up! §3§l<<<
03:44:40 [EMPTY]   
03:45:35 [EMPTY] 
03:45:35 [EMPTY] 
03:45:39 [EMPTY]  
03:45:39 [STASH_COMPACT] §f                §7You have §37,898 §7materials stashed away!
03:45:39 [STASH_COMPACT] §f              §8(This totals 3 types of materials stashed!)
03:45:39 [STASH_COMPACT] §f                §3§l>>> §3§lCLICK HERE§b to pick them up! §3§l<<<
03:45:39 [EMPTY]   
03:46:39 [EMPTY]  
03:46:39 [STASH_COMPACT] §f                §7You have §37,898 §7materials stashed away!
03:46:39 [STASH_COMPACT] §f              §8(This totals 3 types of materials stashed!)
03:46:39 [STASH_COMPACT] §f                §3§l>>> §3§lCLICK HERE§b to pick them up! §3§l<<<
03:46:39 [EMPTY]   
03:47:40 [EMPTY]  
03:47:40 [STASH_COMPACT] §f                §7You have §37,898 §7materials stashed away!
03:47:40 [STASH_COMPACT] §f              §8(This totals 3 types of materials stashed!)
03:47:40 [STASH_COMPACT] §f                §3§l>>> §3§lCLICK HERE§b to pick them up! §3§l<<<
03:47:40 [EMPTY]   
03:48:40 [EMPTY]  
03:48:40 [STASH_COMPACT] §f                §7You have §37,898 §7materials stashed away!
03:48:40 [STASH_COMPACT] §f              §8(This totals 3 types of materials stashed!)
03:48:40 [STASH_COMPACT] §f                §3§l>>> §3§lCLICK HERE§b to pick them up! §3§l<<<
03:48:40 [EMPTY]   
03:49:40 [EMPTY]  
03:49:40 [STASH_COMPACT] §f                §7You have §37,898 §7materials stashed away!
03:49:40 [STASH_COMPACT] §f              §8(This totals 3 types of materials stashed!)
03:49:40 [STASH_COMPACT] §f                §3§l>>> §3§lCLICK HERE§b to pick them up! §3§l<<<
03:49:40 [EMPTY]   
