04:11:30 Trying to load config from config/skyhanni/config.json
04:11:30 load-config-now
04:11:30 Loaded config from file
04:11:30 Trying to load sacks from config/skyhanni/sacks.json
04:11:30 load-sacks-now
04:11:30 Loaded sacks from file
04:11:30 Trying to load friends from config/skyhanni/friends.json
04:11:30 load-friends-now
04:11:30 Loaded friends from file
04:11:30 Trying to load known_features from config/skyhanni/known_features.json
04:11:30 load-known_features-now
04:11:30 Loaded known_features from file
04:11:30 Trying to load jacob_contests from config/skyhanni/jacob_contests.json
04:11:30 load-jacob_contests-now
04:11:30 Loaded jacob_contests from file
04:11:30 Trying to load visual_words from config/skyhanni/visual_words.json
04:11:30 Setting visual_words to be blank as it did not exist. It will be saved once something is written to it
04:11:42 saveConfig: Updated known feature flags
04:11:42 Saving known_features file
04:12:30 saveConfig: auto-save-60s
04:12:30 Saving config file
04:13:30 saveConfig: auto-save-60s
04:13:30 Saving config file
04:14:30 saveConfig: auto-save-60s
04:14:30 Saving config file
04:14:42 saveConfig: saving-data
04:14:42 Saving sacks file
04:14:52 saveConfig: saving-data
04:14:52 Saving sacks file
04:14:54 saveConfig: saving-data
04:14:54 Saving sacks file
04:15:30 saveConfig: auto-save-60s
04:15:30 Saving config file
04:16:30 saveConfig: auto-save-60s
04:16:30 Saving config file
04:17:30 saveConfig: auto-save-60s
04:17:30 Saving config file
04:18:30 saveConfig: auto-save-60s
04:18:30 Saving config file
04:19:30 saveConfig: auto-save-60s
04:19:30 Saving config file
04:20:30 saveConfig: auto-save-60s
04:20:30 Saving config file
04:21:30 saveConfig: auto-save-60s
04:21:30 Saving config file
04:22:30 saveConfig: auto-save-60s
04:22:30 Saving config file
04:23:30 saveConfig: auto-save-60s
04:23:30 Saving config file
04:24:30 saveConfig: auto-save-60s
04:24:30 Saving config file
04:25:30 saveConfig: auto-save-60s
04:25:30 Saving config file
04:26:30 saveConfig: auto-save-60s
04:26:30 Saving config file
04:27:30 saveConfig: auto-save-60s
04:27:30 Saving config file
04:28:30 saveConfig: auto-save-60s
04:28:30 Saving config file
04:29:30 saveConfig: auto-save-60s
04:29:30 Saving config file
04:30:30 saveConfig: auto-save-60s
04:30:30 Saving config file
04:31:30 saveConfig: auto-save-60s
04:31:30 Saving config file
04:32:30 saveConfig: auto-save-60s
04:32:30 Saving config file
04:33:30 saveConfig: auto-save-60s
04:33:30 Saving config file
04:34:30 saveConfig: auto-save-60s
04:34:30 Saving config file
04:35:30 saveConfig: auto-save-60s
04:35:30 Saving config file
04:36:30 saveConfig: auto-save-60s
04:36:30 Saving config file
04:37:30 saveConfig: auto-save-60s
04:37:30 Saving config file
04:38:30 saveConfig: auto-save-60s
04:38:30 Saving config file
04:39:30 saveConfig: auto-save-60s
04:39:30 Saving config file
04:40:30 saveConfig: auto-save-60s
04:40:30 Saving config file
04:41:30 saveConfig: auto-save-60s
04:41:30 Saving config file
04:42:30 saveConfig: auto-save-60s
04:42:30 Saving config file
04:43:30 saveConfig: auto-save-60s
04:43:30 Saving config file
04:44:30 saveConfig: auto-save-60s
04:44:30 Saving config file
04:45:30 saveConfig: auto-save-60s
04:45:30 Saving config file
04:46:30 saveConfig: auto-save-60s
04:46:30 Saving config file
04:47:30 saveConfig: auto-save-60s
04:47:30 Saving config file
04:48:30 saveConfig: auto-save-60s
04:48:30 Saving config file
04:49:30 saveConfig: auto-save-60s
04:49:30 Saving config file
04:50:30 saveConfig: auto-save-60s
04:50:30 Saving config file
04:51:30 saveConfig: auto-save-60s
04:51:30 Saving config file
04:52:30 saveConfig: auto-save-60s
04:52:30 Saving config file
04:53:30 saveConfig: auto-save-60s
04:53:30 Saving config file
04:54:30 saveConfig: auto-save-60s
04:54:30 Saving config file
04:55:30 saveConfig: auto-save-60s
04:55:30 Saving config file
04:56:30 saveConfig: auto-save-60s
04:56:30 Saving config file
04:57:30 saveConfig: auto-save-60s
04:57:30 Saving config file
04:58:30 saveConfig: auto-save-60s
04:58:30 Saving config file
04:59:30 saveConfig: auto-save-60s
04:59:30 Saving config file
05:00:30 saveConfig: auto-save-60s
05:00:30 Saving config file
05:01:30 saveConfig: auto-save-60s
05:01:30 Saving config file
05:02:30 saveConfig: auto-save-60s
05:02:30 Saving config file
05:03:30 saveConfig: auto-save-60s
05:03:30 Saving config file
05:04:30 saveConfig: auto-save-60s
05:04:30 Saving config file
05:05:30 saveConfig: auto-save-60s
05:05:30 Saving config file
05:06:30 saveConfig: auto-save-60s
05:06:30 Saving config file
05:07:30 saveConfig: auto-save-60s
05:07:30 Saving config file
05:08:30 saveConfig: auto-save-60s
05:08:30 Saving config file
05:09:30 saveConfig: auto-save-60s
05:09:30 Saving config file
05:10:30 saveConfig: auto-save-60s
05:10:30 Saving config file
05:11:30 saveConfig: auto-save-60s
05:11:30 Saving config file
05:12:30 saveConfig: auto-save-60s
05:12:30 Saving config file
05:13:30 saveConfig: auto-save-60s
05:13:30 Saving config file
05:14:19 saveConfig: saving-data
05:14:19 Saving sacks file
05:14:30 saveConfig: auto-save-60s
05:14:30 Saving config file
05:14:58 saveConfig: saving-data
05:14:58 Saving sacks file
05:15:30 saveConfig: auto-save-60s
05:15:30 Saving config file
05:16:30 saveConfig: auto-save-60s
05:16:30 Saving config file
05:17:30 saveConfig: auto-save-60s
05:17:30 Saving config file
05:18:30 saveConfig: auto-save-60s
05:18:30 Saving config file
05:19:30 saveConfig: auto-save-60s
05:19:30 Saving config file
05:20:24 saveConfig: saving-data
05:20:24 Saving sacks file
05:20:30 saveConfig: auto-save-60s
05:20:30 Saving config file
05:21:30 saveConfig: auto-save-60s
05:21:30 Saving config file
05:22:22 saveConfig: saving-data
05:22:22 Saving sacks file
05:22:30 saveConfig: auto-save-60s
05:22:30 Saving config file
05:23:30 saveConfig: auto-save-60s
05:23:30 Saving config file
05:24:30 saveConfig: auto-save-60s
05:24:30 Saving config file
05:25:30 saveConfig: auto-save-60s
05:25:30 Saving config file
05:26:30 saveConfig: auto-save-60s
05:26:30 Saving config file
05:27:30 saveConfig: auto-save-60s
05:27:30 Saving config file
05:28:30 saveConfig: auto-save-60s
05:28:30 Saving config file
05:29:30 saveConfig: auto-save-60s
05:29:30 Saving config file
05:30:30 saveConfig: auto-save-60s
05:30:30 Saving config file
05:31:30 saveConfig: auto-save-60s
05:31:30 Saving config file
05:31:45 saveConfig: saving-data
05:31:45 Saving sacks file
05:32:30 saveConfig: auto-save-60s
05:32:30 Saving config file
05:33:30 saveConfig: auto-save-60s
05:33:30 Saving config file
05:34:30 saveConfig: auto-save-60s
05:34:30 Saving config file
05:35:30 saveConfig: auto-save-60s
05:35:30 Saving config file
05:36:30 saveConfig: auto-save-60s
05:36:30 Saving config file
05:37:10 saveConfig: saving-data
05:37:10 Saving sacks file
05:37:30 saveConfig: auto-save-60s
05:37:30 Saving config file
05:37:31 saveConfig: saving-data
05:37:31 Saving sacks file
05:38:30 saveConfig: auto-save-60s
05:38:30 Saving config file
05:39:30 saveConfig: auto-save-60s
05:39:30 Saving config file
05:40:30 saveConfig: auto-save-60s
05:40:30 Saving config file
05:41:30 saveConfig: auto-save-60s
05:41:30 Saving config file
05:42:30 saveConfig: auto-save-60s
05:42:30 Saving config file
05:43:30 saveConfig: auto-save-60s
05:43:30 Saving config file
05:44:30 saveConfig: auto-save-60s
05:44:30 Saving config file
05:45:30 saveConfig: auto-save-60s
05:45:30 Saving config file
05:46:30 saveConfig: auto-save-60s
05:46:30 Saving config file
05:47:30 saveConfig: auto-save-60s
05:47:30 Saving config file
05:48:30 saveConfig: auto-save-60s
05:48:30 Saving config file
05:49:30 saveConfig: auto-save-60s
05:49:30 Saving config file
05:50:30 saveConfig: auto-save-60s
05:50:30 Saving config file
05:51:30 saveConfig: auto-save-60s
05:51:30 Saving config file
05:52:30 saveConfig: auto-save-60s
05:52:30 Saving config file
05:53:30 saveConfig: auto-save-60s
05:53:30 Saving config file
05:54:30 saveConfig: auto-save-60s
05:54:30 Saving config file
05:55:30 saveConfig: auto-save-60s
05:55:30 Saving config file
05:56:30 saveConfig: auto-save-60s
05:56:30 Saving config file
05:57:30 saveConfig: auto-save-60s
05:57:30 Saving config file
05:58:30 saveConfig: auto-save-60s
05:58:30 Saving config file
05:59:30 saveConfig: auto-save-60s
05:59:30 Saving config file
06:00:30 saveConfig: auto-save-60s
06:00:30 Saving config file
06:01:30 saveConfig: auto-save-60s
06:01:30 Saving config file
06:02:30 saveConfig: auto-save-60s
06:02:30 Saving config file
06:03:30 saveConfig: auto-save-60s
06:03:30 Saving config file
06:04:30 saveConfig: auto-save-60s
06:04:30 Saving config file
06:05:30 saveConfig: auto-save-60s
06:05:30 Saving config file
06:06:30 saveConfig: auto-save-60s
06:06:30 Saving config file
06:07:30 saveConfig: auto-save-60s
06:07:30 Saving config file
06:08:30 saveConfig: auto-save-60s
06:08:30 Saving config file
06:09:30 saveConfig: auto-save-60s
06:09:30 Saving config file
06:10:30 saveConfig: auto-save-60s
06:10:30 Saving config file
06:11:30 saveConfig: auto-save-60s
06:11:30 Saving config file
06:12:30 saveConfig: auto-save-60s
06:12:30 Saving config file
06:13:30 saveConfig: auto-save-60s
06:13:30 Saving config file
06:14:30 saveConfig: auto-save-60s
06:14:30 Saving config file
06:15:30 saveConfig: auto-save-60s
06:15:30 Saving config file
06:16:30 saveConfig: auto-save-60s
06:16:30 Saving config file
06:17:30 saveConfig: auto-save-60s
06:17:30 Saving config file
06:18:30 saveConfig: auto-save-60s
06:18:30 Saving config file
06:19:30 saveConfig: auto-save-60s
06:19:30 Saving config file
06:20:30 saveConfig: auto-save-60s
06:20:30 Saving config file
06:21:30 saveConfig: auto-save-60s
06:21:30 Saving config file
06:22:30 saveConfig: auto-save-60s
06:22:30 Saving config file
06:23:30 saveConfig: auto-save-60s
06:23:30 Saving config file
06:24:30 saveConfig: auto-save-60s
06:24:30 Saving config file
06:25:30 saveConfig: auto-save-60s
06:25:30 Saving config file
06:26:30 saveConfig: auto-save-60s
06:26:30 Saving config file
06:27:30 saveConfig: auto-save-60s
06:27:30 Saving config file
06:28:30 saveConfig: auto-save-60s
06:28:30 Saving config file
06:29:30 saveConfig: auto-save-60s
06:29:30 Saving config file
06:30:30 saveConfig: auto-save-60s
06:30:30 Saving config file
06:31:30 saveConfig: auto-save-60s
06:31:30 Saving config file
06:32:30 saveConfig: auto-save-60s
06:32:30 Saving config file
06:33:30 saveConfig: auto-save-60s
06:33:30 Saving config file
06:34:30 saveConfig: auto-save-60s
06:34:30 Saving config file
06:35:30 saveConfig: auto-save-60s
06:35:30 Saving config file
06:36:30 saveConfig: auto-save-60s
06:36:30 Saving config file
06:37:30 saveConfig: auto-save-60s
06:37:30 Saving config file
06:38:30 saveConfig: auto-save-60s
06:38:30 Saving config file
06:39:30 saveConfig: auto-save-60s
06:39:30 Saving config file
06:40:30 saveConfig: auto-save-60s
06:40:30 Saving config file
06:41:30 saveConfig: auto-save-60s
06:41:30 Saving config file
06:42:30 saveConfig: auto-save-60s
06:42:30 Saving config file
06:43:30 saveConfig: auto-save-60s
06:43:30 Saving config file
06:44:30 saveConfig: auto-save-60s
06:44:30 Saving config file
06:45:30 saveConfig: auto-save-60s
06:45:30 Saving config file
06:46:30 saveConfig: auto-save-60s
06:46:30 Saving config file
06:47:30 saveConfig: auto-save-60s
06:47:30 Saving config file
06:48:30 saveConfig: auto-save-60s
06:48:30 Saving config file
06:49:30 saveConfig: auto-save-60s
06:49:30 Saving config file
06:50:30 saveConfig: auto-save-60s
06:50:30 Saving config file
06:51:30 saveConfig: auto-save-60s
06:51:30 Saving config file
06:52:30 saveConfig: auto-save-60s
06:52:30 Saving config file
06:53:30 saveConfig: auto-save-60s
06:53:30 Saving config file
06:54:30 saveConfig: auto-save-60s
06:54:30 Saving config file
06:55:30 saveConfig: auto-save-60s
06:55:30 Saving config file
06:56:30 saveConfig: auto-save-60s
06:56:30 Saving config file
06:57:30 saveConfig: auto-save-60s
06:57:30 Saving config file
06:58:30 saveConfig: auto-save-60s
06:58:30 Saving config file
06:59:30 saveConfig: auto-save-60s
06:59:30 Saving config file
07:00:30 saveConfig: auto-save-60s
07:00:30 Saving config file
07:01:30 saveConfig: auto-save-60s
07:01:30 Saving config file
07:02:30 saveConfig: auto-save-60s
07:02:30 Saving config file
07:03:30 saveConfig: auto-save-60s
07:03:30 Saving config file
07:04:30 saveConfig: auto-save-60s
07:04:30 Saving config file
07:05:30 saveConfig: auto-save-60s
07:05:30 Saving config file
07:06:30 saveConfig: auto-save-60s
07:06:30 Saving config file
07:07:30 saveConfig: auto-save-60s
07:07:30 Saving config file
07:08:30 saveConfig: auto-save-60s
07:08:30 Saving config file
07:09:30 saveConfig: auto-save-60s
07:09:30 Saving config file
07:10:30 saveConfig: auto-save-60s
07:10:30 Saving config file
07:11:30 saveConfig: auto-save-60s
07:11:30 Saving config file
07:12:30 saveConfig: auto-save-60s
07:12:30 Saving config file
07:13:30 saveConfig: auto-save-60s
07:13:30 Saving config file
07:14:30 saveConfig: auto-save-60s
07:14:30 Saving config file
07:15:30 saveConfig: auto-save-60s
07:15:30 Saving config file
07:16:30 saveConfig: auto-save-60s
07:16:30 Saving config file
07:17:30 saveConfig: auto-save-60s
07:17:30 Saving config file
07:18:30 saveConfig: auto-save-60s
07:18:30 Saving config file
07:19:30 saveConfig: auto-save-60s
07:19:30 Saving config file
07:20:30 saveConfig: auto-save-60s
07:20:30 Saving config file
07:21:30 saveConfig: auto-save-60s
07:21:30 Saving config file
07:22:30 saveConfig: auto-save-60s
07:22:30 Saving config file
07:23:13 saveConfig: shutdown-hook
07:23:13 Saving config file
