21:06:40 §f §r§r§r§f §r§r§r§1 §r§r§r§0 §r§r§r§2 §r§r§r§f §r§r§r§f §r§r§r§2 §r§r§r§0 §r§r§r§4 §r§r§r§3 §r§r§r§9 §r§r§r§2 §r§r§r§0 §r§r§r§0 §r§r§r§3 §r§r§r§9 §r§r§r§2 §r§r§r§0 §r§r§r§0 §r§r§r§3 §r§r§r§9 §r§r§r§2 §r§r§r§0 §r§r§r§0 
21:06:40 
21:07:09 §8 §r§8 §r§1 §r§3 §r§3 §r§7 §r§8 
21:07:11 
21:07:11 
21:07:12  
21:07:12   
21:10:28 §8 §r§8 §r§1 §r§3 §r§3 §r§7 §r§8 
21:36:04 §8 §r§8 §r§1 §r§3 §r§3 §r§7 §r§8 
21:38:02 §8 §r§8 §r§1 §r§3 §r§3 §r§7 §r§8 
21:47:25 
21:47:25 
21:52:04 §8 §r§8 §r§1 §r§3 §r§3 §r§7 §r§8 
22:06:33 §8 §r§8 §r§1 §r§3 §r§3 §r§7 §r§8 
22:15:24 
22:15:24 
22:15:44 §8 §r§8 §r§1 §r§3 §r§3 §r§7 §r§8 
23:00:12 §f
23:00:12 §c
23:05:59 §8 §r§8 §r§1 §r§3 §r§3 §r§7 §r§8 
23:06:03 §8 §r§8 §r§1 §r§3 §r§3 §r§7 §r§8 
23:18:13 §8 §r§8 §r§1 §r§3 §r§3 §r§7 §r§8 
23:19:41 
23:19:41 
23:19:41 
23:19:41 
23:20:14 
23:20:14 
23:21:54 
23:21:54 
23:21:54 
23:21:54 
11:27:34 §f §r§r§r§f §r§r§r§1 §r§r§r§0 §r§r§r§2 §r§r§r§f §r§r§r§f §r§r§r§2 §r§r§r§0 §r§r§r§4 §r§r§r§3 §r§r§r§9 §r§r§r§2 §r§r§r§0 §r§r§r§0 §r§r§r§3 §r§r§r§9 §r§r§r§2 §r§r§r§0 §r§r§r§0 §r§r§r§3 §r§r§r§9 §r§r§r§2 §r§r§r§0 §r§r§r§0 
11:27:34 
11:28:09 §8 §r§8 §r§1 §r§3 §r§3 §r§7 §r§8 
11:28:11 
11:28:11 
11:28:46 
11:28:46 
11:28:46 
11:28:46 
11:41:02 
11:41:02 
11:41:15  
11:41:15  
11:48:12 
11:48:12 
11:48:12 
11:48:12 
