21:36:41 §bNew day! §r§eYour §r§2Sky Mall §r§ebuff changed!
21:36:41 §eNew buff§r§r§r: §r§fGain §r§a+15% §r§fmore Powder while mining.
21:36:41 §8§oYou can disable this messaging by toggling Sky Mall in your /hotm!
21:55:01 §bNew day! §r§eYour §r§2Sky Mall §r§ebuff changed!
21:55:01 §eNew buff§r§r§r: §r§fGain §r§6+100⸕ Mining Speed§r§f.
21:55:01 §8§oYou can disable this messaging by toggling Sky Mall in your /hotm!
22:15:02 §bNew day! §r§eYour §r§2Sky Mall §r§ebuff changed!
22:15:02 §eNew buff§r§r§r: §r§fGain §r§a+15% §r§fmore Powder while mining.
22:15:02 §8§oYou can disable this messaging by toggling Sky Mall in your /hotm!
22:35:00 §bNew day! §r§eYour §r§2Sky Mall §r§ebuff changed!
22:35:00 §eNew buff§r§r§r: §r§fGain §r§a+15% §r§fmore Powder while mining.
22:35:00 §8§oYou can disable this messaging by toggling Sky Mall in your /hotm!
22:55:00 §bNew day! §r§eYour §r§2Sky Mall §r§ebuff changed!
22:55:00 §eNew buff§r§r§r: §r§f§r§a10x §r§fchance to find Golden and Diamond Goblins.
22:55:00 §8§oYou can disable this messaging by toggling Sky Mall in your /hotm!
23:15:00 §bNew day! §r§eYour §r§2Sky Mall §r§ebuff changed!
23:15:00 §eNew buff§r§r§r: §r§fGain §r§6+100⸕ Mining Speed§r§f.
23:15:00 §8§oYou can disable this messaging by toggling Sky Mall in your /hotm!
23:35:00 §bNew day! §r§eYour §r§2Sky Mall §r§ebuff changed!
23:35:00 §eNew buff§r§r§r: §r§fGain §r§6+50☘ Mining Fortune§r§f.
23:35:00 §8§oYou can disable this messaging by toggling Sky Mall in your /hotm!
11:28:14 §bNew day! §r§eYour §r§2Sky Mall §r§ebuff changed!
11:28:14 §eNew buff§r§r§r: §r§fGain §r§a+15% §r§fmore Powder while mining.
11:28:14 §8§oYou can disable this messaging by toggling Sky Mall in your /hotm!
11:35:01 §bNew day! §r§eYour §r§2Sky Mall §r§ebuff changed!
11:35:01 §eNew buff§r§r§r: §r§f§r§a10x §r§fchance to find Golden and Diamond Goblins.
11:35:01 §8§oYou can disable this messaging by toggling Sky Mall in your /hotm!
