23:13:31 [EMPTY] §f §r§r§r§f §r§r§r§1 §r§r§r§0 §r§r§r§2 §r§r§r§f §r§r§r§f §r§r§r§2 §r§r§r§0 §r§r§r§4 §r§r§r§3 §r§r§r§9 §r§r§r§2 §r§r§r§0 §r§r§r§0 §r§r§r§3 §r§r§r§9 §r§r§r§2 §r§r§r§0 §r§r§r§0 §r§r§r§3 §r§r§r§9 §r§r§r§2 §r§r§r§0 §r§r§r§0 
23:13:31 [EMPTY] 
23:13:36 [EMPTY] §8 §r§8 §r§1 §r§3 §r§3 §r§7 §r§8 
23:13:38 [EMPTY] 
23:13:38 [EMPTY] 
23:13:39 [EMPTY]  
23:13:39 [STASH_COMPACT] §f               §7You have §351,240 §7materials stashed away!
23:13:39 [STASH_COMPACT] §f              §8(This totals 5 types of materials stashed!)
23:13:39 [STASH_COMPACT] §f                §3§l>>> §3§lCLICK HERE§b to pick them up! §3§l<<<
23:13:39 [EMPTY]   
23:13:40 [EMPTY]  
23:13:40 [STASH_COMPACT] §f               §7You have §351,240 §7materials stashed away!
23:13:40 [STASH_COMPACT] §f              §8(This totals 5 types of materials stashed!)
23:13:40 [STASH_COMPACT] §f                §3§l>>> §3§lCLICK HERE§b to pick them up! §3§l<<<
23:13:40 [EMPTY]   
23:13:41 [SKYMALL] §bNew day! §r§eYour §r§2Sky Mall §r§ebuff changed!
23:13:41 [SKYMALL] §eNew buff§r§r§r: §r§fGain §r§a+15% §r§fmore Powder while mining.
23:13:41 [SKYMALL] §8§oYou can disable this messaging by toggling Sky Mall in your /hotm!
23:14:02 [EMPTY] §f
23:14:02 [EMPTY] §f
23:14:02 [EMPTY] §f
23:14:02 [EMPTY] §f
23:14:02 [EMPTY] §f
23:14:41 [EMPTY]  
23:14:41 [STASH_COMPACT] §f               §7You have §351,240 §7materials stashed away!
23:14:41 [STASH_COMPACT] §f              §8(This totals 5 types of materials stashed!)
23:14:41 [STASH_COMPACT] §f                §3§l>>> §3§lCLICK HERE§b to pick them up! §3§l<<<
23:14:41 [EMPTY]   
23:14:59 [EMPTY] §8 §r§8 §r§1 §r§3 §r§3 §r§7 §r§8 
23:15:03 [EMPTY]  
23:15:03 [STASH_COMPACT] §f               §7You have §351,240 §7materials stashed away!
23:15:03 [STASH_COMPACT] §f              §8(This totals 5 types of materials stashed!)
23:15:03 [STASH_COMPACT] §f                §3§l>>> §3§lCLICK HERE§b to pick them up! §3§l<<<
23:15:03 [EMPTY]   
23:15:05 [EMPTY] §8 §r§8 §r§1 §r§3 §r§3 §r§7 §r§8 
23:15:08 [EMPTY]  
23:15:08 [STASH_COMPACT] §f               §7You have §351,240 §7materials stashed away!
23:15:08 [STASH_COMPACT] §f              §8(This totals 5 types of materials stashed!)
23:15:08 [STASH_COMPACT] §f                §3§l>>> §3§lCLICK HERE§b to pick them up! §3§l<<<
23:15:08 [EMPTY]   
23:15:09 [EMPTY] §8 §r§8 §r§1 §r§3 §r§3 §r§7 §r§8 
23:15:13 [EMPTY]  
23:15:13 [STASH_COMPACT] §f               §7You have §351,240 §7materials stashed away!
23:15:13 [STASH_COMPACT] §f              §8(This totals 5 types of materials stashed!)
23:15:13 [STASH_COMPACT] §f                §3§l>>> §3§lCLICK HERE§b to pick them up! §3§l<<<
23:15:13 [EMPTY]   
23:15:13 [EMPTY] §8 §r§8 §r§1 §r§3 §r§3 §r§7 §r§8 
23:15:17 [EMPTY]  
23:15:17 [STASH_COMPACT] §f               §7You have §351,240 §7materials stashed away!
23:15:17 [STASH_COMPACT] §f              §8(This totals 5 types of materials stashed!)
23:15:17 [STASH_COMPACT] §f                §3§l>>> §3§lCLICK HERE§b to pick them up! §3§l<<<
23:15:17 [EMPTY]   
23:15:18 [EMPTY] §8 §r§8 §r§1 §r§3 §r§3 §r§7 §r§8 
23:15:22 [EMPTY] §8 §r§8 §r§1 §r§3 §r§3 §r§7 §r§8 
23:15:26 [EMPTY]  
23:15:26 [STASH_COMPACT] §f               §7You have §351,240 §7materials stashed away!
23:15:26 [STASH_COMPACT] §f              §8(This totals 5 types of materials stashed!)
23:15:26 [STASH_COMPACT] §f                §3§l>>> §3§lCLICK HERE§b to pick them up! §3§l<<<
23:15:26 [EMPTY]   
23:15:27 [EMPTY] §8 §r§8 §r§1 §r§3 §r§3 §r§7 §r§8 
23:15:30 [EMPTY] §8 §r§8 §r§1 §r§3 §r§3 §r§7 §r§8 
23:15:34 [EMPTY]  
23:15:34 [STASH_COMPACT] §f               §7You have §351,240 §7materials stashed away!
23:15:34 [STASH_COMPACT] §f              §8(This totals 5 types of materials stashed!)
23:15:34 [STASH_COMPACT] §f                §3§l>>> §3§lCLICK HERE§b to pick them up! §3§l<<<
23:15:34 [EMPTY]   
23:15:34 [EMPTY] §8 §r§8 §r§1 §r§3 §r§3 §r§7 §r§8 
23:15:38 [EMPTY]  
23:15:38 [STASH_COMPACT] §f               §7You have §351,240 §7materials stashed away!
23:15:38 [STASH_COMPACT] §f              §8(This totals 5 types of materials stashed!)
23:15:38 [STASH_COMPACT] §f                §3§l>>> §3§lCLICK HERE§b to pick them up! §3§l<<<
23:15:38 [EMPTY]   
23:15:38 [EMPTY] §8 §r§8 §r§1 §r§3 §r§3 §r§7 §r§8 
23:15:42 [EMPTY]  
23:15:42 [STASH_COMPACT] §f               §7You have §351,240 §7materials stashed away!
23:15:42 [STASH_COMPACT] §f              §8(This totals 5 types of materials stashed!)
23:15:42 [STASH_COMPACT] §f                §3§l>>> §3§lCLICK HERE§b to pick them up! §3§l<<<
23:15:42 [EMPTY]   
23:15:42 [EMPTY] §8 §r§8 §r§1 §r§3 §r§3 §r§7 §r§8 
23:15:46 [EMPTY]  
23:15:46 [STASH_COMPACT] §f               §7You have §351,240 §7materials stashed away!
23:15:46 [STASH_COMPACT] §f              §8(This totals 5 types of materials stashed!)
23:15:46 [STASH_COMPACT] §f                §3§l>>> §3§lCLICK HERE§b to pick them up! §3§l<<<
23:15:46 [EMPTY]   
23:16:06 [EMPTY]  
23:16:06 [STASH_COMPACT] §f               §7You have §351,240 §7materials stashed away!
23:16:06 [STASH_COMPACT] §f              §8(This totals 5 types of materials stashed!)
23:16:06 [STASH_COMPACT] §f                §3§l>>> §3§lCLICK HERE§b to pick them up! §3§l<<<
23:16:06 [EMPTY]   
23:16:21 [EMPTY] §8 §r§8 §r§1 §r§3 §r§3 §r§7 §r§8 
23:16:25 [EMPTY]  
23:16:25 [STASH_COMPACT] §f               §7You have §351,240 §7materials stashed away!
23:16:25 [STASH_COMPACT] §f              §8(This totals 5 types of materials stashed!)
23:16:25 [STASH_COMPACT] §f                §3§l>>> §3§lCLICK HERE§b to pick them up! §3§l<<<
23:16:25 [EMPTY]   
23:16:37 [EMPTY]  
23:16:37 [STASH_COMPACT] §f               §7You have §351,240 §7materials stashed away!
23:16:37 [STASH_COMPACT] §f              §8(This totals 5 types of materials stashed!)
23:16:37 [STASH_COMPACT] §f                §3§l>>> §3§lCLICK HERE§b to pick them up! §3§l<<<
23:16:37 [EMPTY]   
23:17:38 [EMPTY]  
23:17:38 [STASH_COMPACT] §f               §7You have §351,240 §7materials stashed away!
23:17:38 [STASH_COMPACT] §f              §8(This totals 5 types of materials stashed!)
23:17:38 [STASH_COMPACT] §f                §3§l>>> §3§lCLICK HERE§b to pick them up! §3§l<<<
23:17:38 [EMPTY]   
23:18:38 [EMPTY]  
23:18:38 [STASH_COMPACT] §f               §7You have §351,240 §7materials stashed away!
23:18:38 [STASH_COMPACT] §f              §8(This totals 5 types of materials stashed!)
23:18:38 [STASH_COMPACT] §f                §3§l>>> §3§lCLICK HERE§b to pick them up! §3§l<<<
23:18:38 [EMPTY]   
23:19:39 [EMPTY]  
23:19:39 [STASH_COMPACT] §f               §7You have §351,240 §7materials stashed away!
23:19:39 [STASH_COMPACT] §f              §8(This totals 5 types of materials stashed!)
23:19:39 [STASH_COMPACT] §f                §3§l>>> §3§lCLICK HERE§b to pick them up! §3§l<<<
23:19:39 [EMPTY]   
23:20:39 [EMPTY]  
23:20:39 [STASH_COMPACT] §f               §7You have §351,240 §7materials stashed away!
23:20:39 [STASH_COMPACT] §f              §8(This totals 5 types of materials stashed!)
23:20:39 [STASH_COMPACT] §f                §3§l>>> §3§lCLICK HERE§b to pick them up! §3§l<<<
23:20:39 [EMPTY]   
23:21:40 [EMPTY]  
23:21:40 [STASH_COMPACT] §f               §7You have §351,240 §7materials stashed away!
23:21:40 [STASH_COMPACT] §f              §8(This totals 5 types of materials stashed!)
23:21:40 [STASH_COMPACT] §f                §3§l>>> §3§lCLICK HERE§b to pick them up! §3§l<<<
23:21:40 [EMPTY]   
23:22:40 [EMPTY]  
23:22:40 [STASH_COMPACT] §f               §7You have §351,240 §7materials stashed away!
23:22:40 [STASH_COMPACT] §f              §8(This totals 5 types of materials stashed!)
23:22:40 [STASH_COMPACT] §f                §3§l>>> §3§lCLICK HERE§b to pick them up! §3§l<<<
23:22:40 [EMPTY]   
23:23:41 [EMPTY]  
23:23:41 [STASH_COMPACT] §f               §7You have §351,240 §7materials stashed away!
23:23:41 [STASH_COMPACT] §f              §8(This totals 5 types of materials stashed!)
23:23:41 [STASH_COMPACT] §f                §3§l>>> §3§lCLICK HERE§b to pick them up! §3§l<<<
23:23:41 [EMPTY]   
23:23:50 [EMPTY] §8 §r§8 §r§1 §r§3 §r§3 §r§7 §r§8 
23:23:53 [EMPTY]  
23:23:53 [STASH_COMPACT] §f               §7You have §351,240 §7materials stashed away!
23:23:53 [STASH_COMPACT] §f              §8(This totals 5 types of materials stashed!)
23:23:53 [STASH_COMPACT] §f                §3§l>>> §3§lCLICK HERE§b to pick them up! §3§l<<<
23:23:53 [EMPTY]   
23:24:33 [EMPTY]  
23:24:33 [STASH_COMPACT] §f               §7You have §351,240 §7materials stashed away!
23:24:33 [STASH_COMPACT] §f              §8(This totals 5 types of materials stashed!)
23:24:33 [STASH_COMPACT] §f                §3§l>>> §3§lCLICK HERE§b to pick them up! §3§l<<<
23:24:33 [EMPTY]   
23:25:33 [EMPTY]  
23:25:33 [STASH_COMPACT] §f               §7You have §351,240 §7materials stashed away!
23:25:33 [STASH_COMPACT] §f              §8(This totals 5 types of materials stashed!)
23:25:33 [STASH_COMPACT] §f                §3§l>>> §3§lCLICK HERE§b to pick them up! §3§l<<<
23:25:33 [EMPTY]   
23:25:45 [EMPTY] §8 §r§8 §r§1 §r§3 §r§3 §r§7 §r§8 
23:25:48 [EMPTY]  
23:25:48 [STASH_COMPACT] §f               §7You have §351,240 §7materials stashed away!
23:25:48 [STASH_COMPACT] §f              §8(This totals 5 types of materials stashed!)
23:25:48 [STASH_COMPACT] §f                §3§l>>> §3§lCLICK HERE§b to pick them up! §3§l<<<
23:25:48 [EMPTY]   
23:25:49 [EMPTY]  
23:25:49 [STASH_COMPACT] §f               §7You have §351,240 §7materials stashed away!
23:25:49 [STASH_COMPACT] §f              §8(This totals 5 types of materials stashed!)
23:25:49 [STASH_COMPACT] §f                §3§l>>> §3§lCLICK HERE§b to pick them up! §3§l<<<
23:25:49 [EMPTY]   
23:26:06 [EMPTY] §f §r§r§r§f §r§r§r§1 §r§r§r§0 §r§r§r§2 §r§r§r§f §r§r§r§f §r§r§r§2 §r§r§r§0 §r§r§r§4 §r§r§r§3 §r§r§r§9 §r§r§r§2 §r§r§r§0 §r§r§r§0 §r§r§r§3 §r§r§r§9 §r§r§r§2 §r§r§r§0 §r§r§r§0 §r§r§r§3 §r§r§r§9 §r§r§r§2 §r§r§r§0 §r§r§r§0 
23:26:06 [EMPTY] 
23:26:08 [EMPTY] §8 §r§8 §r§1 §r§3 §r§3 §r§7 §r§8 
23:26:09 [EMPTY] 
23:26:10 [EMPTY] 
23:26:10 [EMPTY] 
23:26:10 [EMPTY] 
23:26:10 [EMPTY] 
23:26:11 [EMPTY] §8 §r§8 §r§1 §r§3 §r§3 §r§7 §r§8 
23:26:29 [EMPTY] §8 §r§8 §r§1 §r§3 §r§3 §r§7 §r§8 
23:27:48 [EMPTY] §8 §r§8 §r§1 §r§3 §r§3 §r§7 §r§8 
23:28:05 [EMPTY] §f §r§r§r§f §r§r§r§1 §r§r§r§0 §r§r§r§2 §r§r§r§f §r§r§r§f §r§r§r§2 §r§r§r§0 §r§r§r§4 §r§r§r§3 §r§r§r§9 §r§r§r§2 §r§r§r§0 §r§r§r§0 §r§r§r§3 §r§r§r§9 §r§r§r§2 §r§r§r§0 §r§r§r§0 §r§r§r§3 §r§r§r§9 §r§r§r§2 §r§r§r§0 §r§r§r§0 
23:28:05 [EMPTY] 
23:34:09 [EMPTY] §8 §r§8 §r§1 §r§3 §r§3 §r§7 §r§8 
23:34:12 [EMPTY] 
23:34:12 [EMPTY] 
23:34:13 [EMPTY]  
23:34:13 [STASH_COMPACT] §f               §7You have §351,240 §7materials stashed away!
23:34:13 [STASH_COMPACT] §f              §8(This totals 5 types of materials stashed!)
23:34:13 [STASH_COMPACT] §f                §3§l>>> §3§lCLICK HERE§b to pick them up! §3§l<<<
23:34:13 [EMPTY]   
23:34:14 [EMPTY]  
23:34:14 [STASH_COMPACT] §f               §7You have §351,240 §7materials stashed away!
23:34:14 [STASH_COMPACT] §f              §8(This totals 5 types of materials stashed!)
23:34:14 [STASH_COMPACT] §f                §3§l>>> §3§lCLICK HERE§b to pick them up! §3§l<<<
23:34:14 [EMPTY]   
23:35:00 [SKYMALL] §bNew day! §r§eYour §r§2Sky Mall §r§ebuff changed!
23:35:00 [SKYMALL] §eNew buff§r§r§r: §r§fGain §r§a+15% §r§fmore Powder while mining.
23:35:00 [SKYMALL] §8§oYou can disable this messaging by toggling Sky Mall in your /hotm!
23:35:14 [EMPTY]  
23:35:14 [STASH_COMPACT] §f               §7You have §351,240 §7materials stashed away!
23:35:14 [STASH_COMPACT] §f              §8(This totals 5 types of materials stashed!)
23:35:14 [STASH_COMPACT] §f                §3§l>>> §3§lCLICK HERE§b to pick them up! §3§l<<<
23:35:14 [EMPTY]   
23:35:42 [EMPTY] §8 §r§8 §r§1 §r§3 §r§3 §r§7 §r§8 
23:36:42 [EMPTY] 
23:36:42 [EMPTY] 
23:36:55 [EMPTY] §8 §r§8 §r§1 §r§3 §r§3 §r§7 §r§8 
23:39:10 [EMPTY] §8 §r§8 §r§1 §r§3 §r§3 §r§7 §r§8 
23:40:09 [EMPTY] 
23:40:11 [EMPTY] 
23:43:04 [EMPTY] §8 §r§8 §r§1 §r§3 §r§3 §r§7 §r§8 
23:47:29 [EMPTY] §8 §r§8 §r§1 §r§3 §r§3 §r§7 §r§8 
23:58:08 [EMPTY] §8 §r§8 §r§1 §r§3 §r§3 §r§7 §r§8 
23:58:12 [EMPTY]  
23:58:12 [STASH_COMPACT] §f               §7You have §351,240 §7materials stashed away!
23:58:12 [STASH_COMPACT] §f              §8(This totals 5 types of materials stashed!)
23:58:12 [STASH_COMPACT] §f                §3§l>>> §3§lCLICK HERE§b to pick them up! §3§l<<<
23:58:12 [EMPTY]   
23:58:13 [EMPTY]  
23:58:13 [STASH_COMPACT] §f               §7You have §351,240 §7materials stashed away!
23:58:13 [STASH_COMPACT] §f              §8(This totals 5 types of materials stashed!)
23:58:13 [STASH_COMPACT] §f                §3§l>>> §3§lCLICK HERE§b to pick them up! §3§l<<<
23:58:13 [EMPTY]   
23:58:13 [SKYMALL] §bNew day! §r§eYour §r§2Sky Mall §r§ebuff changed!
23:58:13 [SKYMALL] §eNew buff§r§r§r: §r§fGain §r§a+15% §r§fmore Powder while mining.
23:58:13 [SKYMALL] §8§oYou can disable this messaging by toggling Sky Mall in your /hotm!
23:59:13 [EMPTY]  
23:59:13 [STASH_COMPACT] §f               §7You have §351,240 §7materials stashed away!
23:59:13 [STASH_COMPACT] §f              §8(This totals 5 types of materials stashed!)
23:59:13 [STASH_COMPACT] §f                §3§l>>> §3§lCLICK HERE§b to pick them up! §3§l<<<
23:59:13 [EMPTY]   
00:00:13 [EMPTY]  
00:00:13 [STASH_COMPACT] §f               §7You have §351,240 §7materials stashed away!
00:00:13 [STASH_COMPACT] §f              §8(This totals 5 types of materials stashed!)
00:00:13 [STASH_COMPACT] §f                §3§l>>> §3§lCLICK HERE§b to pick them up! §3§l<<<
00:00:13 [EMPTY]   
00:01:13 [EMPTY]  
00:01:13 [STASH_COMPACT] §f               §7You have §351,240 §7materials stashed away!
00:01:13 [STASH_COMPACT] §f              §8(This totals 5 types of materials stashed!)
00:01:13 [STASH_COMPACT] §f                §3§l>>> §3§lCLICK HERE§b to pick them up! §3§l<<<
00:01:13 [EMPTY]   
00:02:14 [EMPTY]  
00:02:14 [STASH_COMPACT] §f               §7You have §351,240 §7materials stashed away!
00:02:14 [STASH_COMPACT] §f              §8(This totals 5 types of materials stashed!)
00:02:14 [STASH_COMPACT] §f                §3§l>>> §3§lCLICK HERE§b to pick them up! §3§l<<<
00:02:14 [EMPTY]   
00:03:14 [EMPTY]  
00:03:14 [STASH_COMPACT] §f               §7You have §351,240 §7materials stashed away!
00:03:14 [STASH_COMPACT] §f              §8(This totals 5 types of materials stashed!)
00:03:14 [STASH_COMPACT] §f                §3§l>>> §3§lCLICK HERE§b to pick them up! §3§l<<<
00:03:14 [EMPTY]   
00:04:14 [EMPTY]  
00:04:14 [STASH_COMPACT] §f               §7You have §351,240 §7materials stashed away!
00:04:14 [STASH_COMPACT] §f              §8(This totals 5 types of materials stashed!)
00:04:14 [STASH_COMPACT] §f                §3§l>>> §3§lCLICK HERE§b to pick them up! §3§l<<<
00:04:14 [EMPTY]   
00:05:14 [EMPTY]  
00:05:14 [STASH_COMPACT] §f               §7You have §351,240 §7materials stashed away!
00:05:14 [STASH_COMPACT] §f              §8(This totals 5 types of materials stashed!)
00:05:14 [STASH_COMPACT] §f                §3§l>>> §3§lCLICK HERE§b to pick them up! §3§l<<<
00:05:14 [EMPTY]   
00:06:14 [EMPTY]  
00:06:14 [STASH_COMPACT] §f               §7You have §351,240 §7materials stashed away!
00:06:14 [STASH_COMPACT] §f              §8(This totals 5 types of materials stashed!)
00:06:14 [STASH_COMPACT] §f                §3§l>>> §3§lCLICK HERE§b to pick them up! §3§l<<<
00:06:14 [EMPTY]   
00:07:14 [EMPTY]  
00:07:14 [STASH_COMPACT] §f               §7You have §351,240 §7materials stashed away!
00:07:14 [STASH_COMPACT] §f              §8(This totals 5 types of materials stashed!)
00:07:14 [STASH_COMPACT] §f                §3§l>>> §3§lCLICK HERE§b to pick them up! §3§l<<<
00:07:14 [EMPTY]   
00:08:15 [EMPTY]  
00:08:15 [STASH_COMPACT] §f               §7You have §351,240 §7materials stashed away!
00:08:15 [STASH_COMPACT] §f              §8(This totals 5 types of materials stashed!)
00:08:15 [STASH_COMPACT] §f                §3§l>>> §3§lCLICK HERE§b to pick them up! §3§l<<<
00:08:15 [EMPTY]   
00:09:15 [EMPTY]  
00:09:15 [STASH_COMPACT] §f               §7You have §351,240 §7materials stashed away!
00:09:15 [STASH_COMPACT] §f              §8(This totals 5 types of materials stashed!)
00:09:15 [STASH_COMPACT] §f                §3§l>>> §3§lCLICK HERE§b to pick them up! §3§l<<<
00:09:15 [EMPTY]   
00:10:15 [EMPTY]  
00:10:15 [STASH_COMPACT] §f               §7You have §351,240 §7materials stashed away!
00:10:15 [STASH_COMPACT] §f              §8(This totals 5 types of materials stashed!)
00:10:15 [STASH_COMPACT] §f                §3§l>>> §3§lCLICK HERE§b to pick them up! §3§l<<<
00:10:15 [EMPTY]   
00:11:15 [EMPTY]  
00:11:15 [STASH_COMPACT] §f               §7You have §351,240 §7materials stashed away!
00:11:15 [STASH_COMPACT] §f              §8(This totals 5 types of materials stashed!)
00:11:15 [STASH_COMPACT] §f                §3§l>>> §3§lCLICK HERE§b to pick them up! §3§l<<<
00:11:15 [EMPTY]   
00:12:15 [EMPTY]  
00:12:15 [STASH_COMPACT] §f               §7You have §351,240 §7materials stashed away!
00:12:15 [STASH_COMPACT] §f              §8(This totals 5 types of materials stashed!)
00:12:15 [STASH_COMPACT] §f                §3§l>>> §3§lCLICK HERE§b to pick them up! §3§l<<<
00:12:15 [EMPTY]   
00:12:18 [EMPTY] §8 §r§8 §r§1 §r§3 §r§3 §r§7 §r§8 
00:12:22 [EMPTY]  
00:12:22 [STASH_COMPACT] §f               §7You have §351,240 §7materials stashed away!
00:12:22 [STASH_COMPACT] §f              §8(This totals 5 types of materials stashed!)
00:12:22 [STASH_COMPACT] §f                §3§l>>> §3§lCLICK HERE§b to pick them up! §3§l<<<
00:12:22 [EMPTY]   
00:12:27 [EMPTY]  
00:12:27 [STASH_COMPACT] §f               §7You have §351,240 §7materials stashed away!
00:12:27 [STASH_COMPACT] §f              §8(This totals 5 types of materials stashed!)
00:12:27 [STASH_COMPACT] §f                §3§l>>> §3§lCLICK HERE§b to pick them up! §3§l<<<
00:12:27 [EMPTY]   
00:13:28 [EMPTY]  
00:13:28 [STASH_COMPACT] §f               §7You have §351,240 §7materials stashed away!
00:13:28 [STASH_COMPACT] §f              §8(This totals 5 types of materials stashed!)
00:13:28 [STASH_COMPACT] §f                §3§l>>> §3§lCLICK HERE§b to pick them up! §3§l<<<
00:13:28 [EMPTY]   
00:14:29 [EMPTY]  
00:14:29 [STASH_COMPACT] §f               §7You have §351,240 §7materials stashed away!
00:14:29 [STASH_COMPACT] §f              §8(This totals 5 types of materials stashed!)
00:14:29 [STASH_COMPACT] §f                §3§l>>> §3§lCLICK HERE§b to pick them up! §3§l<<<
00:14:29 [EMPTY]   
00:15:00 [SKYMALL] §bNew day! §r§eYour §r§2Sky Mall §r§ebuff changed!
00:15:00 [SKYMALL] §eNew buff§r§r§r: §r§fGain §r§a+15% §r§fmore Powder while mining.
00:15:00 [SKYMALL] §8§oYou can disable this messaging by toggling Sky Mall in your /hotm!
00:15:29 [EMPTY]  
00:15:29 [STASH_COMPACT] §f               §7You have §351,240 §7materials stashed away!
00:15:29 [STASH_COMPACT] §f              §8(This totals 5 types of materials stashed!)
00:15:29 [STASH_COMPACT] §f                §3§l>>> §3§lCLICK HERE§b to pick them up! §3§l<<<
00:15:29 [EMPTY]   
00:16:30 [EMPTY]  
00:16:30 [STASH_COMPACT] §f               §7You have §351,240 §7materials stashed away!
00:16:30 [STASH_COMPACT] §f              §8(This totals 5 types of materials stashed!)
00:16:30 [STASH_COMPACT] §f                §3§l>>> §3§lCLICK HERE§b to pick them up! §3§l<<<
00:16:30 [EMPTY]   
00:17:31 [EMPTY]  
00:17:31 [STASH_COMPACT] §f               §7You have §351,240 §7materials stashed away!
00:17:31 [STASH_COMPACT] §f              §8(This totals 5 types of materials stashed!)
00:17:31 [STASH_COMPACT] §f                §3§l>>> §3§lCLICK HERE§b to pick them up! §3§l<<<
00:17:31 [EMPTY]   
00:18:32 [EMPTY]  
00:18:32 [STASH_COMPACT] §f               §7You have §351,240 §7materials stashed away!
00:18:32 [STASH_COMPACT] §f              §8(This totals 5 types of materials stashed!)
00:18:32 [STASH_COMPACT] §f                §3§l>>> §3§lCLICK HERE§b to pick them up! §3§l<<<
00:18:32 [EMPTY]   
00:18:40 [EMPTY] §8 §r§8 §r§1 §r§3 §r§3 §r§7 §r§8 
00:18:44 [EMPTY]  
00:18:44 [STASH_COMPACT] §f               §7You have §351,240 §7materials stashed away!
00:18:44 [STASH_COMPACT] §f              §8(This totals 5 types of materials stashed!)
00:18:44 [STASH_COMPACT] §f                §3§l>>> §3§lCLICK HERE§b to pick them up! §3§l<<<
00:18:44 [EMPTY]   
00:18:47 [EMPTY]  
00:18:47 [STASH_COMPACT] §f               §7You have §351,240 §7materials stashed away!
00:18:47 [STASH_COMPACT] §f              §8(This totals 5 types of materials stashed!)
00:18:47 [STASH_COMPACT] §f                §3§l>>> §3§lCLICK HERE§b to pick them up! §3§l<<<
00:18:47 [EMPTY]   
00:19:48 [EMPTY]  
00:19:48 [STASH_COMPACT] §f               §7You have §351,240 §7materials stashed away!
00:19:48 [STASH_COMPACT] §f              §8(This totals 5 types of materials stashed!)
00:19:48 [STASH_COMPACT] §f                §3§l>>> §3§lCLICK HERE§b to pick them up! §3§l<<<
00:19:48 [EMPTY]   
00:20:49 [EMPTY]  
00:20:49 [STASH_COMPACT] §f               §7You have §351,240 §7materials stashed away!
00:20:49 [STASH_COMPACT] §f              §8(This totals 5 types of materials stashed!)
00:20:49 [STASH_COMPACT] §f                §3§l>>> §3§lCLICK HERE§b to pick them up! §3§l<<<
00:20:49 [EMPTY]   
00:21:45 [EMPTY] 
00:21:45 [EMPTY] 
00:21:49 [EMPTY]  
00:21:49 [STASH_COMPACT] §f               §7You have §351,240 §7materials stashed away!
00:21:49 [STASH_COMPACT] §f              §8(This totals 5 types of materials stashed!)
00:21:49 [STASH_COMPACT] §f                §3§l>>> §3§lCLICK HERE§b to pick them up! §3§l<<<
00:21:49 [EMPTY]   
00:22:49 [EMPTY]  
00:22:49 [STASH_COMPACT] §f               §7You have §351,240 §7materials stashed away!
00:22:49 [STASH_COMPACT] §f              §8(This totals 5 types of materials stashed!)
00:22:49 [STASH_COMPACT] §f                §3§l>>> §3§lCLICK HERE§b to pick them up! §3§l<<<
00:22:49 [EMPTY]   
00:23:50 [EMPTY]  
00:23:50 [STASH_COMPACT] §f               §7You have §351,240 §7materials stashed away!
00:23:50 [STASH_COMPACT] §f              §8(This totals 5 types of materials stashed!)
00:23:50 [STASH_COMPACT] §f                §3§l>>> §3§lCLICK HERE§b to pick them up! §3§l<<<
00:23:50 [EMPTY]   
00:24:51 [EMPTY]  
00:24:51 [STASH_COMPACT] §f               §7You have §351,240 §7materials stashed away!
00:24:51 [STASH_COMPACT] §f              §8(This totals 5 types of materials stashed!)
00:24:51 [STASH_COMPACT] §f                §3§l>>> §3§lCLICK HERE§b to pick them up! §3§l<<<
00:24:51 [EMPTY]   
00:25:51 [EMPTY]  
00:25:51 [STASH_COMPACT] §f               §7You have §351,240 §7materials stashed away!
00:25:51 [STASH_COMPACT] §f              §8(This totals 5 types of materials stashed!)
00:25:51 [STASH_COMPACT] §f                §3§l>>> §3§lCLICK HERE§b to pick them up! §3§l<<<
00:25:51 [EMPTY]   
00:26:52 [EMPTY]  
00:26:52 [STASH_COMPACT] §f               §7You have §351,240 §7materials stashed away!
00:26:52 [STASH_COMPACT] §f              §8(This totals 5 types of materials stashed!)
00:26:52 [STASH_COMPACT] §f                §3§l>>> §3§lCLICK HERE§b to pick them up! §3§l<<<
00:26:52 [EMPTY]   
00:27:52 [EMPTY]  
00:27:52 [STASH_COMPACT] §f               §7You have §351,240 §7materials stashed away!
00:27:52 [STASH_COMPACT] §f              §8(This totals 5 types of materials stashed!)
00:27:52 [STASH_COMPACT] §f                §3§l>>> §3§lCLICK HERE§b to pick them up! §3§l<<<
00:27:52 [EMPTY]   
00:28:50 [EMPTY] 
00:28:53 [EMPTY]  
00:28:53 [STASH_COMPACT] §f               §7You have §351,240 §7materials stashed away!
00:28:53 [STASH_COMPACT] §f              §8(This totals 5 types of materials stashed!)
00:28:53 [STASH_COMPACT] §f                §3§l>>> §3§lCLICK HERE§b to pick them up! §3§l<<<
00:28:53 [EMPTY]   
00:29:54 [EMPTY]  
00:29:54 [STASH_COMPACT] §f               §7You have §351,240 §7materials stashed away!
00:29:54 [STASH_COMPACT] §f              §8(This totals 5 types of materials stashed!)
00:29:54 [STASH_COMPACT] §f                §3§l>>> §3§lCLICK HERE§b to pick them up! §3§l<<<
00:29:54 [EMPTY]   
00:30:39 [EMPTY] §f                                        
00:30:39 [EMPTY] §f                                        
00:30:54 [EMPTY]  
00:30:54 [STASH_COMPACT] §f               §7You have §351,240 §7materials stashed away!
00:30:54 [STASH_COMPACT] §f              §8(This totals 5 types of materials stashed!)
00:30:54 [STASH_COMPACT] §f                §3§l>>> §3§lCLICK HERE§b to pick them up! §3§l<<<
00:30:54 [EMPTY]   
00:31:55 [EMPTY]  
00:31:55 [STASH_COMPACT] §f               §7You have §351,240 §7materials stashed away!
00:31:55 [STASH_COMPACT] §f              §8(This totals 5 types of materials stashed!)
00:31:55 [STASH_COMPACT] §f                §3§l>>> §3§lCLICK HERE§b to pick them up! §3§l<<<
00:31:55 [EMPTY]   
00:32:55 [EMPTY]  
00:32:55 [STASH_COMPACT] §f               §7You have §351,240 §7materials stashed away!
00:32:55 [STASH_COMPACT] §f              §8(This totals 5 types of materials stashed!)
00:32:55 [STASH_COMPACT] §f                §3§l>>> §3§lCLICK HERE§b to pick them up! §3§l<<<
00:32:55 [EMPTY]   
00:33:56 [EMPTY]  
00:33:56 [STASH_COMPACT] §f               §7You have §351,240 §7materials stashed away!
00:33:56 [STASH_COMPACT] §f              §8(This totals 5 types of materials stashed!)
00:33:56 [STASH_COMPACT] §f                §3§l>>> §3§lCLICK HERE§b to pick them up! §3§l<<<
00:33:56 [EMPTY]   
00:34:57 [EMPTY]  
00:34:57 [STASH_COMPACT] §f               §7You have §351,240 §7materials stashed away!
00:34:57 [STASH_COMPACT] §f              §8(This totals 5 types of materials stashed!)
00:34:57 [STASH_COMPACT] §f                §3§l>>> §3§lCLICK HERE§b to pick them up! §3§l<<<
00:34:57 [EMPTY]   
00:35:57 [EMPTY]  
00:35:57 [STASH_COMPACT] §f               §7You have §351,240 §7materials stashed away!
00:35:57 [STASH_COMPACT] §f              §8(This totals 5 types of materials stashed!)
00:35:57 [STASH_COMPACT] §f                §3§l>>> §3§lCLICK HERE§b to pick them up! §3§l<<<
00:35:57 [EMPTY]   
00:36:58 [EMPTY]  
00:36:58 [STASH_COMPACT] §f               §7You have §351,240 §7materials stashed away!
00:36:58 [STASH_COMPACT] §f              §8(This totals 5 types of materials stashed!)
00:36:58 [STASH_COMPACT] §f                §3§l>>> §3§lCLICK HERE§b to pick them up! §3§l<<<
00:36:58 [EMPTY]   
00:37:58 [EMPTY]  
00:37:58 [STASH_COMPACT] §f               §7You have §351,240 §7materials stashed away!
00:37:58 [STASH_COMPACT] §f              §8(This totals 5 types of materials stashed!)
00:37:58 [STASH_COMPACT] §f                §3§l>>> §3§lCLICK HERE§b to pick them up! §3§l<<<
00:37:58 [EMPTY]   
00:38:59 [EMPTY]  
00:38:59 [STASH_COMPACT] §f               §7You have §351,240 §7materials stashed away!
00:38:59 [STASH_COMPACT] §f              §8(This totals 5 types of materials stashed!)
00:38:59 [STASH_COMPACT] §f                §3§l>>> §3§lCLICK HERE§b to pick them up! §3§l<<<
00:38:59 [EMPTY]   
00:40:00 [EMPTY]  
00:40:00 [STASH_COMPACT] §f               §7You have §351,240 §7materials stashed away!
00:40:00 [STASH_COMPACT] §f              §8(This totals 5 types of materials stashed!)
00:40:00 [STASH_COMPACT] §f                §3§l>>> §3§lCLICK HERE§b to pick them up! §3§l<<<
00:40:00 [EMPTY]   
00:41:00 [EMPTY]  
00:41:00 [STASH_COMPACT] §f               §7You have §351,240 §7materials stashed away!
00:41:00 [STASH_COMPACT] §f              §8(This totals 5 types of materials stashed!)
00:41:00 [STASH_COMPACT] §f                §3§l>>> §3§lCLICK HERE§b to pick them up! §3§l<<<
00:41:00 [EMPTY]   
00:42:00 [EMPTY]  
00:42:00 [STASH_COMPACT] §f               §7You have §351,240 §7materials stashed away!
00:42:00 [STASH_COMPACT] §f              §8(This totals 5 types of materials stashed!)
00:42:00 [STASH_COMPACT] §f                §3§l>>> §3§lCLICK HERE§b to pick them up! §3§l<<<
00:42:00 [EMPTY]   
00:43:01 [EMPTY]  
00:43:01 [STASH_COMPACT] §f               §7You have §351,240 §7materials stashed away!
00:43:01 [STASH_COMPACT] §f              §8(This totals 5 types of materials stashed!)
00:43:01 [STASH_COMPACT] §f                §3§l>>> §3§lCLICK HERE§b to pick them up! §3§l<<<
00:43:01 [EMPTY]   
00:44:01 [EMPTY]  
00:44:01 [STASH_COMPACT] §f               §7You have §351,240 §7materials stashed away!
00:44:01 [STASH_COMPACT] §f              §8(This totals 5 types of materials stashed!)
00:44:01 [STASH_COMPACT] §f                §3§l>>> §3§lCLICK HERE§b to pick them up! §3§l<<<
00:44:01 [EMPTY]   
00:45:02 [EMPTY]  
00:45:02 [STASH_COMPACT] §f               §7You have §351,240 §7materials stashed away!
00:45:02 [STASH_COMPACT] §f              §8(This totals 5 types of materials stashed!)
00:45:02 [STASH_COMPACT] §f                §3§l>>> §3§lCLICK HERE§b to pick them up! §3§l<<<
00:45:02 [EMPTY]   
00:46:02 [EMPTY]  
00:46:02 [STASH_COMPACT] §f               §7You have §351,240 §7materials stashed away!
00:46:02 [STASH_COMPACT] §f              §8(This totals 5 types of materials stashed!)
00:46:02 [STASH_COMPACT] §f                §3§l>>> §3§lCLICK HERE§b to pick them up! §3§l<<<
00:46:02 [EMPTY]   
00:47:03 [EMPTY]  
00:47:03 [STASH_COMPACT] §f               §7You have §351,240 §7materials stashed away!
00:47:03 [STASH_COMPACT] §f              §8(This totals 5 types of materials stashed!)
00:47:03 [STASH_COMPACT] §f                §3§l>>> §3§lCLICK HERE§b to pick them up! §3§l<<<
00:47:03 [EMPTY]   
00:48:04 [EMPTY]  
00:48:04 [STASH_COMPACT] §f               §7You have §351,240 §7materials stashed away!
00:48:04 [STASH_COMPACT] §f              §8(This totals 5 types of materials stashed!)
00:48:04 [STASH_COMPACT] §f                §3§l>>> §3§lCLICK HERE§b to pick them up! §3§l<<<
00:48:04 [EMPTY]   
00:49:05 [EMPTY]  
00:49:05 [STASH_COMPACT] §f               §7You have §351,240 §7materials stashed away!
00:49:05 [STASH_COMPACT] §f              §8(This totals 5 types of materials stashed!)
00:49:05 [STASH_COMPACT] §f                §3§l>>> §3§lCLICK HERE§b to pick them up! §3§l<<<
00:49:05 [EMPTY]   
00:50:05 [EMPTY]  
00:50:05 [STASH_COMPACT] §f               §7You have §351,240 §7materials stashed away!
00:50:05 [STASH_COMPACT] §f              §8(This totals 5 types of materials stashed!)
00:50:05 [STASH_COMPACT] §f                §3§l>>> §3§lCLICK HERE§b to pick them up! §3§l<<<
00:50:05 [EMPTY]   
00:50:39 [EMPTY] §f                                        
00:51:06 [EMPTY]  
00:51:06 [STASH_COMPACT] §f               §7You have §351,240 §7materials stashed away!
00:51:06 [STASH_COMPACT] §f              §8(This totals 5 types of materials stashed!)
00:51:06 [STASH_COMPACT] §f                §3§l>>> §3§lCLICK HERE§b to pick them up! §3§l<<<
00:51:06 [EMPTY]   
00:52:07 [EMPTY]  
00:52:07 [STASH_COMPACT] §f               §7You have §351,240 §7materials stashed away!
00:52:07 [STASH_COMPACT] §f              §8(This totals 5 types of materials stashed!)
00:52:07 [STASH_COMPACT] §f                §3§l>>> §3§lCLICK HERE§b to pick them up! §3§l<<<
00:52:07 [EMPTY]   
00:53:08 [EMPTY]  
00:53:08 [STASH_COMPACT] §f               §7You have §351,240 §7materials stashed away!
00:53:08 [STASH_COMPACT] §f              §8(This totals 5 types of materials stashed!)
00:53:08 [STASH_COMPACT] §f                §3§l>>> §3§lCLICK HERE§b to pick them up! §3§l<<<
00:53:08 [EMPTY]   
00:54:08 [EMPTY]  
00:54:08 [STASH_COMPACT] §f               §7You have §351,240 §7materials stashed away!
00:54:08 [STASH_COMPACT] §f              §8(This totals 5 types of materials stashed!)
00:54:08 [STASH_COMPACT] §f                §3§l>>> §3§lCLICK HERE§b to pick them up! §3§l<<<
00:54:08 [EMPTY]   
00:55:09 [EMPTY]  
00:55:09 [STASH_COMPACT] §f               §7You have §351,240 §7materials stashed away!
00:55:09 [STASH_COMPACT] §f              §8(This totals 5 types of materials stashed!)
00:55:09 [STASH_COMPACT] §f                §3§l>>> §3§lCLICK HERE§b to pick them up! §3§l<<<
00:55:09 [EMPTY]   
00:56:10 [EMPTY]  
00:56:10 [STASH_COMPACT] §f               §7You have §351,240 §7materials stashed away!
00:56:10 [STASH_COMPACT] §f              §8(This totals 5 types of materials stashed!)
00:56:10 [STASH_COMPACT] §f                §3§l>>> §3§lCLICK HERE§b to pick them up! §3§l<<<
00:56:10 [EMPTY]   
00:57:11 [EMPTY]  
00:57:11 [STASH_COMPACT] §f               §7You have §351,240 §7materials stashed away!
00:57:11 [STASH_COMPACT] §f              §8(This totals 5 types of materials stashed!)
00:57:11 [STASH_COMPACT] §f                §3§l>>> §3§lCLICK HERE§b to pick them up! §3§l<<<
00:57:11 [EMPTY]   
00:58:11 [EMPTY]  
00:58:11 [STASH_COMPACT] §f               §7You have §351,240 §7materials stashed away!
00:58:11 [STASH_COMPACT] §f              §8(This totals 5 types of materials stashed!)
00:58:11 [STASH_COMPACT] §f                §3§l>>> §3§lCLICK HERE§b to pick them up! §3§l<<<
00:58:11 [EMPTY]   
00:59:12 [EMPTY]  
00:59:12 [STASH_COMPACT] §f               §7You have §351,240 §7materials stashed away!
00:59:12 [STASH_COMPACT] §f              §8(This totals 5 types of materials stashed!)
00:59:12 [STASH_COMPACT] §f                §3§l>>> §3§lCLICK HERE§b to pick them up! §3§l<<<
00:59:12 [EMPTY]   
01:00:13 [EMPTY]  
01:00:13 [STASH_COMPACT] §f               §7You have §351,240 §7materials stashed away!
01:00:13 [STASH_COMPACT] §f              §8(This totals 5 types of materials stashed!)
01:00:13 [STASH_COMPACT] §f                §3§l>>> §3§lCLICK HERE§b to pick them up! §3§l<<<
01:00:13 [EMPTY]   
01:01:13 [EMPTY]  
01:01:13 [STASH_COMPACT] §f               §7You have §351,240 §7materials stashed away!
01:01:13 [STASH_COMPACT] §f              §8(This totals 5 types of materials stashed!)
01:01:13 [STASH_COMPACT] §f                §3§l>>> §3§lCLICK HERE§b to pick them up! §3§l<<<
01:01:13 [EMPTY]   
01:01:43 [EMPTY] §f
01:01:43 [EMPTY] §c
01:02:14 [EMPTY]  
01:02:14 [STASH_COMPACT] §f               §7You have §351,240 §7materials stashed away!
01:02:14 [STASH_COMPACT] §f              §8(This totals 5 types of materials stashed!)
01:02:14 [STASH_COMPACT] §f                §3§l>>> §3§lCLICK HERE§b to pick them up! §3§l<<<
01:02:14 [EMPTY]   
01:03:15 [EMPTY]  
01:03:15 [STASH_COMPACT] §f               §7You have §351,240 §7materials stashed away!
01:03:15 [STASH_COMPACT] §f              §8(This totals 5 types of materials stashed!)
01:03:15 [STASH_COMPACT] §f                §3§l>>> §3§lCLICK HERE§b to pick them up! §3§l<<<
01:03:15 [EMPTY]   
01:04:15 [EMPTY]  
01:04:15 [STASH_COMPACT] §f               §7You have §351,240 §7materials stashed away!
01:04:15 [STASH_COMPACT] §f              §8(This totals 5 types of materials stashed!)
01:04:15 [STASH_COMPACT] §f                §3§l>>> §3§lCLICK HERE§b to pick them up! §3§l<<<
01:04:15 [EMPTY]   
01:05:16 [EMPTY]  
01:05:16 [STASH_COMPACT] §f               §7You have §351,240 §7materials stashed away!
01:05:16 [STASH_COMPACT] §f              §8(This totals 5 types of materials stashed!)
01:05:16 [STASH_COMPACT] §f                §3§l>>> §3§lCLICK HERE§b to pick them up! §3§l<<<
01:05:16 [EMPTY]   
01:06:17 [EMPTY]  
01:06:17 [STASH_COMPACT] §f               §7You have §351,240 §7materials stashed away!
01:06:17 [STASH_COMPACT] §f              §8(This totals 5 types of materials stashed!)
01:06:17 [STASH_COMPACT] §f                §3§l>>> §3§lCLICK HERE§b to pick them up! §3§l<<<
01:06:17 [EMPTY]   
01:07:18 [EMPTY]  
01:07:18 [STASH_COMPACT] §f               §7You have §351,240 §7materials stashed away!
01:07:18 [STASH_COMPACT] §f              §8(This totals 5 types of materials stashed!)
01:07:18 [STASH_COMPACT] §f                §3§l>>> §3§lCLICK HERE§b to pick them up! §3§l<<<
01:07:18 [EMPTY]   
01:08:19 [EMPTY]  
01:08:19 [STASH_COMPACT] §f               §7You have §351,240 §7materials stashed away!
01:08:19 [STASH_COMPACT] §f              §8(This totals 5 types of materials stashed!)
01:08:19 [STASH_COMPACT] §f                §3§l>>> §3§lCLICK HERE§b to pick them up! §3§l<<<
01:08:19 [EMPTY]   
01:08:52 [EMPTY] 
01:09:20 [EMPTY]  
01:09:20 [STASH_COMPACT] §f               §7You have §351,240 §7materials stashed away!
01:09:20 [STASH_COMPACT] §f              §8(This totals 5 types of materials stashed!)
01:09:20 [STASH_COMPACT] §f                §3§l>>> §3§lCLICK HERE§b to pick them up! §3§l<<<
01:09:20 [EMPTY]   
01:10:20 [EMPTY]  
01:10:20 [STASH_COMPACT] §f               §7You have §351,240 §7materials stashed away!
01:10:20 [STASH_COMPACT] §f              §8(This totals 5 types of materials stashed!)
01:10:20 [STASH_COMPACT] §f                §3§l>>> §3§lCLICK HERE§b to pick them up! §3§l<<<
01:10:20 [EMPTY]   
01:10:41 [EMPTY] §f                                        
01:10:41 [EMPTY] §f                                        
01:11:21 [EMPTY]  
01:11:21 [STASH_COMPACT] §f               §7You have §351,240 §7materials stashed away!
01:11:21 [STASH_COMPACT] §f              §8(This totals 5 types of materials stashed!)
01:11:21 [STASH_COMPACT] §f                §3§l>>> §3§lCLICK HERE§b to pick them up! §3§l<<<
01:11:21 [EMPTY]   
01:12:21 [EMPTY]  
01:12:21 [STASH_COMPACT] §f               §7You have §351,240 §7materials stashed away!
01:12:21 [STASH_COMPACT] §f              §8(This totals 5 types of materials stashed!)
01:12:21 [STASH_COMPACT] §f                §3§l>>> §3§lCLICK HERE§b to pick them up! §3§l<<<
01:12:21 [EMPTY]   
01:13:22 [EMPTY]  
01:13:22 [STASH_COMPACT] §f               §7You have §351,240 §7materials stashed away!
01:13:22 [STASH_COMPACT] §f              §8(This totals 5 types of materials stashed!)
01:13:22 [STASH_COMPACT] §f                §3§l>>> §3§lCLICK HERE§b to pick them up! §3§l<<<
01:13:22 [EMPTY]   
01:14:23 [EMPTY]  
01:14:23 [STASH_COMPACT] §f               §7You have §351,240 §7materials stashed away!
01:14:23 [STASH_COMPACT] §f              §8(This totals 5 types of materials stashed!)
01:14:23 [STASH_COMPACT] §f                §3§l>>> §3§lCLICK HERE§b to pick them up! §3§l<<<
01:14:23 [EMPTY]   
01:15:24 [EMPTY]  
01:15:24 [STASH_COMPACT] §f               §7You have §351,240 §7materials stashed away!
01:15:24 [STASH_COMPACT] §f              §8(This totals 5 types of materials stashed!)
01:15:24 [STASH_COMPACT] §f                §3§l>>> §3§lCLICK HERE§b to pick them up! §3§l<<<
01:15:24 [EMPTY]   
01:16:25 [EMPTY]  
01:16:25 [STASH_COMPACT] §f               §7You have §351,240 §7materials stashed away!
01:16:25 [STASH_COMPACT] §f              §8(This totals 5 types of materials stashed!)
01:16:25 [STASH_COMPACT] §f                §3§l>>> §3§lCLICK HERE§b to pick them up! §3§l<<<
01:16:25 [EMPTY]   
01:17:25 [EMPTY]  
01:17:25 [STASH_COMPACT] §f               §7You have §351,240 §7materials stashed away!
01:17:25 [STASH_COMPACT] §f              §8(This totals 5 types of materials stashed!)
01:17:25 [STASH_COMPACT] §f                §3§l>>> §3§lCLICK HERE§b to pick them up! §3§l<<<
01:17:25 [EMPTY]   
01:18:26 [EMPTY]  
01:18:26 [STASH_COMPACT] §f               §7You have §351,240 §7materials stashed away!
01:18:26 [STASH_COMPACT] §f              §8(This totals 5 types of materials stashed!)
01:18:26 [STASH_COMPACT] §f                §3§l>>> §3§lCLICK HERE§b to pick them up! §3§l<<<
01:18:26 [EMPTY]   
01:19:27 [EMPTY]  
01:19:27 [STASH_COMPACT] §f               §7You have §351,240 §7materials stashed away!
01:19:27 [STASH_COMPACT] §f              §8(This totals 5 types of materials stashed!)
01:19:27 [STASH_COMPACT] §f                §3§l>>> §3§lCLICK HERE§b to pick them up! §3§l<<<
01:19:27 [EMPTY]   
01:20:28 [EMPTY]  
01:20:28 [STASH_COMPACT] §f               §7You have §351,240 §7materials stashed away!
01:20:28 [STASH_COMPACT] §f              §8(This totals 5 types of materials stashed!)
01:20:28 [STASH_COMPACT] §f                §3§l>>> §3§lCLICK HERE§b to pick them up! §3§l<<<
01:20:28 [EMPTY]   
01:21:29 [EMPTY]  
01:21:29 [STASH_COMPACT] §f               §7You have §351,240 §7materials stashed away!
01:21:29 [STASH_COMPACT] §f              §8(This totals 5 types of materials stashed!)
01:21:29 [STASH_COMPACT] §f                §3§l>>> §3§lCLICK HERE§b to pick them up! §3§l<<<
01:21:29 [EMPTY]   
01:22:29 [EMPTY]  
01:22:29 [STASH_COMPACT] §f               §7You have §351,240 §7materials stashed away!
01:22:29 [STASH_COMPACT] §f              §8(This totals 5 types of materials stashed!)
01:22:29 [STASH_COMPACT] §f                §3§l>>> §3§lCLICK HERE§b to pick them up! §3§l<<<
01:22:29 [EMPTY]   
01:23:30 [EMPTY]  
01:23:30 [STASH_COMPACT] §f               §7You have §351,240 §7materials stashed away!
01:23:30 [STASH_COMPACT] §f              §8(This totals 5 types of materials stashed!)
01:23:30 [STASH_COMPACT] §f                §3§l>>> §3§lCLICK HERE§b to pick them up! §3§l<<<
01:23:30 [EMPTY]   
01:24:14 [EMPTY] §8 §r§8 §r§1 §r§3 §r§3 §r§7 §r§8 
01:24:17 [EMPTY] 
01:24:17 [EMPTY] 
01:24:18 [EMPTY]  
01:24:18 [STASH_COMPACT] §f               §7You have §351,240 §7materials stashed away!
01:24:18 [STASH_COMPACT] §f              §8(This totals 5 types of materials stashed!)
01:24:18 [STASH_COMPACT] §f                §3§l>>> §3§lCLICK HERE§b to pick them up! §3§l<<<
01:24:18 [EMPTY]   
01:24:19 [EMPTY]  
01:24:19 [STASH_COMPACT] §f               §7You have §351,240 §7materials stashed away!
01:24:19 [STASH_COMPACT] §f              §8(This totals 5 types of materials stashed!)
01:24:19 [STASH_COMPACT] §f                §3§l>>> §3§lCLICK HERE§b to pick them up! §3§l<<<
01:24:19 [EMPTY]   
01:25:14 [EMPTY] §8 §r§8 §r§1 §r§3 §r§3 §r§7 §r§8 
01:25:18 [EMPTY]  
01:25:18 [STASH_COMPACT] §f               §7You have §351,240 §7materials stashed away!
01:25:18 [STASH_COMPACT] §f              §8(This totals 5 types of materials stashed!)
01:25:18 [STASH_COMPACT] §f                §3§l>>> §3§lCLICK HERE§b to pick them up! §3§l<<<
01:25:18 [EMPTY]   
01:26:03 [EMPTY]  
01:26:03 [STASH_COMPACT] §f               §7You have §351,240 §7materials stashed away!
01:26:03 [STASH_COMPACT] §f              §8(This totals 5 types of materials stashed!)
01:26:03 [STASH_COMPACT] §f                §3§l>>> §3§lCLICK HERE§b to pick them up! §3§l<<<
01:26:03 [EMPTY]   
01:26:07 [EMPTY] §8 §r§8 §r§1 §r§3 §r§3 §r§7 §r§8 
01:26:10 [EMPTY] 
01:26:10 [EMPTY] 
01:26:10 [EMPTY]  
01:26:10 [STASH_COMPACT] §f               §7You have §351,240 §7materials stashed away!
01:26:10 [STASH_COMPACT] §f              §8(This totals 5 types of materials stashed!)
01:26:10 [STASH_COMPACT] §f                §3§l>>> §3§lCLICK HERE§b to pick them up! §3§l<<<
01:26:10 [EMPTY]   
01:26:11 [EMPTY]  
01:26:11 [STASH_COMPACT] §f               §7You have §351,240 §7materials stashed away!
01:26:11 [STASH_COMPACT] §f              §8(This totals 5 types of materials stashed!)
01:26:11 [STASH_COMPACT] §f                §3§l>>> §3§lCLICK HERE§b to pick them up! §3§l<<<
01:26:11 [EMPTY]   
01:26:50 [EMPTY] 
01:27:02 [EMPTY] 
01:27:05 [EMPTY] 
01:27:11 [EMPTY]  
01:27:11 [STASH_COMPACT] §f               §7You have §352,019 §7materials stashed away!
01:27:11 [STASH_COMPACT] §f              §8(This totals 5 types of materials stashed!)
01:27:11 [STASH_COMPACT] §f                §3§l>>> §3§lCLICK HERE§b to pick them up! §3§l<<<
01:27:11 [EMPTY]   
01:28:12 [EMPTY]  
01:28:12 [STASH_COMPACT] §f               §7You have §352,019 §7materials stashed away!
01:28:12 [STASH_COMPACT] §f              §8(This totals 5 types of materials stashed!)
01:28:12 [STASH_COMPACT] §f                §3§l>>> §3§lCLICK HERE§b to pick them up! §3§l<<<
01:28:12 [EMPTY]   
01:29:05 [EMPTY] §8 §r§8 §r§1 §r§3 §r§3 §r§7 §r§8 
01:29:09 [EMPTY]  
01:29:09 [STASH_COMPACT] §f               §7You have §352,019 §7materials stashed away!
01:29:09 [STASH_COMPACT] §f              §8(This totals 5 types of materials stashed!)
01:29:09 [STASH_COMPACT] §f                §3§l>>> §3§lCLICK HERE§b to pick them up! §3§l<<<
01:29:09 [EMPTY]   
01:29:36 [EMPTY]  
01:29:36 [STASH_COMPACT] §f               §7You have §352,019 §7materials stashed away!
01:29:36 [STASH_COMPACT] §f              §8(This totals 5 types of materials stashed!)
01:29:36 [STASH_COMPACT] §f                §3§l>>> §3§lCLICK HERE§b to pick them up! §3§l<<<
01:29:36 [EMPTY]   
01:30:08 [EMPTY] §8 §r§8 §r§1 §r§3 §r§3 §r§7 §r§8 
01:30:10 [EMPTY] 
01:30:10 [EMPTY] 
01:30:11 [EMPTY]  
01:30:11 [STASH_COMPACT] §f               §7You have §352,019 §7materials stashed away!
01:30:11 [STASH_COMPACT] §f              §8(This totals 5 types of materials stashed!)
01:30:11 [STASH_COMPACT] §f                §3§l>>> §3§lCLICK HERE§b to pick them up! §3§l<<<
01:30:11 [EMPTY]   
01:30:12 [EMPTY]  
01:30:12 [STASH_COMPACT] §f               §7You have §352,019 §7materials stashed away!
01:30:12 [STASH_COMPACT] §f              §8(This totals 5 types of materials stashed!)
01:30:12 [STASH_COMPACT] §f                §3§l>>> §3§lCLICK HERE§b to pick them up! §3§l<<<
01:30:12 [EMPTY]   
01:31:12 [EMPTY]  
01:31:12 [STASH_COMPACT] §f               §7You have §352,019 §7materials stashed away!
01:31:12 [STASH_COMPACT] §f              §8(This totals 5 types of materials stashed!)
01:31:12 [STASH_COMPACT] §f                §3§l>>> §3§lCLICK HERE§b to pick them up! §3§l<<<
01:31:12 [EMPTY]   
01:31:12 [EMPTY] 
01:31:46 [EMPTY] §8 §r§8 §r§1 §r§3 §r§3 §r§7 §r§8 
01:31:49 [EMPTY]  
01:31:49 [STASH_COMPACT] §f               §7You have §352,019 §7materials stashed away!
01:31:49 [STASH_COMPACT] §f              §8(This totals 5 types of materials stashed!)
01:31:49 [STASH_COMPACT] §f                §3§l>>> §3§lCLICK HERE§b to pick them up! §3§l<<<
01:31:49 [EMPTY]   
01:31:59 [EMPTY]  
01:31:59 [STASH_COMPACT] §f               §7You have §352,019 §7materials stashed away!
01:31:59 [STASH_COMPACT] §f              §8(This totals 5 types of materials stashed!)
01:31:59 [STASH_COMPACT] §f                §3§l>>> §3§lCLICK HERE§b to pick them up! §3§l<<<
01:31:59 [EMPTY]   
01:32:48 [EMPTY] §8 §r§8 §r§1 §r§3 §r§3 §r§7 §r§8 
01:32:52 [EMPTY]  
01:32:52 [STASH_COMPACT] §f               §7You have §352,019 §7materials stashed away!
01:32:52 [STASH_COMPACT] §f              §8(This totals 5 types of materials stashed!)
01:32:52 [STASH_COMPACT] §f                §3§l>>> §3§lCLICK HERE§b to pick them up! §3§l<<<
01:32:52 [EMPTY]   
01:32:53 [EMPTY]  
01:32:53 [STASH_COMPACT] §f               §7You have §352,019 §7materials stashed away!
01:32:53 [STASH_COMPACT] §f              §8(This totals 5 types of materials stashed!)
01:32:53 [STASH_COMPACT] §f                §3§l>>> §3§lCLICK HERE§b to pick them up! §3§l<<<
01:32:53 [EMPTY]   
01:33:17 [PEST_DROP] §eYou received §a28x Enchanted Nether Wart §efor killing a §2Beetle§e!
01:33:28 [PEST_DROP] §eYou received §a38x Enchanted Nether Wart §efor killing a §2Beetle§e!
01:33:38 [EMPTY] §8 §r§8 §r§1 §r§3 §r§3 §r§7 §r§8 
01:33:42 [EMPTY]  
01:33:42 [STASH_COMPACT] §f               §7You have §352,019 §7materials stashed away!
01:33:42 [STASH_COMPACT] §f              §8(This totals 5 types of materials stashed!)
01:33:42 [STASH_COMPACT] §f                §3§l>>> §3§lCLICK HERE§b to pick them up! §3§l<<<
01:33:42 [EMPTY]   
01:33:42 [EMPTY]  
01:33:43 [STASH_COMPACT] §f               §7You have §352,019 §7materials stashed away!
01:33:43 [STASH_COMPACT] §f              §8(This totals 5 types of materials stashed!)
01:33:43 [STASH_COMPACT] §f                §3§l>>> §3§lCLICK HERE§b to pick them up! §3§l<<<
01:33:43 [EMPTY]   
01:33:56 [EMPTY] §8 §r§8 §r§1 §r§3 §r§3 §r§7 §r§8 
01:34:00 [EMPTY]  
01:34:00 [STASH_COMPACT] §f               §7You have §352,019 §7materials stashed away!
01:34:00 [STASH_COMPACT] §f              §8(This totals 5 types of materials stashed!)
01:34:00 [STASH_COMPACT] §f                §3§l>>> §3§lCLICK HERE§b to pick them up! §3§l<<<
01:34:00 [EMPTY]   
01:34:17 [EMPTY]  
01:34:17 [STASH_COMPACT] §f               §7You have §352,019 §7materials stashed away!
01:34:17 [STASH_COMPACT] §f              §8(This totals 5 types of materials stashed!)
01:34:17 [STASH_COMPACT] §f                §3§l>>> §3§lCLICK HERE§b to pick them up! §3§l<<<
01:34:17 [EMPTY]   
01:34:21 [EMPTY] §8 §r§8 §r§1 §r§3 §r§3 §r§7 §r§8 
01:34:24 [EMPTY]  
01:34:24 [STASH_COMPACT] §f               §7You have §352,019 §7materials stashed away!
01:34:24 [STASH_COMPACT] §f              §8(This totals 5 types of materials stashed!)
01:34:24 [STASH_COMPACT] §f                §3§l>>> §3§lCLICK HERE§b to pick them up! §3§l<<<
01:34:24 [EMPTY]   
01:34:25 [EMPTY]  
01:34:25 [STASH_COMPACT] §f               §7You have §352,019 §7materials stashed away!
01:34:25 [STASH_COMPACT] §f              §8(This totals 5 types of materials stashed!)
01:34:25 [STASH_COMPACT] §f                §3§l>>> §3§lCLICK HERE§b to pick them up! §3§l<<<
01:34:25 [EMPTY]   
01:34:31 [PEST_DROP] §eYou received §a69x Enchanted Nether Wart §efor killing a §2Beetle§e!
01:35:01 [SKYMALL] §bNew day! §r§eYour §r§2Sky Mall §r§ebuff changed!
01:35:01 [SKYMALL] §eNew buff§r§r§r: §r§fGain §r§a+15% §r§fmore Powder while mining.
01:35:01 [SKYMALL] §8§oYou can disable this messaging by toggling Sky Mall in your /hotm!
01:35:25 [EMPTY]  
01:35:25 [STASH_COMPACT] §f               §7You have §352,019 §7materials stashed away!
01:35:25 [STASH_COMPACT] §f              §8(This totals 5 types of materials stashed!)
01:35:25 [STASH_COMPACT] §f                §3§l>>> §3§lCLICK HERE§b to pick them up! §3§l<<<
01:35:25 [EMPTY]   
01:36:25 [EMPTY]  
01:36:25 [STASH_COMPACT] §f               §7You have §352,019 §7materials stashed away!
01:36:25 [STASH_COMPACT] §f              §8(This totals 5 types of materials stashed!)
01:36:25 [STASH_COMPACT] §f                §3§l>>> §3§lCLICK HERE§b to pick them up! §3§l<<<
01:36:25 [EMPTY]   
01:37:25 [EMPTY]  
01:37:25 [STASH_COMPACT] §f               §7You have §352,019 §7materials stashed away!
01:37:25 [STASH_COMPACT] §f              §8(This totals 5 types of materials stashed!)
01:37:25 [STASH_COMPACT] §f                §3§l>>> §3§lCLICK HERE§b to pick them up! §3§l<<<
01:37:25 [EMPTY]   
01:38:25 [EMPTY]  
01:38:25 [STASH_COMPACT] §f               §7You have §352,019 §7materials stashed away!
01:38:25 [STASH_COMPACT] §f              §8(This totals 5 types of materials stashed!)
01:38:25 [STASH_COMPACT] §f                §3§l>>> §3§lCLICK HERE§b to pick them up! §3§l<<<
01:38:25 [EMPTY]   
01:39:25 [EMPTY]  
01:39:25 [STASH_COMPACT] §f               §7You have §352,019 §7materials stashed away!
01:39:25 [STASH_COMPACT] §f              §8(This totals 5 types of materials stashed!)
01:39:25 [STASH_COMPACT] §f                §3§l>>> §3§lCLICK HERE§b to pick them up! §3§l<<<
01:39:25 [EMPTY]   
01:40:25 [EMPTY]  
01:40:25 [STASH_COMPACT] §f               §7You have §352,019 §7materials stashed away!
01:40:25 [STASH_COMPACT] §f              §8(This totals 5 types of materials stashed!)
01:40:25 [STASH_COMPACT] §f                §3§l>>> §3§lCLICK HERE§b to pick them up! §3§l<<<
01:40:25 [EMPTY]   
01:41:25 [EMPTY]  
01:41:25 [STASH_COMPACT] §f               §7You have §352,019 §7materials stashed away!
01:41:25 [STASH_COMPACT] §f              §8(This totals 5 types of materials stashed!)
01:41:25 [STASH_COMPACT] §f                §3§l>>> §3§lCLICK HERE§b to pick them up! §3§l<<<
01:41:25 [EMPTY]   
01:42:25 [EMPTY]  
01:42:25 [STASH_COMPACT] §f               §7You have §352,019 §7materials stashed away!
01:42:25 [STASH_COMPACT] §f              §8(This totals 5 types of materials stashed!)
01:42:25 [STASH_COMPACT] §f                §3§l>>> §3§lCLICK HERE§b to pick them up! §3§l<<<
01:42:25 [EMPTY]   
01:43:25 [EMPTY]  
01:43:25 [STASH_COMPACT] §f               §7You have §352,019 §7materials stashed away!
01:43:25 [STASH_COMPACT] §f              §8(This totals 5 types of materials stashed!)
01:43:25 [STASH_COMPACT] §f                §3§l>>> §3§lCLICK HERE§b to pick them up! §3§l<<<
01:43:25 [EMPTY]   
01:44:25 [EMPTY]  
01:44:25 [STASH_COMPACT] §f               §7You have §352,019 §7materials stashed away!
01:44:25 [STASH_COMPACT] §f              §8(This totals 5 types of materials stashed!)
01:44:25 [STASH_COMPACT] §f                §3§l>>> §3§lCLICK HERE§b to pick them up! §3§l<<<
01:44:25 [EMPTY]   
01:45:25 [EMPTY]  
01:45:25 [STASH_COMPACT] §f               §7You have §352,019 §7materials stashed away!
01:45:25 [STASH_COMPACT] §f              §8(This totals 5 types of materials stashed!)
01:45:25 [STASH_COMPACT] §f                §3§l>>> §3§lCLICK HERE§b to pick them up! §3§l<<<
01:45:25 [EMPTY]   
01:46:25 [EMPTY]  
01:46:25 [STASH_COMPACT] §f               §7You have §352,019 §7materials stashed away!
01:46:25 [STASH_COMPACT] §f              §8(This totals 5 types of materials stashed!)
01:46:25 [STASH_COMPACT] §f                §3§l>>> §3§lCLICK HERE§b to pick them up! §3§l<<<
01:46:25 [EMPTY]   
01:47:25 [EMPTY]  
01:47:25 [STASH_COMPACT] §f               §7You have §352,019 §7materials stashed away!
01:47:25 [STASH_COMPACT] §f              §8(This totals 5 types of materials stashed!)
01:47:25 [STASH_COMPACT] §f                §3§l>>> §3§lCLICK HERE§b to pick them up! §3§l<<<
01:47:25 [EMPTY]   
01:48:26 [EMPTY]  
01:48:26 [STASH_COMPACT] §f               §7You have §352,019 §7materials stashed away!
01:48:26 [STASH_COMPACT] §f              §8(This totals 5 types of materials stashed!)
01:48:26 [STASH_COMPACT] §f                §3§l>>> §3§lCLICK HERE§b to pick them up! §3§l<<<
01:48:26 [EMPTY]   
01:49:26 [EMPTY]  
01:49:26 [STASH_COMPACT] §f               §7You have §352,019 §7materials stashed away!
01:49:26 [STASH_COMPACT] §f              §8(This totals 5 types of materials stashed!)
01:49:26 [STASH_COMPACT] §f                §3§l>>> §3§lCLICK HERE§b to pick them up! §3§l<<<
01:49:26 [EMPTY]   
01:50:26 [EMPTY]  
01:50:26 [STASH_COMPACT] §f               §7You have §352,019 §7materials stashed away!
01:50:26 [STASH_COMPACT] §f              §8(This totals 5 types of materials stashed!)
01:50:26 [STASH_COMPACT] §f                §3§l>>> §3§lCLICK HERE§b to pick them up! §3§l<<<
01:50:26 [EMPTY]   
01:51:26 [EMPTY]  
01:51:26 [STASH_COMPACT] §f               §7You have §352,019 §7materials stashed away!
01:51:26 [STASH_COMPACT] §f              §8(This totals 5 types of materials stashed!)
01:51:26 [STASH_COMPACT] §f                §3§l>>> §3§lCLICK HERE§b to pick them up! §3§l<<<
01:51:26 [EMPTY]   
01:52:26 [EMPTY]  
01:52:26 [STASH_COMPACT] §f               §7You have §352,019 §7materials stashed away!
01:52:26 [STASH_COMPACT] §f              §8(This totals 5 types of materials stashed!)
01:52:26 [STASH_COMPACT] §f                §3§l>>> §3§lCLICK HERE§b to pick them up! §3§l<<<
01:52:26 [EMPTY]   
01:53:26 [EMPTY]  
01:53:26 [STASH_COMPACT] §f               §7You have §352,019 §7materials stashed away!
01:53:26 [STASH_COMPACT] §f              §8(This totals 5 types of materials stashed!)
01:53:26 [STASH_COMPACT] §f                §3§l>>> §3§lCLICK HERE§b to pick them up! §3§l<<<
01:53:26 [EMPTY]   
01:54:26 [EMPTY]  
01:54:26 [STASH_COMPACT] §f               §7You have §352,019 §7materials stashed away!
01:54:26 [STASH_COMPACT] §f              §8(This totals 5 types of materials stashed!)
01:54:26 [STASH_COMPACT] §f                §3§l>>> §3§lCLICK HERE§b to pick them up! §3§l<<<
01:54:26 [EMPTY]   
01:55:00 [SKYMALL] §bNew day! §r§eYour §r§2Sky Mall §r§ebuff changed!
01:55:00 [SKYMALL] §eNew buff§r§r§r: §r§fGain §r§a+15% §r§fmore Powder while mining.
01:55:00 [SKYMALL] §8§oYou can disable this messaging by toggling Sky Mall in your /hotm!
01:55:26 [EMPTY]  
01:55:26 [STASH_COMPACT] §f               §7You have §352,019 §7materials stashed away!
01:55:26 [STASH_COMPACT] §f              §8(This totals 5 types of materials stashed!)
01:55:26 [STASH_COMPACT] §f                §3§l>>> §3§lCLICK HERE§b to pick them up! §3§l<<<
01:55:26 [EMPTY]   
01:56:26 [EMPTY]  
01:56:26 [STASH_COMPACT] §f               §7You have §352,019 §7materials stashed away!
01:56:26 [STASH_COMPACT] §f              §8(This totals 5 types of materials stashed!)
01:56:26 [STASH_COMPACT] §f                §3§l>>> §3§lCLICK HERE§b to pick them up! §3§l<<<
01:56:26 [EMPTY]   
01:57:26 [EMPTY]  
01:57:26 [STASH_COMPACT] §f               §7You have §352,019 §7materials stashed away!
01:57:26 [STASH_COMPACT] §f              §8(This totals 5 types of materials stashed!)
01:57:26 [STASH_COMPACT] §f                §3§l>>> §3§lCLICK HERE§b to pick them up! §3§l<<<
01:57:26 [EMPTY]   
01:58:26 [EMPTY]  
01:58:26 [STASH_COMPACT] §f               §7You have §352,019 §7materials stashed away!
01:58:26 [STASH_COMPACT] §f              §8(This totals 5 types of materials stashed!)
01:58:26 [STASH_COMPACT] §f                §3§l>>> §3§lCLICK HERE§b to pick them up! §3§l<<<
01:58:26 [EMPTY]   
01:59:26 [EMPTY]  
01:59:26 [STASH_COMPACT] §f               §7You have §352,019 §7materials stashed away!
01:59:26 [STASH_COMPACT] §f              §8(This totals 5 types of materials stashed!)
01:59:26 [STASH_COMPACT] §f                §3§l>>> §3§lCLICK HERE§b to pick them up! §3§l<<<
01:59:26 [EMPTY]   
02:00:26 [EMPTY]  
02:00:26 [STASH_COMPACT] §f               §7You have §352,019 §7materials stashed away!
02:00:26 [STASH_COMPACT] §f              §8(This totals 5 types of materials stashed!)
02:00:26 [STASH_COMPACT] §f                §3§l>>> §3§lCLICK HERE§b to pick them up! §3§l<<<
02:00:26 [EMPTY]   
02:01:26 [EMPTY]  
02:01:26 [STASH_COMPACT] §f               §7You have §352,019 §7materials stashed away!
02:01:26 [STASH_COMPACT] §f              §8(This totals 5 types of materials stashed!)
02:01:26 [STASH_COMPACT] §f                §3§l>>> §3§lCLICK HERE§b to pick them up! §3§l<<<
02:01:26 [EMPTY]   
02:02:26 [EMPTY]  
02:02:26 [STASH_COMPACT] §f               §7You have §352,019 §7materials stashed away!
02:02:26 [STASH_COMPACT] §f              §8(This totals 5 types of materials stashed!)
02:02:26 [STASH_COMPACT] §f                §3§l>>> §3§lCLICK HERE§b to pick them up! §3§l<<<
02:02:26 [EMPTY]   
02:03:26 [EMPTY]  
02:03:26 [STASH_COMPACT] §f               §7You have §352,019 §7materials stashed away!
02:03:26 [STASH_COMPACT] §f              §8(This totals 5 types of materials stashed!)
02:03:26 [STASH_COMPACT] §f                §3§l>>> §3§lCLICK HERE§b to pick them up! §3§l<<<
02:03:26 [EMPTY]   
02:04:26 [EMPTY]  
02:04:26 [STASH_COMPACT] §f               §7You have §352,019 §7materials stashed away!
02:04:26 [STASH_COMPACT] §f              §8(This totals 5 types of materials stashed!)
02:04:26 [STASH_COMPACT] §f                §3§l>>> §3§lCLICK HERE§b to pick them up! §3§l<<<
02:04:26 [EMPTY]   
02:05:26 [EMPTY]  
02:05:26 [STASH_COMPACT] §f               §7You have §352,019 §7materials stashed away!
02:05:26 [STASH_COMPACT] §f              §8(This totals 5 types of materials stashed!)
02:05:26 [STASH_COMPACT] §f                §3§l>>> §3§lCLICK HERE§b to pick them up! §3§l<<<
02:05:26 [EMPTY]   
02:06:26 [EMPTY]  
02:06:26 [STASH_COMPACT] §f               §7You have §352,019 §7materials stashed away!
02:06:26 [STASH_COMPACT] §f              §8(This totals 5 types of materials stashed!)
02:06:26 [STASH_COMPACT] §f                §3§l>>> §3§lCLICK HERE§b to pick them up! §3§l<<<
02:06:26 [EMPTY]   
02:07:26 [EMPTY]  
02:07:26 [STASH_COMPACT] §f               §7You have §352,019 §7materials stashed away!
02:07:26 [STASH_COMPACT] §f              §8(This totals 5 types of materials stashed!)
02:07:26 [STASH_COMPACT] §f                §3§l>>> §3§lCLICK HERE§b to pick them up! §3§l<<<
02:07:26 [EMPTY]   
02:08:26 [EMPTY]  
02:08:26 [STASH_COMPACT] §f               §7You have §352,019 §7materials stashed away!
02:08:26 [STASH_COMPACT] §f              §8(This totals 5 types of materials stashed!)
02:08:26 [STASH_COMPACT] §f                §3§l>>> §3§lCLICK HERE§b to pick them up! §3§l<<<
02:08:26 [EMPTY]   
02:09:26 [EMPTY]  
02:09:26 [STASH_COMPACT] §f               §7You have §352,019 §7materials stashed away!
02:09:26 [STASH_COMPACT] §f              §8(This totals 5 types of materials stashed!)
02:09:26 [STASH_COMPACT] §f                §3§l>>> §3§lCLICK HERE§b to pick them up! §3§l<<<
02:09:26 [EMPTY]   
02:10:26 [EMPTY]  
02:10:26 [STASH_COMPACT] §f               §7You have §352,019 §7materials stashed away!
02:10:26 [STASH_COMPACT] §f              §8(This totals 5 types of materials stashed!)
02:10:26 [STASH_COMPACT] §f                §3§l>>> §3§lCLICK HERE§b to pick them up! §3§l<<<
02:10:26 [EMPTY]   
02:11:26 [EMPTY]  
02:11:26 [STASH_COMPACT] §f               §7You have §352,019 §7materials stashed away!
02:11:26 [STASH_COMPACT] §f              §8(This totals 5 types of materials stashed!)
02:11:26 [STASH_COMPACT] §f                §3§l>>> §3§lCLICK HERE§b to pick them up! §3§l<<<
02:11:26 [EMPTY]   
02:12:26 [EMPTY]  
02:12:26 [STASH_COMPACT] §f               §7You have §352,019 §7materials stashed away!
02:12:26 [STASH_COMPACT] §f              §8(This totals 5 types of materials stashed!)
02:12:26 [STASH_COMPACT] §f                §3§l>>> §3§lCLICK HERE§b to pick them up! §3§l<<<
02:12:26 [EMPTY]   
02:13:26 [EMPTY]  
02:13:26 [STASH_COMPACT] §f               §7You have §352,019 §7materials stashed away!
02:13:26 [STASH_COMPACT] §f              §8(This totals 5 types of materials stashed!)
02:13:26 [STASH_COMPACT] §f                §3§l>>> §3§lCLICK HERE§b to pick them up! §3§l<<<
02:13:26 [EMPTY]   
02:14:26 [EMPTY]  
02:14:26 [STASH_COMPACT] §f               §7You have §352,019 §7materials stashed away!
02:14:26 [STASH_COMPACT] §f              §8(This totals 5 types of materials stashed!)
02:14:26 [STASH_COMPACT] §f                §3§l>>> §3§lCLICK HERE§b to pick them up! §3§l<<<
02:14:26 [EMPTY]   
02:15:00 [SKYMALL] §bNew day! §r§eYour §r§2Sky Mall §r§ebuff changed!
02:15:00 [SKYMALL] §eNew buff§r§r§r: §r§fGain §r§a+15% §r§fmore Powder while mining.
02:15:00 [SKYMALL] §8§oYou can disable this messaging by toggling Sky Mall in your /hotm!
02:15:26 [EMPTY]  
02:15:26 [STASH_COMPACT] §f               §7You have §352,019 §7materials stashed away!
02:15:26 [STASH_COMPACT] §f              §8(This totals 5 types of materials stashed!)
02:15:26 [STASH_COMPACT] §f                §3§l>>> §3§lCLICK HERE§b to pick them up! §3§l<<<
02:15:26 [EMPTY]   
02:16:26 [EMPTY]  
02:16:26 [STASH_COMPACT] §f               §7You have §352,019 §7materials stashed away!
02:16:26 [STASH_COMPACT] §f              §8(This totals 5 types of materials stashed!)
02:16:26 [STASH_COMPACT] §f                §3§l>>> §3§lCLICK HERE§b to pick them up! §3§l<<<
02:16:26 [EMPTY]   
02:17:26 [EMPTY]  
02:17:26 [STASH_COMPACT] §f               §7You have §352,019 §7materials stashed away!
02:17:26 [STASH_COMPACT] §f              §8(This totals 5 types of materials stashed!)
02:17:26 [STASH_COMPACT] §f                §3§l>>> §3§lCLICK HERE§b to pick them up! §3§l<<<
02:17:26 [EMPTY]   
02:18:26 [EMPTY]  
02:18:26 [STASH_COMPACT] §f               §7You have §352,019 §7materials stashed away!
02:18:26 [STASH_COMPACT] §f              §8(This totals 5 types of materials stashed!)
02:18:26 [STASH_COMPACT] §f                §3§l>>> §3§lCLICK HERE§b to pick them up! §3§l<<<
02:18:26 [EMPTY]   
02:19:27 [EMPTY]  
02:19:27 [STASH_COMPACT] §f               §7You have §352,019 §7materials stashed away!
02:19:27 [STASH_COMPACT] §f              §8(This totals 5 types of materials stashed!)
02:19:27 [STASH_COMPACT] §f                §3§l>>> §3§lCLICK HERE§b to pick them up! §3§l<<<
02:19:27 [EMPTY]   
02:20:27 [EMPTY]  
02:20:27 [STASH_COMPACT] §f               §7You have §352,019 §7materials stashed away!
02:20:27 [STASH_COMPACT] §f              §8(This totals 5 types of materials stashed!)
02:20:27 [STASH_COMPACT] §f                §3§l>>> §3§lCLICK HERE§b to pick them up! §3§l<<<
02:20:27 [EMPTY]   
02:21:27 [EMPTY]  
02:21:27 [STASH_COMPACT] §f               §7You have §352,019 §7materials stashed away!
02:21:27 [STASH_COMPACT] §f              §8(This totals 5 types of materials stashed!)
02:21:27 [STASH_COMPACT] §f                §3§l>>> §3§lCLICK HERE§b to pick them up! §3§l<<<
02:21:27 [EMPTY]   
02:22:27 [EMPTY]  
02:22:27 [STASH_COMPACT] §f               §7You have §352,019 §7materials stashed away!
02:22:27 [STASH_COMPACT] §f              §8(This totals 5 types of materials stashed!)
02:22:27 [STASH_COMPACT] §f                §3§l>>> §3§lCLICK HERE§b to pick them up! §3§l<<<
02:22:27 [EMPTY]   
02:23:27 [EMPTY]  
02:23:27 [STASH_COMPACT] §f               §7You have §352,019 §7materials stashed away!
02:23:27 [STASH_COMPACT] §f              §8(This totals 5 types of materials stashed!)
02:23:27 [STASH_COMPACT] §f                §3§l>>> §3§lCLICK HERE§b to pick them up! §3§l<<<
02:23:27 [EMPTY]   
02:24:27 [EMPTY]  
02:24:27 [STASH_COMPACT] §f               §7You have §352,019 §7materials stashed away!
02:24:27 [STASH_COMPACT] §f              §8(This totals 5 types of materials stashed!)
02:24:27 [STASH_COMPACT] §f                §3§l>>> §3§lCLICK HERE§b to pick them up! §3§l<<<
02:24:27 [EMPTY]   
02:25:27 [EMPTY]  
02:25:27 [STASH_COMPACT] §f               §7You have §352,019 §7materials stashed away!
02:25:27 [STASH_COMPACT] §f              §8(This totals 5 types of materials stashed!)
02:25:27 [STASH_COMPACT] §f                §3§l>>> §3§lCLICK HERE§b to pick them up! §3§l<<<
02:25:27 [EMPTY]   
02:26:27 [EMPTY]  
02:26:27 [STASH_COMPACT] §f               §7You have §352,019 §7materials stashed away!
02:26:27 [STASH_COMPACT] §f              §8(This totals 5 types of materials stashed!)
02:26:27 [STASH_COMPACT] §f                §3§l>>> §3§lCLICK HERE§b to pick them up! §3§l<<<
02:26:27 [EMPTY]   
02:27:27 [EMPTY]  
02:27:27 [STASH_COMPACT] §f               §7You have §352,019 §7materials stashed away!
02:27:27 [STASH_COMPACT] §f              §8(This totals 5 types of materials stashed!)
02:27:27 [STASH_COMPACT] §f                §3§l>>> §3§lCLICK HERE§b to pick them up! §3§l<<<
02:27:27 [EMPTY]   
02:28:27 [EMPTY]  
02:28:27 [STASH_COMPACT] §f               §7You have §352,019 §7materials stashed away!
02:28:27 [STASH_COMPACT] §f              §8(This totals 5 types of materials stashed!)
02:28:27 [STASH_COMPACT] §f                §3§l>>> §3§lCLICK HERE§b to pick them up! §3§l<<<
02:28:27 [EMPTY]   
02:29:27 [EMPTY]  
02:29:27 [STASH_COMPACT] §f               §7You have §352,019 §7materials stashed away!
02:29:27 [STASH_COMPACT] §f              §8(This totals 5 types of materials stashed!)
02:29:27 [STASH_COMPACT] §f                §3§l>>> §3§lCLICK HERE§b to pick them up! §3§l<<<
02:29:27 [EMPTY]   
02:30:27 [EMPTY]  
02:30:27 [STASH_COMPACT] §f               §7You have §352,019 §7materials stashed away!
02:30:27 [STASH_COMPACT] §f              §8(This totals 5 types of materials stashed!)
02:30:27 [STASH_COMPACT] §f                §3§l>>> §3§lCLICK HERE§b to pick them up! §3§l<<<
02:30:27 [EMPTY]   
02:31:27 [EMPTY]  
02:31:27 [STASH_COMPACT] §f               §7You have §352,019 §7materials stashed away!
02:31:27 [STASH_COMPACT] §f              §8(This totals 5 types of materials stashed!)
02:31:27 [STASH_COMPACT] §f                §3§l>>> §3§lCLICK HERE§b to pick them up! §3§l<<<
02:31:27 [EMPTY]   
02:32:27 [EMPTY]  
02:32:27 [STASH_COMPACT] §f               §7You have §352,019 §7materials stashed away!
02:32:27 [STASH_COMPACT] §f              §8(This totals 5 types of materials stashed!)
02:32:27 [STASH_COMPACT] §f                §3§l>>> §3§lCLICK HERE§b to pick them up! §3§l<<<
02:32:27 [EMPTY]   
02:33:27 [EMPTY]  
02:33:27 [STASH_COMPACT] §f               §7You have §352,019 §7materials stashed away!
02:33:27 [STASH_COMPACT] §f              §8(This totals 5 types of materials stashed!)
02:33:27 [STASH_COMPACT] §f                §3§l>>> §3§lCLICK HERE§b to pick them up! §3§l<<<
02:33:27 [EMPTY]   
02:34:27 [EMPTY]  
02:34:27 [STASH_COMPACT] §f               §7You have §352,019 §7materials stashed away!
02:34:27 [STASH_COMPACT] §f              §8(This totals 5 types of materials stashed!)
02:34:27 [STASH_COMPACT] §f                §3§l>>> §3§lCLICK HERE§b to pick them up! §3§l<<<
02:34:27 [EMPTY]   
02:35:00 [SKYMALL] §bNew day! §r§eYour §r§2Sky Mall §r§ebuff changed!
02:35:00 [SKYMALL] §eNew buff§r§r§r: §r§fGain §r§6+100⸕ Mining Speed§r§f.
02:35:00 [SKYMALL] §8§oYou can disable this messaging by toggling Sky Mall in your /hotm!
02:35:27 [EMPTY]  
02:35:27 [STASH_COMPACT] §f               §7You have §352,019 §7materials stashed away!
02:35:27 [STASH_COMPACT] §f              §8(This totals 5 types of materials stashed!)
02:35:27 [STASH_COMPACT] §f                §3§l>>> §3§lCLICK HERE§b to pick them up! §3§l<<<
02:35:27 [EMPTY]   
02:36:27 [EMPTY]  
02:36:27 [STASH_COMPACT] §f               §7You have §352,019 §7materials stashed away!
02:36:27 [STASH_COMPACT] §f              §8(This totals 5 types of materials stashed!)
02:36:27 [STASH_COMPACT] §f                §3§l>>> §3§lCLICK HERE§b to pick them up! §3§l<<<
02:36:27 [EMPTY]   
02:37:28 [EMPTY]  
02:37:28 [STASH_COMPACT] §f               §7You have §352,019 §7materials stashed away!
02:37:28 [STASH_COMPACT] §f              §8(This totals 5 types of materials stashed!)
02:37:28 [STASH_COMPACT] §f                §3§l>>> §3§lCLICK HERE§b to pick them up! §3§l<<<
02:37:28 [EMPTY]   
02:38:28 [EMPTY]  
02:38:28 [STASH_COMPACT] §f               §7You have §352,019 §7materials stashed away!
02:38:28 [STASH_COMPACT] §f              §8(This totals 5 types of materials stashed!)
02:38:28 [STASH_COMPACT] §f                §3§l>>> §3§lCLICK HERE§b to pick them up! §3§l<<<
02:38:28 [EMPTY]   
02:39:28 [EMPTY]  
02:39:28 [STASH_COMPACT] §f               §7You have §352,019 §7materials stashed away!
02:39:28 [STASH_COMPACT] §f              §8(This totals 5 types of materials stashed!)
02:39:28 [STASH_COMPACT] §f                §3§l>>> §3§lCLICK HERE§b to pick them up! §3§l<<<
02:39:28 [EMPTY]   
02:40:28 [EMPTY]  
02:40:28 [STASH_COMPACT] §f               §7You have §352,019 §7materials stashed away!
02:40:28 [STASH_COMPACT] §f              §8(This totals 5 types of materials stashed!)
02:40:28 [STASH_COMPACT] §f                §3§l>>> §3§lCLICK HERE§b to pick them up! §3§l<<<
02:40:28 [EMPTY]   
02:41:28 [EMPTY]  
02:41:28 [STASH_COMPACT] §f               §7You have §352,019 §7materials stashed away!
02:41:28 [STASH_COMPACT] §f              §8(This totals 5 types of materials stashed!)
02:41:28 [STASH_COMPACT] §f                §3§l>>> §3§lCLICK HERE§b to pick them up! §3§l<<<
02:41:28 [EMPTY]   
02:42:28 [EMPTY]  
02:42:28 [STASH_COMPACT] §f               §7You have §352,019 §7materials stashed away!
02:42:28 [STASH_COMPACT] §f              §8(This totals 5 types of materials stashed!)
02:42:28 [STASH_COMPACT] §f                §3§l>>> §3§lCLICK HERE§b to pick them up! §3§l<<<
02:42:28 [EMPTY]   
02:43:28 [EMPTY]  
02:43:28 [STASH_COMPACT] §f               §7You have §352,019 §7materials stashed away!
02:43:28 [STASH_COMPACT] §f              §8(This totals 5 types of materials stashed!)
02:43:28 [STASH_COMPACT] §f                §3§l>>> §3§lCLICK HERE§b to pick them up! §3§l<<<
02:43:28 [EMPTY]   
02:44:28 [EMPTY]  
02:44:28 [STASH_COMPACT] §f               §7You have §352,019 §7materials stashed away!
02:44:28 [STASH_COMPACT] §f              §8(This totals 5 types of materials stashed!)
02:44:28 [STASH_COMPACT] §f                §3§l>>> §3§lCLICK HERE§b to pick them up! §3§l<<<
02:44:28 [EMPTY]   
02:45:28 [EMPTY]  
02:45:28 [STASH_COMPACT] §f               §7You have §352,019 §7materials stashed away!
02:45:28 [STASH_COMPACT] §f              §8(This totals 5 types of materials stashed!)
02:45:28 [STASH_COMPACT] §f                §3§l>>> §3§lCLICK HERE§b to pick them up! §3§l<<<
02:45:28 [EMPTY]   
02:46:28 [EMPTY]  
02:46:28 [STASH_COMPACT] §f               §7You have §352,019 §7materials stashed away!
02:46:28 [STASH_COMPACT] §f              §8(This totals 5 types of materials stashed!)
02:46:28 [STASH_COMPACT] §f                §3§l>>> §3§lCLICK HERE§b to pick them up! §3§l<<<
02:46:28 [EMPTY]   
02:47:28 [EMPTY]  
02:47:28 [STASH_COMPACT] §f               §7You have §352,019 §7materials stashed away!
02:47:28 [STASH_COMPACT] §f              §8(This totals 5 types of materials stashed!)
02:47:28 [STASH_COMPACT] §f                §3§l>>> §3§lCLICK HERE§b to pick them up! §3§l<<<
02:47:28 [EMPTY]   
02:48:28 [EMPTY]  
02:48:28 [STASH_COMPACT] §f               §7You have §352,019 §7materials stashed away!
02:48:28 [STASH_COMPACT] §f              §8(This totals 5 types of materials stashed!)
02:48:28 [STASH_COMPACT] §f                §3§l>>> §3§lCLICK HERE§b to pick them up! §3§l<<<
02:48:28 [EMPTY]   
02:49:28 [EMPTY]  
02:49:28 [STASH_COMPACT] §f               §7You have §352,019 §7materials stashed away!
02:49:28 [STASH_COMPACT] §f              §8(This totals 5 types of materials stashed!)
02:49:28 [STASH_COMPACT] §f                §3§l>>> §3§lCLICK HERE§b to pick them up! §3§l<<<
02:49:28 [EMPTY]   
02:50:28 [EMPTY]  
02:50:28 [STASH_COMPACT] §f               §7You have §352,019 §7materials stashed away!
02:50:28 [STASH_COMPACT] §f              §8(This totals 5 types of materials stashed!)
02:50:28 [STASH_COMPACT] §f                §3§l>>> §3§lCLICK HERE§b to pick them up! §3§l<<<
02:50:28 [EMPTY]   
02:51:28 [EMPTY]  
02:51:28 [STASH_COMPACT] §f               §7You have §352,019 §7materials stashed away!
02:51:28 [STASH_COMPACT] §f              §8(This totals 5 types of materials stashed!)
02:51:28 [STASH_COMPACT] §f                §3§l>>> §3§lCLICK HERE§b to pick them up! §3§l<<<
02:51:28 [EMPTY]   
02:52:28 [EMPTY]  
02:52:28 [STASH_COMPACT] §f               §7You have §352,019 §7materials stashed away!
02:52:28 [STASH_COMPACT] §f              §8(This totals 5 types of materials stashed!)
02:52:28 [STASH_COMPACT] §f                §3§l>>> §3§lCLICK HERE§b to pick them up! §3§l<<<
02:52:28 [EMPTY]   
02:53:28 [EMPTY]  
02:53:28 [STASH_COMPACT] §f               §7You have §352,019 §7materials stashed away!
02:53:28 [STASH_COMPACT] §f              §8(This totals 5 types of materials stashed!)
02:53:28 [STASH_COMPACT] §f                §3§l>>> §3§lCLICK HERE§b to pick them up! §3§l<<<
02:53:28 [EMPTY]   
02:54:28 [EMPTY]  
02:54:28 [STASH_COMPACT] §f               §7You have §352,019 §7materials stashed away!
02:54:28 [STASH_COMPACT] §f              §8(This totals 5 types of materials stashed!)
02:54:28 [STASH_COMPACT] §f                §3§l>>> §3§lCLICK HERE§b to pick them up! §3§l<<<
02:54:28 [EMPTY]   
02:55:00 [SKYMALL] §bNew day! §r§eYour §r§2Sky Mall §r§ebuff changed!
02:55:00 [SKYMALL] §eNew buff§r§r§r: §r§fGain §r§6+100⸕ Mining Speed§r§f.
02:55:00 [SKYMALL] §8§oYou can disable this messaging by toggling Sky Mall in your /hotm!
02:55:28 [EMPTY]  
02:55:28 [STASH_COMPACT] §f               §7You have §352,019 §7materials stashed away!
02:55:28 [STASH_COMPACT] §f              §8(This totals 5 types of materials stashed!)
02:55:28 [STASH_COMPACT] §f                §3§l>>> §3§lCLICK HERE§b to pick them up! §3§l<<<
02:55:28 [EMPTY]   
02:56:28 [EMPTY]  
02:56:28 [STASH_COMPACT] §f               §7You have §352,019 §7materials stashed away!
02:56:28 [STASH_COMPACT] §f              §8(This totals 5 types of materials stashed!)
02:56:28 [STASH_COMPACT] §f                §3§l>>> §3§lCLICK HERE§b to pick them up! §3§l<<<
02:56:28 [EMPTY]   
02:57:28 [EMPTY]  
02:57:28 [STASH_COMPACT] §f               §7You have §352,019 §7materials stashed away!
02:57:28 [STASH_COMPACT] §f              §8(This totals 5 types of materials stashed!)
02:57:28 [STASH_COMPACT] §f                §3§l>>> §3§lCLICK HERE§b to pick them up! §3§l<<<
02:57:28 [EMPTY]   
02:58:28 [EMPTY]  
02:58:28 [STASH_COMPACT] §f               §7You have §352,019 §7materials stashed away!
02:58:28 [STASH_COMPACT] §f              §8(This totals 5 types of materials stashed!)
02:58:28 [STASH_COMPACT] §f                §3§l>>> §3§lCLICK HERE§b to pick them up! §3§l<<<
02:58:28 [EMPTY]   
02:59:29 [EMPTY]  
02:59:29 [STASH_COMPACT] §f               §7You have §352,019 §7materials stashed away!
02:59:29 [STASH_COMPACT] §f              §8(This totals 5 types of materials stashed!)
02:59:29 [STASH_COMPACT] §f                §3§l>>> §3§lCLICK HERE§b to pick them up! §3§l<<<
02:59:29 [EMPTY]   
03:00:29 [EMPTY]  
03:00:29 [STASH_COMPACT] §f               §7You have §352,019 §7materials stashed away!
03:00:29 [STASH_COMPACT] §f              §8(This totals 5 types of materials stashed!)
03:00:29 [STASH_COMPACT] §f                §3§l>>> §3§lCLICK HERE§b to pick them up! §3§l<<<
03:00:29 [EMPTY]   
03:01:06 [GARDEN_VISITOR_MESSAGE] §e[NPC] §aGuy§f: §r§fHeard you may got some mushrooms...I've been looking for some...
03:01:07 [EMPTY] 
03:01:07 [EMPTY] 
03:01:07 [GARDEN_VISITOR_MESSAGE] §e[NPC] §aGuy§f: §r§fThank ya man, I knew I could trust you! These will come in good use!
03:01:08 [GARDEN_VISITOR_MESSAGE] §e[NPC] §9Emissary Sisko§f: §r§fI've heard I can find the best mushrooms here, and as the King's favorite emissary I will bring them to him!
03:01:11 [GARDEN_VISITOR_MESSAGE] §e[NPC] §9Emissary Sisko§f: §r§fYou are going to regret this!
03:01:11 [NEW_VISITOR_ARRIVED] §a§r§aTrevor §r§ehas arrived on your §r§aGarden§r§e!
03:01:11 [GARDEN_VISITOR_MESSAGE] §e[NPC] §aPlumber Joe§f: §r§fI once dumped a magical water bucket into the toilet. It won't stop overflowing. Anyway, you got something for me?
03:01:13 [EMPTY] 
03:01:13 [EMPTY] 
03:01:13 [GARDEN_VISITOR_MESSAGE] §e[NPC] §aPlumber Joe§f: §r§fThanks. That should help me fix my water troubles.
03:01:14 [GARDEN_VISITOR_MESSAGE] §e[NPC] §aFisherman§f: §r§fA Carrot King has been scaring off all the good fish, I need to deal with it before I lose more fish.
03:01:16 [EMPTY] 
03:01:16 [EMPTY] 
03:01:16 [GARDEN_VISITOR_MESSAGE] §e[NPC] §aFisherman§f: §r§fHoly Mackerel! You got me the whole nine yards.
03:01:16 [GARDEN_VISITOR_MESSAGE] §e[NPC] §aJamie§f: §r§fYou might have noticed that you can purchase additional plots within your Desk in the Barn!
03:01:17 [EMPTY] 
03:01:17 [EMPTY] 
03:01:17 [GARDEN_VISITOR_MESSAGE] §e[NPC] §aJamie§f: §r§fThank you! Until next time!
03:01:19 [GARDEN_VISITOR_MESSAGE] §e[NPC] §aTrevor§f: §r§fI've been tracking an animal for the past few days. Got anything I could use as bait?
03:01:21 [GARDEN_VISITOR_MESSAGE] §e[NPC] §aTrevor§f: §r§fLooks like I'll have to catch it the old fashioned way.
03:01:27 [EMPTY] §f
03:01:27 [EMPTY] §f
03:01:27 [EMPTY] §f
03:01:27 [EMPTY] §f
03:01:27 [EMPTY] §f
03:01:27 [EMPTY] §f
03:01:29 [EMPTY]  
03:01:29 [STASH_COMPACT] §f               §7You have §352,019 §7materials stashed away!
03:01:29 [STASH_COMPACT] §f              §8(This totals 5 types of materials stashed!)
03:01:29 [STASH_COMPACT] §f                §3§l>>> §3§lCLICK HERE§b to pick them up! §3§l<<<
03:01:29 [EMPTY]   
03:01:43 [EMPTY] §f
03:01:43 [EMPTY] §c
03:02:29 [EMPTY]  
03:02:29 [STASH_COMPACT] §f               §7You have §352,019 §7materials stashed away!
03:02:29 [STASH_COMPACT] §f              §8(This totals 5 types of materials stashed!)
03:02:29 [STASH_COMPACT] §f                §3§l>>> §3§lCLICK HERE§b to pick them up! §3§l<<<
03:02:29 [EMPTY]   
03:03:29 [EMPTY]  
03:03:29 [STASH_COMPACT] §f               §7You have §352,019 §7materials stashed away!
03:03:29 [STASH_COMPACT] §f              §8(This totals 5 types of materials stashed!)
03:03:29 [STASH_COMPACT] §f                §3§l>>> §3§lCLICK HERE§b to pick them up! §3§l<<<
03:03:29 [EMPTY]   
03:04:29 [EMPTY]  
03:04:29 [STASH_COMPACT] §f               §7You have §352,019 §7materials stashed away!
03:04:29 [STASH_COMPACT] §f              §8(This totals 5 types of materials stashed!)
03:04:29 [STASH_COMPACT] §f                §3§l>>> §3§lCLICK HERE§b to pick them up! §3§l<<<
03:04:29 [EMPTY]   
03:05:29 [EMPTY]  
03:05:29 [STASH_COMPACT] §f               §7You have §352,019 §7materials stashed away!
03:05:29 [STASH_COMPACT] §f              §8(This totals 5 types of materials stashed!)
03:05:29 [STASH_COMPACT] §f                §3§l>>> §3§lCLICK HERE§b to pick them up! §3§l<<<
03:05:29 [EMPTY]   
03:06:29 [EMPTY]  
03:06:29 [STASH_COMPACT] §f               §7You have §352,019 §7materials stashed away!
03:06:29 [STASH_COMPACT] §f              §8(This totals 5 types of materials stashed!)
03:06:29 [STASH_COMPACT] §f                §3§l>>> §3§lCLICK HERE§b to pick them up! §3§l<<<
03:06:29 [EMPTY]   
03:07:29 [EMPTY]  
03:07:29 [STASH_COMPACT] §f               §7You have §352,019 §7materials stashed away!
03:07:29 [STASH_COMPACT] §f              §8(This totals 5 types of materials stashed!)
03:07:29 [STASH_COMPACT] §f                §3§l>>> §3§lCLICK HERE§b to pick them up! §3§l<<<
03:07:29 [EMPTY]   
03:08:29 [EMPTY]  
03:08:29 [STASH_COMPACT] §f               §7You have §352,019 §7materials stashed away!
03:08:29 [STASH_COMPACT] §f              §8(This totals 5 types of materials stashed!)
03:08:29 [STASH_COMPACT] §f                §3§l>>> §3§lCLICK HERE§b to pick them up! §3§l<<<
03:08:29 [EMPTY]   
03:09:29 [EMPTY]  
03:09:29 [STASH_COMPACT] §f               §7You have §352,019 §7materials stashed away!
03:09:29 [STASH_COMPACT] §f              §8(This totals 5 types of materials stashed!)
03:09:29 [STASH_COMPACT] §f                §3§l>>> §3§lCLICK HERE§b to pick them up! §3§l<<<
03:09:29 [EMPTY]   
03:10:29 [EMPTY]  
03:10:29 [STASH_COMPACT] §f               §7You have §352,019 §7materials stashed away!
03:10:29 [STASH_COMPACT] §f              §8(This totals 5 types of materials stashed!)
03:10:29 [STASH_COMPACT] §f                §3§l>>> §3§lCLICK HERE§b to pick them up! §3§l<<<
03:10:29 [EMPTY]   
03:10:58 [EMPTY] §8 §r§8 §r§1 §r§3 §r§3 §r§7 §r§8 
03:11:02 [EMPTY]  
03:11:02 [STASH_COMPACT] §f               §7You have §352,019 §7materials stashed away!
03:11:02 [STASH_COMPACT] §f              §8(This totals 5 types of materials stashed!)
03:11:02 [STASH_COMPACT] §f                §3§l>>> §3§lCLICK HERE§b to pick them up! §3§l<<<
03:11:02 [EMPTY]   
03:11:44 [EMPTY]  
03:11:44 [STASH_COMPACT] §f               §7You have §352,019 §7materials stashed away!
03:11:44 [STASH_COMPACT] §f              §8(This totals 5 types of materials stashed!)
03:11:44 [STASH_COMPACT] §f                §3§l>>> §3§lCLICK HERE§b to pick them up! §3§l<<<
03:11:44 [EMPTY]   
03:12:44 [EMPTY]  
03:12:44 [STASH_COMPACT] §f               §7You have §352,019 §7materials stashed away!
03:12:44 [STASH_COMPACT] §f              §8(This totals 5 types of materials stashed!)
03:12:44 [STASH_COMPACT] §f                §3§l>>> §3§lCLICK HERE§b to pick them up! §3§l<<<
03:12:44 [EMPTY]   
03:13:45 [EMPTY]  
03:13:45 [STASH_COMPACT] §f               §7You have §352,019 §7materials stashed away!
03:13:45 [STASH_COMPACT] §f              §8(This totals 5 types of materials stashed!)
03:13:45 [STASH_COMPACT] §f                §3§l>>> §3§lCLICK HERE§b to pick them up! §3§l<<<
03:13:45 [EMPTY]   
03:14:46 [EMPTY]  
03:14:46 [STASH_COMPACT] §f               §7You have §352,019 §7materials stashed away!
03:14:46 [STASH_COMPACT] §f              §8(This totals 5 types of materials stashed!)
03:14:46 [STASH_COMPACT] §f                §3§l>>> §3§lCLICK HERE§b to pick them up! §3§l<<<
03:14:46 [EMPTY]   
03:15:47 [EMPTY]  
03:15:47 [STASH_COMPACT] §f               §7You have §352,019 §7materials stashed away!
03:15:47 [STASH_COMPACT] §f              §8(This totals 5 types of materials stashed!)
03:15:47 [STASH_COMPACT] §f                §3§l>>> §3§lCLICK HERE§b to pick them up! §3§l<<<
03:15:47 [EMPTY]   
03:16:48 [EMPTY]  
03:16:48 [STASH_COMPACT] §f               §7You have §352,019 §7materials stashed away!
03:16:48 [STASH_COMPACT] §f              §8(This totals 5 types of materials stashed!)
03:16:48 [STASH_COMPACT] §f                §3§l>>> §3§lCLICK HERE§b to pick them up! §3§l<<<
03:16:48 [EMPTY]   
03:17:48 [EMPTY]  
03:17:48 [STASH_COMPACT] §f               §7You have §352,019 §7materials stashed away!
03:17:48 [STASH_COMPACT] §f              §8(This totals 5 types of materials stashed!)
03:17:48 [STASH_COMPACT] §f                §3§l>>> §3§lCLICK HERE§b to pick them up! §3§l<<<
03:17:48 [EMPTY]   
03:18:49 [EMPTY]  
03:18:49 [STASH_COMPACT] §f               §7You have §352,019 §7materials stashed away!
03:18:49 [STASH_COMPACT] §f              §8(This totals 5 types of materials stashed!)
03:18:49 [STASH_COMPACT] §f                §3§l>>> §3§lCLICK HERE§b to pick them up! §3§l<<<
03:18:49 [EMPTY]   
03:19:50 [EMPTY]  
03:19:50 [STASH_COMPACT] §f               §7You have §352,019 §7materials stashed away!
03:19:50 [STASH_COMPACT] §f              §8(This totals 5 types of materials stashed!)
03:19:50 [STASH_COMPACT] §f                §3§l>>> §3§lCLICK HERE§b to pick them up! §3§l<<<
03:19:50 [EMPTY]   
03:20:51 [EMPTY]  
03:20:51 [STASH_COMPACT] §f               §7You have §352,019 §7materials stashed away!
03:20:51 [STASH_COMPACT] §f              §8(This totals 5 types of materials stashed!)
03:20:51 [STASH_COMPACT] §f                §3§l>>> §3§lCLICK HERE§b to pick them up! §3§l<<<
03:20:51 [EMPTY]   
03:21:05 [EMPTY] §8 §r§8 §r§1 §r§3 §r§3 §r§7 §r§8 
03:21:08 [EMPTY]  
03:21:08 [STASH_COMPACT] §f               §7You have §352,019 §7materials stashed away!
03:21:08 [STASH_COMPACT] §f              §8(This totals 5 types of materials stashed!)
03:21:08 [STASH_COMPACT] §f                §3§l>>> §3§lCLICK HERE§b to pick them up! §3§l<<<
03:21:08 [EMPTY]   
03:21:09 [EMPTY]  
03:21:09 [STASH_COMPACT] §f               §7You have §352,019 §7materials stashed away!
03:21:09 [STASH_COMPACT] §f              §8(This totals 5 types of materials stashed!)
03:21:09 [STASH_COMPACT] §f                §3§l>>> §3§lCLICK HERE§b to pick them up! §3§l<<<
03:21:09 [EMPTY]   
03:22:05 [EMPTY] 
03:22:05 [EMPTY] 
03:22:09 [EMPTY]  
03:22:09 [STASH_COMPACT] §f               §7You have §352,019 §7materials stashed away!
03:22:09 [STASH_COMPACT] §f              §8(This totals 5 types of materials stashed!)
03:22:09 [STASH_COMPACT] §f                §3§l>>> §3§lCLICK HERE§b to pick them up! §3§l<<<
03:22:09 [EMPTY]   
03:23:09 [EMPTY]  
03:23:09 [STASH_COMPACT] §f               §7You have §352,019 §7materials stashed away!
03:23:09 [STASH_COMPACT] §f              §8(This totals 5 types of materials stashed!)
03:23:09 [STASH_COMPACT] §f                §3§l>>> §3§lCLICK HERE§b to pick them up! §3§l<<<
03:23:09 [EMPTY]   
03:23:43 [EMPTY] §f
03:23:43 [EMPTY] §f
03:23:43 [EMPTY] §f
03:23:43 [EMPTY] §f
03:24:09 [EMPTY]  
03:24:09 [STASH_COMPACT] §f               §7You have §352,019 §7materials stashed away!
03:24:09 [STASH_COMPACT] §f              §8(This totals 5 types of materials stashed!)
03:24:09 [STASH_COMPACT] §f                §3§l>>> §3§lCLICK HERE§b to pick them up! §3§l<<<
03:24:09 [EMPTY]   
