23:13:39 §e[SkyHanni] §bYou have §351k §bmaterials in stash, §btotalling §35 types§b. §bClick to §3pickup §byour stash!§r
23:35:42 §d§l▬▬▬▬▬▬▬▬▬▬▬▬▬▬▬▬▬▬▬▬▬▬▬▬▬▬▬▬▬▬▬▬▬▬▬▬▬▬▬▬▬▬▬▬▬▬▬▬▬▬▬▬▬▬▬▬▬▬▬▬▬▬▬▬
                          §d§lHoppity's Hunt #43 Stats


    §c§lNothing to show!
    §c§oFind some eggs in the future!
§d§l▬▬▬▬▬▬▬▬▬▬▬▬▬▬▬▬▬▬▬▬▬▬▬▬▬▬▬▬▬▬▬▬▬▬▬▬▬▬▬▬▬▬▬▬▬▬▬▬▬▬▬▬▬▬▬▬▬▬▬▬▬▬▬▬§r
23:38:05 §e[SkyHanni] §lCLICK HERE§r§e to grab §ax126 §9§aEnchanted Slimeball§e from sacks!§r
23:38:10 §e[SkyHanni] You have gained §b450 §eBits.§r
00:19:38 §e[SkyHanni] You have gained §b10 §eBits.§r
00:20:03 §e[SkyHanni] You have gained §b10 §eBits.§r
00:20:15 §e[SkyHanni] You have gained §b20 §eBits.§r
00:20:35 §e[SkyHanni] You have gained §b10 §eBits.§r
00:21:12 §e[SkyHanni] You have gained §b10 §eBits.§r
00:21:35 §e[SkyHanni] You have gained §b10 §eBits.§r
00:21:43 §e[SkyHanni] You have gained §b10 §eBits.§r
00:22:02 §e[SkyHanni] You have gained §b10 §eBits.§r
00:22:31 §e[SkyHanni] You have gained §b10 §eBits.§r
00:22:43 §e[SkyHanni] You have gained §b10 §eBits.§r
00:23:09 §e[SkyHanni] You have gained §b10 §eBits.§r
00:23:47 §e[SkyHanni] You have gained §b10 §eBits.§r
00:24:01 §e[SkyHanni] You have gained §b10 §eBits.§r
00:24:38 §e[SkyHanni] You have gained §b10 §eBits.§r
00:24:50 §e[SkyHanni] You have gained §b10 §eBits.§r
00:48:04 §e[SkyHanni] You have gained §b518 §eBits.§r
01:05:59 §e[SkyHanni] §cYour Time Tower just expired and has 2 charges remaining. Click here to use one.§r
01:18:26 §e[SkyHanni] You have gained §b518 §eBits.§r
01:23:59 §e[SkyHanni] You have gained §b10 §eBits.§r
01:24:12 §e[SkyHanni] You have gained §b10 §eBits.§r
01:25:14 §e[SkyHanni] §b+1 SkyBlock XP §7(HOTM Progression§7)§b (89/100)§r
01:25:52 §e[SkyHanni] You have gained §b30 §eBits.§r
01:26:50 §e[SkyHanni] Profit for §9Lapis Corpse§e: §616k§r
01:27:05 §e[SkyHanni] Profit for §9Lapis Corpse§e: §626k§r
01:27:11 §e[SkyHanni] §bYou have §352k §bmaterials in stash, §btotalling §35 types§b. §bClick to §3pickup §byour stash!§r
01:29:20 §e[SkyHanni] You have gained §b50 §eBits.§r
01:29:39 §e[SkyHanni] You have gained §b10 §eBits.§r
01:31:12 §e[SkyHanni] Profit for §9Lapis Corpse§e: §696k§r
01:31:46 §e[SkyHanni] You have gained §b20 §eBits.§r
01:31:52 §e[SkyHanni] You have gained §b20 §eBits.§r
01:32:10 §e[SkyHanni] You have gained §b10 §eBits.§r
01:32:41 §e[SkyHanni] You have gained §b10 §eBits.§r
01:32:49 §e[SkyHanni] §aJamie §eis visiting your garden!§r
01:32:49 §e[SkyHanni] §aFisherman §eis visiting your garden!§r
01:32:49 §e[SkyHanni] §aPlumber Joe §eis visiting your garden!§r
01:32:49 §e[SkyHanni] §aGuy §eis visiting your garden!§r
01:32:49 §e[SkyHanni] §9Emissary Sisko §eis visiting your garden!§r
01:33:18 §e[SkyHanni] You have gained §b10 §eBits.§r
01:33:18 §e[SkyHanni] Started tracking your Jacob Contest Blocks Per Second!§r
01:33:29 §e[SkyHanni] You have gained §b10 §eBits.§r
01:34:32 §e[SkyHanni] You have gained §b10 §eBits.§r
01:49:06 §e[SkyHanni] You have gained §b518 §eBits.§r
02:19:07 §e[SkyHanni] You have gained §b518 §eBits.§r
02:49:08 §e[SkyHanni] You have gained §b518 §eBits.§r
03:01:08 §e[SkyHanni] You have gained §b10 §eBits.§r
03:01:13 §e[SkyHanni] §aTrevor §eis visiting your garden!§r
03:01:14 §e[SkyHanni] You have gained §b10 §eBits.§r
03:01:16 §e[SkyHanni] You have gained §b10 §eBits.§r
03:01:18 §e[SkyHanni] You have gained §b10 §eBits.§r
03:19:31 §e[SkyHanni] You have gained §b1,036 §eBits.§r
