08:22:55 §f §r§r§r§f §r§r§r§1 §r§r§r§0 §r§r§r§2 §r§r§r§f §r§r§r§f §r§r§r§2 §r§r§r§0 §r§r§r§4 §r§r§r§3 §r§r§r§9 §r§r§r§2 §r§r§r§0 §r§r§r§0 §r§r§r§3 §r§r§r§9 §r§r§r§2 §r§r§r§0 §r§r§r§0 §r§r§r§3 §r§r§r§9 §r§r§r§2 §r§r§r§0 §r§r§r§0 
08:22:55 
08:23:06 §8 §r§8 §r§1 §r§3 §r§3 §r§7 §r§8 
08:23:08 
08:23:08 
08:23:09  
08:23:09   
08:23:10  
08:23:10   
08:24:10  
08:24:10   
08:24:11 §8 §r§8 §r§1 §r§3 §r§3 §r§7 §r§8 
08:24:14  
08:24:14   
08:24:15  
08:24:15   
08:25:15  
08:25:15   
08:26:02 §8 §r§8 §r§1 §r§3 §r§3 §r§7 §r§8 
08:26:05  
08:26:05   
08:26:06  
08:26:06   
08:27:06  
08:27:06   
08:28:06  
08:28:06   
08:29:06  
08:29:06   
08:30:07  
08:30:07   
08:30:36 §8 §r§8 §r§1 §r§3 §r§3 §r§7 §r§8 
08:30:40  
08:30:40   
08:30:41  
08:30:41   
08:31:41  
08:31:41   
08:32:20 §8 §r§8 §r§1 §r§3 §r§3 §r§7 §r§8 
08:32:24  
08:32:24   
08:32:24  
08:32:24   
08:33:06 §8 §r§8 §r§1 §r§3 §r§3 §r§7 §r§8 
08:33:09  
08:33:10   
08:33:15 
08:33:15 
08:33:18  
08:33:18   
08:33:28 §8 §r§8 §r§1 §r§3 §r§3 §r§7 §r§8 
08:33:32  
08:33:32   
08:33:32  
08:33:32   
08:33:47 
08:33:47 
08:33:50 
08:33:50 
08:33:52 
08:33:52 
08:33:57 
08:33:57 
08:34:32  
08:34:32   
08:35:33  
08:35:33   
08:36:33  
08:36:33   
08:37:33  
08:37:33   
08:38:33  
08:38:33   
08:39:33  
08:39:33   
08:40:34  
08:40:34   
08:41:34  
08:41:34   
08:42:34  
08:42:34   
08:43:34  
08:43:34   
08:44:34  
08:44:34   
08:45:35  
08:45:35   
08:46:35  
08:46:35   
08:47:35  
08:47:35   
08:48:35  
08:48:35   
08:49:35  
08:49:35   
08:50:35  
08:50:35   
08:51:35  
08:51:35   
08:52:35  
08:52:35   
08:53:35  
08:53:35   
08:54:35  
08:54:35   
08:55:35  
08:55:35   
08:56:35  
08:56:35   
08:57:36  
08:57:36   
08:58:36  
08:58:36   
08:59:36  
08:59:36   
09:00:22 §f
09:00:22 §c
09:00:36  
09:00:36   
09:01:36  
09:01:36   
09:02:36  
09:02:36   
09:03:36  
09:03:36   
09:04:36  
09:04:36   
09:05:36  
09:05:36   
09:06:36  
09:06:36   
09:07:36  
09:07:36   
09:08:36  
09:08:36   
09:09:36  
09:09:36   
09:10:36  
09:10:36   
09:11:01 
09:11:01 
09:11:06 
09:11:06 
09:11:16 
09:11:16 
09:11:37  
09:11:37   
09:12:37  
09:12:37   
09:13:37  
09:13:37   
09:14:37  
09:14:37   
09:15:37  
09:15:37   
09:16:37  
09:16:37   
09:17:37  
09:17:37   
09:18:37  
09:18:37   
09:19:37  
09:19:37   
09:20:37  
09:20:37   
09:21:37  
09:21:37   
09:22:38  
09:22:38   
09:23:38  
09:23:38   
09:24:38  
09:24:38   
09:25:38  
09:25:38   
09:26:38  
09:26:38   
09:27:38  
09:27:38   
09:28:38  
09:28:38   
09:29:38  
09:29:38   
09:30:39  
09:30:39   
09:31:39  
09:31:39   
09:32:39  
09:32:39   
09:33:39  
09:33:39   
09:34:39  
09:34:39   
09:35:39  
09:35:39   
09:36:39  
09:36:39   
09:37:39  
09:37:39   
09:38:39  
09:38:39   
09:39:40  
09:39:40   
09:40:40  
09:40:40   
09:41:40  
09:41:40   
09:42:40  
09:42:40   
09:43:40  
09:43:40   
09:44:40  
09:44:40   
09:45:40  
09:45:40   
09:46:40  
09:46:40   
09:47:41  
09:47:41   
09:48:41  
09:48:41   
09:49:41  
09:49:41   
09:50:41  
09:50:41   
09:51:41  
09:51:41   
09:52:42  
09:52:42   
09:53:28 
09:53:28 
09:53:42  
09:53:42   
09:54:42  
09:54:42   
09:55:42  
09:55:42   
09:56:42  
09:56:42   
09:57:42  
09:57:42   
09:58:42  
09:58:42   
09:59:42  
09:59:42   
10:00:42  
10:00:42   
10:01:42  
10:01:43   
10:02:43  
10:02:43   
10:03:43  
10:03:43   
10:04:43  
10:04:43   
10:05:43  
10:05:43   
10:06:43  
10:06:43   
10:07:43  
10:07:43   
10:08:44  
10:08:44   
10:09:44  
10:09:44   
10:10:44  
10:10:44   
10:11:44  
10:11:44   
10:12:44  
10:12:44   
10:13:44  
10:13:44   
10:14:44  
10:14:44   
10:15:44  
10:15:44   
10:16:44  
10:16:44   
10:17:45  
10:17:45   
10:18:45  
10:18:45   
10:19:45  
10:19:45   
10:20:45  
10:20:45   
10:21:45  
10:21:45   
10:22:45  
10:22:45   
10:23:45  
10:23:45   
10:24:45  
10:24:45   
10:25:45  
10:25:45   
10:26:46  
10:26:46   
10:27:46  
10:27:46   
10:28:46  
10:28:46   
10:29:46  
10:29:46   
10:30:15 
10:30:15 
10:30:46  
10:30:46   
10:31:46  
10:31:46   
10:32:46  
10:32:46   
10:33:46  
10:33:46   
10:34:46  
10:34:46   
10:35:47  
10:35:47   
10:36:47  
10:36:47   
10:37:47  
10:37:47   
10:38:47  
10:38:47   
10:39:47  
10:39:47   
10:40:47  
10:40:47   
10:41:48  
10:41:48   
10:42:48  
10:42:48   
10:43:48  
10:43:48   
10:44:48  
10:44:48   
10:44:57 
10:44:57 
10:45:02 
10:45:02 
10:45:48  
10:45:48   
10:46:48  
10:46:48   
10:47:48  
10:47:48   
10:48:48  
10:48:48   
10:49:48  
10:49:48   
10:50:48  
10:50:48   
10:51:48  
10:51:48   
10:52:48  
10:52:48   
10:53:48  
10:53:48   
10:54:49  
10:54:49   
10:55:49  
10:55:49   
10:56:49  
10:56:49   
10:57:49  
10:57:49   
10:58:49  
10:58:49   
10:59:49  
10:59:49   
11:00:22 §f
11:00:22 §c
11:00:49  
11:00:49   
11:01:49  
11:01:49   
11:02:49  
11:02:50   
11:03:50  
11:03:50   
11:04:50  
11:04:50   
11:05:50  
11:05:50   
11:06:50  
11:06:50   
11:07:50  
11:07:50   
11:08:50  
11:08:50   
11:09:50  
11:09:50   
11:10:51  
11:10:51   
11:11:51  
11:11:51   
11:12:51  
11:12:51   
11:13:51  
11:13:51   
11:14:51  
11:14:51   
11:15:51  
11:15:51   
11:16:51  
11:16:51   
11:17:51  
11:17:51   
11:18:51  
11:18:51   
11:19:51  
11:19:51   
11:20:51  
11:20:51   
11:21:52  
11:21:52   
11:22:52  
11:22:52   
11:23:52  
11:23:52   
11:24:52  
11:24:52   
11:25:52  
11:25:52   
11:26:52  
11:26:52   
11:27:52  
11:27:52   
11:28:53  
11:28:53   
11:29:53  
11:29:53   
11:30:53  
11:30:53   
11:31:53  
11:31:53   
11:32:53  
11:32:53   
11:33:53  
11:33:53   
11:34:53  
11:34:53   
11:35:53  
11:35:53   
11:36:54  
11:36:54   
11:37:54  
11:37:54   
11:38:54  
11:38:54   
11:39:54  
11:39:54   
11:39:59  
11:40:54  
11:40:54   
11:41:54  
11:41:54   
11:42:54  
11:42:54   
11:43:54  
11:43:54   
11:44:54  
11:44:54   
11:45:55  
11:45:55   
11:46:55  
11:46:55   
11:47:55  
11:47:55   
11:48:55  
11:48:55   
12:37:01 §f §r§r§r§f §r§r§r§1 §r§r§r§0 §r§r§r§2 §r§r§r§f §r§r§r§f §r§r§r§2 §r§r§r§0 §r§r§r§4 §r§r§r§3 §r§r§r§9 §r§r§r§2 §r§r§r§0 §r§r§r§0 §r§r§r§3 §r§r§r§9 §r§r§r§2 §r§r§r§0 §r§r§r§0 §r§r§r§3 §r§r§r§9 §r§r§r§2 §r§r§r§0 §r§r§r§0 
12:37:02 
12:37:11 §8 §r§8 §r§1 §r§3 §r§3 §r§7 §r§8 
12:37:13 
12:37:13 
12:37:14  
12:37:14   
12:37:15  
12:37:15   
12:38:15  
12:38:15   
12:39:16  
12:39:16   
12:40:16  
12:40:16   
12:41:16  
12:41:16   
12:42:16  
12:42:16   
12:43:16  
12:43:16   
12:44:16  
12:44:16   
12:45:16  
12:45:16   
12:46:16  
12:46:16   
12:47:17  
12:47:17   
12:48:17  
12:48:17   
12:49:17  
12:49:17   
12:50:17  
12:50:17   
12:51:17  
12:51:17   
12:52:17  
12:52:17   
12:52:39 
12:52:39 
12:52:42 
12:52:42 
12:53:17  
12:53:17   
12:54:18  
12:54:18   
12:55:18  
12:55:18   
12:56:18  
12:56:18   
12:57:18  
12:57:18   
12:58:18  
12:58:18   
12:59:18  
12:59:18   
12:59:49 §f
12:59:49 §f
12:59:49 §f
12:59:49 §f
13:00:18  
13:00:18   
13:00:22 §f
13:00:22 §c
13:01:18  
13:01:18   
13:02:18  
13:02:18   
13:03:19  
13:03:19   
13:04:19  
13:04:19   
13:05:19  
13:05:19   
13:06:19  
13:06:19   
13:07:19  
13:07:19   
13:08:19  
13:08:19   
13:09:19  
13:09:19   
13:10:19  
13:10:19   
13:11:20  
13:11:20   
13:12:20  
13:12:20   
13:13:20  
13:13:20   
13:14:20  
13:14:20   
13:15:20  
13:15:20   
13:16:20  
13:16:20   
13:17:20  
13:17:20   
13:18:21  
13:18:21   
13:19:21  
13:19:21   
13:20:21  
13:20:21   
13:21:21  
13:21:21   
13:22:21  
13:22:21   
13:23:21  
13:23:21   
13:24:21  
13:24:21   
13:25:22  
13:25:22   
13:26:22  
13:26:22   
