08:35:06 §a§r§aTarwen §r§ehas arrived on your §r§aGarden§r§e!
08:39:08 §a§r§aJamie §r§ehas arrived on your §r§aGarden§r§e!
08:47:33 §a§r§aRoyal Resident §r§ehas arrived on your §r§aGarden§r§e!
08:57:37 §a§r§aGimley §r§ehas arrived on your §r§aGarden§r§e!
09:09:38 §6§r§6Sirius §r§ehas arrived on your §r§aGarden§r§e!
09:15:32 §a§r§aGuy §r§ehas arrived on your §r§aGarden§r§e!
09:20:00 §9§r§9Queen Mismyla §r§ehas arrived on your §r§aGarden§r§e!
09:24:24 §a§r§aFelix §r§ehas arrived on your §r§aGarden§r§e!
09:28:15 §a§r§aHungry Hiker §r§ehas arrived on your §r§aGarden§r§e!
09:33:29 §9§r§9Emissary Sisko §r§ehas arrived on your §r§aGarden§r§e!
09:37:28 §a§r§aAndrew §r§ehas arrived on your §r§aGarden§r§e!
09:44:11 §a§r§aVex §r§ehas arrived on your §r§aGarden§r§e!
09:48:32 §a§r§aGimley §r§ehas arrived on your §r§aGarden§r§e!
09:52:41 §a§r§aStella §r§ehas arrived on your §r§aGarden§r§e!
10:00:29 §a§r§aEmissary Wilson §r§ehas arrived on your §r§aGarden§r§e!
10:29:47 §a§r§aSargwyn §r§ehas arrived on your §r§aGarden§r§e!
10:36:39 §a§r§aSargwyn §r§ehas arrived on your §r§aGarden§r§e!
10:40:41 §a§r§aTom §r§ehas arrived on your §r§aGarden§r§e!
10:45:07 §a§r§aGuy §r§ehas arrived on your §r§aGarden§r§e!
10:57:07 §a§r§aEmissary Ceanna §r§ehas arrived on your §r§aGarden§r§e!
11:09:08 §a§r§aFear Mongerer §r§ehas arrived on your §r§aGarden§r§e!
12:52:40 §9§r§9Tia the Fairy §r§ehas arrived on your §r§aGarden§r§e!
13:04:40 §9§r§9Grandma Wolf §r§ehas arrived on your §r§aGarden§r§e!
13:16:40 §a§r§aTarwen §r§ehas arrived on your §r§aGarden§r§e!
