08:30:54 §eYou received §a69x Enchanted Nether Wart §efor killing a §2Beetle§e!
08:31:02 §eYou received §a92x Enchanted Nether Wart §efor killing a §2Beetle§e!
08:31:19 §eYou received §a110x Enchanted Nether Wart §efor killing a §2Beetle§e!
08:31:29 §eYou received §a121x Enchanted Nether Wart §efor killing a §2Beetle§e!
08:31:41 §eYou received §a153x Enchanted Carrot §efor killing a §2Cricket§e!
08:31:51 §eYou received §a151x Enchanted Potato §efor killing a §2Locust§e!
08:32:01 §eYou received §a127x Enchanted Nether Wart §efor killing a §2Beetle§e!
08:32:11 §eYou received §a44x Enchanted Pumpkin §efor killing a §2Rat§e!
08:54:29 §eYou received §a119x Enchanted Nether Wart §efor killing a §2Beetle§e!
08:54:41 §eYou received §a144x Enchanted Carrot §efor killing a §2Cricket§e!
09:23:28 §eYou received §a41x Enchanted Pumpkin §efor killing a §2Rat§e!
09:23:40 §eYou received §a119x Enchanted Nether Wart §efor killing a §2Beetle§e!
09:24:22 §eYou received §a83x Enchanted Cactus Green §efor killing a §2Mite§e!
09:24:24 §eYou received §a41x Enchanted Pumpkin §efor killing a §2Rat§e!
09:24:25 §eYou received §a42x Enchanted Pumpkin §efor killing a §2Rat§e!
09:24:29 §eYou received §a41x Enchanted Pumpkin §efor killing a §2Rat§e!
09:24:34 §eYou received §a84x Enchanted Cactus Green §efor killing a §2Mite§e!
09:24:34 §eYou received §a42x Enchanted Pumpkin §efor killing a §2Rat§e!
09:24:35 §eYou received §a42x Enchanted Pumpkin §efor killing a §2Rat§e!
09:37:23 §eYou received §a119x Enchanted Nether Wart §efor killing a §2Beetle§e!
09:37:27 §eYou received §a119x Enchanted Nether Wart §efor killing a §2Beetle§e!
09:37:34 §eYou received §a84x Enchanted Cactus Green §efor killing a §2Mite§e!
09:52:30 §eYou received §a119x Enchanted Nether Wart §efor killing a §2Beetle§e!
09:52:42 §eYou received §a83x Enchanted Cactus Green §efor killing a §2Mite§e!
09:52:58 §eYou received §a119x Enchanted Cocoa Beans §efor killing a §2Moth§e!
10:09:56 §eYou received §a211x Enchanted Melon §efor killing an §2Earthworm§e!
10:09:59 §eYou received §a211x Enchanted Melon §efor killing an §2Earthworm§e!
10:10:10 §eYou received §a41x Enchanted Wheat §efor killing a §2Fly§e!
10:10:14 §eYou received §a85x Enchanted Cactus Green §efor killing a §2Mite§e!
10:10:16 §eYou received §a29x Enchanted Wheat §efor killing a §2Field Mouse§e!
10:10:16 §eYou received §a1x Honey Jar §efor killing a §2Field Mouse§e!
10:10:16 §eYou received §a1x Plant Matter §efor killing a §2Field Mouse§e!
10:10:16 §eYou received §a1x Tasty Cheese §efor killing a §2Field Mouse§e!
10:10:16 §eYou received §a1x Compost §efor killing a §2Field Mouse§e!
10:10:16 §eYou received §a1x Dung §efor killing a §2Field Mouse§e!
10:10:35 §eYou received §a84x Enchanted Cactus Green §efor killing a §2Mite§e!
10:10:36 §eYou received §a42x Enchanted Pumpkin §efor killing a §2Rat§e!
10:10:37 §eYou received §a42x Enchanted Pumpkin §efor killing a §2Rat§e!
10:27:58 §eYou received §a121x Enchanted Nether Wart §efor killing a §2Beetle§e!
10:28:05 §eYou received §a41x Enchanted Brown Mushroom §efor killing a §2Slug§e!
10:28:13 §eYou received §a42x Enchanted Pumpkin §efor killing a §2Rat§e!
10:28:24 §eYou received §a85x Enchanted Sugar §efor killing a §2Mosquito§e!
10:44:12 §eYou received §a145x Enchanted Carrot §efor killing a §2Cricket§e!
10:44:19 §eYou received §a120x Enchanted Nether Wart §efor killing a §2Beetle§e!
11:39:52 §eYou received §a41x Enchanted Wheat §efor killing a §2Fly§e!
11:39:55 §eYou received §a84x Enchanted Cactus Green §efor killing a §2Mite§e!
11:39:59 §eYou received §a120x Enchanted Nether Wart §efor killing a §2Beetle§e!
11:39:59 §eYou received §a29x Enchanted Brown Mushroom §efor killing a §2Field Mouse§e!
11:39:59 §eYou received §a1x Honey Jar §efor killing a §2Field Mouse§e!
11:39:59 §eYou received §a1x Plant Matter §efor killing a §2Field Mouse§e!
11:39:59 §eYou received §a1x Tasty Cheese §efor killing a §2Field Mouse§e!
11:39:59 §eYou received §a1x Compost §efor killing a §2Field Mouse§e!
11:39:59 §eYou received §a1x Dung §efor killing a §2Field Mouse§e!
