08:23:10 §bNew day! §r§eYour §r§2Sky Mall §r§ebuff changed!
08:23:10 §eNew buff§r§r§r: §r§f§r§a-20%§r§f Pickaxe Ability cooldowns.
08:23:10 §8§oYou can disable this messaging by toggling Sky Mall in your /hotm!
08:35:01 §bNew day! §r§eYour §r§2Sky Mall §r§ebuff changed!
08:35:01 §eNew buff§r§r§r: §r§fGain §r§6+50☘ Mining Fortune§r§f.
08:35:01 §8§oYou can disable this messaging by toggling Sky Mall in your /hotm!
08:55:00 §bNew day! §r§eYour §r§2Sky Mall §r§ebuff changed!
08:55:00 §eNew buff§r§r§r: §r§fGain §r§6+50☘ Mining Fortune§r§f.
08:55:00 §8§oYou can disable this messaging by toggling Sky Mall in your /hotm!
09:15:00 §bNew day! §r§eYour §r§2Sky Mall §r§ebuff changed!
09:15:00 §eNew buff§r§r§r: §r§fGain §r§6+50☘ Mining Fortune§r§f.
09:15:00 §8§oYou can disable this messaging by toggling Sky Mall in your /hotm!
09:35:00 §bNew day! §r§eYour §r§2Sky Mall §r§ebuff changed!
09:35:00 §eNew buff§r§r§r: §r§fGain §r§6+50☘ Mining Fortune§r§f.
09:35:00 §8§oYou can disable this messaging by toggling Sky Mall in your /hotm!
09:55:00 §bNew day! §r§eYour §r§2Sky Mall §r§ebuff changed!
09:55:00 §eNew buff§r§r§r: §r§f§r§a-20%§r§f Pickaxe Ability cooldowns.
09:55:00 §8§oYou can disable this messaging by toggling Sky Mall in your /hotm!
10:15:00 §bNew day! §r§eYour §r§2Sky Mall §r§ebuff changed!
10:15:00 §eNew buff§r§r§r: §r§f§r§a-20%§r§f Pickaxe Ability cooldowns.
10:15:00 §8§oYou can disable this messaging by toggling Sky Mall in your /hotm!
10:35:01 §bNew day! §r§eYour §r§2Sky Mall §r§ebuff changed!
10:35:01 §eNew buff§r§r§r: §r§fGain §r§a5x §r§9Titanium §r§fdrops
10:35:01 §8§oYou can disable this messaging by toggling Sky Mall in your /hotm!
10:55:00 §bNew day! §r§eYour §r§2Sky Mall §r§ebuff changed!
10:55:00 §eNew buff§r§r§r: §r§fGain §r§a+15% §r§fmore Powder while mining.
10:55:00 §8§oYou can disable this messaging by toggling Sky Mall in your /hotm!
11:15:00 §bNew day! §r§eYour §r§2Sky Mall §r§ebuff changed!
11:15:00 §eNew buff§r§r§r: §r§fGain §r§6+100⸕ Mining Speed§r§f.
11:15:00 §8§oYou can disable this messaging by toggling Sky Mall in your /hotm!
11:35:00 §bNew day! §r§eYour §r§2Sky Mall §r§ebuff changed!
11:35:00 §eNew buff§r§r§r: §r§f§r§a-20%§r§f Pickaxe Ability cooldowns.
11:35:00 §8§oYou can disable this messaging by toggling Sky Mall in your /hotm!
12:37:16 §bNew day! §r§eYour §r§2Sky Mall §r§ebuff changed!
12:37:16 §eNew buff§r§r§r: §r§fGain §r§6+50☘ Mining Fortune§r§f.
12:37:16 §8§oYou can disable this messaging by toggling Sky Mall in your /hotm!
12:55:01 §bNew day! §r§eYour §r§2Sky Mall §r§ebuff changed!
12:55:01 §eNew buff§r§r§r: §r§fGain §r§a+15% §r§fmore Powder while mining.
12:55:01 §8§oYou can disable this messaging by toggling Sky Mall in your /hotm!
13:15:00 §bNew day! §r§eYour §r§2Sky Mall §r§ebuff changed!
13:15:00 §eNew buff§r§r§r: §r§fGain §r§a+15% §r§fmore Powder while mining.
13:15:00 §8§oYou can disable this messaging by toggling Sky Mall in your /hotm!
