08:24:11 New visitor detected: '§aStella'
08:24:11 New visitor detected: '§9Queen Mismyla'
08:24:11 New visitor detected: '§aLumber Jack'
08:24:11 New visitor detected: '§aEmissary Ceanna'
08:24:11 New visitor detected: '§9Lumina'
08:35:08 New visitor detected: '§aTarwen'
08:39:08 New visitor detected: '§aJamie'
08:47:34 New visitor detected: '§aRoyal Resident'
08:57:38 New visitor detected: '§aGimley'
09:09:39 New visitor detected: '§6Sirius'
09:15:33 New visitor detected: '§aGuy'
09:20:00 New visitor detected: '§9Queen Mismyla'
09:24:25 New visitor detected: '§aFelix'
09:28:16 New visitor detected: '§aHungry Hiker'
09:33:32 New visitor detected: '§9Emissary Sisko'
09:37:29 New visitor detected: '§aAndrew'
09:44:12 New visitor detected: '§aVex'
09:48:34 New visitor detected: '§aGimley'
09:52:44 New visitor detected: '§aStella'
10:00:29 New visitor detected: '§aEmissary Wilson'
10:29:48 New visitor detected: '§aSargwyn'
10:36:40 New visitor detected: '§aSargwyn'
10:40:43 New visitor detected: '§aTom'
10:45:08 New visitor detected: '§aGuy'
10:57:09 New visitor detected: '§aEmissary Ceanna'
11:09:10 New visitor detected: '§aFear Mongerer'
12:52:40 New visitor detected: '§9Tia the Fairy'
13:04:42 New visitor detected: '§9Grandma Wolf'
13:16:43 New visitor detected: '§aTarwen'
