15:35:33 HUB
15:37:09 NONE
15:37:09 PRIVATE_ISLAND
15:40:15 NONE
15:40:15 DWARVEN_MINES
15:42:21 NONE
15:42:21 HUB
15:44:15 NONE
15:44:15 PRIVATE_ISLAND
15:45:06 NONE
15:45:07 HUB
15:49:16 NONE
15:49:16 PRIVATE_ISLAND
16:04:54 NONE
16:04:54 DWARVEN_MINES
16:05:10 NONE
16:05:11 HUB
16:05:43 NONE
16:05:43 DWARVEN_MINES
16:11:10 NONE
16:11:11 MINESHAFT
16:13:12 NONE
16:13:13 DWARVEN_MINES
16:14:40 NONE
16:14:40 MINESHAFT
16:15:21 NONE
16:15:22 DWARVEN_MINES
16:24:35 NONE
16:24:35 MINESHAFT
16:25:17 NONE
16:25:17 DWARVEN_MINES
16:34:10 NONE
16:34:10 MINESHAFT
16:35:27 NONE
16:35:28 DWARVEN_MINES
16:35:36 NONE
16:35:37 DWARVEN_MINES
16:38:30 NONE
16:38:30 MINESHAFT
16:40:46 NONE
16:40:47 DWARVEN_MINES
16:47:39 NONE
16:47:39 MINESHAFT
16:49:03 NONE
16:49:04 DWARVEN_MINES
16:50:45 NONE
16:50:46 MINESHAFT
16:51:51 NONE
16:51:51 DWARVEN_MINES
16:59:20 NONE
16:59:21 HUB
17:14:21 NONE
18:38:53 HUB
18:41:20 NONE
18:41:21 CRYSTAL_HOLLOWS
21:16:12 NONE
21:16:13 PRIVATE_ISLAND
21:23:02 NONE
21:23:02 HUB
22:00:07 NONE
22:00:07 HUB
22:00:10 NONE
22:00:12 HUB
22:14:07 NONE
22:14:07 PRIVATE_ISLAND
22:19:30 NONE
22:19:55 PRIVATE_ISLAND
22:28:14 NONE
22:28:15 CRYSTAL_HOLLOWS
23:37:02 NONE
23:37:03 HUB
00:16:47 NONE
00:58:32 HUB
01:05:54 NONE
01:05:55 CRYSTAL_HOLLOWS
03:06:39 NONE
03:06:40 DWARVEN_MINES
03:09:47 NONE
03:09:48 CRYSTAL_HOLLOWS
03:31:47 NONE
03:31:47 PRIVATE_ISLAND
03:33:33 NONE
03:33:37 DWARVEN_MINES
03:55:08 NONE
03:55:12 PRIVATE_ISLAND
03:55:25 NONE
03:55:28 DWARVEN_MINES
03:55:32 NONE
03:55:32 PRIVATE_ISLAND
03:56:15 NONE
03:56:16 DUNGEON_HUB
03:58:30 NONE
03:58:31 HUB
04:27:26 NONE
04:27:27 PRIVATE_ISLAND
05:04:02 NONE
05:04:03 CRYSTAL_HOLLOWS
05:05:41 NONE
05:05:41 HUB
05:05:46 NONE
05:05:47 CRYSTAL_HOLLOWS
05:05:56 NONE
05:05:56 HUB
05:05:59 NONE
05:05:59 CRYSTAL_HOLLOWS
05:06:13 NONE
05:06:14 HUB
05:06:19 NONE
05:06:19 CRYSTAL_HOLLOWS
05:06:24 NONE
05:06:25 HUB
05:06:30 NONE
05:06:31 CRYSTAL_HOLLOWS
05:06:41 NONE
05:06:42 HUB
05:06:47 NONE
05:06:47 CRYSTAL_HOLLOWS
07:36:32 NONE
07:36:32 PRIVATE_ISLAND
07:51:47 NONE
07:51:47 HUB
07:56:34 NONE
07:56:34 PRIVATE_ISLAND
