08:22:43 Trying to load config from config/skyhanni/config.json
08:22:43 load-config-now
08:22:43 Loaded config from file
08:22:43 Trying to load sacks from config/skyhanni/sacks.json
08:22:43 load-sacks-now
08:22:43 Loaded sacks from file
08:22:43 Trying to load friends from config/skyhanni/friends.json
08:22:43 load-friends-now
08:22:43 Loaded friends from file
08:22:43 Trying to load known_features from config/skyhanni/known_features.json
08:22:43 load-known_features-now
08:22:43 Loaded known_features from file
08:22:43 Trying to load jacob_contests from config/skyhanni/jacob_contests.json
08:22:43 load-jacob_contests-now
08:22:43 Loaded jacob_contests from file
08:22:43 Trying to load visual_words from config/skyhanni/visual_words.json
08:22:43 Setting visual_words to be blank as it did not exist. It will be saved once something is written to it
08:22:55 saveConfig: Updated known feature flags
08:22:55 Saving known_features file
08:23:43 saveConfig: auto-save-60s
08:23:43 Saving config file
08:24:12 saveConfig: Save contests
08:24:12 Saving jacob_contests file
08:24:43 saveConfig: auto-save-60s
08:24:43 Saving config file
08:25:43 saveConfig: auto-save-60s
08:25:43 Saving config file
08:26:43 saveConfig: auto-save-60s
08:26:43 Saving config file
08:27:43 saveConfig: auto-save-60s
08:27:43 Saving config file
08:28:43 saveConfig: auto-save-60s
08:28:43 Saving config file
08:29:43 saveConfig: auto-save-60s
08:29:43 Saving config file
08:30:43 saveConfig: auto-save-60s
08:30:43 Saving config file
08:31:43 saveConfig: auto-save-60s
08:31:43 Saving config file
08:32:43 saveConfig: auto-save-60s
08:32:43 Saving config file
08:33:43 saveConfig: auto-save-60s
08:33:43 Saving config file
08:34:43 saveConfig: auto-save-60s
08:34:43 Saving config file
08:35:43 saveConfig: auto-save-60s
08:35:43 Saving config file
08:36:43 saveConfig: auto-save-60s
08:36:43 Saving config file
08:37:43 saveConfig: auto-save-60s
08:37:43 Saving config file
08:38:43 saveConfig: auto-save-60s
08:38:43 Saving config file
08:39:43 saveConfig: auto-save-60s
08:39:43 Saving config file
08:40:43 saveConfig: auto-save-60s
08:40:43 Saving config file
08:41:43 saveConfig: auto-save-60s
08:41:43 Saving config file
08:42:43 saveConfig: auto-save-60s
08:42:43 Saving config file
08:43:43 saveConfig: auto-save-60s
08:43:43 Saving config file
08:44:43 saveConfig: auto-save-60s
08:44:43 Saving config file
08:45:43 saveConfig: auto-save-60s
08:45:43 Saving config file
08:46:43 saveConfig: auto-save-60s
08:46:43 Saving config file
08:47:43 saveConfig: auto-save-60s
08:47:43 Saving config file
08:48:43 saveConfig: auto-save-60s
08:48:43 Saving config file
08:49:43 saveConfig: auto-save-60s
08:49:43 Saving config file
08:50:43 saveConfig: auto-save-60s
08:50:43 Saving config file
08:51:43 saveConfig: auto-save-60s
08:51:43 Saving config file
08:52:43 saveConfig: auto-save-60s
08:52:43 Saving config file
08:53:43 saveConfig: auto-save-60s
08:53:43 Saving config file
08:54:43 saveConfig: auto-save-60s
08:54:43 Saving config file
08:55:43 saveConfig: auto-save-60s
08:55:43 Saving config file
08:56:43 saveConfig: auto-save-60s
08:56:43 Saving config file
08:57:43 saveConfig: auto-save-60s
08:57:43 Saving config file
08:58:43 saveConfig: auto-save-60s
08:58:43 Saving config file
08:59:43 saveConfig: auto-save-60s
08:59:43 Saving config file
09:00:43 saveConfig: auto-save-60s
09:00:43 Saving config file
09:01:43 saveConfig: auto-save-60s
09:01:43 Saving config file
09:02:43 saveConfig: auto-save-60s
09:02:43 Saving config file
09:03:43 saveConfig: auto-save-60s
09:03:43 Saving config file
09:04:43 saveConfig: auto-save-60s
09:04:43 Saving config file
09:05:43 saveConfig: auto-save-60s
09:05:43 Saving config file
09:06:43 saveConfig: auto-save-60s
09:06:43 Saving config file
09:07:43 saveConfig: auto-save-60s
09:07:43 Saving config file
09:08:43 saveConfig: auto-save-60s
09:08:43 Saving config file
09:09:43 saveConfig: auto-save-60s
09:09:43 Saving config file
09:10:43 saveConfig: auto-save-60s
09:10:43 Saving config file
09:11:43 saveConfig: auto-save-60s
09:11:43 Saving config file
09:12:43 saveConfig: auto-save-60s
09:12:43 Saving config file
09:13:43 saveConfig: auto-save-60s
09:13:43 Saving config file
09:14:43 saveConfig: auto-save-60s
09:14:43 Saving config file
09:15:43 saveConfig: auto-save-60s
09:15:43 Saving config file
09:16:43 saveConfig: auto-save-60s
09:16:43 Saving config file
09:17:43 saveConfig: auto-save-60s
09:17:43 Saving config file
09:18:43 saveConfig: auto-save-60s
09:18:43 Saving config file
09:19:43 saveConfig: auto-save-60s
09:19:43 Saving config file
09:20:43 saveConfig: auto-save-60s
09:20:43 Saving config file
09:21:43 saveConfig: auto-save-60s
09:21:43 Saving config file
09:22:43 saveConfig: auto-save-60s
09:22:43 Saving config file
09:23:43 saveConfig: auto-save-60s
09:23:43 Saving config file
09:24:43 saveConfig: auto-save-60s
09:24:43 Saving config file
09:25:43 saveConfig: auto-save-60s
09:25:43 Saving config file
09:26:43 saveConfig: auto-save-60s
09:26:43 Saving config file
09:27:43 saveConfig: auto-save-60s
09:27:43 Saving config file
09:28:43 saveConfig: auto-save-60s
09:28:43 Saving config file
09:29:43 saveConfig: auto-save-60s
09:29:43 Saving config file
09:30:43 saveConfig: auto-save-60s
09:30:43 Saving config file
09:31:36 saveConfig: saving-data
09:31:36 Saving sacks file
09:31:43 saveConfig: auto-save-60s
09:31:43 Saving config file
09:32:43 saveConfig: auto-save-60s
09:32:43 Saving config file
09:33:43 saveConfig: auto-save-60s
09:33:43 Saving config file
09:34:43 saveConfig: auto-save-60s
09:34:43 Saving config file
09:35:43 saveConfig: auto-save-60s
09:35:43 Saving config file
09:36:43 saveConfig: auto-save-60s
09:36:43 Saving config file
09:37:43 saveConfig: auto-save-60s
09:37:43 Saving config file
09:38:43 saveConfig: auto-save-60s
09:38:43 Saving config file
09:39:43 saveConfig: auto-save-60s
09:39:43 Saving config file
09:40:43 saveConfig: auto-save-60s
09:40:43 Saving config file
09:41:43 saveConfig: auto-save-60s
09:41:43 Saving config file
09:42:43 saveConfig: auto-save-60s
09:42:43 Saving config file
09:43:43 saveConfig: auto-save-60s
09:43:43 Saving config file
09:44:43 saveConfig: auto-save-60s
09:44:43 Saving config file
09:45:43 saveConfig: auto-save-60s
09:45:43 Saving config file
09:46:43 saveConfig: auto-save-60s
09:46:43 Saving config file
09:47:43 saveConfig: auto-save-60s
09:47:43 Saving config file
09:48:43 saveConfig: auto-save-60s
09:48:43 Saving config file
09:49:43 saveConfig: auto-save-60s
09:49:43 Saving config file
09:50:43 saveConfig: auto-save-60s
09:50:43 Saving config file
09:51:43 saveConfig: auto-save-60s
09:51:43 Saving config file
09:52:43 saveConfig: auto-save-60s
09:52:43 Saving config file
09:53:43 saveConfig: auto-save-60s
09:53:43 Saving config file
09:54:43 saveConfig: auto-save-60s
09:54:43 Saving config file
09:55:43 saveConfig: auto-save-60s
09:55:43 Saving config file
09:56:43 saveConfig: auto-save-60s
09:56:43 Saving config file
09:57:43 saveConfig: auto-save-60s
09:57:43 Saving config file
09:58:43 saveConfig: auto-save-60s
09:58:43 Saving config file
09:59:43 saveConfig: auto-save-60s
09:59:43 Saving config file
10:00:43 saveConfig: auto-save-60s
10:00:43 Saving config file
10:01:43 saveConfig: auto-save-60s
10:01:43 Saving config file
10:02:43 saveConfig: auto-save-60s
10:02:43 Saving config file
10:03:43 saveConfig: auto-save-60s
10:03:43 Saving config file
10:04:43 saveConfig: auto-save-60s
10:04:43 Saving config file
10:05:43 saveConfig: auto-save-60s
10:05:43 Saving config file
10:06:43 saveConfig: auto-save-60s
10:06:43 Saving config file
10:07:43 saveConfig: auto-save-60s
10:07:43 Saving config file
10:08:43 saveConfig: auto-save-60s
10:08:43 Saving config file
10:09:43 saveConfig: auto-save-60s
10:09:43 Saving config file
10:10:43 saveConfig: auto-save-60s
10:10:43 Saving config file
10:11:43 saveConfig: auto-save-60s
10:11:43 Saving config file
10:12:43 saveConfig: auto-save-60s
10:12:43 Saving config file
10:13:43 saveConfig: auto-save-60s
10:13:43 Saving config file
10:14:43 saveConfig: auto-save-60s
10:14:43 Saving config file
10:15:43 saveConfig: auto-save-60s
10:15:43 Saving config file
10:16:43 saveConfig: auto-save-60s
10:16:43 Saving config file
10:17:43 saveConfig: auto-save-60s
10:17:43 Saving config file
10:18:43 saveConfig: auto-save-60s
10:18:43 Saving config file
10:19:43 saveConfig: auto-save-60s
10:19:43 Saving config file
10:20:43 saveConfig: auto-save-60s
10:20:43 Saving config file
10:21:43 saveConfig: auto-save-60s
10:21:43 Saving config file
10:22:43 saveConfig: auto-save-60s
10:22:43 Saving config file
10:23:43 saveConfig: auto-save-60s
10:23:43 Saving config file
10:24:43 saveConfig: auto-save-60s
10:24:43 Saving config file
10:25:43 saveConfig: auto-save-60s
10:25:43 Saving config file
10:26:43 saveConfig: auto-save-60s
10:26:43 Saving config file
10:27:43 saveConfig: auto-save-60s
10:27:43 Saving config file
10:28:43 saveConfig: auto-save-60s
10:28:43 Saving config file
10:29:43 saveConfig: auto-save-60s
10:29:43 Saving config file
10:30:43 saveConfig: auto-save-60s
10:30:43 Saving config file
10:31:43 saveConfig: auto-save-60s
10:31:43 Saving config file
10:32:43 saveConfig: auto-save-60s
10:32:43 Saving config file
10:33:43 saveConfig: auto-save-60s
10:33:43 Saving config file
10:34:43 saveConfig: auto-save-60s
10:34:43 Saving config file
10:35:43 saveConfig: auto-save-60s
10:35:43 Saving config file
10:36:43 saveConfig: auto-save-60s
10:36:43 Saving config file
10:37:43 saveConfig: auto-save-60s
10:37:43 Saving config file
10:38:43 saveConfig: auto-save-60s
10:38:43 Saving config file
10:39:43 saveConfig: auto-save-60s
10:39:43 Saving config file
10:40:43 saveConfig: auto-save-60s
10:40:43 Saving config file
10:41:43 saveConfig: auto-save-60s
10:41:43 Saving config file
10:42:43 saveConfig: auto-save-60s
10:42:43 Saving config file
10:43:43 saveConfig: auto-save-60s
10:43:43 Saving config file
10:44:43 saveConfig: auto-save-60s
10:44:43 Saving config file
10:45:43 saveConfig: auto-save-60s
10:45:43 Saving config file
10:46:22 saveConfig: saving-data
10:46:22 Saving sacks file
10:46:43 saveConfig: auto-save-60s
10:46:43 Saving config file
10:47:43 saveConfig: auto-save-60s
10:47:43 Saving config file
10:48:43 saveConfig: auto-save-60s
10:48:43 Saving config file
10:49:43 saveConfig: auto-save-60s
10:49:43 Saving config file
10:50:43 saveConfig: auto-save-60s
10:50:43 Saving config file
10:51:43 saveConfig: auto-save-60s
10:51:43 Saving config file
10:52:43 saveConfig: auto-save-60s
10:52:43 Saving config file
10:53:43 saveConfig: auto-save-60s
10:53:43 Saving config file
10:54:43 saveConfig: auto-save-60s
10:54:43 Saving config file
10:55:43 saveConfig: auto-save-60s
10:55:43 Saving config file
10:56:43 saveConfig: auto-save-60s
10:56:43 Saving config file
10:57:43 saveConfig: auto-save-60s
10:57:43 Saving config file
10:58:43 saveConfig: auto-save-60s
10:58:43 Saving config file
10:59:43 saveConfig: auto-save-60s
10:59:43 Saving config file
11:00:43 saveConfig: auto-save-60s
11:00:43 Saving config file
11:01:43 saveConfig: auto-save-60s
11:01:43 Saving config file
11:02:43 saveConfig: auto-save-60s
11:02:43 Saving config file
11:03:43 saveConfig: auto-save-60s
11:03:43 Saving config file
11:04:43 saveConfig: auto-save-60s
11:04:43 Saving config file
11:05:43 saveConfig: auto-save-60s
11:05:43 Saving config file
11:06:43 saveConfig: auto-save-60s
11:06:43 Saving config file
11:07:43 saveConfig: auto-save-60s
11:07:43 Saving config file
11:08:43 saveConfig: auto-save-60s
11:08:43 Saving config file
11:09:43 saveConfig: auto-save-60s
11:09:43 Saving config file
11:10:02 saveConfig: saving-data
11:10:02 Saving sacks file
11:10:43 saveConfig: auto-save-60s
11:10:43 Saving config file
11:11:43 saveConfig: auto-save-60s
11:11:43 Saving config file
11:12:43 saveConfig: auto-save-60s
11:12:43 Saving config file
11:13:43 saveConfig: auto-save-60s
11:13:43 Saving config file
11:14:43 saveConfig: auto-save-60s
11:14:43 Saving config file
11:15:43 saveConfig: auto-save-60s
11:15:43 Saving config file
11:16:43 saveConfig: auto-save-60s
11:16:43 Saving config file
11:17:43 saveConfig: auto-save-60s
11:17:43 Saving config file
11:18:43 saveConfig: auto-save-60s
11:18:43 Saving config file
11:19:43 saveConfig: auto-save-60s
11:19:43 Saving config file
11:20:43 saveConfig: auto-save-60s
11:20:43 Saving config file
11:21:43 saveConfig: auto-save-60s
11:21:43 Saving config file
11:22:43 saveConfig: auto-save-60s
11:22:43 Saving config file
11:23:43 saveConfig: auto-save-60s
11:23:43 Saving config file
11:24:43 saveConfig: auto-save-60s
11:24:43 Saving config file
11:25:43 saveConfig: auto-save-60s
11:25:43 Saving config file
11:26:43 saveConfig: auto-save-60s
11:26:43 Saving config file
11:27:43 saveConfig: auto-save-60s
11:27:43 Saving config file
11:28:43 saveConfig: auto-save-60s
11:28:43 Saving config file
11:29:43 saveConfig: auto-save-60s
11:29:43 Saving config file
11:30:43 saveConfig: auto-save-60s
11:30:43 Saving config file
11:31:43 saveConfig: auto-save-60s
11:31:43 Saving config file
11:32:43 saveConfig: auto-save-60s
11:32:43 Saving config file
11:33:43 saveConfig: auto-save-60s
11:33:43 Saving config file
11:34:43 saveConfig: auto-save-60s
11:34:43 Saving config file
11:35:43 saveConfig: auto-save-60s
11:35:43 Saving config file
11:36:43 saveConfig: auto-save-60s
11:36:43 Saving config file
11:37:43 saveConfig: auto-save-60s
11:37:43 Saving config file
11:38:43 saveConfig: auto-save-60s
11:38:43 Saving config file
11:39:43 saveConfig: auto-save-60s
11:39:43 Saving config file
11:40:43 saveConfig: auto-save-60s
11:40:43 Saving config file
11:41:43 saveConfig: auto-save-60s
11:41:43 Saving config file
11:42:43 saveConfig: auto-save-60s
11:42:43 Saving config file
11:43:43 saveConfig: auto-save-60s
11:43:43 Saving config file
11:44:43 saveConfig: auto-save-60s
11:44:43 Saving config file
11:45:43 saveConfig: auto-save-60s
11:45:43 Saving config file
11:46:43 saveConfig: auto-save-60s
11:46:43 Saving config file
11:47:43 saveConfig: auto-save-60s
11:47:43 Saving config file
11:48:43 saveConfig: auto-save-60s
11:48:43 Saving config file
11:49:43 saveConfig: auto-save-60s
11:49:43 Saving config file
11:50:43 saveConfig: auto-save-60s
11:50:43 Saving config file
11:51:43 saveConfig: auto-save-60s
11:51:43 Saving config file
11:52:43 saveConfig: auto-save-60s
11:52:43 Saving config file
11:53:43 saveConfig: auto-save-60s
11:53:43 Saving config file
11:54:43 saveConfig: auto-save-60s
11:54:43 Saving config file
11:55:43 saveConfig: auto-save-60s
11:55:43 Saving config file
11:56:43 saveConfig: auto-save-60s
11:56:43 Saving config file
11:57:43 saveConfig: auto-save-60s
11:57:43 Saving config file
11:58:43 saveConfig: auto-save-60s
11:58:43 Saving config file
11:59:43 saveConfig: auto-save-60s
11:59:43 Saving config file
12:00:43 saveConfig: auto-save-60s
12:00:43 Saving config file
12:01:43 saveConfig: auto-save-60s
12:01:43 Saving config file
12:02:43 saveConfig: auto-save-60s
12:02:43 Saving config file
12:03:43 saveConfig: auto-save-60s
12:03:43 Saving config file
12:04:43 saveConfig: auto-save-60s
12:04:43 Saving config file
12:05:43 saveConfig: auto-save-60s
12:05:43 Saving config file
12:06:43 saveConfig: auto-save-60s
12:06:43 Saving config file
12:07:43 saveConfig: auto-save-60s
12:07:43 Saving config file
12:08:43 saveConfig: auto-save-60s
12:08:43 Saving config file
12:09:43 saveConfig: auto-save-60s
12:09:43 Saving config file
12:10:43 saveConfig: auto-save-60s
12:10:43 Saving config file
12:11:43 saveConfig: auto-save-60s
12:11:43 Saving config file
12:12:43 saveConfig: auto-save-60s
12:12:43 Saving config file
12:13:43 saveConfig: auto-save-60s
12:13:43 Saving config file
12:14:43 saveConfig: auto-save-60s
12:14:43 Saving config file
12:15:43 saveConfig: auto-save-60s
12:15:43 Saving config file
12:16:43 saveConfig: auto-save-60s
12:16:43 Saving config file
12:17:43 saveConfig: auto-save-60s
12:17:43 Saving config file
12:18:43 saveConfig: auto-save-60s
12:18:43 Saving config file
12:19:43 saveConfig: auto-save-60s
12:19:43 Saving config file
12:20:43 saveConfig: auto-save-60s
12:20:43 Saving config file
12:21:43 saveConfig: auto-save-60s
12:21:43 Saving config file
12:22:43 saveConfig: auto-save-60s
12:22:43 Saving config file
12:23:43 saveConfig: auto-save-60s
12:23:43 Saving config file
12:24:43 saveConfig: auto-save-60s
12:24:43 Saving config file
12:25:43 saveConfig: auto-save-60s
12:25:43 Saving config file
12:26:43 saveConfig: auto-save-60s
12:26:43 Saving config file
12:27:43 saveConfig: auto-save-60s
12:27:43 Saving config file
12:28:43 saveConfig: auto-save-60s
12:28:43 Saving config file
12:29:43 saveConfig: auto-save-60s
12:29:43 Saving config file
12:30:43 saveConfig: auto-save-60s
12:30:43 Saving config file
12:31:43 saveConfig: auto-save-60s
12:31:43 Saving config file
12:32:43 saveConfig: auto-save-60s
12:32:43 Saving config file
12:33:43 saveConfig: auto-save-60s
12:33:43 Saving config file
12:34:43 saveConfig: auto-save-60s
12:34:43 Saving config file
12:35:43 saveConfig: auto-save-60s
12:35:43 Saving config file
12:36:43 saveConfig: auto-save-60s
12:36:43 Saving config file
12:37:43 saveConfig: auto-save-60s
12:37:43 Saving config file
12:38:43 saveConfig: auto-save-60s
12:38:43 Saving config file
12:39:43 saveConfig: auto-save-60s
12:39:43 Saving config file
12:40:43 saveConfig: auto-save-60s
12:40:43 Saving config file
12:41:43 saveConfig: auto-save-60s
12:41:43 Saving config file
12:42:43 saveConfig: auto-save-60s
12:42:43 Saving config file
12:43:43 saveConfig: auto-save-60s
12:43:43 Saving config file
12:44:43 saveConfig: auto-save-60s
12:44:43 Saving config file
12:45:43 saveConfig: auto-save-60s
12:45:43 Saving config file
12:46:43 saveConfig: auto-save-60s
12:46:43 Saving config file
12:46:48 saveConfig: saving-data
12:46:48 Saving sacks file
12:47:43 saveConfig: auto-save-60s
12:47:43 Saving config file
12:48:43 saveConfig: auto-save-60s
12:48:43 Saving config file
12:49:43 saveConfig: auto-save-60s
12:49:43 Saving config file
12:50:43 saveConfig: auto-save-60s
12:50:43 Saving config file
12:51:43 saveConfig: auto-save-60s
12:51:43 Saving config file
12:52:43 saveConfig: auto-save-60s
12:52:43 Saving config file
12:53:43 saveConfig: auto-save-60s
12:53:43 Saving config file
12:54:43 saveConfig: auto-save-60s
12:54:43 Saving config file
12:55:43 saveConfig: auto-save-60s
12:55:43 Saving config file
12:56:43 saveConfig: auto-save-60s
12:56:43 Saving config file
12:57:43 saveConfig: auto-save-60s
12:57:43 Saving config file
12:58:43 saveConfig: auto-save-60s
12:58:43 Saving config file
12:59:43 saveConfig: auto-save-60s
12:59:43 Saving config file
13:00:43 saveConfig: auto-save-60s
13:00:43 Saving config file
13:01:43 saveConfig: auto-save-60s
13:01:43 Saving config file
13:02:43 saveConfig: auto-save-60s
13:02:43 Saving config file
13:03:43 saveConfig: auto-save-60s
13:03:43 Saving config file
13:04:43 saveConfig: auto-save-60s
13:04:43 Saving config file
13:05:43 saveConfig: auto-save-60s
13:05:43 Saving config file
13:06:43 saveConfig: auto-save-60s
13:06:43 Saving config file
13:07:43 saveConfig: auto-save-60s
13:07:43 Saving config file
13:08:43 saveConfig: auto-save-60s
13:08:43 Saving config file
13:09:43 saveConfig: auto-save-60s
13:09:43 Saving config file
13:10:43 saveConfig: auto-save-60s
13:10:43 Saving config file
13:11:43 saveConfig: auto-save-60s
13:11:43 Saving config file
13:12:43 saveConfig: auto-save-60s
13:12:43 Saving config file
13:13:43 saveConfig: auto-save-60s
13:13:43 Saving config file
13:14:43 saveConfig: auto-save-60s
13:14:43 Saving config file
13:15:43 saveConfig: auto-save-60s
13:15:43 Saving config file
13:16:43 saveConfig: auto-save-60s
13:16:43 Saving config file
13:17:43 saveConfig: auto-save-60s
13:17:43 Saving config file
13:18:43 saveConfig: auto-save-60s
13:18:43 Saving config file
13:19:43 saveConfig: auto-save-60s
13:19:43 Saving config file
13:20:43 saveConfig: auto-save-60s
13:20:43 Saving config file
13:21:43 saveConfig: auto-save-60s
13:21:43 Saving config file
13:22:43 saveConfig: auto-save-60s
13:22:43 Saving config file
13:23:43 saveConfig: auto-save-60s
13:23:43 Saving config file
13:24:43 saveConfig: auto-save-60s
13:24:43 Saving config file
13:25:43 saveConfig: auto-save-60s
13:25:43 Saving config file
