03:18:24 Trying to load config from config/skyhanni/config.json
03:18:24 load-config-now
03:18:24 Loaded config from file
03:18:24 Trying to load sacks from config/skyhanni/sacks.json
03:18:24 load-sacks-now
03:18:24 Loaded sacks from file
03:18:24 Trying to load friends from config/skyhanni/friends.json
03:18:24 load-friends-now
03:18:24 Loaded friends from file
03:18:24 Trying to load known_features from config/skyhanni/known_features.json
03:18:24 load-known_features-now
03:18:24 Loaded known_features from file
03:18:24 Trying to load jacob_contests from config/skyhanni/jacob_contests.json
03:18:24 load-jacob_contests-now
03:18:24 Loaded jacob_contests from file
03:18:24 Trying to load visual_words from config/skyhanni/visual_words.json
03:18:24 Setting visual_words to be blank as it did not exist. It will be saved once something is written to it
03:19:24 saveConfig: auto-save-60s
03:19:24 Saving config file
03:20:24 saveConfig: auto-save-60s
03:20:24 Saving config file
03:21:24 saveConfig: auto-save-60s
03:21:24 Saving config file
03:22:24 saveConfig: auto-save-60s
03:22:24 Saving config file
03:23:24 saveConfig: auto-save-60s
03:23:24 Saving config file
03:23:53 saveConfig: Updated known feature flags
03:23:53 Saving known_features file
03:24:24 saveConfig: auto-save-60s
03:24:24 Saving config file
03:25:24 saveConfig: auto-save-60s
03:25:24 Saving config file
03:26:24 saveConfig: auto-save-60s
03:26:24 Saving config file
03:27:24 saveConfig: auto-save-60s
03:27:24 Saving config file
03:28:24 saveConfig: auto-save-60s
03:28:24 Saving config file
03:29:24 saveConfig: auto-save-60s
03:29:24 Saving config file
03:30:24 saveConfig: auto-save-60s
03:30:24 Saving config file
03:31:24 saveConfig: auto-save-60s
03:31:24 Saving config file
03:31:58 saveConfig: shutdown-hook
03:31:58 Saving config file
