23:41:00 §f §r§r§r§f §r§r§r§1 §r§r§r§0 §r§r§r§2 §r§r§r§f §r§r§r§f §r§r§r§2 §r§r§r§0 §r§r§r§4 §r§r§r§3 §r§r§r§9 §r§r§r§2 §r§r§r§0 §r§r§r§0 §r§r§r§3 §r§r§r§9 §r§r§r§2 §r§r§r§0 §r§r§r§0 §r§r§r§3 §r§r§r§9 §r§r§r§2 §r§r§r§0 §r§r§r§0 
23:41:00 
23:41:09 §8 §r§8 §r§1 §r§3 §r§3 §r§7 §r§8 
23:41:11 
23:41:11 
23:41:12  
23:41:12   
23:41:13  
23:41:13   
23:42:14  
23:42:14   
23:43:14  
23:43:14   
23:44:14  
23:44:14   
23:45:14  
23:45:14   
23:46:14  
23:46:14   
23:47:14  
23:47:14   
23:48:14  
23:48:14   
23:49:14  
23:49:14   
23:50:14  
23:50:14   
23:51:15  
23:51:15   
23:52:15  
23:52:15   
23:53:15  
23:53:15   
23:54:15  
23:54:15   
23:55:15  
23:55:15   
23:56:15  
23:56:15   
23:57:15  
23:57:15   
23:58:16  
23:58:16   
23:59:16  
23:59:16   
00:00:16  
00:00:16   
00:01:16  
00:01:16   
00:02:16  
00:02:16   
00:03:16  
00:03:16   
00:04:17  
00:04:17   
00:05:17  
00:05:17   
00:06:17  
00:06:17   
00:07:17  
00:07:17   
00:08:17  
00:08:17   
00:09:18  
00:09:18   
00:10:18  
00:10:18   
00:11:18  
00:11:18   
00:12:18  
00:12:18   
00:13:18  
00:13:18   
00:14:19  
00:14:19   
00:15:19  
00:15:19   
00:16:09 §8 §r§8 §r§1 §r§3 §r§3 §r§7 §r§8 
00:16:12  
00:16:12   
00:16:22  
00:16:22   
00:16:46 
00:17:16 §8 §r§8 §r§1 §r§3 §r§3 §r§7 §r§8 
00:17:19  
00:17:19   
00:17:20  
00:17:20   
00:17:24 §8 §r§8 §r§1 §r§3 §r§3 §r§7 §r§8 
00:17:28  
00:17:28   
00:18:19  
00:18:19   
00:19:20  
00:19:20   
00:20:22  
00:20:22   
00:21:24  
00:21:24   
00:22:24  
00:22:24   
00:23:26  
00:23:26   
00:24:27  
00:24:27   
00:25:29  
00:25:29   
00:26:30  
00:26:30   
00:27:32  
00:27:32   
00:28:33  
00:28:33   
00:29:35  
00:29:35   
00:30:36  
00:30:36   
00:30:41 
00:31:37  
00:31:37   
00:32:07 §f                                        
00:32:39  
00:32:39   
00:33:40  
00:33:40   
00:34:42  
00:34:42   
00:35:43  
00:35:43   
00:36:44  
00:36:44   
00:37:45  
00:37:45   
00:38:05  
00:38:46  
00:38:46   
00:39:47  
00:39:47   
00:40:48  
00:40:48   
00:41:49  
00:41:49   
00:42:50  
00:42:50   
00:43:51  
00:43:51   
00:44:52  
00:44:52   
00:45:52  
00:45:52   
00:46:53  
00:46:53   
00:47:54  
00:47:54   
00:48:55  
00:48:55   
00:49:56  
00:49:56   
00:50:25 
00:50:57  
00:50:57   
00:51:57  
00:51:57   
00:52:14 §f                                        
00:52:57  
00:52:57   
00:53:58  
00:53:58   
00:54:58  
00:54:58   
00:55:59  
00:55:59   
00:57:00  
00:57:00   
00:58:01  
00:58:01   
00:59:02  
00:59:02   
01:00:03  
01:00:03   
01:00:20 §f
01:00:20 §c
01:01:04  
01:01:04   
01:02:05  
01:02:05   
01:03:06  
01:03:06   
01:04:07  
01:04:07   
01:05:08  
01:05:08   
01:06:09  
01:06:09   
01:07:10  
01:07:10   
01:07:27 
01:08:11  
01:08:11   
01:09:12  
01:09:12   
01:10:13  
01:10:13   
01:11:14  
01:11:14   
01:12:08 §f                                        
01:12:15  
01:12:15   
01:13:16  
01:13:16   
01:14:18  
01:14:18   
01:15:19  
01:15:19   
01:16:20  
01:16:20   
01:17:22  
01:17:22   
01:18:22  
01:18:22   
01:19:23  
01:19:23   
01:20:24  
01:20:24   
01:21:25  
01:21:25   
01:22:26  
01:22:26   
01:23:27  
01:23:27   
01:24:28  
01:24:28   
01:25:29  
01:25:29   
01:26:30  
01:26:30   
01:27:19 §8 §r§8 §r§1 §r§3 §r§3 §r§7 §r§8 
01:27:22  
01:27:22   
01:27:23  
01:27:23   
01:28:23  
01:28:23   
01:29:23  
01:29:23   
01:30:23  
01:30:23   
01:31:23  
01:31:23   
01:32:23  
01:32:23   
01:33:24  
01:33:24   
01:34:24  
01:34:24   
01:35:24  
01:35:24   
01:36:24  
01:36:24   
01:37:24  
01:37:24   
01:38:24  
01:38:24   
01:39:24  
01:39:24   
01:40:21 §8 §r§8 §r§1 §r§3 §r§3 §r§7 §r§8 
01:40:24  
01:40:24   
01:41:04  
01:41:04   
01:41:11 §8 §r§8 §r§1 §r§3 §r§3 §r§7 §r§8 
01:41:14  
01:41:14   
01:41:15  
01:41:15   
01:42:15  
01:42:15   
01:43:15  
01:43:15   
01:44:16  
01:44:16   
01:45:16  
01:45:16   
01:46:16  
01:46:16   
01:46:33 §f §r§r§r§f §r§r§r§1 §r§r§r§0 §r§r§r§2 §r§r§r§f §r§r§r§f §r§r§r§2 §r§r§r§0 §r§r§r§4 §r§r§r§3 §r§r§r§9 §r§r§r§2 §r§r§r§0 §r§r§r§0 §r§r§r§3 §r§r§r§9 §r§r§r§2 §r§r§r§0 §r§r§r§0 §r§r§r§3 §r§r§r§9 §r§r§r§2 §r§r§r§0 §r§r§r§0 
01:46:33 
01:47:37 §8 §r§8 §r§1 §r§3 §r§3 §r§7 §r§8 
01:47:39 
01:47:39 
01:47:41  
01:47:41   
01:47:41  
01:47:41   
01:48:42  
01:48:42   
01:49:42  
01:49:42   
01:50:42  
01:50:42   
01:51:42  
01:51:42   
01:52:42  
01:52:42   
01:53:42  
01:53:42   
01:54:26 §8 §r§8 §r§1 §r§3 §r§3 §r§7 §r§8 
01:54:29  
01:54:29   
01:54:38 §8 §r§8 §r§1 §r§3 §r§3 §r§7 §r§8 
01:54:42  
01:54:42   
01:54:57  
01:54:57   
01:55:58  
01:55:58   
01:56:06 
01:56:06 §f                                        
01:56:06 
01:56:59  
01:56:59   
01:57:31 §8 §r§8 §r§1 §r§3 §r§3 §r§7 §r§8 
01:57:35  
01:57:35   
01:57:46  
01:57:46   
01:57:54 
01:57:59 
01:58:47  
01:58:47   
01:59:47  
01:59:47   
02:00:29 §8 §r§8 §r§1 §r§3 §r§3 §r§7 §r§8 
02:00:32  
02:00:32   
02:00:33  
02:00:33   
02:00:45 §8 §r§8 §r§1 §r§3 §r§3 §r§7 §r§8 
02:00:49  
02:00:49   
02:00:50  
02:00:50   
02:01:43 §8 §r§8 §r§1 §r§3 §r§3 §r§7 §r§8 
02:01:46  
02:01:46   
02:01:47  
02:01:47   
02:01:47 §8 §r§8 §r§1 §r§3 §r§3 §r§7 §r§8 
02:01:51  
02:01:51   
02:01:59  
02:01:59   
02:02:02 §8 §r§8 §r§1 §r§3 §r§3 §r§7 §r§8 
02:02:06  
02:02:06   
02:02:08 §8 §r§8 §r§1 §r§3 §r§3 §r§7 §r§8 
02:02:12  
02:02:12   
02:03:06  
02:03:06   
02:04:06  
02:04:06   
02:05:07  
02:05:07   
02:06:00 
02:06:07  
02:06:07   
02:07:08  
02:07:08   
02:07:49 §f                                        
02:08:08  
02:08:08   
02:09:08  
02:09:08   
02:10:09  
02:10:09   
02:11:09  
02:11:09   
02:12:10  
02:12:10   
02:13:11  
02:13:11   
02:14:12  
02:14:12   
02:15:12  
02:15:12   
02:16:12  
02:16:12   
02:17:13  
02:17:13   
02:18:13  
02:18:14   
02:19:14  
02:19:14   
02:20:15  
02:20:15   
02:21:15  
02:21:15   
02:22:16  
02:22:16   
02:23:16  
02:23:16   
02:24:17  
02:24:17   
02:25:17  
02:25:17   
02:26:00 
02:26:19  
02:26:19   
02:27:19  
02:27:19   
02:27:49 §f                                        
02:28:20  
02:28:20   
02:29:21  
02:29:21   
02:30:21  
02:30:21   
02:31:22  
02:31:22   
02:32:23  
02:32:23   
02:33:24  
02:33:24   
02:34:24  
02:34:24   
02:35:25  
02:35:25   
02:36:25  
02:36:25   
02:37:25  
02:37:25   
02:38:26  
02:38:26   
02:39:26  
02:39:26   
02:40:27  
02:40:27   
02:41:28  
02:41:28   
02:42:28  
02:42:28   
02:43:28  
02:43:28   
02:44:29  
02:44:29   
02:45:29  
02:45:29   
02:45:51 §f
02:45:51 §f
02:45:51 §f
02:45:51 §f
02:45:59 
02:46:30  
02:46:30   
02:47:31  
02:47:31   
02:47:49 §f                                        
02:48:33  
02:48:33   
02:49:34  
02:49:34   
02:50:35  
02:50:35   
02:51:36  
02:51:36   
02:52:37  
02:52:37   
02:53:39  
02:53:39   
02:54:40  
02:54:40   
02:55:42  
02:55:42   
02:56:43  
02:56:43   
02:57:44  
02:57:44   
02:58:45  
02:58:45   
02:59:46  
02:59:46   
03:00:20 §f
03:00:20 §c
03:00:48  
03:00:48   
03:01:49  
03:01:49   
03:02:51  
03:02:51   
03:03:08 
03:03:52  
03:03:52   
03:04:52  
03:04:52   
03:05:52  
03:05:52   
03:06:53  
03:06:53   
03:07:47 §f                                        
03:07:54  
03:07:54   
03:08:55  
03:08:55   
03:09:56  
03:09:56   
03:10:57  
03:10:57   
03:11:58  
03:11:58   
03:12:59  
03:12:59   
03:14:00  
03:14:00   
03:15:01  
03:15:01   
03:16:02  
03:16:02   
03:17:04  
03:17:04   
03:18:04  
03:18:04   
03:19:05  
03:19:05   
03:20:06  
03:20:06   
03:21:07  
03:21:07   
03:22:08  
03:22:08   
03:23:05 
03:23:11  
03:23:11   
03:24:12  
03:24:12   
03:25:13  
03:25:13   
03:26:14  
03:26:14   
03:27:16  
03:27:16   
03:27:46 §f                                        
03:28:17  
03:28:17   
03:29:19  
03:29:19   
03:30:20  
03:30:20   
03:31:21  
03:31:21   
03:32:22  
03:32:22   
03:33:25  
03:33:25   
03:34:26  
03:34:26   
03:35:27  
03:35:27   
03:36:27 §8 §r§8 §r§1 §r§3 §r§3 §r§7 §r§8 
03:36:30  
03:36:30   
03:36:31  
03:36:31   
03:37:31  
03:37:31   
03:38:31  
03:38:31   
03:39:31  
03:39:31   
03:40:31  
03:40:31   
03:41:32  
03:41:32   
03:42:32  
03:42:32   
03:43:32  
03:43:32   
03:44:32  
03:44:32   
03:45:32  
03:45:32   
03:46:32  
03:46:32   
03:47:32  
03:47:32   
03:48:32  
03:48:32   
03:49:32  
03:49:32   
03:50:32  
03:50:32   
03:51:32  
03:51:32   
03:52:33  
03:52:33   
03:53:33  
03:53:33   
