23:40:33 Trying to load config from config/skyhanni/config.json
23:40:33 load-config-now
23:40:34 Loaded config from file
23:40:34 Trying to load sacks from config/skyhanni/sacks.json
23:40:34 load-sacks-now
23:40:34 Loaded sacks from file
23:40:34 Trying to load friends from config/skyhanni/friends.json
23:40:34 load-friends-now
23:40:34 Loaded friends from file
23:40:34 Trying to load known_features from config/skyhanni/known_features.json
23:40:34 load-known_features-now
23:40:34 Loaded known_features from file
23:40:34 Trying to load jacob_contests from config/skyhanni/jacob_contests.json
23:40:34 load-jacob_contests-now
23:40:34 Loaded jacob_contests from file
23:40:34 Trying to load visual_words from config/skyhanni/visual_words.json
23:40:34 Setting visual_words to be blank as it did not exist. It will be saved once something is written to it
23:41:00 saveConfig: Updated known feature flags
23:41:00 Saving known_features file
23:41:34 saveConfig: auto-save-60s
23:41:34 Saving config file
23:42:34 saveConfig: auto-save-60s
23:42:34 Saving config file
23:43:34 saveConfig: auto-save-60s
23:43:34 Saving config file
23:44:34 saveConfig: auto-save-60s
23:44:34 Saving config file
23:45:34 saveConfig: auto-save-60s
23:45:34 Saving config file
23:46:34 saveConfig: auto-save-60s
23:46:34 Saving config file
23:47:34 saveConfig: auto-save-60s
23:47:34 Saving config file
23:48:34 saveConfig: auto-save-60s
23:48:34 Saving config file
23:49:34 saveConfig: auto-save-60s
23:49:34 Saving config file
23:50:34 saveConfig: auto-save-60s
23:50:34 Saving config file
23:51:34 saveConfig: auto-save-60s
23:51:34 Saving config file
23:52:34 saveConfig: auto-save-60s
23:52:34 Saving config file
23:53:34 saveConfig: auto-save-60s
23:53:34 Saving config file
23:54:34 saveConfig: auto-save-60s
23:54:34 Saving config file
23:55:34 saveConfig: auto-save-60s
23:55:34 Saving config file
23:56:34 saveConfig: auto-save-60s
23:56:34 Saving config file
23:57:34 saveConfig: auto-save-60s
23:57:34 Saving config file
23:58:34 saveConfig: auto-save-60s
23:58:34 Saving config file
23:59:34 saveConfig: auto-save-60s
23:59:34 Saving config file
00:00:34 saveConfig: auto-save-60s
00:00:34 Saving config file
00:01:34 saveConfig: auto-save-60s
00:01:34 Saving config file
00:02:34 saveConfig: auto-save-60s
00:02:34 Saving config file
00:03:34 saveConfig: auto-save-60s
00:03:34 Saving config file
00:04:34 saveConfig: auto-save-60s
00:04:34 Saving config file
00:05:34 saveConfig: auto-save-60s
00:05:34 Saving config file
00:06:34 saveConfig: auto-save-60s
00:06:34 Saving config file
00:07:34 saveConfig: auto-save-60s
00:07:34 Saving config file
00:08:34 saveConfig: auto-save-60s
00:08:34 Saving config file
00:09:34 saveConfig: auto-save-60s
00:09:34 Saving config file
00:10:34 saveConfig: auto-save-60s
00:10:34 Saving config file
00:11:34 saveConfig: auto-save-60s
00:11:34 Saving config file
00:12:34 saveConfig: auto-save-60s
00:12:34 Saving config file
00:13:34 saveConfig: auto-save-60s
00:13:34 Saving config file
00:14:34 saveConfig: auto-save-60s
00:14:34 Saving config file
00:15:34 saveConfig: auto-save-60s
00:15:34 Saving config file
00:15:41 saveConfig: saving-data
00:15:41 Saving sacks file
00:16:34 saveConfig: auto-save-60s
00:16:34 Saving config file
00:17:34 saveConfig: auto-save-60s
00:17:34 Saving config file
00:18:34 saveConfig: auto-save-60s
00:18:34 Saving config file
00:18:36 saveConfig: saving-data
00:18:36 Saving sacks file
00:18:41 saveConfig: saving-data
00:18:41 Saving sacks file
00:18:43 saveConfig: saving-data
00:18:43 Saving sacks file
00:19:34 saveConfig: auto-save-60s
00:19:34 Saving config file
00:20:34 saveConfig: auto-save-60s
00:20:34 Saving config file
00:21:34 saveConfig: auto-save-60s
00:21:34 Saving config file
00:22:34 saveConfig: auto-save-60s
00:22:34 Saving config file
00:23:34 saveConfig: auto-save-60s
00:23:34 Saving config file
00:24:34 saveConfig: auto-save-60s
00:24:34 Saving config file
00:25:34 saveConfig: auto-save-60s
00:25:34 Saving config file
00:26:34 saveConfig: auto-save-60s
00:26:34 Saving config file
00:27:34 saveConfig: auto-save-60s
00:27:34 Saving config file
00:28:34 saveConfig: auto-save-60s
00:28:34 Saving config file
00:29:34 saveConfig: auto-save-60s
00:29:34 Saving config file
00:30:34 saveConfig: auto-save-60s
00:30:34 Saving config file
00:31:34 saveConfig: auto-save-60s
00:31:34 Saving config file
00:32:34 saveConfig: auto-save-60s
00:32:34 Saving config file
00:33:34 saveConfig: auto-save-60s
00:33:34 Saving config file
00:34:34 saveConfig: auto-save-60s
00:34:34 Saving config file
00:35:34 saveConfig: auto-save-60s
00:35:34 Saving config file
00:36:34 saveConfig: auto-save-60s
00:36:34 Saving config file
00:37:34 saveConfig: auto-save-60s
00:37:34 Saving config file
00:38:34 saveConfig: auto-save-60s
00:38:34 Saving config file
00:39:34 saveConfig: auto-save-60s
00:39:34 Saving config file
00:40:34 saveConfig: auto-save-60s
00:40:34 Saving config file
00:41:34 saveConfig: auto-save-60s
00:41:34 Saving config file
00:42:34 saveConfig: auto-save-60s
00:42:34 Saving config file
00:43:34 saveConfig: auto-save-60s
00:43:34 Saving config file
00:44:34 saveConfig: auto-save-60s
00:44:34 Saving config file
00:45:34 saveConfig: auto-save-60s
00:45:34 Saving config file
00:46:34 saveConfig: auto-save-60s
00:46:34 Saving config file
00:47:34 saveConfig: auto-save-60s
00:47:34 Saving config file
00:48:34 saveConfig: auto-save-60s
00:48:34 Saving config file
00:49:34 saveConfig: auto-save-60s
00:49:34 Saving config file
00:50:34 saveConfig: auto-save-60s
00:50:34 Saving config file
00:51:34 saveConfig: auto-save-60s
00:51:34 Saving config file
00:52:34 saveConfig: auto-save-60s
00:52:34 Saving config file
00:53:34 saveConfig: auto-save-60s
00:53:34 Saving config file
00:54:34 saveConfig: auto-save-60s
00:54:34 Saving config file
00:55:34 saveConfig: auto-save-60s
00:55:34 Saving config file
00:56:34 saveConfig: auto-save-60s
00:56:34 Saving config file
00:57:34 saveConfig: auto-save-60s
00:57:34 Saving config file
00:58:34 saveConfig: auto-save-60s
00:58:34 Saving config file
00:59:34 saveConfig: auto-save-60s
00:59:34 Saving config file
01:00:34 saveConfig: auto-save-60s
01:00:34 Saving config file
01:01:34 saveConfig: auto-save-60s
01:01:34 Saving config file
01:02:34 saveConfig: auto-save-60s
01:02:34 Saving config file
01:03:34 saveConfig: auto-save-60s
01:03:34 Saving config file
01:04:34 saveConfig: auto-save-60s
01:04:34 Saving config file
01:05:34 saveConfig: auto-save-60s
01:05:34 Saving config file
01:06:34 saveConfig: auto-save-60s
01:06:34 Saving config file
01:07:34 saveConfig: auto-save-60s
01:07:34 Saving config file
01:08:34 saveConfig: auto-save-60s
01:08:34 Saving config file
01:09:34 saveConfig: auto-save-60s
01:09:34 Saving config file
01:10:34 saveConfig: auto-save-60s
01:10:34 Saving config file
01:11:34 saveConfig: auto-save-60s
01:11:34 Saving config file
01:12:34 saveConfig: auto-save-60s
01:12:34 Saving config file
01:13:34 saveConfig: auto-save-60s
01:13:34 Saving config file
01:14:34 saveConfig: auto-save-60s
01:14:34 Saving config file
01:15:34 saveConfig: auto-save-60s
01:15:34 Saving config file
01:16:34 saveConfig: auto-save-60s
01:16:34 Saving config file
01:17:34 saveConfig: auto-save-60s
01:17:34 Saving config file
01:18:34 saveConfig: auto-save-60s
01:18:34 Saving config file
01:19:34 saveConfig: auto-save-60s
01:19:34 Saving config file
01:20:34 saveConfig: auto-save-60s
01:20:34 Saving config file
01:21:34 saveConfig: auto-save-60s
01:21:34 Saving config file
01:22:34 saveConfig: auto-save-60s
01:22:34 Saving config file
01:23:34 saveConfig: auto-save-60s
01:23:34 Saving config file
01:24:34 saveConfig: auto-save-60s
01:24:34 Saving config file
01:24:46 saveConfig: saving-data
01:24:46 Saving sacks file
01:25:34 saveConfig: auto-save-60s
01:25:34 Saving config file
01:26:34 saveConfig: auto-save-60s
01:26:34 Saving config file
01:27:22 saveConfig: saving-data
01:27:22 Saving sacks file
01:27:34 saveConfig: auto-save-60s
01:27:34 Saving config file
01:28:34 saveConfig: auto-save-60s
01:28:34 Saving config file
01:29:34 saveConfig: auto-save-60s
01:29:34 Saving config file
01:30:34 saveConfig: auto-save-60s
01:30:34 Saving config file
01:31:16 saveConfig: saving-data
01:31:16 Saving sacks file
01:31:34 saveConfig: auto-save-60s
01:31:34 Saving config file
01:31:40 saveConfig: saving-data
01:31:40 Saving sacks file
01:32:34 saveConfig: auto-save-60s
01:32:34 Saving config file
01:33:34 saveConfig: auto-save-60s
01:33:34 Saving config file
01:34:34 saveConfig: auto-save-60s
01:34:34 Saving config file
01:35:34 saveConfig: auto-save-60s
01:35:34 Saving config file
01:36:34 saveConfig: auto-save-60s
01:36:34 Saving config file
01:37:34 saveConfig: auto-save-60s
01:37:34 Saving config file
01:38:34 saveConfig: auto-save-60s
01:38:34 Saving config file
01:39:34 saveConfig: auto-save-60s
01:39:34 Saving config file
01:40:34 saveConfig: auto-save-60s
01:40:34 Saving config file
01:41:34 saveConfig: auto-save-60s
01:41:34 Saving config file
01:42:34 saveConfig: auto-save-60s
01:42:34 Saving config file
01:43:34 saveConfig: auto-save-60s
01:43:34 Saving config file
01:44:34 saveConfig: auto-save-60s
01:44:34 Saving config file
01:45:34 saveConfig: auto-save-60s
01:45:34 Saving config file
01:45:41 saveConfig: saving-data
01:45:41 Saving sacks file
01:46:34 saveConfig: auto-save-60s
01:46:34 Saving config file
01:47:34 saveConfig: auto-save-60s
01:47:34 Saving config file
01:48:34 saveConfig: auto-save-60s
01:48:34 Saving config file
01:49:34 saveConfig: auto-save-60s
01:49:34 Saving config file
01:50:34 saveConfig: auto-save-60s
01:50:34 Saving config file
01:51:34 saveConfig: auto-save-60s
01:51:34 Saving config file
01:52:34 saveConfig: auto-save-60s
01:52:34 Saving config file
01:53:34 saveConfig: auto-save-60s
01:53:34 Saving config file
01:54:34 saveConfig: auto-save-60s
01:54:34 Saving config file
01:55:34 saveConfig: auto-save-60s
01:55:34 Saving config file
01:56:34 saveConfig: auto-save-60s
01:56:34 Saving config file
01:57:34 saveConfig: auto-save-60s
01:57:34 Saving config file
01:58:05 saveConfig: saving-data
01:58:05 Saving sacks file
01:58:34 saveConfig: auto-save-60s
01:58:34 Saving config file
01:59:34 saveConfig: auto-save-60s
01:59:34 Saving config file
02:00:34 saveConfig: auto-save-60s
02:00:34 Saving config file
02:01:34 saveConfig: auto-save-60s
02:01:34 Saving config file
02:02:34 saveConfig: auto-save-60s
02:02:34 Saving config file
02:03:34 saveConfig: auto-save-60s
02:03:34 Saving config file
02:04:34 saveConfig: auto-save-60s
02:04:34 Saving config file
02:05:34 saveConfig: auto-save-60s
02:05:34 Saving config file
02:06:34 saveConfig: auto-save-60s
02:06:34 Saving config file
02:07:34 saveConfig: auto-save-60s
02:07:34 Saving config file
02:08:34 saveConfig: auto-save-60s
02:08:34 Saving config file
02:09:34 saveConfig: auto-save-60s
02:09:34 Saving config file
02:10:34 saveConfig: auto-save-60s
02:10:34 Saving config file
02:11:34 saveConfig: auto-save-60s
02:11:34 Saving config file
02:12:34 saveConfig: auto-save-60s
02:12:34 Saving config file
02:13:34 saveConfig: auto-save-60s
02:13:34 Saving config file
02:14:34 saveConfig: auto-save-60s
02:14:34 Saving config file
02:15:34 saveConfig: auto-save-60s
02:15:34 Saving config file
02:16:34 saveConfig: auto-save-60s
02:16:34 Saving config file
02:17:34 saveConfig: auto-save-60s
02:17:34 Saving config file
02:18:34 saveConfig: auto-save-60s
02:18:34 Saving config file
02:19:34 saveConfig: auto-save-60s
02:19:34 Saving config file
02:20:34 saveConfig: auto-save-60s
02:20:34 Saving config file
02:21:34 saveConfig: auto-save-60s
02:21:34 Saving config file
02:22:34 saveConfig: auto-save-60s
02:22:34 Saving config file
02:23:34 saveConfig: auto-save-60s
02:23:34 Saving config file
02:24:34 saveConfig: auto-save-60s
02:24:34 Saving config file
02:25:34 saveConfig: auto-save-60s
02:25:34 Saving config file
02:26:34 saveConfig: auto-save-60s
02:26:34 Saving config file
02:27:34 saveConfig: auto-save-60s
02:27:34 Saving config file
02:28:34 saveConfig: auto-save-60s
02:28:34 Saving config file
02:29:34 saveConfig: auto-save-60s
02:29:34 Saving config file
02:30:34 saveConfig: auto-save-60s
02:30:34 Saving config file
02:31:34 saveConfig: auto-save-60s
02:31:34 Saving config file
02:32:34 saveConfig: auto-save-60s
02:32:34 Saving config file
02:33:34 saveConfig: auto-save-60s
02:33:34 Saving config file
02:34:34 saveConfig: auto-save-60s
02:34:34 Saving config file
02:35:34 saveConfig: auto-save-60s
02:35:34 Saving config file
02:36:34 saveConfig: auto-save-60s
02:36:34 Saving config file
02:37:34 saveConfig: auto-save-60s
02:37:34 Saving config file
02:38:34 saveConfig: auto-save-60s
02:38:34 Saving config file
02:39:34 saveConfig: auto-save-60s
02:39:34 Saving config file
02:40:34 saveConfig: auto-save-60s
02:40:34 Saving config file
02:41:34 saveConfig: auto-save-60s
02:41:34 Saving config file
02:42:34 saveConfig: auto-save-60s
02:42:34 Saving config file
02:42:44 saveConfig: saving-data
02:42:44 Saving sacks file
02:43:34 saveConfig: auto-save-60s
02:43:34 Saving config file
02:44:34 saveConfig: auto-save-60s
02:44:34 Saving config file
02:45:34 saveConfig: auto-save-60s
02:45:34 Saving config file
02:46:34 saveConfig: auto-save-60s
02:46:34 Saving config file
02:47:34 saveConfig: auto-save-60s
02:47:34 Saving config file
02:48:34 saveConfig: auto-save-60s
02:48:34 Saving config file
02:49:34 saveConfig: auto-save-60s
02:49:34 Saving config file
02:50:34 saveConfig: auto-save-60s
02:50:34 Saving config file
02:51:34 saveConfig: auto-save-60s
02:51:34 Saving config file
02:52:34 saveConfig: auto-save-60s
02:52:34 Saving config file
02:53:34 saveConfig: auto-save-60s
02:53:34 Saving config file
02:54:21 saveConfig: saving-data
02:54:21 Saving sacks file
02:54:34 saveConfig: auto-save-60s
02:54:34 Saving config file
02:54:36 saveConfig: saving-data
02:54:36 Saving sacks file
02:54:49 saveConfig: saving-data
02:54:49 Saving sacks file
02:55:34 saveConfig: auto-save-60s
02:55:34 Saving config file
02:56:34 saveConfig: auto-save-60s
02:56:34 Saving config file
02:57:34 saveConfig: auto-save-60s
02:57:34 Saving config file
02:58:34 saveConfig: auto-save-60s
02:58:34 Saving config file
02:59:34 saveConfig: auto-save-60s
02:59:34 Saving config file
03:00:34 saveConfig: auto-save-60s
03:00:34 Saving config file
03:01:34 saveConfig: auto-save-60s
03:01:34 Saving config file
03:02:34 saveConfig: auto-save-60s
03:02:34 Saving config file
03:03:34 saveConfig: auto-save-60s
03:03:34 Saving config file
03:04:34 saveConfig: auto-save-60s
03:04:34 Saving config file
03:05:34 saveConfig: auto-save-60s
03:05:34 Saving config file
03:06:34 saveConfig: auto-save-60s
03:06:34 Saving config file
03:07:34 saveConfig: auto-save-60s
03:07:34 Saving config file
03:08:34 saveConfig: auto-save-60s
03:08:34 Saving config file
03:09:34 saveConfig: auto-save-60s
03:09:34 Saving config file
03:09:39 saveConfig: saving-data
03:09:39 Saving sacks file
03:10:34 saveConfig: auto-save-60s
03:10:34 Saving config file
03:11:34 saveConfig: auto-save-60s
03:11:34 Saving config file
03:12:34 saveConfig: auto-save-60s
03:12:34 Saving config file
03:13:34 saveConfig: auto-save-60s
03:13:34 Saving config file
03:14:34 saveConfig: auto-save-60s
03:14:34 Saving config file
03:15:34 saveConfig: auto-save-60s
03:15:34 Saving config file
03:16:34 saveConfig: auto-save-60s
03:16:34 Saving config file
03:17:34 saveConfig: auto-save-60s
03:17:34 Saving config file
03:18:34 saveConfig: auto-save-60s
03:18:34 Saving config file
03:19:34 saveConfig: auto-save-60s
03:19:34 Saving config file
03:20:34 saveConfig: auto-save-60s
03:20:34 Saving config file
03:21:34 saveConfig: auto-save-60s
03:21:34 Saving config file
03:22:34 saveConfig: auto-save-60s
03:22:34 Saving config file
03:22:36 saveConfig: saving-data
03:22:36 Saving sacks file
03:23:34 saveConfig: auto-save-60s
03:23:34 Saving config file
03:24:34 saveConfig: auto-save-60s
03:24:34 Saving config file
03:25:34 saveConfig: auto-save-60s
03:25:34 Saving config file
03:26:34 saveConfig: auto-save-60s
03:26:34 Saving config file
03:27:34 saveConfig: auto-save-60s
03:27:34 Saving config file
03:28:34 saveConfig: auto-save-60s
03:28:34 Saving config file
03:29:34 saveConfig: auto-save-60s
03:29:34 Saving config file
03:30:34 saveConfig: auto-save-60s
03:30:34 Saving config file
03:31:34 saveConfig: auto-save-60s
03:31:34 Saving config file
03:32:22 saveConfig: saving-data
03:32:22 Saving sacks file
03:32:34 saveConfig: auto-save-60s
03:32:34 Saving config file
03:33:00 saveConfig: saving-data
03:33:00 Saving sacks file
03:33:34 saveConfig: auto-save-60s
03:33:34 Saving config file
03:34:34 saveConfig: auto-save-60s
03:34:34 Saving config file
03:35:34 saveConfig: auto-save-60s
03:35:34 Saving config file
03:36:34 saveConfig: auto-save-60s
03:36:34 Saving config file
03:37:34 saveConfig: auto-save-60s
03:37:34 Saving config file
03:38:34 saveConfig: auto-save-60s
03:38:34 Saving config file
03:39:34 saveConfig: auto-save-60s
03:39:34 Saving config file
03:40:34 saveConfig: auto-save-60s
03:40:34 Saving config file
03:41:34 saveConfig: auto-save-60s
03:41:34 Saving config file
03:42:34 saveConfig: auto-save-60s
03:42:34 Saving config file
03:43:34 saveConfig: auto-save-60s
03:43:34 Saving config file
03:44:34 saveConfig: auto-save-60s
03:44:34 Saving config file
03:45:34 saveConfig: auto-save-60s
03:45:34 Saving config file
03:46:34 saveConfig: auto-save-60s
03:46:34 Saving config file
03:47:34 saveConfig: auto-save-60s
03:47:34 Saving config file
03:48:34 saveConfig: auto-save-60s
03:48:34 Saving config file
03:49:34 saveConfig: auto-save-60s
03:49:34 Saving config file
03:50:34 saveConfig: auto-save-60s
03:50:34 Saving config file
03:51:34 saveConfig: auto-save-60s
03:51:34 Saving config file
03:52:34 saveConfig: auto-save-60s
03:52:34 Saving config file
03:53:34 saveConfig: auto-save-60s
03:53:34 Saving config file
03:54:11 saveConfig: shutdown-hook
03:54:11 Saving config file
