09:29:04 §f §r§r§r§f §r§r§r§1 §r§r§r§0 §r§r§r§2 §r§r§r§f §r§r§r§f §r§r§r§2 §r§r§r§0 §r§r§r§4 §r§r§r§3 §r§r§r§9 §r§r§r§2 §r§r§r§0 §r§r§r§0 §r§r§r§3 §r§r§r§9 §r§r§r§2 §r§r§r§0 §r§r§r§0 §r§r§r§3 §r§r§r§9 §r§r§r§2 §r§r§r§0 §r§r§r§0 
09:29:04 
09:29:27 §8 §r§8 §r§1 §r§3 §r§3 §r§7 §r§8 
09:29:29 
09:29:29 
09:29:31  
09:29:31   
09:29:37 
09:29:37 
09:29:40  
09:29:40   
09:30:40  
09:30:40   
09:31:41  
09:31:41   
09:32:41  
09:32:41   
09:33:41  
09:33:41   
09:34:41  
09:34:41   
09:35:41  
09:35:41   
09:36:41  
09:36:41   
09:37:42  
09:37:42   
09:38:42  
09:38:42   
09:39:43  
09:39:43   
09:40:44  
09:40:44   
09:41:45  
09:41:45   
09:42:45  
09:42:45   
09:43:46  
09:43:46   
09:44:28 §8 §r§8 §r§1 §r§3 §r§3 §r§7 §r§8 
09:44:31  
09:44:31   
09:44:32  
09:44:32   
