06:53:14 [allowed] §b[MVP§3+§b] Euphaa§f §6slid into the lobby!
06:53:14 [allowed] §b§m--------------§r§f  §r§aGuild: Message Of The Day  §r§b§m--------------
06:53:14 [allowed] §b| §r§fJoin the guild discord!
06:53:14 [allowed] §b| §r§fhttps://discord.gg/9En6jSENjY
06:53:14 [allowed] §b| §r§fHave a great day!
06:53:14 [allowed] §b§m-----------------------------------------------------
06:53:14 [allowed] §f§lHAPPY HOLIDAYS §e§lFROM HYPIXEL§r
§r§aYou may claim today's §bAdvent Calendar §areward!
§eClick here to claim!§r

06:53:17 [allowed]   §r§f§l➤ §r§6You have reached your Hype limit! Add Hype to Prototype Lobby minigames by right-clicking with the Hype Diamond!
06:53:18 [allowed] §b[MVP§2+§b] sk777§f §6slid into the lobby!
06:53:18 [allowed] §b[MVP§a+§b] chibibaku§f §6slid into the lobby!
06:53:18 [allowed] §b[MVP§f+§b] gutest§f §6slid into the lobby!
06:53:22 [allowed] §b[MVP§f+§b] Corruptagod§f §6slid into the lobby!
06:53:23 [allowed] §7Sending to server mini151Q...
06:53:23 [allowed] §eYou haven't claimed your §r§6Holidays Rewards §r§eyet!
06:53:23 [allowed] §eTalk to the §r§cGingerbread §r§fMan §r§ein the §r§aHub§r§e!
06:53:26 [allowed] §eWelcome to §r§aHypixel SkyBlock§r§e!
06:53:26 [allowed] §6§lBONUS! §r§bTemporarily earn §r§a5% §r§bmore skill experience!
06:53:26 [allowed] §eLatest update: §bSkyBlock v0.21 §e§lCLICK
06:53:26 [allowed] §aYou are playing on profile: §eBanana§b (Co-op)
06:53:26 [allowed] §8Profile ID: 56e969f8-003b-4df1-bbed-3112b2f3dc94
06:53:33 [allowed] §6§k§lA§r §c§lFIRE SALE §r§6§k§lA
§r§c♨ §eSelling an item for a limited time!
§r§c   ♨ §5Baby Emperor Penguin Skin §e(§e2,685 left§e)§c§r
§r§c♨ §a§l[WARP] §eTo Elizabeth in the next §c1d 5h 6m §eto grab yours!
06:56:02 [allowed] §6§k§lA§r §c§lFIRE SALE §r§6§k§lA
§r§c♨ §eSelling an item for a limited time!
§r§c   ♨ §5Baby Emperor Penguin Skin §e(§e2,685 left§e)§c§r
§r§c♨ §a§l[WARP] §eTo Elizabeth in the next §c1d 5h 3m §eto grab yours!
07:00:22 [allowed] §4[WATCHDOG ANNOUNCEMENT]
07:00:22 [allowed] §fWatchdog has banned §r§c§l10,525§r§f players in the last 7 days.
07:00:22 [allowed] §fStaff have banned an additional §r§c§l10,608§r§f in the last 7 days.
07:00:22 [allowed] §cBlacklisted modifications are a bannable offense!
07:00:50 [allowed] §d§lHOPPITY'S HUNT §r§dA §r§6Chocolate Breakfast Egg §r§dhas appeared!
07:00:59 [allowed] §aYou earned §r§2126 GEXP §r§a+ §r§c378 Event EXP §r§afrom playing SkyBlock!
07:01:59 [allowed] §7Sending to server mini24AV...
07:02:00 [allowed] §eYou haven't claimed your §r§6Holidays Rewards §r§eyet!
07:02:00 [allowed] §eTalk to the §r§cGingerbread §r§fMan §r§ein the §r§aHub§r§e!
07:02:02 [allowed] §aYou are playing on profile: §eBanana§b (Co-op)
07:02:02 [allowed] §8Profile ID: 56e969f8-003b-4df1-bbed-3112b2f3dc94
07:02:04 [allowed] §cThere are blocks in the way!
07:07:00 [allowed] §aYou earned §r§2185 GEXP §r§a+ §r§c555 Event EXP §r§afrom playing SkyBlock!
07:12:00 [allowed] §aYou earned §r§283 GEXP §r§a+ §r§c249 Event EXP §r§afrom playing SkyBlock!
07:51:02 [allowed] §2Guild > §r§aLove4pierogi §r§ejoined.
07:51:16 [allowed] §bLove4pierogi joined SkyBlock.
07:52:23 [allowed] §cThere are blocks in the way!
07:54:46 [allowed] §2Guild > §r§aLove4pierogi §r§eleft.
07:57:06 [allowed] §aYou earned §r§2265 GEXP §r§a+ §r§c795 Event EXP §r§afrom playing SkyBlock!
