06:53:14 [EMPTY] §f §r§r§r§f §r§r§r§1 §r§r§r§0 §r§r§r§2 §r§r§r§f §r§r§r§f §r§r§r§2 §r§r§r§0 §r§r§r§4 §r§r§r§3 §r§r§r§9 §r§r§r§2 §r§r§r§0 §r§r§r§0 §r§r§r§3 §r§r§r§9 §r§r§r§2 §r§r§r§0 §r§r§r§0 §r§r§r§3 §r§r§r§9 §r§r§r§2 §r§r§r§0 §r§r§r§0 
06:53:14 [EMPTY] 
06:53:23 [EMPTY] §8 §r§8 §r§1 §r§3 §r§3 §r§7 §r§8 
06:53:26 [EMPTY] 
06:53:26 [EMPTY] 
06:53:27 [EMPTY]  
06:53:27 [STASH_COMPACT] §f               §7You have §310,595 §7materials stashed away!
06:53:27 [STASH_COMPACT] §f              §8(This totals 2 types of materials stashed!)
06:53:27 [STASH_COMPACT] §f                §3§l>>> §3§lCLICK HERE§b to pick them up! §3§l<<<
06:53:27 [EMPTY]   
06:53:28 [SKYMALL] §bNew day! §r§eYour §r§2Sky Mall §r§ebuff changed!
06:53:28 [SKYMALL] §eNew buff§r§r§r: §r§fGain §r§6+100⸕ Mining Speed§r§f.
06:53:28 [SKYMALL] §8§oYou can disable this messaging by toggling Sky Mall in your /hotm!
06:53:33 [EMPTY] 
06:53:33 [EMPTY] 
06:53:58 [EMPTY]  
06:53:58 [STASH_COMPACT] §f               §7You have §310,595 §7materials stashed away!
06:53:58 [STASH_COMPACT] §f              §8(This totals 2 types of materials stashed!)
06:53:58 [STASH_COMPACT] §f                §3§l>>> §3§lCLICK HERE§b to pick them up! §3§l<<<
06:53:58 [EMPTY]   
06:54:59 [EMPTY]  
06:54:59 [STASH_COMPACT] §f               §7You have §310,595 §7materials stashed away!
06:54:59 [STASH_COMPACT] §f              §8(This totals 2 types of materials stashed!)
06:54:59 [STASH_COMPACT] §f                §3§l>>> §3§lCLICK HERE§b to pick them up! §3§l<<<
06:54:59 [EMPTY]   
06:55:01 [SKYMALL] §bNew day! §r§eYour §r§2Sky Mall §r§ebuff changed!
06:55:01 [SKYMALL] §eNew buff§r§r§r: §r§fGain §r§a+15% §r§fmore Powder while mining.
06:55:01 [SKYMALL] §8§oYou can disable this messaging by toggling Sky Mall in your /hotm!
06:56:00 [EMPTY]  
06:56:00 [STASH_COMPACT] §f               §7You have §310,595 §7materials stashed away!
06:56:00 [STASH_COMPACT] §f              §8(This totals 2 types of materials stashed!)
06:56:00 [STASH_COMPACT] §f                §3§l>>> §3§lCLICK HERE§b to pick them up! §3§l<<<
06:56:00 [EMPTY]   
06:56:02 [EMPTY] 
06:56:02 [EMPTY] 
06:57:00 [EMPTY]  
06:57:01 [STASH_COMPACT] §f               §7You have §310,595 §7materials stashed away!
06:57:01 [STASH_COMPACT] §f              §8(This totals 2 types of materials stashed!)
06:57:01 [STASH_COMPACT] §f                §3§l>>> §3§lCLICK HERE§b to pick them up! §3§l<<<
06:57:01 [EMPTY]   
06:58:01 [EMPTY]  
06:58:01 [STASH_COMPACT] §f               §7You have §310,595 §7materials stashed away!
06:58:01 [STASH_COMPACT] §f              §8(This totals 2 types of materials stashed!)
06:58:01 [STASH_COMPACT] §f                §3§l>>> §3§lCLICK HERE§b to pick them up! §3§l<<<
06:58:01 [EMPTY]   
06:59:02 [EMPTY]  
06:59:02 [STASH_COMPACT] §f               §7You have §310,595 §7materials stashed away!
06:59:02 [STASH_COMPACT] §f              §8(This totals 2 types of materials stashed!)
06:59:02 [STASH_COMPACT] §f                §3§l>>> §3§lCLICK HERE§b to pick them up! §3§l<<<
06:59:02 [EMPTY]   
07:00:03 [EMPTY]  
07:00:03 [STASH_COMPACT] §f               §7You have §310,595 §7materials stashed away!
07:00:03 [STASH_COMPACT] §f              §8(This totals 2 types of materials stashed!)
07:00:03 [STASH_COMPACT] §f                §3§l>>> §3§lCLICK HERE§b to pick them up! §3§l<<<
07:00:03 [EMPTY]   
07:00:22 [EMPTY] §f
07:00:22 [EMPTY] §c
07:01:04 [EMPTY]  
07:01:04 [STASH_COMPACT] §f               §7You have §310,595 §7materials stashed away!
07:01:04 [STASH_COMPACT] §f              §8(This totals 2 types of materials stashed!)
07:01:04 [STASH_COMPACT] §f                §3§l>>> §3§lCLICK HERE§b to pick them up! §3§l<<<
07:01:04 [EMPTY]   
07:01:59 [EMPTY] §8 §r§8 §r§1 §r§3 §r§3 §r§7 §r§8 
07:02:03 [EMPTY]  
07:02:03 [STASH_COMPACT] §f               §7You have §310,595 §7materials stashed away!
07:02:03 [STASH_COMPACT] §f              §8(This totals 2 types of materials stashed!)
07:02:03 [STASH_COMPACT] §f                §3§l>>> §3§lCLICK HERE§b to pick them up! §3§l<<<
07:02:03 [EMPTY]   
07:02:04 [EMPTY]  
07:02:04 [STASH_COMPACT] §f               §7You have §310,595 §7materials stashed away!
07:02:04 [STASH_COMPACT] §f              §8(This totals 2 types of materials stashed!)
07:02:04 [STASH_COMPACT] §f                §3§l>>> §3§lCLICK HERE§b to pick them up! §3§l<<<
07:02:04 [EMPTY]   
07:03:04 [EMPTY]  
07:03:04 [STASH_COMPACT] §f               §7You have §310,595 §7materials stashed away!
07:03:04 [STASH_COMPACT] §f              §8(This totals 2 types of materials stashed!)
07:03:04 [STASH_COMPACT] §f                §3§l>>> §3§lCLICK HERE§b to pick them up! §3§l<<<
07:03:04 [EMPTY]   
07:04:04 [EMPTY]  
07:04:04 [STASH_COMPACT] §f               §7You have §310,595 §7materials stashed away!
07:04:04 [STASH_COMPACT] §f              §8(This totals 2 types of materials stashed!)
07:04:04 [STASH_COMPACT] §f                §3§l>>> §3§lCLICK HERE§b to pick them up! §3§l<<<
07:04:04 [EMPTY]   
07:05:04 [EMPTY]  
07:05:04 [STASH_COMPACT] §f               §7You have §310,595 §7materials stashed away!
07:05:04 [STASH_COMPACT] §f              §8(This totals 2 types of materials stashed!)
07:05:04 [STASH_COMPACT] §f                §3§l>>> §3§lCLICK HERE§b to pick them up! §3§l<<<
07:05:04 [EMPTY]   
07:06:04 [EMPTY]  
07:06:04 [STASH_COMPACT] §f               §7You have §310,595 §7materials stashed away!
07:06:04 [STASH_COMPACT] §f              §8(This totals 2 types of materials stashed!)
07:06:04 [STASH_COMPACT] §f                §3§l>>> §3§lCLICK HERE§b to pick them up! §3§l<<<
07:06:04 [EMPTY]   
07:07:05 [EMPTY]  
07:07:05 [STASH_COMPACT] §f               §7You have §310,595 §7materials stashed away!
07:07:05 [STASH_COMPACT] §f              §8(This totals 2 types of materials stashed!)
07:07:05 [STASH_COMPACT] §f                §3§l>>> §3§lCLICK HERE§b to pick them up! §3§l<<<
07:07:05 [EMPTY]   
07:08:05 [EMPTY]  
07:08:05 [STASH_COMPACT] §f               §7You have §310,595 §7materials stashed away!
07:08:05 [STASH_COMPACT] §f              §8(This totals 2 types of materials stashed!)
07:08:05 [STASH_COMPACT] §f                §3§l>>> §3§lCLICK HERE§b to pick them up! §3§l<<<
07:08:05 [EMPTY]   
07:09:05 [EMPTY]  
07:09:05 [STASH_COMPACT] §f               §7You have §310,595 §7materials stashed away!
07:09:05 [STASH_COMPACT] §f              §8(This totals 2 types of materials stashed!)
07:09:05 [STASH_COMPACT] §f                §3§l>>> §3§lCLICK HERE§b to pick them up! §3§l<<<
07:09:05 [EMPTY]   
07:10:05 [EMPTY]  
07:10:05 [STASH_COMPACT] §f               §7You have §310,595 §7materials stashed away!
07:10:05 [STASH_COMPACT] §f              §8(This totals 2 types of materials stashed!)
07:10:05 [STASH_COMPACT] §f                §3§l>>> §3§lCLICK HERE§b to pick them up! §3§l<<<
07:10:05 [EMPTY]   
07:11:05 [EMPTY]  
07:11:05 [STASH_COMPACT] §f               §7You have §310,595 §7materials stashed away!
07:11:05 [STASH_COMPACT] §f              §8(This totals 2 types of materials stashed!)
07:11:05 [STASH_COMPACT] §f                §3§l>>> §3§lCLICK HERE§b to pick them up! §3§l<<<
07:11:05 [EMPTY]   
07:12:05 [EMPTY]  
07:12:05 [STASH_COMPACT] §f               §7You have §310,595 §7materials stashed away!
07:12:05 [STASH_COMPACT] §f              §8(This totals 2 types of materials stashed!)
07:12:05 [STASH_COMPACT] §f                §3§l>>> §3§lCLICK HERE§b to pick them up! §3§l<<<
07:12:05 [EMPTY]   
07:13:05 [EMPTY]  
07:13:05 [STASH_COMPACT] §f               §7You have §310,595 §7materials stashed away!
07:13:05 [STASH_COMPACT] §f              §8(This totals 2 types of materials stashed!)
07:13:05 [STASH_COMPACT] §f                §3§l>>> §3§lCLICK HERE§b to pick them up! §3§l<<<
07:13:05 [EMPTY]   
07:14:05 [EMPTY]  
07:14:05 [STASH_COMPACT] §f               §7You have §310,595 §7materials stashed away!
07:14:05 [STASH_COMPACT] §f              §8(This totals 2 types of materials stashed!)
07:14:05 [STASH_COMPACT] §f                §3§l>>> §3§lCLICK HERE§b to pick them up! §3§l<<<
07:14:05 [EMPTY]   
07:15:01 [SKYMALL] §bNew day! §r§eYour §r§2Sky Mall §r§ebuff changed!
07:15:01 [SKYMALL] §eNew buff§r§r§r: §r§f§r§a10x §r§fchance to find Golden and Diamond Goblins.
07:15:01 [SKYMALL] §8§oYou can disable this messaging by toggling Sky Mall in your /hotm!
07:15:05 [EMPTY]  
07:15:05 [STASH_COMPACT] §f               §7You have §310,595 §7materials stashed away!
07:15:05 [STASH_COMPACT] §f              §8(This totals 2 types of materials stashed!)
07:15:05 [STASH_COMPACT] §f                §3§l>>> §3§lCLICK HERE§b to pick them up! §3§l<<<
07:15:05 [EMPTY]   
07:16:05 [EMPTY]  
07:16:05 [STASH_COMPACT] §f               §7You have §310,595 §7materials stashed away!
07:16:05 [STASH_COMPACT] §f              §8(This totals 2 types of materials stashed!)
07:16:05 [STASH_COMPACT] §f                §3§l>>> §3§lCLICK HERE§b to pick them up! §3§l<<<
07:16:05 [EMPTY]   
07:17:05 [EMPTY]  
07:17:05 [STASH_COMPACT] §f               §7You have §310,595 §7materials stashed away!
07:17:05 [STASH_COMPACT] §f              §8(This totals 2 types of materials stashed!)
07:17:05 [STASH_COMPACT] §f                §3§l>>> §3§lCLICK HERE§b to pick them up! §3§l<<<
07:17:05 [EMPTY]   
07:18:06 [EMPTY]  
07:18:06 [STASH_COMPACT] §f               §7You have §310,595 §7materials stashed away!
07:18:06 [STASH_COMPACT] §f              §8(This totals 2 types of materials stashed!)
07:18:06 [STASH_COMPACT] §f                §3§l>>> §3§lCLICK HERE§b to pick them up! §3§l<<<
07:18:06 [EMPTY]   
07:19:06 [EMPTY]  
07:19:06 [STASH_COMPACT] §f               §7You have §310,595 §7materials stashed away!
07:19:06 [STASH_COMPACT] §f              §8(This totals 2 types of materials stashed!)
07:19:06 [STASH_COMPACT] §f                §3§l>>> §3§lCLICK HERE§b to pick them up! §3§l<<<
07:19:06 [EMPTY]   
07:20:06 [EMPTY]  
07:20:06 [STASH_COMPACT] §f               §7You have §310,595 §7materials stashed away!
07:20:06 [STASH_COMPACT] §f              §8(This totals 2 types of materials stashed!)
07:20:06 [STASH_COMPACT] §f                §3§l>>> §3§lCLICK HERE§b to pick them up! §3§l<<<
07:20:06 [EMPTY]   
07:21:06 [EMPTY]  
07:21:06 [STASH_COMPACT] §f               §7You have §310,595 §7materials stashed away!
07:21:06 [STASH_COMPACT] §f              §8(This totals 2 types of materials stashed!)
07:21:06 [STASH_COMPACT] §f                §3§l>>> §3§lCLICK HERE§b to pick them up! §3§l<<<
07:21:06 [EMPTY]   
07:22:06 [EMPTY]  
07:22:06 [STASH_COMPACT] §f               §7You have §310,595 §7materials stashed away!
07:22:06 [STASH_COMPACT] §f              §8(This totals 2 types of materials stashed!)
07:22:06 [STASH_COMPACT] §f                §3§l>>> §3§lCLICK HERE§b to pick them up! §3§l<<<
07:22:06 [EMPTY]   
07:23:06 [EMPTY]  
07:23:06 [STASH_COMPACT] §f               §7You have §310,595 §7materials stashed away!
07:23:06 [STASH_COMPACT] §f              §8(This totals 2 types of materials stashed!)
07:23:06 [STASH_COMPACT] §f                §3§l>>> §3§lCLICK HERE§b to pick them up! §3§l<<<
07:23:06 [EMPTY]   
07:24:06 [EMPTY]  
07:24:06 [STASH_COMPACT] §f               §7You have §310,595 §7materials stashed away!
07:24:06 [STASH_COMPACT] §f              §8(This totals 2 types of materials stashed!)
07:24:06 [STASH_COMPACT] §f                §3§l>>> §3§lCLICK HERE§b to pick them up! §3§l<<<
07:24:06 [EMPTY]   
07:25:06 [EMPTY]  
07:25:06 [STASH_COMPACT] §f               §7You have §310,595 §7materials stashed away!
07:25:06 [STASH_COMPACT] §f              §8(This totals 2 types of materials stashed!)
07:25:06 [STASH_COMPACT] §f                §3§l>>> §3§lCLICK HERE§b to pick them up! §3§l<<<
07:25:06 [EMPTY]   
07:26:07 [EMPTY]  
07:26:07 [STASH_COMPACT] §f               §7You have §310,595 §7materials stashed away!
07:26:07 [STASH_COMPACT] §f              §8(This totals 2 types of materials stashed!)
07:26:07 [STASH_COMPACT] §f                §3§l>>> §3§lCLICK HERE§b to pick them up! §3§l<<<
07:26:07 [EMPTY]   
07:27:07 [EMPTY]  
07:27:07 [STASH_COMPACT] §f               §7You have §310,595 §7materials stashed away!
07:27:07 [STASH_COMPACT] §f              §8(This totals 2 types of materials stashed!)
07:27:07 [STASH_COMPACT] §f                §3§l>>> §3§lCLICK HERE§b to pick them up! §3§l<<<
07:27:07 [EMPTY]   
07:28:07 [EMPTY]  
07:28:07 [STASH_COMPACT] §f               §7You have §310,595 §7materials stashed away!
07:28:07 [STASH_COMPACT] §f              §8(This totals 2 types of materials stashed!)
07:28:07 [STASH_COMPACT] §f                §3§l>>> §3§lCLICK HERE§b to pick them up! §3§l<<<
07:28:07 [EMPTY]   
07:29:07 [EMPTY]  
07:29:07 [STASH_COMPACT] §f               §7You have §310,595 §7materials stashed away!
07:29:07 [STASH_COMPACT] §f              §8(This totals 2 types of materials stashed!)
07:29:07 [STASH_COMPACT] §f                §3§l>>> §3§lCLICK HERE§b to pick them up! §3§l<<<
07:29:07 [EMPTY]   
07:30:07 [EMPTY]  
07:30:07 [STASH_COMPACT] §f               §7You have §310,595 §7materials stashed away!
07:30:07 [STASH_COMPACT] §f              §8(This totals 2 types of materials stashed!)
07:30:07 [STASH_COMPACT] §f                §3§l>>> §3§lCLICK HERE§b to pick them up! §3§l<<<
07:30:07 [EMPTY]   
07:31:07 [EMPTY]  
07:31:07 [STASH_COMPACT] §f               §7You have §310,595 §7materials stashed away!
07:31:07 [STASH_COMPACT] §f              §8(This totals 2 types of materials stashed!)
07:31:07 [STASH_COMPACT] §f                §3§l>>> §3§lCLICK HERE§b to pick them up! §3§l<<<
07:31:07 [EMPTY]   
07:32:07 [EMPTY]  
07:32:07 [STASH_COMPACT] §f               §7You have §310,595 §7materials stashed away!
07:32:07 [STASH_COMPACT] §f              §8(This totals 2 types of materials stashed!)
07:32:07 [STASH_COMPACT] §f                §3§l>>> §3§lCLICK HERE§b to pick them up! §3§l<<<
07:32:07 [EMPTY]   
07:33:07 [EMPTY]  
07:33:07 [STASH_COMPACT] §f               §7You have §310,595 §7materials stashed away!
07:33:07 [STASH_COMPACT] §f              §8(This totals 2 types of materials stashed!)
07:33:07 [STASH_COMPACT] §f                §3§l>>> §3§lCLICK HERE§b to pick them up! §3§l<<<
07:33:07 [EMPTY]   
07:34:07 [EMPTY]  
07:34:07 [STASH_COMPACT] §f               §7You have §310,595 §7materials stashed away!
07:34:07 [STASH_COMPACT] §f              §8(This totals 2 types of materials stashed!)
07:34:07 [STASH_COMPACT] §f                §3§l>>> §3§lCLICK HERE§b to pick them up! §3§l<<<
07:34:07 [EMPTY]   
07:35:00 [SKYMALL] §bNew day! §r§eYour §r§2Sky Mall §r§ebuff changed!
07:35:00 [SKYMALL] §eNew buff§r§r§r: §r§f§r§a10x §r§fchance to find Golden and Diamond Goblins.
07:35:00 [SKYMALL] §8§oYou can disable this messaging by toggling Sky Mall in your /hotm!
07:35:08 [EMPTY]  
07:35:08 [STASH_COMPACT] §f               §7You have §310,595 §7materials stashed away!
07:35:08 [STASH_COMPACT] §f              §8(This totals 2 types of materials stashed!)
07:35:08 [STASH_COMPACT] §f                §3§l>>> §3§lCLICK HERE§b to pick them up! §3§l<<<
07:35:08 [EMPTY]   
07:36:08 [EMPTY]  
07:36:08 [STASH_COMPACT] §f               §7You have §310,595 §7materials stashed away!
07:36:08 [STASH_COMPACT] §f              §8(This totals 2 types of materials stashed!)
07:36:08 [STASH_COMPACT] §f                §3§l>>> §3§lCLICK HERE§b to pick them up! §3§l<<<
07:36:08 [EMPTY]   
07:37:08 [EMPTY]  
07:37:08 [STASH_COMPACT] §f               §7You have §310,595 §7materials stashed away!
07:37:08 [STASH_COMPACT] §f              §8(This totals 2 types of materials stashed!)
07:37:08 [STASH_COMPACT] §f                §3§l>>> §3§lCLICK HERE§b to pick them up! §3§l<<<
07:37:08 [EMPTY]   
07:38:08 [EMPTY]  
07:38:08 [STASH_COMPACT] §f               §7You have §310,595 §7materials stashed away!
07:38:08 [STASH_COMPACT] §f              §8(This totals 2 types of materials stashed!)
07:38:08 [STASH_COMPACT] §f                §3§l>>> §3§lCLICK HERE§b to pick them up! §3§l<<<
07:38:08 [EMPTY]   
07:39:09 [EMPTY]  
07:39:09 [STASH_COMPACT] §f               §7You have §310,595 §7materials stashed away!
07:39:09 [STASH_COMPACT] §f              §8(This totals 2 types of materials stashed!)
07:39:09 [STASH_COMPACT] §f                §3§l>>> §3§lCLICK HERE§b to pick them up! §3§l<<<
07:39:09 [EMPTY]   
07:40:09 [EMPTY]  
07:40:09 [STASH_COMPACT] §f               §7You have §310,595 §7materials stashed away!
07:40:09 [STASH_COMPACT] §f              §8(This totals 2 types of materials stashed!)
07:40:09 [STASH_COMPACT] §f                §3§l>>> §3§lCLICK HERE§b to pick them up! §3§l<<<
07:40:09 [EMPTY]   
07:41:09 [EMPTY]  
07:41:09 [STASH_COMPACT] §f               §7You have §310,595 §7materials stashed away!
07:41:09 [STASH_COMPACT] §f              §8(This totals 2 types of materials stashed!)
07:41:09 [STASH_COMPACT] §f                §3§l>>> §3§lCLICK HERE§b to pick them up! §3§l<<<
07:41:09 [EMPTY]   
07:42:09 [EMPTY]  
07:42:09 [STASH_COMPACT] §f               §7You have §310,595 §7materials stashed away!
07:42:09 [STASH_COMPACT] §f              §8(This totals 2 types of materials stashed!)
07:42:09 [STASH_COMPACT] §f                §3§l>>> §3§lCLICK HERE§b to pick them up! §3§l<<<
07:42:09 [EMPTY]   
07:43:09 [EMPTY]  
07:43:09 [STASH_COMPACT] §f               §7You have §310,595 §7materials stashed away!
07:43:09 [STASH_COMPACT] §f              §8(This totals 2 types of materials stashed!)
07:43:09 [STASH_COMPACT] §f                §3§l>>> §3§lCLICK HERE§b to pick them up! §3§l<<<
07:43:09 [EMPTY]   
07:44:09 [EMPTY]  
07:44:09 [STASH_COMPACT] §f               §7You have §310,595 §7materials stashed away!
07:44:09 [STASH_COMPACT] §f              §8(This totals 2 types of materials stashed!)
07:44:09 [STASH_COMPACT] §f                §3§l>>> §3§lCLICK HERE§b to pick them up! §3§l<<<
07:44:09 [EMPTY]   
07:45:09 [EMPTY]  
07:45:09 [STASH_COMPACT] §f               §7You have §310,595 §7materials stashed away!
07:45:09 [STASH_COMPACT] §f              §8(This totals 2 types of materials stashed!)
07:45:09 [STASH_COMPACT] §f                §3§l>>> §3§lCLICK HERE§b to pick them up! §3§l<<<
07:45:09 [EMPTY]   
07:46:10 [EMPTY]  
07:46:10 [STASH_COMPACT] §f               §7You have §310,595 §7materials stashed away!
07:46:10 [STASH_COMPACT] §f              §8(This totals 2 types of materials stashed!)
07:46:10 [STASH_COMPACT] §f                §3§l>>> §3§lCLICK HERE§b to pick them up! §3§l<<<
07:46:10 [EMPTY]   
07:47:10 [EMPTY]  
07:47:10 [STASH_COMPACT] §f               §7You have §310,595 §7materials stashed away!
07:47:10 [STASH_COMPACT] §f              §8(This totals 2 types of materials stashed!)
07:47:10 [STASH_COMPACT] §f                §3§l>>> §3§lCLICK HERE§b to pick them up! §3§l<<<
07:47:10 [EMPTY]   
07:48:10 [EMPTY]  
07:48:10 [STASH_COMPACT] §f               §7You have §310,595 §7materials stashed away!
07:48:10 [STASH_COMPACT] §f              §8(This totals 2 types of materials stashed!)
07:48:10 [STASH_COMPACT] §f                §3§l>>> §3§lCLICK HERE§b to pick them up! §3§l<<<
07:48:10 [EMPTY]   
07:49:10 [EMPTY]  
07:49:10 [STASH_COMPACT] §f               §7You have §310,595 §7materials stashed away!
07:49:10 [STASH_COMPACT] §f              §8(This totals 2 types of materials stashed!)
07:49:10 [STASH_COMPACT] §f                §3§l>>> §3§lCLICK HERE§b to pick them up! §3§l<<<
07:49:10 [EMPTY]   
07:50:10 [EMPTY]  
07:50:10 [STASH_COMPACT] §f               §7You have §310,595 §7materials stashed away!
07:50:10 [STASH_COMPACT] §f              §8(This totals 2 types of materials stashed!)
07:50:10 [STASH_COMPACT] §f                §3§l>>> §3§lCLICK HERE§b to pick them up! §3§l<<<
07:50:10 [EMPTY]   
07:51:10 [EMPTY]  
07:51:10 [STASH_COMPACT] §f               §7You have §310,595 §7materials stashed away!
07:51:10 [STASH_COMPACT] §f              §8(This totals 2 types of materials stashed!)
07:51:10 [STASH_COMPACT] §f                §3§l>>> §3§lCLICK HERE§b to pick them up! §3§l<<<
07:51:10 [EMPTY]   
07:52:10 [EMPTY]  
07:52:10 [STASH_COMPACT] §f               §7You have §310,595 §7materials stashed away!
07:52:10 [STASH_COMPACT] §f              §8(This totals 2 types of materials stashed!)
07:52:10 [STASH_COMPACT] §f                §3§l>>> §3§lCLICK HERE§b to pick them up! §3§l<<<
07:52:10 [EMPTY]   
07:53:10 [EMPTY]  
07:53:10 [STASH_COMPACT] §f               §7You have §310,595 §7materials stashed away!
07:53:10 [STASH_COMPACT] §f              §8(This totals 2 types of materials stashed!)
07:53:10 [STASH_COMPACT] §f                §3§l>>> §3§lCLICK HERE§b to pick them up! §3§l<<<
07:53:10 [EMPTY]   
07:54:11 [EMPTY]  
07:54:11 [STASH_COMPACT] §f               §7You have §310,595 §7materials stashed away!
07:54:11 [STASH_COMPACT] §f              §8(This totals 2 types of materials stashed!)
07:54:11 [STASH_COMPACT] §f                §3§l>>> §3§lCLICK HERE§b to pick them up! §3§l<<<
07:54:11 [EMPTY]   
07:55:00 [SKYMALL] §bNew day! §r§eYour §r§2Sky Mall §r§ebuff changed!
07:55:00 [SKYMALL] §eNew buff§r§r§r: §r§fGain §r§a+15% §r§fmore Powder while mining.
07:55:00 [SKYMALL] §8§oYou can disable this messaging by toggling Sky Mall in your /hotm!
07:55:11 [EMPTY]  
07:55:11 [STASH_COMPACT] §f               §7You have §310,595 §7materials stashed away!
07:55:11 [STASH_COMPACT] §f              §8(This totals 2 types of materials stashed!)
07:55:11 [STASH_COMPACT] §f                §3§l>>> §3§lCLICK HERE§b to pick them up! §3§l<<<
07:55:11 [EMPTY]   
07:56:11 [EMPTY]  
07:56:11 [STASH_COMPACT] §f               §7You have §310,595 §7materials stashed away!
07:56:11 [STASH_COMPACT] §f              §8(This totals 2 types of materials stashed!)
07:56:11 [STASH_COMPACT] §f                §3§l>>> §3§lCLICK HERE§b to pick them up! §3§l<<<
07:56:11 [EMPTY]   
07:57:11 [EMPTY]  
07:57:11 [STASH_COMPACT] §f               §7You have §310,595 §7materials stashed away!
07:57:11 [STASH_COMPACT] §f              §8(This totals 2 types of materials stashed!)
07:57:11 [STASH_COMPACT] §f                §3§l>>> §3§lCLICK HERE§b to pick them up! §3§l<<<
07:57:11 [EMPTY]   
07:58:11 [EMPTY]  
07:58:11 [STASH_COMPACT] §f               §7You have §310,595 §7materials stashed away!
07:58:11 [STASH_COMPACT] §f              §8(This totals 2 types of materials stashed!)
07:58:11 [STASH_COMPACT] §f                §3§l>>> §3§lCLICK HERE§b to pick them up! §3§l<<<
07:58:11 [EMPTY]   
07:59:11 [EMPTY]  
07:59:11 [STASH_COMPACT] §f               §7You have §310,595 §7materials stashed away!
07:59:11 [STASH_COMPACT] §f              §8(This totals 2 types of materials stashed!)
07:59:11 [STASH_COMPACT] §f                §3§l>>> §3§lCLICK HERE§b to pick them up! §3§l<<<
07:59:11 [EMPTY]   
