15:35:35 §e[SkyHanni] §eYou have §66 §eitems in stash. §eClick to §6pickup §eyour stash!§r
15:35:35 §e[SkyHanni] §bYou have §3165k §bmaterials in stash, §btotalling §327 types§b. §bClick to §3pickup §byour stash!§r
15:35:48 §e[SkyHanni] §eYou have §66 §eitems in stash. §eClick to §6pickup §eyour stash!§r
15:35:48 §e[SkyHanni] §bYou have §3165k §bmaterials in stash, §btotalling §327 types§b. §bClick to §3pickup §byour stash!§r
15:36:49 §e[SkyHanni] §eYou have §66 §eitems in stash. §eClick to §6pickup §eyour stash!§r
15:36:49 §e[SkyHanni] §bYou have §3165k §bmaterials in stash, §btotalling §327 types§b. §bClick to §3pickup §byour stash!§r
15:37:13 §e[SkyHanni] §eYou have §66 §eitems in stash. §eClick to §6pickup §eyour stash!§r
15:37:13 §e[SkyHanni] §bYou have §3165k §bmaterials in stash, §btotalling §327 types§b. §bClick to §3pickup §byour stash!§r
15:37:13 §e[SkyHanni] §eYou have §66 §eitems in stash. §eClick to §6pickup §eyour stash!§r
15:37:13 §e[SkyHanni] §bYou have §3165k §bmaterials in stash, §btotalling §327 types§b. §bClick to §3pickup §byour stash!§r
15:38:14 §e[SkyHanni] §eYou have §66 §eitems in stash. §eClick to §6pickup §eyour stash!§r
15:38:14 §e[SkyHanni] §bYou have §3165k §bmaterials in stash, §btotalling §327 types§b. §bClick to §3pickup §byour stash!§r
15:39:14 §e[SkyHanni] §eYou have §66 §eitems in stash. §eClick to §6pickup §eyour stash!§r
15:39:14 §e[SkyHanni] §bYou have §3165k §bmaterials in stash, §btotalling §327 types§b. §bClick to §3pickup §byour stash!§r
15:40:14 §e[SkyHanni] §eYou have §66 §eitems in stash. §eClick to §6pickup §eyour stash!§r
15:40:14 §e[SkyHanni] §bYou have §3165k §bmaterials in stash, §btotalling §327 types§b. §bClick to §3pickup §byour stash!§r
15:40:18 §e[SkyHanni] §eYou have §66 §eitems in stash. §eClick to §6pickup §eyour stash!§r
15:40:18 §e[SkyHanni] §bYou have §3165k §bmaterials in stash, §btotalling §327 types§b. §bClick to §3pickup §byour stash!§r
15:40:41 §e[SkyHanni] §eYou have §66 §eitems in stash. §eClick to §6pickup §eyour stash!§r
15:40:41 §e[SkyHanni] §bYou have §3165k §bmaterials in stash, §btotalling §327 types§b. §bClick to §3pickup §byour stash!§r
15:41:42 §e[SkyHanni] §eYou have §66 §eitems in stash. §eClick to §6pickup §eyour stash!§r
15:41:42 §e[SkyHanni] §bYou have §3165k §bmaterials in stash, §btotalling §327 types§b. §bClick to §3pickup §byour stash!§r
15:42:25 §e[SkyHanni] §eYou have §66 §eitems in stash. §eClick to §6pickup §eyour stash!§r
15:42:25 §e[SkyHanni] §bYou have §3165k §bmaterials in stash, §btotalling §327 types§b. §bClick to §3pickup §byour stash!§r
15:43:15 §e[SkyHanni] §eYou have §66 §eitems in stash. §eClick to §6pickup §eyour stash!§r
15:43:15 §e[SkyHanni] §bYou have §3165k §bmaterials in stash, §btotalling §327 types§b. §bClick to §3pickup §byour stash!§r
15:44:18 §e[SkyHanni] §eYou have §66 §eitems in stash. §eClick to §6pickup §eyour stash!§r
15:44:18 §e[SkyHanni] §bYou have §3165k §bmaterials in stash, §btotalling §327 types§b. §bClick to §3pickup §byour stash!§r
15:44:19 §e[SkyHanni] §eYou have §66 §eitems in stash. §eClick to §6pickup §eyour stash!§r
15:44:19 §e[SkyHanni] §bYou have §3165k §bmaterials in stash, §btotalling §327 types§b. §bClick to §3pickup §byour stash!§r
15:45:10 §e[SkyHanni] §eYou have §66 §eitems in stash. §eClick to §6pickup §eyour stash!§r
15:45:10 §e[SkyHanni] §bYou have §3165k §bmaterials in stash, §btotalling §327 types§b. §bClick to §3pickup §byour stash!§r
15:45:15 §e[SkyHanni] §eYou have §66 §eitems in stash. §eClick to §6pickup §eyour stash!§r
15:45:15 §e[SkyHanni] §bYou have §3165k §bmaterials in stash, §btotalling §327 types§b. §bClick to §3pickup §byour stash!§r
15:46:15 §e[SkyHanni] §eYou have §66 §eitems in stash. §eClick to §6pickup §eyour stash!§r
15:46:15 §e[SkyHanni] §bYou have §3165k §bmaterials in stash, §btotalling §327 types§b. §bClick to §3pickup §byour stash!§r
15:47:15 §e[SkyHanni] §bYou have §3155k §bmaterials in stash, §btotalling §320 types§b. §bClick to §3pickup §byour stash!§r
16:01:45 §e[SkyHanni] §b+11 SkyBlock XP §7(HOTM Progression§7)§b (3/100)§r
16:01:46 §e[SkyHanni] §b+14 SkyBlock XP §7(HOTM Progression§7)§b (3/100)§r
16:02:07 §e[SkyHanni] §b+6 SkyBlock XP §7(HOTM Progression§7)§b (3/100)§r
16:02:13 §e[SkyHanni] §b+1 SkyBlock XP §7(HOTM Progression§7)§b (3/100)§r
16:03:03 §e[SkyHanni] §b+5 SkyBlock XP §7(HOTM Progression§7)§b (3/100)§r
16:03:06 §e[SkyHanni] §b+14 SkyBlock XP §7(HOTM Progression§7)§b (2/100)§r
16:03:09 §e[SkyHanni] §b+11 SkyBlock XP §7(HOTM Progression§7)§b (3/100)§r
16:03:12 §e[SkyHanni] §b+3 SkyBlock XP §7(HOTM Progression§7)§b (3/100)§r
16:03:18 §e[SkyHanni] §b+4 SkyBlock XP §7(HOTM Progression§7)§b (3/100)§r
16:03:22 §e[SkyHanni] §b+1 SkyBlock XP §7(HOTM Progression§7)§b (3/100)§r
16:03:38 §e[SkyHanni] §b+2 SkyBlock XP §7(HOTM Progression§7)§b (95/100)§r
16:03:41 §e[SkyHanni] §b+6 SkyBlock XP §7(HOTM Progression§7)§b (1/100)§r
16:03:43 §e[SkyHanni] §b+2 SkyBlock XP §7(HOTM Progression§7)§b (3/100)§r
16:06:27 §e[SkyHanni] You have gained §b518 §eBits.§r
16:06:53 §e[SkyHanni] You have gained §b10 §eBits.§r
16:07:19 §e[SkyHanni] You have gained §b10 §eBits.§r
16:07:30 §e[SkyHanni] You have gained §b10 §eBits.§r
16:08:00 §e[SkyHanni] You have gained §b10 §eBits.§r
16:08:32 §e[SkyHanni] You have gained §b10 §eBits.§r
16:08:41 §e[SkyHanni] You have gained §b10 §eBits.§r
16:09:19 §e[SkyHanni] You have gained §b20 §eBits.§r
16:10:03 §e[SkyHanni] You have gained §b20 §eBits.§r
16:10:43 §e[SkyHanni] You have gained §b10 §eBits.§r
16:10:59 §e[SkyHanni] You have gained §b10 §eBits.§r
16:11:08 §e[SkyHanni] You have gained §b10 §eBits.§r
16:11:51 §e[SkyHanni] Profit for §9Lapis Corpse§e: §629k§r
16:11:55 §e[SkyHanni] Profit for §9Lapis Corpse§e: §625k§r
16:12:57 §e[SkyHanni] Profit for §9Lapis Corpse§e: §641k§r
16:12:58 §e[SkyHanni] §b+1 SkyBlock XP §7(HOTM Progression§7)§b (4/100)§r
16:13:17 §e[SkyHanni] You have gained §b20 §eBits.§r
16:13:18 §e[SkyHanni] You have gained §b10 §eBits.§r
16:13:44 §e[SkyHanni] You have gained §b20 §eBits.§r
16:13:54 §e[SkyHanni] You have gained §b10 §eBits.§r
16:14:11 §e[SkyHanni] You have gained §b10 §eBits.§r
16:14:12 §e[SkyHanni] You have gained §b10 §eBits.§r
16:15:04 §6§lBESTIARY §r§b§lGlacite Caver §7§8XIV §8➡§b §bXV§r
16:15:14 §e[SkyHanni] Profit for §9Lapis Corpse§e: §646k§r
16:15:27 §e[SkyHanni] You have gained §b30 §eBits.§r
16:17:55 §e[SkyHanni] You have gained §b10 §eBits.§r
16:18:19 §e[SkyHanni] You have gained §b10 §eBits.§r
16:18:31 §e[SkyHanni] You have gained §b10 §eBits.§r
16:19:03 §e[SkyHanni] You have gained §b10 §eBits.§r
16:19:20 §e[SkyHanni] §bYou have §3156k §bmaterials in stash, §btotalling §320 types§b. §bClick to §3pickup §byour stash!§r
16:19:25 §e[SkyHanni] You have gained §b10 §eBits.§r
16:19:48 §e[SkyHanni] You have gained §b10 §eBits.§r
16:20:09 §e[SkyHanni] You have gained §b10 §eBits.§r
16:22:00 §e[SkyHanni] You have gained §b10 §eBits.§r
16:22:20 §e[SkyHanni] You have gained §b10 §eBits.§r
16:22:55 §e[SkyHanni] You have gained §b10 §eBits.§r
16:23:18 §e[SkyHanni] You have gained §b10 §eBits.§r
16:23:22 §e[SkyHanni] §bYou have §3157k §bmaterials in stash, §btotalling §320 types§b. §bClick to §3pickup §byour stash!§r
16:23:36 §e[SkyHanni] You have gained §b10 §eBits.§r
16:24:03 §e[SkyHanni] You have gained §b10 §eBits.§r
16:24:13 §e[SkyHanni] You have gained §b10 §eBits.§r
16:24:33 §e[SkyHanni] You have gained §b10 §eBits.§r
16:24:49 §e[SkyHanni] Profit for §9Lapis Corpse§e: §627k§r
16:25:20 §e[SkyHanni] You have gained §b10 §eBits.§r
16:25:22 §e[SkyHanni] You have gained §b10 §eBits.§r
16:25:32 §e[SkyHanni] You have gained §b10 §eBits.§r
16:26:10 §e[SkyHanni] You have gained §b10 §eBits.§r
16:26:11 §e[SkyHanni] You have gained §b20 §eBits.§r
16:26:31 §e[SkyHanni] You have gained §b10 §eBits.§r
16:26:50 §e[SkyHanni] You have gained §b10 §eBits.§r
16:28:38 §e[SkyHanni] You have gained §b10 §eBits.§r
16:29:21 §e[SkyHanni] You have gained §b10 §eBits.§r
16:29:30 §e[SkyHanni] You have gained §b10 §eBits.§r
16:30:06 §e[SkyHanni] You have gained §b10 §eBits.§r
16:30:22 §e[SkyHanni] You have gained §b10 §eBits.§r
16:31:00 §e[SkyHanni] You have gained §b10 §eBits.§r
16:31:22 §e[SkyHanni] You have gained §b10 §eBits.§r
16:32:05 §e[SkyHanni] You have gained §b10 §eBits.§r
16:32:45 §e[SkyHanni] You have gained §b10 §eBits.§r
16:33:09 §e[SkyHanni] You have gained §b20 §eBits.§r
16:33:34 §e[SkyHanni] You have gained §b10 §eBits.§r
16:33:47 §e[SkyHanni] §bYou have §3158k §bmaterials in stash, §btotalling §320 types§b. §bClick to §3pickup §byour stash!§r
16:36:19 §e[SkyHanni] You have gained §b10 §eBits.§r
16:36:20 §e[SkyHanni] You have gained §b10 §eBits.§r
16:36:35 §e[SkyHanni] You have gained §b518 §eBits.§r
16:36:44 §e[SkyHanni] You have gained §b10 §eBits.§r
16:37:09 §e[SkyHanni] You have gained §b10 §eBits.§r
16:37:35 §e[SkyHanni] You have gained §b10 §eBits.§r
16:38:01 §e[SkyHanni] You have gained §b10 §eBits.§r
16:38:12 §e[SkyHanni] You have gained §b10 §eBits.§r
16:38:15 §e[SkyHanni] §bYou have §3159k §bmaterials in stash, §btotalling §320 types§b. §bClick to §3pickup §byour stash!§r
16:38:50 §e[SkyHanni] Profit for §9Lapis Corpse§e: §624k§r
16:40:35 §e[SkyHanni] §bYou have §3160k §bmaterials in stash, §btotalling §320 types§b. §bClick to §3pickup §byour stash!§r
16:40:51 §e[SkyHanni] You have gained §b20 §eBits.§r
16:40:53 §e[SkyHanni] You have gained §b10 §eBits.§r
16:41:17 §e[SkyHanni] You have gained §b20 §eBits.§r
16:41:28 §e[SkyHanni] You have gained §b10 §eBits.§r
16:41:58 §e[SkyHanni] You have gained §b10 §eBits.§r
16:42:13 §e[SkyHanni] You have gained §b10 §eBits.§r
16:42:39 §e[SkyHanni] You have gained §b10 §eBits.§r
16:43:05 §e[SkyHanni] You have gained §b20 §eBits.§r
16:43:30 §e[SkyHanni] You have gained §b10 §eBits.§r
16:43:59 §e[SkyHanni] You have gained §b10 §eBits.§r
16:44:19 §e[SkyHanni] §bYou have §3161k §bmaterials in stash, §btotalling §320 types§b. §bClick to §3pickup §byour stash!§r
16:44:42 §e[SkyHanni] You have gained §b10 §eBits.§r
16:45:01 §e[SkyHanni] You have gained §b10 §eBits.§r
16:45:33 §e[SkyHanni] You have gained §b10 §eBits.§r
16:45:56 §e[SkyHanni] You have gained §b10 §eBits.§r
16:49:03 §e[SkyHanni] You have gained §b40 §eBits.§r
16:49:30 §e[SkyHanni] You have gained §b10 §eBits.§r
16:49:59 §e[SkyHanni] You have gained §b10 §eBits.§r
16:50:20 §e[SkyHanni] You have gained §b10 §eBits.§r
16:50:40 §e[SkyHanni] You have gained §b10 §eBits.§r
16:50:49 §e[SkyHanni] §bYou have §3162k §bmaterials in stash, §btotalling §320 types§b. §bClick to §3pickup §byour stash!§r
16:51:17 §e[SkyHanni] Profit for §9Lapis Corpse§e: §6369k§r
17:06:41 §e[SkyHanni] You have gained §b528 §eBits.§r
18:38:49 §e[SkyHanni] §fYou were in Limbo for §e1h 22m 27s§f.§r
18:39:25 §e[SkyHanni] You have gained §b1,036 §eBits.§r
18:39:48 §e[SkyHanni] §b+82 SkyBlock XP §7(HOTM Progression§7)§b (7/100)§r
18:39:49 §e[SkyHanni] §b+14 SkyBlock XP §7(HOTM Progression§7)§b (7/100)§r
18:40:03 §e[SkyHanni] §b+13 SkyBlock XP §7(HOTM Progression§7)§b (6/100)§r
18:40:04 §e[SkyHanni] §b+6 SkyBlock XP §7(HOTM Progression§7)§b (7/100)§r
18:40:15 §e[SkyHanni] §b+5 SkyBlock XP §7(HOTM Progression§7)§b (7/100)§r
18:40:23 §e[SkyHanni] §b+8 SkyBlock XP §7(HOTM Progression§7)§b (7/100)§r
18:40:33 §e[SkyHanni] §b+2 SkyBlock XP §7(HOTM Progression§7)§b (7/100)§r
18:41:11 §e[SkyHanni] §b+1 SkyBlock XP §7(HOTM Progression§7)§b (7/100)§r
18:42:40 §e[SkyHanni] §bYou have §3162k §bmaterials in stash, §btotalling §320 types§b. §bClick to §3pickup §byour stash!§r
18:43:41 §e[SkyHanni] §bYou have §3166k §bmaterials in stash, §btotalling §320 types§b. §bClick to §3pickup §byour stash!§r
18:44:42 §e[SkyHanni] §bYou have §3168k §bmaterials in stash, §btotalling §320 types§b. §bClick to §3pickup §byour stash!§r
18:45:43 §e[SkyHanni] §bYou have §3169k §bmaterials in stash, §btotalling §320 types§b. §bClick to §3pickup §byour stash!§r
18:46:45 §e[SkyHanni] §bYou have §3170k §bmaterials in stash, §btotalling §320 types§b. §bClick to §3pickup §byour stash!§r
18:47:45 §e[SkyHanni] §bYou have §3172k §bmaterials in stash, §btotalling §320 types§b. §bClick to §3pickup §byour stash!§r
18:48:46 §e[SkyHanni] §bYou have §3175k §bmaterials in stash, §btotalling §320 types§b. §bClick to §3pickup §byour stash!§r
18:49:47 §e[SkyHanni] §bYou have §3181k §bmaterials in stash, §btotalling §320 types§b. §bClick to §3pickup §byour stash!§r
18:50:48 §e[SkyHanni] §bYou have §3187k §bmaterials in stash, §btotalling §320 types§b. §bClick to §3pickup §byour stash!§r
18:51:49 §e[SkyHanni] §bYou have §3190k §bmaterials in stash, §btotalling §320 types§b. §bClick to §3pickup §byour stash!§r
18:54:51 §e[SkyHanni] §bYou have §3193k §bmaterials in stash, §btotalling §320 types§b. §bClick to §3pickup §byour stash!§r
18:55:53 §e[SkyHanni] §bYou have §3198k §bmaterials in stash, §btotalling §320 types§b. §bClick to §3pickup §byour stash!§r
18:56:55 §e[SkyHanni] §bYou have §3199k §bmaterials in stash, §btotalling §320 types§b. §bClick to §3pickup §byour stash!§r
18:57:57 §e[SkyHanni] §bYou have §3199k §bmaterials in stash, §btotalling §320 types§b. §bClick to §3pickup §byour stash!§r
18:58:59 §e[SkyHanni] §bYou have §3202k §bmaterials in stash, §btotalling §320 types§b. §bClick to §3pickup §byour stash!§r
19:02:04 §e[SkyHanni] §bYou have §3203k §bmaterials in stash, §btotalling §320 types§b. §bClick to §3pickup §byour stash!§r
19:03:05 §e[SkyHanni] §bYou have §3203k §bmaterials in stash, §btotalling §320 types§b. §bClick to §3pickup §byour stash!§r
19:05:08 §e[SkyHanni] §bYou have §3203k §bmaterials in stash, §btotalling §320 types§b. §bClick to §3pickup §byour stash!§r
19:06:10 §e[SkyHanni] §bYou have §3203k §bmaterials in stash, §btotalling §320 types§b. §bClick to §3pickup §byour stash!§r
19:07:12 §e[SkyHanni] §bYou have §3203k §bmaterials in stash, §btotalling §320 types§b. §bClick to §3pickup §byour stash!§r
19:09:15 §e[SkyHanni] §bYou have §3204k §bmaterials in stash, §btotalling §320 types§b. §bClick to §3pickup §byour stash!§r
19:09:35 §e[SkyHanni] You have gained §b1,036 §eBits.§r
19:10:16 §e[SkyHanni] §bYou have §3210k §bmaterials in stash, §btotalling §322 types§b. §bClick to §3pickup §byour stash!§r
19:16:26 §e[SkyHanni] §bYou have §3210k §bmaterials in stash, §btotalling §322 types§b. §bClick to §3pickup §byour stash!§r
19:18:32 §e[SkyHanni] §b+1 SkyBlock XP §7(Mining Fiesta§7)§b (11/100)§r
19:20:36 §e[SkyHanni] §bYou have §3210k §bmaterials in stash, §btotalling §322 types§b. §bClick to §3pickup §byour stash!§r
19:21:38 §e[SkyHanni] §bYou have §3210k §bmaterials in stash, §btotalling §322 types§b. §bClick to §3pickup §byour stash!§r
19:22:39 §e[SkyHanni] §bYou have §3210k §bmaterials in stash, §btotalling §322 types§b. §bClick to §3pickup §byour stash!§r
19:23:41 §e[SkyHanni] §bYou have §3211k §bmaterials in stash, §btotalling §322 types§b. §bClick to §3pickup §byour stash!§r
19:26:47 §e[SkyHanni] §bYou have §3214k §bmaterials in stash, §btotalling §322 types§b. §bClick to §3pickup §byour stash!§r
19:27:00 §e[SkyHanni] §b+1 SkyBlock XP §7(Mining Fiesta§7)§b (12/100)§r
19:27:48 §e[SkyHanni] §bYou have §3215k §bmaterials in stash, §btotalling §322 types§b. §bClick to §3pickup §byour stash!§r
19:34:58 §e[SkyHanni] §b+1 SkyBlock XP §7(Mining Fiesta§7)§b (13/100)§r
19:39:07 §e[SkyHanni] §bYou have §3215k §bmaterials in stash, §btotalling §322 types§b. §bClick to §3pickup §byour stash!§r
19:39:49 §e[SkyHanni] You have gained §b518 §eBits.§r
19:43:14 §e[SkyHanni] §b+1 SkyBlock XP §7(Mining Fiesta§7)§b (14/100)§r
19:51:12 §e[SkyHanni] §b+1 SkyBlock XP §7(Mining Fiesta§7)§b (15/100)§r
19:52:27 §e[SkyHanni] §bYou have §3215k §bmaterials in stash, §btotalling §322 types§b. §bClick to §3pickup §byour stash!§r
19:59:27 §e[SkyHanni] §b+1 SkyBlock XP §7(Mining Fiesta§7)§b (16/100)§r
19:59:43 §e[SkyHanni] §bYou have §3215k §bmaterials in stash, §btotalling §322 types§b. §bClick to §3pickup §byour stash!§r
20:01:48 §e[SkyHanni] §bYou have §3228k §bmaterials in stash, §btotalling §322 types§b. §bClick to §3pickup §byour stash!§r
20:02:50 §e[SkyHanni] §bYou have §3245k §bmaterials in stash, §btotalling §322 types§b. §bClick to §3pickup §byour stash!§r
20:03:52 §e[SkyHanni] §bYou have §3263k §bmaterials in stash, §btotalling §322 types§b. §bClick to §3pickup §byour stash!§r
20:04:55 §e[SkyHanni] §bYou have §3278k §bmaterials in stash, §btotalling §322 types§b. §bClick to §3pickup §byour stash!§r
20:05:57 §e[SkyHanni] §bYou have §3296k §bmaterials in stash, §btotalling §322 types§b. §bClick to §3pickup §byour stash!§r
20:06:59 §e[SkyHanni] §bYou have §3308k §bmaterials in stash, §btotalling §322 types§b. §bClick to §3pickup §byour stash!§r
20:07:56 §e[SkyHanni] §b+1 SkyBlock XP §7(Mining Fiesta§7)§b (17/100)§r
20:08:01 §e[SkyHanni] §bYou have §3321k §bmaterials in stash, §btotalling §322 types§b. §bClick to §3pickup §byour stash!§r
20:09:04 §e[SkyHanni] §bYou have §3337k §bmaterials in stash, §btotalling §322 types§b. §bClick to §3pickup §byour stash!§r
20:10:06 §e[SkyHanni] §bYou have §3353k §bmaterials in stash, §btotalling §322 types§b. §bClick to §3pickup §byour stash!§r
20:10:06 §e[SkyHanni] You have gained §b518 §eBits.§r
20:11:08 §e[SkyHanni] §bYou have §3370k §bmaterials in stash, §btotalling §322 types§b. §bClick to §3pickup §byour stash!§r
20:12:11 §e[SkyHanni] §bYou have §3385k §bmaterials in stash, §btotalling §322 types§b. §bClick to §3pickup §byour stash!§r
20:13:13 §e[SkyHanni] §bYou have §3386k §bmaterials in stash, §btotalling §322 types§b. §bClick to §3pickup §byour stash!§r
20:16:38 §e[SkyHanni] §b+1 SkyBlock XP §7(Mining Fiesta§7)§b (18/100)§r
20:26:02 §e[SkyHanni] §b+1 SkyBlock XP §7(Mining Fiesta§7)§b (19/100)§r
20:26:37 §e[SkyHanni] §bYou have §3386k §bmaterials in stash, §btotalling §322 types§b. §bClick to §3pickup §byour stash!§r
20:29:42 §e[SkyHanni] §bYou have §3387k §bmaterials in stash, §btotalling §322 types§b. §bClick to §3pickup §byour stash!§r
20:34:53 §e[SkyHanni] §b+1 SkyBlock XP §7(Mining Fiesta§7)§b (20/100)§r
20:40:20 §e[SkyHanni] You have gained §b518 §eBits.§r
20:43:08 §e[SkyHanni] §b+1 SkyBlock XP §7(Mining Fiesta§7)§b (21/100)§r
20:52:29 §e[SkyHanni] §b+1 SkyBlock XP §7(Mining Fiesta§7)§b (22/100)§r
20:54:22 §e[SkyHanni] §bYou have §3387k §bmaterials in stash, §btotalling §322 types§b. §bClick to §3pickup §byour stash!§r
20:55:23 §e[SkyHanni] §bYou have §3388k §bmaterials in stash, §btotalling §322 types§b. §bClick to §3pickup §byour stash!§r
20:58:27 §e[SkyHanni] §bYou have §3388k §bmaterials in stash, §btotalling §322 types§b. §bClick to §3pickup §byour stash!§r
21:00:20 §e[SkyHanni] §b+1 SkyBlock XP §7(Mining Fiesta§7)§b (23/100)§r
21:07:39 §e[SkyHanni] §bYou have §3388k §bmaterials in stash, §btotalling §322 types§b. §bClick to §3pickup §byour stash!§r
21:08:26 §e[SkyHanni] §b+1 SkyBlock XP §7(Mining Fiesta§7)§b (24/100)§r
21:10:24 §e[SkyHanni] You have gained §b518 §eBits.§r
21:39:09 §e[SkyHanni] §lCLICK HERE§r§e to grab §ax1790 §9§a❤ Flawed Ruby Gemstone§e from sacks!§r
21:39:13 §e[SkyHanni] §lCLICK HERE§r§e to grab §ax400 §9§9❤ Fine Ruby Gemstone§e from sacks!§r
21:40:57 §e[SkyHanni] You have gained §b518 §eBits.§r
22:11:53 §e[SkyHanni] You have gained §b518 §eBits.§r
22:22:55 §e[SkyHanni] §b+5 SkyBlock XP §7(HOTM Progression§7)§b (24/100)§r
22:23:12 §e[SkyHanni] §b+13 SkyBlock XP §7(HOTM Progression§7)§b (24/100)§r
22:23:14 §e[SkyHanni] §b+5 SkyBlock XP §7(HOTM Progression§7)§b (24/100)§r
22:23:19 §e[SkyHanni] §b+13 SkyBlock XP §7(HOTM Progression§7)§b (24/100)§r
22:23:29 §e[SkyHanni] §b+5 SkyBlock XP §7(HOTM Progression§7)§b (24/100)§r
22:29:14 §e[SkyHanni] §bYou have §3388k §bmaterials in stash, §btotalling §322 types§b. §bClick to §3pickup §byour stash!§r
22:30:01 §e[SkyHanni] §b+1 SkyBlock XP §7(HOTM Progression§7)§b (25/100)§r
22:30:15 §e[SkyHanni] §bYou have §3389k §bmaterials in stash, §btotalling §322 types§b. §bClick to §3pickup §byour stash!§r
22:31:17 §e[SkyHanni] §bYou have §3390k §bmaterials in stash, §btotalling §322 types§b. §bClick to §3pickup §byour stash!§r
22:32:18 §e[SkyHanni] §bYou have §3391k §bmaterials in stash, §btotalling §322 types§b. §bClick to §3pickup §byour stash!§r
22:33:19 §e[SkyHanni] §bYou have §3392k §bmaterials in stash, §btotalling §322 types§b. §bClick to §3pickup §byour stash!§r
22:35:22 §e[SkyHanni] §bYou have §3393k §bmaterials in stash, §btotalling §322 types§b. §bClick to §3pickup §byour stash!§r
22:36:07 §e[SkyHanni] §b+1 SkyBlock XP §7(HOTM Progression§7)§b (26/100)§r
22:36:23 §e[SkyHanni] §bYou have §3394k §bmaterials in stash, §btotalling §322 types§b. §bClick to §3pickup §byour stash!§r
22:37:24 §e[SkyHanni] §bYou have §3397k §bmaterials in stash, §btotalling §322 types§b. §bClick to §3pickup §byour stash!§r
22:38:25 §e[SkyHanni] §bYou have §3398k §bmaterials in stash, §btotalling §322 types§b. §bClick to §3pickup §byour stash!§r
22:39:16 §e[SkyHanni] §lCLICK HERE§r§e to grab §ax126 §9§9Enchanted Glacite§e from sacks!§r
22:39:26 §e[SkyHanni] §bYou have §3220k §bmaterials in stash, §btotalling §320 types§b. §bClick to §3pickup §byour stash!§r
22:39:32 §e[SkyHanni] §lCLICK HERE§r§e to grab §ax126 §9§9Enchanted Glacite§e from sacks!§r
22:39:43 §e[SkyHanni] §lCLICK HERE§r§e to grab §ax126 §9§9Enchanted Glacite§e from sacks!§r
22:40:27 §e[SkyHanni] §bYou have §3164k §bmaterials in stash, §btotalling §318 types§b. §bClick to §3pickup §byour stash!§r
22:42:07 §e[SkyHanni] §bNo Bits Available! §eClick to buy booster cookies on the bazaar.§r
22:42:07 §e[SkyHanni] You have gained §b210 §eBits.§r
22:51:19 §e[SkyHanni] §b+1 SkyBlock XP §7(HOTM Progression§7)§b (27/100)§r
22:51:37 §e[SkyHanni] §bYou have §3167k §bmaterials in stash, §btotalling §318 types§b. §bClick to §3pickup §byour stash!§r
22:52:39 §e[SkyHanni] §bYou have §3172k §bmaterials in stash, §btotalling §318 types§b. §bClick to §3pickup §byour stash!§r
22:53:40 §e[SkyHanni] §bYou have §3176k §bmaterials in stash, §btotalling §318 types§b. §bClick to §3pickup §byour stash!§r
22:54:42 §e[SkyHanni] §bYou have §3180k §bmaterials in stash, §btotalling §318 types§b. §bClick to §3pickup §byour stash!§r
22:55:43 §e[SkyHanni] §bYou have §3183k §bmaterials in stash, §btotalling §318 types§b. §bClick to §3pickup §byour stash!§r
22:56:44 §e[SkyHanni] §bYou have §3189k §bmaterials in stash, §btotalling §318 types§b. §bClick to §3pickup §byour stash!§r
22:57:46 §e[SkyHanni] §bYou have §3194k §bmaterials in stash, §btotalling §318 types§b. §bClick to §3pickup §byour stash!§r
22:58:47 §e[SkyHanni] §bYou have §3195k §bmaterials in stash, §btotalling §318 types§b. §bClick to §3pickup §byour stash!§r
22:59:49 §e[SkyHanni] §bYou have §3195k §bmaterials in stash, §btotalling §318 types§b. §bClick to §3pickup §byour stash!§r
23:00:51 §e[SkyHanni] §bYou have §3197k §bmaterials in stash, §btotalling §318 types§b. §bClick to §3pickup §byour stash!§r
23:01:52 §e[SkyHanni] §bYou have §3199k §bmaterials in stash, §btotalling §318 types§b. §bClick to §3pickup §byour stash!§r
23:02:54 §e[SkyHanni] §bYou have §3210k §bmaterials in stash, §btotalling §318 types§b. §bClick to §3pickup §byour stash!§r
23:03:09 §e[SkyHanni] §b+1 SkyBlock XP §7(HOTM Progression§7)§b (30/100)§r
23:03:55 §e[SkyHanni] §bYou have §3210k §bmaterials in stash, §btotalling §318 types§b. §bClick to §3pickup §byour stash!§r
23:07:00 §e[SkyHanni] §bYou have §3214k §bmaterials in stash, §btotalling §318 types§b. §bClick to §3pickup §byour stash!§r
23:08:01 §e[SkyHanni] §bYou have §3219k §bmaterials in stash, §btotalling §318 types§b. §bClick to §3pickup §byour stash!§r
23:09:03 §e[SkyHanni] §bYou have §3220k §bmaterials in stash, §btotalling §318 types§b. §bClick to §3pickup §byour stash!§r
23:14:09 §e[SkyHanni] §bYou have §3226k §bmaterials in stash, §btotalling §318 types§b. §bClick to §3pickup §byour stash!§r
23:14:53 §e[SkyHanni] §b+1 SkyBlock XP §7(HOTM Progression§7)§b (31/100)§r
23:15:10 §e[SkyHanni] §bYou have §3230k §bmaterials in stash, §btotalling §318 types§b. §bClick to §3pickup §byour stash!§r
23:16:11 §e[SkyHanni] §bYou have §3237k §bmaterials in stash, §btotalling §318 types§b. §bClick to §3pickup §byour stash!§r
23:17:12 §e[SkyHanni] §bYou have §3246k §bmaterials in stash, §btotalling §318 types§b. §bClick to §3pickup §byour stash!§r
23:19:15 §e[SkyHanni] §bYou have §3248k §bmaterials in stash, §btotalling §318 types§b. §bClick to §3pickup §byour stash!§r
23:20:16 §e[SkyHanni] §bYou have §3263k §bmaterials in stash, §btotalling §318 types§b. §bClick to §3pickup §byour stash!§r
23:21:17 §e[SkyHanni] §bYou have §3272k §bmaterials in stash, §btotalling §318 types§b. §bClick to §3pickup §byour stash!§r
23:22:18 §e[SkyHanni] §bYou have §3277k §bmaterials in stash, §btotalling §318 types§b. §bClick to §3pickup §byour stash!§r
23:23:20 §e[SkyHanni] §bYou have §3284k §bmaterials in stash, §btotalling §318 types§b. §bClick to §3pickup §byour stash!§r
23:24:22 §e[SkyHanni] §bYou have §3302k §bmaterials in stash, §btotalling §318 types§b. §bClick to §3pickup §byour stash!§r
23:25:23 §e[SkyHanni] §bYou have §3302k §bmaterials in stash, §btotalling §318 types§b. §bClick to §3pickup §byour stash!§r
23:36:37 §e[SkyHanni] §bYou have §3302k §bmaterials in stash, §btotalling §318 types§b. §bClick to §3pickup §byour stash!§r
23:36:49 §e[SkyHanni] §lCLICK HERE§r§e to grab §ax126 §9§aEnchanted Coal§e from sacks!§r
23:37:06 §e[SkyHanni] §bYou have §3302k §bmaterials in stash, §btotalling §317 types§b. §bClick to §3pickup §byour stash!§r
23:55:54 §e[SkyHanni] Click here to load 43 more collected egg locations from NEU PV!§r
23:55:54 §e[SkyHanni] Click here to load Trophy Fishing data from NEU PV!§r
00:57:43 §e[SkyHanni] §fYou were in Limbo for §e38m 55s§f.§r
01:10:07 §e[SkyHanni] §bYou have §3302k §bmaterials in stash, §btotalling §317 types§b. §bClick to §3pickup §byour stash!§r
01:12:09 §e[SkyHanni] §bYou have §3302k §bmaterials in stash, §btotalling §317 types§b. §bClick to §3pickup §byour stash!§r
01:13:09 §e[SkyHanni] §bYou have §3302k §bmaterials in stash, §btotalling §317 types§b. §bClick to §3pickup §byour stash!§r
01:19:16 §e[SkyHanni] §bYou have §3302k §bmaterials in stash, §btotalling §317 types§b. §bClick to §3pickup §byour stash!§r
01:20:17 §e[SkyHanni] §bYou have §3302k §bmaterials in stash, §btotalling §317 types§b. §bClick to §3pickup §byour stash!§r
01:21:18 §e[SkyHanni] §bYou have §3302k §bmaterials in stash, §btotalling §317 types§b. §bClick to §3pickup §byour stash!§r
01:22:19 §e[SkyHanni] §bYou have §3303k §bmaterials in stash, §btotalling §317 types§b. §bClick to §3pickup §byour stash!§r
01:23:19 §e[SkyHanni] §bYou have §3306k §bmaterials in stash, §btotalling §317 types§b. §bClick to §3pickup §byour stash!§r
01:24:20 §e[SkyHanni] §bYou have §3309k §bmaterials in stash, §btotalling §317 types§b. §bClick to §3pickup §byour stash!§r
01:25:21 §e[SkyHanni] §bYou have §3311k §bmaterials in stash, §btotalling §317 types§b. §bClick to §3pickup §byour stash!§r
01:26:22 §e[SkyHanni] §bYou have §3312k §bmaterials in stash, §btotalling §317 types§b. §bClick to §3pickup §byour stash!§r
01:27:23 §e[SkyHanni] §bYou have §3316k §bmaterials in stash, §btotalling §317 types§b. §bClick to §3pickup §byour stash!§r
01:28:24 §e[SkyHanni] §bYou have §3317k §bmaterials in stash, §btotalling §317 types§b. §bClick to §3pickup §byour stash!§r
01:29:24 §e[SkyHanni] §bYou have §3319k §bmaterials in stash, §btotalling §317 types§b. §bClick to §3pickup §byour stash!§r
01:31:26 §e[SkyHanni] §bYou have §3321k §bmaterials in stash, §btotalling §317 types§b. §bClick to §3pickup §byour stash!§r
01:33:27 §e[SkyHanni] §bYou have §3322k §bmaterials in stash, §btotalling §317 types§b. §bClick to §3pickup §byour stash!§r
01:34:28 §e[SkyHanni] §bYou have §3322k §bmaterials in stash, §btotalling §317 types§b. §bClick to §3pickup §byour stash!§r
01:35:28 §e[SkyHanni] §bYou have §3322k §bmaterials in stash, §btotalling §317 types§b. §bClick to §3pickup §byour stash!§r
01:36:29 §e[SkyHanni] §bYou have §3323k §bmaterials in stash, §btotalling §317 types§b. §bClick to §3pickup §byour stash!§r
01:37:30 §e[SkyHanni] §bYou have §3326k §bmaterials in stash, §btotalling §317 types§b. §bClick to §3pickup §byour stash!§r
01:38:31 §e[SkyHanni] §bYou have §3326k §bmaterials in stash, §btotalling §317 types§b. §bClick to §3pickup §byour stash!§r
01:39:31 §e[SkyHanni] §bYou have §3330k §bmaterials in stash, §btotalling §317 types§b. §bClick to §3pickup §byour stash!§r
01:40:32 §e[SkyHanni] §bYou have §3332k §bmaterials in stash, §btotalling §317 types§b. §bClick to §3pickup §byour stash!§r
01:41:33 §e[SkyHanni] §bYou have §3335k §bmaterials in stash, §btotalling §317 types§b. §bClick to §3pickup §byour stash!§r
01:42:06 §e[SkyHanni] §b+1 SkyBlock XP §7(HOTM Progression§7)§b (38/100)§r
01:42:34 §e[SkyHanni] §bYou have §3336k §bmaterials in stash, §btotalling §317 types§b. §bClick to §3pickup §byour stash!§r
01:43:35 §e[SkyHanni] §bYou have §3339k §bmaterials in stash, §btotalling §317 types§b. §bClick to §3pickup §byour stash!§r
01:44:36 §e[SkyHanni] §bYou have §3344k §bmaterials in stash, §btotalling §317 types§b. §bClick to §3pickup §byour stash!§r
01:45:37 §e[SkyHanni] §bYou have §3346k §bmaterials in stash, §btotalling §317 types§b. §bClick to §3pickup §byour stash!§r
01:55:46 §e[SkyHanni] §bYou have §3346k §bmaterials in stash, §btotalling §317 types§b. §bClick to §3pickup §byour stash!§r
01:56:47 §e[SkyHanni] §bYou have §3354k §bmaterials in stash, §btotalling §317 types§b. §bClick to §3pickup §byour stash!§r
01:57:04 §e[SkyHanni] §b+1 SkyBlock XP §7(HOTM Progression§7)§b (39/100)§r
01:57:48 §e[SkyHanni] §bYou have §3355k §bmaterials in stash, §btotalling §317 types§b. §bClick to §3pickup §byour stash!§r
02:03:56 §e[SkyHanni] §bYou have §3361k §bmaterials in stash, §btotalling §317 types§b. §bClick to §3pickup §byour stash!§r
02:04:57 §e[SkyHanni] §bYou have §3364k §bmaterials in stash, §btotalling §317 types§b. §bClick to §3pickup §byour stash!§r
02:05:58 §e[SkyHanni] §bYou have §3365k §bmaterials in stash, §btotalling §317 types§b. §bClick to §3pickup §byour stash!§r
02:07:00 §e[SkyHanni] §bYou have §3369k §bmaterials in stash, §btotalling §317 types§b. §bClick to §3pickup §byour stash!§r
02:08:01 §e[SkyHanni] §bYou have §3372k §bmaterials in stash, §btotalling §317 types§b. §bClick to §3pickup §byour stash!§r
02:09:02 §e[SkyHanni] §bYou have §3374k §bmaterials in stash, §btotalling §317 types§b. §bClick to §3pickup §byour stash!§r
02:10:04 §e[SkyHanni] §bYou have §3378k §bmaterials in stash, §btotalling §317 types§b. §bClick to §3pickup §byour stash!§r
02:10:31 §e[SkyHanni] §b+1 SkyBlock XP §7(HOTM Progression§7)§b (40/100)§r
02:11:05 §e[SkyHanni] §bYou have §3381k §bmaterials in stash, §btotalling §317 types§b. §bClick to §3pickup §byour stash!§r
02:12:06 §e[SkyHanni] §bYou have §3384k §bmaterials in stash, §btotalling §317 types§b. §bClick to §3pickup §byour stash!§r
02:13:08 §e[SkyHanni] §bYou have §3388k §bmaterials in stash, §btotalling §317 types§b. §bClick to §3pickup §byour stash!§r
02:14:09 §e[SkyHanni] §bYou have §3395k §bmaterials in stash, §btotalling §317 types§b. §bClick to §3pickup §byour stash!§r
02:15:11 §e[SkyHanni] §bYou have §3402k §bmaterials in stash, §btotalling §317 types§b. §bClick to §3pickup §byour stash!§r
02:16:12 §e[SkyHanni] §bYou have §3403k §bmaterials in stash, §btotalling §317 types§b. §bClick to §3pickup §byour stash!§r
02:17:14 §e[SkyHanni] §bYou have §3411k §bmaterials in stash, §btotalling §317 types§b. §bClick to §3pickup §byour stash!§r
02:18:15 §e[SkyHanni] §bYou have §3416k §bmaterials in stash, §btotalling §317 types§b. §bClick to §3pickup §byour stash!§r
02:19:16 §e[SkyHanni] §bYou have §3418k §bmaterials in stash, §btotalling §317 types§b. §bClick to §3pickup §byour stash!§r
02:20:17 §e[SkyHanni] §bYou have §3424k §bmaterials in stash, §btotalling §317 types§b. §bClick to §3pickup §byour stash!§r
02:21:19 §e[SkyHanni] §bYou have §3434k §bmaterials in stash, §btotalling §317 types§b. §bClick to §3pickup §byour stash!§r
02:22:20 §e[SkyHanni] §bYou have §3438k §bmaterials in stash, §btotalling §317 types§b. §bClick to §3pickup §byour stash!§r
02:23:21 §e[SkyHanni] §bYou have §3450k §bmaterials in stash, §btotalling §317 types§b. §bClick to §3pickup §byour stash!§r
02:24:01 §e[SkyHanni] §lCLICK HERE§r§e to grab §ax1837 §9§a❤ Flawed Ruby Gemstone§e from sacks!§r
02:24:04 §e[SkyHanni] §lCLICK HERE§r§e to grab §ax414 §9§9❤ Fine Ruby Gemstone§e from sacks!§r
02:25:23 §e[SkyHanni] §bYou have §3453k §bmaterials in stash, §btotalling §317 types§b. §bClick to §3pickup §byour stash!§r
02:26:24 §e[SkyHanni] §bYou have §3455k §bmaterials in stash, §btotalling §317 types§b. §bClick to §3pickup §byour stash!§r
02:27:25 §e[SkyHanni] §bYou have §3455k §bmaterials in stash, §btotalling §317 types§b. §bClick to §3pickup §byour stash!§r
02:28:26 §e[SkyHanni] §bYou have §3456k §bmaterials in stash, §btotalling §317 types§b. §bClick to §3pickup §byour stash!§r
02:29:27 §e[SkyHanni] §bYou have §3457k §bmaterials in stash, §btotalling §317 types§b. §bClick to §3pickup §byour stash!§r
02:30:28 §e[SkyHanni] §bYou have §3457k §bmaterials in stash, §btotalling §317 types§b. §bClick to §3pickup §byour stash!§r
02:31:29 §e[SkyHanni] §bYou have §3459k §bmaterials in stash, §btotalling §317 types§b. §bClick to §3pickup §byour stash!§r
02:32:30 §e[SkyHanni] §bYou have §3462k §bmaterials in stash, §btotalling §317 types§b. §bClick to §3pickup §byour stash!§r
02:33:30 §e[SkyHanni] §bYou have §3462k §bmaterials in stash, §btotalling §317 types§b. §bClick to §3pickup §byour stash!§r
02:34:31 §e[SkyHanni] §bYou have §3463k §bmaterials in stash, §btotalling §317 types§b. §bClick to §3pickup §byour stash!§r
02:36:33 §e[SkyHanni] §bYou have §3463k §bmaterials in stash, §btotalling §317 types§b. §bClick to §3pickup §byour stash!§r
02:37:33 §e[SkyHanni] §bYou have §3463k §bmaterials in stash, §btotalling §317 types§b. §bClick to §3pickup §byour stash!§r
02:42:36 §e[SkyHanni] §bYou have §3463k §bmaterials in stash, §btotalling §317 types§b. §bClick to §3pickup §byour stash!§r
02:43:37 §e[SkyHanni] §bYou have §3464k §bmaterials in stash, §btotalling §317 types§b. §bClick to §3pickup §byour stash!§r
02:44:38 §e[SkyHanni] §bYou have §3464k §bmaterials in stash, §btotalling §317 types§b. §bClick to §3pickup §byour stash!§r
02:46:40 §e[SkyHanni] §bYou have §3465k §bmaterials in stash, §btotalling §317 types§b. §bClick to §3pickup §byour stash!§r
02:47:41 §e[SkyHanni] §bYou have §3465k §bmaterials in stash, §btotalling §317 types§b. §bClick to §3pickup §byour stash!§r
02:48:42 §e[SkyHanni] §bYou have §3465k §bmaterials in stash, §btotalling §317 types§b. §bClick to §3pickup §byour stash!§r
02:49:43 §e[SkyHanni] §bYou have §3466k §bmaterials in stash, §btotalling §317 types§b. §bClick to §3pickup §byour stash!§r
02:52:45 §e[SkyHanni] §bYou have §3466k §bmaterials in stash, §btotalling §317 types§b. §bClick to §3pickup §byour stash!§r
02:53:45 §e[SkyHanni] §bYou have §3467k §bmaterials in stash, §btotalling §317 types§b. §bClick to §3pickup §byour stash!§r
02:54:46 §e[SkyHanni] §bYou have §3468k §bmaterials in stash, §btotalling §317 types§b. §bClick to §3pickup §byour stash!§r
02:55:47 §e[SkyHanni] §bYou have §3468k §bmaterials in stash, §btotalling §317 types§b. §bClick to §3pickup §byour stash!§r
02:56:48 §e[SkyHanni] §bYou have §3469k §bmaterials in stash, §btotalling §317 types§b. §bClick to §3pickup §byour stash!§r
02:57:49 §e[SkyHanni] §bYou have §3469k §bmaterials in stash, §btotalling §317 types§b. §bClick to §3pickup §byour stash!§r
02:58:50 §e[SkyHanni] §bYou have §3470k §bmaterials in stash, §btotalling §317 types§b. §bClick to §3pickup §byour stash!§r
02:59:51 §e[SkyHanni] §bYou have §3471k §bmaterials in stash, §btotalling §317 types§b. §bClick to §3pickup §byour stash!§r
03:00:52 §e[SkyHanni] §bYou have §3473k §bmaterials in stash, §btotalling §317 types§b. §bClick to §3pickup §byour stash!§r
03:01:53 §e[SkyHanni] §bYou have §3475k §bmaterials in stash, §btotalling §317 types§b. §bClick to §3pickup §byour stash!§r
03:02:54 §e[SkyHanni] §bYou have §3476k §bmaterials in stash, §btotalling §317 types§b. §bClick to §3pickup §byour stash!§r
03:03:54 §e[SkyHanni] §bYou have §3477k §bmaterials in stash, §btotalling §317 types§b. §bClick to §3pickup §byour stash!§r
03:04:55 §e[SkyHanni] §bYou have §3481k §bmaterials in stash, §btotalling §317 types§b. §bClick to §3pickup §byour stash!§r
03:11:50 §e[SkyHanni] §b+82 SkyBlock XP §7(HOTM Progression§7)§b (41/100)§r
03:11:51 §e[SkyHanni] §b+5 SkyBlock XP §7(HOTM Progression§7)§b (41/100)§r
03:12:16 §e[SkyHanni] §b+1 SkyBlock XP §7(HOTM Progression§7)§b (41/100)§r
03:12:40 §e[SkyHanni] §b+5 SkyBlock XP §7(HOTM Progression§7)§b (41/100)§r
03:23:09 §e[SkyHanni] §lCLICK HERE§r§e to grab §ax492 §9§a✎ Flawed Sapphire Gemstone§e from sacks!§r
03:23:13 §e[SkyHanni] §lCLICK HERE§r§e to grab §ax81 §9§9✎ Fine Sapphire Gemstone§e from sacks!§r
03:31:39 §e[SkyHanni] §lCLICK HERE§r§e to grab §ax347 §9§a❁ Flawed Jasper Gemstone§e from sacks!§r
03:31:41 §e[SkyHanni] §lCLICK HERE§r§e to grab §ax67 §9§9❁ Fine Jasper Gemstone§e from sacks!§r
05:13:47 §e[SkyHanni] §bYou have §3481k §bmaterials in stash, §btotalling §317 types§b. §bClick to §3pickup §byour stash!§r
05:15:50 §e[SkyHanni] §bYou have §3481k §bmaterials in stash, §btotalling §317 types§b. §bClick to §3pickup §byour stash!§r
05:16:54 §e[SkyHanni] §b+1 SkyBlock XP §7(Mining Fiesta§7)§b (42/100)§r
05:19:58 §e[SkyHanni] §bYou have §3481k §bmaterials in stash, §btotalling §317 types§b. §bClick to §3pickup §byour stash!§r
05:23:34 §e[SkyHanni] §b+1 SkyBlock XP §7(Mining Fiesta§7)§b (43/100)§r
05:30:43 §e[SkyHanni] §b+1 SkyBlock XP §7(Mining Fiesta§7)§b (44/100)§r
05:38:36 §e[SkyHanni] §bYou have §3481k §bmaterials in stash, §btotalling §318 types§b. §bClick to §3pickup §byour stash!§r
05:38:52 §e[SkyHanni] §b+1 SkyBlock XP §7(Mining Fiesta§7)§b (45/100)§r
05:41:43 §e[SkyHanni] §bYou have §3482k §bmaterials in stash, §btotalling §318 types§b. §bClick to §3pickup §byour stash!§r
05:43:47 §e[SkyHanni] §bYou have §3482k §bmaterials in stash, §btotalling §318 types§b. §bClick to §3pickup §byour stash!§r
05:46:07 §e[SkyHanni] §b+1 SkyBlock XP §7(Mining Fiesta§7)§b (46/100)§r
05:53:07 §e[SkyHanni] §bYou have §3482k §bmaterials in stash, §btotalling §318 types§b. §bClick to §3pickup §byour stash!§r
05:55:11 §e[SkyHanni] §bYou have §3482k §bmaterials in stash, §btotalling §318 types§b. §bClick to §3pickup §byour stash!§r
05:56:14 §e[SkyHanni] §bYou have §3482k §bmaterials in stash, §btotalling §318 types§b. §bClick to §3pickup §byour stash!§r
05:57:16 §e[SkyHanni] §bYou have §3482k §bmaterials in stash, §btotalling §319 types§b. §bClick to §3pickup §byour stash!§r
05:58:19 §e[SkyHanni] §bYou have §3482k §bmaterials in stash, §btotalling §319 types§b. §bClick to §3pickup §byour stash!§r
06:05:35 §e[SkyHanni] §bYou have §3482k §bmaterials in stash, §btotalling §319 types§b. §bClick to §3pickup §byour stash!§r
06:08:42 §e[SkyHanni] §bYou have §3482k §bmaterials in stash, §btotalling §319 types§b. §bClick to §3pickup §byour stash!§r
06:11:49 §e[SkyHanni] §bYou have §3482k §bmaterials in stash, §btotalling §319 types§b. §bClick to §3pickup §byour stash!§r
06:12:51 §e[SkyHanni] §bYou have §3482k §bmaterials in stash, §btotalling §319 types§b. §bClick to §3pickup §byour stash!§r
06:27:23 §e[SkyHanni] §bYou have §3482k §bmaterials in stash, §btotalling §319 types§b. §bClick to §3pickup §byour stash!§r
06:28:24 §e[SkyHanni] §bYou have §3483k §bmaterials in stash, §btotalling §319 types§b. §bClick to §3pickup §byour stash!§r
06:29:25 §e[SkyHanni] §bYou have §3483k §bmaterials in stash, §btotalling §319 types§b. §bClick to §3pickup §byour stash!§r
06:41:48 §e[SkyHanni] §bYou have §3483k §bmaterials in stash, §btotalling §319 types§b. §bClick to §3pickup §byour stash!§r
06:42:50 §e[SkyHanni] §bYou have §3483k §bmaterials in stash, §btotalling §319 types§b. §bClick to §3pickup §byour stash!§r
07:09:46 §e[SkyHanni] §bYou have §3491k §bmaterials in stash, §btotalling §319 types§b. §bClick to §3pickup §byour stash!§r
07:37:09 §e[SkyHanni] §lCLICK HERE§r§e to grab §ax1849 §9§a❤ Flawed Ruby Gemstone§e from sacks!§r
07:37:13 §e[SkyHanni] §lCLICK HERE§r§e to grab §ax400 §9§9❤ Fine Ruby Gemstone§e from sacks!§r
07:52:09 §e[SkyHanni] §b+7 SkyBlock XP §7(Museum Donations§7)§b (53/100)§r
