04:02:18 [EMPTY] §f §r§r§r§f §r§r§r§1 §r§r§r§0 §r§r§r§2 §r§r§r§f §r§r§r§f §r§r§r§2 §r§r§r§0 §r§r§r§4 §r§r§r§3 §r§r§r§9 §r§r§r§2 §r§r§r§0 §r§r§r§0 §r§r§r§3 §r§r§r§9 §r§r§r§2 §r§r§r§0 §r§r§r§0 §r§r§r§3 §r§r§r§9 §r§r§r§2 §r§r§r§0 §r§r§r§0 
04:02:18 [EMPTY] 
04:02:39 [EMPTY] §8 §r§8 §r§1 §r§3 §r§3 §r§7 §r§8 
04:02:41 [EMPTY] 
04:02:41 [EMPTY] 
04:02:42 [EMPTY]  
04:02:42 [STASH_COMPACT] §f                §7You have §37,898 §7materials stashed away!
04:02:42 [STASH_COMPACT] §f              §8(This totals 3 types of materials stashed!)
04:02:42 [STASH_COMPACT] §f                §3§l>>> §3§lCLICK HERE§b to pick them up! §3§l<<<
04:02:42 [EMPTY]   
04:02:43 [EMPTY]  
04:02:43 [STASH_COMPACT] §f                §7You have §37,898 §7materials stashed away!
04:02:43 [STASH_COMPACT] §f              §8(This totals 3 types of materials stashed!)
04:02:43 [STASH_COMPACT] §f                §3§l>>> §3§lCLICK HERE§b to pick them up! §3§l<<<
04:02:43 [EMPTY]   
04:03:43 [EMPTY]  
04:03:43 [STASH_COMPACT] §f                §7You have §37,898 §7materials stashed away!
04:03:43 [STASH_COMPACT] §f              §8(This totals 3 types of materials stashed!)
04:03:43 [STASH_COMPACT] §f                §3§l>>> §3§lCLICK HERE§b to pick them up! §3§l<<<
04:03:43 [EMPTY]   
04:04:44 [EMPTY]  
04:04:44 [STASH_COMPACT] §f                §7You have §37,898 §7materials stashed away!
04:04:44 [STASH_COMPACT] §f              §8(This totals 3 types of materials stashed!)
04:04:44 [STASH_COMPACT] §f                §3§l>>> §3§lCLICK HERE§b to pick them up! §3§l<<<
04:04:44 [EMPTY]   
04:05:44 [EMPTY]  
04:05:44 [STASH_COMPACT] §f                §7You have §37,898 §7materials stashed away!
04:05:44 [STASH_COMPACT] §f              §8(This totals 3 types of materials stashed!)
04:05:44 [STASH_COMPACT] §f                §3§l>>> §3§lCLICK HERE§b to pick them up! §3§l<<<
04:05:44 [EMPTY]   
04:06:45 [EMPTY]  
04:06:45 [STASH_COMPACT] §f                §7You have §37,898 §7materials stashed away!
04:06:46 [STASH_COMPACT] §f              §8(This totals 3 types of materials stashed!)
04:06:46 [STASH_COMPACT] §f                §3§l>>> §3§lCLICK HERE§b to pick them up! §3§l<<<
04:06:46 [EMPTY]   
04:07:46 [EMPTY]  
04:07:46 [STASH_COMPACT] §f                §7You have §37,898 §7materials stashed away!
04:07:46 [STASH_COMPACT] §f              §8(This totals 3 types of materials stashed!)
04:07:46 [STASH_COMPACT] §f                §3§l>>> §3§lCLICK HERE§b to pick them up! §3§l<<<
04:07:46 [EMPTY]   
04:08:46 [EMPTY]  
04:08:46 [STASH_COMPACT] §f                §7You have §37,898 §7materials stashed away!
04:08:46 [STASH_COMPACT] §f              §8(This totals 3 types of materials stashed!)
04:08:46 [STASH_COMPACT] §f                §3§l>>> §3§lCLICK HERE§b to pick them up! §3§l<<<
04:08:46 [EMPTY]   
04:09:46 [EMPTY]  
04:09:46 [STASH_COMPACT] §f                §7You have §37,898 §7materials stashed away!
04:09:46 [STASH_COMPACT] §f              §8(This totals 3 types of materials stashed!)
04:09:46 [STASH_COMPACT] §f                §3§l>>> §3§lCLICK HERE§b to pick them up! §3§l<<<
04:09:46 [EMPTY]   
04:10:46 [EMPTY]  
04:10:46 [STASH_COMPACT] §f                §7You have §37,898 §7materials stashed away!
04:10:46 [STASH_COMPACT] §f              §8(This totals 3 types of materials stashed!)
04:10:46 [STASH_COMPACT] §f                §3§l>>> §3§lCLICK HERE§b to pick them up! §3§l<<<
04:10:46 [EMPTY]   
04:11:46 [EMPTY]  
04:11:46 [STASH_COMPACT] §f                §7You have §37,898 §7materials stashed away!
04:11:46 [STASH_COMPACT] §f              §8(This totals 3 types of materials stashed!)
04:11:46 [STASH_COMPACT] §f                §3§l>>> §3§lCLICK HERE§b to pick them up! §3§l<<<
04:11:46 [EMPTY]   
04:12:47 [EMPTY]  
04:12:47 [STASH_COMPACT] §f                §7You have §37,898 §7materials stashed away!
04:12:47 [STASH_COMPACT] §f              §8(This totals 3 types of materials stashed!)
04:12:47 [STASH_COMPACT] §f                §3§l>>> §3§lCLICK HERE§b to pick them up! §3§l<<<
04:12:47 [EMPTY]   
04:13:47 [EMPTY]  
04:13:47 [STASH_COMPACT] §f                §7You have §37,898 §7materials stashed away!
04:13:47 [STASH_COMPACT] §f              §8(This totals 3 types of materials stashed!)
04:13:47 [STASH_COMPACT] §f                §3§l>>> §3§lCLICK HERE§b to pick them up! §3§l<<<
04:13:47 [EMPTY]   
04:14:47 [EMPTY]  
04:14:47 [STASH_COMPACT] §f                §7You have §37,898 §7materials stashed away!
04:14:47 [STASH_COMPACT] §f              §8(This totals 3 types of materials stashed!)
04:14:47 [STASH_COMPACT] §f                §3§l>>> §3§lCLICK HERE§b to pick them up! §3§l<<<
04:14:47 [EMPTY]   
04:15:00 [SKYMALL] §bNew day! §r§eYour §r§2Sky Mall §r§ebuff changed!
04:15:00 [SKYMALL] §eNew buff§r§r§r: §r§fGain §r§6+50☘ Mining Fortune§r§f.
04:15:00 [SKYMALL] §8§oYou can disable this messaging by toggling Sky Mall in your /hotm!
04:15:47 [EMPTY]  
04:15:47 [STASH_COMPACT] §f                §7You have §37,898 §7materials stashed away!
04:15:47 [STASH_COMPACT] §f              §8(This totals 3 types of materials stashed!)
04:15:47 [STASH_COMPACT] §f                §3§l>>> §3§lCLICK HERE§b to pick them up! §3§l<<<
04:15:47 [EMPTY]   
04:16:47 [EMPTY]  
04:16:47 [STASH_COMPACT] §f                §7You have §37,898 §7materials stashed away!
04:16:47 [STASH_COMPACT] §f              §8(This totals 3 types of materials stashed!)
04:16:47 [STASH_COMPACT] §f                §3§l>>> §3§lCLICK HERE§b to pick them up! §3§l<<<
04:16:47 [EMPTY]   
04:17:48 [EMPTY]  
04:17:48 [STASH_COMPACT] §f                §7You have §37,898 §7materials stashed away!
04:17:48 [STASH_COMPACT] §f              §8(This totals 3 types of materials stashed!)
04:17:48 [STASH_COMPACT] §f                §3§l>>> §3§lCLICK HERE§b to pick them up! §3§l<<<
04:17:48 [EMPTY]   
04:18:48 [EMPTY]  
04:18:48 [STASH_COMPACT] §f                §7You have §37,898 §7materials stashed away!
04:18:48 [STASH_COMPACT] §f              §8(This totals 3 types of materials stashed!)
04:18:48 [STASH_COMPACT] §f                §3§l>>> §3§lCLICK HERE§b to pick them up! §3§l<<<
04:18:48 [EMPTY]   
04:19:48 [EMPTY]  
04:19:48 [STASH_COMPACT] §f                §7You have §37,898 §7materials stashed away!
04:19:48 [STASH_COMPACT] §f              §8(This totals 3 types of materials stashed!)
04:19:48 [STASH_COMPACT] §f                §3§l>>> §3§lCLICK HERE§b to pick them up! §3§l<<<
04:19:48 [EMPTY]   
04:20:48 [EMPTY]  
04:20:48 [STASH_COMPACT] §f                §7You have §37,898 §7materials stashed away!
04:20:48 [STASH_COMPACT] §f              §8(This totals 3 types of materials stashed!)
04:20:48 [STASH_COMPACT] §f                §3§l>>> §3§lCLICK HERE§b to pick them up! §3§l<<<
04:20:48 [EMPTY]   
04:21:49 [EMPTY]  
04:21:49 [STASH_COMPACT] §f                §7You have §37,898 §7materials stashed away!
04:21:49 [STASH_COMPACT] §f              §8(This totals 3 types of materials stashed!)
04:21:49 [STASH_COMPACT] §f                §3§l>>> §3§lCLICK HERE§b to pick them up! §3§l<<<
04:21:49 [EMPTY]   
04:22:49 [EMPTY]  
04:22:49 [STASH_COMPACT] §f                §7You have §37,898 §7materials stashed away!
04:22:49 [STASH_COMPACT] §f              §8(This totals 3 types of materials stashed!)
04:22:49 [STASH_COMPACT] §f                §3§l>>> §3§lCLICK HERE§b to pick them up! §3§l<<<
04:22:49 [EMPTY]   
04:23:49 [EMPTY]  
04:23:49 [STASH_COMPACT] §f                §7You have §37,898 §7materials stashed away!
04:23:49 [STASH_COMPACT] §f              §8(This totals 3 types of materials stashed!)
04:23:49 [STASH_COMPACT] §f                §3§l>>> §3§lCLICK HERE§b to pick them up! §3§l<<<
04:23:49 [EMPTY]   
04:24:50 [EMPTY]  
04:24:50 [STASH_COMPACT] §f                §7You have §37,898 §7materials stashed away!
04:24:50 [STASH_COMPACT] §f              §8(This totals 3 types of materials stashed!)
04:24:50 [STASH_COMPACT] §f                §3§l>>> §3§lCLICK HERE§b to pick them up! §3§l<<<
04:24:50 [EMPTY]   
04:25:50 [EMPTY]  
04:25:50 [STASH_COMPACT] §f                §7You have §37,898 §7materials stashed away!
04:25:50 [STASH_COMPACT] §f              §8(This totals 3 types of materials stashed!)
04:25:50 [STASH_COMPACT] §f                §3§l>>> §3§lCLICK HERE§b to pick them up! §3§l<<<
04:25:50 [EMPTY]   
04:26:50 [EMPTY]  
04:26:50 [STASH_COMPACT] §f                §7You have §37,898 §7materials stashed away!
04:26:50 [STASH_COMPACT] §f              §8(This totals 3 types of materials stashed!)
04:26:50 [STASH_COMPACT] §f                §3§l>>> §3§lCLICK HERE§b to pick them up! §3§l<<<
04:26:50 [EMPTY]   
04:27:51 [EMPTY]  
04:27:51 [STASH_COMPACT] §f                §7You have §37,898 §7materials stashed away!
04:27:51 [STASH_COMPACT] §f              §8(This totals 3 types of materials stashed!)
04:27:51 [STASH_COMPACT] §f                §3§l>>> §3§lCLICK HERE§b to pick them up! §3§l<<<
04:27:51 [EMPTY]   
04:28:39 [EMPTY] §8 §r§8 §r§1 §r§3 §r§3 §r§7 §r§8 
04:28:43 [EMPTY]  
04:28:43 [STASH_COMPACT] §f                §7You have §37,898 §7materials stashed away!
04:28:43 [STASH_COMPACT] §f              §8(This totals 3 types of materials stashed!)
04:28:43 [STASH_COMPACT] §f                §3§l>>> §3§lCLICK HERE§b to pick them up! §3§l<<<
04:28:43 [EMPTY]   
04:28:53 [EMPTY]  
04:28:53 [STASH_COMPACT] §f                §7You have §37,898 §7materials stashed away!
04:28:53 [STASH_COMPACT] §f              §8(This totals 3 types of materials stashed!)
04:28:53 [STASH_COMPACT] §f                §3§l>>> §3§lCLICK HERE§b to pick them up! §3§l<<<
04:28:53 [EMPTY]   
04:29:53 [EMPTY]  
04:29:53 [STASH_COMPACT] §f                §7You have §37,898 §7materials stashed away!
04:29:53 [STASH_COMPACT] §f              §8(This totals 3 types of materials stashed!)
04:29:53 [STASH_COMPACT] §f                §3§l>>> §3§lCLICK HERE§b to pick them up! §3§l<<<
04:29:53 [EMPTY]   
04:30:54 [EMPTY]  
04:30:54 [STASH_COMPACT] §f                §7You have §37,898 §7materials stashed away!
04:30:54 [STASH_COMPACT] §f              §8(This totals 3 types of materials stashed!)
04:30:54 [STASH_COMPACT] §f                §3§l>>> §3§lCLICK HERE§b to pick them up! §3§l<<<
04:30:54 [EMPTY]   
04:31:54 [EMPTY]  
04:31:54 [STASH_COMPACT] §f                §7You have §37,898 §7materials stashed away!
04:31:54 [STASH_COMPACT] §f              §8(This totals 3 types of materials stashed!)
04:31:54 [STASH_COMPACT] §f                §3§l>>> §3§lCLICK HERE§b to pick them up! §3§l<<<
04:31:54 [EMPTY]   
04:32:55 [EMPTY]  
04:32:55 [STASH_COMPACT] §f                §7You have §37,898 §7materials stashed away!
04:32:55 [STASH_COMPACT] §f              §8(This totals 3 types of materials stashed!)
04:32:55 [STASH_COMPACT] §f                §3§l>>> §3§lCLICK HERE§b to pick them up! §3§l<<<
04:32:55 [EMPTY]   
04:33:56 [EMPTY]  
04:33:56 [STASH_COMPACT] §f                §7You have §37,898 §7materials stashed away!
04:33:56 [STASH_COMPACT] §f              §8(This totals 3 types of materials stashed!)
04:33:56 [STASH_COMPACT] §f                §3§l>>> §3§lCLICK HERE§b to pick them up! §3§l<<<
04:33:56 [EMPTY]   
04:34:56 [EMPTY]  
04:34:56 [STASH_COMPACT] §f                §7You have §37,898 §7materials stashed away!
04:34:56 [STASH_COMPACT] §f              §8(This totals 3 types of materials stashed!)
04:34:56 [STASH_COMPACT] §f                §3§l>>> §3§lCLICK HERE§b to pick them up! §3§l<<<
04:34:56 [EMPTY]   
04:35:00 [SKYMALL] §bNew day! §r§eYour §r§2Sky Mall §r§ebuff changed!
04:35:00 [SKYMALL] §eNew buff§r§r§r: §r§f§r§a-20%§r§f Pickaxe Ability cooldowns.
04:35:00 [SKYMALL] §8§oYou can disable this messaging by toggling Sky Mall in your /hotm!
04:35:57 [EMPTY]  
04:35:57 [STASH_COMPACT] §f                §7You have §37,898 §7materials stashed away!
04:35:57 [STASH_COMPACT] §f              §8(This totals 3 types of materials stashed!)
04:35:57 [STASH_COMPACT] §f                §3§l>>> §3§lCLICK HERE§b to pick them up! §3§l<<<
04:35:57 [EMPTY]   
04:36:58 [EMPTY]  
04:36:58 [STASH_COMPACT] §f                §7You have §37,898 §7materials stashed away!
04:36:58 [STASH_COMPACT] §f              §8(This totals 3 types of materials stashed!)
04:36:58 [STASH_COMPACT] §f                §3§l>>> §3§lCLICK HERE§b to pick them up! §3§l<<<
04:36:58 [EMPTY]   
04:37:58 [EMPTY]  
04:37:58 [STASH_COMPACT] §f                §7You have §37,898 §7materials stashed away!
04:37:58 [STASH_COMPACT] §f              §8(This totals 3 types of materials stashed!)
04:37:58 [STASH_COMPACT] §f                §3§l>>> §3§lCLICK HERE§b to pick them up! §3§l<<<
04:37:58 [EMPTY]   
04:38:21 [EMPTY] §8 §r§8 §r§1 §r§3 §r§3 §r§7 §r§8 
04:38:25 [EMPTY]  
04:38:25 [STASH_COMPACT] §f                §7You have §37,898 §7materials stashed away!
04:38:25 [STASH_COMPACT] §f              §8(This totals 3 types of materials stashed!)
04:38:25 [STASH_COMPACT] §f                §3§l>>> §3§lCLICK HERE§b to pick them up! §3§l<<<
04:38:25 [EMPTY]   
04:38:26 [EMPTY]  
04:38:26 [STASH_COMPACT] §f                §7You have §37,898 §7materials stashed away!
04:38:26 [STASH_COMPACT] §f              §8(This totals 3 types of materials stashed!)
04:38:26 [STASH_COMPACT] §f                §3§l>>> §3§lCLICK HERE§b to pick them up! §3§l<<<
04:38:26 [EMPTY]   
04:38:30 [EMPTY] §8 §r§8 §r§1 §r§3 §r§3 §r§7 §r§8 
04:38:34 [EMPTY]  
04:38:34 [STASH_COMPACT] §f                §7You have §37,898 §7materials stashed away!
04:38:34 [STASH_COMPACT] §f              §8(This totals 3 types of materials stashed!)
04:38:34 [STASH_COMPACT] §f                §3§l>>> §3§lCLICK HERE§b to pick them up! §3§l<<<
04:38:34 [EMPTY]   
04:39:17 [EMPTY]  
04:39:17 [STASH_COMPACT] §f                §7You have §37,898 §7materials stashed away!
04:39:17 [STASH_COMPACT] §f              §8(This totals 3 types of materials stashed!)
04:39:17 [STASH_COMPACT] §f                §3§l>>> §3§lCLICK HERE§b to pick them up! §3§l<<<
04:39:17 [EMPTY]   
04:40:18 [EMPTY]  
04:40:18 [STASH_COMPACT] §f                §7You have §37,898 §7materials stashed away!
04:40:18 [STASH_COMPACT] §f              §8(This totals 3 types of materials stashed!)
04:40:18 [STASH_COMPACT] §f                §3§l>>> §3§lCLICK HERE§b to pick them up! §3§l<<<
04:40:18 [EMPTY]   
04:41:19 [EMPTY]  
04:41:19 [STASH_COMPACT] §f                §7You have §37,898 §7materials stashed away!
04:41:19 [STASH_COMPACT] §f              §8(This totals 3 types of materials stashed!)
04:41:19 [STASH_COMPACT] §f                §3§l>>> §3§lCLICK HERE§b to pick them up! §3§l<<<
04:41:19 [EMPTY]   
04:42:20 [EMPTY]  
04:42:20 [STASH_COMPACT] §f                §7You have §37,898 §7materials stashed away!
04:42:20 [STASH_COMPACT] §f              §8(This totals 3 types of materials stashed!)
04:42:20 [STASH_COMPACT] §f                §3§l>>> §3§lCLICK HERE§b to pick them up! §3§l<<<
04:42:20 [EMPTY]   
04:43:12 [EMPTY] §8 §r§8 §r§1 §r§3 §r§3 §r§7 §r§8 
04:43:16 [EMPTY]  
04:43:16 [STASH_COMPACT] §f                §7You have §37,898 §7materials stashed away!
04:43:16 [STASH_COMPACT] §f              §8(This totals 3 types of materials stashed!)
04:43:16 [STASH_COMPACT] §f                §3§l>>> §3§lCLICK HERE§b to pick them up! §3§l<<<
04:43:16 [EMPTY]   
04:43:26 [EMPTY]  
04:43:26 [STASH_COMPACT] §f                §7You have §37,898 §7materials stashed away!
04:43:26 [STASH_COMPACT] §f              §8(This totals 3 types of materials stashed!)
04:43:26 [STASH_COMPACT] §f                §3§l>>> §3§lCLICK HERE§b to pick them up! §3§l<<<
04:43:26 [EMPTY]   
04:44:27 [EMPTY]  
04:44:27 [STASH_COMPACT] §f                §7You have §37,898 §7materials stashed away!
04:44:27 [STASH_COMPACT] §f              §8(This totals 3 types of materials stashed!)
04:44:27 [STASH_COMPACT] §f                §3§l>>> §3§lCLICK HERE§b to pick them up! §3§l<<<
04:44:27 [EMPTY]   
04:45:28 [EMPTY]  
04:45:28 [STASH_COMPACT] §f                §7You have §37,898 §7materials stashed away!
04:45:28 [STASH_COMPACT] §f              §8(This totals 3 types of materials stashed!)
04:45:28 [STASH_COMPACT] §f                §3§l>>> §3§lCLICK HERE§b to pick them up! §3§l<<<
04:45:28 [EMPTY]   
04:46:29 [EMPTY]  
04:46:29 [STASH_COMPACT] §f                §7You have §37,898 §7materials stashed away!
04:46:29 [STASH_COMPACT] §f              §8(This totals 3 types of materials stashed!)
04:46:29 [STASH_COMPACT] §f                §3§l>>> §3§lCLICK HERE§b to pick them up! §3§l<<<
04:46:29 [EMPTY]   
04:47:03 [EMPTY] 
04:47:30 [EMPTY]  
04:47:30 [STASH_COMPACT] §f                §7You have §37,898 §7materials stashed away!
04:47:30 [STASH_COMPACT] §f              §8(This totals 3 types of materials stashed!)
04:47:30 [STASH_COMPACT] §f                §3§l>>> §3§lCLICK HERE§b to pick them up! §3§l<<<
04:47:30 [EMPTY]   
04:48:31 [EMPTY]  
04:48:31 [STASH_COMPACT] §f                §7You have §37,898 §7materials stashed away!
04:48:31 [STASH_COMPACT] §f              §8(This totals 3 types of materials stashed!)
04:48:31 [STASH_COMPACT] §f                §3§l>>> §3§lCLICK HERE§b to pick them up! §3§l<<<
04:48:31 [EMPTY]   
04:49:32 [EMPTY]  
04:49:32 [STASH_COMPACT] §f                §7You have §38,280 §7materials stashed away!
04:49:32 [STASH_COMPACT] §f              §8(This totals 3 types of materials stashed!)
04:49:32 [STASH_COMPACT] §f                §3§l>>> §3§lCLICK HERE§b to pick them up! §3§l<<<
04:49:32 [EMPTY]   
04:50:34 [EMPTY]  
04:50:34 [STASH_COMPACT] §f                §7You have §38,358 §7materials stashed away!
04:50:34 [STASH_COMPACT] §f              §8(This totals 3 types of materials stashed!)
04:50:34 [STASH_COMPACT] §f                §3§l>>> §3§lCLICK HERE§b to pick them up! §3§l<<<
04:50:34 [EMPTY]   
04:51:35 [EMPTY]  
04:51:35 [STASH_COMPACT] §f                §7You have §38,358 §7materials stashed away!
04:51:35 [STASH_COMPACT] §f              §8(This totals 3 types of materials stashed!)
04:51:35 [STASH_COMPACT] §f                §3§l>>> §3§lCLICK HERE§b to pick them up! §3§l<<<
04:51:35 [EMPTY]   
04:52:36 [EMPTY]  
04:52:36 [STASH_COMPACT] §f               §7You have §315,287 §7materials stashed away!
04:52:36 [STASH_COMPACT] §f              §8(This totals 4 types of materials stashed!)
04:52:36 [STASH_COMPACT] §f                §3§l>>> §3§lCLICK HERE§b to pick them up! §3§l<<<
04:52:36 [EMPTY]   
04:53:37 [EMPTY]  
04:53:37 [STASH_COMPACT] §f               §7You have §315,287 §7materials stashed away!
04:53:37 [STASH_COMPACT] §f              §8(This totals 4 types of materials stashed!)
04:53:37 [STASH_COMPACT] §f                §3§l>>> §3§lCLICK HERE§b to pick them up! §3§l<<<
04:53:37 [EMPTY]   
04:54:38 [EMPTY]  
04:54:38 [STASH_COMPACT] §f               §7You have §316,644 §7materials stashed away!
04:54:38 [STASH_COMPACT] §f              §8(This totals 4 types of materials stashed!)
04:54:38 [STASH_COMPACT] §f                §3§l>>> §3§lCLICK HERE§b to pick them up! §3§l<<<
04:54:38 [EMPTY]   
04:55:39 [EMPTY]  
04:55:39 [STASH_COMPACT] §f               §7You have §317,212 §7materials stashed away!
04:55:39 [STASH_COMPACT] §f              §8(This totals 4 types of materials stashed!)
04:55:39 [STASH_COMPACT] §f                §3§l>>> §3§lCLICK HERE§b to pick them up! §3§l<<<
04:55:39 [EMPTY]   
04:56:40 [EMPTY]  
04:56:40 [STASH_COMPACT] §f               §7You have §317,977 §7materials stashed away!
04:56:40 [STASH_COMPACT] §f              §8(This totals 4 types of materials stashed!)
04:56:40 [STASH_COMPACT] §f                §3§l>>> §3§lCLICK HERE§b to pick them up! §3§l<<<
04:56:40 [EMPTY]   
04:56:43 [EMPTY] 
04:57:41 [EMPTY]  
04:57:41 [STASH_COMPACT] §f               §7You have §319,226 §7materials stashed away!
04:57:41 [STASH_COMPACT] §f              §8(This totals 4 types of materials stashed!)
04:57:41 [STASH_COMPACT] §f                §3§l>>> §3§lCLICK HERE§b to pick them up! §3§l<<<
04:57:41 [EMPTY]   
04:58:42 [EMPTY]  
04:58:42 [STASH_COMPACT] §f               §7You have §330,517 §7materials stashed away!
04:58:42 [STASH_COMPACT] §f              §8(This totals 4 types of materials stashed!)
04:58:42 [STASH_COMPACT] §f                §3§l>>> §3§lCLICK HERE§b to pick them up! §3§l<<<
04:58:42 [EMPTY]   
04:59:15 [EMPTY] 
04:59:42 [EMPTY]  
04:59:42 [STASH_COMPACT] §f               §7You have §331,639 §7materials stashed away!
04:59:42 [STASH_COMPACT] §f              §8(This totals 4 types of materials stashed!)
04:59:42 [STASH_COMPACT] §f                §3§l>>> §3§lCLICK HERE§b to pick them up! §3§l<<<
04:59:42 [EMPTY]   
05:00:16 [EMPTY] §f
05:00:16 [EMPTY] §c
05:01:23 [EMPTY] §f                                        
05:04:47 [EMPTY]  
05:04:47 [STASH_COMPACT] §f                 §7You have §376 §7materials stashed away!
05:04:47 [STASH_COMPACT] §f               §8(This totals 1 type of material stashed!)
05:04:47 [STASH_COMPACT] §f                §3§l>>> §3§lCLICK HERE§b to pick them up! §3§l<<<
05:04:47 [EMPTY]   
05:05:48 [EMPTY]  
05:05:48 [STASH_COMPACT] §f                 §7You have §376 §7materials stashed away!
05:05:48 [STASH_COMPACT] §f               §8(This totals 1 type of material stashed!)
05:05:48 [STASH_COMPACT] §f                §3§l>>> §3§lCLICK HERE§b to pick them up! §3§l<<<
05:05:48 [EMPTY]   
05:06:19 [EMPTY] 
05:06:49 [EMPTY]  
05:06:49 [STASH_COMPACT] §f                 §7You have §376 §7materials stashed away!
05:06:49 [STASH_COMPACT] §f               §8(This totals 1 type of material stashed!)
05:06:49 [STASH_COMPACT] §f                §3§l>>> §3§lCLICK HERE§b to pick them up! §3§l<<<
05:06:49 [EMPTY]   
05:07:00 [EMPTY] 
05:07:50 [EMPTY]  
05:07:50 [STASH_COMPACT] §f                 §7You have §3510 §7materials stashed away!
05:07:50 [STASH_COMPACT] §f              §8(This totals 2 types of materials stashed!)
05:07:50 [STASH_COMPACT] §f                §3§l>>> §3§lCLICK HERE§b to pick them up! §3§l<<<
05:07:50 [EMPTY]   
05:07:56 [EMPTY] 
05:08:09 [EMPTY] 
05:08:52 [EMPTY]  
05:08:52 [STASH_COMPACT] §f                 §7You have §3510 §7materials stashed away!
05:08:52 [STASH_COMPACT] §f              §8(This totals 2 types of materials stashed!)
05:08:52 [STASH_COMPACT] §f                §3§l>>> §3§lCLICK HERE§b to pick them up! §3§l<<<
05:08:52 [EMPTY]   
05:09:13 [EMPTY] 
05:09:53 [EMPTY]  
05:09:53 [STASH_COMPACT] §f                 §7You have §3510 §7materials stashed away!
05:09:53 [STASH_COMPACT] §f              §8(This totals 2 types of materials stashed!)
05:09:53 [STASH_COMPACT] §f                §3§l>>> §3§lCLICK HERE§b to pick them up! §3§l<<<
05:09:53 [EMPTY]   
05:09:53 [EMPTY] 
05:10:46 [EMPTY] 
05:10:55 [EMPTY]  
05:10:55 [STASH_COMPACT] §f                 §7You have §3510 §7materials stashed away!
05:10:55 [STASH_COMPACT] §f              §8(This totals 2 types of materials stashed!)
05:10:55 [STASH_COMPACT] §f                §3§l>>> §3§lCLICK HERE§b to pick them up! §3§l<<<
05:10:55 [EMPTY]   
05:11:41 [EMPTY] 
05:11:56 [EMPTY]  
05:11:56 [STASH_COMPACT] §f                 §7You have §3510 §7materials stashed away!
05:11:56 [STASH_COMPACT] §f              §8(This totals 2 types of materials stashed!)
05:11:56 [STASH_COMPACT] §f                §3§l>>> §3§lCLICK HERE§b to pick them up! §3§l<<<
05:11:56 [EMPTY]   
05:11:59 [EMPTY] 
05:12:18 [EMPTY] 
05:12:57 [EMPTY]  
05:12:57 [STASH_COMPACT] §f                 §7You have §3510 §7materials stashed away!
05:12:57 [STASH_COMPACT] §f              §8(This totals 2 types of materials stashed!)
05:12:57 [STASH_COMPACT] §f                §3§l>>> §3§lCLICK HERE§b to pick them up! §3§l<<<
05:12:57 [EMPTY]   
05:13:01 [EMPTY] 
05:13:36 [EMPTY] 
05:13:57 [EMPTY]  
05:13:57 [STASH_COMPACT] §f                 §7You have §3510 §7materials stashed away!
05:13:57 [STASH_COMPACT] §f              §8(This totals 2 types of materials stashed!)
05:13:57 [STASH_COMPACT] §f                §3§l>>> §3§lCLICK HERE§b to pick them up! §3§l<<<
05:13:57 [EMPTY]   
05:14:08 [EMPTY] 
05:14:28 [EMPTY] 
05:14:41 [EMPTY] 
05:14:50 [EMPTY] 
05:14:58 [EMPTY]  
05:14:58 [STASH_COMPACT] §f                 §7You have §3510 §7materials stashed away!
05:14:58 [STASH_COMPACT] §f              §8(This totals 2 types of materials stashed!)
05:14:58 [STASH_COMPACT] §f                §3§l>>> §3§lCLICK HERE§b to pick them up! §3§l<<<
05:14:58 [EMPTY]   
05:15:10 [EMPTY] 
05:15:34 [EMPTY] 
05:15:59 [EMPTY]  
05:15:59 [STASH_COMPACT] §f                 §7You have §3510 §7materials stashed away!
05:15:59 [STASH_COMPACT] §f              §8(This totals 2 types of materials stashed!)
05:15:59 [STASH_COMPACT] §f                §3§l>>> §3§lCLICK HERE§b to pick them up! §3§l<<<
05:15:59 [EMPTY]   
05:16:19 [EMPTY] 
05:16:39 [EMPTY] 
05:16:58 [EMPTY] 
05:17:00 [EMPTY]  
05:17:00 [STASH_COMPACT] §f                 §7You have §3565 §7materials stashed away!
05:17:00 [STASH_COMPACT] §f              §8(This totals 3 types of materials stashed!)
05:17:00 [STASH_COMPACT] §f                §3§l>>> §3§lCLICK HERE§b to pick them up! §3§l<<<
05:17:00 [EMPTY]   
05:17:25 [EMPTY] 
05:17:41 [EMPTY] 
05:18:00 [EMPTY]  
05:18:00 [STASH_COMPACT] §f                 §7You have §3565 §7materials stashed away!
05:18:00 [STASH_COMPACT] §f              §8(This totals 3 types of materials stashed!)
05:18:00 [STASH_COMPACT] §f                §3§l>>> §3§lCLICK HERE§b to pick them up! §3§l<<<
05:18:00 [EMPTY]   
05:18:27 [EMPTY] 
05:18:58 [EMPTY] 
05:19:01 [EMPTY]  
05:19:01 [STASH_COMPACT] §f                 §7You have §3565 §7materials stashed away!
05:19:01 [STASH_COMPACT] §f              §8(This totals 3 types of materials stashed!)
05:19:01 [STASH_COMPACT] §f                §3§l>>> §3§lCLICK HERE§b to pick them up! §3§l<<<
05:19:01 [EMPTY]   
05:19:07 [EMPTY] 
05:19:18 [EMPTY] 
05:19:46 [EMPTY] 
05:19:54 [EMPTY] 
05:20:01 [EMPTY]  
05:20:01 [STASH_COMPACT] §f                 §7You have §3565 §7materials stashed away!
05:20:01 [STASH_COMPACT] §f              §8(This totals 3 types of materials stashed!)
05:20:01 [STASH_COMPACT] §f                §3§l>>> §3§lCLICK HERE§b to pick them up! §3§l<<<
05:20:01 [EMPTY]   
05:20:26 [EMPTY] 
05:21:02 [EMPTY]  
05:21:02 [STASH_COMPACT] §f                 §7You have §3565 §7materials stashed away!
05:21:02 [STASH_COMPACT] §f              §8(This totals 3 types of materials stashed!)
05:21:02 [STASH_COMPACT] §f                §3§l>>> §3§lCLICK HERE§b to pick them up! §3§l<<<
05:21:02 [EMPTY]   
05:21:18 [EMPTY] 
05:21:29 [EMPTY] §f                                        
05:22:02 [EMPTY]  
05:22:02 [STASH_COMPACT] §f                §7You have §31,677 §7materials stashed away!
05:22:02 [STASH_COMPACT] §f              §8(This totals 3 types of materials stashed!)
05:22:02 [STASH_COMPACT] §f                §3§l>>> §3§lCLICK HERE§b to pick them up! §3§l<<<
05:22:02 [EMPTY]   
05:23:03 [EMPTY]  
05:23:03 [STASH_COMPACT] §f                §7You have §31,677 §7materials stashed away!
05:23:03 [STASH_COMPACT] §f              §8(This totals 3 types of materials stashed!)
05:23:03 [STASH_COMPACT] §f                §3§l>>> §3§lCLICK HERE§b to pick them up! §3§l<<<
05:23:03 [EMPTY]   
05:23:38 [EMPTY] 
05:23:48 [EMPTY] 
05:24:04 [EMPTY]  
05:24:04 [STASH_COMPACT] §f                §7You have §31,677 §7materials stashed away!
05:24:04 [STASH_COMPACT] §f              §8(This totals 3 types of materials stashed!)
05:24:04 [STASH_COMPACT] §f                §3§l>>> §3§lCLICK HERE§b to pick them up! §3§l<<<
05:24:04 [EMPTY]   
05:24:43 [EMPTY] 
05:24:55 [EMPTY] 
05:25:04 [EMPTY]  
05:25:04 [STASH_COMPACT] §f                §7You have §31,677 §7materials stashed away!
05:25:04 [STASH_COMPACT] §f              §8(This totals 3 types of materials stashed!)
05:25:04 [STASH_COMPACT] §f                §3§l>>> §3§lCLICK HERE§b to pick them up! §3§l<<<
05:25:04 [EMPTY]   
05:25:38 [EMPTY] 
05:25:51 [EMPTY] 
05:26:05 [EMPTY]  
05:26:05 [STASH_COMPACT] §f                §7You have §31,677 §7materials stashed away!
05:26:05 [STASH_COMPACT] §f              §8(This totals 3 types of materials stashed!)
05:26:05 [STASH_COMPACT] §f                §3§l>>> §3§lCLICK HERE§b to pick them up! §3§l<<<
05:26:05 [EMPTY]   
05:26:26 [EMPTY] 
05:26:58 [EMPTY] 
05:27:06 [EMPTY]  
05:27:06 [STASH_COMPACT] §f                §7You have §31,720 §7materials stashed away!
05:27:06 [STASH_COMPACT] §f              §8(This totals 3 types of materials stashed!)
05:27:06 [STASH_COMPACT] §f                §3§l>>> §3§lCLICK HERE§b to pick them up! §3§l<<<
05:27:06 [EMPTY]   
05:27:48 [EMPTY] 
05:27:57 [EMPTY] 
05:28:07 [EMPTY]  
05:28:07 [STASH_COMPACT] §f                §7You have §31,720 §7materials stashed away!
05:28:07 [STASH_COMPACT] §f              §8(This totals 3 types of materials stashed!)
05:28:07 [STASH_COMPACT] §f                §3§l>>> §3§lCLICK HERE§b to pick them up! §3§l<<<
05:28:07 [EMPTY]   
05:28:27 [EMPTY] 
05:28:37 [EMPTY] 
05:29:08 [EMPTY]  
05:29:08 [STASH_COMPACT] §f                §7You have §31,720 §7materials stashed away!
05:29:08 [STASH_COMPACT] §f              §8(This totals 3 types of materials stashed!)
05:29:08 [STASH_COMPACT] §f                §3§l>>> §3§lCLICK HERE§b to pick them up! §3§l<<<
05:29:08 [EMPTY]   
05:29:11 [EMPTY] 
05:29:34 [EMPTY] 
05:30:08 [EMPTY]  
05:30:08 [STASH_COMPACT] §f                §7You have §31,720 §7materials stashed away!
05:30:08 [STASH_COMPACT] §f              §8(This totals 3 types of materials stashed!)
05:30:08 [STASH_COMPACT] §f                §3§l>>> §3§lCLICK HERE§b to pick them up! §3§l<<<
05:30:08 [EMPTY]   
05:31:09 [EMPTY]  
05:31:09 [STASH_COMPACT] §f                §7You have §31,720 §7materials stashed away!
05:31:09 [STASH_COMPACT] §f              §8(This totals 3 types of materials stashed!)
05:31:09 [STASH_COMPACT] §f                §3§l>>> §3§lCLICK HERE§b to pick them up! §3§l<<<
05:31:09 [EMPTY]   
05:31:13 [EMPTY] 
05:31:21 [EMPTY] 
05:32:10 [EMPTY]  
05:32:10 [STASH_COMPACT] §f                §7You have §31,720 §7materials stashed away!
05:32:10 [STASH_COMPACT] §f              §8(This totals 3 types of materials stashed!)
05:32:10 [STASH_COMPACT] §f                §3§l>>> §3§lCLICK HERE§b to pick them up! §3§l<<<
05:32:10 [EMPTY]   
05:32:11 [EMPTY] 
05:32:47 [EMPTY] 
05:33:11 [EMPTY]  
05:33:11 [STASH_COMPACT] §f                §7You have §31,988 §7materials stashed away!
05:33:11 [STASH_COMPACT] §f              §8(This totals 3 types of materials stashed!)
05:33:11 [STASH_COMPACT] §f                §3§l>>> §3§lCLICK HERE§b to pick them up! §3§l<<<
05:33:11 [EMPTY]   
05:33:17 [EMPTY] 
05:33:27 [EMPTY] 
05:33:53 [EMPTY] 
05:34:03 [EMPTY] 
05:34:12 [EMPTY]  
05:34:12 [STASH_COMPACT] §f                §7You have §31,988 §7materials stashed away!
05:34:12 [STASH_COMPACT] §f              §8(This totals 3 types of materials stashed!)
05:34:12 [STASH_COMPACT] §f                §3§l>>> §3§lCLICK HERE§b to pick them up! §3§l<<<
05:34:12 [EMPTY]   
05:35:02 [EMPTY] 
05:35:13 [EMPTY]  
05:35:13 [STASH_COMPACT] §f                §7You have §31,988 §7materials stashed away!
05:35:13 [STASH_COMPACT] §f              §8(This totals 3 types of materials stashed!)
05:35:13 [STASH_COMPACT] §f                §3§l>>> §3§lCLICK HERE§b to pick them up! §3§l<<<
05:35:13 [EMPTY]   
05:35:23 [EMPTY] 
05:36:08 [EMPTY]  
05:36:08 [BESTIARY] §f                                  §6§lBESTIARY
05:36:08 [BESTIARY] §f                                 §b§lBal §7§8X §8➡§b §bXI
05:36:08 [BESTIARY] 
05:36:08 [BESTIARY] §f                                  §r§6§lREWARDS
05:36:08 [BESTIARY] §f                            §r§8+§r§a4 §r§c§lBal §r§b✯ Magic Find
05:36:08 [BESTIARY] §f                            §r§8+§r§a4 §r§c§lBal §r§c❁ Strength
05:36:08 [BESTIARY] §f                                §r§8+§r§62% §r§a§r§c§lBal §r§7coins
05:36:08 [BESTIARY] §f                    §r§8+§r§a50% §r§7chance for extra XP orbs
05:36:08 [BESTIARY] §f                               §r§8+§r§b1 SkyBlock XP
05:36:08 [BESTIARY] 
05:36:08 [BESTIARY] §3§l▬▬▬▬▬▬▬▬▬▬▬▬▬▬▬▬▬▬▬▬▬▬▬▬▬▬▬▬▬▬▬▬▬▬▬▬▬▬▬▬▬▬▬▬▬▬▬▬▬▬▬▬▬▬▬▬▬▬▬▬▬▬▬▬
05:36:12 [EMPTY] 
05:36:14 [EMPTY]  
05:36:14 [STASH_COMPACT] §f                §7You have §31,988 §7materials stashed away!
05:36:14 [STASH_COMPACT] §f              §8(This totals 3 types of materials stashed!)
05:36:14 [STASH_COMPACT] §f                §3§l>>> §3§lCLICK HERE§b to pick them up! §3§l<<<
05:36:14 [EMPTY]   
05:36:20 [EMPTY] 
05:36:42 [EMPTY] 
05:36:44 [EMPTY] 
05:36:53 [EMPTY] 
05:37:15 [EMPTY]  
05:37:15 [STASH_COMPACT] §f                §7You have §31,988 §7materials stashed away!
05:37:15 [STASH_COMPACT] §f              §8(This totals 3 types of materials stashed!)
05:37:15 [STASH_COMPACT] §f                §3§l>>> §3§lCLICK HERE§b to pick them up! §3§l<<<
05:37:15 [EMPTY]   
05:37:32 [EMPTY] 
05:38:04 [EMPTY] 
05:38:16 [EMPTY]  
05:38:16 [STASH_COMPACT] §f                §7You have §32,136 §7materials stashed away!
05:38:16 [STASH_COMPACT] §f              §8(This totals 3 types of materials stashed!)
05:38:16 [STASH_COMPACT] §f                §3§l>>> §3§lCLICK HERE§b to pick them up! §3§l<<<
05:38:16 [EMPTY]   
05:38:39 [EMPTY] 
05:39:17 [EMPTY]  
05:39:17 [STASH_COMPACT] §f                §7You have §32,136 §7materials stashed away!
05:39:17 [STASH_COMPACT] §f              §8(This totals 3 types of materials stashed!)
05:39:17 [STASH_COMPACT] §f                §3§l>>> §3§lCLICK HERE§b to pick them up! §3§l<<<
05:39:17 [EMPTY]   
05:40:04 [EMPTY] 
05:40:14 [EMPTY] 
05:40:18 [EMPTY]  
05:40:18 [STASH_COMPACT] §f                §7You have §32,136 §7materials stashed away!
05:40:18 [STASH_COMPACT] §f              §8(This totals 3 types of materials stashed!)
05:40:18 [STASH_COMPACT] §f                §3§l>>> §3§lCLICK HERE§b to pick them up! §3§l<<<
05:40:18 [EMPTY]   
05:40:22 [EMPTY] 
05:40:37 [EMPTY] 
05:41:10 [EMPTY] 
05:41:20 [EMPTY]  
05:41:20 [STASH_COMPACT] §f                §7You have §32,818 §7materials stashed away!
05:41:20 [STASH_COMPACT] §f              §8(This totals 3 types of materials stashed!)
05:41:20 [STASH_COMPACT] §f                §3§l>>> §3§lCLICK HERE§b to pick them up! §3§l<<<
05:41:20 [EMPTY]   
05:41:23 [EMPTY] §f                                        
05:41:43 [EMPTY] 
05:42:21 [EMPTY]  
05:42:21 [STASH_COMPACT] §f                §7You have §32,849 §7materials stashed away!
05:42:21 [STASH_COMPACT] §f              §8(This totals 3 types of materials stashed!)
05:42:21 [STASH_COMPACT] §f                §3§l>>> §3§lCLICK HERE§b to pick them up! §3§l<<<
05:42:21 [EMPTY]   
05:42:31 [EMPTY] 
05:43:22 [EMPTY]  
05:43:22 [STASH_COMPACT] §f                §7You have §32,849 §7materials stashed away!
05:43:22 [STASH_COMPACT] §f              §8(This totals 3 types of materials stashed!)
05:43:22 [STASH_COMPACT] §f                §3§l>>> §3§lCLICK HERE§b to pick them up! §3§l<<<
05:43:22 [EMPTY]   
05:44:01 [EMPTY] 
05:44:10 [EMPTY] 
05:44:23 [EMPTY]  
05:44:23 [STASH_COMPACT] §f                §7You have §32,849 §7materials stashed away!
05:44:23 [STASH_COMPACT] §f              §8(This totals 3 types of materials stashed!)
05:44:23 [STASH_COMPACT] §f                §3§l>>> §3§lCLICK HERE§b to pick them up! §3§l<<<
05:44:23 [EMPTY]   
05:44:50 [EMPTY] 
05:45:15 [EMPTY] 
05:45:25 [EMPTY]  
05:45:25 [STASH_COMPACT] §f                §7You have §32,874 §7materials stashed away!
05:45:25 [STASH_COMPACT] §f              §8(This totals 3 types of materials stashed!)
05:45:25 [STASH_COMPACT] §f                §3§l>>> §3§lCLICK HERE§b to pick them up! §3§l<<<
05:45:25 [EMPTY]   
05:45:39 [EMPTY] 
05:45:57 [EMPTY] 
05:46:24 [EMPTY] 
05:46:26 [EMPTY]  
05:46:26 [STASH_COMPACT] §f                §7You have §32,874 §7materials stashed away!
05:46:26 [STASH_COMPACT] §f              §8(This totals 3 types of materials stashed!)
05:46:26 [STASH_COMPACT] §f                §3§l>>> §3§lCLICK HERE§b to pick them up! §3§l<<<
05:46:26 [EMPTY]   
05:46:32 [EMPTY] 
05:47:09 [EMPTY] 
05:47:27 [EMPTY]  
05:47:27 [STASH_COMPACT] §f                §7You have §32,874 §7materials stashed away!
05:47:27 [STASH_COMPACT] §f              §8(This totals 3 types of materials stashed!)
05:47:27 [STASH_COMPACT] §f                §3§l>>> §3§lCLICK HERE§b to pick them up! §3§l<<<
05:47:27 [EMPTY]   
05:47:28 [EMPTY] 
05:48:12 [EMPTY] 
05:48:20 [EMPTY] 
05:48:28 [EMPTY]  
05:48:28 [STASH_COMPACT] §f                §7You have §32,874 §7materials stashed away!
05:48:28 [STASH_COMPACT] §f              §8(This totals 3 types of materials stashed!)
05:48:28 [STASH_COMPACT] §f                §3§l>>> §3§lCLICK HERE§b to pick them up! §3§l<<<
05:48:28 [EMPTY]   
05:48:43 [EMPTY] 
05:48:51 [EMPTY] 
05:49:24 [EMPTY] 
05:49:29 [EMPTY]  
05:49:29 [STASH_COMPACT] §f                §7You have §32,874 §7materials stashed away!
05:49:29 [STASH_COMPACT] §f              §8(This totals 3 types of materials stashed!)
05:49:29 [STASH_COMPACT] §f                §3§l>>> §3§lCLICK HERE§b to pick them up! §3§l<<<
05:49:29 [EMPTY]   
05:49:54 [EMPTY] 
05:50:16 [EMPTY] 
05:50:30 [EMPTY]  
05:50:30 [STASH_COMPACT] §f                §7You have §32,874 §7materials stashed away!
05:50:30 [STASH_COMPACT] §f              §8(This totals 3 types of materials stashed!)
05:50:30 [STASH_COMPACT] §f                §3§l>>> §3§lCLICK HERE§b to pick them up! §3§l<<<
05:50:30 [EMPTY]   
05:51:26 [EMPTY] 
05:51:31 [EMPTY]  
05:51:31 [STASH_COMPACT] §f                §7You have §32,874 §7materials stashed away!
05:51:31 [STASH_COMPACT] §f              §8(This totals 3 types of materials stashed!)
05:51:31 [STASH_COMPACT] §f                §3§l>>> §3§lCLICK HERE§b to pick them up! §3§l<<<
05:51:31 [EMPTY]   
05:51:35 [EMPTY] 
05:51:46 [EMPTY] 
05:52:32 [EMPTY]  
05:52:32 [STASH_COMPACT] §f                §7You have §32,874 §7materials stashed away!
05:52:32 [STASH_COMPACT] §f              §8(This totals 3 types of materials stashed!)
05:52:32 [STASH_COMPACT] §f                §3§l>>> §3§lCLICK HERE§b to pick them up! §3§l<<<
05:52:32 [EMPTY]   
05:52:42 [EMPTY] 
05:53:18 [EMPTY] 
05:53:33 [EMPTY]  
05:53:33 [STASH_COMPACT] §f                §7You have §33,025 §7materials stashed away!
05:53:33 [STASH_COMPACT] §f              §8(This totals 3 types of materials stashed!)
05:53:33 [STASH_COMPACT] §f                §3§l>>> §3§lCLICK HERE§b to pick them up! §3§l<<<
05:53:33 [EMPTY]   
05:53:53 [EMPTY] 
05:54:03 [EMPTY] 
05:54:33 [EMPTY]  
05:54:33 [STASH_COMPACT] §f                §7You have §33,025 §7materials stashed away!
05:54:33 [STASH_COMPACT] §f              §8(This totals 3 types of materials stashed!)
05:54:33 [STASH_COMPACT] §f                §3§l>>> §3§lCLICK HERE§b to pick them up! §3§l<<<
05:54:33 [EMPTY]   
05:55:32 [EMPTY] 
05:55:34 [EMPTY]  
05:55:34 [STASH_COMPACT] §f                §7You have §33,025 §7materials stashed away!
05:55:34 [STASH_COMPACT] §f              §8(This totals 3 types of materials stashed!)
05:55:34 [STASH_COMPACT] §f                §3§l>>> §3§lCLICK HERE§b to pick them up! §3§l<<<
05:55:34 [EMPTY]   
05:55:44 [EMPTY] 
05:56:05 [EMPTY] 
05:56:28 [EMPTY] 
05:56:35 [EMPTY]  
05:56:35 [STASH_COMPACT] §f                §7You have §33,025 §7materials stashed away!
05:56:35 [STASH_COMPACT] §f              §8(This totals 3 types of materials stashed!)
05:56:35 [STASH_COMPACT] §f                §3§l>>> §3§lCLICK HERE§b to pick them up! §3§l<<<
05:56:35 [EMPTY]   
05:56:38 [EMPTY] 
05:57:06 [EMPTY] 
05:57:26 [EMPTY] 
05:57:34 [EMPTY] 
05:57:36 [EMPTY]  
05:57:36 [STASH_COMPACT] §f                §7You have §33,025 §7materials stashed away!
05:57:36 [STASH_COMPACT] §f              §8(This totals 3 types of materials stashed!)
05:57:36 [STASH_COMPACT] §f                §3§l>>> §3§lCLICK HERE§b to pick them up! §3§l<<<
05:57:36 [EMPTY]   
05:57:46 [EMPTY] 
05:58:26 [EMPTY] 
05:58:36 [EMPTY]  
05:58:36 [STASH_COMPACT] §f                §7You have §33,025 §7materials stashed away!
05:58:36 [STASH_COMPACT] §f              §8(This totals 3 types of materials stashed!)
05:58:36 [STASH_COMPACT] §f                §3§l>>> §3§lCLICK HERE§b to pick them up! §3§l<<<
05:58:36 [EMPTY]   
05:58:56 [EMPTY] 
05:59:19 [EMPTY] 
05:59:37 [EMPTY]  
05:59:37 [STASH_COMPACT] §f                §7You have §33,025 §7materials stashed away!
05:59:37 [STASH_COMPACT] §f              §8(This totals 3 types of materials stashed!)
05:59:37 [STASH_COMPACT] §f                §3§l>>> §3§lCLICK HERE§b to pick them up! §3§l<<<
05:59:37 [EMPTY]   
06:00:14 [EMPTY] 
06:00:21 [EMPTY] 
06:00:31 [EMPTY] 
06:00:38 [EMPTY]  
06:00:38 [STASH_COMPACT] §f                §7You have §33,025 §7materials stashed away!
06:00:38 [STASH_COMPACT] §f              §8(This totals 3 types of materials stashed!)
06:00:38 [STASH_COMPACT] §f                §3§l>>> §3§lCLICK HERE§b to pick them up! §3§l<<<
06:00:38 [EMPTY]   
06:01:09 [EMPTY] 
06:01:29 [EMPTY] §f                                        
06:01:31 [EMPTY] 
06:01:39 [EMPTY]  
06:01:39 [STASH_COMPACT] §f                §7You have §33,025 §7materials stashed away!
06:01:39 [STASH_COMPACT] §f              §8(This totals 3 types of materials stashed!)
06:01:39 [STASH_COMPACT] §f                §3§l>>> §3§lCLICK HERE§b to pick them up! §3§l<<<
06:01:39 [EMPTY]   
06:01:47 [EMPTY] 
06:01:57 [EMPTY] 
06:02:17 [EMPTY] 
06:02:27 [EMPTY] 
06:02:39 [EMPTY]  
06:02:39 [STASH_COMPACT] §f                §7You have §33,025 §7materials stashed away!
06:02:39 [STASH_COMPACT] §f              §8(This totals 3 types of materials stashed!)
06:02:39 [STASH_COMPACT] §f                §3§l>>> §3§lCLICK HERE§b to pick them up! §3§l<<<
06:02:39 [EMPTY]   
06:03:01 [EMPTY] 
06:03:21 [EMPTY] 
06:03:40 [EMPTY]  
06:03:40 [STASH_COMPACT] §f                §7You have §33,025 §7materials stashed away!
06:03:40 [STASH_COMPACT] §f              §8(This totals 3 types of materials stashed!)
06:03:40 [STASH_COMPACT] §f                §3§l>>> §3§lCLICK HERE§b to pick them up! §3§l<<<
06:03:40 [EMPTY]   
06:04:24 [EMPTY] 
06:04:33 [EMPTY] 
06:04:42 [EMPTY]  
06:04:42 [STASH_COMPACT] §f                §7You have §33,025 §7materials stashed away!
06:04:42 [STASH_COMPACT] §f              §8(This totals 3 types of materials stashed!)
06:04:42 [STASH_COMPACT] §f                §3§l>>> §3§lCLICK HERE§b to pick them up! §3§l<<<
06:04:42 [EMPTY]   
06:05:01 [EMPTY] 
06:05:09 [EMPTY] 
06:05:43 [EMPTY]  
06:05:43 [STASH_COMPACT] §f                §7You have §33,025 §7materials stashed away!
06:05:43 [STASH_COMPACT] §f              §8(This totals 3 types of materials stashed!)
06:05:43 [STASH_COMPACT] §f                §3§l>>> §3§lCLICK HERE§b to pick them up! §3§l<<<
06:05:43 [EMPTY]   
06:05:47 [EMPTY] 
06:06:11 [EMPTY] 
06:06:43 [EMPTY]  
06:06:43 [STASH_COMPACT] §f                §7You have §33,069 §7materials stashed away!
06:06:43 [STASH_COMPACT] §f              §8(This totals 3 types of materials stashed!)
06:06:43 [STASH_COMPACT] §f                §3§l>>> §3§lCLICK HERE§b to pick them up! §3§l<<<
06:06:43 [EMPTY]   
06:06:48 [EMPTY] 
06:07:02 [EMPTY] 
06:07:28 [EMPTY] 
06:07:37 [EMPTY] 
06:07:44 [EMPTY]  
06:07:44 [STASH_COMPACT] §f                §7You have §33,069 §7materials stashed away!
06:07:44 [STASH_COMPACT] §f              §8(This totals 3 types of materials stashed!)
06:07:44 [STASH_COMPACT] §f                §3§l>>> §3§lCLICK HERE§b to pick them up! §3§l<<<
06:07:44 [EMPTY]   
06:08:20 [EMPTY] 
06:08:41 [EMPTY] 
06:08:45 [EMPTY]  
06:08:45 [STASH_COMPACT] §f                §7You have §33,069 §7materials stashed away!
06:08:45 [STASH_COMPACT] §f              §8(This totals 3 types of materials stashed!)
06:08:45 [STASH_COMPACT] §f                §3§l>>> §3§lCLICK HERE§b to pick them up! §3§l<<<
06:08:45 [EMPTY]   
06:09:44 [EMPTY] 
06:09:46 [EMPTY]  
06:09:46 [STASH_COMPACT] §f                §7You have §33,069 §7materials stashed away!
06:09:46 [STASH_COMPACT] §f              §8(This totals 3 types of materials stashed!)
06:09:46 [STASH_COMPACT] §f                §3§l>>> §3§lCLICK HERE§b to pick them up! §3§l<<<
06:09:46 [EMPTY]   
06:09:55 [EMPTY] 
06:10:22 [EMPTY] 
06:10:34 [EMPTY] 
06:10:47 [EMPTY]  
06:10:47 [STASH_COMPACT] §f                §7You have §33,069 §7materials stashed away!
06:10:47 [STASH_COMPACT] §f              §8(This totals 3 types of materials stashed!)
06:10:47 [STASH_COMPACT] §f                §3§l>>> §3§lCLICK HERE§b to pick them up! §3§l<<<
06:10:47 [EMPTY]   
06:11:17 [EMPTY] 
06:11:46 [EMPTY] 
06:11:47 [EMPTY]  
06:11:47 [STASH_COMPACT] §f                §7You have §33,158 §7materials stashed away!
06:11:47 [STASH_COMPACT] §f              §8(This totals 3 types of materials stashed!)
06:11:47 [STASH_COMPACT] §f                §3§l>>> §3§lCLICK HERE§b to pick them up! §3§l<<<
06:11:47 [EMPTY]   
06:12:48 [EMPTY]  
06:12:48 [STASH_COMPACT] §f                §7You have §33,158 §7materials stashed away!
06:12:48 [STASH_COMPACT] §f              §8(This totals 3 types of materials stashed!)
06:12:48 [STASH_COMPACT] §f                §3§l>>> §3§lCLICK HERE§b to pick them up! §3§l<<<
06:12:48 [EMPTY]   
06:13:16 [EMPTY] 
06:13:49 [EMPTY]  
06:13:49 [STASH_COMPACT] §f                §7You have §33,158 §7materials stashed away!
06:13:49 [STASH_COMPACT] §f              §8(This totals 3 types of materials stashed!)
06:13:49 [STASH_COMPACT] §f                §3§l>>> §3§lCLICK HERE§b to pick them up! §3§l<<<
06:13:49 [EMPTY]   
06:14:02 [EMPTY] 
06:14:32 [EMPTY] 
06:14:47 [EMPTY] 
06:14:49 [EMPTY]  
06:14:49 [STASH_COMPACT] §f                §7You have §33,158 §7materials stashed away!
06:14:49 [STASH_COMPACT] §f              §8(This totals 3 types of materials stashed!)
06:14:49 [STASH_COMPACT] §f                §3§l>>> §3§lCLICK HERE§b to pick them up! §3§l<<<
06:14:49 [EMPTY]   
06:15:50 [EMPTY]  
06:15:50 [STASH_COMPACT] §f                §7You have §33,158 §7materials stashed away!
06:15:50 [STASH_COMPACT] §f              §8(This totals 3 types of materials stashed!)
06:15:50 [STASH_COMPACT] §f                §3§l>>> §3§lCLICK HERE§b to pick them up! §3§l<<<
06:15:50 [EMPTY]   
06:16:44 [EMPTY] 
06:16:51 [EMPTY]  
06:16:51 [STASH_COMPACT] §f                §7You have §33,158 §7materials stashed away!
06:16:51 [STASH_COMPACT] §f              §8(This totals 3 types of materials stashed!)
06:16:51 [STASH_COMPACT] §f                §3§l>>> §3§lCLICK HERE§b to pick them up! §3§l<<<
06:16:51 [EMPTY]   
06:17:33 [EMPTY] 
06:17:52 [EMPTY]  
06:17:52 [STASH_COMPACT] §f                §7You have §33,399 §7materials stashed away!
06:17:52 [STASH_COMPACT] §f              §8(This totals 3 types of materials stashed!)
06:17:52 [STASH_COMPACT] §f                §3§l>>> §3§lCLICK HERE§b to pick them up! §3§l<<<
06:17:52 [EMPTY]   
06:18:35 [EMPTY] 
06:18:49 [EMPTY] 
06:18:54 [EMPTY]  
06:18:54 [STASH_COMPACT] §f                §7You have §33,399 §7materials stashed away!
06:18:54 [STASH_COMPACT] §f              §8(This totals 3 types of materials stashed!)
06:18:54 [STASH_COMPACT] §f                §3§l>>> §3§lCLICK HERE§b to pick them up! §3§l<<<
06:18:54 [EMPTY]   
06:19:14 [EMPTY] 
06:19:24 [EMPTY] 
06:19:46 [EMPTY] 
06:19:55 [EMPTY]  
06:19:55 [STASH_COMPACT] §f                §7You have §33,399 §7materials stashed away!
06:19:55 [STASH_COMPACT] §f              §8(This totals 3 types of materials stashed!)
06:19:55 [STASH_COMPACT] §f                §3§l>>> §3§lCLICK HERE§b to pick them up! §3§l<<<
06:19:55 [EMPTY]   
06:20:00 [EMPTY] 
06:20:19 [EMPTY] 
06:20:56 [EMPTY]  
06:20:56 [STASH_COMPACT] §f                §7You have §33,399 §7materials stashed away!
06:20:56 [STASH_COMPACT] §f              §8(This totals 3 types of materials stashed!)
06:20:56 [STASH_COMPACT] §f                §3§l>>> §3§lCLICK HERE§b to pick them up! §3§l<<<
06:20:56 [EMPTY]   
06:21:12 [EMPTY] 
06:21:24 [EMPTY] §f                                        
06:21:36 [EMPTY] 
06:21:48 [EMPTY] 
06:21:57 [EMPTY] 
06:21:57 [EMPTY]  
06:21:57 [STASH_COMPACT] §f                §7You have §33,399 §7materials stashed away!
06:21:57 [STASH_COMPACT] §f              §8(This totals 3 types of materials stashed!)
06:21:57 [STASH_COMPACT] §f                §3§l>>> §3§lCLICK HERE§b to pick them up! §3§l<<<
06:21:57 [EMPTY]   
06:22:56 [EMPTY] 
06:22:59 [EMPTY]  
06:22:59 [STASH_COMPACT] §f                §7You have §33,399 §7materials stashed away!
06:22:59 [STASH_COMPACT] §f              §8(This totals 3 types of materials stashed!)
06:22:59 [STASH_COMPACT] §f                §3§l>>> §3§lCLICK HERE§b to pick them up! §3§l<<<
06:22:59 [EMPTY]   
06:23:18 [EMPTY] 
06:23:54 [EMPTY] 
06:24:01 [EMPTY]  
06:24:01 [STASH_COMPACT] §f                §7You have §33,411 §7materials stashed away!
06:24:01 [STASH_COMPACT] §f              §8(This totals 3 types of materials stashed!)
06:24:01 [STASH_COMPACT] §f                §3§l>>> §3§lCLICK HERE§b to pick them up! §3§l<<<
06:24:01 [EMPTY]   
06:24:10 [EMPTY] 
06:24:44 [EMPTY] 
06:24:54 [EMPTY] 
06:25:02 [EMPTY]  
06:25:02 [STASH_COMPACT] §f                §7You have §33,411 §7materials stashed away!
06:25:02 [STASH_COMPACT] §f              §8(This totals 3 types of materials stashed!)
06:25:02 [STASH_COMPACT] §f                §3§l>>> §3§lCLICK HERE§b to pick them up! §3§l<<<
06:25:02 [EMPTY]   
06:25:23 [EMPTY] 
06:25:44 [EMPTY] 
06:26:04 [EMPTY]  
06:26:04 [STASH_COMPACT] §f                §7You have §33,411 §7materials stashed away!
06:26:04 [STASH_COMPACT] §f              §8(This totals 3 types of materials stashed!)
06:26:04 [STASH_COMPACT] §f                §3§l>>> §3§lCLICK HERE§b to pick them up! §3§l<<<
06:26:04 [EMPTY]   
06:27:05 [EMPTY] 
06:27:05 [EMPTY]  
06:27:05 [STASH_COMPACT] §f                §7You have §33,411 §7materials stashed away!
06:27:05 [STASH_COMPACT] §f              §8(This totals 3 types of materials stashed!)
06:27:05 [STASH_COMPACT] §f                §3§l>>> §3§lCLICK HERE§b to pick them up! §3§l<<<
06:27:05 [EMPTY]   
06:27:14 [EMPTY] 
06:27:37 [EMPTY] 
06:27:45 [EMPTY] 
06:28:06 [EMPTY]  
06:28:06 [STASH_COMPACT] §f                §7You have §33,411 §7materials stashed away!
06:28:06 [STASH_COMPACT] §f              §8(This totals 3 types of materials stashed!)
06:28:06 [STASH_COMPACT] §f                §3§l>>> §3§lCLICK HERE§b to pick them up! §3§l<<<
06:28:06 [EMPTY]   
06:28:19 [EMPTY] 
06:28:47 [EMPTY] 
06:29:08 [EMPTY]  
06:29:08 [STASH_COMPACT] §f                §7You have §33,411 §7materials stashed away!
06:29:08 [STASH_COMPACT] §f              §8(This totals 3 types of materials stashed!)
06:29:08 [STASH_COMPACT] §f                §3§l>>> §3§lCLICK HERE§b to pick them up! §3§l<<<
06:29:08 [EMPTY]   
06:29:19 [EMPTY] 
06:29:47 [EMPTY] 
06:29:57 [EMPTY] 
06:30:06 [EMPTY] 
06:30:10 [EMPTY]  
06:30:10 [STASH_COMPACT] §f                §7You have §33,411 §7materials stashed away!
06:30:10 [STASH_COMPACT] §f              §8(This totals 3 types of materials stashed!)
06:30:10 [STASH_COMPACT] §f                §3§l>>> §3§lCLICK HERE§b to pick them up! §3§l<<<
06:30:10 [EMPTY]   
06:30:53 [EMPTY] 
06:31:11 [EMPTY]  
06:31:11 [STASH_COMPACT] §f                §7You have §33,411 §7materials stashed away!
06:31:11 [STASH_COMPACT] §f              §8(This totals 3 types of materials stashed!)
06:31:11 [STASH_COMPACT] §f                §3§l>>> §3§lCLICK HERE§b to pick them up! §3§l<<<
06:31:11 [EMPTY]   
06:31:15 [EMPTY] 
06:31:43 [EMPTY] 
06:31:53 [EMPTY] 
06:32:12 [EMPTY]  
06:32:12 [STASH_COMPACT] §f                §7You have §33,411 §7materials stashed away!
06:32:12 [STASH_COMPACT] §f              §8(This totals 3 types of materials stashed!)
06:32:12 [STASH_COMPACT] §f                §3§l>>> §3§lCLICK HERE§b to pick them up! §3§l<<<
06:32:12 [EMPTY]   
06:33:11 [EMPTY] 
06:33:13 [EMPTY]  
06:33:13 [STASH_COMPACT] §f                §7You have §33,411 §7materials stashed away!
06:33:13 [STASH_COMPACT] §f              §8(This totals 3 types of materials stashed!)
06:33:13 [STASH_COMPACT] §f                §3§l>>> §3§lCLICK HERE§b to pick them up! §3§l<<<
06:33:13 [EMPTY]   
06:33:19 [EMPTY] 
06:33:53 [EMPTY] 
06:34:14 [EMPTY]  
06:34:14 [STASH_COMPACT] §f                §7You have §33,724 §7materials stashed away!
06:34:14 [STASH_COMPACT] §f              §8(This totals 3 types of materials stashed!)
06:34:14 [STASH_COMPACT] §f                §3§l>>> §3§lCLICK HERE§b to pick them up! §3§l<<<
06:34:14 [EMPTY]   
06:34:25 [EMPTY] 
06:35:15 [EMPTY]  
06:35:15 [STASH_COMPACT] §f                §7You have §33,724 §7materials stashed away!
06:35:15 [STASH_COMPACT] §f              §8(This totals 3 types of materials stashed!)
06:35:15 [STASH_COMPACT] §f                §3§l>>> §3§lCLICK HERE§b to pick them up! §3§l<<<
06:35:15 [EMPTY]   
06:35:29 [EMPTY] 
06:36:04 [EMPTY] 
06:36:15 [EMPTY] 
06:36:16 [EMPTY]  
06:36:16 [STASH_COMPACT] §f                §7You have §33,724 §7materials stashed away!
06:36:16 [STASH_COMPACT] §f              §8(This totals 3 types of materials stashed!)
06:36:16 [STASH_COMPACT] §f                §3§l>>> §3§lCLICK HERE§b to pick them up! §3§l<<<
06:36:16 [EMPTY]   
06:36:27 [EMPTY] 
06:36:44 [EMPTY] 
06:37:12 [EMPTY] 
06:37:17 [EMPTY]  
06:37:17 [STASH_COMPACT] §f                §7You have §33,724 §7materials stashed away!
06:37:17 [STASH_COMPACT] §f              §8(This totals 3 types of materials stashed!)
06:37:17 [STASH_COMPACT] §f                §3§l>>> §3§lCLICK HERE§b to pick them up! §3§l<<<
06:37:17 [EMPTY]   
06:37:32 [EMPTY] 
06:38:18 [EMPTY]  
06:38:18 [STASH_COMPACT] §f                §7You have §33,724 §7materials stashed away!
06:38:18 [STASH_COMPACT] §f              §8(This totals 3 types of materials stashed!)
06:38:18 [STASH_COMPACT] §f                §3§l>>> §3§lCLICK HERE§b to pick them up! §3§l<<<
06:38:18 [EMPTY]   
06:38:41 [EMPTY] 
06:38:51 [EMPTY] 
06:39:15 [EMPTY] 
06:39:19 [EMPTY]  
06:39:19 [STASH_COMPACT] §f                §7You have §33,724 §7materials stashed away!
06:39:19 [STASH_COMPACT] §f              §8(This totals 3 types of materials stashed!)
06:39:19 [STASH_COMPACT] §f                §3§l>>> §3§lCLICK HERE§b to pick them up! §3§l<<<
06:39:19 [EMPTY]   
06:39:23 [EMPTY] 
06:40:01 [EMPTY] 
06:40:19 [EMPTY]  
06:40:19 [STASH_COMPACT] §f                §7You have §33,763 §7materials stashed away!
06:40:19 [STASH_COMPACT] §f              §8(This totals 3 types of materials stashed!)
06:40:19 [STASH_COMPACT] §f                §3§l>>> §3§lCLICK HERE§b to pick them up! §3§l<<<
06:40:19 [EMPTY]   
06:40:26 [EMPTY] 
06:41:20 [EMPTY]  
06:41:20 [STASH_COMPACT] §f                §7You have §33,763 §7materials stashed away!
06:41:20 [STASH_COMPACT] §f              §8(This totals 3 types of materials stashed!)
06:41:20 [STASH_COMPACT] §f                §3§l>>> §3§lCLICK HERE§b to pick them up! §3§l<<<
06:41:20 [EMPTY]   
06:41:23 [EMPTY] §f                                        
06:42:21 [EMPTY]  
06:42:21 [STASH_COMPACT] §f                §7You have §33,763 §7materials stashed away!
06:42:21 [STASH_COMPACT] §f              §8(This totals 3 types of materials stashed!)
06:42:21 [STASH_COMPACT] §f                §3§l>>> §3§lCLICK HERE§b to pick them up! §3§l<<<
06:42:21 [EMPTY]   
06:43:21 [EMPTY]  
06:43:21 [STASH_COMPACT] §f                §7You have §33,763 §7materials stashed away!
06:43:21 [STASH_COMPACT] §f              §8(This totals 3 types of materials stashed!)
06:43:21 [STASH_COMPACT] §f                §3§l>>> §3§lCLICK HERE§b to pick them up! §3§l<<<
06:43:21 [EMPTY]   
06:43:34 [EMPTY] 
06:44:03 [EMPTY] 
06:44:14 [EMPTY] 
06:44:22 [EMPTY]  
06:44:22 [STASH_COMPACT] §f                §7You have §33,763 §7materials stashed away!
06:44:22 [STASH_COMPACT] §f              §8(This totals 3 types of materials stashed!)
06:44:22 [STASH_COMPACT] §f                §3§l>>> §3§lCLICK HERE§b to pick them up! §3§l<<<
06:44:22 [EMPTY]   
06:44:22 [EMPTY] 
06:45:17 [EMPTY] 
06:45:23 [EMPTY]  
06:45:23 [STASH_COMPACT] §f                §7You have §33,763 §7materials stashed away!
06:45:23 [STASH_COMPACT] §f              §8(This totals 3 types of materials stashed!)
06:45:23 [STASH_COMPACT] §f                §3§l>>> §3§lCLICK HERE§b to pick them up! §3§l<<<
06:45:23 [EMPTY]   
06:45:48 [EMPTY] 
06:46:22 [EMPTY] 
06:46:24 [EMPTY]  
06:46:24 [STASH_COMPACT] §f                §7You have §33,763 §7materials stashed away!
06:46:24 [STASH_COMPACT] §f              §8(This totals 3 types of materials stashed!)
06:46:24 [STASH_COMPACT] §f                §3§l>>> §3§lCLICK HERE§b to pick them up! §3§l<<<
06:46:24 [EMPTY]   
06:46:31 [EMPTY] 
06:46:56 [EMPTY] 
06:47:03 [EMPTY] 
06:47:25 [EMPTY]  
06:47:25 [STASH_COMPACT] §f                §7You have §33,763 §7materials stashed away!
06:47:25 [STASH_COMPACT] §f              §8(This totals 3 types of materials stashed!)
06:47:25 [STASH_COMPACT] §f                §3§l>>> §3§lCLICK HERE§b to pick them up! §3§l<<<
06:47:25 [EMPTY]   
06:47:46 [EMPTY] 
06:48:12 [EMPTY] 
06:48:23 [EMPTY] 
06:48:25 [EMPTY]  
06:48:25 [STASH_COMPACT] §f                §7You have §33,763 §7materials stashed away!
06:48:25 [STASH_COMPACT] §f              §8(This totals 3 types of materials stashed!)
06:48:25 [STASH_COMPACT] §f                §3§l>>> §3§lCLICK HERE§b to pick them up! §3§l<<<
06:48:25 [EMPTY]   
06:48:50 [EMPTY] 
06:49:07 [EMPTY] 
06:49:21 [EMPTY] 
06:49:26 [EMPTY]  
06:49:26 [STASH_COMPACT] §f                §7You have §33,763 §7materials stashed away!
06:49:26 [STASH_COMPACT] §f              §8(This totals 3 types of materials stashed!)
06:49:26 [STASH_COMPACT] §f                §3§l>>> §3§lCLICK HERE§b to pick them up! §3§l<<<
06:49:26 [EMPTY]   
06:50:27 [EMPTY]  
06:50:27 [STASH_COMPACT] §f                §7You have §33,763 §7materials stashed away!
06:50:27 [STASH_COMPACT] §f              §8(This totals 3 types of materials stashed!)
06:50:27 [STASH_COMPACT] §f                §3§l>>> §3§lCLICK HERE§b to pick them up! §3§l<<<
06:50:27 [EMPTY]   
06:51:28 [EMPTY]  
06:51:28 [STASH_COMPACT] §f                §7You have §33,763 §7materials stashed away!
06:51:28 [STASH_COMPACT] §f              §8(This totals 3 types of materials stashed!)
06:51:28 [STASH_COMPACT] §f                §3§l>>> §3§lCLICK HERE§b to pick them up! §3§l<<<
06:51:28 [EMPTY]   
06:52:29 [EMPTY]  
06:52:29 [STASH_COMPACT] §f                §7You have §33,763 §7materials stashed away!
06:52:29 [STASH_COMPACT] §f              §8(This totals 3 types of materials stashed!)
06:52:29 [STASH_COMPACT] §f                §3§l>>> §3§lCLICK HERE§b to pick them up! §3§l<<<
06:52:29 [EMPTY]   
06:52:46 [EMPTY] 
06:53:12 [EMPTY] 
06:53:29 [EMPTY]  
06:53:29 [STASH_COMPACT] §f                §7You have §33,763 §7materials stashed away!
06:53:29 [STASH_COMPACT] §f              §8(This totals 3 types of materials stashed!)
06:53:29 [STASH_COMPACT] §f                §3§l>>> §3§lCLICK HERE§b to pick them up! §3§l<<<
06:53:29 [EMPTY]   
06:54:03 [EMPTY] 
06:54:15 [EMPTY] 
06:54:30 [EMPTY]  
06:54:30 [STASH_COMPACT] §f                §7You have §33,763 §7materials stashed away!
06:54:30 [STASH_COMPACT] §f              §8(This totals 3 types of materials stashed!)
06:54:30 [STASH_COMPACT] §f                §3§l>>> §3§lCLICK HERE§b to pick them up! §3§l<<<
06:54:30 [EMPTY]   
06:54:45 [EMPTY] 
06:54:59 [EMPTY] 
06:55:31 [EMPTY]  
06:55:31 [STASH_COMPACT] §f                §7You have §33,763 §7materials stashed away!
06:55:31 [STASH_COMPACT] §f              §8(This totals 3 types of materials stashed!)
06:55:31 [STASH_COMPACT] §f                §3§l>>> §3§lCLICK HERE§b to pick them up! §3§l<<<
06:55:31 [EMPTY]   
06:55:44 [EMPTY] 
06:56:07 [EMPTY] 
06:56:31 [EMPTY]  
06:56:31 [STASH_COMPACT] §f                §7You have §33,763 §7materials stashed away!
06:56:31 [STASH_COMPACT] §f              §8(This totals 3 types of materials stashed!)
06:56:31 [STASH_COMPACT] §f                §3§l>>> §3§lCLICK HERE§b to pick them up! §3§l<<<
06:56:31 [EMPTY]   
06:56:36 [EMPTY] 
06:56:49 [EMPTY] 
06:57:13 [EMPTY] 
06:57:24 [EMPTY] 
06:57:32 [EMPTY]  
06:57:32 [STASH_COMPACT] §f                §7You have §33,763 §7materials stashed away!
06:57:32 [STASH_COMPACT] §f              §8(This totals 3 types of materials stashed!)
06:57:32 [STASH_COMPACT] §f                §3§l>>> §3§lCLICK HERE§b to pick them up! §3§l<<<
06:57:32 [EMPTY]   
06:58:01 [EMPTY] 
06:58:27 [EMPTY] 
06:58:33 [EMPTY]  
06:58:33 [STASH_COMPACT] §f                §7You have §33,828 §7materials stashed away!
06:58:33 [STASH_COMPACT] §f              §8(This totals 3 types of materials stashed!)
06:58:33 [STASH_COMPACT] §f                §3§l>>> §3§lCLICK HERE§b to pick them up! §3§l<<<
06:58:33 [EMPTY]   
06:58:42 [EMPTY] 
06:59:09 [EMPTY] 
06:59:34 [EMPTY]  
06:59:34 [STASH_COMPACT] §f                §7You have §33,828 §7materials stashed away!
06:59:34 [STASH_COMPACT] §f              §8(This totals 3 types of materials stashed!)
06:59:34 [STASH_COMPACT] §f                §3§l>>> §3§lCLICK HERE§b to pick them up! §3§l<<<
06:59:34 [EMPTY]   
06:59:37 [EMPTY] 
07:00:16 [EMPTY] §f
07:00:16 [EMPTY] §c
07:00:19 [EMPTY]  
07:00:19 [BESTIARY] §f                                  §6§lBESTIARY
07:00:19 [BESTIARY] §f                                §b§lBal §7§8XI §8➡§b §bXII
07:00:19 [BESTIARY] 
07:00:19 [BESTIARY] §f                                  §r§6§lREWARDS
07:00:19 [BESTIARY] §f                            §r§8+§r§a4 §r§c§lBal §r§b✯ Magic Find
07:00:19 [BESTIARY] §f                            §r§8+§r§a4 §r§c§lBal §r§c❁ Strength
07:00:19 [BESTIARY] §f                                §r§8+§r§62% §r§a§r§c§lBal §r§7coins
07:00:19 [BESTIARY] §f                    §r§8+§r§a50% §r§7chance for extra XP orbs
07:00:19 [BESTIARY] §f                               §r§8+§r§b1 SkyBlock XP
07:00:19 [BESTIARY] 
07:00:19 [BESTIARY] §3§l▬▬▬▬▬▬▬▬▬▬▬▬▬▬▬▬▬▬▬▬▬▬▬▬▬▬▬▬▬▬▬▬▬▬▬▬▬▬▬▬▬▬▬▬▬▬▬▬▬▬▬▬▬▬▬▬▬▬▬▬▬▬▬▬
07:00:28 [EMPTY] 
07:00:34 [EMPTY]  
07:00:34 [STASH_COMPACT] §f                §7You have §33,828 §7materials stashed away!
07:00:34 [STASH_COMPACT] §f              §8(This totals 3 types of materials stashed!)
07:00:34 [STASH_COMPACT] §f                §3§l>>> §3§lCLICK HERE§b to pick them up! §3§l<<<
07:00:34 [EMPTY]   
07:00:37 [EMPTY] 
07:01:20 [EMPTY] 
07:01:26 [EMPTY] §f                                        
07:01:35 [EMPTY]  
07:01:35 [STASH_COMPACT] §f                §7You have §33,828 §7materials stashed away!
07:01:35 [STASH_COMPACT] §f              §8(This totals 3 types of materials stashed!)
07:01:35 [STASH_COMPACT] §f                §3§l>>> §3§lCLICK HERE§b to pick them up! §3§l<<<
07:01:35 [EMPTY]   
07:01:47 [EMPTY] 
07:02:36 [EMPTY]  
07:02:36 [STASH_COMPACT] §f                §7You have §33,828 §7materials stashed away!
07:02:36 [STASH_COMPACT] §f              §8(This totals 3 types of materials stashed!)
07:02:36 [STASH_COMPACT] §f                §3§l>>> §3§lCLICK HERE§b to pick them up! §3§l<<<
07:02:36 [EMPTY]   
07:02:51 [EMPTY] 
07:03:19 [EMPTY] 
07:03:28 [EMPTY] 
07:03:36 [EMPTY] 
07:03:37 [EMPTY]  
07:03:37 [STASH_COMPACT] §f                §7You have §33,828 §7materials stashed away!
07:03:37 [STASH_COMPACT] §f              §8(This totals 3 types of materials stashed!)
07:03:37 [STASH_COMPACT] §f                §3§l>>> §3§lCLICK HERE§b to pick them up! §3§l<<<
07:03:37 [EMPTY]   
07:04:12 [EMPTY] 
07:04:36 [EMPTY] 
07:04:38 [EMPTY]  
07:04:38 [STASH_COMPACT] §f                §7You have §33,828 §7materials stashed away!
07:04:38 [STASH_COMPACT] §f              §8(This totals 3 types of materials stashed!)
07:04:38 [STASH_COMPACT] §f                §3§l>>> §3§lCLICK HERE§b to pick them up! §3§l<<<
07:04:38 [EMPTY]   
07:04:57 [EMPTY] 
07:05:19 [EMPTY] 
07:05:38 [EMPTY]  
07:05:38 [STASH_COMPACT] §f                §7You have §33,828 §7materials stashed away!
07:05:38 [STASH_COMPACT] §f              §8(This totals 3 types of materials stashed!)
07:05:38 [STASH_COMPACT] §f                §3§l>>> §3§lCLICK HERE§b to pick them up! §3§l<<<
07:05:38 [EMPTY]   
07:06:31 [EMPTY] 
07:06:39 [EMPTY]  
07:06:39 [STASH_COMPACT] §f                §7You have §33,828 §7materials stashed away!
07:06:39 [STASH_COMPACT] §f              §8(This totals 3 types of materials stashed!)
07:06:39 [STASH_COMPACT] §f                §3§l>>> §3§lCLICK HERE§b to pick them up! §3§l<<<
07:06:39 [EMPTY]   
07:06:48 [EMPTY] 
07:07:40 [EMPTY]  
07:07:40 [STASH_COMPACT] §f                §7You have §33,828 §7materials stashed away!
07:07:40 [STASH_COMPACT] §f              §8(This totals 3 types of materials stashed!)
07:07:40 [STASH_COMPACT] §f                §3§l>>> §3§lCLICK HERE§b to pick them up! §3§l<<<
07:07:40 [EMPTY]   
07:07:55 [EMPTY] 
07:08:14 [EMPTY] 
07:08:35 [EMPTY] 
07:08:40 [EMPTY]  
07:08:40 [STASH_COMPACT] §f                §7You have §33,828 §7materials stashed away!
07:08:40 [STASH_COMPACT] §f              §8(This totals 3 types of materials stashed!)
07:08:40 [STASH_COMPACT] §f                §3§l>>> §3§lCLICK HERE§b to pick them up! §3§l<<<
07:08:40 [EMPTY]   
07:08:47 [EMPTY] 
07:09:15 [EMPTY] 
07:09:25 [EMPTY] 
07:09:41 [EMPTY]  
07:09:41 [STASH_COMPACT] §f                §7You have §33,828 §7materials stashed away!
07:09:41 [STASH_COMPACT] §f              §8(This totals 3 types of materials stashed!)
07:09:41 [STASH_COMPACT] §f                §3§l>>> §3§lCLICK HERE§b to pick them up! §3§l<<<
07:09:41 [EMPTY]   
07:09:59 [EMPTY] 
07:10:27 [EMPTY] 
07:10:41 [EMPTY]  
07:10:41 [STASH_COMPACT] §f                §7You have §34,094 §7materials stashed away!
07:10:41 [STASH_COMPACT] §f              §8(This totals 3 types of materials stashed!)
07:10:41 [STASH_COMPACT] §f                §3§l>>> §3§lCLICK HERE§b to pick them up! §3§l<<<
07:10:41 [EMPTY]   
07:10:52 [EMPTY] 
07:11:05 [EMPTY] 
07:11:29 [EMPTY] 
07:11:38 [EMPTY] 
07:11:42 [EMPTY]  
07:11:42 [STASH_COMPACT] §f                §7You have §34,094 §7materials stashed away!
07:11:42 [STASH_COMPACT] §f              §8(This totals 3 types of materials stashed!)
07:11:42 [STASH_COMPACT] §f                §3§l>>> §3§lCLICK HERE§b to pick them up! §3§l<<<
07:11:42 [EMPTY]   
07:12:20 [EMPTY] 
07:12:41 [EMPTY] 
07:12:42 [EMPTY]  
07:12:42 [STASH_COMPACT] §f                §7You have §34,094 §7materials stashed away!
07:12:42 [STASH_COMPACT] §f              §8(This totals 3 types of materials stashed!)
07:12:42 [STASH_COMPACT] §f                §3§l>>> §3§lCLICK HERE§b to pick them up! §3§l<<<
07:12:42 [EMPTY]   
07:12:54 [EMPTY] 
07:13:04 [EMPTY] 
07:13:26 [EMPTY] 
07:13:40 [EMPTY] 
07:13:43 [EMPTY]  
07:13:43 [STASH_COMPACT] §f                §7You have §34,094 §7materials stashed away!
07:13:43 [STASH_COMPACT] §f              §8(This totals 3 types of materials stashed!)
07:13:43 [STASH_COMPACT] §f                §3§l>>> §3§lCLICK HERE§b to pick them up! §3§l<<<
07:13:43 [EMPTY]   
07:14:38 [EMPTY] 
07:14:44 [EMPTY]  
07:14:44 [STASH_COMPACT] §f                §7You have §34,094 §7materials stashed away!
07:14:44 [STASH_COMPACT] §f              §8(This totals 3 types of materials stashed!)
07:14:44 [STASH_COMPACT] §f                §3§l>>> §3§lCLICK HERE§b to pick them up! §3§l<<<
07:14:44 [EMPTY]   
07:15:04 [EMPTY] 
07:15:41 [EMPTY] 
07:15:45 [EMPTY]  
07:15:45 [STASH_COMPACT] §f                §7You have §34,094 §7materials stashed away!
07:15:45 [STASH_COMPACT] §f              §8(This totals 3 types of materials stashed!)
07:15:45 [STASH_COMPACT] §f                §3§l>>> §3§lCLICK HERE§b to pick them up! §3§l<<<
07:15:45 [EMPTY]   
07:15:58 [EMPTY] 
07:16:08 [EMPTY] 
07:16:29 [EMPTY] 
07:16:46 [EMPTY]  
07:16:46 [STASH_COMPACT] §f                §7You have §34,094 §7materials stashed away!
07:16:46 [STASH_COMPACT] §f              §8(This totals 3 types of materials stashed!)
07:16:46 [STASH_COMPACT] §f                §3§l>>> §3§lCLICK HERE§b to pick them up! §3§l<<<
07:16:46 [EMPTY]   
07:17:38 [EMPTY] 
07:17:46 [EMPTY]  
07:17:46 [STASH_COMPACT] §f                §7You have §34,094 §7materials stashed away!
07:17:46 [STASH_COMPACT] §f              §8(This totals 3 types of materials stashed!)
07:17:46 [STASH_COMPACT] §f                §3§l>>> §3§lCLICK HERE§b to pick them up! §3§l<<<
07:17:46 [EMPTY]   
07:18:05 [EMPTY] 
07:18:47 [EMPTY]  
07:18:47 [STASH_COMPACT] §f                §7You have §34,128 §7materials stashed away!
07:18:47 [STASH_COMPACT] §f              §8(This totals 3 types of materials stashed!)
07:18:47 [STASH_COMPACT] §f                §3§l>>> §3§lCLICK HERE§b to pick them up! §3§l<<<
07:18:47 [EMPTY]   
07:19:04 [EMPTY] 
07:19:28 [EMPTY] 
07:19:37 [EMPTY] 
07:19:39 [EMPTY] 
07:19:45 [EMPTY] 
07:19:48 [EMPTY]  
07:19:48 [STASH_COMPACT] §f                §7You have §34,128 §7materials stashed away!
07:19:48 [STASH_COMPACT] §f              §8(This totals 3 types of materials stashed!)
07:19:48 [STASH_COMPACT] §f                §3§l>>> §3§lCLICK HERE§b to pick them up! §3§l<<<
07:19:48 [EMPTY]   
07:20:21 [EMPTY] 
07:20:42 [EMPTY] 
07:20:49 [EMPTY]  
07:20:49 [STASH_COMPACT] §f                §7You have §34,128 §7materials stashed away!
07:20:49 [STASH_COMPACT] §f              §8(This totals 3 types of materials stashed!)
07:20:49 [STASH_COMPACT] §f                §3§l>>> §3§lCLICK HERE§b to pick them up! §3§l<<<
07:20:49 [EMPTY]   
07:21:28 [EMPTY] §f                                        
07:21:44 [EMPTY] 
07:21:49 [EMPTY]  
07:21:49 [STASH_COMPACT] §f                §7You have §34,128 §7materials stashed away!
07:21:49 [STASH_COMPACT] §f              §8(This totals 3 types of materials stashed!)
07:21:49 [STASH_COMPACT] §f                §3§l>>> §3§lCLICK HERE§b to pick them up! §3§l<<<
07:21:49 [EMPTY]   
07:21:53 [EMPTY] 
07:22:17 [EMPTY] 
07:22:26 [EMPTY] 
07:22:50 [EMPTY]  
07:22:50 [STASH_COMPACT] §f                §7You have §34,128 §7materials stashed away!
07:22:50 [STASH_COMPACT] §f              §8(This totals 3 types of materials stashed!)
07:22:50 [STASH_COMPACT] §f                §3§l>>> §3§lCLICK HERE§b to pick them up! §3§l<<<
07:22:50 [EMPTY]   
07:22:59 [EMPTY] 
07:23:30 [EMPTY] 
07:23:51 [EMPTY]  
07:23:51 [STASH_COMPACT] §f                §7You have §34,395 §7materials stashed away!
07:23:51 [STASH_COMPACT] §f              §8(This totals 3 types of materials stashed!)
07:23:51 [STASH_COMPACT] §f                §3§l>>> §3§lCLICK HERE§b to pick them up! §3§l<<<
07:23:51 [EMPTY]   
07:24:08 [EMPTY] 
07:24:32 [EMPTY] 
07:24:43 [EMPTY] 
07:24:50 [EMPTY] 
07:24:52 [EMPTY]  
07:24:52 [STASH_COMPACT] §f                §7You have §34,395 §7materials stashed away!
07:24:52 [STASH_COMPACT] §f              §8(This totals 3 types of materials stashed!)
07:24:52 [STASH_COMPACT] §f                §3§l>>> §3§lCLICK HERE§b to pick them up! §3§l<<<
07:24:52 [EMPTY]   
07:25:23 [EMPTY] 
07:25:44 [EMPTY] 
07:25:52 [EMPTY]  
07:25:52 [STASH_COMPACT] §f                §7You have §34,395 §7materials stashed away!
07:25:52 [STASH_COMPACT] §f              §8(This totals 3 types of materials stashed!)
07:25:52 [STASH_COMPACT] §f                §3§l>>> §3§lCLICK HERE§b to pick them up! §3§l<<<
07:25:52 [EMPTY]   
07:26:29 [EMPTY] 
07:26:40 [EMPTY] 
07:26:53 [EMPTY]  
07:26:53 [STASH_COMPACT] §f                §7You have §34,395 §7materials stashed away!
07:26:53 [STASH_COMPACT] §f              §8(This totals 3 types of materials stashed!)
07:26:53 [STASH_COMPACT] §f                §3§l>>> §3§lCLICK HERE§b to pick them up! §3§l<<<
07:26:53 [EMPTY]   
07:27:05 [EMPTY] 
07:27:13 [EMPTY] 
07:27:54 [EMPTY]  
07:27:54 [STASH_COMPACT] §f                §7You have §34,395 §7materials stashed away!
07:27:54 [STASH_COMPACT] §f              §8(This totals 3 types of materials stashed!)
07:27:54 [STASH_COMPACT] §f                §3§l>>> §3§lCLICK HERE§b to pick them up! §3§l<<<
07:27:54 [EMPTY]   
07:28:54 [EMPTY]  
07:28:54 [STASH_COMPACT] §f                §7You have §34,395 §7materials stashed away!
07:28:54 [STASH_COMPACT] §f              §8(This totals 3 types of materials stashed!)
07:28:54 [STASH_COMPACT] §f                §3§l>>> §3§lCLICK HERE§b to pick them up! §3§l<<<
07:28:54 [EMPTY]   
07:29:55 [EMPTY]  
07:29:55 [STASH_COMPACT] §f                §7You have §34,395 §7materials stashed away!
07:29:55 [STASH_COMPACT] §f              §8(This totals 3 types of materials stashed!)
07:29:55 [STASH_COMPACT] §f                §3§l>>> §3§lCLICK HERE§b to pick them up! §3§l<<<
07:29:55 [EMPTY]   
07:30:55 [EMPTY]  
07:30:55 [STASH_COMPACT] §f                §7You have §34,395 §7materials stashed away!
07:30:55 [STASH_COMPACT] §f              §8(This totals 3 types of materials stashed!)
07:30:55 [STASH_COMPACT] §f                §3§l>>> §3§lCLICK HERE§b to pick them up! §3§l<<<
07:30:55 [EMPTY]   
07:31:56 [EMPTY]  
07:31:56 [STASH_COMPACT] §f                §7You have §34,395 §7materials stashed away!
07:31:56 [STASH_COMPACT] §f              §8(This totals 3 types of materials stashed!)
07:31:56 [STASH_COMPACT] §f                §3§l>>> §3§lCLICK HERE§b to pick them up! §3§l<<<
07:31:56 [EMPTY]   
07:32:56 [EMPTY]  
07:32:56 [STASH_COMPACT] §f                §7You have §34,395 §7materials stashed away!
07:32:56 [STASH_COMPACT] §f              §8(This totals 3 types of materials stashed!)
07:32:56 [STASH_COMPACT] §f                §3§l>>> §3§lCLICK HERE§b to pick them up! §3§l<<<
07:32:56 [EMPTY]   
07:33:57 [EMPTY]  
07:33:57 [STASH_COMPACT] §f                §7You have §34,395 §7materials stashed away!
07:33:57 [STASH_COMPACT] §f              §8(This totals 3 types of materials stashed!)
07:33:57 [STASH_COMPACT] §f                §3§l>>> §3§lCLICK HERE§b to pick them up! §3§l<<<
07:33:57 [EMPTY]   
07:34:58 [EMPTY]  
07:34:58 [STASH_COMPACT] §f                §7You have §34,395 §7materials stashed away!
07:34:58 [STASH_COMPACT] §f              §8(This totals 3 types of materials stashed!)
07:34:58 [STASH_COMPACT] §f                §3§l>>> §3§lCLICK HERE§b to pick them up! §3§l<<<
07:34:58 [EMPTY]   
07:35:45 [EMPTY] §8 §r§8 §r§1 §r§3 §r§3 §r§7 §r§8 
07:35:47 [EMPTY]  
07:35:47 [STASH_COMPACT] §f                §7You have §34,395 §7materials stashed away!
07:35:47 [STASH_COMPACT] §f              §8(This totals 3 types of materials stashed!)
07:35:47 [STASH_COMPACT] §f                §3§l>>> §3§lCLICK HERE§b to pick them up! §3§l<<<
07:35:47 [EMPTY]   
07:35:49 [EMPTY]  
07:35:49 [STASH_COMPACT] §f                §7You have §34,395 §7materials stashed away!
07:35:49 [STASH_COMPACT] §f              §8(This totals 3 types of materials stashed!)
07:35:49 [STASH_COMPACT] §f                §3§l>>> §3§lCLICK HERE§b to pick them up! §3§l<<<
07:35:49 [EMPTY]   
07:36:47 [EMPTY]  
07:36:47 [STASH_COMPACT] §f                §7You have §34,395 §7materials stashed away!
07:36:47 [STASH_COMPACT] §f              §8(This totals 3 types of materials stashed!)
07:36:47 [STASH_COMPACT] §f                §3§l>>> §3§lCLICK HERE§b to pick them up! §3§l<<<
07:36:47 [EMPTY]   
07:37:48 [EMPTY]  
07:37:48 [STASH_COMPACT] §f                §7You have §34,395 §7materials stashed away!
07:37:48 [STASH_COMPACT] §f              §8(This totals 3 types of materials stashed!)
07:37:48 [STASH_COMPACT] §f                §3§l>>> §3§lCLICK HERE§b to pick them up! §3§l<<<
07:37:48 [EMPTY]   
07:38:49 [EMPTY]  
07:38:49 [STASH_COMPACT] §f                §7You have §34,395 §7materials stashed away!
07:38:49 [STASH_COMPACT] §f              §8(This totals 3 types of materials stashed!)
07:38:49 [STASH_COMPACT] §f                §3§l>>> §3§lCLICK HERE§b to pick them up! §3§l<<<
07:38:49 [EMPTY]   
07:39:15 [EMPTY] §8 §r§8 §r§1 §r§3 §r§3 §r§7 §r§8 
07:39:19 [EMPTY]  
07:39:19 [STASH_COMPACT] §f                §7You have §34,395 §7materials stashed away!
07:39:19 [STASH_COMPACT] §f              §8(This totals 3 types of materials stashed!)
07:39:19 [STASH_COMPACT] §f                §3§l>>> §3§lCLICK HERE§b to pick them up! §3§l<<<
07:39:19 [EMPTY]   
07:39:40 [EMPTY] 
07:39:55 [EMPTY]  
07:39:55 [STASH_COMPACT] §f                §7You have §34,395 §7materials stashed away!
07:39:55 [STASH_COMPACT] §f              §8(This totals 3 types of materials stashed!)
07:39:55 [STASH_COMPACT] §f                §3§l>>> §3§lCLICK HERE§b to pick them up! §3§l<<<
07:39:55 [EMPTY]   
07:40:55 [EMPTY]  
07:40:55 [STASH_COMPACT] §f               §7You have §360,201 §7materials stashed away!
07:40:55 [STASH_COMPACT] §f              §8(This totals 4 types of materials stashed!)
07:40:55 [STASH_COMPACT] §f                §3§l>>> §3§lCLICK HERE§b to pick them up! §3§l<<<
07:40:55 [EMPTY]   
07:41:41 [EMPTY] 
07:41:56 [EMPTY]  
07:41:56 [STASH_COMPACT] §f               §7You have §366,956 §7materials stashed away!
07:41:56 [STASH_COMPACT] §f              §8(This totals 4 types of materials stashed!)
07:41:56 [STASH_COMPACT] §f                §3§l>>> §3§lCLICK HERE§b to pick them up! §3§l<<<
07:41:56 [EMPTY]   
07:42:56 [EMPTY]  
07:42:56 [STASH_COMPACT] §f               §7You have §369,519 §7materials stashed away!
07:42:56 [STASH_COMPACT] §f              §8(This totals 4 types of materials stashed!)
07:42:56 [STASH_COMPACT] §f                §3§l>>> §3§lCLICK HERE§b to pick them up! §3§l<<<
07:42:56 [EMPTY]   
07:43:29 [EMPTY] §f                                        
07:43:57 [EMPTY]  
07:43:57 [STASH_COMPACT] §f               §7You have §369,519 §7materials stashed away!
07:43:57 [STASH_COMPACT] §f              §8(This totals 4 types of materials stashed!)
07:43:57 [STASH_COMPACT] §f                §3§l>>> §3§lCLICK HERE§b to pick them up! §3§l<<<
07:43:57 [EMPTY]   
07:44:58 [EMPTY]  
07:44:58 [STASH_COMPACT] §f               §7You have §381,901 §7materials stashed away!
07:44:58 [STASH_COMPACT] §f              §8(This totals 4 types of materials stashed!)
07:44:58 [STASH_COMPACT] §f                §3§l>>> §3§lCLICK HERE§b to pick them up! §3§l<<<
07:44:58 [EMPTY]   
07:45:59 [EMPTY]  
07:45:59 [STASH_COMPACT] §f               §7You have §381,957 §7materials stashed away!
07:45:59 [STASH_COMPACT] §f              §8(This totals 4 types of materials stashed!)
07:45:59 [STASH_COMPACT] §f                §3§l>>> §3§lCLICK HERE§b to pick them up! §3§l<<<
07:45:59 [EMPTY]   
07:47:00 [EMPTY]  
07:47:00 [STASH_COMPACT] §f               §7You have §383,276 §7materials stashed away!
07:47:00 [STASH_COMPACT] §f              §8(This totals 4 types of materials stashed!)
07:47:00 [STASH_COMPACT] §f                §3§l>>> §3§lCLICK HERE§b to pick them up! §3§l<<<
07:47:00 [EMPTY]   
07:48:01 [EMPTY]  
07:48:01 [STASH_COMPACT] §f               §7You have §388,229 §7materials stashed away!
07:48:01 [STASH_COMPACT] §f              §8(This totals 4 types of materials stashed!)
07:48:01 [STASH_COMPACT] §f                §3§l>>> §3§lCLICK HERE§b to pick them up! §3§l<<<
07:48:01 [EMPTY]   
07:49:02 [EMPTY]  
07:49:02 [STASH_COMPACT] §f               §7You have §388,451 §7materials stashed away!
07:49:02 [STASH_COMPACT] §f              §8(This totals 4 types of materials stashed!)
07:49:02 [STASH_COMPACT] §f                §3§l>>> §3§lCLICK HERE§b to pick them up! §3§l<<<
07:49:02 [EMPTY]   
07:50:02 [EMPTY]  
07:50:02 [STASH_COMPACT] §f               §7You have §394,903 §7materials stashed away!
07:50:02 [STASH_COMPACT] §f              §8(This totals 4 types of materials stashed!)
07:50:02 [STASH_COMPACT] §f                §3§l>>> §3§lCLICK HERE§b to pick them up! §3§l<<<
07:50:02 [EMPTY]   
07:51:03 [EMPTY]  
07:51:03 [STASH_COMPACT] §f               §7You have §395,589 §7materials stashed away!
07:51:03 [STASH_COMPACT] §f              §8(This totals 4 types of materials stashed!)
07:51:03 [STASH_COMPACT] §f                §3§l>>> §3§lCLICK HERE§b to pick them up! §3§l<<<
07:51:03 [EMPTY]   
07:52:04 [EMPTY]  
07:52:04 [STASH_COMPACT] §f               §7You have §397,498 §7materials stashed away!
07:52:04 [STASH_COMPACT] §f              §8(This totals 4 types of materials stashed!)
07:52:04 [STASH_COMPACT] §f                §3§l>>> §3§lCLICK HERE§b to pick them up! §3§l<<<
07:52:04 [EMPTY]   
07:53:05 [EMPTY]  
07:53:05 [STASH_COMPACT] §f               §7You have §394,188 §7materials stashed away!
07:53:05 [STASH_COMPACT] §f               §8(This totals 1 type of material stashed!)
07:53:05 [STASH_COMPACT] §f                §3§l>>> §3§lCLICK HERE§b to pick them up! §3§l<<<
07:53:05 [EMPTY]   
07:54:01 [EMPTY] §8 §r§8 §r§1 §r§3 §r§3 §r§7 §r§8 
07:56:21 [EMPTY] 
07:56:21 [EMPTY] §f                                        
07:56:21 [EMPTY] 
08:13:10 [EMPTY] §f                                        
