04:02:18 §e[SkyHanni] Looks like you updated SkyHanni. Click here to configure the newly introduced options, or run /shdefaultoptions 0.28.Beta.17 0.28.Beta.19.§r
04:02:42 §e[SkyHanni] §bYou have §37.8k §bmaterials in stash, §btotalling §33 types§b. §bClick to §3pickup §byour stash!§r
04:34:41 §e[SkyHanni] Low on arrows §e(64 left)§r
04:35:46 §e[SkyHanni] Low on arrows §e(64 left)§r
04:38:36 §e[SkyHanni] Low on arrows §e(57 left)§r
04:49:32 §e[SkyHanni] §bYou have §38.2k §bmaterials in stash, §btotalling §33 types§b. §bClick to §3pickup §byour stash!§r
04:50:34 §e[SkyHanni] §bYou have §38.3k §bmaterials in stash, §btotalling §33 types§b. §bClick to §3pickup §byour stash!§r
04:52:36 §e[SkyHanni] §bYou have §315k §bmaterials in stash, §btotalling §34 types§b. §bClick to §3pickup §byour stash!§r
04:54:38 §e[SkyHanni] §bYou have §316k §bmaterials in stash, §btotalling §34 types§b. §bClick to §3pickup §byour stash!§r
04:55:39 §e[SkyHanni] §bYou have §317k §bmaterials in stash, §btotalling §34 types§b. §bClick to §3pickup §byour stash!§r
04:56:40 §e[SkyHanni] §bYou have §317k §bmaterials in stash, §btotalling §34 types§b. §bClick to §3pickup §byour stash!§r
04:57:41 §e[SkyHanni] §bYou have §319k §bmaterials in stash, §btotalling §34 types§b. §bClick to §3pickup §byour stash!§r
04:58:42 §e[SkyHanni] §bYou have §330k §bmaterials in stash, §btotalling §34 types§b. §bClick to §3pickup §byour stash!§r
04:59:42 §e[SkyHanni] §bYou have §331k §bmaterials in stash, §btotalling §34 types§b. §bClick to §3pickup §byour stash!§r
05:04:47 §e[SkyHanni] §bYou have §376 §bmaterials in stash, §btotalling §31 type§b. §bClick to §3pickup §byour stash!§r
05:07:50 §e[SkyHanni] §bYou have §3510 §bmaterials in stash, §btotalling §32 types§b. §bClick to §3pickup §byour stash!§r
05:12:30 §e[SkyHanni] §b+2 SkyBlock XP §7(Dwarven O's Gemstone Grahams§7)§b (86/100)§r
05:17:00 §e[SkyHanni] §bYou have §3565 §bmaterials in stash, §btotalling §33 types§b. §bClick to §3pickup §byour stash!§r
05:22:02 §e[SkyHanni] §bYou have §31.6k §bmaterials in stash, §btotalling §33 types§b. §bClick to §3pickup §byour stash!§r
05:27:06 §e[SkyHanni] §bYou have §31.7k §bmaterials in stash, §btotalling §33 types§b. §bClick to §3pickup §byour stash!§r
05:31:33 §e[SkyHanni] §b+2 SkyBlock XP §7(Dwarven O's Gemstone Grahams§7)§b (88/100)§r
05:33:11 §e[SkyHanni] §bYou have §31.9k §bmaterials in stash, §btotalling §33 types§b. §bClick to §3pickup §byour stash!§r
05:34:13 §e[SkyHanni] §b+2 SkyBlock XP §7(Dwarven O's Gemstone Grahams§7)§b (90/100)§r
05:36:08 §6§lBESTIARY §r§b§lBal §7§8X §8➡§b §bXI§r
05:38:16 §e[SkyHanni] §bYou have §32.1k §bmaterials in stash, §btotalling §33 types§b. §bClick to §3pickup §byour stash!§r
05:41:20 §e[SkyHanni] §bYou have §32.8k §bmaterials in stash, §btotalling §33 types§b. §bClick to §3pickup §byour stash!§r
05:42:21 §e[SkyHanni] §bYou have §32.8k §bmaterials in stash, §btotalling §33 types§b. §bClick to §3pickup §byour stash!§r
05:45:25 §e[SkyHanni] §bYou have §32.8k §bmaterials in stash, §btotalling §33 types§b. §bClick to §3pickup §byour stash!§r
05:53:33 §e[SkyHanni] §bYou have §33k §bmaterials in stash, §btotalling §33 types§b. §bClick to §3pickup §byour stash!§r
06:06:43 §e[SkyHanni] §bYou have §33k §bmaterials in stash, §btotalling §33 types§b. §bClick to §3pickup §byour stash!§r
06:11:47 §e[SkyHanni] §bYou have §33.1k §bmaterials in stash, §btotalling §33 types§b. §bClick to §3pickup §byour stash!§r
06:17:52 §e[SkyHanni] §bYou have §33.3k §bmaterials in stash, §btotalling §33 types§b. §bClick to §3pickup §byour stash!§r
06:24:01 §e[SkyHanni] §bYou have §33.4k §bmaterials in stash, §btotalling §33 types§b. §bClick to §3pickup §byour stash!§r
06:34:14 §e[SkyHanni] §bYou have §33.7k §bmaterials in stash, §btotalling §33 types§b. §bClick to §3pickup §byour stash!§r
06:40:19 §e[SkyHanni] §bYou have §33.7k §bmaterials in stash, §btotalling §33 types§b. §bClick to §3pickup §byour stash!§r
06:44:31 §e[SkyHanni] §b+2 SkyBlock XP §7(Dwarven O's Gemstone Grahams§7)§b (93/100)§r
06:58:33 §e[SkyHanni] §bYou have §33.8k §bmaterials in stash, §btotalling §33 types§b. §bClick to §3pickup §byour stash!§r
07:00:19 §6§lBESTIARY §r§b§lBal §7§8XI §8➡§b §bXII§r
07:00:41 §e[SkyHanni] §b+1 SkyBlock XP §7(HOTM Progression§7)§b (94/100)§r
07:10:41 §e[SkyHanni] §bYou have §34k §bmaterials in stash, §btotalling §33 types§b. §bClick to §3pickup §byour stash!§r
07:18:47 §e[SkyHanni] §bYou have §34.1k §bmaterials in stash, §btotalling §33 types§b. §bClick to §3pickup §byour stash!§r
07:23:51 §e[SkyHanni] §bYou have §34.3k §bmaterials in stash, §btotalling §33 types§b. §bClick to §3pickup §byour stash!§r
07:31:24 §e[SkyHanni] Click here to load 43 more collected egg locations from NEU PV!§r
07:31:24 §e[SkyHanni] Click here to load Trophy Fishing data from NEU PV!§r
07:39:48 §e[SkyHanni] Low on arrows §e(57 left)§r
07:40:55 §e[SkyHanni] §bYou have §360k §bmaterials in stash, §btotalling §34 types§b. §bClick to §3pickup §byour stash!§r
07:41:56 §e[SkyHanni] §bYou have §366k §bmaterials in stash, §btotalling §34 types§b. §bClick to §3pickup §byour stash!§r
07:42:56 §e[SkyHanni] §bYou have §369k §bmaterials in stash, §btotalling §34 types§b. §bClick to §3pickup §byour stash!§r
07:44:58 §e[SkyHanni] §bYou have §381k §bmaterials in stash, §btotalling §34 types§b. §bClick to §3pickup §byour stash!§r
07:45:59 §e[SkyHanni] §bYou have §381k §bmaterials in stash, §btotalling §34 types§b. §bClick to §3pickup §byour stash!§r
07:47:00 §e[SkyHanni] §bYou have §383k §bmaterials in stash, §btotalling §34 types§b. §bClick to §3pickup §byour stash!§r
07:48:01 §e[SkyHanni] §bYou have §388k §bmaterials in stash, §btotalling §34 types§b. §bClick to §3pickup §byour stash!§r
07:49:02 §e[SkyHanni] §bYou have §388k §bmaterials in stash, §btotalling §34 types§b. §bClick to §3pickup §byour stash!§r
07:50:02 §e[SkyHanni] §bYou have §394k §bmaterials in stash, §btotalling §34 types§b. §bClick to §3pickup §byour stash!§r
07:51:03 §e[SkyHanni] §bYou have §395k §bmaterials in stash, §btotalling §34 types§b. §bClick to §3pickup §byour stash!§r
07:52:04 §e[SkyHanni] §bYou have §397k §bmaterials in stash, §btotalling §34 types§b. §bClick to §3pickup §byour stash!§r
07:53:02 §e[SkyHanni] §lCLICK HERE§r§e to grab §ax378 §9§aEnchanted Gold§e from sacks!§r
07:53:05 §e[SkyHanni] §bYou have §394k §bmaterials in stash, §btotalling §31 type§b. §bClick to §3pickup §byour stash!§r
07:53:12 §e[SkyHanni] §lCLICK HERE§r§e to grab §ax378 §9§aEnchanted Gold§e from sacks!§r
07:53:54 §e[SkyHanni] §lCLICK HERE§r§e to grab §ax32 §9§9Enchanted Gold Block§e from sacks!§r
08:06:53 §e[SkyHanni] §lCLICK HERE§r§e to grab §ax4 §9§9Enchanted Diamond Block§e from sacks!§r
