22:16:16 §f §r§r§r§f §r§r§r§1 §r§r§r§0 §r§r§r§2 §r§r§r§f §r§r§r§f §r§r§r§2 §r§r§r§0 §r§r§r§4 §r§r§r§3 §r§r§r§9 §r§r§r§2 §r§r§r§0 §r§r§r§0 §r§r§r§3 §r§r§r§9 §r§r§r§2 §r§r§r§0 §r§r§r§0 §r§r§r§3 §r§r§r§9 §r§r§r§2 §r§r§r§0 §r§r§r§0 
22:16:17 
22:20:35 §8 §r§8 §r§1 §r§3 §r§3 §r§7 §r§8 
22:20:38 
22:20:38 
22:20:39  
22:20:39   
22:20:40  
22:20:40   
22:21:40  
22:21:40   
22:22:40  
22:22:40   
22:23:40  
22:23:40   
22:24:40  
22:24:40   
22:25:40  
22:25:40   
22:26:40  
22:26:40   
22:27:40  
22:27:40   
22:28:40  
22:28:40   
22:29:41  
22:29:41   
22:30:41  
22:30:41   
22:31:41  
22:31:41   
22:32:41  
22:32:41   
22:33:41  
22:33:41   
22:34:41  
22:34:41   
22:35:41  
22:35:41   
22:36:41  
22:36:41   
22:37:41  
22:37:41   
22:38:42  
22:38:42   
22:39:42  
22:39:42   
22:40:42  
22:40:42   
22:41:42  
22:41:42   
22:42:42  
22:42:42   
22:43:42  
22:43:42   
22:44:42  
22:44:42   
22:45:43  
22:45:43   
22:46:43  
22:46:43   
22:47:43  
22:47:43   
