09:16:01 [allowed] Your game mode has been updated
09:29:03 [allowed] §b§m--------------§r§f  §r§aGuild: Message Of The Day  §r§b§m--------------
09:29:03 [allowed] §b| §r§fJoin the guild discord!
09:29:03 [allowed] §b| §r§fhttps://discord.gg/9En6jSENjY
09:29:03 [allowed] §b| §r§fHave a great day!
09:29:03 [allowed] §b§m-----------------------------------------------------
09:29:04 [EMPTY] §f §r§r§r§f §r§r§r§1 §r§r§r§0 §r§r§r§2 §r§r§r§f §r§r§r§f §r§r§r§2 §r§r§r§0 §r§r§r§4 §r§r§r§3 §r§r§r§9 §r§r§r§2 §r§r§r§0 §r§r§r§0 §r§r§r§3 §r§r§r§9 §r§r§r§2 §r§r§r§0 §r§r§r§0 §r§r§r§3 §r§r§r§9 §r§r§r§2 §r§r§r§0 §r§r§r§0 
09:29:04 [allowed] §b[MVP§3+§b] Euphaa§f §6slid into the lobby!
09:29:04 [EMPTY] 
09:29:04 [allowed] §f§lHAPPY HOLIDAYS §e§lFROM HYPIXEL§r
§r§aYou may claim today's §bAdvent Calendar §areward!
§eClick here to claim!§r

09:29:05 [allowed] §b[MVP§a+§b] BobKanelbulle§f §6slid into the lobby!
09:29:05 [allowed]  §b>§c>§a>§r §r§6[MVP§f++§6] ffnn§f §6slid into the lobby!§r §a<§c<§b<
09:29:06 [allowed]   §r§f§l➤ §r§6You have reached your Hype limit! Add Hype to Prototype Lobby minigames by right-clicking with the Hype Diamond!
09:29:08 [allowed] §b[MVP§c+§b] Bart0k01§f §6slid into the lobby!
09:29:09 [allowed] §b[MVP§c+§b] NeoOreooo§f §6slid into the lobby!
09:29:12 [allowed] §b[MVP§c+§b] RuschB§f §6slid into the lobby!
09:29:13 [allowed] §b[MVP§c+§b] Axzarc§f §6slid into the lobby!
09:29:15 [allowed]  §b>§c>§a>§r §r§6[MVP§f++§6] breezyflake§f §6slid into the lobby!§r §a<§c<§b<
09:29:16 [allowed] §b[MVP§c+§b] Yenkuon§f §6slid into the lobby!
09:29:23 [allowed]  §b>§c>§a>§r §r§6[MVP§4++§6] geometryville§f §6slid into the lobby!§r §a<§c<§b<
09:29:23 [allowed] §b[MVP§a+§b] MordorNotTaken§f §6slid into the lobby!
09:29:25 [allowed] §b[MVP§c+§b] Kilimandscharo05§f §6slid into the lobby!
09:29:25 [allowed] §b[MVP§c+§b] Der__Erzmeister§f §6slid into the lobby!
09:29:26 [allowed] §b[MVP§2+§b] iTookYourSoul§f §6slid into the lobby!
09:29:26 [allowed] §7Sending to server mini40DV...
09:29:27 [EMPTY] §8 §r§8 §r§1 §r§3 §r§3 §r§7 §r§8 
09:29:27 [allowed] §eYou haven't claimed your §r§6Holidays Rewards §r§eyet!
09:29:27 [allowed] §eTalk to the §r§cGingerbread §r§fMan §r§ein the §r§aHub§r§e!
09:29:29 [EMPTY] 
09:29:29 [allowed] §eWelcome to §r§aHypixel SkyBlock§r§e!
09:29:29 [allowed] §6§lBONUS! §r§bTemporarily earn §r§a5% §r§bmore skill experience!
09:29:29 [EMPTY] 
09:29:29 [allowed] §eLatest update: §bSkyBlock v0.21 §e§lCLICK
09:29:30 [allowed] §aYou are playing on profile: §eBanana§b (Co-op)
09:29:30 [allowed] §8Profile ID: 56e969f8-003b-4df1-bbed-3112b2f3dc94
09:29:31 [EMPTY]  
09:29:31 [STASH_COMPACT] §f               §7You have §310,595 §7materials stashed away!
09:29:31 [STASH_COMPACT] §f              §8(This totals 2 types of materials stashed!)
09:29:31 [STASH_COMPACT] §f                §3§l>>> §3§lCLICK HERE§b to pick them up! §3§l<<<
09:29:31 [EMPTY]   
09:29:32 [SKYMALL] §bNew day! §r§eYour §r§2Sky Mall §r§ebuff changed!
09:29:32 [SKYMALL] §eNew buff§r§r§r: §r§fGain §r§6+50☘ Mining Fortune§r§f.
09:29:32 [SKYMALL] §8§oYou can disable this messaging by toggling Sky Mall in your /hotm!
09:29:37 [EMPTY] 
09:29:37 [allowed] §6§k§lA§r §c§lFIRE SALE §r§6§k§lA
§r§c♨ §eSelling multiple items for a limited time!
§r§c   ♨ §5Onyx Plush Baby Yeti Skin §e(§61,664 left§e)§c§r
§r§c   ♨ §5Baby Emperor Penguin Skin §e(§a3,848 left§e)§c§r
§r§c♨ §a§l[WARP] §eTo Elizabeth in the next §c3d 2h 30m §eto grab yours!
09:29:37 [EMPTY] 
09:29:40 [EMPTY]  
09:29:40 [STASH_COMPACT] §f               §7You have §310,595 §7materials stashed away!
09:29:40 [STASH_COMPACT] §f              §8(This totals 2 types of materials stashed!)
09:29:40 [STASH_COMPACT] §f                §3§l>>> §3§lCLICK HERE§b to pick them up! §3§l<<<
09:29:40 [EMPTY]   
09:30:40 [EMPTY]  
09:30:40 [STASH_COMPACT] §f               §7You have §310,595 §7materials stashed away!
09:30:40 [STASH_COMPACT] §f              §8(This totals 2 types of materials stashed!)
09:30:40 [STASH_COMPACT] §f                §3§l>>> §3§lCLICK HERE§b to pick them up! §3§l<<<
09:30:40 [EMPTY]   
09:31:41 [EMPTY]  
09:31:41 [STASH_COMPACT] §f               §7You have §310,595 §7materials stashed away!
09:31:41 [STASH_COMPACT] §f              §8(This totals 2 types of materials stashed!)
09:31:41 [STASH_COMPACT] §f                §3§l>>> §3§lCLICK HERE§b to pick them up! §3§l<<<
09:31:41 [EMPTY]   
09:32:11 [allowed] §aFriend > §r§bNumangi §r§eleft.
09:32:41 [EMPTY]  
09:32:41 [STASH_COMPACT] §f               §7You have §310,595 §7materials stashed away!
09:32:41 [STASH_COMPACT] §f              §8(This totals 2 types of materials stashed!)
09:32:41 [STASH_COMPACT] §f                §3§l>>> §3§lCLICK HERE§b to pick them up! §3§l<<<
09:32:41 [EMPTY]   
09:32:58 [allowed] §cThere are blocks in the way!
09:32:59 [allowed] §cThere are blocks in the way!
09:33:36 [allowed] §aYou earned §r§2138 GEXP §r§afrom playing SkyBlock!
09:33:41 [EMPTY]  
09:33:41 [STASH_COMPACT] §f               §7You have §310,595 §7materials stashed away!
09:33:41 [STASH_COMPACT] §f              §8(This totals 2 types of materials stashed!)
09:33:41 [STASH_COMPACT] §f                §3§l>>> §3§lCLICK HERE§b to pick them up! §3§l<<<
09:33:41 [EMPTY]   
09:34:04 [allowed] §cThere are blocks in the way!
09:34:41 [EMPTY]  
09:34:41 [STASH_COMPACT] §f               §7You have §310,595 §7materials stashed away!
09:34:41 [STASH_COMPACT] §f              §8(This totals 2 types of materials stashed!)
09:34:41 [STASH_COMPACT] §f                §3§l>>> §3§lCLICK HERE§b to pick them up! §3§l<<<
09:34:41 [EMPTY]   
09:34:49 [allowed] §cThere are blocks in the way!
09:34:50 [allowed] §cThere are blocks in the way!
09:34:51 [allowed] §cThere are blocks in the way!
09:34:54 [allowed] §cThere are blocks in the way!
09:34:55 [allowed] §cThere are blocks in the way!
09:35:00 [SKYMALL] §bNew day! §r§eYour §r§2Sky Mall §r§ebuff changed!
09:35:00 [SKYMALL] §eNew buff§r§r§r: §r§fGain §r§6+100⸕ Mining Speed§r§f.
09:35:00 [SKYMALL] §8§oYou can disable this messaging by toggling Sky Mall in your /hotm!
09:35:11 [allowed] §aFriend > §r§bVeemo §r§eleft.
09:35:26 [allowed] §cThere are blocks in the way!
09:35:27 [allowed] §cThere are blocks in the way!
09:35:41 [EMPTY]  
09:35:41 [STASH_COMPACT] §f               §7You have §310,595 §7materials stashed away!
09:35:41 [STASH_COMPACT] §f              §8(This totals 2 types of materials stashed!)
09:35:41 [STASH_COMPACT] §f                §3§l>>> §3§lCLICK HERE§b to pick them up! §3§l<<<
09:35:41 [EMPTY]   
09:36:12 [allowed] §cThere are blocks in the way!
09:36:32 [allowed] §cThere are blocks in the way!
09:36:41 [EMPTY]  
09:36:41 [STASH_COMPACT] §f               §7You have §310,595 §7materials stashed away!
09:36:41 [STASH_COMPACT] §f              §8(This totals 2 types of materials stashed!)
09:36:41 [STASH_COMPACT] §f                §3§l>>> §3§lCLICK HERE§b to pick them up! §3§l<<<
09:36:41 [EMPTY]   
09:37:03 [allowed] §cThere are blocks in the way!
09:37:10 [allowed] §cThere are blocks in the way!
09:37:10 [allowed] §cThere are blocks in the way!
09:37:10 [allowed] §cThere are blocks in the way!
09:37:11 [allowed] §cThere are blocks in the way!
09:37:16 [allowed] §cThere are blocks in the way!
09:37:42 [EMPTY]  
09:37:42 [STASH_COMPACT] §f               §7You have §310,595 §7materials stashed away!
09:37:42 [STASH_COMPACT] §f              §8(This totals 2 types of materials stashed!)
09:37:42 [STASH_COMPACT] §f                §3§l>>> §3§lCLICK HERE§b to pick them up! §3§l<<<
09:37:42 [EMPTY]   
09:37:49 [allowed] §cThere are blocks in the way!
09:37:54 [allowed] §cThere are blocks in the way!
09:37:54 [allowed] §cThere are blocks in the way!
09:37:56 [allowed] §cThere are blocks in the way!
09:37:58 [allowed] §cThere are blocks in the way!
09:38:05 [allowed] §cThere are blocks in the way!
09:38:08 [allowed] §cThere are blocks in the way!
09:38:10 [allowed] §cThere are blocks in the way!
09:38:11 [allowed] §cThere are blocks in the way!
09:38:11 [allowed] §cThere are blocks in the way!
09:38:16 [allowed] §cThere are blocks in the way!
09:38:16 [allowed] §cThere are blocks in the way!
09:38:19 [allowed] §cThere are blocks in the way!
09:38:38 [allowed] §cThere are blocks in the way!
09:38:38 [allowed] §aYou earned §r§2654 GEXP §r§afrom playing SkyBlock!
09:38:42 [EMPTY]  
09:38:42 [STASH_COMPACT] §f               §7You have §310,595 §7materials stashed away!
09:38:42 [STASH_COMPACT] §f              §8(This totals 2 types of materials stashed!)
09:38:42 [STASH_COMPACT] §f                §3§l>>> §3§lCLICK HERE§b to pick them up! §3§l<<<
09:38:42 [EMPTY]   
09:39:43 [EMPTY]  
09:39:43 [STASH_COMPACT] §f               §7You have §310,595 §7materials stashed away!
09:39:43 [STASH_COMPACT] §f              §8(This totals 2 types of materials stashed!)
09:39:43 [STASH_COMPACT] §f                §3§l>>> §3§lCLICK HERE§b to pick them up! §3§l<<<
09:39:43 [EMPTY]   
09:39:43 [allowed] §cThere are blocks in the way!
09:39:43 [allowed] §cThere are blocks in the way!
09:39:44 [allowed] §cThere are blocks in the way!
09:40:44 [EMPTY]  
09:40:44 [STASH_COMPACT] §f               §7You have §310,595 §7materials stashed away!
09:40:44 [STASH_COMPACT] §f              §8(This totals 2 types of materials stashed!)
09:40:44 [STASH_COMPACT] §f                §3§l>>> §3§lCLICK HERE§b to pick them up! §3§l<<<
09:40:44 [EMPTY]   
09:41:45 [EMPTY]  
09:41:45 [STASH_COMPACT] §f               §7You have §310,595 §7materials stashed away!
09:41:45 [STASH_COMPACT] §f              §8(This totals 2 types of materials stashed!)
09:41:45 [STASH_COMPACT] §f                §3§l>>> §3§lCLICK HERE§b to pick them up! §3§l<<<
09:41:45 [EMPTY]   
09:42:45 [EMPTY]  
09:42:45 [STASH_COMPACT] §f               §7You have §310,595 §7materials stashed away!
09:42:45 [STASH_COMPACT] §f              §8(This totals 2 types of materials stashed!)
09:42:45 [STASH_COMPACT] §f                §3§l>>> §3§lCLICK HERE§b to pick them up! §3§l<<<
09:42:45 [EMPTY]   
09:43:41 [allowed] §aYou earned §r§2655 GEXP §r§afrom playing SkyBlock!
09:43:46 [EMPTY]  
09:43:46 [STASH_COMPACT] §f               §7You have §310,595 §7materials stashed away!
09:43:46 [STASH_COMPACT] §f              §8(This totals 2 types of materials stashed!)
09:43:46 [STASH_COMPACT] §f                §3§l>>> §3§lCLICK HERE§b to pick them up! §3§l<<<
09:43:46 [EMPTY]   
09:44:14 [allowed] §cThere are blocks in the way!
09:44:27 [allowed] §cThere are blocks in the way!
09:44:27 [allowed] §7Sending to server mini199BJ...
09:44:28 [EMPTY] §8 §r§8 §r§1 §r§3 §r§3 §r§7 §r§8 
09:44:28 [allowed] §eYou haven't claimed your §r§6Holidays Rewards §r§eyet!
09:44:28 [allowed] §eTalk to the §r§cGingerbread §r§fMan §r§ein the §r§aHub§r§e!
09:44:31 [allowed] §aYou are playing on profile: §eBanana§b (Co-op)
09:44:31 [allowed] §8Profile ID: 56e969f8-003b-4df1-bbed-3112b2f3dc94
09:44:31 [EMPTY]  
09:44:31 [STASH_COMPACT] §f               §7You have §310,595 §7materials stashed away!
09:44:31 [STASH_COMPACT] §f              §8(This totals 2 types of materials stashed!)
09:44:31 [STASH_COMPACT] §f                §3§l>>> §3§lCLICK HERE§b to pick them up! §3§l<<<
09:44:31 [EMPTY]   
09:44:32 [EMPTY]  
09:44:32 [STASH_COMPACT] §f               §7You have §310,595 §7materials stashed away!
09:44:32 [STASH_COMPACT] §f              §8(This totals 2 types of materials stashed!)
09:44:32 [STASH_COMPACT] §f                §3§l>>> §3§lCLICK HERE§b to pick them up! §3§l<<<
09:44:32 [EMPTY]   
