09:16:01 [allowed] Your game mode has been updated
09:29:03 [allowed] §b§m--------------§r§f  §r§aGuild: Message Of The Day  §r§b§m--------------
09:29:03 [allowed] §b| §r§fJoin the guild discord!
09:29:03 [allowed] §b| §r§fhttps://discord.gg/9En6jSENjY
09:29:03 [allowed] §b| §r§fHave a great day!
09:29:03 [allowed] §b§m-----------------------------------------------------
09:29:04 [allowed] §b[MVP§3+§b] Euphaa§f §6slid into the lobby!
09:29:04 [allowed] §f§lHAPPY HOLIDAYS §e§lFROM HYPIXEL§r
§r§aYou may claim today's §bAdvent Calendar §areward!
§eClick here to claim!§r

09:29:05 [allowed] §b[MVP§a+§b] BobKanelbulle§f §6slid into the lobby!
09:29:05 [allowed]  §b>§c>§a>§r §r§6[MVP§f++§6] ffnn§f §6slid into the lobby!§r §a<§c<§b<
09:29:06 [allowed]   §r§f§l➤ §r§6You have reached your Hype limit! Add Hype to Prototype Lobby minigames by right-clicking with the Hype Diamond!
09:29:08 [allowed] §b[MVP§c+§b] Bart0k01§f §6slid into the lobby!
09:29:09 [allowed] §b[MVP§c+§b] NeoOreooo§f §6slid into the lobby!
09:29:12 [allowed] §b[MVP§c+§b] RuschB§f §6slid into the lobby!
09:29:13 [allowed] §b[MVP§c+§b] Axzarc§f §6slid into the lobby!
09:29:15 [allowed]  §b>§c>§a>§r §r§6[MVP§f++§6] breezyflake§f §6slid into the lobby!§r §a<§c<§b<
09:29:16 [allowed] §b[MVP§c+§b] Yenkuon§f §6slid into the lobby!
09:29:23 [allowed]  §b>§c>§a>§r §r§6[MVP§4++§6] geometryville§f §6slid into the lobby!§r §a<§c<§b<
09:29:23 [allowed] §b[MVP§a+§b] MordorNotTaken§f §6slid into the lobby!
09:29:25 [allowed] §b[MVP§c+§b] Kilimandscharo05§f §6slid into the lobby!
09:29:25 [allowed] §b[MVP§c+§b] Der__Erzmeister§f §6slid into the lobby!
09:29:26 [allowed] §b[MVP§2+§b] iTookYourSoul§f §6slid into the lobby!
09:29:26 [allowed] §7Sending to server mini40DV...
09:29:27 [allowed] §eYou haven't claimed your §r§6Holidays Rewards §r§eyet!
09:29:27 [allowed] §eTalk to the §r§cGingerbread §r§fMan §r§ein the §r§aHub§r§e!
09:29:29 [allowed] §eWelcome to §r§aHypixel SkyBlock§r§e!
09:29:29 [allowed] §6§lBONUS! §r§bTemporarily earn §r§a5% §r§bmore skill experience!
09:29:29 [allowed] §eLatest update: §bSkyBlock v0.21 §e§lCLICK
09:29:30 [allowed] §aYou are playing on profile: §eBanana§b (Co-op)
09:29:30 [allowed] §8Profile ID: 56e969f8-003b-4df1-bbed-3112b2f3dc94
09:29:37 [allowed] §6§k§lA§r §c§lFIRE SALE §r§6§k§lA
§r§c♨ §eSelling multiple items for a limited time!
§r§c   ♨ §5Onyx Plush Baby Yeti Skin §e(§61,664 left§e)§c§r
§r§c   ♨ §5Baby Emperor Penguin Skin §e(§a3,848 left§e)§c§r
§r§c♨ §a§l[WARP] §eTo Elizabeth in the next §c3d 2h 30m §eto grab yours!
09:32:11 [allowed] §aFriend > §r§bNumangi §r§eleft.
09:32:58 [allowed] §cThere are blocks in the way!
09:32:59 [allowed] §cThere are blocks in the way!
09:33:36 [allowed] §aYou earned §r§2138 GEXP §r§afrom playing SkyBlock!
09:34:04 [allowed] §cThere are blocks in the way!
09:34:49 [allowed] §cThere are blocks in the way!
09:34:50 [allowed] §cThere are blocks in the way!
09:34:51 [allowed] §cThere are blocks in the way!
09:34:54 [allowed] §cThere are blocks in the way!
09:34:55 [allowed] §cThere are blocks in the way!
09:35:11 [allowed] §aFriend > §r§bVeemo §r§eleft.
09:35:26 [allowed] §cThere are blocks in the way!
09:35:27 [allowed] §cThere are blocks in the way!
09:36:12 [allowed] §cThere are blocks in the way!
09:36:32 [allowed] §cThere are blocks in the way!
09:37:03 [allowed] §cThere are blocks in the way!
09:37:10 [allowed] §cThere are blocks in the way!
09:37:10 [allowed] §cThere are blocks in the way!
09:37:10 [allowed] §cThere are blocks in the way!
09:37:11 [allowed] §cThere are blocks in the way!
09:37:16 [allowed] §cThere are blocks in the way!
09:37:49 [allowed] §cThere are blocks in the way!
09:37:54 [allowed] §cThere are blocks in the way!
09:37:54 [allowed] §cThere are blocks in the way!
09:37:56 [allowed] §cThere are blocks in the way!
09:37:58 [allowed] §cThere are blocks in the way!
09:38:05 [allowed] §cThere are blocks in the way!
09:38:08 [allowed] §cThere are blocks in the way!
09:38:10 [allowed] §cThere are blocks in the way!
09:38:11 [allowed] §cThere are blocks in the way!
09:38:11 [allowed] §cThere are blocks in the way!
09:38:16 [allowed] §cThere are blocks in the way!
09:38:16 [allowed] §cThere are blocks in the way!
09:38:19 [allowed] §cThere are blocks in the way!
09:38:38 [allowed] §cThere are blocks in the way!
09:38:38 [allowed] §aYou earned §r§2654 GEXP §r§afrom playing SkyBlock!
09:39:43 [allowed] §cThere are blocks in the way!
09:39:43 [allowed] §cThere are blocks in the way!
09:39:44 [allowed] §cThere are blocks in the way!
09:43:41 [allowed] §aYou earned §r§2655 GEXP §r§afrom playing SkyBlock!
09:44:14 [allowed] §cThere are blocks in the way!
09:44:27 [allowed] §cThere are blocks in the way!
09:44:27 [allowed] §7Sending to server mini199BJ...
09:44:28 [allowed] §eYou haven't claimed your §r§6Holidays Rewards §r§eyet!
09:44:28 [allowed] §eTalk to the §r§cGingerbread §r§fMan §r§ein the §r§aHub§r§e!
09:44:31 [allowed] §aYou are playing on profile: §eBanana§b (Co-op)
09:44:31 [allowed] §8Profile ID: 56e969f8-003b-4df1-bbed-3112b2f3dc94
