09:29:04 [EMPTY] §f §r§r§r§f §r§r§r§1 §r§r§r§0 §r§r§r§2 §r§r§r§f §r§r§r§f §r§r§r§2 §r§r§r§0 §r§r§r§4 §r§r§r§3 §r§r§r§9 §r§r§r§2 §r§r§r§0 §r§r§r§0 §r§r§r§3 §r§r§r§9 §r§r§r§2 §r§r§r§0 §r§r§r§0 §r§r§r§3 §r§r§r§9 §r§r§r§2 §r§r§r§0 §r§r§r§0 
09:29:04 [EMPTY] 
09:29:27 [EMPTY] §8 §r§8 §r§1 §r§3 §r§3 §r§7 §r§8 
09:29:29 [EMPTY] 
09:29:29 [EMPTY] 
09:29:31 [EMPTY]  
09:29:31 [STASH_COMPACT] §f               §7You have §310,595 §7materials stashed away!
09:29:31 [STASH_COMPACT] §f              §8(This totals 2 types of materials stashed!)
09:29:31 [STASH_COMPACT] §f                §3§l>>> §3§lCLICK HERE§b to pick them up! §3§l<<<
09:29:31 [EMPTY]   
09:29:32 [SKYMALL] §bNew day! §r§eYour §r§2Sky Mall §r§ebuff changed!
09:29:32 [SKYMALL] §eNew buff§r§r§r: §r§fGain §r§6+50☘ Mining Fortune§r§f.
09:29:32 [SKYMALL] §8§oYou can disable this messaging by toggling Sky Mall in your /hotm!
09:29:37 [EMPTY] 
09:29:37 [EMPTY] 
09:29:40 [EMPTY]  
09:29:40 [STASH_COMPACT] §f               §7You have §310,595 §7materials stashed away!
09:29:40 [STASH_COMPACT] §f              §8(This totals 2 types of materials stashed!)
09:29:40 [STASH_COMPACT] §f                §3§l>>> §3§lCLICK HERE§b to pick them up! §3§l<<<
09:29:40 [EMPTY]   
09:30:40 [EMPTY]  
09:30:40 [STASH_COMPACT] §f               §7You have §310,595 §7materials stashed away!
09:30:40 [STASH_COMPACT] §f              §8(This totals 2 types of materials stashed!)
09:30:40 [STASH_COMPACT] §f                §3§l>>> §3§lCLICK HERE§b to pick them up! §3§l<<<
09:30:40 [EMPTY]   
09:31:41 [EMPTY]  
09:31:41 [STASH_COMPACT] §f               §7You have §310,595 §7materials stashed away!
09:31:41 [STASH_COMPACT] §f              §8(This totals 2 types of materials stashed!)
09:31:41 [STASH_COMPACT] §f                §3§l>>> §3§lCLICK HERE§b to pick them up! §3§l<<<
09:31:41 [EMPTY]   
09:32:41 [EMPTY]  
09:32:41 [STASH_COMPACT] §f               §7You have §310,595 §7materials stashed away!
09:32:41 [STASH_COMPACT] §f              §8(This totals 2 types of materials stashed!)
09:32:41 [STASH_COMPACT] §f                §3§l>>> §3§lCLICK HERE§b to pick them up! §3§l<<<
09:32:41 [EMPTY]   
09:33:41 [EMPTY]  
09:33:41 [STASH_COMPACT] §f               §7You have §310,595 §7materials stashed away!
09:33:41 [STASH_COMPACT] §f              §8(This totals 2 types of materials stashed!)
09:33:41 [STASH_COMPACT] §f                §3§l>>> §3§lCLICK HERE§b to pick them up! §3§l<<<
09:33:41 [EMPTY]   
09:34:41 [EMPTY]  
09:34:41 [STASH_COMPACT] §f               §7You have §310,595 §7materials stashed away!
09:34:41 [STASH_COMPACT] §f              §8(This totals 2 types of materials stashed!)
09:34:41 [STASH_COMPACT] §f                §3§l>>> §3§lCLICK HERE§b to pick them up! §3§l<<<
09:34:41 [EMPTY]   
09:35:00 [SKYMALL] §bNew day! §r§eYour §r§2Sky Mall §r§ebuff changed!
09:35:00 [SKYMALL] §eNew buff§r§r§r: §r§fGain §r§6+100⸕ Mining Speed§r§f.
09:35:00 [SKYMALL] §8§oYou can disable this messaging by toggling Sky Mall in your /hotm!
09:35:41 [EMPTY]  
09:35:41 [STASH_COMPACT] §f               §7You have §310,595 §7materials stashed away!
09:35:41 [STASH_COMPACT] §f              §8(This totals 2 types of materials stashed!)
09:35:41 [STASH_COMPACT] §f                §3§l>>> §3§lCLICK HERE§b to pick them up! §3§l<<<
09:35:41 [EMPTY]   
09:36:41 [EMPTY]  
09:36:41 [STASH_COMPACT] §f               §7You have §310,595 §7materials stashed away!
09:36:41 [STASH_COMPACT] §f              §8(This totals 2 types of materials stashed!)
09:36:41 [STASH_COMPACT] §f                §3§l>>> §3§lCLICK HERE§b to pick them up! §3§l<<<
09:36:41 [EMPTY]   
09:37:42 [EMPTY]  
09:37:42 [STASH_COMPACT] §f               §7You have §310,595 §7materials stashed away!
09:37:42 [STASH_COMPACT] §f              §8(This totals 2 types of materials stashed!)
09:37:42 [STASH_COMPACT] §f                §3§l>>> §3§lCLICK HERE§b to pick them up! §3§l<<<
09:37:42 [EMPTY]   
09:38:42 [EMPTY]  
09:38:42 [STASH_COMPACT] §f               §7You have §310,595 §7materials stashed away!
09:38:42 [STASH_COMPACT] §f              §8(This totals 2 types of materials stashed!)
09:38:42 [STASH_COMPACT] §f                §3§l>>> §3§lCLICK HERE§b to pick them up! §3§l<<<
09:38:42 [EMPTY]   
09:39:43 [EMPTY]  
09:39:43 [STASH_COMPACT] §f               §7You have §310,595 §7materials stashed away!
09:39:43 [STASH_COMPACT] §f              §8(This totals 2 types of materials stashed!)
09:39:43 [STASH_COMPACT] §f                §3§l>>> §3§lCLICK HERE§b to pick them up! §3§l<<<
09:39:43 [EMPTY]   
09:40:44 [EMPTY]  
09:40:44 [STASH_COMPACT] §f               §7You have §310,595 §7materials stashed away!
09:40:44 [STASH_COMPACT] §f              §8(This totals 2 types of materials stashed!)
09:40:44 [STASH_COMPACT] §f                §3§l>>> §3§lCLICK HERE§b to pick them up! §3§l<<<
09:40:44 [EMPTY]   
09:41:45 [EMPTY]  
09:41:45 [STASH_COMPACT] §f               §7You have §310,595 §7materials stashed away!
09:41:45 [STASH_COMPACT] §f              §8(This totals 2 types of materials stashed!)
09:41:45 [STASH_COMPACT] §f                §3§l>>> §3§lCLICK HERE§b to pick them up! §3§l<<<
09:41:45 [EMPTY]   
09:42:45 [EMPTY]  
09:42:45 [STASH_COMPACT] §f               §7You have §310,595 §7materials stashed away!
09:42:45 [STASH_COMPACT] §f              §8(This totals 2 types of materials stashed!)
09:42:45 [STASH_COMPACT] §f                §3§l>>> §3§lCLICK HERE§b to pick them up! §3§l<<<
09:42:45 [EMPTY]   
09:43:46 [EMPTY]  
09:43:46 [STASH_COMPACT] §f               §7You have §310,595 §7materials stashed away!
09:43:46 [STASH_COMPACT] §f              §8(This totals 2 types of materials stashed!)
09:43:46 [STASH_COMPACT] §f                §3§l>>> §3§lCLICK HERE§b to pick them up! §3§l<<<
09:43:46 [EMPTY]   
09:44:28 [EMPTY] §8 §r§8 §r§1 §r§3 §r§3 §r§7 §r§8 
09:44:31 [EMPTY]  
09:44:31 [STASH_COMPACT] §f               §7You have §310,595 §7materials stashed away!
09:44:31 [STASH_COMPACT] §f              §8(This totals 2 types of materials stashed!)
09:44:31 [STASH_COMPACT] §f                §3§l>>> §3§lCLICK HERE§b to pick them up! §3§l<<<
09:44:31 [EMPTY]   
09:44:32 [EMPTY]  
09:44:32 [STASH_COMPACT] §f               §7You have §310,595 §7materials stashed away!
09:44:32 [STASH_COMPACT] §f              §8(This totals 2 types of materials stashed!)
09:44:32 [STASH_COMPACT] §f                §3§l>>> §3§lCLICK HERE§b to pick them up! §3§l<<<
09:44:32 [EMPTY]   
