03:59:25 Trying to load config from config/skyhanni/config.json
03:59:25 load-config-now
03:59:25 Loaded config from file
03:59:25 Trying to load sacks from config/skyhanni/sacks.json
03:59:25 load-sacks-now
03:59:25 Loaded sacks from file
03:59:25 Trying to load friends from config/skyhanni/friends.json
03:59:25 load-friends-now
03:59:25 Loaded friends from file
03:59:25 Trying to load known_features from config/skyhanni/known_features.json
03:59:25 load-known_features-now
03:59:25 Loaded known_features from file
03:59:25 Trying to load jacob_contests from config/skyhanni/jacob_contests.json
03:59:25 load-jacob_contests-now
03:59:25 Loaded jacob_contests from file
03:59:25 Trying to load visual_words from config/skyhanni/visual_words.json
03:59:25 Setting visual_words to be blank as it did not exist. It will be saved once something is written to it
04:00:25 saveConfig: auto-save-60s
04:00:25 Saving config file
04:01:25 saveConfig: auto-save-60s
04:01:25 Saving config file
04:02:18 saveConfig: Updated known feature flags
04:02:18 Saving known_features file
04:02:25 saveConfig: auto-save-60s
04:02:25 Saving config file
04:03:25 saveConfig: auto-save-60s
04:03:25 Saving config file
04:04:25 saveConfig: auto-save-60s
04:04:25 Saving config file
04:05:25 saveConfig: auto-save-60s
04:05:25 Saving config file
04:06:25 saveConfig: auto-save-60s
04:06:25 Saving config file
04:07:25 saveConfig: auto-save-60s
04:07:25 Saving config file
04:08:25 saveConfig: auto-save-60s
04:08:25 Saving config file
04:09:25 saveConfig: auto-save-60s
04:09:25 Saving config file
04:10:25 saveConfig: auto-save-60s
04:10:25 Saving config file
04:11:25 saveConfig: auto-save-60s
04:11:25 Saving config file
04:12:25 saveConfig: auto-save-60s
04:12:25 Saving config file
04:13:25 saveConfig: auto-save-60s
04:13:25 Saving config file
04:14:25 saveConfig: auto-save-60s
04:14:25 Saving config file
04:15:25 saveConfig: auto-save-60s
04:15:25 Saving config file
04:16:25 saveConfig: auto-save-60s
04:16:25 Saving config file
04:17:25 saveConfig: auto-save-60s
04:17:25 Saving config file
04:18:25 saveConfig: auto-save-60s
04:18:25 Saving config file
04:19:25 saveConfig: auto-save-60s
04:19:25 Saving config file
04:20:25 saveConfig: auto-save-60s
04:20:25 Saving config file
04:21:25 saveConfig: auto-save-60s
04:21:25 Saving config file
04:22:25 saveConfig: auto-save-60s
04:22:25 Saving config file
04:23:25 saveConfig: auto-save-60s
04:23:25 Saving config file
04:24:25 saveConfig: auto-save-60s
04:24:25 Saving config file
04:25:25 saveConfig: auto-save-60s
04:25:25 Saving config file
04:26:25 saveConfig: auto-save-60s
04:26:25 Saving config file
04:27:25 saveConfig: auto-save-60s
04:27:25 Saving config file
04:28:25 saveConfig: auto-save-60s
04:28:25 Saving config file
04:29:25 saveConfig: auto-save-60s
04:29:25 Saving config file
04:30:25 saveConfig: auto-save-60s
04:30:25 Saving config file
04:31:25 saveConfig: auto-save-60s
04:31:25 Saving config file
04:32:25 saveConfig: auto-save-60s
04:32:25 Saving config file
04:33:25 saveConfig: auto-save-60s
04:33:25 Saving config file
04:33:47 saveConfig: saving-data
04:33:47 Saving sacks file
04:33:51 saveConfig: saving-data
04:33:51 Saving sacks file
04:34:06 saveConfig: saving-data
04:34:06 Saving sacks file
04:34:25 saveConfig: auto-save-60s
04:34:25 Saving config file
04:35:25 saveConfig: auto-save-60s
04:35:25 Saving config file
04:36:25 saveConfig: auto-save-60s
04:36:25 Saving config file
04:37:25 saveConfig: auto-save-60s
04:37:25 Saving config file
04:38:25 saveConfig: auto-save-60s
04:38:25 Saving config file
04:39:25 saveConfig: auto-save-60s
04:39:25 Saving config file
04:40:25 saveConfig: auto-save-60s
04:40:25 Saving config file
04:41:25 saveConfig: auto-save-60s
04:41:25 Saving config file
04:42:25 saveConfig: auto-save-60s
04:42:25 Saving config file
04:43:25 saveConfig: auto-save-60s
04:43:25 Saving config file
04:44:25 saveConfig: auto-save-60s
04:44:25 Saving config file
04:44:49 saveConfig: saving-data
04:44:49 Saving sacks file
04:45:25 saveConfig: auto-save-60s
04:45:25 Saving config file
04:45:57 saveConfig: saving-data
04:45:57 Saving sacks file
04:46:25 saveConfig: auto-save-60s
04:46:25 Saving config file
04:47:25 saveConfig: auto-save-60s
04:47:25 Saving config file
04:48:25 saveConfig: auto-save-60s
04:48:25 Saving config file
04:49:25 saveConfig: auto-save-60s
04:49:25 Saving config file
04:50:25 saveConfig: saving-data
04:50:25 Saving sacks file
04:50:25 saveConfig: auto-save-60s
04:50:25 Saving config file
04:51:25 saveConfig: auto-save-60s
04:51:25 Saving config file
04:52:25 saveConfig: auto-save-60s
04:52:25 Saving config file
04:53:25 saveConfig: auto-save-60s
04:53:25 Saving config file
04:54:25 saveConfig: auto-save-60s
04:54:25 Saving config file
04:55:25 saveConfig: auto-save-60s
04:55:25 Saving config file
04:55:31 saveConfig: saving-data
04:55:31 Saving sacks file
04:56:25 saveConfig: auto-save-60s
04:56:25 Saving config file
04:57:25 saveConfig: auto-save-60s
04:57:25 Saving config file
04:58:25 saveConfig: auto-save-60s
04:58:25 Saving config file
04:59:25 saveConfig: auto-save-60s
04:59:25 Saving config file
05:00:25 saveConfig: auto-save-60s
05:00:25 Saving config file
05:01:25 saveConfig: auto-save-60s
05:01:25 Saving config file
05:02:25 saveConfig: auto-save-60s
05:02:25 Saving config file
05:03:25 saveConfig: auto-save-60s
05:03:25 Saving config file
05:04:25 saveConfig: auto-save-60s
05:04:25 Saving config file
05:05:25 saveConfig: auto-save-60s
05:05:25 Saving config file
05:06:25 saveConfig: auto-save-60s
05:06:25 Saving config file
05:07:25 saveConfig: auto-save-60s
05:07:25 Saving config file
05:08:25 saveConfig: auto-save-60s
05:08:25 Saving config file
05:09:25 saveConfig: auto-save-60s
05:09:25 Saving config file
05:10:25 saveConfig: auto-save-60s
05:10:25 Saving config file
05:11:25 saveConfig: auto-save-60s
05:11:25 Saving config file
05:12:25 saveConfig: auto-save-60s
05:12:25 Saving config file
05:13:25 saveConfig: auto-save-60s
05:13:25 Saving config file
05:14:25 saveConfig: auto-save-60s
05:14:25 Saving config file
05:15:25 saveConfig: auto-save-60s
05:15:25 Saving config file
05:16:25 saveConfig: auto-save-60s
05:16:25 Saving config file
05:17:25 saveConfig: auto-save-60s
05:17:25 Saving config file
05:18:25 saveConfig: auto-save-60s
05:18:25 Saving config file
05:19:25 saveConfig: auto-save-60s
05:19:25 Saving config file
05:20:25 saveConfig: auto-save-60s
05:20:25 Saving config file
05:21:25 saveConfig: auto-save-60s
05:21:25 Saving config file
05:22:25 saveConfig: auto-save-60s
05:22:25 Saving config file
05:23:25 saveConfig: auto-save-60s
05:23:25 Saving config file
05:24:25 saveConfig: auto-save-60s
05:24:25 Saving config file
05:25:25 saveConfig: auto-save-60s
05:25:25 Saving config file
05:26:25 saveConfig: auto-save-60s
05:26:25 Saving config file
05:27:25 saveConfig: auto-save-60s
05:27:25 Saving config file
05:28:25 saveConfig: auto-save-60s
05:28:25 Saving config file
05:29:25 saveConfig: auto-save-60s
05:29:25 Saving config file
05:30:25 saveConfig: auto-save-60s
05:30:25 Saving config file
05:31:25 saveConfig: auto-save-60s
05:31:25 Saving config file
05:32:25 saveConfig: auto-save-60s
05:32:25 Saving config file
05:33:25 saveConfig: auto-save-60s
05:33:25 Saving config file
05:34:25 saveConfig: auto-save-60s
05:34:25 Saving config file
05:35:25 saveConfig: auto-save-60s
05:35:25 Saving config file
05:36:25 saveConfig: auto-save-60s
05:36:25 Saving config file
05:37:25 saveConfig: auto-save-60s
05:37:25 Saving config file
05:38:25 saveConfig: auto-save-60s
05:38:25 Saving config file
05:39:25 saveConfig: auto-save-60s
05:39:25 Saving config file
05:40:25 saveConfig: auto-save-60s
05:40:25 Saving config file
05:41:25 saveConfig: auto-save-60s
05:41:25 Saving config file
05:42:25 saveConfig: auto-save-60s
05:42:25 Saving config file
05:43:25 saveConfig: auto-save-60s
05:43:25 Saving config file
05:44:25 saveConfig: auto-save-60s
05:44:25 Saving config file
05:45:25 saveConfig: auto-save-60s
05:45:25 Saving config file
05:46:25 saveConfig: auto-save-60s
05:46:25 Saving config file
05:47:25 saveConfig: auto-save-60s
05:47:25 Saving config file
05:48:25 saveConfig: auto-save-60s
05:48:25 Saving config file
05:49:25 saveConfig: auto-save-60s
05:49:25 Saving config file
05:50:25 saveConfig: auto-save-60s
05:50:25 Saving config file
05:51:25 saveConfig: auto-save-60s
05:51:25 Saving config file
05:52:25 saveConfig: auto-save-60s
05:52:25 Saving config file
05:53:25 saveConfig: auto-save-60s
05:53:25 Saving config file
05:54:25 saveConfig: auto-save-60s
05:54:25 Saving config file
05:55:25 saveConfig: auto-save-60s
05:55:25 Saving config file
05:56:25 saveConfig: auto-save-60s
05:56:25 Saving config file
05:57:25 saveConfig: auto-save-60s
05:57:25 Saving config file
05:58:25 saveConfig: auto-save-60s
05:58:25 Saving config file
05:59:25 saveConfig: auto-save-60s
05:59:25 Saving config file
06:00:25 saveConfig: auto-save-60s
06:00:25 Saving config file
06:01:25 saveConfig: auto-save-60s
06:01:25 Saving config file
06:02:25 saveConfig: auto-save-60s
06:02:25 Saving config file
06:03:25 saveConfig: auto-save-60s
06:03:25 Saving config file
06:04:25 saveConfig: auto-save-60s
06:04:25 Saving config file
06:05:25 saveConfig: auto-save-60s
06:05:25 Saving config file
06:06:25 saveConfig: auto-save-60s
06:06:25 Saving config file
06:07:25 saveConfig: auto-save-60s
06:07:25 Saving config file
06:08:25 saveConfig: auto-save-60s
06:08:25 Saving config file
06:09:25 saveConfig: auto-save-60s
06:09:25 Saving config file
06:10:25 saveConfig: auto-save-60s
06:10:25 Saving config file
06:11:25 saveConfig: auto-save-60s
06:11:25 Saving config file
06:12:25 saveConfig: auto-save-60s
06:12:25 Saving config file
06:13:25 saveConfig: auto-save-60s
06:13:25 Saving config file
06:14:25 saveConfig: auto-save-60s
06:14:25 Saving config file
06:15:25 saveConfig: auto-save-60s
06:15:25 Saving config file
06:16:25 saveConfig: auto-save-60s
06:16:25 Saving config file
06:17:25 saveConfig: auto-save-60s
06:17:25 Saving config file
06:18:25 saveConfig: auto-save-60s
06:18:25 Saving config file
06:19:25 saveConfig: auto-save-60s
06:19:25 Saving config file
06:20:25 saveConfig: auto-save-60s
06:20:25 Saving config file
06:21:25 saveConfig: auto-save-60s
06:21:25 Saving config file
06:22:25 saveConfig: auto-save-60s
06:22:25 Saving config file
06:23:25 saveConfig: auto-save-60s
06:23:25 Saving config file
06:24:25 saveConfig: auto-save-60s
06:24:25 Saving config file
06:25:25 saveConfig: auto-save-60s
06:25:25 Saving config file
06:26:25 saveConfig: auto-save-60s
06:26:25 Saving config file
06:27:25 saveConfig: auto-save-60s
06:27:25 Saving config file
06:28:25 saveConfig: auto-save-60s
06:28:25 Saving config file
06:29:25 saveConfig: auto-save-60s
06:29:25 Saving config file
06:30:25 saveConfig: auto-save-60s
06:30:25 Saving config file
06:31:25 saveConfig: auto-save-60s
06:31:25 Saving config file
06:32:25 saveConfig: auto-save-60s
06:32:25 Saving config file
06:33:25 saveConfig: auto-save-60s
06:33:25 Saving config file
06:34:25 saveConfig: auto-save-60s
06:34:25 Saving config file
06:35:25 saveConfig: auto-save-60s
06:35:25 Saving config file
06:36:25 saveConfig: auto-save-60s
06:36:25 Saving config file
06:37:25 saveConfig: auto-save-60s
06:37:25 Saving config file
06:38:25 saveConfig: auto-save-60s
06:38:25 Saving config file
06:39:25 saveConfig: auto-save-60s
06:39:25 Saving config file
06:40:25 saveConfig: auto-save-60s
06:40:25 Saving config file
06:41:25 saveConfig: auto-save-60s
06:41:25 Saving config file
06:42:25 saveConfig: auto-save-60s
06:42:25 Saving config file
06:43:25 saveConfig: auto-save-60s
06:43:25 Saving config file
06:44:25 saveConfig: auto-save-60s
06:44:25 Saving config file
06:45:25 saveConfig: auto-save-60s
06:45:25 Saving config file
06:46:25 saveConfig: auto-save-60s
06:46:25 Saving config file
06:47:25 saveConfig: auto-save-60s
06:47:25 Saving config file
06:48:25 saveConfig: auto-save-60s
06:48:25 Saving config file
06:49:25 saveConfig: auto-save-60s
06:49:25 Saving config file
06:50:25 saveConfig: auto-save-60s
06:50:25 Saving config file
06:51:25 saveConfig: auto-save-60s
06:51:25 Saving config file
06:52:25 saveConfig: auto-save-60s
06:52:25 Saving config file
06:53:25 saveConfig: auto-save-60s
06:53:25 Saving config file
06:54:25 saveConfig: auto-save-60s
06:54:25 Saving config file
06:55:25 saveConfig: auto-save-60s
06:55:25 Saving config file
06:56:25 saveConfig: auto-save-60s
06:56:25 Saving config file
06:57:25 saveConfig: auto-save-60s
06:57:25 Saving config file
06:58:25 saveConfig: auto-save-60s
06:58:25 Saving config file
06:59:25 saveConfig: auto-save-60s
06:59:25 Saving config file
07:00:25 saveConfig: auto-save-60s
07:00:25 Saving config file
07:01:25 saveConfig: auto-save-60s
07:01:25 Saving config file
07:02:25 saveConfig: auto-save-60s
07:02:25 Saving config file
07:03:25 saveConfig: auto-save-60s
07:03:25 Saving config file
07:04:25 saveConfig: auto-save-60s
07:04:25 Saving config file
07:05:25 saveConfig: auto-save-60s
07:05:25 Saving config file
07:06:25 saveConfig: auto-save-60s
07:06:25 Saving config file
07:07:25 saveConfig: auto-save-60s
07:07:25 Saving config file
07:08:25 saveConfig: auto-save-60s
07:08:25 Saving config file
07:09:25 saveConfig: auto-save-60s
07:09:25 Saving config file
07:10:25 saveConfig: auto-save-60s
07:10:25 Saving config file
07:11:25 saveConfig: auto-save-60s
07:11:25 Saving config file
07:12:25 saveConfig: auto-save-60s
07:12:25 Saving config file
07:13:25 saveConfig: auto-save-60s
07:13:25 Saving config file
07:14:25 saveConfig: auto-save-60s
07:14:25 Saving config file
07:15:25 saveConfig: auto-save-60s
07:15:25 Saving config file
07:16:25 saveConfig: auto-save-60s
07:16:25 Saving config file
07:17:25 saveConfig: auto-save-60s
07:17:25 Saving config file
07:18:25 saveConfig: auto-save-60s
07:18:25 Saving config file
07:19:25 saveConfig: auto-save-60s
07:19:25 Saving config file
07:20:25 saveConfig: auto-save-60s
07:20:25 Saving config file
07:21:25 saveConfig: auto-save-60s
07:21:25 Saving config file
07:22:25 saveConfig: auto-save-60s
07:22:25 Saving config file
07:23:25 saveConfig: auto-save-60s
07:23:25 Saving config file
07:24:25 saveConfig: auto-save-60s
07:24:25 Saving config file
07:25:25 saveConfig: auto-save-60s
07:25:25 Saving config file
07:26:25 saveConfig: auto-save-60s
07:26:25 Saving config file
07:27:25 saveConfig: auto-save-60s
07:27:25 Saving config file
07:28:25 saveConfig: auto-save-60s
07:28:25 Saving config file
07:29:25 saveConfig: auto-save-60s
07:29:25 Saving config file
07:30:25 saveConfig: auto-save-60s
07:30:25 Saving config file
07:31:25 saveConfig: auto-save-60s
07:31:25 Saving config file
07:32:25 saveConfig: auto-save-60s
07:32:25 Saving config file
07:33:25 saveConfig: auto-save-60s
07:33:25 Saving config file
07:34:25 saveConfig: auto-save-60s
07:34:25 Saving config file
07:35:25 saveConfig: auto-save-60s
07:35:25 Saving config file
07:36:25 saveConfig: auto-save-60s
07:36:25 Saving config file
07:37:25 saveConfig: auto-save-60s
07:37:25 Saving config file
07:38:25 saveConfig: auto-save-60s
07:38:25 Saving config file
07:38:37 saveConfig: saving-data
07:38:37 Saving sacks file
07:39:25 saveConfig: auto-save-60s
07:39:25 Saving config file
07:40:25 saveConfig: auto-save-60s
07:40:25 Saving config file
07:41:25 saveConfig: auto-save-60s
07:41:25 Saving config file
07:42:25 saveConfig: auto-save-60s
07:42:25 Saving config file
07:43:25 saveConfig: auto-save-60s
07:43:25 Saving config file
07:44:25 saveConfig: auto-save-60s
07:44:25 Saving config file
07:45:25 saveConfig: auto-save-60s
07:45:25 Saving config file
07:45:28 saveConfig: saving-data
07:45:28 Saving sacks file
07:46:25 saveConfig: auto-save-60s
07:46:25 Saving config file
07:47:25 saveConfig: auto-save-60s
07:47:25 Saving config file
07:48:25 saveConfig: auto-save-60s
07:48:25 Saving config file
07:49:25 saveConfig: auto-save-60s
07:49:25 Saving config file
07:50:25 saveConfig: auto-save-60s
07:50:25 Saving config file
07:51:25 saveConfig: auto-save-60s
07:51:25 Saving config file
07:52:25 saveConfig: auto-save-60s
07:52:25 Saving config file
07:53:22 saveConfig: saving-data
07:53:22 Saving sacks file
07:53:25 saveConfig: auto-save-60s
07:53:25 Saving config file
07:53:27 saveConfig: saving-data
07:53:27 Saving sacks file
07:54:25 saveConfig: auto-save-60s
07:54:25 Saving config file
07:54:31 saveConfig: saving-data
07:54:31 Saving sacks file
07:55:25 saveConfig: auto-save-60s
07:55:25 Saving config file
07:55:27 saveConfig: saving-data
07:55:27 Saving sacks file
07:56:25 saveConfig: auto-save-60s
07:56:25 Saving config file
07:57:25 saveConfig: auto-save-60s
07:57:25 Saving config file
07:58:25 saveConfig: auto-save-60s
07:58:25 Saving config file
07:59:25 saveConfig: auto-save-60s
07:59:25 Saving config file
08:00:25 saveConfig: auto-save-60s
08:00:25 Saving config file
08:01:25 saveConfig: auto-save-60s
08:01:25 Saving config file
08:02:25 saveConfig: auto-save-60s
08:02:25 Saving config file
08:03:25 saveConfig: auto-save-60s
08:03:25 Saving config file
08:04:25 saveConfig: auto-save-60s
08:04:25 Saving config file
08:05:25 saveConfig: auto-save-60s
08:05:25 Saving config file
08:06:25 saveConfig: auto-save-60s
08:06:25 Saving config file
08:06:44 saveConfig: saving-data
08:06:44 Saving sacks file
08:07:25 saveConfig: auto-save-60s
08:07:25 Saving config file
08:08:25 saveConfig: auto-save-60s
08:08:25 Saving config file
08:09:25 saveConfig: auto-save-60s
08:09:25 Saving config file
08:10:25 saveConfig: auto-save-60s
08:10:25 Saving config file
08:11:25 saveConfig: auto-save-60s
08:11:25 Saving config file
08:12:25 saveConfig: auto-save-60s
08:12:25 Saving config file
08:13:20 saveConfig: saving-data
08:13:20 Saving sacks file
08:13:25 saveConfig: auto-save-60s
08:13:25 Saving config file
08:14:02 saveConfig: saving-data
08:14:02 Saving sacks file
08:14:25 saveConfig: auto-save-60s
08:14:25 Saving config file
08:15:25 saveConfig: auto-save-60s
08:15:25 Saving config file
08:16:25 saveConfig: auto-save-60s
08:16:25 Saving config file
08:17:25 saveConfig: auto-save-60s
08:17:25 Saving config file
08:17:44 saveConfig: shutdown-hook
08:17:44 Saving config file
