10:46:58 `Enderman`5719817 missed {
 is already Found: false).
 Position: LorenzVec{x=-2.5, y=100.0, z=51.5}
 DistanceC: 18.59343085430966
Relative Position: LorenzVec{x=-10.434472591659368, y=0.0, z=18.59343085430966}
 }
10:46:58 `Enderman`5719818 missed {
 is already Found: false).
 Position: LorenzVec{x=-2.0, y=100.0, z=52.46875}
 DistanceC: 19.56218085430966
Relative Position: LorenzVec{x=-9.934472591659368, y=0.0, z=19.56218085430966}
 }
10:46:58 `Enderman`5719819 missed {
 is already Found: false).
 Position: LorenzVec{x=-2.5, y=100.0, z=51.5}
 DistanceC: 18.59343085430966
Relative Position: LorenzVec{x=-10.434472591659368, y=0.0, z=18.59343085430966}
 }
10:46:58 `Enderman`5719820 missed {
 is already Found: false).
 Position: LorenzVec{x=-2.5, y=100.0, z=51.5}
 DistanceC: 18.59343085430966
Relative Position: LorenzVec{x=-10.434472591659368, y=0.0, z=18.59343085430966}
 }
10:46:58 `Enderman`5719821 missed {
 is already Found: false).
 Position: LorenzVec{x=-2.5, y=100.0, z=51.5}
 DistanceC: 18.59343085430966
Relative Position: LorenzVec{x=-10.434472591659368, y=0.0, z=18.59343085430966}
 }
10:46:59 `Enderman`5719708 missed {
 is already Found: false).
 Position: LorenzVec{x=0.5625, y=100.0, z=52.5}
 DistanceC: 19.59343085430966
Relative Position: LorenzVec{x=-7.371972591659368, y=0.0, z=19.59343085430966}
 }
10:46:59 `Enderman`5719709 missed {
 is already Found: false).
 Position: LorenzVec{x=1.5, y=100.0, z=54.5}
 DistanceC: 21.59343085430966
Relative Position: LorenzVec{x=-6.434472591659368, y=0.0, z=21.59343085430966}
 }
10:46:59 `Enderman`5719900 missed {
 is already Found: false).
 Position: LorenzVec{x=-0.5, y=100.0, z=54.5}
 DistanceC: 21.59343085430966
Relative Position: LorenzVec{x=-8.434472591659368, y=0.0, z=21.59343085430966}
 }
10:46:59 `Enderman`5719901 missed {
 is already Found: false).
 Position: LorenzVec{x=-0.19791666666666666, y=100.0, z=52.21875}
 DistanceC: 19.31218085430966
Relative Position: LorenzVec{x=-8.132389258326034, y=0.0, z=19.31218085430966}
 }
10:46:59 `Enderman`5719903 missed {
 is already Found: false).
 Position: LorenzVec{x=-0.96875, y=100.0, z=53.40625}
 DistanceC: 20.49968085430966
Relative Position: LorenzVec{x=-8.903222591659368, y=0.0, z=20.49968085430966}
 }
10:46:59 `Enderman`5719902 missed {
 is already Found: false).
 Position: LorenzVec{x=-1.0, y=100.0, z=53.3125}
 DistanceC: 20.40593085430966
Relative Position: LorenzVec{x=-8.934472591659368, y=0.0, z=20.40593085430966}
 }
10:47:03 `Enderman`5719710 missed {
 is already Found: false).
 Position: LorenzVec{x=1.25, y=100.0, z=54.90625}
 DistanceC: 15.99010194572475
Relative Position: LorenzVec{x=15.99010194572475, y=-5.132993659646488, z=15.03908463485925}
 }
10:47:12 `Enderman`5732592 missed {
 is already Found: false).
 Position: LorenzVec{x=-0.5, y=100.0, z=55.5}
 DistanceC: 18.281507662278088
Relative Position: LorenzVec{x=0.5027162755998971, y=-3.875, z=18.281507662278088}
 }
10:47:14 `Cow`5733518 missed {
 is already Found: false).
 Position: LorenzVec{x=0.5, y=104.0, z=56.5}
 DistanceC: 19.281507662278088
Relative Position: LorenzVec{x=1.502716275599897, y=0.125, z=19.281507662278088}
 }
10:47:15 `Rabbit`5734709 missed {
 is already Found: false).
 Position: LorenzVec{x=2.5, y=104.0, z=55.5}
 DistanceC: 18.281507662278088
Relative Position: LorenzVec{x=3.502716275599897, y=0.125, z=18.281507662278088}
 }
10:47:18 `Chicken`5736970 missed {
 is already Found: false).
 Position: LorenzVec{x=-1.5, y=104.0, z=54.5}
 DistanceC: 17.281507662278088
Relative Position: LorenzVec{x=-0.49728372440010293, y=0.125, z=17.281507662278088}
 }
10:47:18 `Enderman`5736972 missed {
 is already Found: false).
 Position: LorenzVec{x=0.5, y=100.0, z=56.5}
 DistanceC: 19.281507662278088
Relative Position: LorenzVec{x=1.502716275599897, y=-3.875, z=19.281507662278088}
 }
10:47:28 `Cow`5744845 missed {
 is already Found: false).
 Position: LorenzVec{x=-0.5, y=104.0, z=53.5}
 DistanceC: 16.281507662278088
Relative Position: LorenzVec{x=0.5027162755998971, y=0.125, z=16.281507662278088}
 }
10:47:42 `Rabbit`5752593 missed {
 is already Found: false).
 Position: LorenzVec{x=-0.5, y=104.875, z=54.5}
 DistanceC: 17.281507662278088
Relative Position: LorenzVec{x=0.5027162755998971, y=1.0, z=17.281507662278088}
 }
10:47:46 `Enderman`5754933 missed {
 is already Found: false).
 Position: LorenzVec{x=-2.5, y=100.0, z=56.5}
 DistanceC: 19.281507662278088
Relative Position: LorenzVec{x=-1.497283724400103, y=-3.875, z=19.281507662278088}
 }
10:47:52 `Enderman`5758082 missed {
 is already Found: false).
 Position: LorenzVec{x=-0.53125, y=100.0, z=53.5}
 DistanceC: 16.281507662278088
Relative Position: LorenzVec{x=0.47146627559989707, y=-3.875, z=16.281507662278088}
 }
10:47:56 `Cow`5760196 missed {
 is already Found: false).
 Position: LorenzVec{x=-1.5, y=104.0, z=56.5}
 DistanceC: 19.281507662278088
Relative Position: LorenzVec{x=-0.49728372440010293, y=0.125, z=19.281507662278088}
 }
10:47:57 `Enderman`5760362 missed {
 is already Found: false).
 Position: LorenzVec{x=-2.4375, y=100.0, z=54.53125}
 DistanceC: 17.312757662278088
Relative Position: LorenzVec{x=-1.434783724400103, y=-3.875, z=17.312757662278088}
 }
10:47:57 `Chicken`5760365 missed {
 is already Found: false).
 Position: LorenzVec{x=-0.5, y=104.875, z=54.5}
 DistanceC: 17.281507662278088
Relative Position: LorenzVec{x=0.5027162755998971, y=1.0, z=17.281507662278088}
 }
10:51:03 `8bd28ke81y`342 missed {
 is already Found: false).
 Position: LorenzVec{x=51.5, y=79.0, z=-13.5}
 DistanceC: 22.80000001192093
Relative Position: LorenzVec{x=4.6082128348844975, y=10.0, z=22.80000001192093}
 }
10:51:12 `811wtei22z`338 missed {
 is already Found: false).
 Position: LorenzVec{x=65.5, y=71.0, z=-61.5}
 DistanceC: 19.423487810849466
Relative Position: LorenzVec{x=18.75375217030242, y=3.0, z=-19.423487810849466}
 }
10:51:34 `Cow`17305833 missed {
 is already Found: false).
 Position: LorenzVec{x=-1.5, y=104.0, z=56.5}
 DistanceC: 17.950863039188995
Relative Position: LorenzVec{x=-8.074335652063116, y=4.0, z=17.950863039188995}
 }
10:51:38 `Enderman`17309316 missed {
 is already Found: false).
 Position: LorenzVec{x=1.5, y=100.0, z=54.5}
 DistanceC: 15.950863039188995
Relative Position: LorenzVec{x=-5.074335652063115, y=0.0, z=15.950863039188995}
 }
10:51:44 `Rabbit`17314691 missed {
 is already Found: false).
 Position: LorenzVec{x=1.5, y=104.0, z=56.5}
 DistanceC: 17.950863039188995
Relative Position: LorenzVec{x=-5.074335652063115, y=4.0, z=17.950863039188995}
 }
10:51:47 `Chicken`17316861 missed {
 is already Found: false).
 Position: LorenzVec{x=-0.4375, y=104.875, z=54.5625}
 DistanceC: 16.013363039188995
Relative Position: LorenzVec{x=-7.011835652063115, y=4.875, z=16.013363039188995}
 }
10:51:57 `bc734ibn3e`163 missed {
 is already Found: false).
 Position: LorenzVec{x=-22.5, y=151.0, z=-49.5}
 DistanceC: 23.0
Relative Position: LorenzVec{x=-23.0, y=1.5, z=16.513760247780993}
 }
10:51:57 `4kdwn59691`164 missed {
 is already Found: false).
 Position: LorenzVec{x=-22.5, y=151.0, z=-79.5}
 DistanceC: 23.0
Relative Position: LorenzVec{x=-23.0, y=1.5, z=-13.486239752219007}
 }
10:51:57 `0ou8p4182n`166 missed {
 is already Found: false).
 Position: LorenzVec{x=23.5, y=151.0, z=-87.5}
 DistanceC: 23.0
Relative Position: LorenzVec{x=23.0, y=1.5, z=-21.486239752219007}
 }
11:14:30 `Enderman`23872386 missed {
 is already Found: false).
 Position: LorenzVec{x=0.5, y=100.0, z=57.5}
 DistanceC: 21.69886712701642
Relative Position: LorenzVec{x=5.704836505783909, y=0.0, z=21.69886712701642}
 }
11:14:30 `Chicken`23872387 missed {
 is already Found: false).
 Position: LorenzVec{x=-0.5, y=104.875, z=54.5}
 DistanceC: 18.69886712701642
Relative Position: LorenzVec{x=4.704836505783909, y=4.875, z=18.69886712701642}
 }
11:14:35 `Cow`23873964 missed {
 is already Found: false).
 Position: LorenzVec{x=-0.375, y=105.15625, z=53.625}
 DistanceC: 17.82386712701642
Relative Position: LorenzVec{x=4.829836505783909, y=5.15625, z=17.82386712701642}
 }
11:14:38 `Enderman`23874929 missed {
 is already Found: false).
 Position: LorenzVec{x=0.5, y=100.0, z=55.5}
 DistanceC: 19.69886712701642
Relative Position: LorenzVec{x=5.704836505783909, y=0.0, z=19.69886712701642}
 }
11:14:38 `Enderman`23875021 missed {
 is already Found: false).
 Position: LorenzVec{x=-2.25, y=100.0, z=54.75}
 DistanceC: 18.94886712701642
Relative Position: LorenzVec{x=2.954836505783909, y=0.0, z=18.94886712701642}
 }
11:14:43 `Rabbit`23876674 missed {
 is already Found: false).
 Position: LorenzVec{x=1.5, y=104.0, z=53.5}
 DistanceC: 17.69886712701642
Relative Position: LorenzVec{x=6.704836505783909, y=4.0, z=17.69886712701642}
 }
11:14:49 `Chicken`23878724 missed {
 is already Found: false).
 Position: LorenzVec{x=-2.5, y=104.0, z=53.5}
 DistanceC: 17.69886712701642
Relative Position: LorenzVec{x=2.704836505783909, y=4.0, z=17.69886712701642}
 }
11:14:49 `Cow`23878727 missed {
 is already Found: false).
 Position: LorenzVec{x=-0.5, y=104.875, z=54.5}
 DistanceC: 18.69886712701642
Relative Position: LorenzVec{x=4.704836505783909, y=4.875, z=18.69886712701642}
 }
11:15:03 `Cow`23883449 missed {
 is already Found: false).
 Position: LorenzVec{x=-2.5, y=104.0, z=57.5}
 DistanceC: 21.69886712701642
Relative Position: LorenzVec{x=2.704836505783909, y=4.0, z=21.69886712701642}
 }
11:15:06 `Enderman`23884331 missed {
 is already Found: false).
 Position: LorenzVec{x=1.4375, y=100.0, z=54.5}
 DistanceC: 18.69886712701642
Relative Position: LorenzVec{x=6.642336505783909, y=0.0, z=18.69886712701642}
 }
11:15:08 `Enderman`23885167 missed {
 is already Found: false).
 Position: LorenzVec{x=-2.3125, y=100.0, z=53.875}
 DistanceC: 18.07386712701642
Relative Position: LorenzVec{x=2.892336505783909, y=0.0, z=18.07386712701642}
 }
11:15:08 `Chicken`23885170 missed {
 is already Found: false).
 Position: LorenzVec{x=-1.5, y=104.0, z=51.5}
 DistanceC: 15.69886712701642
Relative Position: LorenzVec{x=3.704836505783909, y=4.0, z=15.69886712701642}
 }
11:15:09 `Rabbit`23885469 missed {
 is already Found: false).
 Position: LorenzVec{x=-1.5, y=104.0, z=55.5}
 DistanceC: 19.69886712701642
Relative Position: LorenzVec{x=3.704836505783909, y=4.0, z=19.69886712701642}
 }
11:15:12 `Enderman`23886193 missed {
 is already Found: false).
 Position: LorenzVec{x=-1.53125, y=100.0, z=52.03125}
 DistanceC: 16.23011712701642
Relative Position: LorenzVec{x=3.673586505783909, y=0.0, z=16.23011712701642}
 }
11:15:17 `Cow`23887948 missed {
 is already Found: false).
 Position: LorenzVec{x=-1.5, y=104.0, z=53.5}
 DistanceC: 17.69886712701642
Relative Position: LorenzVec{x=3.704836505783909, y=4.0, z=17.69886712701642}
 }
11:15:27 `Chicken`23891180 missed {
 is already Found: false).
 Position: LorenzVec{x=1.5, y=104.0, z=52.5}
 DistanceC: 16.69886712701642
Relative Position: LorenzVec{x=6.704836505783909, y=4.0, z=16.69886712701642}
 }
11:15:32 `Cow`23892511 missed {
 is already Found: false).
 Position: LorenzVec{x=1.5, y=104.0, z=55.5}
 DistanceC: 19.69886712701642
Relative Position: LorenzVec{x=6.704836505783909, y=4.0, z=19.69886712701642}
 }
11:15:33 `Enderman`23893113 missed {
 is already Found: false).
 Position: LorenzVec{x=-2.3125, y=100.0, z=56.03125}
 DistanceC: 20.23011712701642
Relative Position: LorenzVec{x=2.892336505783909, y=0.0, z=20.23011712701642}
 }
11:15:35 `Rabbit`23893650 missed {
 is already Found: false).
 Position: LorenzVec{x=-1.5, y=104.0, z=56.5}
 DistanceC: 20.69886712701642
Relative Position: LorenzVec{x=3.704836505783909, y=4.0, z=20.69886712701642}
 }
11:15:45 `Enderman`23897068 missed {
 is already Found: false).
 Position: LorenzVec{x=-2.5, y=100.0, z=53.5}
 DistanceC: 17.69886712701642
Relative Position: LorenzVec{x=2.704836505783909, y=0.0, z=17.69886712701642}
 }
11:15:46 `Cow`23897203 missed {
 is already Found: false).
 Position: LorenzVec{x=0.5, y=104.0, z=57.5}
 DistanceC: 21.69886712701642
Relative Position: LorenzVec{x=5.704836505783909, y=4.0, z=21.69886712701642}
 }
11:15:47 `Enderman`23897398 missed {
 is already Found: false).
 Position: LorenzVec{x=-2.5, y=100.0, z=54.5}
 DistanceC: 18.69886712701642
Relative Position: LorenzVec{x=2.704836505783909, y=0.0, z=18.69886712701642}
 }
11:15:47 `Chicken`23897401 missed {
 is already Found: false).
 Position: LorenzVec{x=0.5, y=104.0, z=54.5}
 DistanceC: 18.69886712701642
Relative Position: LorenzVec{x=5.704836505783909, y=4.0, z=18.69886712701642}
 }
11:16:00 `Cow`23901969 missed {
 is already Found: false).
 Position: LorenzVec{x=0.5, y=104.0, z=54.5}
 DistanceC: 18.69886712701642
Relative Position: LorenzVec{x=5.704836505783909, y=4.0, z=18.69886712701642}
 }
11:16:01 `Enderman`23902302 missed {
 is already Found: false).
 Position: LorenzVec{x=-0.75, y=100.0, z=55.0625}
 DistanceC: 19.26136712701642
Relative Position: LorenzVec{x=4.454836505783909, y=0.0, z=19.26136712701642}
 }
11:16:01 `Rabbit`23902377 missed {
 is already Found: false).
 Position: LorenzVec{x=0.5, y=106.03125, z=54.46875}
 DistanceC: 18.66761712701642
Relative Position: LorenzVec{x=5.704836505783909, y=6.03125, z=18.66761712701642}
 }
11:16:06 `Chicken`23903855 missed {
 is already Found: false).
 Position: LorenzVec{x=1.5, y=104.0, z=55.5}
 DistanceC: 19.69886712701642
Relative Position: LorenzVec{x=6.704836505783909, y=4.0, z=19.69886712701642}
 }
11:16:14 `Cow`23906733 missed {
 is already Found: false).
 Position: LorenzVec{x=-2.5, y=104.0, z=53.5}
 DistanceC: 17.69886712701642
Relative Position: LorenzVec{x=2.704836505783909, y=4.0, z=17.69886712701642}
 }
11:16:19 `Enderman`23908387 missed {
 is already Found: false).
 Position: LorenzVec{x=-1.65625, y=100.0, z=52.875}
 DistanceC: 17.07386712701642
Relative Position: LorenzVec{x=3.548586505783909, y=0.0, z=17.07386712701642}
 }
11:16:25 `Enderman`23910371 missed {
 is already Found: false).
 Position: LorenzVec{x=0.0625, y=100.0, z=55.28125}
 DistanceC: 19.48011712701642
Relative Position: LorenzVec{x=5.267336505783909, y=0.0, z=19.48011712701642}
 }
11:16:25 `Chicken`23910372 missed {
 is already Found: false).
 Position: LorenzVec{x=0.5, y=104.875, z=55.5}
 DistanceC: 19.69886712701642
Relative Position: LorenzVec{x=5.704836505783909, y=4.875, z=19.69886712701642}
 }
11:16:28 `Rabbit`23911245 missed {
 is already Found: false).
 Position: LorenzVec{x=2.5, y=104.0, z=55.5}
 DistanceC: 19.69886712701642
Relative Position: LorenzVec{x=7.704836505783909, y=4.0, z=19.69886712701642}
 }
11:16:29 `Cow`23911615 missed {
 is already Found: false).
 Position: LorenzVec{x=-2.40625, y=104.0, z=52.1875}
 DistanceC: 16.38636712701642
Relative Position: LorenzVec{x=2.798586505783909, y=4.0, z=16.38636712701642}
 }
11:16:29 `Enderman`23911685 missed {
 is already Found: false).
 Position: LorenzVec{x=1.25, y=100.0, z=55.125}
 DistanceC: 19.32386712701642
Relative Position: LorenzVec{x=6.454836505783909, y=0.0, z=19.32386712701642}
 }
11:16:43 `Cow`23916277 missed {
 is already Found: false).
 Position: LorenzVec{x=1.5, y=104.0, z=55.5}
 DistanceC: 20.020120147611912
Relative Position: LorenzVec{x=5.759932229806212, y=4.0, z=20.020120147611912}
 }
11:16:45 `Chicken`23916910 missed {
 is already Found: false).
 Position: LorenzVec{x=1.5, y=104.0, z=51.5}
 DistanceC: 18.53078206362631
Relative Position: LorenzVec{x=-14.291147067158295, y=-2.1315633992116005, z=18.53078206362631}
 }
11:18:16 `Cow`23947470 missed {
 is already Found: false).
 Position: LorenzVec{x=-0.5, y=104.0, z=57.5}
 DistanceC: 15.664981255071751
Relative Position: LorenzVec{x=6.023181524242498, y=-0.875, z=15.664981255071751}
 }
11:18:30 `Cow`23951960 missed {
 is already Found: false).
 Position: LorenzVec{x=-2.5, y=104.0, z=57.5}
 DistanceC: 15.664981255071751
Relative Position: LorenzVec{x=4.023181524242498, y=-0.875, z=15.664981255071751}
 }
11:19:00 `Enderman`23961566 missed {
 is already Found: false).
 Position: LorenzVec{x=-0.625, y=100.0, z=57.3125}
 DistanceC: 15.477481255071751
Relative Position: LorenzVec{x=5.898181524242498, y=-4.875, z=15.477481255071751}
 }
11:19:27 `Cow`23969968 missed {
 is already Found: false).
 Position: LorenzVec{x=-1.5, y=104.0, z=57.5}
 DistanceC: 15.664981255071751
Relative Position: LorenzVec{x=5.023181524242498, y=-0.875, z=15.664981255071751}
 }
11:21:07 `Cow`24003549 missed {
 is already Found: false).
 Position: LorenzVec{x=0.5, y=104.0, z=57.5}
 DistanceC: 15.664981255071751
Relative Position: LorenzVec{x=7.023181524242498, y=-0.875, z=15.664981255071751}
 }
11:21:21 `Cow`24008761 missed {
 is already Found: false).
 Position: LorenzVec{x=-2.5, y=104.0, z=57.5}
 DistanceC: 15.664981255071751
Relative Position: LorenzVec{x=4.023181524242498, y=-0.875, z=15.664981255071751}
 }
11:22:04 `Cow`24024516 missed {
 is already Found: false).
 Position: LorenzVec{x=-1.5, y=104.0, z=57.5}
 DistanceC: 15.664981255071751
Relative Position: LorenzVec{x=5.023181524242498, y=-0.875, z=15.664981255071751}
 }
11:22:47 `Cow`24038735 missed {
 is already Found: false).
 Position: LorenzVec{x=0.5, y=104.0, z=57.5}
 DistanceC: 15.664981255071751
Relative Position: LorenzVec{x=7.023181524242498, y=-0.875, z=15.664981255071751}
 }
11:23:44 `Cow`24059602 missed {
 is already Found: false).
 Position: LorenzVec{x=-2.5, y=104.0, z=57.5}
 DistanceC: 15.664981255071751
Relative Position: LorenzVec{x=4.023181524242498, y=-0.875, z=15.664981255071751}
 }
11:24:08 `Enderman`24069775 missed {
 is already Found: false).
 Position: LorenzVec{x=1.5, y=100.0, z=57.5}
 DistanceC: 15.664981255071751
Relative Position: LorenzVec{x=8.0231815242425, y=-4.875, z=15.664981255071751}
 }
11:25:58 `§bSam `23866807 missed {
 is already Found: false).
 Position: LorenzVec{x=6.5, y=99.0, z=20.5}
 DistanceC: 13.617633588673996
Relative Position: LorenzVec{x=-12.011625056615905, y=-1.0, z=-13.617633588673996}
 }
11:26:01 `Enderman`24092671 missed {
 is already Found: false).
 Position: LorenzVec{x=-0.875, y=100.0, z=54.75}
 DistanceC: 19.98402950279594
Relative Position: LorenzVec{x=-12.33982702651795, y=0.0, z=19.98402950279594}
 }
11:26:01 `Enderman`24094839 missed {
 is already Found: false).
 Position: LorenzVec{x=0.375, y=100.0, z=56.75}
 DistanceC: 21.98402950279594
Relative Position: LorenzVec{x=-11.08982702651795, y=0.0, z=21.98402950279594}
 }
11:26:01 `Enderman`24106200 missed {
 is already Found: false).
 Position: LorenzVec{x=0.5, y=100.0, z=55.5}
 DistanceC: 20.73402950279594
Relative Position: LorenzVec{x=-10.96482702651795, y=0.0, z=20.73402950279594}
 }
11:26:32 `Villager`320 missed {
 is already Found: false).
 Position: LorenzVec{x=56.5, y=70.0, z=-77.5}
 DistanceC: 21.322631011770298
Relative Position: LorenzVec{x=17.244564018615996, y=-1.0625, z=21.322631011770298}
 }
11:29:40 `66w4744214`341 missed {
 is already Found: false).
 Position: LorenzVec{x=-10.0, y=70.0, z=-67.0}
 DistanceC: 22.846662339609757
Relative Position: LorenzVec{x=22.846662339609757, y=2.0, z=-19.196681042167228}
 }
11:29:41 `90ie5p0t91`244 missed {
 is already Found: false).
 Position: LorenzVec{x=-24.5, y=71.0, z=-58.5}
 DistanceC: 21.40254730458141
Relative Position: LorenzVec{x=21.40254730458141, y=1.0, z=-16.21758506443247}
 }
11:30:07 `bd420r0tfo`1625 missed {
 is already Found: false).
 Position: LorenzVec{x=-2.5, y=72.0, z=-109.5}
 DistanceC: 22.07442606431382
Relative Position: LorenzVec{x=-22.07442606431382, y=2.0, z=-17.229409799216825}
 }
11:40:19 `Enderman`37292929 missed {
 is already Found: false).
 Position: LorenzVec{x=1.6875, y=100.0, z=55.927083333333336}
 DistanceC: 16.267761443174507
Relative Position: LorenzVec{x=4.331333203894809, y=0.0, z=16.267761443174507}
 }
11:40:22 `Cow`37294987 missed {
 is already Found: false).
 Position: LorenzVec{x=1.5, y=104.0, z=55.5}
 DistanceC: 15.840678109841171
Relative Position: LorenzVec{x=4.143833203894809, y=4.0, z=15.840678109841171}
 }
11:40:36 `Cow`37305891 missed {
 is already Found: false).
 Position: LorenzVec{x=0.5, y=104.0, z=57.5}
 DistanceC: 17.84067810984117
Relative Position: LorenzVec{x=3.1438332038948094, y=4.0, z=17.84067810984117}
 }
11:40:39 `Rabbit`37308280 missed {
 is already Found: false).
 Position: LorenzVec{x=-1.5, y=104.0, z=56.5}
 DistanceC: 16.84067810984117
Relative Position: LorenzVec{x=1.1438332038948094, y=4.0, z=16.84067810984117}
 }
11:40:50 `Cow`37316210 missed {
 is already Found: false).
 Position: LorenzVec{x=-0.5, y=104.0, z=55.5}
 DistanceC: 15.840678109841171
Relative Position: LorenzVec{x=2.1438332038948094, y=4.0, z=15.840678109841171}
 }
11:40:53 `Enderman`37318450 missed {
 is already Found: false).
 Position: LorenzVec{x=-1.78125, y=100.0, z=56.71875}
 DistanceC: 17.05942810984117
Relative Position: LorenzVec{x=0.8625832038948094, y=0.0, z=17.05942810984117}
 }
11:40:55 `Enderman`37320010 missed {
 is already Found: false).
 Position: LorenzVec{x=1.5, y=100.0, z=57.5}
 DistanceC: 17.84067810984117
Relative Position: LorenzVec{x=4.143833203894809, y=0.0, z=17.84067810984117}
 }
11:41:19 `Cow`37337468 missed {
 is already Found: false).
 Position: LorenzVec{x=-2.5, y=104.0, z=55.5}
 DistanceC: 15.840678109841171
Relative Position: LorenzVec{x=0.14383320389480936, y=4.0, z=15.840678109841171}
 }
11:41:24 `Chicken`37341312 missed {
 is already Found: false).
 Position: LorenzVec{x=-1.5, y=104.0, z=55.5}
 DistanceC: 15.840678109841171
Relative Position: LorenzVec{x=1.1438332038948094, y=4.0, z=15.840678109841171}
 }
11:41:32 `Rabbit`37346745 missed {
 is already Found: false).
 Position: LorenzVec{x=-0.5, y=104.0, z=56.5}
 DistanceC: 16.84067810984117
Relative Position: LorenzVec{x=2.1438332038948094, y=4.0, z=16.84067810984117}
 }
11:41:33 `Cow`37347594 missed {
 is already Found: false).
 Position: LorenzVec{x=-0.5, y=104.0, z=56.5}
 DistanceC: 16.84067810984117
Relative Position: LorenzVec{x=2.1438332038948094, y=4.0, z=16.84067810984117}
 }
11:41:48 `Cow`37358143 missed {
 is already Found: false).
 Position: LorenzVec{x=-1.5, y=104.0, z=57.5}
 DistanceC: 17.84067810984117
Relative Position: LorenzVec{x=1.1438332038948094, y=4.0, z=17.84067810984117}
 }
11:41:56 `Enderman`37364224 missed {
 is already Found: false).
 Position: LorenzVec{x=0.5, y=100.0, z=55.5}
 DistanceC: 15.840678109841171
Relative Position: LorenzVec{x=3.1438332038948094, y=0.0, z=15.840678109841171}
 }
11:41:58 `Rabbit`37365677 missed {
 is already Found: false).
 Position: LorenzVec{x=2.5, y=104.0, z=55.5}
 DistanceC: 15.840678109841171
Relative Position: LorenzVec{x=5.143833203894809, y=4.0, z=15.840678109841171}
 }
11:42:01 `Enderman`37367839 missed {
 is already Found: false).
 Position: LorenzVec{x=0.5, y=100.0, z=55.5}
 DistanceC: 15.840678109841171
Relative Position: LorenzVec{x=3.1438332038948094, y=0.0, z=15.840678109841171}
 }
11:42:02 `Cow`37368366 missed {
 is already Found: false).
 Position: LorenzVec{x=-2.5, y=104.0, z=56.5}
 DistanceC: 16.84067810984117
Relative Position: LorenzVec{x=0.14383320389480936, y=4.0, z=16.84067810984117}
 }
11:42:03 `Chicken`37369094 missed {
 is already Found: false).
 Position: LorenzVec{x=1.5, y=104.0, z=55.5}
 DistanceC: 15.840678109841171
Relative Position: LorenzVec{x=4.143833203894809, y=4.0, z=15.840678109841171}
 }
11:42:16 `Cow`37378818 missed {
 is already Found: false).
 Position: LorenzVec{x=-1.5, y=104.0, z=56.5}
 DistanceC: 16.84067810984117
Relative Position: LorenzVec{x=1.1438332038948094, y=4.0, z=16.84067810984117}
 }
11:42:22 `Chicken`37383160 missed {
 is already Found: false).
 Position: LorenzVec{x=1.5, y=104.0, z=55.5}
 DistanceC: 15.840678109841171
Relative Position: LorenzVec{x=4.143833203894809, y=4.0, z=15.840678109841171}
 }
11:42:25 `Rabbit`37384863 missed {
 is already Found: false).
 Position: LorenzVec{x=-1.5, y=104.0, z=55.5}
 DistanceC: 15.840678109841171
Relative Position: LorenzVec{x=1.1438332038948094, y=4.0, z=15.840678109841171}
 }
11:43:22 `Blaze`37304980 missed {
 is already Found: false).
 Position: LorenzVec{x=32.59375, y=106.0, z=8.875}
 DistanceC: 21.67421316758327
Relative Position: LorenzVec{x=21.67421316758327, y=3.0, z=-15.928223936696678}
 }
11:43:37 `Blaze`37371880 missed {
 is already Found: false).
 Position: LorenzVec{x=32.84375, y=106.0, z=7.4375}
 DistanceC: 21.92421316758327
Relative Position: LorenzVec{x=21.92421316758327, y=3.0, z=-17.36572393669668}
 }
11:43:43 `Blaze`37346390 missed {
 is already Found: false).
 Position: LorenzVec{x=31.875, y=106.0, z=5.0}
 DistanceC: 20.95546316758327
Relative Position: LorenzVec{x=20.95546316758327, y=3.0, z=-19.80322393669668}
 }
11:43:51 `Blaze`37371881 missed {
 is already Found: false).
 Position: LorenzVec{x=32.28125, y=106.0, z=8.90625}
 DistanceC: 21.36171316758327
Relative Position: LorenzVec{x=21.36171316758327, y=3.0, z=-15.896973936696678}
 }
11:44:06 `hst0n020dc`1568 missed {
 is already Found: false).
 Position: LorenzVec{x=-2.5, y=72.0, z=-109.5}
 DistanceC: 20.569922555376593
Relative Position: LorenzVec{x=-17.84051298276627, y=2.0, z=-20.569922555376593}
 }
11:44:06 `h3z0dkv19o`1567 missed {
 is already Found: false).
 Position: LorenzVec{x=-0.5, y=72.0, z=-111.5}
 DistanceC: 22.359265271712843
Relative Position: LorenzVec{x=-16.117384634177327, y=2.0, z=-22.359265271712843}
 }
11:44:17 `1lmef59y47`19633 missed {
 is already Found: false).
 Position: LorenzVec{x=2.5, y=70.0, z=-75.5}
 DistanceC: 19.786202022154477
Relative Position: LorenzVec{x=-19.786202022154477, y=0.0, z=19.493122722660345}
 }
11:44:52 `djf47sf8n8`115 missed {
 is already Found: false).
 Position: LorenzVec{x=-15.25, y=136.43125, z=217.25}
 DistanceC: 17.261828800400124
Relative Position: LorenzVec{x=-17.261828800400124, y=15.431250000000006, z=-5.197222840886013}
 }
11:44:52 `s36jh99c95`117 missed {
 is already Found: false).
 Position: LorenzVec{x=15.5, y=128.0, z=206.5}
 DistanceC: 15.947222840886013
Relative Position: LorenzVec{x=13.488171199599874, y=7.0, z=-15.947222840886013}
 }
11:44:52 `031l692141`175 missed {
 is already Found: false).
 Position: LorenzVec{x=23.5, y=128.0, z=207.5}
 DistanceC: 21.488171199599876
Relative Position: LorenzVec{x=21.488171199599876, y=7.0, z=-14.947222840886013}
 }
11:44:55 `v4vcgus268`187 missed {
 is already Found: false).
 Position: LorenzVec{x=-16.5, y=121.0, z=232.5}
 DistanceC: 18.971577693149136
Relative Position: LorenzVec{x=-18.971577693149136, y=0.0, z=8.629444526942564}
 }
11:44:56 `3j0tvl34b3`133 missed {
 is already Found: false).
 Position: LorenzVec{x=2.5, y=120.775, z=237.5}
 DistanceC: 13.629444526942564
Relative Position: LorenzVec{x=0.028422306850862, y=-0.22499999999999432, z=13.629444526942564}
 }
11:44:57 `8bliava288`186 missed {
 is already Found: false).
 Position: LorenzVec{x=10.0, y=121.0, z=245.0}
 DistanceC: 21.129444526942564
Relative Position: LorenzVec{x=7.528422306850862, y=0.0, z=21.129444526942564}
 }
11:45:24 `8bliava288`186 missed {
 is already Found: false).
 Position: LorenzVec{x=10.0, y=121.0, z=245.0}
 DistanceC: 12.067070048039454
Relative Position: LorenzVec{x=0.17456124866614076, y=0.0, z=12.067070048039454}
 }
11:46:58 `10x509rn44`115 missed {
 is already Found: false).
 Position: LorenzVec{x=-15.25, y=136.43125, z=217.25}
 DistanceC: 15.75
Relative Position: LorenzVec{x=-15.75, y=12.509650001525884, z=5.875709085492161}
 }
11:48:09 `g7xfdf08kw`115 missed {
 is already Found: false).
 Position: LorenzVec{x=-15.25, y=136.43125, z=217.25}
 DistanceC: 16.75
Relative Position: LorenzVec{x=-15.75, y=8.431250000000006, z=16.75}
 }
11:48:09 `ng23s121ry`117 missed {
 is already Found: false).
 Position: LorenzVec{x=15.5, y=128.0, z=206.5}
 DistanceC: 15.0
Relative Position: LorenzVec{x=15.0, y=0.0, z=6.0}
 }
11:48:09 `7vnifrj674`175 missed {
 is already Found: false).
 Position: LorenzVec{x=23.5, y=128.0, z=207.5}
 DistanceC: 23.0
Relative Position: LorenzVec{x=23.0, y=0.0, z=7.0}
 }
11:48:23 `j237j067e6`187 missed {
 is already Found: false).
 Position: LorenzVec{x=-16.5, y=121.0, z=232.5}
 DistanceC: 22.91305146682463
Relative Position: LorenzVec{x=-22.91305146682463, y=0.0, z=-1.573183344864276}
 }
11:55:47 `vgc21scksz`115 missed {
 is already Found: false).
 Position: LorenzVec{x=-15.25, y=136.43125, z=217.25}
 DistanceC: 15.510803809065902
Relative Position: LorenzVec{x=-15.510803809065902, y=13.931250000000006, z=4.449772424605982}
 }
11:55:47 `69qk6w8c85`117 missed {
 is already Found: false).
 Position: LorenzVec{x=15.5, y=128.0, z=206.5}
 DistanceC: 15.239196190934098
Relative Position: LorenzVec{x=15.239196190934098, y=5.5, z=-6.300227575394018}
 }
11:55:47 `q3p4i97mbk`175 missed {
 is already Found: false).
 Position: LorenzVec{x=23.5, y=128.0, z=207.5}
 DistanceC: 23.2391961909341
Relative Position: LorenzVec{x=23.2391961909341, y=5.5, z=-5.300227575394018}
 }
11:55:47 `af1n1j249w`187 missed {
 is already Found: false).
 Position: LorenzVec{x=-16.5, y=121.0, z=232.5}
 DistanceC: 19.69977242460598
Relative Position: LorenzVec{x=-16.7608038090659, y=-1.5, z=19.69977242460598}
 }
11:57:20 `djf47sf8n8`115 missed {
 is already Found: false).
 Position: LorenzVec{x=-15.25, y=136.43125, z=217.25}
 DistanceC: 18.379763469910596
Relative Position: LorenzVec{x=-18.379763469910596, y=15.431250000000006, z=-11.858936536272182}
 }
11:57:20 `s36jh99c95`117 missed {
 is already Found: false).
 Position: LorenzVec{x=15.5, y=128.0, z=206.5}
 DistanceC: 22.608936536272182
Relative Position: LorenzVec{x=12.370236530089404, y=7.0, z=-22.608936536272182}
 }
11:57:20 `031l692141`175 missed {
 is already Found: false).
 Position: LorenzVec{x=23.5, y=128.0, z=207.5}
 DistanceC: 21.608936536272182
Relative Position: LorenzVec{x=20.370236530089404, y=7.0, z=-21.608936536272182}
 }
11:57:20 `v4vcgus268`187 missed {
 is already Found: false).
 Position: LorenzVec{x=-16.5, y=121.0, z=232.5}
 DistanceC: 19.629763469910596
Relative Position: LorenzVec{x=-19.629763469910596, y=0.0, z=3.391063463727818}
 }
11:57:22 `3j0tvl34b3`133 missed {
 is already Found: false).
 Position: LorenzVec{x=2.5, y=120.775, z=237.5}
 DistanceC: 8.391063463727818
Relative Position: LorenzVec{x=-0.6297634699105967, y=-0.22499999999999432, z=8.391063463727818}
 }
11:57:22 `8bliava288`186 missed {
 is already Found: false).
 Position: LorenzVec{x=10.0, y=121.0, z=245.0}
 DistanceC: 15.891063463727818
Relative Position: LorenzVec{x=6.870236530089404, y=0.0, z=15.891063463727818}
 }
12:05:28 `2918x27856`115 missed {
 is already Found: false).
 Position: LorenzVec{x=-15.25, y=136.43125, z=217.25}
 DistanceC: 15.75
Relative Position: LorenzVec{x=-15.75, y=11.431250000000006, z=9.021863434194614}
 }
12:05:28 `905wx24n5a`117 missed {
 is already Found: false).
 Position: LorenzVec{x=15.5, y=128.0, z=206.5}
 DistanceC: 15.0
Relative Position: LorenzVec{x=15.0, y=3.0, z=-1.7281365658053858}
 }
12:05:28 `5sb9r92k8l`175 missed {
 is already Found: false).
 Position: LorenzVec{x=23.5, y=128.0, z=207.5}
 DistanceC: 23.0
Relative Position: LorenzVec{x=23.0, y=3.0, z=-0.7281365658053858}
 }
12:05:36 `5r5n6n657c`187 missed {
 is already Found: false).
 Position: LorenzVec{x=-16.5, y=121.0, z=232.5}
 DistanceC: 22.59036095176606
Relative Position: LorenzVec{x=-22.59036095176606, y=0.0, z=-2.4150183217088}
 }
12:05:36 `8crb3882ra`133 missed {
 is already Found: false).
 Position: LorenzVec{x=2.5, y=120.775, z=237.5}
 DistanceC: 3.5903609517660584
Relative Position: LorenzVec{x=-3.5903609517660584, y=-0.22499999999999432, z=2.5849816782912}
 }
12:05:37 `hy13f52217`186 missed {
 is already Found: false).
 Position: LorenzVec{x=10.0, y=121.0, z=245.0}
 DistanceC: 10.0849816782912
Relative Position: LorenzVec{x=3.9096390482339416, y=0.0, z=10.0849816782912}
 }
12:10:22 `4mj8l2xk57`133 missed {
 is already Found: false).
 Position: LorenzVec{x=2.5, y=120.775, z=237.5}
 DistanceC: 22.90890582547729
Relative Position: LorenzVec{x=-16.460726061785643, y=1.5250000000000057, z=-22.90890582547729}
 }
12:11:14 `0b721vw023`115 missed {
 is already Found: false).
 Position: LorenzVec{x=-15.25, y=136.43125, z=217.25}
 DistanceC: 18.20978429848583
Relative Position: LorenzVec{x=-17.621504688310402, y=15.431250000000006, z=-18.20978429848583}
 }
12:11:14 `qf45ts753o`133 missed {
 is already Found: false).
 Position: LorenzVec{x=2.5, y=120.775, z=237.5}
 DistanceC: 2.040215701514171
Relative Position: LorenzVec{x=0.12849531168959594, y=-0.22499999999999432, z=2.040215701514171}
 }
12:11:14 `73562r9y7d`187 missed {
 is already Found: false).
 Position: LorenzVec{x=-16.5, y=121.0, z=232.5}
 DistanceC: 18.871504688310402
Relative Position: LorenzVec{x=-18.871504688310402, y=0.0, z=-2.959784298485829}
 }
12:11:14 `bfc576z1fj`186 missed {
 is already Found: false).
 Position: LorenzVec{x=10.0, y=121.0, z=245.0}
 DistanceC: 9.540215701514171
Relative Position: LorenzVec{x=7.628495311689596, y=0.0, z=9.540215701514171}
 }
12:17:13 `235ofslg2k`115 missed {
 is already Found: false).
 Position: LorenzVec{x=-15.25, y=136.43125, z=217.25}
 DistanceC: 15.75
Relative Position: LorenzVec{x=-15.75, y=10.395409374955449, z=9.866049507246657}
 }
12:17:13 `vx1dff64go`117 missed {
 is already Found: false).
 Position: LorenzVec{x=15.5, y=128.0, z=206.5}
 DistanceC: 15.0
Relative Position: LorenzVec{x=15.0, y=1.9641593749554431, z=-0.8839504927533426}
 }
12:17:13 `sf8eq2byz2`175 missed {
 is already Found: false).
 Position: LorenzVec{x=23.5, y=128.0, z=207.5}
 DistanceC: 23.0
Relative Position: LorenzVec{x=23.0, y=1.9641593749554431, z=0.11604950724665741}
 }
12:17:18 `410syy2agv`187 missed {
 is already Found: false).
 Position: LorenzVec{x=-16.5, y=121.0, z=232.5}
 DistanceC: 20.71074769073713
Relative Position: LorenzVec{x=-20.71074769073713, y=0.0, z=-2.0251109382334676}
 }
12:17:18 `50y5ps825a`133 missed {
 is already Found: false).
 Position: LorenzVec{x=2.5, y=120.775, z=237.5}
 DistanceC: 2.9748890617665324
Relative Position: LorenzVec{x=-1.7107476907371293, y=-0.22499999999999432, z=2.9748890617665324}
 }
12:17:19 `y9q64ls224`186 missed {
 is already Found: false).
 Position: LorenzVec{x=10.0, y=121.0, z=245.0}
 DistanceC: 10.474889061766532
Relative Position: LorenzVec{x=5.789252309262871, y=0.0, z=10.474889061766532}
 }
12:20:05 `5b9g16s1pz`133 missed {
 is already Found: false).
 Position: LorenzVec{x=2.5, y=120.775, z=237.5}
 DistanceC: 0.6779935610321957
Relative Position: LorenzVec{x=-0.293653591875906, y=-0.4749999999999943, z=0.6779935610321957}
 }
12:20:05 `7335c9mu0d`187 missed {
 is already Found: false).
 Position: LorenzVec{x=-16.5, y=121.0, z=232.5}
 DistanceC: 19.293653591875906
Relative Position: LorenzVec{x=-19.293653591875906, y=-0.25, z=-4.322006438967804}
 }
12:20:05 `7xkuy1x652`186 missed {
 is already Found: false).
 Position: LorenzVec{x=10.0, y=121.0, z=245.0}
 DistanceC: 8.177993561032196
Relative Position: LorenzVec{x=7.206346408124094, y=-0.25, z=8.177993561032196}
 }
12:26:34 `7335c9mu0d`187 missed {
 is already Found: false).
 Position: LorenzVec{x=-16.5, y=121.0, z=232.5}
 DistanceC: 11.544225722897693
Relative Position: LorenzVec{x=-5.161794818193005, y=-0.5, z=-11.544225722897693}
 }
12:26:35 `5b9g16s1pz`133 missed {
 is already Found: false).
 Position: LorenzVec{x=2.5, y=120.775, z=237.5}
 DistanceC: 21.223564966626782
Relative Position: LorenzVec{x=19.0737131781647, y=-2.2249999999999943, z=-21.223564966626782}
 }
12:34:12 `y5v6w5mji7`133 missed {
 is already Found: false).
 Position: LorenzVec{x=2.5, y=120.775, z=237.5}
 DistanceC: 19.50412493558531
Relative Position: LorenzVec{x=-12.873311769174293, y=0.478400001525884, z=-19.50412493558531}
 }
12:35:40 `k64896f9ox`133 missed {
 is already Found: false).
 Position: LorenzVec{x=2.5, y=120.775, z=237.5}
 DistanceC: 14.779151590755504
Relative Position: LorenzVec{x=-7.299534666795527, y=-0.22499999999999432, z=-14.779151590755504}
 }
12:35:41 `n41irxn416`186 missed {
 is already Found: false).
 Position: LorenzVec{x=10.0, y=121.0, z=245.0}
 DistanceC: 7.280707503068555
Relative Position: LorenzVec{x=-0.1376310470292914, y=0.0, z=-7.280707503068555}
 }
12:37:03 `55h51vv0w1`133 missed {
 is already Found: false).
 Position: LorenzVec{x=2.5, y=120.775, z=237.5}
 DistanceC: 10.825128556101154
Relative Position: LorenzVec{x=10.825128556101154, y=-0.22499999999999432, z=5.510150928213989}
 }
12:37:03 `dyra75y430`186 missed {
 is already Found: false).
 Position: LorenzVec{x=10.0, y=121.0, z=245.0}
 DistanceC: 18.325128556101156
Relative Position: LorenzVec{x=18.325128556101156, y=0.0, z=13.010150928213989}
 }
12:37:04 `vp52787io9`115 missed {
 is already Found: false).
 Position: LorenzVec{x=-15.25, y=136.43125, z=217.25}
 DistanceC: 22.960034115167133
Relative Position: LorenzVec{x=-3.035101137011674, y=15.431250000000006, z=-22.960034115167133}
 }
12:37:04 `80g3ntt176`187 missed {
 is already Found: false).
 Position: LorenzVec{x=-16.5, y=121.0, z=232.5}
 DistanceC: 10.12004590765821
Relative Position: LorenzVec{x=-3.5127210471405075, y=-0.125, z=-10.12004590765821}
 }
12:41:41 `tolmhz3038`115 missed {
 is already Found: false).
 Position: LorenzVec{x=-15.25, y=136.43125, z=217.25}
 DistanceC: 19.338642760903497
Relative Position: LorenzVec{x=-19.338642760903497, y=15.431250000000006, z=-16.32680612023023}
 }
12:41:41 `476chzoc86`187 missed {
 is already Found: false).
 Position: LorenzVec{x=-16.5, y=121.0, z=232.5}
 DistanceC: 20.588642760903497
Relative Position: LorenzVec{x=-20.588642760903497, y=0.0, z=-1.0768061202302306}
 }
12:41:41 `29x400zvhd`133 missed {
 is already Found: false).
 Position: LorenzVec{x=2.5, y=120.775, z=237.5}
 DistanceC: 3.9231938797697694
Relative Position: LorenzVec{x=-1.5886427609034968, y=-0.22499999999999432, z=3.9231938797697694}
 }
12:41:41 `3e09ecc1k4`186 missed {
 is already Found: false).
 Position: LorenzVec{x=10.0, y=121.0, z=245.0}
 DistanceC: 11.42319387976977
Relative Position: LorenzVec{x=5.911357239096503, y=0.0, z=11.42319387976977}
 }
12:48:26 `ip3bev4p88`115 missed {
 is already Found: false).
 Position: LorenzVec{x=-15.25, y=136.43125, z=217.25}
 DistanceC: 18.16671177440824
Relative Position: LorenzVec{x=-18.16671177440824, y=15.431250000000006, z=-17.447531687680026}
 }
12:48:26 `k3s935txno`133 missed {
 is already Found: false).
 Position: LorenzVec{x=2.5, y=120.775, z=237.5}
 DistanceC: 2.8024683123199736
Relative Position: LorenzVec{x=-0.4167117744082369, y=-0.22499999999999432, z=2.8024683123199736}
 }
12:48:26 `ux336uwji9`187 missed {
 is already Found: false).
 Position: LorenzVec{x=-16.5, y=121.0, z=232.5}
 DistanceC: 19.41671177440824
Relative Position: LorenzVec{x=-19.41671177440824, y=0.0, z=-2.1975316876800264}
 }
12:48:27 `94ho3ka6rs`186 missed {
 is already Found: false).
 Position: LorenzVec{x=10.0, y=121.0, z=245.0}
 DistanceC: 10.792219139176154
Relative Position: LorenzVec{x=7.488049062255114, y=0.0, z=10.792219139176154}
 }
12:51:28 `9w58ddf3vo`115 missed {
 is already Found: false).
 Position: LorenzVec{x=-15.25, y=136.43125, z=217.25}
 DistanceC: 22.342669096776866
Relative Position: LorenzVec{x=-22.342669096776866, y=15.431250000000006, z=-20.01175587286636}
 }
12:53:07 `ip3bev4p88`115 missed {
 is already Found: false).
 Position: LorenzVec{x=-15.25, y=136.43125, z=217.25}
 DistanceC: 19.651027132710567
Relative Position: LorenzVec{x=-17.7279797419596, y=15.181250000000006, z=-19.651027132710567}
 }
12:53:07 `k3s935txno`133 missed {
 is already Found: false).
 Position: LorenzVec{x=2.5, y=120.775, z=237.5}
 DistanceC: 0.598972867289433
Relative Position: LorenzVec{x=0.02202025804039831, y=-0.4749999999999943, z=0.598972867289433}
 }
12:53:07 `94ho3ka6rs`186 missed {
 is already Found: false).
 Position: LorenzVec{x=10.0, y=121.0, z=245.0}
 DistanceC: 8.098972867289433
Relative Position: LorenzVec{x=7.522020258040398, y=-0.25, z=8.098972867289433}
 }
12:53:07 `ux336uwji9`187 missed {
 is already Found: false).
 Position: LorenzVec{x=-16.5, y=121.0, z=232.5}
 DistanceC: 18.9779797419596
Relative Position: LorenzVec{x=-18.9779797419596, y=-0.25, z=-4.401027132710567}
 }
12:55:29 `ip3bev4p88`115 missed {
 is already Found: false).
 Position: LorenzVec{x=-15.25, y=136.43125, z=217.25}
 DistanceC: 18.300979819695186
Relative Position: LorenzVec{x=-16.52182542113807, y=15.306250000000006, z=-18.300979819695186}
 }
12:55:30 `ux336uwji9`187 missed {
 is already Found: false).
 Position: LorenzVec{x=-16.5, y=121.0, z=232.5}
 DistanceC: 17.77182542113807
Relative Position: LorenzVec{x=-17.77182542113807, y=-0.125, z=-3.0509798196951863}
 }
12:55:30 `k3s935txno`133 missed {
 is already Found: false).
 Position: LorenzVec{x=2.5, y=120.775, z=237.5}
 DistanceC: 1.9490201803048137
Relative Position: LorenzVec{x=1.2281745788619274, y=-0.3499999999999943, z=1.9490201803048137}
 }
12:55:30 `94ho3ka6rs`186 missed {
 is already Found: false).
 Position: LorenzVec{x=10.0, y=121.0, z=245.0}
 DistanceC: 9.449020180304814
Relative Position: LorenzVec{x=8.728174578861928, y=-0.125, z=9.449020180304814}
 }
12:59:55 `hzvqb3y5mi`115 missed {
 is already Found: false).
 Position: LorenzVec{x=-15.25, y=136.43125, z=217.25}
 DistanceC: 19.026571982484114
Relative Position: LorenzVec{x=-18.873631104256727, y=15.306250000000006, z=-19.026571982484114}
 }
12:59:55 `d52099c5uo`133 missed {
 is already Found: false).
 Position: LorenzVec{x=2.5, y=120.775, z=237.5}
 DistanceC: 1.2234280175158858
Relative Position: LorenzVec{x=-1.1236311042567264, y=-0.3499999999999943, z=1.2234280175158858}
 }
12:59:55 `v9p37c201o`186 missed {
 is already Found: false).
 Position: LorenzVec{x=10.0, y=121.0, z=245.0}
 DistanceC: 8.723428017515886
Relative Position: LorenzVec{x=6.376368895743274, y=-0.125, z=8.723428017515886}
 }
13:03:59 `gv7ju2d7b0`133 missed {
 is already Found: false).
 Position: LorenzVec{x=2.5, y=120.775, z=237.5}
 DistanceC: 13.078413169120521
Relative Position: LorenzVec{x=13.078413169120521, y=-0.22499999999999432, z=-4.1934646789351575}
 }
13:03:59 `0oeh5a1mv5`186 missed {
 is already Found: false).
 Position: LorenzVec{x=10.0, y=121.0, z=245.0}
 DistanceC: 20.578413169120523
Relative Position: LorenzVec{x=20.578413169120523, y=0.0, z=3.3065353210648425}
 }
13:03:59 `81pfi1r0ll`187 missed {
 is already Found: false).
 Position: LorenzVec{x=-16.5, y=121.0, z=232.5}
 DistanceC: 9.193464678935158
Relative Position: LorenzVec{x=-5.921586830879479, y=0.0, z=-9.193464678935158}
 }
13:04:00 `058jir3m7a`115 missed {
 is already Found: false).
 Position: LorenzVec{x=-15.25, y=136.43125, z=217.25}
 DistanceC: 11.61950775280161
Relative Position: LorenzVec{x=7.6917175738431, y=15.431250000000006, z=-11.61950775280161}
 }
13:08:25 `50i1y48a15`115 missed {
 is already Found: false).
 Position: LorenzVec{x=-15.25, y=136.43125, z=217.25}
 DistanceC: 18.924158797355506
Relative Position: LorenzVec{x=-18.924158797355506, y=15.431250000000006, z=-17.27638511562327}
 }
13:08:26 `0pcj8lpp98`187 missed {
 is already Found: false).
 Position: LorenzVec{x=-16.5, y=121.0, z=232.5}
 DistanceC: 19.316942189391398
Relative Position: LorenzVec{x=-19.316942189391398, y=-0.125, z=-4.119265977190821}
 }
13:08:26 `k64896f9ox`133 missed {
 is already Found: false).
 Position: LorenzVec{x=2.5, y=120.775, z=237.5}
 DistanceC: 0.8807340228091789
Relative Position: LorenzVec{x=-0.3169421893913986, y=-0.3499999999999943, z=0.8807340228091789}
 }
13:08:28 `n41irxn416`186 missed {
 is already Found: false).
 Position: LorenzVec{x=10.0, y=121.0, z=245.0}
 DistanceC: 8.380734022809179
Relative Position: LorenzVec{x=7.183057810608601, y=-0.125, z=8.380734022809179}
 }
13:12:13 `x2g6f254le`115 missed {
 is already Found: false).
 Position: LorenzVec{x=-15.25, y=136.43125, z=217.25}
 DistanceC: 14.75
Relative Position: LorenzVec{x=-14.75, y=15.431250000000006, z=-13.25}
 }
13:12:13 `2x8q7uyr34`117 missed {
 is already Found: false).
 Position: LorenzVec{x=15.5, y=128.0, z=206.5}
 DistanceC: 24.0
Relative Position: LorenzVec{x=16.0, y=7.0, z=-24.0}
 }
13:12:13 `4mj8l2xk57`133 missed {
 is already Found: false).
 Position: LorenzVec{x=2.5, y=120.775, z=237.5}
 DistanceC: 7.0
Relative Position: LorenzVec{x=3.0, y=-0.22499999999999432, z=7.0}
 }
13:12:13 `6ea5f0xl2f`175 missed {
 is already Found: false).
 Position: LorenzVec{x=23.5, y=128.0, z=207.5}
 DistanceC: 24.0
Relative Position: LorenzVec{x=24.0, y=7.0, z=-23.0}
 }
13:12:13 `iq7xv74f07`186 missed {
 is already Found: false).
 Position: LorenzVec{x=10.0, y=121.0, z=245.0}
 DistanceC: 14.5
Relative Position: LorenzVec{x=10.5, y=0.0, z=14.5}
 }
13:12:13 `16g0mdq9le`187 missed {
 is already Found: false).
 Position: LorenzVec{x=-16.5, y=121.0, z=232.5}
 DistanceC: 16.0
Relative Position: LorenzVec{x=-16.0, y=0.0, z=2.0}
 }
13:14:30 `up28qrf48k`115 missed {
 is already Found: false).
 Position: LorenzVec{x=-15.25, y=136.43125, z=217.25}
 DistanceC: 15.75
Relative Position: LorenzVec{x=-15.75, y=8.931250000000006, z=14.508061884199009}
 }
13:14:30 `85o3qj7u51`117 missed {
 is already Found: false).
 Position: LorenzVec{x=15.5, y=128.0, z=206.5}
 DistanceC: 15.0
Relative Position: LorenzVec{x=15.0, y=0.5, z=3.7580618841990088}
 }
13:14:30 `2752vitac2`175 missed {
 is already Found: false).
 Position: LorenzVec{x=23.5, y=128.0, z=207.5}
 DistanceC: 23.0
Relative Position: LorenzVec{x=23.0, y=0.5, z=4.758061884199009}
 }
13:14:57 `n86g8pcq56`133 missed {
 is already Found: false).
 Position: LorenzVec{x=2.5, y=120.775, z=237.5}
 DistanceC: 23.82612371286774
Relative Position: LorenzVec{x=-17.80168760773286, y=1.603400001525884, z=-23.82612371286774}
 }
13:14:57 `9h2c968702`186 missed {
 is already Found: false).
 Position: LorenzVec{x=10.0, y=121.0, z=245.0}
 DistanceC: 20.25932467954277
Relative Position: LorenzVec{x=-16.236610171214966, y=3.375, z=-20.25932467954277}
 }
13:22:31 `y7mh241j6m`115 missed {
 is already Found: false).
 Position: LorenzVec{x=-15.25, y=136.43125, z=217.25}
 DistanceC: 14.256208291380517
Relative Position: LorenzVec{x=-13.668177872260946, y=15.431250000000006, z=-14.256208291380517}
 }
13:22:31 `u7jq70k3yy`187 missed {
 is already Found: false).
 Position: LorenzVec{x=-16.5, y=121.0, z=232.5}
 DistanceC: 9.69485054691783
Relative Position: LorenzVec{x=-9.69485054691783, y=0.0, z=1.181839495897293}
 }
13:22:32 `xp30p10oe0`133 missed {
 is already Found: false).
 Position: LorenzVec{x=2.5, y=120.775, z=237.5}
 DistanceC: 11.023132535225889
Relative Position: LorenzVec{x=11.023132535225889, y=-0.22499999999999432, z=6.190919741988182}
 }
13:24:00 `51emnf62d3`115 missed {
 is already Found: false).
 Position: LorenzVec{x=-15.25, y=136.43125, z=217.25}
 DistanceC: 17.877515729406692
Relative Position: LorenzVec{x=-17.877515729406692, y=15.431250000000006, z=-16.619467433907403}
 }
13:24:00 `q4kb3x2600`186 missed {
 is already Found: false).
 Position: LorenzVec{x=10.0, y=121.0, z=245.0}
 DistanceC: 11.130532566092597
Relative Position: LorenzVec{x=7.372484270593306, y=0.0, z=11.130532566092597}
 }
13:24:00 `1n9i6meh36`187 missed {
 is already Found: false).
 Position: LorenzVec{x=-16.5, y=121.0, z=232.5}
 DistanceC: 19.127515729406692
Relative Position: LorenzVec{x=-19.127515729406692, y=0.0, z=-1.3694674339074027}
 }
13:24:00 `ea8siq4te2`133 missed {
 is already Found: false).
 Position: LorenzVec{x=2.5, y=120.775, z=237.5}
 DistanceC: 3.6305325660925973
Relative Position: LorenzVec{x=-0.12751572940669353, y=-0.22499999999999432, z=3.6305325660925973}
 }
